Starting Saturation...
Executing from OWL files with structural transformation
Initial axioms in the ontology: 56302
Full TGD saturation algorithm: hyperresolution Sat
Running HyperSat...
Nov 26, 2021 10:08:46 PM uk.ac.ox.cs.gsat.AbstractSaturation run
INFO: HyperSat discarded rules : 0/66813 = 0.000%
HyperSat discarded rules : 0/66813 = 0.000%
Nov 26, 2021 10:08:48 PM uk.ac.ox.cs.gsat.AbstractSaturation run
INFO: Subsumption method : tree_predicate
length of the formulas: 2.0073693
number of bags: 65
length of the formulas: 2.0073693
number of bags: 65
Nov 26, 2021 10:08:58 PM uk.ac.ox.cs.gsat.SaturationStatistics log
INFO: # initial TGDs: 48958 , 17534
Nov 26, 2021 10:08:58 PM uk.ac.ox.cs.gsat.SaturationStatistics log
INFO: HyperSat total time : 11942 ms = 11.94 s
Nov 26, 2021 10:08:58 PM uk.ac.ox.cs.gsat.SaturationStatistics log
INFO: Subsumed elements : 31711
Nov 26, 2021 10:08:58 PM uk.ac.ox.cs.gsat.SaturationStatistics log
INFO: Filter discarded elements : 120946
Nov 26, 2021 10:08:58 PM uk.ac.ox.cs.gsat.SaturationStatistics log
INFO: subsumption time: 1548 ms = 1.55 s
Nov 26, 2021 10:08:58 PM uk.ac.ox.cs.gsat.SaturationStatistics log
INFO: forward subsumption time: 1276 ms = 1.28 s
Nov 26, 2021 10:08:58 PM uk.ac.ox.cs.gsat.SaturationStatistics log
INFO: backward subsumption time: 272 ms = 0.27 s
Nov 26, 2021 10:08:58 PM uk.ac.ox.cs.gsat.SaturationStatistics log
INFO: Derived full/non full TGDs: 255 , 129099
Nov 26, 2021 10:08:58 PM uk.ac.ox.cs.gsat.SaturationStatistics log
INFO: discarded tautology count: 100
Nov 26, 2021 10:08:58 PM uk.ac.ox.cs.gsat.HyperResolutionStatistics log
INFO: hyperresolution time: 6658 ms = 6.66 s
Nov 26, 2021 10:08:58 PM uk.ac.ox.cs.gsat.HyperResolutionStatistics log
INFO: hyperresolution count: 304312
Nov 26, 2021 10:08:58 PM uk.ac.ox.cs.gsat.HyperResolutionStatistics log
INFO: hyperresolution failure count: 174849
Nov 26, 2021 10:08:58 PM uk.ac.ox.cs.gsat.AbstractSaturation run
INFO: ouptput full TGDs not contained in the input: 143
Nov 26, 2021 10:08:58 PM uk.ac.ox.cs.gsat.App executeAllSteps
INFO: Rewriting completed!
Full TGD saturation: (49101 dependecies)
Nov 26, 2021 10:08:58 PM uk.ac.ox.cs.gsat.App executeAllSteps
INFO: Writing the saturation in the Datalog file 00387.rul
