Starting Saturation...
Executing from OWL files with structural transformation
Initial axioms in the ontology: 37576
Full TGD saturation algorithm: hyperresolution Sat
Running HyperSat...
Nov 26, 2021 10:21:04 PM uk.ac.ox.cs.gsat.AbstractSaturation run
INFO: HyperSat discarded rules : 0/44834 = 0.000%
HyperSat discarded rules : 0/44834 = 0.000%
Nov 26, 2021 10:21:05 PM uk.ac.ox.cs.gsat.AbstractSaturation run
INFO: Subsumption method : tree_predicate
length of the formulas: 2.015872
number of bags: 52
length of the formulas: 2.015872
number of bags: 52
Nov 26, 2021 10:21:12 PM uk.ac.ox.cs.gsat.SaturationStatistics log
INFO: # initial TGDs: 33155 , 11578
Nov 26, 2021 10:21:12 PM uk.ac.ox.cs.gsat.SaturationStatistics log
INFO: HyperSat total time : 8352 ms = 8.35 s
Nov 26, 2021 10:21:12 PM uk.ac.ox.cs.gsat.SaturationStatistics log
INFO: Subsumed elements : 16964
Nov 26, 2021 10:21:12 PM uk.ac.ox.cs.gsat.SaturationStatistics log
INFO: Filter discarded elements : 81868
Nov 26, 2021 10:21:12 PM uk.ac.ox.cs.gsat.SaturationStatistics log
INFO: subsumption time: 794 ms = 0.79 s
Nov 26, 2021 10:21:12 PM uk.ac.ox.cs.gsat.SaturationStatistics log
INFO: forward subsumption time: 546 ms = 0.55 s
Nov 26, 2021 10:21:12 PM uk.ac.ox.cs.gsat.SaturationStatistics log
INFO: backward subsumption time: 248 ms = 0.25 s
Nov 26, 2021 10:21:12 PM uk.ac.ox.cs.gsat.SaturationStatistics log
INFO: Derived full/non full TGDs: 699 , 72529
Nov 26, 2021 10:21:12 PM uk.ac.ox.cs.gsat.SaturationStatistics log
INFO: discarded tautology count: 312
Nov 26, 2021 10:21:12 PM uk.ac.ox.cs.gsat.HyperResolutionStatistics log
INFO: hyperresolution time: 4842 ms = 4.84 s
Nov 26, 2021 10:21:12 PM uk.ac.ox.cs.gsat.HyperResolutionStatistics log
INFO: hyperresolution count: 242876
Nov 26, 2021 10:21:12 PM uk.ac.ox.cs.gsat.HyperResolutionStatistics log
INFO: hyperresolution failure count: 169454
Nov 26, 2021 10:21:12 PM uk.ac.ox.cs.gsat.AbstractSaturation run
INFO: ouptput full TGDs not contained in the input: 251
Nov 26, 2021 10:21:12 PM uk.ac.ox.cs.gsat.App executeAllSteps
INFO: Rewriting completed!
Full TGD saturation: (33406 dependecies)
Nov 26, 2021 10:21:12 PM uk.ac.ox.cs.gsat.App executeAllSteps
INFO: Writing the saturation in the Datalog file 00400.rul
