Starting Saturation...
Executing from OWL files with structural transformation
Initial axioms in the ontology: 5733
Full TGD saturation algorithm: hyperresolution Sat
Running HyperSat...
Nov 26, 2021 10:23:33 PM uk.ac.ox.cs.gsat.AbstractSaturation run
INFO: HyperSat discarded rules : 0/7610 = 0.000%
HyperSat discarded rules : 0/7610 = 0.000%
Nov 26, 2021 10:23:33 PM uk.ac.ox.cs.gsat.AbstractSaturation run
INFO: Subsumption method : tree_predicate
length of the formulas: 2.1376507
number of bags: 17
length of the formulas: 2.1376507
number of bags: 17
Nov 26, 2021 10:23:41 PM uk.ac.ox.cs.gsat.SaturationStatistics log
INFO: # initial TGDs: 5642 , 1492
Nov 26, 2021 10:23:41 PM uk.ac.ox.cs.gsat.SaturationStatistics log
INFO: HyperSat total time : 8548 ms = 8.55 s
Nov 26, 2021 10:23:41 PM uk.ac.ox.cs.gsat.SaturationStatistics log
INFO: Subsumed elements : 9525
Nov 26, 2021 10:23:41 PM uk.ac.ox.cs.gsat.SaturationStatistics log
INFO: Filter discarded elements : 110998
Nov 26, 2021 10:23:41 PM uk.ac.ox.cs.gsat.SaturationStatistics log
INFO: subsumption time: 223 ms = 0.22 s
Nov 26, 2021 10:23:41 PM uk.ac.ox.cs.gsat.SaturationStatistics log
INFO: forward subsumption time: 155 ms = 0.15 s
Nov 26, 2021 10:23:41 PM uk.ac.ox.cs.gsat.SaturationStatistics log
INFO: backward subsumption time: 69 ms = 0.07 s
Nov 26, 2021 10:23:41 PM uk.ac.ox.cs.gsat.SaturationStatistics log
INFO: Derived full/non full TGDs: 1065 , 21256
Nov 26, 2021 10:23:41 PM uk.ac.ox.cs.gsat.SaturationStatistics log
INFO: discarded tautology count: 218
Nov 26, 2021 10:23:41 PM uk.ac.ox.cs.gsat.HyperResolutionStatistics log
INFO: hyperresolution time: 7493 ms = 7.49 s
Nov 26, 2021 10:23:41 PM uk.ac.ox.cs.gsat.HyperResolutionStatistics log
INFO: hyperresolution count: 240187
Nov 26, 2021 10:23:41 PM uk.ac.ox.cs.gsat.HyperResolutionStatistics log
INFO: hyperresolution failure count: 218555
Nov 26, 2021 10:23:41 PM uk.ac.ox.cs.gsat.AbstractSaturation run
INFO: ouptput full TGDs not contained in the input: 723
Nov 26, 2021 10:23:41 PM uk.ac.ox.cs.gsat.App executeAllSteps
INFO: Rewriting completed!
Full TGD saturation: (6365 dependecies)
Nov 26, 2021 10:23:41 PM uk.ac.ox.cs.gsat.App executeAllSteps
INFO: Writing the saturation in the Datalog file 00419.rul
