Starting Saturation...
Executing from OWL files with structural transformation
Initial axioms in the ontology: 25552
Full TGD saturation algorithm: hyperresolution Sat
Running HyperSat...
Nov 26, 2021 10:25:58 PM uk.ac.ox.cs.gsat.AbstractSaturation run
INFO: HyperSat discarded rules : 0/28433 = 0.000%
HyperSat discarded rules : 0/28433 = 0.000%
Nov 26, 2021 10:25:59 PM uk.ac.ox.cs.gsat.AbstractSaturation run
INFO: Subsumption method : tree_predicate
length of the formulas: 2.0712607
number of bags: 37
length of the formulas: 2.0712607
number of bags: 37
Nov 26, 2021 10:26:02 PM uk.ac.ox.cs.gsat.SaturationStatistics log
INFO: # initial TGDs: 26025 , 1634
Nov 26, 2021 10:26:02 PM uk.ac.ox.cs.gsat.SaturationStatistics log
INFO: HyperSat total time : 4530 ms = 4.53 s
Nov 26, 2021 10:26:02 PM uk.ac.ox.cs.gsat.SaturationStatistics log
INFO: Subsumed elements : 206
Nov 26, 2021 10:26:02 PM uk.ac.ox.cs.gsat.SaturationStatistics log
INFO: Filter discarded elements : 88470
Nov 26, 2021 10:26:02 PM uk.ac.ox.cs.gsat.SaturationStatistics log
INFO: subsumption time: 259 ms = 0.26 s
Nov 26, 2021 10:26:02 PM uk.ac.ox.cs.gsat.SaturationStatistics log
INFO: forward subsumption time: 124 ms = 0.12 s
Nov 26, 2021 10:26:02 PM uk.ac.ox.cs.gsat.SaturationStatistics log
INFO: backward subsumption time: 135 ms = 0.14 s
Nov 26, 2021 10:26:02 PM uk.ac.ox.cs.gsat.SaturationStatistics log
INFO: Derived full/non full TGDs: 2146 , 6802
Nov 26, 2021 10:26:02 PM uk.ac.ox.cs.gsat.SaturationStatistics log
INFO: discarded tautology count: 244
Nov 26, 2021 10:26:02 PM uk.ac.ox.cs.gsat.HyperResolutionStatistics log
INFO: hyperresolution time: 2513 ms = 2.51 s
Nov 26, 2021 10:26:02 PM uk.ac.ox.cs.gsat.HyperResolutionStatistics log
INFO: hyperresolution count: 157326
Nov 26, 2021 10:26:02 PM uk.ac.ox.cs.gsat.HyperResolutionStatistics log
INFO: hyperresolution failure count: 146518
Nov 26, 2021 10:26:02 PM uk.ac.ox.cs.gsat.AbstractSaturation run
INFO: ouptput full TGDs not contained in the input: 1885
Nov 26, 2021 10:26:03 PM uk.ac.ox.cs.gsat.App executeAllSteps
INFO: Rewriting completed!
Full TGD saturation: (27910 dependecies)
Nov 26, 2021 10:26:03 PM uk.ac.ox.cs.gsat.App executeAllSteps
INFO: Writing the saturation in the Datalog file 00436.rul
