Starting Saturation...
Executing from OWL files with structural transformation
Initial axioms in the ontology: 18511
Full TGD saturation algorithm: hyperresolution Sat
Running HyperSat...
Nov 27, 2021 12:13:18 AM uk.ac.ox.cs.gsat.AbstractSaturation run
INFO: HyperSat discarded rules : 0/25545 = 0.000%
HyperSat discarded rules : 0/25545 = 0.000%
Nov 27, 2021 12:13:19 AM uk.ac.ox.cs.gsat.AbstractSaturation run
INFO: Subsumption method : tree_predicate
length of the formulas: 2.021457
number of bags: 39
length of the formulas: 2.021457
number of bags: 39
Nov 27, 2021 12:13:21 AM uk.ac.ox.cs.gsat.SaturationStatistics log
INFO: # initial TGDs: 15645 , 9708
Nov 27, 2021 12:13:21 AM uk.ac.ox.cs.gsat.SaturationStatistics log
INFO: HyperSat total time : 3281 ms = 3.28 s
Nov 27, 2021 12:13:21 AM uk.ac.ox.cs.gsat.SaturationStatistics log
INFO: Subsumed elements : 2089
Nov 27, 2021 12:13:21 AM uk.ac.ox.cs.gsat.SaturationStatistics log
INFO: Filter discarded elements : 35978
Nov 27, 2021 12:13:21 AM uk.ac.ox.cs.gsat.SaturationStatistics log
INFO: subsumption time: 474 ms = 0.47 s
Nov 27, 2021 12:13:21 AM uk.ac.ox.cs.gsat.SaturationStatistics log
INFO: forward subsumption time: 393 ms = 0.39 s
Nov 27, 2021 12:13:21 AM uk.ac.ox.cs.gsat.SaturationStatistics log
INFO: backward subsumption time: 81 ms = 0.08 s
Nov 27, 2021 12:13:21 AM uk.ac.ox.cs.gsat.SaturationStatistics log
INFO: Derived full/non full TGDs: 213 , 22911
Nov 27, 2021 12:13:21 AM uk.ac.ox.cs.gsat.SaturationStatistics log
INFO: discarded tautology count: 73
Nov 27, 2021 12:13:21 AM uk.ac.ox.cs.gsat.HyperResolutionStatistics log
INFO: hyperresolution time: 821 ms = 0.82 s
Nov 27, 2021 12:13:21 AM uk.ac.ox.cs.gsat.HyperResolutionStatistics log
INFO: hyperresolution count: 40598
Nov 27, 2021 12:13:21 AM uk.ac.ox.cs.gsat.HyperResolutionStatistics log
INFO: hyperresolution failure count: 17341
Nov 27, 2021 12:13:21 AM uk.ac.ox.cs.gsat.AbstractSaturation run
INFO: ouptput full TGDs not contained in the input: 133
Nov 27, 2021 12:13:21 AM uk.ac.ox.cs.gsat.App executeAllSteps
INFO: Rewriting completed!
Full TGD saturation: (15778 dependecies)
Nov 27, 2021 12:13:21 AM uk.ac.ox.cs.gsat.App executeAllSteps
INFO: Writing the saturation in the Datalog file 00678.rul
