Starting Saturation...
Executing from DLGP files
SLF4J: Failed to load class "org.slf4j.impl.StaticLoggerBinder".
SLF4J: Defaulting to no-operation (NOP) logger implementation
SLF4J: See http://www.slf4j.org/codes.html#StaticLoggerBinder for further details.
# Rules: 4; # Atoms: 0; # AtomSets: 0; # Queries: 0; # Constraints: 0
Full TGD saturation algorithm: hyperresolution Sat
Running HyperSat...
Dec 05, 2021 5:35:34 AM uk.ac.ox.cs.gsat.AbstractSaturation run
INFO: HyperSat discarded rules : 0/4 = 0.000%
HyperSat discarded rules : 0/4 = 0.000%
Dec 05, 2021 5:35:34 AM uk.ac.ox.cs.gsat.AbstractSaturation run
INFO: Subsumption method : tree_predicate
length of the formulas: 4.75
number of bags: 1
length of the formulas: 4.75
number of bags: 1
Dec 05, 2021 5:35:34 AM uk.ac.ox.cs.gsat.SaturationStatistics log
INFO: # initial TGDs: 4 , 0
Dec 05, 2021 5:35:34 AM uk.ac.ox.cs.gsat.SaturationStatistics log
INFO: HyperSat total time : 38 ms = 0.04 s
Dec 05, 2021 5:35:34 AM uk.ac.ox.cs.gsat.SaturationStatistics log
INFO: Subsumed elements : 0
Dec 05, 2021 5:35:34 AM uk.ac.ox.cs.gsat.SaturationStatistics log
INFO: Filter discarded elements : 0
Dec 05, 2021 5:35:34 AM uk.ac.ox.cs.gsat.SaturationStatistics log
INFO: subsumption time: 0 ms = 0.00 s
Dec 05, 2021 5:35:34 AM uk.ac.ox.cs.gsat.SaturationStatistics log
INFO: forward subsumption time: 0 ms = 0.00 s
Dec 05, 2021 5:35:34 AM uk.ac.ox.cs.gsat.SaturationStatistics log
INFO: backward subsumption time: 0 ms = 0.00 s
Dec 05, 2021 5:35:34 AM uk.ac.ox.cs.gsat.SaturationStatistics log
INFO: Derived full/non full TGDs: 0 , 0
Dec 05, 2021 5:35:34 AM uk.ac.ox.cs.gsat.SaturationStatistics log
INFO: discarded tautology count: 0
Dec 05, 2021 5:35:34 AM uk.ac.ox.cs.gsat.HyperResolutionStatistics log
INFO: hyperresolution time: 0 ms = 0.00 s
Dec 05, 2021 5:35:34 AM uk.ac.ox.cs.gsat.HyperResolutionStatistics log
INFO: hyperresolution count: 0
Dec 05, 2021 5:35:34 AM uk.ac.ox.cs.gsat.HyperResolutionStatistics log
INFO: hyperresolution failure count: 0
Dec 05, 2021 5:35:34 AM uk.ac.ox.cs.gsat.AbstractSaturation run
INFO: ouptput full TGDs not contained in the input: 0
Dec 05, 2021 5:35:34 AM uk.ac.ox.cs.gsat.App executeAllSteps
INFO: Rewriting completed!
Full TGD saturation: (4 dependecies)
Dec 05, 2021 5:35:34 AM uk.ac.ox.cs.gsat.App executeAllSteps
INFO: Writing the saturation in the Datalog file 00147.rul
