Starting Saturation...
Executing from DLGP files
SLF4J: Failed to load class "org.slf4j.impl.StaticLoggerBinder".
SLF4J: Defaulting to no-operation (NOP) logger implementation
SLF4J: See http://www.slf4j.org/codes.html#StaticLoggerBinder for further details.
# Rules: 19; # Atoms: 0; # AtomSets: 0; # Queries: 0; # Constraints: 0
Full TGD saturation algorithm: hyperresolution Sat
Running HyperSat...
Dec 05, 2021 6:01:14 AM uk.ac.ox.cs.gsat.AbstractSaturation run
INFO: HyperSat discarded rules : 0/19 = 0.000%
HyperSat discarded rules : 0/19 = 0.000%
Dec 05, 2021 6:01:14 AM uk.ac.ox.cs.gsat.AbstractSaturation run
INFO: Subsumption method : tree_predicate
length of the formulas: 4.768116
number of bags: 1
length of the formulas: 4.768116
number of bags: 1
Dec 05, 2021 6:01:14 AM uk.ac.ox.cs.gsat.SaturationStatistics log
INFO: # initial TGDs: 31 , 38
Dec 05, 2021 6:01:14 AM uk.ac.ox.cs.gsat.SaturationStatistics log
INFO: HyperSat total time : 246 ms = 0.25 s
Dec 05, 2021 6:01:14 AM uk.ac.ox.cs.gsat.SaturationStatistics log
INFO: Subsumed elements : 19
Dec 05, 2021 6:01:14 AM uk.ac.ox.cs.gsat.SaturationStatistics log
INFO: Filter discarded elements : 2745
Dec 05, 2021 6:01:14 AM uk.ac.ox.cs.gsat.SaturationStatistics log
INFO: subsumption time: 5 ms = 0.01 s
Dec 05, 2021 6:01:14 AM uk.ac.ox.cs.gsat.SaturationStatistics log
INFO: forward subsumption time: 4 ms = 0.00 s
Dec 05, 2021 6:01:14 AM uk.ac.ox.cs.gsat.SaturationStatistics log
INFO: backward subsumption time: 1 ms = 0.00 s
Dec 05, 2021 6:01:14 AM uk.ac.ox.cs.gsat.SaturationStatistics log
INFO: Derived full/non full TGDs: 7 , 38
Dec 05, 2021 6:01:14 AM uk.ac.ox.cs.gsat.SaturationStatistics log
INFO: discarded tautology count: 3
Dec 05, 2021 6:01:14 AM uk.ac.ox.cs.gsat.HyperResolutionStatistics log
INFO: hyperresolution time: 167 ms = 0.17 s
Dec 05, 2021 6:01:14 AM uk.ac.ox.cs.gsat.HyperResolutionStatistics log
INFO: hyperresolution count: 1005
Dec 05, 2021 6:01:14 AM uk.ac.ox.cs.gsat.HyperResolutionStatistics log
INFO: hyperresolution failure count: 960
Dec 05, 2021 6:01:14 AM uk.ac.ox.cs.gsat.AbstractSaturation run
INFO: ouptput full TGDs not contained in the input: 4
Dec 05, 2021 6:01:14 AM uk.ac.ox.cs.gsat.App executeAllSteps
INFO: Rewriting completed!
Full TGD saturation: (35 dependecies)
Dec 05, 2021 6:01:14 AM uk.ac.ox.cs.gsat.App executeAllSteps
INFO: Writing the saturation in the Datalog file 00238.rul
