Starting Saturation...
Executing from DLGP files
SLF4J: Failed to load class "org.slf4j.impl.StaticLoggerBinder".
SLF4J: Defaulting to no-operation (NOP) logger implementation
SLF4J: See http://www.slf4j.org/codes.html#StaticLoggerBinder for further details.
# Rules: 366; # Atoms: 0; # AtomSets: 0; # Queries: 0; # Constraints: 0
Full TGD saturation algorithm: hyperresolution Sat
Running HyperSat...
Dec 05, 2021 6:05:09 AM uk.ac.ox.cs.gsat.AbstractSaturation run
INFO: HyperSat discarded rules : 0/366 = 0.000%
HyperSat discarded rules : 0/366 = 0.000%
Dec 05, 2021 6:05:09 AM uk.ac.ox.cs.gsat.AbstractSaturation run
INFO: Subsumption method : tree_predicate
length of the formulas: 6.678528
number of bags: 2
length of the formulas: 6.678528
number of bags: 2
Dec 05, 2021 6:06:17 AM uk.ac.ox.cs.gsat.SaturationStatistics log
INFO: # initial TGDs: 1513 , 117
Dec 05, 2021 6:06:17 AM uk.ac.ox.cs.gsat.SaturationStatistics log
INFO: HyperSat total time : 68710 ms = 68.71 s
Dec 05, 2021 6:06:17 AM uk.ac.ox.cs.gsat.SaturationStatistics log
INFO: Subsumed elements : 2770
Dec 05, 2021 6:06:17 AM uk.ac.ox.cs.gsat.SaturationStatistics log
INFO: Filter discarded elements : 513525
Dec 05, 2021 6:06:17 AM uk.ac.ox.cs.gsat.SaturationStatistics log
INFO: subsumption time: 119 ms = 0.12 s
Dec 05, 2021 6:06:17 AM uk.ac.ox.cs.gsat.SaturationStatistics log
INFO: forward subsumption time: 93 ms = 0.09 s
Dec 05, 2021 6:06:17 AM uk.ac.ox.cs.gsat.SaturationStatistics log
INFO: backward subsumption time: 25 ms = 0.03 s
Dec 05, 2021 6:06:17 AM uk.ac.ox.cs.gsat.SaturationStatistics log
INFO: Derived full/non full TGDs: 838 , 2730
Dec 05, 2021 6:06:17 AM uk.ac.ox.cs.gsat.SaturationStatistics log
INFO: discarded tautology count: 206
Dec 05, 2021 6:06:17 AM uk.ac.ox.cs.gsat.HyperResolutionStatistics log
INFO: hyperresolution time: 68199 ms = 68.20 s
Dec 05, 2021 6:06:17 AM uk.ac.ox.cs.gsat.HyperResolutionStatistics log
INFO: hyperresolution count: 11848914
Dec 05, 2021 6:06:17 AM uk.ac.ox.cs.gsat.HyperResolutionStatistics log
INFO: hyperresolution failure count: 11822230
Dec 05, 2021 6:06:17 AM uk.ac.ox.cs.gsat.AbstractSaturation run
INFO: ouptput full TGDs not contained in the input: 83
Dec 05, 2021 6:06:17 AM uk.ac.ox.cs.gsat.App executeAllSteps
INFO: Rewriting completed!
Full TGD saturation: (1596 dependecies)
Dec 05, 2021 6:06:17 AM uk.ac.ox.cs.gsat.App executeAllSteps
INFO: Writing the saturation in the Datalog file 00281.rul
