Starting Saturation...
Executing from DLGP files
SLF4J: Failed to load class "org.slf4j.impl.StaticLoggerBinder".
SLF4J: Defaulting to no-operation (NOP) logger implementation
SLF4J: See http://www.slf4j.org/codes.html#StaticLoggerBinder for further details.
# Rules: 6373; # Atoms: 0; # AtomSets: 0; # Queries: 0; # Constraints: 0
Full TGD saturation algorithm: hyperresolution Sat
Running HyperSat...
Dec 05, 2021 12:44:58 PM uk.ac.ox.cs.gsat.AbstractSaturation run
INFO: HyperSat discarded rules : 0/6373 = 0.000%
HyperSat discarded rules : 0/6373 = 0.000%
Dec 05, 2021 12:44:59 PM uk.ac.ox.cs.gsat.AbstractSaturation run
INFO: Subsumption method : tree_predicate
length of the formulas: 4.50611
number of bags: 5
length of the formulas: 4.50611
number of bags: 5
Dec 05, 2021 12:45:22 PM uk.ac.ox.cs.gsat.SaturationStatistics log
INFO: # initial TGDs: 13907 , 11133
Dec 05, 2021 12:45:22 PM uk.ac.ox.cs.gsat.SaturationStatistics log
INFO: HyperSat total time : 23962 ms = 23.96 s
Dec 05, 2021 12:45:22 PM uk.ac.ox.cs.gsat.SaturationStatistics log
INFO: Subsumed elements : 515
Dec 05, 2021 12:45:22 PM uk.ac.ox.cs.gsat.SaturationStatistics log
INFO: Filter discarded elements : 2677281
Dec 05, 2021 12:45:22 PM uk.ac.ox.cs.gsat.SaturationStatistics log
INFO: subsumption time: 955 ms = 0.96 s
Dec 05, 2021 12:45:22 PM uk.ac.ox.cs.gsat.SaturationStatistics log
INFO: forward subsumption time: 647 ms = 0.65 s
Dec 05, 2021 12:45:22 PM uk.ac.ox.cs.gsat.SaturationStatistics log
INFO: backward subsumption time: 308 ms = 0.31 s
Dec 05, 2021 12:45:22 PM uk.ac.ox.cs.gsat.SaturationStatistics log
INFO: Derived full/non full TGDs: 0 , 9738
Dec 05, 2021 12:45:22 PM uk.ac.ox.cs.gsat.SaturationStatistics log
INFO: discarded tautology count: 0
Dec 05, 2021 12:45:22 PM uk.ac.ox.cs.gsat.HyperResolutionStatistics log
INFO: hyperresolution time: 20745 ms = 20.74 s
Dec 05, 2021 12:45:22 PM uk.ac.ox.cs.gsat.HyperResolutionStatistics log
INFO: hyperresolution count: 498987
Dec 05, 2021 12:45:22 PM uk.ac.ox.cs.gsat.HyperResolutionStatistics log
INFO: hyperresolution failure count: 489249
Dec 05, 2021 12:45:22 PM uk.ac.ox.cs.gsat.AbstractSaturation run
INFO: ouptput full TGDs not contained in the input: 0
Dec 05, 2021 12:45:22 PM uk.ac.ox.cs.gsat.App executeAllSteps
INFO: Rewriting completed!
Full TGD saturation: (13907 dependecies)
Dec 05, 2021 12:45:22 PM uk.ac.ox.cs.gsat.App executeAllSteps
INFO: Writing the saturation in the Datalog file 00403.rul
