Starting Saturation...
Executing from DLGP files
SLF4J: Failed to load class "org.slf4j.impl.StaticLoggerBinder".
SLF4J: Defaulting to no-operation (NOP) logger implementation
SLF4J: See http://www.slf4j.org/codes.html#StaticLoggerBinder for further details.
# Rules: 4454; # Atoms: 0; # AtomSets: 0; # Queries: 0; # Constraints: 0
Full TGD saturation algorithm: hyperresolution Sat
Running HyperSat...
Dec 05, 2021 9:18:51 PM uk.ac.ox.cs.gsat.AbstractSaturation run
INFO: HyperSat discarded rules : 0/4454 = 0.000%
HyperSat discarded rules : 0/4454 = 0.000%
Dec 05, 2021 9:18:52 PM uk.ac.ox.cs.gsat.AbstractSaturation run
INFO: Subsumption method : tree_predicate
length of the formulas: 4.509095
number of bags: 4
length of the formulas: 4.509095
number of bags: 4
Dec 05, 2021 9:18:55 PM uk.ac.ox.cs.gsat.SaturationStatistics log
INFO: # initial TGDs: 15922 , 405
Dec 05, 2021 9:18:55 PM uk.ac.ox.cs.gsat.SaturationStatistics log
INFO: HyperSat total time : 3994 ms = 3.99 s
Dec 05, 2021 9:18:55 PM uk.ac.ox.cs.gsat.SaturationStatistics log
INFO: Subsumed elements : 0
Dec 05, 2021 9:18:55 PM uk.ac.ox.cs.gsat.SaturationStatistics log
INFO: Filter discarded elements : 128925
Dec 05, 2021 9:18:55 PM uk.ac.ox.cs.gsat.SaturationStatistics log
INFO: subsumption time: 82 ms = 0.08 s
Dec 05, 2021 9:18:55 PM uk.ac.ox.cs.gsat.SaturationStatistics log
INFO: forward subsumption time: 57 ms = 0.06 s
Dec 05, 2021 9:18:55 PM uk.ac.ox.cs.gsat.SaturationStatistics log
INFO: backward subsumption time: 25 ms = 0.02 s
Dec 05, 2021 9:18:55 PM uk.ac.ox.cs.gsat.SaturationStatistics log
INFO: Derived full/non full TGDs: 0 , 1934
Dec 05, 2021 9:18:55 PM uk.ac.ox.cs.gsat.SaturationStatistics log
INFO: discarded tautology count: 0
Dec 05, 2021 9:18:55 PM uk.ac.ox.cs.gsat.HyperResolutionStatistics log
INFO: hyperresolution time: 2683 ms = 2.68 s
Dec 05, 2021 9:18:55 PM uk.ac.ox.cs.gsat.HyperResolutionStatistics log
INFO: hyperresolution count: 39685
Dec 05, 2021 9:18:55 PM uk.ac.ox.cs.gsat.HyperResolutionStatistics log
INFO: hyperresolution failure count: 37751
Dec 05, 2021 9:18:55 PM uk.ac.ox.cs.gsat.AbstractSaturation run
INFO: ouptput full TGDs not contained in the input: 0
Dec 05, 2021 9:18:55 PM uk.ac.ox.cs.gsat.App executeAllSteps
INFO: Rewriting completed!
Full TGD saturation: (15922 dependecies)
Dec 05, 2021 9:18:55 PM uk.ac.ox.cs.gsat.App executeAllSteps
INFO: Writing the saturation in the Datalog file 00548.rul
