Starting Saturation...
Executing from DLGP files
SLF4J: Failed to load class "org.slf4j.impl.StaticLoggerBinder".
SLF4J: Defaulting to no-operation (NOP) logger implementation
SLF4J: See http://www.slf4j.org/codes.html#StaticLoggerBinder for further details.
# Rules: 31; # Atoms: 0; # AtomSets: 0; # Queries: 0; # Constraints: 0
Full TGD saturation algorithm: GSat
Running GSat...
May 24, 2021 9:03:43 PM uk.ac.ox.cs.gsat.EvolveBasedSat run
INFO: GSat discarded rules : 0/31 = 0.000%
May 24, 2021 9:03:43 PM uk.ac.ox.cs.gsat.EvolveBasedSat run
INFO: Subsumption method : tree_predicate
May 24, 2021 9:03:43 PM uk.ac.ox.cs.gsat.EvolveBasedSat run
INFO: # initial TGDs: 29 , 2
May 24, 2021 9:03:43 PM uk.ac.ox.cs.gsat.EvolveBasedSat run
INFO: GSat total time : 109 ms = 0.11 s
May 24, 2021 9:03:43 PM uk.ac.ox.cs.gsat.EvolveBasedSat run
INFO: Subsumed elements : 2
May 24, 2021 9:03:43 PM uk.ac.ox.cs.gsat.EvolveBasedSat run
INFO: Filter discarded elements : 0
May 24, 2021 9:03:43 PM uk.ac.ox.cs.gsat.EvolveBasedSat run
INFO: Derived full/non full TGDs: 0 , 2
May 24, 2021 9:03:43 PM uk.ac.ox.cs.gsat.EvolveBasedSat run
INFO: Stop because subsumed: 2
May 24, 2021 9:03:43 PM uk.ac.ox.cs.gsat.EvolveBasedSat run
INFO: evolved equals to current: 2
May 24, 2021 9:03:43 PM uk.ac.ox.cs.gsat.EvolveBasedSat run
INFO: evolved time: 5 ms = 0.01 s
May 24, 2021 9:03:43 PM uk.ac.ox.cs.gsat.EvolveBasedSat run
INFO: evolve count: 4
May 24, 2021 9:03:43 PM uk.ac.ox.cs.gsat.EvolveBasedSat run
INFO: ouptput full TGDs not contained in the input: 0
May 24, 2021 9:03:43 PM uk.ac.ox.cs.gsat.App executeAllSteps
INFO: Rewriting completed!
Full TGD saturation: (29 dependecies)
=========================================
http://loki.cae.drexel.edu/~wbs/ontology/2004/08/model#Instittue(GSat_u1) → http://loki.cae.drexel.edu/~wbs/ontology/2004/08/model#Organization(GSat_u1)
http://loki.cae.drexel.edu/~wbs/ontology/2004/08/model#ModelingSystems(GSat_u1) → http://loki.cae.drexel.edu/~wbs/ontology/2004/08/model#Numerical(GSat_u1)
http://loki.cae.drexel.edu/~wbs/ontology/2004/08/model#University(GSat_u1) → http://loki.cae.drexel.edu/~wbs/ontology/2004/08/model#Organization(GSat_u1)
http://loki.cae.drexel.edu/~wbs/ontology/2004/08/model#Organization(GSat_u1) → http://loki.cae.drexel.edu/~wbs/ontology/2004/08/model#Developer(GSat_u1)
http://loki.cae.drexel.edu/~wbs/ontology/2004/08/model#hasModel(GSat_u1,GSat_u2) → http://loki.cae.drexel.edu/~wbs/ontology/2004/08/model#ModelingSystems(GSat_u1)
http://loki.cae.drexel.edu/~wbs/ontology/2004/08/model#Numerical(GSat_u1) → http://loki.cae.drexel.edu/~wbs/ontology/2004/08/model#Mathematical(GSat_u1)
http://loki.cae.drexel.edu/~wbs/ontology/2004/08/model#hasDeveloper(GSat_u2,GSat_u1) → http://loki.cae.drexel.edu/~wbs/ontology/2004/08/model#Developer(GSat_u1)
http://loki.cae.drexel.edu/~wbs/ontology/2004/08/model#FEM2D(GSat_u1) → http://loki.cae.drexel.edu/~wbs/ontology/2004/08/model#Model(GSat_u1)
http://loki.cae.drexel.edu/~wbs/ontology/2004/08/model#Mathematical(GSat_u1) → http://loki.cae.drexel.edu/~wbs/ontology/2004/08/model#Models(GSat_u1)
http://loki.cae.drexel.edu/~wbs/ontology/2004/08/model#hasIntegrationMethod(GSat_u1,GSat_u2) → http://loki.cae.drexel.edu/~wbs/ontology/2004/08/model#Model(GSat_u1)
http://loki.cae.drexel.edu/~wbs/ontology/2004/08/model#hasAvailability(GSat_u2,GSat_u1) → http://loki.cae.drexel.edu/~wbs/ontology/2004/08/model#Availability(GSat_u1)
http://loki.cae.drexel.edu/~wbs/ontology/2004/08/model#hasModelDimension(GSat_u1,GSat_u2) → http://loki.cae.drexel.edu/~wbs/ontology/2004/08/model#Model(GSat_u1)
http://loki.cae.drexel.edu/~wbs/ontology/2004/08/model#hasCountry(GSat_u1,GSat_u2) → http://loki.cae.drexel.edu/~wbs/ontology/2004/08/model#Developer(GSat_u1)
http://loki.cae.drexel.edu/~wbs/ontology/2004/08/model#hasDomain(GSat_u1,GSat_u2) → http://loki.cae.drexel.edu/~wbs/ontology/2004/08/model#Model(GSat_u1)
http://loki.cae.drexel.edu/~wbs/ontology/2004/08/model#Government(GSat_u1) → http://loki.cae.drexel.edu/~wbs/ontology/2004/08/model#Organization(GSat_u1)
http://loki.cae.drexel.edu/~wbs/ontology/2004/08/model#Company(GSat_u1) → http://loki.cae.drexel.edu/~wbs/ontology/2004/08/model#Organization(GSat_u1)
http://loki.cae.drexel.edu/~wbs/ontology/2004/08/model#hasDeveloper(GSat_u2,GSat_u1) & http://loki.cae.drexel.edu/~wbs/ontology/2004/08/model#FEM2D(GSat_u2) → http://loki.cae.drexel.edu/~wbs/ontology/2004/08/model#Individual(GSat_u1)
http://loki.cae.drexel.edu/~wbs/ontology/2004/08/model#Individual(GSat_u1) → http://loki.cae.drexel.edu/~wbs/ontology/2004/08/model#Developer(GSat_u1)
http://loki.cae.drexel.edu/~wbs/ontology/2004/08/model#Model(GSat_u1) → http://loki.cae.drexel.edu/~wbs/ontology/2004/08/model#Numerical(GSat_u1)
http://loki.cae.drexel.edu/~wbs/ontology/2004/08/model#hasIntegrationMethod(GSat_u2,GSat_u1) → http://loki.cae.drexel.edu/~wbs/ontology/2004/08/model#Integration_Method(GSat_u1)
http://loki.cae.drexel.edu/~wbs/ontology/2004/08/model#hasModel(GSat_u2,GSat_u1) → http://loki.cae.drexel.edu/~wbs/ontology/2004/08/model#Model(GSat_u1)
http://loki.cae.drexel.edu/~wbs/ontology/2004/08/model#hasDeveloper(GSat_u1,GSat_u2) → http://loki.cae.drexel.edu/~wbs/ontology/2004/08/model#Model(GSat_u1)
http://loki.cae.drexel.edu/~wbs/ontology/2004/08/model#hasAvailability(GSat_u1,GSat_u2) → http://loki.cae.drexel.edu/~wbs/ontology/2004/08/model#Model(GSat_u1)
http://loki.cae.drexel.edu/~wbs/ontology/2004/08/model#hasIntegrationScheme(GSat_u1,GSat_u2) → http://loki.cae.drexel.edu/~wbs/ontology/2004/08/model#Model(GSat_u1)
http://loki.cae.drexel.edu/~wbs/ontology/2004/08/model#hasIntegrationScheme(GSat_u2,GSat_u1) → http://loki.cae.drexel.edu/~wbs/ontology/2004/08/model#Integration_Scheme(GSat_u1)
http://loki.cae.drexel.edu/~wbs/ontology/2004/08/model#hasModelDimension(GSat_u2,GSat_u1) → http://loki.cae.drexel.edu/~wbs/ontology/2004/08/model#Model_Dimension(GSat_u1)
http://loki.cae.drexel.edu/~wbs/ontology/2004/08/model#hasDomain(GSat_u2,GSat_u1) → http://loki.cae.drexel.edu/~wbs/ontology/2004/08/model#Domain(GSat_u1)
http://loki.cae.drexel.edu/~wbs/ontology/2004/08/model#hasCountry(GSat_u2,GSat_u1) → http://loki.cae.drexel.edu/~wbs/ontology/2004/08/model#Country(GSat_u1)
http://loki.cae.drexel.edu/~wbs/ontology/2004/08/model#infoPage(GSat_u2,GSat_u1) → http://www.w3.org/2001/XMLSchema#anyURI(GSat_u1)
=========================================
