Starting Saturation...
Executing from DLGP files
SLF4J: Failed to load class "org.slf4j.impl.StaticLoggerBinder".
SLF4J: Defaulting to no-operation (NOP) logger implementation
SLF4J: See http://www.slf4j.org/codes.html#StaticLoggerBinder for further details.
# Rules: 43; # Atoms: 0; # AtomSets: 0; # Queries: 0; # Constraints: 0
Full TGD saturation algorithm: GSat
Running GSat...
May 24, 2021 9:06:53 PM uk.ac.ox.cs.gsat.EvolveBasedSat run
INFO: GSat discarded rules : 0/43 = 0.000%
May 24, 2021 9:06:53 PM uk.ac.ox.cs.gsat.EvolveBasedSat run
INFO: Subsumption method : tree_predicate
May 24, 2021 9:06:53 PM uk.ac.ox.cs.gsat.EvolveBasedSat run
INFO: # initial TGDs: 31 , 12
May 24, 2021 9:06:53 PM uk.ac.ox.cs.gsat.EvolveBasedSat run
INFO: GSat total time : 213 ms = 0.21 s
May 24, 2021 9:06:53 PM uk.ac.ox.cs.gsat.EvolveBasedSat run
INFO: Subsumed elements : 108
May 24, 2021 9:06:53 PM uk.ac.ox.cs.gsat.EvolveBasedSat run
INFO: Filter discarded elements : 15
May 24, 2021 9:06:53 PM uk.ac.ox.cs.gsat.EvolveBasedSat run
INFO: Derived full/non full TGDs: 54 , 93
May 24, 2021 9:06:53 PM uk.ac.ox.cs.gsat.EvolveBasedSat run
INFO: Stop because subsumed: 21
May 24, 2021 9:06:53 PM uk.ac.ox.cs.gsat.EvolveBasedSat run
INFO: evolved equals to current: 102
May 24, 2021 9:06:53 PM uk.ac.ox.cs.gsat.EvolveBasedSat run
INFO: evolved time: 116 ms = 0.12 s
May 24, 2021 9:06:53 PM uk.ac.ox.cs.gsat.EvolveBasedSat run
INFO: evolve count: 498
May 24, 2021 9:06:53 PM uk.ac.ox.cs.gsat.EvolveBasedSat run
INFO: ouptput full TGDs not contained in the input: 27
May 24, 2021 9:06:53 PM uk.ac.ox.cs.gsat.App executeAllSteps
INFO: Rewriting completed!
Full TGD saturation: (58 dependecies)
=========================================
http://www.owl-ontologies.com/generations.owl#Person(GSat_u2) & http://www.owl-ontologies.com/generations.owl#hasParent(GSat_u1,GSat_u2) & http://www.owl-ontologies.com/generations.owl#Person(GSat_u1) & http://www.owl-ontologies.com/generations.owl#hasSex(GSat_u1,http://www.owl-ontologies.com/generations.owl#FemaleSex) → http://www.owl-ontologies.com/generations.owl#Daughter(GSat_u1)
http://www.owl-ontologies.com/generations.owl#Person(GSat_u2) & http://www.owl-ontologies.com/generations.owl#hasSibling(GSat_u1,GSat_u2) & http://www.owl-ontologies.com/generations.owl#hasSex(GSat_u1,http://www.owl-ontologies.com/generations.owl#FemaleSex) & http://www.owl-ontologies.com/generations.owl#Person(GSat_u1) → http://www.owl-ontologies.com/generations.owl#Sister(GSat_u1)
http://www.owl-ontologies.com/generations.owl#Father(GSat_u1) → http://www.owl-ontologies.com/generations.owl#Person(GSat_u1)
http://www.owl-ontologies.com/generations.owl#Person(GSat_u2) & http://www.owl-ontologies.com/generations.owl#hasChild(GSat_u1,GSat_u2) & http://www.owl-ontologies.com/generations.owl#Person(GSat_u1) & http://www.owl-ontologies.com/generations.owl#hasSex(GSat_u1,http://www.owl-ontologies.com/generations.owl#MaleSex) → http://www.owl-ontologies.com/generations.owl#Father(GSat_u1)
http://www.owl-ontologies.com/generations.owl#hasSibling(GSat_u2,GSat_u1) → http://www.owl-ontologies.com/generations.owl#hasSibling(GSat_u1,GSat_u2)
http://www.owl-ontologies.com/generations.owl#Father(GSat_u1) & http://www.owl-ontologies.com/generations.owl#hasSex(GSat_u1,http://www.owl-ontologies.com/generations.owl#FemaleSex) & http://www.owl-ontologies.com/generations.owl#Person(GSat_u1) → http://www.owl-ontologies.com/generations.owl#Mother(GSat_u1)
http://www.owl-ontologies.com/generations.owl#Sibling(GSat_u1) & http://www.owl-ontologies.com/generations.owl#hasSex(GSat_u1,http://www.owl-ontologies.com/generations.owl#FemaleSex) & http://www.owl-ontologies.com/generations.owl#Person(GSat_u1) → http://www.owl-ontologies.com/generations.owl#Sister(GSat_u1)
http://www.owl-ontologies.com/generations.owl#Person(GSat_u1) & http://www.owl-ontologies.com/generations.owl#hasSex(GSat_u1,http://www.owl-ontologies.com/generations.owl#MaleSex) & http://www.owl-ontologies.com/generations.owl#Mother(GSat_u1) → http://www.owl-ontologies.com/generations.owl#Father(GSat_u1)
http://www.owl-ontologies.com/generations.owl#Woman(GSat_u1) → http://www.owl-ontologies.com/generations.owl#Person(GSat_u1)
http://www.owl-ontologies.com/generations.owl#Person(GSat_u1) & http://www.owl-ontologies.com/generations.owl#hasSex(GSat_u1,http://www.owl-ontologies.com/generations.owl#MaleSex) → http://www.owl-ontologies.com/generations.owl#Man(GSat_u1)
http://www.owl-ontologies.com/generations.owl#GrandMother(GSat_u1) & http://www.owl-ontologies.com/generations.owl#Person(GSat_u1) → http://www.owl-ontologies.com/generations.owl#Parent(GSat_u1)
http://www.owl-ontologies.com/generations.owl#Person(GSat_u1) & http://www.owl-ontologies.com/generations.owl#GrandParent(GSat_u1) → http://www.owl-ontologies.com/generations.owl#Parent(GSat_u1)
http://www.owl-ontologies.com/generations.owl#GrandFather(GSat_u1) & http://www.owl-ontologies.com/generations.owl#Person(GSat_u1) → http://www.owl-ontologies.com/generations.owl#Parent(GSat_u1)
http://www.owl-ontologies.com/generations.owl#Sister(GSat_u1) & http://www.owl-ontologies.com/generations.owl#Person(GSat_u1) → http://www.owl-ontologies.com/generations.owl#Sibling(GSat_u1)
http://www.owl-ontologies.com/generations.owl#Man(GSat_u1) → http://www.owl-ontologies.com/generations.owl#Person(GSat_u1)
http://www.owl-ontologies.com/generations.owl#Person(GSat_u2) & http://www.owl-ontologies.com/generations.owl#hasParent(GSat_u1,GSat_u2) & http://www.owl-ontologies.com/generations.owl#Person(GSat_u1) & http://www.owl-ontologies.com/generations.owl#hasSex(GSat_u1,http://www.owl-ontologies.com/generations.owl#MaleSex) → http://www.owl-ontologies.com/generations.owl#Son(GSat_u1)
http://www.owl-ontologies.com/generations.owl#Person(GSat_u2) & http://www.owl-ontologies.com/generations.owl#hasChild(GSat_u1,GSat_u2) & http://www.owl-ontologies.com/generations.owl#Person(GSat_u1) & http://www.owl-ontologies.com/generations.owl#hasSex(GSat_u1,http://www.owl-ontologies.com/generations.owl#FemaleSex) → http://www.owl-ontologies.com/generations.owl#Mother(GSat_u1)
http://www.owl-ontologies.com/generations.owl#Person(GSat_u1) & http://www.owl-ontologies.com/generations.owl#hasSex(GSat_u1,http://www.owl-ontologies.com/generations.owl#FemaleSex) → http://www.owl-ontologies.com/generations.owl#Woman(GSat_u1)
http://www.owl-ontologies.com/generations.owl#Mother(GSat_u1) → http://www.owl-ontologies.com/generations.owl#Person(GSat_u1)
http://www.owl-ontologies.com/generations.owl#Daughter(GSat_u1) & http://www.owl-ontologies.com/generations.owl#Person(GSat_u1) → http://www.owl-ontologies.com/generations.owl#OffSpring(GSat_u1)
http://www.owl-ontologies.com/generations.owl#Father(GSat_u1) & http://www.owl-ontologies.com/generations.owl#Person(GSat_u1) → http://www.owl-ontologies.com/generations.owl#Parent(GSat_u1)
http://www.owl-ontologies.com/generations.owl#Person(GSat_u1) & http://www.owl-ontologies.com/generations.owl#Mother(GSat_u1) → http://www.owl-ontologies.com/generations.owl#Parent(GSat_u1)
http://www.owl-ontologies.com/generations.owl#Daughter(GSat_u1) → http://www.owl-ontologies.com/generations.owl#Person(GSat_u1)
http://www.owl-ontologies.com/generations.owl#Person(GSat_u1) & http://www.owl-ontologies.com/generations.owl#Son(GSat_u1) → http://www.owl-ontologies.com/generations.owl#OffSpring(GSat_u1)
http://www.owl-ontologies.com/generations.owl#Parent(GSat_u1) → http://www.owl-ontologies.com/generations.owl#Person(GSat_u1)
http://www.owl-ontologies.com/generations.owl#hasParent(GSat_u2,GSat_u1) → http://www.owl-ontologies.com/generations.owl#hasChild(GSat_u1,GSat_u2)
http://www.owl-ontologies.com/generations.owl#Person(GSat_u2) & http://www.owl-ontologies.com/generations.owl#hasSibling(GSat_u1,GSat_u2) & http://www.owl-ontologies.com/generations.owl#Person(GSat_u1) → http://www.owl-ontologies.com/generations.owl#Sibling(GSat_u1)
http://www.owl-ontologies.com/generations.owl#Parent(GSat_u1) & http://www.owl-ontologies.com/generations.owl#hasSex(GSat_u1,http://www.owl-ontologies.com/generations.owl#FemaleSex) & http://www.owl-ontologies.com/generations.owl#Person(GSat_u1) → http://www.owl-ontologies.com/generations.owl#Mother(GSat_u1)
http://www.owl-ontologies.com/generations.owl#Son(GSat_u1) → http://www.owl-ontologies.com/generations.owl#Person(GSat_u1)
http://www.owl-ontologies.com/generations.owl#hasSex(GSat_u2,GSat_u1) → http://www.owl-ontologies.com/generations.owl#Sex(GSat_u1)
http://www.owl-ontologies.com/generations.owl#Daughter(GSat_u1) & http://www.owl-ontologies.com/generations.owl#Person(GSat_u1) & http://www.owl-ontologies.com/generations.owl#hasSex(GSat_u1,http://www.owl-ontologies.com/generations.owl#MaleSex) → http://www.owl-ontologies.com/generations.owl#Son(GSat_u1)
http://www.owl-ontologies.com/generations.owl#GrandMother(GSat_u1) & http://www.owl-ontologies.com/generations.owl#hasSex(GSat_u1,http://www.owl-ontologies.com/generations.owl#FemaleSex) & http://www.owl-ontologies.com/generations.owl#Person(GSat_u1) → http://www.owl-ontologies.com/generations.owl#Mother(GSat_u1)
http://www.owl-ontologies.com/generations.owl#Parent(GSat_u1) & http://www.owl-ontologies.com/generations.owl#Person(GSat_u1) & http://www.owl-ontologies.com/generations.owl#hasSex(GSat_u1,http://www.owl-ontologies.com/generations.owl#MaleSex) → http://www.owl-ontologies.com/generations.owl#Father(GSat_u1)
http://www.owl-ontologies.com/generations.owl#Person(GSat_u1) & http://www.owl-ontologies.com/generations.owl#hasSex(GSat_u1,http://www.owl-ontologies.com/generations.owl#FemaleSex) & http://www.owl-ontologies.com/generations.owl#Son(GSat_u1) → http://www.owl-ontologies.com/generations.owl#Daughter(GSat_u1)
http://www.owl-ontologies.com/generations.owl#Person(GSat_u2) & http://www.owl-ontologies.com/generations.owl#hasSibling(GSat_u1,GSat_u2) & http://www.owl-ontologies.com/generations.owl#Person(GSat_u1) & http://www.owl-ontologies.com/generations.owl#hasSex(GSat_u1,http://www.owl-ontologies.com/generations.owl#MaleSex) → http://www.owl-ontologies.com/generations.owl#Brother(GSat_u1)
http://www.owl-ontologies.com/generations.owl#Brother(GSat_u1) → http://www.owl-ontologies.com/generations.owl#Person(GSat_u1)
http://www.owl-ontologies.com/generations.owl#OffSpring(GSat_u1) & http://www.owl-ontologies.com/generations.owl#Person(GSat_u1) & http://www.owl-ontologies.com/generations.owl#hasSex(GSat_u1,http://www.owl-ontologies.com/generations.owl#MaleSex) → http://www.owl-ontologies.com/generations.owl#Son(GSat_u1)
http://www.owl-ontologies.com/generations.owl#Person(GSat_u2) & http://www.owl-ontologies.com/generations.owl#hasChild(GSat_u1,GSat_u2) & http://www.owl-ontologies.com/generations.owl#Person(GSat_u1) → http://www.owl-ontologies.com/generations.owl#Parent(GSat_u1)
http://www.owl-ontologies.com/generations.owl#GrandFather(GSat_u1) → http://www.owl-ontologies.com/generations.owl#Person(GSat_u1)
http://www.owl-ontologies.com/generations.owl#hasSex(GSat_u1,http://www.owl-ontologies.com/generations.owl#MaleSex) → http://www.owl-ontologies.com/generations.owl#Male(GSat_u1)
http://www.owl-ontologies.com/generations.owl#OffSpring(GSat_u1) → http://www.owl-ontologies.com/generations.owl#Person(GSat_u1)
http://www.owl-ontologies.com/generations.owl#hasSex(GSat_u1,http://www.owl-ontologies.com/generations.owl#FemaleSex) → http://www.owl-ontologies.com/generations.owl#Female(GSat_u1)
http://www.owl-ontologies.com/generations.owl#hasSex(GSat_u1,http://www.owl-ontologies.com/generations.owl#FemaleSex) & http://www.owl-ontologies.com/generations.owl#Person(GSat_u1) & http://www.owl-ontologies.com/generations.owl#GrandParent(GSat_u1) → http://www.owl-ontologies.com/generations.owl#Mother(GSat_u1)
http://www.owl-ontologies.com/generations.owl#Sibling(GSat_u1) & http://www.owl-ontologies.com/generations.owl#Person(GSat_u1) & http://www.owl-ontologies.com/generations.owl#hasSex(GSat_u1,http://www.owl-ontologies.com/generations.owl#MaleSex) → http://www.owl-ontologies.com/generations.owl#Brother(GSat_u1)
http://www.owl-ontologies.com/generations.owl#OffSpring(GSat_u1) & http://www.owl-ontologies.com/generations.owl#hasSex(GSat_u1,http://www.owl-ontologies.com/generations.owl#FemaleSex) & http://www.owl-ontologies.com/generations.owl#Person(GSat_u1) → http://www.owl-ontologies.com/generations.owl#Daughter(GSat_u1)
http://www.owl-ontologies.com/generations.owl#GrandParent(GSat_u1) → http://www.owl-ontologies.com/generations.owl#Person(GSat_u1)
http://www.owl-ontologies.com/generations.owl#Sister(GSat_u1) & http://www.owl-ontologies.com/generations.owl#Person(GSat_u1) & http://www.owl-ontologies.com/generations.owl#hasSex(GSat_u1,http://www.owl-ontologies.com/generations.owl#MaleSex) → http://www.owl-ontologies.com/generations.owl#Brother(GSat_u1)
http://www.owl-ontologies.com/generations.owl#GrandFather(GSat_u1) & http://www.owl-ontologies.com/generations.owl#hasSex(GSat_u1,http://www.owl-ontologies.com/generations.owl#FemaleSex) & http://www.owl-ontologies.com/generations.owl#Person(GSat_u1) → http://www.owl-ontologies.com/generations.owl#Mother(GSat_u1)
http://www.owl-ontologies.com/generations.owl#Brother(GSat_u1) & http://www.owl-ontologies.com/generations.owl#Person(GSat_u1) → http://www.owl-ontologies.com/generations.owl#Sibling(GSat_u1)
http://www.owl-ontologies.com/generations.owl#GrandMother(GSat_u1) → http://www.owl-ontologies.com/generations.owl#Person(GSat_u1)
http://www.owl-ontologies.com/generations.owl#Brother(GSat_u1) & http://www.owl-ontologies.com/generations.owl#hasSex(GSat_u1,http://www.owl-ontologies.com/generations.owl#FemaleSex) & http://www.owl-ontologies.com/generations.owl#Person(GSat_u1) → http://www.owl-ontologies.com/generations.owl#Sister(GSat_u1)
http://www.owl-ontologies.com/generations.owl#GrandMother(GSat_u1) & http://www.owl-ontologies.com/generations.owl#Person(GSat_u1) & http://www.owl-ontologies.com/generations.owl#hasSex(GSat_u1,http://www.owl-ontologies.com/generations.owl#MaleSex) → http://www.owl-ontologies.com/generations.owl#Father(GSat_u1)
http://www.owl-ontologies.com/generations.owl#hasChild(GSat_u2,GSat_u1) → http://www.owl-ontologies.com/generations.owl#hasParent(GSat_u1,GSat_u2)
http://www.owl-ontologies.com/generations.owl#GrandFather(GSat_u1) & http://www.owl-ontologies.com/generations.owl#Person(GSat_u1) & http://www.owl-ontologies.com/generations.owl#hasSex(GSat_u1,http://www.owl-ontologies.com/generations.owl#MaleSex) → http://www.owl-ontologies.com/generations.owl#Father(GSat_u1)
http://www.owl-ontologies.com/generations.owl#Sister(GSat_u1) → http://www.owl-ontologies.com/generations.owl#Person(GSat_u1)
http://www.owl-ontologies.com/generations.owl#Sibling(GSat_u1) → http://www.owl-ontologies.com/generations.owl#Person(GSat_u1)
http://www.owl-ontologies.com/generations.owl#Person(GSat_u2) & http://www.owl-ontologies.com/generations.owl#hasParent(GSat_u1,GSat_u2) & http://www.owl-ontologies.com/generations.owl#Person(GSat_u1) → http://www.owl-ontologies.com/generations.owl#OffSpring(GSat_u1)
http://www.owl-ontologies.com/generations.owl#Person(GSat_u1) & http://www.owl-ontologies.com/generations.owl#hasSex(GSat_u1,http://www.owl-ontologies.com/generations.owl#MaleSex) & http://www.owl-ontologies.com/generations.owl#GrandParent(GSat_u1) → http://www.owl-ontologies.com/generations.owl#Father(GSat_u1)
=========================================
