Starting Saturation...
Executing from DLGP files
SLF4J: Failed to load class "org.slf4j.impl.StaticLoggerBinder".
SLF4J: Defaulting to no-operation (NOP) logger implementation
SLF4J: See http://www.slf4j.org/codes.html#StaticLoggerBinder for further details.
# Rules: 210; # Atoms: 0; # AtomSets: 0; # Queries: 0; # Constraints: 0
Full TGD saturation algorithm: GSat
Running GSat...
May 24, 2021 9:20:43 PM uk.ac.ox.cs.gsat.EvolveBasedSat run
INFO: GSat discarded rules : 0/210 = 0.000%
May 24, 2021 9:20:43 PM uk.ac.ox.cs.gsat.EvolveBasedSat run
INFO: Subsumption method : tree_predicate
May 24, 2021 9:20:43 PM uk.ac.ox.cs.gsat.EvolveBasedSat run
INFO: # initial TGDs: 186 , 24
May 24, 2021 9:20:43 PM uk.ac.ox.cs.gsat.EvolveBasedSat run
INFO: GSat total time : 180 ms = 0.18 s
May 24, 2021 9:20:43 PM uk.ac.ox.cs.gsat.EvolveBasedSat run
INFO: Subsumed elements : 2
May 24, 2021 9:20:43 PM uk.ac.ox.cs.gsat.EvolveBasedSat run
INFO: Filter discarded elements : 0
May 24, 2021 9:20:43 PM uk.ac.ox.cs.gsat.EvolveBasedSat run
INFO: Derived full/non full TGDs: 0 , 2
May 24, 2021 9:20:43 PM uk.ac.ox.cs.gsat.EvolveBasedSat run
INFO: Stop because subsumed: 2
May 24, 2021 9:20:43 PM uk.ac.ox.cs.gsat.EvolveBasedSat run
INFO: evolved equals to current: 42
May 24, 2021 9:20:43 PM uk.ac.ox.cs.gsat.EvolveBasedSat run
INFO: evolved time: 34 ms = 0.03 s
May 24, 2021 9:20:43 PM uk.ac.ox.cs.gsat.EvolveBasedSat run
INFO: evolve count: 158
May 24, 2021 9:20:43 PM uk.ac.ox.cs.gsat.EvolveBasedSat run
INFO: ouptput full TGDs not contained in the input: 0
May 24, 2021 9:20:43 PM uk.ac.ox.cs.gsat.App executeAllSteps
INFO: Rewriting completed!
Full TGD saturation: (186 dependecies)
=========================================
http://siul02.si.ehu.es/Aingeru/OperOnt.owl#Agree(GSat_u1) → http://siul02.si.ehu.es/Aingeru/OperOnt.owl#Message(GSat_u1)
http://siul02.si.ehu.es/Aingeru/OperOnt.owl#Subscribe(GSat_u1) → http://siul02.si.ehu.es/Aingeru/OperOnt.owl#Message(GSat_u1)
http://siul02.si.ehu.es/Aingeru/OperOnt.owl#Control(GSat_u1) → http://siul02.si.ehu.es/Aingeru/OperOnt.owl#AingeruWebService(GSat_u1)
http://siul02.si.ehu.es/Aingeru/OperOnt.owl#SensorAgent(GSat_u1) → http://siul02.si.ehu.es/Aingeru/OperOnt.owl#PDAAgent(GSat_u1)
http://siul02.si.ehu.es/Aingeru/OperOnt.owl#MedicalAppointment(GSat_u1) → http://siul02.si.ehu.es/Aingeru/OperOnt.owl#Appointment(GSat_u1)
http://siul02.si.ehu.es/Aingeru/OperOnt.owl#ControlerAgent(GSat_u1) → http://siul02.si.ehu.es/Aingeru/OperOnt.owl#PDAAgent(GSat_u1)
http://siul02.si.ehu.es/Aingeru/OperOnt.owl#BluetoothSensorSubscription(GSat_u1) → http://siul02.si.ehu.es/Aingeru/OperOnt.owl#Subscribe(GSat_u1)
http://siul02.si.ehu.es/Aingeru/OperOnt.owl#DumpMedicalAppointment(GSat_u1) → http://siul02.si.ehu.es/Aingeru/OperOnt.owl#Dump(GSat_u1)
http://siul02.si.ehu.es/Aingeru/OperOnt.owl#Relative(GSat_u1) → http://siul02.si.ehu.es/Aingeru/OperOnt.owl#UserResponsible(GSat_u1)
http://siul02.si.ehu.es/Aingeru/OperOnt.owl#sensorType(GSat_u2,GSat_u1) → http://www.w3.org/2001/XMLSchema#string(GSat_u1)
http://siul02.si.ehu.es/Aingeru/OperOnt.owl#LocationQuery(GSat_u1) → http://siul02.si.ehu.es/Aingeru/OperOnt.owl#Query-ref(GSat_u1)
http://siul02.si.ehu.es/Aingeru/OperOnt.owl#DumpAppointment(GSat_u1) → http://siul02.si.ehu.es/Aingeru/OperOnt.owl#Appointment(GSat_u1)
http://siul02.si.ehu.es/Aingeru/OperOnt.owl#MedicalAppointmentInform(GSat_u1) → http://siul02.si.ehu.es/Aingeru/OperOnt.owl#Inform-result(GSat_u1)
http://siul02.si.ehu.es/Aingeru/OperOnt.owl#VitalSignQuery(GSat_u1) → http://siul02.si.ehu.es/Aingeru/OperOnt.owl#Request(GSat_u1)
http://siul02.si.ehu.es/Aingeru/OperOnt.owl#theSubject(GSat_u1,GSat_u2) & http://siul02.si.ehu.es/Aingeru/OperOnt.owl#Query(GSat_u1) & http://siul02.si.ehu.es/Aingeru/OperOnt.owl#DumpMedicine(GSat_u2) → http://siul02.si.ehu.es/Aingeru/OperOnt.owl#DumpMedicineQuery(GSat_u1)
http://siul02.si.ehu.es/Aingeru/OperOnt.owl#Inform-done(GSat_u1) → http://siul02.si.ehu.es/Aingeru/OperOnt.owl#Inform(GSat_u1)
http://siul02.si.ehu.es/Aingeru/OperOnt.owl#GeneralSensorQuery(GSat_u1) → http://siul02.si.ehu.es/Aingeru/OperOnt.owl#Query-ref(GSat_u1)
http://siul02.si.ehu.es/Aingeru/OperOnt.owl#information(GSat_u1,GSat_u2) → http://siul02.si.ehu.es/Aingeru/OperOnt.owl#Subject(GSat_u1)
http://siul02.si.ehu.es/Aingeru/OperOnt.owl#DumpMedicine(GSat_u1) → http://siul02.si.ehu.es/Aingeru/OperOnt.owl#Dump(GSat_u1)
http://siul02.si.ehu.es/Aingeru/OperOnt.owl#DumpSensor(GSat_u1) → http://siul02.si.ehu.es/Aingeru/OperOnt.owl#Dump(GSat_u1)
http://siul02.si.ehu.es/Aingeru/OperOnt.owl#tryNumber(GSat_u2,GSat_u1) → http://www.w3.org/2001/XMLSchema#integer(GSat_u1)
http://siul02.si.ehu.es/Aingeru/OperOnt.owl#LocationInform(GSat_u1) → http://siul02.si.ehu.es/Aingeru/OperOnt.owl#Inform-result(GSat_u1)
http://siul02.si.ehu.es/Aingeru/OperOnt.owl#theSubject(GSat_u1,GSat_u2) & http://siul02.si.ehu.es/Aingeru/OperOnt.owl#GeneralSensor(GSat_u2) & http://siul02.si.ehu.es/Aingeru/OperOnt.owl#Query(GSat_u1) → http://siul02.si.ehu.es/Aingeru/OperOnt.owl#GeneralSensorQuery(GSat_u1)
http://siul02.si.ehu.es/Aingeru/OperOnt.owl#priority(GSat_u1,GSat_u2) → http://siul02.si.ehu.es/Aingeru/OperOnt.owl#Query(GSat_u1)
http://siul02.si.ehu.es/Aingeru/OperOnt.owl#MedicalAppointmentModify(GSat_u1) → http://siul02.si.ehu.es/Aingeru/OperOnt.owl#Request(GSat_u1)
http://siul02.si.ehu.es/Aingeru/OperOnt.owl#theReceiver(GSat_u2,GSat_u1) → http://siul02.si.ehu.es/Aingeru/OperOnt.owl#Actor(GSat_u1)
http://siul02.si.ehu.es/Aingeru/OperOnt.owl#HospitalAgent(GSat_u1) → http://siul02.si.ehu.es/Aingeru/OperOnt.owl#PDAAgent(GSat_u1)
http://siul02.si.ehu.es/Aingeru/OperOnt.owl#DumpLocation(GSat_u1) → http://siul02.si.ehu.es/Aingeru/OperOnt.owl#Dump(GSat_u1)
http://siul02.si.ehu.es/Aingeru/OperOnt.owl#Failure(GSat_u1) → http://siul02.si.ehu.es/Aingeru/OperOnt.owl#Message(GSat_u1)
http://siul02.si.ehu.es/Aingeru/OperOnt.owl#MajordomoAgent(GSat_u1) → http://siul02.si.ehu.es/Aingeru/OperOnt.owl#PDAAgent(GSat_u1)
http://siul02.si.ehu.es/Aingeru/OperOnt.owl#Inform(GSat_u1) & http://siul02.si.ehu.es/Aingeru/OperOnt.owl#theSubject(GSat_u1,GSat_u2) & http://siul02.si.ehu.es/Aingeru/OperOnt.owl#Read(GSat_u2) → http://siul02.si.ehu.es/Aingeru/OperOnt.owl#ReadInform(GSat_u1)
http://siul02.si.ehu.es/Aingeru/OperOnt.owl#emergencyType(GSat_u1,GSat_u2) → http://siul02.si.ehu.es/Aingeru/OperOnt.owl#Emergency(GSat_u1)
http://siul02.si.ehu.es/Aingeru/OperOnt.owl#HospitalQuery(GSat_u1) → http://siul02.si.ehu.es/Aingeru/OperOnt.owl#Request(GSat_u1)
http://siul02.si.ehu.es/Aingeru/OperOnt.owl#DumpVitalSign(GSat_u1) → http://siul02.si.ehu.es/Aingeru/OperOnt.owl#Dump(GSat_u1)
http://siul02.si.ehu.es/Aingeru/OperOnt.owl#ident(GSat_u1,GSat_u2) → http://siul02.si.ehu.es/Aingeru/OperOnt.owl#Message(GSat_u1)
http://siul02.si.ehu.es/Aingeru/OperOnt.owl#WebLocation(GSat_u1) → http://siul02.si.ehu.es/Aingeru/OperOnt.owl#Control(GSat_u1)
http://siul02.si.ehu.es/Aingeru/OperOnt.owl#ConditionCheckerAgent(GSat_u1) → http://siul02.si.ehu.es/Aingeru/OperOnt.owl#PDAAgent(GSat_u1)
http://siul02.si.ehu.es/Aingeru/OperOnt.owl#theReason(GSat_u2,GSat_u1) → http://www.w3.org/2001/XMLSchema#string(GSat_u1)
http://siul02.si.ehu.es/Aingeru/OperOnt.owl#Inform(GSat_u1) & http://siul02.si.ehu.es/Aingeru/OperOnt.owl#theSubject(GSat_u1,GSat_u2) & http://siul02.si.ehu.es/Aingeru/OperOnt.owl#Question(GSat_u2) → http://siul02.si.ehu.es/Aingeru/OperOnt.owl#QuestionInform(GSat_u1)
http://siul02.si.ehu.es/Aingeru/OperOnt.owl#AppointmentAgent(GSat_u1) → http://siul02.si.ehu.es/Aingeru/OperOnt.owl#PDAAgent(GSat_u1)
http://siul02.si.ehu.es/Aingeru/OperOnt.owl#Appointment(GSat_u1) → http://siul02.si.ehu.es/Aingeru/OperOnt.owl#Subject(GSat_u1)
http://siul02.si.ehu.es/Aingeru/OperOnt.owl#Care(GSat_u1) → http://siul02.si.ehu.es/Aingeru/OperOnt.owl#AingeruWebService(GSat_u1)
http://siul02.si.ehu.es/Aingeru/OperOnt.owl#MedicineInfom(GSat_u1) → http://siul02.si.ehu.es/Aingeru/OperOnt.owl#Inform-result(GSat_u1)
http://siul02.si.ehu.es/Aingeru/OperOnt.owl#GeneralSensor(GSat_u1) → http://siul02.si.ehu.es/Aingeru/OperOnt.owl#Sensor(GSat_u1)
http://siul02.si.ehu.es/Aingeru/OperOnt.owl#emergencyType(GSat_u2,GSat_u1) → http://www.w3.org/2001/XMLSchema#string(GSat_u1)
http://siul02.si.ehu.es/Aingeru/OperOnt.owl#HospitalInform(GSat_u1) → http://siul02.si.ehu.es/Aingeru/OperOnt.owl#Inform-result(GSat_u1)
http://siul02.si.ehu.es/Aingeru/OperOnt.owl#Read(GSat_u1) → http://siul02.si.ehu.es/Aingeru/OperOnt.owl#InputOutput(GSat_u1)
http://siul02.si.ehu.es/Aingeru/OperOnt.owl#Inform(GSat_u1) & http://siul02.si.ehu.es/Aingeru/OperOnt.owl#theSubject(GSat_u1,GSat_u2) & http://siul02.si.ehu.es/Aingeru/OperOnt.owl#DumpSensor(GSat_u2) → http://siul02.si.ehu.es/Aingeru/OperOnt.owl#DumpSensorInform(GSat_u1)
http://siul02.si.ehu.es/Aingeru/OperOnt.owl#DumpSensor(GSat_u1) → http://siul02.si.ehu.es/Aingeru/OperOnt.owl#Sensor(GSat_u1)
http://siul02.si.ehu.es/Aingeru/OperOnt.owl#Query(GSat_u1) → http://siul02.si.ehu.es/Aingeru/OperOnt.owl#Message(GSat_u1)
http://siul02.si.ehu.es/Aingeru/OperOnt.owl#DumpSensorQuery(GSat_u1) → http://siul02.si.ehu.es/Aingeru/OperOnt.owl#Request(GSat_u1)
http://siul02.si.ehu.es/Aingeru/OperOnt.owl#StorageAgent(GSat_u1) → http://siul02.si.ehu.es/Aingeru/OperOnt.owl#ManagementAgent(GSat_u1)
http://siul02.si.ehu.es/Aingeru/OperOnt.owl#DumpMedicineQuery(GSat_u1) → http://siul02.si.ehu.es/Aingeru/OperOnt.owl#Request(GSat_u1)
http://siul02.si.ehu.es/Aingeru/OperOnt.owl#AingeruWebService(GSat_u1) → http://siul02.si.ehu.es/Aingeru/OperOnt.owl#Actor(GSat_u1)
http://siul02.si.ehu.es/Aingeru/OperOnt.owl#theSubject(GSat_u1,GSat_u2) & http://siul02.si.ehu.es/Aingeru/OperOnt.owl#Emergency(GSat_u2) & http://siul02.si.ehu.es/Aingeru/OperOnt.owl#Query(GSat_u1) → http://siul02.si.ehu.es/Aingeru/OperOnt.owl#EmergencyNotice(GSat_u1)
http://siul02.si.ehu.es/Aingeru/OperOnt.owl#MedicalAppointmentQuery(GSat_u1) → http://siul02.si.ehu.es/Aingeru/OperOnt.owl#Query-ref(GSat_u1)
http://siul02.si.ehu.es/Aingeru/OperOnt.owl#WebHealth(GSat_u1) → http://siul02.si.ehu.es/Aingeru/OperOnt.owl#Care(GSat_u1)
http://siul02.si.ehu.es/Aingeru/OperOnt.owl#EmergencyNotice(GSat_u1) → http://siul02.si.ehu.es/Aingeru/OperOnt.owl#Request(GSat_u1)
http://siul02.si.ehu.es/Aingeru/OperOnt.owl#DumpMedicalAppointment(GSat_u1) → http://siul02.si.ehu.es/Aingeru/OperOnt.owl#MedicalAppointment(GSat_u1)
http://siul02.si.ehu.es/Aingeru/OperOnt.owl#HumanAgent(GSat_u1) → http://siul02.si.ehu.es/Aingeru/OperOnt.owl#Actor(GSat_u1)
http://siul02.si.ehu.es/Aingeru/OperOnt.owl#theUri(GSat_u2,GSat_u1) → http://www.w3.org/TR/xmlschema-2/#anyURI(GSat_u1)
http://siul02.si.ehu.es/Aingeru/OperOnt.owl#sensorType(GSat_u1,GSat_u2) → http://siul02.si.ehu.es/Aingeru/OperOnt.owl#Sensor(GSat_u1)
http://siul02.si.ehu.es/Aingeru/OperOnt.owl#theSubject(GSat_u1,GSat_u2) & http://siul02.si.ehu.es/Aingeru/OperOnt.owl#Query(GSat_u1) & http://siul02.si.ehu.es/Aingeru/OperOnt.owl#DumpVitalSign(GSat_u2) → http://siul02.si.ehu.es/Aingeru/OperOnt.owl#DumpVitalSignQuery(GSat_u1)
http://siul02.si.ehu.es/Aingeru/OperOnt.owl#DumpMedicine(GSat_u1) → http://siul02.si.ehu.es/Aingeru/OperOnt.owl#Medicine(GSat_u1)
http://siul02.si.ehu.es/Aingeru/OperOnt.owl#Time(GSat_u1) → http://siul02.si.ehu.es/Aingeru/OperOnt.owl#Subject(GSat_u1)
http://siul02.si.ehu.es/Aingeru/OperOnt.owl#Inform(GSat_u1) & http://siul02.si.ehu.es/Aingeru/OperOnt.owl#theSubject(GSat_u1,GSat_u2) & http://siul02.si.ehu.es/Aingeru/OperOnt.owl#HospitalSubject(GSat_u2) → http://siul02.si.ehu.es/Aingeru/OperOnt.owl#HospitalInform(GSat_u1)
http://siul02.si.ehu.es/Aingeru/OperOnt.owl#UrgencyNotice(GSat_u1) → http://siul02.si.ehu.es/Aingeru/OperOnt.owl#Request(GSat_u1)
http://siul02.si.ehu.es/Aingeru/OperOnt.owl#Refuse(GSat_u1) → http://siul02.si.ehu.es/Aingeru/OperOnt.owl#Message(GSat_u1)
http://siul02.si.ehu.es/Aingeru/OperOnt.owl#BluetoothAgent(GSat_u1) → http://siul02.si.ehu.es/Aingeru/OperOnt.owl#PDAAgent(GSat_u1)
http://siul02.si.ehu.es/Aingeru/OperOnt.owl#DumpLocationQuery(GSat_u1) → http://siul02.si.ehu.es/Aingeru/OperOnt.owl#Request(GSat_u1)
http://siul02.si.ehu.es/Aingeru/OperOnt.owl#MedicineQuery(GSat_u1) → http://siul02.si.ehu.es/Aingeru/OperOnt.owl#Query-ref(GSat_u1)
http://siul02.si.ehu.es/Aingeru/OperOnt.owl#theInform(GSat_u1,GSat_u2) → http://siul02.si.ehu.es/Aingeru/OperOnt.owl#Inform-result(GSat_u1)
http://siul02.si.ehu.es/Aingeru/OperOnt.owl#BluetoothSensorQuery(GSat_u1) → http://siul02.si.ehu.es/Aingeru/OperOnt.owl#Query-ref(GSat_u1)
http://siul02.si.ehu.es/Aingeru/OperOnt.owl#Inform(GSat_u1) & http://siul02.si.ehu.es/Aingeru/OperOnt.owl#theSubject(GSat_u1,GSat_u2) & http://siul02.si.ehu.es/Aingeru/OperOnt.owl#GeneralSensor(GSat_u2) → http://siul02.si.ehu.es/Aingeru/OperOnt.owl#GeneralSensorInform(GSat_u1)
http://siul02.si.ehu.es/Aingeru/OperOnt.owl#theSender(GSat_u1,GSat_u2) → http://siul02.si.ehu.es/Aingeru/OperOnt.owl#Message(GSat_u1)
http://siul02.si.ehu.es/Aingeru/OperOnt.owl#TimeSubscription(GSat_u1) → http://siul02.si.ehu.es/Aingeru/OperOnt.owl#Subscribe(GSat_u1)
http://siul02.si.ehu.es/Aingeru/OperOnt.owl#ReadInform(GSat_u1) → http://siul02.si.ehu.es/Aingeru/OperOnt.owl#Inform-result(GSat_u1)
http://siul02.si.ehu.es/Aingeru/OperOnt.owl#QuestionInform(GSat_u1) → http://siul02.si.ehu.es/Aingeru/OperOnt.owl#Inform-result(GSat_u1)
http://siul02.si.ehu.es/Aingeru/OperOnt.owl#User(GSat_u1) → http://siul02.si.ehu.es/Aingeru/OperOnt.owl#HumanAgent(GSat_u1)
http://siul02.si.ehu.es/Aingeru/OperOnt.owl#Write(GSat_u1) → http://siul02.si.ehu.es/Aingeru/OperOnt.owl#InputOutput(GSat_u1)
http://siul02.si.ehu.es/Aingeru/OperOnt.owl#DumpMedicalAppointmentQuery(GSat_u1) → http://siul02.si.ehu.es/Aingeru/OperOnt.owl#Request(GSat_u1)
http://siul02.si.ehu.es/Aingeru/OperOnt.owl#DumpMedicineInform(GSat_u1) → http://siul02.si.ehu.es/Aingeru/OperOnt.owl#Inform-result(GSat_u1)
http://siul02.si.ehu.es/Aingeru/OperOnt.owl#LocationAgent(GSat_u1) → http://siul02.si.ehu.es/Aingeru/OperOnt.owl#PDAAgent(GSat_u1)
http://siul02.si.ehu.es/Aingeru/OperOnt.owl#sensorUnits(GSat_u2,GSat_u1) → http://www.w3.org/2001/XMLSchema#string(GSat_u1)
http://siul02.si.ehu.es/Aingeru/OperOnt.owl#theLocation(GSat_u2,GSat_u1) → http://siul02.si.ehu.es/Aingeru/OperOnt.owl#Location(GSat_u1)
http://siul02.si.ehu.es/Aingeru/OperOnt.owl#Inform(GSat_u1) & http://siul02.si.ehu.es/Aingeru/OperOnt.owl#theSubject(GSat_u1,GSat_u2) & http://siul02.si.ehu.es/Aingeru/OperOnt.owl#Medicine(GSat_u2) → http://siul02.si.ehu.es/Aingeru/OperOnt.owl#MedicineInfom(GSat_u1)
http://siul02.si.ehu.es/Aingeru/OperOnt.owl#Inform(GSat_u1) & http://siul02.si.ehu.es/Aingeru/OperOnt.owl#theSubject(GSat_u1,GSat_u2) & http://siul02.si.ehu.es/Aingeru/OperOnt.owl#BluetoothSensor(GSat_u2) → http://siul02.si.ehu.es/Aingeru/OperOnt.owl#BluetoothSensorInform(GSat_u1)
http://siul02.si.ehu.es/Aingeru/OperOnt.owl#PDAAgent(GSat_u1) → http://siul02.si.ehu.es/Aingeru/OperOnt.owl#SoftwareAgent(GSat_u1)
http://siul02.si.ehu.es/Aingeru/OperOnt.owl#theSubject(GSat_u1,GSat_u2) & http://siul02.si.ehu.es/Aingeru/OperOnt.owl#Request(GSat_u1) & http://siul02.si.ehu.es/Aingeru/OperOnt.owl#Medicine(GSat_u2) → http://siul02.si.ehu.es/Aingeru/OperOnt.owl#MedicineModify(GSat_u1)
http://siul02.si.ehu.es/Aingeru/OperOnt.owl#Write(GSat_u2) & http://siul02.si.ehu.es/Aingeru/OperOnt.owl#theSubject(GSat_u1,GSat_u2) & http://siul02.si.ehu.es/Aingeru/OperOnt.owl#Query(GSat_u1) → http://siul02.si.ehu.es/Aingeru/OperOnt.owl#WriteQuery(GSat_u1)
http://siul02.si.ehu.es/Aingeru/OperOnt.owl#DumpLocation(GSat_u1) → http://siul02.si.ehu.es/Aingeru/OperOnt.owl#Location(GSat_u1)
http://siul02.si.ehu.es/Aingeru/OperOnt.owl#MedicalAppointmentsManagementAgent(GSat_u1) → http://siul02.si.ehu.es/Aingeru/OperOnt.owl#ManagementAgent(GSat_u1)
http://siul02.si.ehu.es/Aingeru/OperOnt.owl#Inform(GSat_u1) & http://siul02.si.ehu.es/Aingeru/OperOnt.owl#theSubject(GSat_u1,GSat_u2) & http://siul02.si.ehu.es/Aingeru/OperOnt.owl#DumpMedicine(GSat_u2) → http://siul02.si.ehu.es/Aingeru/OperOnt.owl#DumpMedicineInform(GSat_u1)
http://siul02.si.ehu.es/Aingeru/OperOnt.owl#DumpVitalSignInform(GSat_u1) → http://siul02.si.ehu.es/Aingeru/OperOnt.owl#Inform-result(GSat_u1)
http://siul02.si.ehu.es/Aingeru/OperOnt.owl#MedicineManagementAgent(GSat_u1) → http://siul02.si.ehu.es/Aingeru/OperOnt.owl#ManagementAgent(GSat_u1)
http://siul02.si.ehu.es/Aingeru/OperOnt.owl#Staff(GSat_u1) → http://siul02.si.ehu.es/Aingeru/OperOnt.owl#UserResponsible(GSat_u1)
http://siul02.si.ehu.es/Aingeru/OperOnt.owl#theVitalSigns(GSat_u1,GSat_u2) → http://siul02.si.ehu.es/Aingeru/OperOnt.owl#Emergency(GSat_u1)
http://siul02.si.ehu.es/Aingeru/OperOnt.owl#theInform(GSat_u2,GSat_u1) → http://www.w3.org/2001/XMLSchema#string(GSat_u1)
http://siul02.si.ehu.es/Aingeru/OperOnt.owl#TimeNotice(GSat_u1) → http://siul02.si.ehu.es/Aingeru/OperOnt.owl#Inform-result(GSat_u1)
http://siul02.si.ehu.es/Aingeru/OperOnt.owl#SoftwareAgent(GSat_u1) → http://siul02.si.ehu.es/Aingeru/OperOnt.owl#Actor(GSat_u1)
http://siul02.si.ehu.es/Aingeru/OperOnt.owl#theSubject(GSat_u1,GSat_u2) & http://siul02.si.ehu.es/Aingeru/OperOnt.owl#Query(GSat_u1) & http://siul02.si.ehu.es/Aingeru/OperOnt.owl#DumpLocation(GSat_u2) → http://siul02.si.ehu.es/Aingeru/OperOnt.owl#DumpLocationQuery(GSat_u1)
http://siul02.si.ehu.es/Aingeru/OperOnt.owl#Location(GSat_u1) → http://siul02.si.ehu.es/Aingeru/OperOnt.owl#Subject(GSat_u1)
http://siul02.si.ehu.es/Aingeru/OperOnt.owl#theSubject(GSat_u2,GSat_u1) → http://siul02.si.ehu.es/Aingeru/OperOnt.owl#Subject(GSat_u1)
http://siul02.si.ehu.es/Aingeru/OperOnt.owl#Query-ref(GSat_u1) & http://siul02.si.ehu.es/Aingeru/OperOnt.owl#theSubject(GSat_u1,GSat_u2) & http://siul02.si.ehu.es/Aingeru/OperOnt.owl#MedicalAppointment(GSat_u2) → http://siul02.si.ehu.es/Aingeru/OperOnt.owl#MedicalAppointmentQuery(GSat_u1)
http://siul02.si.ehu.es/Aingeru/OperOnt.owl#Medicine(GSat_u1) → http://siul02.si.ehu.es/Aingeru/OperOnt.owl#Subject(GSat_u1)
http://siul02.si.ehu.es/Aingeru/OperOnt.owl#Query-ref(GSat_u1) & http://siul02.si.ehu.es/Aingeru/OperOnt.owl#theSubject(GSat_u1,GSat_u2) & http://siul02.si.ehu.es/Aingeru/OperOnt.owl#Medicine(GSat_u2) → http://siul02.si.ehu.es/Aingeru/OperOnt.owl#MedicineQuery(GSat_u1)
http://siul02.si.ehu.es/Aingeru/OperOnt.owl#theSubject(GSat_u1,GSat_u2) & http://siul02.si.ehu.es/Aingeru/OperOnt.owl#Time(GSat_u2) & http://siul02.si.ehu.es/Aingeru/OperOnt.owl#Subscribe(GSat_u1) → http://siul02.si.ehu.es/Aingeru/OperOnt.owl#TimeSubscription(GSat_u1)
http://siul02.si.ehu.es/Aingeru/OperOnt.owl#period(GSat_u2,GSat_u1) → http://www.w3.org/2001/XMLSchema#integer(GSat_u1)
http://siul02.si.ehu.es/Aingeru/OperOnt.owl#Urgency(GSat_u1) → http://siul02.si.ehu.es/Aingeru/OperOnt.owl#Subject(GSat_u1)
http://siul02.si.ehu.es/Aingeru/OperOnt.owl#WebUrgency(GSat_u1) → http://siul02.si.ehu.es/Aingeru/OperOnt.owl#Health(GSat_u1)
http://siul02.si.ehu.es/Aingeru/OperOnt.owl#DumpAppointmentInform(GSat_u1) → http://siul02.si.ehu.es/Aingeru/OperOnt.owl#Inform-result(GSat_u1)
http://siul02.si.ehu.es/Aingeru/OperOnt.owl#MedicineAgent(GSat_u1) → http://siul02.si.ehu.es/Aingeru/OperOnt.owl#PDAAgent(GSat_u1)
http://siul02.si.ehu.es/Aingeru/OperOnt.owl#Emergency(GSat_u1) → http://siul02.si.ehu.es/Aingeru/OperOnt.owl#Subject(GSat_u1)
http://siul02.si.ehu.es/Aingeru/OperOnt.owl#theUri(GSat_u1,GSat_u2) → http://siul02.si.ehu.es/Aingeru/OperOnt.owl#AingeruWebService(GSat_u1)
http://siul02.si.ehu.es/Aingeru/OperOnt.owl#Inform(GSat_u1) & http://siul02.si.ehu.es/Aingeru/OperOnt.owl#theSubject(GSat_u1,GSat_u2) & http://siul02.si.ehu.es/Aingeru/OperOnt.owl#DumpVitalSign(GSat_u2) → http://siul02.si.ehu.es/Aingeru/OperOnt.owl#DumpVitalSignInform(GSat_u1)
http://siul02.si.ehu.es/Aingeru/OperOnt.owl#Inform(GSat_u1) & http://siul02.si.ehu.es/Aingeru/OperOnt.owl#theSubject(GSat_u1,GSat_u2) & http://siul02.si.ehu.es/Aingeru/OperOnt.owl#MedicalAppointment(GSat_u2) → http://siul02.si.ehu.es/Aingeru/OperOnt.owl#MedicalAppointmentInform(GSat_u1)
http://siul02.si.ehu.es/Aingeru/OperOnt.owl#Question(GSat_u1) → http://siul02.si.ehu.es/Aingeru/OperOnt.owl#InputOutput(GSat_u1)
http://siul02.si.ehu.es/Aingeru/OperOnt.owl#theSubject(GSat_u1,GSat_u2) & http://siul02.si.ehu.es/Aingeru/OperOnt.owl#HospitalSubject(GSat_u2) & http://siul02.si.ehu.es/Aingeru/OperOnt.owl#Query(GSat_u1) → http://siul02.si.ehu.es/Aingeru/OperOnt.owl#HospitalQuery(GSat_u1)
http://siul02.si.ehu.es/Aingeru/OperOnt.owl#WriteQuery(GSat_u1) → http://siul02.si.ehu.es/Aingeru/OperOnt.owl#Request(GSat_u1)
http://siul02.si.ehu.es/Aingeru/OperOnt.owl#External(GSat_u1) → http://siul02.si.ehu.es/Aingeru/OperOnt.owl#AingeruWebService(GSat_u1)
http://siul02.si.ehu.es/Aingeru/OperOnt.owl#theLocation(GSat_u1,GSat_u2) → http://siul02.si.ehu.es/Aingeru/OperOnt.owl#Emergency(GSat_u1)
http://siul02.si.ehu.es/Aingeru/OperOnt.owl#BluetoothSensor(GSat_u1) → http://siul02.si.ehu.es/Aingeru/OperOnt.owl#Sensor(GSat_u1)
http://siul02.si.ehu.es/Aingeru/OperOnt.owl#HospitalSubject(GSat_u1) → http://siul02.si.ehu.es/Aingeru/OperOnt.owl#Subject(GSat_u1)
http://siul02.si.ehu.es/Aingeru/OperOnt.owl#DumpVitalSignQuery(GSat_u1) → http://siul02.si.ehu.es/Aingeru/OperOnt.owl#Request(GSat_u1)
http://siul02.si.ehu.es/Aingeru/OperOnt.owl#Inform(GSat_u1) & http://siul02.si.ehu.es/Aingeru/OperOnt.owl#theSubject(GSat_u1,GSat_u2) & http://siul02.si.ehu.es/Aingeru/OperOnt.owl#Location(GSat_u2) → http://siul02.si.ehu.es/Aingeru/OperOnt.owl#LocationInform(GSat_u1)
http://siul02.si.ehu.es/Aingeru/OperOnt.owl#Cancel(GSat_u1) → http://siul02.si.ehu.es/Aingeru/OperOnt.owl#Message(GSat_u1)
http://siul02.si.ehu.es/Aingeru/OperOnt.owl#theVitalSigns(GSat_u2,GSat_u1) → http://siul02.si.ehu.es/Aingeru/OperOnt.owl#VitalSign(GSat_u1)
http://siul02.si.ehu.es/Aingeru/OperOnt.owl#Sanitary(GSat_u1) → http://siul02.si.ehu.es/Aingeru/OperOnt.owl#UserResponsible(GSat_u1)
http://siul02.si.ehu.es/Aingeru/OperOnt.owl#theSender(GSat_u2,GSat_u1) → http://siul02.si.ehu.es/Aingeru/OperOnt.owl#Actor(GSat_u1)
http://siul02.si.ehu.es/Aingeru/OperOnt.owl#theSubject(GSat_u1,GSat_u2) & http://siul02.si.ehu.es/Aingeru/OperOnt.owl#Query(GSat_u1) & http://siul02.si.ehu.es/Aingeru/OperOnt.owl#Question(GSat_u2) → http://siul02.si.ehu.es/Aingeru/OperOnt.owl#QuestionQuery(GSat_u1)
http://siul02.si.ehu.es/Aingeru/OperOnt.owl#Dump(GSat_u1) → http://siul02.si.ehu.es/Aingeru/OperOnt.owl#Subject(GSat_u1)
http://siul02.si.ehu.es/Aingeru/OperOnt.owl#WebHealthAppointment(GSat_u1) → http://siul02.si.ehu.es/Aingeru/OperOnt.owl#Health(GSat_u1)
http://siul02.si.ehu.es/Aingeru/OperOnt.owl#theSubject(GSat_u1,GSat_u2) & http://siul02.si.ehu.es/Aingeru/OperOnt.owl#Read(GSat_u2) & http://siul02.si.ehu.es/Aingeru/OperOnt.owl#Query(GSat_u1) → http://siul02.si.ehu.es/Aingeru/OperOnt.owl#ReadQuery(GSat_u1)
http://siul02.si.ehu.es/Aingeru/OperOnt.owl#toWhich(GSat_u2,GSat_u1) → http://siul02.si.ehu.es/Aingeru/OperOnt.owl#Message(GSat_u1)
http://siul02.si.ehu.es/Aingeru/OperOnt.owl#BluetoothSensorInform(GSat_u1) → http://siul02.si.ehu.es/Aingeru/OperOnt.owl#Inform-result(GSat_u1)
http://siul02.si.ehu.es/Aingeru/OperOnt.owl#theSubject(GSat_u1,GSat_u2) & http://siul02.si.ehu.es/Aingeru/OperOnt.owl#Query(GSat_u1) & http://siul02.si.ehu.es/Aingeru/OperOnt.owl#DumpSensor(GSat_u2) → http://siul02.si.ehu.es/Aingeru/OperOnt.owl#DumpSensorQuery(GSat_u1)
http://siul02.si.ehu.es/Aingeru/OperOnt.owl#UserResponsible(GSat_u1) → http://siul02.si.ehu.es/Aingeru/OperOnt.owl#HumanAgent(GSat_u1)
http://siul02.si.ehu.es/Aingeru/OperOnt.owl#Health(GSat_u1) → http://siul02.si.ehu.es/Aingeru/OperOnt.owl#AingeruWebService(GSat_u1)
http://siul02.si.ehu.es/Aingeru/OperOnt.owl#Inform-result(GSat_u1) → http://siul02.si.ehu.es/Aingeru/OperOnt.owl#Inform(GSat_u1)
http://siul02.si.ehu.es/Aingeru/OperOnt.owl#theSubject(GSat_u1,GSat_u2) & http://siul02.si.ehu.es/Aingeru/OperOnt.owl#Query(GSat_u1) & http://siul02.si.ehu.es/Aingeru/OperOnt.owl#VitalSign(GSat_u2) → http://siul02.si.ehu.es/Aingeru/OperOnt.owl#VitalSignQuery(GSat_u1)
http://siul02.si.ehu.es/Aingeru/OperOnt.owl#Request(GSat_u1) → http://siul02.si.ehu.es/Aingeru/OperOnt.owl#Query(GSat_u1)
http://siul02.si.ehu.es/Aingeru/OperOnt.owl#theSubject(GSat_u1,GSat_u2) & http://siul02.si.ehu.es/Aingeru/OperOnt.owl#Urgency(GSat_u2) & http://siul02.si.ehu.es/Aingeru/OperOnt.owl#Query(GSat_u1) → http://siul02.si.ehu.es/Aingeru/OperOnt.owl#UrgencyNotice(GSat_u1)
http://siul02.si.ehu.es/Aingeru/OperOnt.owl#Inform(GSat_u1) & http://siul02.si.ehu.es/Aingeru/OperOnt.owl#theSubject(GSat_u1,GSat_u2) & http://siul02.si.ehu.es/Aingeru/OperOnt.owl#VitalSign(GSat_u2) → http://siul02.si.ehu.es/Aingeru/OperOnt.owl#VitalSignInform(GSat_u1)
http://siul02.si.ehu.es/Aingeru/OperOnt.owl#VitalSign(GSat_u1) → http://siul02.si.ehu.es/Aingeru/OperOnt.owl#Subject(GSat_u1)
http://siul02.si.ehu.es/Aingeru/OperOnt.owl#Inform(GSat_u1) & http://siul02.si.ehu.es/Aingeru/OperOnt.owl#DumpMedicalAppointment(GSat_u2) & http://siul02.si.ehu.es/Aingeru/OperOnt.owl#theSubject(GSat_u1,GSat_u2) → http://siul02.si.ehu.es/Aingeru/OperOnt.owl#DumpMedicalAppointmentInform(GSat_u1)
http://siul02.si.ehu.es/Aingeru/OperOnt.owl#WebAppointment(GSat_u1) → http://siul02.si.ehu.es/Aingeru/OperOnt.owl#Control(GSat_u1)
http://siul02.si.ehu.es/Aingeru/OperOnt.owl#theSubject(GSat_u1,GSat_u2) & http://siul02.si.ehu.es/Aingeru/OperOnt.owl#BluetoothSensor(GSat_u2) & http://siul02.si.ehu.es/Aingeru/OperOnt.owl#Query(GSat_u1) → http://siul02.si.ehu.es/Aingeru/OperOnt.owl#BluetoothSensorQuery(GSat_u1)
http://siul02.si.ehu.es/Aingeru/OperOnt.owl#VitalSignInform(GSat_u1) → http://siul02.si.ehu.es/Aingeru/OperOnt.owl#Inform-result(GSat_u1)
http://siul02.si.ehu.es/Aingeru/OperOnt.owl#theSubject(GSat_u1,GSat_u2) & http://siul02.si.ehu.es/Aingeru/OperOnt.owl#Query(GSat_u1) & http://siul02.si.ehu.es/Aingeru/OperOnt.owl#DumpAppointment(GSat_u2) → http://siul02.si.ehu.es/Aingeru/OperOnt.owl#DumpAppointmentQuery(GSat_u1)
http://siul02.si.ehu.es/Aingeru/OperOnt.owl#HospitalManagementAgent(GSat_u1) → http://siul02.si.ehu.es/Aingeru/OperOnt.owl#ManagementAgent(GSat_u1)
http://siul02.si.ehu.es/Aingeru/OperOnt.owl#tryNumber(GSat_u1,GSat_u2) → http://siul02.si.ehu.es/Aingeru/OperOnt.owl#Message(GSat_u1)
http://siul02.si.ehu.es/Aingeru/OperOnt.owl#DumpMedicalAppointment(GSat_u2) & http://siul02.si.ehu.es/Aingeru/OperOnt.owl#theSubject(GSat_u1,GSat_u2) & http://siul02.si.ehu.es/Aingeru/OperOnt.owl#Query(GSat_u1) → http://siul02.si.ehu.es/Aingeru/OperOnt.owl#DumpMedicalAppointmentQuery(GSat_u1)
http://siul02.si.ehu.es/Aingeru/OperOnt.owl#ControlAgent(GSat_u1) → http://siul02.si.ehu.es/Aingeru/OperOnt.owl#ManagementAgent(GSat_u1)
http://siul02.si.ehu.es/Aingeru/OperOnt.owl#WebSensor(GSat_u1) → http://siul02.si.ehu.es/Aingeru/OperOnt.owl#Control(GSat_u1)
http://siul02.si.ehu.es/Aingeru/OperOnt.owl#Query-ref(GSat_u1) → http://siul02.si.ehu.es/Aingeru/OperOnt.owl#Query(GSat_u1)
http://siul02.si.ehu.es/Aingeru/OperOnt.owl#DumpAppointment(GSat_u1) → http://siul02.si.ehu.es/Aingeru/OperOnt.owl#Dump(GSat_u1)
http://siul02.si.ehu.es/Aingeru/OperOnt.owl#MedicineModify(GSat_u1) → http://siul02.si.ehu.es/Aingeru/OperOnt.owl#Request(GSat_u1)
http://siul02.si.ehu.es/Aingeru/OperOnt.owl#DumpLocationInform(GSat_u1) → http://siul02.si.ehu.es/Aingeru/OperOnt.owl#Inform-result(GSat_u1)
http://siul02.si.ehu.es/Aingeru/OperOnt.owl#AingeruWebService(GSat_u1) → damls:Service(GSat_u1)
http://siul02.si.ehu.es/Aingeru/OperOnt.owl#theSubject(GSat_u1,GSat_u2) & http://siul02.si.ehu.es/Aingeru/OperOnt.owl#Location(GSat_u2) & http://siul02.si.ehu.es/Aingeru/OperOnt.owl#Query(GSat_u1) → http://siul02.si.ehu.es/Aingeru/OperOnt.owl#LocationQuery(GSat_u1)
http://siul02.si.ehu.es/Aingeru/OperOnt.owl#theReceiver(GSat_u1,GSat_u2) → http://siul02.si.ehu.es/Aingeru/OperOnt.owl#Message(GSat_u1)
http://siul02.si.ehu.es/Aingeru/OperOnt.owl#DumpSensorInform(GSat_u1) → http://siul02.si.ehu.es/Aingeru/OperOnt.owl#Inform-result(GSat_u1)
http://siul02.si.ehu.es/Aingeru/OperOnt.owl#priority(GSat_u2,GSat_u1) → http://www.w3.org/2001/XMLSchema#string(GSat_u1)
http://siul02.si.ehu.es/Aingeru/OperOnt.owl#DumpAppointmentQuery(GSat_u1) → http://siul02.si.ehu.es/Aingeru/OperOnt.owl#Request(GSat_u1)
http://siul02.si.ehu.es/Aingeru/OperOnt.owl#theSubject(GSat_u1,GSat_u2) & http://siul02.si.ehu.es/Aingeru/OperOnt.owl#BluetoothSensor(GSat_u2) & http://siul02.si.ehu.es/Aingeru/OperOnt.owl#Subscribe(GSat_u1) → http://siul02.si.ehu.es/Aingeru/OperOnt.owl#BluetoothSensorSubscription(GSat_u1)
http://siul02.si.ehu.es/Aingeru/OperOnt.owl#theSubject(GSat_u1,GSat_u2) & http://siul02.si.ehu.es/Aingeru/OperOnt.owl#MedicalAppointment(GSat_u2) & http://siul02.si.ehu.es/Aingeru/OperOnt.owl#Request(GSat_u1) → http://siul02.si.ehu.es/Aingeru/OperOnt.owl#MedicalAppointmentModify(GSat_u1)
http://siul02.si.ehu.es/Aingeru/OperOnt.owl#MedicalAppointmentAgent(GSat_u1) → http://siul02.si.ehu.es/Aingeru/OperOnt.owl#PDAAgent(GSat_u1)
http://siul02.si.ehu.es/Aingeru/OperOnt.owl#information(GSat_u2,GSat_u1) → http://www.w3.org/2001/XMLSchema#string(GSat_u1)
http://siul02.si.ehu.es/Aingeru/OperOnt.owl#Sensor(GSat_u1) → http://siul02.si.ehu.es/Aingeru/OperOnt.owl#Subject(GSat_u1)
http://siul02.si.ehu.es/Aingeru/OperOnt.owl#DumpMedicalAppointmentInform(GSat_u1) → http://siul02.si.ehu.es/Aingeru/OperOnt.owl#Inform-result(GSat_u1)
http://siul02.si.ehu.es/Aingeru/OperOnt.owl#period(GSat_u1,GSat_u2) → http://siul02.si.ehu.es/Aingeru/OperOnt.owl#Subscribe(GSat_u1)
http://siul02.si.ehu.es/Aingeru/OperOnt.owl#Inform(GSat_u1) & http://siul02.si.ehu.es/Aingeru/OperOnt.owl#theSubject(GSat_u1,GSat_u2) & http://siul02.si.ehu.es/Aingeru/OperOnt.owl#DumpLocation(GSat_u2) → http://siul02.si.ehu.es/Aingeru/OperOnt.owl#DumpLocationInform(GSat_u1)
http://siul02.si.ehu.es/Aingeru/OperOnt.owl#ident(GSat_u2,GSat_u1) → http://www.w3.org/2001/XMLSchema#string(GSat_u1)
http://siul02.si.ehu.es/Aingeru/OperOnt.owl#EmergencyAgent(GSat_u1) → http://siul02.si.ehu.es/Aingeru/OperOnt.owl#PDAAgent(GSat_u1)
http://siul02.si.ehu.es/Aingeru/OperOnt.owl#GeneralSensorInform(GSat_u1) → http://siul02.si.ehu.es/Aingeru/OperOnt.owl#Inform-result(GSat_u1)
http://siul02.si.ehu.es/Aingeru/OperOnt.owl#Inform(GSat_u1) & http://siul02.si.ehu.es/Aingeru/OperOnt.owl#theSubject(GSat_u1,GSat_u2) & http://siul02.si.ehu.es/Aingeru/OperOnt.owl#Time(GSat_u2) → http://siul02.si.ehu.es/Aingeru/OperOnt.owl#TimeNotice(GSat_u1)
http://siul02.si.ehu.es/Aingeru/OperOnt.owl#ManagementAgent(GSat_u1) → http://siul02.si.ehu.es/Aingeru/OperOnt.owl#SoftwareAgent(GSat_u1)
http://siul02.si.ehu.es/Aingeru/OperOnt.owl#InputOutput(GSat_u1) → http://siul02.si.ehu.es/Aingeru/OperOnt.owl#Subject(GSat_u1)
http://siul02.si.ehu.es/Aingeru/OperOnt.owl#sensorUnits(GSat_u1,GSat_u2) → http://siul02.si.ehu.es/Aingeru/OperOnt.owl#Sensor(GSat_u1)
http://siul02.si.ehu.es/Aingeru/OperOnt.owl#DumpVitalSign(GSat_u1) → http://siul02.si.ehu.es/Aingeru/OperOnt.owl#VitalSign(GSat_u1)
http://siul02.si.ehu.es/Aingeru/OperOnt.owl#WebMedicine(GSat_u1) → http://siul02.si.ehu.es/Aingeru/OperOnt.owl#Control(GSat_u1)
http://siul02.si.ehu.es/Aingeru/OperOnt.owl#Technical(GSat_u1) → http://siul02.si.ehu.es/Aingeru/OperOnt.owl#AingeruWebService(GSat_u1)
http://siul02.si.ehu.es/Aingeru/OperOnt.owl#QuestionQuery(GSat_u1) → http://siul02.si.ehu.es/Aingeru/OperOnt.owl#Request(GSat_u1)
http://siul02.si.ehu.es/Aingeru/OperOnt.owl#Inform(GSat_u1) & http://siul02.si.ehu.es/Aingeru/OperOnt.owl#theSubject(GSat_u1,GSat_u2) & http://siul02.si.ehu.es/Aingeru/OperOnt.owl#DumpAppointment(GSat_u2) → http://siul02.si.ehu.es/Aingeru/OperOnt.owl#DumpAppointmentInform(GSat_u1)
http://siul02.si.ehu.es/Aingeru/OperOnt.owl#ReadQuery(GSat_u1) → http://siul02.si.ehu.es/Aingeru/OperOnt.owl#Request(GSat_u1)
http://siul02.si.ehu.es/Aingeru/OperOnt.owl#Inform(GSat_u1) → http://siul02.si.ehu.es/Aingeru/OperOnt.owl#Message(GSat_u1)
=========================================
