Starting Saturation...
Executing from DLGP files
SLF4J: Failed to load class "org.slf4j.impl.StaticLoggerBinder".
SLF4J: Defaulting to no-operation (NOP) logger implementation
SLF4J: See http://www.slf4j.org/codes.html#StaticLoggerBinder for further details.
# Rules: 18812; # Atoms: 0; # AtomSets: 0; # Queries: 0; # Constraints: 0
Full TGD saturation algorithm: hyperresolution Sat
Running HyperSat...
Nov 26, 2021 5:14:32 PM uk.ac.ox.cs.gsat.AbstractSaturation run
INFO: HyperSat discarded rules : 0/18812 = 0.000%
HyperSat discarded rules : 0/18812 = 0.000%
Nov 26, 2021 5:14:33 PM uk.ac.ox.cs.gsat.AbstractSaturation run
INFO: Subsumption method : tree_predicate
length of the formulas: 2.024827
number of bags: 46
length of the formulas: 2.024827
number of bags: 46
Nov 26, 2021 5:24:32 PM uk.ac.ox.cs.gsat.SaturationStatistics log
INFO: # initial TGDs: 2107 , 33580
Nov 26, 2021 5:24:32 PM uk.ac.ox.cs.gsat.SaturationStatistics log
INFO: HyperSat total time : 600005 ms = 600.00 s
Nov 26, 2021 5:24:32 PM uk.ac.ox.cs.gsat.SaturationStatistics log
INFO: Subsumed elements : 32980
Nov 26, 2021 5:24:32 PM uk.ac.ox.cs.gsat.SaturationStatistics log
INFO: Filter discarded elements : 860223
Nov 26, 2021 5:24:32 PM uk.ac.ox.cs.gsat.SaturationStatistics log
INFO: subsumption time: 7668 ms = 7.67 s
Nov 26, 2021 5:24:32 PM uk.ac.ox.cs.gsat.SaturationStatistics log
INFO: forward subsumption time: 3747 ms = 3.75 s
Nov 26, 2021 5:24:32 PM uk.ac.ox.cs.gsat.SaturationStatistics log
INFO: backward subsumption time: 3921 ms = 3.92 s
Nov 26, 2021 5:24:32 PM uk.ac.ox.cs.gsat.SaturationStatistics log
INFO: Derived full/non full TGDs: 12827 , 259517
Nov 26, 2021 5:24:32 PM uk.ac.ox.cs.gsat.SaturationStatistics log
INFO: discarded tautology count: 276
Nov 26, 2021 5:24:32 PM uk.ac.ox.cs.gsat.SaturationStatistics log
INFO: !!! TIME OUT !!!
Nov 26, 2021 5:24:32 PM uk.ac.ox.cs.gsat.HyperResolutionStatistics log
INFO: hyperresolution time: 580800 ms = 580.80 s
Nov 26, 2021 5:24:32 PM uk.ac.ox.cs.gsat.HyperResolutionStatistics log
INFO: hyperresolution count: 96391036
Nov 26, 2021 5:24:32 PM uk.ac.ox.cs.gsat.HyperResolutionStatistics log
INFO: hyperresolution failure count: 96118692
Nov 26, 2021 5:24:32 PM uk.ac.ox.cs.gsat.AbstractSaturation run
INFO: ouptput full TGDs not contained in the input: 0
Nov 26, 2021 5:24:32 PM uk.ac.ox.cs.gsat.App executeAllSteps
INFO: Rewriting completed!
Full TGD saturation: (2107 dependecies)
Nov 26, 2021 5:24:32 PM uk.ac.ox.cs.gsat.App executeAllSteps
INFO: Writing the saturation in the Datalog file 00004.rul
