Starting Saturation...
Executing from DLGP files
SLF4J: Failed to load class "org.slf4j.impl.StaticLoggerBinder".
SLF4J: Defaulting to no-operation (NOP) logger implementation
SLF4J: See http://www.slf4j.org/codes.html#StaticLoggerBinder for further details.
# Rules: 5722; # Atoms: 0; # AtomSets: 0; # Queries: 0; # Constraints: 0
Full TGD saturation algorithm: hyperresolution Sat
Running HyperSat...
Nov 26, 2021 6:17:17 PM uk.ac.ox.cs.gsat.AbstractSaturation run
INFO: HyperSat discarded rules : 0/5722 = 0.000%
HyperSat discarded rules : 0/5722 = 0.000%
Nov 26, 2021 6:17:17 PM uk.ac.ox.cs.gsat.AbstractSaturation run
INFO: Subsumption method : tree_predicate
length of the formulas: 2.1041598
number of bags: 21
length of the formulas: 2.1041598
number of bags: 21
Nov 26, 2021 6:27:24 PM uk.ac.ox.cs.gsat.SaturationStatistics log
INFO: # initial TGDs: 3717 , 5586
Nov 26, 2021 6:27:24 PM uk.ac.ox.cs.gsat.SaturationStatistics log
INFO: HyperSat total time : 606481 ms = 606.48 s
Nov 26, 2021 6:27:24 PM uk.ac.ox.cs.gsat.SaturationStatistics log
INFO: Subsumed elements : 2889
Nov 26, 2021 6:27:24 PM uk.ac.ox.cs.gsat.SaturationStatistics log
INFO: Filter discarded elements : 232418
Nov 26, 2021 6:27:24 PM uk.ac.ox.cs.gsat.SaturationStatistics log
INFO: subsumption time: 435 ms = 0.44 s
Nov 26, 2021 6:27:24 PM uk.ac.ox.cs.gsat.SaturationStatistics log
INFO: forward subsumption time: 328 ms = 0.33 s
Nov 26, 2021 6:27:24 PM uk.ac.ox.cs.gsat.SaturationStatistics log
INFO: backward subsumption time: 107 ms = 0.11 s
Nov 26, 2021 6:27:24 PM uk.ac.ox.cs.gsat.SaturationStatistics log
INFO: Derived full/non full TGDs: 1627 , 31404
Nov 26, 2021 6:27:24 PM uk.ac.ox.cs.gsat.SaturationStatistics log
INFO: discarded tautology count: 251
Nov 26, 2021 6:27:24 PM uk.ac.ox.cs.gsat.SaturationStatistics log
INFO: !!! TIME OUT !!!
Nov 26, 2021 6:27:24 PM uk.ac.ox.cs.gsat.HyperResolutionStatistics log
INFO: hyperresolution time: 593264 ms = 593.26 s
Nov 26, 2021 6:27:24 PM uk.ac.ox.cs.gsat.HyperResolutionStatistics log
INFO: hyperresolution count: 142626592
Nov 26, 2021 6:27:24 PM uk.ac.ox.cs.gsat.HyperResolutionStatistics log
INFO: hyperresolution failure count: 142593598
Nov 26, 2021 6:27:24 PM uk.ac.ox.cs.gsat.AbstractSaturation run
INFO: ouptput full TGDs not contained in the input: 1369
Nov 26, 2021 6:27:24 PM uk.ac.ox.cs.gsat.App executeAllSteps
INFO: Rewriting completed!
Full TGD saturation: (5086 dependecies)
Nov 26, 2021 6:27:24 PM uk.ac.ox.cs.gsat.App executeAllSteps
INFO: Writing the saturation in the Datalog file 00030.rul
