Starting Saturation...
Executing from DLGP files
SLF4J: Failed to load class "org.slf4j.impl.StaticLoggerBinder".
SLF4J: Defaulting to no-operation (NOP) logger implementation
SLF4J: See http://www.slf4j.org/codes.html#StaticLoggerBinder for further details.
# Rules: 94660; # Atoms: 0; # AtomSets: 0; # Queries: 0; # Constraints: 0
Full TGD saturation algorithm: hyperresolution Sat
Running HyperSat...
Nov 26, 2021 8:18:53 PM uk.ac.ox.cs.gsat.AbstractSaturation run
INFO: HyperSat discarded rules : 0/94660 = 0.000%
HyperSat discarded rules : 0/94660 = 0.000%
Nov 26, 2021 8:18:55 PM uk.ac.ox.cs.gsat.AbstractSaturation run
INFO: Subsumption method : tree_predicate
length of the formulas: 2.1594844
number of bags: 59
length of the formulas: 2.1594844
number of bags: 59
Nov 26, 2021 8:28:53 PM uk.ac.ox.cs.gsat.SaturationStatistics log
INFO: # initial TGDs: 71082 , 30834
Nov 26, 2021 8:28:54 PM uk.ac.ox.cs.gsat.SaturationStatistics log
INFO: HyperSat total time : 600275 ms = 600.27 s
Nov 26, 2021 8:28:54 PM uk.ac.ox.cs.gsat.SaturationStatistics log
INFO: Subsumed elements : 4691
Nov 26, 2021 8:28:54 PM uk.ac.ox.cs.gsat.SaturationStatistics log
INFO: Filter discarded elements : 119819
Nov 26, 2021 8:28:54 PM uk.ac.ox.cs.gsat.SaturationStatistics log
INFO: subsumption time: 539 ms = 0.54 s
Nov 26, 2021 8:28:54 PM uk.ac.ox.cs.gsat.SaturationStatistics log
INFO: forward subsumption time: 295 ms = 0.29 s
Nov 26, 2021 8:28:54 PM uk.ac.ox.cs.gsat.SaturationStatistics log
INFO: backward subsumption time: 244 ms = 0.24 s
Nov 26, 2021 8:28:54 PM uk.ac.ox.cs.gsat.SaturationStatistics log
INFO: Derived full/non full TGDs: 2917 , 16322
Nov 26, 2021 8:28:54 PM uk.ac.ox.cs.gsat.SaturationStatistics log
INFO: discarded tautology count: 124
Nov 26, 2021 8:28:54 PM uk.ac.ox.cs.gsat.SaturationStatistics log
INFO: !!! TIME OUT !!!
Nov 26, 2021 8:28:54 PM uk.ac.ox.cs.gsat.HyperResolutionStatistics log
INFO: hyperresolution time: 465177 ms = 465.18 s
Nov 26, 2021 8:28:54 PM uk.ac.ox.cs.gsat.HyperResolutionStatistics log
INFO: hyperresolution count: 939040128
Nov 26, 2021 8:28:54 PM uk.ac.ox.cs.gsat.HyperResolutionStatistics log
INFO: hyperresolution failure count: 939018495
Nov 26, 2021 8:28:54 PM uk.ac.ox.cs.gsat.AbstractSaturation run
INFO: ouptput full TGDs not contained in the input: 2691
Nov 26, 2021 8:28:54 PM uk.ac.ox.cs.gsat.App executeAllSteps
INFO: Rewriting completed!
Full TGD saturation: (73773 dependecies)
Nov 26, 2021 8:28:54 PM uk.ac.ox.cs.gsat.App executeAllSteps
INFO: Writing the saturation in the Datalog file 00042.rul
