Starting Saturation...
Executing from DLGP files
SLF4J: Failed to load class "org.slf4j.impl.StaticLoggerBinder".
SLF4J: Defaulting to no-operation (NOP) logger implementation
SLF4J: See http://www.slf4j.org/codes.html#StaticLoggerBinder for further details.
# Rules: 42; # Atoms: 0; # AtomSets: 0; # Queries: 0; # Constraints: 0
Full TGD saturation algorithm: hyperresolution Sat
Running HyperSat...
Nov 26, 2021 9:28:18 PM uk.ac.ox.cs.gsat.AbstractSaturation run
INFO: HyperSat discarded rules : 0/42 = 0.000%
HyperSat discarded rules : 0/42 = 0.000%
Nov 26, 2021 9:28:18 PM uk.ac.ox.cs.gsat.AbstractSaturation run
INFO: Subsumption method : tree_predicate
length of the formulas: 2.1162791
number of bags: 1
length of the formulas: 2.1162791
number of bags: 1
Nov 26, 2021 9:28:18 PM uk.ac.ox.cs.gsat.SaturationStatistics log
INFO: # initial TGDs: 30 , 13
Nov 26, 2021 9:28:18 PM uk.ac.ox.cs.gsat.SaturationStatistics log
INFO: HyperSat total time : 66 ms = 0.07 s
Nov 26, 2021 9:28:18 PM uk.ac.ox.cs.gsat.SaturationStatistics log
INFO: Subsumed elements : 14
Nov 26, 2021 9:28:18 PM uk.ac.ox.cs.gsat.SaturationStatistics log
INFO: Filter discarded elements : 1960
Nov 26, 2021 9:28:18 PM uk.ac.ox.cs.gsat.SaturationStatistics log
INFO: subsumption time: 5 ms = 0.01 s
Nov 26, 2021 9:28:18 PM uk.ac.ox.cs.gsat.SaturationStatistics log
INFO: forward subsumption time: 3 ms = 0.00 s
Nov 26, 2021 9:28:18 PM uk.ac.ox.cs.gsat.SaturationStatistics log
INFO: backward subsumption time: 2 ms = 0.00 s
Nov 26, 2021 9:28:18 PM uk.ac.ox.cs.gsat.SaturationStatistics log
INFO: Derived full/non full TGDs: 24 , 28
Nov 26, 2021 9:28:18 PM uk.ac.ox.cs.gsat.SaturationStatistics log
INFO: discarded tautology count: 7
Nov 26, 2021 9:28:18 PM uk.ac.ox.cs.gsat.HyperResolutionStatistics log
INFO: hyperresolution time: 11 ms = 0.01 s
Nov 26, 2021 9:28:18 PM uk.ac.ox.cs.gsat.HyperResolutionStatistics log
INFO: hyperresolution count: 1134
Nov 26, 2021 9:28:18 PM uk.ac.ox.cs.gsat.HyperResolutionStatistics log
INFO: hyperresolution failure count: 1067
Nov 26, 2021 9:28:18 PM uk.ac.ox.cs.gsat.AbstractSaturation run
INFO: ouptput full TGDs not contained in the input: 15
Nov 26, 2021 9:28:18 PM uk.ac.ox.cs.gsat.App executeAllSteps
INFO: Rewriting completed!
Full TGD saturation: (45 dependecies)
Nov 26, 2021 9:28:18 PM uk.ac.ox.cs.gsat.App executeAllSteps
INFO: Writing the saturation in the Datalog file 00116.rul
