Starting Saturation...
Executing from DLGP files
SLF4J: Failed to load class "org.slf4j.impl.StaticLoggerBinder".
SLF4J: Defaulting to no-operation (NOP) logger implementation
SLF4J: See http://www.slf4j.org/codes.html#StaticLoggerBinder for further details.
# Rules: 4004; # Atoms: 0; # AtomSets: 0; # Queries: 0; # Constraints: 0
Full TGD saturation algorithm: hyperresolution Sat
Running HyperSat...
Nov 26, 2021 10:29:15 PM uk.ac.ox.cs.gsat.AbstractSaturation run
INFO: HyperSat discarded rules : 0/4004 = 0.000%
HyperSat discarded rules : 0/4004 = 0.000%
Nov 26, 2021 10:29:15 PM uk.ac.ox.cs.gsat.AbstractSaturation run
INFO: Subsumption method : tree_predicate
length of the formulas: 2.0340474
number of bags: 17
length of the formulas: 2.0340474
number of bags: 17
Nov 26, 2021 10:30:04 PM uk.ac.ox.cs.gsat.SaturationStatistics log
INFO: # initial TGDs: 3019 , 2209
Nov 26, 2021 10:30:04 PM uk.ac.ox.cs.gsat.SaturationStatistics log
INFO: HyperSat total time : 49108 ms = 49.11 s
Nov 26, 2021 10:30:04 PM uk.ac.ox.cs.gsat.SaturationStatistics log
INFO: Subsumed elements : 22772
Nov 26, 2021 10:30:04 PM uk.ac.ox.cs.gsat.SaturationStatistics log
INFO: Filter discarded elements : 374306
Nov 26, 2021 10:30:04 PM uk.ac.ox.cs.gsat.SaturationStatistics log
INFO: subsumption time: 765 ms = 0.76 s
Nov 26, 2021 10:30:04 PM uk.ac.ox.cs.gsat.SaturationStatistics log
INFO: forward subsumption time: 523 ms = 0.52 s
Nov 26, 2021 10:30:04 PM uk.ac.ox.cs.gsat.SaturationStatistics log
INFO: backward subsumption time: 241 ms = 0.24 s
Nov 26, 2021 10:30:04 PM uk.ac.ox.cs.gsat.SaturationStatistics log
INFO: Derived full/non full TGDs: 5559 , 48104
Nov 26, 2021 10:30:04 PM uk.ac.ox.cs.gsat.SaturationStatistics log
INFO: discarded tautology count: 1929
Nov 26, 2021 10:30:04 PM uk.ac.ox.cs.gsat.HyperResolutionStatistics log
INFO: hyperresolution time: 39877 ms = 39.88 s
Nov 26, 2021 10:30:04 PM uk.ac.ox.cs.gsat.HyperResolutionStatistics log
INFO: hyperresolution count: 115314313
Nov 26, 2021 10:30:04 PM uk.ac.ox.cs.gsat.HyperResolutionStatistics log
INFO: hyperresolution failure count: 115259942
Nov 26, 2021 10:30:04 PM uk.ac.ox.cs.gsat.AbstractSaturation run
INFO: ouptput full TGDs not contained in the input: 1038
Nov 26, 2021 10:30:04 PM uk.ac.ox.cs.gsat.App executeAllSteps
INFO: Rewriting completed!
Full TGD saturation: (4057 dependecies)
Nov 26, 2021 10:30:04 PM uk.ac.ox.cs.gsat.App executeAllSteps
INFO: Writing the saturation in the Datalog file 00350.rul
