Starting Saturation...
Executing from DLGP files
SLF4J: Failed to load class "org.slf4j.impl.StaticLoggerBinder".
SLF4J: Defaulting to no-operation (NOP) logger implementation
SLF4J: See http://www.slf4j.org/codes.html#StaticLoggerBinder for further details.
# Rules: 3802; # Atoms: 0; # AtomSets: 0; # Queries: 0; # Constraints: 0
Full TGD saturation algorithm: hyperresolution Sat
Running HyperSat...
Nov 27, 2021 5:48:48 AM uk.ac.ox.cs.gsat.AbstractSaturation run
INFO: HyperSat discarded rules : 0/3802 = 0.000%
HyperSat discarded rules : 0/3802 = 0.000%
Nov 27, 2021 5:48:48 AM uk.ac.ox.cs.gsat.AbstractSaturation run
INFO: Subsumption method : tree_predicate
length of the formulas: 2.000528
number of bags: 19
length of the formulas: 2.000528
number of bags: 19
Nov 27, 2021 5:48:53 AM uk.ac.ox.cs.gsat.SaturationStatistics log
INFO: # initial TGDs: 1924 , 3756
Nov 27, 2021 5:48:53 AM uk.ac.ox.cs.gsat.SaturationStatistics log
INFO: HyperSat total time : 5045 ms = 5.05 s
Nov 27, 2021 5:48:53 AM uk.ac.ox.cs.gsat.SaturationStatistics log
INFO: Subsumed elements : 122
Nov 27, 2021 5:48:53 AM uk.ac.ox.cs.gsat.SaturationStatistics log
INFO: Filter discarded elements : 51295
Nov 27, 2021 5:48:53 AM uk.ac.ox.cs.gsat.SaturationStatistics log
INFO: subsumption time: 107 ms = 0.11 s
Nov 27, 2021 5:48:53 AM uk.ac.ox.cs.gsat.SaturationStatistics log
INFO: forward subsumption time: 82 ms = 0.08 s
Nov 27, 2021 5:48:53 AM uk.ac.ox.cs.gsat.SaturationStatistics log
INFO: backward subsumption time: 25 ms = 0.03 s
Nov 27, 2021 5:48:53 AM uk.ac.ox.cs.gsat.SaturationStatistics log
INFO: Derived full/non full TGDs: 3 , 10601
Nov 27, 2021 5:48:53 AM uk.ac.ox.cs.gsat.SaturationStatistics log
INFO: discarded tautology count: 1
Nov 27, 2021 5:48:53 AM uk.ac.ox.cs.gsat.HyperResolutionStatistics log
INFO: hyperresolution time: 3048 ms = 3.05 s
Nov 27, 2021 5:48:53 AM uk.ac.ox.cs.gsat.HyperResolutionStatistics log
INFO: hyperresolution count: 27394713
Nov 27, 2021 5:48:53 AM uk.ac.ox.cs.gsat.HyperResolutionStatistics log
INFO: hyperresolution failure count: 27384107
Nov 27, 2021 5:48:53 AM uk.ac.ox.cs.gsat.AbstractSaturation run
INFO: ouptput full TGDs not contained in the input: 2
Nov 27, 2021 5:48:53 AM uk.ac.ox.cs.gsat.App executeAllSteps
INFO: Rewriting completed!
Full TGD saturation: (1926 dependecies)
Nov 27, 2021 5:48:53 AM uk.ac.ox.cs.gsat.App executeAllSteps
INFO: Writing the saturation in the Datalog file 00502.rul
