Starting Saturation...
Executing from DLGP files
SLF4J: Failed to load class "org.slf4j.impl.StaticLoggerBinder".
SLF4J: Defaulting to no-operation (NOP) logger implementation
SLF4J: See http://www.slf4j.org/codes.html#StaticLoggerBinder for further details.
# Rules: 11846; # Atoms: 0; # AtomSets: 0; # Queries: 0; # Constraints: 0
Full TGD saturation algorithm: hyperresolution Sat
Running HyperSat...
Nov 27, 2021 6:01:42 AM uk.ac.ox.cs.gsat.AbstractSaturation run
INFO: HyperSat discarded rules : 0/11846 = 0.000%
HyperSat discarded rules : 0/11846 = 0.000%
Nov 27, 2021 6:01:42 AM uk.ac.ox.cs.gsat.AbstractSaturation run
INFO: Subsumption method : tree_predicate
length of the formulas: 2.0
number of bags: 28
length of the formulas: 2.0
number of bags: 28
Nov 27, 2021 6:01:43 AM uk.ac.ox.cs.gsat.SaturationStatistics log
INFO: # initial TGDs: 11839 , 14
Nov 27, 2021 6:01:43 AM uk.ac.ox.cs.gsat.SaturationStatistics log
INFO: HyperSat total time : 737 ms = 0.74 s
Nov 27, 2021 6:01:43 AM uk.ac.ox.cs.gsat.SaturationStatistics log
INFO: Subsumed elements : 1
Nov 27, 2021 6:01:43 AM uk.ac.ox.cs.gsat.SaturationStatistics log
INFO: Filter discarded elements : 12
Nov 27, 2021 6:01:43 AM uk.ac.ox.cs.gsat.SaturationStatistics log
INFO: subsumption time: 3 ms = 0.00 s
Nov 27, 2021 6:01:43 AM uk.ac.ox.cs.gsat.SaturationStatistics log
INFO: forward subsumption time: 2 ms = 0.00 s
Nov 27, 2021 6:01:43 AM uk.ac.ox.cs.gsat.SaturationStatistics log
INFO: backward subsumption time: 1 ms = 0.00 s
Nov 27, 2021 6:01:43 AM uk.ac.ox.cs.gsat.SaturationStatistics log
INFO: Derived full/non full TGDs: 0 , 42
Nov 27, 2021 6:01:43 AM uk.ac.ox.cs.gsat.SaturationStatistics log
INFO: discarded tautology count: 0
Nov 27, 2021 6:01:43 AM uk.ac.ox.cs.gsat.HyperResolutionStatistics log
INFO: hyperresolution time: 133 ms = 0.13 s
Nov 27, 2021 6:01:43 AM uk.ac.ox.cs.gsat.HyperResolutionStatistics log
INFO: hyperresolution count: 651145
Nov 27, 2021 6:01:43 AM uk.ac.ox.cs.gsat.HyperResolutionStatistics log
INFO: hyperresolution failure count: 651103
Nov 27, 2021 6:01:43 AM uk.ac.ox.cs.gsat.AbstractSaturation run
INFO: ouptput full TGDs not contained in the input: 0
Nov 27, 2021 6:01:43 AM uk.ac.ox.cs.gsat.App executeAllSteps
INFO: Rewriting completed!
Full TGD saturation: (11839 dependecies)
Nov 27, 2021 6:01:43 AM uk.ac.ox.cs.gsat.App executeAllSteps
INFO: Writing the saturation in the Datalog file 00531.rul
