Starting Saturation...
Executing from DLGP files
SLF4J: Failed to load class "org.slf4j.impl.StaticLoggerBinder".
SLF4J: Defaulting to no-operation (NOP) logger implementation
SLF4J: See http://www.slf4j.org/codes.html#StaticLoggerBinder for further details.
# Rules: 128769; # Atoms: 0; # AtomSets: 0; # Queries: 0; # Constraints: 0
Full TGD saturation algorithm: hyperresolution Sat
Running HyperSat...
Nov 27, 2021 7:48:29 AM uk.ac.ox.cs.gsat.AbstractSaturation run
INFO: HyperSat discarded rules : 0/128769 = 0.000%
HyperSat discarded rules : 0/128769 = 0.000%
Nov 27, 2021 7:48:32 AM uk.ac.ox.cs.gsat.AbstractSaturation run
INFO: Subsumption method : tree_predicate
length of the formulas: 2.0067255
number of bags: 103
length of the formulas: 2.0067255
number of bags: 103
Nov 27, 2021 7:58:29 AM uk.ac.ox.cs.gsat.SaturationStatistics log
INFO: # initial TGDs: 91611 , 73728
Nov 27, 2021 7:58:29 AM uk.ac.ox.cs.gsat.SaturationStatistics log
INFO: HyperSat total time : 600092 ms = 600.09 s
Nov 27, 2021 7:58:29 AM uk.ac.ox.cs.gsat.SaturationStatistics log
INFO: Subsumed elements : 6226
Nov 27, 2021 7:58:29 AM uk.ac.ox.cs.gsat.SaturationStatistics log
INFO: Filter discarded elements : 11869
Nov 27, 2021 7:58:29 AM uk.ac.ox.cs.gsat.SaturationStatistics log
INFO: subsumption time: 685 ms = 0.69 s
Nov 27, 2021 7:58:29 AM uk.ac.ox.cs.gsat.SaturationStatistics log
INFO: forward subsumption time: 486 ms = 0.49 s
Nov 27, 2021 7:58:29 AM uk.ac.ox.cs.gsat.SaturationStatistics log
INFO: backward subsumption time: 199 ms = 0.20 s
Nov 27, 2021 7:58:29 AM uk.ac.ox.cs.gsat.SaturationStatistics log
INFO: Derived full/non full TGDs: 0 , 24085
Nov 27, 2021 7:58:29 AM uk.ac.ox.cs.gsat.SaturationStatistics log
INFO: discarded tautology count: 0
Nov 27, 2021 7:58:29 AM uk.ac.ox.cs.gsat.SaturationStatistics log
INFO: !!! TIME OUT !!!
Nov 27, 2021 7:58:29 AM uk.ac.ox.cs.gsat.HyperResolutionStatistics log
INFO: hyperresolution time: 331924 ms = 331.92 s
Nov 27, 2021 7:58:29 AM uk.ac.ox.cs.gsat.HyperResolutionStatistics log
INFO: hyperresolution count: 1789254441
Nov 27, 2021 7:58:29 AM uk.ac.ox.cs.gsat.HyperResolutionStatistics log
INFO: hyperresolution failure count: 1789230356
Nov 27, 2021 7:58:29 AM uk.ac.ox.cs.gsat.AbstractSaturation run
INFO: ouptput full TGDs not contained in the input: 0
Nov 27, 2021 7:58:29 AM uk.ac.ox.cs.gsat.App executeAllSteps
INFO: Rewriting completed!
Full TGD saturation: (91611 dependecies)
Nov 27, 2021 7:58:29 AM uk.ac.ox.cs.gsat.App executeAllSteps
INFO: Writing the saturation in the Datalog file 00573.rul
