Starting Saturation...
Executing from DLGP files
SLF4J: Failed to load class "org.slf4j.impl.StaticLoggerBinder".
SLF4J: Defaulting to no-operation (NOP) logger implementation
SLF4J: See http://www.slf4j.org/codes.html#StaticLoggerBinder for further details.
# Rules: 2078; # Atoms: 0; # AtomSets: 0; # Queries: 0; # Constraints: 0
Full TGD saturation algorithm: hyperresolution Sat
Running HyperSat...
Nov 27, 2021 9:26:13 AM uk.ac.ox.cs.gsat.AbstractSaturation run
INFO: HyperSat discarded rules : 0/2078 = 0.000%
HyperSat discarded rules : 0/2078 = 0.000%
Nov 27, 2021 9:26:13 AM uk.ac.ox.cs.gsat.AbstractSaturation run
INFO: Subsumption method : tree_predicate
length of the formulas: 2.0705116
number of bags: 17
length of the formulas: 2.0705116
number of bags: 17
Nov 27, 2021 9:27:48 AM uk.ac.ox.cs.gsat.SaturationStatistics log
INFO: # initial TGDs: 1025 , 4350
Nov 27, 2021 9:27:48 AM uk.ac.ox.cs.gsat.SaturationStatistics log
INFO: HyperSat total time : 95139 ms = 95.14 s
Nov 27, 2021 9:27:48 AM uk.ac.ox.cs.gsat.SaturationStatistics log
INFO: Subsumed elements : 3844
Nov 27, 2021 9:27:48 AM uk.ac.ox.cs.gsat.SaturationStatistics log
INFO: Filter discarded elements : 2726421
Nov 27, 2021 9:27:48 AM uk.ac.ox.cs.gsat.SaturationStatistics log
INFO: subsumption time: 2358 ms = 2.36 s
Nov 27, 2021 9:27:48 AM uk.ac.ox.cs.gsat.SaturationStatistics log
INFO: forward subsumption time: 1642 ms = 1.64 s
Nov 27, 2021 9:27:48 AM uk.ac.ox.cs.gsat.SaturationStatistics log
INFO: backward subsumption time: 716 ms = 0.72 s
Nov 27, 2021 9:27:48 AM uk.ac.ox.cs.gsat.SaturationStatistics log
INFO: Derived full/non full TGDs: 697 , 156576
Nov 27, 2021 9:27:48 AM uk.ac.ox.cs.gsat.SaturationStatistics log
INFO: discarded tautology count: 379
Nov 27, 2021 9:27:48 AM uk.ac.ox.cs.gsat.HyperResolutionStatistics log
INFO: hyperresolution time: 82445 ms = 82.44 s
Nov 27, 2021 9:27:48 AM uk.ac.ox.cs.gsat.HyperResolutionStatistics log
INFO: hyperresolution count: 161335000
Nov 27, 2021 9:27:48 AM uk.ac.ox.cs.gsat.HyperResolutionStatistics log
INFO: hyperresolution failure count: 161177727
Nov 27, 2021 9:27:48 AM uk.ac.ox.cs.gsat.AbstractSaturation run
INFO: ouptput full TGDs not contained in the input: 0
Nov 27, 2021 9:27:48 AM uk.ac.ox.cs.gsat.App executeAllSteps
INFO: Rewriting completed!
Full TGD saturation: (1025 dependecies)
Nov 27, 2021 9:27:48 AM uk.ac.ox.cs.gsat.App executeAllSteps
INFO: Writing the saturation in the Datalog file 00700.rul
