Starting Saturation...
Executing from DLGP files
SLF4J: Failed to load class "org.slf4j.impl.StaticLoggerBinder".
SLF4J: Defaulting to no-operation (NOP) logger implementation
SLF4J: See http://www.slf4j.org/codes.html#StaticLoggerBinder for further details.
# Rules: 1818; # Atoms: 0; # AtomSets: 0; # Queries: 0; # Constraints: 0
Full TGD saturation algorithm: hyperresolution Sat
Running HyperSat...
Nov 27, 2021 9:39:42 AM uk.ac.ox.cs.gsat.AbstractSaturation run
INFO: HyperSat discarded rules : 0/1818 = 0.000%
HyperSat discarded rules : 0/1818 = 0.000%
Nov 27, 2021 9:39:43 AM uk.ac.ox.cs.gsat.AbstractSaturation run
INFO: Subsumption method : tree_predicate
length of the formulas: 2.0511515
number of bags: 16
length of the formulas: 2.0511515
number of bags: 16
Nov 27, 2021 9:40:33 AM uk.ac.ox.cs.gsat.SaturationStatistics log
INFO: # initial TGDs: 985 , 3922
Nov 27, 2021 9:40:33 AM uk.ac.ox.cs.gsat.SaturationStatistics log
INFO: HyperSat total time : 50813 ms = 50.81 s
Nov 27, 2021 9:40:33 AM uk.ac.ox.cs.gsat.SaturationStatistics log
INFO: Subsumed elements : 3517
Nov 27, 2021 9:40:33 AM uk.ac.ox.cs.gsat.SaturationStatistics log
INFO: Filter discarded elements : 1211913
Nov 27, 2021 9:40:33 AM uk.ac.ox.cs.gsat.SaturationStatistics log
INFO: subsumption time: 1259 ms = 1.26 s
Nov 27, 2021 9:40:33 AM uk.ac.ox.cs.gsat.SaturationStatistics log
INFO: forward subsumption time: 882 ms = 0.88 s
Nov 27, 2021 9:40:33 AM uk.ac.ox.cs.gsat.SaturationStatistics log
INFO: backward subsumption time: 377 ms = 0.38 s
Nov 27, 2021 9:40:33 AM uk.ac.ox.cs.gsat.SaturationStatistics log
INFO: Derived full/non full TGDs: 475 , 88444
Nov 27, 2021 9:40:33 AM uk.ac.ox.cs.gsat.SaturationStatistics log
INFO: discarded tautology count: 251
Nov 27, 2021 9:40:33 AM uk.ac.ox.cs.gsat.HyperResolutionStatistics log
INFO: hyperresolution time: 43620 ms = 43.62 s
Nov 27, 2021 9:40:33 AM uk.ac.ox.cs.gsat.HyperResolutionStatistics log
INFO: hyperresolution count: 87736905
Nov 27, 2021 9:40:33 AM uk.ac.ox.cs.gsat.HyperResolutionStatistics log
INFO: hyperresolution failure count: 87647986
Nov 27, 2021 9:40:33 AM uk.ac.ox.cs.gsat.AbstractSaturation run
INFO: ouptput full TGDs not contained in the input: 0
Nov 27, 2021 9:40:33 AM uk.ac.ox.cs.gsat.App executeAllSteps
INFO: Rewriting completed!
Full TGD saturation: (985 dependecies)
Nov 27, 2021 9:40:33 AM uk.ac.ox.cs.gsat.App executeAllSteps
INFO: Writing the saturation in the Datalog file 00727.rul
