Starting Saturation...
Executing from DLGP files
SLF4J: Failed to load class "org.slf4j.impl.StaticLoggerBinder".
SLF4J: Defaulting to no-operation (NOP) logger implementation
SLF4J: See http://www.slf4j.org/codes.html#StaticLoggerBinder for further details.
# Rules: 83; # Atoms: 0; # AtomSets: 0; # Queries: 0; # Constraints: 0
Full TGD saturation algorithm: GSat
Running GSat...
Nov 15, 2021 5:46:49 PM uk.ac.ox.cs.gsat.AbstractSaturation run
INFO: GSat discarded rules : 0/83 = 0.000%
GSat discarded rules : 0/83 = 0.000%
Nov 15, 2021 5:46:49 PM uk.ac.ox.cs.gsat.AbstractSaturation run
INFO: Subsumption method : tree_predicate
length of the formulas: 7.388235
number of bags: 1
length of the formulas: 7.388235
number of bags: 1
nonFullTGDs	0		fullTGDs	79			newNonFullTGDs	6		newFullTGDs	0
Nov 15, 2021 5:46:49 PM uk.ac.ox.cs.gsat.SaturationStatistics log
INFO: # initial TGDs: 79 , 6
Nov 15, 2021 5:46:49 PM uk.ac.ox.cs.gsat.SaturationStatistics log
INFO: GSat total time : 130 ms = 0.13 s
Nov 15, 2021 5:46:49 PM uk.ac.ox.cs.gsat.SaturationStatistics log
INFO: Subsumed elements : 4
Nov 15, 2021 5:46:49 PM uk.ac.ox.cs.gsat.SaturationStatistics log
INFO: Filter discarded elements : 387
Nov 15, 2021 5:46:49 PM uk.ac.ox.cs.gsat.SaturationStatistics log
INFO: subsumption time: 2 ms = 0.00 s
Nov 15, 2021 5:46:49 PM uk.ac.ox.cs.gsat.SaturationStatistics log
INFO: forward subsumption time: 1 ms = 0.00 s
Nov 15, 2021 5:46:49 PM uk.ac.ox.cs.gsat.SaturationStatistics log
INFO: backward subsumption time: 1 ms = 0.00 s
Nov 15, 2021 5:46:49 PM uk.ac.ox.cs.gsat.SaturationStatistics log
INFO: Derived full/non full TGDs: 3 , 2
Nov 15, 2021 5:46:49 PM uk.ac.ox.cs.gsat.SaturationStatistics log
INFO: discarded tautology count: 0
Nov 15, 2021 5:46:49 PM uk.ac.ox.cs.gsat.EvolveStatistics log
INFO: Stop because subsumed: 0
Nov 15, 2021 5:46:49 PM uk.ac.ox.cs.gsat.EvolveStatistics log
INFO: evolved equals to current: 4
Nov 15, 2021 5:46:49 PM uk.ac.ox.cs.gsat.EvolveStatistics log
INFO: evolved time: 25 ms = 0.02 s
Nov 15, 2021 5:46:49 PM uk.ac.ox.cs.gsat.EvolveStatistics log
INFO: evolve count: 12
Nov 15, 2021 5:46:49 PM uk.ac.ox.cs.gsat.AbstractSaturation run
INFO: ouptput full TGDs not contained in the input: 1
Nov 15, 2021 5:46:49 PM uk.ac.ox.cs.gsat.App executeAllSteps
INFO: Rewriting completed!
Full TGD saturation: (80 dependecies)
Nov 15, 2021 5:46:49 PM uk.ac.ox.cs.gsat.App executeAllSteps
INFO: Writing the saturation in the Datalog file 00073.rul
