Starting Saturation...
Executing from DLGP files
SLF4J: Failed to load class "org.slf4j.impl.StaticLoggerBinder".
SLF4J: Defaulting to no-operation (NOP) logger implementation
SLF4J: See http://www.slf4j.org/codes.html#StaticLoggerBinder for further details.
# Rules: 237; # Atoms: 0; # AtomSets: 0; # Queries: 0; # Constraints: 0
Full TGD saturation algorithm: GSat
Running GSat...
Nov 15, 2021 7:07:20 PM uk.ac.ox.cs.gsat.AbstractSaturation run
INFO: GSat discarded rules : 0/237 = 0.000%
GSat discarded rules : 0/237 = 0.000%
Nov 15, 2021 7:07:20 PM uk.ac.ox.cs.gsat.AbstractSaturation run
INFO: Subsumption method : tree_predicate
length of the formulas: 8.104603
number of bags: 1
length of the formulas: 8.104603
number of bags: 1
nonFullTGDs	0		fullTGDs	230			newNonFullTGDs	9		newFullTGDs	0
Nov 15, 2021 7:07:20 PM uk.ac.ox.cs.gsat.SaturationStatistics log
INFO: # initial TGDs: 230 , 9
Nov 15, 2021 7:07:20 PM uk.ac.ox.cs.gsat.SaturationStatistics log
INFO: GSat total time : 153 ms = 0.15 s
Nov 15, 2021 7:07:20 PM uk.ac.ox.cs.gsat.SaturationStatistics log
INFO: Subsumed elements : 22
Nov 15, 2021 7:07:20 PM uk.ac.ox.cs.gsat.SaturationStatistics log
INFO: Filter discarded elements : 4066
Nov 15, 2021 7:07:20 PM uk.ac.ox.cs.gsat.SaturationStatistics log
INFO: subsumption time: 5 ms = 0.01 s
Nov 15, 2021 7:07:20 PM uk.ac.ox.cs.gsat.SaturationStatistics log
INFO: forward subsumption time: 3 ms = 0.00 s
Nov 15, 2021 7:07:20 PM uk.ac.ox.cs.gsat.SaturationStatistics log
INFO: backward subsumption time: 2 ms = 0.00 s
Nov 15, 2021 7:07:20 PM uk.ac.ox.cs.gsat.SaturationStatistics log
INFO: Derived full/non full TGDs: 14 , 15
Nov 15, 2021 7:07:20 PM uk.ac.ox.cs.gsat.SaturationStatistics log
INFO: discarded tautology count: 0
Nov 15, 2021 7:07:20 PM uk.ac.ox.cs.gsat.EvolveStatistics log
INFO: Stop because subsumed: 8
Nov 15, 2021 7:07:20 PM uk.ac.ox.cs.gsat.EvolveStatistics log
INFO: evolved equals to current: 24
Nov 15, 2021 7:07:20 PM uk.ac.ox.cs.gsat.EvolveStatistics log
INFO: evolved time: 38 ms = 0.04 s
Nov 15, 2021 7:07:20 PM uk.ac.ox.cs.gsat.EvolveStatistics log
INFO: evolve count: 53
Nov 15, 2021 7:07:20 PM uk.ac.ox.cs.gsat.AbstractSaturation run
INFO: ouptput full TGDs not contained in the input: 5
Nov 15, 2021 7:07:20 PM uk.ac.ox.cs.gsat.App executeAllSteps
INFO: Rewriting completed!
Full TGD saturation: (235 dependecies)
Nov 15, 2021 7:07:20 PM uk.ac.ox.cs.gsat.App executeAllSteps
INFO: Writing the saturation in the Datalog file 00340.rul
