Starting Saturation...
Executing from DLGP files
SLF4J: Failed to load class "org.slf4j.impl.StaticLoggerBinder".
SLF4J: Defaulting to no-operation (NOP) logger implementation
SLF4J: See http://www.slf4j.org/codes.html#StaticLoggerBinder for further details.
# Rules: 35; # Atoms: 0; # AtomSets: 0; # Queries: 0; # Constraints: 0
Full TGD saturation algorithm: GSat
Running GSat...
Nov 15, 2021 7:07:26 PM uk.ac.ox.cs.gsat.AbstractSaturation run
INFO: GSat discarded rules : 0/35 = 0.000%
GSat discarded rules : 0/35 = 0.000%
Nov 15, 2021 7:07:26 PM uk.ac.ox.cs.gsat.AbstractSaturation run
INFO: Subsumption method : tree_predicate
length of the formulas: 5.0
number of bags: 1
length of the formulas: 5.0
number of bags: 1
nonFullTGDs	0		fullTGDs	33			newNonFullTGDs	2		newFullTGDs	0
Nov 15, 2021 7:07:26 PM uk.ac.ox.cs.gsat.SaturationStatistics log
INFO: # initial TGDs: 33 , 2
Nov 15, 2021 7:07:26 PM uk.ac.ox.cs.gsat.SaturationStatistics log
INFO: GSat total time : 111 ms = 0.11 s
Nov 15, 2021 7:07:26 PM uk.ac.ox.cs.gsat.SaturationStatistics log
INFO: Subsumed elements : 2
Nov 15, 2021 7:07:26 PM uk.ac.ox.cs.gsat.SaturationStatistics log
INFO: Filter discarded elements : 210
Nov 15, 2021 7:07:26 PM uk.ac.ox.cs.gsat.SaturationStatistics log
INFO: subsumption time: 2 ms = 0.00 s
Nov 15, 2021 7:07:26 PM uk.ac.ox.cs.gsat.SaturationStatistics log
INFO: forward subsumption time: 1 ms = 0.00 s
Nov 15, 2021 7:07:26 PM uk.ac.ox.cs.gsat.SaturationStatistics log
INFO: backward subsumption time: 1 ms = 0.00 s
Nov 15, 2021 7:07:26 PM uk.ac.ox.cs.gsat.SaturationStatistics log
INFO: Derived full/non full TGDs: 3 , 2
Nov 15, 2021 7:07:26 PM uk.ac.ox.cs.gsat.SaturationStatistics log
INFO: discarded tautology count: 0
Nov 15, 2021 7:07:26 PM uk.ac.ox.cs.gsat.EvolveStatistics log
INFO: Stop because subsumed: 2
Nov 15, 2021 7:07:26 PM uk.ac.ox.cs.gsat.EvolveStatistics log
INFO: evolved equals to current: 5
Nov 15, 2021 7:07:26 PM uk.ac.ox.cs.gsat.EvolveStatistics log
INFO: evolved time: 13 ms = 0.01 s
Nov 15, 2021 7:07:26 PM uk.ac.ox.cs.gsat.EvolveStatistics log
INFO: evolve count: 9
Nov 15, 2021 7:07:26 PM uk.ac.ox.cs.gsat.AbstractSaturation run
INFO: ouptput full TGDs not contained in the input: 3
Nov 15, 2021 7:07:26 PM uk.ac.ox.cs.gsat.App executeAllSteps
INFO: Rewriting completed!
Full TGD saturation: (36 dependecies)
Nov 15, 2021 7:07:26 PM uk.ac.ox.cs.gsat.App executeAllSteps
INFO: Writing the saturation in the Datalog file 00341.rul
