Starting Saturation...
Executing from DLGP files
SLF4J: Failed to load class "org.slf4j.impl.StaticLoggerBinder".
SLF4J: Defaulting to no-operation (NOP) logger implementation
SLF4J: See http://www.slf4j.org/codes.html#StaticLoggerBinder for further details.
# Rules: 35222; # Atoms: 0; # AtomSets: 0; # Queries: 0; # Constraints: 0
Full TGD saturation algorithm: GSat
Running GSat...
Nov 15, 2021 8:11:30 PM uk.ac.ox.cs.gsat.AbstractSaturation run
INFO: GSat discarded rules : 0/35222 = 0.000%
GSat discarded rules : 0/35222 = 0.000%
Nov 15, 2021 8:11:32 PM uk.ac.ox.cs.gsat.AbstractSaturation run
INFO: Subsumption method : tree_predicate
length of the formulas: 7.4650583
number of bags: 2
length of the formulas: 7.4650583
number of bags: 2
nonFullTGDs	0		fullTGDs	29183			newNonFullTGDs	7464		newFullTGDs	0
nonFullTGDs	13		fullTGDs	29183			newNonFullTGDs	7452		newFullTGDs	1
nonFullTGDs	23		fullTGDs	29183			newNonFullTGDs	7442		newFullTGDs	2
nonFullTGDs	31		fullTGDs	29183			newNonFullTGDs	7434		newFullTGDs	2
nonFullTGDs	38		fullTGDs	29183			newNonFullTGDs	7427		newFullTGDs	2
nonFullTGDs	45		fullTGDs	29183			newNonFullTGDs	7420		newFullTGDs	2
nonFullTGDs	54		fullTGDs	29183			newNonFullTGDs	7411		newFullTGDs	4
nonFullTGDs	63		fullTGDs	29183			newNonFullTGDs	7403		newFullTGDs	5
nonFullTGDs	71		fullTGDs	29183			newNonFullTGDs	7395		newFullTGDs	5
nonFullTGDs	80		fullTGDs	29183			newNonFullTGDs	7386		newFullTGDs	5
nonFullTGDs	90		fullTGDs	29183			newNonFullTGDs	7376		newFullTGDs	5
nonFullTGDs	102		fullTGDs	29183			newNonFullTGDs	7365		newFullTGDs	8
nonFullTGDs	111		fullTGDs	29183			newNonFullTGDs	7357		newFullTGDs	10
nonFullTGDs	119		fullTGDs	29183			newNonFullTGDs	7349		newFullTGDs	10
nonFullTGDs	130		fullTGDs	29183			newNonFullTGDs	7338		newFullTGDs	10
nonFullTGDs	145		fullTGDs	29183			newNonFullTGDs	7323		newFullTGDs	20
nonFullTGDs	153		fullTGDs	29183			newNonFullTGDs	7315		newFullTGDs	20
nonFullTGDs	162		fullTGDs	29183			newNonFullTGDs	7306		newFullTGDs	20
nonFullTGDs	172		fullTGDs	29183			newNonFullTGDs	7296		newFullTGDs	20
nonFullTGDs	180		fullTGDs	29183			newNonFullTGDs	7288		newFullTGDs	23
nonFullTGDs	191		fullTGDs	29183			newNonFullTGDs	7277		newFullTGDs	23
nonFullTGDs	196		fullTGDs	29183			newNonFullTGDs	7272		newFullTGDs	23
nonFullTGDs	206		fullTGDs	29183			newNonFullTGDs	7262		newFullTGDs	28
nonFullTGDs	219		fullTGDs	29183			newNonFullTGDs	7249		newFullTGDs	30
nonFullTGDs	229		fullTGDs	29183			newNonFullTGDs	7239		newFullTGDs	30
nonFullTGDs	240		fullTGDs	29183			newNonFullTGDs	7228		newFullTGDs	35
nonFullTGDs	247		fullTGDs	29183			newNonFullTGDs	7221		newFullTGDs	37
nonFullTGDs	255		fullTGDs	29183			newNonFullTGDs	7213		newFullTGDs	41
nonFullTGDs	270		fullTGDs	29183			newNonFullTGDs	7198		newFullTGDs	45
nonFullTGDs	281		fullTGDs	29183			newNonFullTGDs	7187		newFullTGDs	46
nonFullTGDs	293		fullTGDs	29183			newNonFullTGDs	7175		newFullTGDs	46
nonFullTGDs	302		fullTGDs	29183			newNonFullTGDs	7166		newFullTGDs	46
nonFullTGDs	313		fullTGDs	29183			newNonFullTGDs	7155		newFullTGDs	51
nonFullTGDs	321		fullTGDs	29183			newNonFullTGDs	7147		newFullTGDs	54
nonFullTGDs	332		fullTGDs	29183			newNonFullTGDs	7136		newFullTGDs	56
nonFullTGDs	342		fullTGDs	29183			newNonFullTGDs	7126		newFullTGDs	61
nonFullTGDs	353		fullTGDs	29183			newNonFullTGDs	7115		newFullTGDs	66
nonFullTGDs	366		fullTGDs	29183			newNonFullTGDs	7102		newFullTGDs	66
nonFullTGDs	375		fullTGDs	29183			newNonFullTGDs	7093		newFullTGDs	66
nonFullTGDs	387		fullTGDs	29183			newNonFullTGDs	7081		newFullTGDs	66
nonFullTGDs	396		fullTGDs	29183			newNonFullTGDs	7072		newFullTGDs	67
nonFullTGDs	405		fullTGDs	29183			newNonFullTGDs	7063		newFullTGDs	67
nonFullTGDs	412		fullTGDs	29183			newNonFullTGDs	7056		newFullTGDs	75
nonFullTGDs	425		fullTGDs	29183			newNonFullTGDs	7043		newFullTGDs	75
nonFullTGDs	436		fullTGDs	29183			newNonFullTGDs	7032		newFullTGDs	75
nonFullTGDs	445		fullTGDs	29183			newNonFullTGDs	7024		newFullTGDs	77
nonFullTGDs	453		fullTGDs	29183			newNonFullTGDs	7016		newFullTGDs	77
nonFullTGDs	466		fullTGDs	29183			newNonFullTGDs	7003		newFullTGDs	85
nonFullTGDs	476		fullTGDs	29183			newNonFullTGDs	6993		newFullTGDs	87
nonFullTGDs	489		fullTGDs	29183			newNonFullTGDs	6980		newFullTGDs	87
nonFullTGDs	500		fullTGDs	29183			newNonFullTGDs	6969		newFullTGDs	87
nonFullTGDs	512		fullTGDs	29183			newNonFullTGDs	6957		newFullTGDs	92
nonFullTGDs	522		fullTGDs	29183			newNonFullTGDs	6947		newFullTGDs	93
nonFullTGDs	531		fullTGDs	29183			newNonFullTGDs	6938		newFullTGDs	93
nonFullTGDs	538		fullTGDs	29183			newNonFullTGDs	6931		newFullTGDs	98
nonFullTGDs	547		fullTGDs	29183			newNonFullTGDs	6922		newFullTGDs	100
nonFullTGDs	558		fullTGDs	29183			newNonFullTGDs	6911		newFullTGDs	100
nonFullTGDs	566		fullTGDs	29183			newNonFullTGDs	6903		newFullTGDs	100
nonFullTGDs	576		fullTGDs	29183			newNonFullTGDs	6893		newFullTGDs	106
nonFullTGDs	587		fullTGDs	29183			newNonFullTGDs	6883		newFullTGDs	109
nonFullTGDs	598		fullTGDs	29183			newNonFullTGDs	6872		newFullTGDs	109
nonFullTGDs	604		fullTGDs	29183			newNonFullTGDs	6866		newFullTGDs	110
nonFullTGDs	614		fullTGDs	29183			newNonFullTGDs	6857		newFullTGDs	114
nonFullTGDs	622		fullTGDs	29183			newNonFullTGDs	6849		newFullTGDs	116
nonFullTGDs	631		fullTGDs	29183			newNonFullTGDs	6840		newFullTGDs	117
nonFullTGDs	637		fullTGDs	29183			newNonFullTGDs	6834		newFullTGDs	117
nonFullTGDs	646		fullTGDs	29183			newNonFullTGDs	6825		newFullTGDs	117
nonFullTGDs	652		fullTGDs	29183			newNonFullTGDs	6819		newFullTGDs	117
nonFullTGDs	662		fullTGDs	29183			newNonFullTGDs	6809		newFullTGDs	120
nonFullTGDs	669		fullTGDs	29183			newNonFullTGDs	6802		newFullTGDs	122
nonFullTGDs	675		fullTGDs	29183			newNonFullTGDs	6796		newFullTGDs	122
nonFullTGDs	685		fullTGDs	29183			newNonFullTGDs	6786		newFullTGDs	124
nonFullTGDs	697		fullTGDs	29183			newNonFullTGDs	6775		newFullTGDs	125
nonFullTGDs	708		fullTGDs	29183			newNonFullTGDs	6764		newFullTGDs	125
nonFullTGDs	716		fullTGDs	29183			newNonFullTGDs	6756		newFullTGDs	128
nonFullTGDs	724		fullTGDs	29183			newNonFullTGDs	6748		newFullTGDs	136
nonFullTGDs	735		fullTGDs	29183			newNonFullTGDs	6737		newFullTGDs	136
nonFullTGDs	746		fullTGDs	29183			newNonFullTGDs	6726		newFullTGDs	136
nonFullTGDs	756		fullTGDs	29183			newNonFullTGDs	6716		newFullTGDs	138
nonFullTGDs	767		fullTGDs	29183			newNonFullTGDs	6705		newFullTGDs	152
nonFullTGDs	773		fullTGDs	29183			newNonFullTGDs	6699		newFullTGDs	153
nonFullTGDs	785		fullTGDs	29183			newNonFullTGDs	6687		newFullTGDs	156
nonFullTGDs	793		fullTGDs	29183			newNonFullTGDs	6679		newFullTGDs	156
nonFullTGDs	798		fullTGDs	29183			newNonFullTGDs	6674		newFullTGDs	156
nonFullTGDs	813		fullTGDs	29183			newNonFullTGDs	6659		newFullTGDs	157
nonFullTGDs	825		fullTGDs	29183			newNonFullTGDs	6647		newFullTGDs	161
nonFullTGDs	836		fullTGDs	29183			newNonFullTGDs	6636		newFullTGDs	163
nonFullTGDs	844		fullTGDs	29183			newNonFullTGDs	6628		newFullTGDs	163
nonFullTGDs	853		fullTGDs	29183			newNonFullTGDs	6619		newFullTGDs	163
nonFullTGDs	862		fullTGDs	29183			newNonFullTGDs	6610		newFullTGDs	164
nonFullTGDs	872		fullTGDs	29183			newNonFullTGDs	6600		newFullTGDs	164
nonFullTGDs	885		fullTGDs	29183			newNonFullTGDs	6587		newFullTGDs	164
nonFullTGDs	893		fullTGDs	29183			newNonFullTGDs	6579		newFullTGDs	171
nonFullTGDs	902		fullTGDs	29183			newNonFullTGDs	6570		newFullTGDs	171
nonFullTGDs	912		fullTGDs	29183			newNonFullTGDs	6560		newFullTGDs	171
nonFullTGDs	923		fullTGDs	29183			newNonFullTGDs	6549		newFullTGDs	171
nonFullTGDs	933		fullTGDs	29183			newNonFullTGDs	6539		newFullTGDs	171
nonFullTGDs	944		fullTGDs	29183			newNonFullTGDs	6528		newFullTGDs	171
nonFullTGDs	956		fullTGDs	29183			newNonFullTGDs	6516		newFullTGDs	172
nonFullTGDs	965		fullTGDs	29183			newNonFullTGDs	6507		newFullTGDs	172
nonFullTGDs	978		fullTGDs	29183			newNonFullTGDs	6494		newFullTGDs	173
nonFullTGDs	985		fullTGDs	29183			newNonFullTGDs	6487		newFullTGDs	173
nonFullTGDs	995		fullTGDs	29183			newNonFullTGDs	6477		newFullTGDs	173
nonFullTGDs	1007		fullTGDs	29183			newNonFullTGDs	6465		newFullTGDs	186
nonFullTGDs	1017		fullTGDs	29183			newNonFullTGDs	6455		newFullTGDs	187
nonFullTGDs	1029		fullTGDs	29183			newNonFullTGDs	6443		newFullTGDs	195
nonFullTGDs	1037		fullTGDs	29183			newNonFullTGDs	6435		newFullTGDs	195
nonFullTGDs	1048		fullTGDs	29183			newNonFullTGDs	6424		newFullTGDs	196
nonFullTGDs	1053		fullTGDs	29183			newNonFullTGDs	6419		newFullTGDs	196
nonFullTGDs	1062		fullTGDs	29183			newNonFullTGDs	6410		newFullTGDs	196
nonFullTGDs	1073		fullTGDs	29183			newNonFullTGDs	6400		newFullTGDs	197
nonFullTGDs	1085		fullTGDs	29183			newNonFullTGDs	6388		newFullTGDs	197
nonFullTGDs	1097		fullTGDs	29183			newNonFullTGDs	6376		newFullTGDs	197
nonFullTGDs	1106		fullTGDs	29183			newNonFullTGDs	6367		newFullTGDs	202
nonFullTGDs	1114		fullTGDs	29183			newNonFullTGDs	6359		newFullTGDs	202
nonFullTGDs	1123		fullTGDs	29183			newNonFullTGDs	6350		newFullTGDs	202
nonFullTGDs	1134		fullTGDs	29183			newNonFullTGDs	6339		newFullTGDs	202
nonFullTGDs	1145		fullTGDs	29183			newNonFullTGDs	6329		newFullTGDs	205
nonFullTGDs	1156		fullTGDs	29183			newNonFullTGDs	6318		newFullTGDs	213
nonFullTGDs	1163		fullTGDs	29183			newNonFullTGDs	6311		newFullTGDs	213
nonFullTGDs	1173		fullTGDs	29183			newNonFullTGDs	6301		newFullTGDs	221
nonFullTGDs	1185		fullTGDs	29183			newNonFullTGDs	6289		newFullTGDs	228
nonFullTGDs	1193		fullTGDs	29183			newNonFullTGDs	6281		newFullTGDs	228
nonFullTGDs	1204		fullTGDs	29183			newNonFullTGDs	6270		newFullTGDs	228
nonFullTGDs	1212		fullTGDs	29183			newNonFullTGDs	6262		newFullTGDs	228
nonFullTGDs	1224		fullTGDs	29183			newNonFullTGDs	6250		newFullTGDs	231
nonFullTGDs	1231		fullTGDs	29183			newNonFullTGDs	6243		newFullTGDs	231
nonFullTGDs	1242		fullTGDs	29183			newNonFullTGDs	6232		newFullTGDs	231
nonFullTGDs	1255		fullTGDs	29183			newNonFullTGDs	6220		newFullTGDs	235
nonFullTGDs	1265		fullTGDs	29183			newNonFullTGDs	6210		newFullTGDs	238
nonFullTGDs	1276		fullTGDs	29183			newNonFullTGDs	6199		newFullTGDs	242
nonFullTGDs	1288		fullTGDs	29183			newNonFullTGDs	6188		newFullTGDs	247
nonFullTGDs	1296		fullTGDs	29183			newNonFullTGDs	6180		newFullTGDs	247
nonFullTGDs	1307		fullTGDs	29183			newNonFullTGDs	6169		newFullTGDs	247
nonFullTGDs	1318		fullTGDs	29183			newNonFullTGDs	6158		newFullTGDs	257
nonFullTGDs	1330		fullTGDs	29183			newNonFullTGDs	6147		newFullTGDs	261
nonFullTGDs	1337		fullTGDs	29183			newNonFullTGDs	6140		newFullTGDs	261
nonFullTGDs	1347		fullTGDs	29183			newNonFullTGDs	6130		newFullTGDs	264
nonFullTGDs	1355		fullTGDs	29183			newNonFullTGDs	6122		newFullTGDs	264
nonFullTGDs	1365		fullTGDs	29183			newNonFullTGDs	6112		newFullTGDs	264
nonFullTGDs	1378		fullTGDs	29183			newNonFullTGDs	6100		newFullTGDs	267
nonFullTGDs	1388		fullTGDs	29183			newNonFullTGDs	6090		newFullTGDs	271
nonFullTGDs	1400		fullTGDs	29183			newNonFullTGDs	6078		newFullTGDs	275
nonFullTGDs	1407		fullTGDs	29183			newNonFullTGDs	6071		newFullTGDs	275
nonFullTGDs	1417		fullTGDs	29183			newNonFullTGDs	6061		newFullTGDs	281
nonFullTGDs	1426		fullTGDs	29183			newNonFullTGDs	6052		newFullTGDs	281
nonFullTGDs	1435		fullTGDs	29183			newNonFullTGDs	6043		newFullTGDs	285
nonFullTGDs	1446		fullTGDs	29183			newNonFullTGDs	6032		newFullTGDs	286
nonFullTGDs	1458		fullTGDs	29183			newNonFullTGDs	6020		newFullTGDs	286
nonFullTGDs	1468		fullTGDs	29183			newNonFullTGDs	6010		newFullTGDs	286
nonFullTGDs	1480		fullTGDs	29183			newNonFullTGDs	5998		newFullTGDs	290
nonFullTGDs	1491		fullTGDs	29183			newNonFullTGDs	5987		newFullTGDs	291
nonFullTGDs	1500		fullTGDs	29183			newNonFullTGDs	5978		newFullTGDs	294
nonFullTGDs	1512		fullTGDs	29183			newNonFullTGDs	5966		newFullTGDs	294
nonFullTGDs	1517		fullTGDs	29183			newNonFullTGDs	5961		newFullTGDs	294
nonFullTGDs	1526		fullTGDs	29183			newNonFullTGDs	5952		newFullTGDs	296
nonFullTGDs	1536		fullTGDs	29183			newNonFullTGDs	5942		newFullTGDs	298
nonFullTGDs	1545		fullTGDs	29183			newNonFullTGDs	5933		newFullTGDs	299
nonFullTGDs	1556		fullTGDs	29183			newNonFullTGDs	5923		newFullTGDs	301
nonFullTGDs	1566		fullTGDs	29183			newNonFullTGDs	5913		newFullTGDs	307
nonFullTGDs	1574		fullTGDs	29183			newNonFullTGDs	5905		newFullTGDs	311
nonFullTGDs	1585		fullTGDs	29183			newNonFullTGDs	5894		newFullTGDs	311
nonFullTGDs	1594		fullTGDs	29183			newNonFullTGDs	5885		newFullTGDs	311
nonFullTGDs	1602		fullTGDs	29183			newNonFullTGDs	5877		newFullTGDs	311
nonFullTGDs	1612		fullTGDs	29183			newNonFullTGDs	5867		newFullTGDs	311
nonFullTGDs	1623		fullTGDs	29183			newNonFullTGDs	5856		newFullTGDs	311
nonFullTGDs	1631		fullTGDs	29183			newNonFullTGDs	5848		newFullTGDs	311
nonFullTGDs	1643		fullTGDs	29183			newNonFullTGDs	5837		newFullTGDs	315
nonFullTGDs	1650		fullTGDs	29183			newNonFullTGDs	5830		newFullTGDs	319
nonFullTGDs	1656		fullTGDs	29183			newNonFullTGDs	5824		newFullTGDs	319
nonFullTGDs	1667		fullTGDs	29183			newNonFullTGDs	5813		newFullTGDs	319
nonFullTGDs	1678		fullTGDs	29183			newNonFullTGDs	5802		newFullTGDs	324
nonFullTGDs	1688		fullTGDs	29183			newNonFullTGDs	5792		newFullTGDs	324
nonFullTGDs	1698		fullTGDs	29183			newNonFullTGDs	5782		newFullTGDs	324
nonFullTGDs	1707		fullTGDs	29183			newNonFullTGDs	5773		newFullTGDs	324
nonFullTGDs	1718		fullTGDs	29183			newNonFullTGDs	5762		newFullTGDs	324
nonFullTGDs	1730		fullTGDs	29183			newNonFullTGDs	5750		newFullTGDs	325
nonFullTGDs	1738		fullTGDs	29183			newNonFullTGDs	5742		newFullTGDs	332
nonFullTGDs	1748		fullTGDs	29183			newNonFullTGDs	5732		newFullTGDs	332
nonFullTGDs	1756		fullTGDs	29183			newNonFullTGDs	5724		newFullTGDs	332
nonFullTGDs	1767		fullTGDs	29183			newNonFullTGDs	5713		newFullTGDs	336
nonFullTGDs	1775		fullTGDs	29183			newNonFullTGDs	5705		newFullTGDs	336
nonFullTGDs	1788		fullTGDs	29183			newNonFullTGDs	5692		newFullTGDs	340
nonFullTGDs	1802		fullTGDs	29183			newNonFullTGDs	5678		newFullTGDs	342
nonFullTGDs	1809		fullTGDs	29183			newNonFullTGDs	5671		newFullTGDs	342
nonFullTGDs	1821		fullTGDs	29183			newNonFullTGDs	5658		newFullTGDs	346
nonFullTGDs	1831		fullTGDs	29183			newNonFullTGDs	5648		newFullTGDs	346
nonFullTGDs	1843		fullTGDs	29183			newNonFullTGDs	5636		newFullTGDs	346
nonFullTGDs	1856		fullTGDs	29183			newNonFullTGDs	5623		newFullTGDs	346
nonFullTGDs	1869		fullTGDs	29183			newNonFullTGDs	5610		newFullTGDs	346
nonFullTGDs	1880		fullTGDs	29183			newNonFullTGDs	5599		newFullTGDs	347
nonFullTGDs	1887		fullTGDs	29183			newNonFullTGDs	5592		newFullTGDs	350
nonFullTGDs	1903		fullTGDs	29183			newNonFullTGDs	5576		newFullTGDs	350
nonFullTGDs	1920		fullTGDs	29183			newNonFullTGDs	5559		newFullTGDs	351
nonFullTGDs	1933		fullTGDs	29183			newNonFullTGDs	5546		newFullTGDs	353
nonFullTGDs	1941		fullTGDs	29183			newNonFullTGDs	5538		newFullTGDs	353
nonFullTGDs	1955		fullTGDs	29183			newNonFullTGDs	5524		newFullTGDs	359
nonFullTGDs	1966		fullTGDs	29183			newNonFullTGDs	5513		newFullTGDs	359
nonFullTGDs	1979		fullTGDs	29183			newNonFullTGDs	5500		newFullTGDs	359
nonFullTGDs	1988		fullTGDs	29183			newNonFullTGDs	5491		newFullTGDs	364
nonFullTGDs	2002		fullTGDs	29183			newNonFullTGDs	5477		newFullTGDs	364
nonFullTGDs	2012		fullTGDs	29183			newNonFullTGDs	5467		newFullTGDs	367
nonFullTGDs	2023		fullTGDs	29183			newNonFullTGDs	5456		newFullTGDs	368
nonFullTGDs	2035		fullTGDs	29183			newNonFullTGDs	5444		newFullTGDs	368
nonFullTGDs	2045		fullTGDs	29183			newNonFullTGDs	5434		newFullTGDs	369
nonFullTGDs	2060		fullTGDs	29183			newNonFullTGDs	5419		newFullTGDs	370
nonFullTGDs	2076		fullTGDs	29183			newNonFullTGDs	5403		newFullTGDs	373
nonFullTGDs	2085		fullTGDs	29183			newNonFullTGDs	5394		newFullTGDs	373
nonFullTGDs	2092		fullTGDs	29183			newNonFullTGDs	5387		newFullTGDs	373
nonFullTGDs	2103		fullTGDs	29183			newNonFullTGDs	5376		newFullTGDs	373
nonFullTGDs	2114		fullTGDs	29183			newNonFullTGDs	5365		newFullTGDs	378
nonFullTGDs	2127		fullTGDs	29183			newNonFullTGDs	5352		newFullTGDs	378
nonFullTGDs	2138		fullTGDs	29183			newNonFullTGDs	5341		newFullTGDs	378
nonFullTGDs	2148		fullTGDs	29183			newNonFullTGDs	5331		newFullTGDs	378
nonFullTGDs	2161		fullTGDs	29183			newNonFullTGDs	5319		newFullTGDs	379
nonFullTGDs	2171		fullTGDs	29183			newNonFullTGDs	5309		newFullTGDs	385
nonFullTGDs	2184		fullTGDs	29183			newNonFullTGDs	5296		newFullTGDs	390
nonFullTGDs	2194		fullTGDs	29183			newNonFullTGDs	5286		newFullTGDs	390
nonFullTGDs	2210		fullTGDs	29183			newNonFullTGDs	5270		newFullTGDs	392
nonFullTGDs	2223		fullTGDs	29183			newNonFullTGDs	5257		newFullTGDs	392
nonFullTGDs	2235		fullTGDs	29183			newNonFullTGDs	5245		newFullTGDs	392
nonFullTGDs	2248		fullTGDs	29183			newNonFullTGDs	5232		newFullTGDs	392
nonFullTGDs	2256		fullTGDs	29183			newNonFullTGDs	5224		newFullTGDs	392
nonFullTGDs	2264		fullTGDs	29183			newNonFullTGDs	5216		newFullTGDs	392
nonFullTGDs	2275		fullTGDs	29183			newNonFullTGDs	5205		newFullTGDs	395
nonFullTGDs	2286		fullTGDs	29183			newNonFullTGDs	5194		newFullTGDs	397
nonFullTGDs	2299		fullTGDs	29183			newNonFullTGDs	5181		newFullTGDs	400
nonFullTGDs	2312		fullTGDs	29183			newNonFullTGDs	5168		newFullTGDs	406
nonFullTGDs	2323		fullTGDs	29183			newNonFullTGDs	5157		newFullTGDs	408
nonFullTGDs	2330		fullTGDs	29183			newNonFullTGDs	5150		newFullTGDs	408
nonFullTGDs	2343		fullTGDs	29183			newNonFullTGDs	5137		newFullTGDs	417
nonFullTGDs	2352		fullTGDs	29183			newNonFullTGDs	5128		newFullTGDs	417
nonFullTGDs	2363		fullTGDs	29183			newNonFullTGDs	5117		newFullTGDs	421
nonFullTGDs	2372		fullTGDs	29183			newNonFullTGDs	5108		newFullTGDs	421
nonFullTGDs	2383		fullTGDs	29183			newNonFullTGDs	5097		newFullTGDs	423
nonFullTGDs	2397		fullTGDs	29183			newNonFullTGDs	5083		newFullTGDs	424
nonFullTGDs	2406		fullTGDs	29183			newNonFullTGDs	5074		newFullTGDs	424
nonFullTGDs	2413		fullTGDs	29183			newNonFullTGDs	5067		newFullTGDs	424
nonFullTGDs	2425		fullTGDs	29183			newNonFullTGDs	5055		newFullTGDs	428
nonFullTGDs	2437		fullTGDs	29183			newNonFullTGDs	5043		newFullTGDs	428
nonFullTGDs	2449		fullTGDs	29183			newNonFullTGDs	5031		newFullTGDs	430
nonFullTGDs	2459		fullTGDs	29183			newNonFullTGDs	5021		newFullTGDs	438
nonFullTGDs	2469		fullTGDs	29183			newNonFullTGDs	5011		newFullTGDs	438
nonFullTGDs	2479		fullTGDs	29183			newNonFullTGDs	5001		newFullTGDs	442
nonFullTGDs	2492		fullTGDs	29183			newNonFullTGDs	4988		newFullTGDs	450
nonFullTGDs	2503		fullTGDs	29183			newNonFullTGDs	4977		newFullTGDs	451
nonFullTGDs	2514		fullTGDs	29183			newNonFullTGDs	4966		newFullTGDs	451
nonFullTGDs	2522		fullTGDs	29183			newNonFullTGDs	4958		newFullTGDs	455
nonFullTGDs	2533		fullTGDs	29183			newNonFullTGDs	4947		newFullTGDs	455
nonFullTGDs	2547		fullTGDs	29183			newNonFullTGDs	4933		newFullTGDs	456
nonFullTGDs	2561		fullTGDs	29183			newNonFullTGDs	4919		newFullTGDs	463
nonFullTGDs	2574		fullTGDs	29183			newNonFullTGDs	4906		newFullTGDs	464
nonFullTGDs	2586		fullTGDs	29183			newNonFullTGDs	4894		newFullTGDs	464
nonFullTGDs	2595		fullTGDs	29183			newNonFullTGDs	4885		newFullTGDs	464
nonFullTGDs	2605		fullTGDs	29183			newNonFullTGDs	4875		newFullTGDs	464
nonFullTGDs	2613		fullTGDs	29183			newNonFullTGDs	4867		newFullTGDs	464
nonFullTGDs	2622		fullTGDs	29183			newNonFullTGDs	4858		newFullTGDs	464
nonFullTGDs	2633		fullTGDs	29183			newNonFullTGDs	4847		newFullTGDs	464
nonFullTGDs	2644		fullTGDs	29183			newNonFullTGDs	4836		newFullTGDs	464
nonFullTGDs	2653		fullTGDs	29183			newNonFullTGDs	4827		newFullTGDs	469
nonFullTGDs	2664		fullTGDs	29183			newNonFullTGDs	4816		newFullTGDs	469
nonFullTGDs	2674		fullTGDs	29183			newNonFullTGDs	4806		newFullTGDs	469
nonFullTGDs	2689		fullTGDs	29183			newNonFullTGDs	4791		newFullTGDs	469
nonFullTGDs	2696		fullTGDs	29183			newNonFullTGDs	4784		newFullTGDs	469
nonFullTGDs	2701		fullTGDs	29183			newNonFullTGDs	4779		newFullTGDs	469
nonFullTGDs	2714		fullTGDs	29183			newNonFullTGDs	4766		newFullTGDs	469
nonFullTGDs	2725		fullTGDs	29183			newNonFullTGDs	4755		newFullTGDs	469
nonFullTGDs	2736		fullTGDs	29183			newNonFullTGDs	4744		newFullTGDs	469
nonFullTGDs	2747		fullTGDs	29183			newNonFullTGDs	4733		newFullTGDs	471
nonFullTGDs	2762		fullTGDs	29183			newNonFullTGDs	4718		newFullTGDs	471
nonFullTGDs	2769		fullTGDs	29183			newNonFullTGDs	4711		newFullTGDs	471
nonFullTGDs	2781		fullTGDs	29183			newNonFullTGDs	4699		newFullTGDs	471
nonFullTGDs	2790		fullTGDs	29183			newNonFullTGDs	4690		newFullTGDs	471
nonFullTGDs	2802		fullTGDs	29183			newNonFullTGDs	4678		newFullTGDs	472
nonFullTGDs	2813		fullTGDs	29183			newNonFullTGDs	4667		newFullTGDs	473
nonFullTGDs	2828		fullTGDs	29183			newNonFullTGDs	4652		newFullTGDs	473
nonFullTGDs	2842		fullTGDs	29183			newNonFullTGDs	4638		newFullTGDs	473
nonFullTGDs	2853		fullTGDs	29183			newNonFullTGDs	4626		newFullTGDs	473
nonFullTGDs	2866		fullTGDs	29183			newNonFullTGDs	4613		newFullTGDs	473
nonFullTGDs	2880		fullTGDs	29183			newNonFullTGDs	4599		newFullTGDs	473
nonFullTGDs	2892		fullTGDs	29183			newNonFullTGDs	4587		newFullTGDs	479
nonFullTGDs	2905		fullTGDs	29183			newNonFullTGDs	4574		newFullTGDs	479
nonFullTGDs	2916		fullTGDs	29183			newNonFullTGDs	4563		newFullTGDs	481
nonFullTGDs	2925		fullTGDs	29183			newNonFullTGDs	4554		newFullTGDs	481
nonFullTGDs	2936		fullTGDs	29183			newNonFullTGDs	4543		newFullTGDs	481
nonFullTGDs	2949		fullTGDs	29183			newNonFullTGDs	4530		newFullTGDs	481
nonFullTGDs	2956		fullTGDs	29183			newNonFullTGDs	4523		newFullTGDs	481
nonFullTGDs	2972		fullTGDs	29183			newNonFullTGDs	4507		newFullTGDs	481
nonFullTGDs	2983		fullTGDs	29183			newNonFullTGDs	4496		newFullTGDs	481
nonFullTGDs	2997		fullTGDs	29183			newNonFullTGDs	4482		newFullTGDs	481
nonFullTGDs	3010		fullTGDs	29183			newNonFullTGDs	4469		newFullTGDs	481
nonFullTGDs	3021		fullTGDs	29183			newNonFullTGDs	4458		newFullTGDs	482
nonFullTGDs	3035		fullTGDs	29183			newNonFullTGDs	4444		newFullTGDs	482
nonFullTGDs	3046		fullTGDs	29183			newNonFullTGDs	4433		newFullTGDs	483
nonFullTGDs	3057		fullTGDs	29183			newNonFullTGDs	4422		newFullTGDs	483
nonFullTGDs	3068		fullTGDs	29183			newNonFullTGDs	4411		newFullTGDs	483
nonFullTGDs	3083		fullTGDs	29183			newNonFullTGDs	4396		newFullTGDs	485
nonFullTGDs	3093		fullTGDs	29183			newNonFullTGDs	4386		newFullTGDs	485
nonFullTGDs	3105		fullTGDs	29183			newNonFullTGDs	4374		newFullTGDs	485
nonFullTGDs	3120		fullTGDs	29183			newNonFullTGDs	4359		newFullTGDs	485
nonFullTGDs	3132		fullTGDs	29183			newNonFullTGDs	4347		newFullTGDs	489
nonFullTGDs	3145		fullTGDs	29183			newNonFullTGDs	4334		newFullTGDs	489
nonFullTGDs	3153		fullTGDs	29183			newNonFullTGDs	4326		newFullTGDs	489
nonFullTGDs	3165		fullTGDs	29183			newNonFullTGDs	4314		newFullTGDs	489
nonFullTGDs	3177		fullTGDs	29183			newNonFullTGDs	4302		newFullTGDs	489
nonFullTGDs	3191		fullTGDs	29183			newNonFullTGDs	4288		newFullTGDs	490
nonFullTGDs	3202		fullTGDs	29183			newNonFullTGDs	4277		newFullTGDs	491
nonFullTGDs	3214		fullTGDs	29183			newNonFullTGDs	4265		newFullTGDs	491
nonFullTGDs	3227		fullTGDs	29183			newNonFullTGDs	4252		newFullTGDs	491
nonFullTGDs	3235		fullTGDs	29183			newNonFullTGDs	4244		newFullTGDs	496
nonFullTGDs	3245		fullTGDs	29183			newNonFullTGDs	4234		newFullTGDs	497
nonFullTGDs	3255		fullTGDs	29183			newNonFullTGDs	4224		newFullTGDs	497
nonFullTGDs	3266		fullTGDs	29183			newNonFullTGDs	4213		newFullTGDs	498
nonFullTGDs	3280		fullTGDs	29183			newNonFullTGDs	4199		newFullTGDs	500
nonFullTGDs	3286		fullTGDs	29183			newNonFullTGDs	4193		newFullTGDs	500
nonFullTGDs	3293		fullTGDs	29183			newNonFullTGDs	4186		newFullTGDs	502
nonFullTGDs	3309		fullTGDs	29183			newNonFullTGDs	4170		newFullTGDs	502
nonFullTGDs	3322		fullTGDs	29183			newNonFullTGDs	4157		newFullTGDs	504
nonFullTGDs	3338		fullTGDs	29183			newNonFullTGDs	4141		newFullTGDs	504
nonFullTGDs	3348		fullTGDs	29183			newNonFullTGDs	4131		newFullTGDs	504
nonFullTGDs	3358		fullTGDs	29183			newNonFullTGDs	4121		newFullTGDs	504
nonFullTGDs	3369		fullTGDs	29183			newNonFullTGDs	4110		newFullTGDs	504
nonFullTGDs	3381		fullTGDs	29183			newNonFullTGDs	4098		newFullTGDs	504
nonFullTGDs	3391		fullTGDs	29183			newNonFullTGDs	4088		newFullTGDs	504
nonFullTGDs	3404		fullTGDs	29183			newNonFullTGDs	4076		newFullTGDs	507
nonFullTGDs	3416		fullTGDs	29183			newNonFullTGDs	4064		newFullTGDs	510
nonFullTGDs	3429		fullTGDs	29183			newNonFullTGDs	4051		newFullTGDs	512
nonFullTGDs	3436		fullTGDs	29183			newNonFullTGDs	4044		newFullTGDs	512
nonFullTGDs	3448		fullTGDs	29183			newNonFullTGDs	4032		newFullTGDs	512
nonFullTGDs	3461		fullTGDs	29183			newNonFullTGDs	4019		newFullTGDs	512
nonFullTGDs	3471		fullTGDs	29183			newNonFullTGDs	4009		newFullTGDs	512
nonFullTGDs	3483		fullTGDs	29183			newNonFullTGDs	3997		newFullTGDs	513
nonFullTGDs	3498		fullTGDs	29183			newNonFullTGDs	3982		newFullTGDs	513
nonFullTGDs	3510		fullTGDs	29183			newNonFullTGDs	3970		newFullTGDs	514
nonFullTGDs	3523		fullTGDs	29183			newNonFullTGDs	3957		newFullTGDs	518
nonFullTGDs	3534		fullTGDs	29183			newNonFullTGDs	3946		newFullTGDs	518
nonFullTGDs	3544		fullTGDs	29183			newNonFullTGDs	3936		newFullTGDs	518
nonFullTGDs	3555		fullTGDs	29183			newNonFullTGDs	3925		newFullTGDs	518
nonFullTGDs	3568		fullTGDs	29183			newNonFullTGDs	3912		newFullTGDs	518
nonFullTGDs	3576		fullTGDs	29183			newNonFullTGDs	3904		newFullTGDs	519
nonFullTGDs	3581		fullTGDs	29183			newNonFullTGDs	3899		newFullTGDs	519
nonFullTGDs	3594		fullTGDs	29183			newNonFullTGDs	3886		newFullTGDs	522
nonFullTGDs	3607		fullTGDs	29183			newNonFullTGDs	3873		newFullTGDs	522
nonFullTGDs	3618		fullTGDs	29183			newNonFullTGDs	3862		newFullTGDs	522
nonFullTGDs	3633		fullTGDs	29183			newNonFullTGDs	3847		newFullTGDs	522
nonFullTGDs	3646		fullTGDs	29183			newNonFullTGDs	3834		newFullTGDs	522
nonFullTGDs	3660		fullTGDs	29183			newNonFullTGDs	3820		newFullTGDs	522
nonFullTGDs	3674		fullTGDs	29183			newNonFullTGDs	3806		newFullTGDs	522
nonFullTGDs	3687		fullTGDs	29183			newNonFullTGDs	3793		newFullTGDs	522
nonFullTGDs	3701		fullTGDs	29183			newNonFullTGDs	3779		newFullTGDs	522
nonFullTGDs	3712		fullTGDs	29183			newNonFullTGDs	3767		newFullTGDs	522
nonFullTGDs	3726		fullTGDs	29183			newNonFullTGDs	3753		newFullTGDs	522
nonFullTGDs	3742		fullTGDs	29183			newNonFullTGDs	3737		newFullTGDs	522
nonFullTGDs	3752		fullTGDs	29183			newNonFullTGDs	3727		newFullTGDs	522
nonFullTGDs	3761		fullTGDs	29183			newNonFullTGDs	3718		newFullTGDs	526
nonFullTGDs	3767		fullTGDs	29183			newNonFullTGDs	3712		newFullTGDs	530
nonFullTGDs	3780		fullTGDs	29183			newNonFullTGDs	3699		newFullTGDs	530
nonFullTGDs	3794		fullTGDs	29183			newNonFullTGDs	3685		newFullTGDs	530
nonFullTGDs	3806		fullTGDs	29183			newNonFullTGDs	3673		newFullTGDs	530
nonFullTGDs	3818		fullTGDs	29183			newNonFullTGDs	3661		newFullTGDs	530
nonFullTGDs	3831		fullTGDs	29183			newNonFullTGDs	3648		newFullTGDs	530
nonFullTGDs	3841		fullTGDs	29183			newNonFullTGDs	3638		newFullTGDs	530
nonFullTGDs	3849		fullTGDs	29183			newNonFullTGDs	3630		newFullTGDs	530
nonFullTGDs	3862		fullTGDs	29183			newNonFullTGDs	3617		newFullTGDs	530
nonFullTGDs	3874		fullTGDs	29183			newNonFullTGDs	3605		newFullTGDs	530
nonFullTGDs	3886		fullTGDs	29183			newNonFullTGDs	3593		newFullTGDs	530
nonFullTGDs	3900		fullTGDs	29183			newNonFullTGDs	3580		newFullTGDs	531
nonFullTGDs	3913		fullTGDs	29183			newNonFullTGDs	3567		newFullTGDs	531
nonFullTGDs	3923		fullTGDs	29183			newNonFullTGDs	3557		newFullTGDs	531
nonFullTGDs	3936		fullTGDs	29183			newNonFullTGDs	3544		newFullTGDs	531
nonFullTGDs	3947		fullTGDs	29183			newNonFullTGDs	3533		newFullTGDs	531
nonFullTGDs	3959		fullTGDs	29183			newNonFullTGDs	3521		newFullTGDs	531
nonFullTGDs	3972		fullTGDs	29183			newNonFullTGDs	3508		newFullTGDs	534
nonFullTGDs	3985		fullTGDs	29183			newNonFullTGDs	3495		newFullTGDs	534
nonFullTGDs	3997		fullTGDs	29183			newNonFullTGDs	3483		newFullTGDs	535
nonFullTGDs	4009		fullTGDs	29183			newNonFullTGDs	3471		newFullTGDs	540
nonFullTGDs	4020		fullTGDs	29183			newNonFullTGDs	3460		newFullTGDs	540
nonFullTGDs	4028		fullTGDs	29183			newNonFullTGDs	3452		newFullTGDs	540
nonFullTGDs	4040		fullTGDs	29183			newNonFullTGDs	3440		newFullTGDs	540
nonFullTGDs	4054		fullTGDs	29183			newNonFullTGDs	3426		newFullTGDs	540
nonFullTGDs	4064		fullTGDs	29183			newNonFullTGDs	3416		newFullTGDs	540
nonFullTGDs	4072		fullTGDs	29183			newNonFullTGDs	3408		newFullTGDs	540
nonFullTGDs	4083		fullTGDs	29183			newNonFullTGDs	3397		newFullTGDs	540
nonFullTGDs	4097		fullTGDs	29183			newNonFullTGDs	3383		newFullTGDs	540
nonFullTGDs	4106		fullTGDs	29183			newNonFullTGDs	3374		newFullTGDs	540
nonFullTGDs	4121		fullTGDs	29183			newNonFullTGDs	3359		newFullTGDs	540
nonFullTGDs	4134		fullTGDs	29183			newNonFullTGDs	3346		newFullTGDs	540
nonFullTGDs	4145		fullTGDs	29183			newNonFullTGDs	3335		newFullTGDs	540
nonFullTGDs	4153		fullTGDs	29183			newNonFullTGDs	3327		newFullTGDs	540
nonFullTGDs	4164		fullTGDs	29183			newNonFullTGDs	3316		newFullTGDs	541
nonFullTGDs	4179		fullTGDs	29183			newNonFullTGDs	3301		newFullTGDs	541
nonFullTGDs	4189		fullTGDs	29183			newNonFullTGDs	3291		newFullTGDs	541
nonFullTGDs	4202		fullTGDs	29183			newNonFullTGDs	3278		newFullTGDs	541
nonFullTGDs	4214		fullTGDs	29183			newNonFullTGDs	3266		newFullTGDs	542
nonFullTGDs	4225		fullTGDs	29183			newNonFullTGDs	3255		newFullTGDs	545
nonFullTGDs	4239		fullTGDs	29183			newNonFullTGDs	3241		newFullTGDs	545
nonFullTGDs	4249		fullTGDs	29183			newNonFullTGDs	3231		newFullTGDs	545
nonFullTGDs	4261		fullTGDs	29183			newNonFullTGDs	3219		newFullTGDs	545
nonFullTGDs	4273		fullTGDs	29183			newNonFullTGDs	3206		newFullTGDs	545
nonFullTGDs	4291		fullTGDs	29183			newNonFullTGDs	3188		newFullTGDs	545
nonFullTGDs	4306		fullTGDs	29183			newNonFullTGDs	3173		newFullTGDs	546
nonFullTGDs	4319		fullTGDs	29183			newNonFullTGDs	3160		newFullTGDs	546
nonFullTGDs	4333		fullTGDs	29183			newNonFullTGDs	3146		newFullTGDs	546
nonFullTGDs	4347		fullTGDs	29183			newNonFullTGDs	3132		newFullTGDs	546
nonFullTGDs	4362		fullTGDs	29183			newNonFullTGDs	3117		newFullTGDs	550
nonFullTGDs	4376		fullTGDs	29183			newNonFullTGDs	3103		newFullTGDs	550
nonFullTGDs	4393		fullTGDs	29183			newNonFullTGDs	3086		newFullTGDs	550
nonFullTGDs	4407		fullTGDs	29183			newNonFullTGDs	3072		newFullTGDs	550
nonFullTGDs	4418		fullTGDs	29183			newNonFullTGDs	3061		newFullTGDs	550
nonFullTGDs	4430		fullTGDs	29183			newNonFullTGDs	3049		newFullTGDs	550
nonFullTGDs	4445		fullTGDs	29183			newNonFullTGDs	3034		newFullTGDs	550
nonFullTGDs	4458		fullTGDs	29183			newNonFullTGDs	3021		newFullTGDs	550
nonFullTGDs	4469		fullTGDs	29183			newNonFullTGDs	3010		newFullTGDs	550
nonFullTGDs	4480		fullTGDs	29183			newNonFullTGDs	2999		newFullTGDs	550
nonFullTGDs	4494		fullTGDs	29183			newNonFullTGDs	2985		newFullTGDs	551
nonFullTGDs	4507		fullTGDs	29183			newNonFullTGDs	2972		newFullTGDs	551
nonFullTGDs	4519		fullTGDs	29183			newNonFullTGDs	2960		newFullTGDs	551
nonFullTGDs	4527		fullTGDs	29183			newNonFullTGDs	2952		newFullTGDs	551
nonFullTGDs	4536		fullTGDs	29183			newNonFullTGDs	2943		newFullTGDs	551
nonFullTGDs	4553		fullTGDs	29183			newNonFullTGDs	2926		newFullTGDs	551
nonFullTGDs	4567		fullTGDs	29183			newNonFullTGDs	2912		newFullTGDs	551
nonFullTGDs	4574		fullTGDs	29183			newNonFullTGDs	2905		newFullTGDs	551
nonFullTGDs	4585		fullTGDs	29183			newNonFullTGDs	2894		newFullTGDs	551
nonFullTGDs	4598		fullTGDs	29183			newNonFullTGDs	2881		newFullTGDs	555
nonFullTGDs	4609		fullTGDs	29183			newNonFullTGDs	2870		newFullTGDs	556
nonFullTGDs	4623		fullTGDs	29183			newNonFullTGDs	2856		newFullTGDs	556
nonFullTGDs	4629		fullTGDs	29183			newNonFullTGDs	2850		newFullTGDs	556
nonFullTGDs	4641		fullTGDs	29183			newNonFullTGDs	2838		newFullTGDs	556
nonFullTGDs	4651		fullTGDs	29183			newNonFullTGDs	2828		newFullTGDs	557
nonFullTGDs	4658		fullTGDs	29183			newNonFullTGDs	2821		newFullTGDs	557
nonFullTGDs	4673		fullTGDs	29183			newNonFullTGDs	2806		newFullTGDs	557
nonFullTGDs	4684		fullTGDs	29183			newNonFullTGDs	2795		newFullTGDs	560
nonFullTGDs	4696		fullTGDs	29183			newNonFullTGDs	2783		newFullTGDs	561
nonFullTGDs	4709		fullTGDs	29183			newNonFullTGDs	2770		newFullTGDs	567
nonFullTGDs	4726		fullTGDs	29183			newNonFullTGDs	2753		newFullTGDs	569
nonFullTGDs	4739		fullTGDs	29183			newNonFullTGDs	2740		newFullTGDs	570
nonFullTGDs	4753		fullTGDs	29183			newNonFullTGDs	2726		newFullTGDs	570
nonFullTGDs	4763		fullTGDs	29183			newNonFullTGDs	2716		newFullTGDs	572
nonFullTGDs	4777		fullTGDs	29183			newNonFullTGDs	2702		newFullTGDs	573
nonFullTGDs	4788		fullTGDs	29183			newNonFullTGDs	2691		newFullTGDs	573
nonFullTGDs	4798		fullTGDs	29183			newNonFullTGDs	2681		newFullTGDs	573
nonFullTGDs	4808		fullTGDs	29183			newNonFullTGDs	2671		newFullTGDs	573
nonFullTGDs	4815		fullTGDs	29183			newNonFullTGDs	2664		newFullTGDs	573
nonFullTGDs	4825		fullTGDs	29183			newNonFullTGDs	2654		newFullTGDs	573
nonFullTGDs	4837		fullTGDs	29183			newNonFullTGDs	2642		newFullTGDs	574
nonFullTGDs	4850		fullTGDs	29183			newNonFullTGDs	2629		newFullTGDs	574
nonFullTGDs	4860		fullTGDs	29183			newNonFullTGDs	2619		newFullTGDs	575
nonFullTGDs	4875		fullTGDs	29183			newNonFullTGDs	2604		newFullTGDs	575
nonFullTGDs	4889		fullTGDs	29183			newNonFullTGDs	2590		newFullTGDs	577
nonFullTGDs	4902		fullTGDs	29183			newNonFullTGDs	2577		newFullTGDs	577
nonFullTGDs	4914		fullTGDs	29183			newNonFullTGDs	2565		newFullTGDs	578
nonFullTGDs	4929		fullTGDs	29183			newNonFullTGDs	2550		newFullTGDs	578
nonFullTGDs	4944		fullTGDs	29183			newNonFullTGDs	2535		newFullTGDs	580
nonFullTGDs	4957		fullTGDs	29183			newNonFullTGDs	2522		newFullTGDs	580
nonFullTGDs	4970		fullTGDs	29183			newNonFullTGDs	2509		newFullTGDs	580
nonFullTGDs	4984		fullTGDs	29183			newNonFullTGDs	2495		newFullTGDs	583
nonFullTGDs	4992		fullTGDs	29183			newNonFullTGDs	2487		newFullTGDs	583
nonFullTGDs	5004		fullTGDs	29183			newNonFullTGDs	2475		newFullTGDs	583
nonFullTGDs	5016		fullTGDs	29183			newNonFullTGDs	2463		newFullTGDs	583
nonFullTGDs	5028		fullTGDs	29183			newNonFullTGDs	2451		newFullTGDs	583
nonFullTGDs	5037		fullTGDs	29183			newNonFullTGDs	2442		newFullTGDs	583
nonFullTGDs	5048		fullTGDs	29183			newNonFullTGDs	2431		newFullTGDs	583
nonFullTGDs	5060		fullTGDs	29183			newNonFullTGDs	2419		newFullTGDs	583
nonFullTGDs	5073		fullTGDs	29183			newNonFullTGDs	2406		newFullTGDs	583
nonFullTGDs	5085		fullTGDs	29183			newNonFullTGDs	2394		newFullTGDs	584
nonFullTGDs	5096		fullTGDs	29183			newNonFullTGDs	2383		newFullTGDs	585
nonFullTGDs	5110		fullTGDs	29183			newNonFullTGDs	2369		newFullTGDs	585
nonFullTGDs	5124		fullTGDs	29183			newNonFullTGDs	2355		newFullTGDs	585
nonFullTGDs	5137		fullTGDs	29183			newNonFullTGDs	2342		newFullTGDs	585
nonFullTGDs	5150		fullTGDs	29183			newNonFullTGDs	2329		newFullTGDs	585
nonFullTGDs	5162		fullTGDs	29183			newNonFullTGDs	2317		newFullTGDs	590
nonFullTGDs	5173		fullTGDs	29183			newNonFullTGDs	2306		newFullTGDs	590
nonFullTGDs	5186		fullTGDs	29183			newNonFullTGDs	2293		newFullTGDs	591
nonFullTGDs	5200		fullTGDs	29183			newNonFullTGDs	2279		newFullTGDs	591
nonFullTGDs	5208		fullTGDs	29183			newNonFullTGDs	2271		newFullTGDs	591
nonFullTGDs	5222		fullTGDs	29183			newNonFullTGDs	2257		newFullTGDs	594
nonFullTGDs	5237		fullTGDs	29183			newNonFullTGDs	2242		newFullTGDs	596
nonFullTGDs	5252		fullTGDs	29183			newNonFullTGDs	2227		newFullTGDs	597
nonFullTGDs	5261		fullTGDs	29183			newNonFullTGDs	2218		newFullTGDs	597
nonFullTGDs	5271		fullTGDs	29183			newNonFullTGDs	2208		newFullTGDs	598
nonFullTGDs	5283		fullTGDs	29183			newNonFullTGDs	2196		newFullTGDs	598
nonFullTGDs	5292		fullTGDs	29183			newNonFullTGDs	2187		newFullTGDs	598
nonFullTGDs	5307		fullTGDs	29183			newNonFullTGDs	2172		newFullTGDs	599
nonFullTGDs	5319		fullTGDs	29183			newNonFullTGDs	2160		newFullTGDs	602
nonFullTGDs	5332		fullTGDs	29183			newNonFullTGDs	2147		newFullTGDs	602
nonFullTGDs	5346		fullTGDs	29183			newNonFullTGDs	2133		newFullTGDs	602
nonFullTGDs	5361		fullTGDs	29183			newNonFullTGDs	2118		newFullTGDs	602
nonFullTGDs	5370		fullTGDs	29183			newNonFullTGDs	2109		newFullTGDs	602
nonFullTGDs	5387		fullTGDs	29183			newNonFullTGDs	2092		newFullTGDs	602
nonFullTGDs	5398		fullTGDs	29183			newNonFullTGDs	2081		newFullTGDs	603
nonFullTGDs	5408		fullTGDs	29183			newNonFullTGDs	2071		newFullTGDs	603
nonFullTGDs	5418		fullTGDs	29183			newNonFullTGDs	2061		newFullTGDs	603
nonFullTGDs	5431		fullTGDs	29183			newNonFullTGDs	2048		newFullTGDs	603
nonFullTGDs	5447		fullTGDs	29183			newNonFullTGDs	2032		newFullTGDs	603
nonFullTGDs	5455		fullTGDs	29183			newNonFullTGDs	2024		newFullTGDs	603
nonFullTGDs	5470		fullTGDs	29183			newNonFullTGDs	2009		newFullTGDs	603
nonFullTGDs	5484		fullTGDs	29183			newNonFullTGDs	1995		newFullTGDs	604
nonFullTGDs	5495		fullTGDs	29183			newNonFullTGDs	1984		newFullTGDs	604
nonFullTGDs	5510		fullTGDs	29183			newNonFullTGDs	1969		newFullTGDs	604
nonFullTGDs	5523		fullTGDs	29183			newNonFullTGDs	1956		newFullTGDs	604
nonFullTGDs	5532		fullTGDs	29183			newNonFullTGDs	1947		newFullTGDs	604
nonFullTGDs	5542		fullTGDs	29183			newNonFullTGDs	1937		newFullTGDs	604
nonFullTGDs	5555		fullTGDs	29183			newNonFullTGDs	1924		newFullTGDs	604
nonFullTGDs	5565		fullTGDs	29183			newNonFullTGDs	1914		newFullTGDs	604
nonFullTGDs	5576		fullTGDs	29183			newNonFullTGDs	1903		newFullTGDs	605
nonFullTGDs	5591		fullTGDs	29183			newNonFullTGDs	1888		newFullTGDs	606
nonFullTGDs	5604		fullTGDs	29183			newNonFullTGDs	1875		newFullTGDs	606
nonFullTGDs	5613		fullTGDs	29183			newNonFullTGDs	1866		newFullTGDs	607
nonFullTGDs	5630		fullTGDs	29183			newNonFullTGDs	1849		newFullTGDs	615
nonFullTGDs	5640		fullTGDs	29183			newNonFullTGDs	1839		newFullTGDs	615
nonFullTGDs	5649		fullTGDs	29183			newNonFullTGDs	1830		newFullTGDs	616
nonFullTGDs	5659		fullTGDs	29183			newNonFullTGDs	1820		newFullTGDs	616
nonFullTGDs	5673		fullTGDs	29183			newNonFullTGDs	1806		newFullTGDs	616
nonFullTGDs	5683		fullTGDs	29183			newNonFullTGDs	1796		newFullTGDs	616
nonFullTGDs	5692		fullTGDs	29183			newNonFullTGDs	1787		newFullTGDs	616
nonFullTGDs	5705		fullTGDs	29183			newNonFullTGDs	1774		newFullTGDs	617
nonFullTGDs	5720		fullTGDs	29183			newNonFullTGDs	1759		newFullTGDs	617
nonFullTGDs	5732		fullTGDs	29183			newNonFullTGDs	1747		newFullTGDs	617
nonFullTGDs	5744		fullTGDs	29183			newNonFullTGDs	1735		newFullTGDs	617
nonFullTGDs	5757		fullTGDs	29183			newNonFullTGDs	1722		newFullTGDs	617
nonFullTGDs	5769		fullTGDs	29183			newNonFullTGDs	1710		newFullTGDs	617
nonFullTGDs	5776		fullTGDs	29183			newNonFullTGDs	1703		newFullTGDs	617
nonFullTGDs	5786		fullTGDs	29183			newNonFullTGDs	1693		newFullTGDs	617
nonFullTGDs	5801		fullTGDs	29183			newNonFullTGDs	1678		newFullTGDs	617
nonFullTGDs	5814		fullTGDs	29183			newNonFullTGDs	1665		newFullTGDs	617
nonFullTGDs	5823		fullTGDs	29183			newNonFullTGDs	1656		newFullTGDs	617
nonFullTGDs	5835		fullTGDs	29183			newNonFullTGDs	1643		newFullTGDs	617
nonFullTGDs	5847		fullTGDs	29183			newNonFullTGDs	1631		newFullTGDs	617
nonFullTGDs	5858		fullTGDs	29183			newNonFullTGDs	1620		newFullTGDs	617
nonFullTGDs	5875		fullTGDs	29183			newNonFullTGDs	1603		newFullTGDs	617
nonFullTGDs	5886		fullTGDs	29183			newNonFullTGDs	1592		newFullTGDs	617
nonFullTGDs	5900		fullTGDs	29183			newNonFullTGDs	1578		newFullTGDs	617
nonFullTGDs	5909		fullTGDs	29183			newNonFullTGDs	1569		newFullTGDs	617
nonFullTGDs	5922		fullTGDs	29183			newNonFullTGDs	1556		newFullTGDs	617
nonFullTGDs	5929		fullTGDs	29183			newNonFullTGDs	1549		newFullTGDs	617
nonFullTGDs	5942		fullTGDs	29183			newNonFullTGDs	1536		newFullTGDs	617
nonFullTGDs	5956		fullTGDs	29183			newNonFullTGDs	1522		newFullTGDs	617
nonFullTGDs	5969		fullTGDs	29183			newNonFullTGDs	1509		newFullTGDs	617
nonFullTGDs	5981		fullTGDs	29183			newNonFullTGDs	1497		newFullTGDs	617
nonFullTGDs	5993		fullTGDs	29183			newNonFullTGDs	1485		newFullTGDs	617
nonFullTGDs	6007		fullTGDs	29183			newNonFullTGDs	1471		newFullTGDs	617
nonFullTGDs	6018		fullTGDs	29183			newNonFullTGDs	1460		newFullTGDs	617
nonFullTGDs	6031		fullTGDs	29183			newNonFullTGDs	1447		newFullTGDs	618
nonFullTGDs	6043		fullTGDs	29183			newNonFullTGDs	1435		newFullTGDs	618
nonFullTGDs	6055		fullTGDs	29183			newNonFullTGDs	1423		newFullTGDs	618
nonFullTGDs	6068		fullTGDs	29183			newNonFullTGDs	1410		newFullTGDs	618
nonFullTGDs	6082		fullTGDs	29183			newNonFullTGDs	1396		newFullTGDs	618
nonFullTGDs	6095		fullTGDs	29183			newNonFullTGDs	1383		newFullTGDs	618
nonFullTGDs	6104		fullTGDs	29183			newNonFullTGDs	1374		newFullTGDs	618
nonFullTGDs	6113		fullTGDs	29183			newNonFullTGDs	1365		newFullTGDs	618
nonFullTGDs	6127		fullTGDs	29183			newNonFullTGDs	1351		newFullTGDs	618
nonFullTGDs	6137		fullTGDs	29183			newNonFullTGDs	1341		newFullTGDs	618
nonFullTGDs	6150		fullTGDs	29183			newNonFullTGDs	1328		newFullTGDs	618
nonFullTGDs	6163		fullTGDs	29183			newNonFullTGDs	1315		newFullTGDs	619
nonFullTGDs	6177		fullTGDs	29183			newNonFullTGDs	1301		newFullTGDs	620
nonFullTGDs	6190		fullTGDs	29183			newNonFullTGDs	1288		newFullTGDs	620
nonFullTGDs	6202		fullTGDs	29183			newNonFullTGDs	1276		newFullTGDs	620
nonFullTGDs	6213		fullTGDs	29183			newNonFullTGDs	1265		newFullTGDs	620
nonFullTGDs	6227		fullTGDs	29183			newNonFullTGDs	1251		newFullTGDs	620
nonFullTGDs	6241		fullTGDs	29183			newNonFullTGDs	1237		newFullTGDs	620
nonFullTGDs	6250		fullTGDs	29183			newNonFullTGDs	1228		newFullTGDs	620
nonFullTGDs	6260		fullTGDs	29183			newNonFullTGDs	1218		newFullTGDs	620
nonFullTGDs	6271		fullTGDs	29183			newNonFullTGDs	1207		newFullTGDs	620
nonFullTGDs	6283		fullTGDs	29183			newNonFullTGDs	1195		newFullTGDs	620
nonFullTGDs	6293		fullTGDs	29183			newNonFullTGDs	1185		newFullTGDs	620
nonFullTGDs	6305		fullTGDs	29183			newNonFullTGDs	1173		newFullTGDs	620
nonFullTGDs	6316		fullTGDs	29183			newNonFullTGDs	1162		newFullTGDs	620
nonFullTGDs	6327		fullTGDs	29183			newNonFullTGDs	1151		newFullTGDs	620
nonFullTGDs	6337		fullTGDs	29183			newNonFullTGDs	1141		newFullTGDs	620
nonFullTGDs	6349		fullTGDs	29183			newNonFullTGDs	1129		newFullTGDs	620
nonFullTGDs	6363		fullTGDs	29183			newNonFullTGDs	1115		newFullTGDs	620
nonFullTGDs	6377		fullTGDs	29183			newNonFullTGDs	1101		newFullTGDs	620
nonFullTGDs	6389		fullTGDs	29183			newNonFullTGDs	1089		newFullTGDs	620
nonFullTGDs	6400		fullTGDs	29183			newNonFullTGDs	1078		newFullTGDs	620
nonFullTGDs	6413		fullTGDs	29183			newNonFullTGDs	1065		newFullTGDs	620
nonFullTGDs	6423		fullTGDs	29183			newNonFullTGDs	1055		newFullTGDs	620
nonFullTGDs	6434		fullTGDs	29183			newNonFullTGDs	1044		newFullTGDs	622
nonFullTGDs	6449		fullTGDs	29183			newNonFullTGDs	1029		newFullTGDs	622
nonFullTGDs	6462		fullTGDs	29183			newNonFullTGDs	1016		newFullTGDs	622
nonFullTGDs	6473		fullTGDs	29183			newNonFullTGDs	1005		newFullTGDs	622
nonFullTGDs	6481		fullTGDs	29183			newNonFullTGDs	997		newFullTGDs	623
nonFullTGDs	6487		fullTGDs	29183			newNonFullTGDs	991		newFullTGDs	623
nonFullTGDs	6497		fullTGDs	29183			newNonFullTGDs	981		newFullTGDs	623
nonFullTGDs	6509		fullTGDs	29183			newNonFullTGDs	969		newFullTGDs	623
nonFullTGDs	6523		fullTGDs	29183			newNonFullTGDs	955		newFullTGDs	623
nonFullTGDs	6530		fullTGDs	29183			newNonFullTGDs	948		newFullTGDs	623
nonFullTGDs	6541		fullTGDs	29183			newNonFullTGDs	937		newFullTGDs	623
nonFullTGDs	6551		fullTGDs	29183			newNonFullTGDs	927		newFullTGDs	623
nonFullTGDs	6565		fullTGDs	29183			newNonFullTGDs	913		newFullTGDs	624
nonFullTGDs	6575		fullTGDs	29183			newNonFullTGDs	903		newFullTGDs	624
nonFullTGDs	6589		fullTGDs	29183			newNonFullTGDs	889		newFullTGDs	625
nonFullTGDs	6602		fullTGDs	29183			newNonFullTGDs	876		newFullTGDs	627
nonFullTGDs	6617		fullTGDs	29183			newNonFullTGDs	861		newFullTGDs	627
nonFullTGDs	6628		fullTGDs	29183			newNonFullTGDs	850		newFullTGDs	627
nonFullTGDs	6641		fullTGDs	29183			newNonFullTGDs	837		newFullTGDs	627
nonFullTGDs	6651		fullTGDs	29183			newNonFullTGDs	827		newFullTGDs	627
nonFullTGDs	6659		fullTGDs	29183			newNonFullTGDs	819		newFullTGDs	627
nonFullTGDs	6667		fullTGDs	29183			newNonFullTGDs	811		newFullTGDs	627
nonFullTGDs	6678		fullTGDs	29183			newNonFullTGDs	800		newFullTGDs	627
nonFullTGDs	6693		fullTGDs	29183			newNonFullTGDs	785		newFullTGDs	627
nonFullTGDs	6702		fullTGDs	29183			newNonFullTGDs	776		newFullTGDs	627
nonFullTGDs	6712		fullTGDs	29183			newNonFullTGDs	766		newFullTGDs	627
nonFullTGDs	6726		fullTGDs	29183			newNonFullTGDs	752		newFullTGDs	627
nonFullTGDs	6736		fullTGDs	29183			newNonFullTGDs	742		newFullTGDs	627
nonFullTGDs	6749		fullTGDs	29183			newNonFullTGDs	729		newFullTGDs	628
nonFullTGDs	6764		fullTGDs	29183			newNonFullTGDs	714		newFullTGDs	628
nonFullTGDs	6775		fullTGDs	29183			newNonFullTGDs	703		newFullTGDs	628
nonFullTGDs	6786		fullTGDs	29183			newNonFullTGDs	692		newFullTGDs	628
nonFullTGDs	6799		fullTGDs	29183			newNonFullTGDs	679		newFullTGDs	628
nonFullTGDs	6810		fullTGDs	29183			newNonFullTGDs	668		newFullTGDs	628
nonFullTGDs	6821		fullTGDs	29183			newNonFullTGDs	657		newFullTGDs	629
nonFullTGDs	6832		fullTGDs	29183			newNonFullTGDs	646		newFullTGDs	629
nonFullTGDs	6846		fullTGDs	29183			newNonFullTGDs	632		newFullTGDs	629
nonFullTGDs	6856		fullTGDs	29183			newNonFullTGDs	622		newFullTGDs	629
nonFullTGDs	6870		fullTGDs	29183			newNonFullTGDs	608		newFullTGDs	629
nonFullTGDs	6884		fullTGDs	29183			newNonFullTGDs	594		newFullTGDs	629
nonFullTGDs	6895		fullTGDs	29183			newNonFullTGDs	583		newFullTGDs	629
nonFullTGDs	6907		fullTGDs	29183			newNonFullTGDs	571		newFullTGDs	629
nonFullTGDs	6916		fullTGDs	29183			newNonFullTGDs	562		newFullTGDs	629
nonFullTGDs	6926		fullTGDs	29183			newNonFullTGDs	552		newFullTGDs	629
nonFullTGDs	6936		fullTGDs	29183			newNonFullTGDs	542		newFullTGDs	629
nonFullTGDs	6943		fullTGDs	29183			newNonFullTGDs	535		newFullTGDs	629
nonFullTGDs	6956		fullTGDs	29183			newNonFullTGDs	522		newFullTGDs	629
nonFullTGDs	6967		fullTGDs	29183			newNonFullTGDs	511		newFullTGDs	629
nonFullTGDs	6979		fullTGDs	29183			newNonFullTGDs	499		newFullTGDs	629
nonFullTGDs	6992		fullTGDs	29183			newNonFullTGDs	486		newFullTGDs	629
nonFullTGDs	7001		fullTGDs	29183			newNonFullTGDs	477		newFullTGDs	629
nonFullTGDs	7012		fullTGDs	29183			newNonFullTGDs	466		newFullTGDs	629
nonFullTGDs	7023		fullTGDs	29183			newNonFullTGDs	455		newFullTGDs	629
nonFullTGDs	7033		fullTGDs	29183			newNonFullTGDs	445		newFullTGDs	629
nonFullTGDs	7045		fullTGDs	29183			newNonFullTGDs	433		newFullTGDs	629
nonFullTGDs	7059		fullTGDs	29183			newNonFullTGDs	419		newFullTGDs	629
nonFullTGDs	7072		fullTGDs	29183			newNonFullTGDs	406		newFullTGDs	629
nonFullTGDs	7083		fullTGDs	29183			newNonFullTGDs	395		newFullTGDs	629
nonFullTGDs	7097		fullTGDs	29183			newNonFullTGDs	381		newFullTGDs	630
nonFullTGDs	7107		fullTGDs	29183			newNonFullTGDs	371		newFullTGDs	630
nonFullTGDs	7119		fullTGDs	29183			newNonFullTGDs	359		newFullTGDs	630
nonFullTGDs	7131		fullTGDs	29183			newNonFullTGDs	347		newFullTGDs	630
nonFullTGDs	7141		fullTGDs	29183			newNonFullTGDs	337		newFullTGDs	630
nonFullTGDs	7151		fullTGDs	29183			newNonFullTGDs	327		newFullTGDs	630
nonFullTGDs	7161		fullTGDs	29183			newNonFullTGDs	317		newFullTGDs	630
nonFullTGDs	7171		fullTGDs	29183			newNonFullTGDs	306		newFullTGDs	630
nonFullTGDs	7185		fullTGDs	29183			newNonFullTGDs	292		newFullTGDs	630
nonFullTGDs	7198		fullTGDs	29183			newNonFullTGDs	279		newFullTGDs	630
nonFullTGDs	7212		fullTGDs	29183			newNonFullTGDs	265		newFullTGDs	630
nonFullTGDs	7227		fullTGDs	29183			newNonFullTGDs	250		newFullTGDs	630
nonFullTGDs	7237		fullTGDs	29183			newNonFullTGDs	240		newFullTGDs	630
nonFullTGDs	7245		fullTGDs	29183			newNonFullTGDs	232		newFullTGDs	630
nonFullTGDs	7253		fullTGDs	29183			newNonFullTGDs	224		newFullTGDs	630
nonFullTGDs	7265		fullTGDs	29183			newNonFullTGDs	212		newFullTGDs	630
nonFullTGDs	7278		fullTGDs	29183			newNonFullTGDs	199		newFullTGDs	630
nonFullTGDs	7290		fullTGDs	29183			newNonFullTGDs	187		newFullTGDs	630
nonFullTGDs	7302		fullTGDs	29183			newNonFullTGDs	175		newFullTGDs	630
nonFullTGDs	7313		fullTGDs	29183			newNonFullTGDs	164		newFullTGDs	630
nonFullTGDs	7323		fullTGDs	29183			newNonFullTGDs	154		newFullTGDs	631
nonFullTGDs	7332		fullTGDs	29183			newNonFullTGDs	145		newFullTGDs	631
nonFullTGDs	7343		fullTGDs	29183			newNonFullTGDs	134		newFullTGDs	631
nonFullTGDs	7355		fullTGDs	29183			newNonFullTGDs	122		newFullTGDs	631
nonFullTGDs	7365		fullTGDs	29183			newNonFullTGDs	112		newFullTGDs	631
nonFullTGDs	7376		fullTGDs	29183			newNonFullTGDs	101		newFullTGDs	631
nonFullTGDs	7387		fullTGDs	29183			newNonFullTGDs	90		newFullTGDs	633
nonFullTGDs	7396		fullTGDs	29183			newNonFullTGDs	81		newFullTGDs	633
nonFullTGDs	7405		fullTGDs	29183			newNonFullTGDs	72		newFullTGDs	634
nonFullTGDs	7413		fullTGDs	29183			newNonFullTGDs	64		newFullTGDs	634
nonFullTGDs	7425		fullTGDs	29183			newNonFullTGDs	52		newFullTGDs	634
nonFullTGDs	7436		fullTGDs	29183			newNonFullTGDs	41		newFullTGDs	634
nonFullTGDs	7448		fullTGDs	29183			newNonFullTGDs	29		newFullTGDs	635
nonFullTGDs	7461		fullTGDs	29183			newNonFullTGDs	16		newFullTGDs	635
nonFullTGDs	7470		fullTGDs	29183			newNonFullTGDs	7		newFullTGDs	636
nonFullTGDs	7477		fullTGDs	29230			newNonFullTGDs	0		newFullTGDs	589
nonFullTGDs	7477		fullTGDs	29311			newNonFullTGDs	0		newFullTGDs	508
nonFullTGDs	7477		fullTGDs	29397			newNonFullTGDs	0		newFullTGDs	422
nonFullTGDs	7477		fullTGDs	29462			newNonFullTGDs	0		newFullTGDs	357
nonFullTGDs	7477		fullTGDs	29553			newNonFullTGDs	0		newFullTGDs	266
nonFullTGDs	7477		fullTGDs	29638			newNonFullTGDs	0		newFullTGDs	181
nonFullTGDs	7474		fullTGDs	29732			newNonFullTGDs	3		newFullTGDs	87
nonFullTGDs	7477		fullTGDs	29777			newNonFullTGDs	0		newFullTGDs	42
Nov 15, 2021 8:15:45 PM uk.ac.ox.cs.gsat.SaturationStatistics log
INFO: # initial TGDs: 29183 , 7464
Nov 15, 2021 8:15:45 PM uk.ac.ox.cs.gsat.SaturationStatistics log
INFO: GSat total time : 254680 ms = 254.68 s
Nov 15, 2021 8:15:45 PM uk.ac.ox.cs.gsat.SaturationStatistics log
INFO: Subsumed elements : 70801
Nov 15, 2021 8:15:45 PM uk.ac.ox.cs.gsat.SaturationStatistics log
INFO: Filter discarded elements : 727788357
Nov 15, 2021 8:15:45 PM uk.ac.ox.cs.gsat.SaturationStatistics log
INFO: subsumption time: 117456 ms = 117.46 s
Nov 15, 2021 8:15:45 PM uk.ac.ox.cs.gsat.SaturationStatistics log
INFO: forward subsumption time: 63714 ms = 63.71 s
Nov 15, 2021 8:15:45 PM uk.ac.ox.cs.gsat.SaturationStatistics log
INFO: backward subsumption time: 53742 ms = 53.74 s
Nov 15, 2021 8:15:45 PM uk.ac.ox.cs.gsat.SaturationStatistics log
INFO: Derived full/non full TGDs: 1065 , 70385
Nov 15, 2021 8:15:45 PM uk.ac.ox.cs.gsat.SaturationStatistics log
INFO: discarded tautology count: 0
Nov 15, 2021 8:15:45 PM uk.ac.ox.cs.gsat.EvolveStatistics log
INFO: Stop because subsumed: 59404
Nov 15, 2021 8:15:45 PM uk.ac.ox.cs.gsat.EvolveStatistics log
INFO: evolved equals to current: 341681
Nov 15, 2021 8:15:45 PM uk.ac.ox.cs.gsat.EvolveStatistics log
INFO: evolved time: 123698 ms = 123.70 s
Nov 15, 2021 8:15:45 PM uk.ac.ox.cs.gsat.EvolveStatistics log
INFO: evolve count: 1184012
Nov 15, 2021 8:15:45 PM uk.ac.ox.cs.gsat.AbstractSaturation run
INFO: ouptput full TGDs not contained in the input: 636
Nov 15, 2021 8:15:45 PM uk.ac.ox.cs.gsat.App executeAllSteps
INFO: Rewriting completed!
Full TGD saturation: (29819 dependecies)
Nov 15, 2021 8:15:45 PM uk.ac.ox.cs.gsat.App executeAllSteps
INFO: Writing the saturation in the Datalog file 00371.rul
