Starting Saturation...
Executing from DLGP files
SLF4J: Failed to load class "org.slf4j.impl.StaticLoggerBinder".
SLF4J: Defaulting to no-operation (NOP) logger implementation
SLF4J: See http://www.slf4j.org/codes.html#StaticLoggerBinder for further details.
# Rules: 68449; # Atoms: 0; # AtomSets: 0; # Queries: 0; # Constraints: 0
Full TGD saturation algorithm: GSat
Running GSat...
Nov 15, 2021 8:04:49 PM uk.ac.ox.cs.gsat.AbstractSaturation run
INFO: GSat discarded rules : 0/68449 = 0.000%
GSat discarded rules : 0/68449 = 0.000%
Nov 15, 2021 8:04:52 PM uk.ac.ox.cs.gsat.AbstractSaturation run
INFO: Subsumption method : tree_predicate
length of the formulas: 7.417099
number of bags: 3
length of the formulas: 7.417099
number of bags: 3
nonFullTGDs	0		fullTGDs	56379			newNonFullTGDs	12070		newFullTGDs	0
nonFullTGDs	11		fullTGDs	56379			newNonFullTGDs	12059		newFullTGDs	0
nonFullTGDs	17		fullTGDs	56379			newNonFullTGDs	12053		newFullTGDs	0
nonFullTGDs	28		fullTGDs	56379			newNonFullTGDs	12042		newFullTGDs	0
nonFullTGDs	33		fullTGDs	56379			newNonFullTGDs	12037		newFullTGDs	0
nonFullTGDs	43		fullTGDs	56379			newNonFullTGDs	12027		newFullTGDs	0
nonFullTGDs	52		fullTGDs	56379			newNonFullTGDs	12018		newFullTGDs	0
nonFullTGDs	60		fullTGDs	56379			newNonFullTGDs	12010		newFullTGDs	0
nonFullTGDs	66		fullTGDs	56379			newNonFullTGDs	12004		newFullTGDs	0
nonFullTGDs	73		fullTGDs	56379			newNonFullTGDs	11997		newFullTGDs	0
nonFullTGDs	81		fullTGDs	56379			newNonFullTGDs	11989		newFullTGDs	0
nonFullTGDs	91		fullTGDs	56379			newNonFullTGDs	11979		newFullTGDs	0
nonFullTGDs	100		fullTGDs	56379			newNonFullTGDs	11970		newFullTGDs	0
nonFullTGDs	108		fullTGDs	56379			newNonFullTGDs	11962		newFullTGDs	0
nonFullTGDs	117		fullTGDs	56379			newNonFullTGDs	11953		newFullTGDs	0
nonFullTGDs	125		fullTGDs	56379			newNonFullTGDs	11945		newFullTGDs	0
nonFullTGDs	136		fullTGDs	56379			newNonFullTGDs	11934		newFullTGDs	0
nonFullTGDs	145		fullTGDs	56379			newNonFullTGDs	11925		newFullTGDs	0
nonFullTGDs	153		fullTGDs	56379			newNonFullTGDs	11917		newFullTGDs	0
nonFullTGDs	165		fullTGDs	56379			newNonFullTGDs	11905		newFullTGDs	0
nonFullTGDs	174		fullTGDs	56379			newNonFullTGDs	11896		newFullTGDs	0
nonFullTGDs	182		fullTGDs	56379			newNonFullTGDs	11888		newFullTGDs	0
nonFullTGDs	193		fullTGDs	56379			newNonFullTGDs	11877		newFullTGDs	0
nonFullTGDs	202		fullTGDs	56379			newNonFullTGDs	11868		newFullTGDs	0
nonFullTGDs	211		fullTGDs	56379			newNonFullTGDs	11859		newFullTGDs	0
nonFullTGDs	217		fullTGDs	56379			newNonFullTGDs	11853		newFullTGDs	0
nonFullTGDs	228		fullTGDs	56379			newNonFullTGDs	11842		newFullTGDs	0
nonFullTGDs	238		fullTGDs	56379			newNonFullTGDs	11832		newFullTGDs	0
nonFullTGDs	248		fullTGDs	56379			newNonFullTGDs	11822		newFullTGDs	0
nonFullTGDs	258		fullTGDs	56379			newNonFullTGDs	11812		newFullTGDs	0
nonFullTGDs	267		fullTGDs	56379			newNonFullTGDs	11803		newFullTGDs	0
nonFullTGDs	277		fullTGDs	56379			newNonFullTGDs	11793		newFullTGDs	0
nonFullTGDs	285		fullTGDs	56379			newNonFullTGDs	11785		newFullTGDs	0
nonFullTGDs	301		fullTGDs	56379			newNonFullTGDs	11769		newFullTGDs	0
nonFullTGDs	312		fullTGDs	56379			newNonFullTGDs	11758		newFullTGDs	0
nonFullTGDs	317		fullTGDs	56379			newNonFullTGDs	11753		newFullTGDs	0
nonFullTGDs	325		fullTGDs	56379			newNonFullTGDs	11745		newFullTGDs	0
nonFullTGDs	332		fullTGDs	56379			newNonFullTGDs	11738		newFullTGDs	0
nonFullTGDs	342		fullTGDs	56379			newNonFullTGDs	11728		newFullTGDs	0
nonFullTGDs	351		fullTGDs	56379			newNonFullTGDs	11719		newFullTGDs	0
nonFullTGDs	360		fullTGDs	56379			newNonFullTGDs	11710		newFullTGDs	0
nonFullTGDs	371		fullTGDs	56379			newNonFullTGDs	11699		newFullTGDs	0
nonFullTGDs	383		fullTGDs	56379			newNonFullTGDs	11687		newFullTGDs	0
nonFullTGDs	392		fullTGDs	56379			newNonFullTGDs	11678		newFullTGDs	0
nonFullTGDs	398		fullTGDs	56379			newNonFullTGDs	11672		newFullTGDs	0
nonFullTGDs	404		fullTGDs	56379			newNonFullTGDs	11666		newFullTGDs	0
nonFullTGDs	416		fullTGDs	56379			newNonFullTGDs	11654		newFullTGDs	0
nonFullTGDs	424		fullTGDs	56379			newNonFullTGDs	11646		newFullTGDs	0
nonFullTGDs	431		fullTGDs	56379			newNonFullTGDs	11639		newFullTGDs	0
nonFullTGDs	441		fullTGDs	56379			newNonFullTGDs	11629		newFullTGDs	0
nonFullTGDs	450		fullTGDs	56379			newNonFullTGDs	11620		newFullTGDs	0
nonFullTGDs	456		fullTGDs	56379			newNonFullTGDs	11614		newFullTGDs	0
nonFullTGDs	468		fullTGDs	56379			newNonFullTGDs	11602		newFullTGDs	0
nonFullTGDs	478		fullTGDs	56379			newNonFullTGDs	11592		newFullTGDs	0
nonFullTGDs	485		fullTGDs	56379			newNonFullTGDs	11585		newFullTGDs	0
nonFullTGDs	494		fullTGDs	56379			newNonFullTGDs	11576		newFullTGDs	0
nonFullTGDs	502		fullTGDs	56379			newNonFullTGDs	11568		newFullTGDs	0
nonFullTGDs	511		fullTGDs	56379			newNonFullTGDs	11559		newFullTGDs	0
nonFullTGDs	520		fullTGDs	56379			newNonFullTGDs	11550		newFullTGDs	0
nonFullTGDs	531		fullTGDs	56379			newNonFullTGDs	11539		newFullTGDs	0
nonFullTGDs	541		fullTGDs	56379			newNonFullTGDs	11529		newFullTGDs	0
nonFullTGDs	551		fullTGDs	56379			newNonFullTGDs	11519		newFullTGDs	0
nonFullTGDs	557		fullTGDs	56379			newNonFullTGDs	11513		newFullTGDs	0
nonFullTGDs	568		fullTGDs	56379			newNonFullTGDs	11502		newFullTGDs	0
nonFullTGDs	578		fullTGDs	56379			newNonFullTGDs	11492		newFullTGDs	0
nonFullTGDs	589		fullTGDs	56379			newNonFullTGDs	11481		newFullTGDs	0
nonFullTGDs	594		fullTGDs	56379			newNonFullTGDs	11476		newFullTGDs	0
nonFullTGDs	606		fullTGDs	56379			newNonFullTGDs	11464		newFullTGDs	0
nonFullTGDs	611		fullTGDs	56379			newNonFullTGDs	11459		newFullTGDs	0
nonFullTGDs	620		fullTGDs	56379			newNonFullTGDs	11450		newFullTGDs	0
nonFullTGDs	632		fullTGDs	56379			newNonFullTGDs	11438		newFullTGDs	0
nonFullTGDs	641		fullTGDs	56379			newNonFullTGDs	11429		newFullTGDs	0
nonFullTGDs	652		fullTGDs	56379			newNonFullTGDs	11418		newFullTGDs	0
nonFullTGDs	662		fullTGDs	56379			newNonFullTGDs	11408		newFullTGDs	0
nonFullTGDs	672		fullTGDs	56379			newNonFullTGDs	11398		newFullTGDs	0
nonFullTGDs	682		fullTGDs	56379			newNonFullTGDs	11388		newFullTGDs	0
nonFullTGDs	691		fullTGDs	56379			newNonFullTGDs	11379		newFullTGDs	0
nonFullTGDs	701		fullTGDs	56379			newNonFullTGDs	11369		newFullTGDs	0
nonFullTGDs	712		fullTGDs	56379			newNonFullTGDs	11358		newFullTGDs	0
nonFullTGDs	723		fullTGDs	56379			newNonFullTGDs	11347		newFullTGDs	0
nonFullTGDs	735		fullTGDs	56379			newNonFullTGDs	11335		newFullTGDs	0
nonFullTGDs	743		fullTGDs	56379			newNonFullTGDs	11327		newFullTGDs	0
nonFullTGDs	754		fullTGDs	56379			newNonFullTGDs	11316		newFullTGDs	0
nonFullTGDs	763		fullTGDs	56379			newNonFullTGDs	11307		newFullTGDs	0
nonFullTGDs	768		fullTGDs	56379			newNonFullTGDs	11302		newFullTGDs	0
nonFullTGDs	776		fullTGDs	56379			newNonFullTGDs	11294		newFullTGDs	0
nonFullTGDs	786		fullTGDs	56379			newNonFullTGDs	11284		newFullTGDs	0
nonFullTGDs	795		fullTGDs	56379			newNonFullTGDs	11275		newFullTGDs	0
nonFullTGDs	805		fullTGDs	56379			newNonFullTGDs	11265		newFullTGDs	0
nonFullTGDs	812		fullTGDs	56379			newNonFullTGDs	11258		newFullTGDs	0
nonFullTGDs	822		fullTGDs	56379			newNonFullTGDs	11248		newFullTGDs	0
nonFullTGDs	830		fullTGDs	56379			newNonFullTGDs	11240		newFullTGDs	0
nonFullTGDs	838		fullTGDs	56379			newNonFullTGDs	11232		newFullTGDs	0
nonFullTGDs	847		fullTGDs	56379			newNonFullTGDs	11223		newFullTGDs	0
nonFullTGDs	858		fullTGDs	56379			newNonFullTGDs	11212		newFullTGDs	0
nonFullTGDs	866		fullTGDs	56379			newNonFullTGDs	11204		newFullTGDs	0
nonFullTGDs	879		fullTGDs	56379			newNonFullTGDs	11191		newFullTGDs	0
nonFullTGDs	888		fullTGDs	56379			newNonFullTGDs	11182		newFullTGDs	0
nonFullTGDs	896		fullTGDs	56379			newNonFullTGDs	11174		newFullTGDs	0
nonFullTGDs	905		fullTGDs	56379			newNonFullTGDs	11165		newFullTGDs	0
nonFullTGDs	914		fullTGDs	56379			newNonFullTGDs	11156		newFullTGDs	0
nonFullTGDs	924		fullTGDs	56379			newNonFullTGDs	11146		newFullTGDs	0
nonFullTGDs	934		fullTGDs	56379			newNonFullTGDs	11136		newFullTGDs	0
nonFullTGDs	944		fullTGDs	56379			newNonFullTGDs	11126		newFullTGDs	0
nonFullTGDs	956		fullTGDs	56379			newNonFullTGDs	11114		newFullTGDs	0
nonFullTGDs	965		fullTGDs	56379			newNonFullTGDs	11105		newFullTGDs	0
nonFullTGDs	974		fullTGDs	56379			newNonFullTGDs	11096		newFullTGDs	0
nonFullTGDs	984		fullTGDs	56379			newNonFullTGDs	11086		newFullTGDs	0
nonFullTGDs	995		fullTGDs	56379			newNonFullTGDs	11075		newFullTGDs	0
nonFullTGDs	1004		fullTGDs	56379			newNonFullTGDs	11066		newFullTGDs	0
nonFullTGDs	1012		fullTGDs	56379			newNonFullTGDs	11058		newFullTGDs	0
nonFullTGDs	1015		fullTGDs	56379			newNonFullTGDs	11055		newFullTGDs	0
nonFullTGDs	1026		fullTGDs	56379			newNonFullTGDs	11044		newFullTGDs	0
nonFullTGDs	1035		fullTGDs	56379			newNonFullTGDs	11035		newFullTGDs	0
nonFullTGDs	1046		fullTGDs	56379			newNonFullTGDs	11024		newFullTGDs	0
nonFullTGDs	1060		fullTGDs	56379			newNonFullTGDs	11010		newFullTGDs	0
nonFullTGDs	1069		fullTGDs	56379			newNonFullTGDs	11001		newFullTGDs	0
nonFullTGDs	1076		fullTGDs	56379			newNonFullTGDs	10994		newFullTGDs	0
nonFullTGDs	1085		fullTGDs	56379			newNonFullTGDs	10985		newFullTGDs	0
nonFullTGDs	1091		fullTGDs	56379			newNonFullTGDs	10979		newFullTGDs	0
nonFullTGDs	1096		fullTGDs	56379			newNonFullTGDs	10974		newFullTGDs	0
nonFullTGDs	1105		fullTGDs	56379			newNonFullTGDs	10965		newFullTGDs	0
nonFullTGDs	1116		fullTGDs	56379			newNonFullTGDs	10954		newFullTGDs	0
nonFullTGDs	1130		fullTGDs	56379			newNonFullTGDs	10940		newFullTGDs	0
nonFullTGDs	1137		fullTGDs	56379			newNonFullTGDs	10933		newFullTGDs	0
nonFullTGDs	1150		fullTGDs	56379			newNonFullTGDs	10920		newFullTGDs	0
nonFullTGDs	1161		fullTGDs	56379			newNonFullTGDs	10909		newFullTGDs	0
nonFullTGDs	1167		fullTGDs	56379			newNonFullTGDs	10903		newFullTGDs	0
nonFullTGDs	1173		fullTGDs	56379			newNonFullTGDs	10897		newFullTGDs	0
nonFullTGDs	1182		fullTGDs	56379			newNonFullTGDs	10888		newFullTGDs	0
nonFullTGDs	1193		fullTGDs	56379			newNonFullTGDs	10877		newFullTGDs	0
nonFullTGDs	1202		fullTGDs	56379			newNonFullTGDs	10868		newFullTGDs	0
nonFullTGDs	1211		fullTGDs	56379			newNonFullTGDs	10859		newFullTGDs	0
nonFullTGDs	1219		fullTGDs	56379			newNonFullTGDs	10851		newFullTGDs	0
nonFullTGDs	1227		fullTGDs	56379			newNonFullTGDs	10843		newFullTGDs	0
nonFullTGDs	1241		fullTGDs	56379			newNonFullTGDs	10829		newFullTGDs	0
nonFullTGDs	1248		fullTGDs	56379			newNonFullTGDs	10822		newFullTGDs	0
nonFullTGDs	1257		fullTGDs	56379			newNonFullTGDs	10813		newFullTGDs	0
nonFullTGDs	1268		fullTGDs	56379			newNonFullTGDs	10802		newFullTGDs	0
nonFullTGDs	1279		fullTGDs	56379			newNonFullTGDs	10791		newFullTGDs	0
nonFullTGDs	1284		fullTGDs	56379			newNonFullTGDs	10786		newFullTGDs	0
nonFullTGDs	1294		fullTGDs	56379			newNonFullTGDs	10776		newFullTGDs	0
nonFullTGDs	1303		fullTGDs	56379			newNonFullTGDs	10767		newFullTGDs	0
nonFullTGDs	1308		fullTGDs	56379			newNonFullTGDs	10762		newFullTGDs	0
nonFullTGDs	1319		fullTGDs	56379			newNonFullTGDs	10751		newFullTGDs	0
nonFullTGDs	1331		fullTGDs	56379			newNonFullTGDs	10739		newFullTGDs	0
nonFullTGDs	1341		fullTGDs	56379			newNonFullTGDs	10729		newFullTGDs	0
nonFullTGDs	1351		fullTGDs	56379			newNonFullTGDs	10719		newFullTGDs	0
nonFullTGDs	1360		fullTGDs	56379			newNonFullTGDs	10710		newFullTGDs	0
nonFullTGDs	1371		fullTGDs	56379			newNonFullTGDs	10699		newFullTGDs	0
nonFullTGDs	1379		fullTGDs	56379			newNonFullTGDs	10691		newFullTGDs	0
nonFullTGDs	1384		fullTGDs	56379			newNonFullTGDs	10686		newFullTGDs	0
nonFullTGDs	1390		fullTGDs	56379			newNonFullTGDs	10680		newFullTGDs	0
nonFullTGDs	1401		fullTGDs	56379			newNonFullTGDs	10669		newFullTGDs	0
nonFullTGDs	1414		fullTGDs	56379			newNonFullTGDs	10656		newFullTGDs	0
nonFullTGDs	1422		fullTGDs	56379			newNonFullTGDs	10648		newFullTGDs	0
nonFullTGDs	1431		fullTGDs	56379			newNonFullTGDs	10639		newFullTGDs	0
nonFullTGDs	1441		fullTGDs	56379			newNonFullTGDs	10629		newFullTGDs	0
nonFullTGDs	1444		fullTGDs	56379			newNonFullTGDs	10626		newFullTGDs	0
nonFullTGDs	1454		fullTGDs	56379			newNonFullTGDs	10616		newFullTGDs	0
nonFullTGDs	1465		fullTGDs	56379			newNonFullTGDs	10605		newFullTGDs	0
nonFullTGDs	1475		fullTGDs	56379			newNonFullTGDs	10595		newFullTGDs	0
nonFullTGDs	1488		fullTGDs	56379			newNonFullTGDs	10582		newFullTGDs	0
nonFullTGDs	1496		fullTGDs	56379			newNonFullTGDs	10574		newFullTGDs	0
nonFullTGDs	1501		fullTGDs	56379			newNonFullTGDs	10569		newFullTGDs	0
nonFullTGDs	1510		fullTGDs	56379			newNonFullTGDs	10560		newFullTGDs	0
nonFullTGDs	1517		fullTGDs	56379			newNonFullTGDs	10553		newFullTGDs	0
nonFullTGDs	1528		fullTGDs	56379			newNonFullTGDs	10542		newFullTGDs	0
nonFullTGDs	1536		fullTGDs	56379			newNonFullTGDs	10534		newFullTGDs	0
nonFullTGDs	1550		fullTGDs	56379			newNonFullTGDs	10520		newFullTGDs	0
nonFullTGDs	1554		fullTGDs	56379			newNonFullTGDs	10516		newFullTGDs	0
nonFullTGDs	1564		fullTGDs	56379			newNonFullTGDs	10506		newFullTGDs	0
nonFullTGDs	1573		fullTGDs	56379			newNonFullTGDs	10497		newFullTGDs	0
nonFullTGDs	1584		fullTGDs	56379			newNonFullTGDs	10486		newFullTGDs	0
nonFullTGDs	1594		fullTGDs	56379			newNonFullTGDs	10476		newFullTGDs	0
nonFullTGDs	1604		fullTGDs	56379			newNonFullTGDs	10466		newFullTGDs	0
nonFullTGDs	1613		fullTGDs	56379			newNonFullTGDs	10457		newFullTGDs	0
nonFullTGDs	1624		fullTGDs	56379			newNonFullTGDs	10446		newFullTGDs	0
nonFullTGDs	1635		fullTGDs	56379			newNonFullTGDs	10435		newFullTGDs	0
nonFullTGDs	1641		fullTGDs	56379			newNonFullTGDs	10429		newFullTGDs	0
nonFullTGDs	1652		fullTGDs	56379			newNonFullTGDs	10418		newFullTGDs	0
nonFullTGDs	1661		fullTGDs	56379			newNonFullTGDs	10409		newFullTGDs	0
nonFullTGDs	1671		fullTGDs	56379			newNonFullTGDs	10399		newFullTGDs	0
nonFullTGDs	1679		fullTGDs	56379			newNonFullTGDs	10391		newFullTGDs	0
nonFullTGDs	1687		fullTGDs	56379			newNonFullTGDs	10383		newFullTGDs	0
nonFullTGDs	1695		fullTGDs	56379			newNonFullTGDs	10375		newFullTGDs	0
nonFullTGDs	1702		fullTGDs	56379			newNonFullTGDs	10368		newFullTGDs	0
nonFullTGDs	1711		fullTGDs	56379			newNonFullTGDs	10359		newFullTGDs	0
nonFullTGDs	1718		fullTGDs	56379			newNonFullTGDs	10352		newFullTGDs	0
nonFullTGDs	1725		fullTGDs	56379			newNonFullTGDs	10345		newFullTGDs	0
nonFullTGDs	1731		fullTGDs	56379			newNonFullTGDs	10339		newFullTGDs	0
nonFullTGDs	1740		fullTGDs	56379			newNonFullTGDs	10330		newFullTGDs	0
nonFullTGDs	1749		fullTGDs	56379			newNonFullTGDs	10321		newFullTGDs	0
nonFullTGDs	1757		fullTGDs	56379			newNonFullTGDs	10313		newFullTGDs	0
nonFullTGDs	1766		fullTGDs	56379			newNonFullTGDs	10304		newFullTGDs	0
nonFullTGDs	1774		fullTGDs	56379			newNonFullTGDs	10296		newFullTGDs	0
nonFullTGDs	1782		fullTGDs	56379			newNonFullTGDs	10288		newFullTGDs	0
nonFullTGDs	1791		fullTGDs	56379			newNonFullTGDs	10279		newFullTGDs	0
nonFullTGDs	1798		fullTGDs	56379			newNonFullTGDs	10272		newFullTGDs	0
nonFullTGDs	1808		fullTGDs	56379			newNonFullTGDs	10262		newFullTGDs	0
nonFullTGDs	1815		fullTGDs	56379			newNonFullTGDs	10255		newFullTGDs	0
nonFullTGDs	1824		fullTGDs	56379			newNonFullTGDs	10246		newFullTGDs	0
nonFullTGDs	1837		fullTGDs	56379			newNonFullTGDs	10233		newFullTGDs	0
nonFullTGDs	1847		fullTGDs	56379			newNonFullTGDs	10223		newFullTGDs	0
nonFullTGDs	1854		fullTGDs	56379			newNonFullTGDs	10216		newFullTGDs	0
nonFullTGDs	1863		fullTGDs	56379			newNonFullTGDs	10207		newFullTGDs	0
nonFullTGDs	1873		fullTGDs	56379			newNonFullTGDs	10197		newFullTGDs	0
nonFullTGDs	1883		fullTGDs	56379			newNonFullTGDs	10187		newFullTGDs	0
nonFullTGDs	1892		fullTGDs	56379			newNonFullTGDs	10178		newFullTGDs	0
nonFullTGDs	1909		fullTGDs	56379			newNonFullTGDs	10161		newFullTGDs	0
nonFullTGDs	1920		fullTGDs	56379			newNonFullTGDs	10150		newFullTGDs	0
nonFullTGDs	1928		fullTGDs	56379			newNonFullTGDs	10142		newFullTGDs	0
nonFullTGDs	1944		fullTGDs	56379			newNonFullTGDs	10126		newFullTGDs	0
nonFullTGDs	1953		fullTGDs	56379			newNonFullTGDs	10117		newFullTGDs	0
nonFullTGDs	1963		fullTGDs	56379			newNonFullTGDs	10107		newFullTGDs	0
nonFullTGDs	1971		fullTGDs	56379			newNonFullTGDs	10099		newFullTGDs	0
nonFullTGDs	1979		fullTGDs	56379			newNonFullTGDs	10091		newFullTGDs	0
nonFullTGDs	1991		fullTGDs	56379			newNonFullTGDs	10079		newFullTGDs	0
nonFullTGDs	2003		fullTGDs	56379			newNonFullTGDs	10067		newFullTGDs	0
nonFullTGDs	2012		fullTGDs	56379			newNonFullTGDs	10058		newFullTGDs	0
nonFullTGDs	2022		fullTGDs	56379			newNonFullTGDs	10048		newFullTGDs	0
nonFullTGDs	2030		fullTGDs	56379			newNonFullTGDs	10040		newFullTGDs	0
nonFullTGDs	2040		fullTGDs	56379			newNonFullTGDs	10030		newFullTGDs	0
nonFullTGDs	2051		fullTGDs	56379			newNonFullTGDs	10019		newFullTGDs	0
nonFullTGDs	2063		fullTGDs	56379			newNonFullTGDs	10007		newFullTGDs	0
nonFullTGDs	2072		fullTGDs	56379			newNonFullTGDs	9998		newFullTGDs	0
nonFullTGDs	2079		fullTGDs	56379			newNonFullTGDs	9991		newFullTGDs	0
nonFullTGDs	2087		fullTGDs	56379			newNonFullTGDs	9983		newFullTGDs	0
nonFullTGDs	2093		fullTGDs	56379			newNonFullTGDs	9977		newFullTGDs	0
nonFullTGDs	2105		fullTGDs	56379			newNonFullTGDs	9965		newFullTGDs	0
nonFullTGDs	2113		fullTGDs	56379			newNonFullTGDs	9957		newFullTGDs	0
nonFullTGDs	2124		fullTGDs	56379			newNonFullTGDs	9946		newFullTGDs	0
nonFullTGDs	2132		fullTGDs	56379			newNonFullTGDs	9938		newFullTGDs	0
nonFullTGDs	2140		fullTGDs	56379			newNonFullTGDs	9930		newFullTGDs	0
nonFullTGDs	2150		fullTGDs	56379			newNonFullTGDs	9920		newFullTGDs	0
nonFullTGDs	2161		fullTGDs	56379			newNonFullTGDs	9909		newFullTGDs	0
nonFullTGDs	2168		fullTGDs	56379			newNonFullTGDs	9902		newFullTGDs	0
nonFullTGDs	2175		fullTGDs	56379			newNonFullTGDs	9895		newFullTGDs	0
nonFullTGDs	2189		fullTGDs	56379			newNonFullTGDs	9881		newFullTGDs	0
nonFullTGDs	2203		fullTGDs	56379			newNonFullTGDs	9867		newFullTGDs	0
nonFullTGDs	2212		fullTGDs	56379			newNonFullTGDs	9858		newFullTGDs	0
nonFullTGDs	2219		fullTGDs	56379			newNonFullTGDs	9851		newFullTGDs	0
nonFullTGDs	2227		fullTGDs	56379			newNonFullTGDs	9843		newFullTGDs	0
nonFullTGDs	2234		fullTGDs	56379			newNonFullTGDs	9836		newFullTGDs	0
nonFullTGDs	2242		fullTGDs	56379			newNonFullTGDs	9828		newFullTGDs	0
nonFullTGDs	2250		fullTGDs	56379			newNonFullTGDs	9820		newFullTGDs	0
nonFullTGDs	2259		fullTGDs	56379			newNonFullTGDs	9811		newFullTGDs	0
nonFullTGDs	2271		fullTGDs	56379			newNonFullTGDs	9799		newFullTGDs	0
nonFullTGDs	2278		fullTGDs	56379			newNonFullTGDs	9792		newFullTGDs	0
nonFullTGDs	2286		fullTGDs	56379			newNonFullTGDs	9784		newFullTGDs	0
nonFullTGDs	2295		fullTGDs	56379			newNonFullTGDs	9775		newFullTGDs	0
nonFullTGDs	2305		fullTGDs	56379			newNonFullTGDs	9765		newFullTGDs	0
nonFullTGDs	2312		fullTGDs	56379			newNonFullTGDs	9758		newFullTGDs	0
nonFullTGDs	2323		fullTGDs	56379			newNonFullTGDs	9747		newFullTGDs	0
nonFullTGDs	2333		fullTGDs	56379			newNonFullTGDs	9737		newFullTGDs	0
nonFullTGDs	2342		fullTGDs	56379			newNonFullTGDs	9728		newFullTGDs	0
nonFullTGDs	2357		fullTGDs	56379			newNonFullTGDs	9713		newFullTGDs	0
nonFullTGDs	2363		fullTGDs	56379			newNonFullTGDs	9707		newFullTGDs	0
nonFullTGDs	2372		fullTGDs	56379			newNonFullTGDs	9698		newFullTGDs	0
nonFullTGDs	2386		fullTGDs	56379			newNonFullTGDs	9684		newFullTGDs	0
nonFullTGDs	2394		fullTGDs	56379			newNonFullTGDs	9676		newFullTGDs	0
nonFullTGDs	2405		fullTGDs	56379			newNonFullTGDs	9665		newFullTGDs	0
nonFullTGDs	2410		fullTGDs	56379			newNonFullTGDs	9660		newFullTGDs	0
nonFullTGDs	2417		fullTGDs	56379			newNonFullTGDs	9653		newFullTGDs	0
nonFullTGDs	2425		fullTGDs	56379			newNonFullTGDs	9645		newFullTGDs	0
nonFullTGDs	2433		fullTGDs	56379			newNonFullTGDs	9637		newFullTGDs	0
nonFullTGDs	2443		fullTGDs	56379			newNonFullTGDs	9627		newFullTGDs	0
nonFullTGDs	2452		fullTGDs	56379			newNonFullTGDs	9618		newFullTGDs	0
nonFullTGDs	2464		fullTGDs	56379			newNonFullTGDs	9606		newFullTGDs	0
nonFullTGDs	2478		fullTGDs	56379			newNonFullTGDs	9592		newFullTGDs	0
nonFullTGDs	2488		fullTGDs	56379			newNonFullTGDs	9582		newFullTGDs	0
nonFullTGDs	2499		fullTGDs	56379			newNonFullTGDs	9571		newFullTGDs	0
nonFullTGDs	2509		fullTGDs	56379			newNonFullTGDs	9561		newFullTGDs	0
nonFullTGDs	2517		fullTGDs	56379			newNonFullTGDs	9553		newFullTGDs	0
nonFullTGDs	2525		fullTGDs	56379			newNonFullTGDs	9545		newFullTGDs	0
nonFullTGDs	2537		fullTGDs	56379			newNonFullTGDs	9533		newFullTGDs	0
nonFullTGDs	2546		fullTGDs	56379			newNonFullTGDs	9524		newFullTGDs	0
nonFullTGDs	2553		fullTGDs	56379			newNonFullTGDs	9517		newFullTGDs	0
nonFullTGDs	2564		fullTGDs	56379			newNonFullTGDs	9506		newFullTGDs	0
nonFullTGDs	2573		fullTGDs	56379			newNonFullTGDs	9497		newFullTGDs	0
nonFullTGDs	2581		fullTGDs	56379			newNonFullTGDs	9489		newFullTGDs	0
nonFullTGDs	2590		fullTGDs	56379			newNonFullTGDs	9480		newFullTGDs	0
nonFullTGDs	2598		fullTGDs	56379			newNonFullTGDs	9472		newFullTGDs	0
nonFullTGDs	2611		fullTGDs	56379			newNonFullTGDs	9459		newFullTGDs	0
nonFullTGDs	2618		fullTGDs	56379			newNonFullTGDs	9452		newFullTGDs	0
nonFullTGDs	2628		fullTGDs	56379			newNonFullTGDs	9442		newFullTGDs	0
nonFullTGDs	2636		fullTGDs	56379			newNonFullTGDs	9434		newFullTGDs	0
nonFullTGDs	2647		fullTGDs	56379			newNonFullTGDs	9423		newFullTGDs	0
nonFullTGDs	2657		fullTGDs	56379			newNonFullTGDs	9413		newFullTGDs	0
nonFullTGDs	2666		fullTGDs	56379			newNonFullTGDs	9404		newFullTGDs	0
nonFullTGDs	2676		fullTGDs	56379			newNonFullTGDs	9394		newFullTGDs	0
nonFullTGDs	2684		fullTGDs	56379			newNonFullTGDs	9386		newFullTGDs	0
nonFullTGDs	2691		fullTGDs	56379			newNonFullTGDs	9379		newFullTGDs	0
nonFullTGDs	2704		fullTGDs	56379			newNonFullTGDs	9366		newFullTGDs	0
nonFullTGDs	2713		fullTGDs	56379			newNonFullTGDs	9357		newFullTGDs	0
nonFullTGDs	2721		fullTGDs	56379			newNonFullTGDs	9349		newFullTGDs	0
nonFullTGDs	2726		fullTGDs	56379			newNonFullTGDs	9344		newFullTGDs	0
nonFullTGDs	2737		fullTGDs	56379			newNonFullTGDs	9333		newFullTGDs	0
nonFullTGDs	2748		fullTGDs	56379			newNonFullTGDs	9322		newFullTGDs	0
nonFullTGDs	2757		fullTGDs	56379			newNonFullTGDs	9313		newFullTGDs	0
nonFullTGDs	2764		fullTGDs	56379			newNonFullTGDs	9306		newFullTGDs	0
nonFullTGDs	2773		fullTGDs	56379			newNonFullTGDs	9297		newFullTGDs	0
nonFullTGDs	2781		fullTGDs	56379			newNonFullTGDs	9289		newFullTGDs	0
nonFullTGDs	2792		fullTGDs	56379			newNonFullTGDs	9278		newFullTGDs	0
nonFullTGDs	2803		fullTGDs	56379			newNonFullTGDs	9267		newFullTGDs	0
nonFullTGDs	2813		fullTGDs	56379			newNonFullTGDs	9257		newFullTGDs	0
nonFullTGDs	2826		fullTGDs	56379			newNonFullTGDs	9244		newFullTGDs	0
nonFullTGDs	2836		fullTGDs	56379			newNonFullTGDs	9234		newFullTGDs	0
nonFullTGDs	2851		fullTGDs	56379			newNonFullTGDs	9219		newFullTGDs	0
nonFullTGDs	2865		fullTGDs	56379			newNonFullTGDs	9205		newFullTGDs	0
nonFullTGDs	2876		fullTGDs	56379			newNonFullTGDs	9194		newFullTGDs	0
nonFullTGDs	2884		fullTGDs	56379			newNonFullTGDs	9186		newFullTGDs	0
nonFullTGDs	2900		fullTGDs	56379			newNonFullTGDs	9170		newFullTGDs	0
nonFullTGDs	2913		fullTGDs	56379			newNonFullTGDs	9157		newFullTGDs	0
nonFullTGDs	2921		fullTGDs	56379			newNonFullTGDs	9149		newFullTGDs	0
nonFullTGDs	2929		fullTGDs	56379			newNonFullTGDs	9141		newFullTGDs	0
nonFullTGDs	2934		fullTGDs	56379			newNonFullTGDs	9136		newFullTGDs	0
nonFullTGDs	2944		fullTGDs	56379			newNonFullTGDs	9126		newFullTGDs	0
nonFullTGDs	2949		fullTGDs	56379			newNonFullTGDs	9121		newFullTGDs	0
nonFullTGDs	2957		fullTGDs	56379			newNonFullTGDs	9113		newFullTGDs	0
nonFullTGDs	2966		fullTGDs	56379			newNonFullTGDs	9104		newFullTGDs	0
nonFullTGDs	2978		fullTGDs	56379			newNonFullTGDs	9092		newFullTGDs	0
nonFullTGDs	2985		fullTGDs	56379			newNonFullTGDs	9085		newFullTGDs	0
nonFullTGDs	3001		fullTGDs	56379			newNonFullTGDs	9069		newFullTGDs	0
nonFullTGDs	3011		fullTGDs	56379			newNonFullTGDs	9059		newFullTGDs	0
nonFullTGDs	3022		fullTGDs	56379			newNonFullTGDs	9048		newFullTGDs	0
nonFullTGDs	3032		fullTGDs	56379			newNonFullTGDs	9038		newFullTGDs	0
nonFullTGDs	3042		fullTGDs	56379			newNonFullTGDs	9028		newFullTGDs	0
nonFullTGDs	3052		fullTGDs	56379			newNonFullTGDs	9018		newFullTGDs	0
nonFullTGDs	3056		fullTGDs	56379			newNonFullTGDs	9014		newFullTGDs	0
nonFullTGDs	3070		fullTGDs	56379			newNonFullTGDs	9000		newFullTGDs	0
nonFullTGDs	3085		fullTGDs	56379			newNonFullTGDs	8985		newFullTGDs	0
nonFullTGDs	3094		fullTGDs	56379			newNonFullTGDs	8976		newFullTGDs	0
nonFullTGDs	3102		fullTGDs	56379			newNonFullTGDs	8968		newFullTGDs	0
nonFullTGDs	3115		fullTGDs	56379			newNonFullTGDs	8955		newFullTGDs	0
nonFullTGDs	3127		fullTGDs	56379			newNonFullTGDs	8943		newFullTGDs	0
nonFullTGDs	3141		fullTGDs	56379			newNonFullTGDs	8929		newFullTGDs	0
nonFullTGDs	3152		fullTGDs	56379			newNonFullTGDs	8918		newFullTGDs	0
nonFullTGDs	3161		fullTGDs	56379			newNonFullTGDs	8909		newFullTGDs	0
nonFullTGDs	3172		fullTGDs	56379			newNonFullTGDs	8898		newFullTGDs	0
nonFullTGDs	3181		fullTGDs	56379			newNonFullTGDs	8889		newFullTGDs	0
nonFullTGDs	3195		fullTGDs	56379			newNonFullTGDs	8875		newFullTGDs	0
nonFullTGDs	3206		fullTGDs	56379			newNonFullTGDs	8864		newFullTGDs	0
nonFullTGDs	3218		fullTGDs	56379			newNonFullTGDs	8852		newFullTGDs	0
nonFullTGDs	3232		fullTGDs	56379			newNonFullTGDs	8838		newFullTGDs	0
nonFullTGDs	3244		fullTGDs	56379			newNonFullTGDs	8826		newFullTGDs	0
nonFullTGDs	3253		fullTGDs	56379			newNonFullTGDs	8817		newFullTGDs	0
nonFullTGDs	3262		fullTGDs	56379			newNonFullTGDs	8808		newFullTGDs	0
nonFullTGDs	3275		fullTGDs	56379			newNonFullTGDs	8795		newFullTGDs	0
nonFullTGDs	3285		fullTGDs	56379			newNonFullTGDs	8785		newFullTGDs	0
nonFullTGDs	3297		fullTGDs	56379			newNonFullTGDs	8773		newFullTGDs	0
nonFullTGDs	3305		fullTGDs	56379			newNonFullTGDs	8765		newFullTGDs	0
nonFullTGDs	3315		fullTGDs	56379			newNonFullTGDs	8755		newFullTGDs	0
nonFullTGDs	3327		fullTGDs	56379			newNonFullTGDs	8743		newFullTGDs	0
nonFullTGDs	3336		fullTGDs	56379			newNonFullTGDs	8734		newFullTGDs	0
nonFullTGDs	3347		fullTGDs	56379			newNonFullTGDs	8723		newFullTGDs	0
nonFullTGDs	3359		fullTGDs	56379			newNonFullTGDs	8711		newFullTGDs	0
nonFullTGDs	3367		fullTGDs	56379			newNonFullTGDs	8703		newFullTGDs	0
nonFullTGDs	3382		fullTGDs	56379			newNonFullTGDs	8688		newFullTGDs	0
nonFullTGDs	3395		fullTGDs	56379			newNonFullTGDs	8675		newFullTGDs	0
nonFullTGDs	3407		fullTGDs	56379			newNonFullTGDs	8663		newFullTGDs	0
nonFullTGDs	3417		fullTGDs	56379			newNonFullTGDs	8653		newFullTGDs	0
nonFullTGDs	3431		fullTGDs	56379			newNonFullTGDs	8639		newFullTGDs	0
nonFullTGDs	3439		fullTGDs	56379			newNonFullTGDs	8631		newFullTGDs	0
nonFullTGDs	3449		fullTGDs	56379			newNonFullTGDs	8621		newFullTGDs	0
nonFullTGDs	3464		fullTGDs	56379			newNonFullTGDs	8606		newFullTGDs	0
nonFullTGDs	3474		fullTGDs	56379			newNonFullTGDs	8596		newFullTGDs	0
nonFullTGDs	3488		fullTGDs	56379			newNonFullTGDs	8582		newFullTGDs	0
nonFullTGDs	3499		fullTGDs	56379			newNonFullTGDs	8571		newFullTGDs	0
nonFullTGDs	3511		fullTGDs	56379			newNonFullTGDs	8559		newFullTGDs	0
nonFullTGDs	3523		fullTGDs	56379			newNonFullTGDs	8547		newFullTGDs	0
nonFullTGDs	3536		fullTGDs	56379			newNonFullTGDs	8534		newFullTGDs	0
nonFullTGDs	3549		fullTGDs	56379			newNonFullTGDs	8521		newFullTGDs	0
nonFullTGDs	3556		fullTGDs	56379			newNonFullTGDs	8514		newFullTGDs	0
nonFullTGDs	3572		fullTGDs	56379			newNonFullTGDs	8498		newFullTGDs	0
nonFullTGDs	3583		fullTGDs	56379			newNonFullTGDs	8487		newFullTGDs	0
nonFullTGDs	3593		fullTGDs	56379			newNonFullTGDs	8477		newFullTGDs	0
nonFullTGDs	3598		fullTGDs	56379			newNonFullTGDs	8472		newFullTGDs	0
nonFullTGDs	3607		fullTGDs	56379			newNonFullTGDs	8463		newFullTGDs	0
nonFullTGDs	3615		fullTGDs	56379			newNonFullTGDs	8455		newFullTGDs	0
nonFullTGDs	3625		fullTGDs	56379			newNonFullTGDs	8445		newFullTGDs	0
nonFullTGDs	3638		fullTGDs	56379			newNonFullTGDs	8432		newFullTGDs	0
nonFullTGDs	3649		fullTGDs	56379			newNonFullTGDs	8421		newFullTGDs	0
nonFullTGDs	3658		fullTGDs	56379			newNonFullTGDs	8412		newFullTGDs	0
nonFullTGDs	3672		fullTGDs	56379			newNonFullTGDs	8398		newFullTGDs	0
nonFullTGDs	3682		fullTGDs	56379			newNonFullTGDs	8388		newFullTGDs	0
nonFullTGDs	3698		fullTGDs	56379			newNonFullTGDs	8372		newFullTGDs	0
nonFullTGDs	3710		fullTGDs	56379			newNonFullTGDs	8360		newFullTGDs	0
nonFullTGDs	3717		fullTGDs	56379			newNonFullTGDs	8353		newFullTGDs	0
nonFullTGDs	3727		fullTGDs	56379			newNonFullTGDs	8343		newFullTGDs	0
nonFullTGDs	3739		fullTGDs	56379			newNonFullTGDs	8331		newFullTGDs	0
nonFullTGDs	3749		fullTGDs	56379			newNonFullTGDs	8321		newFullTGDs	0
nonFullTGDs	3758		fullTGDs	56379			newNonFullTGDs	8312		newFullTGDs	0
nonFullTGDs	3773		fullTGDs	56379			newNonFullTGDs	8297		newFullTGDs	0
nonFullTGDs	3789		fullTGDs	56379			newNonFullTGDs	8281		newFullTGDs	0
nonFullTGDs	3799		fullTGDs	56379			newNonFullTGDs	8271		newFullTGDs	0
nonFullTGDs	3804		fullTGDs	56379			newNonFullTGDs	8266		newFullTGDs	0
nonFullTGDs	3815		fullTGDs	56379			newNonFullTGDs	8255		newFullTGDs	0
nonFullTGDs	3825		fullTGDs	56379			newNonFullTGDs	8245		newFullTGDs	0
nonFullTGDs	3837		fullTGDs	56379			newNonFullTGDs	8233		newFullTGDs	0
nonFullTGDs	3846		fullTGDs	56379			newNonFullTGDs	8224		newFullTGDs	0
nonFullTGDs	3859		fullTGDs	56379			newNonFullTGDs	8211		newFullTGDs	0
nonFullTGDs	3872		fullTGDs	56379			newNonFullTGDs	8198		newFullTGDs	0
nonFullTGDs	3887		fullTGDs	56379			newNonFullTGDs	8183		newFullTGDs	0
nonFullTGDs	3898		fullTGDs	56379			newNonFullTGDs	8172		newFullTGDs	0
nonFullTGDs	3909		fullTGDs	56379			newNonFullTGDs	8161		newFullTGDs	0
nonFullTGDs	3920		fullTGDs	56379			newNonFullTGDs	8150		newFullTGDs	0
nonFullTGDs	3929		fullTGDs	56379			newNonFullTGDs	8141		newFullTGDs	0
nonFullTGDs	3940		fullTGDs	56379			newNonFullTGDs	8130		newFullTGDs	0
nonFullTGDs	3953		fullTGDs	56379			newNonFullTGDs	8117		newFullTGDs	0
nonFullTGDs	3961		fullTGDs	56379			newNonFullTGDs	8109		newFullTGDs	0
nonFullTGDs	3973		fullTGDs	56379			newNonFullTGDs	8097		newFullTGDs	0
nonFullTGDs	3980		fullTGDs	56379			newNonFullTGDs	8090		newFullTGDs	0
nonFullTGDs	3992		fullTGDs	56379			newNonFullTGDs	8078		newFullTGDs	0
nonFullTGDs	4004		fullTGDs	56379			newNonFullTGDs	8066		newFullTGDs	0
nonFullTGDs	4016		fullTGDs	56379			newNonFullTGDs	8054		newFullTGDs	0
nonFullTGDs	4031		fullTGDs	56379			newNonFullTGDs	8039		newFullTGDs	0
nonFullTGDs	4046		fullTGDs	56379			newNonFullTGDs	8024		newFullTGDs	0
nonFullTGDs	4054		fullTGDs	56379			newNonFullTGDs	8016		newFullTGDs	0
nonFullTGDs	4066		fullTGDs	56379			newNonFullTGDs	8004		newFullTGDs	0
nonFullTGDs	4083		fullTGDs	56379			newNonFullTGDs	7987		newFullTGDs	0
nonFullTGDs	4098		fullTGDs	56379			newNonFullTGDs	7972		newFullTGDs	0
nonFullTGDs	4118		fullTGDs	56379			newNonFullTGDs	7952		newFullTGDs	0
nonFullTGDs	4127		fullTGDs	56379			newNonFullTGDs	7943		newFullTGDs	0
nonFullTGDs	4142		fullTGDs	56379			newNonFullTGDs	7928		newFullTGDs	0
nonFullTGDs	4152		fullTGDs	56379			newNonFullTGDs	7918		newFullTGDs	0
nonFullTGDs	4165		fullTGDs	56379			newNonFullTGDs	7905		newFullTGDs	0
nonFullTGDs	4177		fullTGDs	56379			newNonFullTGDs	7893		newFullTGDs	0
nonFullTGDs	4192		fullTGDs	56379			newNonFullTGDs	7878		newFullTGDs	0
nonFullTGDs	4208		fullTGDs	56379			newNonFullTGDs	7862		newFullTGDs	0
nonFullTGDs	4221		fullTGDs	56379			newNonFullTGDs	7849		newFullTGDs	0
nonFullTGDs	4228		fullTGDs	56379			newNonFullTGDs	7842		newFullTGDs	0
nonFullTGDs	4235		fullTGDs	56379			newNonFullTGDs	7835		newFullTGDs	0
nonFullTGDs	4242		fullTGDs	56379			newNonFullTGDs	7828		newFullTGDs	0
nonFullTGDs	4252		fullTGDs	56379			newNonFullTGDs	7818		newFullTGDs	0
nonFullTGDs	4263		fullTGDs	56379			newNonFullTGDs	7807		newFullTGDs	0
nonFullTGDs	4272		fullTGDs	56379			newNonFullTGDs	7798		newFullTGDs	0
nonFullTGDs	4279		fullTGDs	56379			newNonFullTGDs	7791		newFullTGDs	0
nonFullTGDs	4290		fullTGDs	56379			newNonFullTGDs	7780		newFullTGDs	0
nonFullTGDs	4305		fullTGDs	56379			newNonFullTGDs	7765		newFullTGDs	0
nonFullTGDs	4317		fullTGDs	56379			newNonFullTGDs	7753		newFullTGDs	0
nonFullTGDs	4335		fullTGDs	56379			newNonFullTGDs	7735		newFullTGDs	0
nonFullTGDs	4346		fullTGDs	56379			newNonFullTGDs	7724		newFullTGDs	0
nonFullTGDs	4359		fullTGDs	56379			newNonFullTGDs	7711		newFullTGDs	0
nonFullTGDs	4372		fullTGDs	56379			newNonFullTGDs	7698		newFullTGDs	0
nonFullTGDs	4388		fullTGDs	56379			newNonFullTGDs	7682		newFullTGDs	0
nonFullTGDs	4400		fullTGDs	56379			newNonFullTGDs	7670		newFullTGDs	0
nonFullTGDs	4416		fullTGDs	56379			newNonFullTGDs	7654		newFullTGDs	0
nonFullTGDs	4428		fullTGDs	56379			newNonFullTGDs	7642		newFullTGDs	0
nonFullTGDs	4444		fullTGDs	56379			newNonFullTGDs	7626		newFullTGDs	0
nonFullTGDs	4456		fullTGDs	56379			newNonFullTGDs	7614		newFullTGDs	0
nonFullTGDs	4470		fullTGDs	56379			newNonFullTGDs	7600		newFullTGDs	0
nonFullTGDs	4477		fullTGDs	56379			newNonFullTGDs	7593		newFullTGDs	0
nonFullTGDs	4486		fullTGDs	56379			newNonFullTGDs	7584		newFullTGDs	0
nonFullTGDs	4496		fullTGDs	56379			newNonFullTGDs	7574		newFullTGDs	0
nonFullTGDs	4504		fullTGDs	56379			newNonFullTGDs	7566		newFullTGDs	0
nonFullTGDs	4518		fullTGDs	56379			newNonFullTGDs	7552		newFullTGDs	0
nonFullTGDs	4529		fullTGDs	56379			newNonFullTGDs	7541		newFullTGDs	0
nonFullTGDs	4535		fullTGDs	56379			newNonFullTGDs	7535		newFullTGDs	0
nonFullTGDs	4543		fullTGDs	56379			newNonFullTGDs	7527		newFullTGDs	0
nonFullTGDs	4559		fullTGDs	56379			newNonFullTGDs	7511		newFullTGDs	0
nonFullTGDs	4569		fullTGDs	56379			newNonFullTGDs	7501		newFullTGDs	0
nonFullTGDs	4577		fullTGDs	56379			newNonFullTGDs	7493		newFullTGDs	0
nonFullTGDs	4590		fullTGDs	56379			newNonFullTGDs	7480		newFullTGDs	0
nonFullTGDs	4599		fullTGDs	56379			newNonFullTGDs	7471		newFullTGDs	0
nonFullTGDs	4608		fullTGDs	56379			newNonFullTGDs	7462		newFullTGDs	0
nonFullTGDs	4615		fullTGDs	56379			newNonFullTGDs	7455		newFullTGDs	0
nonFullTGDs	4627		fullTGDs	56379			newNonFullTGDs	7443		newFullTGDs	0
nonFullTGDs	4638		fullTGDs	56379			newNonFullTGDs	7432		newFullTGDs	0
nonFullTGDs	4651		fullTGDs	56379			newNonFullTGDs	7419		newFullTGDs	0
nonFullTGDs	4664		fullTGDs	56379			newNonFullTGDs	7406		newFullTGDs	0
nonFullTGDs	4677		fullTGDs	56379			newNonFullTGDs	7393		newFullTGDs	0
nonFullTGDs	4688		fullTGDs	56379			newNonFullTGDs	7382		newFullTGDs	0
nonFullTGDs	4698		fullTGDs	56379			newNonFullTGDs	7372		newFullTGDs	0
nonFullTGDs	4712		fullTGDs	56379			newNonFullTGDs	7358		newFullTGDs	0
nonFullTGDs	4722		fullTGDs	56379			newNonFullTGDs	7348		newFullTGDs	0
nonFullTGDs	4730		fullTGDs	56379			newNonFullTGDs	7340		newFullTGDs	0
nonFullTGDs	4742		fullTGDs	56379			newNonFullTGDs	7328		newFullTGDs	0
nonFullTGDs	4756		fullTGDs	56379			newNonFullTGDs	7314		newFullTGDs	0
nonFullTGDs	4770		fullTGDs	56379			newNonFullTGDs	7300		newFullTGDs	0
nonFullTGDs	4781		fullTGDs	56379			newNonFullTGDs	7289		newFullTGDs	0
nonFullTGDs	4794		fullTGDs	56379			newNonFullTGDs	7276		newFullTGDs	0
nonFullTGDs	4805		fullTGDs	56379			newNonFullTGDs	7265		newFullTGDs	0
nonFullTGDs	4816		fullTGDs	56379			newNonFullTGDs	7254		newFullTGDs	0
nonFullTGDs	4828		fullTGDs	56379			newNonFullTGDs	7242		newFullTGDs	0
nonFullTGDs	4840		fullTGDs	56379			newNonFullTGDs	7230		newFullTGDs	0
nonFullTGDs	4854		fullTGDs	56379			newNonFullTGDs	7216		newFullTGDs	0
nonFullTGDs	4862		fullTGDs	56379			newNonFullTGDs	7208		newFullTGDs	0
nonFullTGDs	4869		fullTGDs	56379			newNonFullTGDs	7201		newFullTGDs	0
nonFullTGDs	4884		fullTGDs	56379			newNonFullTGDs	7186		newFullTGDs	0
nonFullTGDs	4891		fullTGDs	56379			newNonFullTGDs	7179		newFullTGDs	0
nonFullTGDs	4903		fullTGDs	56379			newNonFullTGDs	7167		newFullTGDs	0
nonFullTGDs	4912		fullTGDs	56379			newNonFullTGDs	7158		newFullTGDs	0
nonFullTGDs	4923		fullTGDs	56379			newNonFullTGDs	7147		newFullTGDs	0
nonFullTGDs	4933		fullTGDs	56379			newNonFullTGDs	7137		newFullTGDs	0
nonFullTGDs	4946		fullTGDs	56379			newNonFullTGDs	7124		newFullTGDs	0
nonFullTGDs	4960		fullTGDs	56379			newNonFullTGDs	7110		newFullTGDs	0
nonFullTGDs	4971		fullTGDs	56379			newNonFullTGDs	7099		newFullTGDs	0
nonFullTGDs	4982		fullTGDs	56379			newNonFullTGDs	7088		newFullTGDs	0
nonFullTGDs	4993		fullTGDs	56379			newNonFullTGDs	7077		newFullTGDs	0
nonFullTGDs	5005		fullTGDs	56379			newNonFullTGDs	7065		newFullTGDs	0
nonFullTGDs	5018		fullTGDs	56379			newNonFullTGDs	7052		newFullTGDs	0
nonFullTGDs	5033		fullTGDs	56379			newNonFullTGDs	7037		newFullTGDs	0
nonFullTGDs	5046		fullTGDs	56379			newNonFullTGDs	7024		newFullTGDs	0
nonFullTGDs	5060		fullTGDs	56379			newNonFullTGDs	7010		newFullTGDs	0
nonFullTGDs	5071		fullTGDs	56379			newNonFullTGDs	6999		newFullTGDs	0
nonFullTGDs	5080		fullTGDs	56379			newNonFullTGDs	6990		newFullTGDs	0
nonFullTGDs	5090		fullTGDs	56379			newNonFullTGDs	6980		newFullTGDs	0
nonFullTGDs	5105		fullTGDs	56379			newNonFullTGDs	6965		newFullTGDs	0
nonFullTGDs	5119		fullTGDs	56379			newNonFullTGDs	6951		newFullTGDs	0
nonFullTGDs	5132		fullTGDs	56379			newNonFullTGDs	6938		newFullTGDs	0
nonFullTGDs	5143		fullTGDs	56379			newNonFullTGDs	6927		newFullTGDs	0
nonFullTGDs	5156		fullTGDs	56379			newNonFullTGDs	6914		newFullTGDs	0
nonFullTGDs	5172		fullTGDs	56379			newNonFullTGDs	6898		newFullTGDs	0
nonFullTGDs	5185		fullTGDs	56379			newNonFullTGDs	6885		newFullTGDs	0
nonFullTGDs	5202		fullTGDs	56379			newNonFullTGDs	6868		newFullTGDs	0
nonFullTGDs	5214		fullTGDs	56379			newNonFullTGDs	6856		newFullTGDs	0
nonFullTGDs	5227		fullTGDs	56379			newNonFullTGDs	6843		newFullTGDs	0
nonFullTGDs	5237		fullTGDs	56379			newNonFullTGDs	6833		newFullTGDs	0
nonFullTGDs	5248		fullTGDs	56379			newNonFullTGDs	6822		newFullTGDs	0
nonFullTGDs	5257		fullTGDs	56379			newNonFullTGDs	6813		newFullTGDs	0
nonFullTGDs	5264		fullTGDs	56379			newNonFullTGDs	6806		newFullTGDs	0
nonFullTGDs	5276		fullTGDs	56379			newNonFullTGDs	6794		newFullTGDs	0
nonFullTGDs	5289		fullTGDs	56379			newNonFullTGDs	6781		newFullTGDs	0
nonFullTGDs	5301		fullTGDs	56379			newNonFullTGDs	6769		newFullTGDs	0
nonFullTGDs	5314		fullTGDs	56379			newNonFullTGDs	6756		newFullTGDs	0
nonFullTGDs	5324		fullTGDs	56379			newNonFullTGDs	6746		newFullTGDs	0
nonFullTGDs	5335		fullTGDs	56379			newNonFullTGDs	6735		newFullTGDs	0
nonFullTGDs	5348		fullTGDs	56379			newNonFullTGDs	6722		newFullTGDs	0
nonFullTGDs	5359		fullTGDs	56379			newNonFullTGDs	6711		newFullTGDs	0
nonFullTGDs	5368		fullTGDs	56379			newNonFullTGDs	6702		newFullTGDs	0
nonFullTGDs	5382		fullTGDs	56379			newNonFullTGDs	6688		newFullTGDs	0
nonFullTGDs	5395		fullTGDs	56379			newNonFullTGDs	6675		newFullTGDs	0
nonFullTGDs	5408		fullTGDs	56379			newNonFullTGDs	6662		newFullTGDs	0
nonFullTGDs	5421		fullTGDs	56379			newNonFullTGDs	6649		newFullTGDs	0
nonFullTGDs	5435		fullTGDs	56379			newNonFullTGDs	6635		newFullTGDs	0
nonFullTGDs	5449		fullTGDs	56379			newNonFullTGDs	6621		newFullTGDs	0
nonFullTGDs	5460		fullTGDs	56379			newNonFullTGDs	6610		newFullTGDs	0
nonFullTGDs	5473		fullTGDs	56379			newNonFullTGDs	6597		newFullTGDs	0
nonFullTGDs	5482		fullTGDs	56379			newNonFullTGDs	6588		newFullTGDs	0
nonFullTGDs	5497		fullTGDs	56379			newNonFullTGDs	6573		newFullTGDs	0
nonFullTGDs	5513		fullTGDs	56379			newNonFullTGDs	6557		newFullTGDs	0
nonFullTGDs	5530		fullTGDs	56379			newNonFullTGDs	6540		newFullTGDs	0
nonFullTGDs	5541		fullTGDs	56379			newNonFullTGDs	6529		newFullTGDs	0
nonFullTGDs	5554		fullTGDs	56379			newNonFullTGDs	6516		newFullTGDs	0
nonFullTGDs	5567		fullTGDs	56379			newNonFullTGDs	6503		newFullTGDs	0
nonFullTGDs	5582		fullTGDs	56379			newNonFullTGDs	6488		newFullTGDs	0
nonFullTGDs	5595		fullTGDs	56379			newNonFullTGDs	6475		newFullTGDs	0
nonFullTGDs	5607		fullTGDs	56379			newNonFullTGDs	6463		newFullTGDs	0
nonFullTGDs	5619		fullTGDs	56379			newNonFullTGDs	6451		newFullTGDs	0
nonFullTGDs	5637		fullTGDs	56379			newNonFullTGDs	6433		newFullTGDs	0
nonFullTGDs	5650		fullTGDs	56379			newNonFullTGDs	6420		newFullTGDs	0
nonFullTGDs	5659		fullTGDs	56379			newNonFullTGDs	6411		newFullTGDs	0
nonFullTGDs	5665		fullTGDs	56379			newNonFullTGDs	6405		newFullTGDs	0
nonFullTGDs	5677		fullTGDs	56379			newNonFullTGDs	6393		newFullTGDs	0
nonFullTGDs	5688		fullTGDs	56379			newNonFullTGDs	6382		newFullTGDs	0
nonFullTGDs	5699		fullTGDs	56379			newNonFullTGDs	6371		newFullTGDs	0
nonFullTGDs	5712		fullTGDs	56379			newNonFullTGDs	6358		newFullTGDs	0
nonFullTGDs	5725		fullTGDs	56379			newNonFullTGDs	6345		newFullTGDs	0
nonFullTGDs	5735		fullTGDs	56379			newNonFullTGDs	6335		newFullTGDs	0
nonFullTGDs	5747		fullTGDs	56379			newNonFullTGDs	6323		newFullTGDs	0
nonFullTGDs	5760		fullTGDs	56379			newNonFullTGDs	6310		newFullTGDs	0
nonFullTGDs	5772		fullTGDs	56379			newNonFullTGDs	6298		newFullTGDs	0
nonFullTGDs	5783		fullTGDs	56379			newNonFullTGDs	6287		newFullTGDs	0
nonFullTGDs	5792		fullTGDs	56379			newNonFullTGDs	6278		newFullTGDs	0
nonFullTGDs	5801		fullTGDs	56379			newNonFullTGDs	6269		newFullTGDs	0
nonFullTGDs	5813		fullTGDs	56379			newNonFullTGDs	6257		newFullTGDs	0
nonFullTGDs	5824		fullTGDs	56379			newNonFullTGDs	6246		newFullTGDs	0
nonFullTGDs	5840		fullTGDs	56379			newNonFullTGDs	6230		newFullTGDs	0
nonFullTGDs	5854		fullTGDs	56379			newNonFullTGDs	6216		newFullTGDs	0
nonFullTGDs	5872		fullTGDs	56379			newNonFullTGDs	6198		newFullTGDs	0
nonFullTGDs	5881		fullTGDs	56379			newNonFullTGDs	6189		newFullTGDs	0
nonFullTGDs	5892		fullTGDs	56379			newNonFullTGDs	6178		newFullTGDs	0
nonFullTGDs	5901		fullTGDs	56379			newNonFullTGDs	6169		newFullTGDs	0
nonFullTGDs	5915		fullTGDs	56379			newNonFullTGDs	6155		newFullTGDs	0
nonFullTGDs	5930		fullTGDs	56379			newNonFullTGDs	6140		newFullTGDs	0
nonFullTGDs	5944		fullTGDs	56379			newNonFullTGDs	6126		newFullTGDs	0
nonFullTGDs	5958		fullTGDs	56379			newNonFullTGDs	6112		newFullTGDs	0
nonFullTGDs	5968		fullTGDs	56379			newNonFullTGDs	6102		newFullTGDs	0
nonFullTGDs	5977		fullTGDs	56379			newNonFullTGDs	6093		newFullTGDs	0
nonFullTGDs	5992		fullTGDs	56379			newNonFullTGDs	6078		newFullTGDs	0
nonFullTGDs	6008		fullTGDs	56379			newNonFullTGDs	6062		newFullTGDs	0
nonFullTGDs	6021		fullTGDs	56379			newNonFullTGDs	6049		newFullTGDs	0
nonFullTGDs	6035		fullTGDs	56379			newNonFullTGDs	6035		newFullTGDs	0
nonFullTGDs	6045		fullTGDs	56379			newNonFullTGDs	6025		newFullTGDs	0
nonFullTGDs	6060		fullTGDs	56379			newNonFullTGDs	6010		newFullTGDs	0
nonFullTGDs	6071		fullTGDs	56379			newNonFullTGDs	5999		newFullTGDs	0
nonFullTGDs	6084		fullTGDs	56379			newNonFullTGDs	5986		newFullTGDs	0
nonFullTGDs	6095		fullTGDs	56379			newNonFullTGDs	5975		newFullTGDs	0
nonFullTGDs	6106		fullTGDs	56379			newNonFullTGDs	5964		newFullTGDs	0
nonFullTGDs	6119		fullTGDs	56379			newNonFullTGDs	5951		newFullTGDs	0
nonFullTGDs	6131		fullTGDs	56379			newNonFullTGDs	5939		newFullTGDs	0
nonFullTGDs	6145		fullTGDs	56379			newNonFullTGDs	5925		newFullTGDs	0
nonFullTGDs	6155		fullTGDs	56379			newNonFullTGDs	5915		newFullTGDs	0
nonFullTGDs	6168		fullTGDs	56379			newNonFullTGDs	5902		newFullTGDs	0
nonFullTGDs	6183		fullTGDs	56379			newNonFullTGDs	5887		newFullTGDs	0
nonFullTGDs	6193		fullTGDs	56379			newNonFullTGDs	5877		newFullTGDs	0
nonFullTGDs	6205		fullTGDs	56379			newNonFullTGDs	5865		newFullTGDs	0
nonFullTGDs	6217		fullTGDs	56379			newNonFullTGDs	5853		newFullTGDs	0
nonFullTGDs	6228		fullTGDs	56379			newNonFullTGDs	5842		newFullTGDs	0
nonFullTGDs	6238		fullTGDs	56379			newNonFullTGDs	5832		newFullTGDs	0
nonFullTGDs	6251		fullTGDs	56379			newNonFullTGDs	5819		newFullTGDs	0
nonFullTGDs	6267		fullTGDs	56379			newNonFullTGDs	5803		newFullTGDs	0
nonFullTGDs	6278		fullTGDs	56379			newNonFullTGDs	5792		newFullTGDs	0
nonFullTGDs	6291		fullTGDs	56379			newNonFullTGDs	5779		newFullTGDs	0
nonFullTGDs	6301		fullTGDs	56379			newNonFullTGDs	5769		newFullTGDs	0
nonFullTGDs	6313		fullTGDs	56379			newNonFullTGDs	5757		newFullTGDs	0
nonFullTGDs	6325		fullTGDs	56379			newNonFullTGDs	5745		newFullTGDs	0
nonFullTGDs	6336		fullTGDs	56379			newNonFullTGDs	5734		newFullTGDs	0
nonFullTGDs	6349		fullTGDs	56379			newNonFullTGDs	5721		newFullTGDs	0
nonFullTGDs	6361		fullTGDs	56379			newNonFullTGDs	5709		newFullTGDs	0
nonFullTGDs	6370		fullTGDs	56379			newNonFullTGDs	5700		newFullTGDs	0
nonFullTGDs	6382		fullTGDs	56379			newNonFullTGDs	5688		newFullTGDs	0
nonFullTGDs	6393		fullTGDs	56379			newNonFullTGDs	5677		newFullTGDs	0
nonFullTGDs	6403		fullTGDs	56379			newNonFullTGDs	5667		newFullTGDs	0
nonFullTGDs	6412		fullTGDs	56379			newNonFullTGDs	5658		newFullTGDs	0
nonFullTGDs	6426		fullTGDs	56379			newNonFullTGDs	5644		newFullTGDs	0
nonFullTGDs	6444		fullTGDs	56379			newNonFullTGDs	5626		newFullTGDs	0
nonFullTGDs	6459		fullTGDs	56379			newNonFullTGDs	5611		newFullTGDs	0
nonFullTGDs	6470		fullTGDs	56379			newNonFullTGDs	5600		newFullTGDs	0
nonFullTGDs	6487		fullTGDs	56379			newNonFullTGDs	5583		newFullTGDs	0
nonFullTGDs	6499		fullTGDs	56379			newNonFullTGDs	5571		newFullTGDs	0
nonFullTGDs	6515		fullTGDs	56379			newNonFullTGDs	5555		newFullTGDs	0
nonFullTGDs	6530		fullTGDs	56379			newNonFullTGDs	5540		newFullTGDs	0
nonFullTGDs	6543		fullTGDs	56379			newNonFullTGDs	5527		newFullTGDs	0
nonFullTGDs	6553		fullTGDs	56379			newNonFullTGDs	5517		newFullTGDs	0
nonFullTGDs	6563		fullTGDs	56379			newNonFullTGDs	5507		newFullTGDs	0
nonFullTGDs	6573		fullTGDs	56379			newNonFullTGDs	5497		newFullTGDs	0
nonFullTGDs	6588		fullTGDs	56379			newNonFullTGDs	5482		newFullTGDs	0
nonFullTGDs	6599		fullTGDs	56379			newNonFullTGDs	5471		newFullTGDs	0
nonFullTGDs	6611		fullTGDs	56379			newNonFullTGDs	5459		newFullTGDs	0
nonFullTGDs	6622		fullTGDs	56379			newNonFullTGDs	5448		newFullTGDs	0
nonFullTGDs	6629		fullTGDs	56379			newNonFullTGDs	5441		newFullTGDs	0
nonFullTGDs	6644		fullTGDs	56379			newNonFullTGDs	5426		newFullTGDs	0
nonFullTGDs	6659		fullTGDs	56379			newNonFullTGDs	5411		newFullTGDs	0
nonFullTGDs	6670		fullTGDs	56379			newNonFullTGDs	5400		newFullTGDs	0
nonFullTGDs	6683		fullTGDs	56379			newNonFullTGDs	5387		newFullTGDs	0
nonFullTGDs	6695		fullTGDs	56379			newNonFullTGDs	5375		newFullTGDs	0
nonFullTGDs	6710		fullTGDs	56379			newNonFullTGDs	5360		newFullTGDs	0
nonFullTGDs	6720		fullTGDs	56379			newNonFullTGDs	5350		newFullTGDs	0
nonFullTGDs	6733		fullTGDs	56379			newNonFullTGDs	5337		newFullTGDs	0
nonFullTGDs	6744		fullTGDs	56379			newNonFullTGDs	5326		newFullTGDs	0
nonFullTGDs	6761		fullTGDs	56379			newNonFullTGDs	5309		newFullTGDs	0
nonFullTGDs	6774		fullTGDs	56379			newNonFullTGDs	5296		newFullTGDs	0
nonFullTGDs	6786		fullTGDs	56379			newNonFullTGDs	5284		newFullTGDs	0
nonFullTGDs	6796		fullTGDs	56379			newNonFullTGDs	5274		newFullTGDs	0
nonFullTGDs	6807		fullTGDs	56379			newNonFullTGDs	5263		newFullTGDs	0
nonFullTGDs	6825		fullTGDs	56379			newNonFullTGDs	5245		newFullTGDs	0
nonFullTGDs	6841		fullTGDs	56379			newNonFullTGDs	5229		newFullTGDs	0
nonFullTGDs	6854		fullTGDs	56379			newNonFullTGDs	5216		newFullTGDs	0
nonFullTGDs	6865		fullTGDs	56379			newNonFullTGDs	5205		newFullTGDs	0
nonFullTGDs	6873		fullTGDs	56379			newNonFullTGDs	5197		newFullTGDs	0
nonFullTGDs	6884		fullTGDs	56379			newNonFullTGDs	5186		newFullTGDs	0
nonFullTGDs	6896		fullTGDs	56379			newNonFullTGDs	5174		newFullTGDs	0
nonFullTGDs	6907		fullTGDs	56379			newNonFullTGDs	5163		newFullTGDs	0
nonFullTGDs	6917		fullTGDs	56379			newNonFullTGDs	5153		newFullTGDs	0
nonFullTGDs	6932		fullTGDs	56379			newNonFullTGDs	5138		newFullTGDs	0
nonFullTGDs	6944		fullTGDs	56379			newNonFullTGDs	5126		newFullTGDs	0
nonFullTGDs	6956		fullTGDs	56379			newNonFullTGDs	5114		newFullTGDs	0
nonFullTGDs	6968		fullTGDs	56379			newNonFullTGDs	5102		newFullTGDs	0
nonFullTGDs	6980		fullTGDs	56379			newNonFullTGDs	5090		newFullTGDs	0
nonFullTGDs	6996		fullTGDs	56379			newNonFullTGDs	5074		newFullTGDs	0
nonFullTGDs	7008		fullTGDs	56379			newNonFullTGDs	5062		newFullTGDs	0
nonFullTGDs	7017		fullTGDs	56379			newNonFullTGDs	5053		newFullTGDs	0
nonFullTGDs	7032		fullTGDs	56379			newNonFullTGDs	5038		newFullTGDs	0
nonFullTGDs	7045		fullTGDs	56379			newNonFullTGDs	5025		newFullTGDs	0
nonFullTGDs	7059		fullTGDs	56379			newNonFullTGDs	5011		newFullTGDs	0
nonFullTGDs	7071		fullTGDs	56379			newNonFullTGDs	4999		newFullTGDs	0
nonFullTGDs	7084		fullTGDs	56379			newNonFullTGDs	4986		newFullTGDs	0
nonFullTGDs	7096		fullTGDs	56379			newNonFullTGDs	4974		newFullTGDs	0
nonFullTGDs	7108		fullTGDs	56379			newNonFullTGDs	4962		newFullTGDs	0
nonFullTGDs	7120		fullTGDs	56379			newNonFullTGDs	4950		newFullTGDs	0
nonFullTGDs	7129		fullTGDs	56379			newNonFullTGDs	4941		newFullTGDs	0
nonFullTGDs	7146		fullTGDs	56379			newNonFullTGDs	4924		newFullTGDs	0
nonFullTGDs	7160		fullTGDs	56379			newNonFullTGDs	4910		newFullTGDs	0
nonFullTGDs	7174		fullTGDs	56379			newNonFullTGDs	4896		newFullTGDs	0
nonFullTGDs	7192		fullTGDs	56379			newNonFullTGDs	4878		newFullTGDs	0
nonFullTGDs	7201		fullTGDs	56379			newNonFullTGDs	4869		newFullTGDs	0
nonFullTGDs	7210		fullTGDs	56379			newNonFullTGDs	4860		newFullTGDs	0
nonFullTGDs	7219		fullTGDs	56379			newNonFullTGDs	4851		newFullTGDs	0
nonFullTGDs	7230		fullTGDs	56379			newNonFullTGDs	4840		newFullTGDs	0
nonFullTGDs	7240		fullTGDs	56379			newNonFullTGDs	4830		newFullTGDs	0
nonFullTGDs	7248		fullTGDs	56379			newNonFullTGDs	4822		newFullTGDs	0
nonFullTGDs	7255		fullTGDs	56379			newNonFullTGDs	4815		newFullTGDs	0
nonFullTGDs	7270		fullTGDs	56379			newNonFullTGDs	4800		newFullTGDs	0
nonFullTGDs	7286		fullTGDs	56379			newNonFullTGDs	4784		newFullTGDs	0
nonFullTGDs	7297		fullTGDs	56379			newNonFullTGDs	4773		newFullTGDs	0
nonFullTGDs	7313		fullTGDs	56379			newNonFullTGDs	4757		newFullTGDs	0
nonFullTGDs	7327		fullTGDs	56379			newNonFullTGDs	4743		newFullTGDs	0
nonFullTGDs	7339		fullTGDs	56379			newNonFullTGDs	4731		newFullTGDs	0
nonFullTGDs	7349		fullTGDs	56379			newNonFullTGDs	4721		newFullTGDs	0
nonFullTGDs	7357		fullTGDs	56379			newNonFullTGDs	4713		newFullTGDs	0
nonFullTGDs	7369		fullTGDs	56379			newNonFullTGDs	4701		newFullTGDs	0
nonFullTGDs	7383		fullTGDs	56379			newNonFullTGDs	4687		newFullTGDs	0
nonFullTGDs	7393		fullTGDs	56379			newNonFullTGDs	4677		newFullTGDs	0
nonFullTGDs	7403		fullTGDs	56379			newNonFullTGDs	4667		newFullTGDs	0
nonFullTGDs	7413		fullTGDs	56379			newNonFullTGDs	4657		newFullTGDs	0
nonFullTGDs	7428		fullTGDs	56379			newNonFullTGDs	4642		newFullTGDs	0
nonFullTGDs	7436		fullTGDs	56379			newNonFullTGDs	4634		newFullTGDs	0
nonFullTGDs	7446		fullTGDs	56379			newNonFullTGDs	4624		newFullTGDs	0
nonFullTGDs	7453		fullTGDs	56379			newNonFullTGDs	4617		newFullTGDs	0
nonFullTGDs	7468		fullTGDs	56379			newNonFullTGDs	4602		newFullTGDs	0
nonFullTGDs	7477		fullTGDs	56379			newNonFullTGDs	4593		newFullTGDs	0
nonFullTGDs	7486		fullTGDs	56379			newNonFullTGDs	4584		newFullTGDs	0
nonFullTGDs	7499		fullTGDs	56379			newNonFullTGDs	4571		newFullTGDs	0
nonFullTGDs	7513		fullTGDs	56379			newNonFullTGDs	4557		newFullTGDs	0
nonFullTGDs	7527		fullTGDs	56379			newNonFullTGDs	4543		newFullTGDs	0
nonFullTGDs	7538		fullTGDs	56379			newNonFullTGDs	4532		newFullTGDs	0
nonFullTGDs	7548		fullTGDs	56379			newNonFullTGDs	4522		newFullTGDs	0
nonFullTGDs	7557		fullTGDs	56379			newNonFullTGDs	4513		newFullTGDs	0
nonFullTGDs	7567		fullTGDs	56379			newNonFullTGDs	4503		newFullTGDs	0
nonFullTGDs	7579		fullTGDs	56379			newNonFullTGDs	4491		newFullTGDs	0
nonFullTGDs	7591		fullTGDs	56379			newNonFullTGDs	4479		newFullTGDs	0
nonFullTGDs	7606		fullTGDs	56379			newNonFullTGDs	4464		newFullTGDs	0
nonFullTGDs	7620		fullTGDs	56379			newNonFullTGDs	4450		newFullTGDs	0
nonFullTGDs	7632		fullTGDs	56379			newNonFullTGDs	4438		newFullTGDs	0
nonFullTGDs	7642		fullTGDs	56379			newNonFullTGDs	4428		newFullTGDs	0
nonFullTGDs	7652		fullTGDs	56379			newNonFullTGDs	4418		newFullTGDs	0
nonFullTGDs	7665		fullTGDs	56379			newNonFullTGDs	4405		newFullTGDs	0
nonFullTGDs	7678		fullTGDs	56379			newNonFullTGDs	4392		newFullTGDs	0
nonFullTGDs	7691		fullTGDs	56379			newNonFullTGDs	4379		newFullTGDs	0
nonFullTGDs	7701		fullTGDs	56379			newNonFullTGDs	4369		newFullTGDs	0
nonFullTGDs	7713		fullTGDs	56379			newNonFullTGDs	4357		newFullTGDs	0
nonFullTGDs	7725		fullTGDs	56379			newNonFullTGDs	4345		newFullTGDs	0
nonFullTGDs	7737		fullTGDs	56379			newNonFullTGDs	4333		newFullTGDs	0
nonFullTGDs	7743		fullTGDs	56379			newNonFullTGDs	4327		newFullTGDs	0
nonFullTGDs	7755		fullTGDs	56379			newNonFullTGDs	4315		newFullTGDs	0
nonFullTGDs	7765		fullTGDs	56379			newNonFullTGDs	4305		newFullTGDs	0
nonFullTGDs	7777		fullTGDs	56379			newNonFullTGDs	4293		newFullTGDs	0
nonFullTGDs	7787		fullTGDs	56379			newNonFullTGDs	4283		newFullTGDs	0
nonFullTGDs	7795		fullTGDs	56379			newNonFullTGDs	4275		newFullTGDs	0
nonFullTGDs	7809		fullTGDs	56379			newNonFullTGDs	4261		newFullTGDs	0
nonFullTGDs	7819		fullTGDs	56379			newNonFullTGDs	4251		newFullTGDs	0
nonFullTGDs	7826		fullTGDs	56379			newNonFullTGDs	4244		newFullTGDs	0
nonFullTGDs	7840		fullTGDs	56379			newNonFullTGDs	4230		newFullTGDs	0
nonFullTGDs	7853		fullTGDs	56379			newNonFullTGDs	4217		newFullTGDs	0
nonFullTGDs	7866		fullTGDs	56379			newNonFullTGDs	4204		newFullTGDs	0
nonFullTGDs	7879		fullTGDs	56379			newNonFullTGDs	4191		newFullTGDs	0
nonFullTGDs	7889		fullTGDs	56379			newNonFullTGDs	4181		newFullTGDs	0
nonFullTGDs	7901		fullTGDs	56379			newNonFullTGDs	4169		newFullTGDs	0
nonFullTGDs	7911		fullTGDs	56379			newNonFullTGDs	4159		newFullTGDs	0
nonFullTGDs	7921		fullTGDs	56379			newNonFullTGDs	4149		newFullTGDs	0
nonFullTGDs	7931		fullTGDs	56379			newNonFullTGDs	4139		newFullTGDs	0
nonFullTGDs	7944		fullTGDs	56379			newNonFullTGDs	4126		newFullTGDs	0
nonFullTGDs	7954		fullTGDs	56379			newNonFullTGDs	4116		newFullTGDs	0
nonFullTGDs	7963		fullTGDs	56379			newNonFullTGDs	4107		newFullTGDs	0
nonFullTGDs	7981		fullTGDs	56379			newNonFullTGDs	4089		newFullTGDs	0
nonFullTGDs	7994		fullTGDs	56379			newNonFullTGDs	4076		newFullTGDs	0
nonFullTGDs	8008		fullTGDs	56379			newNonFullTGDs	4062		newFullTGDs	0
nonFullTGDs	8025		fullTGDs	56379			newNonFullTGDs	4045		newFullTGDs	0
nonFullTGDs	8037		fullTGDs	56379			newNonFullTGDs	4033		newFullTGDs	0
nonFullTGDs	8052		fullTGDs	56379			newNonFullTGDs	4018		newFullTGDs	0
nonFullTGDs	8067		fullTGDs	56379			newNonFullTGDs	4003		newFullTGDs	0
nonFullTGDs	8081		fullTGDs	56379			newNonFullTGDs	3989		newFullTGDs	0
nonFullTGDs	8094		fullTGDs	56379			newNonFullTGDs	3976		newFullTGDs	0
nonFullTGDs	8105		fullTGDs	56379			newNonFullTGDs	3965		newFullTGDs	0
nonFullTGDs	8115		fullTGDs	56379			newNonFullTGDs	3955		newFullTGDs	0
nonFullTGDs	8129		fullTGDs	56379			newNonFullTGDs	3941		newFullTGDs	0
nonFullTGDs	8141		fullTGDs	56379			newNonFullTGDs	3929		newFullTGDs	0
nonFullTGDs	8151		fullTGDs	56379			newNonFullTGDs	3919		newFullTGDs	0
nonFullTGDs	8166		fullTGDs	56379			newNonFullTGDs	3904		newFullTGDs	0
nonFullTGDs	8176		fullTGDs	56379			newNonFullTGDs	3894		newFullTGDs	0
nonFullTGDs	8189		fullTGDs	56379			newNonFullTGDs	3881		newFullTGDs	0
nonFullTGDs	8197		fullTGDs	56379			newNonFullTGDs	3873		newFullTGDs	0
nonFullTGDs	8205		fullTGDs	56379			newNonFullTGDs	3865		newFullTGDs	0
nonFullTGDs	8212		fullTGDs	56379			newNonFullTGDs	3858		newFullTGDs	0
nonFullTGDs	8221		fullTGDs	56379			newNonFullTGDs	3849		newFullTGDs	0
nonFullTGDs	8232		fullTGDs	56379			newNonFullTGDs	3838		newFullTGDs	0
nonFullTGDs	8243		fullTGDs	56379			newNonFullTGDs	3827		newFullTGDs	0
nonFullTGDs	8260		fullTGDs	56379			newNonFullTGDs	3810		newFullTGDs	0
nonFullTGDs	8270		fullTGDs	56379			newNonFullTGDs	3800		newFullTGDs	0
nonFullTGDs	8280		fullTGDs	56379			newNonFullTGDs	3790		newFullTGDs	0
nonFullTGDs	8289		fullTGDs	56379			newNonFullTGDs	3781		newFullTGDs	0
nonFullTGDs	8302		fullTGDs	56379			newNonFullTGDs	3768		newFullTGDs	0
nonFullTGDs	8318		fullTGDs	56379			newNonFullTGDs	3752		newFullTGDs	0
nonFullTGDs	8331		fullTGDs	56379			newNonFullTGDs	3739		newFullTGDs	0
nonFullTGDs	8344		fullTGDs	56379			newNonFullTGDs	3726		newFullTGDs	0
nonFullTGDs	8354		fullTGDs	56379			newNonFullTGDs	3716		newFullTGDs	0
nonFullTGDs	8360		fullTGDs	56379			newNonFullTGDs	3710		newFullTGDs	0
nonFullTGDs	8368		fullTGDs	56379			newNonFullTGDs	3702		newFullTGDs	0
nonFullTGDs	8379		fullTGDs	56379			newNonFullTGDs	3691		newFullTGDs	0
nonFullTGDs	8393		fullTGDs	56379			newNonFullTGDs	3677		newFullTGDs	0
nonFullTGDs	8404		fullTGDs	56379			newNonFullTGDs	3666		newFullTGDs	0
nonFullTGDs	8415		fullTGDs	56379			newNonFullTGDs	3655		newFullTGDs	0
nonFullTGDs	8428		fullTGDs	56379			newNonFullTGDs	3642		newFullTGDs	0
nonFullTGDs	8441		fullTGDs	56379			newNonFullTGDs	3629		newFullTGDs	0
nonFullTGDs	8451		fullTGDs	56379			newNonFullTGDs	3619		newFullTGDs	0
nonFullTGDs	8463		fullTGDs	56379			newNonFullTGDs	3607		newFullTGDs	0
nonFullTGDs	8475		fullTGDs	56379			newNonFullTGDs	3595		newFullTGDs	0
nonFullTGDs	8494		fullTGDs	56379			newNonFullTGDs	3576		newFullTGDs	0
nonFullTGDs	8505		fullTGDs	56379			newNonFullTGDs	3565		newFullTGDs	0
nonFullTGDs	8518		fullTGDs	56379			newNonFullTGDs	3552		newFullTGDs	0
nonFullTGDs	8530		fullTGDs	56379			newNonFullTGDs	3540		newFullTGDs	0
nonFullTGDs	8541		fullTGDs	56379			newNonFullTGDs	3529		newFullTGDs	0
nonFullTGDs	8553		fullTGDs	56379			newNonFullTGDs	3517		newFullTGDs	0
nonFullTGDs	8569		fullTGDs	56379			newNonFullTGDs	3501		newFullTGDs	0
nonFullTGDs	8582		fullTGDs	56379			newNonFullTGDs	3488		newFullTGDs	0
nonFullTGDs	8588		fullTGDs	56379			newNonFullTGDs	3482		newFullTGDs	0
nonFullTGDs	8606		fullTGDs	56379			newNonFullTGDs	3464		newFullTGDs	0
nonFullTGDs	8622		fullTGDs	56379			newNonFullTGDs	3448		newFullTGDs	0
nonFullTGDs	8638		fullTGDs	56379			newNonFullTGDs	3432		newFullTGDs	0
nonFullTGDs	8646		fullTGDs	56379			newNonFullTGDs	3424		newFullTGDs	0
nonFullTGDs	8659		fullTGDs	56379			newNonFullTGDs	3411		newFullTGDs	0
nonFullTGDs	8669		fullTGDs	56379			newNonFullTGDs	3401		newFullTGDs	0
nonFullTGDs	8680		fullTGDs	56379			newNonFullTGDs	3390		newFullTGDs	0
nonFullTGDs	8695		fullTGDs	56379			newNonFullTGDs	3375		newFullTGDs	0
nonFullTGDs	8706		fullTGDs	56379			newNonFullTGDs	3364		newFullTGDs	0
nonFullTGDs	8716		fullTGDs	56379			newNonFullTGDs	3354		newFullTGDs	0
nonFullTGDs	8729		fullTGDs	56379			newNonFullTGDs	3341		newFullTGDs	0
nonFullTGDs	8739		fullTGDs	56379			newNonFullTGDs	3331		newFullTGDs	0
nonFullTGDs	8753		fullTGDs	56379			newNonFullTGDs	3317		newFullTGDs	0
nonFullTGDs	8767		fullTGDs	56379			newNonFullTGDs	3303		newFullTGDs	0
nonFullTGDs	8780		fullTGDs	56379			newNonFullTGDs	3290		newFullTGDs	0
nonFullTGDs	8800		fullTGDs	56379			newNonFullTGDs	3270		newFullTGDs	0
nonFullTGDs	8812		fullTGDs	56379			newNonFullTGDs	3258		newFullTGDs	0
nonFullTGDs	8829		fullTGDs	56379			newNonFullTGDs	3241		newFullTGDs	0
nonFullTGDs	8847		fullTGDs	56379			newNonFullTGDs	3223		newFullTGDs	0
nonFullTGDs	8860		fullTGDs	56379			newNonFullTGDs	3210		newFullTGDs	0
nonFullTGDs	8868		fullTGDs	56379			newNonFullTGDs	3202		newFullTGDs	0
nonFullTGDs	8878		fullTGDs	56379			newNonFullTGDs	3192		newFullTGDs	0
nonFullTGDs	8889		fullTGDs	56379			newNonFullTGDs	3181		newFullTGDs	0
nonFullTGDs	8910		fullTGDs	56379			newNonFullTGDs	3160		newFullTGDs	0
nonFullTGDs	8922		fullTGDs	56379			newNonFullTGDs	3148		newFullTGDs	0
nonFullTGDs	8933		fullTGDs	56379			newNonFullTGDs	3137		newFullTGDs	0
nonFullTGDs	8940		fullTGDs	56379			newNonFullTGDs	3130		newFullTGDs	0
nonFullTGDs	8948		fullTGDs	56379			newNonFullTGDs	3122		newFullTGDs	0
nonFullTGDs	8961		fullTGDs	56379			newNonFullTGDs	3109		newFullTGDs	0
nonFullTGDs	8968		fullTGDs	56379			newNonFullTGDs	3102		newFullTGDs	0
nonFullTGDs	8983		fullTGDs	56379			newNonFullTGDs	3087		newFullTGDs	0
nonFullTGDs	9000		fullTGDs	56379			newNonFullTGDs	3070		newFullTGDs	0
nonFullTGDs	9012		fullTGDs	56379			newNonFullTGDs	3058		newFullTGDs	0
nonFullTGDs	9025		fullTGDs	56379			newNonFullTGDs	3045		newFullTGDs	0
nonFullTGDs	9036		fullTGDs	56379			newNonFullTGDs	3034		newFullTGDs	0
nonFullTGDs	9050		fullTGDs	56379			newNonFullTGDs	3020		newFullTGDs	0
nonFullTGDs	9057		fullTGDs	56379			newNonFullTGDs	3013		newFullTGDs	0
nonFullTGDs	9072		fullTGDs	56379			newNonFullTGDs	2998		newFullTGDs	0
nonFullTGDs	9082		fullTGDs	56379			newNonFullTGDs	2988		newFullTGDs	0
nonFullTGDs	9094		fullTGDs	56379			newNonFullTGDs	2976		newFullTGDs	0
nonFullTGDs	9110		fullTGDs	56379			newNonFullTGDs	2960		newFullTGDs	0
nonFullTGDs	9126		fullTGDs	56379			newNonFullTGDs	2944		newFullTGDs	0
nonFullTGDs	9140		fullTGDs	56379			newNonFullTGDs	2930		newFullTGDs	0
nonFullTGDs	9151		fullTGDs	56379			newNonFullTGDs	2919		newFullTGDs	0
nonFullTGDs	9162		fullTGDs	56379			newNonFullTGDs	2908		newFullTGDs	0
nonFullTGDs	9170		fullTGDs	56379			newNonFullTGDs	2900		newFullTGDs	0
nonFullTGDs	9176		fullTGDs	56379			newNonFullTGDs	2894		newFullTGDs	0
nonFullTGDs	9188		fullTGDs	56379			newNonFullTGDs	2882		newFullTGDs	0
nonFullTGDs	9204		fullTGDs	56379			newNonFullTGDs	2866		newFullTGDs	0
nonFullTGDs	9214		fullTGDs	56379			newNonFullTGDs	2856		newFullTGDs	0
nonFullTGDs	9224		fullTGDs	56379			newNonFullTGDs	2846		newFullTGDs	0
nonFullTGDs	9236		fullTGDs	56379			newNonFullTGDs	2834		newFullTGDs	0
nonFullTGDs	9245		fullTGDs	56379			newNonFullTGDs	2825		newFullTGDs	0
nonFullTGDs	9253		fullTGDs	56379			newNonFullTGDs	2817		newFullTGDs	0
nonFullTGDs	9263		fullTGDs	56379			newNonFullTGDs	2807		newFullTGDs	0
nonFullTGDs	9275		fullTGDs	56379			newNonFullTGDs	2795		newFullTGDs	0
nonFullTGDs	9292		fullTGDs	56379			newNonFullTGDs	2778		newFullTGDs	0
nonFullTGDs	9310		fullTGDs	56379			newNonFullTGDs	2760		newFullTGDs	0
nonFullTGDs	9320		fullTGDs	56379			newNonFullTGDs	2750		newFullTGDs	0
nonFullTGDs	9331		fullTGDs	56379			newNonFullTGDs	2739		newFullTGDs	0
nonFullTGDs	9342		fullTGDs	56379			newNonFullTGDs	2728		newFullTGDs	0
nonFullTGDs	9353		fullTGDs	56379			newNonFullTGDs	2717		newFullTGDs	0
nonFullTGDs	9371		fullTGDs	56379			newNonFullTGDs	2699		newFullTGDs	0
nonFullTGDs	9383		fullTGDs	56379			newNonFullTGDs	2687		newFullTGDs	0
nonFullTGDs	9391		fullTGDs	56379			newNonFullTGDs	2679		newFullTGDs	0
nonFullTGDs	9402		fullTGDs	56379			newNonFullTGDs	2668		newFullTGDs	0
nonFullTGDs	9411		fullTGDs	56379			newNonFullTGDs	2659		newFullTGDs	0
nonFullTGDs	9425		fullTGDs	56379			newNonFullTGDs	2645		newFullTGDs	0
nonFullTGDs	9433		fullTGDs	56379			newNonFullTGDs	2637		newFullTGDs	0
nonFullTGDs	9449		fullTGDs	56379			newNonFullTGDs	2621		newFullTGDs	0
nonFullTGDs	9466		fullTGDs	56379			newNonFullTGDs	2604		newFullTGDs	0
nonFullTGDs	9478		fullTGDs	56379			newNonFullTGDs	2592		newFullTGDs	0
nonFullTGDs	9488		fullTGDs	56379			newNonFullTGDs	2582		newFullTGDs	0
nonFullTGDs	9500		fullTGDs	56379			newNonFullTGDs	2570		newFullTGDs	0
nonFullTGDs	9506		fullTGDs	56379			newNonFullTGDs	2564		newFullTGDs	0
nonFullTGDs	9520		fullTGDs	56379			newNonFullTGDs	2550		newFullTGDs	0
nonFullTGDs	9534		fullTGDs	56379			newNonFullTGDs	2536		newFullTGDs	0
nonFullTGDs	9542		fullTGDs	56379			newNonFullTGDs	2528		newFullTGDs	0
nonFullTGDs	9551		fullTGDs	56379			newNonFullTGDs	2519		newFullTGDs	0
nonFullTGDs	9561		fullTGDs	56379			newNonFullTGDs	2509		newFullTGDs	0
nonFullTGDs	9571		fullTGDs	56379			newNonFullTGDs	2499		newFullTGDs	0
nonFullTGDs	9583		fullTGDs	56379			newNonFullTGDs	2487		newFullTGDs	0
nonFullTGDs	9594		fullTGDs	56379			newNonFullTGDs	2476		newFullTGDs	0
nonFullTGDs	9606		fullTGDs	56379			newNonFullTGDs	2464		newFullTGDs	0
nonFullTGDs	9619		fullTGDs	56379			newNonFullTGDs	2451		newFullTGDs	0
nonFullTGDs	9631		fullTGDs	56379			newNonFullTGDs	2439		newFullTGDs	0
nonFullTGDs	9644		fullTGDs	56379			newNonFullTGDs	2426		newFullTGDs	0
nonFullTGDs	9656		fullTGDs	56379			newNonFullTGDs	2414		newFullTGDs	0
nonFullTGDs	9664		fullTGDs	56379			newNonFullTGDs	2406		newFullTGDs	0
nonFullTGDs	9675		fullTGDs	56379			newNonFullTGDs	2395		newFullTGDs	0
nonFullTGDs	9685		fullTGDs	56379			newNonFullTGDs	2385		newFullTGDs	0
nonFullTGDs	9702		fullTGDs	56379			newNonFullTGDs	2368		newFullTGDs	0
nonFullTGDs	9718		fullTGDs	56379			newNonFullTGDs	2352		newFullTGDs	0
nonFullTGDs	9733		fullTGDs	56379			newNonFullTGDs	2337		newFullTGDs	0
nonFullTGDs	9746		fullTGDs	56379			newNonFullTGDs	2324		newFullTGDs	0
nonFullTGDs	9762		fullTGDs	56379			newNonFullTGDs	2308		newFullTGDs	0
nonFullTGDs	9778		fullTGDs	56379			newNonFullTGDs	2292		newFullTGDs	0
nonFullTGDs	9786		fullTGDs	56379			newNonFullTGDs	2284		newFullTGDs	0
nonFullTGDs	9796		fullTGDs	56379			newNonFullTGDs	2274		newFullTGDs	0
nonFullTGDs	9805		fullTGDs	56379			newNonFullTGDs	2265		newFullTGDs	0
nonFullTGDs	9819		fullTGDs	56379			newNonFullTGDs	2251		newFullTGDs	0
nonFullTGDs	9830		fullTGDs	56379			newNonFullTGDs	2240		newFullTGDs	0
nonFullTGDs	9839		fullTGDs	56379			newNonFullTGDs	2231		newFullTGDs	0
nonFullTGDs	9855		fullTGDs	56379			newNonFullTGDs	2215		newFullTGDs	0
nonFullTGDs	9865		fullTGDs	56379			newNonFullTGDs	2205		newFullTGDs	0
nonFullTGDs	9877		fullTGDs	56379			newNonFullTGDs	2193		newFullTGDs	0
nonFullTGDs	9894		fullTGDs	56379			newNonFullTGDs	2176		newFullTGDs	0
nonFullTGDs	9907		fullTGDs	56379			newNonFullTGDs	2163		newFullTGDs	0
nonFullTGDs	9918		fullTGDs	56379			newNonFullTGDs	2152		newFullTGDs	0
nonFullTGDs	9926		fullTGDs	56379			newNonFullTGDs	2144		newFullTGDs	0
nonFullTGDs	9937		fullTGDs	56379			newNonFullTGDs	2133		newFullTGDs	0
nonFullTGDs	9945		fullTGDs	56379			newNonFullTGDs	2125		newFullTGDs	0
nonFullTGDs	9952		fullTGDs	56379			newNonFullTGDs	2118		newFullTGDs	0
nonFullTGDs	9962		fullTGDs	56379			newNonFullTGDs	2108		newFullTGDs	0
nonFullTGDs	9983		fullTGDs	56379			newNonFullTGDs	2087		newFullTGDs	0
nonFullTGDs	9991		fullTGDs	56379			newNonFullTGDs	2079		newFullTGDs	0
nonFullTGDs	10001		fullTGDs	56379			newNonFullTGDs	2069		newFullTGDs	0
nonFullTGDs	10012		fullTGDs	56379			newNonFullTGDs	2058		newFullTGDs	0
nonFullTGDs	10025		fullTGDs	56379			newNonFullTGDs	2045		newFullTGDs	0
nonFullTGDs	10034		fullTGDs	56379			newNonFullTGDs	2036		newFullTGDs	0
nonFullTGDs	10045		fullTGDs	56379			newNonFullTGDs	2025		newFullTGDs	0
nonFullTGDs	10053		fullTGDs	56379			newNonFullTGDs	2017		newFullTGDs	0
nonFullTGDs	10069		fullTGDs	56379			newNonFullTGDs	2001		newFullTGDs	0
nonFullTGDs	10080		fullTGDs	56379			newNonFullTGDs	1990		newFullTGDs	0
nonFullTGDs	10096		fullTGDs	56379			newNonFullTGDs	1974		newFullTGDs	0
nonFullTGDs	10112		fullTGDs	56379			newNonFullTGDs	1958		newFullTGDs	0
nonFullTGDs	10119		fullTGDs	56379			newNonFullTGDs	1951		newFullTGDs	0
nonFullTGDs	10130		fullTGDs	56379			newNonFullTGDs	1940		newFullTGDs	0
nonFullTGDs	10140		fullTGDs	56379			newNonFullTGDs	1930		newFullTGDs	0
nonFullTGDs	10159		fullTGDs	56379			newNonFullTGDs	1911		newFullTGDs	0
nonFullTGDs	10169		fullTGDs	56379			newNonFullTGDs	1901		newFullTGDs	0
nonFullTGDs	10185		fullTGDs	56379			newNonFullTGDs	1885		newFullTGDs	0
nonFullTGDs	10197		fullTGDs	56379			newNonFullTGDs	1873		newFullTGDs	0
nonFullTGDs	10208		fullTGDs	56379			newNonFullTGDs	1862		newFullTGDs	0
nonFullTGDs	10218		fullTGDs	56379			newNonFullTGDs	1852		newFullTGDs	0
nonFullTGDs	10228		fullTGDs	56379			newNonFullTGDs	1842		newFullTGDs	0
nonFullTGDs	10241		fullTGDs	56379			newNonFullTGDs	1829		newFullTGDs	0
nonFullTGDs	10256		fullTGDs	56379			newNonFullTGDs	1814		newFullTGDs	0
nonFullTGDs	10268		fullTGDs	56379			newNonFullTGDs	1802		newFullTGDs	0
nonFullTGDs	10278		fullTGDs	56379			newNonFullTGDs	1792		newFullTGDs	0
nonFullTGDs	10289		fullTGDs	56379			newNonFullTGDs	1781		newFullTGDs	0
nonFullTGDs	10298		fullTGDs	56379			newNonFullTGDs	1772		newFullTGDs	0
nonFullTGDs	10311		fullTGDs	56379			newNonFullTGDs	1759		newFullTGDs	0
nonFullTGDs	10323		fullTGDs	56379			newNonFullTGDs	1747		newFullTGDs	0
nonFullTGDs	10332		fullTGDs	56379			newNonFullTGDs	1738		newFullTGDs	0
nonFullTGDs	10342		fullTGDs	56379			newNonFullTGDs	1728		newFullTGDs	0
nonFullTGDs	10354		fullTGDs	56379			newNonFullTGDs	1716		newFullTGDs	0
nonFullTGDs	10366		fullTGDs	56379			newNonFullTGDs	1704		newFullTGDs	0
nonFullTGDs	10377		fullTGDs	56379			newNonFullTGDs	1693		newFullTGDs	0
nonFullTGDs	10389		fullTGDs	56379			newNonFullTGDs	1681		newFullTGDs	0
nonFullTGDs	10397		fullTGDs	56379			newNonFullTGDs	1673		newFullTGDs	0
nonFullTGDs	10410		fullTGDs	56379			newNonFullTGDs	1660		newFullTGDs	0
nonFullTGDs	10424		fullTGDs	56379			newNonFullTGDs	1646		newFullTGDs	0
nonFullTGDs	10435		fullTGDs	56379			newNonFullTGDs	1635		newFullTGDs	0
nonFullTGDs	10452		fullTGDs	56379			newNonFullTGDs	1618		newFullTGDs	0
nonFullTGDs	10463		fullTGDs	56379			newNonFullTGDs	1607		newFullTGDs	0
nonFullTGDs	10471		fullTGDs	56379			newNonFullTGDs	1599		newFullTGDs	0
nonFullTGDs	10484		fullTGDs	56379			newNonFullTGDs	1586		newFullTGDs	0
nonFullTGDs	10496		fullTGDs	56379			newNonFullTGDs	1574		newFullTGDs	0
nonFullTGDs	10510		fullTGDs	56379			newNonFullTGDs	1560		newFullTGDs	0
nonFullTGDs	10523		fullTGDs	56379			newNonFullTGDs	1547		newFullTGDs	0
nonFullTGDs	10535		fullTGDs	56379			newNonFullTGDs	1535		newFullTGDs	0
nonFullTGDs	10548		fullTGDs	56379			newNonFullTGDs	1522		newFullTGDs	0
nonFullTGDs	10557		fullTGDs	56379			newNonFullTGDs	1513		newFullTGDs	0
nonFullTGDs	10569		fullTGDs	56379			newNonFullTGDs	1501		newFullTGDs	0
nonFullTGDs	10582		fullTGDs	56379			newNonFullTGDs	1488		newFullTGDs	0
nonFullTGDs	10598		fullTGDs	56379			newNonFullTGDs	1472		newFullTGDs	0
nonFullTGDs	10612		fullTGDs	56379			newNonFullTGDs	1458		newFullTGDs	0
nonFullTGDs	10623		fullTGDs	56379			newNonFullTGDs	1447		newFullTGDs	0
nonFullTGDs	10634		fullTGDs	56379			newNonFullTGDs	1436		newFullTGDs	0
nonFullTGDs	10646		fullTGDs	56379			newNonFullTGDs	1424		newFullTGDs	0
nonFullTGDs	10657		fullTGDs	56379			newNonFullTGDs	1413		newFullTGDs	0
nonFullTGDs	10671		fullTGDs	56379			newNonFullTGDs	1399		newFullTGDs	0
nonFullTGDs	10684		fullTGDs	56379			newNonFullTGDs	1386		newFullTGDs	0
nonFullTGDs	10699		fullTGDs	56379			newNonFullTGDs	1371		newFullTGDs	0
nonFullTGDs	10713		fullTGDs	56379			newNonFullTGDs	1357		newFullTGDs	0
nonFullTGDs	10724		fullTGDs	56379			newNonFullTGDs	1346		newFullTGDs	0
nonFullTGDs	10734		fullTGDs	56379			newNonFullTGDs	1336		newFullTGDs	0
nonFullTGDs	10747		fullTGDs	56379			newNonFullTGDs	1323		newFullTGDs	0
nonFullTGDs	10762		fullTGDs	56379			newNonFullTGDs	1308		newFullTGDs	0
nonFullTGDs	10770		fullTGDs	56379			newNonFullTGDs	1300		newFullTGDs	0
nonFullTGDs	10780		fullTGDs	56379			newNonFullTGDs	1290		newFullTGDs	0
nonFullTGDs	10795		fullTGDs	56379			newNonFullTGDs	1275		newFullTGDs	0
nonFullTGDs	10808		fullTGDs	56379			newNonFullTGDs	1262		newFullTGDs	0
nonFullTGDs	10816		fullTGDs	56379			newNonFullTGDs	1254		newFullTGDs	0
nonFullTGDs	10829		fullTGDs	56379			newNonFullTGDs	1241		newFullTGDs	0
nonFullTGDs	10841		fullTGDs	56379			newNonFullTGDs	1229		newFullTGDs	0
nonFullTGDs	10848		fullTGDs	56379			newNonFullTGDs	1222		newFullTGDs	0
nonFullTGDs	10860		fullTGDs	56379			newNonFullTGDs	1210		newFullTGDs	0
nonFullTGDs	10872		fullTGDs	56379			newNonFullTGDs	1198		newFullTGDs	0
nonFullTGDs	10882		fullTGDs	56379			newNonFullTGDs	1188		newFullTGDs	0
nonFullTGDs	10895		fullTGDs	56379			newNonFullTGDs	1175		newFullTGDs	0
nonFullTGDs	10905		fullTGDs	56379			newNonFullTGDs	1165		newFullTGDs	0
nonFullTGDs	10917		fullTGDs	56379			newNonFullTGDs	1153		newFullTGDs	0
nonFullTGDs	10928		fullTGDs	56379			newNonFullTGDs	1142		newFullTGDs	0
nonFullTGDs	10937		fullTGDs	56379			newNonFullTGDs	1133		newFullTGDs	0
nonFullTGDs	10947		fullTGDs	56379			newNonFullTGDs	1123		newFullTGDs	0
nonFullTGDs	10957		fullTGDs	56379			newNonFullTGDs	1113		newFullTGDs	0
nonFullTGDs	10970		fullTGDs	56379			newNonFullTGDs	1100		newFullTGDs	0
nonFullTGDs	10987		fullTGDs	56379			newNonFullTGDs	1083		newFullTGDs	0
nonFullTGDs	11001		fullTGDs	56379			newNonFullTGDs	1069		newFullTGDs	0
nonFullTGDs	11012		fullTGDs	56379			newNonFullTGDs	1058		newFullTGDs	0
nonFullTGDs	11021		fullTGDs	56379			newNonFullTGDs	1049		newFullTGDs	0
nonFullTGDs	11031		fullTGDs	56379			newNonFullTGDs	1039		newFullTGDs	0
nonFullTGDs	11046		fullTGDs	56379			newNonFullTGDs	1024		newFullTGDs	0
nonFullTGDs	11056		fullTGDs	56379			newNonFullTGDs	1014		newFullTGDs	0
nonFullTGDs	11073		fullTGDs	56379			newNonFullTGDs	997		newFullTGDs	0
nonFullTGDs	11081		fullTGDs	56379			newNonFullTGDs	989		newFullTGDs	0
nonFullTGDs	11095		fullTGDs	56379			newNonFullTGDs	975		newFullTGDs	0
nonFullTGDs	11107		fullTGDs	56379			newNonFullTGDs	963		newFullTGDs	0
nonFullTGDs	11120		fullTGDs	56379			newNonFullTGDs	950		newFullTGDs	0
nonFullTGDs	11130		fullTGDs	56379			newNonFullTGDs	940		newFullTGDs	0
nonFullTGDs	11143		fullTGDs	56379			newNonFullTGDs	927		newFullTGDs	0
nonFullTGDs	11156		fullTGDs	56379			newNonFullTGDs	914		newFullTGDs	0
nonFullTGDs	11168		fullTGDs	56379			newNonFullTGDs	902		newFullTGDs	0
nonFullTGDs	11177		fullTGDs	56379			newNonFullTGDs	893		newFullTGDs	0
nonFullTGDs	11188		fullTGDs	56379			newNonFullTGDs	882		newFullTGDs	0
nonFullTGDs	11199		fullTGDs	56379			newNonFullTGDs	871		newFullTGDs	0
nonFullTGDs	11214		fullTGDs	56379			newNonFullTGDs	856		newFullTGDs	0
nonFullTGDs	11222		fullTGDs	56379			newNonFullTGDs	848		newFullTGDs	0
nonFullTGDs	11234		fullTGDs	56379			newNonFullTGDs	836		newFullTGDs	0
nonFullTGDs	11248		fullTGDs	56379			newNonFullTGDs	822		newFullTGDs	0
nonFullTGDs	11261		fullTGDs	56379			newNonFullTGDs	809		newFullTGDs	0
nonFullTGDs	11274		fullTGDs	56379			newNonFullTGDs	796		newFullTGDs	0
nonFullTGDs	11280		fullTGDs	56379			newNonFullTGDs	790		newFullTGDs	0
nonFullTGDs	11294		fullTGDs	56379			newNonFullTGDs	776		newFullTGDs	0
nonFullTGDs	11302		fullTGDs	56379			newNonFullTGDs	768		newFullTGDs	0
nonFullTGDs	11318		fullTGDs	56379			newNonFullTGDs	752		newFullTGDs	0
nonFullTGDs	11338		fullTGDs	56379			newNonFullTGDs	732		newFullTGDs	0
nonFullTGDs	11350		fullTGDs	56379			newNonFullTGDs	720		newFullTGDs	0
nonFullTGDs	11362		fullTGDs	56379			newNonFullTGDs	708		newFullTGDs	0
nonFullTGDs	11376		fullTGDs	56379			newNonFullTGDs	694		newFullTGDs	0
nonFullTGDs	11392		fullTGDs	56379			newNonFullTGDs	678		newFullTGDs	0
nonFullTGDs	11404		fullTGDs	56379			newNonFullTGDs	666		newFullTGDs	0
nonFullTGDs	11416		fullTGDs	56379			newNonFullTGDs	654		newFullTGDs	0
nonFullTGDs	11430		fullTGDs	56379			newNonFullTGDs	640		newFullTGDs	0
nonFullTGDs	11443		fullTGDs	56379			newNonFullTGDs	627		newFullTGDs	0
nonFullTGDs	11453		fullTGDs	56379			newNonFullTGDs	617		newFullTGDs	0
nonFullTGDs	11467		fullTGDs	56379			newNonFullTGDs	603		newFullTGDs	0
nonFullTGDs	11481		fullTGDs	56379			newNonFullTGDs	589		newFullTGDs	0
nonFullTGDs	11492		fullTGDs	56379			newNonFullTGDs	578		newFullTGDs	0
nonFullTGDs	11510		fullTGDs	56379			newNonFullTGDs	560		newFullTGDs	0
nonFullTGDs	11524		fullTGDs	56379			newNonFullTGDs	546		newFullTGDs	0
nonFullTGDs	11536		fullTGDs	56379			newNonFullTGDs	534		newFullTGDs	0
nonFullTGDs	11553		fullTGDs	56379			newNonFullTGDs	517		newFullTGDs	0
nonFullTGDs	11565		fullTGDs	56379			newNonFullTGDs	505		newFullTGDs	0
nonFullTGDs	11578		fullTGDs	56379			newNonFullTGDs	492		newFullTGDs	0
nonFullTGDs	11594		fullTGDs	56379			newNonFullTGDs	476		newFullTGDs	0
nonFullTGDs	11602		fullTGDs	56379			newNonFullTGDs	468		newFullTGDs	0
nonFullTGDs	11612		fullTGDs	56379			newNonFullTGDs	458		newFullTGDs	0
nonFullTGDs	11625		fullTGDs	56379			newNonFullTGDs	445		newFullTGDs	0
nonFullTGDs	11640		fullTGDs	56379			newNonFullTGDs	430		newFullTGDs	0
nonFullTGDs	11650		fullTGDs	56379			newNonFullTGDs	420		newFullTGDs	0
nonFullTGDs	11662		fullTGDs	56379			newNonFullTGDs	408		newFullTGDs	0
nonFullTGDs	11672		fullTGDs	56379			newNonFullTGDs	398		newFullTGDs	0
nonFullTGDs	11683		fullTGDs	56379			newNonFullTGDs	387		newFullTGDs	0
nonFullTGDs	11696		fullTGDs	56379			newNonFullTGDs	374		newFullTGDs	0
nonFullTGDs	11706		fullTGDs	56379			newNonFullTGDs	364		newFullTGDs	0
nonFullTGDs	11718		fullTGDs	56379			newNonFullTGDs	352		newFullTGDs	0
nonFullTGDs	11730		fullTGDs	56379			newNonFullTGDs	340		newFullTGDs	0
nonFullTGDs	11743		fullTGDs	56379			newNonFullTGDs	327		newFullTGDs	0
nonFullTGDs	11756		fullTGDs	56379			newNonFullTGDs	314		newFullTGDs	0
nonFullTGDs	11770		fullTGDs	56379			newNonFullTGDs	300		newFullTGDs	0
nonFullTGDs	11781		fullTGDs	56379			newNonFullTGDs	289		newFullTGDs	0
nonFullTGDs	11793		fullTGDs	56379			newNonFullTGDs	277		newFullTGDs	0
nonFullTGDs	11807		fullTGDs	56379			newNonFullTGDs	263		newFullTGDs	0
nonFullTGDs	11824		fullTGDs	56379			newNonFullTGDs	246		newFullTGDs	0
nonFullTGDs	11836		fullTGDs	56379			newNonFullTGDs	234		newFullTGDs	0
nonFullTGDs	11854		fullTGDs	56379			newNonFullTGDs	216		newFullTGDs	0
nonFullTGDs	11871		fullTGDs	56379			newNonFullTGDs	199		newFullTGDs	0
nonFullTGDs	11882		fullTGDs	56379			newNonFullTGDs	188		newFullTGDs	0
nonFullTGDs	11896		fullTGDs	56379			newNonFullTGDs	174		newFullTGDs	0
nonFullTGDs	11910		fullTGDs	56379			newNonFullTGDs	160		newFullTGDs	0
nonFullTGDs	11924		fullTGDs	56379			newNonFullTGDs	146		newFullTGDs	0
nonFullTGDs	11944		fullTGDs	56379			newNonFullTGDs	126		newFullTGDs	0
nonFullTGDs	11957		fullTGDs	56379			newNonFullTGDs	113		newFullTGDs	0
nonFullTGDs	11974		fullTGDs	56379			newNonFullTGDs	96		newFullTGDs	0
nonFullTGDs	11988		fullTGDs	56379			newNonFullTGDs	82		newFullTGDs	0
nonFullTGDs	11999		fullTGDs	56379			newNonFullTGDs	71		newFullTGDs	0
nonFullTGDs	12012		fullTGDs	56379			newNonFullTGDs	58		newFullTGDs	0
nonFullTGDs	12025		fullTGDs	56379			newNonFullTGDs	45		newFullTGDs	0
nonFullTGDs	12043		fullTGDs	56379			newNonFullTGDs	27		newFullTGDs	0
nonFullTGDs	12057		fullTGDs	56379			newNonFullTGDs	13		newFullTGDs	0
Nov 15, 2021 8:11:13 PM uk.ac.ox.cs.gsat.SaturationStatistics log
INFO: # initial TGDs: 56379 , 12070
Nov 15, 2021 8:11:13 PM uk.ac.ox.cs.gsat.SaturationStatistics log
INFO: GSat total time : 384146 ms = 384.15 s
Nov 15, 2021 8:11:13 PM uk.ac.ox.cs.gsat.SaturationStatistics log
INFO: Subsumed elements : 96003
Nov 15, 2021 8:11:13 PM uk.ac.ox.cs.gsat.SaturationStatistics log
INFO: Filter discarded elements : 943168575
Nov 15, 2021 8:11:13 PM uk.ac.ox.cs.gsat.SaturationStatistics log
INFO: subsumption time: 227541 ms = 227.54 s
Nov 15, 2021 8:11:13 PM uk.ac.ox.cs.gsat.SaturationStatistics log
INFO: forward subsumption time: 102345 ms = 102.34 s
Nov 15, 2021 8:11:13 PM uk.ac.ox.cs.gsat.SaturationStatistics log
INFO: backward subsumption time: 125196 ms = 125.20 s
Nov 15, 2021 8:11:13 PM uk.ac.ox.cs.gsat.SaturationStatistics log
INFO: Derived full/non full TGDs: 0 , 96003
Nov 15, 2021 8:11:13 PM uk.ac.ox.cs.gsat.SaturationStatistics log
INFO: discarded tautology count: 0
Nov 15, 2021 8:11:13 PM uk.ac.ox.cs.gsat.EvolveStatistics log
INFO: Stop because subsumed: 96003
Nov 15, 2021 8:11:13 PM uk.ac.ox.cs.gsat.EvolveStatistics log
INFO: evolved equals to current: 560689
Nov 15, 2021 8:11:13 PM uk.ac.ox.cs.gsat.EvolveStatistics log
INFO: evolved time: 130194 ms = 130.19 s
Nov 15, 2021 8:11:13 PM uk.ac.ox.cs.gsat.EvolveStatistics log
INFO: evolve count: 723104
Nov 15, 2021 8:11:13 PM uk.ac.ox.cs.gsat.AbstractSaturation run
INFO: ouptput full TGDs not contained in the input: 0
Nov 15, 2021 8:11:13 PM uk.ac.ox.cs.gsat.App executeAllSteps
INFO: Rewriting completed!
Full TGD saturation: (56379 dependecies)
Nov 15, 2021 8:11:13 PM uk.ac.ox.cs.gsat.App executeAllSteps
INFO: Writing the saturation in the Datalog file 00370.rul
