Starting Saturation...
Executing from DLGP files
SLF4J: Failed to load class "org.slf4j.impl.StaticLoggerBinder".
SLF4J: Defaulting to no-operation (NOP) logger implementation
SLF4J: See http://www.slf4j.org/codes.html#StaticLoggerBinder for further details.
# Rules: 1821; # Atoms: 0; # AtomSets: 0; # Queries: 0; # Constraints: 0
Full TGD saturation algorithm: GSat
Running GSat...
Nov 15, 2021 9:54:37 PM uk.ac.ox.cs.gsat.AbstractSaturation run
INFO: GSat discarded rules : 0/1821 = 0.000%
GSat discarded rules : 0/1821 = 0.000%
Nov 15, 2021 9:54:37 PM uk.ac.ox.cs.gsat.AbstractSaturation run
INFO: Subsumption method : tree_predicate
length of the formulas: 6.5968413
number of bags: 2
length of the formulas: 6.5968413
number of bags: 2
nonFullTGDs	0		fullTGDs	1798			newNonFullTGDs	608		newFullTGDs	0
nonFullTGDs	48		fullTGDs	1798			newNonFullTGDs	560		newFullTGDs	567
nonFullTGDs	148		fullTGDs	1798			newNonFullTGDs	460		newFullTGDs	2010
nonFullTGDs	248		fullTGDs	1798			newNonFullTGDs	360		newFullTGDs	3282
nonFullTGDs	348		fullTGDs	1798			newNonFullTGDs	260		newFullTGDs	4686
nonFullTGDs	448		fullTGDs	1798			newNonFullTGDs	160		newFullTGDs	6055
nonFullTGDs	548		fullTGDs	1798			newNonFullTGDs	60		newFullTGDs	7656
nonFullTGDs	608		fullTGDs	1838			newNonFullTGDs	0		newFullTGDs	8239
nonFullTGDs	608		fullTGDs	1938			newNonFullTGDs	0		newFullTGDs	8139
nonFullTGDs	608		fullTGDs	2038			newNonFullTGDs	0		newFullTGDs	8039
nonFullTGDs	608		fullTGDs	2138			newNonFullTGDs	0		newFullTGDs	7939
nonFullTGDs	608		fullTGDs	2238			newNonFullTGDs	0		newFullTGDs	7839
nonFullTGDs	608		fullTGDs	2338			newNonFullTGDs	0		newFullTGDs	7739
nonFullTGDs	608		fullTGDs	2438			newNonFullTGDs	0		newFullTGDs	7639
nonFullTGDs	608		fullTGDs	2538			newNonFullTGDs	0		newFullTGDs	7539
nonFullTGDs	608		fullTGDs	2638			newNonFullTGDs	0		newFullTGDs	7439
nonFullTGDs	608		fullTGDs	2738			newNonFullTGDs	0		newFullTGDs	7339
nonFullTGDs	608		fullTGDs	2838			newNonFullTGDs	0		newFullTGDs	7239
nonFullTGDs	608		fullTGDs	2938			newNonFullTGDs	0		newFullTGDs	7139
nonFullTGDs	608		fullTGDs	3038			newNonFullTGDs	0		newFullTGDs	7039
nonFullTGDs	608		fullTGDs	3138			newNonFullTGDs	0		newFullTGDs	6939
nonFullTGDs	608		fullTGDs	3238			newNonFullTGDs	0		newFullTGDs	6839
nonFullTGDs	608		fullTGDs	3338			newNonFullTGDs	0		newFullTGDs	6739
nonFullTGDs	608		fullTGDs	3438			newNonFullTGDs	0		newFullTGDs	6639
nonFullTGDs	608		fullTGDs	3538			newNonFullTGDs	0		newFullTGDs	6539
nonFullTGDs	608		fullTGDs	3638			newNonFullTGDs	0		newFullTGDs	6439
nonFullTGDs	608		fullTGDs	3738			newNonFullTGDs	0		newFullTGDs	6339
nonFullTGDs	608		fullTGDs	3838			newNonFullTGDs	0		newFullTGDs	6239
nonFullTGDs	608		fullTGDs	3938			newNonFullTGDs	0		newFullTGDs	6139
nonFullTGDs	608		fullTGDs	4038			newNonFullTGDs	0		newFullTGDs	6039
nonFullTGDs	608		fullTGDs	4138			newNonFullTGDs	0		newFullTGDs	5939
nonFullTGDs	608		fullTGDs	4238			newNonFullTGDs	0		newFullTGDs	5839
nonFullTGDs	608		fullTGDs	4338			newNonFullTGDs	0		newFullTGDs	5739
nonFullTGDs	608		fullTGDs	4438			newNonFullTGDs	0		newFullTGDs	5639
nonFullTGDs	608		fullTGDs	4538			newNonFullTGDs	0		newFullTGDs	5539
nonFullTGDs	608		fullTGDs	4638			newNonFullTGDs	0		newFullTGDs	5439
nonFullTGDs	608		fullTGDs	4738			newNonFullTGDs	0		newFullTGDs	5339
nonFullTGDs	608		fullTGDs	4838			newNonFullTGDs	0		newFullTGDs	5239
nonFullTGDs	608		fullTGDs	4938			newNonFullTGDs	0		newFullTGDs	5139
nonFullTGDs	608		fullTGDs	5038			newNonFullTGDs	0		newFullTGDs	5039
nonFullTGDs	608		fullTGDs	5138			newNonFullTGDs	0		newFullTGDs	4939
nonFullTGDs	608		fullTGDs	5238			newNonFullTGDs	0		newFullTGDs	4839
nonFullTGDs	608		fullTGDs	5338			newNonFullTGDs	0		newFullTGDs	4739
nonFullTGDs	608		fullTGDs	5438			newNonFullTGDs	0		newFullTGDs	4639
nonFullTGDs	608		fullTGDs	5538			newNonFullTGDs	0		newFullTGDs	4539
nonFullTGDs	608		fullTGDs	5638			newNonFullTGDs	0		newFullTGDs	4439
nonFullTGDs	608		fullTGDs	5738			newNonFullTGDs	0		newFullTGDs	4339
nonFullTGDs	608		fullTGDs	5838			newNonFullTGDs	0		newFullTGDs	4239
nonFullTGDs	608		fullTGDs	5938			newNonFullTGDs	0		newFullTGDs	4139
nonFullTGDs	608		fullTGDs	6038			newNonFullTGDs	0		newFullTGDs	4039
nonFullTGDs	608		fullTGDs	6138			newNonFullTGDs	0		newFullTGDs	3939
nonFullTGDs	608		fullTGDs	6238			newNonFullTGDs	0		newFullTGDs	3839
nonFullTGDs	608		fullTGDs	6338			newNonFullTGDs	0		newFullTGDs	3739
nonFullTGDs	608		fullTGDs	6438			newNonFullTGDs	0		newFullTGDs	3639
nonFullTGDs	608		fullTGDs	6538			newNonFullTGDs	0		newFullTGDs	3539
nonFullTGDs	608		fullTGDs	6638			newNonFullTGDs	0		newFullTGDs	3439
nonFullTGDs	608		fullTGDs	6738			newNonFullTGDs	0		newFullTGDs	3339
nonFullTGDs	608		fullTGDs	6838			newNonFullTGDs	0		newFullTGDs	3239
nonFullTGDs	608		fullTGDs	6938			newNonFullTGDs	0		newFullTGDs	3139
nonFullTGDs	608		fullTGDs	7038			newNonFullTGDs	0		newFullTGDs	3039
nonFullTGDs	608		fullTGDs	7138			newNonFullTGDs	0		newFullTGDs	2939
nonFullTGDs	608		fullTGDs	7238			newNonFullTGDs	0		newFullTGDs	2839
nonFullTGDs	608		fullTGDs	7338			newNonFullTGDs	0		newFullTGDs	2739
nonFullTGDs	608		fullTGDs	7438			newNonFullTGDs	0		newFullTGDs	2639
nonFullTGDs	608		fullTGDs	7538			newNonFullTGDs	0		newFullTGDs	2539
nonFullTGDs	608		fullTGDs	7638			newNonFullTGDs	0		newFullTGDs	2439
nonFullTGDs	608		fullTGDs	7738			newNonFullTGDs	0		newFullTGDs	2339
nonFullTGDs	608		fullTGDs	7838			newNonFullTGDs	0		newFullTGDs	2239
nonFullTGDs	608		fullTGDs	7938			newNonFullTGDs	0		newFullTGDs	2139
nonFullTGDs	608		fullTGDs	8038			newNonFullTGDs	0		newFullTGDs	2039
nonFullTGDs	608		fullTGDs	8138			newNonFullTGDs	0		newFullTGDs	1939
nonFullTGDs	608		fullTGDs	8238			newNonFullTGDs	0		newFullTGDs	1839
nonFullTGDs	608		fullTGDs	8338			newNonFullTGDs	0		newFullTGDs	1739
nonFullTGDs	608		fullTGDs	8438			newNonFullTGDs	0		newFullTGDs	1639
nonFullTGDs	608		fullTGDs	8538			newNonFullTGDs	0		newFullTGDs	1539
nonFullTGDs	608		fullTGDs	8638			newNonFullTGDs	0		newFullTGDs	1439
nonFullTGDs	608		fullTGDs	8738			newNonFullTGDs	0		newFullTGDs	1339
nonFullTGDs	608		fullTGDs	8838			newNonFullTGDs	0		newFullTGDs	1239
nonFullTGDs	608		fullTGDs	8938			newNonFullTGDs	0		newFullTGDs	1139
nonFullTGDs	608		fullTGDs	9038			newNonFullTGDs	0		newFullTGDs	1039
nonFullTGDs	608		fullTGDs	9138			newNonFullTGDs	0		newFullTGDs	939
nonFullTGDs	608		fullTGDs	9238			newNonFullTGDs	0		newFullTGDs	839
nonFullTGDs	608		fullTGDs	9338			newNonFullTGDs	0		newFullTGDs	739
nonFullTGDs	608		fullTGDs	9438			newNonFullTGDs	0		newFullTGDs	639
nonFullTGDs	608		fullTGDs	9538			newNonFullTGDs	0		newFullTGDs	539
nonFullTGDs	608		fullTGDs	9638			newNonFullTGDs	0		newFullTGDs	439
nonFullTGDs	608		fullTGDs	9738			newNonFullTGDs	0		newFullTGDs	339
nonFullTGDs	608		fullTGDs	9838			newNonFullTGDs	0		newFullTGDs	239
nonFullTGDs	608		fullTGDs	9938			newNonFullTGDs	0		newFullTGDs	139
nonFullTGDs	608		fullTGDs	10038			newNonFullTGDs	0		newFullTGDs	39
Nov 15, 2021 9:54:58 PM uk.ac.ox.cs.gsat.SaturationStatistics log
INFO: # initial TGDs: 1798 , 608
Nov 15, 2021 9:54:58 PM uk.ac.ox.cs.gsat.SaturationStatistics log
INFO: GSat total time : 20523 ms = 20.52 s
Nov 15, 2021 9:54:58 PM uk.ac.ox.cs.gsat.SaturationStatistics log
INFO: Subsumed elements : 8937
Nov 15, 2021 9:54:58 PM uk.ac.ox.cs.gsat.SaturationStatistics log
INFO: Filter discarded elements : 70098153
Nov 15, 2021 9:54:58 PM uk.ac.ox.cs.gsat.SaturationStatistics log
INFO: subsumption time: 6248 ms = 6.25 s
Nov 15, 2021 9:54:58 PM uk.ac.ox.cs.gsat.SaturationStatistics log
INFO: forward subsumption time: 4273 ms = 4.27 s
Nov 15, 2021 9:54:58 PM uk.ac.ox.cs.gsat.SaturationStatistics log
INFO: backward subsumption time: 1976 ms = 1.98 s
Nov 15, 2021 9:54:58 PM uk.ac.ox.cs.gsat.SaturationStatistics log
INFO: Derived full/non full TGDs: 8279 , 8937
Nov 15, 2021 9:54:58 PM uk.ac.ox.cs.gsat.SaturationStatistics log
INFO: discarded tautology count: 0
Nov 15, 2021 9:54:58 PM uk.ac.ox.cs.gsat.EvolveStatistics log
INFO: Stop because subsumed: 52
Nov 15, 2021 9:54:58 PM uk.ac.ox.cs.gsat.EvolveStatistics log
INFO: evolved equals to current: 78
Nov 15, 2021 9:54:58 PM uk.ac.ox.cs.gsat.EvolveStatistics log
INFO: evolved time: 12298 ms = 12.30 s
Nov 15, 2021 9:54:58 PM uk.ac.ox.cs.gsat.EvolveStatistics log
INFO: evolve count: 360334
Nov 15, 2021 9:54:58 PM uk.ac.ox.cs.gsat.AbstractSaturation run
INFO: ouptput full TGDs not contained in the input: 8279
Nov 15, 2021 9:54:58 PM uk.ac.ox.cs.gsat.App executeAllSteps
INFO: Rewriting completed!
Full TGD saturation: (10077 dependecies)
Nov 15, 2021 9:54:58 PM uk.ac.ox.cs.gsat.App executeAllSteps
INFO: Writing the saturation in the Datalog file 00392.rul
