Starting Saturation...
Executing from DLGP files
SLF4J: Failed to load class "org.slf4j.impl.StaticLoggerBinder".
SLF4J: Defaulting to no-operation (NOP) logger implementation
SLF4J: See http://www.slf4j.org/codes.html#StaticLoggerBinder for further details.
# Rules: 1503; # Atoms: 0; # AtomSets: 0; # Queries: 0; # Constraints: 0
Full TGD saturation algorithm: GSat
Running GSat...
Nov 15, 2021 10:19:18 PM uk.ac.ox.cs.gsat.AbstractSaturation run
INFO: GSat discarded rules : 0/1503 = 0.000%
GSat discarded rules : 0/1503 = 0.000%
Nov 15, 2021 10:19:19 PM uk.ac.ox.cs.gsat.AbstractSaturation run
INFO: Subsumption method : tree_predicate
length of the formulas: 7.6842666
number of bags: 1
length of the formulas: 7.6842666
number of bags: 1
nonFullTGDs	0		fullTGDs	1363			newNonFullTGDs	512		newFullTGDs	0
nonFullTGDs	100		fullTGDs	1363			newNonFullTGDs	412		newFullTGDs	9
nonFullTGDs	200		fullTGDs	1363			newNonFullTGDs	312		newFullTGDs	27
nonFullTGDs	300		fullTGDs	1363			newNonFullTGDs	212		newFullTGDs	34
nonFullTGDs	400		fullTGDs	1363			newNonFullTGDs	112		newFullTGDs	93
nonFullTGDs	500		fullTGDs	1363			newNonFullTGDs	12		newFullTGDs	114
nonFullTGDs	512		fullTGDs	1451			newNonFullTGDs	0		newFullTGDs	34
Nov 15, 2021 10:19:21 PM uk.ac.ox.cs.gsat.SaturationStatistics log
INFO: # initial TGDs: 1363 , 512
Nov 15, 2021 10:19:21 PM uk.ac.ox.cs.gsat.SaturationStatistics log
INFO: GSat total time : 2084 ms = 2.08 s
Nov 15, 2021 10:19:21 PM uk.ac.ox.cs.gsat.SaturationStatistics log
INFO: Subsumed elements : 612
Nov 15, 2021 10:19:21 PM uk.ac.ox.cs.gsat.SaturationStatistics log
INFO: Filter discarded elements : 502938
Nov 15, 2021 10:19:21 PM uk.ac.ox.cs.gsat.SaturationStatistics log
INFO: subsumption time: 103 ms = 0.10 s
Nov 15, 2021 10:19:21 PM uk.ac.ox.cs.gsat.SaturationStatistics log
INFO: forward subsumption time: 75 ms = 0.08 s
Nov 15, 2021 10:19:21 PM uk.ac.ox.cs.gsat.SaturationStatistics log
INFO: backward subsumption time: 28 ms = 0.03 s
Nov 15, 2021 10:19:21 PM uk.ac.ox.cs.gsat.SaturationStatistics log
INFO: Derived full/non full TGDs: 122 , 612
Nov 15, 2021 10:19:21 PM uk.ac.ox.cs.gsat.SaturationStatistics log
INFO: discarded tautology count: 0
Nov 15, 2021 10:19:21 PM uk.ac.ox.cs.gsat.EvolveStatistics log
INFO: Stop because subsumed: 0
Nov 15, 2021 10:19:21 PM uk.ac.ox.cs.gsat.EvolveStatistics log
INFO: evolved equals to current: 0
Nov 15, 2021 10:19:21 PM uk.ac.ox.cs.gsat.EvolveStatistics log
INFO: evolved time: 1492 ms = 1.49 s
Nov 15, 2021 10:19:21 PM uk.ac.ox.cs.gsat.EvolveStatistics log
INFO: evolve count: 32053
Nov 15, 2021 10:19:21 PM uk.ac.ox.cs.gsat.AbstractSaturation run
INFO: ouptput full TGDs not contained in the input: 122
Nov 15, 2021 10:19:21 PM uk.ac.ox.cs.gsat.App executeAllSteps
INFO: Rewriting completed!
Full TGD saturation: (1485 dependecies)
Nov 15, 2021 10:19:21 PM uk.ac.ox.cs.gsat.App executeAllSteps
INFO: Writing the saturation in the Datalog file 00399.rul
