Starting Saturation...
Executing from DLGP files
SLF4J: Failed to load class "org.slf4j.impl.StaticLoggerBinder".
SLF4J: Defaulting to no-operation (NOP) logger implementation
SLF4J: See http://www.slf4j.org/codes.html#StaticLoggerBinder for further details.
# Rules: 119560; # Atoms: 0; # AtomSets: 0; # Queries: 0; # Constraints: 0
Full TGD saturation algorithm: GSat
Running GSat...
Nov 16, 2021 12:23:59 AM uk.ac.ox.cs.gsat.AbstractSaturation run
INFO: GSat discarded rules : 0/119560 = 0.000%
GSat discarded rules : 0/119560 = 0.000%
Nov 16, 2021 12:24:07 AM uk.ac.ox.cs.gsat.AbstractSaturation run
INFO: Subsumption method : tree_predicate
length of the formulas: 8.0996
number of bags: 3
length of the formulas: 8.0996
number of bags: 3
nonFullTGDs	0		fullTGDs	98889			newNonFullTGDs	44414		newFullTGDs	0
nonFullTGDs	12		fullTGDs	98889			newNonFullTGDs	44407		newFullTGDs	5
nonFullTGDs	28		fullTGDs	98889			newNonFullTGDs	44399		newFullTGDs	12
nonFullTGDs	44		fullTGDs	98889			newNonFullTGDs	44391		newFullTGDs	20
nonFullTGDs	60		fullTGDs	98889			newNonFullTGDs	44383		newFullTGDs	28
nonFullTGDs	80		fullTGDs	98889			newNonFullTGDs	44373		newFullTGDs	36
nonFullTGDs	94		fullTGDs	98889			newNonFullTGDs	44365		newFullTGDs	39
nonFullTGDs	108		fullTGDs	98889			newNonFullTGDs	44358		newFullTGDs	43
nonFullTGDs	122		fullTGDs	98889			newNonFullTGDs	44351		newFullTGDs	48
nonFullTGDs	136		fullTGDs	98889			newNonFullTGDs	44344		newFullTGDs	53
nonFullTGDs	150		fullTGDs	98889			newNonFullTGDs	44337		newFullTGDs	58
nonFullTGDs	164		fullTGDs	98889			newNonFullTGDs	44330		newFullTGDs	64
nonFullTGDs	178		fullTGDs	98889			newNonFullTGDs	44323		newFullTGDs	71
nonFullTGDs	194		fullTGDs	98889			newNonFullTGDs	44315		newFullTGDs	77
nonFullTGDs	206		fullTGDs	98889			newNonFullTGDs	44309		newFullTGDs	82
nonFullTGDs	220		fullTGDs	98889			newNonFullTGDs	44302		newFullTGDs	89
nonFullTGDs	237		fullTGDs	98889			newNonFullTGDs	44293		newFullTGDs	97
nonFullTGDs	252		fullTGDs	98889			newNonFullTGDs	44285		newFullTGDs	103
nonFullTGDs	266		fullTGDs	98889			newNonFullTGDs	44278		newFullTGDs	110
nonFullTGDs	282		fullTGDs	98889			newNonFullTGDs	44270		newFullTGDs	118
nonFullTGDs	302		fullTGDs	98889			newNonFullTGDs	44260		newFullTGDs	127
nonFullTGDs	314		fullTGDs	98889			newNonFullTGDs	44254		newFullTGDs	130
nonFullTGDs	332		fullTGDs	98889			newNonFullTGDs	44245		newFullTGDs	138
nonFullTGDs	348		fullTGDs	98889			newNonFullTGDs	44236		newFullTGDs	145
nonFullTGDs	362		fullTGDs	98889			newNonFullTGDs	44229		newFullTGDs	152
nonFullTGDs	378		fullTGDs	98889			newNonFullTGDs	44221		newFullTGDs	158
nonFullTGDs	393		fullTGDs	98889			newNonFullTGDs	44214		newFullTGDs	166
nonFullTGDs	406		fullTGDs	98889			newNonFullTGDs	44207		newFullTGDs	172
nonFullTGDs	420		fullTGDs	98889			newNonFullTGDs	44198		newFullTGDs	178
nonFullTGDs	434		fullTGDs	98889			newNonFullTGDs	44191		newFullTGDs	185
nonFullTGDs	448		fullTGDs	98889			newNonFullTGDs	44184		newFullTGDs	191
nonFullTGDs	464		fullTGDs	98889			newNonFullTGDs	44175		newFullTGDs	196
nonFullTGDs	481		fullTGDs	98889			newNonFullTGDs	44164		newFullTGDs	201
nonFullTGDs	498		fullTGDs	98889			newNonFullTGDs	44155		newFullTGDs	208
nonFullTGDs	512		fullTGDs	98889			newNonFullTGDs	44148		newFullTGDs	215
nonFullTGDs	526		fullTGDs	98889			newNonFullTGDs	44141		newFullTGDs	220
nonFullTGDs	538		fullTGDs	98889			newNonFullTGDs	44135		newFullTGDs	225
nonFullTGDs	554		fullTGDs	98889			newNonFullTGDs	44126		newFullTGDs	227
nonFullTGDs	568		fullTGDs	98889			newNonFullTGDs	44119		newFullTGDs	231
nonFullTGDs	580		fullTGDs	98889			newNonFullTGDs	44113		newFullTGDs	236
nonFullTGDs	594		fullTGDs	98889			newNonFullTGDs	44106		newFullTGDs	242
nonFullTGDs	608		fullTGDs	98889			newNonFullTGDs	44099		newFullTGDs	247
nonFullTGDs	622		fullTGDs	98889			newNonFullTGDs	44092		newFullTGDs	252
nonFullTGDs	636		fullTGDs	98889			newNonFullTGDs	44084		newFullTGDs	257
nonFullTGDs	650		fullTGDs	98889			newNonFullTGDs	44077		newFullTGDs	264
nonFullTGDs	666		fullTGDs	98889			newNonFullTGDs	44069		newFullTGDs	271
nonFullTGDs	682		fullTGDs	98889			newNonFullTGDs	44061		newFullTGDs	276
nonFullTGDs	696		fullTGDs	98889			newNonFullTGDs	44054		newFullTGDs	280
nonFullTGDs	714		fullTGDs	98889			newNonFullTGDs	44045		newFullTGDs	285
nonFullTGDs	730		fullTGDs	98889			newNonFullTGDs	44037		newFullTGDs	291
nonFullTGDs	744		fullTGDs	98889			newNonFullTGDs	44030		newFullTGDs	297
nonFullTGDs	760		fullTGDs	98889			newNonFullTGDs	44020		newFullTGDs	299
nonFullTGDs	776		fullTGDs	98889			newNonFullTGDs	44012		newFullTGDs	305
nonFullTGDs	790		fullTGDs	98889			newNonFullTGDs	44005		newFullTGDs	312
nonFullTGDs	804		fullTGDs	98889			newNonFullTGDs	43998		newFullTGDs	318
nonFullTGDs	818		fullTGDs	98889			newNonFullTGDs	43991		newFullTGDs	324
nonFullTGDs	834		fullTGDs	98889			newNonFullTGDs	43983		newFullTGDs	329
nonFullTGDs	850		fullTGDs	98889			newNonFullTGDs	43975		newFullTGDs	336
nonFullTGDs	866		fullTGDs	98889			newNonFullTGDs	43967		newFullTGDs	344
nonFullTGDs	880		fullTGDs	98889			newNonFullTGDs	43960		newFullTGDs	350
nonFullTGDs	892		fullTGDs	98889			newNonFullTGDs	43951		newFullTGDs	356
nonFullTGDs	906		fullTGDs	98889			newNonFullTGDs	43944		newFullTGDs	359
nonFullTGDs	922		fullTGDs	98889			newNonFullTGDs	43936		newFullTGDs	363
nonFullTGDs	936		fullTGDs	98889			newNonFullTGDs	43927		newFullTGDs	368
nonFullTGDs	950		fullTGDs	98889			newNonFullTGDs	43913		newFullTGDs	369
nonFullTGDs	964		fullTGDs	98889			newNonFullTGDs	43906		newFullTGDs	373
nonFullTGDs	978		fullTGDs	98889			newNonFullTGDs	43899		newFullTGDs	379
nonFullTGDs	994		fullTGDs	98889			newNonFullTGDs	43891		newFullTGDs	385
nonFullTGDs	1008		fullTGDs	98889			newNonFullTGDs	43884		newFullTGDs	390
nonFullTGDs	1022		fullTGDs	98889			newNonFullTGDs	43877		newFullTGDs	394
nonFullTGDs	1038		fullTGDs	98889			newNonFullTGDs	43868		newFullTGDs	400
nonFullTGDs	1054		fullTGDs	98889			newNonFullTGDs	43860		newFullTGDs	407
nonFullTGDs	1068		fullTGDs	98889			newNonFullTGDs	43853		newFullTGDs	413
nonFullTGDs	1084		fullTGDs	98889			newNonFullTGDs	43845		newFullTGDs	420
nonFullTGDs	1096		fullTGDs	98889			newNonFullTGDs	43839		newFullTGDs	424
nonFullTGDs	1110		fullTGDs	98889			newNonFullTGDs	43832		newFullTGDs	427
nonFullTGDs	1124		fullTGDs	98889			newNonFullTGDs	43825		newFullTGDs	433
nonFullTGDs	1140		fullTGDs	98889			newNonFullTGDs	43816		newFullTGDs	440
nonFullTGDs	1154		fullTGDs	98889			newNonFullTGDs	43809		newFullTGDs	444
nonFullTGDs	1168		fullTGDs	98889			newNonFullTGDs	43802		newFullTGDs	450
nonFullTGDs	1182		fullTGDs	98889			newNonFullTGDs	43795		newFullTGDs	455
nonFullTGDs	1198		fullTGDs	98889			newNonFullTGDs	43787		newFullTGDs	461
nonFullTGDs	1214		fullTGDs	98889			newNonFullTGDs	43779		newFullTGDs	468
nonFullTGDs	1230		fullTGDs	98889			newNonFullTGDs	43771		newFullTGDs	474
nonFullTGDs	1244		fullTGDs	98889			newNonFullTGDs	43764		newFullTGDs	480
nonFullTGDs	1259		fullTGDs	98889			newNonFullTGDs	43757		newFullTGDs	488
nonFullTGDs	1274		fullTGDs	98889			newNonFullTGDs	43749		newFullTGDs	494
nonFullTGDs	1288		fullTGDs	98889			newNonFullTGDs	43742		newFullTGDs	499
nonFullTGDs	1302		fullTGDs	98889			newNonFullTGDs	43735		newFullTGDs	505
nonFullTGDs	1316		fullTGDs	98889			newNonFullTGDs	43726		newFullTGDs	511
nonFullTGDs	1330		fullTGDs	98889			newNonFullTGDs	43718		newFullTGDs	516
nonFullTGDs	1346		fullTGDs	98889			newNonFullTGDs	43710		newFullTGDs	522
nonFullTGDs	1362		fullTGDs	98889			newNonFullTGDs	43702		newFullTGDs	528
nonFullTGDs	1378		fullTGDs	98889			newNonFullTGDs	43694		newFullTGDs	535
nonFullTGDs	1394		fullTGDs	98889			newNonFullTGDs	43686		newFullTGDs	541
nonFullTGDs	1409		fullTGDs	98889			newNonFullTGDs	43679		newFullTGDs	548
nonFullTGDs	1426		fullTGDs	98889			newNonFullTGDs	43668		newFullTGDs	554
nonFullTGDs	1440		fullTGDs	98889			newNonFullTGDs	43661		newFullTGDs	559
nonFullTGDs	1454		fullTGDs	98889			newNonFullTGDs	43654		newFullTGDs	564
nonFullTGDs	1470		fullTGDs	98889			newNonFullTGDs	43646		newFullTGDs	570
nonFullTGDs	1486		fullTGDs	98889			newNonFullTGDs	43638		newFullTGDs	576
nonFullTGDs	1500		fullTGDs	98889			newNonFullTGDs	43631		newFullTGDs	582
nonFullTGDs	1515		fullTGDs	98889			newNonFullTGDs	43624		newFullTGDs	590
nonFullTGDs	1530		fullTGDs	98889			newNonFullTGDs	43616		newFullTGDs	597
nonFullTGDs	1544		fullTGDs	98889			newNonFullTGDs	43609		newFullTGDs	601
nonFullTGDs	1560		fullTGDs	98889			newNonFullTGDs	43600		newFullTGDs	607
nonFullTGDs	1574		fullTGDs	98889			newNonFullTGDs	43593		newFullTGDs	613
nonFullTGDs	1590		fullTGDs	98889			newNonFullTGDs	43585		newFullTGDs	614
nonFullTGDs	1606		fullTGDs	98889			newNonFullTGDs	43577		newFullTGDs	622
nonFullTGDs	1624		fullTGDs	98889			newNonFullTGDs	43568		newFullTGDs	630
nonFullTGDs	1640		fullTGDs	98889			newNonFullTGDs	43560		newFullTGDs	637
nonFullTGDs	1656		fullTGDs	98889			newNonFullTGDs	43552		newFullTGDs	644
nonFullTGDs	1672		fullTGDs	98889			newNonFullTGDs	43544		newFullTGDs	649
nonFullTGDs	1688		fullTGDs	98889			newNonFullTGDs	43536		newFullTGDs	656
nonFullTGDs	1702		fullTGDs	98889			newNonFullTGDs	43529		newFullTGDs	662
nonFullTGDs	1718		fullTGDs	98889			newNonFullTGDs	43521		newFullTGDs	668
nonFullTGDs	1731		fullTGDs	98889			newNonFullTGDs	43514		newFullTGDs	670
nonFullTGDs	1746		fullTGDs	98889			newNonFullTGDs	43506		newFullTGDs	676
nonFullTGDs	1762		fullTGDs	98889			newNonFullTGDs	43498		newFullTGDs	683
nonFullTGDs	1778		fullTGDs	98889			newNonFullTGDs	43490		newFullTGDs	688
nonFullTGDs	1793		fullTGDs	98889			newNonFullTGDs	43483		newFullTGDs	693
nonFullTGDs	1808		fullTGDs	98889			newNonFullTGDs	43475		newFullTGDs	697
nonFullTGDs	1824		fullTGDs	98889			newNonFullTGDs	43467		newFullTGDs	704
nonFullTGDs	1840		fullTGDs	98889			newNonFullTGDs	43459		newFullTGDs	708
nonFullTGDs	1852		fullTGDs	98889			newNonFullTGDs	43449		newFullTGDs	714
nonFullTGDs	1866		fullTGDs	98889			newNonFullTGDs	43436		newFullTGDs	714
nonFullTGDs	1880		fullTGDs	98889			newNonFullTGDs	43429		newFullTGDs	719
nonFullTGDs	1894		fullTGDs	98889			newNonFullTGDs	43422		newFullTGDs	726
nonFullTGDs	1910		fullTGDs	98889			newNonFullTGDs	43414		newFullTGDs	734
nonFullTGDs	1924		fullTGDs	98889			newNonFullTGDs	43407		newFullTGDs	740
nonFullTGDs	1938		fullTGDs	98889			newNonFullTGDs	43400		newFullTGDs	747
nonFullTGDs	1954		fullTGDs	98889			newNonFullTGDs	43392		newFullTGDs	755
nonFullTGDs	1968		fullTGDs	98889			newNonFullTGDs	43385		newFullTGDs	760
nonFullTGDs	1982		fullTGDs	98889			newNonFullTGDs	43378		newFullTGDs	763
nonFullTGDs	1996		fullTGDs	98889			newNonFullTGDs	43371		newFullTGDs	768
nonFullTGDs	2012		fullTGDs	98889			newNonFullTGDs	43363		newFullTGDs	774
nonFullTGDs	2026		fullTGDs	98889			newNonFullTGDs	43356		newFullTGDs	780
nonFullTGDs	2040		fullTGDs	98889			newNonFullTGDs	43349		newFullTGDs	787
nonFullTGDs	2056		fullTGDs	98889			newNonFullTGDs	43341		newFullTGDs	794
nonFullTGDs	2070		fullTGDs	98889			newNonFullTGDs	43334		newFullTGDs	800
nonFullTGDs	2086		fullTGDs	98889			newNonFullTGDs	43326		newFullTGDs	804
nonFullTGDs	2104		fullTGDs	98889			newNonFullTGDs	43317		newFullTGDs	813
nonFullTGDs	2118		fullTGDs	98889			newNonFullTGDs	43310		newFullTGDs	819
nonFullTGDs	2132		fullTGDs	98889			newNonFullTGDs	43303		newFullTGDs	825
nonFullTGDs	2146		fullTGDs	98889			newNonFullTGDs	43296		newFullTGDs	830
nonFullTGDs	2162		fullTGDs	98889			newNonFullTGDs	43288		newFullTGDs	834
nonFullTGDs	2178		fullTGDs	98889			newNonFullTGDs	43280		newFullTGDs	841
nonFullTGDs	2192		fullTGDs	98889			newNonFullTGDs	43271		newFullTGDs	848
nonFullTGDs	2206		fullTGDs	98889			newNonFullTGDs	43264		newFullTGDs	854
nonFullTGDs	2220		fullTGDs	98889			newNonFullTGDs	43256		newFullTGDs	859
nonFullTGDs	2236		fullTGDs	98889			newNonFullTGDs	43248		newFullTGDs	864
nonFullTGDs	2250		fullTGDs	98889			newNonFullTGDs	43241		newFullTGDs	868
nonFullTGDs	2266		fullTGDs	98889			newNonFullTGDs	43233		newFullTGDs	873
nonFullTGDs	2280		fullTGDs	98889			newNonFullTGDs	43224		newFullTGDs	880
nonFullTGDs	2294		fullTGDs	98889			newNonFullTGDs	43217		newFullTGDs	886
nonFullTGDs	2308		fullTGDs	98889			newNonFullTGDs	43210		newFullTGDs	892
nonFullTGDs	2322		fullTGDs	98889			newNonFullTGDs	43202		newFullTGDs	896
nonFullTGDs	2338		fullTGDs	98889			newNonFullTGDs	43194		newFullTGDs	900
nonFullTGDs	2354		fullTGDs	98889			newNonFullTGDs	43185		newFullTGDs	908
nonFullTGDs	2368		fullTGDs	98889			newNonFullTGDs	43178		newFullTGDs	911
nonFullTGDs	2384		fullTGDs	98889			newNonFullTGDs	43170		newFullTGDs	919
nonFullTGDs	2398		fullTGDs	98889			newNonFullTGDs	43163		newFullTGDs	925
nonFullTGDs	2414		fullTGDs	98889			newNonFullTGDs	43154		newFullTGDs	932
nonFullTGDs	2428		fullTGDs	98889			newNonFullTGDs	43147		newFullTGDs	936
nonFullTGDs	2442		fullTGDs	98889			newNonFullTGDs	43139		newFullTGDs	943
nonFullTGDs	2458		fullTGDs	98889			newNonFullTGDs	43131		newFullTGDs	949
nonFullTGDs	2473		fullTGDs	98889			newNonFullTGDs	43124		newFullTGDs	955
nonFullTGDs	2490		fullTGDs	98889			newNonFullTGDs	43115		newFullTGDs	961
nonFullTGDs	2504		fullTGDs	98889			newNonFullTGDs	43108		newFullTGDs	968
nonFullTGDs	2522		fullTGDs	98889			newNonFullTGDs	43099		newFullTGDs	975
nonFullTGDs	2540		fullTGDs	98889			newNonFullTGDs	43090		newFullTGDs	984
nonFullTGDs	2556		fullTGDs	98889			newNonFullTGDs	43082		newFullTGDs	990
nonFullTGDs	2570		fullTGDs	98889			newNonFullTGDs	43075		newFullTGDs	997
nonFullTGDs	2584		fullTGDs	98889			newNonFullTGDs	43068		newFullTGDs	1004
nonFullTGDs	2598		fullTGDs	98889			newNonFullTGDs	43061		newFullTGDs	1008
nonFullTGDs	2612		fullTGDs	98889			newNonFullTGDs	43054		newFullTGDs	1013
nonFullTGDs	2626		fullTGDs	98889			newNonFullTGDs	43046		newFullTGDs	1018
nonFullTGDs	2642		fullTGDs	98889			newNonFullTGDs	43038		newFullTGDs	1026
nonFullTGDs	2658		fullTGDs	98889			newNonFullTGDs	43030		newFullTGDs	1033
nonFullTGDs	2676		fullTGDs	98889			newNonFullTGDs	43021		newFullTGDs	1039
nonFullTGDs	2690		fullTGDs	98889			newNonFullTGDs	43014		newFullTGDs	1045
nonFullTGDs	2704		fullTGDs	98889			newNonFullTGDs	43007		newFullTGDs	1050
nonFullTGDs	2720		fullTGDs	98889			newNonFullTGDs	42999		newFullTGDs	1057
nonFullTGDs	2734		fullTGDs	98889			newNonFullTGDs	42992		newFullTGDs	1064
nonFullTGDs	2750		fullTGDs	98889			newNonFullTGDs	42984		newFullTGDs	1072
nonFullTGDs	2764		fullTGDs	98889			newNonFullTGDs	42977		newFullTGDs	1078
nonFullTGDs	2779		fullTGDs	98889			newNonFullTGDs	42970		newFullTGDs	1085
nonFullTGDs	2795		fullTGDs	98889			newNonFullTGDs	42962		newFullTGDs	1092
nonFullTGDs	2810		fullTGDs	98889			newNonFullTGDs	42954		newFullTGDs	1097
nonFullTGDs	2826		fullTGDs	98889			newNonFullTGDs	42946		newFullTGDs	1104
nonFullTGDs	2840		fullTGDs	98889			newNonFullTGDs	42939		newFullTGDs	1109
nonFullTGDs	2854		fullTGDs	98889			newNonFullTGDs	42932		newFullTGDs	1112
nonFullTGDs	2870		fullTGDs	98889			newNonFullTGDs	42924		newFullTGDs	1120
nonFullTGDs	2886		fullTGDs	98889			newNonFullTGDs	42916		newFullTGDs	1127
nonFullTGDs	2902		fullTGDs	98889			newNonFullTGDs	42908		newFullTGDs	1135
nonFullTGDs	2916		fullTGDs	98889			newNonFullTGDs	42901		newFullTGDs	1142
nonFullTGDs	2930		fullTGDs	98889			newNonFullTGDs	42894		newFullTGDs	1145
nonFullTGDs	2944		fullTGDs	98889			newNonFullTGDs	42887		newFullTGDs	1150
nonFullTGDs	2961		fullTGDs	98889			newNonFullTGDs	42879		newFullTGDs	1158
nonFullTGDs	2974		fullTGDs	98889			newNonFullTGDs	42872		newFullTGDs	1163
nonFullTGDs	2988		fullTGDs	98889			newNonFullTGDs	42865		newFullTGDs	1168
nonFullTGDs	3004		fullTGDs	98889			newNonFullTGDs	42857		newFullTGDs	1175
nonFullTGDs	3018		fullTGDs	98889			newNonFullTGDs	42850		newFullTGDs	1181
nonFullTGDs	3032		fullTGDs	98889			newNonFullTGDs	42843		newFullTGDs	1187
nonFullTGDs	3046		fullTGDs	98889			newNonFullTGDs	42836		newFullTGDs	1194
nonFullTGDs	3062		fullTGDs	98889			newNonFullTGDs	42828		newFullTGDs	1199
nonFullTGDs	3076		fullTGDs	98889			newNonFullTGDs	42821		newFullTGDs	1205
nonFullTGDs	3091		fullTGDs	98889			newNonFullTGDs	42814		newFullTGDs	1212
nonFullTGDs	3106		fullTGDs	98889			newNonFullTGDs	42806		newFullTGDs	1218
nonFullTGDs	3120		fullTGDs	98889			newNonFullTGDs	42797		newFullTGDs	1222
nonFullTGDs	3136		fullTGDs	98889			newNonFullTGDs	42789		newFullTGDs	1227
nonFullTGDs	3150		fullTGDs	98889			newNonFullTGDs	42782		newFullTGDs	1230
nonFullTGDs	3166		fullTGDs	98889			newNonFullTGDs	42774		newFullTGDs	1236
nonFullTGDs	3182		fullTGDs	98889			newNonFullTGDs	42764		newFullTGDs	1243
nonFullTGDs	3198		fullTGDs	98889			newNonFullTGDs	42756		newFullTGDs	1251
nonFullTGDs	3214		fullTGDs	98889			newNonFullTGDs	42747		newFullTGDs	1256
nonFullTGDs	3228		fullTGDs	98889			newNonFullTGDs	42740		newFullTGDs	1261
nonFullTGDs	3244		fullTGDs	98889			newNonFullTGDs	42732		newFullTGDs	1268
nonFullTGDs	3258		fullTGDs	98889			newNonFullTGDs	42725		newFullTGDs	1275
nonFullTGDs	3272		fullTGDs	98889			newNonFullTGDs	42718		newFullTGDs	1281
nonFullTGDs	3286		fullTGDs	98889			newNonFullTGDs	42711		newFullTGDs	1287
nonFullTGDs	3302		fullTGDs	98889			newNonFullTGDs	42703		newFullTGDs	1293
nonFullTGDs	3316		fullTGDs	98889			newNonFullTGDs	42696		newFullTGDs	1297
nonFullTGDs	3330		fullTGDs	98889			newNonFullTGDs	42689		newFullTGDs	1303
nonFullTGDs	3344		fullTGDs	98889			newNonFullTGDs	42681		newFullTGDs	1308
nonFullTGDs	3360		fullTGDs	98889			newNonFullTGDs	42673		newFullTGDs	1314
nonFullTGDs	3374		fullTGDs	98889			newNonFullTGDs	42666		newFullTGDs	1318
nonFullTGDs	3390		fullTGDs	98889			newNonFullTGDs	42658		newFullTGDs	1321
nonFullTGDs	3404		fullTGDs	98889			newNonFullTGDs	42651		newFullTGDs	1327
nonFullTGDs	3418		fullTGDs	98889			newNonFullTGDs	42644		newFullTGDs	1334
nonFullTGDs	3432		fullTGDs	98889			newNonFullTGDs	42637		newFullTGDs	1339
nonFullTGDs	3446		fullTGDs	98889			newNonFullTGDs	42630		newFullTGDs	1344
nonFullTGDs	3460		fullTGDs	98889			newNonFullTGDs	42623		newFullTGDs	1351
nonFullTGDs	3474		fullTGDs	98889			newNonFullTGDs	42616		newFullTGDs	1356
nonFullTGDs	3490		fullTGDs	98889			newNonFullTGDs	42608		newFullTGDs	1361
nonFullTGDs	3504		fullTGDs	98889			newNonFullTGDs	42601		newFullTGDs	1366
nonFullTGDs	3520		fullTGDs	98889			newNonFullTGDs	42593		newFullTGDs	1373
nonFullTGDs	3536		fullTGDs	98889			newNonFullTGDs	42584		newFullTGDs	1380
nonFullTGDs	3550		fullTGDs	98889			newNonFullTGDs	42577		newFullTGDs	1385
nonFullTGDs	3566		fullTGDs	98889			newNonFullTGDs	42569		newFullTGDs	1390
nonFullTGDs	3580		fullTGDs	98889			newNonFullTGDs	42562		newFullTGDs	1395
nonFullTGDs	3594		fullTGDs	98889			newNonFullTGDs	42555		newFullTGDs	1401
nonFullTGDs	3610		fullTGDs	98889			newNonFullTGDs	42547		newFullTGDs	1407
nonFullTGDs	3624		fullTGDs	98889			newNonFullTGDs	42540		newFullTGDs	1413
nonFullTGDs	3640		fullTGDs	98889			newNonFullTGDs	42532		newFullTGDs	1420
nonFullTGDs	3654		fullTGDs	98889			newNonFullTGDs	42525		newFullTGDs	1427
nonFullTGDs	3670		fullTGDs	98889			newNonFullTGDs	42517		newFullTGDs	1430
nonFullTGDs	3686		fullTGDs	98889			newNonFullTGDs	42509		newFullTGDs	1432
nonFullTGDs	3700		fullTGDs	98889			newNonFullTGDs	42502		newFullTGDs	1436
nonFullTGDs	3714		fullTGDs	98889			newNonFullTGDs	42495		newFullTGDs	1441
nonFullTGDs	3731		fullTGDs	98889			newNonFullTGDs	42487		newFullTGDs	1449
nonFullTGDs	3748		fullTGDs	98889			newNonFullTGDs	42478		newFullTGDs	1456
nonFullTGDs	3762		fullTGDs	98889			newNonFullTGDs	42471		newFullTGDs	1463
nonFullTGDs	3776		fullTGDs	98889			newNonFullTGDs	42464		newFullTGDs	1470
nonFullTGDs	3790		fullTGDs	98889			newNonFullTGDs	42457		newFullTGDs	1475
nonFullTGDs	3806		fullTGDs	98889			newNonFullTGDs	42449		newFullTGDs	1481
nonFullTGDs	3822		fullTGDs	98889			newNonFullTGDs	42441		newFullTGDs	1487
nonFullTGDs	3838		fullTGDs	98889			newNonFullTGDs	42431		newFullTGDs	1493
nonFullTGDs	3852		fullTGDs	98889			newNonFullTGDs	42424		newFullTGDs	1499
nonFullTGDs	3868		fullTGDs	98889			newNonFullTGDs	42416		newFullTGDs	1506
nonFullTGDs	3880		fullTGDs	98889			newNonFullTGDs	42410		newFullTGDs	1511
nonFullTGDs	3895		fullTGDs	98889			newNonFullTGDs	42403		newFullTGDs	1518
nonFullTGDs	3910		fullTGDs	98889			newNonFullTGDs	42395		newFullTGDs	1524
nonFullTGDs	3924		fullTGDs	98889			newNonFullTGDs	42388		newFullTGDs	1529
nonFullTGDs	3938		fullTGDs	98889			newNonFullTGDs	42381		newFullTGDs	1535
nonFullTGDs	3952		fullTGDs	98889			newNonFullTGDs	42374		newFullTGDs	1541
nonFullTGDs	3968		fullTGDs	98889			newNonFullTGDs	42366		newFullTGDs	1547
nonFullTGDs	3984		fullTGDs	98889			newNonFullTGDs	42358		newFullTGDs	1554
nonFullTGDs	3998		fullTGDs	98889			newNonFullTGDs	42351		newFullTGDs	1560
nonFullTGDs	4014		fullTGDs	98889			newNonFullTGDs	42343		newFullTGDs	1567
nonFullTGDs	4028		fullTGDs	98889			newNonFullTGDs	42336		newFullTGDs	1572
nonFullTGDs	4044		fullTGDs	98889			newNonFullTGDs	42328		newFullTGDs	1578
nonFullTGDs	4059		fullTGDs	98889			newNonFullTGDs	42320		newFullTGDs	1585
nonFullTGDs	4073		fullTGDs	98889			newNonFullTGDs	42313		newFullTGDs	1591
nonFullTGDs	4087		fullTGDs	98889			newNonFullTGDs	42306		newFullTGDs	1596
nonFullTGDs	4103		fullTGDs	98889			newNonFullTGDs	42298		newFullTGDs	1602
nonFullTGDs	4117		fullTGDs	98889			newNonFullTGDs	42291		newFullTGDs	1608
nonFullTGDs	4133		fullTGDs	98889			newNonFullTGDs	42283		newFullTGDs	1616
nonFullTGDs	4149		fullTGDs	98889			newNonFullTGDs	42275		newFullTGDs	1622
nonFullTGDs	4165		fullTGDs	98889			newNonFullTGDs	42267		newFullTGDs	1629
nonFullTGDs	4181		fullTGDs	98889			newNonFullTGDs	42259		newFullTGDs	1635
nonFullTGDs	4194		fullTGDs	98889			newNonFullTGDs	42253		newFullTGDs	1641
nonFullTGDs	4207		fullTGDs	98889			newNonFullTGDs	42246		newFullTGDs	1644
nonFullTGDs	4222		fullTGDs	98889			newNonFullTGDs	42239		newFullTGDs	1651
nonFullTGDs	4237		fullTGDs	98889			newNonFullTGDs	42231		newFullTGDs	1657
nonFullTGDs	4249		fullTGDs	98889			newNonFullTGDs	42225		newFullTGDs	1661
nonFullTGDs	4265		fullTGDs	98889			newNonFullTGDs	42217		newFullTGDs	1666
nonFullTGDs	4279		fullTGDs	98889			newNonFullTGDs	42210		newFullTGDs	1672
nonFullTGDs	4292		fullTGDs	98889			newNonFullTGDs	42204		newFullTGDs	1675
nonFullTGDs	4307		fullTGDs	98889			newNonFullTGDs	42196		newFullTGDs	1680
nonFullTGDs	4321		fullTGDs	98889			newNonFullTGDs	42189		newFullTGDs	1685
nonFullTGDs	4335		fullTGDs	98889			newNonFullTGDs	42182		newFullTGDs	1689
nonFullTGDs	4349		fullTGDs	98889			newNonFullTGDs	42175		newFullTGDs	1692
nonFullTGDs	4367		fullTGDs	98889			newNonFullTGDs	42166		newFullTGDs	1700
nonFullTGDs	4381		fullTGDs	98889			newNonFullTGDs	42159		newFullTGDs	1706
nonFullTGDs	4395		fullTGDs	98889			newNonFullTGDs	42152		newFullTGDs	1711
nonFullTGDs	4407		fullTGDs	98889			newNonFullTGDs	42144		newFullTGDs	1713
nonFullTGDs	4423		fullTGDs	98889			newNonFullTGDs	42135		newFullTGDs	1715
nonFullTGDs	4437		fullTGDs	98889			newNonFullTGDs	42128		newFullTGDs	1720
nonFullTGDs	4452		fullTGDs	98889			newNonFullTGDs	42121		newFullTGDs	1726
nonFullTGDs	4467		fullTGDs	98889			newNonFullTGDs	42113		newFullTGDs	1731
nonFullTGDs	4483		fullTGDs	98889			newNonFullTGDs	42105		newFullTGDs	1738
nonFullTGDs	4499		fullTGDs	98889			newNonFullTGDs	42097		newFullTGDs	1744
nonFullTGDs	4513		fullTGDs	98889			newNonFullTGDs	42090		newFullTGDs	1749
nonFullTGDs	4529		fullTGDs	98889			newNonFullTGDs	42081		newFullTGDs	1751
nonFullTGDs	4543		fullTGDs	98889			newNonFullTGDs	42074		newFullTGDs	1757
nonFullTGDs	4559		fullTGDs	98889			newNonFullTGDs	42066		newFullTGDs	1763
nonFullTGDs	4575		fullTGDs	98889			newNonFullTGDs	42058		newFullTGDs	1768
nonFullTGDs	4589		fullTGDs	98889			newNonFullTGDs	42051		newFullTGDs	1775
nonFullTGDs	4603		fullTGDs	98889			newNonFullTGDs	42044		newFullTGDs	1782
nonFullTGDs	4619		fullTGDs	98889			newNonFullTGDs	42036		newFullTGDs	1788
nonFullTGDs	4631		fullTGDs	98889			newNonFullTGDs	42030		newFullTGDs	1791
nonFullTGDs	4645		fullTGDs	98889			newNonFullTGDs	42023		newFullTGDs	1794
nonFullTGDs	4659		fullTGDs	98889			newNonFullTGDs	42016		newFullTGDs	1796
nonFullTGDs	4671		fullTGDs	98889			newNonFullTGDs	42010		newFullTGDs	1800
nonFullTGDs	4685		fullTGDs	98889			newNonFullTGDs	42003		newFullTGDs	1805
nonFullTGDs	4699		fullTGDs	98889			newNonFullTGDs	41996		newFullTGDs	1805
nonFullTGDs	4715		fullTGDs	98889			newNonFullTGDs	41988		newFullTGDs	1812
nonFullTGDs	4729		fullTGDs	98889			newNonFullTGDs	41981		newFullTGDs	1816
nonFullTGDs	4746		fullTGDs	98889			newNonFullTGDs	41973		newFullTGDs	1823
nonFullTGDs	4765		fullTGDs	98889			newNonFullTGDs	41963		newFullTGDs	1828
nonFullTGDs	4777		fullTGDs	98889			newNonFullTGDs	41957		newFullTGDs	1832
nonFullTGDs	4795		fullTGDs	98889			newNonFullTGDs	41948		newFullTGDs	1838
nonFullTGDs	4811		fullTGDs	98889			newNonFullTGDs	41940		newFullTGDs	1846
nonFullTGDs	4827		fullTGDs	98889			newNonFullTGDs	41932		newFullTGDs	1854
nonFullTGDs	4845		fullTGDs	98889			newNonFullTGDs	41923		newFullTGDs	1860
nonFullTGDs	4859		fullTGDs	98889			newNonFullTGDs	41916		newFullTGDs	1863
nonFullTGDs	4873		fullTGDs	98889			newNonFullTGDs	41909		newFullTGDs	1865
nonFullTGDs	4889		fullTGDs	98889			newNonFullTGDs	41901		newFullTGDs	1873
nonFullTGDs	4905		fullTGDs	98889			newNonFullTGDs	41893		newFullTGDs	1879
nonFullTGDs	4919		fullTGDs	98889			newNonFullTGDs	41886		newFullTGDs	1884
nonFullTGDs	4933		fullTGDs	98889			newNonFullTGDs	41879		newFullTGDs	1888
nonFullTGDs	4947		fullTGDs	98889			newNonFullTGDs	41872		newFullTGDs	1890
nonFullTGDs	4963		fullTGDs	98889			newNonFullTGDs	41864		newFullTGDs	1895
nonFullTGDs	4977		fullTGDs	98889			newNonFullTGDs	41857		newFullTGDs	1896
nonFullTGDs	4991		fullTGDs	98889			newNonFullTGDs	41850		newFullTGDs	1898
nonFullTGDs	5005		fullTGDs	98889			newNonFullTGDs	41843		newFullTGDs	1903
nonFullTGDs	5020		fullTGDs	98889			newNonFullTGDs	41836		newFullTGDs	1909
nonFullTGDs	5033		fullTGDs	98889			newNonFullTGDs	41829		newFullTGDs	1915
nonFullTGDs	5049		fullTGDs	98889			newNonFullTGDs	41821		newFullTGDs	1921
nonFullTGDs	5065		fullTGDs	98889			newNonFullTGDs	41813		newFullTGDs	1926
nonFullTGDs	5081		fullTGDs	98889			newNonFullTGDs	41805		newFullTGDs	1930
nonFullTGDs	5095		fullTGDs	98889			newNonFullTGDs	41798		newFullTGDs	1932
nonFullTGDs	5109		fullTGDs	98889			newNonFullTGDs	41791		newFullTGDs	1938
nonFullTGDs	5123		fullTGDs	98889			newNonFullTGDs	41784		newFullTGDs	1943
nonFullTGDs	5135		fullTGDs	98889			newNonFullTGDs	41778		newFullTGDs	1946
nonFullTGDs	5149		fullTGDs	98889			newNonFullTGDs	41771		newFullTGDs	1950
nonFullTGDs	5163		fullTGDs	98889			newNonFullTGDs	41764		newFullTGDs	1955
nonFullTGDs	5177		fullTGDs	98889			newNonFullTGDs	41756		newFullTGDs	1958
nonFullTGDs	5193		fullTGDs	98889			newNonFullTGDs	41748		newFullTGDs	1965
nonFullTGDs	5207		fullTGDs	98889			newNonFullTGDs	41741		newFullTGDs	1968
nonFullTGDs	5223		fullTGDs	98889			newNonFullTGDs	41733		newFullTGDs	1974
nonFullTGDs	5237		fullTGDs	98889			newNonFullTGDs	41726		newFullTGDs	1979
nonFullTGDs	5251		fullTGDs	98889			newNonFullTGDs	41719		newFullTGDs	1986
nonFullTGDs	5267		fullTGDs	98889			newNonFullTGDs	41711		newFullTGDs	1989
nonFullTGDs	5283		fullTGDs	98889			newNonFullTGDs	41703		newFullTGDs	1993
nonFullTGDs	5297		fullTGDs	98889			newNonFullTGDs	41696		newFullTGDs	1998
nonFullTGDs	5311		fullTGDs	98889			newNonFullTGDs	41689		newFullTGDs	2004
nonFullTGDs	5325		fullTGDs	98889			newNonFullTGDs	41682		newFullTGDs	2009
nonFullTGDs	5341		fullTGDs	98889			newNonFullTGDs	41674		newFullTGDs	2015
nonFullTGDs	5357		fullTGDs	98889			newNonFullTGDs	41666		newFullTGDs	2020
nonFullTGDs	5373		fullTGDs	98889			newNonFullTGDs	41658		newFullTGDs	2027
nonFullTGDs	5385		fullTGDs	98889			newNonFullTGDs	41652		newFullTGDs	2031
nonFullTGDs	5399		fullTGDs	98889			newNonFullTGDs	41645		newFullTGDs	2036
nonFullTGDs	5411		fullTGDs	98889			newNonFullTGDs	41639		newFullTGDs	2039
nonFullTGDs	5427		fullTGDs	98889			newNonFullTGDs	41630		newFullTGDs	2044
nonFullTGDs	5445		fullTGDs	98889			newNonFullTGDs	41621		newFullTGDs	2047
nonFullTGDs	5459		fullTGDs	98889			newNonFullTGDs	41614		newFullTGDs	2049
nonFullTGDs	5473		fullTGDs	98889			newNonFullTGDs	41607		newFullTGDs	2052
nonFullTGDs	5491		fullTGDs	98889			newNonFullTGDs	41598		newFullTGDs	2054
nonFullTGDs	5503		fullTGDs	98889			newNonFullTGDs	41592		newFullTGDs	2058
nonFullTGDs	5517		fullTGDs	98889			newNonFullTGDs	41585		newFullTGDs	2064
nonFullTGDs	5531		fullTGDs	98889			newNonFullTGDs	41578		newFullTGDs	2069
nonFullTGDs	5547		fullTGDs	98889			newNonFullTGDs	41570		newFullTGDs	2073
nonFullTGDs	5563		fullTGDs	98889			newNonFullTGDs	41562		newFullTGDs	2075
nonFullTGDs	5579		fullTGDs	98889			newNonFullTGDs	41554		newFullTGDs	2080
nonFullTGDs	5593		fullTGDs	98889			newNonFullTGDs	41547		newFullTGDs	2082
nonFullTGDs	5611		fullTGDs	98889			newNonFullTGDs	41538		newFullTGDs	2090
nonFullTGDs	5627		fullTGDs	98889			newNonFullTGDs	41530		newFullTGDs	2095
nonFullTGDs	5641		fullTGDs	98889			newNonFullTGDs	41523		newFullTGDs	2099
nonFullTGDs	5657		fullTGDs	98889			newNonFullTGDs	41515		newFullTGDs	2104
nonFullTGDs	5671		fullTGDs	98889			newNonFullTGDs	41506		newFullTGDs	2106
nonFullTGDs	5687		fullTGDs	98889			newNonFullTGDs	41498		newFullTGDs	2110
nonFullTGDs	5703		fullTGDs	98889			newNonFullTGDs	41485		newFullTGDs	2111
nonFullTGDs	5717		fullTGDs	98889			newNonFullTGDs	41477		newFullTGDs	2116
nonFullTGDs	5733		fullTGDs	98889			newNonFullTGDs	41469		newFullTGDs	2120
nonFullTGDs	5749		fullTGDs	98889			newNonFullTGDs	41461		newFullTGDs	2122
nonFullTGDs	5761		fullTGDs	98889			newNonFullTGDs	41454		newFullTGDs	2125
nonFullTGDs	5775		fullTGDs	98889			newNonFullTGDs	41447		newFullTGDs	2130
nonFullTGDs	5789		fullTGDs	98889			newNonFullTGDs	41440		newFullTGDs	2135
nonFullTGDs	5803		fullTGDs	98889			newNonFullTGDs	41433		newFullTGDs	2140
nonFullTGDs	5817		fullTGDs	98889			newNonFullTGDs	41426		newFullTGDs	2143
nonFullTGDs	5831		fullTGDs	98889			newNonFullTGDs	41419		newFullTGDs	2148
nonFullTGDs	5845		fullTGDs	98889			newNonFullTGDs	41412		newFullTGDs	2149
nonFullTGDs	5861		fullTGDs	98889			newNonFullTGDs	41404		newFullTGDs	2155
nonFullTGDs	5875		fullTGDs	98889			newNonFullTGDs	41397		newFullTGDs	2159
nonFullTGDs	5891		fullTGDs	98889			newNonFullTGDs	41389		newFullTGDs	2165
nonFullTGDs	5905		fullTGDs	98889			newNonFullTGDs	41382		newFullTGDs	2172
nonFullTGDs	5917		fullTGDs	98889			newNonFullTGDs	41376		newFullTGDs	2176
nonFullTGDs	5931		fullTGDs	98889			newNonFullTGDs	41369		newFullTGDs	2183
nonFullTGDs	5945		fullTGDs	98889			newNonFullTGDs	41362		newFullTGDs	2188
nonFullTGDs	5961		fullTGDs	98889			newNonFullTGDs	41354		newFullTGDs	2193
nonFullTGDs	5975		fullTGDs	98889			newNonFullTGDs	41347		newFullTGDs	2199
nonFullTGDs	5987		fullTGDs	98889			newNonFullTGDs	41339		newFullTGDs	2201
nonFullTGDs	6001		fullTGDs	98889			newNonFullTGDs	41332		newFullTGDs	2203
nonFullTGDs	6017		fullTGDs	98889			newNonFullTGDs	41324		newFullTGDs	2211
nonFullTGDs	6033		fullTGDs	98889			newNonFullTGDs	41316		newFullTGDs	2219
nonFullTGDs	6049		fullTGDs	98889			newNonFullTGDs	41308		newFullTGDs	2227
nonFullTGDs	6063		fullTGDs	98889			newNonFullTGDs	41301		newFullTGDs	2233
nonFullTGDs	6077		fullTGDs	98889			newNonFullTGDs	41294		newFullTGDs	2240
nonFullTGDs	6093		fullTGDs	98889			newNonFullTGDs	41286		newFullTGDs	2243
nonFullTGDs	6109		fullTGDs	98889			newNonFullTGDs	41278		newFullTGDs	2249
nonFullTGDs	6125		fullTGDs	98889			newNonFullTGDs	41270		newFullTGDs	2257
nonFullTGDs	6139		fullTGDs	98889			newNonFullTGDs	41263		newFullTGDs	2263
nonFullTGDs	6154		fullTGDs	98889			newNonFullTGDs	41256		newFullTGDs	2269
nonFullTGDs	6167		fullTGDs	98889			newNonFullTGDs	41249		newFullTGDs	2274
nonFullTGDs	6179		fullTGDs	98889			newNonFullTGDs	41242		newFullTGDs	2274
nonFullTGDs	6191		fullTGDs	98889			newNonFullTGDs	41236		newFullTGDs	2275
nonFullTGDs	6205		fullTGDs	98889			newNonFullTGDs	41229		newFullTGDs	2278
nonFullTGDs	6218		fullTGDs	98889			newNonFullTGDs	41223		newFullTGDs	2280
nonFullTGDs	6233		fullTGDs	98889			newNonFullTGDs	41215		newFullTGDs	2281
nonFullTGDs	6247		fullTGDs	98889			newNonFullTGDs	41208		newFullTGDs	2282
nonFullTGDs	6261		fullTGDs	98889			newNonFullTGDs	41201		newFullTGDs	2282
nonFullTGDs	6277		fullTGDs	98889			newNonFullTGDs	41193		newFullTGDs	2284
nonFullTGDs	6290		fullTGDs	98889			newNonFullTGDs	41187		newFullTGDs	2290
nonFullTGDs	6305		fullTGDs	98889			newNonFullTGDs	41179		newFullTGDs	2297
nonFullTGDs	6319		fullTGDs	98889			newNonFullTGDs	41172		newFullTGDs	2304
nonFullTGDs	6333		fullTGDs	98889			newNonFullTGDs	41165		newFullTGDs	2311
nonFullTGDs	6349		fullTGDs	98889			newNonFullTGDs	41157		newFullTGDs	2317
nonFullTGDs	6363		fullTGDs	98889			newNonFullTGDs	41150		newFullTGDs	2323
nonFullTGDs	6377		fullTGDs	98889			newNonFullTGDs	41143		newFullTGDs	2328
nonFullTGDs	6393		fullTGDs	98889			newNonFullTGDs	41135		newFullTGDs	2335
nonFullTGDs	6405		fullTGDs	98889			newNonFullTGDs	41129		newFullTGDs	2339
nonFullTGDs	6419		fullTGDs	98889			newNonFullTGDs	41122		newFullTGDs	2344
nonFullTGDs	6431		fullTGDs	98889			newNonFullTGDs	41116		newFullTGDs	2348
nonFullTGDs	6445		fullTGDs	98889			newNonFullTGDs	41109		newFullTGDs	2351
nonFullTGDs	6459		fullTGDs	98889			newNonFullTGDs	41102		newFullTGDs	2354
nonFullTGDs	6473		fullTGDs	98889			newNonFullTGDs	41095		newFullTGDs	2358
nonFullTGDs	6487		fullTGDs	98889			newNonFullTGDs	41088		newFullTGDs	2360
nonFullTGDs	6501		fullTGDs	98889			newNonFullTGDs	41081		newFullTGDs	2367
nonFullTGDs	6517		fullTGDs	98889			newNonFullTGDs	41073		newFullTGDs	2372
nonFullTGDs	6531		fullTGDs	98889			newNonFullTGDs	41065		newFullTGDs	2374
nonFullTGDs	6545		fullTGDs	98889			newNonFullTGDs	41058		newFullTGDs	2375
nonFullTGDs	6555		fullTGDs	98889			newNonFullTGDs	41052		newFullTGDs	2375
nonFullTGDs	6571		fullTGDs	98889			newNonFullTGDs	41044		newFullTGDs	2381
nonFullTGDs	6585		fullTGDs	98889			newNonFullTGDs	41037		newFullTGDs	2386
nonFullTGDs	6601		fullTGDs	98889			newNonFullTGDs	41029		newFullTGDs	2391
nonFullTGDs	6617		fullTGDs	98889			newNonFullTGDs	41019		newFullTGDs	2393
nonFullTGDs	6633		fullTGDs	98889			newNonFullTGDs	41011		newFullTGDs	2397
nonFullTGDs	6648		fullTGDs	98889			newNonFullTGDs	41004		newFullTGDs	2404
nonFullTGDs	6661		fullTGDs	98889			newNonFullTGDs	40997		newFullTGDs	2410
nonFullTGDs	6677		fullTGDs	98889			newNonFullTGDs	40989		newFullTGDs	2413
nonFullTGDs	6691		fullTGDs	98889			newNonFullTGDs	40982		newFullTGDs	2414
nonFullTGDs	6705		fullTGDs	98889			newNonFullTGDs	40975		newFullTGDs	2420
nonFullTGDs	6719		fullTGDs	98889			newNonFullTGDs	40968		newFullTGDs	2426
nonFullTGDs	6737		fullTGDs	98889			newNonFullTGDs	40959		newFullTGDs	2430
nonFullTGDs	6751		fullTGDs	98889			newNonFullTGDs	40952		newFullTGDs	2435
nonFullTGDs	6769		fullTGDs	98889			newNonFullTGDs	40943		newFullTGDs	2443
nonFullTGDs	6783		fullTGDs	98889			newNonFullTGDs	40936		newFullTGDs	2446
nonFullTGDs	6795		fullTGDs	98889			newNonFullTGDs	40930		newFullTGDs	2450
nonFullTGDs	6813		fullTGDs	98889			newNonFullTGDs	40921		newFullTGDs	2457
nonFullTGDs	6827		fullTGDs	98889			newNonFullTGDs	40913		newFullTGDs	2464
nonFullTGDs	6843		fullTGDs	98889			newNonFullTGDs	40905		newFullTGDs	2464
nonFullTGDs	6859		fullTGDs	98889			newNonFullTGDs	40897		newFullTGDs	2464
nonFullTGDs	6875		fullTGDs	98889			newNonFullTGDs	40889		newFullTGDs	2464
nonFullTGDs	6891		fullTGDs	98889			newNonFullTGDs	40881		newFullTGDs	2471
nonFullTGDs	6907		fullTGDs	98889			newNonFullTGDs	40873		newFullTGDs	2475
nonFullTGDs	6921		fullTGDs	98889			newNonFullTGDs	40865		newFullTGDs	2478
nonFullTGDs	6933		fullTGDs	98889			newNonFullTGDs	40859		newFullTGDs	2478
nonFullTGDs	6949		fullTGDs	98889			newNonFullTGDs	40851		newFullTGDs	2481
nonFullTGDs	6965		fullTGDs	98889			newNonFullTGDs	40843		newFullTGDs	2488
nonFullTGDs	6978		fullTGDs	98889			newNonFullTGDs	40837		newFullTGDs	2492
nonFullTGDs	6992		fullTGDs	98889			newNonFullTGDs	40830		newFullTGDs	2499
nonFullTGDs	7007		fullTGDs	98889			newNonFullTGDs	40822		newFullTGDs	2503
nonFullTGDs	7025		fullTGDs	98889			newNonFullTGDs	40813		newFullTGDs	2510
nonFullTGDs	7041		fullTGDs	98889			newNonFullTGDs	40805		newFullTGDs	2513
nonFullTGDs	7057		fullTGDs	98889			newNonFullTGDs	40797		newFullTGDs	2518
nonFullTGDs	7073		fullTGDs	98889			newNonFullTGDs	40789		newFullTGDs	2525
nonFullTGDs	7087		fullTGDs	98889			newNonFullTGDs	40781		newFullTGDs	2528
nonFullTGDs	7101		fullTGDs	98889			newNonFullTGDs	40773		newFullTGDs	2533
nonFullTGDs	7117		fullTGDs	98889			newNonFullTGDs	40765		newFullTGDs	2539
nonFullTGDs	7131		fullTGDs	98889			newNonFullTGDs	40758		newFullTGDs	2543
nonFullTGDs	7147		fullTGDs	98889			newNonFullTGDs	40750		newFullTGDs	2550
nonFullTGDs	7161		fullTGDs	98889			newNonFullTGDs	40743		newFullTGDs	2554
nonFullTGDs	7177		fullTGDs	98889			newNonFullTGDs	40735		newFullTGDs	2561
nonFullTGDs	7193		fullTGDs	98889			newNonFullTGDs	40727		newFullTGDs	2566
nonFullTGDs	7207		fullTGDs	98889			newNonFullTGDs	40720		newFullTGDs	2570
nonFullTGDs	7221		fullTGDs	98889			newNonFullTGDs	40713		newFullTGDs	2574
nonFullTGDs	7235		fullTGDs	98889			newNonFullTGDs	40706		newFullTGDs	2578
nonFullTGDs	7249		fullTGDs	98889			newNonFullTGDs	40699		newFullTGDs	2582
nonFullTGDs	7263		fullTGDs	98889			newNonFullTGDs	40692		newFullTGDs	2585
nonFullTGDs	7277		fullTGDs	98889			newNonFullTGDs	40685		newFullTGDs	2586
nonFullTGDs	7295		fullTGDs	98889			newNonFullTGDs	40676		newFullTGDs	2589
nonFullTGDs	7307		fullTGDs	98889			newNonFullTGDs	40670		newFullTGDs	2592
nonFullTGDs	7321		fullTGDs	98889			newNonFullTGDs	40663		newFullTGDs	2594
nonFullTGDs	7336		fullTGDs	98889			newNonFullTGDs	40656		newFullTGDs	2597
nonFullTGDs	7351		fullTGDs	98889			newNonFullTGDs	40648		newFullTGDs	2598
nonFullTGDs	7367		fullTGDs	98889			newNonFullTGDs	40639		newFullTGDs	2601
nonFullTGDs	7381		fullTGDs	98889			newNonFullTGDs	40629		newFullTGDs	2602
nonFullTGDs	7393		fullTGDs	98889			newNonFullTGDs	40619		newFullTGDs	2602
nonFullTGDs	7407		fullTGDs	98889			newNonFullTGDs	40610		newFullTGDs	2607
nonFullTGDs	7423		fullTGDs	98889			newNonFullTGDs	40602		newFullTGDs	2611
nonFullTGDs	7437		fullTGDs	98889			newNonFullTGDs	40595		newFullTGDs	2614
nonFullTGDs	7451		fullTGDs	98889			newNonFullTGDs	40588		newFullTGDs	2617
nonFullTGDs	7465		fullTGDs	98889			newNonFullTGDs	40581		newFullTGDs	2622
nonFullTGDs	7481		fullTGDs	98889			newNonFullTGDs	40573		newFullTGDs	2626
nonFullTGDs	7495		fullTGDs	98889			newNonFullTGDs	40566		newFullTGDs	2628
nonFullTGDs	7511		fullTGDs	98889			newNonFullTGDs	40558		newFullTGDs	2634
nonFullTGDs	7525		fullTGDs	98889			newNonFullTGDs	40551		newFullTGDs	2640
nonFullTGDs	7539		fullTGDs	98889			newNonFullTGDs	40544		newFullTGDs	2644
nonFullTGDs	7553		fullTGDs	98889			newNonFullTGDs	40537		newFullTGDs	2647
nonFullTGDs	7567		fullTGDs	98889			newNonFullTGDs	40530		newFullTGDs	2648
nonFullTGDs	7583		fullTGDs	98889			newNonFullTGDs	40522		newFullTGDs	2655
nonFullTGDs	7597		fullTGDs	98889			newNonFullTGDs	40515		newFullTGDs	2661
nonFullTGDs	7610		fullTGDs	98889			newNonFullTGDs	40509		newFullTGDs	2667
nonFullTGDs	7627		fullTGDs	98889			newNonFullTGDs	40499		newFullTGDs	2673
nonFullTGDs	7642		fullTGDs	98889			newNonFullTGDs	40492		newFullTGDs	2679
nonFullTGDs	7657		fullTGDs	98889			newNonFullTGDs	40484		newFullTGDs	2682
nonFullTGDs	7671		fullTGDs	98889			newNonFullTGDs	40477		newFullTGDs	2689
nonFullTGDs	7687		fullTGDs	98889			newNonFullTGDs	40469		newFullTGDs	2694
nonFullTGDs	7699		fullTGDs	98889			newNonFullTGDs	40463		newFullTGDs	2698
nonFullTGDs	7715		fullTGDs	98889			newNonFullTGDs	40455		newFullTGDs	2702
nonFullTGDs	7729		fullTGDs	98889			newNonFullTGDs	40448		newFullTGDs	2707
nonFullTGDs	7743		fullTGDs	98889			newNonFullTGDs	40441		newFullTGDs	2709
nonFullTGDs	7757		fullTGDs	98889			newNonFullTGDs	40434		newFullTGDs	2711
nonFullTGDs	7771		fullTGDs	98889			newNonFullTGDs	40427		newFullTGDs	2712
nonFullTGDs	7789		fullTGDs	98889			newNonFullTGDs	40418		newFullTGDs	2718
nonFullTGDs	7801		fullTGDs	98889			newNonFullTGDs	40412		newFullTGDs	2722
nonFullTGDs	7816		fullTGDs	98889			newNonFullTGDs	40405		newFullTGDs	2727
nonFullTGDs	7831		fullTGDs	98889			newNonFullTGDs	40397		newFullTGDs	2729
nonFullTGDs	7847		fullTGDs	98889			newNonFullTGDs	40389		newFullTGDs	2736
nonFullTGDs	7861		fullTGDs	98889			newNonFullTGDs	40382		newFullTGDs	2738
nonFullTGDs	7877		fullTGDs	98889			newNonFullTGDs	40374		newFullTGDs	2741
nonFullTGDs	7891		fullTGDs	98889			newNonFullTGDs	40367		newFullTGDs	2745
nonFullTGDs	7907		fullTGDs	98889			newNonFullTGDs	40359		newFullTGDs	2751
nonFullTGDs	7921		fullTGDs	98889			newNonFullTGDs	40352		newFullTGDs	2755
nonFullTGDs	7937		fullTGDs	98889			newNonFullTGDs	40344		newFullTGDs	2759
nonFullTGDs	7951		fullTGDs	98889			newNonFullTGDs	40337		newFullTGDs	2763
nonFullTGDs	7965		fullTGDs	98889			newNonFullTGDs	40330		newFullTGDs	2767
nonFullTGDs	7979		fullTGDs	98889			newNonFullTGDs	40323		newFullTGDs	2769
nonFullTGDs	7993		fullTGDs	98889			newNonFullTGDs	40316		newFullTGDs	2773
nonFullTGDs	8007		fullTGDs	98889			newNonFullTGDs	40309		newFullTGDs	2778
nonFullTGDs	8019		fullTGDs	98889			newNonFullTGDs	40303		newFullTGDs	2780
nonFullTGDs	8035		fullTGDs	98889			newNonFullTGDs	40295		newFullTGDs	2786
nonFullTGDs	8051		fullTGDs	98889			newNonFullTGDs	40287		newFullTGDs	2790
nonFullTGDs	8065		fullTGDs	98889			newNonFullTGDs	40280		newFullTGDs	2796
nonFullTGDs	8081		fullTGDs	98889			newNonFullTGDs	40272		newFullTGDs	2803
nonFullTGDs	8097		fullTGDs	98889			newNonFullTGDs	40264		newFullTGDs	2811
nonFullTGDs	8111		fullTGDs	98889			newNonFullTGDs	40257		newFullTGDs	2814
nonFullTGDs	8127		fullTGDs	98889			newNonFullTGDs	40249		newFullTGDs	2821
nonFullTGDs	8143		fullTGDs	98889			newNonFullTGDs	40241		newFullTGDs	2827
nonFullTGDs	8159		fullTGDs	98889			newNonFullTGDs	40233		newFullTGDs	2834
nonFullTGDs	8173		fullTGDs	98889			newNonFullTGDs	40226		newFullTGDs	2838
nonFullTGDs	8187		fullTGDs	98889			newNonFullTGDs	40218		newFullTGDs	2845
nonFullTGDs	8201		fullTGDs	98889			newNonFullTGDs	40211		newFullTGDs	2851
nonFullTGDs	8219		fullTGDs	98889			newNonFullTGDs	40202		newFullTGDs	2857
nonFullTGDs	8235		fullTGDs	98889			newNonFullTGDs	40194		newFullTGDs	2863
nonFullTGDs	8249		fullTGDs	98889			newNonFullTGDs	40186		newFullTGDs	2869
nonFullTGDs	8265		fullTGDs	98889			newNonFullTGDs	40178		newFullTGDs	2873
nonFullTGDs	8279		fullTGDs	98889			newNonFullTGDs	40171		newFullTGDs	2878
nonFullTGDs	8295		fullTGDs	98889			newNonFullTGDs	40163		newFullTGDs	2884
nonFullTGDs	8311		fullTGDs	98889			newNonFullTGDs	40155		newFullTGDs	2888
nonFullTGDs	8325		fullTGDs	98889			newNonFullTGDs	40148		newFullTGDs	2891
nonFullTGDs	8341		fullTGDs	98889			newNonFullTGDs	40140		newFullTGDs	2898
nonFullTGDs	8353		fullTGDs	98889			newNonFullTGDs	40134		newFullTGDs	2902
nonFullTGDs	8367		fullTGDs	98889			newNonFullTGDs	40127		newFullTGDs	2905
nonFullTGDs	8383		fullTGDs	98889			newNonFullTGDs	40119		newFullTGDs	2910
nonFullTGDs	8397		fullTGDs	98889			newNonFullTGDs	40112		newFullTGDs	2916
nonFullTGDs	8413		fullTGDs	98889			newNonFullTGDs	40104		newFullTGDs	2921
nonFullTGDs	8427		fullTGDs	98889			newNonFullTGDs	40097		newFullTGDs	2925
nonFullTGDs	8443		fullTGDs	98889			newNonFullTGDs	40088		newFullTGDs	2928
nonFullTGDs	8457		fullTGDs	98889			newNonFullTGDs	40081		newFullTGDs	2934
nonFullTGDs	8473		fullTGDs	98889			newNonFullTGDs	40072		newFullTGDs	2938
nonFullTGDs	8487		fullTGDs	98889			newNonFullTGDs	40065		newFullTGDs	2943
nonFullTGDs	8501		fullTGDs	98889			newNonFullTGDs	40058		newFullTGDs	2950
nonFullTGDs	8515		fullTGDs	98889			newNonFullTGDs	40051		newFullTGDs	2952
nonFullTGDs	8529		fullTGDs	98889			newNonFullTGDs	40044		newFullTGDs	2958
nonFullTGDs	8543		fullTGDs	98889			newNonFullTGDs	40035		newFullTGDs	2961
nonFullTGDs	8559		fullTGDs	98889			newNonFullTGDs	40026		newFullTGDs	2962
nonFullTGDs	8573		fullTGDs	98889			newNonFullTGDs	40019		newFullTGDs	2968
nonFullTGDs	8587		fullTGDs	98889			newNonFullTGDs	40012		newFullTGDs	2974
nonFullTGDs	8601		fullTGDs	98889			newNonFullTGDs	40005		newFullTGDs	2980
nonFullTGDs	8617		fullTGDs	98889			newNonFullTGDs	39997		newFullTGDs	2984
nonFullTGDs	8631		fullTGDs	98889			newNonFullTGDs	39990		newFullTGDs	2988
nonFullTGDs	8647		fullTGDs	98889			newNonFullTGDs	39982		newFullTGDs	2994
nonFullTGDs	8662		fullTGDs	98889			newNonFullTGDs	39975		newFullTGDs	2999
nonFullTGDs	8677		fullTGDs	98889			newNonFullTGDs	39967		newFullTGDs	3005
nonFullTGDs	8693		fullTGDs	98889			newNonFullTGDs	39959		newFullTGDs	3010
Nov 16, 2021 12:33:59 AM uk.ac.ox.cs.gsat.SaturationStatistics log
INFO: # initial TGDs: 98889 , 44414
Nov 16, 2021 12:33:59 AM uk.ac.ox.cs.gsat.SaturationStatistics log
INFO: GSat total time : 600070 ms = 600.07 s
Nov 16, 2021 12:33:59 AM uk.ac.ox.cs.gsat.SaturationStatistics log
INFO: Subsumed elements : 60231
Nov 16, 2021 12:33:59 AM uk.ac.ox.cs.gsat.SaturationStatistics log
INFO: Filter discarded elements : 2527328952
Nov 16, 2021 12:33:59 AM uk.ac.ox.cs.gsat.SaturationStatistics log
INFO: subsumption time: 510972 ms = 510.97 s
Nov 16, 2021 12:33:59 AM uk.ac.ox.cs.gsat.SaturationStatistics log
INFO: forward subsumption time: 185517 ms = 185.52 s
Nov 16, 2021 12:33:59 AM uk.ac.ox.cs.gsat.SaturationStatistics log
INFO: backward subsumption time: 325455 ms = 325.45 s
Nov 16, 2021 12:33:59 AM uk.ac.ox.cs.gsat.SaturationStatistics log
INFO: Derived full/non full TGDs: 8719 , 58768
Nov 16, 2021 12:33:59 AM uk.ac.ox.cs.gsat.SaturationStatistics log
INFO: discarded tautology count: 0
Nov 16, 2021 12:33:59 AM uk.ac.ox.cs.gsat.SaturationStatistics log
INFO: !!! TIME OUT !!!
Nov 16, 2021 12:33:59 AM uk.ac.ox.cs.gsat.EvolveStatistics log
INFO: Stop because subsumed: 50049
Nov 16, 2021 12:33:59 AM uk.ac.ox.cs.gsat.EvolveStatistics log
INFO: evolved equals to current: 249479
Nov 16, 2021 12:33:59 AM uk.ac.ox.cs.gsat.EvolveStatistics log
INFO: evolved time: 65652 ms = 65.65 s
Nov 16, 2021 12:33:59 AM uk.ac.ox.cs.gsat.EvolveStatistics log
INFO: evolve count: 409423
Nov 16, 2021 12:33:59 AM uk.ac.ox.cs.gsat.AbstractSaturation run
INFO: ouptput full TGDs not contained in the input: 3013
Nov 16, 2021 12:33:59 AM uk.ac.ox.cs.gsat.App executeAllSteps
INFO: Rewriting completed!
Full TGD saturation: (101902 dependecies)
Nov 16, 2021 12:33:59 AM uk.ac.ox.cs.gsat.App executeAllSteps
INFO: Writing the saturation in the Datalog file 00470.rul
