Starting Saturation...
Executing from DLGP files
SLF4J: Failed to load class "org.slf4j.impl.StaticLoggerBinder".
SLF4J: Defaulting to no-operation (NOP) logger implementation
SLF4J: See http://www.slf4j.org/codes.html#StaticLoggerBinder for further details.
# Rules: 1333; # Atoms: 0; # AtomSets: 0; # Queries: 0; # Constraints: 0
Full TGD saturation algorithm: GSat
Running GSat...
Nov 16, 2021 4:40:19 AM uk.ac.ox.cs.gsat.AbstractSaturation run
INFO: GSat discarded rules : 0/1333 = 0.000%
GSat discarded rules : 0/1333 = 0.000%
Nov 16, 2021 4:40:20 AM uk.ac.ox.cs.gsat.AbstractSaturation run
INFO: Subsumption method : tree_predicate
length of the formulas: 7.104276
number of bags: 1
length of the formulas: 7.104276
number of bags: 1
nonFullTGDs	0		fullTGDs	714			newNonFullTGDs	619		newFullTGDs	0
nonFullTGDs	44		fullTGDs	714			newNonFullTGDs	575		newFullTGDs	0
nonFullTGDs	89		fullTGDs	714			newNonFullTGDs	530		newFullTGDs	0
nonFullTGDs	130		fullTGDs	714			newNonFullTGDs	489		newFullTGDs	0
nonFullTGDs	168		fullTGDs	714			newNonFullTGDs	451		newFullTGDs	0
nonFullTGDs	208		fullTGDs	714			newNonFullTGDs	411		newFullTGDs	0
nonFullTGDs	248		fullTGDs	714			newNonFullTGDs	371		newFullTGDs	0
nonFullTGDs	287		fullTGDs	714			newNonFullTGDs	332		newFullTGDs	0
nonFullTGDs	325		fullTGDs	714			newNonFullTGDs	294		newFullTGDs	0
nonFullTGDs	373		fullTGDs	714			newNonFullTGDs	246		newFullTGDs	0
nonFullTGDs	414		fullTGDs	714			newNonFullTGDs	205		newFullTGDs	0
nonFullTGDs	456		fullTGDs	714			newNonFullTGDs	163		newFullTGDs	0
nonFullTGDs	497		fullTGDs	714			newNonFullTGDs	122		newFullTGDs	0
nonFullTGDs	533		fullTGDs	714			newNonFullTGDs	86		newFullTGDs	0
nonFullTGDs	570		fullTGDs	714			newNonFullTGDs	49		newFullTGDs	0
nonFullTGDs	599		fullTGDs	714			newNonFullTGDs	20		newFullTGDs	0
Nov 16, 2021 4:40:20 AM uk.ac.ox.cs.gsat.SaturationStatistics log
INFO: # initial TGDs: 714 , 619
Nov 16, 2021 4:40:20 AM uk.ac.ox.cs.gsat.SaturationStatistics log
INFO: GSat total time : 809 ms = 0.81 s
Nov 16, 2021 4:40:20 AM uk.ac.ox.cs.gsat.SaturationStatistics log
INFO: Subsumed elements : 948
Nov 16, 2021 4:40:20 AM uk.ac.ox.cs.gsat.SaturationStatistics log
INFO: Filter discarded elements : 1172676
Nov 16, 2021 4:40:20 AM uk.ac.ox.cs.gsat.SaturationStatistics log
INFO: subsumption time: 168 ms = 0.17 s
Nov 16, 2021 4:40:20 AM uk.ac.ox.cs.gsat.SaturationStatistics log
INFO: forward subsumption time: 89 ms = 0.09 s
Nov 16, 2021 4:40:20 AM uk.ac.ox.cs.gsat.SaturationStatistics log
INFO: backward subsumption time: 79 ms = 0.08 s
Nov 16, 2021 4:40:20 AM uk.ac.ox.cs.gsat.SaturationStatistics log
INFO: Derived full/non full TGDs: 0 , 948
Nov 16, 2021 4:40:20 AM uk.ac.ox.cs.gsat.SaturationStatistics log
INFO: discarded tautology count: 0
Nov 16, 2021 4:40:20 AM uk.ac.ox.cs.gsat.EvolveStatistics log
INFO: Stop because subsumed: 948
Nov 16, 2021 4:40:20 AM uk.ac.ox.cs.gsat.EvolveStatistics log
INFO: evolved equals to current: 1362
Nov 16, 2021 4:40:20 AM uk.ac.ox.cs.gsat.EvolveStatistics log
INFO: evolved time: 346 ms = 0.35 s
Nov 16, 2021 4:40:20 AM uk.ac.ox.cs.gsat.EvolveStatistics log
INFO: evolve count: 2715
Nov 16, 2021 4:40:20 AM uk.ac.ox.cs.gsat.AbstractSaturation run
INFO: ouptput full TGDs not contained in the input: 0
Nov 16, 2021 4:40:20 AM uk.ac.ox.cs.gsat.App executeAllSteps
INFO: Rewriting completed!
Full TGD saturation: (714 dependecies)
Nov 16, 2021 4:40:20 AM uk.ac.ox.cs.gsat.App executeAllSteps
INFO: Writing the saturation in the Datalog file 00578.rul
