Starting Saturation...
Executing from DLGP files
SLF4J: Failed to load class "org.slf4j.impl.StaticLoggerBinder".
SLF4J: Defaulting to no-operation (NOP) logger implementation
SLF4J: See http://www.slf4j.org/codes.html#StaticLoggerBinder for further details.
# Rules: 8410; # Atoms: 0; # AtomSets: 0; # Queries: 0; # Constraints: 0
Full TGD saturation algorithm: GSat
Running GSat...
Nov 16, 2021 5:25:58 AM uk.ac.ox.cs.gsat.AbstractSaturation run
INFO: GSat discarded rules : 0/8410 = 0.000%
GSat discarded rules : 0/8410 = 0.000%
Nov 16, 2021 5:25:58 AM uk.ac.ox.cs.gsat.AbstractSaturation run
INFO: Subsumption method : tree_predicate
length of the formulas: 6.8838286
number of bags: 2
length of the formulas: 6.8838286
number of bags: 2
nonFullTGDs	0		fullTGDs	4880			newNonFullTGDs	3530		newFullTGDs	0
nonFullTGDs	51		fullTGDs	4880			newNonFullTGDs	3479		newFullTGDs	0
nonFullTGDs	103		fullTGDs	4880			newNonFullTGDs	3427		newFullTGDs	0
nonFullTGDs	161		fullTGDs	4880			newNonFullTGDs	3369		newFullTGDs	0
nonFullTGDs	201		fullTGDs	4880			newNonFullTGDs	3329		newFullTGDs	0
nonFullTGDs	261		fullTGDs	4880			newNonFullTGDs	3269		newFullTGDs	0
nonFullTGDs	319		fullTGDs	4880			newNonFullTGDs	3211		newFullTGDs	0
nonFullTGDs	399		fullTGDs	4880			newNonFullTGDs	3131		newFullTGDs	0
nonFullTGDs	459		fullTGDs	4880			newNonFullTGDs	3071		newFullTGDs	0
nonFullTGDs	507		fullTGDs	4880			newNonFullTGDs	3023		newFullTGDs	0
nonFullTGDs	575		fullTGDs	4880			newNonFullTGDs	2955		newFullTGDs	0
nonFullTGDs	622		fullTGDs	4880			newNonFullTGDs	2908		newFullTGDs	0
nonFullTGDs	686		fullTGDs	4880			newNonFullTGDs	2844		newFullTGDs	0
nonFullTGDs	745		fullTGDs	4880			newNonFullTGDs	2785		newFullTGDs	0
nonFullTGDs	814		fullTGDs	4880			newNonFullTGDs	2716		newFullTGDs	0
nonFullTGDs	870		fullTGDs	4880			newNonFullTGDs	2660		newFullTGDs	0
nonFullTGDs	931		fullTGDs	4880			newNonFullTGDs	2599		newFullTGDs	0
nonFullTGDs	1002		fullTGDs	4880			newNonFullTGDs	2528		newFullTGDs	0
nonFullTGDs	1042		fullTGDs	4880			newNonFullTGDs	2488		newFullTGDs	0
nonFullTGDs	1081		fullTGDs	4880			newNonFullTGDs	2449		newFullTGDs	0
nonFullTGDs	1110		fullTGDs	4880			newNonFullTGDs	2420		newFullTGDs	0
nonFullTGDs	1174		fullTGDs	4880			newNonFullTGDs	2356		newFullTGDs	0
nonFullTGDs	1219		fullTGDs	4880			newNonFullTGDs	2311		newFullTGDs	0
nonFullTGDs	1262		fullTGDs	4880			newNonFullTGDs	2268		newFullTGDs	0
nonFullTGDs	1320		fullTGDs	4880			newNonFullTGDs	2210		newFullTGDs	0
nonFullTGDs	1355		fullTGDs	4880			newNonFullTGDs	2175		newFullTGDs	0
nonFullTGDs	1390		fullTGDs	4880			newNonFullTGDs	2140		newFullTGDs	0
nonFullTGDs	1451		fullTGDs	4880			newNonFullTGDs	2079		newFullTGDs	0
nonFullTGDs	1484		fullTGDs	4880			newNonFullTGDs	2046		newFullTGDs	0
nonFullTGDs	1533		fullTGDs	4880			newNonFullTGDs	1997		newFullTGDs	0
nonFullTGDs	1586		fullTGDs	4880			newNonFullTGDs	1944		newFullTGDs	0
nonFullTGDs	1653		fullTGDs	4880			newNonFullTGDs	1877		newFullTGDs	0
nonFullTGDs	1689		fullTGDs	4880			newNonFullTGDs	1841		newFullTGDs	0
nonFullTGDs	1711		fullTGDs	4880			newNonFullTGDs	1819		newFullTGDs	0
nonFullTGDs	1774		fullTGDs	4880			newNonFullTGDs	1756		newFullTGDs	0
nonFullTGDs	1811		fullTGDs	4880			newNonFullTGDs	1719		newFullTGDs	0
nonFullTGDs	1858		fullTGDs	4880			newNonFullTGDs	1672		newFullTGDs	0
nonFullTGDs	1922		fullTGDs	4880			newNonFullTGDs	1608		newFullTGDs	0
nonFullTGDs	1966		fullTGDs	4880			newNonFullTGDs	1564		newFullTGDs	0
nonFullTGDs	2014		fullTGDs	4880			newNonFullTGDs	1516		newFullTGDs	0
nonFullTGDs	2070		fullTGDs	4880			newNonFullTGDs	1460		newFullTGDs	0
nonFullTGDs	2107		fullTGDs	4880			newNonFullTGDs	1423		newFullTGDs	0
nonFullTGDs	2155		fullTGDs	4880			newNonFullTGDs	1375		newFullTGDs	0
nonFullTGDs	2210		fullTGDs	4880			newNonFullTGDs	1320		newFullTGDs	0
nonFullTGDs	2247		fullTGDs	4880			newNonFullTGDs	1283		newFullTGDs	0
nonFullTGDs	2294		fullTGDs	4880			newNonFullTGDs	1236		newFullTGDs	0
nonFullTGDs	2343		fullTGDs	4880			newNonFullTGDs	1187		newFullTGDs	0
nonFullTGDs	2376		fullTGDs	4880			newNonFullTGDs	1154		newFullTGDs	0
nonFullTGDs	2419		fullTGDs	4880			newNonFullTGDs	1111		newFullTGDs	0
nonFullTGDs	2469		fullTGDs	4880			newNonFullTGDs	1061		newFullTGDs	0
nonFullTGDs	2514		fullTGDs	4880			newNonFullTGDs	1016		newFullTGDs	0
nonFullTGDs	2564		fullTGDs	4880			newNonFullTGDs	966		newFullTGDs	0
nonFullTGDs	2600		fullTGDs	4880			newNonFullTGDs	930		newFullTGDs	0
nonFullTGDs	2644		fullTGDs	4880			newNonFullTGDs	886		newFullTGDs	0
nonFullTGDs	2701		fullTGDs	4880			newNonFullTGDs	829		newFullTGDs	0
nonFullTGDs	2751		fullTGDs	4880			newNonFullTGDs	779		newFullTGDs	0
nonFullTGDs	2791		fullTGDs	4880			newNonFullTGDs	739		newFullTGDs	0
nonFullTGDs	2857		fullTGDs	4880			newNonFullTGDs	673		newFullTGDs	0
nonFullTGDs	2907		fullTGDs	4880			newNonFullTGDs	623		newFullTGDs	0
nonFullTGDs	2961		fullTGDs	4880			newNonFullTGDs	569		newFullTGDs	0
nonFullTGDs	3006		fullTGDs	4880			newNonFullTGDs	524		newFullTGDs	0
nonFullTGDs	3054		fullTGDs	4880			newNonFullTGDs	476		newFullTGDs	0
nonFullTGDs	3107		fullTGDs	4880			newNonFullTGDs	423		newFullTGDs	0
nonFullTGDs	3156		fullTGDs	4880			newNonFullTGDs	374		newFullTGDs	0
nonFullTGDs	3202		fullTGDs	4880			newNonFullTGDs	328		newFullTGDs	0
nonFullTGDs	3249		fullTGDs	4880			newNonFullTGDs	281		newFullTGDs	0
nonFullTGDs	3310		fullTGDs	4880			newNonFullTGDs	220		newFullTGDs	0
nonFullTGDs	3366		fullTGDs	4880			newNonFullTGDs	164		newFullTGDs	0
nonFullTGDs	3403		fullTGDs	4880			newNonFullTGDs	127		newFullTGDs	0
nonFullTGDs	3454		fullTGDs	4880			newNonFullTGDs	76		newFullTGDs	0
Nov 16, 2021 5:26:02 AM uk.ac.ox.cs.gsat.SaturationStatistics log
INFO: # initial TGDs: 4880 , 3530
Nov 16, 2021 5:26:02 AM uk.ac.ox.cs.gsat.SaturationStatistics log
INFO: GSat total time : 4069 ms = 4.07 s
Nov 16, 2021 5:26:02 AM uk.ac.ox.cs.gsat.SaturationStatistics log
INFO: Subsumed elements : 3467
Nov 16, 2021 5:26:02 AM uk.ac.ox.cs.gsat.SaturationStatistics log
INFO: Filter discarded elements : 13954282
Nov 16, 2021 5:26:02 AM uk.ac.ox.cs.gsat.SaturationStatistics log
INFO: subsumption time: 1847 ms = 1.85 s
Nov 16, 2021 5:26:02 AM uk.ac.ox.cs.gsat.SaturationStatistics log
INFO: forward subsumption time: 542 ms = 0.54 s
Nov 16, 2021 5:26:02 AM uk.ac.ox.cs.gsat.SaturationStatistics log
INFO: backward subsumption time: 1305 ms = 1.31 s
Nov 16, 2021 5:26:02 AM uk.ac.ox.cs.gsat.SaturationStatistics log
INFO: Derived full/non full TGDs: 0 , 3467
Nov 16, 2021 5:26:02 AM uk.ac.ox.cs.gsat.SaturationStatistics log
INFO: discarded tautology count: 0
Nov 16, 2021 5:26:02 AM uk.ac.ox.cs.gsat.EvolveStatistics log
INFO: Stop because subsumed: 3467
Nov 16, 2021 5:26:02 AM uk.ac.ox.cs.gsat.EvolveStatistics log
INFO: evolved equals to current: 7067
Nov 16, 2021 5:26:02 AM uk.ac.ox.cs.gsat.EvolveStatistics log
INFO: evolved time: 974 ms = 0.97 s
Nov 16, 2021 5:26:02 AM uk.ac.ox.cs.gsat.EvolveStatistics log
INFO: evolve count: 12339
Nov 16, 2021 5:26:02 AM uk.ac.ox.cs.gsat.AbstractSaturation run
INFO: ouptput full TGDs not contained in the input: 0
Nov 16, 2021 5:26:02 AM uk.ac.ox.cs.gsat.App executeAllSteps
INFO: Rewriting completed!
Full TGD saturation: (4880 dependecies)
Nov 16, 2021 5:26:02 AM uk.ac.ox.cs.gsat.App executeAllSteps
INFO: Writing the saturation in the Datalog file 00669.rul
