Starting Saturation...
Executing from DLGP files
SLF4J: Failed to load class "org.slf4j.impl.StaticLoggerBinder".
SLF4J: Defaulting to no-operation (NOP) logger implementation
SLF4J: See http://www.slf4j.org/codes.html#StaticLoggerBinder for further details.
# Rules: 474; # Atoms: 0; # AtomSets: 0; # Queries: 0; # Constraints: 0
Full TGD saturation algorithm: GSat
Running GSat...
Nov 16, 2021 8:20:01 AM uk.ac.ox.cs.gsat.AbstractSaturation run
INFO: GSat discarded rules : 0/474 = 0.000%
GSat discarded rules : 0/474 = 0.000%
Nov 16, 2021 8:20:01 AM uk.ac.ox.cs.gsat.AbstractSaturation run
INFO: Subsumption method : tree_predicate
length of the formulas: 9.478903
number of bags: 1
length of the formulas: 9.478903
number of bags: 1
nonFullTGDs	0		fullTGDs	249			newNonFullTGDs	225		newFullTGDs	0
nonFullTGDs	92		fullTGDs	249			newNonFullTGDs	993		newFullTGDs	1
nonFullTGDs	192		fullTGDs	249			newNonFullTGDs	989		newFullTGDs	1
nonFullTGDs	292		fullTGDs	249			newNonFullTGDs	994		newFullTGDs	1
nonFullTGDs	392		fullTGDs	249			newNonFullTGDs	984		newFullTGDs	1
nonFullTGDs	492		fullTGDs	249			newNonFullTGDs	981		newFullTGDs	1
nonFullTGDs	592		fullTGDs	249			newNonFullTGDs	986		newFullTGDs	1
nonFullTGDs	692		fullTGDs	249			newNonFullTGDs	985		newFullTGDs	1
nonFullTGDs	792		fullTGDs	249			newNonFullTGDs	970		newFullTGDs	1
nonFullTGDs	892		fullTGDs	249			newNonFullTGDs	974		newFullTGDs	1
nonFullTGDs	992		fullTGDs	249			newNonFullTGDs	969		newFullTGDs	1
nonFullTGDs	1092		fullTGDs	249			newNonFullTGDs	989		newFullTGDs	1
nonFullTGDs	1192		fullTGDs	249			newNonFullTGDs	986		newFullTGDs	1
nonFullTGDs	1292		fullTGDs	249			newNonFullTGDs	973		newFullTGDs	1
nonFullTGDs	1392		fullTGDs	249			newNonFullTGDs	975		newFullTGDs	1
nonFullTGDs	1492		fullTGDs	249			newNonFullTGDs	970		newFullTGDs	1
nonFullTGDs	1592		fullTGDs	249			newNonFullTGDs	980		newFullTGDs	1
nonFullTGDs	1692		fullTGDs	249			newNonFullTGDs	966		newFullTGDs	1
nonFullTGDs	1792		fullTGDs	249			newNonFullTGDs	965		newFullTGDs	1
nonFullTGDs	1892		fullTGDs	249			newNonFullTGDs	972		newFullTGDs	1
nonFullTGDs	1992		fullTGDs	249			newNonFullTGDs	962		newFullTGDs	1
nonFullTGDs	2092		fullTGDs	249			newNonFullTGDs	990		newFullTGDs	1
nonFullTGDs	2192		fullTGDs	249			newNonFullTGDs	977		newFullTGDs	1
nonFullTGDs	2292		fullTGDs	249			newNonFullTGDs	977		newFullTGDs	1
nonFullTGDs	2392		fullTGDs	249			newNonFullTGDs	974		newFullTGDs	1
nonFullTGDs	2492		fullTGDs	249			newNonFullTGDs	971		newFullTGDs	1
nonFullTGDs	2592		fullTGDs	249			newNonFullTGDs	970		newFullTGDs	1
nonFullTGDs	2692		fullTGDs	249			newNonFullTGDs	974		newFullTGDs	1
nonFullTGDs	2792		fullTGDs	249			newNonFullTGDs	969		newFullTGDs	1
nonFullTGDs	2892		fullTGDs	249			newNonFullTGDs	968		newFullTGDs	1
nonFullTGDs	2992		fullTGDs	249			newNonFullTGDs	963		newFullTGDs	1
nonFullTGDs	3092		fullTGDs	249			newNonFullTGDs	953		newFullTGDs	1
nonFullTGDs	3192		fullTGDs	249			newNonFullTGDs	971		newFullTGDs	1
nonFullTGDs	3292		fullTGDs	249			newNonFullTGDs	963		newFullTGDs	1
nonFullTGDs	3392		fullTGDs	249			newNonFullTGDs	965		newFullTGDs	1
nonFullTGDs	3492		fullTGDs	249			newNonFullTGDs	969		newFullTGDs	1
nonFullTGDs	3592		fullTGDs	249			newNonFullTGDs	955		newFullTGDs	1
nonFullTGDs	3692		fullTGDs	249			newNonFullTGDs	965		newFullTGDs	1
nonFullTGDs	3792		fullTGDs	249			newNonFullTGDs	958		newFullTGDs	1
nonFullTGDs	3892		fullTGDs	249			newNonFullTGDs	962		newFullTGDs	1
nonFullTGDs	3992		fullTGDs	249			newNonFullTGDs	949		newFullTGDs	1
nonFullTGDs	4092		fullTGDs	249			newNonFullTGDs	944		newFullTGDs	1
nonFullTGDs	4192		fullTGDs	249			newNonFullTGDs	978		newFullTGDs	1
nonFullTGDs	4292		fullTGDs	249			newNonFullTGDs	981		newFullTGDs	1
nonFullTGDs	4392		fullTGDs	249			newNonFullTGDs	983		newFullTGDs	1
nonFullTGDs	4492		fullTGDs	249			newNonFullTGDs	970		newFullTGDs	1
nonFullTGDs	4592		fullTGDs	249			newNonFullTGDs	965		newFullTGDs	1
nonFullTGDs	4692		fullTGDs	249			newNonFullTGDs	975		newFullTGDs	1
nonFullTGDs	4792		fullTGDs	249			newNonFullTGDs	970		newFullTGDs	1
nonFullTGDs	4892		fullTGDs	249			newNonFullTGDs	957		newFullTGDs	1
nonFullTGDs	4992		fullTGDs	249			newNonFullTGDs	962		newFullTGDs	1
nonFullTGDs	5092		fullTGDs	249			newNonFullTGDs	962		newFullTGDs	1
Nov 16, 2021 8:30:01 AM uk.ac.ox.cs.gsat.SaturationStatistics log
INFO: # initial TGDs: 249 , 225
Nov 16, 2021 8:30:01 AM uk.ac.ox.cs.gsat.SaturationStatistics log
INFO: GSat total time : 600046 ms = 600.05 s
Nov 16, 2021 8:30:01 AM uk.ac.ox.cs.gsat.SaturationStatistics log
INFO: Subsumed elements : 30485
Nov 16, 2021 8:30:01 AM uk.ac.ox.cs.gsat.SaturationStatistics log
INFO: Filter discarded elements : 92647045
Nov 16, 2021 8:30:01 AM uk.ac.ox.cs.gsat.SaturationStatistics log
INFO: subsumption time: 15322 ms = 15.32 s
Nov 16, 2021 8:30:01 AM uk.ac.ox.cs.gsat.SaturationStatistics log
INFO: forward subsumption time: 13240 ms = 13.24 s
Nov 16, 2021 8:30:01 AM uk.ac.ox.cs.gsat.SaturationStatistics log
INFO: backward subsumption time: 2082 ms = 2.08 s
Nov 16, 2021 8:30:01 AM uk.ac.ox.cs.gsat.SaturationStatistics log
INFO: Derived full/non full TGDs: 1 , 36330
Nov 16, 2021 8:30:01 AM uk.ac.ox.cs.gsat.SaturationStatistics log
INFO: discarded tautology count: 0
Nov 16, 2021 8:30:01 AM uk.ac.ox.cs.gsat.SaturationStatistics log
INFO: !!! TIME OUT !!!
Nov 16, 2021 8:30:01 AM uk.ac.ox.cs.gsat.EvolveStatistics log
INFO: Stop because subsumed: 8
Nov 16, 2021 8:30:01 AM uk.ac.ox.cs.gsat.EvolveStatistics log
INFO: evolved equals to current: 224676
Nov 16, 2021 8:30:01 AM uk.ac.ox.cs.gsat.EvolveStatistics log
INFO: evolved time: 556427 ms = 556.43 s
Nov 16, 2021 8:30:01 AM uk.ac.ox.cs.gsat.EvolveStatistics log
INFO: evolve count: 583729
Nov 16, 2021 8:30:01 AM uk.ac.ox.cs.gsat.AbstractSaturation run
INFO: ouptput full TGDs not contained in the input: 1
Nov 16, 2021 8:30:01 AM uk.ac.ox.cs.gsat.App executeAllSteps
INFO: Rewriting completed!
Full TGD saturation: (250 dependecies)
Nov 16, 2021 8:30:01 AM uk.ac.ox.cs.gsat.App executeAllSteps
INFO: Writing the saturation in the Datalog file 00723.rul
