Starting Saturation...
Executing from OWL files with structural transformation
Initial axioms in the ontology: 1188
Full TGD saturation algorithm: hyperresolution Sat
Running HyperSat...
Nov 26, 2021 5:44:05 PM uk.ac.ox.cs.gsat.AbstractSaturation run
INFO: HyperSat discarded rules : 0/1432 = 0.000%
HyperSat discarded rules : 0/1432 = 0.000%
Nov 26, 2021 5:44:05 PM uk.ac.ox.cs.gsat.AbstractSaturation run
INFO: Subsumption method : tree_predicate
length of the formulas: 2.0272536
number of bags: 9
length of the formulas: 2.0272536
number of bags: 9
Nov 26, 2021 5:44:05 PM uk.ac.ox.cs.gsat.SaturationStatistics log
INFO: # initial TGDs: 1300 , 131
Nov 26, 2021 5:44:05 PM uk.ac.ox.cs.gsat.SaturationStatistics log
INFO: HyperSat total time : 413 ms = 0.41 s
Nov 26, 2021 5:44:05 PM uk.ac.ox.cs.gsat.SaturationStatistics log
INFO: Subsumed elements : 1660
Nov 26, 2021 5:44:05 PM uk.ac.ox.cs.gsat.SaturationStatistics log
INFO: Filter discarded elements : 12540
Nov 26, 2021 5:44:05 PM uk.ac.ox.cs.gsat.SaturationStatistics log
INFO: subsumption time: 45 ms = 0.04 s
Nov 26, 2021 5:44:05 PM uk.ac.ox.cs.gsat.SaturationStatistics log
INFO: forward subsumption time: 27 ms = 0.03 s
Nov 26, 2021 5:44:05 PM uk.ac.ox.cs.gsat.SaturationStatistics log
INFO: backward subsumption time: 18 ms = 0.02 s
Nov 26, 2021 5:44:05 PM uk.ac.ox.cs.gsat.SaturationStatistics log
INFO: Derived full/non full TGDs: 403 , 2598
Nov 26, 2021 5:44:05 PM uk.ac.ox.cs.gsat.SaturationStatistics log
INFO: discarded tautology count: 32
Nov 26, 2021 5:44:05 PM uk.ac.ox.cs.gsat.HyperResolutionStatistics log
INFO: hyperresolution time: 190 ms = 0.19 s
Nov 26, 2021 5:44:05 PM uk.ac.ox.cs.gsat.HyperResolutionStatistics log
INFO: hyperresolution count: 4896
Nov 26, 2021 5:44:05 PM uk.ac.ox.cs.gsat.HyperResolutionStatistics log
INFO: hyperresolution failure count: 1839
Nov 26, 2021 5:44:05 PM uk.ac.ox.cs.gsat.AbstractSaturation run
INFO: ouptput full TGDs not contained in the input: 101
Nov 26, 2021 5:44:05 PM uk.ac.ox.cs.gsat.App executeAllSteps
INFO: Rewriting completed!
Full TGD saturation: (1401 dependecies)
Nov 26, 2021 5:44:05 PM uk.ac.ox.cs.gsat.App executeAllSteps
INFO: Writing the saturation in the Datalog file 00013.rul
