Starting Saturation...
Executing from OWL files with structural transformation
Initial axioms in the ontology: 123
Full TGD saturation algorithm: hyperresolution Sat
Running HyperSat...
Nov 26, 2021 8:47:06 PM uk.ac.ox.cs.gsat.AbstractSaturation run
INFO: HyperSat discarded rules : 0/143 = 0.000%
HyperSat discarded rules : 0/143 = 0.000%
Nov 26, 2021 8:47:06 PM uk.ac.ox.cs.gsat.AbstractSaturation run
INFO: Subsumption method : tree_predicate
length of the formulas: 2.2056737
number of bags: 2
length of the formulas: 2.2056737
number of bags: 2
Nov 26, 2021 8:47:06 PM uk.ac.ox.cs.gsat.SaturationStatistics log
INFO: # initial TGDs: 131 , 10
Nov 26, 2021 8:47:06 PM uk.ac.ox.cs.gsat.SaturationStatistics log
INFO: HyperSat total time : 51 ms = 0.05 s
Nov 26, 2021 8:47:06 PM uk.ac.ox.cs.gsat.SaturationStatistics log
INFO: Subsumed elements : 18
Nov 26, 2021 8:47:06 PM uk.ac.ox.cs.gsat.SaturationStatistics log
INFO: Filter discarded elements : 222
Nov 26, 2021 8:47:06 PM uk.ac.ox.cs.gsat.SaturationStatistics log
INFO: subsumption time: 3 ms = 0.00 s
Nov 26, 2021 8:47:06 PM uk.ac.ox.cs.gsat.SaturationStatistics log
INFO: forward subsumption time: 2 ms = 0.00 s
Nov 26, 2021 8:47:06 PM uk.ac.ox.cs.gsat.SaturationStatistics log
INFO: backward subsumption time: 1 ms = 0.00 s
Nov 26, 2021 8:47:06 PM uk.ac.ox.cs.gsat.SaturationStatistics log
INFO: Derived full/non full TGDs: 10 , 31
Nov 26, 2021 8:47:06 PM uk.ac.ox.cs.gsat.SaturationStatistics log
INFO: discarded tautology count: 3
Nov 26, 2021 8:47:06 PM uk.ac.ox.cs.gsat.HyperResolutionStatistics log
INFO: hyperresolution time: 6 ms = 0.01 s
Nov 26, 2021 8:47:06 PM uk.ac.ox.cs.gsat.HyperResolutionStatistics log
INFO: hyperresolution count: 66
Nov 26, 2021 8:47:06 PM uk.ac.ox.cs.gsat.HyperResolutionStatistics log
INFO: hyperresolution failure count: 24
Nov 26, 2021 8:47:06 PM uk.ac.ox.cs.gsat.AbstractSaturation run
INFO: ouptput full TGDs not contained in the input: 1
Nov 26, 2021 8:47:06 PM uk.ac.ox.cs.gsat.App executeAllSteps
INFO: Rewriting completed!
Full TGD saturation: (132 dependecies)
Nov 26, 2021 8:47:06 PM uk.ac.ox.cs.gsat.App executeAllSteps
INFO: Writing the saturation in the Datalog file 00112.rul
