Starting Saturation...
Executing from OWL files with structural transformation
Initial axioms in the ontology: 2922
Full TGD saturation algorithm: hyperresolution Sat
Running HyperSat...
Nov 26, 2021 10:15:53 PM uk.ac.ox.cs.gsat.AbstractSaturation run
INFO: HyperSat discarded rules : 0/5815 = 0.000%
HyperSat discarded rules : 0/5815 = 0.000%
Nov 26, 2021 10:15:54 PM uk.ac.ox.cs.gsat.AbstractSaturation run
INFO: Subsumption method : tree_predicate
length of the formulas: 2.455202
number of bags: 11
length of the formulas: 2.455202
number of bags: 11
Nov 26, 2021 10:15:59 PM uk.ac.ox.cs.gsat.SaturationStatistics log
INFO: # initial TGDs: 3353 , 2462
Nov 26, 2021 10:15:59 PM uk.ac.ox.cs.gsat.SaturationStatistics log
INFO: HyperSat total time : 5457 ms = 5.46 s
Nov 26, 2021 10:15:59 PM uk.ac.ox.cs.gsat.SaturationStatistics log
INFO: Subsumed elements : 0
Nov 26, 2021 10:15:59 PM uk.ac.ox.cs.gsat.SaturationStatistics log
INFO: Filter discarded elements : 6209
Nov 26, 2021 10:15:59 PM uk.ac.ox.cs.gsat.SaturationStatistics log
INFO: subsumption time: 12 ms = 0.01 s
Nov 26, 2021 10:15:59 PM uk.ac.ox.cs.gsat.SaturationStatistics log
INFO: forward subsumption time: 5 ms = 0.00 s
Nov 26, 2021 10:15:59 PM uk.ac.ox.cs.gsat.SaturationStatistics log
INFO: backward subsumption time: 7 ms = 0.01 s
Nov 26, 2021 10:15:59 PM uk.ac.ox.cs.gsat.SaturationStatistics log
INFO: Derived full/non full TGDs: 1204 , 1
Nov 26, 2021 10:15:59 PM uk.ac.ox.cs.gsat.SaturationStatistics log
INFO: discarded tautology count: 1110
Nov 26, 2021 10:15:59 PM uk.ac.ox.cs.gsat.HyperResolutionStatistics log
INFO: hyperresolution time: 4661 ms = 4.66 s
Nov 26, 2021 10:15:59 PM uk.ac.ox.cs.gsat.HyperResolutionStatistics log
INFO: hyperresolution count: 371913
Nov 26, 2021 10:15:59 PM uk.ac.ox.cs.gsat.HyperResolutionStatistics log
INFO: hyperresolution failure count: 370614
Nov 26, 2021 10:15:59 PM uk.ac.ox.cs.gsat.AbstractSaturation run
INFO: ouptput full TGDs not contained in the input: 94
Nov 26, 2021 10:15:59 PM uk.ac.ox.cs.gsat.App executeAllSteps
INFO: Rewriting completed!
Full TGD saturation: (3447 dependecies)
Nov 26, 2021 10:15:59 PM uk.ac.ox.cs.gsat.App executeAllSteps
INFO: Writing the saturation in the Datalog file 00397.rul
