Starting Saturation...
Executing from OWL files with structural transformation
Initial axioms in the ontology: 3800
Full TGD saturation algorithm: hyperresolution Sat
Running HyperSat...
Nov 26, 2021 11:33:44 PM uk.ac.ox.cs.gsat.AbstractSaturation run
INFO: HyperSat discarded rules : 0/4499 = 0.000%
HyperSat discarded rules : 0/4499 = 0.000%
Nov 26, 2021 11:33:44 PM uk.ac.ox.cs.gsat.AbstractSaturation run
INFO: Subsumption method : tree_predicate
length of the formulas: 2.0006669
number of bags: 17
length of the formulas: 2.0006669
number of bags: 17
Nov 26, 2021 11:33:45 PM uk.ac.ox.cs.gsat.SaturationStatistics log
INFO: # initial TGDs: 3657 , 842
Nov 26, 2021 11:33:45 PM uk.ac.ox.cs.gsat.SaturationStatistics log
INFO: HyperSat total time : 575 ms = 0.58 s
Nov 26, 2021 11:33:45 PM uk.ac.ox.cs.gsat.SaturationStatistics log
INFO: Subsumed elements : 78
Nov 26, 2021 11:33:45 PM uk.ac.ox.cs.gsat.SaturationStatistics log
INFO: Filter discarded elements : 5312
Nov 26, 2021 11:33:45 PM uk.ac.ox.cs.gsat.SaturationStatistics log
INFO: subsumption time: 69 ms = 0.07 s
Nov 26, 2021 11:33:45 PM uk.ac.ox.cs.gsat.SaturationStatistics log
INFO: forward subsumption time: 51 ms = 0.05 s
Nov 26, 2021 11:33:45 PM uk.ac.ox.cs.gsat.SaturationStatistics log
INFO: backward subsumption time: 18 ms = 0.02 s
Nov 26, 2021 11:33:45 PM uk.ac.ox.cs.gsat.SaturationStatistics log
INFO: Derived full/non full TGDs: 1 , 3290
Nov 26, 2021 11:33:45 PM uk.ac.ox.cs.gsat.SaturationStatistics log
INFO: discarded tautology count: 0
Nov 26, 2021 11:33:45 PM uk.ac.ox.cs.gsat.HyperResolutionStatistics log
INFO: hyperresolution time: 191 ms = 0.19 s
Nov 26, 2021 11:33:45 PM uk.ac.ox.cs.gsat.HyperResolutionStatistics log
INFO: hyperresolution count: 3598
Nov 26, 2021 11:33:45 PM uk.ac.ox.cs.gsat.HyperResolutionStatistics log
INFO: hyperresolution failure count: 306
Nov 26, 2021 11:33:45 PM uk.ac.ox.cs.gsat.AbstractSaturation run
INFO: ouptput full TGDs not contained in the input: 1
Nov 26, 2021 11:33:45 PM uk.ac.ox.cs.gsat.App executeAllSteps
INFO: Rewriting completed!
Full TGD saturation: (3658 dependecies)
Nov 26, 2021 11:33:45 PM uk.ac.ox.cs.gsat.App executeAllSteps
INFO: Writing the saturation in the Datalog file 00502.rul
