Starting Saturation...
Executing from OWL files with structural transformation
Initial axioms in the ontology: 907
Full TGD saturation algorithm: hyperresolution Sat
Running HyperSat...
Nov 27, 2021 12:16:06 AM uk.ac.ox.cs.gsat.AbstractSaturation run
INFO: HyperSat discarded rules : 0/2561 = 0.000%
HyperSat discarded rules : 0/2561 = 0.000%
Nov 27, 2021 12:16:07 AM uk.ac.ox.cs.gsat.AbstractSaturation run
INFO: Subsumption method : tree_predicate
length of the formulas: 2.0769231
number of bags: 11
length of the formulas: 2.0769231
number of bags: 11
Nov 27, 2021 12:16:10 AM uk.ac.ox.cs.gsat.SaturationStatistics log
INFO: # initial TGDs: 885 , 1676
Nov 27, 2021 12:16:10 AM uk.ac.ox.cs.gsat.SaturationStatistics log
INFO: HyperSat total time : 3000 ms = 3.00 s
Nov 27, 2021 12:16:10 AM uk.ac.ox.cs.gsat.SaturationStatistics log
INFO: Subsumed elements : 8088
Nov 27, 2021 12:16:10 AM uk.ac.ox.cs.gsat.SaturationStatistics log
INFO: Filter discarded elements : 925205
Nov 27, 2021 12:16:10 AM uk.ac.ox.cs.gsat.SaturationStatistics log
INFO: subsumption time: 660 ms = 0.66 s
Nov 27, 2021 12:16:10 AM uk.ac.ox.cs.gsat.SaturationStatistics log
INFO: forward subsumption time: 512 ms = 0.51 s
Nov 27, 2021 12:16:10 AM uk.ac.ox.cs.gsat.SaturationStatistics log
INFO: backward subsumption time: 147 ms = 0.15 s
Nov 27, 2021 12:16:10 AM uk.ac.ox.cs.gsat.SaturationStatistics log
INFO: Derived full/non full TGDs: 1195 , 44037
Nov 27, 2021 12:16:10 AM uk.ac.ox.cs.gsat.SaturationStatistics log
INFO: discarded tautology count: 131
Nov 27, 2021 12:16:10 AM uk.ac.ox.cs.gsat.HyperResolutionStatistics log
INFO: hyperresolution time: 1527 ms = 1.53 s
Nov 27, 2021 12:16:10 AM uk.ac.ox.cs.gsat.HyperResolutionStatistics log
INFO: hyperresolution count: 96507
Nov 27, 2021 12:16:10 AM uk.ac.ox.cs.gsat.HyperResolutionStatistics log
INFO: hyperresolution failure count: 50753
Nov 27, 2021 12:16:10 AM uk.ac.ox.cs.gsat.AbstractSaturation run
INFO: ouptput full TGDs not contained in the input: 687
Nov 27, 2021 12:16:10 AM uk.ac.ox.cs.gsat.App executeAllSteps
INFO: Rewriting completed!
Full TGD saturation: (1572 dependecies)
Nov 27, 2021 12:16:10 AM uk.ac.ox.cs.gsat.App executeAllSteps
INFO: Writing the saturation in the Datalog file 00719.rul
