Starting Saturation...
Executing from OWL files with structural transformation
Initial axioms in the ontology: 956
Full TGD saturation algorithm: hyperresolution Sat
Running HyperSat...
Nov 27, 2021 12:19:47 AM uk.ac.ox.cs.gsat.AbstractSaturation run
INFO: HyperSat discarded rules : 0/2608 = 0.000%
HyperSat discarded rules : 0/2608 = 0.000%
Nov 27, 2021 12:19:48 AM uk.ac.ox.cs.gsat.AbstractSaturation run
INFO: Subsumption method : tree_predicate
length of the formulas: 2.0728528
number of bags: 12
length of the formulas: 2.0728528
number of bags: 12
Nov 27, 2021 12:19:51 AM uk.ac.ox.cs.gsat.SaturationStatistics log
INFO: # initial TGDs: 968 , 1640
Nov 27, 2021 12:19:51 AM uk.ac.ox.cs.gsat.SaturationStatistics log
INFO: HyperSat total time : 3117 ms = 3.12 s
Nov 27, 2021 12:19:51 AM uk.ac.ox.cs.gsat.SaturationStatistics log
INFO: Subsumed elements : 10239
Nov 27, 2021 12:19:51 AM uk.ac.ox.cs.gsat.SaturationStatistics log
INFO: Filter discarded elements : 795506
Nov 27, 2021 12:19:51 AM uk.ac.ox.cs.gsat.SaturationStatistics log
INFO: subsumption time: 596 ms = 0.60 s
Nov 27, 2021 12:19:51 AM uk.ac.ox.cs.gsat.SaturationStatistics log
INFO: forward subsumption time: 442 ms = 0.44 s
Nov 27, 2021 12:19:51 AM uk.ac.ox.cs.gsat.SaturationStatistics log
INFO: backward subsumption time: 155 ms = 0.15 s
Nov 27, 2021 12:19:51 AM uk.ac.ox.cs.gsat.SaturationStatistics log
INFO: Derived full/non full TGDs: 1139 , 45963
Nov 27, 2021 12:19:51 AM uk.ac.ox.cs.gsat.SaturationStatistics log
INFO: discarded tautology count: 116
Nov 27, 2021 12:19:51 AM uk.ac.ox.cs.gsat.HyperResolutionStatistics log
INFO: hyperresolution time: 1627 ms = 1.63 s
Nov 27, 2021 12:19:51 AM uk.ac.ox.cs.gsat.HyperResolutionStatistics log
INFO: hyperresolution count: 99114
Nov 27, 2021 12:19:51 AM uk.ac.ox.cs.gsat.HyperResolutionStatistics log
INFO: hyperresolution failure count: 51570
Nov 27, 2021 12:19:51 AM uk.ac.ox.cs.gsat.AbstractSaturation run
INFO: ouptput full TGDs not contained in the input: 688
Nov 27, 2021 12:19:51 AM uk.ac.ox.cs.gsat.App executeAllSteps
INFO: Rewriting completed!
Full TGD saturation: (1656 dependecies)
Nov 27, 2021 12:19:51 AM uk.ac.ox.cs.gsat.App executeAllSteps
INFO: Writing the saturation in the Datalog file 00746.rul
