Starting Saturation...
Executing from OWL files with structural transformation
Initial axioms in the ontology: 58730
Full TGD saturation algorithm: hyperresolution Sat
Running HyperSat...
Nov 27, 2021 1:25:47 AM uk.ac.ox.cs.gsat.AbstractSaturation run
INFO: HyperSat discarded rules : 0/140398 = 0.000%
HyperSat discarded rules : 0/140398 = 0.000%
Nov 27, 2021 1:25:52 AM uk.ac.ox.cs.gsat.AbstractSaturation run
INFO: Subsumption method : tree_predicate
length of the formulas: 2.142603
number of bags: 70
length of the formulas: 2.142603
number of bags: 70
Nov 27, 2021 1:35:49 AM uk.ac.ox.cs.gsat.SaturationStatistics log
INFO: # initial TGDs: 84562 , 54208
Nov 27, 2021 1:35:49 AM uk.ac.ox.cs.gsat.SaturationStatistics log
INFO: HyperSat total time : 601296 ms = 601.30 s
Nov 27, 2021 1:35:49 AM uk.ac.ox.cs.gsat.SaturationStatistics log
INFO: Subsumed elements : 5330
Nov 27, 2021 1:35:49 AM uk.ac.ox.cs.gsat.SaturationStatistics log
INFO: Filter discarded elements : 268333
Nov 27, 2021 1:35:49 AM uk.ac.ox.cs.gsat.SaturationStatistics log
INFO: subsumption time: 3710 ms = 3.71 s
Nov 27, 2021 1:35:49 AM uk.ac.ox.cs.gsat.SaturationStatistics log
INFO: forward subsumption time: 2608 ms = 2.61 s
Nov 27, 2021 1:35:49 AM uk.ac.ox.cs.gsat.SaturationStatistics log
INFO: backward subsumption time: 1102 ms = 1.10 s
Nov 27, 2021 1:35:49 AM uk.ac.ox.cs.gsat.SaturationStatistics log
INFO: Derived full/non full TGDs: 7141 , 29226
Nov 27, 2021 1:35:49 AM uk.ac.ox.cs.gsat.SaturationStatistics log
INFO: discarded tautology count: 0
Nov 27, 2021 1:35:49 AM uk.ac.ox.cs.gsat.SaturationStatistics log
INFO: !!! TIME OUT !!!
Nov 27, 2021 1:35:49 AM uk.ac.ox.cs.gsat.HyperResolutionStatistics log
INFO: hyperresolution time: 561277 ms = 561.28 s
Nov 27, 2021 1:35:49 AM uk.ac.ox.cs.gsat.HyperResolutionStatistics log
INFO: hyperresolution count: 16759351
Nov 27, 2021 1:35:49 AM uk.ac.ox.cs.gsat.HyperResolutionStatistics log
INFO: hyperresolution failure count: 16719375
Nov 27, 2021 1:35:49 AM uk.ac.ox.cs.gsat.AbstractSaturation run
INFO: ouptput full TGDs not contained in the input: 7141
Nov 27, 2021 1:35:49 AM uk.ac.ox.cs.gsat.App executeAllSteps
INFO: Rewriting completed!
Full TGD saturation: (91703 dependecies)
Nov 27, 2021 1:35:49 AM uk.ac.ox.cs.gsat.App executeAllSteps
INFO: Writing the saturation in the Datalog file 00787.rul
