Starting Saturation...
Executing from DLGP files
SLF4J: Failed to load class "org.slf4j.impl.StaticLoggerBinder".
SLF4J: Defaulting to no-operation (NOP) logger implementation
SLF4J: See http://www.slf4j.org/codes.html#StaticLoggerBinder for further details.
# Rules: 194; # Atoms: 0; # AtomSets: 0; # Queries: 0; # Constraints: 0
Full TGD saturation algorithm: ordered skolemized Sat
Running OrderedSkSat...
Nov 19, 2021 10:46:44 PM uk.ac.ox.cs.gsat.AbstractSaturation run
INFO: OrderedSkSat discarded rules : 0/194 = 0.000%
OrderedSkSat discarded rules : 0/194 = 0.000%
Nov 19, 2021 10:46:45 PM uk.ac.ox.cs.gsat.AbstractSaturation run
INFO: Subsumption method : tree_predicate
length of the formulas: 2.0
number of bags: 3
length of the formulas: 2.0
number of bags: 3
nonFullTGDs	0		fullTGDs	168			newNonFullTGDs	26		newFullTGDs	0
Nov 19, 2021 10:46:45 PM uk.ac.ox.cs.gsat.SaturationStatistics log
INFO: # initial TGDs: 168 , 26
Nov 19, 2021 10:46:45 PM uk.ac.ox.cs.gsat.SaturationStatistics log
INFO: OrderedSkSat total time : 103 ms = 0.10 s
Nov 19, 2021 10:46:45 PM uk.ac.ox.cs.gsat.SaturationStatistics log
INFO: Subsumed elements : 0
Nov 19, 2021 10:46:45 PM uk.ac.ox.cs.gsat.SaturationStatistics log
INFO: Filter discarded elements : 52
Nov 19, 2021 10:46:45 PM uk.ac.ox.cs.gsat.SaturationStatistics log
INFO: subsumption time: 3 ms = 0.00 s
Nov 19, 2021 10:46:45 PM uk.ac.ox.cs.gsat.SaturationStatistics log
INFO: forward subsumption time: 2 ms = 0.00 s
Nov 19, 2021 10:46:45 PM uk.ac.ox.cs.gsat.SaturationStatistics log
INFO: backward subsumption time: 1 ms = 0.00 s
Nov 19, 2021 10:46:45 PM uk.ac.ox.cs.gsat.SaturationStatistics log
INFO: Derived full/non full TGDs: 14 , 19
Nov 19, 2021 10:46:45 PM uk.ac.ox.cs.gsat.SaturationStatistics log
INFO: discarded tautology count: 14
Nov 19, 2021 10:46:45 PM uk.ac.ox.cs.gsat.EvolveStatistics log
INFO: Stop because subsumed: 0
Nov 19, 2021 10:46:45 PM uk.ac.ox.cs.gsat.EvolveStatistics log
INFO: evolved equals to current: 0
Nov 19, 2021 10:46:45 PM uk.ac.ox.cs.gsat.EvolveStatistics log
INFO: evolved time: 4 ms = 0.00 s
Nov 19, 2021 10:46:45 PM uk.ac.ox.cs.gsat.EvolveStatistics log
INFO: evolve count: 52
Nov 19, 2021 10:46:45 PM uk.ac.ox.cs.gsat.SkolemStatistics log
INFO: maximum number of Skolem atoms in body: 0
Nov 19, 2021 10:46:45 PM uk.ac.ox.cs.gsat.SkolemStatistics log
INFO: left derived TGD with Skolem in the body: 0
Nov 19, 2021 10:46:45 PM uk.ac.ox.cs.gsat.SkolemStatistics log
INFO: right derived TGD with Skolem in the body: 0
Nov 19, 2021 10:46:45 PM uk.ac.ox.cs.gsat.SkolemStatistics log
INFO: derived TGD with more than two Skolem atoms in the body: 0
Nov 19, 2021 10:46:45 PM uk.ac.ox.cs.gsat.AbstractSaturation run
INFO: ouptput full TGDs not contained in the input: 0
Nov 19, 2021 10:46:45 PM uk.ac.ox.cs.gsat.App executeAllSteps
INFO: Rewriting completed!
Full TGD saturation: (168 dependecies)
Nov 19, 2021 10:46:45 PM uk.ac.ox.cs.gsat.App executeAllSteps
INFO: Writing the saturation in the Datalog file 00279.rul
