Starting Saturation...
Executing from DLGP files
SLF4J: Failed to load class "org.slf4j.impl.StaticLoggerBinder".
SLF4J: Defaulting to no-operation (NOP) logger implementation
SLF4J: See http://www.slf4j.org/codes.html#StaticLoggerBinder for further details.
# Rules: 306; # Atoms: 0; # AtomSets: 0; # Queries: 0; # Constraints: 0
Full TGD saturation algorithm: ordered skolemized Sat
Running OrderedSkSat...
Nov 20, 2021 5:17:22 AM uk.ac.ox.cs.gsat.AbstractSaturation run
INFO: OrderedSkSat discarded rules : 0/306 = 0.000%
OrderedSkSat discarded rules : 0/306 = 0.000%
Nov 20, 2021 5:17:23 AM uk.ac.ox.cs.gsat.AbstractSaturation run
INFO: Subsumption method : tree_predicate
length of the formulas: 2.5
number of bags: 3
length of the formulas: 2.5
number of bags: 3
nonFullTGDs	0		fullTGDs	204			newNonFullTGDs	204		newFullTGDs	0
nonFullTGDs	100		fullTGDs	204			newNonFullTGDs	104		newFullTGDs	1724
nonFullTGDs	200		fullTGDs	204			newNonFullTGDs	4		newFullTGDs	3437
nonFullTGDs	204		fullTGDs	300			newNonFullTGDs	0		newFullTGDs	3416
nonFullTGDs	204		fullTGDs	400			newNonFullTGDs	0		newFullTGDs	3316
nonFullTGDs	204		fullTGDs	500			newNonFullTGDs	0		newFullTGDs	3216
nonFullTGDs	204		fullTGDs	600			newNonFullTGDs	0		newFullTGDs	3116
nonFullTGDs	204		fullTGDs	700			newNonFullTGDs	0		newFullTGDs	3016
nonFullTGDs	204		fullTGDs	800			newNonFullTGDs	0		newFullTGDs	2916
nonFullTGDs	204		fullTGDs	900			newNonFullTGDs	0		newFullTGDs	2816
nonFullTGDs	204		fullTGDs	1000			newNonFullTGDs	0		newFullTGDs	2716
nonFullTGDs	204		fullTGDs	1100			newNonFullTGDs	0		newFullTGDs	2616
nonFullTGDs	204		fullTGDs	1200			newNonFullTGDs	0		newFullTGDs	2516
nonFullTGDs	204		fullTGDs	1300			newNonFullTGDs	0		newFullTGDs	2416
nonFullTGDs	204		fullTGDs	1400			newNonFullTGDs	0		newFullTGDs	2316
nonFullTGDs	204		fullTGDs	1500			newNonFullTGDs	0		newFullTGDs	2216
nonFullTGDs	204		fullTGDs	1600			newNonFullTGDs	0		newFullTGDs	2116
nonFullTGDs	204		fullTGDs	1700			newNonFullTGDs	0		newFullTGDs	2016
nonFullTGDs	204		fullTGDs	1800			newNonFullTGDs	0		newFullTGDs	1916
nonFullTGDs	204		fullTGDs	1900			newNonFullTGDs	0		newFullTGDs	1816
nonFullTGDs	204		fullTGDs	2000			newNonFullTGDs	0		newFullTGDs	1716
nonFullTGDs	204		fullTGDs	2100			newNonFullTGDs	0		newFullTGDs	1616
nonFullTGDs	204		fullTGDs	2200			newNonFullTGDs	0		newFullTGDs	1516
nonFullTGDs	204		fullTGDs	2300			newNonFullTGDs	0		newFullTGDs	1416
nonFullTGDs	204		fullTGDs	2400			newNonFullTGDs	0		newFullTGDs	1316
nonFullTGDs	204		fullTGDs	2500			newNonFullTGDs	0		newFullTGDs	1216
nonFullTGDs	204		fullTGDs	2600			newNonFullTGDs	0		newFullTGDs	1116
nonFullTGDs	204		fullTGDs	2700			newNonFullTGDs	0		newFullTGDs	1016
nonFullTGDs	204		fullTGDs	2800			newNonFullTGDs	0		newFullTGDs	916
nonFullTGDs	204		fullTGDs	2900			newNonFullTGDs	0		newFullTGDs	816
nonFullTGDs	204		fullTGDs	3000			newNonFullTGDs	0		newFullTGDs	716
nonFullTGDs	204		fullTGDs	3100			newNonFullTGDs	0		newFullTGDs	616
nonFullTGDs	204		fullTGDs	3200			newNonFullTGDs	0		newFullTGDs	516
nonFullTGDs	204		fullTGDs	3300			newNonFullTGDs	0		newFullTGDs	416
nonFullTGDs	204		fullTGDs	3400			newNonFullTGDs	0		newFullTGDs	316
nonFullTGDs	204		fullTGDs	3500			newNonFullTGDs	0		newFullTGDs	216
nonFullTGDs	204		fullTGDs	3600			newNonFullTGDs	0		newFullTGDs	116
nonFullTGDs	204		fullTGDs	3700			newNonFullTGDs	0		newFullTGDs	16
Nov 20, 2021 5:17:23 AM uk.ac.ox.cs.gsat.SaturationStatistics log
INFO: # initial TGDs: 204 , 204
Nov 20, 2021 5:17:23 AM uk.ac.ox.cs.gsat.SaturationStatistics log
INFO: OrderedSkSat total time : 781 ms = 0.78 s
Nov 20, 2021 5:17:23 AM uk.ac.ox.cs.gsat.SaturationStatistics log
INFO: Subsumed elements : 0
Nov 20, 2021 5:17:23 AM uk.ac.ox.cs.gsat.SaturationStatistics log
INFO: Filter discarded elements : 2440867
Nov 20, 2021 5:17:23 AM uk.ac.ox.cs.gsat.SaturationStatistics log
INFO: subsumption time: 403 ms = 0.40 s
Nov 20, 2021 5:17:23 AM uk.ac.ox.cs.gsat.SaturationStatistics log
INFO: forward subsumption time: 235 ms = 0.23 s
Nov 20, 2021 5:17:23 AM uk.ac.ox.cs.gsat.SaturationStatistics log
INFO: backward subsumption time: 168 ms = 0.17 s
Nov 20, 2021 5:17:23 AM uk.ac.ox.cs.gsat.SaturationStatistics log
INFO: Derived full/non full TGDs: 3614 , 0
Nov 20, 2021 5:17:23 AM uk.ac.ox.cs.gsat.SaturationStatistics log
INFO: discarded tautology count: 102
Nov 20, 2021 5:17:23 AM uk.ac.ox.cs.gsat.EvolveStatistics log
INFO: Stop because subsumed: 0
Nov 20, 2021 5:17:23 AM uk.ac.ox.cs.gsat.EvolveStatistics log
INFO: evolved equals to current: 0
Nov 20, 2021 5:17:23 AM uk.ac.ox.cs.gsat.EvolveStatistics log
INFO: evolved time: 100 ms = 0.10 s
Nov 20, 2021 5:17:23 AM uk.ac.ox.cs.gsat.EvolveStatistics log
INFO: evolve count: 3614
Nov 20, 2021 5:17:23 AM uk.ac.ox.cs.gsat.SkolemStatistics log
INFO: maximum number of Skolem atoms in body: 1
Nov 20, 2021 5:17:23 AM uk.ac.ox.cs.gsat.SkolemStatistics log
INFO: left derived TGD with Skolem in the body: 0
Nov 20, 2021 5:17:23 AM uk.ac.ox.cs.gsat.SkolemStatistics log
INFO: right derived TGD with Skolem in the body: 3614
Nov 20, 2021 5:17:23 AM uk.ac.ox.cs.gsat.SkolemStatistics log
INFO: derived TGD with more than two Skolem atoms in the body: 0
Nov 20, 2021 5:17:23 AM uk.ac.ox.cs.gsat.AbstractSaturation run
INFO: ouptput full TGDs not contained in the input: 0
Nov 20, 2021 5:17:23 AM uk.ac.ox.cs.gsat.App executeAllSteps
INFO: Rewriting completed!
Full TGD saturation: (204 dependecies)
Nov 20, 2021 5:17:23 AM uk.ac.ox.cs.gsat.App executeAllSteps
INFO: Writing the saturation in the Datalog file 00538.rul
