Starting Saturation...
Executing from DLGP files
SLF4J: Failed to load class "org.slf4j.impl.StaticLoggerBinder".
SLF4J: Defaulting to no-operation (NOP) logger implementation
SLF4J: See http://www.slf4j.org/codes.html#StaticLoggerBinder for further details.
# Rules: 2044; # Atoms: 0; # AtomSets: 0; # Queries: 0; # Constraints: 0
Full TGD saturation algorithm: ordered skolemized Sat
Running OrderedSkSat...
Nov 20, 2021 7:08:09 AM uk.ac.ox.cs.gsat.AbstractSaturation run
INFO: OrderedSkSat discarded rules : 0/2044 = 0.000%
OrderedSkSat discarded rules : 0/2044 = 0.000%
Nov 20, 2021 7:08:09 AM uk.ac.ox.cs.gsat.AbstractSaturation run
INFO: Subsumption method : tree_predicate
length of the formulas: 2.0
number of bags: 11
length of the formulas: 2.0
number of bags: 11
nonFullTGDs	0		fullTGDs	1929			newNonFullTGDs	230		newFullTGDs	0
nonFullTGDs	100		fullTGDs	1929			newNonFullTGDs	179		newFullTGDs	0
nonFullTGDs	200		fullTGDs	1929			newNonFullTGDs	125		newFullTGDs	0
nonFullTGDs	300		fullTGDs	1929			newNonFullTGDs	67		newFullTGDs	0
nonFullTGDs	400		fullTGDs	1929			newNonFullTGDs	21		newFullTGDs	0
Nov 20, 2021 7:08:09 AM uk.ac.ox.cs.gsat.SaturationStatistics log
INFO: # initial TGDs: 1929 , 230
Nov 20, 2021 7:08:09 AM uk.ac.ox.cs.gsat.SaturationStatistics log
INFO: OrderedSkSat total time : 227 ms = 0.23 s
Nov 20, 2021 7:08:09 AM uk.ac.ox.cs.gsat.SaturationStatistics log
INFO: Subsumed elements : 4
Nov 20, 2021 7:08:09 AM uk.ac.ox.cs.gsat.SaturationStatistics log
INFO: Filter discarded elements : 172
Nov 20, 2021 7:08:09 AM uk.ac.ox.cs.gsat.SaturationStatistics log
INFO: subsumption time: 9 ms = 0.01 s
Nov 20, 2021 7:08:09 AM uk.ac.ox.cs.gsat.SaturationStatistics log
INFO: forward subsumption time: 6 ms = 0.01 s
Nov 20, 2021 7:08:09 AM uk.ac.ox.cs.gsat.SaturationStatistics log
INFO: backward subsumption time: 3 ms = 0.00 s
Nov 20, 2021 7:08:09 AM uk.ac.ox.cs.gsat.SaturationStatistics log
INFO: Derived full/non full TGDs: 0 , 227
Nov 20, 2021 7:08:09 AM uk.ac.ox.cs.gsat.SaturationStatistics log
INFO: discarded tautology count: 0
Nov 20, 2021 7:08:09 AM uk.ac.ox.cs.gsat.EvolveStatistics log
INFO: Stop because subsumed: 0
Nov 20, 2021 7:08:09 AM uk.ac.ox.cs.gsat.EvolveStatistics log
INFO: evolved equals to current: 0
Nov 20, 2021 7:08:09 AM uk.ac.ox.cs.gsat.EvolveStatistics log
INFO: evolved time: 10 ms = 0.01 s
Nov 20, 2021 7:08:09 AM uk.ac.ox.cs.gsat.EvolveStatistics log
INFO: evolve count: 317
Nov 20, 2021 7:08:09 AM uk.ac.ox.cs.gsat.SkolemStatistics log
INFO: maximum number of Skolem atoms in body: 0
Nov 20, 2021 7:08:09 AM uk.ac.ox.cs.gsat.SkolemStatistics log
INFO: left derived TGD with Skolem in the body: 0
Nov 20, 2021 7:08:09 AM uk.ac.ox.cs.gsat.SkolemStatistics log
INFO: right derived TGD with Skolem in the body: 0
Nov 20, 2021 7:08:09 AM uk.ac.ox.cs.gsat.SkolemStatistics log
INFO: derived TGD with more than two Skolem atoms in the body: 0
Nov 20, 2021 7:08:09 AM uk.ac.ox.cs.gsat.AbstractSaturation run
INFO: ouptput full TGDs not contained in the input: 0
Nov 20, 2021 7:08:09 AM uk.ac.ox.cs.gsat.App executeAllSteps
INFO: Rewriting completed!
Full TGD saturation: (1929 dependecies)
Nov 20, 2021 7:08:09 AM uk.ac.ox.cs.gsat.App executeAllSteps
INFO: Writing the saturation in the Datalog file 00673.rul
