Starting Saturation...
Executing from DLGP files
SLF4J: Failed to load class "org.slf4j.impl.StaticLoggerBinder".
SLF4J: Defaulting to no-operation (NOP) logger implementation
SLF4J: See http://www.slf4j.org/codes.html#StaticLoggerBinder for further details.
# Rules: 1149; # Atoms: 0; # AtomSets: 0; # Queries: 0; # Constraints: 0
Full TGD saturation algorithm: ordered skolemized Sat
Running OrderedSkSat...
Nov 20, 2021 8:01:49 AM uk.ac.ox.cs.gsat.AbstractSaturation run
INFO: OrderedSkSat discarded rules : 0/1149 = 0.000%
OrderedSkSat discarded rules : 0/1149 = 0.000%
Nov 20, 2021 8:01:50 AM uk.ac.ox.cs.gsat.AbstractSaturation run
INFO: Subsumption method : tree_predicate
length of the formulas: 2.4824903
number of bags: 6
length of the formulas: 2.4824903
number of bags: 6
nonFullTGDs	0		fullTGDs	754			newNonFullTGDs	788		newFullTGDs	0
nonFullTGDs	100		fullTGDs	754			newNonFullTGDs	688		newFullTGDs	16210
nonFullTGDs	200		fullTGDs	754			newNonFullTGDs	588		newFullTGDs	32400
nonFullTGDs	300		fullTGDs	754			newNonFullTGDs	488		newFullTGDs	49250
nonFullTGDs	400		fullTGDs	754			newNonFullTGDs	388		newFullTGDs	65112
nonFullTGDs	500		fullTGDs	754			newNonFullTGDs	288		newFullTGDs	81648
nonFullTGDs	600		fullTGDs	754			newNonFullTGDs	188		newFullTGDs	95286
nonFullTGDs	700		fullTGDs	754			newNonFullTGDs	88		newFullTGDs	109608
nonFullTGDs	788		fullTGDs	766			newNonFullTGDs	0		newFullTGDs	118496
nonFullTGDs	788		fullTGDs	866			newNonFullTGDs	0		newFullTGDs	118396
nonFullTGDs	788		fullTGDs	966			newNonFullTGDs	0		newFullTGDs	118296
nonFullTGDs	788		fullTGDs	1066			newNonFullTGDs	0		newFullTGDs	118196
nonFullTGDs	788		fullTGDs	1166			newNonFullTGDs	0		newFullTGDs	118096
nonFullTGDs	788		fullTGDs	1265			newNonFullTGDs	0		newFullTGDs	117997
nonFullTGDs	788		fullTGDs	1365			newNonFullTGDs	0		newFullTGDs	117897
nonFullTGDs	788		fullTGDs	1465			newNonFullTGDs	0		newFullTGDs	117797
nonFullTGDs	788		fullTGDs	1565			newNonFullTGDs	0		newFullTGDs	117697
nonFullTGDs	788		fullTGDs	1664			newNonFullTGDs	0		newFullTGDs	117598
nonFullTGDs	788		fullTGDs	1764			newNonFullTGDs	0		newFullTGDs	117498
nonFullTGDs	788		fullTGDs	1864			newNonFullTGDs	0		newFullTGDs	117398
nonFullTGDs	788		fullTGDs	1963			newNonFullTGDs	0		newFullTGDs	117299
nonFullTGDs	788		fullTGDs	2061			newNonFullTGDs	0		newFullTGDs	117201
nonFullTGDs	788		fullTGDs	2151			newNonFullTGDs	0		newFullTGDs	117111
nonFullTGDs	788		fullTGDs	2251			newNonFullTGDs	0		newFullTGDs	117011
nonFullTGDs	788		fullTGDs	2351			newNonFullTGDs	0		newFullTGDs	116911
nonFullTGDs	788		fullTGDs	2451			newNonFullTGDs	0		newFullTGDs	116811
nonFullTGDs	788		fullTGDs	2551			newNonFullTGDs	0		newFullTGDs	116711
nonFullTGDs	788		fullTGDs	2641			newNonFullTGDs	0		newFullTGDs	116621
nonFullTGDs	788		fullTGDs	2741			newNonFullTGDs	0		newFullTGDs	116521
nonFullTGDs	788		fullTGDs	2841			newNonFullTGDs	0		newFullTGDs	116421
nonFullTGDs	788		fullTGDs	2941			newNonFullTGDs	0		newFullTGDs	116321
nonFullTGDs	788		fullTGDs	3041			newNonFullTGDs	0		newFullTGDs	116221
nonFullTGDs	788		fullTGDs	3141			newNonFullTGDs	0		newFullTGDs	116121
nonFullTGDs	788		fullTGDs	3239			newNonFullTGDs	0		newFullTGDs	116023
nonFullTGDs	788		fullTGDs	3339			newNonFullTGDs	0		newFullTGDs	115923
nonFullTGDs	788		fullTGDs	3437			newNonFullTGDs	0		newFullTGDs	115825
nonFullTGDs	788		fullTGDs	3537			newNonFullTGDs	0		newFullTGDs	115725
nonFullTGDs	788		fullTGDs	3637			newNonFullTGDs	0		newFullTGDs	115625
nonFullTGDs	788		fullTGDs	3737			newNonFullTGDs	0		newFullTGDs	115525
nonFullTGDs	788		fullTGDs	3837			newNonFullTGDs	0		newFullTGDs	115425
nonFullTGDs	788		fullTGDs	3937			newNonFullTGDs	0		newFullTGDs	115325
nonFullTGDs	788		fullTGDs	4037			newNonFullTGDs	0		newFullTGDs	115225
nonFullTGDs	788		fullTGDs	4137			newNonFullTGDs	0		newFullTGDs	115125
nonFullTGDs	788		fullTGDs	4237			newNonFullTGDs	0		newFullTGDs	115025
nonFullTGDs	788		fullTGDs	4334			newNonFullTGDs	0		newFullTGDs	114928
nonFullTGDs	788		fullTGDs	4434			newNonFullTGDs	0		newFullTGDs	114828
nonFullTGDs	788		fullTGDs	4528			newNonFullTGDs	0		newFullTGDs	114734
nonFullTGDs	788		fullTGDs	4628			newNonFullTGDs	0		newFullTGDs	114634
nonFullTGDs	788		fullTGDs	4728			newNonFullTGDs	0		newFullTGDs	114534
nonFullTGDs	788		fullTGDs	4828			newNonFullTGDs	0		newFullTGDs	114434
nonFullTGDs	788		fullTGDs	4928			newNonFullTGDs	0		newFullTGDs	114334
nonFullTGDs	788		fullTGDs	5028			newNonFullTGDs	0		newFullTGDs	114234
nonFullTGDs	788		fullTGDs	5128			newNonFullTGDs	0		newFullTGDs	114134
nonFullTGDs	788		fullTGDs	5228			newNonFullTGDs	0		newFullTGDs	114034
nonFullTGDs	788		fullTGDs	5327			newNonFullTGDs	0		newFullTGDs	113935
nonFullTGDs	788		fullTGDs	5427			newNonFullTGDs	0		newFullTGDs	113835
nonFullTGDs	788		fullTGDs	5527			newNonFullTGDs	0		newFullTGDs	113735
nonFullTGDs	788		fullTGDs	5626			newNonFullTGDs	0		newFullTGDs	113636
nonFullTGDs	788		fullTGDs	5726			newNonFullTGDs	0		newFullTGDs	113536
nonFullTGDs	788		fullTGDs	5826			newNonFullTGDs	0		newFullTGDs	113436
nonFullTGDs	788		fullTGDs	5926			newNonFullTGDs	0		newFullTGDs	113336
nonFullTGDs	788		fullTGDs	6026			newNonFullTGDs	0		newFullTGDs	113236
nonFullTGDs	788		fullTGDs	6124			newNonFullTGDs	0		newFullTGDs	113138
nonFullTGDs	788		fullTGDs	6222			newNonFullTGDs	0		newFullTGDs	113040
nonFullTGDs	788		fullTGDs	6322			newNonFullTGDs	0		newFullTGDs	112940
nonFullTGDs	788		fullTGDs	6422			newNonFullTGDs	0		newFullTGDs	112840
nonFullTGDs	788		fullTGDs	6522			newNonFullTGDs	0		newFullTGDs	112740
nonFullTGDs	788		fullTGDs	6622			newNonFullTGDs	0		newFullTGDs	112640
nonFullTGDs	788		fullTGDs	6722			newNonFullTGDs	0		newFullTGDs	112540
nonFullTGDs	788		fullTGDs	6822			newNonFullTGDs	0		newFullTGDs	112440
nonFullTGDs	788		fullTGDs	6922			newNonFullTGDs	0		newFullTGDs	112340
nonFullTGDs	788		fullTGDs	7020			newNonFullTGDs	0		newFullTGDs	112242
nonFullTGDs	788		fullTGDs	7119			newNonFullTGDs	0		newFullTGDs	112143
nonFullTGDs	788		fullTGDs	7219			newNonFullTGDs	0		newFullTGDs	112043
nonFullTGDs	788		fullTGDs	7319			newNonFullTGDs	0		newFullTGDs	111943
nonFullTGDs	788		fullTGDs	7419			newNonFullTGDs	0		newFullTGDs	111843
nonFullTGDs	788		fullTGDs	7519			newNonFullTGDs	0		newFullTGDs	111743
nonFullTGDs	788		fullTGDs	7619			newNonFullTGDs	0		newFullTGDs	111643
nonFullTGDs	788		fullTGDs	7719			newNonFullTGDs	0		newFullTGDs	111543
nonFullTGDs	788		fullTGDs	7818			newNonFullTGDs	0		newFullTGDs	111444
nonFullTGDs	788		fullTGDs	7918			newNonFullTGDs	0		newFullTGDs	111344
nonFullTGDs	788		fullTGDs	8018			newNonFullTGDs	0		newFullTGDs	111244
nonFullTGDs	788		fullTGDs	8117			newNonFullTGDs	0		newFullTGDs	111145
nonFullTGDs	788		fullTGDs	8216			newNonFullTGDs	0		newFullTGDs	111046
nonFullTGDs	788		fullTGDs	8315			newNonFullTGDs	0		newFullTGDs	110947
nonFullTGDs	788		fullTGDs	8415			newNonFullTGDs	0		newFullTGDs	110847
nonFullTGDs	788		fullTGDs	8515			newNonFullTGDs	0		newFullTGDs	110747
nonFullTGDs	788		fullTGDs	8615			newNonFullTGDs	0		newFullTGDs	110647
nonFullTGDs	788		fullTGDs	8715			newNonFullTGDs	0		newFullTGDs	110547
nonFullTGDs	788		fullTGDs	8815			newNonFullTGDs	0		newFullTGDs	110447
nonFullTGDs	788		fullTGDs	8915			newNonFullTGDs	0		newFullTGDs	110347
nonFullTGDs	788		fullTGDs	9015			newNonFullTGDs	0		newFullTGDs	110247
nonFullTGDs	788		fullTGDs	9115			newNonFullTGDs	0		newFullTGDs	110147
nonFullTGDs	788		fullTGDs	9214			newNonFullTGDs	0		newFullTGDs	110048
nonFullTGDs	788		fullTGDs	9314			newNonFullTGDs	0		newFullTGDs	109948
nonFullTGDs	788		fullTGDs	9414			newNonFullTGDs	0		newFullTGDs	109848
nonFullTGDs	788		fullTGDs	9514			newNonFullTGDs	0		newFullTGDs	109748
nonFullTGDs	788		fullTGDs	9614			newNonFullTGDs	0		newFullTGDs	109648
nonFullTGDs	788		fullTGDs	9714			newNonFullTGDs	0		newFullTGDs	109548
nonFullTGDs	788		fullTGDs	9814			newNonFullTGDs	0		newFullTGDs	109448
nonFullTGDs	788		fullTGDs	9914			newNonFullTGDs	0		newFullTGDs	109348
nonFullTGDs	788		fullTGDs	10014			newNonFullTGDs	0		newFullTGDs	109248
nonFullTGDs	788		fullTGDs	10114			newNonFullTGDs	0		newFullTGDs	109148
nonFullTGDs	788		fullTGDs	10214			newNonFullTGDs	0		newFullTGDs	109048
nonFullTGDs	788		fullTGDs	10312			newNonFullTGDs	0		newFullTGDs	108949
nonFullTGDs	788		fullTGDs	10409			newNonFullTGDs	0		newFullTGDs	108851
nonFullTGDs	788		fullTGDs	10509			newNonFullTGDs	0		newFullTGDs	108751
nonFullTGDs	788		fullTGDs	10609			newNonFullTGDs	0		newFullTGDs	108651
nonFullTGDs	788		fullTGDs	10709			newNonFullTGDs	0		newFullTGDs	108551
nonFullTGDs	788		fullTGDs	10809			newNonFullTGDs	0		newFullTGDs	108451
nonFullTGDs	788		fullTGDs	10909			newNonFullTGDs	0		newFullTGDs	108351
nonFullTGDs	788		fullTGDs	11009			newNonFullTGDs	0		newFullTGDs	108251
nonFullTGDs	788		fullTGDs	11108			newNonFullTGDs	0		newFullTGDs	108152
nonFullTGDs	788		fullTGDs	11208			newNonFullTGDs	0		newFullTGDs	108052
nonFullTGDs	788		fullTGDs	11308			newNonFullTGDs	0		newFullTGDs	107952
nonFullTGDs	788		fullTGDs	11408			newNonFullTGDs	0		newFullTGDs	107852
nonFullTGDs	788		fullTGDs	11508			newNonFullTGDs	0		newFullTGDs	107752
nonFullTGDs	788		fullTGDs	11607			newNonFullTGDs	0		newFullTGDs	107653
nonFullTGDs	788		fullTGDs	11707			newNonFullTGDs	0		newFullTGDs	107553
nonFullTGDs	788		fullTGDs	11807			newNonFullTGDs	0		newFullTGDs	107453
nonFullTGDs	788		fullTGDs	11907			newNonFullTGDs	0		newFullTGDs	107353
nonFullTGDs	788		fullTGDs	12007			newNonFullTGDs	0		newFullTGDs	107253
nonFullTGDs	788		fullTGDs	12107			newNonFullTGDs	0		newFullTGDs	107153
nonFullTGDs	788		fullTGDs	12207			newNonFullTGDs	0		newFullTGDs	107053
nonFullTGDs	788		fullTGDs	12307			newNonFullTGDs	0		newFullTGDs	106953
nonFullTGDs	788		fullTGDs	12407			newNonFullTGDs	0		newFullTGDs	106853
nonFullTGDs	788		fullTGDs	12507			newNonFullTGDs	0		newFullTGDs	106753
nonFullTGDs	788		fullTGDs	12607			newNonFullTGDs	0		newFullTGDs	106653
nonFullTGDs	788		fullTGDs	12707			newNonFullTGDs	0		newFullTGDs	106553
nonFullTGDs	788		fullTGDs	12807			newNonFullTGDs	0		newFullTGDs	106453
nonFullTGDs	788		fullTGDs	12907			newNonFullTGDs	0		newFullTGDs	106353
nonFullTGDs	788		fullTGDs	13002			newNonFullTGDs	0		newFullTGDs	106258
nonFullTGDs	788		fullTGDs	13102			newNonFullTGDs	0		newFullTGDs	106158
nonFullTGDs	788		fullTGDs	13198			newNonFullTGDs	0		newFullTGDs	106062
nonFullTGDs	788		fullTGDs	13298			newNonFullTGDs	0		newFullTGDs	105962
nonFullTGDs	788		fullTGDs	13398			newNonFullTGDs	0		newFullTGDs	105862
nonFullTGDs	788		fullTGDs	13498			newNonFullTGDs	0		newFullTGDs	105762
nonFullTGDs	788		fullTGDs	13598			newNonFullTGDs	0		newFullTGDs	105662
nonFullTGDs	788		fullTGDs	13696			newNonFullTGDs	0		newFullTGDs	105564
nonFullTGDs	788		fullTGDs	13796			newNonFullTGDs	0		newFullTGDs	105464
nonFullTGDs	788		fullTGDs	13896			newNonFullTGDs	0		newFullTGDs	105364
nonFullTGDs	788		fullTGDs	13996			newNonFullTGDs	0		newFullTGDs	105264
nonFullTGDs	788		fullTGDs	14095			newNonFullTGDs	0		newFullTGDs	105165
nonFullTGDs	788		fullTGDs	14193			newNonFullTGDs	0		newFullTGDs	105067
nonFullTGDs	788		fullTGDs	14291			newNonFullTGDs	0		newFullTGDs	104969
nonFullTGDs	788		fullTGDs	14391			newNonFullTGDs	0		newFullTGDs	104869
nonFullTGDs	788		fullTGDs	14491			newNonFullTGDs	0		newFullTGDs	104769
nonFullTGDs	788		fullTGDs	14585			newNonFullTGDs	0		newFullTGDs	104675
nonFullTGDs	788		fullTGDs	14685			newNonFullTGDs	0		newFullTGDs	104575
nonFullTGDs	788		fullTGDs	14785			newNonFullTGDs	0		newFullTGDs	104475
nonFullTGDs	788		fullTGDs	14885			newNonFullTGDs	0		newFullTGDs	104375
nonFullTGDs	788		fullTGDs	14982			newNonFullTGDs	0		newFullTGDs	104278
nonFullTGDs	788		fullTGDs	15079			newNonFullTGDs	0		newFullTGDs	104181
nonFullTGDs	788		fullTGDs	15179			newNonFullTGDs	0		newFullTGDs	104081
nonFullTGDs	788		fullTGDs	15279			newNonFullTGDs	0		newFullTGDs	103981
nonFullTGDs	788		fullTGDs	15378			newNonFullTGDs	0		newFullTGDs	103882
nonFullTGDs	788		fullTGDs	15478			newNonFullTGDs	0		newFullTGDs	103782
nonFullTGDs	788		fullTGDs	15578			newNonFullTGDs	0		newFullTGDs	103682
nonFullTGDs	788		fullTGDs	15678			newNonFullTGDs	0		newFullTGDs	103582
nonFullTGDs	788		fullTGDs	15773			newNonFullTGDs	0		newFullTGDs	103487
nonFullTGDs	788		fullTGDs	15873			newNonFullTGDs	0		newFullTGDs	103387
nonFullTGDs	788		fullTGDs	15971			newNonFullTGDs	0		newFullTGDs	103289
nonFullTGDs	788		fullTGDs	16068			newNonFullTGDs	0		newFullTGDs	103192
nonFullTGDs	788		fullTGDs	16168			newNonFullTGDs	0		newFullTGDs	103092
nonFullTGDs	788		fullTGDs	16268			newNonFullTGDs	0		newFullTGDs	102992
nonFullTGDs	788		fullTGDs	16364			newNonFullTGDs	0		newFullTGDs	102896
nonFullTGDs	788		fullTGDs	16464			newNonFullTGDs	0		newFullTGDs	102796
nonFullTGDs	788		fullTGDs	16564			newNonFullTGDs	0		newFullTGDs	102696
nonFullTGDs	788		fullTGDs	16664			newNonFullTGDs	0		newFullTGDs	102596
nonFullTGDs	788		fullTGDs	16764			newNonFullTGDs	0		newFullTGDs	102496
nonFullTGDs	788		fullTGDs	16864			newNonFullTGDs	0		newFullTGDs	102396
nonFullTGDs	788		fullTGDs	16964			newNonFullTGDs	0		newFullTGDs	102296
nonFullTGDs	788		fullTGDs	17064			newNonFullTGDs	0		newFullTGDs	102196
nonFullTGDs	788		fullTGDs	17164			newNonFullTGDs	0		newFullTGDs	102096
nonFullTGDs	788		fullTGDs	17263			newNonFullTGDs	0		newFullTGDs	101997
nonFullTGDs	788		fullTGDs	17363			newNonFullTGDs	0		newFullTGDs	101897
nonFullTGDs	788		fullTGDs	17463			newNonFullTGDs	0		newFullTGDs	101797
nonFullTGDs	788		fullTGDs	17562			newNonFullTGDs	0		newFullTGDs	101698
nonFullTGDs	788		fullTGDs	17662			newNonFullTGDs	0		newFullTGDs	101598
nonFullTGDs	788		fullTGDs	17762			newNonFullTGDs	0		newFullTGDs	101498
nonFullTGDs	788		fullTGDs	17862			newNonFullTGDs	0		newFullTGDs	101398
nonFullTGDs	788		fullTGDs	17962			newNonFullTGDs	0		newFullTGDs	101298
nonFullTGDs	788		fullTGDs	18062			newNonFullTGDs	0		newFullTGDs	101198
nonFullTGDs	788		fullTGDs	18162			newNonFullTGDs	0		newFullTGDs	101098
nonFullTGDs	788		fullTGDs	18262			newNonFullTGDs	0		newFullTGDs	100998
nonFullTGDs	788		fullTGDs	18361			newNonFullTGDs	0		newFullTGDs	100899
nonFullTGDs	788		fullTGDs	18461			newNonFullTGDs	0		newFullTGDs	100799
nonFullTGDs	788		fullTGDs	18561			newNonFullTGDs	0		newFullTGDs	100699
nonFullTGDs	788		fullTGDs	18660			newNonFullTGDs	0		newFullTGDs	100600
nonFullTGDs	788		fullTGDs	18759			newNonFullTGDs	0		newFullTGDs	100501
nonFullTGDs	788		fullTGDs	18859			newNonFullTGDs	0		newFullTGDs	100401
nonFullTGDs	788		fullTGDs	18959			newNonFullTGDs	0		newFullTGDs	100301
nonFullTGDs	788		fullTGDs	19059			newNonFullTGDs	0		newFullTGDs	100201
nonFullTGDs	788		fullTGDs	19159			newNonFullTGDs	0		newFullTGDs	100101
nonFullTGDs	788		fullTGDs	19259			newNonFullTGDs	0		newFullTGDs	100001
nonFullTGDs	788		fullTGDs	19359			newNonFullTGDs	0		newFullTGDs	99901
nonFullTGDs	788		fullTGDs	19459			newNonFullTGDs	0		newFullTGDs	99801
nonFullTGDs	788		fullTGDs	19559			newNonFullTGDs	0		newFullTGDs	99701
nonFullTGDs	788		fullTGDs	19659			newNonFullTGDs	0		newFullTGDs	99601
nonFullTGDs	788		fullTGDs	19759			newNonFullTGDs	0		newFullTGDs	99501
nonFullTGDs	788		fullTGDs	19859			newNonFullTGDs	0		newFullTGDs	99401
nonFullTGDs	788		fullTGDs	19959			newNonFullTGDs	0		newFullTGDs	99301
nonFullTGDs	788		fullTGDs	20059			newNonFullTGDs	0		newFullTGDs	99201
nonFullTGDs	788		fullTGDs	20159			newNonFullTGDs	0		newFullTGDs	99101
nonFullTGDs	788		fullTGDs	20258			newNonFullTGDs	0		newFullTGDs	99002
nonFullTGDs	788		fullTGDs	20358			newNonFullTGDs	0		newFullTGDs	98902
nonFullTGDs	788		fullTGDs	20456			newNonFullTGDs	0		newFullTGDs	98804
nonFullTGDs	788		fullTGDs	20556			newNonFullTGDs	0		newFullTGDs	98704
nonFullTGDs	788		fullTGDs	20656			newNonFullTGDs	0		newFullTGDs	98604
nonFullTGDs	788		fullTGDs	20754			newNonFullTGDs	0		newFullTGDs	98506
nonFullTGDs	788		fullTGDs	20854			newNonFullTGDs	0		newFullTGDs	98406
nonFullTGDs	788		fullTGDs	20953			newNonFullTGDs	0		newFullTGDs	98307
nonFullTGDs	788		fullTGDs	21053			newNonFullTGDs	0		newFullTGDs	98207
nonFullTGDs	788		fullTGDs	21153			newNonFullTGDs	0		newFullTGDs	98107
nonFullTGDs	788		fullTGDs	21252			newNonFullTGDs	0		newFullTGDs	98008
nonFullTGDs	788		fullTGDs	21352			newNonFullTGDs	0		newFullTGDs	97908
nonFullTGDs	788		fullTGDs	21452			newNonFullTGDs	0		newFullTGDs	97808
nonFullTGDs	788		fullTGDs	21552			newNonFullTGDs	0		newFullTGDs	97708
nonFullTGDs	788		fullTGDs	21646			newNonFullTGDs	0		newFullTGDs	97613
nonFullTGDs	788		fullTGDs	21738			newNonFullTGDs	0		newFullTGDs	97520
nonFullTGDs	788		fullTGDs	21831			newNonFullTGDs	0		newFullTGDs	97426
nonFullTGDs	788		fullTGDs	21919			newNonFullTGDs	0		newFullTGDs	97330
nonFullTGDs	788		fullTGDs	22019			newNonFullTGDs	0		newFullTGDs	97230
nonFullTGDs	788		fullTGDs	22119			newNonFullTGDs	0		newFullTGDs	97130
nonFullTGDs	788		fullTGDs	22219			newNonFullTGDs	0		newFullTGDs	97030
nonFullTGDs	788		fullTGDs	22319			newNonFullTGDs	0		newFullTGDs	96930
nonFullTGDs	788		fullTGDs	22419			newNonFullTGDs	0		newFullTGDs	96830
nonFullTGDs	788		fullTGDs	22519			newNonFullTGDs	0		newFullTGDs	96730
nonFullTGDs	788		fullTGDs	22619			newNonFullTGDs	0		newFullTGDs	96630
nonFullTGDs	788		fullTGDs	22719			newNonFullTGDs	0		newFullTGDs	96530
nonFullTGDs	788		fullTGDs	22819			newNonFullTGDs	0		newFullTGDs	96430
nonFullTGDs	788		fullTGDs	22919			newNonFullTGDs	0		newFullTGDs	96330
nonFullTGDs	788		fullTGDs	23018			newNonFullTGDs	0		newFullTGDs	96231
nonFullTGDs	788		fullTGDs	23118			newNonFullTGDs	0		newFullTGDs	96131
nonFullTGDs	788		fullTGDs	23218			newNonFullTGDs	0		newFullTGDs	96031
nonFullTGDs	788		fullTGDs	23316			newNonFullTGDs	0		newFullTGDs	95933
nonFullTGDs	788		fullTGDs	23415			newNonFullTGDs	0		newFullTGDs	95834
nonFullTGDs	788		fullTGDs	23515			newNonFullTGDs	0		newFullTGDs	95734
nonFullTGDs	788		fullTGDs	23615			newNonFullTGDs	0		newFullTGDs	95634
nonFullTGDs	788		fullTGDs	23711			newNonFullTGDs	0		newFullTGDs	95538
nonFullTGDs	788		fullTGDs	23811			newNonFullTGDs	0		newFullTGDs	95438
nonFullTGDs	788		fullTGDs	23909			newNonFullTGDs	0		newFullTGDs	95340
nonFullTGDs	788		fullTGDs	24004			newNonFullTGDs	0		newFullTGDs	95245
nonFullTGDs	788		fullTGDs	24104			newNonFullTGDs	0		newFullTGDs	95145
nonFullTGDs	788		fullTGDs	24204			newNonFullTGDs	0		newFullTGDs	95045
nonFullTGDs	788		fullTGDs	24304			newNonFullTGDs	0		newFullTGDs	94945
nonFullTGDs	788		fullTGDs	24404			newNonFullTGDs	0		newFullTGDs	94845
nonFullTGDs	788		fullTGDs	24504			newNonFullTGDs	0		newFullTGDs	94745
nonFullTGDs	788		fullTGDs	24604			newNonFullTGDs	0		newFullTGDs	94645
nonFullTGDs	788		fullTGDs	24704			newNonFullTGDs	0		newFullTGDs	94545
nonFullTGDs	788		fullTGDs	24804			newNonFullTGDs	0		newFullTGDs	94445
nonFullTGDs	788		fullTGDs	24904			newNonFullTGDs	0		newFullTGDs	94345
nonFullTGDs	788		fullTGDs	25004			newNonFullTGDs	0		newFullTGDs	94245
nonFullTGDs	788		fullTGDs	25104			newNonFullTGDs	0		newFullTGDs	94145
nonFullTGDs	788		fullTGDs	25204			newNonFullTGDs	0		newFullTGDs	94045
nonFullTGDs	788		fullTGDs	25304			newNonFullTGDs	0		newFullTGDs	93945
nonFullTGDs	788		fullTGDs	25404			newNonFullTGDs	0		newFullTGDs	93845
nonFullTGDs	788		fullTGDs	25503			newNonFullTGDs	0		newFullTGDs	93746
nonFullTGDs	788		fullTGDs	25603			newNonFullTGDs	0		newFullTGDs	93646
nonFullTGDs	788		fullTGDs	25703			newNonFullTGDs	0		newFullTGDs	93546
nonFullTGDs	788		fullTGDs	25803			newNonFullTGDs	0		newFullTGDs	93446
nonFullTGDs	788		fullTGDs	25903			newNonFullTGDs	0		newFullTGDs	93346
nonFullTGDs	788		fullTGDs	26000			newNonFullTGDs	0		newFullTGDs	93249
nonFullTGDs	788		fullTGDs	26097			newNonFullTGDs	0		newFullTGDs	93152
nonFullTGDs	788		fullTGDs	26197			newNonFullTGDs	0		newFullTGDs	93052
nonFullTGDs	788		fullTGDs	26297			newNonFullTGDs	0		newFullTGDs	92952
nonFullTGDs	788		fullTGDs	26394			newNonFullTGDs	0		newFullTGDs	92855
nonFullTGDs	788		fullTGDs	26494			newNonFullTGDs	0		newFullTGDs	92755
nonFullTGDs	788		fullTGDs	26594			newNonFullTGDs	0		newFullTGDs	92655
nonFullTGDs	788		fullTGDs	26694			newNonFullTGDs	0		newFullTGDs	92555
nonFullTGDs	788		fullTGDs	26794			newNonFullTGDs	0		newFullTGDs	92455
nonFullTGDs	788		fullTGDs	26892			newNonFullTGDs	0		newFullTGDs	92357
nonFullTGDs	788		fullTGDs	26992			newNonFullTGDs	0		newFullTGDs	92257
nonFullTGDs	788		fullTGDs	27092			newNonFullTGDs	0		newFullTGDs	92157
nonFullTGDs	788		fullTGDs	27192			newNonFullTGDs	0		newFullTGDs	92057
nonFullTGDs	788		fullTGDs	27292			newNonFullTGDs	0		newFullTGDs	91957
nonFullTGDs	788		fullTGDs	27392			newNonFullTGDs	0		newFullTGDs	91857
nonFullTGDs	788		fullTGDs	27492			newNonFullTGDs	0		newFullTGDs	91757
nonFullTGDs	788		fullTGDs	27592			newNonFullTGDs	0		newFullTGDs	91657
nonFullTGDs	788		fullTGDs	27692			newNonFullTGDs	0		newFullTGDs	91557
nonFullTGDs	788		fullTGDs	27792			newNonFullTGDs	0		newFullTGDs	91457
nonFullTGDs	788		fullTGDs	27892			newNonFullTGDs	0		newFullTGDs	91357
nonFullTGDs	788		fullTGDs	27992			newNonFullTGDs	0		newFullTGDs	91257
nonFullTGDs	788		fullTGDs	28092			newNonFullTGDs	0		newFullTGDs	91157
nonFullTGDs	788		fullTGDs	28192			newNonFullTGDs	0		newFullTGDs	91057
nonFullTGDs	788		fullTGDs	28292			newNonFullTGDs	0		newFullTGDs	90957
nonFullTGDs	788		fullTGDs	28392			newNonFullTGDs	0		newFullTGDs	90857
nonFullTGDs	788		fullTGDs	28492			newNonFullTGDs	0		newFullTGDs	90757
nonFullTGDs	788		fullTGDs	28592			newNonFullTGDs	0		newFullTGDs	90657
nonFullTGDs	788		fullTGDs	28692			newNonFullTGDs	0		newFullTGDs	90557
nonFullTGDs	788		fullTGDs	28791			newNonFullTGDs	0		newFullTGDs	90458
nonFullTGDs	788		fullTGDs	28891			newNonFullTGDs	0		newFullTGDs	90358
nonFullTGDs	788		fullTGDs	28991			newNonFullTGDs	0		newFullTGDs	90258
nonFullTGDs	788		fullTGDs	29091			newNonFullTGDs	0		newFullTGDs	90158
nonFullTGDs	788		fullTGDs	29191			newNonFullTGDs	0		newFullTGDs	90058
nonFullTGDs	788		fullTGDs	29291			newNonFullTGDs	0		newFullTGDs	89958
nonFullTGDs	788		fullTGDs	29391			newNonFullTGDs	0		newFullTGDs	89858
nonFullTGDs	788		fullTGDs	29491			newNonFullTGDs	0		newFullTGDs	89758
nonFullTGDs	788		fullTGDs	29591			newNonFullTGDs	0		newFullTGDs	89658
nonFullTGDs	788		fullTGDs	29686			newNonFullTGDs	0		newFullTGDs	89563
nonFullTGDs	788		fullTGDs	29786			newNonFullTGDs	0		newFullTGDs	89463
nonFullTGDs	788		fullTGDs	29882			newNonFullTGDs	0		newFullTGDs	89367
nonFullTGDs	788		fullTGDs	29982			newNonFullTGDs	0		newFullTGDs	89267
nonFullTGDs	788		fullTGDs	30082			newNonFullTGDs	0		newFullTGDs	89167
nonFullTGDs	788		fullTGDs	30182			newNonFullTGDs	0		newFullTGDs	89067
nonFullTGDs	788		fullTGDs	30282			newNonFullTGDs	0		newFullTGDs	88967
nonFullTGDs	788		fullTGDs	30382			newNonFullTGDs	0		newFullTGDs	88867
nonFullTGDs	788		fullTGDs	30482			newNonFullTGDs	0		newFullTGDs	88767
nonFullTGDs	788		fullTGDs	30582			newNonFullTGDs	0		newFullTGDs	88667
nonFullTGDs	788		fullTGDs	30681			newNonFullTGDs	0		newFullTGDs	88568
nonFullTGDs	788		fullTGDs	30781			newNonFullTGDs	0		newFullTGDs	88468
nonFullTGDs	788		fullTGDs	30881			newNonFullTGDs	0		newFullTGDs	88368
nonFullTGDs	788		fullTGDs	30980			newNonFullTGDs	0		newFullTGDs	88269
nonFullTGDs	788		fullTGDs	31079			newNonFullTGDs	0		newFullTGDs	88170
nonFullTGDs	788		fullTGDs	31179			newNonFullTGDs	0		newFullTGDs	88070
nonFullTGDs	788		fullTGDs	31279			newNonFullTGDs	0		newFullTGDs	87970
nonFullTGDs	788		fullTGDs	31379			newNonFullTGDs	0		newFullTGDs	87870
nonFullTGDs	788		fullTGDs	31479			newNonFullTGDs	0		newFullTGDs	87770
nonFullTGDs	788		fullTGDs	31579			newNonFullTGDs	0		newFullTGDs	87670
nonFullTGDs	788		fullTGDs	31679			newNonFullTGDs	0		newFullTGDs	87570
nonFullTGDs	788		fullTGDs	31779			newNonFullTGDs	0		newFullTGDs	87470
nonFullTGDs	788		fullTGDs	31879			newNonFullTGDs	0		newFullTGDs	87370
nonFullTGDs	788		fullTGDs	31979			newNonFullTGDs	0		newFullTGDs	87270
nonFullTGDs	788		fullTGDs	32079			newNonFullTGDs	0		newFullTGDs	87170
nonFullTGDs	788		fullTGDs	32179			newNonFullTGDs	0		newFullTGDs	87070
nonFullTGDs	788		fullTGDs	32279			newNonFullTGDs	0		newFullTGDs	86970
nonFullTGDs	788		fullTGDs	32379			newNonFullTGDs	0		newFullTGDs	86870
nonFullTGDs	788		fullTGDs	32479			newNonFullTGDs	0		newFullTGDs	86770
nonFullTGDs	788		fullTGDs	32579			newNonFullTGDs	0		newFullTGDs	86670
nonFullTGDs	788		fullTGDs	32679			newNonFullTGDs	0		newFullTGDs	86570
nonFullTGDs	788		fullTGDs	32779			newNonFullTGDs	0		newFullTGDs	86470
nonFullTGDs	788		fullTGDs	32879			newNonFullTGDs	0		newFullTGDs	86370
nonFullTGDs	788		fullTGDs	32978			newNonFullTGDs	0		newFullTGDs	86271
nonFullTGDs	788		fullTGDs	33077			newNonFullTGDs	0		newFullTGDs	86172
nonFullTGDs	788		fullTGDs	33176			newNonFullTGDs	0		newFullTGDs	86073
nonFullTGDs	788		fullTGDs	33276			newNonFullTGDs	0		newFullTGDs	85973
nonFullTGDs	788		fullTGDs	33376			newNonFullTGDs	0		newFullTGDs	85873
nonFullTGDs	788		fullTGDs	33476			newNonFullTGDs	0		newFullTGDs	85773
nonFullTGDs	788		fullTGDs	33576			newNonFullTGDs	0		newFullTGDs	85673
nonFullTGDs	788		fullTGDs	33676			newNonFullTGDs	0		newFullTGDs	85573
nonFullTGDs	788		fullTGDs	33776			newNonFullTGDs	0		newFullTGDs	85473
nonFullTGDs	788		fullTGDs	33876			newNonFullTGDs	0		newFullTGDs	85373
nonFullTGDs	788		fullTGDs	33976			newNonFullTGDs	0		newFullTGDs	85273
nonFullTGDs	788		fullTGDs	34076			newNonFullTGDs	0		newFullTGDs	85173
nonFullTGDs	788		fullTGDs	34176			newNonFullTGDs	0		newFullTGDs	85073
nonFullTGDs	788		fullTGDs	34276			newNonFullTGDs	0		newFullTGDs	84973
nonFullTGDs	788		fullTGDs	34376			newNonFullTGDs	0		newFullTGDs	84873
nonFullTGDs	788		fullTGDs	34476			newNonFullTGDs	0		newFullTGDs	84773
nonFullTGDs	788		fullTGDs	34576			newNonFullTGDs	0		newFullTGDs	84673
nonFullTGDs	788		fullTGDs	34676			newNonFullTGDs	0		newFullTGDs	84573
nonFullTGDs	788		fullTGDs	34776			newNonFullTGDs	0		newFullTGDs	84473
nonFullTGDs	788		fullTGDs	34876			newNonFullTGDs	0		newFullTGDs	84373
nonFullTGDs	788		fullTGDs	34976			newNonFullTGDs	0		newFullTGDs	84273
nonFullTGDs	788		fullTGDs	35076			newNonFullTGDs	0		newFullTGDs	84173
nonFullTGDs	788		fullTGDs	35176			newNonFullTGDs	0		newFullTGDs	84073
nonFullTGDs	788		fullTGDs	35276			newNonFullTGDs	0		newFullTGDs	83973
nonFullTGDs	788		fullTGDs	35375			newNonFullTGDs	0		newFullTGDs	83874
nonFullTGDs	788		fullTGDs	35475			newNonFullTGDs	0		newFullTGDs	83774
nonFullTGDs	788		fullTGDs	35575			newNonFullTGDs	0		newFullTGDs	83674
nonFullTGDs	788		fullTGDs	35675			newNonFullTGDs	0		newFullTGDs	83574
nonFullTGDs	788		fullTGDs	35775			newNonFullTGDs	0		newFullTGDs	83474
nonFullTGDs	788		fullTGDs	35873			newNonFullTGDs	0		newFullTGDs	83376
nonFullTGDs	788		fullTGDs	35973			newNonFullTGDs	0		newFullTGDs	83276
nonFullTGDs	788		fullTGDs	36073			newNonFullTGDs	0		newFullTGDs	83176
nonFullTGDs	788		fullTGDs	36173			newNonFullTGDs	0		newFullTGDs	83076
nonFullTGDs	788		fullTGDs	36273			newNonFullTGDs	0		newFullTGDs	82976
nonFullTGDs	788		fullTGDs	36373			newNonFullTGDs	0		newFullTGDs	82876
nonFullTGDs	788		fullTGDs	36473			newNonFullTGDs	0		newFullTGDs	82776
nonFullTGDs	788		fullTGDs	36573			newNonFullTGDs	0		newFullTGDs	82676
nonFullTGDs	788		fullTGDs	36673			newNonFullTGDs	0		newFullTGDs	82576
nonFullTGDs	788		fullTGDs	36773			newNonFullTGDs	0		newFullTGDs	82476
nonFullTGDs	788		fullTGDs	36873			newNonFullTGDs	0		newFullTGDs	82376
nonFullTGDs	788		fullTGDs	36973			newNonFullTGDs	0		newFullTGDs	82276
nonFullTGDs	788		fullTGDs	37073			newNonFullTGDs	0		newFullTGDs	82176
nonFullTGDs	788		fullTGDs	37173			newNonFullTGDs	0		newFullTGDs	82076
nonFullTGDs	788		fullTGDs	37272			newNonFullTGDs	0		newFullTGDs	81977
nonFullTGDs	788		fullTGDs	37372			newNonFullTGDs	0		newFullTGDs	81877
nonFullTGDs	788		fullTGDs	37472			newNonFullTGDs	0		newFullTGDs	81777
nonFullTGDs	788		fullTGDs	37572			newNonFullTGDs	0		newFullTGDs	81677
nonFullTGDs	788		fullTGDs	37672			newNonFullTGDs	0		newFullTGDs	81577
nonFullTGDs	788		fullTGDs	37772			newNonFullTGDs	0		newFullTGDs	81477
nonFullTGDs	788		fullTGDs	37872			newNonFullTGDs	0		newFullTGDs	81377
nonFullTGDs	788		fullTGDs	37972			newNonFullTGDs	0		newFullTGDs	81277
nonFullTGDs	788		fullTGDs	38072			newNonFullTGDs	0		newFullTGDs	81177
nonFullTGDs	788		fullTGDs	38172			newNonFullTGDs	0		newFullTGDs	81077
nonFullTGDs	788		fullTGDs	38272			newNonFullTGDs	0		newFullTGDs	80977
nonFullTGDs	788		fullTGDs	38372			newNonFullTGDs	0		newFullTGDs	80877
nonFullTGDs	788		fullTGDs	38472			newNonFullTGDs	0		newFullTGDs	80777
nonFullTGDs	788		fullTGDs	38572			newNonFullTGDs	0		newFullTGDs	80677
nonFullTGDs	788		fullTGDs	38672			newNonFullTGDs	0		newFullTGDs	80577
nonFullTGDs	788		fullTGDs	38772			newNonFullTGDs	0		newFullTGDs	80477
nonFullTGDs	788		fullTGDs	38872			newNonFullTGDs	0		newFullTGDs	80377
nonFullTGDs	788		fullTGDs	38972			newNonFullTGDs	0		newFullTGDs	80277
nonFullTGDs	788		fullTGDs	39072			newNonFullTGDs	0		newFullTGDs	80177
nonFullTGDs	788		fullTGDs	39172			newNonFullTGDs	0		newFullTGDs	80077
nonFullTGDs	788		fullTGDs	39272			newNonFullTGDs	0		newFullTGDs	79977
nonFullTGDs	788		fullTGDs	39372			newNonFullTGDs	0		newFullTGDs	79877
nonFullTGDs	788		fullTGDs	39472			newNonFullTGDs	0		newFullTGDs	79777
nonFullTGDs	788		fullTGDs	39572			newNonFullTGDs	0		newFullTGDs	79677
nonFullTGDs	788		fullTGDs	39672			newNonFullTGDs	0		newFullTGDs	79577
nonFullTGDs	788		fullTGDs	39772			newNonFullTGDs	0		newFullTGDs	79477
nonFullTGDs	788		fullTGDs	39871			newNonFullTGDs	0		newFullTGDs	79378
nonFullTGDs	788		fullTGDs	39971			newNonFullTGDs	0		newFullTGDs	79278
nonFullTGDs	788		fullTGDs	40071			newNonFullTGDs	0		newFullTGDs	79178
nonFullTGDs	788		fullTGDs	40171			newNonFullTGDs	0		newFullTGDs	79078
nonFullTGDs	788		fullTGDs	40271			newNonFullTGDs	0		newFullTGDs	78978
nonFullTGDs	788		fullTGDs	40370			newNonFullTGDs	0		newFullTGDs	78879
nonFullTGDs	788		fullTGDs	40470			newNonFullTGDs	0		newFullTGDs	78779
nonFullTGDs	788		fullTGDs	40570			newNonFullTGDs	0		newFullTGDs	78679
nonFullTGDs	788		fullTGDs	40668			newNonFullTGDs	0		newFullTGDs	78581
nonFullTGDs	788		fullTGDs	40768			newNonFullTGDs	0		newFullTGDs	78481
nonFullTGDs	788		fullTGDs	40868			newNonFullTGDs	0		newFullTGDs	78381
nonFullTGDs	788		fullTGDs	40968			newNonFullTGDs	0		newFullTGDs	78281
nonFullTGDs	788		fullTGDs	41068			newNonFullTGDs	0		newFullTGDs	78181
nonFullTGDs	788		fullTGDs	41168			newNonFullTGDs	0		newFullTGDs	78081
nonFullTGDs	788		fullTGDs	41268			newNonFullTGDs	0		newFullTGDs	77981
nonFullTGDs	788		fullTGDs	41368			newNonFullTGDs	0		newFullTGDs	77881
nonFullTGDs	788		fullTGDs	41468			newNonFullTGDs	0		newFullTGDs	77781
nonFullTGDs	788		fullTGDs	41568			newNonFullTGDs	0		newFullTGDs	77681
nonFullTGDs	788		fullTGDs	41668			newNonFullTGDs	0		newFullTGDs	77581
nonFullTGDs	788		fullTGDs	41768			newNonFullTGDs	0		newFullTGDs	77481
nonFullTGDs	788		fullTGDs	41867			newNonFullTGDs	0		newFullTGDs	77382
nonFullTGDs	788		fullTGDs	41967			newNonFullTGDs	0		newFullTGDs	77282
nonFullTGDs	788		fullTGDs	42066			newNonFullTGDs	0		newFullTGDs	77183
nonFullTGDs	788		fullTGDs	42164			newNonFullTGDs	0		newFullTGDs	77085
nonFullTGDs	788		fullTGDs	42264			newNonFullTGDs	0		newFullTGDs	76985
nonFullTGDs	788		fullTGDs	42364			newNonFullTGDs	0		newFullTGDs	76885
nonFullTGDs	788		fullTGDs	42464			newNonFullTGDs	0		newFullTGDs	76785
nonFullTGDs	788		fullTGDs	42564			newNonFullTGDs	0		newFullTGDs	76685
nonFullTGDs	788		fullTGDs	42663			newNonFullTGDs	0		newFullTGDs	76586
nonFullTGDs	788		fullTGDs	42763			newNonFullTGDs	0		newFullTGDs	76486
nonFullTGDs	788		fullTGDs	42863			newNonFullTGDs	0		newFullTGDs	76386
nonFullTGDs	788		fullTGDs	42963			newNonFullTGDs	0		newFullTGDs	76286
nonFullTGDs	788		fullTGDs	43063			newNonFullTGDs	0		newFullTGDs	76186
nonFullTGDs	788		fullTGDs	43163			newNonFullTGDs	0		newFullTGDs	76086
nonFullTGDs	788		fullTGDs	43263			newNonFullTGDs	0		newFullTGDs	75986
nonFullTGDs	788		fullTGDs	43363			newNonFullTGDs	0		newFullTGDs	75886
nonFullTGDs	788		fullTGDs	43463			newNonFullTGDs	0		newFullTGDs	75786
nonFullTGDs	788		fullTGDs	43563			newNonFullTGDs	0		newFullTGDs	75686
nonFullTGDs	788		fullTGDs	43663			newNonFullTGDs	0		newFullTGDs	75586
nonFullTGDs	788		fullTGDs	43763			newNonFullTGDs	0		newFullTGDs	75486
nonFullTGDs	788		fullTGDs	43863			newNonFullTGDs	0		newFullTGDs	75386
nonFullTGDs	788		fullTGDs	43963			newNonFullTGDs	0		newFullTGDs	75286
nonFullTGDs	788		fullTGDs	44063			newNonFullTGDs	0		newFullTGDs	75186
nonFullTGDs	788		fullTGDs	44163			newNonFullTGDs	0		newFullTGDs	75086
nonFullTGDs	788		fullTGDs	44262			newNonFullTGDs	0		newFullTGDs	74987
nonFullTGDs	788		fullTGDs	44362			newNonFullTGDs	0		newFullTGDs	74887
nonFullTGDs	788		fullTGDs	44462			newNonFullTGDs	0		newFullTGDs	74787
nonFullTGDs	788		fullTGDs	44562			newNonFullTGDs	0		newFullTGDs	74687
nonFullTGDs	788		fullTGDs	44661			newNonFullTGDs	0		newFullTGDs	74588
nonFullTGDs	788		fullTGDs	44760			newNonFullTGDs	0		newFullTGDs	74489
nonFullTGDs	788		fullTGDs	44860			newNonFullTGDs	0		newFullTGDs	74389
nonFullTGDs	788		fullTGDs	44960			newNonFullTGDs	0		newFullTGDs	74289
nonFullTGDs	788		fullTGDs	45059			newNonFullTGDs	0		newFullTGDs	74190
nonFullTGDs	788		fullTGDs	45158			newNonFullTGDs	0		newFullTGDs	74091
nonFullTGDs	788		fullTGDs	45255			newNonFullTGDs	0		newFullTGDs	73994
nonFullTGDs	788		fullTGDs	45355			newNonFullTGDs	0		newFullTGDs	73894
nonFullTGDs	788		fullTGDs	45455			newNonFullTGDs	0		newFullTGDs	73794
nonFullTGDs	788		fullTGDs	45555			newNonFullTGDs	0		newFullTGDs	73694
nonFullTGDs	788		fullTGDs	45655			newNonFullTGDs	0		newFullTGDs	73594
nonFullTGDs	788		fullTGDs	45755			newNonFullTGDs	0		newFullTGDs	73494
nonFullTGDs	788		fullTGDs	45855			newNonFullTGDs	0		newFullTGDs	73394
nonFullTGDs	788		fullTGDs	45955			newNonFullTGDs	0		newFullTGDs	73294
nonFullTGDs	788		fullTGDs	46055			newNonFullTGDs	0		newFullTGDs	73194
nonFullTGDs	788		fullTGDs	46154			newNonFullTGDs	0		newFullTGDs	73095
nonFullTGDs	788		fullTGDs	46254			newNonFullTGDs	0		newFullTGDs	72995
nonFullTGDs	788		fullTGDs	46353			newNonFullTGDs	0		newFullTGDs	72896
nonFullTGDs	788		fullTGDs	46452			newNonFullTGDs	0		newFullTGDs	72797
nonFullTGDs	788		fullTGDs	46552			newNonFullTGDs	0		newFullTGDs	72697
nonFullTGDs	788		fullTGDs	46652			newNonFullTGDs	0		newFullTGDs	72597
nonFullTGDs	788		fullTGDs	46752			newNonFullTGDs	0		newFullTGDs	72497
nonFullTGDs	788		fullTGDs	46852			newNonFullTGDs	0		newFullTGDs	72397
nonFullTGDs	788		fullTGDs	46952			newNonFullTGDs	0		newFullTGDs	72297
nonFullTGDs	788		fullTGDs	47052			newNonFullTGDs	0		newFullTGDs	72197
nonFullTGDs	788		fullTGDs	47152			newNonFullTGDs	0		newFullTGDs	72097
nonFullTGDs	788		fullTGDs	47252			newNonFullTGDs	0		newFullTGDs	71997
nonFullTGDs	788		fullTGDs	47352			newNonFullTGDs	0		newFullTGDs	71897
nonFullTGDs	788		fullTGDs	47452			newNonFullTGDs	0		newFullTGDs	71797
nonFullTGDs	788		fullTGDs	47552			newNonFullTGDs	0		newFullTGDs	71697
nonFullTGDs	788		fullTGDs	47652			newNonFullTGDs	0		newFullTGDs	71597
nonFullTGDs	788		fullTGDs	47752			newNonFullTGDs	0		newFullTGDs	71497
nonFullTGDs	788		fullTGDs	47852			newNonFullTGDs	0		newFullTGDs	71397
nonFullTGDs	788		fullTGDs	47952			newNonFullTGDs	0		newFullTGDs	71297
nonFullTGDs	788		fullTGDs	48052			newNonFullTGDs	0		newFullTGDs	71197
nonFullTGDs	788		fullTGDs	48152			newNonFullTGDs	0		newFullTGDs	71097
nonFullTGDs	788		fullTGDs	48252			newNonFullTGDs	0		newFullTGDs	70997
nonFullTGDs	788		fullTGDs	48352			newNonFullTGDs	0		newFullTGDs	70897
nonFullTGDs	788		fullTGDs	48452			newNonFullTGDs	0		newFullTGDs	70797
nonFullTGDs	788		fullTGDs	48552			newNonFullTGDs	0		newFullTGDs	70697
nonFullTGDs	788		fullTGDs	48652			newNonFullTGDs	0		newFullTGDs	70597
nonFullTGDs	788		fullTGDs	48752			newNonFullTGDs	0		newFullTGDs	70497
nonFullTGDs	788		fullTGDs	48852			newNonFullTGDs	0		newFullTGDs	70397
nonFullTGDs	788		fullTGDs	48952			newNonFullTGDs	0		newFullTGDs	70297
nonFullTGDs	788		fullTGDs	49052			newNonFullTGDs	0		newFullTGDs	70197
nonFullTGDs	788		fullTGDs	49152			newNonFullTGDs	0		newFullTGDs	70097
nonFullTGDs	788		fullTGDs	49252			newNonFullTGDs	0		newFullTGDs	69997
nonFullTGDs	788		fullTGDs	49352			newNonFullTGDs	0		newFullTGDs	69897
nonFullTGDs	788		fullTGDs	49452			newNonFullTGDs	0		newFullTGDs	69797
nonFullTGDs	788		fullTGDs	49552			newNonFullTGDs	0		newFullTGDs	69697
nonFullTGDs	788		fullTGDs	49652			newNonFullTGDs	0		newFullTGDs	69597
nonFullTGDs	788		fullTGDs	49751			newNonFullTGDs	0		newFullTGDs	69498
nonFullTGDs	788		fullTGDs	49850			newNonFullTGDs	0		newFullTGDs	69399
nonFullTGDs	788		fullTGDs	49950			newNonFullTGDs	0		newFullTGDs	69299
nonFullTGDs	788		fullTGDs	50050			newNonFullTGDs	0		newFullTGDs	69199
nonFullTGDs	788		fullTGDs	50150			newNonFullTGDs	0		newFullTGDs	69099
nonFullTGDs	788		fullTGDs	50250			newNonFullTGDs	0		newFullTGDs	68999
nonFullTGDs	788		fullTGDs	50349			newNonFullTGDs	0		newFullTGDs	68900
nonFullTGDs	788		fullTGDs	50449			newNonFullTGDs	0		newFullTGDs	68800
nonFullTGDs	788		fullTGDs	50548			newNonFullTGDs	0		newFullTGDs	68701
nonFullTGDs	788		fullTGDs	50648			newNonFullTGDs	0		newFullTGDs	68601
nonFullTGDs	788		fullTGDs	50746			newNonFullTGDs	0		newFullTGDs	68503
nonFullTGDs	788		fullTGDs	50846			newNonFullTGDs	0		newFullTGDs	68403
nonFullTGDs	788		fullTGDs	50945			newNonFullTGDs	0		newFullTGDs	68304
nonFullTGDs	788		fullTGDs	51045			newNonFullTGDs	0		newFullTGDs	68204
nonFullTGDs	788		fullTGDs	51145			newNonFullTGDs	0		newFullTGDs	68104
nonFullTGDs	788		fullTGDs	51245			newNonFullTGDs	0		newFullTGDs	68004
nonFullTGDs	788		fullTGDs	51345			newNonFullTGDs	0		newFullTGDs	67904
nonFullTGDs	788		fullTGDs	51445			newNonFullTGDs	0		newFullTGDs	67804
nonFullTGDs	788		fullTGDs	51545			newNonFullTGDs	0		newFullTGDs	67704
nonFullTGDs	788		fullTGDs	51644			newNonFullTGDs	0		newFullTGDs	67605
nonFullTGDs	788		fullTGDs	51744			newNonFullTGDs	0		newFullTGDs	67505
nonFullTGDs	788		fullTGDs	51844			newNonFullTGDs	0		newFullTGDs	67405
nonFullTGDs	788		fullTGDs	51944			newNonFullTGDs	0		newFullTGDs	67305
nonFullTGDs	788		fullTGDs	52044			newNonFullTGDs	0		newFullTGDs	67205
nonFullTGDs	788		fullTGDs	52144			newNonFullTGDs	0		newFullTGDs	67105
nonFullTGDs	788		fullTGDs	52244			newNonFullTGDs	0		newFullTGDs	67005
nonFullTGDs	788		fullTGDs	52344			newNonFullTGDs	0		newFullTGDs	66905
nonFullTGDs	788		fullTGDs	52444			newNonFullTGDs	0		newFullTGDs	66805
nonFullTGDs	788		fullTGDs	52543			newNonFullTGDs	0		newFullTGDs	66706
nonFullTGDs	788		fullTGDs	52643			newNonFullTGDs	0		newFullTGDs	66606
nonFullTGDs	788		fullTGDs	52742			newNonFullTGDs	0		newFullTGDs	66507
nonFullTGDs	788		fullTGDs	52841			newNonFullTGDs	0		newFullTGDs	66408
nonFullTGDs	788		fullTGDs	52941			newNonFullTGDs	0		newFullTGDs	66308
nonFullTGDs	788		fullTGDs	53041			newNonFullTGDs	0		newFullTGDs	66208
nonFullTGDs	788		fullTGDs	53141			newNonFullTGDs	0		newFullTGDs	66108
nonFullTGDs	788		fullTGDs	53241			newNonFullTGDs	0		newFullTGDs	66008
nonFullTGDs	788		fullTGDs	53341			newNonFullTGDs	0		newFullTGDs	65908
nonFullTGDs	788		fullTGDs	53440			newNonFullTGDs	0		newFullTGDs	65809
nonFullTGDs	788		fullTGDs	53539			newNonFullTGDs	0		newFullTGDs	65710
nonFullTGDs	788		fullTGDs	53639			newNonFullTGDs	0		newFullTGDs	65610
nonFullTGDs	788		fullTGDs	53739			newNonFullTGDs	0		newFullTGDs	65510
nonFullTGDs	788		fullTGDs	53839			newNonFullTGDs	0		newFullTGDs	65410
nonFullTGDs	788		fullTGDs	53939			newNonFullTGDs	0		newFullTGDs	65310
nonFullTGDs	788		fullTGDs	54039			newNonFullTGDs	0		newFullTGDs	65210
nonFullTGDs	788		fullTGDs	54139			newNonFullTGDs	0		newFullTGDs	65110
nonFullTGDs	788		fullTGDs	54237			newNonFullTGDs	0		newFullTGDs	65012
nonFullTGDs	788		fullTGDs	54336			newNonFullTGDs	0		newFullTGDs	64913
nonFullTGDs	788		fullTGDs	54436			newNonFullTGDs	0		newFullTGDs	64813
nonFullTGDs	788		fullTGDs	54534			newNonFullTGDs	0		newFullTGDs	64715
nonFullTGDs	788		fullTGDs	54633			newNonFullTGDs	0		newFullTGDs	64616
nonFullTGDs	788		fullTGDs	54733			newNonFullTGDs	0		newFullTGDs	64516
nonFullTGDs	788		fullTGDs	54833			newNonFullTGDs	0		newFullTGDs	64416
nonFullTGDs	788		fullTGDs	54933			newNonFullTGDs	0		newFullTGDs	64316
nonFullTGDs	788		fullTGDs	55033			newNonFullTGDs	0		newFullTGDs	64216
nonFullTGDs	788		fullTGDs	55132			newNonFullTGDs	0		newFullTGDs	64117
nonFullTGDs	788		fullTGDs	55232			newNonFullTGDs	0		newFullTGDs	64017
nonFullTGDs	788		fullTGDs	55332			newNonFullTGDs	0		newFullTGDs	63917
nonFullTGDs	788		fullTGDs	55431			newNonFullTGDs	0		newFullTGDs	63818
nonFullTGDs	788		fullTGDs	55531			newNonFullTGDs	0		newFullTGDs	63718
nonFullTGDs	788		fullTGDs	55631			newNonFullTGDs	0		newFullTGDs	63618
nonFullTGDs	788		fullTGDs	55731			newNonFullTGDs	0		newFullTGDs	63518
nonFullTGDs	788		fullTGDs	55831			newNonFullTGDs	0		newFullTGDs	63418
nonFullTGDs	788		fullTGDs	55931			newNonFullTGDs	0		newFullTGDs	63318
nonFullTGDs	788		fullTGDs	56031			newNonFullTGDs	0		newFullTGDs	63218
nonFullTGDs	788		fullTGDs	56131			newNonFullTGDs	0		newFullTGDs	63118
nonFullTGDs	788		fullTGDs	56231			newNonFullTGDs	0		newFullTGDs	63018
nonFullTGDs	788		fullTGDs	56331			newNonFullTGDs	0		newFullTGDs	62918
nonFullTGDs	788		fullTGDs	56431			newNonFullTGDs	0		newFullTGDs	62818
nonFullTGDs	788		fullTGDs	56531			newNonFullTGDs	0		newFullTGDs	62718
nonFullTGDs	788		fullTGDs	56631			newNonFullTGDs	0		newFullTGDs	62618
nonFullTGDs	788		fullTGDs	56731			newNonFullTGDs	0		newFullTGDs	62518
nonFullTGDs	788		fullTGDs	56831			newNonFullTGDs	0		newFullTGDs	62418
nonFullTGDs	788		fullTGDs	56931			newNonFullTGDs	0		newFullTGDs	62318
nonFullTGDs	788		fullTGDs	57031			newNonFullTGDs	0		newFullTGDs	62218
nonFullTGDs	788		fullTGDs	57131			newNonFullTGDs	0		newFullTGDs	62118
nonFullTGDs	788		fullTGDs	57231			newNonFullTGDs	0		newFullTGDs	62018
nonFullTGDs	788		fullTGDs	57331			newNonFullTGDs	0		newFullTGDs	61918
nonFullTGDs	788		fullTGDs	57430			newNonFullTGDs	0		newFullTGDs	61819
nonFullTGDs	788		fullTGDs	57530			newNonFullTGDs	0		newFullTGDs	61719
nonFullTGDs	788		fullTGDs	57630			newNonFullTGDs	0		newFullTGDs	61619
nonFullTGDs	788		fullTGDs	57729			newNonFullTGDs	0		newFullTGDs	61520
nonFullTGDs	788		fullTGDs	57829			newNonFullTGDs	0		newFullTGDs	61420
nonFullTGDs	788		fullTGDs	57929			newNonFullTGDs	0		newFullTGDs	61320
nonFullTGDs	788		fullTGDs	58029			newNonFullTGDs	0		newFullTGDs	61220
nonFullTGDs	788		fullTGDs	58129			newNonFullTGDs	0		newFullTGDs	61120
nonFullTGDs	788		fullTGDs	58229			newNonFullTGDs	0		newFullTGDs	61020
nonFullTGDs	788		fullTGDs	58329			newNonFullTGDs	0		newFullTGDs	60920
nonFullTGDs	788		fullTGDs	58429			newNonFullTGDs	0		newFullTGDs	60820
nonFullTGDs	788		fullTGDs	58529			newNonFullTGDs	0		newFullTGDs	60720
nonFullTGDs	788		fullTGDs	58629			newNonFullTGDs	0		newFullTGDs	60620
nonFullTGDs	788		fullTGDs	58729			newNonFullTGDs	0		newFullTGDs	60520
nonFullTGDs	788		fullTGDs	58829			newNonFullTGDs	0		newFullTGDs	60420
nonFullTGDs	788		fullTGDs	58929			newNonFullTGDs	0		newFullTGDs	60320
nonFullTGDs	788		fullTGDs	59029			newNonFullTGDs	0		newFullTGDs	60220
nonFullTGDs	788		fullTGDs	59129			newNonFullTGDs	0		newFullTGDs	60120
nonFullTGDs	788		fullTGDs	59229			newNonFullTGDs	0		newFullTGDs	60020
nonFullTGDs	788		fullTGDs	59329			newNonFullTGDs	0		newFullTGDs	59920
nonFullTGDs	788		fullTGDs	59429			newNonFullTGDs	0		newFullTGDs	59820
nonFullTGDs	788		fullTGDs	59528			newNonFullTGDs	0		newFullTGDs	59721
nonFullTGDs	788		fullTGDs	59627			newNonFullTGDs	0		newFullTGDs	59622
nonFullTGDs	788		fullTGDs	59727			newNonFullTGDs	0		newFullTGDs	59522
nonFullTGDs	788		fullTGDs	59827			newNonFullTGDs	0		newFullTGDs	59422
nonFullTGDs	788		fullTGDs	59927			newNonFullTGDs	0		newFullTGDs	59322
nonFullTGDs	788		fullTGDs	60027			newNonFullTGDs	0		newFullTGDs	59222
nonFullTGDs	788		fullTGDs	60127			newNonFullTGDs	0		newFullTGDs	59122
nonFullTGDs	788		fullTGDs	60227			newNonFullTGDs	0		newFullTGDs	59022
nonFullTGDs	788		fullTGDs	60327			newNonFullTGDs	0		newFullTGDs	58922
nonFullTGDs	788		fullTGDs	60427			newNonFullTGDs	0		newFullTGDs	58822
nonFullTGDs	788		fullTGDs	60527			newNonFullTGDs	0		newFullTGDs	58722
nonFullTGDs	788		fullTGDs	60627			newNonFullTGDs	0		newFullTGDs	58622
nonFullTGDs	788		fullTGDs	60727			newNonFullTGDs	0		newFullTGDs	58522
nonFullTGDs	788		fullTGDs	60827			newNonFullTGDs	0		newFullTGDs	58422
nonFullTGDs	788		fullTGDs	60927			newNonFullTGDs	0		newFullTGDs	58322
nonFullTGDs	788		fullTGDs	61027			newNonFullTGDs	0		newFullTGDs	58222
nonFullTGDs	788		fullTGDs	61126			newNonFullTGDs	0		newFullTGDs	58123
nonFullTGDs	788		fullTGDs	61226			newNonFullTGDs	0		newFullTGDs	58023
nonFullTGDs	788		fullTGDs	61326			newNonFullTGDs	0		newFullTGDs	57923
nonFullTGDs	788		fullTGDs	61426			newNonFullTGDs	0		newFullTGDs	57823
nonFullTGDs	788		fullTGDs	61526			newNonFullTGDs	0		newFullTGDs	57723
nonFullTGDs	788		fullTGDs	61625			newNonFullTGDs	0		newFullTGDs	57624
nonFullTGDs	788		fullTGDs	61725			newNonFullTGDs	0		newFullTGDs	57524
nonFullTGDs	788		fullTGDs	61825			newNonFullTGDs	0		newFullTGDs	57424
nonFullTGDs	788		fullTGDs	61924			newNonFullTGDs	0		newFullTGDs	57325
nonFullTGDs	788		fullTGDs	62022			newNonFullTGDs	0		newFullTGDs	57227
nonFullTGDs	788		fullTGDs	62122			newNonFullTGDs	0		newFullTGDs	57127
nonFullTGDs	788		fullTGDs	62222			newNonFullTGDs	0		newFullTGDs	57027
nonFullTGDs	788		fullTGDs	62322			newNonFullTGDs	0		newFullTGDs	56927
nonFullTGDs	788		fullTGDs	62421			newNonFullTGDs	0		newFullTGDs	56828
nonFullTGDs	788		fullTGDs	62521			newNonFullTGDs	0		newFullTGDs	56728
nonFullTGDs	788		fullTGDs	62619			newNonFullTGDs	0		newFullTGDs	56630
nonFullTGDs	788		fullTGDs	62719			newNonFullTGDs	0		newFullTGDs	56530
nonFullTGDs	788		fullTGDs	62819			newNonFullTGDs	0		newFullTGDs	56430
nonFullTGDs	788		fullTGDs	62919			newNonFullTGDs	0		newFullTGDs	56330
nonFullTGDs	788		fullTGDs	63019			newNonFullTGDs	0		newFullTGDs	56230
nonFullTGDs	788		fullTGDs	63119			newNonFullTGDs	0		newFullTGDs	56130
nonFullTGDs	788		fullTGDs	63219			newNonFullTGDs	0		newFullTGDs	56030
nonFullTGDs	788		fullTGDs	63319			newNonFullTGDs	0		newFullTGDs	55930
nonFullTGDs	788		fullTGDs	63419			newNonFullTGDs	0		newFullTGDs	55830
nonFullTGDs	788		fullTGDs	63519			newNonFullTGDs	0		newFullTGDs	55730
nonFullTGDs	788		fullTGDs	63619			newNonFullTGDs	0		newFullTGDs	55630
nonFullTGDs	788		fullTGDs	63718			newNonFullTGDs	0		newFullTGDs	55531
nonFullTGDs	788		fullTGDs	63818			newNonFullTGDs	0		newFullTGDs	55431
nonFullTGDs	788		fullTGDs	63918			newNonFullTGDs	0		newFullTGDs	55331
nonFullTGDs	788		fullTGDs	64017			newNonFullTGDs	0		newFullTGDs	55232
nonFullTGDs	788		fullTGDs	64117			newNonFullTGDs	0		newFullTGDs	55132
nonFullTGDs	788		fullTGDs	64217			newNonFullTGDs	0		newFullTGDs	55032
nonFullTGDs	788		fullTGDs	64317			newNonFullTGDs	0		newFullTGDs	54932
nonFullTGDs	788		fullTGDs	64417			newNonFullTGDs	0		newFullTGDs	54832
nonFullTGDs	788		fullTGDs	64517			newNonFullTGDs	0		newFullTGDs	54732
nonFullTGDs	788		fullTGDs	64617			newNonFullTGDs	0		newFullTGDs	54632
nonFullTGDs	788		fullTGDs	64717			newNonFullTGDs	0		newFullTGDs	54532
nonFullTGDs	788		fullTGDs	64817			newNonFullTGDs	0		newFullTGDs	54432
nonFullTGDs	788		fullTGDs	64915			newNonFullTGDs	0		newFullTGDs	54334
nonFullTGDs	788		fullTGDs	65015			newNonFullTGDs	0		newFullTGDs	54234
nonFullTGDs	788		fullTGDs	65115			newNonFullTGDs	0		newFullTGDs	54134
nonFullTGDs	788		fullTGDs	65215			newNonFullTGDs	0		newFullTGDs	54034
nonFullTGDs	788		fullTGDs	65315			newNonFullTGDs	0		newFullTGDs	53934
nonFullTGDs	788		fullTGDs	65415			newNonFullTGDs	0		newFullTGDs	53834
nonFullTGDs	788		fullTGDs	65515			newNonFullTGDs	0		newFullTGDs	53734
nonFullTGDs	788		fullTGDs	65615			newNonFullTGDs	0		newFullTGDs	53634
nonFullTGDs	788		fullTGDs	65715			newNonFullTGDs	0		newFullTGDs	53534
nonFullTGDs	788		fullTGDs	65815			newNonFullTGDs	0		newFullTGDs	53434
nonFullTGDs	788		fullTGDs	65915			newNonFullTGDs	0		newFullTGDs	53334
nonFullTGDs	788		fullTGDs	66014			newNonFullTGDs	0		newFullTGDs	53235
nonFullTGDs	788		fullTGDs	66114			newNonFullTGDs	0		newFullTGDs	53135
nonFullTGDs	788		fullTGDs	66214			newNonFullTGDs	0		newFullTGDs	53035
nonFullTGDs	788		fullTGDs	66314			newNonFullTGDs	0		newFullTGDs	52935
nonFullTGDs	788		fullTGDs	66414			newNonFullTGDs	0		newFullTGDs	52835
nonFullTGDs	788		fullTGDs	66514			newNonFullTGDs	0		newFullTGDs	52735
nonFullTGDs	788		fullTGDs	66614			newNonFullTGDs	0		newFullTGDs	52635
nonFullTGDs	788		fullTGDs	66714			newNonFullTGDs	0		newFullTGDs	52535
nonFullTGDs	788		fullTGDs	66814			newNonFullTGDs	0		newFullTGDs	52435
nonFullTGDs	788		fullTGDs	66914			newNonFullTGDs	0		newFullTGDs	52335
nonFullTGDs	788		fullTGDs	67014			newNonFullTGDs	0		newFullTGDs	52235
nonFullTGDs	788		fullTGDs	67114			newNonFullTGDs	0		newFullTGDs	52135
nonFullTGDs	788		fullTGDs	67214			newNonFullTGDs	0		newFullTGDs	52035
nonFullTGDs	788		fullTGDs	67314			newNonFullTGDs	0		newFullTGDs	51935
nonFullTGDs	788		fullTGDs	67414			newNonFullTGDs	0		newFullTGDs	51835
nonFullTGDs	788		fullTGDs	67514			newNonFullTGDs	0		newFullTGDs	51735
nonFullTGDs	788		fullTGDs	67614			newNonFullTGDs	0		newFullTGDs	51635
nonFullTGDs	788		fullTGDs	67714			newNonFullTGDs	0		newFullTGDs	51535
nonFullTGDs	788		fullTGDs	67814			newNonFullTGDs	0		newFullTGDs	51435
nonFullTGDs	788		fullTGDs	67914			newNonFullTGDs	0		newFullTGDs	51335
nonFullTGDs	788		fullTGDs	68014			newNonFullTGDs	0		newFullTGDs	51235
nonFullTGDs	788		fullTGDs	68114			newNonFullTGDs	0		newFullTGDs	51135
nonFullTGDs	788		fullTGDs	68214			newNonFullTGDs	0		newFullTGDs	51035
nonFullTGDs	788		fullTGDs	68314			newNonFullTGDs	0		newFullTGDs	50935
nonFullTGDs	788		fullTGDs	68414			newNonFullTGDs	0		newFullTGDs	50835
nonFullTGDs	788		fullTGDs	68514			newNonFullTGDs	0		newFullTGDs	50735
nonFullTGDs	788		fullTGDs	68614			newNonFullTGDs	0		newFullTGDs	50635
nonFullTGDs	788		fullTGDs	68713			newNonFullTGDs	0		newFullTGDs	50536
nonFullTGDs	788		fullTGDs	68813			newNonFullTGDs	0		newFullTGDs	50436
nonFullTGDs	788		fullTGDs	68913			newNonFullTGDs	0		newFullTGDs	50336
nonFullTGDs	788		fullTGDs	69013			newNonFullTGDs	0		newFullTGDs	50236
nonFullTGDs	788		fullTGDs	69110			newNonFullTGDs	0		newFullTGDs	50139
nonFullTGDs	788		fullTGDs	69210			newNonFullTGDs	0		newFullTGDs	50039
nonFullTGDs	788		fullTGDs	69310			newNonFullTGDs	0		newFullTGDs	49939
nonFullTGDs	788		fullTGDs	69410			newNonFullTGDs	0		newFullTGDs	49839
nonFullTGDs	788		fullTGDs	69510			newNonFullTGDs	0		newFullTGDs	49739
nonFullTGDs	788		fullTGDs	69610			newNonFullTGDs	0		newFullTGDs	49639
nonFullTGDs	788		fullTGDs	69709			newNonFullTGDs	0		newFullTGDs	49540
nonFullTGDs	788		fullTGDs	69809			newNonFullTGDs	0		newFullTGDs	49440
nonFullTGDs	788		fullTGDs	69909			newNonFullTGDs	0		newFullTGDs	49340
nonFullTGDs	788		fullTGDs	70009			newNonFullTGDs	0		newFullTGDs	49240
nonFullTGDs	788		fullTGDs	70109			newNonFullTGDs	0		newFullTGDs	49140
nonFullTGDs	788		fullTGDs	70209			newNonFullTGDs	0		newFullTGDs	49040
nonFullTGDs	788		fullTGDs	70309			newNonFullTGDs	0		newFullTGDs	48940
nonFullTGDs	788		fullTGDs	70409			newNonFullTGDs	0		newFullTGDs	48840
nonFullTGDs	788		fullTGDs	70509			newNonFullTGDs	0		newFullTGDs	48740
nonFullTGDs	788		fullTGDs	70609			newNonFullTGDs	0		newFullTGDs	48640
nonFullTGDs	788		fullTGDs	70709			newNonFullTGDs	0		newFullTGDs	48540
nonFullTGDs	788		fullTGDs	70809			newNonFullTGDs	0		newFullTGDs	48440
nonFullTGDs	788		fullTGDs	70909			newNonFullTGDs	0		newFullTGDs	48340
nonFullTGDs	788		fullTGDs	71006			newNonFullTGDs	0		newFullTGDs	48243
nonFullTGDs	788		fullTGDs	71106			newNonFullTGDs	0		newFullTGDs	48143
nonFullTGDs	788		fullTGDs	71206			newNonFullTGDs	0		newFullTGDs	48043
nonFullTGDs	788		fullTGDs	71305			newNonFullTGDs	0		newFullTGDs	47944
nonFullTGDs	788		fullTGDs	71405			newNonFullTGDs	0		newFullTGDs	47844
nonFullTGDs	788		fullTGDs	71505			newNonFullTGDs	0		newFullTGDs	47744
nonFullTGDs	788		fullTGDs	71604			newNonFullTGDs	0		newFullTGDs	47645
nonFullTGDs	788		fullTGDs	71702			newNonFullTGDs	0		newFullTGDs	47547
nonFullTGDs	788		fullTGDs	71801			newNonFullTGDs	0		newFullTGDs	47448
nonFullTGDs	788		fullTGDs	71900			newNonFullTGDs	0		newFullTGDs	47349
nonFullTGDs	788		fullTGDs	71998			newNonFullTGDs	0		newFullTGDs	47251
nonFullTGDs	788		fullTGDs	72097			newNonFullTGDs	0		newFullTGDs	47152
nonFullTGDs	788		fullTGDs	72197			newNonFullTGDs	0		newFullTGDs	47052
nonFullTGDs	788		fullTGDs	72293			newNonFullTGDs	0		newFullTGDs	46956
nonFullTGDs	788		fullTGDs	72392			newNonFullTGDs	0		newFullTGDs	46857
nonFullTGDs	788		fullTGDs	72492			newNonFullTGDs	0		newFullTGDs	46757
nonFullTGDs	788		fullTGDs	72592			newNonFullTGDs	0		newFullTGDs	46657
nonFullTGDs	788		fullTGDs	72692			newNonFullTGDs	0		newFullTGDs	46557
nonFullTGDs	788		fullTGDs	72792			newNonFullTGDs	0		newFullTGDs	46457
nonFullTGDs	788		fullTGDs	72891			newNonFullTGDs	0		newFullTGDs	46358
nonFullTGDs	788		fullTGDs	72990			newNonFullTGDs	0		newFullTGDs	46259
nonFullTGDs	788		fullTGDs	73089			newNonFullTGDs	0		newFullTGDs	46160
nonFullTGDs	788		fullTGDs	73189			newNonFullTGDs	0		newFullTGDs	46060
nonFullTGDs	788		fullTGDs	73289			newNonFullTGDs	0		newFullTGDs	45960
nonFullTGDs	788		fullTGDs	73387			newNonFullTGDs	0		newFullTGDs	45862
nonFullTGDs	788		fullTGDs	73486			newNonFullTGDs	0		newFullTGDs	45763
nonFullTGDs	788		fullTGDs	73586			newNonFullTGDs	0		newFullTGDs	45663
nonFullTGDs	788		fullTGDs	73685			newNonFullTGDs	0		newFullTGDs	45564
nonFullTGDs	788		fullTGDs	73783			newNonFullTGDs	0		newFullTGDs	45466
nonFullTGDs	788		fullTGDs	73883			newNonFullTGDs	0		newFullTGDs	45366
nonFullTGDs	788		fullTGDs	73983			newNonFullTGDs	0		newFullTGDs	45266
nonFullTGDs	788		fullTGDs	74083			newNonFullTGDs	0		newFullTGDs	45166
nonFullTGDs	788		fullTGDs	74183			newNonFullTGDs	0		newFullTGDs	45066
nonFullTGDs	788		fullTGDs	74281			newNonFullTGDs	0		newFullTGDs	44968
nonFullTGDs	788		fullTGDs	74381			newNonFullTGDs	0		newFullTGDs	44868
nonFullTGDs	788		fullTGDs	74481			newNonFullTGDs	0		newFullTGDs	44768
nonFullTGDs	788		fullTGDs	74581			newNonFullTGDs	0		newFullTGDs	44668
nonFullTGDs	788		fullTGDs	74681			newNonFullTGDs	0		newFullTGDs	44568
nonFullTGDs	788		fullTGDs	74781			newNonFullTGDs	0		newFullTGDs	44468
nonFullTGDs	788		fullTGDs	74881			newNonFullTGDs	0		newFullTGDs	44368
nonFullTGDs	788		fullTGDs	74981			newNonFullTGDs	0		newFullTGDs	44268
nonFullTGDs	788		fullTGDs	75081			newNonFullTGDs	0		newFullTGDs	44168
nonFullTGDs	788		fullTGDs	75181			newNonFullTGDs	0		newFullTGDs	44068
nonFullTGDs	788		fullTGDs	75281			newNonFullTGDs	0		newFullTGDs	43968
nonFullTGDs	788		fullTGDs	75381			newNonFullTGDs	0		newFullTGDs	43868
nonFullTGDs	788		fullTGDs	75481			newNonFullTGDs	0		newFullTGDs	43768
nonFullTGDs	788		fullTGDs	75581			newNonFullTGDs	0		newFullTGDs	43668
nonFullTGDs	788		fullTGDs	75681			newNonFullTGDs	0		newFullTGDs	43568
nonFullTGDs	788		fullTGDs	75781			newNonFullTGDs	0		newFullTGDs	43468
nonFullTGDs	788		fullTGDs	75881			newNonFullTGDs	0		newFullTGDs	43368
nonFullTGDs	788		fullTGDs	75979			newNonFullTGDs	0		newFullTGDs	43269
nonFullTGDs	788		fullTGDs	76078			newNonFullTGDs	0		newFullTGDs	43170
nonFullTGDs	788		fullTGDs	76178			newNonFullTGDs	0		newFullTGDs	43070
nonFullTGDs	788		fullTGDs	76278			newNonFullTGDs	0		newFullTGDs	42970
nonFullTGDs	788		fullTGDs	76378			newNonFullTGDs	0		newFullTGDs	42870
nonFullTGDs	788		fullTGDs	76478			newNonFullTGDs	0		newFullTGDs	42770
nonFullTGDs	788		fullTGDs	76578			newNonFullTGDs	0		newFullTGDs	42670
nonFullTGDs	788		fullTGDs	76677			newNonFullTGDs	0		newFullTGDs	42571
nonFullTGDs	788		fullTGDs	76777			newNonFullTGDs	0		newFullTGDs	42471
nonFullTGDs	788		fullTGDs	76877			newNonFullTGDs	0		newFullTGDs	42371
nonFullTGDs	788		fullTGDs	76977			newNonFullTGDs	0		newFullTGDs	42271
nonFullTGDs	788		fullTGDs	77077			newNonFullTGDs	0		newFullTGDs	42171
nonFullTGDs	788		fullTGDs	77177			newNonFullTGDs	0		newFullTGDs	42071
nonFullTGDs	788		fullTGDs	77277			newNonFullTGDs	0		newFullTGDs	41971
nonFullTGDs	788		fullTGDs	77377			newNonFullTGDs	0		newFullTGDs	41871
nonFullTGDs	788		fullTGDs	77476			newNonFullTGDs	0		newFullTGDs	41772
nonFullTGDs	788		fullTGDs	77576			newNonFullTGDs	0		newFullTGDs	41672
nonFullTGDs	788		fullTGDs	77676			newNonFullTGDs	0		newFullTGDs	41572
nonFullTGDs	788		fullTGDs	77776			newNonFullTGDs	0		newFullTGDs	41472
nonFullTGDs	788		fullTGDs	77876			newNonFullTGDs	0		newFullTGDs	41372
nonFullTGDs	788		fullTGDs	77976			newNonFullTGDs	0		newFullTGDs	41272
nonFullTGDs	788		fullTGDs	78076			newNonFullTGDs	0		newFullTGDs	41172
nonFullTGDs	788		fullTGDs	78176			newNonFullTGDs	0		newFullTGDs	41072
nonFullTGDs	788		fullTGDs	78276			newNonFullTGDs	0		newFullTGDs	40972
nonFullTGDs	788		fullTGDs	78376			newNonFullTGDs	0		newFullTGDs	40872
nonFullTGDs	788		fullTGDs	78476			newNonFullTGDs	0		newFullTGDs	40772
nonFullTGDs	788		fullTGDs	78576			newNonFullTGDs	0		newFullTGDs	40672
nonFullTGDs	788		fullTGDs	78675			newNonFullTGDs	0		newFullTGDs	40573
nonFullTGDs	788		fullTGDs	78775			newNonFullTGDs	0		newFullTGDs	40473
nonFullTGDs	788		fullTGDs	78875			newNonFullTGDs	0		newFullTGDs	40373
nonFullTGDs	788		fullTGDs	78975			newNonFullTGDs	0		newFullTGDs	40273
nonFullTGDs	788		fullTGDs	79075			newNonFullTGDs	0		newFullTGDs	40173
nonFullTGDs	788		fullTGDs	79175			newNonFullTGDs	0		newFullTGDs	40073
nonFullTGDs	788		fullTGDs	79275			newNonFullTGDs	0		newFullTGDs	39973
nonFullTGDs	788		fullTGDs	79375			newNonFullTGDs	0		newFullTGDs	39873
nonFullTGDs	788		fullTGDs	79475			newNonFullTGDs	0		newFullTGDs	39773
nonFullTGDs	788		fullTGDs	79575			newNonFullTGDs	0		newFullTGDs	39673
nonFullTGDs	788		fullTGDs	79675			newNonFullTGDs	0		newFullTGDs	39573
nonFullTGDs	788		fullTGDs	79775			newNonFullTGDs	0		newFullTGDs	39473
nonFullTGDs	788		fullTGDs	79874			newNonFullTGDs	0		newFullTGDs	39374
nonFullTGDs	788		fullTGDs	79974			newNonFullTGDs	0		newFullTGDs	39274
nonFullTGDs	788		fullTGDs	80074			newNonFullTGDs	0		newFullTGDs	39174
nonFullTGDs	788		fullTGDs	80172			newNonFullTGDs	0		newFullTGDs	39076
nonFullTGDs	788		fullTGDs	80270			newNonFullTGDs	0		newFullTGDs	38978
nonFullTGDs	788		fullTGDs	80369			newNonFullTGDs	0		newFullTGDs	38879
nonFullTGDs	788		fullTGDs	80469			newNonFullTGDs	0		newFullTGDs	38779
nonFullTGDs	788		fullTGDs	80569			newNonFullTGDs	0		newFullTGDs	38679
nonFullTGDs	788		fullTGDs	80669			newNonFullTGDs	0		newFullTGDs	38579
nonFullTGDs	788		fullTGDs	80769			newNonFullTGDs	0		newFullTGDs	38479
nonFullTGDs	788		fullTGDs	80869			newNonFullTGDs	0		newFullTGDs	38379
nonFullTGDs	788		fullTGDs	80969			newNonFullTGDs	0		newFullTGDs	38279
nonFullTGDs	788		fullTGDs	81069			newNonFullTGDs	0		newFullTGDs	38179
nonFullTGDs	788		fullTGDs	81169			newNonFullTGDs	0		newFullTGDs	38079
nonFullTGDs	788		fullTGDs	81269			newNonFullTGDs	0		newFullTGDs	37979
nonFullTGDs	788		fullTGDs	81369			newNonFullTGDs	0		newFullTGDs	37879
nonFullTGDs	788		fullTGDs	81469			newNonFullTGDs	0		newFullTGDs	37779
nonFullTGDs	788		fullTGDs	81569			newNonFullTGDs	0		newFullTGDs	37679
nonFullTGDs	788		fullTGDs	81668			newNonFullTGDs	0		newFullTGDs	37580
nonFullTGDs	788		fullTGDs	81768			newNonFullTGDs	0		newFullTGDs	37480
nonFullTGDs	788		fullTGDs	81868			newNonFullTGDs	0		newFullTGDs	37380
nonFullTGDs	788		fullTGDs	81968			newNonFullTGDs	0		newFullTGDs	37280
nonFullTGDs	788		fullTGDs	82068			newNonFullTGDs	0		newFullTGDs	37180
nonFullTGDs	788		fullTGDs	82168			newNonFullTGDs	0		newFullTGDs	37080
nonFullTGDs	788		fullTGDs	82268			newNonFullTGDs	0		newFullTGDs	36980
nonFullTGDs	788		fullTGDs	82368			newNonFullTGDs	0		newFullTGDs	36880
nonFullTGDs	788		fullTGDs	82468			newNonFullTGDs	0		newFullTGDs	36780
nonFullTGDs	788		fullTGDs	82568			newNonFullTGDs	0		newFullTGDs	36680
nonFullTGDs	788		fullTGDs	82668			newNonFullTGDs	0		newFullTGDs	36580
nonFullTGDs	788		fullTGDs	82768			newNonFullTGDs	0		newFullTGDs	36480
nonFullTGDs	788		fullTGDs	82868			newNonFullTGDs	0		newFullTGDs	36380
nonFullTGDs	788		fullTGDs	82968			newNonFullTGDs	0		newFullTGDs	36280
nonFullTGDs	788		fullTGDs	83068			newNonFullTGDs	0		newFullTGDs	36180
nonFullTGDs	788		fullTGDs	83168			newNonFullTGDs	0		newFullTGDs	36080
nonFullTGDs	788		fullTGDs	83268			newNonFullTGDs	0		newFullTGDs	35980
nonFullTGDs	788		fullTGDs	83368			newNonFullTGDs	0		newFullTGDs	35880
nonFullTGDs	788		fullTGDs	83468			newNonFullTGDs	0		newFullTGDs	35780
nonFullTGDs	788		fullTGDs	83568			newNonFullTGDs	0		newFullTGDs	35680
nonFullTGDs	788		fullTGDs	83668			newNonFullTGDs	0		newFullTGDs	35580
nonFullTGDs	788		fullTGDs	83768			newNonFullTGDs	0		newFullTGDs	35480
nonFullTGDs	788		fullTGDs	83868			newNonFullTGDs	0		newFullTGDs	35380
nonFullTGDs	788		fullTGDs	83968			newNonFullTGDs	0		newFullTGDs	35280
nonFullTGDs	788		fullTGDs	84068			newNonFullTGDs	0		newFullTGDs	35180
nonFullTGDs	788		fullTGDs	84168			newNonFullTGDs	0		newFullTGDs	35080
nonFullTGDs	788		fullTGDs	84268			newNonFullTGDs	0		newFullTGDs	34980
nonFullTGDs	788		fullTGDs	84368			newNonFullTGDs	0		newFullTGDs	34880
nonFullTGDs	788		fullTGDs	84468			newNonFullTGDs	0		newFullTGDs	34780
nonFullTGDs	788		fullTGDs	84568			newNonFullTGDs	0		newFullTGDs	34680
nonFullTGDs	788		fullTGDs	84668			newNonFullTGDs	0		newFullTGDs	34580
nonFullTGDs	788		fullTGDs	84767			newNonFullTGDs	0		newFullTGDs	34481
nonFullTGDs	788		fullTGDs	84867			newNonFullTGDs	0		newFullTGDs	34381
nonFullTGDs	788		fullTGDs	84967			newNonFullTGDs	0		newFullTGDs	34281
nonFullTGDs	788		fullTGDs	85067			newNonFullTGDs	0		newFullTGDs	34181
nonFullTGDs	788		fullTGDs	85167			newNonFullTGDs	0		newFullTGDs	34081
nonFullTGDs	788		fullTGDs	85267			newNonFullTGDs	0		newFullTGDs	33981
nonFullTGDs	788		fullTGDs	85367			newNonFullTGDs	0		newFullTGDs	33881
nonFullTGDs	788		fullTGDs	85467			newNonFullTGDs	0		newFullTGDs	33781
nonFullTGDs	788		fullTGDs	85567			newNonFullTGDs	0		newFullTGDs	33681
nonFullTGDs	788		fullTGDs	85667			newNonFullTGDs	0		newFullTGDs	33581
nonFullTGDs	788		fullTGDs	85767			newNonFullTGDs	0		newFullTGDs	33481
nonFullTGDs	788		fullTGDs	85867			newNonFullTGDs	0		newFullTGDs	33381
nonFullTGDs	788		fullTGDs	85967			newNonFullTGDs	0		newFullTGDs	33281
nonFullTGDs	788		fullTGDs	86066			newNonFullTGDs	0		newFullTGDs	33182
nonFullTGDs	788		fullTGDs	86166			newNonFullTGDs	0		newFullTGDs	33082
nonFullTGDs	788		fullTGDs	86265			newNonFullTGDs	0		newFullTGDs	32983
nonFullTGDs	788		fullTGDs	86365			newNonFullTGDs	0		newFullTGDs	32883
nonFullTGDs	788		fullTGDs	86465			newNonFullTGDs	0		newFullTGDs	32783
nonFullTGDs	788		fullTGDs	86564			newNonFullTGDs	0		newFullTGDs	32684
nonFullTGDs	788		fullTGDs	86664			newNonFullTGDs	0		newFullTGDs	32584
nonFullTGDs	788		fullTGDs	86764			newNonFullTGDs	0		newFullTGDs	32484
nonFullTGDs	788		fullTGDs	86863			newNonFullTGDs	0		newFullTGDs	32385
nonFullTGDs	788		fullTGDs	86963			newNonFullTGDs	0		newFullTGDs	32285
nonFullTGDs	788		fullTGDs	87061			newNonFullTGDs	0		newFullTGDs	32187
nonFullTGDs	788		fullTGDs	87160			newNonFullTGDs	0		newFullTGDs	32088
nonFullTGDs	788		fullTGDs	87260			newNonFullTGDs	0		newFullTGDs	31988
nonFullTGDs	788		fullTGDs	87359			newNonFullTGDs	0		newFullTGDs	31889
nonFullTGDs	788		fullTGDs	87457			newNonFullTGDs	0		newFullTGDs	31791
nonFullTGDs	788		fullTGDs	87557			newNonFullTGDs	0		newFullTGDs	31691
nonFullTGDs	788		fullTGDs	87657			newNonFullTGDs	0		newFullTGDs	31591
nonFullTGDs	788		fullTGDs	87755			newNonFullTGDs	0		newFullTGDs	31493
nonFullTGDs	788		fullTGDs	87855			newNonFullTGDs	0		newFullTGDs	31393
nonFullTGDs	788		fullTGDs	87953			newNonFullTGDs	0		newFullTGDs	31295
nonFullTGDs	788		fullTGDs	88051			newNonFullTGDs	0		newFullTGDs	31197
nonFullTGDs	788		fullTGDs	88151			newNonFullTGDs	0		newFullTGDs	31097
nonFullTGDs	788		fullTGDs	88251			newNonFullTGDs	0		newFullTGDs	30997
nonFullTGDs	788		fullTGDs	88349			newNonFullTGDs	0		newFullTGDs	30898
nonFullTGDs	788		fullTGDs	88448			newNonFullTGDs	0		newFullTGDs	30799
nonFullTGDs	788		fullTGDs	88548			newNonFullTGDs	0		newFullTGDs	30699
nonFullTGDs	788		fullTGDs	88648			newNonFullTGDs	0		newFullTGDs	30599
nonFullTGDs	788		fullTGDs	88748			newNonFullTGDs	0		newFullTGDs	30499
nonFullTGDs	788		fullTGDs	88845			newNonFullTGDs	0		newFullTGDs	30402
nonFullTGDs	788		fullTGDs	88944			newNonFullTGDs	0		newFullTGDs	30303
nonFullTGDs	788		fullTGDs	89044			newNonFullTGDs	0		newFullTGDs	30203
nonFullTGDs	788		fullTGDs	89144			newNonFullTGDs	0		newFullTGDs	30103
nonFullTGDs	788		fullTGDs	89244			newNonFullTGDs	0		newFullTGDs	30003
nonFullTGDs	788		fullTGDs	89344			newNonFullTGDs	0		newFullTGDs	29903
nonFullTGDs	788		fullTGDs	89444			newNonFullTGDs	0		newFullTGDs	29803
nonFullTGDs	788		fullTGDs	89544			newNonFullTGDs	0		newFullTGDs	29703
nonFullTGDs	788		fullTGDs	89644			newNonFullTGDs	0		newFullTGDs	29603
nonFullTGDs	788		fullTGDs	89744			newNonFullTGDs	0		newFullTGDs	29503
nonFullTGDs	788		fullTGDs	89844			newNonFullTGDs	0		newFullTGDs	29403
nonFullTGDs	788		fullTGDs	89944			newNonFullTGDs	0		newFullTGDs	29303
nonFullTGDs	788		fullTGDs	90044			newNonFullTGDs	0		newFullTGDs	29203
nonFullTGDs	788		fullTGDs	90144			newNonFullTGDs	0		newFullTGDs	29103
nonFullTGDs	788		fullTGDs	90244			newNonFullTGDs	0		newFullTGDs	29003
nonFullTGDs	788		fullTGDs	90344			newNonFullTGDs	0		newFullTGDs	28903
nonFullTGDs	788		fullTGDs	90444			newNonFullTGDs	0		newFullTGDs	28803
nonFullTGDs	788		fullTGDs	90544			newNonFullTGDs	0		newFullTGDs	28703
nonFullTGDs	788		fullTGDs	90644			newNonFullTGDs	0		newFullTGDs	28603
nonFullTGDs	788		fullTGDs	90744			newNonFullTGDs	0		newFullTGDs	28503
nonFullTGDs	788		fullTGDs	90844			newNonFullTGDs	0		newFullTGDs	28403
nonFullTGDs	788		fullTGDs	90944			newNonFullTGDs	0		newFullTGDs	28303
nonFullTGDs	788		fullTGDs	91044			newNonFullTGDs	0		newFullTGDs	28203
nonFullTGDs	788		fullTGDs	91144			newNonFullTGDs	0		newFullTGDs	28103
nonFullTGDs	788		fullTGDs	91244			newNonFullTGDs	0		newFullTGDs	28003
nonFullTGDs	788		fullTGDs	91344			newNonFullTGDs	0		newFullTGDs	27903
nonFullTGDs	788		fullTGDs	91444			newNonFullTGDs	0		newFullTGDs	27803
nonFullTGDs	788		fullTGDs	91544			newNonFullTGDs	0		newFullTGDs	27703
nonFullTGDs	788		fullTGDs	91644			newNonFullTGDs	0		newFullTGDs	27603
nonFullTGDs	788		fullTGDs	91743			newNonFullTGDs	0		newFullTGDs	27504
nonFullTGDs	788		fullTGDs	91843			newNonFullTGDs	0		newFullTGDs	27404
nonFullTGDs	788		fullTGDs	91940			newNonFullTGDs	0		newFullTGDs	27307
nonFullTGDs	788		fullTGDs	92040			newNonFullTGDs	0		newFullTGDs	27207
nonFullTGDs	788		fullTGDs	92140			newNonFullTGDs	0		newFullTGDs	27107
nonFullTGDs	788		fullTGDs	92239			newNonFullTGDs	0		newFullTGDs	27008
nonFullTGDs	788		fullTGDs	92338			newNonFullTGDs	0		newFullTGDs	26909
nonFullTGDs	788		fullTGDs	92438			newNonFullTGDs	0		newFullTGDs	26809
nonFullTGDs	788		fullTGDs	92538			newNonFullTGDs	0		newFullTGDs	26709
nonFullTGDs	788		fullTGDs	92638			newNonFullTGDs	0		newFullTGDs	26609
nonFullTGDs	788		fullTGDs	92737			newNonFullTGDs	0		newFullTGDs	26510
nonFullTGDs	788		fullTGDs	92837			newNonFullTGDs	0		newFullTGDs	26410
nonFullTGDs	788		fullTGDs	92936			newNonFullTGDs	0		newFullTGDs	26311
nonFullTGDs	788		fullTGDs	93035			newNonFullTGDs	0		newFullTGDs	26212
nonFullTGDs	788		fullTGDs	93132			newNonFullTGDs	0		newFullTGDs	26115
nonFullTGDs	788		fullTGDs	93232			newNonFullTGDs	0		newFullTGDs	26015
nonFullTGDs	788		fullTGDs	93331			newNonFullTGDs	0		newFullTGDs	25916
nonFullTGDs	788		fullTGDs	93428			newNonFullTGDs	0		newFullTGDs	25819
nonFullTGDs	788		fullTGDs	93528			newNonFullTGDs	0		newFullTGDs	25719
nonFullTGDs	788		fullTGDs	93627			newNonFullTGDs	0		newFullTGDs	25620
nonFullTGDs	788		fullTGDs	93726			newNonFullTGDs	0		newFullTGDs	25521
nonFullTGDs	788		fullTGDs	93826			newNonFullTGDs	0		newFullTGDs	25421
nonFullTGDs	788		fullTGDs	93926			newNonFullTGDs	0		newFullTGDs	25321
nonFullTGDs	788		fullTGDs	94022			newNonFullTGDs	0		newFullTGDs	25225
nonFullTGDs	788		fullTGDs	94122			newNonFullTGDs	0		newFullTGDs	25125
nonFullTGDs	788		fullTGDs	94222			newNonFullTGDs	0		newFullTGDs	25025
nonFullTGDs	788		fullTGDs	94321			newNonFullTGDs	0		newFullTGDs	24926
nonFullTGDs	788		fullTGDs	94421			newNonFullTGDs	0		newFullTGDs	24826
nonFullTGDs	788		fullTGDs	94518			newNonFullTGDs	0		newFullTGDs	24729
nonFullTGDs	788		fullTGDs	94618			newNonFullTGDs	0		newFullTGDs	24629
nonFullTGDs	788		fullTGDs	94715			newNonFullTGDs	0		newFullTGDs	24532
nonFullTGDs	788		fullTGDs	94814			newNonFullTGDs	0		newFullTGDs	24433
nonFullTGDs	788		fullTGDs	94913			newNonFullTGDs	0		newFullTGDs	24334
nonFullTGDs	788		fullTGDs	95013			newNonFullTGDs	0		newFullTGDs	24234
nonFullTGDs	788		fullTGDs	95112			newNonFullTGDs	0		newFullTGDs	24135
nonFullTGDs	788		fullTGDs	95210			newNonFullTGDs	0		newFullTGDs	24037
nonFullTGDs	788		fullTGDs	95308			newNonFullTGDs	0		newFullTGDs	23939
nonFullTGDs	788		fullTGDs	95406			newNonFullTGDs	0		newFullTGDs	23841
nonFullTGDs	788		fullTGDs	95505			newNonFullTGDs	0		newFullTGDs	23742
nonFullTGDs	788		fullTGDs	95605			newNonFullTGDs	0		newFullTGDs	23642
nonFullTGDs	788		fullTGDs	95705			newNonFullTGDs	0		newFullTGDs	23542
nonFullTGDs	788		fullTGDs	95804			newNonFullTGDs	0		newFullTGDs	23443
nonFullTGDs	788		fullTGDs	95902			newNonFullTGDs	0		newFullTGDs	23345
nonFullTGDs	788		fullTGDs	96002			newNonFullTGDs	0		newFullTGDs	23245
nonFullTGDs	788		fullTGDs	96100			newNonFullTGDs	0		newFullTGDs	23147
nonFullTGDs	788		fullTGDs	96200			newNonFullTGDs	0		newFullTGDs	23047
nonFullTGDs	788		fullTGDs	96300			newNonFullTGDs	0		newFullTGDs	22947
nonFullTGDs	788		fullTGDs	96400			newNonFullTGDs	0		newFullTGDs	22847
nonFullTGDs	788		fullTGDs	96500			newNonFullTGDs	0		newFullTGDs	22747
nonFullTGDs	788		fullTGDs	96599			newNonFullTGDs	0		newFullTGDs	22648
nonFullTGDs	788		fullTGDs	96698			newNonFullTGDs	0		newFullTGDs	22549
nonFullTGDs	788		fullTGDs	96797			newNonFullTGDs	0		newFullTGDs	22450
nonFullTGDs	788		fullTGDs	96896			newNonFullTGDs	0		newFullTGDs	22351
nonFullTGDs	788		fullTGDs	96996			newNonFullTGDs	0		newFullTGDs	22251
nonFullTGDs	788		fullTGDs	97096			newNonFullTGDs	0		newFullTGDs	22151
nonFullTGDs	788		fullTGDs	97196			newNonFullTGDs	0		newFullTGDs	22051
nonFullTGDs	788		fullTGDs	97295			newNonFullTGDs	0		newFullTGDs	21952
nonFullTGDs	788		fullTGDs	97394			newNonFullTGDs	0		newFullTGDs	21853
nonFullTGDs	788		fullTGDs	97494			newNonFullTGDs	0		newFullTGDs	21753
nonFullTGDs	788		fullTGDs	97594			newNonFullTGDs	0		newFullTGDs	21653
nonFullTGDs	788		fullTGDs	97694			newNonFullTGDs	0		newFullTGDs	21553
nonFullTGDs	788		fullTGDs	97794			newNonFullTGDs	0		newFullTGDs	21453
nonFullTGDs	788		fullTGDs	97894			newNonFullTGDs	0		newFullTGDs	21353
nonFullTGDs	788		fullTGDs	97994			newNonFullTGDs	0		newFullTGDs	21253
nonFullTGDs	788		fullTGDs	98094			newNonFullTGDs	0		newFullTGDs	21153
nonFullTGDs	788		fullTGDs	98192			newNonFullTGDs	0		newFullTGDs	21055
nonFullTGDs	788		fullTGDs	98292			newNonFullTGDs	0		newFullTGDs	20955
nonFullTGDs	788		fullTGDs	98392			newNonFullTGDs	0		newFullTGDs	20855
nonFullTGDs	788		fullTGDs	98492			newNonFullTGDs	0		newFullTGDs	20755
nonFullTGDs	788		fullTGDs	98592			newNonFullTGDs	0		newFullTGDs	20655
nonFullTGDs	788		fullTGDs	98692			newNonFullTGDs	0		newFullTGDs	20555
nonFullTGDs	788		fullTGDs	98792			newNonFullTGDs	0		newFullTGDs	20455
nonFullTGDs	788		fullTGDs	98891			newNonFullTGDs	0		newFullTGDs	20356
nonFullTGDs	788		fullTGDs	98990			newNonFullTGDs	0		newFullTGDs	20257
nonFullTGDs	788		fullTGDs	99090			newNonFullTGDs	0		newFullTGDs	20157
nonFullTGDs	788		fullTGDs	99190			newNonFullTGDs	0		newFullTGDs	20057
nonFullTGDs	788		fullTGDs	99288			newNonFullTGDs	0		newFullTGDs	19959
nonFullTGDs	788		fullTGDs	99383			newNonFullTGDs	0		newFullTGDs	19864
nonFullTGDs	788		fullTGDs	99482			newNonFullTGDs	0		newFullTGDs	19765
nonFullTGDs	788		fullTGDs	99582			newNonFullTGDs	0		newFullTGDs	19665
nonFullTGDs	788		fullTGDs	99682			newNonFullTGDs	0		newFullTGDs	19565
nonFullTGDs	788		fullTGDs	99782			newNonFullTGDs	0		newFullTGDs	19465
nonFullTGDs	788		fullTGDs	99882			newNonFullTGDs	0		newFullTGDs	19365
nonFullTGDs	788		fullTGDs	99982			newNonFullTGDs	0		newFullTGDs	19265
nonFullTGDs	788		fullTGDs	100081			newNonFullTGDs	0		newFullTGDs	19166
nonFullTGDs	788		fullTGDs	100181			newNonFullTGDs	0		newFullTGDs	19066
nonFullTGDs	788		fullTGDs	100281			newNonFullTGDs	0		newFullTGDs	18966
nonFullTGDs	788		fullTGDs	100381			newNonFullTGDs	0		newFullTGDs	18866
nonFullTGDs	788		fullTGDs	100481			newNonFullTGDs	0		newFullTGDs	18766
nonFullTGDs	788		fullTGDs	100581			newNonFullTGDs	0		newFullTGDs	18666
nonFullTGDs	788		fullTGDs	100680			newNonFullTGDs	0		newFullTGDs	18567
nonFullTGDs	788		fullTGDs	100780			newNonFullTGDs	0		newFullTGDs	18467
nonFullTGDs	788		fullTGDs	100880			newNonFullTGDs	0		newFullTGDs	18367
nonFullTGDs	788		fullTGDs	100980			newNonFullTGDs	0		newFullTGDs	18267
nonFullTGDs	788		fullTGDs	101080			newNonFullTGDs	0		newFullTGDs	18167
nonFullTGDs	788		fullTGDs	101180			newNonFullTGDs	0		newFullTGDs	18067
nonFullTGDs	788		fullTGDs	101280			newNonFullTGDs	0		newFullTGDs	17967
nonFullTGDs	788		fullTGDs	101380			newNonFullTGDs	0		newFullTGDs	17867
nonFullTGDs	788		fullTGDs	101480			newNonFullTGDs	0		newFullTGDs	17767
nonFullTGDs	788		fullTGDs	101580			newNonFullTGDs	0		newFullTGDs	17667
nonFullTGDs	788		fullTGDs	101680			newNonFullTGDs	0		newFullTGDs	17567
nonFullTGDs	788		fullTGDs	101780			newNonFullTGDs	0		newFullTGDs	17467
nonFullTGDs	788		fullTGDs	101878			newNonFullTGDs	0		newFullTGDs	17369
nonFullTGDs	788		fullTGDs	101978			newNonFullTGDs	0		newFullTGDs	17269
nonFullTGDs	788		fullTGDs	102078			newNonFullTGDs	0		newFullTGDs	17169
nonFullTGDs	788		fullTGDs	102178			newNonFullTGDs	0		newFullTGDs	17069
nonFullTGDs	788		fullTGDs	102275			newNonFullTGDs	0		newFullTGDs	16972
nonFullTGDs	788		fullTGDs	102370			newNonFullTGDs	0		newFullTGDs	16876
nonFullTGDs	788		fullTGDs	102470			newNonFullTGDs	0		newFullTGDs	16776
nonFullTGDs	788		fullTGDs	102570			newNonFullTGDs	0		newFullTGDs	16676
nonFullTGDs	788		fullTGDs	102670			newNonFullTGDs	0		newFullTGDs	16576
nonFullTGDs	788		fullTGDs	102770			newNonFullTGDs	0		newFullTGDs	16476
nonFullTGDs	788		fullTGDs	102870			newNonFullTGDs	0		newFullTGDs	16376
nonFullTGDs	788		fullTGDs	102970			newNonFullTGDs	0		newFullTGDs	16276
nonFullTGDs	788		fullTGDs	103070			newNonFullTGDs	0		newFullTGDs	16176
nonFullTGDs	788		fullTGDs	103169			newNonFullTGDs	0		newFullTGDs	16077
nonFullTGDs	788		fullTGDs	103269			newNonFullTGDs	0		newFullTGDs	15977
nonFullTGDs	788		fullTGDs	103369			newNonFullTGDs	0		newFullTGDs	15877
nonFullTGDs	788		fullTGDs	103469			newNonFullTGDs	0		newFullTGDs	15777
nonFullTGDs	788		fullTGDs	103569			newNonFullTGDs	0		newFullTGDs	15677
nonFullTGDs	788		fullTGDs	103669			newNonFullTGDs	0		newFullTGDs	15577
nonFullTGDs	788		fullTGDs	103768			newNonFullTGDs	0		newFullTGDs	15478
nonFullTGDs	788		fullTGDs	103868			newNonFullTGDs	0		newFullTGDs	15378
nonFullTGDs	788		fullTGDs	103968			newNonFullTGDs	0		newFullTGDs	15278
nonFullTGDs	788		fullTGDs	104068			newNonFullTGDs	0		newFullTGDs	15178
nonFullTGDs	788		fullTGDs	104168			newNonFullTGDs	0		newFullTGDs	15078
nonFullTGDs	788		fullTGDs	104268			newNonFullTGDs	0		newFullTGDs	14978
nonFullTGDs	788		fullTGDs	104368			newNonFullTGDs	0		newFullTGDs	14878
nonFullTGDs	788		fullTGDs	104468			newNonFullTGDs	0		newFullTGDs	14778
nonFullTGDs	788		fullTGDs	104568			newNonFullTGDs	0		newFullTGDs	14678
nonFullTGDs	788		fullTGDs	104668			newNonFullTGDs	0		newFullTGDs	14578
nonFullTGDs	788		fullTGDs	104768			newNonFullTGDs	0		newFullTGDs	14478
nonFullTGDs	788		fullTGDs	104867			newNonFullTGDs	0		newFullTGDs	14379
nonFullTGDs	788		fullTGDs	104965			newNonFullTGDs	0		newFullTGDs	14281
nonFullTGDs	788		fullTGDs	105065			newNonFullTGDs	0		newFullTGDs	14181
nonFullTGDs	788		fullTGDs	105165			newNonFullTGDs	0		newFullTGDs	14081
nonFullTGDs	788		fullTGDs	105265			newNonFullTGDs	0		newFullTGDs	13981
nonFullTGDs	788		fullTGDs	105365			newNonFullTGDs	0		newFullTGDs	13881
nonFullTGDs	788		fullTGDs	105464			newNonFullTGDs	0		newFullTGDs	13782
nonFullTGDs	788		fullTGDs	105563			newNonFullTGDs	0		newFullTGDs	13683
nonFullTGDs	788		fullTGDs	105663			newNonFullTGDs	0		newFullTGDs	13583
nonFullTGDs	788		fullTGDs	105759			newNonFullTGDs	0		newFullTGDs	13487
nonFullTGDs	788		fullTGDs	105859			newNonFullTGDs	0		newFullTGDs	13387
nonFullTGDs	788		fullTGDs	105959			newNonFullTGDs	0		newFullTGDs	13287
nonFullTGDs	788		fullTGDs	106059			newNonFullTGDs	0		newFullTGDs	13187
nonFullTGDs	788		fullTGDs	106159			newNonFullTGDs	0		newFullTGDs	13087
nonFullTGDs	788		fullTGDs	106259			newNonFullTGDs	0		newFullTGDs	12987
nonFullTGDs	788		fullTGDs	106359			newNonFullTGDs	0		newFullTGDs	12887
nonFullTGDs	788		fullTGDs	106459			newNonFullTGDs	0		newFullTGDs	12787
nonFullTGDs	788		fullTGDs	106559			newNonFullTGDs	0		newFullTGDs	12687
nonFullTGDs	788		fullTGDs	106659			newNonFullTGDs	0		newFullTGDs	12587
nonFullTGDs	788		fullTGDs	106759			newNonFullTGDs	0		newFullTGDs	12487
nonFullTGDs	788		fullTGDs	106859			newNonFullTGDs	0		newFullTGDs	12387
nonFullTGDs	788		fullTGDs	106959			newNonFullTGDs	0		newFullTGDs	12287
nonFullTGDs	788		fullTGDs	107059			newNonFullTGDs	0		newFullTGDs	12187
nonFullTGDs	788		fullTGDs	107159			newNonFullTGDs	0		newFullTGDs	12087
nonFullTGDs	788		fullTGDs	107259			newNonFullTGDs	0		newFullTGDs	11987
nonFullTGDs	788		fullTGDs	107359			newNonFullTGDs	0		newFullTGDs	11887
nonFullTGDs	788		fullTGDs	107459			newNonFullTGDs	0		newFullTGDs	11787
nonFullTGDs	788		fullTGDs	107559			newNonFullTGDs	0		newFullTGDs	11687
nonFullTGDs	788		fullTGDs	107659			newNonFullTGDs	0		newFullTGDs	11587
nonFullTGDs	788		fullTGDs	107759			newNonFullTGDs	0		newFullTGDs	11487
nonFullTGDs	788		fullTGDs	107859			newNonFullTGDs	0		newFullTGDs	11387
nonFullTGDs	788		fullTGDs	107959			newNonFullTGDs	0		newFullTGDs	11287
nonFullTGDs	788		fullTGDs	108059			newNonFullTGDs	0		newFullTGDs	11187
nonFullTGDs	788		fullTGDs	108159			newNonFullTGDs	0		newFullTGDs	11087
nonFullTGDs	788		fullTGDs	108259			newNonFullTGDs	0		newFullTGDs	10987
nonFullTGDs	788		fullTGDs	108359			newNonFullTGDs	0		newFullTGDs	10887
nonFullTGDs	788		fullTGDs	108459			newNonFullTGDs	0		newFullTGDs	10787
nonFullTGDs	788		fullTGDs	108559			newNonFullTGDs	0		newFullTGDs	10687
nonFullTGDs	788		fullTGDs	108659			newNonFullTGDs	0		newFullTGDs	10587
nonFullTGDs	788		fullTGDs	108759			newNonFullTGDs	0		newFullTGDs	10487
nonFullTGDs	788		fullTGDs	108859			newNonFullTGDs	0		newFullTGDs	10387
nonFullTGDs	788		fullTGDs	108959			newNonFullTGDs	0		newFullTGDs	10287
nonFullTGDs	788		fullTGDs	109059			newNonFullTGDs	0		newFullTGDs	10187
nonFullTGDs	788		fullTGDs	109159			newNonFullTGDs	0		newFullTGDs	10087
nonFullTGDs	788		fullTGDs	109259			newNonFullTGDs	0		newFullTGDs	9987
nonFullTGDs	788		fullTGDs	109358			newNonFullTGDs	0		newFullTGDs	9888
nonFullTGDs	788		fullTGDs	109458			newNonFullTGDs	0		newFullTGDs	9788
nonFullTGDs	788		fullTGDs	109558			newNonFullTGDs	0		newFullTGDs	9688
nonFullTGDs	788		fullTGDs	109657			newNonFullTGDs	0		newFullTGDs	9589
nonFullTGDs	788		fullTGDs	109756			newNonFullTGDs	0		newFullTGDs	9490
nonFullTGDs	788		fullTGDs	109854			newNonFullTGDs	0		newFullTGDs	9392
nonFullTGDs	788		fullTGDs	109952			newNonFullTGDs	0		newFullTGDs	9293
nonFullTGDs	788		fullTGDs	110052			newNonFullTGDs	0		newFullTGDs	9193
nonFullTGDs	788		fullTGDs	110152			newNonFullTGDs	0		newFullTGDs	9093
nonFullTGDs	788		fullTGDs	110252			newNonFullTGDs	0		newFullTGDs	8993
nonFullTGDs	788		fullTGDs	110350			newNonFullTGDs	0		newFullTGDs	8895
nonFullTGDs	788		fullTGDs	110450			newNonFullTGDs	0		newFullTGDs	8795
nonFullTGDs	788		fullTGDs	110550			newNonFullTGDs	0		newFullTGDs	8695
nonFullTGDs	788		fullTGDs	110648			newNonFullTGDs	0		newFullTGDs	8597
nonFullTGDs	788		fullTGDs	110743			newNonFullTGDs	0		newFullTGDs	8502
nonFullTGDs	788		fullTGDs	110843			newNonFullTGDs	0		newFullTGDs	8402
nonFullTGDs	788		fullTGDs	110943			newNonFullTGDs	0		newFullTGDs	8302
nonFullTGDs	788		fullTGDs	111043			newNonFullTGDs	0		newFullTGDs	8202
nonFullTGDs	788		fullTGDs	111143			newNonFullTGDs	0		newFullTGDs	8102
nonFullTGDs	788		fullTGDs	111241			newNonFullTGDs	0		newFullTGDs	8004
nonFullTGDs	788		fullTGDs	111341			newNonFullTGDs	0		newFullTGDs	7904
nonFullTGDs	788		fullTGDs	111441			newNonFullTGDs	0		newFullTGDs	7804
nonFullTGDs	788		fullTGDs	111540			newNonFullTGDs	0		newFullTGDs	7705
nonFullTGDs	788		fullTGDs	111640			newNonFullTGDs	0		newFullTGDs	7605
nonFullTGDs	788		fullTGDs	111740			newNonFullTGDs	0		newFullTGDs	7505
nonFullTGDs	788		fullTGDs	111840			newNonFullTGDs	0		newFullTGDs	7405
nonFullTGDs	788		fullTGDs	111940			newNonFullTGDs	0		newFullTGDs	7305
nonFullTGDs	788		fullTGDs	112040			newNonFullTGDs	0		newFullTGDs	7205
nonFullTGDs	788		fullTGDs	112140			newNonFullTGDs	0		newFullTGDs	7105
nonFullTGDs	788		fullTGDs	112239			newNonFullTGDs	0		newFullTGDs	7006
nonFullTGDs	788		fullTGDs	112339			newNonFullTGDs	0		newFullTGDs	6906
nonFullTGDs	788		fullTGDs	112439			newNonFullTGDs	0		newFullTGDs	6806
nonFullTGDs	788		fullTGDs	112538			newNonFullTGDs	0		newFullTGDs	6707
nonFullTGDs	788		fullTGDs	112638			newNonFullTGDs	0		newFullTGDs	6607
nonFullTGDs	788		fullTGDs	112738			newNonFullTGDs	0		newFullTGDs	6507
nonFullTGDs	788		fullTGDs	112838			newNonFullTGDs	0		newFullTGDs	6407
nonFullTGDs	788		fullTGDs	112938			newNonFullTGDs	0		newFullTGDs	6307
nonFullTGDs	788		fullTGDs	113038			newNonFullTGDs	0		newFullTGDs	6207
nonFullTGDs	788		fullTGDs	113138			newNonFullTGDs	0		newFullTGDs	6107
nonFullTGDs	788		fullTGDs	113238			newNonFullTGDs	0		newFullTGDs	6007
nonFullTGDs	788		fullTGDs	113338			newNonFullTGDs	0		newFullTGDs	5907
nonFullTGDs	788		fullTGDs	113438			newNonFullTGDs	0		newFullTGDs	5807
nonFullTGDs	788		fullTGDs	113538			newNonFullTGDs	0		newFullTGDs	5707
nonFullTGDs	788		fullTGDs	113638			newNonFullTGDs	0		newFullTGDs	5607
nonFullTGDs	788		fullTGDs	113738			newNonFullTGDs	0		newFullTGDs	5507
nonFullTGDs	788		fullTGDs	113838			newNonFullTGDs	0		newFullTGDs	5407
nonFullTGDs	788		fullTGDs	113937			newNonFullTGDs	0		newFullTGDs	5308
nonFullTGDs	788		fullTGDs	114037			newNonFullTGDs	0		newFullTGDs	5208
nonFullTGDs	788		fullTGDs	114137			newNonFullTGDs	0		newFullTGDs	5108
nonFullTGDs	788		fullTGDs	114237			newNonFullTGDs	0		newFullTGDs	5008
nonFullTGDs	788		fullTGDs	114337			newNonFullTGDs	0		newFullTGDs	4908
nonFullTGDs	788		fullTGDs	114436			newNonFullTGDs	0		newFullTGDs	4809
nonFullTGDs	788		fullTGDs	114535			newNonFullTGDs	0		newFullTGDs	4710
nonFullTGDs	788		fullTGDs	114635			newNonFullTGDs	0		newFullTGDs	4610
nonFullTGDs	788		fullTGDs	114735			newNonFullTGDs	0		newFullTGDs	4510
nonFullTGDs	788		fullTGDs	114835			newNonFullTGDs	0		newFullTGDs	4410
nonFullTGDs	788		fullTGDs	114935			newNonFullTGDs	0		newFullTGDs	4310
nonFullTGDs	788		fullTGDs	115035			newNonFullTGDs	0		newFullTGDs	4210
nonFullTGDs	788		fullTGDs	115135			newNonFullTGDs	0		newFullTGDs	4110
nonFullTGDs	788		fullTGDs	115235			newNonFullTGDs	0		newFullTGDs	4010
nonFullTGDs	788		fullTGDs	115335			newNonFullTGDs	0		newFullTGDs	3910
nonFullTGDs	788		fullTGDs	115435			newNonFullTGDs	0		newFullTGDs	3810
nonFullTGDs	788		fullTGDs	115535			newNonFullTGDs	0		newFullTGDs	3710
nonFullTGDs	788		fullTGDs	115633			newNonFullTGDs	0		newFullTGDs	3612
nonFullTGDs	788		fullTGDs	115730			newNonFullTGDs	0		newFullTGDs	3515
nonFullTGDs	788		fullTGDs	115830			newNonFullTGDs	0		newFullTGDs	3415
nonFullTGDs	788		fullTGDs	115930			newNonFullTGDs	0		newFullTGDs	3315
nonFullTGDs	788		fullTGDs	116030			newNonFullTGDs	0		newFullTGDs	3215
nonFullTGDs	788		fullTGDs	116130			newNonFullTGDs	0		newFullTGDs	3115
nonFullTGDs	788		fullTGDs	116230			newNonFullTGDs	0		newFullTGDs	3015
nonFullTGDs	788		fullTGDs	116330			newNonFullTGDs	0		newFullTGDs	2915
nonFullTGDs	788		fullTGDs	116430			newNonFullTGDs	0		newFullTGDs	2815
nonFullTGDs	788		fullTGDs	116530			newNonFullTGDs	0		newFullTGDs	2715
nonFullTGDs	788		fullTGDs	116630			newNonFullTGDs	0		newFullTGDs	2615
nonFullTGDs	788		fullTGDs	116726			newNonFullTGDs	0		newFullTGDs	2519
nonFullTGDs	788		fullTGDs	116826			newNonFullTGDs	0		newFullTGDs	2419
nonFullTGDs	788		fullTGDs	116926			newNonFullTGDs	0		newFullTGDs	2319
nonFullTGDs	788		fullTGDs	117025			newNonFullTGDs	0		newFullTGDs	2220
nonFullTGDs	788		fullTGDs	117125			newNonFullTGDs	0		newFullTGDs	2120
nonFullTGDs	788		fullTGDs	117225			newNonFullTGDs	0		newFullTGDs	2020
nonFullTGDs	788		fullTGDs	117325			newNonFullTGDs	0		newFullTGDs	1920
nonFullTGDs	788		fullTGDs	117425			newNonFullTGDs	0		newFullTGDs	1820
nonFullTGDs	788		fullTGDs	117525			newNonFullTGDs	0		newFullTGDs	1720
nonFullTGDs	788		fullTGDs	117624			newNonFullTGDs	0		newFullTGDs	1621
nonFullTGDs	788		fullTGDs	117724			newNonFullTGDs	0		newFullTGDs	1521
nonFullTGDs	788		fullTGDs	117824			newNonFullTGDs	0		newFullTGDs	1421
nonFullTGDs	788		fullTGDs	117924			newNonFullTGDs	0		newFullTGDs	1321
nonFullTGDs	788		fullTGDs	118024			newNonFullTGDs	0		newFullTGDs	1221
nonFullTGDs	788		fullTGDs	118123			newNonFullTGDs	0		newFullTGDs	1122
nonFullTGDs	788		fullTGDs	118222			newNonFullTGDs	0		newFullTGDs	1023
nonFullTGDs	788		fullTGDs	118322			newNonFullTGDs	0		newFullTGDs	923
nonFullTGDs	788		fullTGDs	118422			newNonFullTGDs	0		newFullTGDs	823
nonFullTGDs	788		fullTGDs	118522			newNonFullTGDs	0		newFullTGDs	723
nonFullTGDs	788		fullTGDs	118622			newNonFullTGDs	0		newFullTGDs	623
nonFullTGDs	788		fullTGDs	118722			newNonFullTGDs	0		newFullTGDs	523
nonFullTGDs	788		fullTGDs	118822			newNonFullTGDs	0		newFullTGDs	423
nonFullTGDs	788		fullTGDs	118922			newNonFullTGDs	0		newFullTGDs	323
nonFullTGDs	788		fullTGDs	119015			newNonFullTGDs	0		newFullTGDs	229
nonFullTGDs	788		fullTGDs	119115			newNonFullTGDs	0		newFullTGDs	129
nonFullTGDs	788		fullTGDs	119215			newNonFullTGDs	0		newFullTGDs	29
Nov 20, 2021 8:02:47 AM uk.ac.ox.cs.gsat.SaturationStatistics log
INFO: # initial TGDs: 754 , 788
Nov 20, 2021 8:02:47 AM uk.ac.ox.cs.gsat.SaturationStatistics log
INFO: OrderedSkSat total time : 57462 ms = 57.46 s
Nov 20, 2021 8:02:47 AM uk.ac.ox.cs.gsat.SaturationStatistics log
INFO: Subsumed elements : 461
Nov 20, 2021 8:02:47 AM uk.ac.ox.cs.gsat.SaturationStatistics log
INFO: Filter discarded elements : 265446877
Nov 20, 2021 8:02:47 AM uk.ac.ox.cs.gsat.SaturationStatistics log
INFO: subsumption time: 53049 ms = 53.05 s
Nov 20, 2021 8:02:47 AM uk.ac.ox.cs.gsat.SaturationStatistics log
INFO: forward subsumption time: 30369 ms = 30.37 s
Nov 20, 2021 8:02:47 AM uk.ac.ox.cs.gsat.SaturationStatistics log
INFO: backward subsumption time: 22680 ms = 22.68 s
Nov 20, 2021 8:02:47 AM uk.ac.ox.cs.gsat.SaturationStatistics log
INFO: Derived full/non full TGDs: 119325 , 0
Nov 20, 2021 8:02:47 AM uk.ac.ox.cs.gsat.SaturationStatistics log
INFO: discarded tautology count: 374
Nov 20, 2021 8:02:47 AM uk.ac.ox.cs.gsat.EvolveStatistics log
INFO: Stop because subsumed: 443
Nov 20, 2021 8:02:47 AM uk.ac.ox.cs.gsat.EvolveStatistics log
INFO: evolved equals to current: 0
Nov 20, 2021 8:02:47 AM uk.ac.ox.cs.gsat.EvolveStatistics log
INFO: evolved time: 1296 ms = 1.30 s
Nov 20, 2021 8:02:47 AM uk.ac.ox.cs.gsat.EvolveStatistics log
INFO: evolve count: 119325
Nov 20, 2021 8:02:47 AM uk.ac.ox.cs.gsat.SkolemStatistics log
INFO: maximum number of Skolem atoms in body: 1
Nov 20, 2021 8:02:47 AM uk.ac.ox.cs.gsat.SkolemStatistics log
INFO: left derived TGD with Skolem in the body: 0
Nov 20, 2021 8:02:47 AM uk.ac.ox.cs.gsat.SkolemStatistics log
INFO: right derived TGD with Skolem in the body: 118882
Nov 20, 2021 8:02:47 AM uk.ac.ox.cs.gsat.SkolemStatistics log
INFO: derived TGD with more than two Skolem atoms in the body: 0
Nov 20, 2021 8:02:47 AM uk.ac.ox.cs.gsat.AbstractSaturation run
INFO: ouptput full TGDs not contained in the input: 443
Nov 20, 2021 8:02:47 AM uk.ac.ox.cs.gsat.App executeAllSteps
INFO: Rewriting completed!
Full TGD saturation: (1197 dependecies)
Nov 20, 2021 8:02:47 AM uk.ac.ox.cs.gsat.App executeAllSteps
INFO: Writing the saturation in the Datalog file 00685.rul
