Starting Saturation...
Executing from DLGP files
SLF4J: Failed to load class "org.slf4j.impl.StaticLoggerBinder".
SLF4J: Defaulting to no-operation (NOP) logger implementation
SLF4J: See http://www.slf4j.org/codes.html#StaticLoggerBinder for further details.
# Rules: 13; # Atoms: 0; # AtomSets: 0; # Queries: 0; # Constraints: 0
Full TGD saturation algorithm: GSat
Running GSat...
May 12, 2021 8:12:07 PM uk.ac.ox.cs.gsat.EvolveBasedSat run
INFO: GSat discarded rules : 0/13 = 0.000%
GSat discarded rules : 0/13 = 0.000%
May 12, 2021 8:12:07 PM uk.ac.ox.cs.gsat.EvolveBasedSat run
INFO: Subsumption method : tree_atom
May 12, 2021 8:12:07 PM uk.ac.ox.cs.gsat.EvolveBasedSat run
INFO: # initial TGDs: 13 , 0
May 12, 2021 8:12:07 PM uk.ac.ox.cs.gsat.EvolveBasedSat run
INFO: GSat total time : 86 ms = 0.09 s
May 12, 2021 8:12:07 PM uk.ac.ox.cs.gsat.EvolveBasedSat run
INFO: Subsumed elements : 0
May 12, 2021 8:12:07 PM uk.ac.ox.cs.gsat.EvolveBasedSat run
INFO: Filter discarded elements : 0
May 12, 2021 8:12:07 PM uk.ac.ox.cs.gsat.EvolveBasedSat run
INFO: Derived full/non full TGDs: 0 , 0
May 12, 2021 8:12:07 PM uk.ac.ox.cs.gsat.EvolveBasedSat run
INFO: ouptput full TGDs not contained in the input: 0
May 12, 2021 8:12:07 PM uk.ac.ox.cs.gsat.App executeAllSteps
INFO: Rewriting completed!
Full TGD saturation: (13 dependecies)
=========================================
http://purl.org/net/bloggercode/domain(GSat_u2,GSat_u1) → http://purl.org/net/bloggercode/DomainQuotient(GSat_u1)
http://purl.org/net/bloggercode/stats(GSat_u2,GSat_u1) → http://purl.org/net/bloggercode/StatsQuotient(GSat_u1)
http://purl.org/net/bloggercode/blogging(GSat_u2,GSat_u1) → http://purl.org/net/bloggercode/BloggerQuotient(GSat_u1)
http://purl.org/net/bloggercode/exhibitionism(GSat_u2,GSat_u1) → http://purl.org/net/bloggercode/ExhibitionismQuotient(GSat_u1)
http://purl.org/net/bloggercode/frequency(GSat_u2,GSat_u1) → http://purl.org/net/bloggercode/FrequencyQuotient(GSat_u1)
http://purl.org/net/bloggercode/technical(GSat_u2,GSat_u1) → http://purl.org/net/bloggercode/TechnicalQuotient(GSat_u1)
http://purl.org/net/bloggercode/usualsuspects(GSat_u2,GSat_u1) → http://purl.org/net/bloggercode/UsualSuspectsQuotient(GSat_u1)
http://purl.org/net/bloggercode/lemming(GSat_u2,GSat_u1) → http://purl.org/net/bloggercode/LemmingQuotient(GSat_u1)
http://purl.org/net/bloggercode/closet(GSat_u2,GSat_u1) → http://purl.org/net/bloggercode/ClosetQuotient(GSat_u1)
http://purl.org/net/bloggercode/sex(GSat_u2,GSat_u1) → http://purl.org/net/bloggercode/SexQuotient(GSat_u1)
http://purl.org/net/bloggercode/immediacy(GSat_u2,GSat_u1) → http://purl.org/net/bloggercode/ImmediacyQuotient(GSat_u1)
http://purl.org/net/bloggercode/linkslut(GSat_u2,GSat_u1) → http://purl.org/net/bloggercode/LinkSlutQuotient(GSat_u1)
http://purl.org/net/bloggercode/originality(GSat_u2,GSat_u1) → http://purl.org/net/bloggercode/OriginalityQuotient(GSat_u1)
=========================================
