Starting Saturation...
Executing from DLGP files
SLF4J: Failed to load class "org.slf4j.impl.StaticLoggerBinder".
SLF4J: Defaulting to no-operation (NOP) logger implementation
SLF4J: See http://www.slf4j.org/codes.html#StaticLoggerBinder for further details.
# Rules: 3; # Atoms: 0; # AtomSets: 0; # Queries: 0; # Constraints: 0
Full TGD saturation algorithm: GSat
Running GSat...
May 12, 2021 9:20:31 PM uk.ac.ox.cs.gsat.EvolveBasedSat run
INFO: GSat discarded rules : 0/3 = 0.000%
GSat discarded rules : 0/3 = 0.000%
May 12, 2021 9:20:31 PM uk.ac.ox.cs.gsat.EvolveBasedSat run
INFO: Subsumption method : tree_atom
May 12, 2021 9:20:31 PM uk.ac.ox.cs.gsat.EvolveBasedSat run
INFO: # initial TGDs: 3 , 0
May 12, 2021 9:20:31 PM uk.ac.ox.cs.gsat.EvolveBasedSat run
INFO: GSat total time : 91 ms = 0.09 s
May 12, 2021 9:20:31 PM uk.ac.ox.cs.gsat.EvolveBasedSat run
INFO: Subsumed elements : 0
May 12, 2021 9:20:31 PM uk.ac.ox.cs.gsat.EvolveBasedSat run
INFO: Filter discarded elements : 0
May 12, 2021 9:20:31 PM uk.ac.ox.cs.gsat.EvolveBasedSat run
INFO: Derived full/non full TGDs: 0 , 0
May 12, 2021 9:20:31 PM uk.ac.ox.cs.gsat.EvolveBasedSat run
INFO: ouptput full TGDs not contained in the input: 0
May 12, 2021 9:20:31 PM uk.ac.ox.cs.gsat.App executeAllSteps
INFO: Rewriting completed!
Full TGD saturation: (3 dependecies)
=========================================
http://www.w3.org/2004/02/skos/mapping#NOT(GSat_u1) → http://www.w3.org/1999/02/22-rdf-syntax-ns#Bag(GSat_u1)
http://www.w3.org/2004/02/skos/mapping#OR(GSat_u1) → http://www.w3.org/1999/02/22-rdf-syntax-ns#Bag(GSat_u1)
http://www.w3.org/2004/02/skos/mapping#AND(GSat_u1) → http://www.w3.org/1999/02/22-rdf-syntax-ns#Bag(GSat_u1)
=========================================
