Starting Saturation...
Executing from DLGP files
SLF4J: Failed to load class "org.slf4j.impl.StaticLoggerBinder".
SLF4J: Defaulting to no-operation (NOP) logger implementation
SLF4J: See http://www.slf4j.org/codes.html#StaticLoggerBinder for further details.
# Rules: 793; # Atoms: 0; # AtomSets: 0; # Queries: 0; # Constraints: 0
Full TGD saturation algorithm: GSat
Running GSat...
May 13, 2021 11:17:44 AM uk.ac.ox.cs.gsat.EvolveBasedSat run
INFO: GSat discarded rules : 0/793 = 0.000%
GSat discarded rules : 0/793 = 0.000%
May 13, 2021 11:17:44 AM uk.ac.ox.cs.gsat.EvolveBasedSat run
INFO: Subsumption method : tree_atom
May 13, 2021 11:17:44 AM uk.ac.ox.cs.gsat.EvolveBasedSat run
INFO: # initial TGDs: 391 , 402
nonFullTGDs	0		fullTGDs	391			newNonFullTGDs	402		newFullTGDs	0
nonFullTGDs	95		fullTGDs	391			newNonFullTGDs	4497		newFullTGDs	0
nonFullTGDs	195		fullTGDs	391			newNonFullTGDs	4483		newFullTGDs	0
nonFullTGDs	295		fullTGDs	391			newNonFullTGDs	4481		newFullTGDs	0
nonFullTGDs	395		fullTGDs	391			newNonFullTGDs	4480		newFullTGDs	0
nonFullTGDs	495		fullTGDs	391			newNonFullTGDs	4477		newFullTGDs	0
nonFullTGDs	595		fullTGDs	391			newNonFullTGDs	4462		newFullTGDs	0
nonFullTGDs	695		fullTGDs	391			newNonFullTGDs	4478		newFullTGDs	0
nonFullTGDs	795		fullTGDs	391			newNonFullTGDs	4475		newFullTGDs	0
nonFullTGDs	895		fullTGDs	391			newNonFullTGDs	4474		newFullTGDs	0
nonFullTGDs	995		fullTGDs	391			newNonFullTGDs	4470		newFullTGDs	0
nonFullTGDs	1095		fullTGDs	391			newNonFullTGDs	4459		newFullTGDs	0
nonFullTGDs	1195		fullTGDs	391			newNonFullTGDs	4477		newFullTGDs	0
nonFullTGDs	1295		fullTGDs	391			newNonFullTGDs	4470		newFullTGDs	0
nonFullTGDs	1395		fullTGDs	391			newNonFullTGDs	4472		newFullTGDs	0
nonFullTGDs	1495		fullTGDs	391			newNonFullTGDs	4473		newFullTGDs	0
nonFullTGDs	1595		fullTGDs	391			newNonFullTGDs	4460		newFullTGDs	0
nonFullTGDs	1695		fullTGDs	391			newNonFullTGDs	4471		newFullTGDs	0
nonFullTGDs	1795		fullTGDs	391			newNonFullTGDs	4462		newFullTGDs	0
nonFullTGDs	1895		fullTGDs	391			newNonFullTGDs	4468		newFullTGDs	0
nonFullTGDs	1995		fullTGDs	391			newNonFullTGDs	4453		newFullTGDs	0
nonFullTGDs	2095		fullTGDs	391			newNonFullTGDs	4450		newFullTGDs	0
nonFullTGDs	2195		fullTGDs	391			newNonFullTGDs	4474		newFullTGDs	0
nonFullTGDs	2295		fullTGDs	391			newNonFullTGDs	4473		newFullTGDs	0
nonFullTGDs	2395		fullTGDs	391			newNonFullTGDs	4480		newFullTGDs	0
nonFullTGDs	2495		fullTGDs	391			newNonFullTGDs	4466		newFullTGDs	0
nonFullTGDs	2595		fullTGDs	391			newNonFullTGDs	4462		newFullTGDs	0
nonFullTGDs	2695		fullTGDs	391			newNonFullTGDs	4469		newFullTGDs	0
nonFullTGDs	2795		fullTGDs	391			newNonFullTGDs	4466		newFullTGDs	0
nonFullTGDs	2895		fullTGDs	391			newNonFullTGDs	4453		newFullTGDs	0
nonFullTGDs	2995		fullTGDs	391			newNonFullTGDs	4455		newFullTGDs	0
nonFullTGDs	3095		fullTGDs	391			newNonFullTGDs	4458		newFullTGDs	0
nonFullTGDs	3195		fullTGDs	391			newNonFullTGDs	4473		newFullTGDs	0
nonFullTGDs	3295		fullTGDs	391			newNonFullTGDs	4468		newFullTGDs	0
nonFullTGDs	3395		fullTGDs	391			newNonFullTGDs	4455		newFullTGDs	0
nonFullTGDs	3495		fullTGDs	391			newNonFullTGDs	4459		newFullTGDs	0
nonFullTGDs	3595		fullTGDs	391			newNonFullTGDs	4452		newFullTGDs	0
nonFullTGDs	3695		fullTGDs	391			newNonFullTGDs	4462		newFullTGDs	0
nonFullTGDs	3795		fullTGDs	391			newNonFullTGDs	4449		newFullTGDs	0
nonFullTGDs	3895		fullTGDs	391			newNonFullTGDs	4450		newFullTGDs	0
nonFullTGDs	3995		fullTGDs	391			newNonFullTGDs	4455		newFullTGDs	0
nonFullTGDs	4095		fullTGDs	391			newNonFullTGDs	4446		newFullTGDs	0
nonFullTGDs	4195		fullTGDs	391			newNonFullTGDs	4481		newFullTGDs	0
nonFullTGDs	4295		fullTGDs	391			newNonFullTGDs	4474		newFullTGDs	0
nonFullTGDs	4395		fullTGDs	391			newNonFullTGDs	4471		newFullTGDs	0
nonFullTGDs	4495		fullTGDs	391			newNonFullTGDs	4469		newFullTGDs	0
nonFullTGDs	4595		fullTGDs	391			newNonFullTGDs	4468		newFullTGDs	0
nonFullTGDs	4695		fullTGDs	391			newNonFullTGDs	4453		newFullTGDs	0
nonFullTGDs	4795		fullTGDs	391			newNonFullTGDs	4465		newFullTGDs	0
nonFullTGDs	4895		fullTGDs	391			newNonFullTGDs	4455		newFullTGDs	0
nonFullTGDs	4995		fullTGDs	391			newNonFullTGDs	4465		newFullTGDs	0
nonFullTGDs	5095		fullTGDs	391			newNonFullTGDs	4461		newFullTGDs	0
nonFullTGDs	5195		fullTGDs	391			newNonFullTGDs	4447		newFullTGDs	0
nonFullTGDs	5295		fullTGDs	391			newNonFullTGDs	4466		newFullTGDs	0
nonFullTGDs	5395		fullTGDs	391			newNonFullTGDs	4461		newFullTGDs	0
nonFullTGDs	5495		fullTGDs	391			newNonFullTGDs	4463		newFullTGDs	0
nonFullTGDs	5595		fullTGDs	391			newNonFullTGDs	4450		newFullTGDs	0
nonFullTGDs	5695		fullTGDs	391			newNonFullTGDs	4445		newFullTGDs	0
May 13, 2021 11:27:44 AM uk.ac.ox.cs.gsat.EvolveBasedSat run
INFO: GSat total time : 600042 ms = 600.04 s
May 13, 2021 11:27:44 AM uk.ac.ox.cs.gsat.EvolveBasedSat run
INFO: Subsumed elements : 30226
May 13, 2021 11:27:44 AM uk.ac.ox.cs.gsat.EvolveBasedSat run
INFO: Filter discarded elements : 0
May 13, 2021 11:27:44 AM uk.ac.ox.cs.gsat.EvolveBasedSat run
INFO: Derived full/non full TGDs: 0 , 40038
May 13, 2021 11:27:44 AM uk.ac.ox.cs.gsat.EvolveBasedSat run
INFO: ouptput full TGDs not contained in the input: 0
May 13, 2021 11:27:44 AM uk.ac.ox.cs.gsat.EvolveBasedSat run
INFO: !!! TIME OUT !!!
May 13, 2021 11:27:44 AM uk.ac.ox.cs.gsat.App executeAllSteps
INFO: Rewriting completed!
Full TGD saturation: (391 dependecies)
=========================================
http://purl.obolibrary.org/obo/BFO_0000053_some_http://purl.obolibrary.org/obo/PATO_0002234(GSat_u1) → http://purl.obolibrary.org/obo/BFO_0000004(GSat_u1)
http://kb.phenoscape.org/uuid/29851382-0228-4405-a760-5f1a292700f8-197(GSat_u1) → http://kb.phenoscape.org/uuid/29851382-0228-4405-a760-5f1a292700f8-192(GSat_u1)
http://purl.obolibrary.org/obo/BFO_0000053_some_http://purl.obolibrary.org/obo/TAO_0000364(GSat_u1) → http://purl.obolibrary.org/obo/BFO_0000004(GSat_u1)
http://purl.obolibrary.org/obo/TAO_0000661(GSat_u2) & http://purl.obolibrary.org/obo/BFO_0000053(GSat_u1,GSat_u2) → http://purl.obolibrary.org/obo/BFO_0000053_some_http://purl.obolibrary.org/obo/TAO_0000661(GSat_u1)
http://purl.obolibrary.org/obo/BFO_0000050(GSat_u1,GSat_u2) & http://purl.obolibrary.org/obo/TAO_0000519(GSat_u2) → http://purl.obolibrary.org/obo/BFO_0000050_some_http://purl.obolibrary.org/obo/TAO_0000519(GSat_u1)
http://purl.obolibrary.org/obo/PATO_0000570(GSat_u2) & http://purl.obolibrary.org/obo/BFO_0000053(GSat_u1,GSat_u2) → http://purl.obolibrary.org/obo/BFO_0000053_some_http://purl.obolibrary.org/obo/PATO_0000570(GSat_u1)
http://purl.obolibrary.org/obo/TAO_0001066(GSat_u2) & http://purl.obolibrary.org/obo/BFO_0000053(GSat_u1,GSat_u2) → http://purl.obolibrary.org/obo/BFO_0000053_some_http://purl.obolibrary.org/obo/TAO_0001066(GSat_u1)
http://purl.obolibrary.org/obo/BFO_0000050(GSat_u1,GSat_u2) & http://purl.obolibrary.org/obo/BSPO_0000679(GSat_u2) → http://purl.obolibrary.org/obo/BFO_0000050_some_http://purl.obolibrary.org/obo/BSPO_0000679(GSat_u1)
http://purl.obolibrary.org/obo/GO_0044456(GSat_u1) → http://purl.obolibrary.org/obo/CARO_0000014(GSat_u1)
http://purl.obolibrary.org/obo/BFO_0000053_some_http://purl.obolibrary.org/obo/PATO_0001873(GSat_u1) → http://purl.obolibrary.org/obo/BFO_0000004(GSat_u1)
http://purl.obolibrary.org/obo/BFO_0000053_some_http://purl.obolibrary.org/obo/PATO_0000936(GSat_u1) → http://purl.obolibrary.org/obo/BFO_0000004(GSat_u1)
http://kb.phenoscape.org/uuid/29851382-0228-4405-a760-5f1a292700f8-725(GSat_u1) → http://kb.phenoscape.org/uuid/29851382-0228-4405-a760-5f1a292700f8-734(GSat_u1)
http://kb.phenoscape.org/uuid/29851382-0228-4405-a760-5f1a292700f8-131(GSat_u1) → http://kb.phenoscape.org/uuid/29851382-0228-4405-a760-5f1a292700f8-125(GSat_u1)
http://purl.obolibrary.org/obo/BFO_0000053_some_http://purl.obolibrary.org/obo/TAO_0000514(GSat_u1) → http://purl.obolibrary.org/obo/BFO_0000004(GSat_u1)
http://purl.obolibrary.org/obo/BFO_0000053_some_http://purl.obolibrary.org/obo/PATO_0000592(GSat_u1) → http://purl.obolibrary.org/obo/BFO_0000004(GSat_u1)
http://purl.obolibrary.org/obo/BFO_0000053_some_http://purl.obolibrary.org/obo/PATO_0000591(GSat_u1) → http://purl.obolibrary.org/obo/BFO_0000004(GSat_u1)
http://purl.obolibrary.org/obo/BFO_0000050(GSat_u1,GSat_u2) & http://purl.obolibrary.org/obo/TAO_0000734(GSat_u2) → http://purl.obolibrary.org/obo/BFO_0000050_some_http://purl.obolibrary.org/obo/TAO_0000734(GSat_u1)
http://kb.phenoscape.org/uuid/29851382-0228-4405-a760-5f1a292700f8-907(GSat_u1) → http://kb.phenoscape.org/uuid/29851382-0228-4405-a760-5f1a292700f8-901(GSat_u1)
http://purl.obolibrary.org/obo/TAO_0000104(GSat_u2) & http://purl.obolibrary.org/obo/BFO_0000050(GSat_u1,GSat_u2) → http://purl.obolibrary.org/obo/BFO_0000050_some_http://purl.obolibrary.org/obo/TAO_0000104(GSat_u1)
http://purl.obolibrary.org/obo/BFO_0000050(GSat_u1,GSat_u2) & http://purl.obolibrary.org/obo/TAO_0000561(GSat_u2) → http://purl.obolibrary.org/obo/BFO_0000050_some_http://purl.obolibrary.org/obo/TAO_0000561(GSat_u1)
http://purl.obolibrary.org/obo/BFO_0000053_some_http://purl.obolibrary.org/obo/TAO_0001559(GSat_u1) → http://purl.obolibrary.org/obo/BFO_0000004(GSat_u1)
http://purl.obolibrary.org/obo/BFO_0000053_some_http://purl.obolibrary.org/obo/TAO_0000595(GSat_u1) → http://purl.obolibrary.org/obo/BFO_0000004(GSat_u1)
http://kb.phenoscape.org/uuid/29851382-0228-4405-a760-5f1a292700f8-1359(GSat_u1) → http://kb.phenoscape.org/uuid/29851382-0228-4405-a760-5f1a292700f8-1365(GSat_u1)
http://purl.obolibrary.org/obo/BFO_0000050(GSat_u1,GSat_u2) & http://purl.obolibrary.org/obo/TAO_0001469(GSat_u2) → http://purl.obolibrary.org/obo/BFO_0000050_some_http://purl.obolibrary.org/obo/TAO_0001469(GSat_u1)
http://kb.phenoscape.org/uuid/29851382-0228-4405-a760-5f1a292700f8-1079(GSat_u1) → http://kb.phenoscape.org/uuid/29851382-0228-4405-a760-5f1a292700f8-1085(GSat_u1)
http://purl.obolibrary.org/obo/BFO_0000053_some_http://purl.obolibrary.org/obo/PATO_0001052(GSat_u1) → http://purl.obolibrary.org/obo/BFO_0000004(GSat_u1)
http://kb.phenoscape.org/uuid/29851382-0228-4405-a760-5f1a292700f8-828(GSat_u1) → http://kb.phenoscape.org/uuid/29851382-0228-4405-a760-5f1a292700f8-835(GSat_u1)
http://purl.obolibrary.org/obo/BFO_0000053(GSat_u2,GSat_u1) → http://purl.obolibrary.org/obo/BFO_0000052(GSat_u1,GSat_u2)
http://purl.obolibrary.org/obo/BFO_0000050(GSat_u1,GSat_u2) & http://purl.obolibrary.org/obo/TAO_0001673(GSat_u2) → http://purl.obolibrary.org/obo/BFO_0000050_some_http://purl.obolibrary.org/obo/TAO_0001673(GSat_u1)
http://purl.obolibrary.org/obo/BFO_0000050(GSat_u1,GSat_u2) & http://purl.obolibrary.org/obo/TAO_0001393(GSat_u2) → http://purl.obolibrary.org/obo/BFO_0000050_some_http://purl.obolibrary.org/obo/TAO_0001393(GSat_u1)
http://purl.obolibrary.org/obo/BFO_0000050(GSat_u1,GSat_u2) & http://purl.obolibrary.org/obo/TAO_0000410(GSat_u2) → http://purl.obolibrary.org/obo/BFO_0000050_some_http://purl.obolibrary.org/obo/TAO_0000410(GSat_u1)
http://purl.obolibrary.org/obo/TAO_0000595(GSat_u2) & http://purl.obolibrary.org/obo/BFO_0000053(GSat_u1,GSat_u2) → http://purl.obolibrary.org/obo/BFO_0000053_some_http://purl.obolibrary.org/obo/TAO_0000595(GSat_u1)
http://kb.phenoscape.org/uuid/29851382-0228-4405-a760-5f1a292700f8-125(GSat_u1) → http://kb.phenoscape.org/uuid/29851382-0228-4405-a760-5f1a292700f8-131(GSat_u1)
http://purl.obolibrary.org/obo/PATO_0001857(GSat_u2) & http://purl.obolibrary.org/obo/BFO_0000053(GSat_u1,GSat_u2) → http://purl.obolibrary.org/obo/BFO_0000053_some_http://purl.obolibrary.org/obo/PATO_0001857(GSat_u1)
http://kb.phenoscape.org/uuid/29851382-0228-4405-a760-5f1a292700f8-1194(GSat_u1) → http://kb.phenoscape.org/uuid/29851382-0228-4405-a760-5f1a292700f8-1206(GSat_u1)
http://purl.obolibrary.org/obo/BFO_0000050(GSat_u1,GSat_u2) & http://purl.obolibrary.org/obo/BSPO_0000684(GSat_u2) → http://purl.obolibrary.org/obo/BFO_0000050_some_http://purl.obolibrary.org/obo/BSPO_0000684(GSat_u1)
http://purl.obolibrary.org/obo/BFO_0000050(GSat_u1,GSat_u2) & http://purl.obolibrary.org/obo/TAO_0000253(GSat_u2) → http://purl.obolibrary.org/obo/BFO_0000050_some_http://purl.obolibrary.org/obo/TAO_0000253(GSat_u1)
http://kb.phenoscape.org/uuid/29851382-0228-4405-a760-5f1a292700f8-714(GSat_u1) → http://kb.phenoscape.org/uuid/29851382-0228-4405-a760-5f1a292700f8-719(GSat_u1)
http://kb.phenoscape.org/uuid/29851382-0228-4405-a760-5f1a292700f8-802(GSat_u1) → http://kb.phenoscape.org/uuid/29851382-0228-4405-a760-5f1a292700f8-807(GSat_u1)
http://purl.obolibrary.org/obo/BFO_0000053_some_http://purl.obolibrary.org/obo/PATO_0002235(GSat_u1) → http://purl.obolibrary.org/obo/BFO_0000004(GSat_u1)
http://purl.obolibrary.org/obo/BFO_0000050(GSat_u1,GSat_u2) & http://purl.obolibrary.org/obo/TAO_0001501(GSat_u2) → http://purl.obolibrary.org/obo/BFO_0000050_some_http://purl.obolibrary.org/obo/TAO_0001501(GSat_u1)
http://kb.phenoscape.org/uuid/29851382-0228-4405-a760-5f1a292700f8-792(GSat_u1) → http://kb.phenoscape.org/uuid/29851382-0228-4405-a760-5f1a292700f8-797(GSat_u1)
http://kb.phenoscape.org/uuid/29851382-0228-4405-a760-5f1a292700f8-719(GSat_u1) → http://kb.phenoscape.org/uuid/29851382-0228-4405-a760-5f1a292700f8-714(GSat_u1)
http://purl.obolibrary.org/obo/BFO_0000053_some_http://purl.obolibrary.org/obo/PATO_0000406(GSat_u1) → http://purl.obolibrary.org/obo/BFO_0000004(GSat_u1)
http://purl.obolibrary.org/obo/PATO_0002234(GSat_u2) & http://purl.obolibrary.org/obo/BFO_0000053(GSat_u1,GSat_u2) → http://purl.obolibrary.org/obo/BFO_0000053_some_http://purl.obolibrary.org/obo/PATO_0002234(GSat_u1)
http://purl.obolibrary.org/obo/TAO_0000514(GSat_u2) & http://purl.obolibrary.org/obo/BFO_0000053(GSat_u1,GSat_u2) → http://purl.obolibrary.org/obo/BFO_0000053_some_http://purl.obolibrary.org/obo/TAO_0000514(GSat_u1)
http://kb.phenoscape.org/uuid/29851382-0228-4405-a760-5f1a292700f8-693(GSat_u1) → http://kb.phenoscape.org/uuid/29851382-0228-4405-a760-5f1a292700f8-683(GSat_u1)
http://purl.obolibrary.org/obo/BFO_0000050(GSat_u1,GSat_u2) & http://purl.obolibrary.org/obo/TAO_0001191(GSat_u2) → http://purl.obolibrary.org/obo/BFO_0000050_some_http://purl.obolibrary.org/obo/TAO_0001191(GSat_u1)
http://purl.obolibrary.org/obo/PATO_0001322(GSat_u2) & http://purl.obolibrary.org/obo/BFO_0000053(GSat_u1,GSat_u2) → http://purl.obolibrary.org/obo/BFO_0000053_some_http://purl.obolibrary.org/obo/PATO_0001322(GSat_u1)
http://purl.obolibrary.org/obo/GO_0045211(GSat_u1) → http://purl.obolibrary.org/obo/GO_0044456(GSat_u1)
http://purl.obolibrary.org/obo/TAO_0000595(GSat_u2) & http://purl.obolibrary.org/obo/BFO_0000050(GSat_u1,GSat_u2) → http://purl.obolibrary.org/obo/BFO_0000050_some_http://purl.obolibrary.org/obo/TAO_0000595(GSat_u1)
http://purl.obolibrary.org/obo/BFO_0000053(GSat_u1,GSat_u2) & http://purl.obolibrary.org/obo/TAO_0001114(GSat_u2) → http://purl.obolibrary.org/obo/BFO_0000053_some_http://purl.obolibrary.org/obo/TAO_0001114(GSat_u1)
http://purl.obolibrary.org/obo/PATO_0002044(GSat_u2) & http://purl.obolibrary.org/obo/BFO_0000053(GSat_u1,GSat_u2) → http://purl.obolibrary.org/obo/BFO_0000053_some_http://purl.obolibrary.org/obo/PATO_0002044(GSat_u1)
http://purl.obolibrary.org/obo/TAO_0000586(GSat_u2) & http://purl.obolibrary.org/obo/BFO_0000053(GSat_u1,GSat_u2) → http://purl.obolibrary.org/obo/BFO_0000053_some_http://purl.obolibrary.org/obo/TAO_0000586(GSat_u1)
http://kb.phenoscape.org/uuid/29851382-0228-4405-a760-5f1a292700f8-1008(GSat_u1) → http://kb.phenoscape.org/uuid/29851382-0228-4405-a760-5f1a292700f8-1013(GSat_u1)
http://kb.phenoscape.org/uuid/29851382-0228-4405-a760-5f1a292700f8-842(GSat_u1) → http://kb.phenoscape.org/uuid/29851382-0228-4405-a760-5f1a292700f8-835(GSat_u1)
http://kb.phenoscape.org/uuid/29851382-0228-4405-a760-5f1a292700f8-1344(GSat_u1) → http://kb.phenoscape.org/uuid/29851382-0228-4405-a760-5f1a292700f8-1351(GSat_u1)
http://purl.obolibrary.org/obo/TAO_0000270(GSat_u2) & http://purl.obolibrary.org/obo/BFO_0000050(GSat_u1,GSat_u2) → http://purl.obolibrary.org/obo/BFO_0000050_some_http://purl.obolibrary.org/obo/TAO_0000270(GSat_u1)
http://purl.obolibrary.org/obo/BFO_0000050(GSat_u1,GSat_u2) & http://purl.obolibrary.org/obo/TAO_0002083(GSat_u2) → http://purl.obolibrary.org/obo/BFO_0000050_some_http://purl.obolibrary.org/obo/TAO_0002083(GSat_u1)
http://purl.obolibrary.org/obo/BFO_0000004(GSat_u1) → http://purl.obolibrary.org/obo/BFO_0000002(GSat_u1)
http://purl.obolibrary.org/obo/TAO_0000264(GSat_u2) & http://purl.obolibrary.org/obo/BFO_0000050(GSat_u1,GSat_u2) → http://purl.obolibrary.org/obo/BFO_0000050_some_http://purl.obolibrary.org/obo/TAO_0000264(GSat_u1)
http://purl.obolibrary.org/obo/BFO_0000053_some_http://purl.obolibrary.org/obo/PATO_0001154(GSat_u1) → http://purl.obolibrary.org/obo/BFO_0000004(GSat_u1)
http://kb.phenoscape.org/uuid/29851382-0228-4405-a760-5f1a292700f8-1013(GSat_u1) → http://kb.phenoscape.org/uuid/29851382-0228-4405-a760-5f1a292700f8-1008(GSat_u1)
http://purl.obolibrary.org/obo/GO_0016020(GSat_u1) → http://purl.obolibrary.org/obo/GO_0044464(GSat_u1)
http://purl.obolibrary.org/obo/BFO_0000050(GSat_u1,GSat_u2) & http://purl.obolibrary.org/obo/BSPO_0000070(GSat_u2) → http://purl.obolibrary.org/obo/BFO_0000050_some_http://purl.obolibrary.org/obo/BSPO_0000070(GSat_u1)
http://kb.phenoscape.org/uuid/29851382-0228-4405-a760-5f1a292700f8-907(GSat_u1) → http://kb.phenoscape.org/uuid/29851382-0228-4405-a760-5f1a292700f8-913(GSat_u1)
http://purl.obolibrary.org/obo/BFO_0000050(GSat_u1,GSat_u2) & http://purl.obolibrary.org/obo/TAO_0001783(GSat_u2) → http://purl.obolibrary.org/obo/BFO_0000050_some_http://purl.obolibrary.org/obo/TAO_0001783(GSat_u1)
http://kb.phenoscape.org/uuid/29851382-0228-4405-a760-5f1a292700f8-679(GSat_u1) → http://kb.phenoscape.org/uuid/29851382-0228-4405-a760-5f1a292700f8-669(GSat_u1)
http://kb.phenoscape.org/uuid/29851382-0228-4405-a760-5f1a292700f8-112(GSat_u1) → http://kb.phenoscape.org/uuid/29851382-0228-4405-a760-5f1a292700f8-118(GSat_u1)
http://purl.obolibrary.org/obo/BFO_0000053_some_http://purl.obolibrary.org/obo/TAO_0001501(GSat_u1) → http://purl.obolibrary.org/obo/BFO_0000004(GSat_u1)
http://purl.obolibrary.org/obo/BFO_0000050(GSat_u1,GSat_u2) & http://purl.obolibrary.org/obo/TAO_0000547(GSat_u2) → http://purl.obolibrary.org/obo/BFO_0000050_some_http://purl.obolibrary.org/obo/TAO_0000547(GSat_u1)
http://purl.obolibrary.org/obo/BFO_0000053_some_http://purl.obolibrary.org/obo/TAO_0000442(GSat_u1) → http://purl.obolibrary.org/obo/BFO_0000004(GSat_u1)
http://kb.phenoscape.org/uuid/29851382-0228-4405-a760-5f1a292700f8-870(GSat_u1) → http://kb.phenoscape.org/uuid/29851382-0228-4405-a760-5f1a292700f8-863(GSat_u1)
http://purl.obolibrary.org/obo/PATO_0000586(GSat_u2) & http://purl.obolibrary.org/obo/BFO_0000053(GSat_u1,GSat_u2) → http://purl.obolibrary.org/obo/BFO_0000053_some_http://purl.obolibrary.org/obo/PATO_0000586(GSat_u1)
http://kb.phenoscape.org/uuid/29851382-0228-4405-a760-5f1a292700f8-1206(GSat_u1) → http://kb.phenoscape.org/uuid/29851382-0228-4405-a760-5f1a292700f8-1211(GSat_u1)
http://purl.obolibrary.org/obo/TAO_0000336(GSat_u2) & http://purl.obolibrary.org/obo/BFO_0000050(GSat_u1,GSat_u2) → http://purl.obolibrary.org/obo/BFO_0000050_some_http://purl.obolibrary.org/obo/TAO_0000336(GSat_u1)
http://purl.obolibrary.org/obo/BFO_0000053(GSat_u1,GSat_u2) & http://purl.obolibrary.org/obo/PATO_0000070(GSat_u2) → http://purl.obolibrary.org/obo/BFO_0000053_some_http://purl.obolibrary.org/obo/PATO_0000070(GSat_u1)
http://purl.obolibrary.org/obo/BFO_0000053(GSat_u1,GSat_u2) & http://purl.obolibrary.org/obo/TAO_0001559(GSat_u2) → http://purl.obolibrary.org/obo/BFO_0000053_some_http://purl.obolibrary.org/obo/TAO_0001559(GSat_u1)
http://purl.obolibrary.org/obo/BFO_0000053_some_http://purl.obolibrary.org/obo/PATO_0000599(GSat_u1) → http://purl.obolibrary.org/obo/BFO_0000004(GSat_u1)
http://purl.obolibrary.org/obo/BFO_0000050(GSat_u1,GSat_u2) & http://purl.obolibrary.org/obo/TAO_0000191(GSat_u2) → http://purl.obolibrary.org/obo/BFO_0000050_some_http://purl.obolibrary.org/obo/TAO_0000191(GSat_u1)
http://purl.obolibrary.org/obo/BFO_0000053_some_http://purl.obolibrary.org/obo/PATO_0002278(GSat_u1) → http://purl.obolibrary.org/obo/BFO_0000004(GSat_u1)
http://purl.obolibrary.org/obo/BFO_0000053(GSat_u1,GSat_u2) & http://purl.obolibrary.org/obo/PATO_0000592(GSat_u2) → http://purl.obolibrary.org/obo/BFO_0000053_some_http://purl.obolibrary.org/obo/PATO_0000592(GSat_u1)
http://purl.obolibrary.org/obo/PATO_0002278(GSat_u2) & http://purl.obolibrary.org/obo/BFO_0000053(GSat_u1,GSat_u2) → http://purl.obolibrary.org/obo/BFO_0000053_some_http://purl.obolibrary.org/obo/PATO_0002278(GSat_u1)
http://kb.phenoscape.org/uuid/29851382-0228-4405-a760-5f1a292700f8-709(GSat_u1) → http://kb.phenoscape.org/uuid/29851382-0228-4405-a760-5f1a292700f8-714(GSat_u1)
http://purl.obolibrary.org/obo/BFO_0000053_some_http://purl.obolibrary.org/obo/BSPO_0000037(GSat_u1) → http://purl.obolibrary.org/obo/BFO_0000004(GSat_u1)
http://kb.phenoscape.org/uuid/29851382-0228-4405-a760-5f1a292700f8-484(GSat_u1) → http://kb.phenoscape.org/uuid/29851382-0228-4405-a760-5f1a292700f8-489(GSat_u1)
http://kb.phenoscape.org/uuid/29851382-0228-4405-a760-5f1a292700f8-202(GSat_u1) → http://kb.phenoscape.org/uuid/29851382-0228-4405-a760-5f1a292700f8-197(GSat_u1)
http://kb.phenoscape.org/uuid/29851382-0228-4405-a760-5f1a292700f8-856(GSat_u1) → http://kb.phenoscape.org/uuid/29851382-0228-4405-a760-5f1a292700f8-850(GSat_u1)
http://purl.obolibrary.org/obo/BFO_0000052(GSat_u2,GSat_u1) → http://purl.obolibrary.org/obo/BFO_0000053(GSat_u1,GSat_u2)
http://purl.obolibrary.org/obo/BFO_0000052(GSat_u2,GSat_u1) → http://purl.obolibrary.org/obo/BFO_0000004(GSat_u1)
http://purl.obolibrary.org/obo/PATO_0001154(GSat_u2) & http://purl.obolibrary.org/obo/BFO_0000053(GSat_u1,GSat_u2) → http://purl.obolibrary.org/obo/BFO_0000053_some_http://purl.obolibrary.org/obo/PATO_0001154(GSat_u1)
http://kb.phenoscape.org/uuid/29851382-0228-4405-a760-5f1a292700f8-242(GSat_u1) → http://kb.phenoscape.org/uuid/29851382-0228-4405-a760-5f1a292700f8-216(GSat_u1)
http://kb.phenoscape.org/uuid/29851382-0228-4405-a760-5f1a292700f8-1201(GSat_u1) → http://kb.phenoscape.org/uuid/29851382-0228-4405-a760-5f1a292700f8-1206(GSat_u1)
http://purl.obolibrary.org/obo/CARO_0010000(GSat_u1) → http://purl.obolibrary.org/obo/CARO_0000003(GSat_u1)
http://kb.phenoscape.org/uuid/29851382-0228-4405-a760-5f1a292700f8-1271(GSat_u1) → http://kb.phenoscape.org/uuid/29851382-0228-4405-a760-5f1a292700f8-1244(GSat_u1)
http://purl.obolibrary.org/obo/BFO_0000053_some_http://purl.obolibrary.org/obo/PATO_0002180(GSat_u1) → http://purl.obolibrary.org/obo/BFO_0000004(GSat_u1)
http://kb.phenoscape.org/uuid/29851382-0228-4405-a760-5f1a292700f8-1351(GSat_u1) → http://kb.phenoscape.org/uuid/29851382-0228-4405-a760-5f1a292700f8-1344(GSat_u1)
http://purl.obolibrary.org/obo/BFO_0000050(GSat_u1,GSat_u2) & http://purl.obolibrary.org/obo/TAO_0000594(GSat_u2) → http://purl.obolibrary.org/obo/BFO_0000050_some_http://purl.obolibrary.org/obo/TAO_0000594(GSat_u1)
http://purl.obolibrary.org/obo/BFO_0000053_some_http://purl.obolibrary.org/obo/TAO_0000557(GSat_u1) → http://purl.obolibrary.org/obo/BFO_0000004(GSat_u1)
http://kb.phenoscape.org/uuid/29851382-0228-4405-a760-5f1a292700f8-1194(GSat_u1) → http://kb.phenoscape.org/uuid/29851382-0228-4405-a760-5f1a292700f8-1201(GSat_u1)
http://kb.phenoscape.org/uuid/29851382-0228-4405-a760-5f1a292700f8-835(GSat_u1) → http://kb.phenoscape.org/uuid/29851382-0228-4405-a760-5f1a292700f8-842(GSat_u1)
http://kb.phenoscape.org/uuid/29851382-0228-4405-a760-5f1a292700f8-1091(GSat_u1) → http://kb.phenoscape.org/uuid/29851382-0228-4405-a760-5f1a292700f8-1085(GSat_u1)
http://purl.obolibrary.org/obo/RO_0002180(GSat_u1,GSat_u2) → http://purl.obolibrary.org/obo/BFO_0000051(GSat_u1,GSat_u2)
http://purl.obolibrary.org/obo/BFO_0000053(GSat_u1,GSat_u2) & http://purl.obolibrary.org/obo/PATO_0000573(GSat_u2) → http://purl.obolibrary.org/obo/BFO_0000053_some_http://purl.obolibrary.org/obo/PATO_0000573(GSat_u1)
http://kb.phenoscape.org/uuid/29851382-0228-4405-a760-5f1a292700f8-1206(GSat_u1) → http://kb.phenoscape.org/uuid/29851382-0228-4405-a760-5f1a292700f8-1201(GSat_u1)
http://purl.obolibrary.org/obo/BFO_0000053(GSat_u1,GSat_u2) & http://purl.obolibrary.org/obo/PATO_0000141(GSat_u2) → http://purl.obolibrary.org/obo/BFO_0000053_some_http://purl.obolibrary.org/obo/PATO_0000141(GSat_u1)
http://purl.obolibrary.org/obo/PATO_0001051(GSat_u2) & http://purl.obolibrary.org/obo/BFO_0000053(GSat_u1,GSat_u2) → http://purl.obolibrary.org/obo/BFO_0000053_some_http://purl.obolibrary.org/obo/PATO_0001051(GSat_u1)
http://purl.obolibrary.org/obo/BFO_0000050(GSat_u1,GSat_u2) & http://purl.obolibrary.org/obo/TAO_0000557(GSat_u2) → http://purl.obolibrary.org/obo/BFO_0000050_some_http://purl.obolibrary.org/obo/TAO_0000557(GSat_u1)
http://purl.obolibrary.org/obo/GO_0045202(GSat_u1) → http://purl.obolibrary.org/obo/CARO_0000014(GSat_u1)
http://purl.obolibrary.org/obo/TAO_0001169(GSat_u2) & http://purl.obolibrary.org/obo/BFO_0000050(GSat_u1,GSat_u2) → http://purl.obolibrary.org/obo/BFO_0000050_some_http://purl.obolibrary.org/obo/TAO_0001169(GSat_u1)
http://kb.phenoscape.org/uuid/29851382-0228-4405-a760-5f1a292700f8-1283(GSat_u1) → http://kb.phenoscape.org/uuid/29851382-0228-4405-a760-5f1a292700f8-1294(GSat_u1)
http://purl.obolibrary.org/obo/BFO_0000050(GSat_u1,GSat_u2) & http://purl.obolibrary.org/obo/TAO_0001561(GSat_u2) → http://purl.obolibrary.org/obo/BFO_0000050_some_http://purl.obolibrary.org/obo/TAO_0001561(GSat_u1)
http://kb.phenoscape.org/uuid/29851382-0228-4405-a760-5f1a292700f8-1166(GSat_u1) → http://kb.phenoscape.org/uuid/29851382-0228-4405-a760-5f1a292700f8-1171(GSat_u1)
http://kb.phenoscape.org/uuid/29851382-0228-4405-a760-5f1a292700f8-500(GSat_u1) → http://kb.phenoscape.org/uuid/29851382-0228-4405-a760-5f1a292700f8-520(GSat_u1)
http://kb.phenoscape.org/uuid/29851382-0228-4405-a760-5f1a292700f8-807(GSat_u1) → http://kb.phenoscape.org/uuid/29851382-0228-4405-a760-5f1a292700f8-802(GSat_u1)
http://kb.phenoscape.org/uuid/29851382-0228-4405-a760-5f1a292700f8-106(GSat_u1) → http://kb.phenoscape.org/uuid/29851382-0228-4405-a760-5f1a292700f8-112(GSat_u1)
http://kb.phenoscape.org/uuid/29851382-0228-4405-a760-5f1a292700f8-884(GSat_u1) → http://kb.phenoscape.org/uuid/29851382-0228-4405-a760-5f1a292700f8-889(GSat_u1)
http://purl.obolibrary.org/obo/PATO_0001052(GSat_u2) & http://purl.obolibrary.org/obo/BFO_0000053(GSat_u1,GSat_u2) → http://purl.obolibrary.org/obo/BFO_0000053_some_http://purl.obolibrary.org/obo/PATO_0001052(GSat_u1)
http://purl.obolibrary.org/obo/BFO_0000053_some_http://purl.obolibrary.org/obo/PATO_0001500(GSat_u1) → http://purl.obolibrary.org/obo/BFO_0000004(GSat_u1)
http://purl.obolibrary.org/obo/BFO_0000053_some_http://purl.obolibrary.org/obo/TAO_0000661(GSat_u1) → http://purl.obolibrary.org/obo/BFO_0000004(GSat_u1)
http://kb.phenoscape.org/uuid/29851382-0228-4405-a760-5f1a292700f8-1166(GSat_u1) → http://kb.phenoscape.org/uuid/29851382-0228-4405-a760-5f1a292700f8-1161(GSat_u1)
http://purl.obolibrary.org/obo/BFO_0000050(GSat_u1,GSat_u2) & http://purl.obolibrary.org/obo/TAO_0001834(GSat_u2) → http://purl.obolibrary.org/obo/BFO_0000050_some_http://purl.obolibrary.org/obo/TAO_0001834(GSat_u1)
http://purl.obolibrary.org/obo/TAO_0001701(GSat_u2) & http://purl.obolibrary.org/obo/BFO_0000050(GSat_u1,GSat_u2) → http://purl.obolibrary.org/obo/BFO_0000050_some_http://purl.obolibrary.org/obo/TAO_0001701(GSat_u1)
http://kb.phenoscape.org/uuid/29851382-0228-4405-a760-5f1a292700f8-489(GSat_u1) → http://kb.phenoscape.org/uuid/29851382-0228-4405-a760-5f1a292700f8-494(GSat_u1)
http://purl.obolibrary.org/obo/RO_0002202(GSat_u2,GSat_u1) → http://purl.obolibrary.org/obo/BFO_0000004(GSat_u1)
http://purl.obolibrary.org/obo/BFO_0000053_some_http://purl.obolibrary.org/obo/TAO_0001066(GSat_u1) → http://purl.obolibrary.org/obo/BFO_0000004(GSat_u1)
http://kb.phenoscape.org/uuid/29851382-0228-4405-a760-5f1a292700f8-514(GSat_u1) → http://kb.phenoscape.org/uuid/29851382-0228-4405-a760-5f1a292700f8-504(GSat_u1)
http://purl.obolibrary.org/obo/BFO_0000050(GSat_u1,GSat_u2) & http://purl.obolibrary.org/obo/TAO_0000691(GSat_u2) → http://purl.obolibrary.org/obo/BFO_0000050_some_http://purl.obolibrary.org/obo/TAO_0000691(GSat_u1)
http://purl.obolibrary.org/obo/BFO_0000050(GSat_u1,GSat_u2) & http://purl.obolibrary.org/obo/TAO_0001581(GSat_u2) → http://purl.obolibrary.org/obo/BFO_0000050_some_http://purl.obolibrary.org/obo/TAO_0001581(GSat_u1)
http://kb.phenoscape.org/uuid/29851382-0228-4405-a760-5f1a292700f8-494(GSat_u1) → http://kb.phenoscape.org/uuid/29851382-0228-4405-a760-5f1a292700f8-489(GSat_u1)
http://kb.phenoscape.org/uuid/29851382-0228-4405-a760-5f1a292700f8-802(GSat_u1) → http://kb.phenoscape.org/uuid/29851382-0228-4405-a760-5f1a292700f8-797(GSat_u1)
http://purl.obolibrary.org/obo/BFO_0000053_some_http://purl.obolibrary.org/obo/PATO_0002219(GSat_u1) → http://purl.obolibrary.org/obo/BFO_0000004(GSat_u1)
http://purl.obolibrary.org/obo/BFO_0000053_some_http://purl.obolibrary.org/obo/TAO_0000594(GSat_u1) → http://purl.obolibrary.org/obo/BFO_0000004(GSat_u1)
http://purl.obolibrary.org/obo/BFO_0000053_some_http://purl.obolibrary.org/obo/PATO_0001495(GSat_u1) → http://purl.obolibrary.org/obo/BFO_0000004(GSat_u1)
http://purl.obolibrary.org/obo/BFO_0000050(GSat_u1,GSat_u2) & http://purl.obolibrary.org/obo/TAO_0001985(GSat_u2) → http://purl.obolibrary.org/obo/BFO_0000050_some_http://purl.obolibrary.org/obo/TAO_0001985(GSat_u1)
http://purl.obolibrary.org/obo/BFO_0000053_some_http://purl.obolibrary.org/obo/PATO_0000414(GSat_u1) → http://purl.obolibrary.org/obo/BFO_0000004(GSat_u1)
http://purl.obolibrary.org/obo/PATO_0000140(GSat_u2) & http://purl.obolibrary.org/obo/BFO_0000053(GSat_u1,GSat_u2) → http://purl.obolibrary.org/obo/BFO_0000053_some_http://purl.obolibrary.org/obo/PATO_0000140(GSat_u1)
http://kb.phenoscape.org/uuid/29851382-0228-4405-a760-5f1a292700f8-1299(GSat_u1) → http://kb.phenoscape.org/uuid/29851382-0228-4405-a760-5f1a292700f8-1288(GSat_u1)
http://kb.phenoscape.org/uuid/29851382-0228-4405-a760-5f1a292700f8-1294(GSat_u1) → http://kb.phenoscape.org/uuid/29851382-0228-4405-a760-5f1a292700f8-1283(GSat_u1)
http://kb.phenoscape.org/uuid/29851382-0228-4405-a760-5f1a292700f8-863(GSat_u1) → http://kb.phenoscape.org/uuid/29851382-0228-4405-a760-5f1a292700f8-870(GSat_u1)
http://purl.obolibrary.org/obo/BFO_0000050(GSat_u2,GSat_u1) → http://purl.obolibrary.org/obo/BFO_0000051(GSat_u1,GSat_u2)
http://purl.obolibrary.org/obo/RO_0002202(GSat_u1,GSat_u2) → http://purl.obolibrary.org/obo/BFO_0000004(GSat_u1)
http://purl.obolibrary.org/obo/BFO_0000053(GSat_u1,GSat_u2) & http://purl.obolibrary.org/obo/PATO_0000052(GSat_u2) → http://purl.obolibrary.org/obo/BFO_0000053_some_http://purl.obolibrary.org/obo/PATO_0000052(GSat_u1)
http://kb.phenoscape.org/uuid/29851382-0228-4405-a760-5f1a292700f8-1182(GSat_u1) → http://kb.phenoscape.org/uuid/29851382-0228-4405-a760-5f1a292700f8-1211(GSat_u1)
http://purl.obolibrary.org/obo/BFO_0000053_some_http://purl.obolibrary.org/obo/PATO_0000141(GSat_u1) → http://purl.obolibrary.org/obo/BFO_0000004(GSat_u1)
http://purl.obolibrary.org/obo/GO_0043005(GSat_u1) → http://purl.obolibrary.org/obo/GO_0042995(GSat_u1)
http://purl.obolibrary.org/obo/GO_0042734(GSat_u1) → http://purl.obolibrary.org/obo/GO_0044456(GSat_u1)
http://purl.obolibrary.org/obo/BFO_0000053(GSat_u1,GSat_u2) & http://purl.obolibrary.org/obo/PATO_0000584(GSat_u2) → http://purl.obolibrary.org/obo/BFO_0000053_some_http://purl.obolibrary.org/obo/PATO_0000584(GSat_u1)
http://kb.phenoscape.org/uuid/29851382-0228-4405-a760-5f1a292700f8-197(GSat_u1) → http://kb.phenoscape.org/uuid/29851382-0228-4405-a760-5f1a292700f8-202(GSat_u1)
http://purl.obolibrary.org/obo/BFO_0000053_some_http://purl.obolibrary.org/obo/TAO_0000586(GSat_u1) → http://purl.obolibrary.org/obo/BFO_0000004(GSat_u1)
http://purl.obolibrary.org/obo/BFO_0000050(GSat_u1,GSat_u2) & http://purl.obolibrary.org/obo/TAO_0001910(GSat_u2) → http://purl.obolibrary.org/obo/BFO_0000050_some_http://purl.obolibrary.org/obo/TAO_0001910(GSat_u1)
http://kb.phenoscape.org/uuid/29851382-0228-4405-a760-5f1a292700f8-878(GSat_u1) → http://kb.phenoscape.org/uuid/29851382-0228-4405-a760-5f1a292700f8-889(GSat_u1)
http://purl.obolibrary.org/obo/TAO_0001627(GSat_u2) & http://purl.obolibrary.org/obo/BFO_0000050(GSat_u1,GSat_u2) → http://purl.obolibrary.org/obo/BFO_0000050_some_http://purl.obolibrary.org/obo/TAO_0001627(GSat_u1)
http://kb.phenoscape.org/uuid/29851382-0228-4405-a760-5f1a292700f8-820(GSat_u1) → http://kb.phenoscape.org/uuid/29851382-0228-4405-a760-5f1a292700f8-813(GSat_u1)
http://purl.obolibrary.org/obo/TAO_0000364(GSat_u2) & http://purl.obolibrary.org/obo/BFO_0000053(GSat_u1,GSat_u2) → http://purl.obolibrary.org/obo/BFO_0000053_some_http://purl.obolibrary.org/obo/TAO_0000364(GSat_u1)
http://purl.obolibrary.org/obo/BFO_0000053_some_http://purl.obolibrary.org/obo/PATO_0000070(GSat_u1) → http://purl.obolibrary.org/obo/BFO_0000004(GSat_u1)
http://purl.obolibrary.org/obo/BFO_0000053_some_http://purl.obolibrary.org/obo/TAO_0001173(GSat_u1) → http://purl.obolibrary.org/obo/BFO_0000004(GSat_u1)
http://kb.phenoscape.org/uuid/29851382-0228-4405-a760-5f1a292700f8-611(GSat_u1) → http://kb.phenoscape.org/uuid/29851382-0228-4405-a760-5f1a292700f8-617(GSat_u1)
http://purl.obolibrary.org/obo/BFO_0000053_some_http://purl.obolibrary.org/obo/PATO_0000140(GSat_u1) → http://purl.obolibrary.org/obo/BFO_0000004(GSat_u1)
http://kb.phenoscape.org/uuid/29851382-0228-4405-a760-5f1a292700f8-81(GSat_u1) → http://kb.phenoscape.org/uuid/29851382-0228-4405-a760-5f1a292700f8-91(GSat_u1)
http://purl.obolibrary.org/obo/BFO_0000050(GSat_u1,GSat_u2) & http://purl.obolibrary.org/obo/TAO_0000621(GSat_u2) → http://purl.obolibrary.org/obo/BFO_0000050_some_http://purl.obolibrary.org/obo/TAO_0000621(GSat_u1)
http://kb.phenoscape.org/uuid/29851382-0228-4405-a760-5f1a292700f8-1085(GSat_u1) → http://kb.phenoscape.org/uuid/29851382-0228-4405-a760-5f1a292700f8-1091(GSat_u1)
http://purl.obolibrary.org/obo/TAO_0001577(GSat_u2) & http://purl.obolibrary.org/obo/BFO_0000050(GSat_u1,GSat_u2) → http://purl.obolibrary.org/obo/BFO_0000050_some_http://purl.obolibrary.org/obo/TAO_0001577(GSat_u1)
http://kb.phenoscape.org/uuid/29851382-0228-4405-a760-5f1a292700f8-489(GSat_u1) → http://kb.phenoscape.org/uuid/29851382-0228-4405-a760-5f1a292700f8-484(GSat_u1)
http://purl.obolibrary.org/obo/ENVO_0002036(GSat_u1) → http://purl.obolibrary.org/obo/BFO_0000004(GSat_u1)
http://purl.obolibrary.org/obo/BFO_0000053(GSat_u1,GSat_u2) & http://purl.obolibrary.org/obo/PATO_0000936(GSat_u2) → http://purl.obolibrary.org/obo/BFO_0000053_some_http://purl.obolibrary.org/obo/PATO_0000936(GSat_u1)
http://kb.phenoscape.org/uuid/29851382-0228-4405-a760-5f1a292700f8-850(GSat_u1) → http://kb.phenoscape.org/uuid/29851382-0228-4405-a760-5f1a292700f8-856(GSat_u1)
http://purl.obolibrary.org/obo/CARO_0001000(GSat_u1) → http://purl.obolibrary.org/obo/CARO_0000003(GSat_u1)
http://purl.obolibrary.org/obo/BFO_0000053_some_http://purl.obolibrary.org/obo/PATO_0001355(GSat_u1) → http://purl.obolibrary.org/obo/BFO_0000004(GSat_u1)
http://purl.obolibrary.org/obo/BFO_0000053(GSat_u1,GSat_u2) & http://purl.obolibrary.org/obo/TAO_0001581(GSat_u2) → http://purl.obolibrary.org/obo/BFO_0000053_some_http://purl.obolibrary.org/obo/TAO_0001581(GSat_u1)
http://kb.phenoscape.org/uuid/29851382-0228-4405-a760-5f1a292700f8-1233(GSat_u1) → http://kb.phenoscape.org/uuid/29851382-0228-4405-a760-5f1a292700f8-1238(GSat_u1)
http://purl.obolibrary.org/obo/BFO_0000050(GSat_u1,GSat_u2) & http://purl.obolibrary.org/obo/TAO_0001810(GSat_u2) → http://purl.obolibrary.org/obo/BFO_0000050_some_http://purl.obolibrary.org/obo/TAO_0001810(GSat_u1)
http://purl.obolibrary.org/obo/BFO_0000053_some_http://purl.obolibrary.org/obo/PATO_0001592(GSat_u1) → http://purl.obolibrary.org/obo/BFO_0000004(GSat_u1)
http://purl.obolibrary.org/obo/BFO_0000053_some_http://purl.obolibrary.org/obo/PATO_0002044(GSat_u1) → http://purl.obolibrary.org/obo/BFO_0000004(GSat_u1)
http://purl.obolibrary.org/obo/BFO_0000053_some_http://purl.obolibrary.org/obo/TAO_0001983(GSat_u1) → http://purl.obolibrary.org/obo/BFO_0000004(GSat_u1)
http://purl.obolibrary.org/obo/TAO_0000250(GSat_u2) & http://purl.obolibrary.org/obo/BFO_0000050(GSat_u1,GSat_u2) → http://purl.obolibrary.org/obo/BFO_0000050_some_http://purl.obolibrary.org/obo/TAO_0000250(GSat_u1)
http://purl.obolibrary.org/obo/BFO_0000003(GSat_u1) → http://purl.obolibrary.org/obo/BFO_0000001(GSat_u1)
http://purl.obolibrary.org/obo/BFO_0000053_some_http://purl.obolibrary.org/obo/PATO_0000586(GSat_u1) → http://purl.obolibrary.org/obo/BFO_0000004(GSat_u1)
http://kb.phenoscape.org/uuid/29851382-0228-4405-a760-5f1a292700f8-797(GSat_u1) → http://kb.phenoscape.org/uuid/29851382-0228-4405-a760-5f1a292700f8-792(GSat_u1)
http://kb.phenoscape.org/uuid/29851382-0228-4405-a760-5f1a292700f8-835(GSat_u1) → http://kb.phenoscape.org/uuid/29851382-0228-4405-a760-5f1a292700f8-828(GSat_u1)
http://purl.obolibrary.org/obo/BSPO_0000037(GSat_u2) & http://purl.obolibrary.org/obo/BFO_0000053(GSat_u1,GSat_u2) → http://purl.obolibrary.org/obo/BFO_0000053_some_http://purl.obolibrary.org/obo/BSPO_0000037(GSat_u1)
http://purl.obolibrary.org/obo/BFO_0000050(GSat_u1,GSat_u2) & http://purl.obolibrary.org/obo/TAO_0001984(GSat_u2) → http://purl.obolibrary.org/obo/BFO_0000050_some_http://purl.obolibrary.org/obo/TAO_0001984(GSat_u1)
http://purl.obolibrary.org/obo/BFO_0000007(GSat_u1) → http://purl.obolibrary.org/obo/BFO_0000003(GSat_u1)
http://purl.obolibrary.org/obo/BFO_0000050(GSat_u1,GSat_u2) & http://purl.obolibrary.org/obo/TAO_0001626(GSat_u2) → http://purl.obolibrary.org/obo/BFO_0000050_some_http://purl.obolibrary.org/obo/TAO_0001626(GSat_u1)
http://kb.phenoscape.org/uuid/29851382-0228-4405-a760-5f1a292700f8-364(GSat_u1) → http://kb.phenoscape.org/uuid/29851382-0228-4405-a760-5f1a292700f8-351(GSat_u1)
http://purl.obolibrary.org/obo/BFO_0000050(GSat_u1,GSat_u2) & http://purl.obolibrary.org/obo/TAO_0001189(GSat_u2) → http://purl.obolibrary.org/obo/BFO_0000050_some_http://purl.obolibrary.org/obo/TAO_0001189(GSat_u1)
http://kb.phenoscape.org/uuid/29851382-0228-4405-a760-5f1a292700f8-112(GSat_u1) → http://kb.phenoscape.org/uuid/29851382-0228-4405-a760-5f1a292700f8-106(GSat_u1)
http://kb.phenoscape.org/uuid/29851382-0228-4405-a760-5f1a292700f8-44(GSat_u1) → http://kb.phenoscape.org/uuid/29851382-0228-4405-a760-5f1a292700f8-49(GSat_u1)
http://kb.phenoscape.org/uuid/29851382-0228-4405-a760-5f1a292700f8-1188(GSat_u1) → http://kb.phenoscape.org/uuid/29851382-0228-4405-a760-5f1a292700f8-1211(GSat_u1)
http://purl.obolibrary.org/obo/BFO_0000050(GSat_u1,GSat_u2) & http://purl.obolibrary.org/obo/TAO_0001559(GSat_u2) → http://purl.obolibrary.org/obo/BFO_0000050_some_http://purl.obolibrary.org/obo/TAO_0001559(GSat_u1)
http://purl.obolibrary.org/obo/BFO_0000050(GSat_u1,GSat_u2) & http://purl.obolibrary.org/obo/BSPO_0000071(GSat_u2) → http://purl.obolibrary.org/obo/BFO_0000050_some_http://purl.obolibrary.org/obo/BSPO_0000071(GSat_u1)
http://purl.obolibrary.org/obo/BFO_0000053(GSat_u1,GSat_u2) & http://purl.obolibrary.org/obo/PATO_0001500(GSat_u2) → http://purl.obolibrary.org/obo/BFO_0000053_some_http://purl.obolibrary.org/obo/PATO_0001500(GSat_u1)
http://kb.phenoscape.org/uuid/29851382-0228-4405-a760-5f1a292700f8-49(GSat_u1) → http://kb.phenoscape.org/uuid/29851382-0228-4405-a760-5f1a292700f8-44(GSat_u1)
http://purl.obolibrary.org/obo/BFO_0000053_some_http://purl.obolibrary.org/obo/TAO_0000621(GSat_u1) → http://purl.obolibrary.org/obo/BFO_0000004(GSat_u1)
http://purl.obolibrary.org/obo/TAO_0001094(GSat_u2) & http://purl.obolibrary.org/obo/BFO_0000053(GSat_u1,GSat_u2) → http://purl.obolibrary.org/obo/BFO_0000053_some_http://purl.obolibrary.org/obo/TAO_0001094(GSat_u1)
http://kb.phenoscape.org/uuid/29851382-0228-4405-a760-5f1a292700f8-1008(GSat_u1) → http://kb.phenoscape.org/uuid/29851382-0228-4405-a760-5f1a292700f8-1003(GSat_u1)
http://purl.obolibrary.org/obo/BFO_0000053_some_http://purl.obolibrary.org/obo/TAO_0001984(GSat_u1) → http://purl.obolibrary.org/obo/BFO_0000004(GSat_u1)
http://purl.obolibrary.org/obo/BFO_0000053(GSat_u1,GSat_u2) → http://purl.obolibrary.org/obo/BFO_0000004(GSat_u1)
http://purl.obolibrary.org/obo/BFO_0000053(GSat_u1,GSat_u2) & http://purl.obolibrary.org/obo/PATO_0001505(GSat_u2) → http://purl.obolibrary.org/obo/BFO_0000053_some_http://purl.obolibrary.org/obo/PATO_0001505(GSat_u1)
http://purl.obolibrary.org/obo/BFO_0000050(GSat_u1,GSat_u2) & http://purl.obolibrary.org/obo/TAO_0001564(GSat_u2) → http://purl.obolibrary.org/obo/BFO_0000050_some_http://purl.obolibrary.org/obo/TAO_0001564(GSat_u1)
http://kb.phenoscape.org/uuid/29851382-0228-4405-a760-5f1a292700f8-813(GSat_u1) → http://kb.phenoscape.org/uuid/29851382-0228-4405-a760-5f1a292700f8-820(GSat_u1)
http://kb.phenoscape.org/uuid/29851382-0228-4405-a760-5f1a292700f8-617(GSat_u1) → http://kb.phenoscape.org/uuid/29851382-0228-4405-a760-5f1a292700f8-623(GSat_u1)
http://kb.phenoscape.org/uuid/29851382-0228-4405-a760-5f1a292700f8-1188(GSat_u1) → http://kb.phenoscape.org/uuid/29851382-0228-4405-a760-5f1a292700f8-1206(GSat_u1)
http://purl.obolibrary.org/obo/BFO_0000053_some_http://purl.obolibrary.org/obo/PATO_0000574(GSat_u1) → http://purl.obolibrary.org/obo/BFO_0000004(GSat_u1)
http://purl.obolibrary.org/obo/BFO_0000050(GSat_u1,GSat_u2) & http://purl.obolibrary.org/obo/TAO_0000178(GSat_u2) → http://purl.obolibrary.org/obo/BFO_0000050_some_http://purl.obolibrary.org/obo/TAO_0000178(GSat_u1)
http://purl.obolibrary.org/obo/PATO_0000587(GSat_u2) & http://purl.obolibrary.org/obo/BFO_0000053(GSat_u1,GSat_u2) → http://purl.obolibrary.org/obo/BFO_0000053_some_http://purl.obolibrary.org/obo/PATO_0000587(GSat_u1)
http://kb.phenoscape.org/uuid/29851382-0228-4405-a760-5f1a292700f8-617(GSat_u1) → http://kb.phenoscape.org/uuid/29851382-0228-4405-a760-5f1a292700f8-611(GSat_u1)
http://purl.obolibrary.org/obo/BFO_0000053_some_http://purl.obolibrary.org/obo/PATO_0000642(GSat_u1) → http://purl.obolibrary.org/obo/BFO_0000004(GSat_u1)
http://purl.obolibrary.org/obo/BFO_0000050(GSat_u1,GSat_u2) & http://purl.obolibrary.org/obo/TAO_0001392(GSat_u2) → http://purl.obolibrary.org/obo/BFO_0000050_some_http://purl.obolibrary.org/obo/TAO_0001392(GSat_u1)
http://purl.obolibrary.org/obo/BFO_0000050(GSat_u1,GSat_u2) & http://purl.obolibrary.org/obo/TAO_0000419(GSat_u2) → http://purl.obolibrary.org/obo/BFO_0000050_some_http://purl.obolibrary.org/obo/TAO_0000419(GSat_u1)
http://purl.obolibrary.org/obo/BFO_0000050(GSat_u1,GSat_u2) & http://purl.obolibrary.org/obo/TAO_0000486(GSat_u2) → http://purl.obolibrary.org/obo/BFO_0000050_some_http://purl.obolibrary.org/obo/TAO_0000486(GSat_u1)
http://purl.obolibrary.org/obo/PATO_0002219(GSat_u2) & http://purl.obolibrary.org/obo/BFO_0000053(GSat_u1,GSat_u2) → http://purl.obolibrary.org/obo/BFO_0000053_some_http://purl.obolibrary.org/obo/PATO_0002219(GSat_u1)
http://purl.obolibrary.org/obo/TAO_0000661(GSat_u2) & http://purl.obolibrary.org/obo/BFO_0000050(GSat_u1,GSat_u2) → http://purl.obolibrary.org/obo/BFO_0000050_some_http://purl.obolibrary.org/obo/TAO_0000661(GSat_u1)
http://purl.obolibrary.org/obo/BFO_0000053_some_http://purl.obolibrary.org/obo/PATO_0000587(GSat_u1) → http://purl.obolibrary.org/obo/BFO_0000004(GSat_u1)
http://purl.obolibrary.org/obo/BFO_0000050(GSat_u1,GSat_u2) & http://purl.obolibrary.org/obo/TAO_0001625(GSat_u2) → http://purl.obolibrary.org/obo/BFO_0000050_some_http://purl.obolibrary.org/obo/TAO_0001625(GSat_u1)
http://purl.obolibrary.org/obo/BFO_0000040(GSat_u1) → http://purl.obolibrary.org/obo/BFO_0000004(GSat_u1)
http://purl.obolibrary.org/obo/BFO_0000053(GSat_u1,GSat_u2) & http://purl.obolibrary.org/obo/TAO_0000557(GSat_u2) → http://purl.obolibrary.org/obo/BFO_0000053_some_http://purl.obolibrary.org/obo/TAO_0000557(GSat_u1)
http://purl.obolibrary.org/obo/CL_0000000(GSat_u1) → http://purl.obolibrary.org/obo/CARO_0000003(GSat_u1)
http://purl.obolibrary.org/obo/CARO_0000014(GSat_u1) → http://purl.obolibrary.org/obo/CARO_0000003(GSat_u1)
http://kb.phenoscape.org/uuid/29851382-0228-4405-a760-5f1a292700f8-118(GSat_u1) → http://kb.phenoscape.org/uuid/29851382-0228-4405-a760-5f1a292700f8-112(GSat_u1)
http://purl.obolibrary.org/obo/BFO_0000053(GSat_u1,GSat_u2) & http://purl.obolibrary.org/obo/PATO_0000600(GSat_u2) → http://purl.obolibrary.org/obo/BFO_0000053_some_http://purl.obolibrary.org/obo/PATO_0000600(GSat_u1)
http://kb.phenoscape.org/uuid/29851382-0228-4405-a760-5f1a292700f8-714(GSat_u1) → http://kb.phenoscape.org/uuid/29851382-0228-4405-a760-5f1a292700f8-709(GSat_u1)
http://purl.obolibrary.org/obo/BFO_0000053(GSat_u1,GSat_u2) & http://purl.obolibrary.org/obo/TAO_0000734(GSat_u2) → http://purl.obolibrary.org/obo/BFO_0000053_some_http://purl.obolibrary.org/obo/TAO_0000734(GSat_u1)
http://kb.phenoscape.org/uuid/29851382-0228-4405-a760-5f1a292700f8-1238(GSat_u1) → http://kb.phenoscape.org/uuid/29851382-0228-4405-a760-5f1a292700f8-1233(GSat_u1)
http://purl.obolibrary.org/obo/BFO_0000050(GSat_u1,GSat_u2) & http://purl.obolibrary.org/obo/BSPO_0000686(GSat_u2) → http://purl.obolibrary.org/obo/BFO_0000050_some_http://purl.obolibrary.org/obo/BSPO_0000686(GSat_u1)
http://purl.obolibrary.org/obo/BFO_0000050(GSat_u1,GSat_u2) & http://purl.obolibrary.org/obo/TAO_0000660(GSat_u2) → http://purl.obolibrary.org/obo/BFO_0000050_some_http://purl.obolibrary.org/obo/TAO_0000660(GSat_u1)
http://kb.phenoscape.org/uuid/29851382-0228-4405-a760-5f1a292700f8-747(GSat_u1) → http://kb.phenoscape.org/uuid/29851382-0228-4405-a760-5f1a292700f8-738(GSat_u1)
http://kb.phenoscape.org/uuid/29851382-0228-4405-a760-5f1a292700f8-734(GSat_u1) → http://kb.phenoscape.org/uuid/29851382-0228-4405-a760-5f1a292700f8-725(GSat_u1)
http://kb.phenoscape.org/uuid/29851382-0228-4405-a760-5f1a292700f8-1222(GSat_u1) → http://kb.phenoscape.org/uuid/29851382-0228-4405-a760-5f1a292700f8-1217(GSat_u1)
http://purl.obolibrary.org/obo/BFO_0000050(GSat_u1,GSat_u2) & http://purl.obolibrary.org/obo/TAO_0001094(GSat_u2) → http://purl.obolibrary.org/obo/BFO_0000050_some_http://purl.obolibrary.org/obo/TAO_0001094(GSat_u1)
http://kb.phenoscape.org/uuid/29851382-0228-4405-a760-5f1a292700f8-1222(GSat_u1) → http://kb.phenoscape.org/uuid/29851382-0228-4405-a760-5f1a292700f8-1227(GSat_u1)
http://kb.phenoscape.org/uuid/29851382-0228-4405-a760-5f1a292700f8-913(GSat_u1) → http://kb.phenoscape.org/uuid/29851382-0228-4405-a760-5f1a292700f8-907(GSat_u1)
http://kb.phenoscape.org/uuid/29851382-0228-4405-a760-5f1a292700f8-1182(GSat_u1) → http://kb.phenoscape.org/uuid/29851382-0228-4405-a760-5f1a292700f8-1201(GSat_u1)
http://purl.obolibrary.org/obo/BFO_0000050(GSat_u1,GSat_u2) & http://purl.obolibrary.org/obo/TAO_0000364(GSat_u2) → http://purl.obolibrary.org/obo/BFO_0000050_some_http://purl.obolibrary.org/obo/TAO_0000364(GSat_u1)
http://kb.phenoscape.org/uuid/29851382-0228-4405-a760-5f1a292700f8-1194(GSat_u1) → http://kb.phenoscape.org/uuid/29851382-0228-4405-a760-5f1a292700f8-1211(GSat_u1)
http://purl.obolibrary.org/obo/BFO_0000053_some_http://purl.obolibrary.org/obo/PATO_0000407(GSat_u1) → http://purl.obolibrary.org/obo/BFO_0000004(GSat_u1)
http://purl.obolibrary.org/obo/BFO_0000053(GSat_u1,GSat_u2) & http://purl.obolibrary.org/obo/PATO_0002180(GSat_u2) → http://purl.obolibrary.org/obo/BFO_0000053_some_http://purl.obolibrary.org/obo/PATO_0002180(GSat_u1)
http://purl.obolibrary.org/obo/BFO_0000053_some_http://purl.obolibrary.org/obo/TAO_0000734(GSat_u1) → http://purl.obolibrary.org/obo/BFO_0000004(GSat_u1)
http://purl.obolibrary.org/obo/GO_0042995(GSat_u1) → http://purl.obolibrary.org/obo/GO_0044464(GSat_u1)
http://kb.phenoscape.org/uuid/29851382-0228-4405-a760-5f1a292700f8-797(GSat_u1) → http://kb.phenoscape.org/uuid/29851382-0228-4405-a760-5f1a292700f8-802(GSat_u1)
http://kb.phenoscape.org/uuid/29851382-0228-4405-a760-5f1a292700f8-1211(GSat_u1) → http://kb.phenoscape.org/uuid/29851382-0228-4405-a760-5f1a292700f8-1206(GSat_u1)
http://kb.phenoscape.org/uuid/29851382-0228-4405-a760-5f1a292700f8-234(GSat_u1) → http://kb.phenoscape.org/uuid/29851382-0228-4405-a760-5f1a292700f8-208(GSat_u1)
http://purl.obolibrary.org/obo/BFO_0000053_some_http://purl.obolibrary.org/obo/TAO_0000336(GSat_u1) → http://purl.obolibrary.org/obo/BFO_0000004(GSat_u1)
http://kb.phenoscape.org/uuid/29851382-0228-4405-a760-5f1a292700f8-192(GSat_u1) → http://kb.phenoscape.org/uuid/29851382-0228-4405-a760-5f1a292700f8-187(GSat_u1)
http://purl.obolibrary.org/obo/TAO_0000336(GSat_u2) & http://purl.obolibrary.org/obo/BFO_0000053(GSat_u1,GSat_u2) → http://purl.obolibrary.org/obo/BFO_0000053_some_http://purl.obolibrary.org/obo/TAO_0000336(GSat_u1)
http://purl.obolibrary.org/obo/BFO_0000050(GSat_u1,GSat_u2) & http://purl.obolibrary.org/obo/TAO_0000126(GSat_u2) → http://purl.obolibrary.org/obo/BFO_0000050_some_http://purl.obolibrary.org/obo/TAO_0000126(GSat_u1)
http://kb.phenoscape.org/uuid/29851382-0228-4405-a760-5f1a292700f8-1182(GSat_u1) → http://kb.phenoscape.org/uuid/29851382-0228-4405-a760-5f1a292700f8-1206(GSat_u1)
http://purl.obolibrary.org/obo/BFO_0000053_some_http://purl.obolibrary.org/obo/TAO_0000486(GSat_u1) → http://purl.obolibrary.org/obo/BFO_0000004(GSat_u1)
http://purl.obolibrary.org/obo/BFO_0000053_some_http://purl.obolibrary.org/obo/PATO_0001784(GSat_u1) → http://purl.obolibrary.org/obo/BFO_0000004(GSat_u1)
http://kb.phenoscape.org/uuid/29851382-0228-4405-a760-5f1a292700f8-1288(GSat_u1) → http://kb.phenoscape.org/uuid/29851382-0228-4405-a760-5f1a292700f8-1299(GSat_u1)
http://kb.phenoscape.org/uuid/29851382-0228-4405-a760-5f1a292700f8-889(GSat_u1) → http://kb.phenoscape.org/uuid/29851382-0228-4405-a760-5f1a292700f8-884(GSat_u1)
http://purl.obolibrary.org/obo/PATO_0000599(GSat_u2) & http://purl.obolibrary.org/obo/BFO_0000053(GSat_u1,GSat_u2) → http://purl.obolibrary.org/obo/BFO_0000053_some_http://purl.obolibrary.org/obo/PATO_0000599(GSat_u1)
http://purl.obolibrary.org/obo/BFO_0000053(GSat_u1,GSat_u2) & http://purl.obolibrary.org/obo/PATO_0000406(GSat_u2) → http://purl.obolibrary.org/obo/BFO_0000053_some_http://purl.obolibrary.org/obo/PATO_0000406(GSat_u1)
http://purl.obolibrary.org/obo/GO_0030424(GSat_u1) → http://purl.obolibrary.org/obo/GO_0043005(GSat_u1)
http://purl.obolibrary.org/obo/BFO_0000053(GSat_u1,GSat_u2) & http://purl.obolibrary.org/obo/PATO_0001495(GSat_u2) → http://purl.obolibrary.org/obo/BFO_0000053_some_http://purl.obolibrary.org/obo/PATO_0001495(GSat_u1)
http://purl.obolibrary.org/obo/TAO_0000621(GSat_u2) & http://purl.obolibrary.org/obo/BFO_0000053(GSat_u1,GSat_u2) → http://purl.obolibrary.org/obo/BFO_0000053_some_http://purl.obolibrary.org/obo/TAO_0000621(GSat_u1)
http://purl.obolibrary.org/obo/PATO_0001592(GSat_u2) & http://purl.obolibrary.org/obo/BFO_0000053(GSat_u1,GSat_u2) → http://purl.obolibrary.org/obo/BFO_0000053_some_http://purl.obolibrary.org/obo/PATO_0001592(GSat_u1)
http://purl.obolibrary.org/obo/BFO_0000050(GSat_u1,GSat_u2) & http://purl.obolibrary.org/obo/TAO_0000289(GSat_u2) → http://purl.obolibrary.org/obo/BFO_0000050_some_http://purl.obolibrary.org/obo/TAO_0000289(GSat_u1)
http://purl.obolibrary.org/obo/PATO_0000414(GSat_u2) & http://purl.obolibrary.org/obo/BFO_0000053(GSat_u1,GSat_u2) → http://purl.obolibrary.org/obo/BFO_0000053_some_http://purl.obolibrary.org/obo/PATO_0000414(GSat_u1)
http://purl.obolibrary.org/obo/TAO_0001593(GSat_u2) & http://purl.obolibrary.org/obo/BFO_0000050(GSat_u1,GSat_u2) → http://purl.obolibrary.org/obo/BFO_0000050_some_http://purl.obolibrary.org/obo/TAO_0001593(GSat_u1)
http://purl.obolibrary.org/obo/BFO_0000050(GSat_u1,GSat_u2) & http://purl.obolibrary.org/obo/TAO_0001888(GSat_u2) → http://purl.obolibrary.org/obo/BFO_0000050_some_http://purl.obolibrary.org/obo/TAO_0001888(GSat_u1)
http://kb.phenoscape.org/uuid/29851382-0228-4405-a760-5f1a292700f8-738(GSat_u1) → http://kb.phenoscape.org/uuid/29851382-0228-4405-a760-5f1a292700f8-747(GSat_u1)
http://purl.obolibrary.org/obo/TAO_0000126(GSat_u2) & http://purl.obolibrary.org/obo/BFO_0000053(GSat_u1,GSat_u2) → http://purl.obolibrary.org/obo/BFO_0000053_some_http://purl.obolibrary.org/obo/TAO_0000126(GSat_u1)
http://purl.obolibrary.org/obo/RO_0002150(GSat_u2,GSat_u1) → http://purl.obolibrary.org/obo/BFO_0000004(GSat_u1)
http://kb.phenoscape.org/uuid/29851382-0228-4405-a760-5f1a292700f8-1171(GSat_u1) → http://kb.phenoscape.org/uuid/29851382-0228-4405-a760-5f1a292700f8-1166(GSat_u1)
http://purl.obolibrary.org/obo/BFO_0000053_some_http://purl.obolibrary.org/obo/PATO_0000117(GSat_u1) → http://purl.obolibrary.org/obo/BFO_0000004(GSat_u1)
http://purl.obolibrary.org/obo/BFO_0000050(GSat_u1,GSat_u2) & http://purl.obolibrary.org/obo/TAO_0001877(GSat_u2) → http://purl.obolibrary.org/obo/BFO_0000050_some_http://purl.obolibrary.org/obo/TAO_0001877(GSat_u1)
http://purl.obolibrary.org/obo/TAO_0001631(GSat_u2) & http://purl.obolibrary.org/obo/BFO_0000050(GSat_u1,GSat_u2) → http://purl.obolibrary.org/obo/BFO_0000050_some_http://purl.obolibrary.org/obo/TAO_0001631(GSat_u1)
http://purl.obolibrary.org/obo/BFO_0000053(GSat_u1,GSat_u2) & http://purl.obolibrary.org/obo/TAO_0000486(GSat_u2) → http://purl.obolibrary.org/obo/BFO_0000053_some_http://purl.obolibrary.org/obo/TAO_0000486(GSat_u1)
http://purl.obolibrary.org/obo/PATO_0002235(GSat_u2) & http://purl.obolibrary.org/obo/BFO_0000053(GSat_u1,GSat_u2) → http://purl.obolibrary.org/obo/BFO_0000053_some_http://purl.obolibrary.org/obo/PATO_0002235(GSat_u1)
http://kb.phenoscape.org/uuid/29851382-0228-4405-a760-5f1a292700f8-683(GSat_u1) → http://kb.phenoscape.org/uuid/29851382-0228-4405-a760-5f1a292700f8-693(GSat_u1)
http://kb.phenoscape.org/uuid/29851382-0228-4405-a760-5f1a292700f8-1176(GSat_u1) → http://kb.phenoscape.org/uuid/29851382-0228-4405-a760-5f1a292700f8-1171(GSat_u1)
http://purl.obolibrary.org/obo/BFO_0000050(GSat_u1,GSat_u2) & http://purl.obolibrary.org/obo/TAO_0001066(GSat_u2) → http://purl.obolibrary.org/obo/BFO_0000050_some_http://purl.obolibrary.org/obo/TAO_0001066(GSat_u1)
http://purl.obolibrary.org/obo/PATO_0001593(GSat_u2) & http://purl.obolibrary.org/obo/BFO_0000053(GSat_u1,GSat_u2) → http://purl.obolibrary.org/obo/BFO_0000053_some_http://purl.obolibrary.org/obo/PATO_0001593(GSat_u1)
http://kb.phenoscape.org/uuid/29851382-0228-4405-a760-5f1a292700f8-901(GSat_u1) → http://kb.phenoscape.org/uuid/29851382-0228-4405-a760-5f1a292700f8-907(GSat_u1)
http://purl.obolibrary.org/obo/GO_0044464(GSat_u1) → http://purl.obolibrary.org/obo/CARO_0000014(GSat_u1)
http://purl.obolibrary.org/obo/TAO_0001983(GSat_u2) & http://purl.obolibrary.org/obo/BFO_0000053(GSat_u1,GSat_u2) → http://purl.obolibrary.org/obo/BFO_0000053_some_http://purl.obolibrary.org/obo/TAO_0001983(GSat_u1)
http://kb.phenoscape.org/uuid/29851382-0228-4405-a760-5f1a292700f8-669(GSat_u1) → http://kb.phenoscape.org/uuid/29851382-0228-4405-a760-5f1a292700f8-679(GSat_u1)
http://purl.obolibrary.org/obo/BFO_0000050(GSat_u1,GSat_u2) & http://purl.obolibrary.org/obo/TAO_0001192(GSat_u2) → http://purl.obolibrary.org/obo/BFO_0000050_some_http://purl.obolibrary.org/obo/TAO_0001192(GSat_u1)
http://purl.obolibrary.org/obo/PATO_0000407(GSat_u2) & http://purl.obolibrary.org/obo/BFO_0000053(GSat_u1,GSat_u2) → http://purl.obolibrary.org/obo/BFO_0000053_some_http://purl.obolibrary.org/obo/PATO_0000407(GSat_u1)
http://kb.phenoscape.org/uuid/29851382-0228-4405-a760-5f1a292700f8-283(GSat_u1) → http://kb.phenoscape.org/uuid/29851382-0228-4405-a760-5f1a292700f8-272(GSat_u1)
http://purl.obolibrary.org/obo/PATO_0000642(GSat_u2) & http://purl.obolibrary.org/obo/BFO_0000053(GSat_u1,GSat_u2) → http://purl.obolibrary.org/obo/BFO_0000053_some_http://purl.obolibrary.org/obo/PATO_0000642(GSat_u1)
http://purl.obolibrary.org/obo/BFO_0000053_some_http://purl.obolibrary.org/obo/PATO_0001961(GSat_u1) → http://purl.obolibrary.org/obo/BFO_0000004(GSat_u1)
http://purl.obolibrary.org/obo/BFO_0000053_some_http://purl.obolibrary.org/obo/PATO_0001322(GSat_u1) → http://purl.obolibrary.org/obo/BFO_0000004(GSat_u1)
http://purl.obolibrary.org/obo/BFO_0000050(GSat_u1,GSat_u2) & http://purl.obolibrary.org/obo/BSPO_0000037(GSat_u2) → http://purl.obolibrary.org/obo/BFO_0000050_some_http://purl.obolibrary.org/obo/BSPO_0000037(GSat_u1)
http://purl.obolibrary.org/obo/TAO_0001173(GSat_u2) & http://purl.obolibrary.org/obo/BFO_0000053(GSat_u1,GSat_u2) → http://purl.obolibrary.org/obo/BFO_0000053_some_http://purl.obolibrary.org/obo/TAO_0001173(GSat_u1)
http://purl.obolibrary.org/obo/BFO_0000053_some_http://purl.obolibrary.org/obo/PATO_0001857(GSat_u1) → http://purl.obolibrary.org/obo/BFO_0000004(GSat_u1)
http://kb.phenoscape.org/uuid/29851382-0228-4405-a760-5f1a292700f8-62(GSat_u1) → http://kb.phenoscape.org/uuid/29851382-0228-4405-a760-5f1a292700f8-55(GSat_u1)
http://purl.obolibrary.org/obo/BFO_0000053_some_http://purl.obolibrary.org/obo/PATO_0002230(GSat_u1) → http://purl.obolibrary.org/obo/BFO_0000004(GSat_u1)
http://purl.obolibrary.org/obo/BFO_0000053_some_http://purl.obolibrary.org/obo/PATO_0000600(GSat_u1) → http://purl.obolibrary.org/obo/BFO_0000004(GSat_u1)
http://purl.obolibrary.org/obo/BFO_0000053_some_http://purl.obolibrary.org/obo/PATO_0001593(GSat_u1) → http://purl.obolibrary.org/obo/BFO_0000004(GSat_u1)
http://purl.obolibrary.org/obo/BFO_0000053_some_http://purl.obolibrary.org/obo/PATO_0000462(GSat_u1) → http://purl.obolibrary.org/obo/BFO_0000004(GSat_u1)
http://purl.obolibrary.org/obo/BFO_0000050(GSat_u1,GSat_u2) & http://purl.obolibrary.org/obo/TAO_0000376(GSat_u2) → http://purl.obolibrary.org/obo/BFO_0000050_some_http://purl.obolibrary.org/obo/TAO_0000376(GSat_u1)
http://purl.obolibrary.org/obo/BFO_0000050(GSat_u1,GSat_u2) & http://purl.obolibrary.org/obo/TAO_0001606(GSat_u2) → http://purl.obolibrary.org/obo/BFO_0000050_some_http://purl.obolibrary.org/obo/TAO_0001606(GSat_u1)
http://kb.phenoscape.org/uuid/29851382-0228-4405-a760-5f1a292700f8-520(GSat_u1) → http://kb.phenoscape.org/uuid/29851382-0228-4405-a760-5f1a292700f8-500(GSat_u1)
http://kb.phenoscape.org/uuid/29851382-0228-4405-a760-5f1a292700f8-187(GSat_u1) → http://kb.phenoscape.org/uuid/29851382-0228-4405-a760-5f1a292700f8-192(GSat_u1)
http://purl.obolibrary.org/obo/BFO_0000050(GSat_u1,GSat_u2) & http://purl.obolibrary.org/obo/TAO_0001628(GSat_u2) → http://purl.obolibrary.org/obo/BFO_0000050_some_http://purl.obolibrary.org/obo/TAO_0001628(GSat_u1)
http://kb.phenoscape.org/uuid/29851382-0228-4405-a760-5f1a292700f8-1378(GSat_u1) → http://kb.phenoscape.org/uuid/29851382-0228-4405-a760-5f1a292700f8-1372(GSat_u1)
http://purl.obolibrary.org/obo/RO_0002150(GSat_u1,GSat_u2) → http://purl.obolibrary.org/obo/BFO_0000004(GSat_u1)
http://purl.obolibrary.org/obo/BFO_0000053_some_http://purl.obolibrary.org/obo/PATO_0001051(GSat_u1) → http://purl.obolibrary.org/obo/BFO_0000004(GSat_u1)
http://purl.obolibrary.org/obo/TAO_0000694(GSat_u2) & http://purl.obolibrary.org/obo/BFO_0000050(GSat_u1,GSat_u2) → http://purl.obolibrary.org/obo/BFO_0000050_some_http://purl.obolibrary.org/obo/TAO_0000694(GSat_u1)
http://purl.obolibrary.org/obo/CL_0000540(GSat_u1) → http://purl.obolibrary.org/obo/CL_0000000(GSat_u1)
http://purl.obolibrary.org/obo/PATO_0000117(GSat_u2) & http://purl.obolibrary.org/obo/BFO_0000053(GSat_u1,GSat_u2) → http://purl.obolibrary.org/obo/BFO_0000053_some_http://purl.obolibrary.org/obo/PATO_0000117(GSat_u1)
http://purl.obolibrary.org/obo/BFO_0000053(GSat_u1,GSat_u2) & http://purl.obolibrary.org/obo/PATO_0001873(GSat_u2) → http://purl.obolibrary.org/obo/BFO_0000053_some_http://purl.obolibrary.org/obo/PATO_0001873(GSat_u1)
http://purl.obolibrary.org/obo/BFO_0000050(GSat_u1,GSat_u2) & http://purl.obolibrary.org/obo/BSPO_0000687(GSat_u2) → http://purl.obolibrary.org/obo/BFO_0000050_some_http://purl.obolibrary.org/obo/BSPO_0000687(GSat_u1)
http://purl.obolibrary.org/obo/BFO_0000053(GSat_u1,GSat_u2) & http://purl.obolibrary.org/obo/TAO_0001561(GSat_u2) → http://purl.obolibrary.org/obo/BFO_0000053_some_http://purl.obolibrary.org/obo/TAO_0001561(GSat_u1)
http://kb.phenoscape.org/uuid/29851382-0228-4405-a760-5f1a292700f8-351(GSat_u1) → http://kb.phenoscape.org/uuid/29851382-0228-4405-a760-5f1a292700f8-364(GSat_u1)
http://purl.obolibrary.org/obo/TAO_0001173(GSat_u2) & http://purl.obolibrary.org/obo/BFO_0000050(GSat_u1,GSat_u2) → http://purl.obolibrary.org/obo/BFO_0000050_some_http://purl.obolibrary.org/obo/TAO_0001173(GSat_u1)
http://kb.phenoscape.org/uuid/29851382-0228-4405-a760-5f1a292700f8-272(GSat_u1) → http://kb.phenoscape.org/uuid/29851382-0228-4405-a760-5f1a292700f8-283(GSat_u1)
http://purl.obolibrary.org/obo/BFO_0000053_some_http://purl.obolibrary.org/obo/TAO_0000126(GSat_u1) → http://purl.obolibrary.org/obo/BFO_0000004(GSat_u1)
http://kb.phenoscape.org/uuid/29851382-0228-4405-a760-5f1a292700f8-55(GSat_u1) → http://kb.phenoscape.org/uuid/29851382-0228-4405-a760-5f1a292700f8-62(GSat_u1)
http://kb.phenoscape.org/uuid/29851382-0228-4405-a760-5f1a292700f8-238(GSat_u1) → http://kb.phenoscape.org/uuid/29851382-0228-4405-a760-5f1a292700f8-212(GSat_u1)
http://purl.obolibrary.org/obo/BFO_0000053_some_http://purl.obolibrary.org/obo/PATO_0000569(GSat_u1) → http://purl.obolibrary.org/obo/BFO_0000004(GSat_u1)
http://purl.obolibrary.org/obo/BFO_0000050(GSat_u1,GSat_u2) & http://purl.obolibrary.org/obo/TAO_0001866(GSat_u2) → http://purl.obolibrary.org/obo/BFO_0000050_some_http://purl.obolibrary.org/obo/TAO_0001866(GSat_u1)
http://kb.phenoscape.org/uuid/29851382-0228-4405-a760-5f1a292700f8-1227(GSat_u1) → http://kb.phenoscape.org/uuid/29851382-0228-4405-a760-5f1a292700f8-1222(GSat_u1)
http://purl.obolibrary.org/obo/CARO_0001001(GSat_u1) → http://purl.obolibrary.org/obo/CARO_0001000(GSat_u1)
http://purl.obolibrary.org/obo/GO_0042734(GSat_u1) → http://purl.obolibrary.org/obo/GO_0016020(GSat_u1)
http://kb.phenoscape.org/uuid/29851382-0228-4405-a760-5f1a292700f8-1217(GSat_u1) → http://kb.phenoscape.org/uuid/29851382-0228-4405-a760-5f1a292700f8-1222(GSat_u1)
http://kb.phenoscape.org/uuid/29851382-0228-4405-a760-5f1a292700f8-254(GSat_u1) → http://kb.phenoscape.org/uuid/29851382-0228-4405-a760-5f1a292700f8-272(GSat_u1)
http://purl.obolibrary.org/obo/BFO_0000053_some_http://purl.obolibrary.org/obo/TAO_0001094(GSat_u1) → http://purl.obolibrary.org/obo/BFO_0000004(GSat_u1)
http://purl.obolibrary.org/obo/BFO_0000050(GSat_u1,GSat_u2) & http://purl.obolibrary.org/obo/TAO_0001967(GSat_u2) → http://purl.obolibrary.org/obo/BFO_0000050_some_http://purl.obolibrary.org/obo/TAO_0001967(GSat_u1)
http://kb.phenoscape.org/uuid/29851382-0228-4405-a760-5f1a292700f8-1085(GSat_u1) → http://kb.phenoscape.org/uuid/29851382-0228-4405-a760-5f1a292700f8-1079(GSat_u1)
http://purl.obolibrary.org/obo/TAO_0000602(GSat_u2) & http://purl.obolibrary.org/obo/BFO_0000050(GSat_u1,GSat_u2) → http://purl.obolibrary.org/obo/BFO_0000050_some_http://purl.obolibrary.org/obo/TAO_0000602(GSat_u1)
http://purl.obolibrary.org/obo/BFO_0000050(GSat_u1,GSat_u2) & http://purl.obolibrary.org/obo/TAO_0000567(GSat_u2) → http://purl.obolibrary.org/obo/BFO_0000050_some_http://purl.obolibrary.org/obo/TAO_0000567(GSat_u1)
http://kb.phenoscape.org/uuid/29851382-0228-4405-a760-5f1a292700f8-623(GSat_u1) → http://kb.phenoscape.org/uuid/29851382-0228-4405-a760-5f1a292700f8-617(GSat_u1)
http://purl.obolibrary.org/obo/BFO_0000050(GSat_u1,GSat_u2) & http://purl.obolibrary.org/obo/TAO_0001919(GSat_u2) → http://purl.obolibrary.org/obo/BFO_0000050_some_http://purl.obolibrary.org/obo/TAO_0001919(GSat_u1)
http://purl.obolibrary.org/obo/BFO_0000053_some_http://purl.obolibrary.org/obo/PATO_0000570(GSat_u1) → http://purl.obolibrary.org/obo/BFO_0000004(GSat_u1)
http://purl.obolibrary.org/obo/BFO_0000053(GSat_u1,GSat_u2) & http://purl.obolibrary.org/obo/PATO_0000462(GSat_u2) → http://purl.obolibrary.org/obo/BFO_0000053_some_http://purl.obolibrary.org/obo/PATO_0000462(GSat_u1)
http://purl.obolibrary.org/obo/BFO_0000050(GSat_u1,GSat_u2) & http://purl.obolibrary.org/obo/TAO_0002056(GSat_u2) → http://purl.obolibrary.org/obo/BFO_0000050_some_http://purl.obolibrary.org/obo/TAO_0002056(GSat_u1)
http://kb.phenoscape.org/uuid/29851382-0228-4405-a760-5f1a292700f8-1171(GSat_u1) → http://kb.phenoscape.org/uuid/29851382-0228-4405-a760-5f1a292700f8-1176(GSat_u1)
http://purl.obolibrary.org/obo/BFO_0000053_some_http://purl.obolibrary.org/obo/PATO_0000467(GSat_u1) → http://purl.obolibrary.org/obo/BFO_0000004(GSat_u1)
http://purl.obolibrary.org/obo/BFO_0000050(GSat_u1,GSat_u2) & http://purl.obolibrary.org/obo/TAO_0000158(GSat_u2) → http://purl.obolibrary.org/obo/BFO_0000050_some_http://purl.obolibrary.org/obo/TAO_0000158(GSat_u1)
http://purl.obolibrary.org/obo/TAO_0001983(GSat_u2) & http://purl.obolibrary.org/obo/BFO_0000050(GSat_u1,GSat_u2) → http://purl.obolibrary.org/obo/BFO_0000050_some_http://purl.obolibrary.org/obo/TAO_0001983(GSat_u1)
http://purl.obolibrary.org/obo/PATO_0000591(GSat_u2) & http://purl.obolibrary.org/obo/BFO_0000053(GSat_u1,GSat_u2) → http://purl.obolibrary.org/obo/BFO_0000053_some_http://purl.obolibrary.org/obo/PATO_0000591(GSat_u1)
http://kb.phenoscape.org/uuid/29851382-0228-4405-a760-5f1a292700f8-1003(GSat_u1) → http://kb.phenoscape.org/uuid/29851382-0228-4405-a760-5f1a292700f8-1008(GSat_u1)
http://purl.obolibrary.org/obo/BFO_0000050(GSat_u1,GSat_u2) & http://purl.obolibrary.org/obo/BSPO_0000075(GSat_u2) → http://purl.obolibrary.org/obo/BFO_0000050_some_http://purl.obolibrary.org/obo/BSPO_0000075(GSat_u1)
http://kb.phenoscape.org/uuid/29851382-0228-4405-a760-5f1a292700f8-272(GSat_u1) → http://kb.phenoscape.org/uuid/29851382-0228-4405-a760-5f1a292700f8-254(GSat_u1)
http://purl.obolibrary.org/obo/BFO_0000053_some_http://purl.obolibrary.org/obo/PATO_0000584(GSat_u1) → http://purl.obolibrary.org/obo/BFO_0000004(GSat_u1)
http://purl.obolibrary.org/obo/BFO_0000053(GSat_u1,GSat_u2) & http://purl.obolibrary.org/obo/PATO_0002230(GSat_u2) → http://purl.obolibrary.org/obo/BFO_0000053_some_http://purl.obolibrary.org/obo/PATO_0002230(GSat_u1)
http://kb.phenoscape.org/uuid/29851382-0228-4405-a760-5f1a292700f8-1161(GSat_u1) → http://kb.phenoscape.org/uuid/29851382-0228-4405-a760-5f1a292700f8-1166(GSat_u1)
http://purl.obolibrary.org/obo/BFO_0000056(GSat_u2,GSat_u1) → http://purl.obolibrary.org/obo/BFO_0000003(GSat_u1)
http://purl.obolibrary.org/obo/CARO_0000006(GSat_u1) → http://purl.obolibrary.org/obo/BFO_0000040(GSat_u1)
http://purl.obolibrary.org/obo/GO_0030425(GSat_u1) → http://purl.obolibrary.org/obo/GO_0043005(GSat_u1)
http://purl.obolibrary.org/obo/GO_0045211(GSat_u1) → http://purl.obolibrary.org/obo/GO_0016020(GSat_u1)
http://purl.obolibrary.org/obo/BFO_0000050(GSat_u1,GSat_u2) & http://purl.obolibrary.org/obo/TAO_0000514(GSat_u2) → http://purl.obolibrary.org/obo/BFO_0000050_some_http://purl.obolibrary.org/obo/TAO_0000514(GSat_u1)
http://purl.obolibrary.org/obo/BFO_0000053_some_http://purl.obolibrary.org/obo/PATO_0000411(GSat_u1) → http://purl.obolibrary.org/obo/BFO_0000004(GSat_u1)
http://purl.obolibrary.org/obo/BFO_0000053(GSat_u1,GSat_u2) & http://purl.obolibrary.org/obo/TAO_0001501(GSat_u2) → http://purl.obolibrary.org/obo/BFO_0000053_some_http://purl.obolibrary.org/obo/TAO_0001501(GSat_u1)
http://purl.obolibrary.org/obo/PATO_0001355(GSat_u2) & http://purl.obolibrary.org/obo/BFO_0000053(GSat_u1,GSat_u2) → http://purl.obolibrary.org/obo/BFO_0000053_some_http://purl.obolibrary.org/obo/PATO_0001355(GSat_u1)
http://purl.obolibrary.org/obo/CARO_0000003(GSat_u1) → http://purl.obolibrary.org/obo/CARO_0000006(GSat_u1)
http://purl.obolibrary.org/obo/PATO_0000574(GSat_u2) & http://purl.obolibrary.org/obo/BFO_0000053(GSat_u1,GSat_u2) → http://purl.obolibrary.org/obo/BFO_0000053_some_http://purl.obolibrary.org/obo/PATO_0000574(GSat_u1)
http://purl.obolibrary.org/obo/BFO_0000056(GSat_u1,GSat_u2) → http://purl.obolibrary.org/obo/BFO_0000004(GSat_u1)
http://purl.obolibrary.org/obo/BFO_0000050(GSat_u1,GSat_u2) & http://purl.obolibrary.org/obo/TAO_0001634(GSat_u2) → http://purl.obolibrary.org/obo/BFO_0000050_some_http://purl.obolibrary.org/obo/TAO_0001634(GSat_u1)
http://purl.obolibrary.org/obo/BFO_0000053_some_http://purl.obolibrary.org/obo/TAO_0001561(GSat_u1) → http://purl.obolibrary.org/obo/BFO_0000004(GSat_u1)
http://purl.obolibrary.org/obo/BFO_0000050(GSat_u1,GSat_u2) & http://purl.obolibrary.org/obo/TAO_0002007(GSat_u2) → http://purl.obolibrary.org/obo/BFO_0000050_some_http://purl.obolibrary.org/obo/TAO_0002007(GSat_u1)
http://purl.obolibrary.org/obo/BFO_0000053(GSat_u1,GSat_u2) & http://purl.obolibrary.org/obo/PATO_0000467(GSat_u2) → http://purl.obolibrary.org/obo/BFO_0000053_some_http://purl.obolibrary.org/obo/PATO_0000467(GSat_u1)
http://purl.obolibrary.org/obo/BFO_0000050(GSat_u1,GSat_u2) & http://purl.obolibrary.org/obo/TAO_0001114(GSat_u2) → http://purl.obolibrary.org/obo/BFO_0000050_some_http://purl.obolibrary.org/obo/TAO_0001114(GSat_u1)
http://purl.obolibrary.org/obo/BFO_0000002(GSat_u1) → http://purl.obolibrary.org/obo/BFO_0000001(GSat_u1)
http://kb.phenoscape.org/uuid/29851382-0228-4405-a760-5f1a292700f8-1244(GSat_u1) → http://kb.phenoscape.org/uuid/29851382-0228-4405-a760-5f1a292700f8-1271(GSat_u1)
http://purl.obolibrary.org/obo/BFO_0000051(GSat_u2,GSat_u1) → http://purl.obolibrary.org/obo/BFO_0000050(GSat_u1,GSat_u2)
http://purl.obolibrary.org/obo/BFO_0000053_some_http://purl.obolibrary.org/obo/PATO_0000052(GSat_u1) → http://purl.obolibrary.org/obo/BFO_0000004(GSat_u1)
http://purl.obolibrary.org/obo/BFO_0000050(GSat_u1,GSat_u2) & http://purl.obolibrary.org/obo/TAO_0000692(GSat_u2) → http://purl.obolibrary.org/obo/BFO_0000050_some_http://purl.obolibrary.org/obo/TAO_0000692(GSat_u1)
http://purl.obolibrary.org/obo/TAO_0000442(GSat_u2) & http://purl.obolibrary.org/obo/BFO_0000053(GSat_u1,GSat_u2) → http://purl.obolibrary.org/obo/BFO_0000053_some_http://purl.obolibrary.org/obo/TAO_0000442(GSat_u1)
http://purl.obolibrary.org/obo/BFO_0000053(GSat_u1,GSat_u2) & http://purl.obolibrary.org/obo/PATO_0001961(GSat_u2) → http://purl.obolibrary.org/obo/BFO_0000053_some_http://purl.obolibrary.org/obo/PATO_0001961(GSat_u1)
http://kb.phenoscape.org/uuid/29851382-0228-4405-a760-5f1a292700f8-216(GSat_u1) → http://kb.phenoscape.org/uuid/29851382-0228-4405-a760-5f1a292700f8-242(GSat_u1)
http://purl.obolibrary.org/obo/BFO_0000053_some_http://purl.obolibrary.org/obo/PATO_0000573(GSat_u1) → http://purl.obolibrary.org/obo/BFO_0000004(GSat_u1)
http://purl.obolibrary.org/obo/TAO_0001984(GSat_u2) & http://purl.obolibrary.org/obo/BFO_0000053(GSat_u1,GSat_u2) → http://purl.obolibrary.org/obo/BFO_0000053_some_http://purl.obolibrary.org/obo/TAO_0001984(GSat_u1)
http://purl.obolibrary.org/obo/PATO_0000569(GSat_u2) & http://purl.obolibrary.org/obo/BFO_0000053(GSat_u1,GSat_u2) → http://purl.obolibrary.org/obo/BFO_0000053_some_http://purl.obolibrary.org/obo/PATO_0000569(GSat_u1)
http://purl.obolibrary.org/obo/BFO_0000050(GSat_u1,GSat_u2) & http://purl.obolibrary.org/obo/TAO_0001635(GSat_u2) → http://purl.obolibrary.org/obo/BFO_0000050_some_http://purl.obolibrary.org/obo/TAO_0001635(GSat_u1)
http://kb.phenoscape.org/uuid/29851382-0228-4405-a760-5f1a292700f8-878(GSat_u1) → http://kb.phenoscape.org/uuid/29851382-0228-4405-a760-5f1a292700f8-884(GSat_u1)
http://purl.obolibrary.org/obo/BFO_0000050(GSat_u1,GSat_u2) & http://purl.obolibrary.org/obo/TAO_0000442(GSat_u2) → http://purl.obolibrary.org/obo/BFO_0000050_some_http://purl.obolibrary.org/obo/TAO_0000442(GSat_u1)
http://purl.obolibrary.org/obo/TAO_0000586(GSat_u2) & http://purl.obolibrary.org/obo/BFO_0000050(GSat_u1,GSat_u2) → http://purl.obolibrary.org/obo/BFO_0000050_some_http://purl.obolibrary.org/obo/TAO_0000586(GSat_u1)
http://kb.phenoscape.org/uuid/29851382-0228-4405-a760-5f1a292700f8-91(GSat_u1) → http://kb.phenoscape.org/uuid/29851382-0228-4405-a760-5f1a292700f8-81(GSat_u1)
http://purl.obolibrary.org/obo/BFO_0000050(GSat_u1,GSat_u2) & http://purl.obolibrary.org/obo/TAO_0001802(GSat_u2) → http://purl.obolibrary.org/obo/BFO_0000050_some_http://purl.obolibrary.org/obo/TAO_0001802(GSat_u1)
http://kb.phenoscape.org/uuid/29851382-0228-4405-a760-5f1a292700f8-192(GSat_u1) → http://kb.phenoscape.org/uuid/29851382-0228-4405-a760-5f1a292700f8-197(GSat_u1)
http://purl.obolibrary.org/obo/BFO_0000053(GSat_u1,GSat_u2) & http://purl.obolibrary.org/obo/TAO_0000594(GSat_u2) → http://purl.obolibrary.org/obo/BFO_0000053_some_http://purl.obolibrary.org/obo/TAO_0000594(GSat_u1)
http://kb.phenoscape.org/uuid/29851382-0228-4405-a760-5f1a292700f8-1365(GSat_u1) → http://kb.phenoscape.org/uuid/29851382-0228-4405-a760-5f1a292700f8-1359(GSat_u1)
http://purl.obolibrary.org/obo/BFO_0000050(GSat_u1,GSat_u2) & http://purl.obolibrary.org/obo/TAO_0001814(GSat_u2) → http://purl.obolibrary.org/obo/BFO_0000050_some_http://purl.obolibrary.org/obo/TAO_0001814(GSat_u1)
http://purl.obolibrary.org/obo/BFO_0000050(GSat_u1,GSat_u2) & http://purl.obolibrary.org/obo/TAO_0001058(GSat_u2) → http://purl.obolibrary.org/obo/BFO_0000050_some_http://purl.obolibrary.org/obo/TAO_0001058(GSat_u1)
http://kb.phenoscape.org/uuid/29851382-0228-4405-a760-5f1a292700f8-1372(GSat_u1) → http://kb.phenoscape.org/uuid/29851382-0228-4405-a760-5f1a292700f8-1378(GSat_u1)
http://kb.phenoscape.org/uuid/29851382-0228-4405-a760-5f1a292700f8-208(GSat_u1) → http://kb.phenoscape.org/uuid/29851382-0228-4405-a760-5f1a292700f8-234(GSat_u1)
http://purl.obolibrary.org/obo/BFO_0000050(GSat_u1,GSat_u2) & http://purl.obolibrary.org/obo/TAO_0000240(GSat_u2) → http://purl.obolibrary.org/obo/BFO_0000050_some_http://purl.obolibrary.org/obo/TAO_0000240(GSat_u1)
http://kb.phenoscape.org/uuid/29851382-0228-4405-a760-5f1a292700f8-504(GSat_u1) → http://kb.phenoscape.org/uuid/29851382-0228-4405-a760-5f1a292700f8-514(GSat_u1)
http://purl.obolibrary.org/obo/BFO_0000053_some_http://purl.obolibrary.org/obo/TAO_0001114(GSat_u1) → http://purl.obolibrary.org/obo/BFO_0000004(GSat_u1)
http://purl.obolibrary.org/obo/PATO_0001784(GSat_u2) & http://purl.obolibrary.org/obo/BFO_0000053(GSat_u1,GSat_u2) → http://purl.obolibrary.org/obo/BFO_0000053_some_http://purl.obolibrary.org/obo/PATO_0001784(GSat_u1)
http://kb.phenoscape.org/uuid/29851382-0228-4405-a760-5f1a292700f8-1188(GSat_u1) → http://kb.phenoscape.org/uuid/29851382-0228-4405-a760-5f1a292700f8-1201(GSat_u1)
http://purl.obolibrary.org/obo/BFO_0000050(GSat_u1,GSat_u2) & http://purl.obolibrary.org/obo/BSPO_0000072(GSat_u2) → http://purl.obolibrary.org/obo/BFO_0000050_some_http://purl.obolibrary.org/obo/BSPO_0000072(GSat_u1)
http://kb.phenoscape.org/uuid/29851382-0228-4405-a760-5f1a292700f8-212(GSat_u1) → http://kb.phenoscape.org/uuid/29851382-0228-4405-a760-5f1a292700f8-238(GSat_u1)
http://purl.obolibrary.org/obo/PATO_0000411(GSat_u2) & http://purl.obolibrary.org/obo/BFO_0000053(GSat_u1,GSat_u2) → http://purl.obolibrary.org/obo/BFO_0000053_some_http://purl.obolibrary.org/obo/PATO_0000411(GSat_u1)
http://purl.obolibrary.org/obo/BFO_0000050(GSat_u1,GSat_u2) & http://purl.obolibrary.org/obo/TAO_0001560(GSat_u2) → http://purl.obolibrary.org/obo/BFO_0000050_some_http://purl.obolibrary.org/obo/TAO_0001560(GSat_u1)
http://purl.obolibrary.org/obo/BFO_0000053_some_http://purl.obolibrary.org/obo/PATO_0001505(GSat_u1) → http://purl.obolibrary.org/obo/BFO_0000004(GSat_u1)
http://purl.obolibrary.org/obo/BFO_0000053_some_http://purl.obolibrary.org/obo/TAO_0001581(GSat_u1) → http://purl.obolibrary.org/obo/BFO_0000004(GSat_u1)
=========================================
