Starting Saturation...
Executing from DLGP files
SLF4J: Failed to load class "org.slf4j.impl.StaticLoggerBinder".
SLF4J: Defaulting to no-operation (NOP) logger implementation
SLF4J: See http://www.slf4j.org/codes.html#StaticLoggerBinder for further details.
# Rules: 47; # Atoms: 0; # AtomSets: 0; # Queries: 0; # Constraints: 0
Full TGD saturation algorithm: Skolemized Sat
Running SkSat...
avr. 27, 2021 1:23:02 PM uk.ac.ox.cs.gsat.EvolveBasedSat run
INFOS: SkSat discarded rules : 0/32 = 0.000%
SkSat discarded rules : 0/32 = 0.000%
avr. 27, 2021 1:23:03 PM uk.ac.ox.cs.gsat.EvolveBasedSat run
INFOS: Subsumption method : tree_atom
avr. 27, 2021 1:23:03 PM uk.ac.ox.cs.gsat.EvolveBasedSat run
INFOS: # initial TGDs: 21 , 11
nonFullTGDs	0		fullTGDs	21			newNonFullTGDs	11		newFullTGDs	0
avr. 27, 2021 1:23:03 PM uk.ac.ox.cs.gsat.EvolveBasedSat run
INFOS: GSat total time : 160 ms = 0.16 s
avr. 27, 2021 1:23:03 PM uk.ac.ox.cs.gsat.EvolveBasedSat run
INFOS: Subsumed elements : 3
avr. 27, 2021 1:23:03 PM uk.ac.ox.cs.gsat.EvolveBasedSat run
INFOS: Filter discarded elements : 0
avr. 27, 2021 1:23:03 PM uk.ac.ox.cs.gsat.EvolveBasedSat run
INFOS: Derived full/non full TGDs: 0 , 16
avr. 27, 2021 1:23:03 PM uk.ac.ox.cs.gsat.EvolveBasedSat run
INFOS: ouptput full TGDs not contained in the input: 0
avr. 27, 2021 1:23:03 PM uk.ac.ox.cs.gsat.App executeAllSteps
INFOS: Rewriting completed!
Full TGD saturation: (21 dependecies)
=========================================
agenda-ontTalk(SkSat_u1) → agenda-ontSimpleAgendaItem(SkSat_u1)
agenda-ontBlock(SkSat_u1) → agenda-ontAgendaItem(SkSat_u1)
agenda-ontMeeting(SkSat_u2) & agenda-ontname(SkSat_u2,SkSat_u1) → xsdstring(SkSat_u1)
agenda-ontduration(SkSat_u2,SkSat_u1) & agenda-ontSimpleAgendaItem(SkSat_u2) → xsdtimeDuration(SkSat_u1)
agenda-ontday(SkSat_u2,SkSat_u1) & agenda-ontMeeting(SkSat_u2) → agenda-ontDay(SkSat_u1)
agenda-ontBlock(SkSat_u2) & agenda-ontitems(SkSat_u2,SkSat_u1) → http://www.w3.org/1999/02/22-rdf-syntax-ns#List(SkSat_u1)
agenda-ontBreak(SkSat_u1) → agenda-ontSimpleAgendaItem(SkSat_u1)
agenda-ontstart(SkSat_u2,SkSat_u1) & agenda-ontDay(SkSat_u2) → xsddateTime(SkSat_u1)
agenda-ontTalk(SkSat_u2) & agenda-onturi(SkSat_u2,SkSat_u1) → xsduriReference(SkSat_u1)
agenda-onttitle(SkSat_u2,SkSat_u1) & agenda-ontTalk(SkSat_u2) → xsdstring(SkSat_u1)
agenda-ontMeeting(SkSat_u2) & agenda-onturi(SkSat_u2,SkSat_u1) → xsdanyURI(SkSat_u1)
agenda-ontSimpleAgendaItem(SkSat_u1) → agenda-ontAgendaItem(SkSat_u1)
agenda-onttheme(SkSat_u2,SkSat_u1) & agenda-ontBreak(SkSat_u2) → xsdstring(SkSat_u1)
agenda-ontMeeting(SkSat_u2) & agenda-ontlocation(SkSat_u2,SkSat_u1) → xsdstring(SkSat_u1)
agenda-onttheme(SkSat_u2,SkSat_u1) & agenda-ontBlock(SkSat_u2) → xsdstring(SkSat_u1)
agenda-ontorganization(SkSat_u2,SkSat_u1) & agenda-ontSpeaker(SkSat_u2) → xsdstring(SkSat_u1)
agenda-ontname(SkSat_u2,SkSat_u1) & agenda-ontSpeaker(SkSat_u2) → xsdstring(SkSat_u1)
agenda-ontTalk(SkSat_u2) & agenda-ontspeaker(SkSat_u2,SkSat_u1) → agenda-ontSpeaker(SkSat_u1)
agenda-ontDay(SkSat_u1) → agenda-ontBlock(SkSat_u1)
agenda-ontSpeaker(SkSat_u2) & agenda-onthomePage(SkSat_u2,SkSat_u1) → xsduriReference(SkSat_u1)
agenda-ontemail(SkSat_u2,SkSat_u1) & agenda-ontSpeaker(SkSat_u2) → xsdstring(SkSat_u1)
=========================================
