Starting Saturation...
Executing from DLGP files
SLF4J: Failed to load class "org.slf4j.impl.StaticLoggerBinder".
SLF4J: Defaulting to no-operation (NOP) logger implementation
SLF4J: See http://www.slf4j.org/codes.html#StaticLoggerBinder for further details.
# Rules: 44; # Atoms: 0; # AtomSets: 0; # Queries: 0; # Constraints: 0
Full TGD saturation algorithm: Skolemized Sat
Running SkSat...
avr. 27, 2021 1:40:21 PM uk.ac.ox.cs.gsat.EvolveBasedSat run
INFOS: SkSat discarded rules : 0/44 = 0.000%
SkSat discarded rules : 0/44 = 0.000%
avr. 27, 2021 1:40:21 PM uk.ac.ox.cs.gsat.EvolveBasedSat run
INFOS: Subsumption method : tree_atom
avr. 27, 2021 1:40:21 PM uk.ac.ox.cs.gsat.EvolveBasedSat run
INFOS: # initial TGDs: 42 , 1
nonFullTGDs	0		fullTGDs	42			newNonFullTGDs	1		newFullTGDs	0
avr. 27, 2021 1:40:21 PM uk.ac.ox.cs.gsat.EvolveBasedSat run
INFOS: GSat total time : 287 ms = 0.29 s
avr. 27, 2021 1:40:21 PM uk.ac.ox.cs.gsat.EvolveBasedSat run
INFOS: Subsumed elements : 0
avr. 27, 2021 1:40:21 PM uk.ac.ox.cs.gsat.EvolveBasedSat run
INFOS: Filter discarded elements : 0
avr. 27, 2021 1:40:21 PM uk.ac.ox.cs.gsat.EvolveBasedSat run
INFOS: Derived full/non full TGDs: 0 , 1
avr. 27, 2021 1:40:21 PM uk.ac.ox.cs.gsat.EvolveBasedSat run
INFOS: ouptput full TGDs not contained in the input: 0
avr. 27, 2021 1:40:21 PM uk.ac.ox.cs.gsat.App executeAllSteps
INFOS: Rewriting completed!
Full TGD saturation: (42 dependecies)
=========================================
earlUserAgent(SkSat_u1) → earlTestSubject(SkSat_u1)
earlconfidence(SkSat_u2,SkSat_u1) → earlConfidenceLevel(SkSat_u1)
earlcontactInfo(SkSat_u1,SkSat_u2) → earlAssertor(SkSat_u1)
earlreleased(SkSat_u1,SkSat_u2) → earlTestSubject(SkSat_u1)
earlid(SkSat_u1,SkSat_u2) → genid29(SkSat_u1)
earlTool(SkSat_u1) → earlTestSubject(SkSat_u1)
earlAssertor(SkSat_u2) & earlplatform(SkSat_u2,SkSat_u1) → earlTestPlatform(SkSat_u1)
earlreleased(SkSat_u1,SkSat_u2) → earldate(SkSat_u1,SkSat_u2)
earlAssertion(SkSat_u1) → http://www.w3.org/1999/02/22-rdf-syntax-ns#Statement(SkSat_u1)
earltestSubject(SkSat_u1,SkSat_u2) → earlTestSubject(SkSat_u1)
earlWebContent(SkSat_u1) → earlTestSubject(SkSat_u1)
earltestSuite(SkSat_u2,SkSat_u1) → earlTestSuite(SkSat_u1)
earlResultProperty(SkSat_u1) → http://www.w3.org/1999/02/22-rdf-syntax-ns#Property(SkSat_u1)
earlconfidence(SkSat_u1,SkSat_u2) → earlResultProperty(SkSat_u1)
earlnote(SkSat_u2,SkSat_u1) & earlResultProperty(SkSat_u2) → http://www.w3.org/2000/01/rdf-schema#Resource(SkSat_u1)
earlreleased(SkSat_u2,SkSat_u1) → earlDate(SkSat_u1)
earlplatform(SkSat_u2,SkSat_u1) & earlTestSubject(SkSat_u2) → earlPlatform(SkSat_u1)
earltestCriteria(SkSat_u2,SkSat_u1) → earlTestCriteria(SkSat_u1)
earlexcludes(SkSat_u2,SkSat_u1) → earlExclusion(SkSat_u1)
earltestId(SkSat_u2,SkSat_u1) → earlTestId(SkSat_u1)
earltestMode(SkSat_u2,SkSat_u1) → earlTestMode(SkSat_u1)
earlEvaluation(SkSat_u1) → http://www.w3.org/1999/02/22-rdf-syntax-ns#Statement(SkSat_u1)
earlexcludes(SkSat_u1,SkSat_u2) → earlTestCriteria(SkSat_u1)
earlemail(SkSat_u1,SkSat_u2) → earlcontactInfo(SkSat_u1,SkSat_u2)
earlvalidity(SkSat_u2,SkSat_u1) → earlValidityState(SkSat_u1)
earlsameSubjectAs(SkSat_u2,SkSat_u1) → earlsameSubjectAs(SkSat_u1,SkSat_u2)
earloperator(SkSat_u2,SkSat_u1) → earlOperator(SkSat_u1)
earllastModified(SkSat_u1,SkSat_u2) → earlTestSubject(SkSat_u1)
earlemail(SkSat_u2,SkSat_u1) → earlEmail(SkSat_u1)
earlrepairInfo(SkSat_u2,SkSat_u1) → earlRepairInfo(SkSat_u1)
earlcontactInfo(SkSat_u2,SkSat_u1) → earlContactInfo(SkSat_u1)
earlsameSubjectAs(SkSat_u1,SkSat_u2) → earlTestSubject(SkSat_u1)
earlRepairInfo(SkSat_u2) & earlexpectedResult(SkSat_u2,SkSat_u1) → earlExpectedResult(SkSat_u1)
earlid(SkSat_u2,SkSat_u1) → earlId(SkSat_u1)
earltestSubject(SkSat_u2,SkSat_u1) → http://www.w3.org/2000/01/rdf-schema#Resource(SkSat_u1)
earllastModified(SkSat_u1,SkSat_u2) → earldate(SkSat_u1,SkSat_u2)
earllastModified(SkSat_u2,SkSat_u1) → earlDate(SkSat_u1)
earlvalidity(SkSat_u1,SkSat_u2) → earlResultProperty(SkSat_u1)
earldate(SkSat_u2,SkSat_u1) → earlDate(SkSat_u1)
earlPerson(SkSat_u1) → earlAssertor(SkSat_u1)
earlsuite(SkSat_u2,SkSat_u1) → earlSuite(SkSat_u1)
earlAssertor(SkSat_u2) & earlasserts(SkSat_u2,SkSat_u1) → earlAssertion(SkSat_u1)
=========================================
