Starting Saturation...
Executing from DLGP files
SLF4J: Failed to load class "org.slf4j.impl.StaticLoggerBinder".
SLF4J: Defaulting to no-operation (NOP) logger implementation
SLF4J: See http://www.slf4j.org/codes.html#StaticLoggerBinder for further details.
# Rules: 23; # Atoms: 0; # AtomSets: 0; # Queries: 0; # Constraints: 0
Full TGD saturation algorithm: Skolemized Sat
Running SkSat...
avr. 27, 2021 1:39:59 PM uk.ac.ox.cs.gsat.EvolveBasedSat run
INFOS: SkSat discarded rules : 0/23 = 0.000%
SkSat discarded rules : 0/23 = 0.000%
avr. 27, 2021 1:39:59 PM uk.ac.ox.cs.gsat.EvolveBasedSat run
INFOS: Subsumption method : tree_atom
avr. 27, 2021 1:39:59 PM uk.ac.ox.cs.gsat.EvolveBasedSat run
INFOS: # initial TGDs: 23 , 0
avr. 27, 2021 1:39:59 PM uk.ac.ox.cs.gsat.EvolveBasedSat run
INFOS: GSat total time : 124 ms = 0.12 s
avr. 27, 2021 1:39:59 PM uk.ac.ox.cs.gsat.EvolveBasedSat run
INFOS: Subsumed elements : 0
avr. 27, 2021 1:39:59 PM uk.ac.ox.cs.gsat.EvolveBasedSat run
INFOS: Filter discarded elements : 0
avr. 27, 2021 1:39:59 PM uk.ac.ox.cs.gsat.EvolveBasedSat run
INFOS: Derived full/non full TGDs: 0 , 0
avr. 27, 2021 1:39:59 PM uk.ac.ox.cs.gsat.EvolveBasedSat run
INFOS: ouptput full TGDs not contained in the input: 0
avr. 27, 2021 1:39:59 PM uk.ac.ox.cs.gsat.App executeAllSteps
INFOS: Rewriting completed!
Full TGD saturation: (23 dependecies)
=========================================
docpersitencePolicy(SkSat_u2,SkSat_u1) → docWork(SkSat_u1)
docipr(SkSat_u1,SkSat_u2) → docWork(SkSat_u1)
docversionOf(SkSat_u1,SkSat_u2) → docWork(SkSat_u1)
docderivedFrom(SkSat_u1,SkSat_u2) → docWork(SkSat_u1)
docOpenSourceLicense(SkSat_u1) → docWork(SkSat_u1)
docmayControl(SkSat_u1,SkSat_u2) → contactSocialEntity(SkSat_u1)
docversionOf(SkSat_u2,SkSat_u1) → docWork(SkSat_u1)
docobsoletes(SkSat_u2,SkSat_u1) → docWork(SkSat_u1)
docdependsOn(SkSat_u1,SkSat_u2) → docWork(SkSat_u1)
docmayRead(SkSat_u1,SkSat_u2) → contactSocialEntity(SkSat_u1)
docmayWrite(SkSat_u2,SkSat_u1) → docWork(SkSat_u1)
docmayControl(SkSat_u2,SkSat_u1) → docWork(SkSat_u1)
doccreator(SkSat_u2,SkSat_u1) → contactSocialEntity(SkSat_u1)
doccreator(SkSat_u1,SkSat_u2) → docWork(SkSat_u1)
docsubLicense(SkSat_u2,SkSat_u1) → docWork(SkSat_u1)
docdependsOn(SkSat_u2,SkSat_u1) → docWork(SkSat_u1)
docobsoletes(SkSat_u1,SkSat_u2) → docWork(SkSat_u1)
docmayWrite(SkSat_u1,SkSat_u2) → contactSocialEntity(SkSat_u1)
docderivedFrom(SkSat_u2,SkSat_u1) → docWork(SkSat_u1)
docsubLicense(SkSat_u1,SkSat_u2) → docWork(SkSat_u1)
docmayRead(SkSat_u2,SkSat_u1) → docWork(SkSat_u1)
docipr(SkSat_u2,SkSat_u1) → docWork(SkSat_u1)
docpersitencePolicy(SkSat_u1,SkSat_u2) → docWork(SkSat_u1)
=========================================
