Starting Saturation...
Executing from DLGP files
SLF4J: Failed to load class "org.slf4j.impl.StaticLoggerBinder".
SLF4J: Defaulting to no-operation (NOP) logger implementation
SLF4J: See http://www.slf4j.org/codes.html#StaticLoggerBinder for further details.
# Rules: 466; # Atoms: 0; # AtomSets: 0; # Queries: 0; # Constraints: 0
Full TGD saturation algorithm: Skolemized Sat
Running SkSat...
avr. 27, 2021 1:43:07 PM uk.ac.ox.cs.gsat.EvolveBasedSat run
INFOS: SkSat discarded rules : 1/432 = 0.231%
SkSat discarded rules : 1/432 = 0.231%
avr. 27, 2021 1:43:07 PM uk.ac.ox.cs.gsat.EvolveBasedSat run
INFOS: Subsumption method : tree_atom
avr. 27, 2021 1:43:07 PM uk.ac.ox.cs.gsat.EvolveBasedSat run
INFOS: # initial TGDs: 419 , 12
nonFullTGDs	0		fullTGDs	419			newNonFullTGDs	12		newFullTGDs	0
nonFullTGDs	100		fullTGDs	419			newNonFullTGDs	75		newFullTGDs	60
nonFullTGDs	200		fullTGDs	419			newNonFullTGDs	42		newFullTGDs	144
nonFullTGDs	300		fullTGDs	419			newNonFullTGDs	22		newFullTGDs	244
nonFullTGDs	400		fullTGDs	419			newNonFullTGDs	10		newFullTGDs	383
nonFullTGDs	455		fullTGDs	464			newNonFullTGDs	0		newFullTGDs	430
nonFullTGDs	455		fullTGDs	564			newNonFullTGDs	0		newFullTGDs	367
nonFullTGDs	456		fullTGDs	663			newNonFullTGDs	1		newFullTGDs	313
nonFullTGDs	491		fullTGDs	728			newNonFullTGDs	0		newFullTGDs	286
nonFullTGDs	502		fullTGDs	817			newNonFullTGDs	0		newFullTGDs	213
nonFullTGDs	549		fullTGDs	866			newNonFullTGDs	1		newFullTGDs	232
nonFullTGDs	564		fullTGDs	946			newNonFullTGDs	0		newFullTGDs	166
nonFullTGDs	560		fullTGDs	1038			newNonFullTGDs	0		newFullTGDs	70
avr. 27, 2021 1:43:08 PM uk.ac.ox.cs.gsat.EvolveBasedSat run
INFOS: GSat total time : 1376 ms = 1.38 s
avr. 27, 2021 1:43:08 PM uk.ac.ox.cs.gsat.EvolveBasedSat run
INFOS: Subsumed elements : 3461
avr. 27, 2021 1:43:08 PM uk.ac.ox.cs.gsat.EvolveBasedSat run
INFOS: Filter discarded elements : 0
avr. 27, 2021 1:43:09 PM uk.ac.ox.cs.gsat.EvolveBasedSat run
INFOS: Derived full/non full TGDs: 2541 , 2157
avr. 27, 2021 1:43:09 PM uk.ac.ox.cs.gsat.EvolveBasedSat run
INFOS: ouptput full TGDs not contained in the input: 124
avr. 27, 2021 1:43:09 PM uk.ac.ox.cs.gsat.App executeAllSteps
INFOS: Rewriting completed!
Full TGD saturation: (543 dependecies)
=========================================
foodDessertCourse(SkSat_u1) & foodMealCourse(SkSat_u1) → wineWineDescriptor(http://www.w3.org/TR/2003/CR-owl-guide-20030818/food#Strong)
foodFishCourse(SkSat_u2) & foodhasDrink(SkSat_u2,SkSat_u1) → winehasSugar(SkSat_u1,http://www.w3.org/TR/2003/CR-owl-guide-20030818/food#Dry)
wineRiesling(SkSat_u1) → winemadeFromGrape(SkSat_u1,http://www.w3.org/TR/2003/CR-owl-guide-20030818/wine#RieslingGrape)
foodOysterShellfishCourse(SkSat_u1) & foodMealCourse(SkSat_u1) → wineWineSugar(http://www.w3.org/TR/2003/CR-owl-guide-20030818/food#Sweet)
winehasColor(SkSat_u1,http://www.w3.org/TR/2003/CR-owl-guide-20030818/wine#Rose) & wineWine(SkSat_u1) → wineRoseWine(SkSat_u1)
foodLightMeatFowlCourse(SkSat_u1) & foodMealCourse(SkSat_u1) → wineWineDescriptor(http://www.w3.org/TR/2003/CR-owl-guide-20030818/food#Medium)
wineSauterne(SkSat_u1) → winehasColor(SkSat_u1,http://www.w3.org/TR/2003/CR-owl-guide-20030818/wine#White)
foodLightMeatFowlCourse(SkSat_u1) & foodMealCourse(SkSat_u1) → wineWineDescriptor(http://www.w3.org/TR/2003/CR-owl-guide-20030818/food#White)
_S0(SkSat_u1,SkSat_u2) → winelocatedIn(SkSat_u1,SkSat_u2)
foodFishCourse(SkSat_u1) & foodMealCourse(SkSat_u1) → wineWineDescriptor(http://www.w3.org/TR/2003/CR-owl-guide-20030818/food#Dry)
wineMedoc(SkSat_u1) → wineBordeaux(SkSat_u1)
foodOtherTomatoBasedFoodCourse(SkSat_u1) & foodMealCourse(SkSat_u1) → wineWineDescriptor(http://www.w3.org/TR/2003/CR-owl-guide-20030818/food#Medium)
wineRiesling(SkSat_u1) → winehasColor(SkSat_u1,http://www.w3.org/TR/2003/CR-owl-guide-20030818/wine#White)
foodNonRedMeatCourse(SkSat_u1) & foodMealCourse(SkSat_u1) → wineWineDescriptor(http://www.w3.org/TR/2003/CR-owl-guide-20030818/food#Dry)
wineMargaux(SkSat_u1) → winehasFlavor(SkSat_u1,http://www.w3.org/TR/2003/CR-owl-guide-20030818/wine#Delicate)
wineCabernetFranc(SkSat_u1) → wineWine(SkSat_u1)
foodhasFood(SkSat_u2,SkSat_u1) & foodOysterShellfishCourse(SkSat_u2) → foodOysterShellfish(SkSat_u1)
foodDarkMeatFowlCourse(SkSat_u1) & foodMealCourse(SkSat_u1) → wineWineSugar(http://www.w3.org/TR/2003/CR-owl-guide-20030818/food#Dry)
wineadjacentRegion(SkSat_u1,SkSat_u2) → wineRegion(SkSat_u1)
wineRedBurgundy(SkSat_u1) → wineBurgundy(SkSat_u1)
foodhasFood(SkSat_u2,SkSat_u1) & foodPastaWithLightCreamCourse(SkSat_u2) → foodPastaWithLightCreamSauce(SkSat_u1)
wineBurgundy(SkSat_u1) → winelocatedIn(SkSat_u1,http://www.w3.org/TR/2003/CR-owl-guide-20030818/wine#BourgogneRegion)
foodNonBlandFishCourse(SkSat_u1) & foodMealCourse(SkSat_u1) → wineWineDescriptor(http://www.w3.org/TR/2003/CR-owl-guide-20030818/food#Moderate)
foodhasFood(SkSat_u1,SkSat_u2) → foodMealCourse(SkSat_u1)
foodOtherTomatoBasedFood(SkSat_u1) → foodEdibleThing(SkSat_u1)
wineTours(SkSat_u1) → wineLoire(SkSat_u1)
wineBeaujolais(SkSat_u1) → winehasColor(SkSat_u1,http://www.w3.org/TR/2003/CR-owl-guide-20030818/wine#Red)
foodNonSweetFruitCourse(SkSat_u1) & foodMealCourse(SkSat_u1) → wineWineSugar(http://www.w3.org/TR/2003/CR-owl-guide-20030818/food#OffDry)
wineMuscadet(SkSat_u1) → winehasSugar(SkSat_u1,http://www.w3.org/TR/2003/CR-owl-guide-20030818/wine#Dry)
winehasBody(SkSat_u1,http://www.w3.org/TR/2003/CR-owl-guide-20030818/wine#Full) & wineWine(SkSat_u1) → wineFullBodiedWine(SkSat_u1)
wineWine(SkSat_u1) → wineWine(SkSat_u1)
wineRiesling(SkSat_u1) & winehasSugar(SkSat_u1,http://www.w3.org/TR/2003/CR-owl-guide-20030818/wine#Dry) → wineDryRiesling(SkSat_u1)
foodNonSpicyRedMeatCourse(SkSat_u1) & foodMealCourse(SkSat_u1) → wineWineBody(http://www.w3.org/TR/2003/CR-owl-guide-20030818/food#Medium)
foodCheeseNutsDessertCourse(SkSat_u2) & foodhasDrink(SkSat_u2,SkSat_u1) → winehasColor(SkSat_u1,http://www.w3.org/TR/2003/CR-owl-guide-20030818/food#Red)
wineWhiteLoire(SkSat_u1) → wineLoire(SkSat_u1)
foodSweetFruitCourse(SkSat_u1) & foodMealCourse(SkSat_u1) → wineWineDescriptor(http://www.w3.org/TR/2003/CR-owl-guide-20030818/food#Sweet)
foodPastaWithLightCreamCourse(SkSat_u1) → foodMealCourse(SkSat_u1)
foodPastaWithLightCreamCourse(SkSat_u1) & foodMealCourse(SkSat_u1) → wineWineSugar(http://www.w3.org/TR/2003/CR-owl-guide-20030818/food#Dry)
winePinotNoir(SkSat_u1) → wineWine(SkSat_u1)
wineWineBody(SkSat_u1) → wineWineTaste(SkSat_u1)
wineRoseWine(SkSat_u1) → wineWine(SkSat_u1)
wineRoseWine(SkSat_u1) → winehasColor(SkSat_u1,http://www.w3.org/TR/2003/CR-owl-guide-20030818/wine#Rose)
winelocatedIn(SkSat_u1,http://www.w3.org/TR/2003/CR-owl-guide-20030818/wine#StEmilionRegion) & wineBordeaux(SkSat_u1) → wineStEmilion(SkSat_u1)
foodNonSweetFruitCourse(SkSat_u2) & foodhasDrink(SkSat_u2,SkSat_u1) → winehasFlavor(SkSat_u1,http://www.w3.org/TR/2003/CR-owl-guide-20030818/food#Delicate)
foodNonBlandFishCourse(SkSat_u2) & foodhasDrink(SkSat_u2,SkSat_u1) → winehasFlavor(SkSat_u1,http://www.w3.org/TR/2003/CR-owl-guide-20030818/food#Moderate)
foodPastaWithNonSpicyRedSauceCourse(SkSat_u1) → foodMealCourse(SkSat_u1)
foodPastaWithHeavyCreamCourse(SkSat_u1) & foodMealCourse(SkSat_u1) → wineWineBody(http://www.w3.org/TR/2003/CR-owl-guide-20030818/food#Medium)
foodNonRedMeatCourse(SkSat_u1) & foodMealCourse(SkSat_u1) → wineWineDescriptor(http://www.w3.org/TR/2003/CR-owl-guide-20030818/food#Strong)
wineBeaujolais(SkSat_u1) → winelocatedIn(SkSat_u1,http://www.w3.org/TR/2003/CR-owl-guide-20030818/wine#BeaujolaisRegion)
foodPastaWithHeavyCreamCourse(SkSat_u1) & foodMealCourse(SkSat_u1) → wineWineColor(http://www.w3.org/TR/2003/CR-owl-guide-20030818/food#White)
foodhasFood(SkSat_u2,SkSat_u1) & foodNonBlandFishCourse(SkSat_u2) → foodNonBlandFish(SkSat_u1)
wineMerlot(SkSat_u1) → wineWine(SkSat_u1)
foodSweetFruit(SkSat_u1) → foodEdibleThing(SkSat_u1)
foodhasFood(SkSat_u2,SkSat_u1) & foodDessertCourse(SkSat_u2) → foodDessert(SkSat_u1)
foodNonOysterShellfish(SkSat_u1) → foodShellfish(SkSat_u1)
wineChardonnay(SkSat_u1) → winehasColor(SkSat_u1,http://www.w3.org/TR/2003/CR-owl-guide-20030818/wine#White)
wineGamay(SkSat_u1) → winemadeFromGrape(SkSat_u1,http://www.w3.org/TR/2003/CR-owl-guide-20030818/wine#GamayGrape)
wineMedoc(SkSat_u1) & winelocatedIn(SkSat_u1,http://www.w3.org/TR/2003/CR-owl-guide-20030818/wine#PauillacRegion) → winePauillac(SkSat_u1)
foodPastaWithSpicyRedSauceCourse(SkSat_u1) & foodMealCourse(SkSat_u1) → wineWineBody(http://www.w3.org/TR/2003/CR-owl-guide-20030818/food#Full)
foodhasFood(SkSat_u2,SkSat_u1) & foodRedMeatCourse(SkSat_u2) → foodRedMeat(SkSat_u1)
wineSauterne(SkSat_u1) → winehasBody(SkSat_u1,http://www.w3.org/TR/2003/CR-owl-guide-20030818/wine#Medium)
foodMealCourse(SkSat_u1) & foodSeafoodCourse(SkSat_u1) → wineWineDescriptor(http://www.w3.org/TR/2003/CR-owl-guide-20030818/food#White)
wineBurgundy(SkSat_u1) → winehasSugar(SkSat_u1,http://www.w3.org/TR/2003/CR-owl-guide-20030818/wine#Dry)
winelocatedIn(SkSat_u1,http://www.w3.org/TR/2003/CR-owl-guide-20030818/wine#AlsaceRegion) & wineWine(SkSat_u1) → wineAlsatianWine(SkSat_u1)
wineLoire(SkSat_u1) → wineWine(SkSat_u1)
foodNonRedMeatCourse(SkSat_u1) & foodMealCourse(SkSat_u1) → wineWineSugar(http://www.w3.org/TR/2003/CR-owl-guide-20030818/food#Dry)
foodNonBlandFishCourse(SkSat_u1) & foodMealCourse(SkSat_u1) → wineWineFlavor(http://www.w3.org/TR/2003/CR-owl-guide-20030818/food#Moderate)
winehasColor(SkSat_u2,SkSat_u1) → wineWineColor(SkSat_u1)
wineWineGrape(SkSat_u1) → foodGrape(SkSat_u1)
foodMealCourse(SkSat_u1) & foodCheeseNutsDessertCourse(SkSat_u1) → wineWineDescriptor(http://www.w3.org/TR/2003/CR-owl-guide-20030818/food#Red)
wineFullBodiedWine(SkSat_u1) → winehasBody(SkSat_u1,http://www.w3.org/TR/2003/CR-owl-guide-20030818/wine#Full)
wineCheninBlanc(SkSat_u1) → wineWine(SkSat_u1)
foodNonSweetFruitCourse(SkSat_u2) & foodhasDrink(SkSat_u2,SkSat_u1) → winehasSugar(SkSat_u1,http://www.w3.org/TR/2003/CR-owl-guide-20030818/food#OffDry)
winePetiteSyrah(SkSat_u1) → winehasSugar(SkSat_u1,http://www.w3.org/TR/2003/CR-owl-guide-20030818/wine#Dry)
foodFishCourse(SkSat_u1) & foodMealCourse(SkSat_u1) → wineWineSugar(http://www.w3.org/TR/2003/CR-owl-guide-20030818/food#Dry)
foodDarkMeatFowlCourse(SkSat_u2) & foodhasDrink(SkSat_u2,SkSat_u1) → winehasSugar(SkSat_u1,http://www.w3.org/TR/2003/CR-owl-guide-20030818/food#Dry)
wineWineSugar(SkSat_u1) → wineWineTaste(SkSat_u1)
foodFruitCourse(SkSat_u1) & foodMealCourse(SkSat_u1) → wineWineBody(http://www.w3.org/TR/2003/CR-owl-guide-20030818/food#Medium)
wineTableWine(SkSat_u1) → wineWine(SkSat_u1)
foodFishCourse(SkSat_u1) & foodMealCourse(SkSat_u1) → wineWineDescriptor(http://www.w3.org/TR/2003/CR-owl-guide-20030818/food#Medium)
wineBeaujolais(SkSat_u1) → winehasFlavor(SkSat_u1,http://www.w3.org/TR/2003/CR-owl-guide-20030818/wine#Delicate)
foodOysterShellfishCourse(SkSat_u1) & foodMealCourse(SkSat_u1) → wineWineDescriptor(http://www.w3.org/TR/2003/CR-owl-guide-20030818/food#Sweet)
foodOtherTomatoBasedFoodCourse(SkSat_u1) & foodMealCourse(SkSat_u1) → wineWineColor(http://www.w3.org/TR/2003/CR-owl-guide-20030818/food#Red)
wineWhiteWine(SkSat_u1) & wineBordeaux(SkSat_u1) → wineWhiteBordeaux(SkSat_u1)
foodSpicyRedMeatCourse(SkSat_u1) & foodMealCourse(SkSat_u1) → wineWineSugar(http://www.w3.org/TR/2003/CR-owl-guide-20030818/food#Dry)
foodPastaWithLightCreamCourse(SkSat_u2) & foodhasDrink(SkSat_u2,SkSat_u1) → winehasFlavor(SkSat_u1,http://www.w3.org/TR/2003/CR-owl-guide-20030818/food#Delicate)
wineBeaujolais(SkSat_u1) → winemadeFromGrape(SkSat_u1,http://www.w3.org/TR/2003/CR-owl-guide-20030818/wine#GamayGrape)
winehasColor(SkSat_u1,http://www.w3.org/TR/2003/CR-owl-guide-20030818/wine#White) & wineWine(SkSat_u1) → wineWhiteWine(SkSat_u1)
wineyearValue(SkSat_u2,SkSat_u1) → xsdpositiveInteger(SkSat_u1)
wineItalianWine(SkSat_u1) → winelocatedIn(SkSat_u1,http://www.w3.org/TR/2003/CR-owl-guide-20030818/wine#ItalianRegion)
wineSweetRiesling(SkSat_u1) → winehasBody(SkSat_u1,http://www.w3.org/TR/2003/CR-owl-guide-20030818/wine#Full)
foodDarkMeatFowlCourse(SkSat_u1) → foodMealCourse(SkSat_u1)
foodDessertCourse(SkSat_u2) & foodhasDrink(SkSat_u2,SkSat_u1) → winehasFlavor(SkSat_u1,http://www.w3.org/TR/2003/CR-owl-guide-20030818/food#Strong)
foodOtherTomatoBasedFoodCourse(SkSat_u2) & foodhasDrink(SkSat_u2,SkSat_u1) → winehasSugar(SkSat_u1,http://www.w3.org/TR/2003/CR-owl-guide-20030818/food#Dry)
foodSweetDessertCourse(SkSat_u2) & foodhasDrink(SkSat_u2,SkSat_u1) → winehasColor(SkSat_u1,http://www.w3.org/TR/2003/CR-owl-guide-20030818/food#White)
foodDessertCourse(SkSat_u1) & foodMealCourse(SkSat_u1) → wineWineSugar(http://www.w3.org/TR/2003/CR-owl-guide-20030818/food#Sweet)
foodMealCourse(SkSat_u2) & foodhasDrink(SkSat_u2,SkSat_u1) → foodWine(SkSat_u1)
wineMuscadet(SkSat_u1) → winehasBody(SkSat_u1,http://www.w3.org/TR/2003/CR-owl-guide-20030818/wine#Light)
foodPastaWithHeavyCreamCourse(SkSat_u1) & foodMealCourse(SkSat_u1) → wineWineFlavor(http://www.w3.org/TR/2003/CR-owl-guide-20030818/food#Moderate)
foodLightMeatFowlCourse(SkSat_u1) & foodMealCourse(SkSat_u1) → wineWineColor(http://www.w3.org/TR/2003/CR-owl-guide-20030818/food#White)
foodMealCourse(SkSat_u1) & foodSeafoodCourse(SkSat_u1) → wineWineColor(http://www.w3.org/TR/2003/CR-owl-guide-20030818/food#White)
winehasSugar(SkSat_u1,SkSat_u2) → winehasWineDescriptor(SkSat_u1,SkSat_u2)
wineGamay(SkSat_u1) → wineWine(SkSat_u1)
wineWhiteLoire(SkSat_u1) → wineWhiteWine(SkSat_u1)
winePort(SkSat_u1) → winehasSugar(SkSat_u1,http://www.w3.org/TR/2003/CR-owl-guide-20030818/wine#Sweet)
foodDarkMeatFowlCourse(SkSat_u1) & foodMealCourse(SkSat_u1) → wineWineDescriptor(http://www.w3.org/TR/2003/CR-owl-guide-20030818/food#Delicate)
wineRedWine(SkSat_u1) → wineWine(SkSat_u1)
wineWhiteTableWine(SkSat_u1) → wineTableWine(SkSat_u1)
wineMargaux(SkSat_u1) → wineMedoc(SkSat_u1)
winehasColor(SkSat_u1,http://www.w3.org/TR/2003/CR-owl-guide-20030818/wine#Red) & wineWine(SkSat_u1) → wineRedWine(SkSat_u1)
winePort(SkSat_u1) → winehasFlavor(SkSat_u1,http://www.w3.org/TR/2003/CR-owl-guide-20030818/wine#Strong)
foodPastaWithNonSpicyRedSauceCourse(SkSat_u2) & foodhasDrink(SkSat_u2,SkSat_u1) → winehasFlavor(SkSat_u1,http://www.w3.org/TR/2003/CR-owl-guide-20030818/food#Moderate)
winePauillac(SkSat_u1) → winelocatedIn(SkSat_u1,http://www.w3.org/TR/2003/CR-owl-guide-20030818/wine#PauillacRegion)
foodDarkMeatFowl(SkSat_u1) → foodFowl(SkSat_u1)
foodhasFood(SkSat_u2,SkSat_u1) → foodEdibleThing(SkSat_u1)
foodNonRedMeatCourse(SkSat_u2) & foodhasDrink(SkSat_u2,SkSat_u1) → winehasFlavor(SkSat_u1,http://www.w3.org/TR/2003/CR-owl-guide-20030818/food#Strong)
wineDessertWine(SkSat_u1) → wineWine(SkSat_u1)
foodShellfish(SkSat_u1) → foodSeafood(SkSat_u1)
wineCotesDOr(SkSat_u1) → wineRedBurgundy(SkSat_u1)
foodPastaWithNonSpicyRedSauceCourse(SkSat_u2) & foodhasDrink(SkSat_u2,SkSat_u1) → winehasSugar(SkSat_u1,http://www.w3.org/TR/2003/CR-owl-guide-20030818/food#Dry)
foodNonSpicyRedMeatCourse(SkSat_u1) & foodMealCourse(SkSat_u1) → wineWineColor(http://www.w3.org/TR/2003/CR-owl-guide-20030818/food#Red)
wineTours(SkSat_u1) → winemadeFromGrape(SkSat_u1,http://www.w3.org/TR/2003/CR-owl-guide-20030818/wine#CheninBlancGrape)
foodDessertCourse(SkSat_u1) & foodMealCourse(SkSat_u1) → wineWineDescriptor(http://www.w3.org/TR/2003/CR-owl-guide-20030818/food#Sweet)
wineIceWine(SkSat_u1) → wineLateHarvest(SkSat_u1)
wineWhiteWine(SkSat_u1) → winehasColor(SkSat_u1,http://www.w3.org/TR/2003/CR-owl-guide-20030818/wine#White)
foodPastaWithHeavyCreamCourse(SkSat_u1) & foodMealCourse(SkSat_u1) → wineWineDescriptor(http://www.w3.org/TR/2003/CR-owl-guide-20030818/food#Moderate)
foodSpicyRedMeatCourse(SkSat_u1) & foodMealCourse(SkSat_u1) → wineWineDescriptor(http://www.w3.org/TR/2003/CR-owl-guide-20030818/food#Dry)
wineMargaux(SkSat_u1) → winelocatedIn(SkSat_u1,http://www.w3.org/TR/2003/CR-owl-guide-20030818/wine#MargauxRegion)
foodPastaWithLightCreamCourse(SkSat_u2) & foodhasDrink(SkSat_u2,SkSat_u1) → winehasBody(SkSat_u1,http://www.w3.org/TR/2003/CR-owl-guide-20030818/food#Light)
wineRiesling(SkSat_u1) → wineWine(SkSat_u1)
foodNonSpicyRedMeatCourse(SkSat_u1) & foodMealCourse(SkSat_u1) → wineWineDescriptor(http://www.w3.org/TR/2003/CR-owl-guide-20030818/food#Red)
foodLightMeatFowlCourse(SkSat_u1) & foodMealCourse(SkSat_u1) → wineWineDescriptor(http://www.w3.org/TR/2003/CR-owl-guide-20030818/food#Dry)
foodNonOysterShellfishCourse(SkSat_u1) & foodMealCourse(SkSat_u1) → wineWineDescriptor(http://www.w3.org/TR/2003/CR-owl-guide-20030818/food#Dry)
foodPastaWithLightCreamCourse(SkSat_u1) & foodMealCourse(SkSat_u1) → wineWineDescriptor(http://www.w3.org/TR/2003/CR-owl-guide-20030818/food#Dry)
wineZinfandel(SkSat_u1) → winemadeFromGrape(SkSat_u1,http://www.w3.org/TR/2003/CR-owl-guide-20030818/wine#ZinfandelGrape)
wineAnjou(SkSat_u1) → wineLoire(SkSat_u1)
foodPastaWithHeavyCreamCourse(SkSat_u2) & foodhasDrink(SkSat_u2,SkSat_u1) → winehasBody(SkSat_u1,http://www.w3.org/TR/2003/CR-owl-guide-20030818/food#Medium)
wineMedoc(SkSat_u1) → winelocatedIn(SkSat_u1,http://www.w3.org/TR/2003/CR-owl-guide-20030818/wine#MedocRegion)
foodSeafood(SkSat_u1) → foodEdibleThing(SkSat_u1)
wineWhiteBordeaux(SkSat_u1) → wineBordeaux(SkSat_u1)
foodLightMeatFowlCourse(SkSat_u1) & foodMealCourse(SkSat_u1) → wineWineSugar(http://www.w3.org/TR/2003/CR-owl-guide-20030818/food#Dry)
wineSancerre(SkSat_u1) → winehasBody(SkSat_u1,http://www.w3.org/TR/2003/CR-owl-guide-20030818/wine#Medium)
foodLightMeatFowlCourse(SkSat_u2) & foodhasDrink(SkSat_u2,SkSat_u1) → winehasBody(SkSat_u1,http://www.w3.org/TR/2003/CR-owl-guide-20030818/food#Medium)
foodSweetFruitCourse(SkSat_u1) → foodMealCourse(SkSat_u1)
wineStEmilion(SkSat_u1) → winemadeFromGrape(SkSat_u1,http://www.w3.org/TR/2003/CR-owl-guide-20030818/wine#CabernetSauvignonGrape)
foodNonBlandFishCourse(SkSat_u1) → foodMealCourse(SkSat_u1)
wineCabernetSauvignon(SkSat_u1) → winehasColor(SkSat_u1,http://www.w3.org/TR/2003/CR-owl-guide-20030818/wine#Red)
foodNonSpicyRedMeatCourse(SkSat_u1) & foodMealCourse(SkSat_u1) → wineWineDescriptor(http://www.w3.org/TR/2003/CR-owl-guide-20030818/food#Medium)
foodDarkMeatFowlCourse(SkSat_u2) & foodhasDrink(SkSat_u2,SkSat_u1) → winehasColor(SkSat_u1,http://www.w3.org/TR/2003/CR-owl-guide-20030818/food#Red)
wineRedWine(SkSat_u1) → winehasColor(SkSat_u1,http://www.w3.org/TR/2003/CR-owl-guide-20030818/wine#Red)
wineSweetWine(SkSat_u1) → wineWine(SkSat_u1)
wineDessertWine(SkSat_u1) & wineLateHarvest(SkSat_u1) & winehasColor(SkSat_u1,http://www.w3.org/TR/2003/CR-owl-guide-20030818/wine#White) → wineIceWine(SkSat_u1)
wineMerlot(SkSat_u1) → winemadeFromGrape(SkSat_u1,http://www.w3.org/TR/2003/CR-owl-guide-20030818/wine#MerlotGrape)
winePinotNoir(SkSat_u1) → winehasColor(SkSat_u1,http://www.w3.org/TR/2003/CR-owl-guide-20030818/wine#Red)
foodMeal(SkSat_u1) → foodMeal(SkSat_u1)
foodNonSpicyRedMeatCourse(SkSat_u2) & foodhasDrink(SkSat_u2,SkSat_u1) → winehasSugar(SkSat_u1,http://www.w3.org/TR/2003/CR-owl-guide-20030818/food#Dry)
foodShellfishCourse(SkSat_u1) & foodMealCourse(SkSat_u1) → wineWineBody(http://www.w3.org/TR/2003/CR-owl-guide-20030818/food#Full)
foodDessert(SkSat_u1) → foodEdibleThing(SkSat_u1)
winelocatedIn(SkSat_u1,http://www.w3.org/TR/2003/CR-owl-guide-20030818/wine#MeursaultRegion) & wineWhiteBurgundy(SkSat_u1) → wineMeursault(SkSat_u1)
winePinotBlanc(SkSat_u1) → winemadeFromGrape(SkSat_u1,http://www.w3.org/TR/2003/CR-owl-guide-20030818/wine#PinotBlancGrape)
wineMuscadet(SkSat_u1) → wineLoire(SkSat_u1)
foodPastaWithLightCreamCourse(SkSat_u2) & foodhasDrink(SkSat_u2,SkSat_u1) → winehasSugar(SkSat_u1,http://www.w3.org/TR/2003/CR-owl-guide-20030818/food#Dry)
winehasFlavor(SkSat_u2,SkSat_u1) → wineWineFlavor(SkSat_u1)
wineAnjou(SkSat_u1) → winehasColor(SkSat_u1,http://www.w3.org/TR/2003/CR-owl-guide-20030818/wine#Rose)
foodPastaWithNonSpicyRedSauceCourse(SkSat_u1) & foodMealCourse(SkSat_u1) → wineWineFlavor(http://www.w3.org/TR/2003/CR-owl-guide-20030818/food#Moderate)
foodFruitCourse(SkSat_u1) → foodMealCourse(SkSat_u1)
foodSpicyRedMeatCourse(SkSat_u2) & foodhasDrink(SkSat_u2,SkSat_u1) → winehasColor(SkSat_u1,http://www.w3.org/TR/2003/CR-owl-guide-20030818/food#Red)
foodPastaWithNonSpicyRedSauceCourse(SkSat_u1) & foodMealCourse(SkSat_u1) → wineWineSugar(http://www.w3.org/TR/2003/CR-owl-guide-20030818/food#Dry)
winehasVintageYear(SkSat_u1,SkSat_u2) → wineVintage(SkSat_u1)
foodLightMeatFowlCourse(SkSat_u1) & foodMealCourse(SkSat_u1) → wineWineBody(http://www.w3.org/TR/2003/CR-owl-guide-20030818/food#Medium)
foodOtherTomatoBasedFoodCourse(SkSat_u1) & foodMealCourse(SkSat_u1) → wineWineBody(http://www.w3.org/TR/2003/CR-owl-guide-20030818/food#Medium)
foodOtherTomatoBasedFoodCourse(SkSat_u2) & foodhasDrink(SkSat_u2,SkSat_u1) → winehasFlavor(SkSat_u1,http://www.w3.org/TR/2003/CR-owl-guide-20030818/food#Moderate)
wineCabernetFranc(SkSat_u1) → winehasColor(SkSat_u1,http://www.w3.org/TR/2003/CR-owl-guide-20030818/wine#Red)
wineChianti(SkSat_u1) → winehasColor(SkSat_u1,http://www.w3.org/TR/2003/CR-owl-guide-20030818/wine#Red)
winehasWineDescriptor(SkSat_u2,SkSat_u1) → wineWineDescriptor(SkSat_u1)
wineAnjou(SkSat_u1) → winehasSugar(SkSat_u1,http://www.w3.org/TR/2003/CR-owl-guide-20030818/wine#OffDry)
wineWhiteBurgundy(SkSat_u1) → wineWhiteWine(SkSat_u1)
foodNonSweetFruitCourse(SkSat_u1) & foodMealCourse(SkSat_u1) → wineWineDescriptor(http://www.w3.org/TR/2003/CR-owl-guide-20030818/food#Delicate)
foodRedMeatCourse(SkSat_u2) & foodhasDrink(SkSat_u2,SkSat_u1) → winehasColor(SkSat_u1,http://www.w3.org/TR/2003/CR-owl-guide-20030818/food#Red)
foodPastaWithSpicyRedSauceCourse(SkSat_u1) → foodMealCourse(SkSat_u1)
wineWhiteBordeaux(SkSat_u1) → wineWhiteWine(SkSat_u1)
foodPotableLiquid(SkSat_u1) → foodConsumableThing(SkSat_u1)
wineBeaujolais(SkSat_u1) → winehasSugar(SkSat_u1,http://www.w3.org/TR/2003/CR-owl-guide-20030818/wine#Dry)
foodCheeseNutsDessert(SkSat_u1) → foodDessert(SkSat_u1)
foodOysterShellfishCourse(SkSat_u2) & foodhasDrink(SkSat_u2,SkSat_u1) → winehasSugar(SkSat_u1,http://www.w3.org/TR/2003/CR-owl-guide-20030818/food#Sweet)
foodhasFood(SkSat_u2,SkSat_u1) & foodPastaWithHeavyCreamCourse(SkSat_u2) → foodPastaWithHeavyCreamSauce(SkSat_u1)
foodNonRedMeatCourse(SkSat_u1) & foodMealCourse(SkSat_u1) → wineWineDescriptor(http://www.w3.org/TR/2003/CR-owl-guide-20030818/food#White)
wineCaliforniaWine(SkSat_u1) → winelocatedIn(SkSat_u1,http://www.w3.org/TR/2003/CR-owl-guide-20030818/wine#CaliforniaRegion)
winePetiteSyrah(SkSat_u1) → winemadeFromGrape(SkSat_u1,http://www.w3.org/TR/2003/CR-owl-guide-20030818/wine#PetiteSyrahGrape)
winehasWineDescriptor(SkSat_u1,SkSat_u2) → wineWine(SkSat_u1)
foodPastaWithLightCreamCourse(SkSat_u1) & foodMealCourse(SkSat_u1) → wineWineDescriptor(http://www.w3.org/TR/2003/CR-owl-guide-20030818/food#Delicate)
foodOtherTomatoBasedFoodCourse(SkSat_u1) & foodMealCourse(SkSat_u1) → wineWineFlavor(http://www.w3.org/TR/2003/CR-owl-guide-20030818/food#Moderate)
winePauillac(SkSat_u1) → wineMedoc(SkSat_u1)
foodDessertCourse(SkSat_u2) & foodhasDrink(SkSat_u2,SkSat_u1) → winehasBody(SkSat_u1,http://www.w3.org/TR/2003/CR-owl-guide-20030818/food#Full)
wineItalianWine(SkSat_u1) → wineWine(SkSat_u1)
foodNonOysterShellfishCourse(SkSat_u2) & foodhasDrink(SkSat_u2,SkSat_u1) → winehasSugar(SkSat_u1,http://www.w3.org/TR/2003/CR-owl-guide-20030818/food#Dry)
winelocatedIn(SkSat_u1,http://www.w3.org/TR/2003/CR-owl-guide-20030818/wine#ItalianRegion) & wineWine(SkSat_u1) → wineItalianWine(SkSat_u1)
wineCheninBlanc(SkSat_u1) → winehasColor(SkSat_u1,http://www.w3.org/TR/2003/CR-owl-guide-20030818/wine#White)
winemadeIntoWine(SkSat_u2,SkSat_u1) → winemadeFromGrape(SkSat_u1,SkSat_u2)
foodSeafoodCourse(SkSat_u1) → foodMealCourse(SkSat_u1)
foodLightMeatFowlCourse(SkSat_u2) & foodhasDrink(SkSat_u2,SkSat_u1) → winehasColor(SkSat_u1,http://www.w3.org/TR/2003/CR-owl-guide-20030818/food#White)
foodSweetFruitCourse(SkSat_u1) & foodMealCourse(SkSat_u1) → wineWineSugar(http://www.w3.org/TR/2003/CR-owl-guide-20030818/food#Sweet)
foodPastaWithLightCreamCourse(SkSat_u1) & foodMealCourse(SkSat_u1) → wineWineDescriptor(http://www.w3.org/TR/2003/CR-owl-guide-20030818/food#White)
foodNonRedMeatCourse(SkSat_u1) & foodMealCourse(SkSat_u1) → wineWineColor(http://www.w3.org/TR/2003/CR-owl-guide-20030818/food#White)
wineSemillon(SkSat_u1) → wineSemillonOrSauvignonBlanc(SkSat_u1)
winePort(SkSat_u1) → winehasBody(SkSat_u1,http://www.w3.org/TR/2003/CR-owl-guide-20030818/wine#Full)
foodPastaWithHeavyCreamSauce(SkSat_u1) → foodPastaWithWhiteSauce(SkSat_u1)
wineWineFlavor(SkSat_u1) → wineWineTaste(SkSat_u1)
wineStEmilion(SkSat_u1) → winelocatedIn(SkSat_u1,http://www.w3.org/TR/2003/CR-owl-guide-20030818/wine#StEmilionRegion)
foodShellfishCourse(SkSat_u1) → foodMealCourse(SkSat_u1)
foodPastaWithSpicyRedSauceCourse(SkSat_u1) & foodMealCourse(SkSat_u1) → wineWineColor(http://www.w3.org/TR/2003/CR-owl-guide-20030818/food#Red)
foodDarkMeatFowlCourse(SkSat_u1) & foodMealCourse(SkSat_u1) → wineWineFlavor(http://www.w3.org/TR/2003/CR-owl-guide-20030818/food#Delicate)
wineDryRedWine(SkSat_u1) → wineDryWine(SkSat_u1)
wineSancerre(SkSat_u1) → winelocatedIn(SkSat_u1,http://www.w3.org/TR/2003/CR-owl-guide-20030818/wine#SancerreRegion)
wineRedBurgundy(SkSat_u1) → winemadeFromGrape(SkSat_u1,http://www.w3.org/TR/2003/CR-owl-guide-20030818/wine#PinotNoirGrape)
wineRiesling(SkSat_u1) & winehasSugar(SkSat_u1,http://www.w3.org/TR/2003/CR-owl-guide-20030818/wine#Sweet) → wineSweetRiesling(SkSat_u1)
foodcourse(SkSat_u2,SkSat_u1) & foodMeal(SkSat_u2) → foodMealCourse(SkSat_u1)
wineCotesDOr(SkSat_u1) → winehasFlavor(SkSat_u1,http://www.w3.org/TR/2003/CR-owl-guide-20030818/wine#Moderate)
foodSpicyRedMeatCourse(SkSat_u2) & foodhasDrink(SkSat_u2,SkSat_u1) → winehasBody(SkSat_u1,http://www.w3.org/TR/2003/CR-owl-guide-20030818/food#Full)
winelocatedIn(SkSat_u1,http://www.w3.org/TR/2003/CR-owl-guide-20030818/wine#LoireRegion) & wineWine(SkSat_u1) → wineLoire(SkSat_u1)
foodSpicyRedMeatCourse(SkSat_u2) & foodhasDrink(SkSat_u2,SkSat_u1) → winehasSugar(SkSat_u1,http://www.w3.org/TR/2003/CR-owl-guide-20030818/food#Dry)
wineDryWine(SkSat_u1) & wineRedWine(SkSat_u1) → wineDryRedWine(SkSat_u1)
foodNonSweetFruitCourse(SkSat_u1) → foodMealCourse(SkSat_u1)
foodDarkMeatFowlCourse(SkSat_u1) & foodMealCourse(SkSat_u1) → wineWineDescriptor(http://www.w3.org/TR/2003/CR-owl-guide-20030818/food#Dry)
foodhasFood(SkSat_u2,SkSat_u1) & foodLightMeatFowlCourse(SkSat_u2) → foodLightMeatFowl(SkSat_u1)
foodDessertCourse(SkSat_u1) & foodMealCourse(SkSat_u1) → wineWineBody(http://www.w3.org/TR/2003/CR-owl-guide-20030818/food#Full)
wineDryRiesling(SkSat_u1) → winehasColor(SkSat_u1,http://www.w3.org/TR/2003/CR-owl-guide-20030818/wine#White)
foodRedMeatCourse(SkSat_u1) & foodMealCourse(SkSat_u1) → wineWineDescriptor(http://www.w3.org/TR/2003/CR-owl-guide-20030818/food#Red)
wineAnjou(SkSat_u1) → winehasFlavor(SkSat_u1,http://www.w3.org/TR/2003/CR-owl-guide-20030818/wine#Delicate)
foodSpicyRedMeatCourse(SkSat_u1) & foodMealCourse(SkSat_u1) → wineWineBody(http://www.w3.org/TR/2003/CR-owl-guide-20030818/food#Full)
winePauillac(SkSat_u1) → winehasFlavor(SkSat_u1,http://www.w3.org/TR/2003/CR-owl-guide-20030818/wine#Strong)
foodPastaWithNonSpicyRedSauceCourse(SkSat_u1) & foodMealCourse(SkSat_u1) → wineWineColor(http://www.w3.org/TR/2003/CR-owl-guide-20030818/food#Red)
foodPastaWithHeavyCreamCourse(SkSat_u1) & foodMealCourse(SkSat_u1) → wineWineDescriptor(http://www.w3.org/TR/2003/CR-owl-guide-20030818/food#Medium)
foodPastaWithHeavyCreamCourse(SkSat_u1) & foodMealCourse(SkSat_u1) → wineWineDescriptor(http://www.w3.org/TR/2003/CR-owl-guide-20030818/food#White)
wineStEmilion(SkSat_u1) → winehasFlavor(SkSat_u1,http://www.w3.org/TR/2003/CR-owl-guide-20030818/wine#Strong)
foodMealCourse(SkSat_u1) → foodMealCourse(SkSat_u1)
foodPastaWithNonSpicyRedSauceCourse(SkSat_u1) & foodMealCourse(SkSat_u1) → wineWineDescriptor(http://www.w3.org/TR/2003/CR-owl-guide-20030818/food#Dry)
foodSweetFruitCourse(SkSat_u1) & foodMealCourse(SkSat_u1) → wineWineFlavor(http://www.w3.org/TR/2003/CR-owl-guide-20030818/food#Moderate)
wineLoire(SkSat_u1) & winelocatedIn(SkSat_u1,http://www.w3.org/TR/2003/CR-owl-guide-20030818/wine#ToursRegion) → wineTours(SkSat_u1)
wineWhiteWine(SkSat_u1) & wineBurgundy(SkSat_u1) → wineWhiteBurgundy(SkSat_u1)
foodPastaWithSpicyRedSauceCourse(SkSat_u2) & foodhasDrink(SkSat_u2,SkSat_u1) → winehasFlavor(SkSat_u1,http://www.w3.org/TR/2003/CR-owl-guide-20030818/food#Strong)
wineSauterne(SkSat_u1) → winelocatedIn(SkSat_u1,http://www.w3.org/TR/2003/CR-owl-guide-20030818/wine#SauterneRegion)
wineCabernetSauvignon(SkSat_u1) → wineWine(SkSat_u1)
foodOysterShellfish(SkSat_u1) → foodShellfish(SkSat_u1)
foodNonRedMeatCourse(SkSat_u1) & foodMealCourse(SkSat_u1) → wineWineDescriptor(http://www.w3.org/TR/2003/CR-owl-guide-20030818/food#Medium)
foodmadeFromFruit(SkSat_u1,SkSat_u2) → foodConsumableThing(SkSat_u1)
wineMeursault(SkSat_u1) → winehasBody(SkSat_u1,http://www.w3.org/TR/2003/CR-owl-guide-20030818/wine#Full)
foodLightMeatFowlCourse(SkSat_u1) & foodMealCourse(SkSat_u1) → wineWineFlavor(http://www.w3.org/TR/2003/CR-owl-guide-20030818/food#Moderate)
winelocatedIn(SkSat_u1,http://www.w3.org/TR/2003/CR-owl-guide-20030818/wine#BeaujolaisRegion) & wineWine(SkSat_u1) → wineBeaujolais(SkSat_u1)
foodDarkMeatFowlCourse(SkSat_u1) & foodMealCourse(SkSat_u1) → wineWineBody(http://www.w3.org/TR/2003/CR-owl-guide-20030818/food#Light)
foodNonSpicyRedMeat(SkSat_u1) → foodRedMeat(SkSat_u1)
winelocatedIn(SkSat_u1,http://www.w3.org/TR/2003/CR-owl-guide-20030818/wine#TexasRegion) & wineWine(SkSat_u1) → wineTexasWine(SkSat_u1)
foodMeat(SkSat_u1) → foodEdibleThing(SkSat_u1)
wineCabernetFranc(SkSat_u1) → winemadeFromGrape(SkSat_u1,http://www.w3.org/TR/2003/CR-owl-guide-20030818/wine#CabernetFrancGrape)
wineDryRiesling(SkSat_u1) → winehasFlavor(SkSat_u1,http://www.w3.org/TR/2003/CR-owl-guide-20030818/wine#Delicate)
wineSweetRiesling(SkSat_u1) → winehasSugar(SkSat_u1,http://www.w3.org/TR/2003/CR-owl-guide-20030818/wine#Sweet)
foodSweetDessertCourse(SkSat_u1) → foodMealCourse(SkSat_u1)
wineAnjou(SkSat_u1) → winehasBody(SkSat_u1,http://www.w3.org/TR/2003/CR-owl-guide-20030818/wine#Light)
wineSauterne(SkSat_u1) → wineBordeaux(SkSat_u1)
wineBordeaux(SkSat_u1) → winelocatedIn(SkSat_u1,http://www.w3.org/TR/2003/CR-owl-guide-20030818/wine#BordeauxRegion)
foodhasDrink(SkSat_u2,SkSat_u1) → foodPotableLiquid(SkSat_u1)
wineDryWhiteWine(SkSat_u1) → wineDryWine(SkSat_u1)
wineSancerre(SkSat_u1) → winemadeFromGrape(SkSat_u1,http://www.w3.org/TR/2003/CR-owl-guide-20030818/wine#SauvignonBlancGrape)
foodmadeFromFruit(SkSat_u2,SkSat_u1) → foodFruit(SkSat_u1)
foodDessertCourse(SkSat_u1) & foodMealCourse(SkSat_u1) → wineWineFlavor(http://www.w3.org/TR/2003/CR-owl-guide-20030818/food#Strong)
foodJuice(SkSat_u1) → foodPotableLiquid(SkSat_u1)
foodhasFood(SkSat_u2,SkSat_u1) & foodNonOysterShellfishCourse(SkSat_u2) → foodNonOysterShellfish(SkSat_u1)
wineSauterne(SkSat_u1) → wineLateHarvest(SkSat_u1)
winemadeFromGrape(SkSat_u1,SkSat_u2) → foodmadeFromFruit(SkSat_u1,SkSat_u2)
wineadjacentRegion(SkSat_u2,SkSat_u1) → wineRegion(SkSat_u1)
foodSeafoodCourse(SkSat_u2) & foodhasDrink(SkSat_u2,SkSat_u1) → winehasColor(SkSat_u1,http://www.w3.org/TR/2003/CR-owl-guide-20030818/food#White)
wineGermanWine(SkSat_u1) → wineWine(SkSat_u1)
foodLightMeatFowlCourse(SkSat_u2) & foodhasDrink(SkSat_u2,SkSat_u1) → winehasSugar(SkSat_u1,http://www.w3.org/TR/2003/CR-owl-guide-20030818/food#Dry)
wineDryRiesling(SkSat_u1) → winehasSugar(SkSat_u1,http://www.w3.org/TR/2003/CR-owl-guide-20030818/wine#Dry)
wineLoire(SkSat_u1) → winelocatedIn(SkSat_u1,http://www.w3.org/TR/2003/CR-owl-guide-20030818/wine#LoireRegion)
wineLoire(SkSat_u1) & winelocatedIn(SkSat_u1,http://www.w3.org/TR/2003/CR-owl-guide-20030818/wine#MuscadetRegion) → wineMuscadet(SkSat_u1)
winelocatedIn(SkSat_u1,http://www.w3.org/TR/2003/CR-owl-guide-20030818/wine#AnjouRegion) & wineLoire(SkSat_u1) → wineAnjou(SkSat_u1)
wineRedTableWine(SkSat_u1) → winehasColor(SkSat_u1,http://www.w3.org/TR/2003/CR-owl-guide-20030818/wine#Red)
foodSpicyRedMeatCourse(SkSat_u1) & foodMealCourse(SkSat_u1) → wineWineDescriptor(http://www.w3.org/TR/2003/CR-owl-guide-20030818/food#Red)
wineAmericanWine(SkSat_u1) → wineWine(SkSat_u1)
foodNonSpicyRedMeatCourse(SkSat_u1) & foodMealCourse(SkSat_u1) → wineWineSugar(http://www.w3.org/TR/2003/CR-owl-guide-20030818/food#Dry)
wineDryWine(SkSat_u1) → wineWine(SkSat_u1)
winelocatedIn(SkSat_u1,http://www.w3.org/TR/2003/CR-owl-guide-20030818/wine#SancerreRegion) & wineLoire(SkSat_u1) → wineSancerre(SkSat_u1)
foodSweetFruitCourse(SkSat_u1) & foodMealCourse(SkSat_u1) → wineWineDescriptor(http://www.w3.org/TR/2003/CR-owl-guide-20030818/food#Moderate)
winehasMaker(SkSat_u2,SkSat_u1) & wineWine(SkSat_u2) → wineWinery(SkSat_u1)
foodDarkMeatFowlCourse(SkSat_u2) & foodhasDrink(SkSat_u2,SkSat_u1) → winehasBody(SkSat_u1,http://www.w3.org/TR/2003/CR-owl-guide-20030818/food#Light)
foodcourse(SkSat_u2,SkSat_u1) → foodMealCourse(SkSat_u1)
foodPastaWithLightCreamCourse(SkSat_u1) & foodMealCourse(SkSat_u1) → wineWineColor(http://www.w3.org/TR/2003/CR-owl-guide-20030818/food#White)
foodPastaWithNonSpicyRedSauceCourse(SkSat_u1) & foodMealCourse(SkSat_u1) → wineWineDescriptor(http://www.w3.org/TR/2003/CR-owl-guide-20030818/food#Medium)
wineWine(SkSat_u1) & winelocatedIn(SkSat_u1,http://www.w3.org/TR/2003/CR-owl-guide-20030818/wine#FrenchRegion) → wineFrenchWine(SkSat_u1)
wineTableWine(SkSat_u1) & winehasColor(SkSat_u1,http://www.w3.org/TR/2003/CR-owl-guide-20030818/wine#White) → wineWhiteTableWine(SkSat_u1)
winehasSugar(SkSat_u1,http://www.w3.org/TR/2003/CR-owl-guide-20030818/wine#Sweet) & wineWine(SkSat_u1) → wineSweetWine(SkSat_u1)
winehasMaker(SkSat_u2,SkSat_u1) → wineproducesWine(SkSat_u1,SkSat_u2)
winehasColor(SkSat_u1,SkSat_u2) → wineWine(SkSat_u1)
wineMargaux(SkSat_u1) → winemadeFromGrape(SkSat_u1,http://www.w3.org/TR/2003/CR-owl-guide-20030818/wine#MerlotGrape)
foodShellfishCourse(SkSat_u2) & foodhasDrink(SkSat_u2,SkSat_u1) → winehasBody(SkSat_u1,http://www.w3.org/TR/2003/CR-owl-guide-20030818/food#Full)
foodDarkMeatFowlCourse(SkSat_u1) & foodMealCourse(SkSat_u1) → wineWineColor(http://www.w3.org/TR/2003/CR-owl-guide-20030818/food#Red)
wineDryWhiteWine(SkSat_u1) → wineWhiteWine(SkSat_u1)
wineTexasWine(SkSat_u1) → wineWine(SkSat_u1)
wineFullBodiedWine(SkSat_u1) → wineWine(SkSat_u1)
foodBlandFishCourse(SkSat_u1) & foodMealCourse(SkSat_u1) → wineWineFlavor(http://www.w3.org/TR/2003/CR-owl-guide-20030818/food#Delicate)
foodhasFood(SkSat_u2,SkSat_u1) & foodSweetFruitCourse(SkSat_u2) → foodSweetFruit(SkSat_u1)
foodNonRedMeatCourse(SkSat_u1) & foodMealCourse(SkSat_u1) → wineWineBody(http://www.w3.org/TR/2003/CR-owl-guide-20030818/food#Medium)
foodhasFood(SkSat_u2,SkSat_u1) & foodSpicyRedMeatCourse(SkSat_u2) → foodSpicyRedMeat(SkSat_u1)
wineBurgundy(SkSat_u1) & wineRedWine(SkSat_u1) → wineRedBurgundy(SkSat_u1)
foodBlandFishCourse(SkSat_u2) & foodhasFood(SkSat_u2,SkSat_u1) → foodBlandFish(SkSat_u1)
foodPastaWithHeavyCreamCourse(SkSat_u1) & foodMealCourse(SkSat_u1) → wineWineSugar(http://www.w3.org/TR/2003/CR-owl-guide-20030818/food#Dry)
foodWine(SkSat_u1) → wineWine(SkSat_u1)
foodPastaWithSpicyRedSauceCourse(SkSat_u1) & foodMealCourse(SkSat_u1) → wineWineSugar(http://www.w3.org/TR/2003/CR-owl-guide-20030818/food#Dry)
winelocatedIn(SkSat_u1,http://www.w3.org/TR/2003/CR-owl-guide-20030818/wine#CaliforniaRegion) & wineWine(SkSat_u1) → wineCaliforniaWine(SkSat_u1)
wineAlsatianWine(SkSat_u1) → winelocatedIn(SkSat_u1,http://www.w3.org/TR/2003/CR-owl-guide-20030818/wine#AlsaceRegion)
foodPasta(SkSat_u1) → foodEdibleThing(SkSat_u1)
foodPastaWithSpicyRedSauceCourse(SkSat_u1) & foodMealCourse(SkSat_u1) → wineWineDescriptor(http://www.w3.org/TR/2003/CR-owl-guide-20030818/food#Strong)
wineChianti(SkSat_u1) → winemadeFromGrape(SkSat_u1,http://www.w3.org/TR/2003/CR-owl-guide-20030818/wine#SangioveseGrape)
wineCabernetFranc(SkSat_u1) → winehasFlavor(SkSat_u1,http://www.w3.org/TR/2003/CR-owl-guide-20030818/wine#Moderate)
foodEatingGrape(SkSat_u1) → foodGrape(SkSat_u1)
wineMedoc(SkSat_u1) → winehasColor(SkSat_u1,http://www.w3.org/TR/2003/CR-owl-guide-20030818/wine#Red)
foodNonSpicyRedMeatCourse(SkSat_u2) & foodhasDrink(SkSat_u2,SkSat_u1) → winehasBody(SkSat_u1,http://www.w3.org/TR/2003/CR-owl-guide-20030818/food#Medium)
foodRedMeat(SkSat_u1) → foodMeat(SkSat_u1)
foodPastaWithSpicyRedSauce(SkSat_u1) → foodPastaWithRedSauce(SkSat_u1)
wineWhiteWine(SkSat_u1) & wineLoire(SkSat_u1) → wineWhiteLoire(SkSat_u1)
wineBurgundy(SkSat_u1) → wineWine(SkSat_u1)
foodPastaWithLightCreamCourse(SkSat_u2) & foodhasDrink(SkSat_u2,SkSat_u1) → winehasColor(SkSat_u1,http://www.w3.org/TR/2003/CR-owl-guide-20030818/food#White)
foodcourse(SkSat_u1,SkSat_u2) → foodMeal(SkSat_u1)
foodPastaWithHeavyCreamCourse(SkSat_u2) & foodhasDrink(SkSat_u2,SkSat_u1) → winehasFlavor(SkSat_u1,http://www.w3.org/TR/2003/CR-owl-guide-20030818/food#Moderate)
wineSauvignonBlanc(SkSat_u1) → winemadeFromGrape(SkSat_u1,http://www.w3.org/TR/2003/CR-owl-guide-20030818/wine#SauvignonBlancGrape)
wineMuscadet(SkSat_u1) → winehasFlavor(SkSat_u1,http://www.w3.org/TR/2003/CR-owl-guide-20030818/wine#Delicate)
wineChianti(SkSat_u1) → winehasFlavor(SkSat_u1,http://www.w3.org/TR/2003/CR-owl-guide-20030818/wine#Moderate)
foodSpicyRedMeatCourse(SkSat_u1) & foodMealCourse(SkSat_u1) → wineWineDescriptor(http://www.w3.org/TR/2003/CR-owl-guide-20030818/food#Moderate)
winePauillac(SkSat_u1) → winehasBody(SkSat_u1,http://www.w3.org/TR/2003/CR-owl-guide-20030818/wine#Full)
winePinotBlanc(SkSat_u1) → winehasColor(SkSat_u1,http://www.w3.org/TR/2003/CR-owl-guide-20030818/wine#White)
foodLightMeatFowlCourse(SkSat_u1) → foodMealCourse(SkSat_u1)
wineTableWine(SkSat_u1) → winehasSugar(SkSat_u1,http://www.w3.org/TR/2003/CR-owl-guide-20030818/wine#Dry)
foodPastaWithRedSauce(SkSat_u1) → foodPasta(SkSat_u1)
wineChianti(SkSat_u1) → winelocatedIn(SkSat_u1,http://www.w3.org/TR/2003/CR-owl-guide-20030818/wine#ChiantiRegion)
wineSemillonOrSauvignonBlanc(SkSat_u1) → winehasColor(SkSat_u1,http://www.w3.org/TR/2003/CR-owl-guide-20030818/wine#White)
foodNonSpicyRedMeatCourse(SkSat_u1) → foodMealCourse(SkSat_u1)
foodFruitCourse(SkSat_u2) & foodhasFood(SkSat_u2,SkSat_u1) → foodFruit(SkSat_u1)
winehasVintageYear(SkSat_u2,SkSat_u1) → wineVintageYear(SkSat_u1)
foodOtherTomatoBasedFoodCourse(SkSat_u1) & foodMealCourse(SkSat_u1) → wineWineDescriptor(http://www.w3.org/TR/2003/CR-owl-guide-20030818/food#Red)
foodDarkMeatFowlCourse(SkSat_u1) & foodMealCourse(SkSat_u1) → wineWineDescriptor(http://www.w3.org/TR/2003/CR-owl-guide-20030818/food#Light)
winehasSugar(SkSat_u2,SkSat_u1) → wineWineSugar(SkSat_u1)
wineWine(SkSat_u1) → foodConsumableThing(SkSat_u1)
wineTableWine(SkSat_u1) & winehasColor(SkSat_u1,http://www.w3.org/TR/2003/CR-owl-guide-20030818/wine#Red) → wineRedTableWine(SkSat_u1)
winePinotBlanc(SkSat_u1) → wineWine(SkSat_u1)
wineMerlot(SkSat_u1) → winehasSugar(SkSat_u1,http://www.w3.org/TR/2003/CR-owl-guide-20030818/wine#Dry)
foodhasFood(SkSat_u2,SkSat_u1) & foodSweetDessertCourse(SkSat_u2) → foodSweetDessert(SkSat_u1)
foodBlandFishCourse(SkSat_u1) & foodMealCourse(SkSat_u1) → wineWineDescriptor(http://www.w3.org/TR/2003/CR-owl-guide-20030818/food#Delicate)
winehasSugar(SkSat_u1,http://www.w3.org/TR/2003/CR-owl-guide-20030818/wine#Dry) & wineWine(SkSat_u1) → wineDryWine(SkSat_u1)
foodhasFood(SkSat_u2,SkSat_u1) & foodCheeseNutsDessertCourse(SkSat_u2) → foodCheeseNutsDessert(SkSat_u1)
wineWineColor(SkSat_u1) → wineWineDescriptor(SkSat_u1)
wineRedBordeaux(SkSat_u1) → wineRedWine(SkSat_u1)
wineBeaujolais(SkSat_u1) → wineWine(SkSat_u1)
winePauillac(SkSat_u1) → winemadeFromGrape(SkSat_u1,http://www.w3.org/TR/2003/CR-owl-guide-20030818/wine#CabernetSauvignonGrape)
winelocatedIn(SkSat_u1,http://www.w3.org/TR/2003/CR-owl-guide-20030818/wine#MedocRegion) & wineBordeaux(SkSat_u1) → wineMedoc(SkSat_u1)
foodNonRedMeatCourse(SkSat_u1) & foodMealCourse(SkSat_u1) → wineWineFlavor(http://www.w3.org/TR/2003/CR-owl-guide-20030818/food#Strong)
wineWhiteTableWine(SkSat_u1) → winehasColor(SkSat_u1,http://www.w3.org/TR/2003/CR-owl-guide-20030818/wine#White)
wineChianti(SkSat_u1) → winehasSugar(SkSat_u1,http://www.w3.org/TR/2003/CR-owl-guide-20030818/wine#Dry)
foodNonSweetFruit(SkSat_u1) → foodFruit(SkSat_u1)
wineCabernetFranc(SkSat_u1) → winehasSugar(SkSat_u1,http://www.w3.org/TR/2003/CR-owl-guide-20030818/wine#Dry)
wineIceWine(SkSat_u1) → wineDessertWine(SkSat_u1)
wineCheninBlanc(SkSat_u1) → winemadeFromGrape(SkSat_u1,http://www.w3.org/TR/2003/CR-owl-guide-20030818/wine#CheninBlancGrape)
wineCheninBlanc(SkSat_u1) → winehasFlavor(SkSat_u1,http://www.w3.org/TR/2003/CR-owl-guide-20030818/wine#Moderate)
foodPastaWithHeavyCreamCourse(SkSat_u1) → foodMealCourse(SkSat_u1)
foodBlandFishCourse(SkSat_u2) & foodhasDrink(SkSat_u2,SkSat_u1) → winehasFlavor(SkSat_u1,http://www.w3.org/TR/2003/CR-owl-guide-20030818/food#Delicate)
foodhasFood(SkSat_u2,SkSat_u1) & foodPastaWithNonSpicyRedSauceCourse(SkSat_u2) → foodPastaWithNonSpicyRedSauce(SkSat_u1)
foodGrape(SkSat_u1) → foodSweetFruit(SkSat_u1)
winePort(SkSat_u1) → wineRedWine(SkSat_u1)
foodPastaWithSpicyRedSauceCourse(SkSat_u2) & foodhasFood(SkSat_u2,SkSat_u1) → foodPastaWithSpicyRedSauce(SkSat_u1)
foodEdibleThing(SkSat_u1) → foodConsumableThing(SkSat_u1)
foodOysterShellfishCourse(SkSat_u1) → foodMealCourse(SkSat_u1)
foodFruitCourse(SkSat_u1) & foodMealCourse(SkSat_u1) → wineWineDescriptor(http://www.w3.org/TR/2003/CR-owl-guide-20030818/food#White)
foodPastaWithSpicyRedSauceCourse(SkSat_u1) & foodMealCourse(SkSat_u1) → wineWineDescriptor(http://www.w3.org/TR/2003/CR-owl-guide-20030818/food#Full)
foodDarkMeatFowlCourse(SkSat_u1) & foodMealCourse(SkSat_u1) → wineWineDescriptor(http://www.w3.org/TR/2003/CR-owl-guide-20030818/food#Red)
foodPastaWithLightCreamCourse(SkSat_u1) & foodMealCourse(SkSat_u1) → wineWineBody(http://www.w3.org/TR/2003/CR-owl-guide-20030818/food#Light)
wineSweetRiesling(SkSat_u1) → wineRiesling(SkSat_u1)
foodFruitCourse(SkSat_u2) & foodhasDrink(SkSat_u2,SkSat_u1) → winehasColor(SkSat_u1,http://www.w3.org/TR/2003/CR-owl-guide-20030818/food#White)
foodSweetFruitCourse(SkSat_u2) & foodhasDrink(SkSat_u2,SkSat_u1) → winehasSugar(SkSat_u1,http://www.w3.org/TR/2003/CR-owl-guide-20030818/food#Sweet)
wineMuscadet(SkSat_u1) → winemadeFromGrape(SkSat_u1,http://www.w3.org/TR/2003/CR-owl-guide-20030818/wine#PinotBlancGrape)
wineWine(SkSat_u1) → foodWine(SkSat_u1)
winemadeFromGrape(SkSat_u2,SkSat_u1) → winemadeIntoWine(SkSat_u1,SkSat_u2)
foodNonRedMeatCourse(SkSat_u2) & foodhasDrink(SkSat_u2,SkSat_u1) → winehasSugar(SkSat_u1,http://www.w3.org/TR/2003/CR-owl-guide-20030818/food#Dry)
foodhasFood(SkSat_u2,SkSat_u1) & foodNonRedMeatCourse(SkSat_u2) → foodNonRedMeat(SkSat_u1)
winehasBody(SkSat_u2,SkSat_u1) → wineWineBody(SkSat_u1)
foodPastaWithSpicyRedSauceCourse(SkSat_u2) & foodhasDrink(SkSat_u2,SkSat_u1) → winehasColor(SkSat_u1,http://www.w3.org/TR/2003/CR-owl-guide-20030818/food#Red)
foodPastaWithSpicyRedSauceCourse(SkSat_u1) & foodMealCourse(SkSat_u1) → wineWineDescriptor(http://www.w3.org/TR/2003/CR-owl-guide-20030818/food#Dry)
foodSweetDessert(SkSat_u1) → foodDessert(SkSat_u1)
wineChardonnay(SkSat_u1) → winemadeFromGrape(SkSat_u1,http://www.w3.org/TR/2003/CR-owl-guide-20030818/wine#ChardonnayGrape)
winePetiteSyrah(SkSat_u1) → winehasColor(SkSat_u1,http://www.w3.org/TR/2003/CR-owl-guide-20030818/wine#Red)
foodOtherTomatoBasedFoodCourse(SkSat_u1) → foodMealCourse(SkSat_u1)
foodNonSweetFruitCourse(SkSat_u2) & foodhasFood(SkSat_u2,SkSat_u1) → foodNonSweetFruit(SkSat_u1)
wineTours(SkSat_u1) → winelocatedIn(SkSat_u1,http://www.w3.org/TR/2003/CR-owl-guide-20030818/wine#ToursRegion)
wineSweetWine(SkSat_u1) → winehasSugar(SkSat_u1,http://www.w3.org/TR/2003/CR-owl-guide-20030818/wine#Sweet)
foodOtherTomatoBasedFoodCourse(SkSat_u1) & foodMealCourse(SkSat_u1) → wineWineDescriptor(http://www.w3.org/TR/2003/CR-owl-guide-20030818/food#Moderate)
winePort(SkSat_u1) → winelocatedIn(SkSat_u1,http://www.w3.org/TR/2003/CR-owl-guide-20030818/wine#PortugalRegion)
wineZinfandel(SkSat_u1) → winehasSugar(SkSat_u1,http://www.w3.org/TR/2003/CR-owl-guide-20030818/wine#Dry)
winehasColor(SkSat_u1,SkSat_u2) → winehasWineDescriptor(SkSat_u1,SkSat_u2)
foodMeal(SkSat_u1) → foodConsumableThing(SkSat_u1)
wineCabernetSauvignon(SkSat_u1) → winehasSugar(SkSat_u1,http://www.w3.org/TR/2003/CR-owl-guide-20030818/wine#Dry)
foodMealCourse(SkSat_u1) & foodSweetDessertCourse(SkSat_u1) → wineWineDescriptor(http://www.w3.org/TR/2003/CR-owl-guide-20030818/food#White)
foodSweetFruitCourse(SkSat_u2) & foodhasDrink(SkSat_u2,SkSat_u1) → winehasFlavor(SkSat_u1,http://www.w3.org/TR/2003/CR-owl-guide-20030818/food#Moderate)
foodhasFood(SkSat_u2,SkSat_u1) & foodNonSpicyRedMeatCourse(SkSat_u2) → foodNonSpicyRedMeat(SkSat_u1)
foodNonRedMeatCourse(SkSat_u2) & foodhasDrink(SkSat_u2,SkSat_u1) → winehasColor(SkSat_u1,http://www.w3.org/TR/2003/CR-owl-guide-20030818/food#White)
foodLightMeatFowl(SkSat_u1) → foodFowl(SkSat_u1)
foodFishCourse(SkSat_u2) & foodhasDrink(SkSat_u2,SkSat_u1) → winehasBody(SkSat_u1,http://www.w3.org/TR/2003/CR-owl-guide-20030818/food#Medium)
foodFishCourse(SkSat_u1) → foodMealCourse(SkSat_u1)
wineRedBordeaux(SkSat_u1) → wineBordeaux(SkSat_u1)
foodNonSweetFruitCourse(SkSat_u1) & foodMealCourse(SkSat_u1) → wineWineDescriptor(http://www.w3.org/TR/2003/CR-owl-guide-20030818/food#OffDry)
foodhasFood(SkSat_u2,SkSat_u1) & foodDarkMeatFowlCourse(SkSat_u2) → foodDarkMeatFowl(SkSat_u1)
foodFruitCourse(SkSat_u1) & foodMealCourse(SkSat_u1) → wineWineColor(http://www.w3.org/TR/2003/CR-owl-guide-20030818/food#White)
foodPastaWithNonSpicyRedSauceCourse(SkSat_u1) & foodMealCourse(SkSat_u1) → wineWineBody(http://www.w3.org/TR/2003/CR-owl-guide-20030818/food#Medium)
wineFrenchWine(SkSat_u1) → wineWine(SkSat_u1)
winelocatedIn(SkSat_u2,SkSat_u1) → wineRegion(SkSat_u1)
foodNonRedMeatCourse(SkSat_u1) → foodMealCourse(SkSat_u1)
wineWhiteWine(SkSat_u1) & wineDryWine(SkSat_u1) → wineDryWhiteWine(SkSat_u1)
wineChardonnay(SkSat_u1) → wineWine(SkSat_u1)
wineMedoc(SkSat_u1) → winehasSugar(SkSat_u1,http://www.w3.org/TR/2003/CR-owl-guide-20030818/wine#Dry)
foodOtherTomatoBasedFoodCourse(SkSat_u1) & foodMealCourse(SkSat_u1) → wineWineSugar(http://www.w3.org/TR/2003/CR-owl-guide-20030818/food#Dry)
winehasSugar(SkSat_u1,http://www.w3.org/TR/2003/CR-owl-guide-20030818/wine#Dry) & wineWine(SkSat_u1) → wineTableWine(SkSat_u1)
wineRedTableWine(SkSat_u1) → wineTableWine(SkSat_u1)
winemadeFromGrape(SkSat_u1,SkSat_u2) → wineWine(SkSat_u1)
foodFish(SkSat_u1) → foodSeafood(SkSat_u1)
wineadjacentRegion(SkSat_u2,SkSat_u1) → wineadjacentRegion(SkSat_u1,SkSat_u2)
foodNonBlandFish(SkSat_u1) → foodFish(SkSat_u1)
wineMerlot(SkSat_u1) → winehasColor(SkSat_u1,http://www.w3.org/TR/2003/CR-owl-guide-20030818/wine#Red)
foodhasDrink(SkSat_u1,SkSat_u2) → foodMealCourse(SkSat_u1)
foodOtherTomatoBasedFoodCourse(SkSat_u2) & foodhasDrink(SkSat_u2,SkSat_u1) → winehasColor(SkSat_u1,http://www.w3.org/TR/2003/CR-owl-guide-20030818/food#Red)
wineWhiteBurgundy(SkSat_u1) → wineBurgundy(SkSat_u1)
foodPastaWithWhiteSauce(SkSat_u1) → foodPasta(SkSat_u1)
wineMeursault(SkSat_u1) → winelocatedIn(SkSat_u1,http://www.w3.org/TR/2003/CR-owl-guide-20030818/wine#MeursaultRegion)
foodSpicyRedMeatCourse(SkSat_u2) & foodhasDrink(SkSat_u2,SkSat_u1) → winehasFlavor(SkSat_u1,http://www.w3.org/TR/2003/CR-owl-guide-20030818/food#Moderate)
wineRedBurgundy(SkSat_u1) → wineRedWine(SkSat_u1)
foodDessertCourse(SkSat_u2) & foodhasDrink(SkSat_u2,SkSat_u1) → winehasSugar(SkSat_u1,http://www.w3.org/TR/2003/CR-owl-guide-20030818/food#Sweet)
foodNonOysterShellfishCourse(SkSat_u1) → foodMealCourse(SkSat_u1)
foodhasFood(SkSat_u2,SkSat_u1) & foodShellfishCourse(SkSat_u2) → foodShellfish(SkSat_u1)
foodBlandFish(SkSat_u1) → foodFish(SkSat_u1)
_S0(SkSat_u2,SkSat_u1) → wineRegion(SkSat_u1)
wineZinfandel(SkSat_u1) → winehasColor(SkSat_u1,http://www.w3.org/TR/2003/CR-owl-guide-20030818/wine#Red)
winePetiteSyrah(SkSat_u1) → wineWine(SkSat_u1)
winemadeFromGrape(SkSat_u2,SkSat_u1) → wineWineGrape(SkSat_u1)
foodNonOysterShellfishCourse(SkSat_u1) & foodMealCourse(SkSat_u1) → wineWineSugar(http://www.w3.org/TR/2003/CR-owl-guide-20030818/food#Dry)
foodNonRedMeatCourse(SkSat_u2) & foodhasDrink(SkSat_u2,SkSat_u1) → winehasBody(SkSat_u1,http://www.w3.org/TR/2003/CR-owl-guide-20030818/food#Medium)
wineFrenchWine(SkSat_u1) → winelocatedIn(SkSat_u1,http://www.w3.org/TR/2003/CR-owl-guide-20030818/wine#FrenchRegion)
wineStEmilion(SkSat_u1) → wineBordeaux(SkSat_u1)
wineGermanWine(SkSat_u1) → winelocatedIn(SkSat_u1,http://www.w3.org/TR/2003/CR-owl-guide-20030818/wine#GermanyRegion)
foodCheeseNutsDessertCourse(SkSat_u1) → foodMealCourse(SkSat_u1)
foodBlandFishCourse(SkSat_u1) → foodMealCourse(SkSat_u1)
foodSpicyRedMeatCourse(SkSat_u1) & foodMealCourse(SkSat_u1) → wineWineColor(http://www.w3.org/TR/2003/CR-owl-guide-20030818/food#Red)
wineIceWine(SkSat_u1) → winehasColor(SkSat_u1,http://www.w3.org/TR/2003/CR-owl-guide-20030818/wine#White)
wineDryRedWine(SkSat_u1) → wineRedWine(SkSat_u1)
foodDarkMeatFowlCourse(SkSat_u2) & foodhasDrink(SkSat_u2,SkSat_u1) → winehasFlavor(SkSat_u1,http://www.w3.org/TR/2003/CR-owl-guide-20030818/food#Delicate)
foodShellfishCourse(SkSat_u1) & foodMealCourse(SkSat_u1) → wineWineDescriptor(http://www.w3.org/TR/2003/CR-owl-guide-20030818/food#Full)
foodJuice(SkSat_u1) → foodConsumableThing(SkSat_u1)
wineCotesDOr(SkSat_u1) → winelocatedIn(SkSat_u1,http://www.w3.org/TR/2003/CR-owl-guide-20030818/wine#CotesDOrRegion)
foodPastaWithHeavyCreamCourse(SkSat_u2) & foodhasDrink(SkSat_u2,SkSat_u1) → winehasSugar(SkSat_u1,http://www.w3.org/TR/2003/CR-owl-guide-20030818/food#Dry)
foodPastaWithNonSpicyRedSauceCourse(SkSat_u1) & foodMealCourse(SkSat_u1) → wineWineDescriptor(http://www.w3.org/TR/2003/CR-owl-guide-20030818/food#Moderate)
foodNonSweetFruitCourse(SkSat_u1) & foodMealCourse(SkSat_u1) → wineWineFlavor(http://www.w3.org/TR/2003/CR-owl-guide-20030818/food#Delicate)
wineRedWine(SkSat_u1) & wineBordeaux(SkSat_u1) → wineRedBordeaux(SkSat_u1)
foodSpicyRedMeatCourse(SkSat_u1) & foodMealCourse(SkSat_u1) → wineWineDescriptor(http://www.w3.org/TR/2003/CR-owl-guide-20030818/food#Full)
wineMeritage(SkSat_u1) → wineWine(SkSat_u1)
foodhasFood(SkSat_u2,SkSat_u1) & foodSeafoodCourse(SkSat_u2) → foodSeafood(SkSat_u1)
foodOtherTomatoBasedFoodCourse(SkSat_u1) & foodMealCourse(SkSat_u1) → wineWineDescriptor(http://www.w3.org/TR/2003/CR-owl-guide-20030818/food#Dry)
foodNonRedMeat(SkSat_u1) → foodMeat(SkSat_u1)
foodPastaWithHeavyCreamCourse(SkSat_u2) & foodhasDrink(SkSat_u2,SkSat_u1) → winehasColor(SkSat_u1,http://www.w3.org/TR/2003/CR-owl-guide-20030818/food#White)
wineSemillonOrSauvignonBlanc(SkSat_u1) → wineWine(SkSat_u1)
wineWineTaste(SkSat_u1) → wineWineDescriptor(SkSat_u1)
foodDessertCourse(SkSat_u1) & foodMealCourse(SkSat_u1) → wineWineDescriptor(http://www.w3.org/TR/2003/CR-owl-guide-20030818/food#Full)
foodSpicyRedMeatCourse(SkSat_u1) → foodMealCourse(SkSat_u1)
foodPastaWithNonSpicyRedSauceCourse(SkSat_u1) & foodMealCourse(SkSat_u1) → wineWineDescriptor(http://www.w3.org/TR/2003/CR-owl-guide-20030818/food#Red)
foodDessertCourse(SkSat_u1) → foodMealCourse(SkSat_u1)
foodhasFood(SkSat_u2,SkSat_u1) & foodFishCourse(SkSat_u2) → foodFish(SkSat_u1)
wineStEmilion(SkSat_u1) → winehasColor(SkSat_u1,http://www.w3.org/TR/2003/CR-owl-guide-20030818/wine#Red)
wineproducesWine(SkSat_u2,SkSat_u1) → winehasMaker(SkSat_u1,SkSat_u2)
foodPastaWithNonSpicyRedSauceCourse(SkSat_u2) & foodhasDrink(SkSat_u2,SkSat_u1) → winehasBody(SkSat_u1,http://www.w3.org/TR/2003/CR-owl-guide-20030818/food#Medium)
foodMealCourse(SkSat_u1) → foodConsumableThing(SkSat_u1)
wineCabernetFranc(SkSat_u1) → winehasBody(SkSat_u1,http://www.w3.org/TR/2003/CR-owl-guide-20030818/wine#Medium)
winehasBody(SkSat_u1,SkSat_u2) → winehasWineDescriptor(SkSat_u1,SkSat_u2)
wineRedBurgundy(SkSat_u1) & winelocatedIn(SkSat_u1,http://www.w3.org/TR/2003/CR-owl-guide-20030818/wine#CotesDOrRegion) → wineCotesDOr(SkSat_u1)
foodLightMeatFowlCourse(SkSat_u1) & foodMealCourse(SkSat_u1) → wineWineDescriptor(http://www.w3.org/TR/2003/CR-owl-guide-20030818/food#Moderate)
foodPastaWithSpicyRedSauceCourse(SkSat_u2) & foodhasDrink(SkSat_u2,SkSat_u1) → winehasBody(SkSat_u1,http://www.w3.org/TR/2003/CR-owl-guide-20030818/food#Full)
wineSancerre(SkSat_u1) → winehasFlavor(SkSat_u1,http://www.w3.org/TR/2003/CR-owl-guide-20030818/wine#Delicate)
foodNonSpicyRedMeatCourse(SkSat_u1) & foodMealCourse(SkSat_u1) → wineWineDescriptor(http://www.w3.org/TR/2003/CR-owl-guide-20030818/food#Dry)
wineSweetRiesling(SkSat_u1) → wineDessertWine(SkSat_u1)
wineAmericanWine(SkSat_u1) → winelocatedIn(SkSat_u1,http://www.w3.org/TR/2003/CR-owl-guide-20030818/wine#USRegion)
foodFruitCourse(SkSat_u2) & foodhasDrink(SkSat_u2,SkSat_u1) → winehasBody(SkSat_u1,http://www.w3.org/TR/2003/CR-owl-guide-20030818/food#Medium)
wineBeaujolais(SkSat_u1) → winehasBody(SkSat_u1,http://www.w3.org/TR/2003/CR-owl-guide-20030818/wine#Light)
wineTexasWine(SkSat_u1) → winelocatedIn(SkSat_u1,http://www.w3.org/TR/2003/CR-owl-guide-20030818/wine#TexasRegion)
foodLightMeatFowlCourse(SkSat_u2) & foodhasDrink(SkSat_u2,SkSat_u1) → winehasFlavor(SkSat_u1,http://www.w3.org/TR/2003/CR-owl-guide-20030818/food#Moderate)
winelocatedIn(SkSat_u1,http://www.w3.org/TR/2003/CR-owl-guide-20030818/wine#BourgogneRegion) & wineWine(SkSat_u1) → wineBurgundy(SkSat_u1)
foodPastaWithNonSpicyRedSauce(SkSat_u1) → foodPastaWithRedSauce(SkSat_u1)
wineSemillon(SkSat_u1) → winemadeFromGrape(SkSat_u1,http://www.w3.org/TR/2003/CR-owl-guide-20030818/wine#SemillonGrape)
foodPastaWithHeavyCreamCourse(SkSat_u1) & foodMealCourse(SkSat_u1) → wineWineDescriptor(http://www.w3.org/TR/2003/CR-owl-guide-20030818/food#Dry)
wineLateHarvest(SkSat_u1) → winehasSugar(SkSat_u1,http://www.w3.org/TR/2003/CR-owl-guide-20030818/wine#Sweet)
winelocatedIn(SkSat_u1,http://www.w3.org/TR/2003/CR-owl-guide-20030818/wine#USRegion) & wineWine(SkSat_u1) → wineAmericanWine(SkSat_u1)
wineVintage(SkSat_u1) → wineVintage(SkSat_u1)
foodFruitCourse(SkSat_u1) & foodMealCourse(SkSat_u1) → wineWineDescriptor(http://www.w3.org/TR/2003/CR-owl-guide-20030818/food#Medium)
foodPastaWithLightCreamSauce(SkSat_u1) → foodPastaWithWhiteSauce(SkSat_u1)
winePinotNoir(SkSat_u1) → winemadeFromGrape(SkSat_u1,http://www.w3.org/TR/2003/CR-owl-guide-20030818/wine#PinotNoirGrape)
foodSpicyRedMeat(SkSat_u1) → foodRedMeat(SkSat_u1)
foodOtherTomatoBasedFoodCourse(SkSat_u2) & foodhasDrink(SkSat_u2,SkSat_u1) → winehasBody(SkSat_u1,http://www.w3.org/TR/2003/CR-owl-guide-20030818/food#Medium)
foodhasFood(SkSat_u2,SkSat_u1) & foodOtherTomatoBasedFoodCourse(SkSat_u2) → foodOtherTomatoBasedFood(SkSat_u1)
foodPastaWithSpicyRedSauceCourse(SkSat_u1) & foodMealCourse(SkSat_u1) → wineWineDescriptor(http://www.w3.org/TR/2003/CR-owl-guide-20030818/food#Red)
wineAlsatianWine(SkSat_u1) → wineWine(SkSat_u1)
foodPastaWithLightCreamCourse(SkSat_u1) & foodMealCourse(SkSat_u1) → wineWineFlavor(http://www.w3.org/TR/2003/CR-owl-guide-20030818/food#Delicate)
wineyearValue(SkSat_u1,SkSat_u2) → wineVintageYear(SkSat_u1)
wineEarlyHarvest(SkSat_u1) → wineWine(SkSat_u1)
wineCaliforniaWine(SkSat_u1) → wineWine(SkSat_u1)
wineSancerre(SkSat_u1) → wineLoire(SkSat_u1)
foodPastaWithLightCreamCourse(SkSat_u1) & foodMealCourse(SkSat_u1) → wineWineDescriptor(http://www.w3.org/TR/2003/CR-owl-guide-20030818/food#Light)
wineSauvignonBlanc(SkSat_u1) → wineSemillonOrSauvignonBlanc(SkSat_u1)
foodMealCourse(SkSat_u1) & foodCheeseNutsDessertCourse(SkSat_u1) → wineWineColor(http://www.w3.org/TR/2003/CR-owl-guide-20030818/food#Red)
wineDryWine(SkSat_u1) → winehasSugar(SkSat_u1,http://www.w3.org/TR/2003/CR-owl-guide-20030818/wine#Dry)
wineMeritage(SkSat_u1) → winehasColor(SkSat_u1,http://www.w3.org/TR/2003/CR-owl-guide-20030818/wine#Red)
foodNonSweetFruit(SkSat_u1) → foodEdibleThing(SkSat_u1)
wineSancerre(SkSat_u1) → winehasSugar(SkSat_u1,http://www.w3.org/TR/2003/CR-owl-guide-20030818/wine#OffDry)
wineLateHarvest(SkSat_u1) → wineWine(SkSat_u1)
foodPastaWithSpicyRedSauceCourse(SkSat_u1) & foodMealCourse(SkSat_u1) → wineWineFlavor(http://www.w3.org/TR/2003/CR-owl-guide-20030818/food#Strong)
foodNonSpicyRedMeatCourse(SkSat_u2) & foodhasDrink(SkSat_u2,SkSat_u1) → winehasColor(SkSat_u1,http://www.w3.org/TR/2003/CR-owl-guide-20030818/food#Red)
wineDryRiesling(SkSat_u1) → wineRiesling(SkSat_u1)
wineWhiteBurgundy(SkSat_u1) → winemadeFromGrape(SkSat_u1,http://www.w3.org/TR/2003/CR-owl-guide-20030818/wine#ChardonnayGrape)
winelocatedIn(SkSat_u1,http://www.w3.org/TR/2003/CR-owl-guide-20030818/wine#GermanyRegion) & wineWine(SkSat_u1) → wineGermanWine(SkSat_u1)
wineWine(SkSat_u1) → foodPotableLiquid(SkSat_u1)
foodPastaWithNonSpicyRedSauceCourse(SkSat_u2) & foodhasDrink(SkSat_u2,SkSat_u1) → winehasColor(SkSat_u1,http://www.w3.org/TR/2003/CR-owl-guide-20030818/food#Red)
winelocatedIn(SkSat_u1,http://www.w3.org/TR/2003/CR-owl-guide-20030818/wine#BordeauxRegion) & wineWine(SkSat_u1) → wineBordeaux(SkSat_u1)
foodRedMeatCourse(SkSat_u1) → foodMealCourse(SkSat_u1)
foodSpicyRedMeatCourse(SkSat_u1) & foodMealCourse(SkSat_u1) → wineWineFlavor(http://www.w3.org/TR/2003/CR-owl-guide-20030818/food#Moderate)
wineMuscadet(SkSat_u1) → winelocatedIn(SkSat_u1,http://www.w3.org/TR/2003/CR-owl-guide-20030818/wine#MuscadetRegion)
wineCabernetSauvignon(SkSat_u1) → winemadeFromGrape(SkSat_u1,http://www.w3.org/TR/2003/CR-owl-guide-20030818/wine#CabernetSauvignonGrape)
wineChianti(SkSat_u1) → wineItalianWine(SkSat_u1)
foodMealCourse(SkSat_u1) & foodSweetDessertCourse(SkSat_u1) → wineWineColor(http://www.w3.org/TR/2003/CR-owl-guide-20030818/food#White)
foodPastaWithSpicyRedSauceCourse(SkSat_u2) & foodhasDrink(SkSat_u2,SkSat_u1) → winehasSugar(SkSat_u1,http://www.w3.org/TR/2003/CR-owl-guide-20030818/food#Dry)
wineMeursault(SkSat_u1) → wineWhiteBurgundy(SkSat_u1)
foodFishCourse(SkSat_u1) & foodMealCourse(SkSat_u1) → wineWineBody(http://www.w3.org/TR/2003/CR-owl-guide-20030818/food#Medium)
foodSweetFruit(SkSat_u1) → foodFruit(SkSat_u1)
winehasFlavor(SkSat_u1,SkSat_u2) → winehasWineDescriptor(SkSat_u1,SkSat_u2)
wineWhiteWine(SkSat_u1) → wineWine(SkSat_u1)
foodFowl(SkSat_u1) → foodEdibleThing(SkSat_u1)
wineZinfandel(SkSat_u1) → wineWine(SkSat_u1)
wineWhiteNonSweetWine(SkSat_u1) → wineWhiteWine(SkSat_u1)
wineAnjou(SkSat_u1) → winelocatedIn(SkSat_u1,http://www.w3.org/TR/2003/CR-owl-guide-20030818/wine#AnjouRegion)
winelocatedIn(SkSat_u1,http://www.w3.org/TR/2003/CR-owl-guide-20030818/wine#MargauxRegion) & wineMedoc(SkSat_u1) → wineMargaux(SkSat_u1)
wineBordeaux(SkSat_u1) → wineWine(SkSat_u1)
foodRedMeatCourse(SkSat_u1) & foodMealCourse(SkSat_u1) → wineWineColor(http://www.w3.org/TR/2003/CR-owl-guide-20030818/food#Red)
=========================================
