Starting Saturation...
Executing from DLGP files
SLF4J: Failed to load class "org.slf4j.impl.StaticLoggerBinder".
SLF4J: Defaulting to no-operation (NOP) logger implementation
SLF4J: See http://www.slf4j.org/codes.html#StaticLoggerBinder for further details.
# Rules: 318; # Atoms: 0; # AtomSets: 0; # Queries: 0; # Constraints: 0
Full TGD saturation algorithm: Skolemized Sat
Running SkSat...
avr. 27, 2021 3:15:55 PM uk.ac.ox.cs.gsat.EvolveBasedSat run
INFOS: SkSat discarded rules : 0/318 = 0.000%
SkSat discarded rules : 0/318 = 0.000%
avr. 27, 2021 3:15:55 PM uk.ac.ox.cs.gsat.EvolveBasedSat run
INFOS: Subsumption method : tree_atom
avr. 27, 2021 3:15:55 PM uk.ac.ox.cs.gsat.EvolveBasedSat run
INFOS: # initial TGDs: 424 , 106
nonFullTGDs	0		fullTGDs	424			newNonFullTGDs	106		newFullTGDs	0
nonFullTGDs	100		fullTGDs	424			newNonFullTGDs	74		newFullTGDs	822
nonFullTGDs	200		fullTGDs	424			newNonFullTGDs	40		newFullTGDs	1767
nonFullTGDs	300		fullTGDs	424			newNonFullTGDs	6		newFullTGDs	2638
nonFullTGDs	318		fullTGDs	502			newNonFullTGDs	0		newFullTGDs	2756
nonFullTGDs	318		fullTGDs	598			newNonFullTGDs	0		newFullTGDs	2660
nonFullTGDs	318		fullTGDs	692			newNonFullTGDs	0		newFullTGDs	2566
nonFullTGDs	318		fullTGDs	788			newNonFullTGDs	0		newFullTGDs	2470
nonFullTGDs	318		fullTGDs	882			newNonFullTGDs	0		newFullTGDs	2376
nonFullTGDs	318		fullTGDs	975			newNonFullTGDs	0		newFullTGDs	2283
nonFullTGDs	318		fullTGDs	1071			newNonFullTGDs	0		newFullTGDs	2187
nonFullTGDs	318		fullTGDs	1168			newNonFullTGDs	0		newFullTGDs	2090
nonFullTGDs	318		fullTGDs	1262			newNonFullTGDs	0		newFullTGDs	1996
nonFullTGDs	318		fullTGDs	1359			newNonFullTGDs	0		newFullTGDs	1899
nonFullTGDs	318		fullTGDs	1457			newNonFullTGDs	0		newFullTGDs	1801
nonFullTGDs	318		fullTGDs	1552			newNonFullTGDs	0		newFullTGDs	1706
nonFullTGDs	318		fullTGDs	1649			newNonFullTGDs	0		newFullTGDs	1609
nonFullTGDs	318		fullTGDs	1748			newNonFullTGDs	0		newFullTGDs	1510
nonFullTGDs	318		fullTGDs	1842			newNonFullTGDs	0		newFullTGDs	1416
nonFullTGDs	318		fullTGDs	1936			newNonFullTGDs	0		newFullTGDs	1322
nonFullTGDs	318		fullTGDs	2034			newNonFullTGDs	0		newFullTGDs	1224
nonFullTGDs	318		fullTGDs	2128			newNonFullTGDs	0		newFullTGDs	1130
nonFullTGDs	318		fullTGDs	2219			newNonFullTGDs	0		newFullTGDs	1039
nonFullTGDs	318		fullTGDs	2315			newNonFullTGDs	0		newFullTGDs	943
nonFullTGDs	318		fullTGDs	2410			newNonFullTGDs	0		newFullTGDs	848
nonFullTGDs	318		fullTGDs	2506			newNonFullTGDs	0		newFullTGDs	752
nonFullTGDs	318		fullTGDs	2603			newNonFullTGDs	0		newFullTGDs	655
nonFullTGDs	318		fullTGDs	2699			newNonFullTGDs	0		newFullTGDs	559
nonFullTGDs	318		fullTGDs	2795			newNonFullTGDs	0		newFullTGDs	463
nonFullTGDs	318		fullTGDs	2892			newNonFullTGDs	0		newFullTGDs	366
nonFullTGDs	318		fullTGDs	2982			newNonFullTGDs	0		newFullTGDs	276
nonFullTGDs	318		fullTGDs	3077			newNonFullTGDs	0		newFullTGDs	181
nonFullTGDs	318		fullTGDs	3172			newNonFullTGDs	0		newFullTGDs	86
avr. 27, 2021 3:15:57 PM uk.ac.ox.cs.gsat.EvolveBasedSat run
INFOS: GSat total time : 1806 ms = 1.81 s
avr. 27, 2021 3:15:57 PM uk.ac.ox.cs.gsat.EvolveBasedSat run
INFOS: Subsumed elements : 138
avr. 27, 2021 3:15:57 PM uk.ac.ox.cs.gsat.EvolveBasedSat run
INFOS: Filter discarded elements : 0
avr. 27, 2021 3:15:57 PM uk.ac.ox.cs.gsat.EvolveBasedSat run
INFOS: Derived full/non full TGDs: 2972 , 212
avr. 27, 2021 3:15:57 PM uk.ac.ox.cs.gsat.EvolveBasedSat run
INFOS: ouptput full TGDs not contained in the input: 138
avr. 27, 2021 3:15:57 PM uk.ac.ox.cs.gsat.App executeAllSteps
INFOS: Rewriting completed!
Full TGD saturation: (562 dependecies)
=========================================
GOGO_0009954(SkSat_u1) & GOGO_0010589(SkSat_u1) → GOGO_0010589(SkSat_u1)
_S39(SkSat_u2,SkSat_u1) → POPO_0009029(SkSat_u1)
_S12(SkSat_u1,SkSat_u2) → OBO_RELresults_in_formation_of(SkSat_u1,SkSat_u2)
_S34(SkSat_u2,SkSat_u1) → POPO_0009046(SkSat_u1)
_S25(SkSat_u1,SkSat_u2) → OBO_RELunfolds_in(SkSat_u1,SkSat_u2)
GOGO_0048453(SkSat_u1) → GOGO_0048646(SkSat_u1)
GOGO_0032502(SkSat_u1) & GOGO_0048507(SkSat_u1) → GOGO_0048507(SkSat_u1)
GOGO_0048442(SkSat_u1) → GOGO_0032502(SkSat_u1)
GOGO_0032502(SkSat_u1) & GOGO_0048366(SkSat_u1) → GOGO_0048366(SkSat_u1)
GOGO_0048826(SkSat_u1) & GOGO_0009653(SkSat_u1) → GOGO_0048826(SkSat_u1)
GOGO_0032502(SkSat_u1) & GOGO_0010432(SkSat_u1) → GOGO_0010432(SkSat_u1)
GOGO_0009653(SkSat_u1) & OBO_RELresults_in_morphogenesis_of(SkSat_u1,SkSat_u2) & POPO_0020003(SkSat_u2) → GOGO_0048482(SkSat_u1)
GOGO_0048455(SkSat_u1) → GOGO_0048646(SkSat_u1)
GOGO_0048452(SkSat_u1) → GOGO_0048532(SkSat_u1)
GOGO_0048314(SkSat_u1) & GOGO_0007349(SkSat_u1) → GOGO_0009558(SkSat_u1)
GOGO_0022621(SkSat_u1) → GOGO_0048731(SkSat_u1)
_S10(SkSat_u1,SkSat_u2) → OBO_RELresults_in_connection_of(SkSat_u1,SkSat_u2)
GOGO_0048658(SkSat_u1) & GOGO_0032502(SkSat_u1) → GOGO_0048658(SkSat_u1)
POPO_0006085(SkSat_u2) & GOGO_0007389(SkSat_u1) & OBO_RELresults_in_specification_of(SkSat_u1,SkSat_u2) → GOGO_0010071(SkSat_u1)
POPO_0009035(SkSat_u2) & GOGO_0032502(SkSat_u1) & OBO_RELresults_in_complete_development_of(SkSat_u1,SkSat_u2) → GOGO_0010254(SkSat_u1)
POPO_0006085(SkSat_u2) & GOGO_0040007(SkSat_u1) & OBO_RELunfolds_in(SkSat_u1,SkSat_u2) → GOGO_0010449(SkSat_u1)
OBO_RELunfolds_in(SkSat_u1,SkSat_u2) & GOGO_0009887(SkSat_u1) & POPO_0009046(SkSat_u2) → GOGO_0048444(SkSat_u1)
_S56(SkSat_u1,SkSat_u2) → OBO_RELunfolds_in(SkSat_u1,SkSat_u2)
POPO_0009006(SkSat_u2) & GOGO_0032502(SkSat_u1) & OBO_RELresults_in_complete_development_of(SkSat_u1,SkSat_u2) → GOGO_0048367(SkSat_u1)
GOGO_0048479(SkSat_u1) → GOGO_0032502(SkSat_u1)
_S47(SkSat_u2,SkSat_u1) → POPO_0020108(SkSat_u1)
GOGO_0010434(SkSat_u1) → GOGO_0048646(SkSat_u1)
_S73(SkSat_u2,SkSat_u1) → POPO_0009025(SkSat_u1)
GOGO_0009908(SkSat_u1) & GOGO_0032502(SkSat_u1) → GOGO_0009908(SkSat_u1)
GOGO_0030154(SkSat_u1) & GOGO_0048533(SkSat_u1) → GOGO_0048533(SkSat_u1)
_S88(SkSat_u2,SkSat_u1) → POPO_0006204(SkSat_u1)
_S91(SkSat_u1,SkSat_u2) → OBO_RELresults_in_complete_development_of(SkSat_u1,SkSat_u2)
_S67(SkSat_u2,SkSat_u1) → POPO_0009071(SkSat_u1)
GOGO_0009954(SkSat_u1) & POPO_0009025(SkSat_u2) & OBO_RELunfolds_in(SkSat_u1,SkSat_u2) → GOGO_0010589(SkSat_u1)
GOGO_0048646(SkSat_u1) & OBO_RELresults_in_formation_of(SkSat_u1,SkSat_u2) & POPO_0009055(SkSat_u2) → GOGO_0010434(SkSat_u1)
GOGO_0048454(SkSat_u1) → GOGO_0048532(SkSat_u1)
GOGO_0010150(SkSat_u1) & GOGO_0010149(SkSat_u1) → GOGO_0010150(SkSat_u1)
GOGO_0040007(SkSat_u1) & POPO_0000029(SkSat_u2) & OBO_RELunfolds_in(SkSat_u1,SkSat_u2) → GOGO_0048768(SkSat_u1)
_S104(SkSat_u1,SkSat_u2) → OBO_RELresults_in_formation_of(SkSat_u1,SkSat_u2)
_S57(SkSat_u1,SkSat_u2) → OBO_RELresults_in_specification_of(SkSat_u1,SkSat_u2)
GOGO_0048466(SkSat_u1) → GOGO_0032502(SkSat_u1)
_S25(SkSat_u2,SkSat_u1) → POPO_0000030(SkSat_u1)
_S85(SkSat_u1,SkSat_u2) → OBO_RELresults_in_formation_of(SkSat_u1,SkSat_u2)
_S105(SkSat_u1,SkSat_u2) → OBO_RELresults_in_complete_development_of(SkSat_u1,SkSat_u2)
GOGO_0009653(SkSat_u1) & GOGO_0048654(SkSat_u1) → GOGO_0048654(SkSat_u1)
GOGO_0040007(SkSat_u1) & GOGO_0010449(SkSat_u1) → GOGO_0010449(SkSat_u1)
GOGO_0048461(SkSat_u1) → GOGO_0048532(SkSat_u1)
_S40(SkSat_u2,SkSat_u1) → POPO_0002000(SkSat_u1)
GOGO_0010022(SkSat_u1) & GOGO_0048461(SkSat_u1) → GOGO_0010582(SkSat_u1)
_S27(SkSat_u1,SkSat_u2) → OBO_RELresults_in_formation_of(SkSat_u1,SkSat_u2)
GOGO_0048532(SkSat_u1) & GOGO_0035266(SkSat_u1) → GOGO_0009933(SkSat_u1)
_S77(SkSat_u2,SkSat_u1) → POPO_0009049(SkSat_u1)
GOGO_0010223(SkSat_u1) → GOGO_0048646(SkSat_u1)
_S51(SkSat_u1,SkSat_u2) → OBO_RELresults_in_complete_development_of(SkSat_u1,SkSat_u2)
_S33(SkSat_u1,SkSat_u2) → OBO_RELresults_in_formation_of(SkSat_u1,SkSat_u2)
POPO_0009010(SkSat_u2) & GOGO_0032502(SkSat_u1) & OBO_RELresults_in_complete_development_of(SkSat_u1,SkSat_u2) → GOGO_0048316(SkSat_u1)
_S102(SkSat_u1,SkSat_u2) → OBO_RELunfolds_in(SkSat_u1,SkSat_u2)
GOGO_0048464(SkSat_u1) & GOGO_0032502(SkSat_u1) → GOGO_0048464(SkSat_u1)
_S54(SkSat_u1,SkSat_u2) → OBO_RELresults_in_complete_development_of(SkSat_u1,SkSat_u2)
GOGO_0032502(SkSat_u1) & GOGO_0048467(SkSat_u1) → GOGO_0048467(SkSat_u1)
_S20(SkSat_u1,SkSat_u2) → OBO_RELunfolds_in(SkSat_u1,SkSat_u2)
_S40(SkSat_u1,SkSat_u2) → OBO_RELresults_in_complete_development_of(SkSat_u1,SkSat_u2)
GOGO_0040007(SkSat_u1) & OBO_RELunfolds_in(SkSat_u1,SkSat_u2) & POPO_0000230(SkSat_u2) → GOGO_0010450(SkSat_u1)
POPO_0005702(SkSat_u2) & GOGO_0048646(SkSat_u1) & OBO_RELresults_in_formation_of(SkSat_u1,SkSat_u2) → GOGO_0010618(SkSat_u1)
_S19(SkSat_u2,SkSat_u1) → POPO_0009055(SkSat_u1)
GOGO_0010374(SkSat_u1) → GOGO_0032502(SkSat_u1)
_S69(SkSat_u2,SkSat_u1) → POPO_0009046(SkSat_u1)
GOGO_0048513(SkSat_u1) & GOGO_0048444(SkSat_u1) → GOGO_0048437(SkSat_u1)
_S37(SkSat_u2,SkSat_u1) → POPO_0009055(SkSat_u1)
_S29(SkSat_u1,SkSat_u2) → OBO_RELresults_in_morphogenesis_of(SkSat_u1,SkSat_u2)
GOGO_0030154(SkSat_u1) & POPO_0005423(SkSat_u2) & OBO_RELunfolds_in(SkSat_u1,SkSat_u2) → GOGO_0048761(SkSat_u1)
POPO_0009006(SkSat_u2) & GOGO_0048731(SkSat_u1) & OBO_RELunfolds_in(SkSat_u1,SkSat_u2) → GOGO_0022621(SkSat_u1)
GOGO_0022622(SkSat_u1) & GOGO_0009913(SkSat_u1) → GOGO_0010053(SkSat_u1)
_S58(SkSat_u2,SkSat_u1) → POPO_0009049(SkSat_u1)
GOGO_0048439(SkSat_u1) → GOGO_0009653(SkSat_u1)
_S54(SkSat_u2,SkSat_u1) → POPO_0009089(SkSat_u1)
POPO_0009066(SkSat_u2) & OBO_RELunfolds_in(SkSat_u1,SkSat_u2) & GOGO_0009900(SkSat_u1) → GOGO_0009901(SkSat_u1)
_S49(SkSat_u2,SkSat_u1) → POPO_0006085(SkSat_u1)
GOGO_0009653(SkSat_u1) & OBO_RELresults_in_morphogenesis_of(SkSat_u1,SkSat_u2) & POPO_0020092(SkSat_u2) → GOGO_0048314(SkSat_u1)
GOGO_0048317(SkSat_u1) → GOGO_0009653(SkSat_u1)
GOGO_0009558(SkSat_u1) & GOGO_0007349(SkSat_u1) → GOGO_0009558(SkSat_u1)
GOGO_0032502(SkSat_u1) & GOGO_0048440(SkSat_u1) → GOGO_0048440(SkSat_u1)
GOGO_0022622(SkSat_u1) & GOGO_0048731(SkSat_u1) → GOGO_0022622(SkSat_u1)
_S95(SkSat_u2,SkSat_u1) → POPO_0009005(SkSat_u1)
GOGO_0009653(SkSat_u1) & GOGO_0048439(SkSat_u1) → GOGO_0048439(SkSat_u1)
GOGO_0010451(SkSat_u1) → GOGO_0040007(SkSat_u1)
GOGO_0009562(SkSat_u1) → GOGO_0007097(SkSat_u1)
POPO_0009005(SkSat_u2) & OBO_RELunfolds_in(SkSat_u1,SkSat_u2) & GOGO_0035315(SkSat_u1) → GOGO_0048765(SkSat_u1)
GOGO_0048646(SkSat_u1) & OBO_RELresults_in_formation_of(SkSat_u1,SkSat_u2) & POPO_0009032(SkSat_u2) → GOGO_0048451(SkSat_u1)
GOGO_0048449(SkSat_u1) → GOGO_0048645(SkSat_u1)
GOGO_0048513(SkSat_u1) & OBO_RELunfolds_in(SkSat_u1,SkSat_u2) & POPO_0009046(SkSat_u2) → GOGO_0048437(SkSat_u1)
_S5(SkSat_u2,SkSat_u1) → POPO_0009032(SkSat_u1)
POPO_0009025(SkSat_u2) & GOGO_0048646(SkSat_u1) & OBO_RELresults_in_formation_of(SkSat_u1,SkSat_u2) → GOGO_0010338(SkSat_u1)
_S66(SkSat_u2,SkSat_u1) → POPO_0009046(SkSat_u1)
_S71(SkSat_u1,SkSat_u2) → OBO_RELresults_in_morphogenesis_of(SkSat_u1,SkSat_u2)
GOGO_0010375(SkSat_u1) → GOGO_0007389(SkSat_u1)
_S0(SkSat_u2,SkSat_u1) → POPO_0009029(SkSat_u1)
GOGO_0032502(SkSat_u1) & GOGO_0048367(SkSat_u1) → GOGO_0048367(SkSat_u1)
_S101(SkSat_u2,SkSat_u1) → POPO_0002000(SkSat_u1)
POPO_0000256(SkSat_u2) & oboresults_in_increased_length_of(SkSat_u1,SkSat_u2) & GOGO_0008150(SkSat_u1) → GOGO_0048767(SkSat_u1)
GOGO_0048826(SkSat_u1) → GOGO_0009653(SkSat_u1)
_S41(SkSat_u2,SkSat_u1) → POPO_0009005(SkSat_u1)
GOGO_0022622(SkSat_u1) → GOGO_0048731(SkSat_u1)
POPO_0020108(SkSat_u2) & GOGO_0032502(SkSat_u1) & OBO_RELresults_in_complete_development_of(SkSat_u1,SkSat_u2) → GOGO_0010098(SkSat_u1)
GOGO_0048532(SkSat_u1) & GOGO_0048456(SkSat_u1) → GOGO_0048456(SkSat_u1)
GOGO_0009653(SkSat_u1) & OBO_RELresults_in_morphogenesis_of(SkSat_u1,SkSat_u2) & POPO_0002000(SkSat_u2) → GOGO_0010103(SkSat_u1)
GOGO_0048507(SkSat_u1) → GOGO_0032502(SkSat_u1)
_S46(SkSat_u1,SkSat_u2) → OBO_RELresults_in_complete_development_of(SkSat_u1,SkSat_u2)
GOGO_0048646(SkSat_u1) & GOGO_0009555(SkSat_u1) → GOGO_0009555(SkSat_u1)
_S64(SkSat_u2,SkSat_u1) → POPO_0009066(SkSat_u1)
_S24(SkSat_u1,SkSat_u2) → OBO_RELresults_in_complete_development_of(SkSat_u1,SkSat_u2)
_S21(SkSat_u2,SkSat_u1) → POPO_0009030(SkSat_u1)
GOGO_0048229(SkSat_u1) → GOGO_0032502(SkSat_u1)
GOGO_0032502(SkSat_u1) & GOGO_0048829(SkSat_u1) → GOGO_0048829(SkSat_u1)
GOGO_0040007(SkSat_u1) & OBO_RELunfolds_in(SkSat_u1,SkSat_u2) & POPO_0009013(SkSat_u2) → GOGO_0035266(SkSat_u1)
_S90(SkSat_u1,SkSat_u2) → OBO_RELunfolds_in(SkSat_u1,SkSat_u2)
_S1(SkSat_u1,SkSat_u2) → OBO_RELresults_in_complete_development_of(SkSat_u1,SkSat_u2)
GOGO_0048532(SkSat_u1) & GOGO_0009933(SkSat_u1) → GOGO_0009933(SkSat_u1)
_S92(SkSat_u2,SkSat_u1) → POPO_0009025(SkSat_u1)
POPO_0009071(SkSat_u2) & GOGO_0048646(SkSat_u1) & OBO_RELresults_in_formation_of(SkSat_u1,SkSat_u2) → GOGO_0048656(SkSat_u1)
GOGO_0048646(SkSat_u1) & GOGO_0010223(SkSat_u1) → GOGO_0010223(SkSat_u1)
GOGO_0009865(SkSat_u1) → GOGO_0022610(SkSat_u1)
GOGO_0048448(SkSat_u1) → GOGO_0009653(SkSat_u1)
GOGO_0009653(SkSat_u1) & OBO_RELresults_in_morphogenesis_of(SkSat_u1,SkSat_u2) & POPO_0009006(SkSat_u2) → GOGO_0010016(SkSat_u1)
_S67(SkSat_u1,SkSat_u2) → OBO_RELresults_in_formation_of(SkSat_u1,SkSat_u2)
GOGO_0048481(SkSat_u1) → GOGO_0032502(SkSat_u1)
GOGO_0048646(SkSat_u1) & GOGO_0048462(SkSat_u1) → GOGO_0048462(SkSat_u1)
GOGO_0032502(SkSat_u1) & POPO_0009088(SkSat_u2) & OBO_RELresults_in_complete_development_of(SkSat_u1,SkSat_u2) → GOGO_0010214(SkSat_u1)
GOGO_0048653(SkSat_u1) & GOGO_0032502(SkSat_u1) → GOGO_0048653(SkSat_u1)
GOGO_0009860(SkSat_u1) & GOGO_0040007(SkSat_u1) → GOGO_0009860(SkSat_u1)
GOGO_0010434(SkSat_u1) & GOGO_0048646(SkSat_u1) → GOGO_0010434(SkSat_u1)
_S75(SkSat_u1,SkSat_u2) → OBO_RELresults_in_formation_of(SkSat_u1,SkSat_u2)
GOGO_0009558(SkSat_u1) → GOGO_0007349(SkSat_u1)
GOGO_0040007(SkSat_u1) & GOGO_0048768(SkSat_u1) → GOGO_0048768(SkSat_u1)
GOGO_0048445(SkSat_u1) & GOGO_0009653(SkSat_u1) → GOGO_0048445(SkSat_u1)
_S60(SkSat_u1,SkSat_u2) → OBO_RELunfolds_in(SkSat_u1,SkSat_u2)
GOGO_0010582(SkSat_u1) & GOGO_0048532(SkSat_u1) → GOGO_0048461(SkSat_u1)
_S39(SkSat_u1,SkSat_u2) → OBO_RELresults_in_morphogenesis_of(SkSat_u1,SkSat_u2)
GOGO_0048532(SkSat_u1) & OBO_RELunfolds_in(SkSat_u1,SkSat_u2) & POPO_0009031(SkSat_u2) → GOGO_0048454(SkSat_u1)
GOGO_0010150(SkSat_u1) → GOGO_0010149(SkSat_u1)
GOGO_0032502(SkSat_u1) & POPO_0009071(SkSat_u2) & OBO_RELresults_in_complete_development_of(SkSat_u1,SkSat_u2) → GOGO_0048658(SkSat_u1)
_S48(SkSat_u2,SkSat_u1) → POPO_0005352(SkSat_u1)
GOGO_0010449(SkSat_u1) → GOGO_0040007(SkSat_u1)
GOGO_0048281(SkSat_u1) & GOGO_0009653(SkSat_u1) → GOGO_0048281(SkSat_u1)
_S28(SkSat_u1,SkSat_u2) → OBO_RELunfolds_in(SkSat_u1,SkSat_u2)
_S95(SkSat_u1,SkSat_u2) → OBO_RELunfolds_in(SkSat_u1,SkSat_u2)
_S4(SkSat_u2,SkSat_u1) → POPO_0009031(SkSat_u1)
GOGO_0032502(SkSat_u1) & GOGO_0010374(SkSat_u1) → GOGO_0010374(SkSat_u1)
GOGO_0032502(SkSat_u1) & OBO_RELresults_in_complete_development_of(SkSat_u1,SkSat_u2) & POPO_0009030(SkSat_u2) → GOGO_0048440(SkSat_u1)
_S2(SkSat_u1,SkSat_u2) → OBO_RELunfolds_in(SkSat_u1,SkSat_u2)
GOGO_0009653(SkSat_u1) & POPO_0009025(SkSat_u2) & OBO_RELresults_in_morphogenesis_of(SkSat_u1,SkSat_u2) → GOGO_0009965(SkSat_u1)
_S3(SkSat_u2,SkSat_u1) → POPO_0009005(SkSat_u1)
POPO_0009025(SkSat_u2) & OBO_RELunfolds_in(SkSat_u1,SkSat_u2) & GOGO_0010149(SkSat_u1) → GOGO_0010150(SkSat_u1)
_S24(SkSat_u2,SkSat_u1) → POPO_0009055(SkSat_u1)
GOGO_0032502(SkSat_u1) & OBO_RELresults_in_complete_development_of(SkSat_u1,SkSat_u2) & POPO_0009059(SkSat_u2) → GOGO_0048465(SkSat_u1)
GOGO_0010053(SkSat_u1) & GOGO_0048731(SkSat_u1) → GOGO_0022622(SkSat_u1)
POPO_0002000(SkSat_u2) & GOGO_0032502(SkSat_u1) & OBO_RELresults_in_complete_development_of(SkSat_u1,SkSat_u2) → GOGO_0010374(SkSat_u1)
GOGO_0048460(SkSat_u1) → GOGO_0048646(SkSat_u1)
GOGO_0009653(SkSat_u1) & OBO_RELresults_in_morphogenesis_of(SkSat_u1,SkSat_u2) & POPO_0020030(SkSat_u2) → GOGO_0048826(SkSat_u1)
_S83(SkSat_u2,SkSat_u1) → POPO_0020092(SkSat_u1)
_S49(SkSat_u1,SkSat_u2) → OBO_RELresults_in_specification_of(SkSat_u1,SkSat_u2)
POPO_0009005(SkSat_u2) & OBO_RELunfolds_in(SkSat_u1,SkSat_u2) & GOGO_0009913(SkSat_u1) → GOGO_0010053(SkSat_u1)
_S84(SkSat_u2,SkSat_u1) → POPO_0009071(SkSat_u1)
GOGO_0009653(SkSat_u1) & OBO_RELresults_in_morphogenesis_of(SkSat_u1,SkSat_u2) & POPO_0009071(SkSat_u2) → GOGO_0048655(SkSat_u1)
_S30(SkSat_u1,SkSat_u2) → OBO_RELresults_in_formation_of(SkSat_u1,SkSat_u2)
GOGO_0048443(SkSat_u1) → GOGO_0032502(SkSat_u1)
GOGO_0048530(SkSat_u1) → GOGO_0009653(SkSat_u1)
_S42(SkSat_u2,SkSat_u1) → POPO_0020030(SkSat_u1)
_S100(SkSat_u1,SkSat_u2) → OBO_RELresults_in_complete_development_of(SkSat_u1,SkSat_u2)
POPO_0009005(SkSat_u2) & GOGO_0032502(SkSat_u1) & OBO_RELresults_in_complete_development_of(SkSat_u1,SkSat_u2) → GOGO_0048364(SkSat_u1)
GOGO_0009888(SkSat_u1) & GOGO_0010067(SkSat_u1) → GOGO_0010067(SkSat_u1)
GOGO_0009653(SkSat_u1) & OBO_RELresults_in_morphogenesis_of(SkSat_u1,SkSat_u2) & POPO_0009030(SkSat_u2) → GOGO_0048445(SkSat_u1)
_S22(SkSat_u2,SkSat_u1) → POPO_0009030(SkSat_u1)
_S7(SkSat_u1,SkSat_u2) → OBO_RELresults_in_morphogenesis_of(SkSat_u1,SkSat_u2)
GOGO_0010589(SkSat_u1) → GOGO_0009954(SkSat_u1)
_S38(SkSat_u1,SkSat_u2) → OBO_RELresults_in_morphogenesis_of(SkSat_u1,SkSat_u2)
GOGO_0032502(SkSat_u1) & GOGO_0010098(SkSat_u1) → GOGO_0010098(SkSat_u1)
GOGO_0010053(SkSat_u1) & GOGO_0009913(SkSat_u1) → GOGO_0010053(SkSat_u1)
_S74(SkSat_u1,SkSat_u2) → OBO_RELresults_in_morphogenesis_of(SkSat_u1,SkSat_u2)
GOGO_0010089(SkSat_u1) → GOGO_0009888(SkSat_u1)
GOGO_0048767(SkSat_u1) → GOGO_0008150(SkSat_u1)
GOGO_0009653(SkSat_u1) & OBO_RELresults_in_morphogenesis_of(SkSat_u1,SkSat_u2) & POPO_0009031(SkSat_u2) → GOGO_0048447(SkSat_u1)
GOGO_0048364(SkSat_u1) & GOGO_0032502(SkSat_u1) → GOGO_0048364(SkSat_u1)
GOGO_0032502(SkSat_u1) & GOGO_0048443(SkSat_u1) → GOGO_0048443(SkSat_u1)
GOGO_0040007(SkSat_u1) & GOGO_0010451(SkSat_u1) → GOGO_0010451(SkSat_u1)
GOGO_0048731(SkSat_u1) & GOGO_0022621(SkSat_u1) → GOGO_0022621(SkSat_u1)
_S36(SkSat_u2,SkSat_u1) → POPO_0009061(SkSat_u1)
_S33(SkSat_u2,SkSat_u1) → POPO_0009029(SkSat_u1)
GOGO_0048829(SkSat_u1) → GOGO_0032502(SkSat_u1)
GOGO_0010432(SkSat_u1) → GOGO_0032502(SkSat_u1)
GOGO_0048437(SkSat_u1) & GOGO_0009887(SkSat_u1) → GOGO_0048444(SkSat_u1)
_S28(SkSat_u2,SkSat_u1) → POPO_0009006(SkSat_u1)
GOGO_0009653(SkSat_u1) & GOGO_0048448(SkSat_u1) → GOGO_0048448(SkSat_u1)
GOGO_0048765(SkSat_u1) & GOGO_0035315(SkSat_u1) → GOGO_0048765(SkSat_u1)
_S44(SkSat_u2,SkSat_u1) → POPO_0009071(SkSat_u1)
GOGO_0010015(SkSat_u1) → GOGO_0009653(SkSat_u1)
_S52(SkSat_u1,SkSat_u2) → OBO_RELunfolds_in(SkSat_u1,SkSat_u2)
GOGO_0048437(SkSat_u1) → GOGO_0048513(SkSat_u1)
GOGO_0010103(SkSat_u1) → GOGO_0009653(SkSat_u1)
GOGO_0048532(SkSat_u1) & GOGO_0048452(SkSat_u1) → GOGO_0048452(SkSat_u1)
GOGO_0010582(SkSat_u1) & GOGO_0048645(SkSat_u1) → GOGO_0048449(SkSat_u1)
GOGO_0008283(SkSat_u1) & POPO_0000030(SkSat_u2) & OBO_RELunfolds_in(SkSat_u1,SkSat_u2) → GOGO_0022022(SkSat_u1)
GOGO_0009653(SkSat_u1) & GOGO_0048482(SkSat_u1) → GOGO_0048482(SkSat_u1)
_S11(SkSat_u1,SkSat_u2) → OBO_RELresults_in_complete_development_of(SkSat_u1,SkSat_u2)
GOGO_0048532(SkSat_u1) & OBO_RELunfolds_in(SkSat_u1,SkSat_u2) & POPO_0009030(SkSat_u2) → GOGO_0048463(SkSat_u1)
GOGO_0008283(SkSat_u1) & GOGO_0022022(SkSat_u1) → GOGO_0022022(SkSat_u1)
_S34(SkSat_u1,SkSat_u2) → OBO_RELunfolds_in(SkSat_u1,SkSat_u2)
GOGO_0032502(SkSat_u1) & POPO_0020123(SkSat_u2) & OBO_RELresults_in_complete_development_of(SkSat_u1,SkSat_u2) → GOGO_0048829(SkSat_u1)
_S97(SkSat_u2,SkSat_u1) → POPO_0020123(SkSat_u1)
GOGO_0009888(SkSat_u1) & POPO_0005417(SkSat_u2) & OBO_RELresults_in_complete_development_of(SkSat_u1,SkSat_u2) → GOGO_0010088(SkSat_u1)
POPO_0009029(SkSat_u2) & GOGO_0009653(SkSat_u1) & OBO_RELresults_in_morphogenesis_of(SkSat_u1,SkSat_u2) → GOGO_0048448(SkSat_u1)
_S97(SkSat_u1,SkSat_u2) → OBO_RELresults_in_complete_development_of(SkSat_u1,SkSat_u2)
GOGO_0048480(SkSat_u1) → GOGO_0032502(SkSat_u1)
_S6(SkSat_u1,SkSat_u2) → OBO_RELresults_in_morphogenesis_of(SkSat_u1,SkSat_u2)
GOGO_0022610(SkSat_u1) & OBO_RELresults_in_connection_of(SkSat_u1,SkSat_u2) & POPO_0006345(SkSat_u2) → GOGO_0009865(SkSat_u1)
GOGO_0048463(SkSat_u1) → GOGO_0048532(SkSat_u1)
GOGO_0010376(SkSat_u1) → GOGO_0048646(SkSat_u1)
GOGO_0009653(SkSat_u1) & GOGO_0048317(SkSat_u1) → GOGO_0048317(SkSat_u1)
GOGO_0010450(SkSat_u1) → GOGO_0040007(SkSat_u1)
_S62(SkSat_u1,SkSat_u2) → OBO_RELresults_in_morphogenesis_of(SkSat_u1,SkSat_u2)
GOGO_0010376(SkSat_u1) & GOGO_0048646(SkSat_u1) → GOGO_0010376(SkSat_u1)
GOGO_0010450(SkSat_u1) & GOGO_0040007(SkSat_u1) → GOGO_0010450(SkSat_u1)
GOGO_0048482(SkSat_u1) → GOGO_0009653(SkSat_u1)
_S43(SkSat_u1,SkSat_u2) → OBO_RELresults_in_morphogenesis_of(SkSat_u1,SkSat_u2)
_S11(SkSat_u2,SkSat_u1) → POPO_0009005(SkSat_u1)
GOGO_0032502(SkSat_u1) & GOGO_0009960(SkSat_u1) → GOGO_0009960(SkSat_u1)
_S45(SkSat_u1,SkSat_u2) → OBO_RELunfolds_in(SkSat_u1,SkSat_u2)
_S65(SkSat_u1,SkSat_u2) → OBO_RELresults_in_formation_of(SkSat_u1,SkSat_u2)
GOGO_0048441(SkSat_u1) & GOGO_0032502(SkSat_u1) → GOGO_0048441(SkSat_u1)
_S96(SkSat_u2,SkSat_u1) → POPO_0009088(SkSat_u1)
GOGO_0048281(SkSat_u1) → GOGO_0009653(SkSat_u1)
GOGO_0048465(SkSat_u1) & GOGO_0032502(SkSat_u1) → GOGO_0048465(SkSat_u1)
GOGO_0048646(SkSat_u1) & GOGO_0048451(SkSat_u1) → GOGO_0048451(SkSat_u1)
GOGO_0009900(SkSat_u1) & GOGO_0009901(SkSat_u1) → GOGO_0009901(SkSat_u1)
GOGO_0048761(SkSat_u1) → GOGO_0030154(SkSat_u1)
GOGO_0032502(SkSat_u1) & OBO_RELresults_in_complete_development_of(SkSat_u1,SkSat_u2) & POPO_0009001(SkSat_u2) → GOGO_0010154(SkSat_u1)
GOGO_0032502(SkSat_u1) & POPO_0006345(SkSat_u2) & OBO_RELresults_in_complete_development_of(SkSat_u1,SkSat_u2) → GOGO_0048868(SkSat_u1)
_S102(SkSat_u2,SkSat_u1) → POPO_0009032(SkSat_u1)
_S98(SkSat_u2,SkSat_u1) → POPO_0000016(SkSat_u1)
OBO_RELunfolds_in(SkSat_u1,SkSat_u2) & POPO_0020092(SkSat_u2) & GOGO_0007097(SkSat_u1) → GOGO_0009562(SkSat_u1)
_S8(SkSat_u1,SkSat_u2) → OBO_RELresults_in_morphogenesis_of(SkSat_u1,SkSat_u2)
GOGO_0048367(SkSat_u1) → GOGO_0032502(SkSat_u1)
GOGO_0009653(SkSat_u1) & OBO_RELresults_in_morphogenesis_of(SkSat_u1,SkSat_u2) & POPO_0009001(SkSat_u2) → GOGO_0048530(SkSat_u1)
GOGO_0048646(SkSat_u1) & GOGO_0048460(SkSat_u1) → GOGO_0048460(SkSat_u1)
GOGO_0048479(SkSat_u1) & GOGO_0032502(SkSat_u1) → GOGO_0048479(SkSat_u1)
GOGO_0048532(SkSat_u1) & GOGO_0048461(SkSat_u1) → GOGO_0048461(SkSat_u1)
GOGO_0010098(SkSat_u1) → GOGO_0032502(SkSat_u1)
GOGO_0048513(SkSat_u1) & GOGO_0048449(SkSat_u1) → GOGO_0048437(SkSat_u1)
GOGO_0010375(SkSat_u1) & GOGO_0007389(SkSat_u1) → GOGO_0010375(SkSat_u1)
GOGO_0030154(SkSat_u1) & GOGO_0048759(SkSat_u1) → GOGO_0048759(SkSat_u1)
GOGO_0048646(SkSat_u1) & GOGO_0010346(SkSat_u1) → GOGO_0010346(SkSat_u1)
_S26(SkSat_u1,SkSat_u2) → OBO_RELresults_in_complete_development_of(SkSat_u1,SkSat_u2)
GOGO_0009653(SkSat_u1) & GOGO_0048314(SkSat_u1) → GOGO_0048314(SkSat_u1)
_S37(SkSat_u1,SkSat_u2) → OBO_RELresults_in_formation_of(SkSat_u1,SkSat_u2)
_S96(SkSat_u1,SkSat_u2) → OBO_RELresults_in_complete_development_of(SkSat_u1,SkSat_u2)
GOGO_0048462(SkSat_u1) → GOGO_0048646(SkSat_u1)
GOGO_0048444(SkSat_u1) & GOGO_0009887(SkSat_u1) → GOGO_0048444(SkSat_u1)
GOGO_0048645(SkSat_u1) & GOGO_0048461(SkSat_u1) → GOGO_0048449(SkSat_u1)
_S47(SkSat_u1,SkSat_u2) → OBO_RELresults_in_complete_development_of(SkSat_u1,SkSat_u2)
GOGO_0040007(SkSat_u1) & GOGO_0009933(SkSat_u1) → GOGO_0035266(SkSat_u1)
_S101(SkSat_u1,SkSat_u2) → OBO_RELresults_in_formation_of(SkSat_u1,SkSat_u2)
GOGO_0010229(SkSat_u1) → GOGO_0032502(SkSat_u1)
POPO_0009029(SkSat_u2) & GOGO_0048532(SkSat_u1) & OBO_RELunfolds_in(SkSat_u1,SkSat_u2) → GOGO_0048456(SkSat_u1)
GOGO_0032502(SkSat_u1) & POPO_0009073(SkSat_u2) & OBO_RELresults_in_complete_development_of(SkSat_u1,SkSat_u2) → GOGO_0048480(SkSat_u1)
_S82(SkSat_u2,SkSat_u1) → POPO_0009010(SkSat_u1)
_S20(SkSat_u2,SkSat_u1) → POPO_0000229(SkSat_u1)
GOGO_0048481(SkSat_u1) & GOGO_0032502(SkSat_u1) → GOGO_0048481(SkSat_u1)
POPO_0009005(SkSat_u2) & GOGO_0048731(SkSat_u1) & OBO_RELunfolds_in(SkSat_u1,SkSat_u2) → GOGO_0022622(SkSat_u1)
_S82(SkSat_u1,SkSat_u2) → OBO_RELresults_in_complete_development_of(SkSat_u1,SkSat_u2)
GOGO_0048656(SkSat_u1) → GOGO_0048646(SkSat_u1)
_S55(SkSat_u2,SkSat_u1) → POPO_0020025(SkSat_u1)
GOGO_0009653(SkSat_u1) & GOGO_0009965(SkSat_u1) → GOGO_0009965(SkSat_u1)
GOGO_0009653(SkSat_u1) & OBO_RELresults_in_morphogenesis_of(SkSat_u1,SkSat_u2) & POPO_0009055(SkSat_u2) → GOGO_0010433(SkSat_u1)
_S94(SkSat_u1,SkSat_u2) → OBO_RELresults_in_formation_of(SkSat_u1,SkSat_u2)
_S70(SkSat_u2,SkSat_u1) → POPO_0020102(SkSat_u1)
GOGO_0010582(SkSat_u1) & GOGO_0010022(SkSat_u1) → GOGO_0010582(SkSat_u1)
_S104(SkSat_u2,SkSat_u1) → POPO_0006343(SkSat_u1)
_S50(SkSat_u1,SkSat_u2) → OBO_RELresults_in_morphogenesis_of(SkSat_u1,SkSat_u2)
GOGO_0048656(SkSat_u1) & GOGO_0048646(SkSat_u1) → GOGO_0048656(SkSat_u1)
GOGO_0048765(SkSat_u1) → GOGO_0035315(SkSat_u1)
GOGO_0048868(SkSat_u1) → GOGO_0032502(SkSat_u1)
GOGO_0048364(SkSat_u1) → GOGO_0032502(SkSat_u1)
_S14(SkSat_u1,SkSat_u2) → OBO_RELresults_in_formation_of(SkSat_u1,SkSat_u2)
_S63(SkSat_u1,SkSat_u2) → OBO_RELresults_in_morphogenesis_of(SkSat_u1,SkSat_u2)
GOGO_0009653(SkSat_u1) & GOGO_0048530(SkSat_u1) → GOGO_0048530(SkSat_u1)
GOGO_0048532(SkSat_u1) & GOGO_0048454(SkSat_u1) → GOGO_0048454(SkSat_u1)
_S13(SkSat_u2,SkSat_u1) → POPO_0000029(SkSat_u1)
GOGO_0009860(SkSat_u1) → GOGO_0040007(SkSat_u1)
_S23(SkSat_u2,SkSat_u1) → POPO_0009031(SkSat_u1)
GOGO_0009653(SkSat_u1) & GOGO_0048655(SkSat_u1) → GOGO_0048655(SkSat_u1)
GOGO_0010088(SkSat_u1) → GOGO_0009888(SkSat_u1)
GOGO_0021700(SkSat_u1) & GOGO_0010431(SkSat_u1) → GOGO_0010431(SkSat_u1)
_S65(SkSat_u2,SkSat_u1) → POPO_0005702(SkSat_u1)
_S4(SkSat_u1,SkSat_u2) → OBO_RELunfolds_in(SkSat_u1,SkSat_u2)
GOGO_0010311(SkSat_u1) → GOGO_0048646(SkSat_u1)
GOGO_0040007(SkSat_u1) & OBO_RELunfolds_in(SkSat_u1,SkSat_u2) & POPO_0000229(SkSat_u2) → GOGO_0010451(SkSat_u1)
GOGO_0009653(SkSat_u1) & GOGO_0010016(SkSat_u1) → GOGO_0010016(SkSat_u1)
GOGO_0010433(SkSat_u1) → GOGO_0009653(SkSat_u1)
_S18(SkSat_u2,SkSat_u1) → POPO_0009010(SkSat_u1)
GOGO_0032502(SkSat_u1) & POPO_0020003(SkSat_u2) & OBO_RELresults_in_complete_development_of(SkSat_u1,SkSat_u2) → GOGO_0048481(SkSat_u1)
GOGO_0048655(SkSat_u1) → GOGO_0009653(SkSat_u1)
GOGO_0010016(SkSat_u1) → GOGO_0009653(SkSat_u1)
GOGO_0048437(SkSat_u1) & GOGO_0010022(SkSat_u1) → GOGO_0010582(SkSat_u1)
POPO_0009013(SkSat_u2) & GOGO_0032502(SkSat_u1) & OBO_RELresults_in_complete_development_of(SkSat_u1,SkSat_u2) → GOGO_0048507(SkSat_u1)
GOGO_0032502(SkSat_u1) & POPO_0009060(SkSat_u2) & OBO_RELresults_in_complete_development_of(SkSat_u1,SkSat_u2) → GOGO_0048464(SkSat_u1)
GOGO_0009888(SkSat_u1) & POPO_0006074(SkSat_u2) & OBO_RELresults_in_complete_development_of(SkSat_u1,SkSat_u2) → GOGO_0010067(SkSat_u1)
GOGO_0048445(SkSat_u1) → GOGO_0009653(SkSat_u1)
GOGO_0009555(SkSat_u1) → GOGO_0048646(SkSat_u1)
GOGO_0048532(SkSat_u1) & OBO_RELunfolds_in(SkSat_u1,SkSat_u2) & POPO_0009032(SkSat_u2) → GOGO_0048452(SkSat_u1)
_S41(SkSat_u1,SkSat_u2) → OBO_RELunfolds_in(SkSat_u1,SkSat_u2)
GOGO_0010022(SkSat_u1) & GOGO_0048449(SkSat_u1) → GOGO_0010582(SkSat_u1)
GOGO_0010022(SkSat_u1) & GOGO_0048444(SkSat_u1) → GOGO_0010582(SkSat_u1)
GOGO_0048440(SkSat_u1) → GOGO_0032502(SkSat_u1)
GOGO_0009653(SkSat_u1) & OBO_RELresults_in_morphogenesis_of(SkSat_u1,SkSat_u2) & POPO_0009066(SkSat_u2) → GOGO_0048654(SkSat_u1)
_S80(SkSat_u1,SkSat_u2) → OBO_RELunfolds_in(SkSat_u1,SkSat_u2)
GOGO_0048447(SkSat_u1) & GOGO_0009653(SkSat_u1) → GOGO_0048447(SkSat_u1)
GOGO_0048532(SkSat_u1) & GOGO_0048449(SkSat_u1) → GOGO_0048461(SkSat_u1)
GOGO_0009653(SkSat_u1) & OBO_RELresults_in_morphogenesis_of(SkSat_u1,SkSat_u2) & POPO_0009049(SkSat_u2) → GOGO_0048281(SkSat_u1)
GOGO_0048446(SkSat_u1) → GOGO_0009653(SkSat_u1)
OBO_RELresults_in_morphogenesis_of(SkSat_u1,SkSat_u2) & POPO_0020092(SkSat_u2) & GOGO_0007349(SkSat_u1) → GOGO_0009558(SkSat_u1)
GOGO_0009653(SkSat_u1) & GOGO_0009558(SkSat_u1) → GOGO_0048314(SkSat_u1)
_S23(SkSat_u1,SkSat_u2) → OBO_RELresults_in_complete_development_of(SkSat_u1,SkSat_u2)
GOGO_0009562(SkSat_u1) & GOGO_0007097(SkSat_u1) → GOGO_0009562(SkSat_u1)
GOGO_0032502(SkSat_u1) & POPO_0009031(SkSat_u2) & OBO_RELresults_in_complete_development_of(SkSat_u1,SkSat_u2) → GOGO_0048442(SkSat_u1)
POPO_0009010(SkSat_u2) & OBO_RELresults_in_developmental_progression_of(SkSat_u1,SkSat_u2) & GOGO_0021700(SkSat_u1) → GOGO_0010431(SkSat_u1)
_S42(SkSat_u1,SkSat_u2) → OBO_RELresults_in_complete_development_of(SkSat_u1,SkSat_u2)
GOGO_0048654(SkSat_u1) → GOGO_0009653(SkSat_u1)
GOGO_0048513(SkSat_u1) & GOGO_0048461(SkSat_u1) → GOGO_0048437(SkSat_u1)
GOGO_0048444(SkSat_u1) → GOGO_0009887(SkSat_u1)
POPO_0009089(SkSat_u2) & OBO_RELunfolds_in(SkSat_u1,SkSat_u2) & GOGO_0007349(SkSat_u1) → GOGO_0010342(SkSat_u1)
GOGO_0032502(SkSat_u1) & GOGO_0048442(SkSat_u1) → GOGO_0048442(SkSat_u1)
GOGO_0009653(SkSat_u1) & OBO_RELresults_in_morphogenesis_of(SkSat_u1,SkSat_u2) & POPO_0009046(SkSat_u2) → GOGO_0048439(SkSat_u1)
POPO_0009025(SkSat_u2) & GOGO_0032502(SkSat_u1) & OBO_RELresults_in_complete_development_of(SkSat_u1,SkSat_u2) → GOGO_0048366(SkSat_u1)
_S68(SkSat_u1,SkSat_u2) → OBO_RELresults_in_complete_development_of(SkSat_u1,SkSat_u2)
POPO_0009089(SkSat_u2) & GOGO_0032502(SkSat_u1) & OBO_RELresults_in_complete_development_of(SkSat_u1,SkSat_u2) → GOGO_0009960(SkSat_u1)
GOGO_0032502(SkSat_u1) & OBO_RELresults_in_complete_development_of(SkSat_u1,SkSat_u2) & POPO_0009049(SkSat_u2) → GOGO_0010229(SkSat_u1)
GOGO_0035266(SkSat_u1) → GOGO_0040007(SkSat_u1)
POPO_0009029(SkSat_u2) & GOGO_0032502(SkSat_u1) & OBO_RELresults_in_complete_development_of(SkSat_u1,SkSat_u2) → GOGO_0048443(SkSat_u1)
GOGO_0048827(SkSat_u1) & GOGO_0032502(SkSat_u1) → GOGO_0048827(SkSat_u1)
GOGO_0010053(SkSat_u1) → GOGO_0009913(SkSat_u1)
GOGO_0048646(SkSat_u1) & GOGO_0048455(SkSat_u1) → GOGO_0048455(SkSat_u1)
POPO_0009004(SkSat_u2) & GOGO_0032502(SkSat_u1) & OBO_RELresults_in_complete_development_of(SkSat_u1,SkSat_u2) → GOGO_0048229(SkSat_u1)
_S53(SkSat_u2,SkSat_u1) → POPO_0009074(SkSat_u1)
GOGO_0032502(SkSat_u1) & OBO_RELresults_in_complete_development_of(SkSat_u1,SkSat_u2) & POPO_0009055(SkSat_u2) → GOGO_0010432(SkSat_u1)
GOGO_0040007(SkSat_u1) & GOGO_0035266(SkSat_u1) → GOGO_0035266(SkSat_u1)
GOGO_0048646(SkSat_u1) & OBO_RELresults_in_formation_of(SkSat_u1,SkSat_u2) & POPO_0009031(SkSat_u2) → GOGO_0048453(SkSat_u1)
GOGO_0022622(SkSat_u1) & GOGO_0035315(SkSat_u1) → GOGO_0048765(SkSat_u1)
GOGO_0048825(SkSat_u1) → GOGO_0032502(SkSat_u1)
_S52(SkSat_u2,SkSat_u1) → POPO_0005423(SkSat_u1)
GOGO_0048765(SkSat_u1) & GOGO_0009913(SkSat_u1) → GOGO_0010053(SkSat_u1)
GOGO_0048532(SkSat_u1) & GOGO_0048437(SkSat_u1) → GOGO_0048461(SkSat_u1)
_S38(SkSat_u2,SkSat_u1) → POPO_0009005(SkSat_u1)
GOGO_0048447(SkSat_u1) → GOGO_0009653(SkSat_u1)
GOGO_0048765(SkSat_u1) & GOGO_0048731(SkSat_u1) → GOGO_0022622(SkSat_u1)
GOGO_0009888(SkSat_u1) & OBO_RELresults_in_complete_development_of(SkSat_u1,SkSat_u2) & POPO_0005352(SkSat_u2) → GOGO_0010089(SkSat_u1)
GOGO_0032502(SkSat_u1) & OBO_RELresults_in_complete_development_of(SkSat_u1,SkSat_u2) & POPO_0000016(SkSat_u2) → GOGO_0010386(SkSat_u1)
GOGO_0010071(SkSat_u1) & GOGO_0007389(SkSat_u1) → GOGO_0010071(SkSat_u1)
_S91(SkSat_u2,SkSat_u1) → POPO_0009066(SkSat_u1)
GOGO_0048513(SkSat_u1) & GOGO_0010582(SkSat_u1) → GOGO_0048437(SkSat_u1)
GOGO_0048533(SkSat_u1) → GOGO_0030154(SkSat_u1)
GOGO_0010254(SkSat_u1) → GOGO_0032502(SkSat_u1)
GOGO_0009908(SkSat_u1) → GOGO_0032502(SkSat_u1)
GOGO_0009653(SkSat_u1) & POPO_0009005(SkSat_u2) & OBO_RELresults_in_morphogenesis_of(SkSat_u1,SkSat_u2) → GOGO_0010015(SkSat_u1)
GOGO_0022610(SkSat_u1) & GOGO_0009865(SkSat_u1) → GOGO_0009865(SkSat_u1)
GOGO_0010311(SkSat_u1) & GOGO_0048646(SkSat_u1) → GOGO_0010311(SkSat_u1)
_S75(SkSat_u2,SkSat_u1) → POPO_0009006(SkSat_u1)
_S84(SkSat_u1,SkSat_u2) → OBO_RELresults_in_complete_development_of(SkSat_u1,SkSat_u2)
_S68(SkSat_u2,SkSat_u1) → POPO_0006345(SkSat_u1)
_S61(SkSat_u2,SkSat_u1) → POPO_0009025(SkSat_u1)
GOGO_0010582(SkSat_u1) → GOGO_0010022(SkSat_u1)
_S81(SkSat_u2,SkSat_u1) → POPO_0009059(SkSat_u1)
GOGO_0009653(SkSat_u1) & GOGO_0048446(SkSat_u1) → GOGO_0048446(SkSat_u1)
_S87(SkSat_u2,SkSat_u1) → POPO_0006345(SkSat_u1)
_S61(SkSat_u1,SkSat_u2) → OBO_RELunfolds_in(SkSat_u1,SkSat_u2)
_S1(SkSat_u2,SkSat_u1) → POPO_0006074(SkSat_u1)
_S77(SkSat_u1,SkSat_u2) → OBO_RELresults_in_morphogenesis_of(SkSat_u1,SkSat_u2)
_S79(SkSat_u1,SkSat_u2) → OBO_RELresults_in_complete_development_of(SkSat_u1,SkSat_u2)
GOGO_0009653(SkSat_u1) & GOGO_0010433(SkSat_u1) → GOGO_0010433(SkSat_u1)
GOGO_0030154(SkSat_u1) & OBO_RELunfolds_in(SkSat_u1,SkSat_u2) & POPO_0006204(SkSat_u2) → GOGO_0048533(SkSat_u1)
_S79(SkSat_u2,SkSat_u1) → POPO_0009006(SkSat_u1)
_S72(SkSat_u2,SkSat_u1) → POPO_0009060(SkSat_u1)
_S15(SkSat_u2,SkSat_u1) → POPO_0009035(SkSat_u1)
GOGO_0032502(SkSat_u1) & GOGO_0048825(SkSat_u1) → GOGO_0048825(SkSat_u1)
_S69(SkSat_u1,SkSat_u2) → OBO_RELunfolds_in(SkSat_u1,SkSat_u2)
_S76(SkSat_u2,SkSat_u1) → POPO_0009001(SkSat_u1)
GOGO_0030154(SkSat_u1) & OBO_RELunfolds_in(SkSat_u1,SkSat_u2) & POPO_0002003(SkSat_u2) → GOGO_0048759(SkSat_u1)
_S44(SkSat_u1,SkSat_u2) → OBO_RELresults_in_morphogenesis_of(SkSat_u1,SkSat_u2)
GOGO_0010071(SkSat_u1) → GOGO_0007389(SkSat_u1)
_S89(SkSat_u1,SkSat_u2) → OBO_RELunfolds_in(SkSat_u1,SkSat_u2)
GOGO_0048646(SkSat_u1) & GOGO_0048453(SkSat_u1) → GOGO_0048453(SkSat_u1)
_S10(SkSat_u2,SkSat_u1) → POPO_0006345(SkSat_u1)
GOGO_0048646(SkSat_u1) & OBO_RELresults_in_formation_of(SkSat_u1,SkSat_u2) & POPO_0020121(SkSat_u2) → GOGO_0010311(SkSat_u1)
_S31(SkSat_u2,SkSat_u1) → POPO_0000256(SkSat_u1)
_S18(SkSat_u1,SkSat_u2) → OBO_RELresults_in_morphogenesis_of(SkSat_u1,SkSat_u2)
GOGO_0048466(SkSat_u1) & GOGO_0032502(SkSat_u1) → GOGO_0048466(SkSat_u1)
GOGO_0032502(SkSat_u1) & GOGO_0010229(SkSat_u1) → GOGO_0010229(SkSat_u1)
GOGO_0010053(SkSat_u1) & GOGO_0035315(SkSat_u1) → GOGO_0048765(SkSat_u1)
GOGO_0048464(SkSat_u1) → GOGO_0032502(SkSat_u1)
_S99(SkSat_u1,SkSat_u2) → OBO_RELresults_in_formation_of(SkSat_u1,SkSat_u2)
_S93(SkSat_u2,SkSat_u1) → POPO_0000230(SkSat_u1)
GOGO_0048314(SkSat_u1) → GOGO_0009653(SkSat_u1)
_S59(SkSat_u1,SkSat_u2) → OBO_RELresults_in_complete_development_of(SkSat_u1,SkSat_u2)
GOGO_0010338(SkSat_u1) → GOGO_0048646(SkSat_u1)
GOGO_0010342(SkSat_u1) → GOGO_0007349(SkSat_u1)
GOGO_0010582(SkSat_u1) & GOGO_0009887(SkSat_u1) → GOGO_0048444(SkSat_u1)
_S43(SkSat_u2,SkSat_u1) → POPO_0009001(SkSat_u1)
_S90(SkSat_u2,SkSat_u1) → POPO_0006085(SkSat_u1)
GOGO_0048441(SkSat_u1) → GOGO_0032502(SkSat_u1)
GOGO_0009888(SkSat_u1) & GOGO_0010068(SkSat_u1) → GOGO_0010068(SkSat_u1)
GOGO_0010618(SkSat_u1) → GOGO_0048646(SkSat_u1)
GOGO_0048451(SkSat_u1) → GOGO_0048646(SkSat_u1)
GOGO_0032502(SkSat_u1) & POPO_0009032(SkSat_u2) & OBO_RELresults_in_complete_development_of(SkSat_u1,SkSat_u2) → GOGO_0048441(SkSat_u1)
GOGO_0032502(SkSat_u1) & GOGO_0048229(SkSat_u1) → GOGO_0048229(SkSat_u1)
GOGO_0032502(SkSat_u1) & GOGO_0010214(SkSat_u1) → GOGO_0010214(SkSat_u1)
_S26(SkSat_u2,SkSat_u1) → POPO_0009004(SkSat_u1)
GOGO_0010346(SkSat_u1) → GOGO_0048646(SkSat_u1)
_S100(SkSat_u2,SkSat_u1) → POPO_0009046(SkSat_u1)
_S74(SkSat_u2,SkSat_u1) → POPO_0020030(SkSat_u1)
_S60(SkSat_u2,SkSat_u1) → POPO_0009029(SkSat_u1)
GOGO_0048646(SkSat_u1) & GOGO_0010338(SkSat_u1) → GOGO_0010338(SkSat_u1)
GOGO_0010500(SkSat_u1) → GOGO_0032502(SkSat_u1)
POPO_0009006(SkSat_u2) & GOGO_0048646(SkSat_u1) & OBO_RELresults_in_formation_of(SkSat_u1,SkSat_u2) → GOGO_0010346(SkSat_u1)
GOGO_0048465(SkSat_u1) → GOGO_0032502(SkSat_u1)
_S3(SkSat_u1,SkSat_u2) → OBO_RELunfolds_in(SkSat_u1,SkSat_u2)
_S17(SkSat_u1,SkSat_u2) → OBO_RELresults_in_complete_development_of(SkSat_u1,SkSat_u2)
_S56(SkSat_u2,SkSat_u1) → POPO_0009025(SkSat_u1)
_S53(SkSat_u1,SkSat_u2) → OBO_RELresults_in_complete_development_of(SkSat_u1,SkSat_u2)
GOGO_0048646(SkSat_u1) & OBO_RELresults_in_formation_of(SkSat_u1,SkSat_u2) & POPO_0009030(SkSat_u2) → GOGO_0048462(SkSat_u1)
GOGO_0010342(SkSat_u1) & GOGO_0007349(SkSat_u1) → GOGO_0010342(SkSat_u1)
_S31(SkSat_u1,SkSat_u2) → oboresults_in_increased_length_of(SkSat_u1,SkSat_u2)
_S22(SkSat_u1,SkSat_u2) → OBO_RELresults_in_morphogenesis_of(SkSat_u1,SkSat_u2)
_S81(SkSat_u1,SkSat_u2) → OBO_RELresults_in_complete_development_of(SkSat_u1,SkSat_u2)
_S2(SkSat_u2,SkSat_u1) → POPO_0009030(SkSat_u1)
_S58(SkSat_u1,SkSat_u2) → OBO_RELresults_in_complete_development_of(SkSat_u1,SkSat_u2)
_S73(SkSat_u1,SkSat_u2) → OBO_RELresults_in_morphogenesis_of(SkSat_u1,SkSat_u2)
GOGO_0046844(SkSat_u1) → GOGO_0048646(SkSat_u1)
GOGO_0048316(SkSat_u1) → GOGO_0032502(SkSat_u1)
GOGO_0009887(SkSat_u1) & GOGO_0048449(SkSat_u1) → GOGO_0048444(SkSat_u1)
GOGO_0048653(SkSat_u1) → GOGO_0032502(SkSat_u1)
_S66(SkSat_u1,SkSat_u2) → OBO_RELunfolds_in(SkSat_u1,SkSat_u2)
GOGO_0048868(SkSat_u1) & GOGO_0032502(SkSat_u1) → GOGO_0048868(SkSat_u1)
GOGO_0048759(SkSat_u1) → GOGO_0030154(SkSat_u1)
GOGO_0048646(SkSat_u1) & POPO_0009046(SkSat_u2) & OBO_RELresults_in_formation_of(SkSat_u1,SkSat_u2) → GOGO_0048460(SkSat_u1)
GOGO_0048437(SkSat_u1) & GOGO_0048645(SkSat_u1) → GOGO_0048449(SkSat_u1)
GOGO_0010067(SkSat_u1) → GOGO_0009888(SkSat_u1)
GOGO_0048827(SkSat_u1) → GOGO_0032502(SkSat_u1)
_S17(SkSat_u2,SkSat_u1) → POPO_0009062(SkSat_u1)
GOGO_0010589(SkSat_u1) & GOGO_0010149(SkSat_u1) → GOGO_0010150(SkSat_u1)
_S15(SkSat_u1,SkSat_u2) → OBO_RELresults_in_complete_development_of(SkSat_u1,SkSat_u2)
_S63(SkSat_u2,SkSat_u1) → POPO_0020092(SkSat_u1)
_S16(SkSat_u2,SkSat_u1) → POPO_0009089(SkSat_u1)
_S71(SkSat_u2,SkSat_u1) → POPO_0009066(SkSat_u1)
GOGO_0010154(SkSat_u1) → GOGO_0032502(SkSat_u1)
GOGO_0032502(SkSat_u1) & POPO_0009074(SkSat_u2) & OBO_RELresults_in_complete_development_of(SkSat_u1,SkSat_u2) → GOGO_0048479(SkSat_u1)
_S19(SkSat_u1,SkSat_u2) → OBO_RELresults_in_morphogenesis_of(SkSat_u1,SkSat_u2)
GOGO_0048316(SkSat_u1) & GOGO_0032502(SkSat_u1) → GOGO_0048316(SkSat_u1)
GOGO_0032502(SkSat_u1) & POPO_0006001(SkSat_u2) & OBO_RELresults_in_complete_development_of(SkSat_u1,SkSat_u2) → GOGO_0048827(SkSat_u1)
GOGO_0048645(SkSat_u1) & GOGO_0048449(SkSat_u1) → GOGO_0048449(SkSat_u1)
_S98(SkSat_u1,SkSat_u2) → OBO_RELresults_in_complete_development_of(SkSat_u1,SkSat_u2)
_S30(SkSat_u2,SkSat_u1) → POPO_0020121(SkSat_u1)
_S59(SkSat_u2,SkSat_u1) → POPO_0009030(SkSat_u1)
POPO_0020091(SkSat_u2) & GOGO_0048646(SkSat_u1) & OBO_RELresults_in_formation_of(SkSat_u1,SkSat_u2) → GOGO_0009555(SkSat_u1)
OBO_RELunfolds_in(SkSat_u1,SkSat_u2) & GOGO_0010022(SkSat_u1) & POPO_0009046(SkSat_u2) → GOGO_0010582(SkSat_u1)
_S8(SkSat_u2,SkSat_u1) → POPO_0002000(SkSat_u1)
_S78(SkSat_u1,SkSat_u2) → OBO_RELresults_in_developmental_progression_of(SkSat_u1,SkSat_u2)
_S76(SkSat_u1,SkSat_u2) → OBO_RELresults_in_complete_development_of(SkSat_u1,SkSat_u2)
POPO_0009029(SkSat_u2) & GOGO_0048646(SkSat_u1) & OBO_RELresults_in_formation_of(SkSat_u1,SkSat_u2) → GOGO_0048455(SkSat_u1)
GOGO_0048456(SkSat_u1) → GOGO_0048532(SkSat_u1)
_S9(SkSat_u2,SkSat_u1) → POPO_0009013(SkSat_u1)
GOGO_0048768(SkSat_u1) → GOGO_0040007(SkSat_u1)
GOGO_0010431(SkSat_u1) → GOGO_0021700(SkSat_u1)
_S99(SkSat_u2,SkSat_u1) → POPO_0009025(SkSat_u1)
_S87(SkSat_u1,SkSat_u2) → OBO_RELunfolds_in(SkSat_u1,SkSat_u2)
GOGO_0010618(SkSat_u1) & GOGO_0048646(SkSat_u1) → GOGO_0010618(SkSat_u1)
_S5(SkSat_u1,SkSat_u2) → OBO_RELresults_in_complete_development_of(SkSat_u1,SkSat_u2)
GOGO_0048658(SkSat_u1) → GOGO_0032502(SkSat_u1)
GOGO_0048645(SkSat_u1) & GOGO_0048444(SkSat_u1) → GOGO_0048449(SkSat_u1)
GOGO_0009960(SkSat_u1) → GOGO_0032502(SkSat_u1)
_S6(SkSat_u2,SkSat_u1) → POPO_0009006(SkSat_u1)
GOGO_0048532(SkSat_u1) & OBO_RELunfolds_in(SkSat_u1,SkSat_u2) & POPO_0009046(SkSat_u2) → GOGO_0048461(SkSat_u1)
_S88(SkSat_u1,SkSat_u2) → OBO_RELunfolds_in(SkSat_u1,SkSat_u2)
_S64(SkSat_u1,SkSat_u2) → OBO_RELunfolds_in(SkSat_u1,SkSat_u2)
_S57(SkSat_u2,SkSat_u1) → POPO_0002000(SkSat_u1)
GOGO_0009888(SkSat_u1) & GOGO_0010089(SkSat_u1) → GOGO_0010089(SkSat_u1)
_S7(SkSat_u2,SkSat_u1) → POPO_0009032(SkSat_u1)
GOGO_0009653(SkSat_u1) & GOGO_0010015(SkSat_u1) → GOGO_0010015(SkSat_u1)
_S93(SkSat_u1,SkSat_u2) → OBO_RELunfolds_in(SkSat_u1,SkSat_u2)
POPO_0009010(SkSat_u2) & GOGO_0009653(SkSat_u1) & OBO_RELresults_in_morphogenesis_of(SkSat_u1,SkSat_u2) → GOGO_0048317(SkSat_u1)
_S70(SkSat_u1,SkSat_u2) → OBO_RELresults_in_complete_development_of(SkSat_u1,SkSat_u2)
GOGO_0009965(SkSat_u1) → GOGO_0009653(SkSat_u1)
_S72(SkSat_u1,SkSat_u2) → OBO_RELresults_in_complete_development_of(SkSat_u1,SkSat_u2)
_S46(SkSat_u2,SkSat_u1) → POPO_0006001(SkSat_u1)
_S48(SkSat_u1,SkSat_u2) → OBO_RELresults_in_complete_development_of(SkSat_u1,SkSat_u2)
_S51(SkSat_u2,SkSat_u1) → POPO_0009073(SkSat_u1)
GOGO_0010254(SkSat_u1) & GOGO_0032502(SkSat_u1) → GOGO_0010254(SkSat_u1)
_S94(SkSat_u2,SkSat_u1) → POPO_0006210(SkSat_u1)
_S62(SkSat_u2,SkSat_u1) → POPO_0009031(SkSat_u1)
GOGO_0009653(SkSat_u1) & OBO_RELresults_in_morphogenesis_of(SkSat_u1,SkSat_u2) & POPO_0009032(SkSat_u2) → GOGO_0048446(SkSat_u1)
GOGO_0010068(SkSat_u1) → GOGO_0009888(SkSat_u1)
_S80(SkSat_u2,SkSat_u1) → POPO_0009013(SkSat_u1)
_S85(SkSat_u2,SkSat_u1) → POPO_0009046(SkSat_u1)
GOGO_0046844(SkSat_u1) & GOGO_0048646(SkSat_u1) → GOGO_0046844(SkSat_u1)
_S35(SkSat_u1,SkSat_u2) → OBO_RELresults_in_morphogenesis_of(SkSat_u1,SkSat_u2)
GOGO_0048767(SkSat_u1) & GOGO_0008150(SkSat_u1) → GOGO_0048767(SkSat_u1)
_S32(SkSat_u1,SkSat_u2) → OBO_RELresults_in_complete_development_of(SkSat_u1,SkSat_u2)
_S0(SkSat_u1,SkSat_u2) → OBO_RELresults_in_complete_development_of(SkSat_u1,SkSat_u2)
GOGO_0010214(SkSat_u1) → GOGO_0032502(SkSat_u1)
_S14(SkSat_u2,SkSat_u1) → POPO_0009032(SkSat_u1)
GOGO_0032502(SkSat_u1) & GOGO_0048480(SkSat_u1) → GOGO_0048480(SkSat_u1)
POPO_0009061(SkSat_u2) & GOGO_0032502(SkSat_u1) & OBO_RELresults_in_complete_development_of(SkSat_u1,SkSat_u2) → GOGO_0048466(SkSat_u1)
POPO_0006343(SkSat_u2) & GOGO_0048646(SkSat_u1) & OBO_RELresults_in_formation_of(SkSat_u1,SkSat_u2) → GOGO_0010223(SkSat_u1)
POPO_0002000(SkSat_u2) & GOGO_0048646(SkSat_u1) & OBO_RELresults_in_formation_of(SkSat_u1,SkSat_u2) → GOGO_0010376(SkSat_u1)
_S103(SkSat_u2,SkSat_u1) → POPO_0002003(SkSat_u1)
_S29(SkSat_u2,SkSat_u1) → POPO_0020092(SkSat_u1)
GOGO_0040007(SkSat_u1) & OBO_RELunfolds_in(SkSat_u1,SkSat_u2) & POPO_0006345(SkSat_u2) → GOGO_0009860(SkSat_u1)
_S50(SkSat_u2,SkSat_u1) → POPO_0009046(SkSat_u1)
_S12(SkSat_u2,SkSat_u1) → POPO_0009031(SkSat_u1)
POPO_0020030(SkSat_u2) & GOGO_0032502(SkSat_u1) & OBO_RELresults_in_complete_development_of(SkSat_u1,SkSat_u2) → GOGO_0048825(SkSat_u1)
GOGO_0032502(SkSat_u1) & POPO_0009046(SkSat_u2) & OBO_RELresults_in_complete_development_of(SkSat_u1,SkSat_u2) → GOGO_0009908(SkSat_u1)
POPO_0002000(SkSat_u2) & GOGO_0007389(SkSat_u1) & OBO_RELresults_in_specification_of(SkSat_u1,SkSat_u2) → GOGO_0010375(SkSat_u1)
GOGO_0048532(SkSat_u1) & GOGO_0048463(SkSat_u1) → GOGO_0048463(SkSat_u1)
POPO_0009066(SkSat_u2) & GOGO_0032502(SkSat_u1) & OBO_RELresults_in_complete_development_of(SkSat_u1,SkSat_u2) → GOGO_0048653(SkSat_u1)
_S16(SkSat_u1,SkSat_u2) → OBO_RELunfolds_in(SkSat_u1,SkSat_u2)
OBO_RELunfolds_in(SkSat_u1,SkSat_u2) & GOGO_0048645(SkSat_u1) & POPO_0009046(SkSat_u2) → GOGO_0048449(SkSat_u1)
_S78(SkSat_u2,SkSat_u1) → POPO_0009010(SkSat_u1)
GOGO_0009933(SkSat_u1) → GOGO_0048532(SkSat_u1)
GOGO_0030154(SkSat_u1) & GOGO_0048761(SkSat_u1) → GOGO_0048761(SkSat_u1)
GOGO_0009653(SkSat_u1) & GOGO_0010103(SkSat_u1) → GOGO_0010103(SkSat_u1)
_S36(SkSat_u1,SkSat_u2) → OBO_RELresults_in_complete_development_of(SkSat_u1,SkSat_u2)
GOGO_0048467(SkSat_u1) → GOGO_0032502(SkSat_u1)
_S55(SkSat_u1,SkSat_u2) → OBO_RELresults_in_formation_of(SkSat_u1,SkSat_u2)
GOGO_0032502(SkSat_u1) & OBO_RELresults_in_complete_development_of(SkSat_u1,SkSat_u2) & POPO_0020102(SkSat_u2) → GOGO_0010500(SkSat_u1)
GOGO_0048532(SkSat_u1) & POPO_0009013(SkSat_u2) & OBO_RELunfolds_in(SkSat_u1,SkSat_u2) → GOGO_0009933(SkSat_u1)
_S105(SkSat_u2,SkSat_u1) → POPO_0009013(SkSat_u1)
GOGO_0009954(SkSat_u1) & GOGO_0010150(SkSat_u1) → GOGO_0010589(SkSat_u1)
_S92(SkSat_u1,SkSat_u2) → OBO_RELresults_in_complete_development_of(SkSat_u1,SkSat_u2)
_S21(SkSat_u1,SkSat_u2) → OBO_RELresults_in_formation_of(SkSat_u1,SkSat_u2)
_S13(SkSat_u1,SkSat_u2) → OBO_RELunfolds_in(SkSat_u1,SkSat_u2)
GOGO_0010386(SkSat_u1) & GOGO_0032502(SkSat_u1) → GOGO_0010386(SkSat_u1)
POPO_0020025(SkSat_u2) & GOGO_0048646(SkSat_u1) & OBO_RELresults_in_formation_of(SkSat_u1,SkSat_u2) → GOGO_0046844(SkSat_u1)
_S27(SkSat_u2,SkSat_u1) → POPO_0020091(SkSat_u1)
_S103(SkSat_u1,SkSat_u2) → OBO_RELunfolds_in(SkSat_u1,SkSat_u2)
_S9(SkSat_u1,SkSat_u2) → OBO_RELunfolds_in(SkSat_u1,SkSat_u2)
GOGO_0010386(SkSat_u1) → GOGO_0032502(SkSat_u1)
GOGO_0009888(SkSat_u1) & GOGO_0010088(SkSat_u1) → GOGO_0010088(SkSat_u1)
POPO_0009062(SkSat_u2) & GOGO_0032502(SkSat_u1) & OBO_RELresults_in_complete_development_of(SkSat_u1,SkSat_u2) → GOGO_0048467(SkSat_u1)
GOGO_0048513(SkSat_u1) & GOGO_0048437(SkSat_u1) → GOGO_0048437(SkSat_u1)
_S45(SkSat_u2,SkSat_u1) → POPO_0009046(SkSat_u1)
_S32(SkSat_u2,SkSat_u1) → POPO_0020003(SkSat_u1)
_S89(SkSat_u2,SkSat_u1) → POPO_0009046(SkSat_u1)
_S35(SkSat_u2,SkSat_u1) → POPO_0020003(SkSat_u1)
GOGO_0009888(SkSat_u1) & POPO_0006210(SkSat_u2) & OBO_RELresults_in_formation_of(SkSat_u1,SkSat_u2) → GOGO_0010068(SkSat_u1)
GOGO_0010500(SkSat_u1) & GOGO_0032502(SkSat_u1) → GOGO_0010500(SkSat_u1)
GOGO_0009901(SkSat_u1) → GOGO_0009900(SkSat_u1)
GOGO_0032502(SkSat_u1) & GOGO_0010154(SkSat_u1) → GOGO_0010154(SkSat_u1)
GOGO_0048366(SkSat_u1) → GOGO_0032502(SkSat_u1)
_S86(SkSat_u2,SkSat_u1) → POPO_0005417(SkSat_u1)
_S83(SkSat_u1,SkSat_u2) → OBO_RELunfolds_in(SkSat_u1,SkSat_u2)
GOGO_0009887(SkSat_u1) & GOGO_0048461(SkSat_u1) → GOGO_0048444(SkSat_u1)
GOGO_0022022(SkSat_u1) → GOGO_0008283(SkSat_u1)
_S86(SkSat_u1,SkSat_u2) → OBO_RELresults_in_complete_development_of(SkSat_u1,SkSat_u2)
GOGO_0048532(SkSat_u1) & GOGO_0048444(SkSat_u1) → GOGO_0048461(SkSat_u1)
=========================================
