Starting Saturation...
Executing from DLGP files
SLF4J: Failed to load class "org.slf4j.impl.StaticLoggerBinder".
SLF4J: Defaulting to no-operation (NOP) logger implementation
SLF4J: See http://www.slf4j.org/codes.html#StaticLoggerBinder for further details.
# Rules: 50; # Atoms: 0; # AtomSets: 0; # Queries: 0; # Constraints: 0
Full TGD saturation algorithm: Skolemized Sat
Running SkSat...
avr. 27, 2021 8:35:03 PM uk.ac.ox.cs.gsat.EvolveBasedSat run
INFOS: SkSat discarded rules : 5/49 = 10.204%
SkSat discarded rules : 5/49 = 10.204%
avr. 27, 2021 8:35:03 PM uk.ac.ox.cs.gsat.EvolveBasedSat run
INFOS: Subsumption method : tree_atom
avr. 27, 2021 8:35:03 PM uk.ac.ox.cs.gsat.EvolveBasedSat run
INFOS: # initial TGDs: 44 , 0
avr. 27, 2021 8:35:03 PM uk.ac.ox.cs.gsat.EvolveBasedSat run
INFOS: GSat total time : 126 ms = 0.13 s
avr. 27, 2021 8:35:03 PM uk.ac.ox.cs.gsat.EvolveBasedSat run
INFOS: Subsumed elements : 0
avr. 27, 2021 8:35:03 PM uk.ac.ox.cs.gsat.EvolveBasedSat run
INFOS: Filter discarded elements : 0
avr. 27, 2021 8:35:03 PM uk.ac.ox.cs.gsat.EvolveBasedSat run
INFOS: Derived full/non full TGDs: 0 , 0
avr. 27, 2021 8:35:03 PM uk.ac.ox.cs.gsat.EvolveBasedSat run
INFOS: ouptput full TGDs not contained in the input: 0
avr. 27, 2021 8:35:03 PM uk.ac.ox.cs.gsat.App executeAllSteps
INFOS: Rewriting completed!
Full TGD saturation: (44 dependecies)
=========================================
OBO_RELnegatively_regulates(SkSat_u1,SkSat_u2) → OBO_RELregulates(SkSat_u1,SkSat_u2)
OBO_RELsurrounded_by(SkSat_u2,SkSat_u1) → OBO_RELsurrounds(SkSat_u1,SkSat_u2)
OBO_RELsurrounds(SkSat_u2,SkSat_u1) → OBO_RELsurrounded_by(SkSat_u1,SkSat_u2)
OBO_RELincreased_in_magnitude_compared_to(SkSat_u2,SkSat_u1) → OBO_RELdecreased_in_magnitude_compared_to(SkSat_u1,SkSat_u2)
OBOLtowards(SkSat_u1,SkSat_u2) → oboInOwlObsoleteProperty(SkSat_u1,SkSat_u2)
OBO_RELregulates(SkSat_u2,SkSat_u1) → OBO_RELregulated_by(SkSat_u1,SkSat_u2)
OBO_RELresults_in_secretion_of_granules_from(SkSat_u1,SkSat_u2) → oboInOwlObsoleteProperty(SkSat_u1,SkSat_u2)
OBO_RELspecifically_inheres_in(SkSat_u1,SkSat_u2) → OBO_RELinheres_in(SkSat_u1,SkSat_u2)
OBO_RELpositively_regulates(SkSat_u1,SkSat_u2) → OBO_RELregulates(SkSat_u1,SkSat_u2)
OBO_RELresults_in_morphogenesis_of(SkSat_u1,SkSat_u2) → OBO_RELhas_participant(SkSat_u1,SkSat_u2)
OBO_RELresults_in_formation_of(SkSat_u1,SkSat_u2) → OBO_RELresults_in_developmental_progression_of(SkSat_u1,SkSat_u2)
OBO_RELhas_disposition(SkSat_u2,SkSat_u1) → OBO_RELdisposition_of(SkSat_u1,SkSat_u2)
OBO_RELhas_function(SkSat_u1,SkSat_u2) → OBO_RELbearer_of(SkSat_u1,SkSat_u2)
OBO_RELgenerically_inheres_in(SkSat_u1,SkSat_u2) → OBO_RELinheres_in(SkSat_u1,SkSat_u2)
OBO_RELresults_in_structural_organization_of(SkSat_u1,SkSat_u2) → OBO_RELhas_participant(SkSat_u1,SkSat_u2)
OBO_RELbegins_at_end_of(SkSat_u2,SkSat_u1) → OBO_RELends_at_beginning_of(SkSat_u1,SkSat_u2)
OBO_RELinfluences(SkSat_u2,SkSat_u1) → OBO_RELinfluenced_by(SkSat_u1,SkSat_u2)
OBO_RELfunction_of(SkSat_u2,SkSat_u1) → OBO_RELhas_function(SkSat_u1,SkSat_u2)
OBO_RELresults_in_increased_mass_of(SkSat_u1,SkSat_u2) → oboInOwlObsoleteProperty(SkSat_u1,SkSat_u2)
OBO_RELoverlaps(SkSat_u2,SkSat_u1) → OBO_RELoverlaps(SkSat_u1,SkSat_u2)
OBO_RELhas_role(SkSat_u2,SkSat_u1) → OBO_RELrole_of(SkSat_u1,SkSat_u2)
OBO_RELfunction_of(SkSat_u1,SkSat_u2) → OBO_RELinheres_in(SkSat_u1,SkSat_u2)
OBO_RELspecifically_inheres_in(SkSat_u1,SkSat_u2) → oboInOwlObsoleteProperty(SkSat_u1,SkSat_u2)
OBO_RELbearer_of(SkSat_u2,SkSat_u1) → OBO_RELinheres_in(SkSat_u1,SkSat_u2)
OBO_RELinheres_in(SkSat_u2,SkSat_u1) → OBO_RELbearer_of(SkSat_u1,SkSat_u2)
OBO_RELrole_of(SkSat_u2,SkSat_u1) → OBO_RELhas_role(SkSat_u1,SkSat_u2)
OBO_RELhomologous_to(SkSat_u2,SkSat_u1) → OBO_RELhomologous_to(SkSat_u1,SkSat_u2)
OBO_RELinfluenced_by(SkSat_u2,SkSat_u1) → OBO_RELinfluences(SkSat_u1,SkSat_u2)
OBO_RELhas_quality(SkSat_u1,SkSat_u2) → OBO_RELbearer_of(SkSat_u1,SkSat_u2)
OBO_RELends_at_beginning_of(SkSat_u2,SkSat_u1) → OBO_RELbegins_at_end_of(SkSat_u1,SkSat_u2)
OBO_RELactivates(SkSat_u1,SkSat_u2) → OBO_RELpositively_regulates(SkSat_u1,SkSat_u2)
OBO_RELresults_in_maturation_of(SkSat_u1,SkSat_u2) → OBO_RELhas_participant(SkSat_u1,SkSat_u2)
OBO_RELhas_role(SkSat_u1,SkSat_u2) → OBO_RELbearer_of(SkSat_u1,SkSat_u2)
OBO_RELrealizes(SkSat_u2,SkSat_u1) → OBO_RELrealized_by(SkSat_u1,SkSat_u2)
OBO_RELregulated_by(SkSat_u2,SkSat_u1) → OBO_RELregulates(SkSat_u1,SkSat_u2)
OBO_RELquality_of(SkSat_u1,SkSat_u2) → OBO_RELinheres_in(SkSat_u1,SkSat_u2)
OBO_RELrealized_by(SkSat_u2,SkSat_u1) → OBO_RELrealizes(SkSat_u1,SkSat_u2)
OBO_RELdisposition_of(SkSat_u2,SkSat_u1) → OBO_RELhas_disposition(SkSat_u1,SkSat_u2)
OBO_RELquality_of(SkSat_u2,SkSat_u1) → OBO_RELhas_quality(SkSat_u1,SkSat_u2)
OBO_RELhas_function(SkSat_u2,SkSat_u1) → OBO_RELfunction_of(SkSat_u1,SkSat_u2)
OBO_RELinactivates(SkSat_u1,SkSat_u2) → OBO_RELnegatively_regulates(SkSat_u1,SkSat_u2)
OBO_RELhas_quality(SkSat_u2,SkSat_u1) → OBO_RELquality_of(SkSat_u1,SkSat_u2)
OBO_RELrole_of(SkSat_u1,SkSat_u2) → OBO_RELinheres_in(SkSat_u1,SkSat_u2)
OBO_RELdecreased_in_magnitude_compared_to(SkSat_u2,SkSat_u1) → OBO_RELincreased_in_magnitude_compared_to(SkSat_u1,SkSat_u2)
=========================================
