Starting Saturation...
Executing from DLGP files
SLF4J: Failed to load class "org.slf4j.impl.StaticLoggerBinder".
SLF4J: Defaulting to no-operation (NOP) logger implementation
SLF4J: See http://www.slf4j.org/codes.html#StaticLoggerBinder for further details.
# Rules: 4; # Atoms: 0; # AtomSets: 0; # Queries: 0; # Constraints: 0
Full TGD saturation algorithm: Skolemized Sat
Running SkSat...
avr. 28, 2021 2:09:32 AM uk.ac.ox.cs.gsat.EvolveBasedSat run
INFOS: SkSat discarded rules : 2/4 = 50.000%
SkSat discarded rules : 2/4 = 50.000%
avr. 28, 2021 2:09:32 AM uk.ac.ox.cs.gsat.EvolveBasedSat run
INFOS: Subsumption method : tree_atom
avr. 28, 2021 2:09:32 AM uk.ac.ox.cs.gsat.EvolveBasedSat run
INFOS: # initial TGDs: 2 , 0
avr. 28, 2021 2:09:32 AM uk.ac.ox.cs.gsat.EvolveBasedSat run
INFOS: GSat total time : 107 ms = 0.11 s
avr. 28, 2021 2:09:32 AM uk.ac.ox.cs.gsat.EvolveBasedSat run
INFOS: Subsumed elements : 0
avr. 28, 2021 2:09:32 AM uk.ac.ox.cs.gsat.EvolveBasedSat run
INFOS: Filter discarded elements : 0
avr. 28, 2021 2:09:32 AM uk.ac.ox.cs.gsat.EvolveBasedSat run
INFOS: Derived full/non full TGDs: 0 , 0
avr. 28, 2021 2:09:32 AM uk.ac.ox.cs.gsat.EvolveBasedSat run
INFOS: ouptput full TGDs not contained in the input: 0
avr. 28, 2021 2:09:32 AM uk.ac.ox.cs.gsat.App executeAllSteps
INFOS: Rewriting completed!
Full TGD saturation: (2 dependecies)
=========================================
vocabcontains_clade(SkSat_u2,SkSat_u1) → vocabsubclade_of(SkSat_u1,SkSat_u2)
vocabsubclade_of(SkSat_u2,SkSat_u1) → vocabcontains_clade(SkSat_u1,SkSat_u2)
=========================================
