Starting Saturation...
Executing from DLGP files
SLF4J: Failed to load class "org.slf4j.impl.StaticLoggerBinder".
SLF4J: Defaulting to no-operation (NOP) logger implementation
SLF4J: See http://www.slf4j.org/codes.html#StaticLoggerBinder for further details.
# Rules: 311; # Atoms: 0; # AtomSets: 0; # Queries: 0; # Constraints: 0
Full TGD saturation algorithm: GSat
Running GSat...
Nov 21, 2021 8:16:34 AM uk.ac.ox.cs.gsat.AbstractSaturation run
INFO: GSat discarded rules : 0/311 = 0.000%
GSat discarded rules : 0/311 = 0.000%
Nov 21, 2021 8:16:34 AM uk.ac.ox.cs.gsat.AbstractSaturation run
INFO: Subsumption method : tree_predicate
length of the formulas: 2.1639872
number of bags: 3
length of the formulas: 2.1639872
number of bags: 3
nonFullTGDs	0		fullTGDs	263			newNonFullTGDs	48		newFullTGDs	0
nonFullTGDs	63		fullTGDs	263			newNonFullTGDs	95		newFullTGDs	7
nonFullTGDs	163		fullTGDs	263			newNonFullTGDs	84		newFullTGDs	7
nonFullTGDs	210		fullTGDs	263			newNonFullTGDs	80		newFullTGDs	7
nonFullTGDs	228		fullTGDs	263			newNonFullTGDs	72		newFullTGDs	7
nonFullTGDs	243		fullTGDs	263			newNonFullTGDs	64		newFullTGDs	7
nonFullTGDs	297		fullTGDs	263			newNonFullTGDs	72		newFullTGDs	7
nonFullTGDs	377		fullTGDs	263			newNonFullTGDs	87		newFullTGDs	7
nonFullTGDs	437		fullTGDs	263			newNonFullTGDs	72		newFullTGDs	7
nonFullTGDs	500		fullTGDs	263			newNonFullTGDs	70		newFullTGDs	7
nonFullTGDs	566		fullTGDs	263			newNonFullTGDs	77		newFullTGDs	7
nonFullTGDs	633		fullTGDs	263			newNonFullTGDs	77		newFullTGDs	7
nonFullTGDs	675		fullTGDs	263			newNonFullTGDs	69		newFullTGDs	7
nonFullTGDs	688		fullTGDs	263			newNonFullTGDs	82		newFullTGDs	7
nonFullTGDs	749		fullTGDs	263			newNonFullTGDs	78		newFullTGDs	7
nonFullTGDs	812		fullTGDs	263			newNonFullTGDs	72		newFullTGDs	7
nonFullTGDs	875		fullTGDs	263			newNonFullTGDs	69		newFullTGDs	7
nonFullTGDs	936		fullTGDs	263			newNonFullTGDs	76		newFullTGDs	7
nonFullTGDs	987		fullTGDs	263			newNonFullTGDs	73		newFullTGDs	7
nonFullTGDs	985		fullTGDs	263			newNonFullTGDs	63		newFullTGDs	7
nonFullTGDs	1035		fullTGDs	263			newNonFullTGDs	77		newFullTGDs	7
nonFullTGDs	1096		fullTGDs	263			newNonFullTGDs	68		newFullTGDs	7
nonFullTGDs	1158		fullTGDs	263			newNonFullTGDs	64		newFullTGDs	7
nonFullTGDs	1198		fullTGDs	263			newNonFullTGDs	75		newFullTGDs	7
nonFullTGDs	1242		fullTGDs	263			newNonFullTGDs	72		newFullTGDs	7
nonFullTGDs	1208		fullTGDs	263			newNonFullTGDs	60		newFullTGDs	7
nonFullTGDs	1238		fullTGDs	263			newNonFullTGDs	67		newFullTGDs	7
nonFullTGDs	1269		fullTGDs	263			newNonFullTGDs	58		newFullTGDs	7
nonFullTGDs	1239		fullTGDs	263			newNonFullTGDs	46		newFullTGDs	7
nonFullTGDs	1275		fullTGDs	263			newNonFullTGDs	60		newFullTGDs	8
nonFullTGDs	1329		fullTGDs	263			newNonFullTGDs	60		newFullTGDs	8
nonFullTGDs	1389		fullTGDs	263			newNonFullTGDs	59		newFullTGDs	8
nonFullTGDs	1439		fullTGDs	263			newNonFullTGDs	53		newFullTGDs	8
nonFullTGDs	1503		fullTGDs	263			newNonFullTGDs	71		newFullTGDs	9
nonFullTGDs	1551		fullTGDs	263			newNonFullTGDs	67		newFullTGDs	9
nonFullTGDs	1611		fullTGDs	263			newNonFullTGDs	67		newFullTGDs	9
nonFullTGDs	1657		fullTGDs	263			newNonFullTGDs	58		newFullTGDs	9
nonFullTGDs	1705		fullTGDs	263			newNonFullTGDs	58		newFullTGDs	9
nonFullTGDs	1761		fullTGDs	263			newNonFullTGDs	52		newFullTGDs	9
nonFullTGDs	1806		fullTGDs	263			newNonFullTGDs	50		newFullTGDs	9
nonFullTGDs	1856		fullTGDs	263			newNonFullTGDs	84		newFullTGDs	9
nonFullTGDs	1933		fullTGDs	263			newNonFullTGDs	78		newFullTGDs	9
nonFullTGDs	1988		fullTGDs	263			newNonFullTGDs	72		newFullTGDs	9
nonFullTGDs	1991		fullTGDs	263			newNonFullTGDs	70		newFullTGDs	9
nonFullTGDs	2009		fullTGDs	263			newNonFullTGDs	63		newFullTGDs	9
nonFullTGDs	2050		fullTGDs	263			newNonFullTGDs	73		newFullTGDs	9
nonFullTGDs	2115		fullTGDs	263			newNonFullTGDs	79		newFullTGDs	9
nonFullTGDs	2169		fullTGDs	263			newNonFullTGDs	67		newFullTGDs	9
nonFullTGDs	2223		fullTGDs	263			newNonFullTGDs	62		newFullTGDs	9
nonFullTGDs	2273		fullTGDs	263			newNonFullTGDs	69		newFullTGDs	9
nonFullTGDs	2342		fullTGDs	263			newNonFullTGDs	66		newFullTGDs	9
nonFullTGDs	2355		fullTGDs	263			newNonFullTGDs	61		newFullTGDs	9
nonFullTGDs	2390		fullTGDs	263			newNonFullTGDs	70		newFullTGDs	9
nonFullTGDs	2449		fullTGDs	263			newNonFullTGDs	71		newFullTGDs	9
nonFullTGDs	2504		fullTGDs	263			newNonFullTGDs	60		newFullTGDs	9
nonFullTGDs	2558		fullTGDs	263			newNonFullTGDs	74		newFullTGDs	9
nonFullTGDs	2600		fullTGDs	263			newNonFullTGDs	63		newFullTGDs	9
nonFullTGDs	2621		fullTGDs	263			newNonFullTGDs	61		newFullTGDs	9
nonFullTGDs	2657		fullTGDs	263			newNonFullTGDs	54		newFullTGDs	9
nonFullTGDs	2715		fullTGDs	263			newNonFullTGDs	65		newFullTGDs	9
nonFullTGDs	2769		fullTGDs	263			newNonFullTGDs	70		newFullTGDs	9
nonFullTGDs	2788		fullTGDs	263			newNonFullTGDs	57		newFullTGDs	9
nonFullTGDs	2811		fullTGDs	263			newNonFullTGDs	58		newFullTGDs	9
nonFullTGDs	2806		fullTGDs	263			newNonFullTGDs	47		newFullTGDs	9
nonFullTGDs	2802		fullTGDs	263			newNonFullTGDs	55		newFullTGDs	10
nonFullTGDs	2809		fullTGDs	263			newNonFullTGDs	53		newFullTGDs	10
nonFullTGDs	2837		fullTGDs	263			newNonFullTGDs	49		newFullTGDs	10
nonFullTGDs	2852		fullTGDs	263			newNonFullTGDs	39		newFullTGDs	10
nonFullTGDs	2912		fullTGDs	263			newNonFullTGDs	65		newFullTGDs	10
nonFullTGDs	2971		fullTGDs	263			newNonFullTGDs	59		newFullTGDs	10
nonFullTGDs	3035		fullTGDs	263			newNonFullTGDs	62		newFullTGDs	10
nonFullTGDs	3089		fullTGDs	263			newNonFullTGDs	65		newFullTGDs	10
nonFullTGDs	3146		fullTGDs	263			newNonFullTGDs	63		newFullTGDs	10
nonFullTGDs	3201		fullTGDs	263			newNonFullTGDs	61		newFullTGDs	10
nonFullTGDs	3258		fullTGDs	263			newNonFullTGDs	65		newFullTGDs	10
nonFullTGDs	3318		fullTGDs	263			newNonFullTGDs	64		newFullTGDs	10
nonFullTGDs	3381		fullTGDs	263			newNonFullTGDs	67		newFullTGDs	10
nonFullTGDs	3436		fullTGDs	263			newNonFullTGDs	61		newFullTGDs	10
nonFullTGDs	3489		fullTGDs	263			newNonFullTGDs	59		newFullTGDs	10
nonFullTGDs	3543		fullTGDs	263			newNonFullTGDs	51		newFullTGDs	10
nonFullTGDs	3595		fullTGDs	263			newNonFullTGDs	47		newFullTGDs	10
nonFullTGDs	3646		fullTGDs	263			newNonFullTGDs	48		newFullTGDs	10
nonFullTGDs	3671		fullTGDs	263			newNonFullTGDs	50		newFullTGDs	11
nonFullTGDs	3681		fullTGDs	263			newNonFullTGDs	40		newFullTGDs	11
nonFullTGDs	3738		fullTGDs	263			newNonFullTGDs	60		newFullTGDs	11
nonFullTGDs	3799		fullTGDs	263			newNonFullTGDs	51		newFullTGDs	11
nonFullTGDs	3748		fullTGDs	263			newNonFullTGDs	48		newFullTGDs	11
nonFullTGDs	3630		fullTGDs	263			newNonFullTGDs	43		newFullTGDs	11
nonFullTGDs	3528		fullTGDs	263			newNonFullTGDs	53		newFullTGDs	12
nonFullTGDs	3474		fullTGDs	263			newNonFullTGDs	54		newFullTGDs	12
nonFullTGDs	3415		fullTGDs	263			newNonFullTGDs	50		newFullTGDs	12
nonFullTGDs	3363		fullTGDs	263			newNonFullTGDs	47		newFullTGDs	12
nonFullTGDs	3313		fullTGDs	263			newNonFullTGDs	37		newFullTGDs	12
nonFullTGDs	3341		fullTGDs	263			newNonFullTGDs	32		newFullTGDs	15
nonFullTGDs	3402		fullTGDs	263			newNonFullTGDs	54		newFullTGDs	15
nonFullTGDs	3462		fullTGDs	263			newNonFullTGDs	53		newFullTGDs	15
nonFullTGDs	3521		fullTGDs	263			newNonFullTGDs	48		newFullTGDs	15
nonFullTGDs	3576		fullTGDs	263			newNonFullTGDs	44		newFullTGDs	15
nonFullTGDs	3625		fullTGDs	263			newNonFullTGDs	46		newFullTGDs	15
nonFullTGDs	3675		fullTGDs	263			newNonFullTGDs	46		newFullTGDs	15
nonFullTGDs	3718		fullTGDs	263			newNonFullTGDs	46		newFullTGDs	15
nonFullTGDs	3770		fullTGDs	263			newNonFullTGDs	39		newFullTGDs	15
nonFullTGDs	3824		fullTGDs	263			newNonFullTGDs	40		newFullTGDs	15
nonFullTGDs	3869		fullTGDs	263			newNonFullTGDs	25		newFullTGDs	16
nonFullTGDs	3915		fullTGDs	263			newNonFullTGDs	31		newFullTGDs	17
nonFullTGDs	3896		fullTGDs	263			newNonFullTGDs	32		newFullTGDs	17
nonFullTGDs	3770		fullTGDs	263			newNonFullTGDs	34		newFullTGDs	17
nonFullTGDs	3747		fullTGDs	263			newNonFullTGDs	24		newFullTGDs	20
nonFullTGDs	3768		fullTGDs	263			newNonFullTGDs	20		newFullTGDs	20
nonFullTGDs	3661		fullTGDs	263			newNonFullTGDs	26		newFullTGDs	20
nonFullTGDs	3580		fullTGDs	263			newNonFullTGDs	14		newFullTGDs	20
nonFullTGDs	3571		fullTGDs	263			newNonFullTGDs	12		newFullTGDs	25
nonFullTGDs	3458		fullTGDs	263			newNonFullTGDs	20		newFullTGDs	25
nonFullTGDs	3350		fullTGDs	263			newNonFullTGDs	15		newFullTGDs	25
nonFullTGDs	3282		fullTGDs	263			newNonFullTGDs	18		newFullTGDs	26
nonFullTGDs	3194		fullTGDs	263			newNonFullTGDs	16		newFullTGDs	28
nonFullTGDs	3126		fullTGDs	263			newNonFullTGDs	6		newFullTGDs	29
Nov 21, 2021 8:17:25 AM uk.ac.ox.cs.gsat.SaturationStatistics log
INFO: # initial TGDs: 263 , 48
Nov 21, 2021 8:17:25 AM uk.ac.ox.cs.gsat.SaturationStatistics log
INFO: GSat total time : 50762 ms = 50.76 s
Nov 21, 2021 8:17:25 AM uk.ac.ox.cs.gsat.SaturationStatistics log
INFO: Subsumed elements : 98703
Nov 21, 2021 8:17:25 AM uk.ac.ox.cs.gsat.SaturationStatistics log
INFO: Filter discarded elements : 120730735
Nov 21, 2021 8:17:25 AM uk.ac.ox.cs.gsat.SaturationStatistics log
INFO: subsumption time: 9251 ms = 9.25 s
Nov 21, 2021 8:17:25 AM uk.ac.ox.cs.gsat.SaturationStatistics log
INFO: forward subsumption time: 8346 ms = 8.35 s
Nov 21, 2021 8:17:25 AM uk.ac.ox.cs.gsat.SaturationStatistics log
INFO: backward subsumption time: 905 ms = 0.90 s
Nov 21, 2021 8:17:25 AM uk.ac.ox.cs.gsat.SaturationStatistics log
INFO: Derived full/non full TGDs: 7756 , 94073
Nov 21, 2021 8:17:25 AM uk.ac.ox.cs.gsat.SaturationStatistics log
INFO: discarded tautology count: 0
Nov 21, 2021 8:17:25 AM uk.ac.ox.cs.gsat.EvolveStatistics log
INFO: Stop because subsumed: 4155
Nov 21, 2021 8:17:25 AM uk.ac.ox.cs.gsat.EvolveStatistics log
INFO: evolved equals to current: 41637
Nov 21, 2021 8:17:25 AM uk.ac.ox.cs.gsat.EvolveStatistics log
INFO: evolved time: 6967 ms = 6.97 s
Nov 21, 2021 8:17:25 AM uk.ac.ox.cs.gsat.EvolveStatistics log
INFO: evolve count: 2683770
Nov 21, 2021 8:17:25 AM uk.ac.ox.cs.gsat.AbstractSaturation run
INFO: ouptput full TGDs not contained in the input: 29
Nov 21, 2021 8:17:25 AM uk.ac.ox.cs.gsat.App executeAllSteps
INFO: Rewriting completed!
Full TGD saturation: (292 dependecies)
Nov 21, 2021 8:17:25 AM uk.ac.ox.cs.gsat.App executeAllSteps
INFO: Writing the saturation in the Datalog file 00151.rul
