Starting Saturation...
Executing from DLGP files
SLF4J: Failed to load class "org.slf4j.impl.StaticLoggerBinder".
SLF4J: Defaulting to no-operation (NOP) logger implementation
SLF4J: See http://www.slf4j.org/codes.html#StaticLoggerBinder for further details.
# Rules: 4536; # Atoms: 0; # AtomSets: 0; # Queries: 0; # Constraints: 0
Full TGD saturation algorithm: GSat
Running GSat...
Nov 21, 2021 3:44:09 PM uk.ac.ox.cs.gsat.AbstractSaturation run
INFO: GSat discarded rules : 0/4536 = 0.000%
GSat discarded rules : 0/4536 = 0.000%
Nov 21, 2021 3:44:09 PM uk.ac.ox.cs.gsat.AbstractSaturation run
INFO: Subsumption method : tree_predicate
length of the formulas: 3.0
number of bags: 6
length of the formulas: 3.0
number of bags: 6
nonFullTGDs	0		fullTGDs	3024			newNonFullTGDs	1512		newFullTGDs	0
nonFullTGDs	100		fullTGDs	3024			newNonFullTGDs	1412		newFullTGDs	1075
nonFullTGDs	200		fullTGDs	3024			newNonFullTGDs	1312		newFullTGDs	1962
nonFullTGDs	300		fullTGDs	3024			newNonFullTGDs	1212		newFullTGDs	2896
nonFullTGDs	400		fullTGDs	3024			newNonFullTGDs	1112		newFullTGDs	4126
nonFullTGDs	500		fullTGDs	3024			newNonFullTGDs	1012		newFullTGDs	5384
nonFullTGDs	600		fullTGDs	3024			newNonFullTGDs	912		newFullTGDs	7155
nonFullTGDs	700		fullTGDs	3024			newNonFullTGDs	812		newFullTGDs	8757
nonFullTGDs	800		fullTGDs	3024			newNonFullTGDs	712		newFullTGDs	10174
nonFullTGDs	900		fullTGDs	3024			newNonFullTGDs	612		newFullTGDs	11313
nonFullTGDs	1000		fullTGDs	3024			newNonFullTGDs	512		newFullTGDs	13090
nonFullTGDs	1100		fullTGDs	3024			newNonFullTGDs	412		newFullTGDs	14501
nonFullTGDs	1200		fullTGDs	3024			newNonFullTGDs	312		newFullTGDs	15949
nonFullTGDs	1300		fullTGDs	3024			newNonFullTGDs	212		newFullTGDs	17084
nonFullTGDs	1400		fullTGDs	3024			newNonFullTGDs	112		newFullTGDs	18266
nonFullTGDs	1500		fullTGDs	3024			newNonFullTGDs	12		newFullTGDs	19305
nonFullTGDs	1512		fullTGDs	3112			newNonFullTGDs	0		newFullTGDs	19298
nonFullTGDs	1512		fullTGDs	3212			newNonFullTGDs	0		newFullTGDs	19198
nonFullTGDs	1512		fullTGDs	3312			newNonFullTGDs	0		newFullTGDs	19098
nonFullTGDs	1512		fullTGDs	3412			newNonFullTGDs	0		newFullTGDs	18998
nonFullTGDs	1512		fullTGDs	3512			newNonFullTGDs	0		newFullTGDs	18898
nonFullTGDs	1512		fullTGDs	3612			newNonFullTGDs	0		newFullTGDs	18798
nonFullTGDs	1512		fullTGDs	3712			newNonFullTGDs	0		newFullTGDs	18698
nonFullTGDs	1512		fullTGDs	3812			newNonFullTGDs	0		newFullTGDs	18598
nonFullTGDs	1512		fullTGDs	3912			newNonFullTGDs	0		newFullTGDs	18498
nonFullTGDs	1512		fullTGDs	4012			newNonFullTGDs	0		newFullTGDs	18398
nonFullTGDs	1512		fullTGDs	4112			newNonFullTGDs	0		newFullTGDs	18298
nonFullTGDs	1512		fullTGDs	4212			newNonFullTGDs	0		newFullTGDs	18198
nonFullTGDs	1512		fullTGDs	4312			newNonFullTGDs	0		newFullTGDs	18098
nonFullTGDs	1512		fullTGDs	4412			newNonFullTGDs	0		newFullTGDs	17998
nonFullTGDs	1512		fullTGDs	4512			newNonFullTGDs	0		newFullTGDs	17898
nonFullTGDs	1512		fullTGDs	4612			newNonFullTGDs	0		newFullTGDs	17798
nonFullTGDs	1512		fullTGDs	4712			newNonFullTGDs	0		newFullTGDs	17698
nonFullTGDs	1512		fullTGDs	4812			newNonFullTGDs	0		newFullTGDs	17598
nonFullTGDs	1512		fullTGDs	4912			newNonFullTGDs	0		newFullTGDs	17498
nonFullTGDs	1512		fullTGDs	5012			newNonFullTGDs	0		newFullTGDs	17398
nonFullTGDs	1512		fullTGDs	5112			newNonFullTGDs	0		newFullTGDs	17298
nonFullTGDs	1512		fullTGDs	5212			newNonFullTGDs	0		newFullTGDs	17198
nonFullTGDs	1512		fullTGDs	5312			newNonFullTGDs	0		newFullTGDs	17098
nonFullTGDs	1512		fullTGDs	5412			newNonFullTGDs	0		newFullTGDs	16998
nonFullTGDs	1512		fullTGDs	5512			newNonFullTGDs	0		newFullTGDs	16898
nonFullTGDs	1512		fullTGDs	5612			newNonFullTGDs	0		newFullTGDs	16798
nonFullTGDs	1512		fullTGDs	5712			newNonFullTGDs	0		newFullTGDs	16698
nonFullTGDs	1512		fullTGDs	5812			newNonFullTGDs	0		newFullTGDs	16598
nonFullTGDs	1512		fullTGDs	5912			newNonFullTGDs	0		newFullTGDs	16498
nonFullTGDs	1512		fullTGDs	6012			newNonFullTGDs	0		newFullTGDs	16398
nonFullTGDs	1512		fullTGDs	6112			newNonFullTGDs	0		newFullTGDs	16298
nonFullTGDs	1512		fullTGDs	6212			newNonFullTGDs	0		newFullTGDs	16198
nonFullTGDs	1512		fullTGDs	6312			newNonFullTGDs	0		newFullTGDs	16098
nonFullTGDs	1512		fullTGDs	6412			newNonFullTGDs	0		newFullTGDs	15998
nonFullTGDs	1512		fullTGDs	6512			newNonFullTGDs	0		newFullTGDs	15898
nonFullTGDs	1512		fullTGDs	6612			newNonFullTGDs	0		newFullTGDs	15798
nonFullTGDs	1512		fullTGDs	6712			newNonFullTGDs	0		newFullTGDs	15698
nonFullTGDs	1512		fullTGDs	6812			newNonFullTGDs	0		newFullTGDs	15598
nonFullTGDs	1512		fullTGDs	6912			newNonFullTGDs	0		newFullTGDs	15498
nonFullTGDs	1512		fullTGDs	7012			newNonFullTGDs	0		newFullTGDs	15398
nonFullTGDs	1512		fullTGDs	7112			newNonFullTGDs	0		newFullTGDs	15298
nonFullTGDs	1512		fullTGDs	7212			newNonFullTGDs	0		newFullTGDs	15198
nonFullTGDs	1512		fullTGDs	7312			newNonFullTGDs	0		newFullTGDs	15098
nonFullTGDs	1512		fullTGDs	7412			newNonFullTGDs	0		newFullTGDs	14998
nonFullTGDs	1512		fullTGDs	7512			newNonFullTGDs	0		newFullTGDs	14898
nonFullTGDs	1512		fullTGDs	7612			newNonFullTGDs	0		newFullTGDs	14798
nonFullTGDs	1512		fullTGDs	7712			newNonFullTGDs	0		newFullTGDs	14698
nonFullTGDs	1512		fullTGDs	7812			newNonFullTGDs	0		newFullTGDs	14598
nonFullTGDs	1512		fullTGDs	7912			newNonFullTGDs	0		newFullTGDs	14498
nonFullTGDs	1512		fullTGDs	8012			newNonFullTGDs	0		newFullTGDs	14398
nonFullTGDs	1512		fullTGDs	8112			newNonFullTGDs	0		newFullTGDs	14298
nonFullTGDs	1512		fullTGDs	8212			newNonFullTGDs	0		newFullTGDs	14198
nonFullTGDs	1512		fullTGDs	8312			newNonFullTGDs	0		newFullTGDs	14098
nonFullTGDs	1512		fullTGDs	8412			newNonFullTGDs	0		newFullTGDs	13998
nonFullTGDs	1512		fullTGDs	8512			newNonFullTGDs	0		newFullTGDs	13898
nonFullTGDs	1512		fullTGDs	8612			newNonFullTGDs	0		newFullTGDs	13798
nonFullTGDs	1512		fullTGDs	8712			newNonFullTGDs	0		newFullTGDs	13698
nonFullTGDs	1512		fullTGDs	8812			newNonFullTGDs	0		newFullTGDs	13598
nonFullTGDs	1512		fullTGDs	8912			newNonFullTGDs	0		newFullTGDs	13498
nonFullTGDs	1512		fullTGDs	9012			newNonFullTGDs	0		newFullTGDs	13398
nonFullTGDs	1512		fullTGDs	9112			newNonFullTGDs	0		newFullTGDs	13298
nonFullTGDs	1512		fullTGDs	9212			newNonFullTGDs	0		newFullTGDs	13198
nonFullTGDs	1512		fullTGDs	9312			newNonFullTGDs	0		newFullTGDs	13098
nonFullTGDs	1512		fullTGDs	9412			newNonFullTGDs	0		newFullTGDs	12998
nonFullTGDs	1512		fullTGDs	9512			newNonFullTGDs	0		newFullTGDs	12898
nonFullTGDs	1512		fullTGDs	9612			newNonFullTGDs	0		newFullTGDs	12798
nonFullTGDs	1512		fullTGDs	9712			newNonFullTGDs	0		newFullTGDs	12698
nonFullTGDs	1512		fullTGDs	9812			newNonFullTGDs	0		newFullTGDs	12598
nonFullTGDs	1512		fullTGDs	9912			newNonFullTGDs	0		newFullTGDs	12498
nonFullTGDs	1512		fullTGDs	10012			newNonFullTGDs	0		newFullTGDs	12398
nonFullTGDs	1512		fullTGDs	10112			newNonFullTGDs	0		newFullTGDs	12298
nonFullTGDs	1512		fullTGDs	10212			newNonFullTGDs	0		newFullTGDs	12198
nonFullTGDs	1512		fullTGDs	10312			newNonFullTGDs	0		newFullTGDs	12098
nonFullTGDs	1512		fullTGDs	10412			newNonFullTGDs	0		newFullTGDs	11998
nonFullTGDs	1512		fullTGDs	10512			newNonFullTGDs	0		newFullTGDs	11898
nonFullTGDs	1512		fullTGDs	10612			newNonFullTGDs	0		newFullTGDs	11798
nonFullTGDs	1512		fullTGDs	10712			newNonFullTGDs	0		newFullTGDs	11698
nonFullTGDs	1512		fullTGDs	10812			newNonFullTGDs	0		newFullTGDs	11598
nonFullTGDs	1512		fullTGDs	10912			newNonFullTGDs	0		newFullTGDs	11498
nonFullTGDs	1512		fullTGDs	11012			newNonFullTGDs	0		newFullTGDs	11398
nonFullTGDs	1512		fullTGDs	11112			newNonFullTGDs	0		newFullTGDs	11298
nonFullTGDs	1512		fullTGDs	11212			newNonFullTGDs	0		newFullTGDs	11198
nonFullTGDs	1512		fullTGDs	11312			newNonFullTGDs	0		newFullTGDs	11098
nonFullTGDs	1512		fullTGDs	11412			newNonFullTGDs	0		newFullTGDs	10998
nonFullTGDs	1512		fullTGDs	11512			newNonFullTGDs	0		newFullTGDs	10898
nonFullTGDs	1512		fullTGDs	11612			newNonFullTGDs	0		newFullTGDs	10798
nonFullTGDs	1512		fullTGDs	11712			newNonFullTGDs	0		newFullTGDs	10698
nonFullTGDs	1512		fullTGDs	11812			newNonFullTGDs	0		newFullTGDs	10598
nonFullTGDs	1512		fullTGDs	11912			newNonFullTGDs	0		newFullTGDs	10498
nonFullTGDs	1512		fullTGDs	12012			newNonFullTGDs	0		newFullTGDs	10398
nonFullTGDs	1512		fullTGDs	12112			newNonFullTGDs	0		newFullTGDs	10298
nonFullTGDs	1512		fullTGDs	12212			newNonFullTGDs	0		newFullTGDs	10198
nonFullTGDs	1512		fullTGDs	12312			newNonFullTGDs	0		newFullTGDs	10098
nonFullTGDs	1512		fullTGDs	12412			newNonFullTGDs	0		newFullTGDs	9998
nonFullTGDs	1512		fullTGDs	12512			newNonFullTGDs	0		newFullTGDs	9898
nonFullTGDs	1512		fullTGDs	12612			newNonFullTGDs	0		newFullTGDs	9798
nonFullTGDs	1512		fullTGDs	12712			newNonFullTGDs	0		newFullTGDs	9698
nonFullTGDs	1512		fullTGDs	12812			newNonFullTGDs	0		newFullTGDs	9598
nonFullTGDs	1512		fullTGDs	12912			newNonFullTGDs	0		newFullTGDs	9498
nonFullTGDs	1512		fullTGDs	13012			newNonFullTGDs	0		newFullTGDs	9398
nonFullTGDs	1512		fullTGDs	13112			newNonFullTGDs	0		newFullTGDs	9298
nonFullTGDs	1512		fullTGDs	13212			newNonFullTGDs	0		newFullTGDs	9198
nonFullTGDs	1512		fullTGDs	13312			newNonFullTGDs	0		newFullTGDs	9098
nonFullTGDs	1512		fullTGDs	13412			newNonFullTGDs	0		newFullTGDs	8998
nonFullTGDs	1512		fullTGDs	13512			newNonFullTGDs	0		newFullTGDs	8898
nonFullTGDs	1512		fullTGDs	13612			newNonFullTGDs	0		newFullTGDs	8798
nonFullTGDs	1512		fullTGDs	13712			newNonFullTGDs	0		newFullTGDs	8698
nonFullTGDs	1512		fullTGDs	13812			newNonFullTGDs	0		newFullTGDs	8598
nonFullTGDs	1512		fullTGDs	13912			newNonFullTGDs	0		newFullTGDs	8498
nonFullTGDs	1512		fullTGDs	14012			newNonFullTGDs	0		newFullTGDs	8398
nonFullTGDs	1512		fullTGDs	14112			newNonFullTGDs	0		newFullTGDs	8298
nonFullTGDs	1512		fullTGDs	14212			newNonFullTGDs	0		newFullTGDs	8198
nonFullTGDs	1512		fullTGDs	14312			newNonFullTGDs	0		newFullTGDs	8098
nonFullTGDs	1512		fullTGDs	14412			newNonFullTGDs	0		newFullTGDs	7998
nonFullTGDs	1512		fullTGDs	14512			newNonFullTGDs	0		newFullTGDs	7898
nonFullTGDs	1512		fullTGDs	14612			newNonFullTGDs	0		newFullTGDs	7798
nonFullTGDs	1512		fullTGDs	14712			newNonFullTGDs	0		newFullTGDs	7698
nonFullTGDs	1512		fullTGDs	14812			newNonFullTGDs	0		newFullTGDs	7598
nonFullTGDs	1512		fullTGDs	14912			newNonFullTGDs	0		newFullTGDs	7498
nonFullTGDs	1512		fullTGDs	15012			newNonFullTGDs	0		newFullTGDs	7398
nonFullTGDs	1512		fullTGDs	15112			newNonFullTGDs	0		newFullTGDs	7298
nonFullTGDs	1512		fullTGDs	15212			newNonFullTGDs	0		newFullTGDs	7198
nonFullTGDs	1512		fullTGDs	15312			newNonFullTGDs	0		newFullTGDs	7098
nonFullTGDs	1512		fullTGDs	15412			newNonFullTGDs	0		newFullTGDs	6998
nonFullTGDs	1512		fullTGDs	15512			newNonFullTGDs	0		newFullTGDs	6898
nonFullTGDs	1512		fullTGDs	15612			newNonFullTGDs	0		newFullTGDs	6798
nonFullTGDs	1512		fullTGDs	15712			newNonFullTGDs	0		newFullTGDs	6698
nonFullTGDs	1512		fullTGDs	15812			newNonFullTGDs	0		newFullTGDs	6598
nonFullTGDs	1512		fullTGDs	15912			newNonFullTGDs	0		newFullTGDs	6498
nonFullTGDs	1512		fullTGDs	16012			newNonFullTGDs	0		newFullTGDs	6398
nonFullTGDs	1512		fullTGDs	16112			newNonFullTGDs	0		newFullTGDs	6298
nonFullTGDs	1512		fullTGDs	16212			newNonFullTGDs	0		newFullTGDs	6198
nonFullTGDs	1512		fullTGDs	16312			newNonFullTGDs	0		newFullTGDs	6098
nonFullTGDs	1512		fullTGDs	16412			newNonFullTGDs	0		newFullTGDs	5998
nonFullTGDs	1512		fullTGDs	16512			newNonFullTGDs	0		newFullTGDs	5898
nonFullTGDs	1512		fullTGDs	16612			newNonFullTGDs	0		newFullTGDs	5798
nonFullTGDs	1512		fullTGDs	16712			newNonFullTGDs	0		newFullTGDs	5698
nonFullTGDs	1512		fullTGDs	16812			newNonFullTGDs	0		newFullTGDs	5598
nonFullTGDs	1512		fullTGDs	16912			newNonFullTGDs	0		newFullTGDs	5498
nonFullTGDs	1512		fullTGDs	17012			newNonFullTGDs	0		newFullTGDs	5398
nonFullTGDs	1512		fullTGDs	17112			newNonFullTGDs	0		newFullTGDs	5298
nonFullTGDs	1512		fullTGDs	17212			newNonFullTGDs	0		newFullTGDs	5198
nonFullTGDs	1512		fullTGDs	17312			newNonFullTGDs	0		newFullTGDs	5098
nonFullTGDs	1512		fullTGDs	17412			newNonFullTGDs	0		newFullTGDs	4998
nonFullTGDs	1512		fullTGDs	17512			newNonFullTGDs	0		newFullTGDs	4898
nonFullTGDs	1512		fullTGDs	17612			newNonFullTGDs	0		newFullTGDs	4798
nonFullTGDs	1512		fullTGDs	17712			newNonFullTGDs	0		newFullTGDs	4698
nonFullTGDs	1512		fullTGDs	17812			newNonFullTGDs	0		newFullTGDs	4598
nonFullTGDs	1512		fullTGDs	17912			newNonFullTGDs	0		newFullTGDs	4498
nonFullTGDs	1512		fullTGDs	18012			newNonFullTGDs	0		newFullTGDs	4398
nonFullTGDs	1512		fullTGDs	18112			newNonFullTGDs	0		newFullTGDs	4298
nonFullTGDs	1512		fullTGDs	18212			newNonFullTGDs	0		newFullTGDs	4198
nonFullTGDs	1512		fullTGDs	18312			newNonFullTGDs	0		newFullTGDs	4098
nonFullTGDs	1512		fullTGDs	18412			newNonFullTGDs	0		newFullTGDs	3998
nonFullTGDs	1512		fullTGDs	18512			newNonFullTGDs	0		newFullTGDs	3898
nonFullTGDs	1512		fullTGDs	18612			newNonFullTGDs	0		newFullTGDs	3798
nonFullTGDs	1512		fullTGDs	18712			newNonFullTGDs	0		newFullTGDs	3698
nonFullTGDs	1512		fullTGDs	18812			newNonFullTGDs	0		newFullTGDs	3598
nonFullTGDs	1512		fullTGDs	18912			newNonFullTGDs	0		newFullTGDs	3498
nonFullTGDs	1512		fullTGDs	19012			newNonFullTGDs	0		newFullTGDs	3398
nonFullTGDs	1512		fullTGDs	19112			newNonFullTGDs	0		newFullTGDs	3298
nonFullTGDs	1512		fullTGDs	19212			newNonFullTGDs	0		newFullTGDs	3198
nonFullTGDs	1512		fullTGDs	19312			newNonFullTGDs	0		newFullTGDs	3098
nonFullTGDs	1512		fullTGDs	19412			newNonFullTGDs	0		newFullTGDs	2998
nonFullTGDs	1512		fullTGDs	19512			newNonFullTGDs	0		newFullTGDs	2898
nonFullTGDs	1512		fullTGDs	19612			newNonFullTGDs	0		newFullTGDs	2798
nonFullTGDs	1512		fullTGDs	19712			newNonFullTGDs	0		newFullTGDs	2698
nonFullTGDs	1512		fullTGDs	19812			newNonFullTGDs	0		newFullTGDs	2598
nonFullTGDs	1512		fullTGDs	19912			newNonFullTGDs	0		newFullTGDs	2498
nonFullTGDs	1512		fullTGDs	20012			newNonFullTGDs	0		newFullTGDs	2398
nonFullTGDs	1512		fullTGDs	20112			newNonFullTGDs	0		newFullTGDs	2298
nonFullTGDs	1512		fullTGDs	20212			newNonFullTGDs	0		newFullTGDs	2198
nonFullTGDs	1512		fullTGDs	20312			newNonFullTGDs	0		newFullTGDs	2098
nonFullTGDs	1512		fullTGDs	20412			newNonFullTGDs	0		newFullTGDs	1998
nonFullTGDs	1512		fullTGDs	20512			newNonFullTGDs	0		newFullTGDs	1898
nonFullTGDs	1512		fullTGDs	20612			newNonFullTGDs	0		newFullTGDs	1798
nonFullTGDs	1512		fullTGDs	20712			newNonFullTGDs	0		newFullTGDs	1698
nonFullTGDs	1512		fullTGDs	20812			newNonFullTGDs	0		newFullTGDs	1598
nonFullTGDs	1512		fullTGDs	20912			newNonFullTGDs	0		newFullTGDs	1498
nonFullTGDs	1512		fullTGDs	21012			newNonFullTGDs	0		newFullTGDs	1398
nonFullTGDs	1512		fullTGDs	21112			newNonFullTGDs	0		newFullTGDs	1298
nonFullTGDs	1512		fullTGDs	21212			newNonFullTGDs	0		newFullTGDs	1198
nonFullTGDs	1512		fullTGDs	21312			newNonFullTGDs	0		newFullTGDs	1098
nonFullTGDs	1512		fullTGDs	21412			newNonFullTGDs	0		newFullTGDs	998
nonFullTGDs	1512		fullTGDs	21512			newNonFullTGDs	0		newFullTGDs	898
nonFullTGDs	1512		fullTGDs	21612			newNonFullTGDs	0		newFullTGDs	798
nonFullTGDs	1512		fullTGDs	21712			newNonFullTGDs	0		newFullTGDs	698
nonFullTGDs	1512		fullTGDs	21812			newNonFullTGDs	0		newFullTGDs	598
nonFullTGDs	1512		fullTGDs	21912			newNonFullTGDs	0		newFullTGDs	498
nonFullTGDs	1512		fullTGDs	22012			newNonFullTGDs	0		newFullTGDs	398
nonFullTGDs	1512		fullTGDs	22112			newNonFullTGDs	0		newFullTGDs	298
nonFullTGDs	1512		fullTGDs	22212			newNonFullTGDs	0		newFullTGDs	198
nonFullTGDs	1512		fullTGDs	22312			newNonFullTGDs	0		newFullTGDs	98
Nov 21, 2021 3:45:30 PM uk.ac.ox.cs.gsat.SaturationStatistics log
INFO: # initial TGDs: 3024 , 1512
Nov 21, 2021 3:45:30 PM uk.ac.ox.cs.gsat.SaturationStatistics log
INFO: GSat total time : 81616 ms = 81.62 s
Nov 21, 2021 3:45:30 PM uk.ac.ox.cs.gsat.SaturationStatistics log
INFO: Subsumed elements : 20898
Nov 21, 2021 3:45:30 PM uk.ac.ox.cs.gsat.SaturationStatistics log
INFO: Filter discarded elements : 14871642
Nov 21, 2021 3:45:30 PM uk.ac.ox.cs.gsat.SaturationStatistics log
INFO: subsumption time: 1383 ms = 1.38 s
Nov 21, 2021 3:45:30 PM uk.ac.ox.cs.gsat.SaturationStatistics log
INFO: forward subsumption time: 857 ms = 0.86 s
Nov 21, 2021 3:45:30 PM uk.ac.ox.cs.gsat.SaturationStatistics log
INFO: backward subsumption time: 526 ms = 0.53 s
Nov 21, 2021 3:45:30 PM uk.ac.ox.cs.gsat.SaturationStatistics log
INFO: Derived full/non full TGDs: 19386 , 20898
Nov 21, 2021 3:45:30 PM uk.ac.ox.cs.gsat.SaturationStatistics log
INFO: discarded tautology count: 0
Nov 21, 2021 3:45:30 PM uk.ac.ox.cs.gsat.EvolveStatistics log
INFO: Stop because subsumed: 0
Nov 21, 2021 3:45:30 PM uk.ac.ox.cs.gsat.EvolveStatistics log
INFO: evolved equals to current: 0
Nov 21, 2021 3:45:30 PM uk.ac.ox.cs.gsat.EvolveStatistics log
INFO: evolved time: 52179 ms = 52.18 s
Nov 21, 2021 3:45:30 PM uk.ac.ox.cs.gsat.EvolveStatistics log
INFO: evolve count: 33883920
Nov 21, 2021 3:45:30 PM uk.ac.ox.cs.gsat.AbstractSaturation run
INFO: ouptput full TGDs not contained in the input: 19386
Nov 21, 2021 3:45:30 PM uk.ac.ox.cs.gsat.App executeAllSteps
INFO: Rewriting completed!
Full TGD saturation: (22410 dependecies)
Nov 21, 2021 3:45:30 PM uk.ac.ox.cs.gsat.App executeAllSteps
INFO: Writing the saturation in the Datalog file 00438.rul
