Starting Saturation...
Executing from DLGP files
SLF4J: Failed to load class "org.slf4j.impl.StaticLoggerBinder".
SLF4J: Defaulting to no-operation (NOP) logger implementation
SLF4J: See http://www.slf4j.org/codes.html#StaticLoggerBinder for further details.
# Rules: 181102; # Atoms: 0; # AtomSets: 0; # Queries: 0; # Constraints: 0
Full TGD saturation algorithm: GSat
Running GSat...
Nov 21, 2021 9:42:07 PM uk.ac.ox.cs.gsat.AbstractSaturation run
INFO: GSat discarded rules : 0/181102 = 0.000%
GSat discarded rules : 0/181102 = 0.000%
Nov 21, 2021 9:42:10 PM uk.ac.ox.cs.gsat.AbstractSaturation run
INFO: Subsumption method : tree_predicate
length of the formulas: 2.460232
number of bags: 45
length of the formulas: 2.460232
number of bags: 45
nonFullTGDs	0		fullTGDs	106867			newNonFullTGDs	74233		newFullTGDs	0
nonFullTGDs	16		fullTGDs	106867			newNonFullTGDs	74217		newFullTGDs	3
Nov 21, 2021 9:52:10 PM uk.ac.ox.cs.gsat.SaturationStatistics log
INFO: # initial TGDs: 106867 , 74233
Nov 21, 2021 9:52:10 PM uk.ac.ox.cs.gsat.SaturationStatistics log
INFO: GSat total time : 602710 ms = 602.71 s
Nov 21, 2021 9:52:10 PM uk.ac.ox.cs.gsat.SaturationStatistics log
INFO: Subsumed elements : 164
Nov 21, 2021 9:52:10 PM uk.ac.ox.cs.gsat.SaturationStatistics log
INFO: Filter discarded elements : 7278
Nov 21, 2021 9:52:10 PM uk.ac.ox.cs.gsat.SaturationStatistics log
INFO: subsumption time: 20 ms = 0.02 s
Nov 21, 2021 9:52:10 PM uk.ac.ox.cs.gsat.SaturationStatistics log
INFO: forward subsumption time: 9 ms = 0.01 s
Nov 21, 2021 9:52:10 PM uk.ac.ox.cs.gsat.SaturationStatistics log
INFO: backward subsumption time: 11 ms = 0.01 s
Nov 21, 2021 9:52:10 PM uk.ac.ox.cs.gsat.SaturationStatistics log
INFO: Derived full/non full TGDs: 26 , 143
Nov 21, 2021 9:52:10 PM uk.ac.ox.cs.gsat.SaturationStatistics log
INFO: discarded tautology count: 0
Nov 21, 2021 9:52:10 PM uk.ac.ox.cs.gsat.SaturationStatistics log
INFO: !!! TIME OUT !!!
Nov 21, 2021 9:52:10 PM uk.ac.ox.cs.gsat.EvolveStatistics log
INFO: Stop because subsumed: 143
Nov 21, 2021 9:52:10 PM uk.ac.ox.cs.gsat.EvolveStatistics log
INFO: evolved equals to current: 112
Nov 21, 2021 9:52:10 PM uk.ac.ox.cs.gsat.EvolveStatistics log
INFO: evolved time: 17844 ms = 17.84 s
Nov 21, 2021 9:52:10 PM uk.ac.ox.cs.gsat.EvolveStatistics log
INFO: evolve count: 9211801
Nov 21, 2021 9:52:10 PM uk.ac.ox.cs.gsat.AbstractSaturation run
INFO: ouptput full TGDs not contained in the input: 5
Nov 21, 2021 9:52:10 PM uk.ac.ox.cs.gsat.App executeAllSteps
INFO: Rewriting completed!
Full TGD saturation: (106872 dependecies)
Nov 21, 2021 9:52:10 PM uk.ac.ox.cs.gsat.App executeAllSteps
INFO: Writing the saturation in the Datalog file 00554.rul
