Starting Saturation...
Executing from DLGP files
SLF4J: Failed to load class "org.slf4j.impl.StaticLoggerBinder".
SLF4J: Defaulting to no-operation (NOP) logger implementation
SLF4J: See http://www.slf4j.org/codes.html#StaticLoggerBinder for further details.
# Rules: 331; # Atoms: 0; # AtomSets: 0; # Queries: 0; # Constraints: 0
Full TGD saturation algorithm: GSat
Running GSat...
Nov 21, 2021 10:56:35 PM uk.ac.ox.cs.gsat.AbstractSaturation run
INFO: GSat discarded rules : 0/331 = 0.000%
GSat discarded rules : 0/331 = 0.000%
Nov 21, 2021 10:56:35 PM uk.ac.ox.cs.gsat.AbstractSaturation run
INFO: Subsumption method : tree_predicate
length of the formulas: 2.6959708
number of bags: 2
length of the formulas: 2.6959708
number of bags: 2
nonFullTGDs	0		fullTGDs	181			newNonFullTGDs	92		newFullTGDs	0
nonFullTGDs	61		fullTGDs	181			newNonFullTGDs	31		newFullTGDs	18
Nov 21, 2021 10:56:36 PM uk.ac.ox.cs.gsat.SaturationStatistics log
INFO: # initial TGDs: 181 , 92
Nov 21, 2021 10:56:36 PM uk.ac.ox.cs.gsat.SaturationStatistics log
INFO: GSat total time : 655 ms = 0.65 s
Nov 21, 2021 10:56:36 PM uk.ac.ox.cs.gsat.SaturationStatistics log
INFO: Subsumed elements : 168
Nov 21, 2021 10:56:36 PM uk.ac.ox.cs.gsat.SaturationStatistics log
INFO: Filter discarded elements : 12421
Nov 21, 2021 10:56:36 PM uk.ac.ox.cs.gsat.SaturationStatistics log
INFO: subsumption time: 12 ms = 0.01 s
Nov 21, 2021 10:56:36 PM uk.ac.ox.cs.gsat.SaturationStatistics log
INFO: forward subsumption time: 9 ms = 0.01 s
Nov 21, 2021 10:56:36 PM uk.ac.ox.cs.gsat.SaturationStatistics log
INFO: backward subsumption time: 3 ms = 0.00 s
Nov 21, 2021 10:56:36 PM uk.ac.ox.cs.gsat.SaturationStatistics log
INFO: Derived full/non full TGDs: 79 , 141
Nov 21, 2021 10:56:36 PM uk.ac.ox.cs.gsat.SaturationStatistics log
INFO: discarded tautology count: 0
Nov 21, 2021 10:56:36 PM uk.ac.ox.cs.gsat.EvolveStatistics log
INFO: Stop because subsumed: 39
Nov 21, 2021 10:56:36 PM uk.ac.ox.cs.gsat.EvolveStatistics log
INFO: evolved equals to current: 28
Nov 21, 2021 10:56:36 PM uk.ac.ox.cs.gsat.EvolveStatistics log
INFO: evolved time: 257 ms = 0.26 s
Nov 21, 2021 10:56:36 PM uk.ac.ox.cs.gsat.EvolveStatistics log
INFO: evolve count: 25096
Nov 21, 2021 10:56:36 PM uk.ac.ox.cs.gsat.AbstractSaturation run
INFO: ouptput full TGDs not contained in the input: 52
Nov 21, 2021 10:56:36 PM uk.ac.ox.cs.gsat.App executeAllSteps
INFO: Rewriting completed!
Full TGD saturation: (233 dependecies)
Nov 21, 2021 10:56:36 PM uk.ac.ox.cs.gsat.App executeAllSteps
INFO: Writing the saturation in the Datalog file 00637.rul
