Starting Saturation...
Executing from DLGP files
SLF4J: Failed to load class "org.slf4j.impl.StaticLoggerBinder".
SLF4J: Defaulting to no-operation (NOP) logger implementation
SLF4J: See http://www.slf4j.org/codes.html#StaticLoggerBinder for further details.
# Rules: 224; # Atoms: 0; # AtomSets: 0; # Queries: 0; # Constraints: 0
Full TGD saturation algorithm: GSat
Running GSat...
Nov 22, 2021 1:25:36 AM uk.ac.ox.cs.gsat.AbstractSaturation run
INFO: GSat discarded rules : 0/224 = 0.000%
GSat discarded rules : 0/224 = 0.000%
Nov 22, 2021 1:25:36 AM uk.ac.ox.cs.gsat.AbstractSaturation run
INFO: Subsumption method : tree_predicate
length of the formulas: 3.34375
number of bags: 2
length of the formulas: 3.34375
number of bags: 2
nonFullTGDs	0		fullTGDs	127			newNonFullTGDs	97		newFullTGDs	0
nonFullTGDs	14		fullTGDs	127			newNonFullTGDs	83		newFullTGDs	0
nonFullTGDs	31		fullTGDs	127			newNonFullTGDs	66		newFullTGDs	0
nonFullTGDs	47		fullTGDs	127			newNonFullTGDs	50		newFullTGDs	0
nonFullTGDs	83		fullTGDs	127			newNonFullTGDs	14		newFullTGDs	0
Nov 22, 2021 1:25:37 AM uk.ac.ox.cs.gsat.SaturationStatistics log
INFO: # initial TGDs: 127 , 97
Nov 22, 2021 1:25:37 AM uk.ac.ox.cs.gsat.SaturationStatistics log
INFO: GSat total time : 1120 ms = 1.12 s
Nov 22, 2021 1:25:37 AM uk.ac.ox.cs.gsat.SaturationStatistics log
INFO: Subsumed elements : 363
Nov 22, 2021 1:25:37 AM uk.ac.ox.cs.gsat.SaturationStatistics log
INFO: Filter discarded elements : 28883
Nov 22, 2021 1:25:37 AM uk.ac.ox.cs.gsat.SaturationStatistics log
INFO: subsumption time: 22 ms = 0.02 s
Nov 22, 2021 1:25:37 AM uk.ac.ox.cs.gsat.SaturationStatistics log
INFO: forward subsumption time: 14 ms = 0.01 s
Nov 22, 2021 1:25:37 AM uk.ac.ox.cs.gsat.SaturationStatistics log
INFO: backward subsumption time: 8 ms = 0.01 s
Nov 22, 2021 1:25:37 AM uk.ac.ox.cs.gsat.SaturationStatistics log
INFO: Derived full/non full TGDs: 32 , 331
Nov 22, 2021 1:25:37 AM uk.ac.ox.cs.gsat.SaturationStatistics log
INFO: discarded tautology count: 0
Nov 22, 2021 1:25:37 AM uk.ac.ox.cs.gsat.EvolveStatistics log
INFO: Stop because subsumed: 331
Nov 22, 2021 1:25:37 AM uk.ac.ox.cs.gsat.EvolveStatistics log
INFO: evolved equals to current: 145
Nov 22, 2021 1:25:37 AM uk.ac.ox.cs.gsat.EvolveStatistics log
INFO: evolved time: 312 ms = 0.31 s
Nov 22, 2021 1:25:37 AM uk.ac.ox.cs.gsat.EvolveStatistics log
INFO: evolve count: 27873
Nov 22, 2021 1:25:37 AM uk.ac.ox.cs.gsat.AbstractSaturation run
INFO: ouptput full TGDs not contained in the input: 0
Nov 22, 2021 1:25:37 AM uk.ac.ox.cs.gsat.App executeAllSteps
INFO: Rewriting completed!
Full TGD saturation: (127 dependecies)
Nov 22, 2021 1:25:37 AM uk.ac.ox.cs.gsat.App executeAllSteps
INFO: Writing the saturation in the Datalog file 00718.rul
