Starting Saturation...
Executing from DLGP files
SLF4J: Failed to load class "org.slf4j.impl.StaticLoggerBinder".
SLF4J: Defaulting to no-operation (NOP) logger implementation
SLF4J: See http://www.slf4j.org/codes.html#StaticLoggerBinder for further details.
# Rules: 1378; # Atoms: 0; # AtomSets: 0; # Queries: 0; # Constraints: 0
Full TGD saturation algorithm: GSat
Running GSat...
Nov 22, 2021 1:35:15 AM uk.ac.ox.cs.gsat.AbstractSaturation run
INFO: GSat discarded rules : 0/1378 = 0.000%
GSat discarded rules : 0/1378 = 0.000%
Nov 22, 2021 1:35:15 AM uk.ac.ox.cs.gsat.AbstractSaturation run
INFO: Subsumption method : tree_predicate
length of the formulas: 3.8251088
number of bags: 3
length of the formulas: 3.8251088
number of bags: 3
nonFullTGDs	0		fullTGDs	676			newNonFullTGDs	702		newFullTGDs	0
nonFullTGDs	19		fullTGDs	676			newNonFullTGDs	698		newFullTGDs	0
nonFullTGDs	40		fullTGDs	676			newNonFullTGDs	693		newFullTGDs	0
nonFullTGDs	70		fullTGDs	676			newNonFullTGDs	688		newFullTGDs	0
nonFullTGDs	94		fullTGDs	676			newNonFullTGDs	679		newFullTGDs	0
nonFullTGDs	117		fullTGDs	676			newNonFullTGDs	664		newFullTGDs	0
nonFullTGDs	139		fullTGDs	676			newNonFullTGDs	654		newFullTGDs	0
nonFullTGDs	157		fullTGDs	676			newNonFullTGDs	635		newFullTGDs	0
nonFullTGDs	179		fullTGDs	676			newNonFullTGDs	626		newFullTGDs	0
nonFullTGDs	198		fullTGDs	676			newNonFullTGDs	608		newFullTGDs	0
nonFullTGDs	214		fullTGDs	676			newNonFullTGDs	592		newFullTGDs	0
nonFullTGDs	229		fullTGDs	676			newNonFullTGDs	577		newFullTGDs	0
nonFullTGDs	245		fullTGDs	676			newNonFullTGDs	561		newFullTGDs	0
nonFullTGDs	261		fullTGDs	676			newNonFullTGDs	545		newFullTGDs	0
nonFullTGDs	276		fullTGDs	676			newNonFullTGDs	530		newFullTGDs	0
nonFullTGDs	291		fullTGDs	676			newNonFullTGDs	515		newFullTGDs	0
nonFullTGDs	306		fullTGDs	676			newNonFullTGDs	500		newFullTGDs	0
nonFullTGDs	322		fullTGDs	676			newNonFullTGDs	484		newFullTGDs	0
nonFullTGDs	337		fullTGDs	676			newNonFullTGDs	469		newFullTGDs	0
nonFullTGDs	353		fullTGDs	676			newNonFullTGDs	453		newFullTGDs	0
nonFullTGDs	369		fullTGDs	676			newNonFullTGDs	437		newFullTGDs	0
nonFullTGDs	385		fullTGDs	676			newNonFullTGDs	421		newFullTGDs	0
nonFullTGDs	402		fullTGDs	676			newNonFullTGDs	404		newFullTGDs	0
nonFullTGDs	418		fullTGDs	676			newNonFullTGDs	388		newFullTGDs	0
nonFullTGDs	435		fullTGDs	676			newNonFullTGDs	371		newFullTGDs	0
nonFullTGDs	452		fullTGDs	676			newNonFullTGDs	354		newFullTGDs	0
nonFullTGDs	468		fullTGDs	676			newNonFullTGDs	338		newFullTGDs	0
nonFullTGDs	485		fullTGDs	676			newNonFullTGDs	321		newFullTGDs	0
nonFullTGDs	502		fullTGDs	676			newNonFullTGDs	304		newFullTGDs	0
nonFullTGDs	528		fullTGDs	676			newNonFullTGDs	278		newFullTGDs	0
nonFullTGDs	578		fullTGDs	676			newNonFullTGDs	228		newFullTGDs	0
nonFullTGDs	628		fullTGDs	676			newNonFullTGDs	178		newFullTGDs	0
nonFullTGDs	678		fullTGDs	676			newNonFullTGDs	128		newFullTGDs	0
nonFullTGDs	728		fullTGDs	676			newNonFullTGDs	78		newFullTGDs	0
nonFullTGDs	778		fullTGDs	676			newNonFullTGDs	28		newFullTGDs	0
Nov 22, 2021 1:35:54 AM uk.ac.ox.cs.gsat.SaturationStatistics log
INFO: # initial TGDs: 676 , 702
Nov 22, 2021 1:35:54 AM uk.ac.ox.cs.gsat.SaturationStatistics log
INFO: GSat total time : 38345 ms = 38.35 s
Nov 22, 2021 1:35:54 AM uk.ac.ox.cs.gsat.SaturationStatistics log
INFO: Subsumed elements : 3818
Nov 22, 2021 1:35:54 AM uk.ac.ox.cs.gsat.SaturationStatistics log
INFO: Filter discarded elements : 1418724
Nov 22, 2021 1:35:54 AM uk.ac.ox.cs.gsat.SaturationStatistics log
INFO: subsumption time: 172 ms = 0.17 s
Nov 22, 2021 1:35:54 AM uk.ac.ox.cs.gsat.SaturationStatistics log
INFO: forward subsumption time: 101 ms = 0.10 s
Nov 22, 2021 1:35:54 AM uk.ac.ox.cs.gsat.SaturationStatistics log
INFO: backward subsumption time: 71 ms = 0.07 s
Nov 22, 2021 1:35:54 AM uk.ac.ox.cs.gsat.SaturationStatistics log
INFO: Derived full/non full TGDs: 256 , 3666
Nov 22, 2021 1:35:54 AM uk.ac.ox.cs.gsat.SaturationStatistics log
INFO: discarded tautology count: 0
Nov 22, 2021 1:35:54 AM uk.ac.ox.cs.gsat.EvolveStatistics log
INFO: Stop because subsumed: 2495
Nov 22, 2021 1:35:54 AM uk.ac.ox.cs.gsat.EvolveStatistics log
INFO: evolved equals to current: 1100
Nov 22, 2021 1:35:54 AM uk.ac.ox.cs.gsat.EvolveStatistics log
INFO: evolved time: 9032 ms = 9.03 s
Nov 22, 2021 1:35:54 AM uk.ac.ox.cs.gsat.EvolveStatistics log
INFO: evolve count: 1321731
Nov 22, 2021 1:35:54 AM uk.ac.ox.cs.gsat.AbstractSaturation run
INFO: ouptput full TGDs not contained in the input: 0
Nov 22, 2021 1:35:54 AM uk.ac.ox.cs.gsat.App executeAllSteps
INFO: Rewriting completed!
Full TGD saturation: (676 dependecies)
Nov 22, 2021 1:35:54 AM uk.ac.ox.cs.gsat.App executeAllSteps
INFO: Writing the saturation in the Datalog file 00733.rul
