Starting Saturation...
Executing from DLGP files
SLF4J: Failed to load class "org.slf4j.impl.StaticLoggerBinder".
SLF4J: Defaulting to no-operation (NOP) logger implementation
SLF4J: See http://www.slf4j.org/codes.html#StaticLoggerBinder for further details.
# Rules: 389; # Atoms: 0; # AtomSets: 0; # Queries: 0; # Constraints: 0
Full TGD saturation algorithm: GSat
Running GSat...
Nov 22, 2021 1:37:45 AM uk.ac.ox.cs.gsat.AbstractSaturation run
INFO: GSat discarded rules : 0/389 = 0.000%
GSat discarded rules : 0/389 = 0.000%
Nov 22, 2021 1:37:45 AM uk.ac.ox.cs.gsat.AbstractSaturation run
INFO: Subsumption method : tree_predicate
length of the formulas: 3.5578406
number of bags: 2
length of the formulas: 3.5578406
number of bags: 2
nonFullTGDs	0		fullTGDs	198			newNonFullTGDs	191		newFullTGDs	0
nonFullTGDs	17		fullTGDs	198			newNonFullTGDs	176		newFullTGDs	0
nonFullTGDs	32		fullTGDs	198			newNonFullTGDs	161		newFullTGDs	0
nonFullTGDs	48		fullTGDs	198			newNonFullTGDs	145		newFullTGDs	0
nonFullTGDs	65		fullTGDs	198			newNonFullTGDs	128		newFullTGDs	0
nonFullTGDs	81		fullTGDs	198			newNonFullTGDs	112		newFullTGDs	0
nonFullTGDs	98		fullTGDs	198			newNonFullTGDs	95		newFullTGDs	0
nonFullTGDs	115		fullTGDs	198			newNonFullTGDs	78		newFullTGDs	0
nonFullTGDs	163		fullTGDs	198			newNonFullTGDs	30		newFullTGDs	0
Nov 22, 2021 1:37:48 AM uk.ac.ox.cs.gsat.SaturationStatistics log
INFO: # initial TGDs: 198 , 191
Nov 22, 2021 1:37:48 AM uk.ac.ox.cs.gsat.SaturationStatistics log
INFO: GSat total time : 2916 ms = 2.92 s
Nov 22, 2021 1:37:48 AM uk.ac.ox.cs.gsat.SaturationStatistics log
INFO: Subsumed elements : 725
Nov 22, 2021 1:37:48 AM uk.ac.ox.cs.gsat.SaturationStatistics log
INFO: Filter discarded elements : 116100
Nov 22, 2021 1:37:48 AM uk.ac.ox.cs.gsat.SaturationStatistics log
INFO: subsumption time: 45 ms = 0.05 s
Nov 22, 2021 1:37:48 AM uk.ac.ox.cs.gsat.SaturationStatistics log
INFO: forward subsumption time: 28 ms = 0.03 s
Nov 22, 2021 1:37:48 AM uk.ac.ox.cs.gsat.SaturationStatistics log
INFO: backward subsumption time: 17 ms = 0.02 s
Nov 22, 2021 1:37:48 AM uk.ac.ox.cs.gsat.SaturationStatistics log
INFO: Derived full/non full TGDs: 48 , 679
Nov 22, 2021 1:37:48 AM uk.ac.ox.cs.gsat.SaturationStatistics log
INFO: discarded tautology count: 0
Nov 22, 2021 1:37:48 AM uk.ac.ox.cs.gsat.EvolveStatistics log
INFO: Stop because subsumed: 667
Nov 22, 2021 1:37:48 AM uk.ac.ox.cs.gsat.EvolveStatistics log
INFO: evolved equals to current: 263
Nov 22, 2021 1:37:48 AM uk.ac.ox.cs.gsat.EvolveStatistics log
INFO: evolved time: 777 ms = 0.78 s
Nov 22, 2021 1:37:48 AM uk.ac.ox.cs.gsat.EvolveStatistics log
INFO: evolve count: 92761
Nov 22, 2021 1:37:48 AM uk.ac.ox.cs.gsat.AbstractSaturation run
INFO: ouptput full TGDs not contained in the input: 0
Nov 22, 2021 1:37:48 AM uk.ac.ox.cs.gsat.App executeAllSteps
INFO: Rewriting completed!
Full TGD saturation: (198 dependecies)
Nov 22, 2021 1:37:48 AM uk.ac.ox.cs.gsat.App executeAllSteps
INFO: Writing the saturation in the Datalog file 00742.rul
