Starting Saturation...
Executing from DLGP files
SLF4J: Failed to load class "org.slf4j.impl.StaticLoggerBinder".
SLF4J: Defaulting to no-operation (NOP) logger implementation
SLF4J: See http://www.slf4j.org/codes.html#StaticLoggerBinder for further details.
# Rules: 66; # Atoms: 0; # AtomSets: 0; # Queries: 0; # Constraints: 0
Full TGD saturation algorithm: hyperresolution Sat
Running HyperSat...
Jan 25, 2022 9:25:52 PM uk.ac.ox.cs.gsat.AbstractSaturation run
INFO: HyperSat discarded rules : 0/66 = 0.000%
Jan 25, 2022 9:25:52 PM uk.ac.ox.cs.gsat.AbstractSaturation run
INFO: Subsumption method : tree_predicate
length of the formulas: 2.0246913
number of bags: 2
length of the formulas: 2.0246913
number of bags: 2
Jan 25, 2022 9:25:52 PM uk.ac.ox.cs.gsat.SaturationStatistics log
INFO: # initial TGDs: 51 , 30
Jan 25, 2022 9:25:52 PM uk.ac.ox.cs.gsat.SaturationStatistics log
INFO: HyperSat total time : 104 ms = 0.10 s
Jan 25, 2022 9:25:52 PM uk.ac.ox.cs.gsat.SaturationStatistics log
INFO: Subsumed elements : 100
Jan 25, 2022 9:25:52 PM uk.ac.ox.cs.gsat.SaturationStatistics log
INFO: Filter discarded elements : 2937
Jan 25, 2022 9:25:52 PM uk.ac.ox.cs.gsat.SaturationStatistics log
INFO: subsumption time: 10 ms = 0.01 s
Jan 25, 2022 9:25:52 PM uk.ac.ox.cs.gsat.SaturationStatistics log
INFO: forward subsumption time: 7 ms = 0.01 s
Jan 25, 2022 9:25:52 PM uk.ac.ox.cs.gsat.SaturationStatistics log
INFO: backward subsumption time: 2 ms = 0.00 s
Jan 25, 2022 9:25:52 PM uk.ac.ox.cs.gsat.SaturationStatistics log
INFO: Derived full/non full TGDs: 36 , 148
Jan 25, 2022 9:25:52 PM uk.ac.ox.cs.gsat.SaturationStatistics log
INFO: discarded tautology count: 3
Jan 25, 2022 9:25:52 PM uk.ac.ox.cs.gsat.HyperResolutionStatistics log
INFO: hyperresolution time: 36 ms = 0.04 s
Jan 25, 2022 9:25:52 PM uk.ac.ox.cs.gsat.HyperResolutionStatistics log
INFO: hyperresolution count: 190
Jan 25, 2022 9:25:52 PM uk.ac.ox.cs.gsat.HyperResolutionStatistics log
INFO: hyperresolution failure count: 6
Jan 25, 2022 9:25:52 PM uk.ac.ox.cs.gsat.AbstractSaturation run
INFO: ouptput full TGDs not contained in the input: 8
Jan 25, 2022 9:25:52 PM uk.ac.ox.cs.gsat.App executeAllSteps
INFO: Rewriting completed!
Full TGD saturation: (59 dependecies)
Jan 25, 2022 9:25:52 PM uk.ac.ox.cs.gsat.App executeAllSteps
INFO: Writing the saturation in the Datalog file 00049.rul
