Starting Saturation...
Executing from DLGP files
SLF4J: Failed to load class "org.slf4j.impl.StaticLoggerBinder".
SLF4J: Defaulting to no-operation (NOP) logger implementation
SLF4J: See http://www.slf4j.org/codes.html#StaticLoggerBinder for further details.
# Rules: 38778; # Atoms: 0; # AtomSets: 0; # Queries: 0; # Constraints: 0
Full TGD saturation algorithm: hyperresolution Sat
Running HyperSat...
Jan 25, 2022 9:27:46 PM uk.ac.ox.cs.gsat.AbstractSaturation run
INFO: HyperSat discarded rules : 0/38778 = 0.000%
Jan 25, 2022 9:27:48 PM uk.ac.ox.cs.gsat.AbstractSaturation run
INFO: Subsumption method : tree_predicate
length of the formulas: 2.0267751
number of bags: 52
length of the formulas: 2.0267751
number of bags: 52
Jan 25, 2022 9:28:21 PM uk.ac.ox.cs.gsat.SaturationStatistics log
INFO: # initial TGDs: 30220 , 16540
Jan 25, 2022 9:28:21 PM uk.ac.ox.cs.gsat.SaturationStatistics log
INFO: HyperSat total time : 34667 ms = 34.67 s
Jan 25, 2022 9:28:21 PM uk.ac.ox.cs.gsat.SaturationStatistics log
INFO: Subsumed elements : 38749
Jan 25, 2022 9:28:21 PM uk.ac.ox.cs.gsat.SaturationStatistics log
INFO: Filter discarded elements : 312704
Jan 25, 2022 9:28:21 PM uk.ac.ox.cs.gsat.SaturationStatistics log
INFO: subsumption time: 1497 ms = 1.50 s
Jan 25, 2022 9:28:21 PM uk.ac.ox.cs.gsat.SaturationStatistics log
INFO: forward subsumption time: 963 ms = 0.96 s
Jan 25, 2022 9:28:21 PM uk.ac.ox.cs.gsat.SaturationStatistics log
INFO: backward subsumption time: 534 ms = 0.53 s
Jan 25, 2022 9:28:21 PM uk.ac.ox.cs.gsat.SaturationStatistics log
INFO: Derived full/non full TGDs: 8306 , 104927
Jan 25, 2022 9:28:21 PM uk.ac.ox.cs.gsat.SaturationStatistics log
INFO: discarded tautology count: 627
Jan 25, 2022 9:28:21 PM uk.ac.ox.cs.gsat.HyperResolutionStatistics log
INFO: hyperresolution time: 30415 ms = 30.42 s
Jan 25, 2022 9:28:21 PM uk.ac.ox.cs.gsat.HyperResolutionStatistics log
INFO: hyperresolution count: 7772351
Jan 25, 2022 9:28:21 PM uk.ac.ox.cs.gsat.HyperResolutionStatistics log
INFO: hyperresolution failure count: 7658208
Jan 25, 2022 9:28:21 PM uk.ac.ox.cs.gsat.AbstractSaturation run
INFO: ouptput full TGDs not contained in the input: 7317
Jan 25, 2022 9:28:21 PM uk.ac.ox.cs.gsat.App executeAllSteps
INFO: Rewriting completed!
Full TGD saturation: (37537 dependecies)
Jan 25, 2022 9:28:21 PM uk.ac.ox.cs.gsat.App executeAllSteps
INFO: Writing the saturation in the Datalog file 00374.rul
