Starting Saturation...
Executing from DLGP files
SLF4J: Failed to load class "org.slf4j.impl.StaticLoggerBinder".
SLF4J: Defaulting to no-operation (NOP) logger implementation
SLF4J: See http://www.slf4j.org/codes.html#StaticLoggerBinder for further details.
# Rules: 5710; # Atoms: 0; # AtomSets: 0; # Queries: 0; # Constraints: 0
Full TGD saturation algorithm: hyperresolution Sat
Running HyperSat...
Jan 25, 2022 9:29:49 PM uk.ac.ox.cs.gsat.AbstractSaturation run
INFO: HyperSat discarded rules : 0/5710 = 0.000%
Jan 25, 2022 9:29:49 PM uk.ac.ox.cs.gsat.AbstractSaturation run
INFO: Subsumption method : tree_predicate
length of the formulas: 2.0
number of bags: 21
length of the formulas: 2.0
number of bags: 21
Jan 25, 2022 9:29:50 PM uk.ac.ox.cs.gsat.SaturationStatistics log
INFO: # initial TGDs: 4625 , 2170
Jan 25, 2022 9:29:50 PM uk.ac.ox.cs.gsat.SaturationStatistics log
INFO: HyperSat total time : 815 ms = 0.82 s
Jan 25, 2022 9:29:50 PM uk.ac.ox.cs.gsat.SaturationStatistics log
INFO: Subsumed elements : 2720
Jan 25, 2022 9:29:50 PM uk.ac.ox.cs.gsat.SaturationStatistics log
INFO: Filter discarded elements : 18700
Jan 25, 2022 9:29:50 PM uk.ac.ox.cs.gsat.SaturationStatistics log
INFO: subsumption time: 118 ms = 0.12 s
Jan 25, 2022 9:29:50 PM uk.ac.ox.cs.gsat.SaturationStatistics log
INFO: forward subsumption time: 91 ms = 0.09 s
Jan 25, 2022 9:29:50 PM uk.ac.ox.cs.gsat.SaturationStatistics log
INFO: backward subsumption time: 27 ms = 0.03 s
Jan 25, 2022 9:29:50 PM uk.ac.ox.cs.gsat.SaturationStatistics log
INFO: Derived full/non full TGDs: 0 , 10865
Jan 25, 2022 9:29:50 PM uk.ac.ox.cs.gsat.SaturationStatistics log
INFO: discarded tautology count: 0
Jan 25, 2022 9:29:50 PM uk.ac.ox.cs.gsat.HyperResolutionStatistics log
INFO: hyperresolution time: 259 ms = 0.26 s
Jan 25, 2022 9:29:50 PM uk.ac.ox.cs.gsat.HyperResolutionStatistics log
INFO: hyperresolution count: 10865
Jan 25, 2022 9:29:50 PM uk.ac.ox.cs.gsat.HyperResolutionStatistics log
INFO: hyperresolution failure count: 0
Jan 25, 2022 9:29:50 PM uk.ac.ox.cs.gsat.AbstractSaturation run
INFO: ouptput full TGDs not contained in the input: 0
Jan 25, 2022 9:29:50 PM uk.ac.ox.cs.gsat.App executeAllSteps
INFO: Rewriting completed!
Full TGD saturation: (4625 dependecies)
Jan 25, 2022 9:29:50 PM uk.ac.ox.cs.gsat.App executeAllSteps
INFO: Writing the saturation in the Datalog file 00413.rul
