Starting Saturation...
Executing from DLGP files
SLF4J: Failed to load class "org.slf4j.impl.StaticLoggerBinder".
SLF4J: Defaulting to no-operation (NOP) logger implementation
SLF4J: See http://www.slf4j.org/codes.html#StaticLoggerBinder for further details.
# Rules: 1449; # Atoms: 0; # AtomSets: 0; # Queries: 0; # Constraints: 0
Full TGD saturation algorithm: hyperresolution Sat
Running HyperSat...
Jan 25, 2022 9:29:47 PM uk.ac.ox.cs.gsat.AbstractSaturation run
INFO: HyperSat discarded rules : 0/1449 = 0.000%
Jan 25, 2022 9:29:47 PM uk.ac.ox.cs.gsat.AbstractSaturation run
INFO: Subsumption method : tree_predicate
length of the formulas: 2.0
number of bags: 10
length of the formulas: 2.0
number of bags: 10
Jan 25, 2022 9:29:47 PM uk.ac.ox.cs.gsat.SaturationStatistics log
INFO: # initial TGDs: 1199 , 500
Jan 25, 2022 9:29:47 PM uk.ac.ox.cs.gsat.SaturationStatistics log
INFO: HyperSat total time : 291 ms = 0.29 s
Jan 25, 2022 9:29:47 PM uk.ac.ox.cs.gsat.SaturationStatistics log
INFO: Subsumed elements : 128
Jan 25, 2022 9:29:47 PM uk.ac.ox.cs.gsat.SaturationStatistics log
INFO: Filter discarded elements : 6033
Jan 25, 2022 9:29:47 PM uk.ac.ox.cs.gsat.SaturationStatistics log
INFO: subsumption time: 32 ms = 0.03 s
Jan 25, 2022 9:29:47 PM uk.ac.ox.cs.gsat.SaturationStatistics log
INFO: forward subsumption time: 17 ms = 0.02 s
Jan 25, 2022 9:29:47 PM uk.ac.ox.cs.gsat.SaturationStatistics log
INFO: backward subsumption time: 15 ms = 0.02 s
Jan 25, 2022 9:29:47 PM uk.ac.ox.cs.gsat.SaturationStatistics log
INFO: Derived full/non full TGDs: 0 , 1870
Jan 25, 2022 9:29:47 PM uk.ac.ox.cs.gsat.SaturationStatistics log
INFO: discarded tautology count: 0
Jan 25, 2022 9:29:47 PM uk.ac.ox.cs.gsat.HyperResolutionStatistics log
INFO: hyperresolution time: 75 ms = 0.07 s
Jan 25, 2022 9:29:47 PM uk.ac.ox.cs.gsat.HyperResolutionStatistics log
INFO: hyperresolution count: 1870
Jan 25, 2022 9:29:47 PM uk.ac.ox.cs.gsat.HyperResolutionStatistics log
INFO: hyperresolution failure count: 0
Jan 25, 2022 9:29:47 PM uk.ac.ox.cs.gsat.AbstractSaturation run
INFO: ouptput full TGDs not contained in the input: 0
Jan 25, 2022 9:29:47 PM uk.ac.ox.cs.gsat.App executeAllSteps
INFO: Rewriting completed!
Full TGD saturation: (1199 dependecies)
Jan 25, 2022 9:29:47 PM uk.ac.ox.cs.gsat.App executeAllSteps
INFO: Writing the saturation in the Datalog file 00411.rul
