Starting Saturation...
Executing from DLGP files
SLF4J: Failed to load class "org.slf4j.impl.StaticLoggerBinder".
SLF4J: Defaulting to no-operation (NOP) logger implementation
SLF4J: See http://www.slf4j.org/codes.html#StaticLoggerBinder for further details.
# Rules: 880; # Atoms: 0; # AtomSets: 0; # Queries: 0; # Constraints: 0
Full TGD saturation algorithm: hyperresolution Sat
Running HyperSat...
Jan 25, 2022 9:39:25 PM uk.ac.ox.cs.gsat.AbstractSaturation run
INFO: HyperSat discarded rules : 0/880 = 0.000%
Jan 25, 2022 9:39:25 PM uk.ac.ox.cs.gsat.AbstractSaturation run
INFO: Subsumption method : tree_predicate
length of the formulas: 2.0794034
number of bags: 11
length of the formulas: 2.0794034
number of bags: 11
Jan 25, 2022 9:39:29 PM uk.ac.ox.cs.gsat.SaturationStatistics log
INFO: # initial TGDs: 425 , 2056
Jan 25, 2022 9:39:29 PM uk.ac.ox.cs.gsat.SaturationStatistics log
INFO: HyperSat total time : 3753 ms = 3.75 s
Jan 25, 2022 9:39:29 PM uk.ac.ox.cs.gsat.SaturationStatistics log
INFO: Subsumed elements : 1710
Jan 25, 2022 9:39:29 PM uk.ac.ox.cs.gsat.SaturationStatistics log
INFO: Filter discarded elements : 644689
Jan 25, 2022 9:39:29 PM uk.ac.ox.cs.gsat.SaturationStatistics log
INFO: subsumption time: 626 ms = 0.63 s
Jan 25, 2022 9:39:29 PM uk.ac.ox.cs.gsat.SaturationStatistics log
INFO: forward subsumption time: 484 ms = 0.48 s
Jan 25, 2022 9:39:29 PM uk.ac.ox.cs.gsat.SaturationStatistics log
INFO: backward subsumption time: 142 ms = 0.14 s
Jan 25, 2022 9:39:29 PM uk.ac.ox.cs.gsat.SaturationStatistics log
INFO: Derived full/non full TGDs: 361 , 33244
Jan 25, 2022 9:39:29 PM uk.ac.ox.cs.gsat.SaturationStatistics log
INFO: discarded tautology count: 197
Jan 25, 2022 9:39:29 PM uk.ac.ox.cs.gsat.HyperResolutionStatistics log
INFO: hyperresolution time: 2301 ms = 2.30 s
Jan 25, 2022 9:39:29 PM uk.ac.ox.cs.gsat.HyperResolutionStatistics log
INFO: hyperresolution count: 145874
Jan 25, 2022 9:39:29 PM uk.ac.ox.cs.gsat.HyperResolutionStatistics log
INFO: hyperresolution failure count: 112269
Jan 25, 2022 9:39:29 PM uk.ac.ox.cs.gsat.AbstractSaturation run
INFO: ouptput full TGDs not contained in the input: 0
Jan 25, 2022 9:39:29 PM uk.ac.ox.cs.gsat.App executeAllSteps
INFO: Rewriting completed!
Full TGD saturation: (425 dependecies)
Jan 25, 2022 9:39:29 PM uk.ac.ox.cs.gsat.App executeAllSteps
INFO: Writing the saturation in the Datalog file 00713.rul
