Starting Saturation...
Executing from DLGP files
SLF4J: Failed to load class "org.slf4j.impl.StaticLoggerBinder".
SLF4J: Defaulting to no-operation (NOP) logger implementation
SLF4J: See http://www.slf4j.org/codes.html#StaticLoggerBinder for further details.
# Rules: 2302; # Atoms: 0; # AtomSets: 0; # Queries: 0; # Constraints: 0
Full TGD saturation algorithm: hyperresolution Sat
Running HyperSat...
Jan 25, 2022 9:42:19 PM uk.ac.ox.cs.gsat.AbstractSaturation run
INFO: HyperSat discarded rules : 0/2302 = 0.000%
Jan 25, 2022 9:42:19 PM uk.ac.ox.cs.gsat.AbstractSaturation run
INFO: Subsumption method : tree_predicate
length of the formulas: 2.1479878
number of bags: 10
length of the formulas: 2.1479878
number of bags: 10
Jan 25, 2022 9:42:19 PM uk.ac.ox.cs.gsat.SaturationStatistics log
INFO: # initial TGDs: 2289 , 22
Jan 25, 2022 9:42:19 PM uk.ac.ox.cs.gsat.SaturationStatistics log
INFO: HyperSat total time : 222 ms = 0.22 s
Jan 25, 2022 9:42:19 PM uk.ac.ox.cs.gsat.SaturationStatistics log
INFO: Subsumed elements : 171
Jan 25, 2022 9:42:19 PM uk.ac.ox.cs.gsat.SaturationStatistics log
INFO: Filter discarded elements : 1301
Jan 25, 2022 9:42:19 PM uk.ac.ox.cs.gsat.SaturationStatistics log
INFO: subsumption time: 11 ms = 0.01 s
Jan 25, 2022 9:42:19 PM uk.ac.ox.cs.gsat.SaturationStatistics log
INFO: forward subsumption time: 7 ms = 0.01 s
Jan 25, 2022 9:42:19 PM uk.ac.ox.cs.gsat.SaturationStatistics log
INFO: backward subsumption time: 3 ms = 0.00 s
Jan 25, 2022 9:42:19 PM uk.ac.ox.cs.gsat.SaturationStatistics log
INFO: Derived full/non full TGDs: 10 , 487
Jan 25, 2022 9:42:19 PM uk.ac.ox.cs.gsat.SaturationStatistics log
INFO: discarded tautology count: 0
Jan 25, 2022 9:42:19 PM uk.ac.ox.cs.gsat.HyperResolutionStatistics log
INFO: hyperresolution time: 27 ms = 0.03 s
Jan 25, 2022 9:42:19 PM uk.ac.ox.cs.gsat.HyperResolutionStatistics log
INFO: hyperresolution count: 641
Jan 25, 2022 9:42:19 PM uk.ac.ox.cs.gsat.HyperResolutionStatistics log
INFO: hyperresolution failure count: 144
Jan 25, 2022 9:42:19 PM uk.ac.ox.cs.gsat.AbstractSaturation run
INFO: ouptput full TGDs not contained in the input: 7
Jan 25, 2022 9:42:19 PM uk.ac.ox.cs.gsat.App executeAllSteps
INFO: Rewriting completed!
Full TGD saturation: (2296 dependecies)
Jan 25, 2022 9:42:19 PM uk.ac.ox.cs.gsat.App executeAllSteps
INFO: Writing the saturation in the Datalog file 00788.rul
