Starting Saturation...
Executing from DLGP files
SLF4J: Failed to load class "org.slf4j.impl.StaticLoggerBinder".
SLF4J: Defaulting to no-operation (NOP) logger implementation
SLF4J: See http://www.slf4j.org/codes.html#StaticLoggerBinder for further details.
# Rules: 1316; # Atoms: 0; # AtomSets: 0; # Queries: 0; # Constraints: 0
Full TGD saturation algorithm: Skolem Sat
Running SkSat...
Nov 23, 2021 1:47:29 AM uk.ac.ox.cs.gsat.AbstractSaturation run
INFO: SkSat discarded rules : 0/1316 = 0.000%
SkSat discarded rules : 0/1316 = 0.000%
Nov 23, 2021 1:47:29 AM uk.ac.ox.cs.gsat.AbstractSaturation run
INFO: Subsumption method : tree_predicate
length of the formulas: 2.038298
number of bags: 9
length of the formulas: 2.038298
number of bags: 9
nonFullTGDs	0		fullTGDs	1192			newNonFullTGDs	218		newFullTGDs	0
nonFullTGDs	100		fullTGDs	1192			newNonFullTGDs	218		newFullTGDs	41
nonFullTGDs	200		fullTGDs	1192			newNonFullTGDs	212		newFullTGDs	93
nonFullTGDs	300		fullTGDs	1192			newNonFullTGDs	214		newFullTGDs	149
nonFullTGDs	400		fullTGDs	1192			newNonFullTGDs	211		newFullTGDs	221
nonFullTGDs	500		fullTGDs	1192			newNonFullTGDs	198		newFullTGDs	279
nonFullTGDs	600		fullTGDs	1192			newNonFullTGDs	209		newFullTGDs	317
nonFullTGDs	700		fullTGDs	1192			newNonFullTGDs	198		newFullTGDs	408
nonFullTGDs	800		fullTGDs	1192			newNonFullTGDs	211		newFullTGDs	465
nonFullTGDs	900		fullTGDs	1192			newNonFullTGDs	229		newFullTGDs	519
nonFullTGDs	1000		fullTGDs	1192			newNonFullTGDs	237		newFullTGDs	565
nonFullTGDs	1100		fullTGDs	1190			newNonFullTGDs	218		newFullTGDs	644
nonFullTGDs	1200		fullTGDs	1190			newNonFullTGDs	209		newFullTGDs	706
nonFullTGDs	1300		fullTGDs	1190			newNonFullTGDs	194		newFullTGDs	785
nonFullTGDs	1400		fullTGDs	1190			newNonFullTGDs	187		newFullTGDs	845
nonFullTGDs	1500		fullTGDs	1190			newNonFullTGDs	178		newFullTGDs	893
nonFullTGDs	1600		fullTGDs	1190			newNonFullTGDs	178		newFullTGDs	932
nonFullTGDs	1700		fullTGDs	1190			newNonFullTGDs	137		newFullTGDs	952
nonFullTGDs	1800		fullTGDs	1190			newNonFullTGDs	103		newFullTGDs	976
nonFullTGDs	1900		fullTGDs	1190			newNonFullTGDs	60		newFullTGDs	991
nonFullTGDs	2000		fullTGDs	1190			newNonFullTGDs	12		newFullTGDs	997
nonFullTGDs	2039		fullTGDs	1251			newNonFullTGDs	0		newFullTGDs	948
nonFullTGDs	2067		fullTGDs	1323			newNonFullTGDs	0		newFullTGDs	876
nonFullTGDs	2067		fullTGDs	1408			newNonFullTGDs	0		newFullTGDs	791
nonFullTGDs	2067		fullTGDs	1508			newNonFullTGDs	0		newFullTGDs	691
nonFullTGDs	2069		fullTGDs	1606			newNonFullTGDs	0		newFullTGDs	601
nonFullTGDs	2069		fullTGDs	1706			newNonFullTGDs	0		newFullTGDs	501
nonFullTGDs	2069		fullTGDs	1802			newNonFullTGDs	0		newFullTGDs	404
nonFullTGDs	2068		fullTGDs	1894			newNonFullTGDs	0		newFullTGDs	310
nonFullTGDs	2068		fullTGDs	1988			newNonFullTGDs	0		newFullTGDs	216
nonFullTGDs	2068		fullTGDs	2084			newNonFullTGDs	0		newFullTGDs	119
nonFullTGDs	2068		fullTGDs	2181			newNonFullTGDs	0		newFullTGDs	58
nonFullTGDs	2068		fullTGDs	2259			newNonFullTGDs	0		newFullTGDs	6
Nov 23, 2021 1:47:37 AM uk.ac.ox.cs.gsat.SaturationStatistics log
INFO: # initial TGDs: 1192 , 218
Nov 23, 2021 1:47:37 AM uk.ac.ox.cs.gsat.SaturationStatistics log
INFO: SkSat total time : 8670 ms = 8.67 s
Nov 23, 2021 1:47:37 AM uk.ac.ox.cs.gsat.SaturationStatistics log
INFO: Subsumed elements : 3245
Nov 23, 2021 1:47:37 AM uk.ac.ox.cs.gsat.SaturationStatistics log
INFO: Filter discarded elements : 38283
Nov 23, 2021 1:47:37 AM uk.ac.ox.cs.gsat.SaturationStatistics log
INFO: subsumption time: 61 ms = 0.06 s
Nov 23, 2021 1:47:37 AM uk.ac.ox.cs.gsat.SaturationStatistics log
INFO: forward subsumption time: 43 ms = 0.04 s
Nov 23, 2021 1:47:37 AM uk.ac.ox.cs.gsat.SaturationStatistics log
INFO: backward subsumption time: 18 ms = 0.02 s
Nov 23, 2021 1:47:37 AM uk.ac.ox.cs.gsat.SaturationStatistics log
INFO: Derived full/non full TGDs: 1760 , 4459
Nov 23, 2021 1:47:37 AM uk.ac.ox.cs.gsat.SaturationStatistics log
INFO: discarded tautology count: 51
Nov 23, 2021 1:47:37 AM uk.ac.ox.cs.gsat.EvolveStatistics log
INFO: Stop because subsumed: 200
Nov 23, 2021 1:47:37 AM uk.ac.ox.cs.gsat.EvolveStatistics log
INFO: evolved equals to current: 0
Nov 23, 2021 1:47:37 AM uk.ac.ox.cs.gsat.EvolveStatistics log
INFO: evolved time: 2135 ms = 2.13 s
Nov 23, 2021 1:47:37 AM uk.ac.ox.cs.gsat.EvolveStatistics log
INFO: evolve count: 4625524
Nov 23, 2021 1:47:37 AM uk.ac.ox.cs.gsat.SkolemStatistics log
INFO: maximum number of Skolem atoms in body: 2
Nov 23, 2021 1:47:37 AM uk.ac.ox.cs.gsat.SkolemStatistics log
INFO: left derived TGD with Skolem in the body: 0
Nov 23, 2021 1:47:37 AM uk.ac.ox.cs.gsat.SkolemStatistics log
INFO: right derived TGD with Skolem in the body: 1048
Nov 23, 2021 1:47:37 AM uk.ac.ox.cs.gsat.SkolemStatistics log
INFO: derived TGD with more than two Skolem atoms in the body: 30
Nov 23, 2021 1:47:37 AM uk.ac.ox.cs.gsat.AbstractSaturation run
INFO: ouptput full TGDs not contained in the input: 154
Nov 23, 2021 1:47:37 AM uk.ac.ox.cs.gsat.App executeAllSteps
INFO: Rewriting completed!
Full TGD saturation: (1344 dependecies)
Nov 23, 2021 1:47:37 AM uk.ac.ox.cs.gsat.App executeAllSteps
INFO: Writing the saturation in the Datalog file 00021.rul
