Starting Saturation...
Executing from DLGP files
SLF4J: Failed to load class "org.slf4j.impl.StaticLoggerBinder".
SLF4J: Defaulting to no-operation (NOP) logger implementation
SLF4J: See http://www.slf4j.org/codes.html#StaticLoggerBinder for further details.
# Rules: 34170; # Atoms: 0; # AtomSets: 0; # Queries: 0; # Constraints: 0
Full TGD saturation algorithm: Skolem Sat
Running SkSat...
Nov 23, 2021 9:40:50 AM uk.ac.ox.cs.gsat.AbstractSaturation run
INFO: SkSat discarded rules : 0/34170 = 0.000%
SkSat discarded rules : 0/34170 = 0.000%
Nov 23, 2021 9:40:50 AM uk.ac.ox.cs.gsat.AbstractSaturation run
INFO: Subsumption method : tree_predicate
length of the formulas: 2.0298789
number of bags: 49
length of the formulas: 2.0298789
number of bags: 49
nonFullTGDs	0		fullTGDs	26439			newNonFullTGDs	14058		newFullTGDs	0
nonFullTGDs	100		fullTGDs	26439			newNonFullTGDs	14042		newFullTGDs	4023
nonFullTGDs	200		fullTGDs	26439			newNonFullTGDs	14010		newFullTGDs	12640
nonFullTGDs	300		fullTGDs	26439			newNonFullTGDs	13987		newFullTGDs	19531
nonFullTGDs	400		fullTGDs	26439			newNonFullTGDs	13965		newFullTGDs	24701
nonFullTGDs	500		fullTGDs	26439			newNonFullTGDs	13942		newFullTGDs	30456
nonFullTGDs	600		fullTGDs	26439			newNonFullTGDs	13914		newFullTGDs	38496
nonFullTGDs	700		fullTGDs	26439			newNonFullTGDs	13899		newFullTGDs	43099
nonFullTGDs	800		fullTGDs	26439			newNonFullTGDs	13882		newFullTGDs	45974
nonFullTGDs	900		fullTGDs	26439			newNonFullTGDs	13870		newFullTGDs	48849
nonFullTGDs	1000		fullTGDs	26439			newNonFullTGDs	13860		newFullTGDs	51724
nonFullTGDs	1100		fullTGDs	26439			newNonFullTGDs	13849		newFullTGDs	52299
nonFullTGDs	1200		fullTGDs	26439			newNonFullTGDs	13840		newFullTGDs	55749
nonFullTGDs	1300		fullTGDs	26439			newNonFullTGDs	13826		newFullTGDs	59199
nonFullTGDs	1400		fullTGDs	26439			newNonFullTGDs	13820		newFullTGDs	62074
nonFullTGDs	1500		fullTGDs	26439			newNonFullTGDs	13795		newFullTGDs	67818
nonFullTGDs	1600		fullTGDs	26439			newNonFullTGDs	13773		newFullTGDs	74135
nonFullTGDs	1700		fullTGDs	26439			newNonFullTGDs	13765		newFullTGDs	77012
nonFullTGDs	1800		fullTGDs	26439			newNonFullTGDs	13753		newFullTGDs	80461
nonFullTGDs	1900		fullTGDs	26439			newNonFullTGDs	13718		newFullTGDs	89646
nonFullTGDs	2000		fullTGDs	26439			newNonFullTGDs	13678		newFullTGDs	99990
nonFullTGDs	2100		fullTGDs	26439			newNonFullTGDs	13650		newFullTGDs	106893
nonFullTGDs	2200		fullTGDs	26439			newNonFullTGDs	13626		newFullTGDs	110334
nonFullTGDs	2300		fullTGDs	26439			newNonFullTGDs	13603		newFullTGDs	117221
nonFullTGDs	2400		fullTGDs	26439			newNonFullTGDs	13567		newFullTGDs	127568
nonFullTGDs	2500		fullTGDs	26439			newNonFullTGDs	13536		newFullTGDs	135049
nonFullTGDs	2600		fullTGDs	26439			newNonFullTGDs	13500		newFullTGDs	144814
nonFullTGDs	2700		fullTGDs	26439			newNonFullTGDs	13471		newFullTGDs	152864
nonFullTGDs	2800		fullTGDs	26439			newNonFullTGDs	13446		newFullTGDs	160914
nonFullTGDs	2900		fullTGDs	26439			newNonFullTGDs	13434		newFullTGDs	160914
nonFullTGDs	3000		fullTGDs	26439			newNonFullTGDs	13428		newFullTGDs	160914
nonFullTGDs	3100		fullTGDs	26439			newNonFullTGDs	13419		newFullTGDs	160914
nonFullTGDs	3200		fullTGDs	26439			newNonFullTGDs	13412		newFullTGDs	160914
nonFullTGDs	3300		fullTGDs	26439			newNonFullTGDs	13378		newFullTGDs	167812
nonFullTGDs	3400		fullTGDs	26439			newNonFullTGDs	13364		newFullTGDs	172410
nonFullTGDs	3500		fullTGDs	26439			newNonFullTGDs	13342		newFullTGDs	176432
nonFullTGDs	3600		fullTGDs	26439			newNonFullTGDs	13329		newFullTGDs	176432
nonFullTGDs	3700		fullTGDs	26439			newNonFullTGDs	13314		newFullTGDs	176432
nonFullTGDs	3800		fullTGDs	26439			newNonFullTGDs	13296		newFullTGDs	177007
nonFullTGDs	3900		fullTGDs	26439			newNonFullTGDs	13275		newFullTGDs	179307
nonFullTGDs	4000		fullTGDs	26439			newNonFullTGDs	13260		newFullTGDs	180457
nonFullTGDs	4100		fullTGDs	26439			newNonFullTGDs	13236		newFullTGDs	187353
nonFullTGDs	4200		fullTGDs	26439			newNonFullTGDs	13212		newFullTGDs	194251
nonFullTGDs	4300		fullTGDs	26439			newNonFullTGDs	13190		newFullTGDs	199999
nonFullTGDs	4400		fullTGDs	26439			newNonFullTGDs	13169		newFullTGDs	206899
nonFullTGDs	4500		fullTGDs	26439			newNonFullTGDs	13134		newFullTGDs	213219
nonFullTGDs	4600		fullTGDs	26439			newNonFullTGDs	13106		newFullTGDs	220118
Nov 23, 2021 9:50:50 AM uk.ac.ox.cs.gsat.SaturationStatistics log
INFO: # initial TGDs: 26439 , 14058
Nov 23, 2021 9:50:50 AM uk.ac.ox.cs.gsat.SaturationStatistics log
INFO: SkSat total time : 600239 ms = 600.24 s
Nov 23, 2021 9:50:50 AM uk.ac.ox.cs.gsat.SaturationStatistics log
INFO: Subsumed elements : 905
Nov 23, 2021 9:50:50 AM uk.ac.ox.cs.gsat.SaturationStatistics log
INFO: Filter discarded elements : 13253520
Nov 23, 2021 9:50:50 AM uk.ac.ox.cs.gsat.SaturationStatistics log
INFO: subsumption time: 18429 ms = 18.43 s
Nov 23, 2021 9:50:50 AM uk.ac.ox.cs.gsat.SaturationStatistics log
INFO: forward subsumption time: 4702 ms = 4.70 s
Nov 23, 2021 9:50:50 AM uk.ac.ox.cs.gsat.SaturationStatistics log
INFO: backward subsumption time: 13728 ms = 13.73 s
Nov 23, 2021 9:50:50 AM uk.ac.ox.cs.gsat.SaturationStatistics log
INFO: Derived full/non full TGDs: 223154 , 4577
Nov 23, 2021 9:50:50 AM uk.ac.ox.cs.gsat.SaturationStatistics log
INFO: discarded tautology count: 132
Nov 23, 2021 9:50:50 AM uk.ac.ox.cs.gsat.SaturationStatistics log
INFO: !!! TIME OUT !!!
Nov 23, 2021 9:50:50 AM uk.ac.ox.cs.gsat.EvolveStatistics log
INFO: Stop because subsumed: 0
Nov 23, 2021 9:50:50 AM uk.ac.ox.cs.gsat.EvolveStatistics log
INFO: evolved equals to current: 0
Nov 23, 2021 9:50:50 AM uk.ac.ox.cs.gsat.EvolveStatistics log
INFO: evolved time: 102151 ms = 102.15 s
Nov 23, 2021 9:50:50 AM uk.ac.ox.cs.gsat.EvolveStatistics log
INFO: evolve count: 123496569
Nov 23, 2021 9:50:50 AM uk.ac.ox.cs.gsat.SkolemStatistics log
INFO: maximum number of Skolem atoms in body: 1
Nov 23, 2021 9:50:50 AM uk.ac.ox.cs.gsat.SkolemStatistics log
INFO: left derived TGD with Skolem in the body: 0
Nov 23, 2021 9:50:50 AM uk.ac.ox.cs.gsat.SkolemStatistics log
INFO: right derived TGD with Skolem in the body: 223154
Nov 23, 2021 9:50:50 AM uk.ac.ox.cs.gsat.SkolemStatistics log
INFO: derived TGD with more than two Skolem atoms in the body: 0
Nov 23, 2021 9:50:50 AM uk.ac.ox.cs.gsat.AbstractSaturation run
INFO: ouptput full TGDs not contained in the input: 0
Nov 23, 2021 9:50:50 AM uk.ac.ox.cs.gsat.App executeAllSteps
INFO: Rewriting completed!
Full TGD saturation: (26439 dependecies)
Nov 23, 2021 9:50:50 AM uk.ac.ox.cs.gsat.App executeAllSteps
INFO: Writing the saturation in the Datalog file 00390.rul
