Starting Saturation...
Executing from DLGP files
SLF4J: Failed to load class "org.slf4j.impl.StaticLoggerBinder".
SLF4J: Defaulting to no-operation (NOP) logger implementation
SLF4J: See http://www.slf4j.org/codes.html#StaticLoggerBinder for further details.
# Rules: 597; # Atoms: 0; # AtomSets: 0; # Queries: 0; # Constraints: 0
Full TGD saturation algorithm: Skolem Sat
Running SkSat...
Nov 23, 2021 11:44:21 AM uk.ac.ox.cs.gsat.AbstractSaturation run
INFO: SkSat discarded rules : 0/597 = 0.000%
SkSat discarded rules : 0/597 = 0.000%
Nov 23, 2021 11:44:21 AM uk.ac.ox.cs.gsat.AbstractSaturation run
INFO: Subsumption method : tree_predicate
length of the formulas: 2.4906132
number of bags: 4
length of the formulas: 2.4906132
number of bags: 4
nonFullTGDs	0		fullTGDs	395			newNonFullTGDs	404		newFullTGDs	0
nonFullTGDs	100		fullTGDs	395			newNonFullTGDs	304		newFullTGDs	9556
nonFullTGDs	200		fullTGDs	395			newNonFullTGDs	204		newFullTGDs	19306
nonFullTGDs	300		fullTGDs	395			newNonFullTGDs	104		newFullTGDs	28668
nonFullTGDs	400		fullTGDs	395			newNonFullTGDs	4		newFullTGDs	38418
nonFullTGDs	404		fullTGDs	491			newNonFullTGDs	0		newFullTGDs	38712
nonFullTGDs	404		fullTGDs	591			newNonFullTGDs	0		newFullTGDs	38612
nonFullTGDs	404		fullTGDs	691			newNonFullTGDs	0		newFullTGDs	38512
nonFullTGDs	404		fullTGDs	791			newNonFullTGDs	0		newFullTGDs	38412
nonFullTGDs	404		fullTGDs	891			newNonFullTGDs	0		newFullTGDs	38312
nonFullTGDs	404		fullTGDs	991			newNonFullTGDs	0		newFullTGDs	38212
nonFullTGDs	404		fullTGDs	1091			newNonFullTGDs	0		newFullTGDs	38112
nonFullTGDs	404		fullTGDs	1191			newNonFullTGDs	0		newFullTGDs	38012
nonFullTGDs	404		fullTGDs	1291			newNonFullTGDs	0		newFullTGDs	37912
nonFullTGDs	404		fullTGDs	1391			newNonFullTGDs	0		newFullTGDs	37812
nonFullTGDs	404		fullTGDs	1491			newNonFullTGDs	0		newFullTGDs	37712
nonFullTGDs	404		fullTGDs	1591			newNonFullTGDs	0		newFullTGDs	37612
nonFullTGDs	404		fullTGDs	1691			newNonFullTGDs	0		newFullTGDs	37512
nonFullTGDs	404		fullTGDs	1791			newNonFullTGDs	0		newFullTGDs	37412
nonFullTGDs	404		fullTGDs	1891			newNonFullTGDs	0		newFullTGDs	37312
nonFullTGDs	404		fullTGDs	1991			newNonFullTGDs	0		newFullTGDs	37212
nonFullTGDs	404		fullTGDs	2091			newNonFullTGDs	0		newFullTGDs	37112
nonFullTGDs	404		fullTGDs	2191			newNonFullTGDs	0		newFullTGDs	37012
nonFullTGDs	404		fullTGDs	2291			newNonFullTGDs	0		newFullTGDs	36912
nonFullTGDs	404		fullTGDs	2391			newNonFullTGDs	0		newFullTGDs	36812
nonFullTGDs	404		fullTGDs	2491			newNonFullTGDs	0		newFullTGDs	36712
nonFullTGDs	404		fullTGDs	2590			newNonFullTGDs	0		newFullTGDs	36613
nonFullTGDs	404		fullTGDs	2690			newNonFullTGDs	0		newFullTGDs	36513
nonFullTGDs	404		fullTGDs	2790			newNonFullTGDs	0		newFullTGDs	36413
nonFullTGDs	404		fullTGDs	2890			newNonFullTGDs	0		newFullTGDs	36313
nonFullTGDs	404		fullTGDs	2990			newNonFullTGDs	0		newFullTGDs	36213
nonFullTGDs	404		fullTGDs	3090			newNonFullTGDs	0		newFullTGDs	36113
nonFullTGDs	404		fullTGDs	3190			newNonFullTGDs	0		newFullTGDs	36013
nonFullTGDs	404		fullTGDs	3290			newNonFullTGDs	0		newFullTGDs	35913
nonFullTGDs	404		fullTGDs	3390			newNonFullTGDs	0		newFullTGDs	35813
nonFullTGDs	404		fullTGDs	3490			newNonFullTGDs	0		newFullTGDs	35713
nonFullTGDs	404		fullTGDs	3590			newNonFullTGDs	0		newFullTGDs	35613
nonFullTGDs	404		fullTGDs	3690			newNonFullTGDs	0		newFullTGDs	35513
nonFullTGDs	404		fullTGDs	3790			newNonFullTGDs	0		newFullTGDs	35413
nonFullTGDs	404		fullTGDs	3890			newNonFullTGDs	0		newFullTGDs	35313
nonFullTGDs	404		fullTGDs	3990			newNonFullTGDs	0		newFullTGDs	35213
nonFullTGDs	404		fullTGDs	4090			newNonFullTGDs	0		newFullTGDs	35113
nonFullTGDs	404		fullTGDs	4190			newNonFullTGDs	0		newFullTGDs	35013
nonFullTGDs	404		fullTGDs	4290			newNonFullTGDs	0		newFullTGDs	34913
nonFullTGDs	404		fullTGDs	4390			newNonFullTGDs	0		newFullTGDs	34813
nonFullTGDs	404		fullTGDs	4490			newNonFullTGDs	0		newFullTGDs	34713
nonFullTGDs	404		fullTGDs	4590			newNonFullTGDs	0		newFullTGDs	34613
nonFullTGDs	404		fullTGDs	4690			newNonFullTGDs	0		newFullTGDs	34513
nonFullTGDs	404		fullTGDs	4790			newNonFullTGDs	0		newFullTGDs	34413
nonFullTGDs	404		fullTGDs	4890			newNonFullTGDs	0		newFullTGDs	34313
nonFullTGDs	404		fullTGDs	4990			newNonFullTGDs	0		newFullTGDs	34213
nonFullTGDs	404		fullTGDs	5090			newNonFullTGDs	0		newFullTGDs	34113
nonFullTGDs	404		fullTGDs	5190			newNonFullTGDs	0		newFullTGDs	34013
nonFullTGDs	404		fullTGDs	5290			newNonFullTGDs	0		newFullTGDs	33913
nonFullTGDs	404		fullTGDs	5390			newNonFullTGDs	0		newFullTGDs	33813
nonFullTGDs	404		fullTGDs	5490			newNonFullTGDs	0		newFullTGDs	33713
nonFullTGDs	404		fullTGDs	5590			newNonFullTGDs	0		newFullTGDs	33613
nonFullTGDs	404		fullTGDs	5690			newNonFullTGDs	0		newFullTGDs	33513
nonFullTGDs	404		fullTGDs	5790			newNonFullTGDs	0		newFullTGDs	33413
nonFullTGDs	404		fullTGDs	5890			newNonFullTGDs	0		newFullTGDs	33313
nonFullTGDs	404		fullTGDs	5990			newNonFullTGDs	0		newFullTGDs	33213
nonFullTGDs	404		fullTGDs	6090			newNonFullTGDs	0		newFullTGDs	33113
nonFullTGDs	404		fullTGDs	6190			newNonFullTGDs	0		newFullTGDs	33013
nonFullTGDs	404		fullTGDs	6290			newNonFullTGDs	0		newFullTGDs	32913
nonFullTGDs	404		fullTGDs	6390			newNonFullTGDs	0		newFullTGDs	32813
nonFullTGDs	404		fullTGDs	6490			newNonFullTGDs	0		newFullTGDs	32713
nonFullTGDs	404		fullTGDs	6590			newNonFullTGDs	0		newFullTGDs	32613
nonFullTGDs	404		fullTGDs	6690			newNonFullTGDs	0		newFullTGDs	32513
nonFullTGDs	404		fullTGDs	6790			newNonFullTGDs	0		newFullTGDs	32413
nonFullTGDs	404		fullTGDs	6890			newNonFullTGDs	0		newFullTGDs	32313
nonFullTGDs	404		fullTGDs	6990			newNonFullTGDs	0		newFullTGDs	32213
nonFullTGDs	404		fullTGDs	7090			newNonFullTGDs	0		newFullTGDs	32113
nonFullTGDs	404		fullTGDs	7190			newNonFullTGDs	0		newFullTGDs	32013
nonFullTGDs	404		fullTGDs	7290			newNonFullTGDs	0		newFullTGDs	31913
nonFullTGDs	404		fullTGDs	7390			newNonFullTGDs	0		newFullTGDs	31813
nonFullTGDs	404		fullTGDs	7490			newNonFullTGDs	0		newFullTGDs	31713
nonFullTGDs	404		fullTGDs	7590			newNonFullTGDs	0		newFullTGDs	31613
nonFullTGDs	404		fullTGDs	7690			newNonFullTGDs	0		newFullTGDs	31513
nonFullTGDs	404		fullTGDs	7790			newNonFullTGDs	0		newFullTGDs	31413
nonFullTGDs	404		fullTGDs	7890			newNonFullTGDs	0		newFullTGDs	31313
nonFullTGDs	404		fullTGDs	7990			newNonFullTGDs	0		newFullTGDs	31213
nonFullTGDs	404		fullTGDs	8090			newNonFullTGDs	0		newFullTGDs	31113
nonFullTGDs	404		fullTGDs	8190			newNonFullTGDs	0		newFullTGDs	31013
nonFullTGDs	404		fullTGDs	8290			newNonFullTGDs	0		newFullTGDs	30913
nonFullTGDs	404		fullTGDs	8390			newNonFullTGDs	0		newFullTGDs	30813
nonFullTGDs	404		fullTGDs	8490			newNonFullTGDs	0		newFullTGDs	30713
nonFullTGDs	404		fullTGDs	8590			newNonFullTGDs	0		newFullTGDs	30613
nonFullTGDs	404		fullTGDs	8690			newNonFullTGDs	0		newFullTGDs	30513
nonFullTGDs	404		fullTGDs	8790			newNonFullTGDs	0		newFullTGDs	30413
nonFullTGDs	404		fullTGDs	8890			newNonFullTGDs	0		newFullTGDs	30313
nonFullTGDs	404		fullTGDs	8990			newNonFullTGDs	0		newFullTGDs	30213
nonFullTGDs	404		fullTGDs	9090			newNonFullTGDs	0		newFullTGDs	30113
nonFullTGDs	404		fullTGDs	9190			newNonFullTGDs	0		newFullTGDs	30013
nonFullTGDs	404		fullTGDs	9290			newNonFullTGDs	0		newFullTGDs	29913
nonFullTGDs	404		fullTGDs	9390			newNonFullTGDs	0		newFullTGDs	29813
nonFullTGDs	404		fullTGDs	9490			newNonFullTGDs	0		newFullTGDs	29713
nonFullTGDs	404		fullTGDs	9590			newNonFullTGDs	0		newFullTGDs	29613
nonFullTGDs	404		fullTGDs	9690			newNonFullTGDs	0		newFullTGDs	29513
nonFullTGDs	404		fullTGDs	9790			newNonFullTGDs	0		newFullTGDs	29413
nonFullTGDs	404		fullTGDs	9890			newNonFullTGDs	0		newFullTGDs	29313
nonFullTGDs	404		fullTGDs	9990			newNonFullTGDs	0		newFullTGDs	29213
nonFullTGDs	404		fullTGDs	10090			newNonFullTGDs	0		newFullTGDs	29113
nonFullTGDs	404		fullTGDs	10190			newNonFullTGDs	0		newFullTGDs	29013
nonFullTGDs	404		fullTGDs	10290			newNonFullTGDs	0		newFullTGDs	28913
nonFullTGDs	404		fullTGDs	10390			newNonFullTGDs	0		newFullTGDs	28813
nonFullTGDs	404		fullTGDs	10490			newNonFullTGDs	0		newFullTGDs	28713
nonFullTGDs	404		fullTGDs	10590			newNonFullTGDs	0		newFullTGDs	28613
nonFullTGDs	404		fullTGDs	10690			newNonFullTGDs	0		newFullTGDs	28513
nonFullTGDs	404		fullTGDs	10790			newNonFullTGDs	0		newFullTGDs	28413
nonFullTGDs	404		fullTGDs	10890			newNonFullTGDs	0		newFullTGDs	28313
nonFullTGDs	404		fullTGDs	10990			newNonFullTGDs	0		newFullTGDs	28213
nonFullTGDs	404		fullTGDs	11090			newNonFullTGDs	0		newFullTGDs	28113
nonFullTGDs	404		fullTGDs	11190			newNonFullTGDs	0		newFullTGDs	28013
nonFullTGDs	404		fullTGDs	11290			newNonFullTGDs	0		newFullTGDs	27913
nonFullTGDs	404		fullTGDs	11390			newNonFullTGDs	0		newFullTGDs	27813
nonFullTGDs	404		fullTGDs	11490			newNonFullTGDs	0		newFullTGDs	27713
nonFullTGDs	404		fullTGDs	11590			newNonFullTGDs	0		newFullTGDs	27613
nonFullTGDs	404		fullTGDs	11690			newNonFullTGDs	0		newFullTGDs	27513
nonFullTGDs	404		fullTGDs	11790			newNonFullTGDs	0		newFullTGDs	27413
nonFullTGDs	404		fullTGDs	11890			newNonFullTGDs	0		newFullTGDs	27313
nonFullTGDs	404		fullTGDs	11990			newNonFullTGDs	0		newFullTGDs	27213
nonFullTGDs	404		fullTGDs	12090			newNonFullTGDs	0		newFullTGDs	27113
nonFullTGDs	404		fullTGDs	12190			newNonFullTGDs	0		newFullTGDs	27013
nonFullTGDs	404		fullTGDs	12290			newNonFullTGDs	0		newFullTGDs	26913
nonFullTGDs	404		fullTGDs	12390			newNonFullTGDs	0		newFullTGDs	26813
nonFullTGDs	404		fullTGDs	12490			newNonFullTGDs	0		newFullTGDs	26713
nonFullTGDs	404		fullTGDs	12590			newNonFullTGDs	0		newFullTGDs	26613
nonFullTGDs	404		fullTGDs	12690			newNonFullTGDs	0		newFullTGDs	26513
nonFullTGDs	404		fullTGDs	12790			newNonFullTGDs	0		newFullTGDs	26413
nonFullTGDs	404		fullTGDs	12890			newNonFullTGDs	0		newFullTGDs	26313
nonFullTGDs	404		fullTGDs	12990			newNonFullTGDs	0		newFullTGDs	26213
nonFullTGDs	404		fullTGDs	13090			newNonFullTGDs	0		newFullTGDs	26113
nonFullTGDs	404		fullTGDs	13190			newNonFullTGDs	0		newFullTGDs	26013
nonFullTGDs	404		fullTGDs	13290			newNonFullTGDs	0		newFullTGDs	25913
nonFullTGDs	404		fullTGDs	13390			newNonFullTGDs	0		newFullTGDs	25813
nonFullTGDs	404		fullTGDs	13490			newNonFullTGDs	0		newFullTGDs	25713
nonFullTGDs	404		fullTGDs	13590			newNonFullTGDs	0		newFullTGDs	25613
nonFullTGDs	404		fullTGDs	13690			newNonFullTGDs	0		newFullTGDs	25513
nonFullTGDs	404		fullTGDs	13790			newNonFullTGDs	0		newFullTGDs	25413
nonFullTGDs	404		fullTGDs	13890			newNonFullTGDs	0		newFullTGDs	25313
nonFullTGDs	404		fullTGDs	13990			newNonFullTGDs	0		newFullTGDs	25213
nonFullTGDs	404		fullTGDs	14089			newNonFullTGDs	0		newFullTGDs	25114
nonFullTGDs	404		fullTGDs	14189			newNonFullTGDs	0		newFullTGDs	25014
nonFullTGDs	404		fullTGDs	14289			newNonFullTGDs	0		newFullTGDs	24914
nonFullTGDs	404		fullTGDs	14389			newNonFullTGDs	0		newFullTGDs	24814
nonFullTGDs	404		fullTGDs	14489			newNonFullTGDs	0		newFullTGDs	24714
nonFullTGDs	404		fullTGDs	14589			newNonFullTGDs	0		newFullTGDs	24614
nonFullTGDs	404		fullTGDs	14689			newNonFullTGDs	0		newFullTGDs	24514
nonFullTGDs	404		fullTGDs	14789			newNonFullTGDs	0		newFullTGDs	24414
nonFullTGDs	404		fullTGDs	14889			newNonFullTGDs	0		newFullTGDs	24314
nonFullTGDs	404		fullTGDs	14989			newNonFullTGDs	0		newFullTGDs	24214
nonFullTGDs	404		fullTGDs	15089			newNonFullTGDs	0		newFullTGDs	24114
nonFullTGDs	404		fullTGDs	15189			newNonFullTGDs	0		newFullTGDs	24014
nonFullTGDs	404		fullTGDs	15289			newNonFullTGDs	0		newFullTGDs	23914
nonFullTGDs	404		fullTGDs	15389			newNonFullTGDs	0		newFullTGDs	23814
nonFullTGDs	404		fullTGDs	15489			newNonFullTGDs	0		newFullTGDs	23714
nonFullTGDs	404		fullTGDs	15589			newNonFullTGDs	0		newFullTGDs	23614
nonFullTGDs	404		fullTGDs	15689			newNonFullTGDs	0		newFullTGDs	23514
nonFullTGDs	404		fullTGDs	15789			newNonFullTGDs	0		newFullTGDs	23414
nonFullTGDs	404		fullTGDs	15889			newNonFullTGDs	0		newFullTGDs	23314
nonFullTGDs	404		fullTGDs	15989			newNonFullTGDs	0		newFullTGDs	23214
nonFullTGDs	404		fullTGDs	16089			newNonFullTGDs	0		newFullTGDs	23114
nonFullTGDs	404		fullTGDs	16189			newNonFullTGDs	0		newFullTGDs	23014
nonFullTGDs	404		fullTGDs	16289			newNonFullTGDs	0		newFullTGDs	22914
nonFullTGDs	404		fullTGDs	16389			newNonFullTGDs	0		newFullTGDs	22814
nonFullTGDs	404		fullTGDs	16489			newNonFullTGDs	0		newFullTGDs	22714
nonFullTGDs	404		fullTGDs	16589			newNonFullTGDs	0		newFullTGDs	22614
nonFullTGDs	404		fullTGDs	16689			newNonFullTGDs	0		newFullTGDs	22514
nonFullTGDs	404		fullTGDs	16789			newNonFullTGDs	0		newFullTGDs	22414
nonFullTGDs	404		fullTGDs	16889			newNonFullTGDs	0		newFullTGDs	22314
nonFullTGDs	404		fullTGDs	16989			newNonFullTGDs	0		newFullTGDs	22214
nonFullTGDs	404		fullTGDs	17089			newNonFullTGDs	0		newFullTGDs	22114
nonFullTGDs	404		fullTGDs	17189			newNonFullTGDs	0		newFullTGDs	22014
nonFullTGDs	404		fullTGDs	17289			newNonFullTGDs	0		newFullTGDs	21914
nonFullTGDs	404		fullTGDs	17389			newNonFullTGDs	0		newFullTGDs	21814
nonFullTGDs	404		fullTGDs	17489			newNonFullTGDs	0		newFullTGDs	21714
nonFullTGDs	404		fullTGDs	17589			newNonFullTGDs	0		newFullTGDs	21614
nonFullTGDs	404		fullTGDs	17689			newNonFullTGDs	0		newFullTGDs	21514
nonFullTGDs	404		fullTGDs	17789			newNonFullTGDs	0		newFullTGDs	21414
nonFullTGDs	404		fullTGDs	17889			newNonFullTGDs	0		newFullTGDs	21314
nonFullTGDs	404		fullTGDs	17989			newNonFullTGDs	0		newFullTGDs	21214
nonFullTGDs	404		fullTGDs	18089			newNonFullTGDs	0		newFullTGDs	21114
nonFullTGDs	404		fullTGDs	18189			newNonFullTGDs	0		newFullTGDs	21014
nonFullTGDs	404		fullTGDs	18289			newNonFullTGDs	0		newFullTGDs	20914
nonFullTGDs	404		fullTGDs	18389			newNonFullTGDs	0		newFullTGDs	20814
nonFullTGDs	404		fullTGDs	18489			newNonFullTGDs	0		newFullTGDs	20714
nonFullTGDs	404		fullTGDs	18589			newNonFullTGDs	0		newFullTGDs	20614
nonFullTGDs	404		fullTGDs	18689			newNonFullTGDs	0		newFullTGDs	20514
nonFullTGDs	404		fullTGDs	18789			newNonFullTGDs	0		newFullTGDs	20414
nonFullTGDs	404		fullTGDs	18889			newNonFullTGDs	0		newFullTGDs	20314
nonFullTGDs	404		fullTGDs	18989			newNonFullTGDs	0		newFullTGDs	20214
nonFullTGDs	404		fullTGDs	19089			newNonFullTGDs	0		newFullTGDs	20114
nonFullTGDs	404		fullTGDs	19189			newNonFullTGDs	0		newFullTGDs	20014
nonFullTGDs	404		fullTGDs	19289			newNonFullTGDs	0		newFullTGDs	19914
nonFullTGDs	404		fullTGDs	19389			newNonFullTGDs	0		newFullTGDs	19814
nonFullTGDs	404		fullTGDs	19489			newNonFullTGDs	0		newFullTGDs	19714
nonFullTGDs	404		fullTGDs	19589			newNonFullTGDs	0		newFullTGDs	19614
nonFullTGDs	404		fullTGDs	19689			newNonFullTGDs	0		newFullTGDs	19514
nonFullTGDs	404		fullTGDs	19789			newNonFullTGDs	0		newFullTGDs	19414
nonFullTGDs	404		fullTGDs	19889			newNonFullTGDs	0		newFullTGDs	19314
nonFullTGDs	404		fullTGDs	19989			newNonFullTGDs	0		newFullTGDs	19214
nonFullTGDs	404		fullTGDs	20089			newNonFullTGDs	0		newFullTGDs	19114
nonFullTGDs	404		fullTGDs	20189			newNonFullTGDs	0		newFullTGDs	19014
nonFullTGDs	404		fullTGDs	20289			newNonFullTGDs	0		newFullTGDs	18914
nonFullTGDs	404		fullTGDs	20389			newNonFullTGDs	0		newFullTGDs	18814
nonFullTGDs	404		fullTGDs	20489			newNonFullTGDs	0		newFullTGDs	18714
nonFullTGDs	404		fullTGDs	20589			newNonFullTGDs	0		newFullTGDs	18614
nonFullTGDs	404		fullTGDs	20689			newNonFullTGDs	0		newFullTGDs	18514
nonFullTGDs	404		fullTGDs	20789			newNonFullTGDs	0		newFullTGDs	18414
nonFullTGDs	404		fullTGDs	20889			newNonFullTGDs	0		newFullTGDs	18314
nonFullTGDs	404		fullTGDs	20989			newNonFullTGDs	0		newFullTGDs	18214
nonFullTGDs	404		fullTGDs	21089			newNonFullTGDs	0		newFullTGDs	18114
nonFullTGDs	404		fullTGDs	21189			newNonFullTGDs	0		newFullTGDs	18014
nonFullTGDs	404		fullTGDs	21289			newNonFullTGDs	0		newFullTGDs	17914
nonFullTGDs	404		fullTGDs	21389			newNonFullTGDs	0		newFullTGDs	17814
nonFullTGDs	404		fullTGDs	21489			newNonFullTGDs	0		newFullTGDs	17714
nonFullTGDs	404		fullTGDs	21589			newNonFullTGDs	0		newFullTGDs	17614
nonFullTGDs	404		fullTGDs	21689			newNonFullTGDs	0		newFullTGDs	17514
nonFullTGDs	404		fullTGDs	21789			newNonFullTGDs	0		newFullTGDs	17414
nonFullTGDs	404		fullTGDs	21889			newNonFullTGDs	0		newFullTGDs	17314
nonFullTGDs	404		fullTGDs	21989			newNonFullTGDs	0		newFullTGDs	17214
nonFullTGDs	404		fullTGDs	22089			newNonFullTGDs	0		newFullTGDs	17114
nonFullTGDs	404		fullTGDs	22189			newNonFullTGDs	0		newFullTGDs	17014
nonFullTGDs	404		fullTGDs	22289			newNonFullTGDs	0		newFullTGDs	16914
nonFullTGDs	404		fullTGDs	22389			newNonFullTGDs	0		newFullTGDs	16814
nonFullTGDs	404		fullTGDs	22489			newNonFullTGDs	0		newFullTGDs	16714
nonFullTGDs	404		fullTGDs	22589			newNonFullTGDs	0		newFullTGDs	16614
nonFullTGDs	404		fullTGDs	22689			newNonFullTGDs	0		newFullTGDs	16514
nonFullTGDs	404		fullTGDs	22789			newNonFullTGDs	0		newFullTGDs	16414
nonFullTGDs	404		fullTGDs	22889			newNonFullTGDs	0		newFullTGDs	16314
nonFullTGDs	404		fullTGDs	22989			newNonFullTGDs	0		newFullTGDs	16214
nonFullTGDs	404		fullTGDs	23089			newNonFullTGDs	0		newFullTGDs	16114
nonFullTGDs	404		fullTGDs	23189			newNonFullTGDs	0		newFullTGDs	16014
nonFullTGDs	404		fullTGDs	23289			newNonFullTGDs	0		newFullTGDs	15914
nonFullTGDs	404		fullTGDs	23389			newNonFullTGDs	0		newFullTGDs	15814
nonFullTGDs	404		fullTGDs	23489			newNonFullTGDs	0		newFullTGDs	15714
nonFullTGDs	404		fullTGDs	23589			newNonFullTGDs	0		newFullTGDs	15614
nonFullTGDs	404		fullTGDs	23689			newNonFullTGDs	0		newFullTGDs	15514
nonFullTGDs	404		fullTGDs	23789			newNonFullTGDs	0		newFullTGDs	15414
nonFullTGDs	404		fullTGDs	23889			newNonFullTGDs	0		newFullTGDs	15314
nonFullTGDs	404		fullTGDs	23989			newNonFullTGDs	0		newFullTGDs	15214
nonFullTGDs	404		fullTGDs	24089			newNonFullTGDs	0		newFullTGDs	15114
nonFullTGDs	404		fullTGDs	24189			newNonFullTGDs	0		newFullTGDs	15014
nonFullTGDs	404		fullTGDs	24289			newNonFullTGDs	0		newFullTGDs	14914
nonFullTGDs	404		fullTGDs	24389			newNonFullTGDs	0		newFullTGDs	14814
nonFullTGDs	404		fullTGDs	24489			newNonFullTGDs	0		newFullTGDs	14714
nonFullTGDs	404		fullTGDs	24589			newNonFullTGDs	0		newFullTGDs	14614
nonFullTGDs	404		fullTGDs	24689			newNonFullTGDs	0		newFullTGDs	14514
nonFullTGDs	404		fullTGDs	24789			newNonFullTGDs	0		newFullTGDs	14414
nonFullTGDs	404		fullTGDs	24889			newNonFullTGDs	0		newFullTGDs	14314
nonFullTGDs	404		fullTGDs	24989			newNonFullTGDs	0		newFullTGDs	14214
nonFullTGDs	404		fullTGDs	25089			newNonFullTGDs	0		newFullTGDs	14114
nonFullTGDs	404		fullTGDs	25189			newNonFullTGDs	0		newFullTGDs	14014
nonFullTGDs	404		fullTGDs	25289			newNonFullTGDs	0		newFullTGDs	13914
nonFullTGDs	404		fullTGDs	25389			newNonFullTGDs	0		newFullTGDs	13814
nonFullTGDs	404		fullTGDs	25489			newNonFullTGDs	0		newFullTGDs	13714
nonFullTGDs	404		fullTGDs	25589			newNonFullTGDs	0		newFullTGDs	13614
nonFullTGDs	404		fullTGDs	25689			newNonFullTGDs	0		newFullTGDs	13514
nonFullTGDs	404		fullTGDs	25789			newNonFullTGDs	0		newFullTGDs	13414
nonFullTGDs	404		fullTGDs	25889			newNonFullTGDs	0		newFullTGDs	13314
nonFullTGDs	404		fullTGDs	25989			newNonFullTGDs	0		newFullTGDs	13214
nonFullTGDs	404		fullTGDs	26089			newNonFullTGDs	0		newFullTGDs	13114
nonFullTGDs	404		fullTGDs	26189			newNonFullTGDs	0		newFullTGDs	13014
nonFullTGDs	404		fullTGDs	26289			newNonFullTGDs	0		newFullTGDs	12914
nonFullTGDs	404		fullTGDs	26389			newNonFullTGDs	0		newFullTGDs	12814
nonFullTGDs	404		fullTGDs	26489			newNonFullTGDs	0		newFullTGDs	12714
nonFullTGDs	404		fullTGDs	26589			newNonFullTGDs	0		newFullTGDs	12614
nonFullTGDs	404		fullTGDs	26689			newNonFullTGDs	0		newFullTGDs	12514
nonFullTGDs	404		fullTGDs	26789			newNonFullTGDs	0		newFullTGDs	12414
nonFullTGDs	404		fullTGDs	26889			newNonFullTGDs	0		newFullTGDs	12314
nonFullTGDs	404		fullTGDs	26989			newNonFullTGDs	0		newFullTGDs	12214
nonFullTGDs	404		fullTGDs	27089			newNonFullTGDs	0		newFullTGDs	12114
nonFullTGDs	404		fullTGDs	27189			newNonFullTGDs	0		newFullTGDs	12014
nonFullTGDs	404		fullTGDs	27289			newNonFullTGDs	0		newFullTGDs	11914
nonFullTGDs	404		fullTGDs	27389			newNonFullTGDs	0		newFullTGDs	11814
nonFullTGDs	404		fullTGDs	27489			newNonFullTGDs	0		newFullTGDs	11714
nonFullTGDs	404		fullTGDs	27589			newNonFullTGDs	0		newFullTGDs	11614
nonFullTGDs	404		fullTGDs	27689			newNonFullTGDs	0		newFullTGDs	11514
nonFullTGDs	404		fullTGDs	27789			newNonFullTGDs	0		newFullTGDs	11414
nonFullTGDs	404		fullTGDs	27889			newNonFullTGDs	0		newFullTGDs	11314
nonFullTGDs	404		fullTGDs	27989			newNonFullTGDs	0		newFullTGDs	11214
nonFullTGDs	404		fullTGDs	28089			newNonFullTGDs	0		newFullTGDs	11114
nonFullTGDs	404		fullTGDs	28189			newNonFullTGDs	0		newFullTGDs	11014
nonFullTGDs	404		fullTGDs	28289			newNonFullTGDs	0		newFullTGDs	10914
nonFullTGDs	404		fullTGDs	28389			newNonFullTGDs	0		newFullTGDs	10814
nonFullTGDs	404		fullTGDs	28489			newNonFullTGDs	0		newFullTGDs	10714
nonFullTGDs	404		fullTGDs	28589			newNonFullTGDs	0		newFullTGDs	10614
nonFullTGDs	404		fullTGDs	28689			newNonFullTGDs	0		newFullTGDs	10514
nonFullTGDs	404		fullTGDs	28789			newNonFullTGDs	0		newFullTGDs	10414
nonFullTGDs	404		fullTGDs	28889			newNonFullTGDs	0		newFullTGDs	10314
nonFullTGDs	404		fullTGDs	28989			newNonFullTGDs	0		newFullTGDs	10214
nonFullTGDs	404		fullTGDs	29089			newNonFullTGDs	0		newFullTGDs	10114
nonFullTGDs	404		fullTGDs	29189			newNonFullTGDs	0		newFullTGDs	10014
nonFullTGDs	404		fullTGDs	29289			newNonFullTGDs	0		newFullTGDs	9914
nonFullTGDs	404		fullTGDs	29389			newNonFullTGDs	0		newFullTGDs	9814
nonFullTGDs	404		fullTGDs	29489			newNonFullTGDs	0		newFullTGDs	9714
nonFullTGDs	404		fullTGDs	29589			newNonFullTGDs	0		newFullTGDs	9614
nonFullTGDs	404		fullTGDs	29689			newNonFullTGDs	0		newFullTGDs	9514
nonFullTGDs	404		fullTGDs	29789			newNonFullTGDs	0		newFullTGDs	9414
nonFullTGDs	404		fullTGDs	29889			newNonFullTGDs	0		newFullTGDs	9314
nonFullTGDs	404		fullTGDs	29989			newNonFullTGDs	0		newFullTGDs	9214
nonFullTGDs	404		fullTGDs	30089			newNonFullTGDs	0		newFullTGDs	9114
nonFullTGDs	404		fullTGDs	30189			newNonFullTGDs	0		newFullTGDs	9014
nonFullTGDs	404		fullTGDs	30289			newNonFullTGDs	0		newFullTGDs	8914
nonFullTGDs	404		fullTGDs	30389			newNonFullTGDs	0		newFullTGDs	8814
nonFullTGDs	404		fullTGDs	30489			newNonFullTGDs	0		newFullTGDs	8714
nonFullTGDs	404		fullTGDs	30589			newNonFullTGDs	0		newFullTGDs	8614
nonFullTGDs	404		fullTGDs	30689			newNonFullTGDs	0		newFullTGDs	8514
nonFullTGDs	404		fullTGDs	30789			newNonFullTGDs	0		newFullTGDs	8414
nonFullTGDs	404		fullTGDs	30889			newNonFullTGDs	0		newFullTGDs	8314
nonFullTGDs	404		fullTGDs	30989			newNonFullTGDs	0		newFullTGDs	8214
nonFullTGDs	404		fullTGDs	31089			newNonFullTGDs	0		newFullTGDs	8114
nonFullTGDs	404		fullTGDs	31189			newNonFullTGDs	0		newFullTGDs	8014
nonFullTGDs	404		fullTGDs	31289			newNonFullTGDs	0		newFullTGDs	7914
nonFullTGDs	404		fullTGDs	31389			newNonFullTGDs	0		newFullTGDs	7814
nonFullTGDs	404		fullTGDs	31489			newNonFullTGDs	0		newFullTGDs	7714
nonFullTGDs	404		fullTGDs	31589			newNonFullTGDs	0		newFullTGDs	7614
nonFullTGDs	404		fullTGDs	31689			newNonFullTGDs	0		newFullTGDs	7514
nonFullTGDs	404		fullTGDs	31789			newNonFullTGDs	0		newFullTGDs	7414
nonFullTGDs	404		fullTGDs	31889			newNonFullTGDs	0		newFullTGDs	7314
nonFullTGDs	404		fullTGDs	31989			newNonFullTGDs	0		newFullTGDs	7214
nonFullTGDs	404		fullTGDs	32089			newNonFullTGDs	0		newFullTGDs	7114
nonFullTGDs	404		fullTGDs	32189			newNonFullTGDs	0		newFullTGDs	7014
nonFullTGDs	404		fullTGDs	32289			newNonFullTGDs	0		newFullTGDs	6914
nonFullTGDs	404		fullTGDs	32389			newNonFullTGDs	0		newFullTGDs	6814
nonFullTGDs	404		fullTGDs	32489			newNonFullTGDs	0		newFullTGDs	6714
nonFullTGDs	404		fullTGDs	32589			newNonFullTGDs	0		newFullTGDs	6614
nonFullTGDs	404		fullTGDs	32689			newNonFullTGDs	0		newFullTGDs	6514
nonFullTGDs	404		fullTGDs	32789			newNonFullTGDs	0		newFullTGDs	6414
nonFullTGDs	404		fullTGDs	32889			newNonFullTGDs	0		newFullTGDs	6314
nonFullTGDs	404		fullTGDs	32989			newNonFullTGDs	0		newFullTGDs	6214
nonFullTGDs	404		fullTGDs	33089			newNonFullTGDs	0		newFullTGDs	6114
nonFullTGDs	404		fullTGDs	33189			newNonFullTGDs	0		newFullTGDs	6014
nonFullTGDs	404		fullTGDs	33289			newNonFullTGDs	0		newFullTGDs	5914
nonFullTGDs	404		fullTGDs	33389			newNonFullTGDs	0		newFullTGDs	5814
nonFullTGDs	404		fullTGDs	33489			newNonFullTGDs	0		newFullTGDs	5714
nonFullTGDs	404		fullTGDs	33589			newNonFullTGDs	0		newFullTGDs	5614
nonFullTGDs	404		fullTGDs	33689			newNonFullTGDs	0		newFullTGDs	5514
nonFullTGDs	404		fullTGDs	33789			newNonFullTGDs	0		newFullTGDs	5414
nonFullTGDs	404		fullTGDs	33889			newNonFullTGDs	0		newFullTGDs	5314
nonFullTGDs	404		fullTGDs	33989			newNonFullTGDs	0		newFullTGDs	5214
nonFullTGDs	404		fullTGDs	34089			newNonFullTGDs	0		newFullTGDs	5114
nonFullTGDs	404		fullTGDs	34189			newNonFullTGDs	0		newFullTGDs	5014
nonFullTGDs	404		fullTGDs	34289			newNonFullTGDs	0		newFullTGDs	4914
nonFullTGDs	404		fullTGDs	34389			newNonFullTGDs	0		newFullTGDs	4814
nonFullTGDs	404		fullTGDs	34489			newNonFullTGDs	0		newFullTGDs	4714
nonFullTGDs	404		fullTGDs	34589			newNonFullTGDs	0		newFullTGDs	4614
nonFullTGDs	404		fullTGDs	34689			newNonFullTGDs	0		newFullTGDs	4514
nonFullTGDs	404		fullTGDs	34789			newNonFullTGDs	0		newFullTGDs	4414
nonFullTGDs	404		fullTGDs	34889			newNonFullTGDs	0		newFullTGDs	4314
nonFullTGDs	404		fullTGDs	34989			newNonFullTGDs	0		newFullTGDs	4214
nonFullTGDs	404		fullTGDs	35089			newNonFullTGDs	0		newFullTGDs	4114
nonFullTGDs	404		fullTGDs	35189			newNonFullTGDs	0		newFullTGDs	4014
nonFullTGDs	404		fullTGDs	35289			newNonFullTGDs	0		newFullTGDs	3914
nonFullTGDs	404		fullTGDs	35389			newNonFullTGDs	0		newFullTGDs	3814
nonFullTGDs	404		fullTGDs	35489			newNonFullTGDs	0		newFullTGDs	3714
nonFullTGDs	404		fullTGDs	35589			newNonFullTGDs	0		newFullTGDs	3614
nonFullTGDs	404		fullTGDs	35689			newNonFullTGDs	0		newFullTGDs	3514
nonFullTGDs	404		fullTGDs	35789			newNonFullTGDs	0		newFullTGDs	3414
nonFullTGDs	404		fullTGDs	35889			newNonFullTGDs	0		newFullTGDs	3314
nonFullTGDs	404		fullTGDs	35989			newNonFullTGDs	0		newFullTGDs	3214
nonFullTGDs	404		fullTGDs	36089			newNonFullTGDs	0		newFullTGDs	3114
nonFullTGDs	404		fullTGDs	36189			newNonFullTGDs	0		newFullTGDs	3014
nonFullTGDs	404		fullTGDs	36289			newNonFullTGDs	0		newFullTGDs	2914
nonFullTGDs	404		fullTGDs	36389			newNonFullTGDs	0		newFullTGDs	2814
nonFullTGDs	404		fullTGDs	36489			newNonFullTGDs	0		newFullTGDs	2714
nonFullTGDs	404		fullTGDs	36589			newNonFullTGDs	0		newFullTGDs	2614
nonFullTGDs	404		fullTGDs	36689			newNonFullTGDs	0		newFullTGDs	2514
nonFullTGDs	404		fullTGDs	36789			newNonFullTGDs	0		newFullTGDs	2414
nonFullTGDs	404		fullTGDs	36889			newNonFullTGDs	0		newFullTGDs	2314
nonFullTGDs	404		fullTGDs	36989			newNonFullTGDs	0		newFullTGDs	2214
nonFullTGDs	404		fullTGDs	37089			newNonFullTGDs	0		newFullTGDs	2114
nonFullTGDs	404		fullTGDs	37189			newNonFullTGDs	0		newFullTGDs	2014
nonFullTGDs	404		fullTGDs	37289			newNonFullTGDs	0		newFullTGDs	1914
nonFullTGDs	404		fullTGDs	37389			newNonFullTGDs	0		newFullTGDs	1814
nonFullTGDs	404		fullTGDs	37489			newNonFullTGDs	0		newFullTGDs	1714
nonFullTGDs	404		fullTGDs	37589			newNonFullTGDs	0		newFullTGDs	1614
nonFullTGDs	404		fullTGDs	37689			newNonFullTGDs	0		newFullTGDs	1514
nonFullTGDs	404		fullTGDs	37789			newNonFullTGDs	0		newFullTGDs	1414
nonFullTGDs	404		fullTGDs	37889			newNonFullTGDs	0		newFullTGDs	1314
nonFullTGDs	404		fullTGDs	37989			newNonFullTGDs	0		newFullTGDs	1214
nonFullTGDs	404		fullTGDs	38089			newNonFullTGDs	0		newFullTGDs	1114
nonFullTGDs	404		fullTGDs	38189			newNonFullTGDs	0		newFullTGDs	1014
nonFullTGDs	404		fullTGDs	38289			newNonFullTGDs	0		newFullTGDs	914
nonFullTGDs	404		fullTGDs	38389			newNonFullTGDs	0		newFullTGDs	814
nonFullTGDs	404		fullTGDs	38489			newNonFullTGDs	0		newFullTGDs	714
nonFullTGDs	404		fullTGDs	38589			newNonFullTGDs	0		newFullTGDs	614
nonFullTGDs	404		fullTGDs	38689			newNonFullTGDs	0		newFullTGDs	514
nonFullTGDs	404		fullTGDs	38789			newNonFullTGDs	0		newFullTGDs	414
nonFullTGDs	404		fullTGDs	38889			newNonFullTGDs	0		newFullTGDs	314
nonFullTGDs	404		fullTGDs	38989			newNonFullTGDs	0		newFullTGDs	214
nonFullTGDs	404		fullTGDs	39089			newNonFullTGDs	0		newFullTGDs	114
nonFullTGDs	404		fullTGDs	39189			newNonFullTGDs	0		newFullTGDs	14
Nov 23, 2021 11:45:06 AM uk.ac.ox.cs.gsat.SaturationStatistics log
INFO: # initial TGDs: 395 , 404
Nov 23, 2021 11:45:06 AM uk.ac.ox.cs.gsat.SaturationStatistics log
INFO: SkSat total time : 45399 ms = 45.40 s
Nov 23, 2021 11:45:06 AM uk.ac.ox.cs.gsat.SaturationStatistics log
INFO: Subsumed elements : 2
Nov 23, 2021 11:45:06 AM uk.ac.ox.cs.gsat.SaturationStatistics log
INFO: Filter discarded elements : 245160374
Nov 23, 2021 11:45:06 AM uk.ac.ox.cs.gsat.SaturationStatistics log
INFO: subsumption time: 36295 ms = 36.30 s
Nov 23, 2021 11:45:06 AM uk.ac.ox.cs.gsat.SaturationStatistics log
INFO: forward subsumption time: 20539 ms = 20.54 s
Nov 23, 2021 11:45:06 AM uk.ac.ox.cs.gsat.SaturationStatistics log
INFO: backward subsumption time: 15757 ms = 15.76 s
Nov 23, 2021 11:45:06 AM uk.ac.ox.cs.gsat.SaturationStatistics log
INFO: Derived full/non full TGDs: 39006 , 0
Nov 23, 2021 11:45:06 AM uk.ac.ox.cs.gsat.SaturationStatistics log
INFO: discarded tautology count: 196
Nov 23, 2021 11:45:06 AM uk.ac.ox.cs.gsat.EvolveStatistics log
INFO: Stop because subsumed: 2
Nov 23, 2021 11:45:06 AM uk.ac.ox.cs.gsat.EvolveStatistics log
INFO: evolved equals to current: 0
Nov 23, 2021 11:45:06 AM uk.ac.ox.cs.gsat.EvolveStatistics log
INFO: evolved time: 5198 ms = 5.20 s
Nov 23, 2021 11:45:06 AM uk.ac.ox.cs.gsat.EvolveStatistics log
INFO: evolve count: 15838362
Nov 23, 2021 11:45:06 AM uk.ac.ox.cs.gsat.SkolemStatistics log
INFO: maximum number of Skolem atoms in body: 1
Nov 23, 2021 11:45:06 AM uk.ac.ox.cs.gsat.SkolemStatistics log
INFO: left derived TGD with Skolem in the body: 0
Nov 23, 2021 11:45:06 AM uk.ac.ox.cs.gsat.SkolemStatistics log
INFO: right derived TGD with Skolem in the body: 39004
Nov 23, 2021 11:45:06 AM uk.ac.ox.cs.gsat.SkolemStatistics log
INFO: derived TGD with more than two Skolem atoms in the body: 0
Nov 23, 2021 11:45:06 AM uk.ac.ox.cs.gsat.AbstractSaturation run
INFO: ouptput full TGDs not contained in the input: 2
Nov 23, 2021 11:45:06 AM uk.ac.ox.cs.gsat.App executeAllSteps
INFO: Rewriting completed!
Full TGD saturation: (397 dependecies)
Nov 23, 2021 11:45:06 AM uk.ac.ox.cs.gsat.App executeAllSteps
INFO: Writing the saturation in the Datalog file 00418.rul
