Starting Saturation...
Executing from DLGP files
SLF4J: Failed to load class "org.slf4j.impl.StaticLoggerBinder".
SLF4J: Defaulting to no-operation (NOP) logger implementation
SLF4J: See http://www.slf4j.org/codes.html#StaticLoggerBinder for further details.
# Rules: 27096; # Atoms: 0; # AtomSets: 0; # Queries: 0; # Constraints: 0
Full TGD saturation algorithm: Skolem Sat
Running SkSat...
Nov 23, 2021 12:32:38 PM uk.ac.ox.cs.gsat.AbstractSaturation run
INFO: SkSat discarded rules : 0/27096 = 0.000%
SkSat discarded rules : 0/27096 = 0.000%
Nov 23, 2021 12:32:38 PM uk.ac.ox.cs.gsat.AbstractSaturation run
INFO: Subsumption method : tree_predicate
length of the formulas: 2.1077192
number of bags: 36
length of the formulas: 2.1077192
number of bags: 36
nonFullTGDs	0		fullTGDs	24014			newNonFullTGDs	4616		newFullTGDs	0
nonFullTGDs	100		fullTGDs	24014			newNonFullTGDs	4595		newFullTGDs	726
nonFullTGDs	200		fullTGDs	24014			newNonFullTGDs	4569		newFullTGDs	1581
nonFullTGDs	300		fullTGDs	24014			newNonFullTGDs	4544		newFullTGDs	2371
nonFullTGDs	400		fullTGDs	24014			newNonFullTGDs	4522		newFullTGDs	3095
nonFullTGDs	500		fullTGDs	24014			newNonFullTGDs	4500		newFullTGDs	3821
nonFullTGDs	600		fullTGDs	24014			newNonFullTGDs	4474		newFullTGDs	12802
nonFullTGDs	700		fullTGDs	24014			newNonFullTGDs	4452		newFullTGDs	28732
nonFullTGDs	800		fullTGDs	24014			newNonFullTGDs	4430		newFullTGDs	44661
nonFullTGDs	900		fullTGDs	24014			newNonFullTGDs	4410		newFullTGDs	59145
nonFullTGDs	1000		fullTGDs	24014			newNonFullTGDs	4386		newFullTGDs	73756
nonFullTGDs	1100		fullTGDs	24014			newNonFullTGDs	4365		newFullTGDs	88243
nonFullTGDs	1200		fullTGDs	24014			newNonFullTGDs	4346		newFullTGDs	101300
nonFullTGDs	1300		fullTGDs	24014			newNonFullTGDs	4324		newFullTGDs	117234
nonFullTGDs	1400		fullTGDs	24014			newNonFullTGDs	4302		newFullTGDs	133170
nonFullTGDs	1500		fullTGDs	24014			newNonFullTGDs	4280		newFullTGDs	149108
nonFullTGDs	1600		fullTGDs	24014			newNonFullTGDs	4256		newFullTGDs	166495
nonFullTGDs	1700		fullTGDs	24014			newNonFullTGDs	4234		newFullTGDs	182432
nonFullTGDs	1800		fullTGDs	24014			newNonFullTGDs	4212		newFullTGDs	196986
nonFullTGDs	1900		fullTGDs	24014			newNonFullTGDs	4188		newFullTGDs	214370
nonFullTGDs	2000		fullTGDs	24014			newNonFullTGDs	4168		newFullTGDs	228854
nonFullTGDs	2100		fullTGDs	24014			newNonFullTGDs	4144		newFullTGDs	243429
nonFullTGDs	2200		fullTGDs	24014			newNonFullTGDs	4120		newFullTGDs	260813
nonFullTGDs	2300		fullTGDs	24014			newNonFullTGDs	4098		newFullTGDs	275363
nonFullTGDs	2400		fullTGDs	24014			newNonFullTGDs	4076		newFullTGDs	291294
nonFullTGDs	2500		fullTGDs	24014			newNonFullTGDs	4050		newFullTGDs	310127
nonFullTGDs	2600		fullTGDs	24014			newNonFullTGDs	4030		newFullTGDs	324614
nonFullTGDs	2700		fullTGDs	24014			newNonFullTGDs	4010		newFullTGDs	339098
nonFullTGDs	2800		fullTGDs	24014			newNonFullTGDs	3990		newFullTGDs	353585
nonFullTGDs	2900		fullTGDs	24014			newNonFullTGDs	3968		newFullTGDs	369523
nonFullTGDs	3000		fullTGDs	24014			newNonFullTGDs	3944		newFullTGDs	385522
nonFullTGDs	3100		fullTGDs	24014			newNonFullTGDs	3922		newFullTGDs	401459
nonFullTGDs	3200		fullTGDs	24014			newNonFullTGDs	3898		newFullTGDs	418844
nonFullTGDs	3300		fullTGDs	24014			newNonFullTGDs	3872		newFullTGDs	433395
nonFullTGDs	3400		fullTGDs	24014			newNonFullTGDs	3848		newFullTGDs	446497
nonFullTGDs	3500		fullTGDs	24014			newNonFullTGDs	3830		newFullTGDs	459531
nonFullTGDs	3600		fullTGDs	24014			newNonFullTGDs	3813		newFullTGDs	471116
nonFullTGDs	3700		fullTGDs	24014			newNonFullTGDs	3788		newFullTGDs	487094
nonFullTGDs	3800		fullTGDs	24014			newNonFullTGDs	3764		newFullTGDs	504475
nonFullTGDs	3900		fullTGDs	24014			newNonFullTGDs	3740		newFullTGDs	520431
nonFullTGDs	4000		fullTGDs	24014			newNonFullTGDs	3720		newFullTGDs	534916
nonFullTGDs	4100		fullTGDs	24014			newNonFullTGDs	3696		newFullTGDs	552300
nonFullTGDs	4200		fullTGDs	24014			newNonFullTGDs	3672		newFullTGDs	568294
nonFullTGDs	4300		fullTGDs	24014			newNonFullTGDs	3651		newFullTGDs	581392
nonFullTGDs	4400		fullTGDs	24014			newNonFullTGDs	3632		newFullTGDs	593114
nonFullTGDs	4500		fullTGDs	24014			newNonFullTGDs	3612		newFullTGDs	604833
nonFullTGDs	4600		fullTGDs	24014			newNonFullTGDs	3588		newFullTGDs	619406
nonFullTGDs	4700		fullTGDs	24014			newNonFullTGDs	3570		newFullTGDs	631060
Nov 23, 2021 12:42:38 PM uk.ac.ox.cs.gsat.SaturationStatistics log
INFO: # initial TGDs: 24014 , 4616
Nov 23, 2021 12:42:38 PM uk.ac.ox.cs.gsat.SaturationStatistics log
INFO: SkSat total time : 600460 ms = 600.46 s
Nov 23, 2021 12:42:38 PM uk.ac.ox.cs.gsat.SaturationStatistics log
INFO: Subsumed elements : 1129
Nov 23, 2021 12:42:38 PM uk.ac.ox.cs.gsat.SaturationStatistics log
INFO: Filter discarded elements : 62354993
Nov 23, 2021 12:42:38 PM uk.ac.ox.cs.gsat.SaturationStatistics log
INFO: subsumption time: 43582 ms = 43.58 s
Nov 23, 2021 12:42:38 PM uk.ac.ox.cs.gsat.SaturationStatistics log
INFO: forward subsumption time: 16438 ms = 16.44 s
Nov 23, 2021 12:42:38 PM uk.ac.ox.cs.gsat.SaturationStatistics log
INFO: backward subsumption time: 27144 ms = 27.14 s
Nov 23, 2021 12:42:38 PM uk.ac.ox.cs.gsat.SaturationStatistics log
INFO: Derived full/non full TGDs: 645666 , 3756
Nov 23, 2021 12:42:38 PM uk.ac.ox.cs.gsat.SaturationStatistics log
INFO: discarded tautology count: 471
Nov 23, 2021 12:42:38 PM uk.ac.ox.cs.gsat.SaturationStatistics log
INFO: !!! TIME OUT !!!
Nov 23, 2021 12:42:38 PM uk.ac.ox.cs.gsat.EvolveStatistics log
INFO: Stop because subsumed: 0
Nov 23, 2021 12:42:38 PM uk.ac.ox.cs.gsat.EvolveStatistics log
INFO: evolved equals to current: 0
Nov 23, 2021 12:42:38 PM uk.ac.ox.cs.gsat.EvolveStatistics log
INFO: evolved time: 93591 ms = 93.59 s
Nov 23, 2021 12:42:38 PM uk.ac.ox.cs.gsat.EvolveStatistics log
INFO: evolve count: 114979032
Nov 23, 2021 12:42:38 PM uk.ac.ox.cs.gsat.SkolemStatistics log
INFO: maximum number of Skolem atoms in body: 1
Nov 23, 2021 12:42:38 PM uk.ac.ox.cs.gsat.SkolemStatistics log
INFO: left derived TGD with Skolem in the body: 0
Nov 23, 2021 12:42:38 PM uk.ac.ox.cs.gsat.SkolemStatistics log
INFO: right derived TGD with Skolem in the body: 645666
Nov 23, 2021 12:42:38 PM uk.ac.ox.cs.gsat.SkolemStatistics log
INFO: derived TGD with more than two Skolem atoms in the body: 0
Nov 23, 2021 12:42:38 PM uk.ac.ox.cs.gsat.AbstractSaturation run
INFO: ouptput full TGDs not contained in the input: 0
Nov 23, 2021 12:42:38 PM uk.ac.ox.cs.gsat.App executeAllSteps
INFO: Rewriting completed!
Full TGD saturation: (24014 dependecies)
Nov 23, 2021 12:42:38 PM uk.ac.ox.cs.gsat.App executeAllSteps
INFO: Writing the saturation in the Datalog file 00436.rul
