Starting Saturation...
Executing from DLGP files
SLF4J: Failed to load class "org.slf4j.impl.StaticLoggerBinder".
SLF4J: Defaulting to no-operation (NOP) logger implementation
SLF4J: See http://www.slf4j.org/codes.html#StaticLoggerBinder for further details.
# Rules: 20399; # Atoms: 0; # AtomSets: 0; # Queries: 0; # Constraints: 0
Full TGD saturation algorithm: Skolem Sat
Running SkSat...
Nov 23, 2021 4:46:30 PM uk.ac.ox.cs.gsat.AbstractSaturation run
INFO: SkSat discarded rules : 0/20399 = 0.000%
SkSat discarded rules : 0/20399 = 0.000%
Nov 23, 2021 4:46:31 PM uk.ac.ox.cs.gsat.AbstractSaturation run
INFO: Subsumption method : tree_predicate
length of the formulas: 2.1704895
number of bags: 33
length of the formulas: 2.1704895
number of bags: 33
nonFullTGDs	0		fullTGDs	9363			newNonFullTGDs	22070		newFullTGDs	0
nonFullTGDs	100		fullTGDs	9363			newNonFullTGDs	21992		newFullTGDs	42082
nonFullTGDs	200		fullTGDs	9363			newNonFullTGDs	21914		newFullTGDs	85206
nonFullTGDs	300		fullTGDs	9363			newNonFullTGDs	21836		newFullTGDs	129903
nonFullTGDs	400		fullTGDs	9363			newNonFullTGDs	21761		newFullTGDs	177158
nonFullTGDs	500		fullTGDs	9363			newNonFullTGDs	21681		newFullTGDs	219001
nonFullTGDs	600		fullTGDs	9363			newNonFullTGDs	21596		newFullTGDs	257217
nonFullTGDs	700		fullTGDs	9363			newNonFullTGDs	21512		newFullTGDs	296228
nonFullTGDs	800		fullTGDs	9363			newNonFullTGDs	21433		newFullTGDs	338331
nonFullTGDs	900		fullTGDs	9363			newNonFullTGDs	21355		newFullTGDs	383008
nonFullTGDs	1000		fullTGDs	9363			newNonFullTGDs	21273		newFullTGDs	424078
nonFullTGDs	1100		fullTGDs	9363			newNonFullTGDs	21197		newFullTGDs	471616
nonFullTGDs	1200		fullTGDs	9363			newNonFullTGDs	21122		newFullTGDs	518077
nonFullTGDs	1300		fullTGDs	9363			newNonFullTGDs	21047		newFullTGDs	565843
nonFullTGDs	1400		fullTGDs	9363			newNonFullTGDs	20967		newFullTGDs	606898
nonFullTGDs	1500		fullTGDs	9363			newNonFullTGDs	20892		newFullTGDs	647943
nonFullTGDs	1600		fullTGDs	9363			newNonFullTGDs	20816		newFullTGDs	694434
nonFullTGDs	1700		fullTGDs	9363			newNonFullTGDs	20737		newFullTGDs	739372
nonFullTGDs	1800		fullTGDs	9363			newNonFullTGDs	20663		newFullTGDs	787936
nonFullTGDs	1900		fullTGDs	9363			newNonFullTGDs	20588		newFullTGDs	835692
nonFullTGDs	2000		fullTGDs	9363			newNonFullTGDs	20510		newFullTGDs	881951
nonFullTGDs	2100		fullTGDs	9363			newNonFullTGDs	20432		newFullTGDs	927402
nonFullTGDs	2200		fullTGDs	9363			newNonFullTGDs	20358		newFullTGDs	973362
nonFullTGDs	2300		fullTGDs	9363			newNonFullTGDs	20279		newFullTGDs	1012359
nonFullTGDs	2400		fullTGDs	9363			newNonFullTGDs	20199		newFullTGDs	1050319
nonFullTGDs	2500		fullTGDs	9363			newNonFullTGDs	20122		newFullTGDs	1093687
nonFullTGDs	2600		fullTGDs	9363			newNonFullTGDs	20045		newFullTGDs	1139403
nonFullTGDs	2700		fullTGDs	9363			newNonFullTGDs	19967		newFullTGDs	1183292
nonFullTGDs	2800		fullTGDs	9363			newNonFullTGDs	19886		newFullTGDs	1223353
nonFullTGDs	2900		fullTGDs	9363			newNonFullTGDs	19805		newFullTGDs	1261069
nonFullTGDs	3000		fullTGDs	9363			newNonFullTGDs	19726		newFullTGDs	1302380
nonFullTGDs	3100		fullTGDs	9363			newNonFullTGDs	19647		newFullTGDs	1341379
nonFullTGDs	3200		fullTGDs	9363			newNonFullTGDs	19567		newFullTGDs	1383217
nonFullTGDs	3300		fullTGDs	9363			newNonFullTGDs	19489		newFullTGDs	1427888
nonFullTGDs	3400		fullTGDs	9363			newNonFullTGDs	19412		newFullTGDs	1472037
nonFullTGDs	3500		fullTGDs	9363			newNonFullTGDs	19338		newFullTGDs	1521624
nonFullTGDs	3600		fullTGDs	9363			newNonFullTGDs	19264		newFullTGDs	1575080
nonFullTGDs	3700		fullTGDs	9363			newNonFullTGDs	19189		newFullTGDs	1621555
nonFullTGDs	3800		fullTGDs	9363			newNonFullTGDs	19116		newFullTGDs	1672940
nonFullTGDs	3900		fullTGDs	9363			newNonFullTGDs	19040		newFullTGDs	1717866
nonFullTGDs	4000		fullTGDs	9363			newNonFullTGDs	18964		newFullTGDs	1765383
nonFullTGDs	4100		fullTGDs	9363			newNonFullTGDs	18887		newFullTGDs	1808756
nonFullTGDs	4200		fullTGDs	9363			newNonFullTGDs	18807		newFullTGDs	1846706
nonFullTGDs	4300		fullTGDs	9363			newNonFullTGDs	18728		newFullTGDs	1888012
nonFullTGDs	4400		fullTGDs	9363			newNonFullTGDs	18645		newFullTGDs	1929085
nonFullTGDs	4500		fullTGDs	9363			newNonFullTGDs	18564		newFullTGDs	1968070
nonFullTGDs	4600		fullTGDs	9363			newNonFullTGDs	18485		newFullTGDs	2002523
nonFullTGDs	4700		fullTGDs	9363			newNonFullTGDs	18404		newFullTGDs	2041031
nonFullTGDs	4800		fullTGDs	9363			newNonFullTGDs	18329		newFullTGDs	2084413
nonFullTGDs	4900		fullTGDs	9363			newNonFullTGDs	18247		newFullTGDs	2123922
nonFullTGDs	5000		fullTGDs	9363			newNonFullTGDs	18171		newFullTGDs	2171172
nonFullTGDs	5100		fullTGDs	9363			newNonFullTGDs	18089		newFullTGDs	2218728
nonFullTGDs	5200		fullTGDs	9363			newNonFullTGDs	18010		newFullTGDs	2264441
nonFullTGDs	5300		fullTGDs	9363			newNonFullTGDs	17934		newFullTGDs	2307602
nonFullTGDs	5400		fullTGDs	9363			newNonFullTGDs	17857		newFullTGDs	2353306
nonFullTGDs	5500		fullTGDs	9363			newNonFullTGDs	17779		newFullTGDs	2395080
nonFullTGDs	5600		fullTGDs	9363			newNonFullTGDs	17700		newFullTGDs	2433805
nonFullTGDs	5700		fullTGDs	9363			newNonFullTGDs	17621		newFullTGDs	2470201
nonFullTGDs	5800		fullTGDs	9363			newNonFullTGDs	17543		newFullTGDs	2508405
Nov 23, 2021 4:56:32 PM uk.ac.ox.cs.gsat.SaturationStatistics log
INFO: # initial TGDs: 9363 , 22070
Nov 23, 2021 4:56:32 PM uk.ac.ox.cs.gsat.SaturationStatistics log
INFO: SkSat total time : 602372 ms = 602.37 s
Nov 23, 2021 4:56:32 PM uk.ac.ox.cs.gsat.SaturationStatistics log
INFO: Subsumed elements : 0
Nov 23, 2021 4:56:32 PM uk.ac.ox.cs.gsat.SaturationStatistics log
INFO: Filter discarded elements : 505358064
Nov 23, 2021 4:56:32 PM uk.ac.ox.cs.gsat.SaturationStatistics log
INFO: subsumption time: 271875 ms = 271.87 s
Nov 23, 2021 4:56:32 PM uk.ac.ox.cs.gsat.SaturationStatistics log
INFO: forward subsumption time: 120247 ms = 120.25 s
Nov 23, 2021 4:56:32 PM uk.ac.ox.cs.gsat.SaturationStatistics log
INFO: backward subsumption time: 151627 ms = 151.63 s
Nov 23, 2021 4:56:32 PM uk.ac.ox.cs.gsat.SaturationStatistics log
INFO: Derived full/non full TGDs: 2524267 , 1281
Nov 23, 2021 4:56:32 PM uk.ac.ox.cs.gsat.SaturationStatistics log
INFO: discarded tautology count: 533
Nov 23, 2021 4:56:32 PM uk.ac.ox.cs.gsat.SaturationStatistics log
INFO: !!! TIME OUT !!!
Nov 23, 2021 4:56:32 PM uk.ac.ox.cs.gsat.EvolveStatistics log
INFO: Stop because subsumed: 0
Nov 23, 2021 4:56:32 PM uk.ac.ox.cs.gsat.EvolveStatistics log
INFO: evolved equals to current: 0
Nov 23, 2021 4:56:32 PM uk.ac.ox.cs.gsat.EvolveStatistics log
INFO: evolved time: 72115 ms = 72.11 s
Nov 23, 2021 4:56:32 PM uk.ac.ox.cs.gsat.EvolveStatistics log
INFO: evolve count: 54633105
Nov 23, 2021 4:56:32 PM uk.ac.ox.cs.gsat.SkolemStatistics log
INFO: maximum number of Skolem atoms in body: 1
Nov 23, 2021 4:56:32 PM uk.ac.ox.cs.gsat.SkolemStatistics log
INFO: left derived TGD with Skolem in the body: 0
Nov 23, 2021 4:56:32 PM uk.ac.ox.cs.gsat.SkolemStatistics log
INFO: right derived TGD with Skolem in the body: 2524267
Nov 23, 2021 4:56:32 PM uk.ac.ox.cs.gsat.SkolemStatistics log
INFO: derived TGD with more than two Skolem atoms in the body: 0
Nov 23, 2021 4:56:32 PM uk.ac.ox.cs.gsat.AbstractSaturation run
INFO: ouptput full TGDs not contained in the input: 0
Nov 23, 2021 4:56:32 PM uk.ac.ox.cs.gsat.App executeAllSteps
INFO: Rewriting completed!
Full TGD saturation: (9363 dependecies)
Nov 23, 2021 4:56:32 PM uk.ac.ox.cs.gsat.App executeAllSteps
INFO: Writing the saturation in the Datalog file 00518.rul
