Starting Saturation...
Executing from DLGP files
SLF4J: Failed to load class "org.slf4j.impl.StaticLoggerBinder".
SLF4J: Defaulting to no-operation (NOP) logger implementation
SLF4J: See http://www.slf4j.org/codes.html#StaticLoggerBinder for further details.
# Rules: 2078; # Atoms: 0; # AtomSets: 0; # Queries: 0; # Constraints: 0
Full TGD saturation algorithm: Skolem Sat
Running SkSat...
Nov 23, 2021 9:59:10 PM uk.ac.ox.cs.gsat.AbstractSaturation run
INFO: SkSat discarded rules : 0/2078 = 0.000%
SkSat discarded rules : 0/2078 = 0.000%
Nov 23, 2021 9:59:10 PM uk.ac.ox.cs.gsat.AbstractSaturation run
INFO: Subsumption method : tree_predicate
length of the formulas: 2.0705116
number of bags: 17
length of the formulas: 2.0705116
number of bags: 17
nonFullTGDs	0		fullTGDs	1025			newNonFullTGDs	4350		newFullTGDs	0
nonFullTGDs	100		fullTGDs	1025			newNonFullTGDs	4293		newFullTGDs	2030
nonFullTGDs	200		fullTGDs	1025			newNonFullTGDs	4237		newFullTGDs	5221
nonFullTGDs	300		fullTGDs	1025			newNonFullTGDs	4180		newFullTGDs	9133
nonFullTGDs	400		fullTGDs	1025			newNonFullTGDs	4122		newFullTGDs	11884
nonFullTGDs	500		fullTGDs	1025			newNonFullTGDs	4068		newFullTGDs	14073
nonFullTGDs	600		fullTGDs	1025			newNonFullTGDs	4013		newFullTGDs	16763
nonFullTGDs	700		fullTGDs	1025			newNonFullTGDs	3956		newFullTGDs	19514
nonFullTGDs	800		fullTGDs	1025			newNonFullTGDs	3900		newFullTGDs	22925
nonFullTGDs	900		fullTGDs	1025			newNonFullTGDs	3843		newFullTGDs	25175
nonFullTGDs	1000		fullTGDs	1025			newNonFullTGDs	3783		newFullTGDs	27486
nonFullTGDs	1100		fullTGDs	1025			newNonFullTGDs	3726		newFullTGDs	30237
nonFullTGDs	1200		fullTGDs	1025			newNonFullTGDs	3674		newFullTGDs	33306
nonFullTGDs	1300		fullTGDs	1025			newNonFullTGDs	3616		newFullTGDs	37059
nonFullTGDs	1400		fullTGDs	1025			newNonFullTGDs	3558		newFullTGDs	39089
nonFullTGDs	1500		fullTGDs	1025			newNonFullTGDs	3503		newFullTGDs	41278
nonFullTGDs	1600		fullTGDs	1025			newNonFullTGDs	3451		newFullTGDs	43186
nonFullTGDs	1700		fullTGDs	1025			newNonFullTGDs	3402		newFullTGDs	45253
nonFullTGDs	1800		fullTGDs	1025			newNonFullTGDs	3350		newFullTGDs	47161
nonFullTGDs	1900		fullTGDs	1025			newNonFullTGDs	3294		newFullTGDs	49631
nonFullTGDs	2000		fullTGDs	1025			newNonFullTGDs	3240		newFullTGDs	51380
nonFullTGDs	2100		fullTGDs	1025			newNonFullTGDs	3187		newFullTGDs	54950
nonFullTGDs	2200		fullTGDs	1025			newNonFullTGDs	3135		newFullTGDs	57579
nonFullTGDs	2300		fullTGDs	1025			newNonFullTGDs	3080		newFullTGDs	60049
nonFullTGDs	2400		fullTGDs	1025			newNonFullTGDs	3022		newFullTGDs	62079
nonFullTGDs	2500		fullTGDs	1025			newNonFullTGDs	2970		newFullTGDs	64708
nonFullTGDs	2600		fullTGDs	1025			newNonFullTGDs	2919		newFullTGDs	67557
nonFullTGDs	2700		fullTGDs	1025			newNonFullTGDs	2866		newFullTGDs	69966
nonFullTGDs	2800		fullTGDs	1025			newNonFullTGDs	2813		newFullTGDs	72155
nonFullTGDs	2900		fullTGDs	1025			newNonFullTGDs	2758		newFullTGDs	75065
nonFullTGDs	3000		fullTGDs	1025			newNonFullTGDs	2704		newFullTGDs	78696
nonFullTGDs	3100		fullTGDs	1025			newNonFullTGDs	2650		newFullTGDs	81386
nonFullTGDs	3200		fullTGDs	1025			newNonFullTGDs	2598		newFullTGDs	84015
nonFullTGDs	3300		fullTGDs	1025			newNonFullTGDs	2549		newFullTGDs	86082
nonFullTGDs	3400		fullTGDs	1025			newNonFullTGDs	2494		newFullTGDs	88051
nonFullTGDs	3500		fullTGDs	1025			newNonFullTGDs	2442		newFullTGDs	90179
nonFullTGDs	3600		fullTGDs	1025			newNonFullTGDs	2385		newFullTGDs	92209
nonFullTGDs	3700		fullTGDs	1025			newNonFullTGDs	2333		newFullTGDs	94117
nonFullTGDs	3800		fullTGDs	1025			newNonFullTGDs	2278		newFullTGDs	97027
nonFullTGDs	3900		fullTGDs	1025			newNonFullTGDs	2220		newFullTGDs	99778
nonFullTGDs	4000		fullTGDs	1025			newNonFullTGDs	2163		newFullTGDs	101588
nonFullTGDs	4100		fullTGDs	1025			newNonFullTGDs	2110		newFullTGDs	103496
nonFullTGDs	4200		fullTGDs	1025			newNonFullTGDs	2054		newFullTGDs	105245
nonFullTGDs	4300		fullTGDs	1025			newNonFullTGDs	1999		newFullTGDs	107214
nonFullTGDs	4400		fullTGDs	1025			newNonFullTGDs	1945		newFullTGDs	110124
nonFullTGDs	4500		fullTGDs	1025			newNonFullTGDs	1893		newFullTGDs	112753
nonFullTGDs	4600		fullTGDs	1025			newNonFullTGDs	1832		newFullTGDs	116286
nonFullTGDs	4700		fullTGDs	1025			newNonFullTGDs	1777		newFullTGDs	118976
nonFullTGDs	4800		fullTGDs	1025			newNonFullTGDs	1720		newFullTGDs	121446
nonFullTGDs	4900		fullTGDs	1025			newNonFullTGDs	1666		newFullTGDs	124136
nonFullTGDs	5000		fullTGDs	1025			newNonFullTGDs	1614		newFullTGDs	126044
nonFullTGDs	5100		fullTGDs	1025			newNonFullTGDs	1562		newFullTGDs	127952
nonFullTGDs	5200		fullTGDs	1025			newNonFullTGDs	1506		newFullTGDs	130202
nonFullTGDs	5300		fullTGDs	1025			newNonFullTGDs	1456		newFullTGDs	132269
nonFullTGDs	5400		fullTGDs	1025			newNonFullTGDs	1405		newFullTGDs	134177
nonFullTGDs	5500		fullTGDs	1025			newNonFullTGDs	1353		newFullTGDs	136085
nonFullTGDs	5600		fullTGDs	1025			newNonFullTGDs	1297		newFullTGDs	138555
nonFullTGDs	5700		fullTGDs	1025			newNonFullTGDs	1239		newFullTGDs	141306
nonFullTGDs	5800		fullTGDs	1025			newNonFullTGDs	1181		newFullTGDs	145499
nonFullTGDs	5900		fullTGDs	1025			newNonFullTGDs	1124		newFullTGDs	148690
nonFullTGDs	6000		fullTGDs	1025			newNonFullTGDs	1070		newFullTGDs	151160
nonFullTGDs	6100		fullTGDs	1025			newNonFullTGDs	1012		newFullTGDs	154852
nonFullTGDs	6200		fullTGDs	1025			newNonFullTGDs	954		newFullTGDs	158324
nonFullTGDs	6300		fullTGDs	1025			newNonFullTGDs	898		newFullTGDs	160574
nonFullTGDs	6400		fullTGDs	1025			newNonFullTGDs	844		newFullTGDs	162983
nonFullTGDs	6500		fullTGDs	1025			newNonFullTGDs	788		newFullTGDs	164732
nonFullTGDs	6600		fullTGDs	1025			newNonFullTGDs	728		newFullTGDs	169190
nonFullTGDs	6700		fullTGDs	1025			newNonFullTGDs	661		newFullTGDs	176417
nonFullTGDs	6800		fullTGDs	1025			newNonFullTGDs	594		newFullTGDs	183644
nonFullTGDs	6900		fullTGDs	1025			newNonFullTGDs	528		newFullTGDs	191090
nonFullTGDs	7000		fullTGDs	1025			newNonFullTGDs	461		newFullTGDs	198317
nonFullTGDs	7100		fullTGDs	1025			newNonFullTGDs	394		newFullTGDs	205544
nonFullTGDs	7200		fullTGDs	1025			newNonFullTGDs	328		newFullTGDs	212990
nonFullTGDs	7300		fullTGDs	1025			newNonFullTGDs	261		newFullTGDs	218448
nonFullTGDs	7400		fullTGDs	1025			newNonFullTGDs	194		newFullTGDs	223662
nonFullTGDs	7500		fullTGDs	1025			newNonFullTGDs	128		newFullTGDs	229034
nonFullTGDs	7600		fullTGDs	1025			newNonFullTGDs	61		newFullTGDs	234248
nonFullTGDs	7691		fullTGDs	1034			newNonFullTGDs	0		newFullTGDs	238979
nonFullTGDs	7692		fullTGDs	1133			newNonFullTGDs	0		newFullTGDs	238880
nonFullTGDs	7693		fullTGDs	1232			newNonFullTGDs	0		newFullTGDs	238781
nonFullTGDs	7693		fullTGDs	1332			newNonFullTGDs	0		newFullTGDs	238681
nonFullTGDs	7693		fullTGDs	1432			newNonFullTGDs	0		newFullTGDs	238581
nonFullTGDs	7694		fullTGDs	1531			newNonFullTGDs	0		newFullTGDs	238482
nonFullTGDs	7694		fullTGDs	1631			newNonFullTGDs	0		newFullTGDs	238382
nonFullTGDs	7694		fullTGDs	1731			newNonFullTGDs	0		newFullTGDs	238282
nonFullTGDs	7695		fullTGDs	1830			newNonFullTGDs	0		newFullTGDs	238183
nonFullTGDs	7695		fullTGDs	1930			newNonFullTGDs	0		newFullTGDs	238083
nonFullTGDs	7695		fullTGDs	2030			newNonFullTGDs	0		newFullTGDs	237983
nonFullTGDs	7696		fullTGDs	2129			newNonFullTGDs	0		newFullTGDs	237884
nonFullTGDs	7696		fullTGDs	2229			newNonFullTGDs	0		newFullTGDs	237784
nonFullTGDs	7696		fullTGDs	2329			newNonFullTGDs	0		newFullTGDs	237684
nonFullTGDs	7696		fullTGDs	2429			newNonFullTGDs	0		newFullTGDs	237584
nonFullTGDs	7696		fullTGDs	2529			newNonFullTGDs	0		newFullTGDs	237484
nonFullTGDs	7696		fullTGDs	2629			newNonFullTGDs	0		newFullTGDs	237384
nonFullTGDs	7696		fullTGDs	2729			newNonFullTGDs	0		newFullTGDs	237284
nonFullTGDs	7696		fullTGDs	2829			newNonFullTGDs	0		newFullTGDs	237184
nonFullTGDs	7697		fullTGDs	2928			newNonFullTGDs	0		newFullTGDs	237085
nonFullTGDs	7698		fullTGDs	3027			newNonFullTGDs	0		newFullTGDs	236986
nonFullTGDs	7698		fullTGDs	3127			newNonFullTGDs	0		newFullTGDs	236886
nonFullTGDs	7698		fullTGDs	3227			newNonFullTGDs	0		newFullTGDs	236786
nonFullTGDs	7698		fullTGDs	3327			newNonFullTGDs	0		newFullTGDs	236686
nonFullTGDs	7698		fullTGDs	3427			newNonFullTGDs	0		newFullTGDs	236586
nonFullTGDs	7699		fullTGDs	3526			newNonFullTGDs	0		newFullTGDs	236487
nonFullTGDs	7699		fullTGDs	3626			newNonFullTGDs	0		newFullTGDs	236387
nonFullTGDs	7699		fullTGDs	3726			newNonFullTGDs	0		newFullTGDs	236287
nonFullTGDs	7699		fullTGDs	3826			newNonFullTGDs	0		newFullTGDs	236187
nonFullTGDs	7700		fullTGDs	3925			newNonFullTGDs	0		newFullTGDs	236088
nonFullTGDs	7700		fullTGDs	4025			newNonFullTGDs	0		newFullTGDs	235988
nonFullTGDs	7700		fullTGDs	4125			newNonFullTGDs	0		newFullTGDs	235888
nonFullTGDs	7700		fullTGDs	4225			newNonFullTGDs	0		newFullTGDs	235788
nonFullTGDs	7701		fullTGDs	4324			newNonFullTGDs	0		newFullTGDs	235689
nonFullTGDs	7701		fullTGDs	4424			newNonFullTGDs	0		newFullTGDs	235589
nonFullTGDs	7701		fullTGDs	4524			newNonFullTGDs	0		newFullTGDs	235489
nonFullTGDs	7701		fullTGDs	4624			newNonFullTGDs	0		newFullTGDs	235389
nonFullTGDs	7701		fullTGDs	4724			newNonFullTGDs	0		newFullTGDs	235289
nonFullTGDs	7701		fullTGDs	4824			newNonFullTGDs	0		newFullTGDs	235189
nonFullTGDs	7701		fullTGDs	4924			newNonFullTGDs	0		newFullTGDs	235089
nonFullTGDs	7701		fullTGDs	5024			newNonFullTGDs	0		newFullTGDs	234989
nonFullTGDs	7702		fullTGDs	5123			newNonFullTGDs	0		newFullTGDs	234890
nonFullTGDs	7702		fullTGDs	5223			newNonFullTGDs	0		newFullTGDs	234790
nonFullTGDs	7702		fullTGDs	5323			newNonFullTGDs	0		newFullTGDs	234690
nonFullTGDs	7702		fullTGDs	5423			newNonFullTGDs	0		newFullTGDs	234590
nonFullTGDs	7703		fullTGDs	5522			newNonFullTGDs	0		newFullTGDs	234491
nonFullTGDs	7703		fullTGDs	5622			newNonFullTGDs	0		newFullTGDs	234391
nonFullTGDs	7704		fullTGDs	5721			newNonFullTGDs	0		newFullTGDs	234292
nonFullTGDs	7704		fullTGDs	5821			newNonFullTGDs	0		newFullTGDs	234192
nonFullTGDs	7704		fullTGDs	5921			newNonFullTGDs	0		newFullTGDs	234092
nonFullTGDs	7704		fullTGDs	6021			newNonFullTGDs	0		newFullTGDs	233992
nonFullTGDs	7705		fullTGDs	6120			newNonFullTGDs	0		newFullTGDs	233893
nonFullTGDs	7705		fullTGDs	6220			newNonFullTGDs	0		newFullTGDs	233793
nonFullTGDs	7706		fullTGDs	6319			newNonFullTGDs	0		newFullTGDs	233694
nonFullTGDs	7707		fullTGDs	6418			newNonFullTGDs	0		newFullTGDs	233595
nonFullTGDs	7707		fullTGDs	6518			newNonFullTGDs	0		newFullTGDs	233495
nonFullTGDs	7707		fullTGDs	6618			newNonFullTGDs	0		newFullTGDs	233395
nonFullTGDs	7708		fullTGDs	6717			newNonFullTGDs	0		newFullTGDs	233296
nonFullTGDs	7709		fullTGDs	6816			newNonFullTGDs	0		newFullTGDs	233197
nonFullTGDs	7709		fullTGDs	6916			newNonFullTGDs	0		newFullTGDs	233097
nonFullTGDs	7709		fullTGDs	7016			newNonFullTGDs	0		newFullTGDs	232997
nonFullTGDs	7709		fullTGDs	7116			newNonFullTGDs	0		newFullTGDs	232897
nonFullTGDs	7710		fullTGDs	7215			newNonFullTGDs	0		newFullTGDs	232798
nonFullTGDs	7711		fullTGDs	7314			newNonFullTGDs	0		newFullTGDs	232699
nonFullTGDs	7712		fullTGDs	7413			newNonFullTGDs	0		newFullTGDs	232600
nonFullTGDs	7713		fullTGDs	7512			newNonFullTGDs	0		newFullTGDs	232501
nonFullTGDs	7713		fullTGDs	7612			newNonFullTGDs	0		newFullTGDs	232401
nonFullTGDs	7714		fullTGDs	7711			newNonFullTGDs	0		newFullTGDs	232302
nonFullTGDs	7714		fullTGDs	7811			newNonFullTGDs	0		newFullTGDs	232202
nonFullTGDs	7714		fullTGDs	7911			newNonFullTGDs	0		newFullTGDs	232102
nonFullTGDs	7714		fullTGDs	8011			newNonFullTGDs	0		newFullTGDs	232002
nonFullTGDs	7715		fullTGDs	8110			newNonFullTGDs	0		newFullTGDs	231903
nonFullTGDs	7716		fullTGDs	8209			newNonFullTGDs	0		newFullTGDs	231804
nonFullTGDs	7716		fullTGDs	8309			newNonFullTGDs	0		newFullTGDs	231704
nonFullTGDs	7718		fullTGDs	8407			newNonFullTGDs	0		newFullTGDs	231606
nonFullTGDs	7718		fullTGDs	8507			newNonFullTGDs	0		newFullTGDs	231506
nonFullTGDs	7718		fullTGDs	8607			newNonFullTGDs	0		newFullTGDs	231406
nonFullTGDs	7719		fullTGDs	8706			newNonFullTGDs	0		newFullTGDs	231307
nonFullTGDs	7719		fullTGDs	8806			newNonFullTGDs	0		newFullTGDs	231207
nonFullTGDs	7719		fullTGDs	8906			newNonFullTGDs	0		newFullTGDs	231107
nonFullTGDs	7719		fullTGDs	9006			newNonFullTGDs	0		newFullTGDs	231007
nonFullTGDs	7719		fullTGDs	9106			newNonFullTGDs	0		newFullTGDs	230907
nonFullTGDs	7720		fullTGDs	9205			newNonFullTGDs	0		newFullTGDs	230808
nonFullTGDs	7720		fullTGDs	9305			newNonFullTGDs	0		newFullTGDs	230708
nonFullTGDs	7721		fullTGDs	9404			newNonFullTGDs	0		newFullTGDs	230609
nonFullTGDs	7722		fullTGDs	9503			newNonFullTGDs	0		newFullTGDs	230510
nonFullTGDs	7723		fullTGDs	9602			newNonFullTGDs	0		newFullTGDs	230411
nonFullTGDs	7724		fullTGDs	9701			newNonFullTGDs	0		newFullTGDs	230312
nonFullTGDs	7724		fullTGDs	9801			newNonFullTGDs	0		newFullTGDs	230212
nonFullTGDs	7724		fullTGDs	9901			newNonFullTGDs	0		newFullTGDs	230112
nonFullTGDs	7724		fullTGDs	10001			newNonFullTGDs	0		newFullTGDs	230012
nonFullTGDs	7724		fullTGDs	10101			newNonFullTGDs	0		newFullTGDs	229912
nonFullTGDs	7725		fullTGDs	10200			newNonFullTGDs	0		newFullTGDs	229813
nonFullTGDs	7725		fullTGDs	10300			newNonFullTGDs	0		newFullTGDs	229713
nonFullTGDs	7726		fullTGDs	10399			newNonFullTGDs	0		newFullTGDs	229614
nonFullTGDs	7726		fullTGDs	10499			newNonFullTGDs	0		newFullTGDs	229514
nonFullTGDs	7726		fullTGDs	10599			newNonFullTGDs	0		newFullTGDs	229414
nonFullTGDs	7726		fullTGDs	10699			newNonFullTGDs	0		newFullTGDs	229314
nonFullTGDs	7726		fullTGDs	10799			newNonFullTGDs	0		newFullTGDs	229214
nonFullTGDs	7726		fullTGDs	10899			newNonFullTGDs	0		newFullTGDs	229114
nonFullTGDs	7726		fullTGDs	10999			newNonFullTGDs	0		newFullTGDs	229014
nonFullTGDs	7726		fullTGDs	11099			newNonFullTGDs	0		newFullTGDs	228914
nonFullTGDs	7727		fullTGDs	11198			newNonFullTGDs	0		newFullTGDs	228815
nonFullTGDs	7727		fullTGDs	11298			newNonFullTGDs	0		newFullTGDs	228715
nonFullTGDs	7728		fullTGDs	11397			newNonFullTGDs	0		newFullTGDs	228616
nonFullTGDs	7728		fullTGDs	11497			newNonFullTGDs	0		newFullTGDs	228516
nonFullTGDs	7729		fullTGDs	11596			newNonFullTGDs	0		newFullTGDs	228417
nonFullTGDs	7729		fullTGDs	11696			newNonFullTGDs	0		newFullTGDs	228317
nonFullTGDs	7729		fullTGDs	11796			newNonFullTGDs	0		newFullTGDs	228217
nonFullTGDs	7730		fullTGDs	11895			newNonFullTGDs	0		newFullTGDs	228118
nonFullTGDs	7731		fullTGDs	11994			newNonFullTGDs	0		newFullTGDs	228019
nonFullTGDs	7731		fullTGDs	12094			newNonFullTGDs	0		newFullTGDs	227919
nonFullTGDs	7731		fullTGDs	12194			newNonFullTGDs	0		newFullTGDs	227819
nonFullTGDs	7731		fullTGDs	12294			newNonFullTGDs	0		newFullTGDs	227719
nonFullTGDs	7732		fullTGDs	12393			newNonFullTGDs	0		newFullTGDs	227620
nonFullTGDs	7732		fullTGDs	12493			newNonFullTGDs	0		newFullTGDs	227520
nonFullTGDs	7732		fullTGDs	12593			newNonFullTGDs	0		newFullTGDs	227420
nonFullTGDs	7733		fullTGDs	12692			newNonFullTGDs	0		newFullTGDs	227321
nonFullTGDs	7735		fullTGDs	12790			newNonFullTGDs	0		newFullTGDs	227223
nonFullTGDs	7735		fullTGDs	12890			newNonFullTGDs	0		newFullTGDs	227123
nonFullTGDs	7736		fullTGDs	12989			newNonFullTGDs	0		newFullTGDs	227024
nonFullTGDs	7736		fullTGDs	13089			newNonFullTGDs	0		newFullTGDs	226924
nonFullTGDs	7736		fullTGDs	13189			newNonFullTGDs	0		newFullTGDs	226824
nonFullTGDs	7736		fullTGDs	13289			newNonFullTGDs	0		newFullTGDs	226724
nonFullTGDs	7737		fullTGDs	13388			newNonFullTGDs	0		newFullTGDs	226625
nonFullTGDs	7737		fullTGDs	13488			newNonFullTGDs	0		newFullTGDs	226525
nonFullTGDs	7737		fullTGDs	13588			newNonFullTGDs	0		newFullTGDs	226425
nonFullTGDs	7737		fullTGDs	13688			newNonFullTGDs	0		newFullTGDs	226325
nonFullTGDs	7737		fullTGDs	13788			newNonFullTGDs	0		newFullTGDs	226225
nonFullTGDs	7738		fullTGDs	13887			newNonFullTGDs	0		newFullTGDs	226126
nonFullTGDs	7739		fullTGDs	13986			newNonFullTGDs	0		newFullTGDs	226027
nonFullTGDs	7739		fullTGDs	14086			newNonFullTGDs	0		newFullTGDs	225927
nonFullTGDs	7739		fullTGDs	14186			newNonFullTGDs	0		newFullTGDs	225827
nonFullTGDs	7739		fullTGDs	14286			newNonFullTGDs	0		newFullTGDs	225727
nonFullTGDs	7740		fullTGDs	14385			newNonFullTGDs	0		newFullTGDs	225628
nonFullTGDs	7740		fullTGDs	14485			newNonFullTGDs	0		newFullTGDs	225528
nonFullTGDs	7741		fullTGDs	14584			newNonFullTGDs	0		newFullTGDs	225429
nonFullTGDs	7741		fullTGDs	14684			newNonFullTGDs	0		newFullTGDs	225329
nonFullTGDs	7741		fullTGDs	14784			newNonFullTGDs	0		newFullTGDs	225229
nonFullTGDs	7741		fullTGDs	14884			newNonFullTGDs	0		newFullTGDs	225129
nonFullTGDs	7742		fullTGDs	14983			newNonFullTGDs	0		newFullTGDs	225030
nonFullTGDs	7742		fullTGDs	15083			newNonFullTGDs	0		newFullTGDs	224930
nonFullTGDs	7742		fullTGDs	15183			newNonFullTGDs	0		newFullTGDs	224830
nonFullTGDs	7743		fullTGDs	15282			newNonFullTGDs	0		newFullTGDs	224731
nonFullTGDs	7743		fullTGDs	15382			newNonFullTGDs	0		newFullTGDs	224631
nonFullTGDs	7743		fullTGDs	15482			newNonFullTGDs	0		newFullTGDs	224531
nonFullTGDs	7743		fullTGDs	15582			newNonFullTGDs	0		newFullTGDs	224431
nonFullTGDs	7744		fullTGDs	15681			newNonFullTGDs	0		newFullTGDs	224332
nonFullTGDs	7744		fullTGDs	15781			newNonFullTGDs	0		newFullTGDs	224232
nonFullTGDs	7745		fullTGDs	15880			newNonFullTGDs	0		newFullTGDs	224133
nonFullTGDs	7746		fullTGDs	15979			newNonFullTGDs	0		newFullTGDs	224034
nonFullTGDs	7746		fullTGDs	16079			newNonFullTGDs	0		newFullTGDs	223934
nonFullTGDs	7746		fullTGDs	16179			newNonFullTGDs	0		newFullTGDs	223834
nonFullTGDs	7746		fullTGDs	16279			newNonFullTGDs	0		newFullTGDs	223734
nonFullTGDs	7746		fullTGDs	16379			newNonFullTGDs	0		newFullTGDs	223634
nonFullTGDs	7746		fullTGDs	16479			newNonFullTGDs	0		newFullTGDs	223534
nonFullTGDs	7746		fullTGDs	16579			newNonFullTGDs	0		newFullTGDs	223434
nonFullTGDs	7746		fullTGDs	16679			newNonFullTGDs	0		newFullTGDs	223334
nonFullTGDs	7747		fullTGDs	16778			newNonFullTGDs	0		newFullTGDs	223235
nonFullTGDs	7747		fullTGDs	16878			newNonFullTGDs	0		newFullTGDs	223135
nonFullTGDs	7747		fullTGDs	16978			newNonFullTGDs	0		newFullTGDs	223035
nonFullTGDs	7748		fullTGDs	17077			newNonFullTGDs	0		newFullTGDs	222936
nonFullTGDs	7748		fullTGDs	17177			newNonFullTGDs	0		newFullTGDs	222836
nonFullTGDs	7748		fullTGDs	17277			newNonFullTGDs	0		newFullTGDs	222736
nonFullTGDs	7749		fullTGDs	17376			newNonFullTGDs	0		newFullTGDs	222637
nonFullTGDs	7749		fullTGDs	17476			newNonFullTGDs	0		newFullTGDs	222537
nonFullTGDs	7750		fullTGDs	17575			newNonFullTGDs	0		newFullTGDs	222438
nonFullTGDs	7751		fullTGDs	17674			newNonFullTGDs	0		newFullTGDs	222339
nonFullTGDs	7751		fullTGDs	17774			newNonFullTGDs	0		newFullTGDs	222239
nonFullTGDs	7751		fullTGDs	17874			newNonFullTGDs	0		newFullTGDs	222139
nonFullTGDs	7751		fullTGDs	17974			newNonFullTGDs	0		newFullTGDs	222039
nonFullTGDs	7751		fullTGDs	18074			newNonFullTGDs	0		newFullTGDs	221939
nonFullTGDs	7752		fullTGDs	18173			newNonFullTGDs	0		newFullTGDs	221840
nonFullTGDs	7752		fullTGDs	18273			newNonFullTGDs	0		newFullTGDs	221740
nonFullTGDs	7752		fullTGDs	18373			newNonFullTGDs	0		newFullTGDs	221640
nonFullTGDs	7752		fullTGDs	18473			newNonFullTGDs	0		newFullTGDs	221540
nonFullTGDs	7753		fullTGDs	18572			newNonFullTGDs	0		newFullTGDs	221441
nonFullTGDs	7753		fullTGDs	18672			newNonFullTGDs	0		newFullTGDs	221341
nonFullTGDs	7753		fullTGDs	18772			newNonFullTGDs	0		newFullTGDs	221241
nonFullTGDs	7753		fullTGDs	18872			newNonFullTGDs	0		newFullTGDs	221141
nonFullTGDs	7753		fullTGDs	18972			newNonFullTGDs	0		newFullTGDs	221041
nonFullTGDs	7753		fullTGDs	19072			newNonFullTGDs	0		newFullTGDs	220941
nonFullTGDs	7754		fullTGDs	19171			newNonFullTGDs	0		newFullTGDs	220842
nonFullTGDs	7754		fullTGDs	19271			newNonFullTGDs	0		newFullTGDs	220742
nonFullTGDs	7754		fullTGDs	19371			newNonFullTGDs	0		newFullTGDs	220642
nonFullTGDs	7754		fullTGDs	19471			newNonFullTGDs	0		newFullTGDs	220542
nonFullTGDs	7755		fullTGDs	19570			newNonFullTGDs	0		newFullTGDs	220443
nonFullTGDs	7755		fullTGDs	19670			newNonFullTGDs	0		newFullTGDs	220343
nonFullTGDs	7756		fullTGDs	19769			newNonFullTGDs	0		newFullTGDs	220244
nonFullTGDs	7756		fullTGDs	19869			newNonFullTGDs	0		newFullTGDs	220144
nonFullTGDs	7756		fullTGDs	19969			newNonFullTGDs	0		newFullTGDs	220044
nonFullTGDs	7756		fullTGDs	20069			newNonFullTGDs	0		newFullTGDs	219944
nonFullTGDs	7756		fullTGDs	20169			newNonFullTGDs	0		newFullTGDs	219844
nonFullTGDs	7757		fullTGDs	20268			newNonFullTGDs	0		newFullTGDs	219745
nonFullTGDs	7757		fullTGDs	20368			newNonFullTGDs	0		newFullTGDs	219645
nonFullTGDs	7757		fullTGDs	20468			newNonFullTGDs	0		newFullTGDs	219545
nonFullTGDs	7757		fullTGDs	20568			newNonFullTGDs	0		newFullTGDs	219445
nonFullTGDs	7757		fullTGDs	20668			newNonFullTGDs	0		newFullTGDs	219345
nonFullTGDs	7757		fullTGDs	20768			newNonFullTGDs	0		newFullTGDs	219245
nonFullTGDs	7758		fullTGDs	20867			newNonFullTGDs	0		newFullTGDs	219146
nonFullTGDs	7758		fullTGDs	20967			newNonFullTGDs	0		newFullTGDs	219046
nonFullTGDs	7758		fullTGDs	21067			newNonFullTGDs	0		newFullTGDs	218946
nonFullTGDs	7759		fullTGDs	21166			newNonFullTGDs	0		newFullTGDs	218847
nonFullTGDs	7761		fullTGDs	21264			newNonFullTGDs	0		newFullTGDs	218749
nonFullTGDs	7761		fullTGDs	21364			newNonFullTGDs	0		newFullTGDs	218649
nonFullTGDs	7761		fullTGDs	21464			newNonFullTGDs	0		newFullTGDs	218549
nonFullTGDs	7761		fullTGDs	21564			newNonFullTGDs	0		newFullTGDs	218449
nonFullTGDs	7761		fullTGDs	21664			newNonFullTGDs	0		newFullTGDs	218349
nonFullTGDs	7762		fullTGDs	21763			newNonFullTGDs	0		newFullTGDs	218250
nonFullTGDs	7763		fullTGDs	21862			newNonFullTGDs	0		newFullTGDs	218151
nonFullTGDs	7764		fullTGDs	21961			newNonFullTGDs	0		newFullTGDs	218052
nonFullTGDs	7764		fullTGDs	22061			newNonFullTGDs	0		newFullTGDs	217952
nonFullTGDs	7764		fullTGDs	22161			newNonFullTGDs	0		newFullTGDs	217852
nonFullTGDs	7766		fullTGDs	22259			newNonFullTGDs	0		newFullTGDs	217754
nonFullTGDs	7767		fullTGDs	22358			newNonFullTGDs	0		newFullTGDs	217655
nonFullTGDs	7767		fullTGDs	22458			newNonFullTGDs	0		newFullTGDs	217555
nonFullTGDs	7768		fullTGDs	22557			newNonFullTGDs	0		newFullTGDs	217456
nonFullTGDs	7769		fullTGDs	22656			newNonFullTGDs	0		newFullTGDs	217357
nonFullTGDs	7770		fullTGDs	22755			newNonFullTGDs	0		newFullTGDs	217258
nonFullTGDs	7770		fullTGDs	22855			newNonFullTGDs	0		newFullTGDs	217158
nonFullTGDs	7770		fullTGDs	22955			newNonFullTGDs	0		newFullTGDs	217058
nonFullTGDs	7772		fullTGDs	23053			newNonFullTGDs	0		newFullTGDs	216960
nonFullTGDs	7772		fullTGDs	23153			newNonFullTGDs	0		newFullTGDs	216860
nonFullTGDs	7772		fullTGDs	23253			newNonFullTGDs	0		newFullTGDs	216760
nonFullTGDs	7772		fullTGDs	23353			newNonFullTGDs	0		newFullTGDs	216660
nonFullTGDs	7772		fullTGDs	23453			newNonFullTGDs	0		newFullTGDs	216560
nonFullTGDs	7773		fullTGDs	23552			newNonFullTGDs	0		newFullTGDs	216461
nonFullTGDs	7773		fullTGDs	23652			newNonFullTGDs	0		newFullTGDs	216361
nonFullTGDs	7774		fullTGDs	23751			newNonFullTGDs	0		newFullTGDs	216262
nonFullTGDs	7774		fullTGDs	23851			newNonFullTGDs	0		newFullTGDs	216162
nonFullTGDs	7776		fullTGDs	23949			newNonFullTGDs	0		newFullTGDs	216064
nonFullTGDs	7776		fullTGDs	24049			newNonFullTGDs	0		newFullTGDs	215964
nonFullTGDs	7777		fullTGDs	24148			newNonFullTGDs	0		newFullTGDs	215865
nonFullTGDs	7778		fullTGDs	24247			newNonFullTGDs	0		newFullTGDs	215766
nonFullTGDs	7778		fullTGDs	24347			newNonFullTGDs	0		newFullTGDs	215666
nonFullTGDs	7778		fullTGDs	24447			newNonFullTGDs	0		newFullTGDs	215566
nonFullTGDs	7778		fullTGDs	24547			newNonFullTGDs	0		newFullTGDs	215466
nonFullTGDs	7778		fullTGDs	24647			newNonFullTGDs	0		newFullTGDs	215366
nonFullTGDs	7779		fullTGDs	24746			newNonFullTGDs	0		newFullTGDs	215267
nonFullTGDs	7779		fullTGDs	24846			newNonFullTGDs	0		newFullTGDs	215167
nonFullTGDs	7779		fullTGDs	24946			newNonFullTGDs	0		newFullTGDs	215067
nonFullTGDs	7779		fullTGDs	25046			newNonFullTGDs	0		newFullTGDs	214967
nonFullTGDs	7780		fullTGDs	25145			newNonFullTGDs	0		newFullTGDs	214868
nonFullTGDs	7781		fullTGDs	25244			newNonFullTGDs	0		newFullTGDs	214769
nonFullTGDs	7781		fullTGDs	25344			newNonFullTGDs	0		newFullTGDs	214669
nonFullTGDs	7781		fullTGDs	25444			newNonFullTGDs	0		newFullTGDs	214569
nonFullTGDs	7781		fullTGDs	25544			newNonFullTGDs	0		newFullTGDs	214469
nonFullTGDs	7781		fullTGDs	25644			newNonFullTGDs	0		newFullTGDs	214369
nonFullTGDs	7781		fullTGDs	25744			newNonFullTGDs	0		newFullTGDs	214269
nonFullTGDs	7781		fullTGDs	25844			newNonFullTGDs	0		newFullTGDs	214169
nonFullTGDs	7781		fullTGDs	25944			newNonFullTGDs	0		newFullTGDs	214069
nonFullTGDs	7781		fullTGDs	26044			newNonFullTGDs	0		newFullTGDs	213969
nonFullTGDs	7782		fullTGDs	26143			newNonFullTGDs	0		newFullTGDs	213870
nonFullTGDs	7782		fullTGDs	26243			newNonFullTGDs	0		newFullTGDs	213770
nonFullTGDs	7783		fullTGDs	26342			newNonFullTGDs	0		newFullTGDs	213671
nonFullTGDs	7783		fullTGDs	26442			newNonFullTGDs	0		newFullTGDs	213571
nonFullTGDs	7783		fullTGDs	26542			newNonFullTGDs	0		newFullTGDs	213471
nonFullTGDs	7783		fullTGDs	26642			newNonFullTGDs	0		newFullTGDs	213371
nonFullTGDs	7783		fullTGDs	26742			newNonFullTGDs	0		newFullTGDs	213271
nonFullTGDs	7783		fullTGDs	26842			newNonFullTGDs	0		newFullTGDs	213171
nonFullTGDs	7784		fullTGDs	26941			newNonFullTGDs	0		newFullTGDs	213072
nonFullTGDs	7784		fullTGDs	27041			newNonFullTGDs	0		newFullTGDs	212972
nonFullTGDs	7784		fullTGDs	27141			newNonFullTGDs	0		newFullTGDs	212872
nonFullTGDs	7784		fullTGDs	27241			newNonFullTGDs	0		newFullTGDs	212772
nonFullTGDs	7784		fullTGDs	27341			newNonFullTGDs	0		newFullTGDs	212672
nonFullTGDs	7784		fullTGDs	27441			newNonFullTGDs	0		newFullTGDs	212572
nonFullTGDs	7785		fullTGDs	27540			newNonFullTGDs	0		newFullTGDs	212473
nonFullTGDs	7785		fullTGDs	27640			newNonFullTGDs	0		newFullTGDs	212373
nonFullTGDs	7786		fullTGDs	27739			newNonFullTGDs	0		newFullTGDs	212274
nonFullTGDs	7786		fullTGDs	27839			newNonFullTGDs	0		newFullTGDs	212174
nonFullTGDs	7786		fullTGDs	27939			newNonFullTGDs	0		newFullTGDs	212074
nonFullTGDs	7787		fullTGDs	28038			newNonFullTGDs	0		newFullTGDs	211975
nonFullTGDs	7787		fullTGDs	28138			newNonFullTGDs	0		newFullTGDs	211875
nonFullTGDs	7787		fullTGDs	28238			newNonFullTGDs	0		newFullTGDs	211775
nonFullTGDs	7787		fullTGDs	28338			newNonFullTGDs	0		newFullTGDs	211675
nonFullTGDs	7787		fullTGDs	28438			newNonFullTGDs	0		newFullTGDs	211575
nonFullTGDs	7788		fullTGDs	28537			newNonFullTGDs	0		newFullTGDs	211476
nonFullTGDs	7789		fullTGDs	28636			newNonFullTGDs	0		newFullTGDs	211377
nonFullTGDs	7790		fullTGDs	28735			newNonFullTGDs	0		newFullTGDs	211278
nonFullTGDs	7791		fullTGDs	28834			newNonFullTGDs	0		newFullTGDs	211179
nonFullTGDs	7792		fullTGDs	28933			newNonFullTGDs	0		newFullTGDs	211080
nonFullTGDs	7792		fullTGDs	29033			newNonFullTGDs	0		newFullTGDs	210980
nonFullTGDs	7792		fullTGDs	29133			newNonFullTGDs	0		newFullTGDs	210880
nonFullTGDs	7793		fullTGDs	29232			newNonFullTGDs	0		newFullTGDs	210781
nonFullTGDs	7793		fullTGDs	29332			newNonFullTGDs	0		newFullTGDs	210681
nonFullTGDs	7793		fullTGDs	29432			newNonFullTGDs	0		newFullTGDs	210581
nonFullTGDs	7794		fullTGDs	29531			newNonFullTGDs	0		newFullTGDs	210482
nonFullTGDs	7794		fullTGDs	29631			newNonFullTGDs	0		newFullTGDs	210382
nonFullTGDs	7794		fullTGDs	29731			newNonFullTGDs	0		newFullTGDs	210282
nonFullTGDs	7794		fullTGDs	29831			newNonFullTGDs	0		newFullTGDs	210182
nonFullTGDs	7796		fullTGDs	29929			newNonFullTGDs	0		newFullTGDs	210084
nonFullTGDs	7796		fullTGDs	30029			newNonFullTGDs	0		newFullTGDs	209984
nonFullTGDs	7798		fullTGDs	30127			newNonFullTGDs	0		newFullTGDs	209886
nonFullTGDs	7798		fullTGDs	30227			newNonFullTGDs	0		newFullTGDs	209786
nonFullTGDs	7798		fullTGDs	30327			newNonFullTGDs	0		newFullTGDs	209686
nonFullTGDs	7798		fullTGDs	30427			newNonFullTGDs	0		newFullTGDs	209586
nonFullTGDs	7798		fullTGDs	30527			newNonFullTGDs	0		newFullTGDs	209486
nonFullTGDs	7798		fullTGDs	30627			newNonFullTGDs	0		newFullTGDs	209386
nonFullTGDs	7799		fullTGDs	30726			newNonFullTGDs	0		newFullTGDs	209287
nonFullTGDs	7800		fullTGDs	30825			newNonFullTGDs	0		newFullTGDs	209188
nonFullTGDs	7800		fullTGDs	30925			newNonFullTGDs	0		newFullTGDs	209088
nonFullTGDs	7800		fullTGDs	31025			newNonFullTGDs	0		newFullTGDs	208988
nonFullTGDs	7800		fullTGDs	31125			newNonFullTGDs	0		newFullTGDs	208888
nonFullTGDs	7800		fullTGDs	31225			newNonFullTGDs	0		newFullTGDs	208788
nonFullTGDs	7800		fullTGDs	31325			newNonFullTGDs	0		newFullTGDs	208688
nonFullTGDs	7801		fullTGDs	31424			newNonFullTGDs	0		newFullTGDs	208589
nonFullTGDs	7802		fullTGDs	31523			newNonFullTGDs	0		newFullTGDs	208490
nonFullTGDs	7802		fullTGDs	31623			newNonFullTGDs	0		newFullTGDs	208390
nonFullTGDs	7802		fullTGDs	31723			newNonFullTGDs	0		newFullTGDs	208290
nonFullTGDs	7802		fullTGDs	31823			newNonFullTGDs	0		newFullTGDs	208190
nonFullTGDs	7803		fullTGDs	31922			newNonFullTGDs	0		newFullTGDs	208091
nonFullTGDs	7803		fullTGDs	32022			newNonFullTGDs	0		newFullTGDs	207991
nonFullTGDs	7803		fullTGDs	32122			newNonFullTGDs	0		newFullTGDs	207891
nonFullTGDs	7803		fullTGDs	32222			newNonFullTGDs	0		newFullTGDs	207791
nonFullTGDs	7804		fullTGDs	32321			newNonFullTGDs	0		newFullTGDs	207692
nonFullTGDs	7805		fullTGDs	32420			newNonFullTGDs	0		newFullTGDs	207593
nonFullTGDs	7805		fullTGDs	32520			newNonFullTGDs	0		newFullTGDs	207493
nonFullTGDs	7805		fullTGDs	32620			newNonFullTGDs	0		newFullTGDs	207393
nonFullTGDs	7805		fullTGDs	32720			newNonFullTGDs	0		newFullTGDs	207293
nonFullTGDs	7805		fullTGDs	32820			newNonFullTGDs	0		newFullTGDs	207193
nonFullTGDs	7805		fullTGDs	32920			newNonFullTGDs	0		newFullTGDs	207093
nonFullTGDs	7806		fullTGDs	33019			newNonFullTGDs	0		newFullTGDs	206994
nonFullTGDs	7807		fullTGDs	33118			newNonFullTGDs	0		newFullTGDs	206895
nonFullTGDs	7808		fullTGDs	33217			newNonFullTGDs	0		newFullTGDs	206796
nonFullTGDs	7808		fullTGDs	33317			newNonFullTGDs	0		newFullTGDs	206696
nonFullTGDs	7808		fullTGDs	33417			newNonFullTGDs	0		newFullTGDs	206596
nonFullTGDs	7809		fullTGDs	33516			newNonFullTGDs	0		newFullTGDs	206497
nonFullTGDs	7809		fullTGDs	33616			newNonFullTGDs	0		newFullTGDs	206397
nonFullTGDs	7809		fullTGDs	33716			newNonFullTGDs	0		newFullTGDs	206297
nonFullTGDs	7810		fullTGDs	33815			newNonFullTGDs	0		newFullTGDs	206198
nonFullTGDs	7810		fullTGDs	33915			newNonFullTGDs	0		newFullTGDs	206098
nonFullTGDs	7810		fullTGDs	34015			newNonFullTGDs	0		newFullTGDs	205998
nonFullTGDs	7810		fullTGDs	34115			newNonFullTGDs	0		newFullTGDs	205898
nonFullTGDs	7810		fullTGDs	34215			newNonFullTGDs	0		newFullTGDs	205798
nonFullTGDs	7811		fullTGDs	34314			newNonFullTGDs	0		newFullTGDs	205699
nonFullTGDs	7811		fullTGDs	34414			newNonFullTGDs	1		newFullTGDs	205599
nonFullTGDs	7812		fullTGDs	34513			newNonFullTGDs	0		newFullTGDs	205500
nonFullTGDs	7812		fullTGDs	34613			newNonFullTGDs	0		newFullTGDs	205400
nonFullTGDs	7813		fullTGDs	34712			newNonFullTGDs	0		newFullTGDs	205301
nonFullTGDs	7813		fullTGDs	34812			newNonFullTGDs	0		newFullTGDs	205201
nonFullTGDs	7813		fullTGDs	34912			newNonFullTGDs	0		newFullTGDs	205101
nonFullTGDs	7814		fullTGDs	35011			newNonFullTGDs	0		newFullTGDs	205002
nonFullTGDs	7815		fullTGDs	35110			newNonFullTGDs	0		newFullTGDs	204903
nonFullTGDs	7816		fullTGDs	35209			newNonFullTGDs	0		newFullTGDs	204804
nonFullTGDs	7817		fullTGDs	35308			newNonFullTGDs	0		newFullTGDs	204705
nonFullTGDs	7818		fullTGDs	35407			newNonFullTGDs	0		newFullTGDs	204606
nonFullTGDs	7819		fullTGDs	35506			newNonFullTGDs	0		newFullTGDs	204507
nonFullTGDs	7819		fullTGDs	35606			newNonFullTGDs	0		newFullTGDs	204407
nonFullTGDs	7820		fullTGDs	35705			newNonFullTGDs	0		newFullTGDs	204308
nonFullTGDs	7820		fullTGDs	35805			newNonFullTGDs	0		newFullTGDs	204208
nonFullTGDs	7821		fullTGDs	35904			newNonFullTGDs	0		newFullTGDs	204109
nonFullTGDs	7822		fullTGDs	36003			newNonFullTGDs	0		newFullTGDs	204010
nonFullTGDs	7822		fullTGDs	36103			newNonFullTGDs	0		newFullTGDs	203910
nonFullTGDs	7823		fullTGDs	36202			newNonFullTGDs	0		newFullTGDs	203811
nonFullTGDs	7824		fullTGDs	36301			newNonFullTGDs	0		newFullTGDs	203712
nonFullTGDs	7824		fullTGDs	36401			newNonFullTGDs	0		newFullTGDs	203612
nonFullTGDs	7825		fullTGDs	36500			newNonFullTGDs	0		newFullTGDs	203513
nonFullTGDs	7825		fullTGDs	36600			newNonFullTGDs	0		newFullTGDs	203413
nonFullTGDs	7825		fullTGDs	36700			newNonFullTGDs	0		newFullTGDs	203313
nonFullTGDs	7825		fullTGDs	36800			newNonFullTGDs	0		newFullTGDs	203213
nonFullTGDs	7826		fullTGDs	36899			newNonFullTGDs	0		newFullTGDs	203114
nonFullTGDs	7826		fullTGDs	36999			newNonFullTGDs	0		newFullTGDs	203014
nonFullTGDs	7826		fullTGDs	37099			newNonFullTGDs	0		newFullTGDs	202914
nonFullTGDs	7826		fullTGDs	37199			newNonFullTGDs	0		newFullTGDs	202814
nonFullTGDs	7826		fullTGDs	37299			newNonFullTGDs	0		newFullTGDs	202714
nonFullTGDs	7827		fullTGDs	37398			newNonFullTGDs	0		newFullTGDs	202615
nonFullTGDs	7827		fullTGDs	37498			newNonFullTGDs	0		newFullTGDs	202515
nonFullTGDs	7827		fullTGDs	37598			newNonFullTGDs	0		newFullTGDs	202415
nonFullTGDs	7827		fullTGDs	37698			newNonFullTGDs	0		newFullTGDs	202315
nonFullTGDs	7827		fullTGDs	37798			newNonFullTGDs	0		newFullTGDs	202215
nonFullTGDs	7827		fullTGDs	37898			newNonFullTGDs	0		newFullTGDs	202115
nonFullTGDs	7827		fullTGDs	37998			newNonFullTGDs	0		newFullTGDs	202015
nonFullTGDs	7827		fullTGDs	38098			newNonFullTGDs	0		newFullTGDs	201915
nonFullTGDs	7827		fullTGDs	38198			newNonFullTGDs	0		newFullTGDs	201815
nonFullTGDs	7827		fullTGDs	38298			newNonFullTGDs	0		newFullTGDs	201715
nonFullTGDs	7828		fullTGDs	38397			newNonFullTGDs	0		newFullTGDs	201616
nonFullTGDs	7828		fullTGDs	38497			newNonFullTGDs	0		newFullTGDs	201516
nonFullTGDs	7828		fullTGDs	38597			newNonFullTGDs	0		newFullTGDs	201416
nonFullTGDs	7828		fullTGDs	38697			newNonFullTGDs	0		newFullTGDs	201316
nonFullTGDs	7828		fullTGDs	38797			newNonFullTGDs	0		newFullTGDs	201216
nonFullTGDs	7829		fullTGDs	38896			newNonFullTGDs	0		newFullTGDs	201117
nonFullTGDs	7830		fullTGDs	38995			newNonFullTGDs	0		newFullTGDs	201018
nonFullTGDs	7830		fullTGDs	39095			newNonFullTGDs	0		newFullTGDs	200918
nonFullTGDs	7830		fullTGDs	39195			newNonFullTGDs	0		newFullTGDs	200818
nonFullTGDs	7831		fullTGDs	39294			newNonFullTGDs	0		newFullTGDs	200719
nonFullTGDs	7831		fullTGDs	39394			newNonFullTGDs	0		newFullTGDs	200619
nonFullTGDs	7832		fullTGDs	39493			newNonFullTGDs	0		newFullTGDs	200520
nonFullTGDs	7833		fullTGDs	39592			newNonFullTGDs	0		newFullTGDs	200421
nonFullTGDs	7833		fullTGDs	39692			newNonFullTGDs	0		newFullTGDs	200321
nonFullTGDs	7834		fullTGDs	39791			newNonFullTGDs	0		newFullTGDs	200222
nonFullTGDs	7835		fullTGDs	39890			newNonFullTGDs	0		newFullTGDs	200123
nonFullTGDs	7835		fullTGDs	39990			newNonFullTGDs	0		newFullTGDs	200023
nonFullTGDs	7835		fullTGDs	40090			newNonFullTGDs	0		newFullTGDs	199923
nonFullTGDs	7836		fullTGDs	40189			newNonFullTGDs	0		newFullTGDs	199824
nonFullTGDs	7836		fullTGDs	40289			newNonFullTGDs	0		newFullTGDs	199724
nonFullTGDs	7837		fullTGDs	40388			newNonFullTGDs	0		newFullTGDs	199625
nonFullTGDs	7838		fullTGDs	40487			newNonFullTGDs	0		newFullTGDs	199526
nonFullTGDs	7838		fullTGDs	40587			newNonFullTGDs	0		newFullTGDs	199426
nonFullTGDs	7839		fullTGDs	40686			newNonFullTGDs	0		newFullTGDs	199327
nonFullTGDs	7839		fullTGDs	40786			newNonFullTGDs	0		newFullTGDs	199227
nonFullTGDs	7840		fullTGDs	40885			newNonFullTGDs	0		newFullTGDs	199128
nonFullTGDs	7840		fullTGDs	40985			newNonFullTGDs	0		newFullTGDs	199028
nonFullTGDs	7840		fullTGDs	41085			newNonFullTGDs	0		newFullTGDs	198928
nonFullTGDs	7840		fullTGDs	41185			newNonFullTGDs	0		newFullTGDs	198828
nonFullTGDs	7841		fullTGDs	41284			newNonFullTGDs	0		newFullTGDs	198729
nonFullTGDs	7841		fullTGDs	41384			newNonFullTGDs	0		newFullTGDs	198629
nonFullTGDs	7842		fullTGDs	41483			newNonFullTGDs	0		newFullTGDs	198530
nonFullTGDs	7842		fullTGDs	41583			newNonFullTGDs	0		newFullTGDs	198430
nonFullTGDs	7842		fullTGDs	41683			newNonFullTGDs	0		newFullTGDs	198330
nonFullTGDs	7843		fullTGDs	41782			newNonFullTGDs	0		newFullTGDs	198231
nonFullTGDs	7844		fullTGDs	41881			newNonFullTGDs	0		newFullTGDs	198132
nonFullTGDs	7844		fullTGDs	41981			newNonFullTGDs	0		newFullTGDs	198032
nonFullTGDs	7844		fullTGDs	42081			newNonFullTGDs	0		newFullTGDs	197932
nonFullTGDs	7845		fullTGDs	42180			newNonFullTGDs	0		newFullTGDs	197833
nonFullTGDs	7846		fullTGDs	42279			newNonFullTGDs	0		newFullTGDs	197734
nonFullTGDs	7847		fullTGDs	42378			newNonFullTGDs	0		newFullTGDs	197635
nonFullTGDs	7847		fullTGDs	42478			newNonFullTGDs	0		newFullTGDs	197535
nonFullTGDs	7847		fullTGDs	42578			newNonFullTGDs	0		newFullTGDs	197435
nonFullTGDs	7847		fullTGDs	42678			newNonFullTGDs	0		newFullTGDs	197335
nonFullTGDs	7848		fullTGDs	42777			newNonFullTGDs	0		newFullTGDs	197236
nonFullTGDs	7849		fullTGDs	42876			newNonFullTGDs	0		newFullTGDs	197137
nonFullTGDs	7849		fullTGDs	42976			newNonFullTGDs	0		newFullTGDs	197037
nonFullTGDs	7850		fullTGDs	43075			newNonFullTGDs	0		newFullTGDs	196938
nonFullTGDs	7850		fullTGDs	43175			newNonFullTGDs	0		newFullTGDs	196838
nonFullTGDs	7850		fullTGDs	43275			newNonFullTGDs	0		newFullTGDs	196738
nonFullTGDs	7850		fullTGDs	43375			newNonFullTGDs	0		newFullTGDs	196638
nonFullTGDs	7851		fullTGDs	43474			newNonFullTGDs	1		newFullTGDs	196539
nonFullTGDs	7852		fullTGDs	43573			newNonFullTGDs	0		newFullTGDs	196440
nonFullTGDs	7853		fullTGDs	43672			newNonFullTGDs	0		newFullTGDs	196341
nonFullTGDs	7854		fullTGDs	43771			newNonFullTGDs	0		newFullTGDs	196242
nonFullTGDs	7854		fullTGDs	43871			newNonFullTGDs	0		newFullTGDs	196142
nonFullTGDs	7854		fullTGDs	43971			newNonFullTGDs	0		newFullTGDs	196042
nonFullTGDs	7854		fullTGDs	44071			newNonFullTGDs	0		newFullTGDs	195942
nonFullTGDs	7855		fullTGDs	44170			newNonFullTGDs	0		newFullTGDs	195843
nonFullTGDs	7855		fullTGDs	44270			newNonFullTGDs	0		newFullTGDs	195743
nonFullTGDs	7855		fullTGDs	44370			newNonFullTGDs	0		newFullTGDs	195643
nonFullTGDs	7855		fullTGDs	44470			newNonFullTGDs	0		newFullTGDs	195543
nonFullTGDs	7855		fullTGDs	44570			newNonFullTGDs	0		newFullTGDs	195443
nonFullTGDs	7856		fullTGDs	44669			newNonFullTGDs	0		newFullTGDs	195344
nonFullTGDs	7857		fullTGDs	44768			newNonFullTGDs	0		newFullTGDs	195245
nonFullTGDs	7858		fullTGDs	44867			newNonFullTGDs	0		newFullTGDs	195146
nonFullTGDs	7859		fullTGDs	44966			newNonFullTGDs	0		newFullTGDs	195047
nonFullTGDs	7860		fullTGDs	45065			newNonFullTGDs	0		newFullTGDs	194948
nonFullTGDs	7860		fullTGDs	45165			newNonFullTGDs	0		newFullTGDs	194848
nonFullTGDs	7860		fullTGDs	45265			newNonFullTGDs	0		newFullTGDs	194748
nonFullTGDs	7861		fullTGDs	45364			newNonFullTGDs	0		newFullTGDs	194649
nonFullTGDs	7862		fullTGDs	45463			newNonFullTGDs	0		newFullTGDs	194550
nonFullTGDs	7862		fullTGDs	45563			newNonFullTGDs	0		newFullTGDs	194450
nonFullTGDs	7863		fullTGDs	45662			newNonFullTGDs	0		newFullTGDs	194351
nonFullTGDs	7863		fullTGDs	45762			newNonFullTGDs	0		newFullTGDs	194251
nonFullTGDs	7863		fullTGDs	45862			newNonFullTGDs	0		newFullTGDs	194151
nonFullTGDs	7864		fullTGDs	45961			newNonFullTGDs	0		newFullTGDs	194052
nonFullTGDs	7864		fullTGDs	46061			newNonFullTGDs	0		newFullTGDs	193952
nonFullTGDs	7866		fullTGDs	46159			newNonFullTGDs	0		newFullTGDs	193854
nonFullTGDs	7866		fullTGDs	46259			newNonFullTGDs	0		newFullTGDs	193754
nonFullTGDs	7866		fullTGDs	46359			newNonFullTGDs	0		newFullTGDs	193654
nonFullTGDs	7866		fullTGDs	46459			newNonFullTGDs	0		newFullTGDs	193554
nonFullTGDs	7867		fullTGDs	46558			newNonFullTGDs	0		newFullTGDs	193455
nonFullTGDs	7867		fullTGDs	46658			newNonFullTGDs	0		newFullTGDs	193355
nonFullTGDs	7867		fullTGDs	46758			newNonFullTGDs	0		newFullTGDs	193255
nonFullTGDs	7868		fullTGDs	46857			newNonFullTGDs	0		newFullTGDs	193156
nonFullTGDs	7868		fullTGDs	46957			newNonFullTGDs	0		newFullTGDs	193056
nonFullTGDs	7868		fullTGDs	47057			newNonFullTGDs	0		newFullTGDs	192956
nonFullTGDs	7868		fullTGDs	47157			newNonFullTGDs	0		newFullTGDs	192856
nonFullTGDs	7868		fullTGDs	47257			newNonFullTGDs	0		newFullTGDs	192756
nonFullTGDs	7869		fullTGDs	47356			newNonFullTGDs	0		newFullTGDs	192657
nonFullTGDs	7869		fullTGDs	47456			newNonFullTGDs	0		newFullTGDs	192557
nonFullTGDs	7869		fullTGDs	47556			newNonFullTGDs	0		newFullTGDs	192457
nonFullTGDs	7869		fullTGDs	47656			newNonFullTGDs	0		newFullTGDs	192357
nonFullTGDs	7869		fullTGDs	47756			newNonFullTGDs	0		newFullTGDs	192257
nonFullTGDs	7870		fullTGDs	47855			newNonFullTGDs	0		newFullTGDs	192158
nonFullTGDs	7870		fullTGDs	47955			newNonFullTGDs	0		newFullTGDs	192058
nonFullTGDs	7870		fullTGDs	48055			newNonFullTGDs	0		newFullTGDs	191958
nonFullTGDs	7870		fullTGDs	48155			newNonFullTGDs	0		newFullTGDs	191858
nonFullTGDs	7871		fullTGDs	48254			newNonFullTGDs	0		newFullTGDs	191759
nonFullTGDs	7872		fullTGDs	48353			newNonFullTGDs	0		newFullTGDs	191660
nonFullTGDs	7872		fullTGDs	48453			newNonFullTGDs	0		newFullTGDs	191560
nonFullTGDs	7872		fullTGDs	48553			newNonFullTGDs	0		newFullTGDs	191460
nonFullTGDs	7873		fullTGDs	48652			newNonFullTGDs	0		newFullTGDs	191361
nonFullTGDs	7873		fullTGDs	48752			newNonFullTGDs	0		newFullTGDs	191261
nonFullTGDs	7874		fullTGDs	48851			newNonFullTGDs	0		newFullTGDs	191162
nonFullTGDs	7875		fullTGDs	48950			newNonFullTGDs	0		newFullTGDs	191063
nonFullTGDs	7876		fullTGDs	49049			newNonFullTGDs	0		newFullTGDs	190964
nonFullTGDs	7876		fullTGDs	49149			newNonFullTGDs	0		newFullTGDs	190864
nonFullTGDs	7876		fullTGDs	49249			newNonFullTGDs	0		newFullTGDs	190764
nonFullTGDs	7877		fullTGDs	49348			newNonFullTGDs	0		newFullTGDs	190665
nonFullTGDs	7877		fullTGDs	49448			newNonFullTGDs	0		newFullTGDs	190565
nonFullTGDs	7878		fullTGDs	49547			newNonFullTGDs	0		newFullTGDs	190466
nonFullTGDs	7878		fullTGDs	49647			newNonFullTGDs	0		newFullTGDs	190366
nonFullTGDs	7878		fullTGDs	49747			newNonFullTGDs	0		newFullTGDs	190266
nonFullTGDs	7879		fullTGDs	49846			newNonFullTGDs	0		newFullTGDs	190167
nonFullTGDs	7880		fullTGDs	49945			newNonFullTGDs	0		newFullTGDs	190068
nonFullTGDs	7882		fullTGDs	50043			newNonFullTGDs	0		newFullTGDs	189970
nonFullTGDs	7883		fullTGDs	50142			newNonFullTGDs	0		newFullTGDs	189871
nonFullTGDs	7884		fullTGDs	50241			newNonFullTGDs	0		newFullTGDs	189772
nonFullTGDs	7884		fullTGDs	50341			newNonFullTGDs	0		newFullTGDs	189672
nonFullTGDs	7885		fullTGDs	50440			newNonFullTGDs	0		newFullTGDs	189573
nonFullTGDs	7886		fullTGDs	50539			newNonFullTGDs	0		newFullTGDs	189474
nonFullTGDs	7886		fullTGDs	50639			newNonFullTGDs	0		newFullTGDs	189374
nonFullTGDs	7887		fullTGDs	50738			newNonFullTGDs	0		newFullTGDs	189275
nonFullTGDs	7887		fullTGDs	50838			newNonFullTGDs	0		newFullTGDs	189175
nonFullTGDs	7887		fullTGDs	50938			newNonFullTGDs	0		newFullTGDs	189075
nonFullTGDs	7887		fullTGDs	51038			newNonFullTGDs	0		newFullTGDs	188975
nonFullTGDs	7887		fullTGDs	51138			newNonFullTGDs	0		newFullTGDs	188875
nonFullTGDs	7888		fullTGDs	51237			newNonFullTGDs	0		newFullTGDs	188776
nonFullTGDs	7889		fullTGDs	51336			newNonFullTGDs	0		newFullTGDs	188677
nonFullTGDs	7890		fullTGDs	51435			newNonFullTGDs	0		newFullTGDs	188578
nonFullTGDs	7891		fullTGDs	51534			newNonFullTGDs	0		newFullTGDs	188479
nonFullTGDs	7892		fullTGDs	51633			newNonFullTGDs	0		newFullTGDs	188380
nonFullTGDs	7892		fullTGDs	51733			newNonFullTGDs	0		newFullTGDs	188280
nonFullTGDs	7892		fullTGDs	51833			newNonFullTGDs	0		newFullTGDs	188180
nonFullTGDs	7893		fullTGDs	51932			newNonFullTGDs	0		newFullTGDs	188081
nonFullTGDs	7894		fullTGDs	52031			newNonFullTGDs	0		newFullTGDs	187982
nonFullTGDs	7895		fullTGDs	52130			newNonFullTGDs	0		newFullTGDs	187883
nonFullTGDs	7896		fullTGDs	52229			newNonFullTGDs	0		newFullTGDs	187784
nonFullTGDs	7897		fullTGDs	52328			newNonFullTGDs	0		newFullTGDs	187685
nonFullTGDs	7897		fullTGDs	52428			newNonFullTGDs	0		newFullTGDs	187585
nonFullTGDs	7899		fullTGDs	52526			newNonFullTGDs	0		newFullTGDs	187487
nonFullTGDs	7900		fullTGDs	52625			newNonFullTGDs	0		newFullTGDs	187388
nonFullTGDs	7901		fullTGDs	52724			newNonFullTGDs	0		newFullTGDs	187289
nonFullTGDs	7901		fullTGDs	52824			newNonFullTGDs	0		newFullTGDs	187189
nonFullTGDs	7901		fullTGDs	52924			newNonFullTGDs	0		newFullTGDs	187089
nonFullTGDs	7902		fullTGDs	53023			newNonFullTGDs	0		newFullTGDs	186990
nonFullTGDs	7902		fullTGDs	53123			newNonFullTGDs	0		newFullTGDs	186890
nonFullTGDs	7902		fullTGDs	53223			newNonFullTGDs	0		newFullTGDs	186790
nonFullTGDs	7903		fullTGDs	53322			newNonFullTGDs	0		newFullTGDs	186691
nonFullTGDs	7903		fullTGDs	53422			newNonFullTGDs	0		newFullTGDs	186591
nonFullTGDs	7903		fullTGDs	53522			newNonFullTGDs	0		newFullTGDs	186491
nonFullTGDs	7903		fullTGDs	53622			newNonFullTGDs	0		newFullTGDs	186391
nonFullTGDs	7903		fullTGDs	53722			newNonFullTGDs	0		newFullTGDs	186291
nonFullTGDs	7903		fullTGDs	53822			newNonFullTGDs	0		newFullTGDs	186191
nonFullTGDs	7904		fullTGDs	53921			newNonFullTGDs	0		newFullTGDs	186092
nonFullTGDs	7904		fullTGDs	54021			newNonFullTGDs	0		newFullTGDs	185992
nonFullTGDs	7904		fullTGDs	54121			newNonFullTGDs	0		newFullTGDs	185892
nonFullTGDs	7904		fullTGDs	54221			newNonFullTGDs	0		newFullTGDs	185792
nonFullTGDs	7904		fullTGDs	54321			newNonFullTGDs	0		newFullTGDs	185692
nonFullTGDs	7904		fullTGDs	54421			newNonFullTGDs	0		newFullTGDs	185592
nonFullTGDs	7904		fullTGDs	54521			newNonFullTGDs	0		newFullTGDs	185492
nonFullTGDs	7905		fullTGDs	54620			newNonFullTGDs	0		newFullTGDs	185393
nonFullTGDs	7905		fullTGDs	54720			newNonFullTGDs	0		newFullTGDs	185293
nonFullTGDs	7905		fullTGDs	54820			newNonFullTGDs	0		newFullTGDs	185193
nonFullTGDs	7906		fullTGDs	54919			newNonFullTGDs	0		newFullTGDs	185094
nonFullTGDs	7906		fullTGDs	55019			newNonFullTGDs	0		newFullTGDs	184994
nonFullTGDs	7906		fullTGDs	55119			newNonFullTGDs	0		newFullTGDs	184894
nonFullTGDs	7907		fullTGDs	55218			newNonFullTGDs	0		newFullTGDs	184795
nonFullTGDs	7907		fullTGDs	55318			newNonFullTGDs	0		newFullTGDs	184695
nonFullTGDs	7907		fullTGDs	55418			newNonFullTGDs	0		newFullTGDs	184595
nonFullTGDs	7908		fullTGDs	55517			newNonFullTGDs	0		newFullTGDs	184496
nonFullTGDs	7909		fullTGDs	55616			newNonFullTGDs	0		newFullTGDs	184397
nonFullTGDs	7910		fullTGDs	55715			newNonFullTGDs	0		newFullTGDs	184298
nonFullTGDs	7910		fullTGDs	55815			newNonFullTGDs	0		newFullTGDs	184198
nonFullTGDs	7910		fullTGDs	55915			newNonFullTGDs	0		newFullTGDs	184098
nonFullTGDs	7911		fullTGDs	56014			newNonFullTGDs	0		newFullTGDs	183999
nonFullTGDs	7912		fullTGDs	56113			newNonFullTGDs	0		newFullTGDs	183900
nonFullTGDs	7912		fullTGDs	56213			newNonFullTGDs	0		newFullTGDs	183800
nonFullTGDs	7913		fullTGDs	56312			newNonFullTGDs	0		newFullTGDs	183701
nonFullTGDs	7913		fullTGDs	56412			newNonFullTGDs	0		newFullTGDs	183601
nonFullTGDs	7914		fullTGDs	56511			newNonFullTGDs	0		newFullTGDs	183502
nonFullTGDs	7915		fullTGDs	56610			newNonFullTGDs	0		newFullTGDs	183403
nonFullTGDs	7915		fullTGDs	56710			newNonFullTGDs	0		newFullTGDs	183303
nonFullTGDs	7915		fullTGDs	56810			newNonFullTGDs	0		newFullTGDs	183203
nonFullTGDs	7915		fullTGDs	56910			newNonFullTGDs	0		newFullTGDs	183103
nonFullTGDs	7915		fullTGDs	57010			newNonFullTGDs	0		newFullTGDs	183003
nonFullTGDs	7915		fullTGDs	57110			newNonFullTGDs	0		newFullTGDs	182903
nonFullTGDs	7916		fullTGDs	57209			newNonFullTGDs	0		newFullTGDs	182804
nonFullTGDs	7916		fullTGDs	57309			newNonFullTGDs	0		newFullTGDs	182704
nonFullTGDs	7916		fullTGDs	57409			newNonFullTGDs	0		newFullTGDs	182604
nonFullTGDs	7916		fullTGDs	57509			newNonFullTGDs	0		newFullTGDs	182504
nonFullTGDs	7916		fullTGDs	57609			newNonFullTGDs	0		newFullTGDs	182404
nonFullTGDs	7916		fullTGDs	57709			newNonFullTGDs	0		newFullTGDs	182304
nonFullTGDs	7916		fullTGDs	57809			newNonFullTGDs	0		newFullTGDs	182204
nonFullTGDs	7916		fullTGDs	57909			newNonFullTGDs	0		newFullTGDs	182104
nonFullTGDs	7916		fullTGDs	58009			newNonFullTGDs	0		newFullTGDs	182004
nonFullTGDs	7917		fullTGDs	58108			newNonFullTGDs	0		newFullTGDs	181905
nonFullTGDs	7918		fullTGDs	58207			newNonFullTGDs	0		newFullTGDs	181806
nonFullTGDs	7918		fullTGDs	58307			newNonFullTGDs	0		newFullTGDs	181706
nonFullTGDs	7918		fullTGDs	58407			newNonFullTGDs	0		newFullTGDs	181606
nonFullTGDs	7918		fullTGDs	58507			newNonFullTGDs	0		newFullTGDs	181506
nonFullTGDs	7919		fullTGDs	58606			newNonFullTGDs	0		newFullTGDs	181407
nonFullTGDs	7919		fullTGDs	58706			newNonFullTGDs	0		newFullTGDs	181307
nonFullTGDs	7919		fullTGDs	58806			newNonFullTGDs	0		newFullTGDs	181207
nonFullTGDs	7920		fullTGDs	58905			newNonFullTGDs	0		newFullTGDs	181108
nonFullTGDs	7920		fullTGDs	59005			newNonFullTGDs	0		newFullTGDs	181008
nonFullTGDs	7921		fullTGDs	59104			newNonFullTGDs	0		newFullTGDs	180909
nonFullTGDs	7921		fullTGDs	59204			newNonFullTGDs	0		newFullTGDs	180809
nonFullTGDs	7921		fullTGDs	59304			newNonFullTGDs	0		newFullTGDs	180709
nonFullTGDs	7922		fullTGDs	59403			newNonFullTGDs	0		newFullTGDs	180610
nonFullTGDs	7922		fullTGDs	59503			newNonFullTGDs	0		newFullTGDs	180510
nonFullTGDs	7922		fullTGDs	59603			newNonFullTGDs	0		newFullTGDs	180410
nonFullTGDs	7923		fullTGDs	59702			newNonFullTGDs	0		newFullTGDs	180311
nonFullTGDs	7923		fullTGDs	59802			newNonFullTGDs	0		newFullTGDs	180211
nonFullTGDs	7923		fullTGDs	59902			newNonFullTGDs	0		newFullTGDs	180111
nonFullTGDs	7923		fullTGDs	60002			newNonFullTGDs	0		newFullTGDs	180011
nonFullTGDs	7923		fullTGDs	60102			newNonFullTGDs	0		newFullTGDs	179911
nonFullTGDs	7924		fullTGDs	60201			newNonFullTGDs	0		newFullTGDs	179812
nonFullTGDs	7924		fullTGDs	60301			newNonFullTGDs	0		newFullTGDs	179712
nonFullTGDs	7925		fullTGDs	60400			newNonFullTGDs	0		newFullTGDs	179613
nonFullTGDs	7926		fullTGDs	60499			newNonFullTGDs	0		newFullTGDs	179514
nonFullTGDs	7926		fullTGDs	60599			newNonFullTGDs	0		newFullTGDs	179414
nonFullTGDs	7927		fullTGDs	60698			newNonFullTGDs	0		newFullTGDs	179315
nonFullTGDs	7927		fullTGDs	60798			newNonFullTGDs	0		newFullTGDs	179215
nonFullTGDs	7927		fullTGDs	60898			newNonFullTGDs	0		newFullTGDs	179115
nonFullTGDs	7928		fullTGDs	60997			newNonFullTGDs	0		newFullTGDs	179016
nonFullTGDs	7928		fullTGDs	61097			newNonFullTGDs	0		newFullTGDs	178916
nonFullTGDs	7928		fullTGDs	61197			newNonFullTGDs	0		newFullTGDs	178816
nonFullTGDs	7929		fullTGDs	61296			newNonFullTGDs	0		newFullTGDs	178717
nonFullTGDs	7930		fullTGDs	61395			newNonFullTGDs	0		newFullTGDs	178618
nonFullTGDs	7930		fullTGDs	61495			newNonFullTGDs	0		newFullTGDs	178518
nonFullTGDs	7931		fullTGDs	61594			newNonFullTGDs	0		newFullTGDs	178419
nonFullTGDs	7932		fullTGDs	61693			newNonFullTGDs	0		newFullTGDs	178320
nonFullTGDs	7932		fullTGDs	61793			newNonFullTGDs	0		newFullTGDs	178220
nonFullTGDs	7932		fullTGDs	61893			newNonFullTGDs	0		newFullTGDs	178120
nonFullTGDs	7933		fullTGDs	61992			newNonFullTGDs	0		newFullTGDs	178021
nonFullTGDs	7934		fullTGDs	62091			newNonFullTGDs	0		newFullTGDs	177922
nonFullTGDs	7935		fullTGDs	62190			newNonFullTGDs	0		newFullTGDs	177823
nonFullTGDs	7935		fullTGDs	62290			newNonFullTGDs	0		newFullTGDs	177723
nonFullTGDs	7936		fullTGDs	62389			newNonFullTGDs	0		newFullTGDs	177624
nonFullTGDs	7937		fullTGDs	62488			newNonFullTGDs	0		newFullTGDs	177525
nonFullTGDs	7937		fullTGDs	62588			newNonFullTGDs	0		newFullTGDs	177425
nonFullTGDs	7938		fullTGDs	62687			newNonFullTGDs	0		newFullTGDs	177326
nonFullTGDs	7938		fullTGDs	62787			newNonFullTGDs	0		newFullTGDs	177226
nonFullTGDs	7939		fullTGDs	62886			newNonFullTGDs	0		newFullTGDs	177127
nonFullTGDs	7941		fullTGDs	62984			newNonFullTGDs	0		newFullTGDs	177029
nonFullTGDs	7941		fullTGDs	63084			newNonFullTGDs	0		newFullTGDs	176929
nonFullTGDs	7942		fullTGDs	63183			newNonFullTGDs	0		newFullTGDs	176830
nonFullTGDs	7942		fullTGDs	63283			newNonFullTGDs	0		newFullTGDs	176730
nonFullTGDs	7943		fullTGDs	63382			newNonFullTGDs	0		newFullTGDs	176631
nonFullTGDs	7943		fullTGDs	63482			newNonFullTGDs	0		newFullTGDs	176531
nonFullTGDs	7943		fullTGDs	63582			newNonFullTGDs	0		newFullTGDs	176431
nonFullTGDs	7944		fullTGDs	63681			newNonFullTGDs	0		newFullTGDs	176332
nonFullTGDs	7944		fullTGDs	63781			newNonFullTGDs	0		newFullTGDs	176232
nonFullTGDs	7944		fullTGDs	63881			newNonFullTGDs	0		newFullTGDs	176132
nonFullTGDs	7944		fullTGDs	63981			newNonFullTGDs	0		newFullTGDs	176032
nonFullTGDs	7944		fullTGDs	64081			newNonFullTGDs	0		newFullTGDs	175932
nonFullTGDs	7945		fullTGDs	64180			newNonFullTGDs	0		newFullTGDs	175833
nonFullTGDs	7945		fullTGDs	64280			newNonFullTGDs	0		newFullTGDs	175733
nonFullTGDs	7945		fullTGDs	64380			newNonFullTGDs	0		newFullTGDs	175633
nonFullTGDs	7945		fullTGDs	64480			newNonFullTGDs	0		newFullTGDs	175533
nonFullTGDs	7945		fullTGDs	64580			newNonFullTGDs	0		newFullTGDs	175433
nonFullTGDs	7945		fullTGDs	64680			newNonFullTGDs	0		newFullTGDs	175333
nonFullTGDs	7946		fullTGDs	64779			newNonFullTGDs	0		newFullTGDs	175234
nonFullTGDs	7947		fullTGDs	64878			newNonFullTGDs	0		newFullTGDs	175135
nonFullTGDs	7948		fullTGDs	64977			newNonFullTGDs	0		newFullTGDs	175036
nonFullTGDs	7949		fullTGDs	65076			newNonFullTGDs	0		newFullTGDs	174937
nonFullTGDs	7950		fullTGDs	65175			newNonFullTGDs	0		newFullTGDs	174838
nonFullTGDs	7951		fullTGDs	65274			newNonFullTGDs	0		newFullTGDs	174739
nonFullTGDs	7951		fullTGDs	65374			newNonFullTGDs	0		newFullTGDs	174639
nonFullTGDs	7952		fullTGDs	65473			newNonFullTGDs	0		newFullTGDs	174540
nonFullTGDs	7953		fullTGDs	65572			newNonFullTGDs	0		newFullTGDs	174441
nonFullTGDs	7954		fullTGDs	65671			newNonFullTGDs	0		newFullTGDs	174342
nonFullTGDs	7955		fullTGDs	65770			newNonFullTGDs	0		newFullTGDs	174243
nonFullTGDs	7955		fullTGDs	65870			newNonFullTGDs	0		newFullTGDs	174143
nonFullTGDs	7955		fullTGDs	65970			newNonFullTGDs	0		newFullTGDs	174043
nonFullTGDs	7955		fullTGDs	66070			newNonFullTGDs	0		newFullTGDs	173943
nonFullTGDs	7956		fullTGDs	66169			newNonFullTGDs	0		newFullTGDs	173844
nonFullTGDs	7957		fullTGDs	66268			newNonFullTGDs	0		newFullTGDs	173745
nonFullTGDs	7958		fullTGDs	66367			newNonFullTGDs	0		newFullTGDs	173646
nonFullTGDs	7958		fullTGDs	66467			newNonFullTGDs	0		newFullTGDs	173546
nonFullTGDs	7959		fullTGDs	66566			newNonFullTGDs	0		newFullTGDs	173447
nonFullTGDs	7960		fullTGDs	66665			newNonFullTGDs	0		newFullTGDs	173348
nonFullTGDs	7961		fullTGDs	66764			newNonFullTGDs	0		newFullTGDs	173249
nonFullTGDs	7961		fullTGDs	66864			newNonFullTGDs	0		newFullTGDs	173149
nonFullTGDs	7961		fullTGDs	66964			newNonFullTGDs	0		newFullTGDs	173049
nonFullTGDs	7961		fullTGDs	67064			newNonFullTGDs	0		newFullTGDs	172949
nonFullTGDs	7962		fullTGDs	67163			newNonFullTGDs	0		newFullTGDs	172850
nonFullTGDs	7962		fullTGDs	67263			newNonFullTGDs	0		newFullTGDs	172750
nonFullTGDs	7962		fullTGDs	67363			newNonFullTGDs	0		newFullTGDs	172650
nonFullTGDs	7962		fullTGDs	67463			newNonFullTGDs	0		newFullTGDs	172550
nonFullTGDs	7963		fullTGDs	67562			newNonFullTGDs	0		newFullTGDs	172451
nonFullTGDs	7964		fullTGDs	67661			newNonFullTGDs	0		newFullTGDs	172352
nonFullTGDs	7965		fullTGDs	67760			newNonFullTGDs	0		newFullTGDs	172253
nonFullTGDs	7966		fullTGDs	67859			newNonFullTGDs	0		newFullTGDs	172154
nonFullTGDs	7967		fullTGDs	67958			newNonFullTGDs	0		newFullTGDs	172055
nonFullTGDs	7967		fullTGDs	68058			newNonFullTGDs	0		newFullTGDs	171955
nonFullTGDs	7967		fullTGDs	68158			newNonFullTGDs	0		newFullTGDs	171855
nonFullTGDs	7968		fullTGDs	68257			newNonFullTGDs	0		newFullTGDs	171756
nonFullTGDs	7968		fullTGDs	68357			newNonFullTGDs	0		newFullTGDs	171656
nonFullTGDs	7968		fullTGDs	68457			newNonFullTGDs	0		newFullTGDs	171556
nonFullTGDs	7969		fullTGDs	68556			newNonFullTGDs	0		newFullTGDs	171457
nonFullTGDs	7969		fullTGDs	68656			newNonFullTGDs	0		newFullTGDs	171357
nonFullTGDs	7969		fullTGDs	68756			newNonFullTGDs	0		newFullTGDs	171257
nonFullTGDs	7969		fullTGDs	68856			newNonFullTGDs	0		newFullTGDs	171157
nonFullTGDs	7969		fullTGDs	68956			newNonFullTGDs	0		newFullTGDs	171057
nonFullTGDs	7969		fullTGDs	69056			newNonFullTGDs	0		newFullTGDs	170957
nonFullTGDs	7969		fullTGDs	69156			newNonFullTGDs	0		newFullTGDs	170857
nonFullTGDs	7969		fullTGDs	69256			newNonFullTGDs	0		newFullTGDs	170757
nonFullTGDs	7969		fullTGDs	69356			newNonFullTGDs	0		newFullTGDs	170657
nonFullTGDs	7969		fullTGDs	69456			newNonFullTGDs	0		newFullTGDs	170557
nonFullTGDs	7969		fullTGDs	69556			newNonFullTGDs	0		newFullTGDs	170457
nonFullTGDs	7969		fullTGDs	69656			newNonFullTGDs	0		newFullTGDs	170357
nonFullTGDs	7969		fullTGDs	69756			newNonFullTGDs	0		newFullTGDs	170257
nonFullTGDs	7970		fullTGDs	69855			newNonFullTGDs	0		newFullTGDs	170158
nonFullTGDs	7970		fullTGDs	69955			newNonFullTGDs	0		newFullTGDs	170058
nonFullTGDs	7970		fullTGDs	70055			newNonFullTGDs	0		newFullTGDs	169958
nonFullTGDs	7970		fullTGDs	70155			newNonFullTGDs	0		newFullTGDs	169858
nonFullTGDs	7971		fullTGDs	70254			newNonFullTGDs	0		newFullTGDs	169759
nonFullTGDs	7971		fullTGDs	70354			newNonFullTGDs	0		newFullTGDs	169659
nonFullTGDs	7971		fullTGDs	70454			newNonFullTGDs	0		newFullTGDs	169559
nonFullTGDs	7972		fullTGDs	70553			newNonFullTGDs	0		newFullTGDs	169460
nonFullTGDs	7972		fullTGDs	70653			newNonFullTGDs	0		newFullTGDs	169360
nonFullTGDs	7972		fullTGDs	70753			newNonFullTGDs	0		newFullTGDs	169260
nonFullTGDs	7972		fullTGDs	70853			newNonFullTGDs	0		newFullTGDs	169160
nonFullTGDs	7972		fullTGDs	70953			newNonFullTGDs	0		newFullTGDs	169060
nonFullTGDs	7972		fullTGDs	71053			newNonFullTGDs	0		newFullTGDs	168960
nonFullTGDs	7972		fullTGDs	71153			newNonFullTGDs	0		newFullTGDs	168860
nonFullTGDs	7972		fullTGDs	71253			newNonFullTGDs	0		newFullTGDs	168760
nonFullTGDs	7973		fullTGDs	71352			newNonFullTGDs	0		newFullTGDs	168661
nonFullTGDs	7973		fullTGDs	71452			newNonFullTGDs	0		newFullTGDs	168561
nonFullTGDs	7973		fullTGDs	71552			newNonFullTGDs	0		newFullTGDs	168461
nonFullTGDs	7973		fullTGDs	71652			newNonFullTGDs	0		newFullTGDs	168361
nonFullTGDs	7974		fullTGDs	71751			newNonFullTGDs	0		newFullTGDs	168262
nonFullTGDs	7974		fullTGDs	71851			newNonFullTGDs	0		newFullTGDs	168162
nonFullTGDs	7975		fullTGDs	71950			newNonFullTGDs	0		newFullTGDs	168063
nonFullTGDs	7975		fullTGDs	72050			newNonFullTGDs	0		newFullTGDs	167963
nonFullTGDs	7975		fullTGDs	72150			newNonFullTGDs	0		newFullTGDs	167863
nonFullTGDs	7976		fullTGDs	72249			newNonFullTGDs	0		newFullTGDs	167764
nonFullTGDs	7976		fullTGDs	72349			newNonFullTGDs	0		newFullTGDs	167664
nonFullTGDs	7976		fullTGDs	72449			newNonFullTGDs	0		newFullTGDs	167564
nonFullTGDs	7977		fullTGDs	72548			newNonFullTGDs	0		newFullTGDs	167465
nonFullTGDs	7977		fullTGDs	72648			newNonFullTGDs	0		newFullTGDs	167365
nonFullTGDs	7977		fullTGDs	72748			newNonFullTGDs	0		newFullTGDs	167265
nonFullTGDs	7978		fullTGDs	72847			newNonFullTGDs	0		newFullTGDs	167166
nonFullTGDs	7978		fullTGDs	72947			newNonFullTGDs	0		newFullTGDs	167066
nonFullTGDs	7979		fullTGDs	73046			newNonFullTGDs	0		newFullTGDs	166967
nonFullTGDs	7980		fullTGDs	73145			newNonFullTGDs	0		newFullTGDs	166868
nonFullTGDs	7981		fullTGDs	73244			newNonFullTGDs	0		newFullTGDs	166769
nonFullTGDs	7981		fullTGDs	73344			newNonFullTGDs	0		newFullTGDs	166669
nonFullTGDs	7982		fullTGDs	73443			newNonFullTGDs	0		newFullTGDs	166570
nonFullTGDs	7982		fullTGDs	73543			newNonFullTGDs	0		newFullTGDs	166470
nonFullTGDs	7982		fullTGDs	73643			newNonFullTGDs	0		newFullTGDs	166370
nonFullTGDs	7982		fullTGDs	73743			newNonFullTGDs	0		newFullTGDs	166270
nonFullTGDs	7983		fullTGDs	73842			newNonFullTGDs	0		newFullTGDs	166171
nonFullTGDs	7983		fullTGDs	73942			newNonFullTGDs	0		newFullTGDs	166071
nonFullTGDs	7983		fullTGDs	74042			newNonFullTGDs	0		newFullTGDs	165971
nonFullTGDs	7984		fullTGDs	74141			newNonFullTGDs	0		newFullTGDs	165872
nonFullTGDs	7984		fullTGDs	74241			newNonFullTGDs	0		newFullTGDs	165772
nonFullTGDs	7984		fullTGDs	74341			newNonFullTGDs	0		newFullTGDs	165672
nonFullTGDs	7984		fullTGDs	74441			newNonFullTGDs	0		newFullTGDs	165572
nonFullTGDs	7984		fullTGDs	74541			newNonFullTGDs	0		newFullTGDs	165472
nonFullTGDs	7984		fullTGDs	74641			newNonFullTGDs	0		newFullTGDs	165372
nonFullTGDs	7984		fullTGDs	74741			newNonFullTGDs	0		newFullTGDs	165272
nonFullTGDs	7984		fullTGDs	74841			newNonFullTGDs	0		newFullTGDs	165172
nonFullTGDs	7985		fullTGDs	74940			newNonFullTGDs	0		newFullTGDs	165073
nonFullTGDs	7985		fullTGDs	75040			newNonFullTGDs	0		newFullTGDs	164973
nonFullTGDs	7985		fullTGDs	75140			newNonFullTGDs	0		newFullTGDs	164873
nonFullTGDs	7985		fullTGDs	75240			newNonFullTGDs	0		newFullTGDs	164773
nonFullTGDs	7985		fullTGDs	75340			newNonFullTGDs	0		newFullTGDs	164673
nonFullTGDs	7986		fullTGDs	75439			newNonFullTGDs	0		newFullTGDs	164574
nonFullTGDs	7986		fullTGDs	75539			newNonFullTGDs	0		newFullTGDs	164474
nonFullTGDs	7986		fullTGDs	75639			newNonFullTGDs	0		newFullTGDs	164374
nonFullTGDs	7986		fullTGDs	75739			newNonFullTGDs	0		newFullTGDs	164274
nonFullTGDs	7986		fullTGDs	75839			newNonFullTGDs	0		newFullTGDs	164174
nonFullTGDs	7987		fullTGDs	75938			newNonFullTGDs	0		newFullTGDs	164075
nonFullTGDs	7987		fullTGDs	76038			newNonFullTGDs	0		newFullTGDs	163975
nonFullTGDs	7987		fullTGDs	76138			newNonFullTGDs	0		newFullTGDs	163875
nonFullTGDs	7987		fullTGDs	76238			newNonFullTGDs	0		newFullTGDs	163775
nonFullTGDs	7987		fullTGDs	76338			newNonFullTGDs	0		newFullTGDs	163675
nonFullTGDs	7987		fullTGDs	76438			newNonFullTGDs	0		newFullTGDs	163575
nonFullTGDs	7988		fullTGDs	76537			newNonFullTGDs	0		newFullTGDs	163476
nonFullTGDs	7988		fullTGDs	76637			newNonFullTGDs	0		newFullTGDs	163376
nonFullTGDs	7988		fullTGDs	76737			newNonFullTGDs	0		newFullTGDs	163276
nonFullTGDs	7988		fullTGDs	76837			newNonFullTGDs	0		newFullTGDs	163176
nonFullTGDs	7989		fullTGDs	76936			newNonFullTGDs	0		newFullTGDs	163077
nonFullTGDs	7989		fullTGDs	77036			newNonFullTGDs	0		newFullTGDs	162977
nonFullTGDs	7989		fullTGDs	77136			newNonFullTGDs	0		newFullTGDs	162877
nonFullTGDs	7989		fullTGDs	77236			newNonFullTGDs	0		newFullTGDs	162777
nonFullTGDs	7989		fullTGDs	77336			newNonFullTGDs	0		newFullTGDs	162677
nonFullTGDs	7990		fullTGDs	77435			newNonFullTGDs	0		newFullTGDs	162578
nonFullTGDs	7990		fullTGDs	77535			newNonFullTGDs	0		newFullTGDs	162478
nonFullTGDs	7990		fullTGDs	77635			newNonFullTGDs	0		newFullTGDs	162378
nonFullTGDs	7991		fullTGDs	77734			newNonFullTGDs	0		newFullTGDs	162279
nonFullTGDs	7991		fullTGDs	77834			newNonFullTGDs	0		newFullTGDs	162179
nonFullTGDs	7991		fullTGDs	77934			newNonFullTGDs	0		newFullTGDs	162079
nonFullTGDs	7991		fullTGDs	78034			newNonFullTGDs	0		newFullTGDs	161979
nonFullTGDs	7991		fullTGDs	78134			newNonFullTGDs	0		newFullTGDs	161879
nonFullTGDs	7991		fullTGDs	78234			newNonFullTGDs	0		newFullTGDs	161779
nonFullTGDs	7992		fullTGDs	78333			newNonFullTGDs	0		newFullTGDs	161680
nonFullTGDs	7993		fullTGDs	78432			newNonFullTGDs	0		newFullTGDs	161581
nonFullTGDs	7993		fullTGDs	78532			newNonFullTGDs	0		newFullTGDs	161481
nonFullTGDs	7994		fullTGDs	78631			newNonFullTGDs	0		newFullTGDs	161382
nonFullTGDs	7995		fullTGDs	78730			newNonFullTGDs	0		newFullTGDs	161283
nonFullTGDs	7996		fullTGDs	78829			newNonFullTGDs	0		newFullTGDs	161184
nonFullTGDs	7996		fullTGDs	78929			newNonFullTGDs	0		newFullTGDs	161084
nonFullTGDs	7999		fullTGDs	79026			newNonFullTGDs	0		newFullTGDs	160987
nonFullTGDs	8000		fullTGDs	79125			newNonFullTGDs	0		newFullTGDs	160888
nonFullTGDs	8001		fullTGDs	79224			newNonFullTGDs	0		newFullTGDs	160789
nonFullTGDs	8001		fullTGDs	79324			newNonFullTGDs	0		newFullTGDs	160689
nonFullTGDs	8001		fullTGDs	79424			newNonFullTGDs	0		newFullTGDs	160589
nonFullTGDs	8002		fullTGDs	79523			newNonFullTGDs	0		newFullTGDs	160490
nonFullTGDs	8002		fullTGDs	79623			newNonFullTGDs	0		newFullTGDs	160390
nonFullTGDs	8003		fullTGDs	79722			newNonFullTGDs	0		newFullTGDs	160291
nonFullTGDs	8003		fullTGDs	79822			newNonFullTGDs	0		newFullTGDs	160191
nonFullTGDs	8003		fullTGDs	79922			newNonFullTGDs	0		newFullTGDs	160091
nonFullTGDs	8005		fullTGDs	80020			newNonFullTGDs	0		newFullTGDs	159993
nonFullTGDs	8005		fullTGDs	80120			newNonFullTGDs	0		newFullTGDs	159893
nonFullTGDs	8006		fullTGDs	80219			newNonFullTGDs	0		newFullTGDs	159794
nonFullTGDs	8007		fullTGDs	80318			newNonFullTGDs	0		newFullTGDs	159695
nonFullTGDs	8007		fullTGDs	80418			newNonFullTGDs	0		newFullTGDs	159595
nonFullTGDs	8007		fullTGDs	80518			newNonFullTGDs	0		newFullTGDs	159495
nonFullTGDs	8007		fullTGDs	80618			newNonFullTGDs	0		newFullTGDs	159395
nonFullTGDs	8007		fullTGDs	80718			newNonFullTGDs	0		newFullTGDs	159295
nonFullTGDs	8008		fullTGDs	80817			newNonFullTGDs	0		newFullTGDs	159196
nonFullTGDs	8009		fullTGDs	80916			newNonFullTGDs	0		newFullTGDs	159097
nonFullTGDs	8010		fullTGDs	81015			newNonFullTGDs	0		newFullTGDs	158998
nonFullTGDs	8010		fullTGDs	81115			newNonFullTGDs	0		newFullTGDs	158898
nonFullTGDs	8010		fullTGDs	81215			newNonFullTGDs	0		newFullTGDs	158798
nonFullTGDs	8010		fullTGDs	81315			newNonFullTGDs	0		newFullTGDs	158698
nonFullTGDs	8010		fullTGDs	81415			newNonFullTGDs	0		newFullTGDs	158598
nonFullTGDs	8010		fullTGDs	81515			newNonFullTGDs	0		newFullTGDs	158498
nonFullTGDs	8010		fullTGDs	81615			newNonFullTGDs	0		newFullTGDs	158398
nonFullTGDs	8010		fullTGDs	81715			newNonFullTGDs	0		newFullTGDs	158298
nonFullTGDs	8010		fullTGDs	81815			newNonFullTGDs	0		newFullTGDs	158198
nonFullTGDs	8010		fullTGDs	81915			newNonFullTGDs	0		newFullTGDs	158098
nonFullTGDs	8010		fullTGDs	82015			newNonFullTGDs	0		newFullTGDs	157998
nonFullTGDs	8010		fullTGDs	82115			newNonFullTGDs	0		newFullTGDs	157898
nonFullTGDs	8010		fullTGDs	82215			newNonFullTGDs	0		newFullTGDs	157798
nonFullTGDs	8010		fullTGDs	82315			newNonFullTGDs	0		newFullTGDs	157698
nonFullTGDs	8010		fullTGDs	82415			newNonFullTGDs	0		newFullTGDs	157598
nonFullTGDs	8010		fullTGDs	82515			newNonFullTGDs	0		newFullTGDs	157498
nonFullTGDs	8010		fullTGDs	82615			newNonFullTGDs	0		newFullTGDs	157398
nonFullTGDs	8010		fullTGDs	82715			newNonFullTGDs	0		newFullTGDs	157298
nonFullTGDs	8010		fullTGDs	82815			newNonFullTGDs	0		newFullTGDs	157198
nonFullTGDs	8010		fullTGDs	82915			newNonFullTGDs	0		newFullTGDs	157098
nonFullTGDs	8010		fullTGDs	83015			newNonFullTGDs	0		newFullTGDs	156998
nonFullTGDs	8010		fullTGDs	83115			newNonFullTGDs	0		newFullTGDs	156898
nonFullTGDs	8010		fullTGDs	83215			newNonFullTGDs	0		newFullTGDs	156798
nonFullTGDs	8010		fullTGDs	83315			newNonFullTGDs	0		newFullTGDs	156698
nonFullTGDs	8010		fullTGDs	83415			newNonFullTGDs	0		newFullTGDs	156598
nonFullTGDs	8010		fullTGDs	83515			newNonFullTGDs	0		newFullTGDs	156498
nonFullTGDs	8010		fullTGDs	83615			newNonFullTGDs	0		newFullTGDs	156398
nonFullTGDs	8010		fullTGDs	83715			newNonFullTGDs	0		newFullTGDs	156298
nonFullTGDs	8010		fullTGDs	83815			newNonFullTGDs	0		newFullTGDs	156198
nonFullTGDs	8010		fullTGDs	83915			newNonFullTGDs	0		newFullTGDs	156098
nonFullTGDs	8010		fullTGDs	84015			newNonFullTGDs	0		newFullTGDs	155998
nonFullTGDs	8010		fullTGDs	84115			newNonFullTGDs	0		newFullTGDs	155898
nonFullTGDs	8010		fullTGDs	84215			newNonFullTGDs	0		newFullTGDs	155798
nonFullTGDs	8010		fullTGDs	84315			newNonFullTGDs	0		newFullTGDs	155698
nonFullTGDs	8010		fullTGDs	84415			newNonFullTGDs	0		newFullTGDs	155598
nonFullTGDs	8010		fullTGDs	84515			newNonFullTGDs	0		newFullTGDs	155498
nonFullTGDs	8010		fullTGDs	84615			newNonFullTGDs	0		newFullTGDs	155398
nonFullTGDs	8010		fullTGDs	84715			newNonFullTGDs	0		newFullTGDs	155298
nonFullTGDs	8010		fullTGDs	84815			newNonFullTGDs	0		newFullTGDs	155198
nonFullTGDs	8010		fullTGDs	84915			newNonFullTGDs	0		newFullTGDs	155098
nonFullTGDs	8010		fullTGDs	85015			newNonFullTGDs	0		newFullTGDs	154998
nonFullTGDs	8010		fullTGDs	85115			newNonFullTGDs	0		newFullTGDs	154898
nonFullTGDs	8010		fullTGDs	85215			newNonFullTGDs	0		newFullTGDs	154798
nonFullTGDs	8010		fullTGDs	85315			newNonFullTGDs	0		newFullTGDs	154698
nonFullTGDs	8010		fullTGDs	85415			newNonFullTGDs	0		newFullTGDs	154598
nonFullTGDs	8010		fullTGDs	85515			newNonFullTGDs	0		newFullTGDs	154498
nonFullTGDs	8010		fullTGDs	85615			newNonFullTGDs	0		newFullTGDs	154398
nonFullTGDs	8010		fullTGDs	85715			newNonFullTGDs	0		newFullTGDs	154298
nonFullTGDs	8010		fullTGDs	85815			newNonFullTGDs	0		newFullTGDs	154198
nonFullTGDs	8010		fullTGDs	85915			newNonFullTGDs	0		newFullTGDs	154098
nonFullTGDs	8010		fullTGDs	86015			newNonFullTGDs	0		newFullTGDs	153998
nonFullTGDs	8010		fullTGDs	86115			newNonFullTGDs	0		newFullTGDs	153898
nonFullTGDs	8010		fullTGDs	86215			newNonFullTGDs	0		newFullTGDs	153798
nonFullTGDs	8010		fullTGDs	86315			newNonFullTGDs	0		newFullTGDs	153698
nonFullTGDs	8010		fullTGDs	86415			newNonFullTGDs	0		newFullTGDs	153598
nonFullTGDs	8010		fullTGDs	86515			newNonFullTGDs	0		newFullTGDs	153498
nonFullTGDs	8010		fullTGDs	86615			newNonFullTGDs	0		newFullTGDs	153398
nonFullTGDs	8010		fullTGDs	86715			newNonFullTGDs	0		newFullTGDs	153298
nonFullTGDs	8010		fullTGDs	86815			newNonFullTGDs	0		newFullTGDs	153198
nonFullTGDs	8010		fullTGDs	86915			newNonFullTGDs	0		newFullTGDs	153098
nonFullTGDs	8010		fullTGDs	87015			newNonFullTGDs	0		newFullTGDs	152998
nonFullTGDs	8010		fullTGDs	87115			newNonFullTGDs	0		newFullTGDs	152898
nonFullTGDs	8010		fullTGDs	87215			newNonFullTGDs	0		newFullTGDs	152798
nonFullTGDs	8010		fullTGDs	87315			newNonFullTGDs	0		newFullTGDs	152698
nonFullTGDs	8010		fullTGDs	87415			newNonFullTGDs	0		newFullTGDs	152598
nonFullTGDs	8010		fullTGDs	87515			newNonFullTGDs	0		newFullTGDs	152498
nonFullTGDs	8010		fullTGDs	87615			newNonFullTGDs	0		newFullTGDs	152398
nonFullTGDs	8010		fullTGDs	87715			newNonFullTGDs	0		newFullTGDs	152298
nonFullTGDs	8010		fullTGDs	87815			newNonFullTGDs	0		newFullTGDs	152198
nonFullTGDs	8010		fullTGDs	87915			newNonFullTGDs	0		newFullTGDs	152098
nonFullTGDs	8010		fullTGDs	88015			newNonFullTGDs	0		newFullTGDs	151998
nonFullTGDs	8010		fullTGDs	88115			newNonFullTGDs	0		newFullTGDs	151898
nonFullTGDs	8010		fullTGDs	88215			newNonFullTGDs	0		newFullTGDs	151798
nonFullTGDs	8010		fullTGDs	88315			newNonFullTGDs	0		newFullTGDs	151698
nonFullTGDs	8010		fullTGDs	88415			newNonFullTGDs	0		newFullTGDs	151598
nonFullTGDs	8010		fullTGDs	88515			newNonFullTGDs	0		newFullTGDs	151498
nonFullTGDs	8010		fullTGDs	88615			newNonFullTGDs	0		newFullTGDs	151398
nonFullTGDs	8010		fullTGDs	88715			newNonFullTGDs	0		newFullTGDs	151298
nonFullTGDs	8010		fullTGDs	88815			newNonFullTGDs	0		newFullTGDs	151198
nonFullTGDs	8010		fullTGDs	88915			newNonFullTGDs	0		newFullTGDs	151098
nonFullTGDs	8010		fullTGDs	89015			newNonFullTGDs	0		newFullTGDs	150998
nonFullTGDs	8010		fullTGDs	89115			newNonFullTGDs	0		newFullTGDs	150898
nonFullTGDs	8010		fullTGDs	89215			newNonFullTGDs	0		newFullTGDs	150798
nonFullTGDs	8010		fullTGDs	89315			newNonFullTGDs	0		newFullTGDs	150698
nonFullTGDs	8010		fullTGDs	89415			newNonFullTGDs	0		newFullTGDs	150598
nonFullTGDs	8010		fullTGDs	89515			newNonFullTGDs	0		newFullTGDs	150498
nonFullTGDs	8010		fullTGDs	89615			newNonFullTGDs	0		newFullTGDs	150398
nonFullTGDs	8010		fullTGDs	89715			newNonFullTGDs	0		newFullTGDs	150298
nonFullTGDs	8010		fullTGDs	89815			newNonFullTGDs	0		newFullTGDs	150198
nonFullTGDs	8010		fullTGDs	89915			newNonFullTGDs	0		newFullTGDs	150098
nonFullTGDs	8010		fullTGDs	90015			newNonFullTGDs	0		newFullTGDs	149998
nonFullTGDs	8010		fullTGDs	90115			newNonFullTGDs	0		newFullTGDs	149898
nonFullTGDs	8010		fullTGDs	90215			newNonFullTGDs	0		newFullTGDs	149798
nonFullTGDs	8010		fullTGDs	90315			newNonFullTGDs	0		newFullTGDs	149698
nonFullTGDs	8010		fullTGDs	90415			newNonFullTGDs	0		newFullTGDs	149598
nonFullTGDs	8010		fullTGDs	90515			newNonFullTGDs	0		newFullTGDs	149498
nonFullTGDs	8010		fullTGDs	90615			newNonFullTGDs	0		newFullTGDs	149398
nonFullTGDs	8010		fullTGDs	90715			newNonFullTGDs	0		newFullTGDs	149298
nonFullTGDs	8010		fullTGDs	90815			newNonFullTGDs	0		newFullTGDs	149198
nonFullTGDs	8010		fullTGDs	90915			newNonFullTGDs	0		newFullTGDs	149098
nonFullTGDs	8010		fullTGDs	91015			newNonFullTGDs	0		newFullTGDs	148998
nonFullTGDs	8010		fullTGDs	91115			newNonFullTGDs	0		newFullTGDs	148898
nonFullTGDs	8010		fullTGDs	91215			newNonFullTGDs	0		newFullTGDs	148798
nonFullTGDs	8010		fullTGDs	91315			newNonFullTGDs	0		newFullTGDs	148698
nonFullTGDs	8010		fullTGDs	91415			newNonFullTGDs	0		newFullTGDs	148598
nonFullTGDs	8010		fullTGDs	91515			newNonFullTGDs	0		newFullTGDs	148498
nonFullTGDs	8010		fullTGDs	91615			newNonFullTGDs	0		newFullTGDs	148398
nonFullTGDs	8010		fullTGDs	91715			newNonFullTGDs	0		newFullTGDs	148298
nonFullTGDs	8010		fullTGDs	91815			newNonFullTGDs	0		newFullTGDs	148198
nonFullTGDs	8010		fullTGDs	91915			newNonFullTGDs	0		newFullTGDs	148098
nonFullTGDs	8010		fullTGDs	92015			newNonFullTGDs	0		newFullTGDs	147998
nonFullTGDs	8010		fullTGDs	92115			newNonFullTGDs	0		newFullTGDs	147898
nonFullTGDs	8010		fullTGDs	92215			newNonFullTGDs	0		newFullTGDs	147798
nonFullTGDs	8010		fullTGDs	92315			newNonFullTGDs	0		newFullTGDs	147698
nonFullTGDs	8010		fullTGDs	92415			newNonFullTGDs	0		newFullTGDs	147598
nonFullTGDs	8010		fullTGDs	92515			newNonFullTGDs	0		newFullTGDs	147498
nonFullTGDs	8010		fullTGDs	92615			newNonFullTGDs	0		newFullTGDs	147398
nonFullTGDs	8010		fullTGDs	92715			newNonFullTGDs	0		newFullTGDs	147298
nonFullTGDs	8010		fullTGDs	92815			newNonFullTGDs	0		newFullTGDs	147198
nonFullTGDs	8010		fullTGDs	92915			newNonFullTGDs	0		newFullTGDs	147098
nonFullTGDs	8010		fullTGDs	93015			newNonFullTGDs	0		newFullTGDs	146998
nonFullTGDs	8010		fullTGDs	93115			newNonFullTGDs	0		newFullTGDs	146898
nonFullTGDs	8010		fullTGDs	93215			newNonFullTGDs	0		newFullTGDs	146798
nonFullTGDs	8010		fullTGDs	93315			newNonFullTGDs	0		newFullTGDs	146698
nonFullTGDs	8010		fullTGDs	93415			newNonFullTGDs	0		newFullTGDs	146598
nonFullTGDs	8010		fullTGDs	93515			newNonFullTGDs	0		newFullTGDs	146498
nonFullTGDs	8010		fullTGDs	93615			newNonFullTGDs	0		newFullTGDs	146398
nonFullTGDs	8010		fullTGDs	93715			newNonFullTGDs	0		newFullTGDs	146298
nonFullTGDs	8010		fullTGDs	93815			newNonFullTGDs	0		newFullTGDs	146198
nonFullTGDs	8010		fullTGDs	93915			newNonFullTGDs	0		newFullTGDs	146098
nonFullTGDs	8010		fullTGDs	94015			newNonFullTGDs	0		newFullTGDs	145998
nonFullTGDs	8010		fullTGDs	94115			newNonFullTGDs	0		newFullTGDs	145898
nonFullTGDs	8010		fullTGDs	94215			newNonFullTGDs	0		newFullTGDs	145798
nonFullTGDs	8010		fullTGDs	94315			newNonFullTGDs	0		newFullTGDs	145698
nonFullTGDs	8010		fullTGDs	94415			newNonFullTGDs	0		newFullTGDs	145598
nonFullTGDs	8010		fullTGDs	94515			newNonFullTGDs	0		newFullTGDs	145498
nonFullTGDs	8010		fullTGDs	94615			newNonFullTGDs	0		newFullTGDs	145398
nonFullTGDs	8010		fullTGDs	94715			newNonFullTGDs	0		newFullTGDs	145298
nonFullTGDs	8010		fullTGDs	94815			newNonFullTGDs	0		newFullTGDs	145198
nonFullTGDs	8010		fullTGDs	94915			newNonFullTGDs	0		newFullTGDs	145098
nonFullTGDs	8010		fullTGDs	95015			newNonFullTGDs	0		newFullTGDs	144998
nonFullTGDs	8010		fullTGDs	95115			newNonFullTGDs	0		newFullTGDs	144898
nonFullTGDs	8010		fullTGDs	95215			newNonFullTGDs	0		newFullTGDs	144798
nonFullTGDs	8010		fullTGDs	95315			newNonFullTGDs	0		newFullTGDs	144698
nonFullTGDs	8010		fullTGDs	95415			newNonFullTGDs	0		newFullTGDs	144598
nonFullTGDs	8010		fullTGDs	95515			newNonFullTGDs	0		newFullTGDs	144498
nonFullTGDs	8010		fullTGDs	95615			newNonFullTGDs	0		newFullTGDs	144398
nonFullTGDs	8010		fullTGDs	95715			newNonFullTGDs	0		newFullTGDs	144298
nonFullTGDs	8010		fullTGDs	95815			newNonFullTGDs	0		newFullTGDs	144198
nonFullTGDs	8010		fullTGDs	95915			newNonFullTGDs	0		newFullTGDs	144098
nonFullTGDs	8010		fullTGDs	96015			newNonFullTGDs	0		newFullTGDs	143998
nonFullTGDs	8010		fullTGDs	96115			newNonFullTGDs	0		newFullTGDs	143898
nonFullTGDs	8010		fullTGDs	96215			newNonFullTGDs	0		newFullTGDs	143798
nonFullTGDs	8010		fullTGDs	96315			newNonFullTGDs	0		newFullTGDs	143698
nonFullTGDs	8010		fullTGDs	96415			newNonFullTGDs	0		newFullTGDs	143598
nonFullTGDs	8010		fullTGDs	96515			newNonFullTGDs	0		newFullTGDs	143498
nonFullTGDs	8010		fullTGDs	96615			newNonFullTGDs	0		newFullTGDs	143398
nonFullTGDs	8010		fullTGDs	96715			newNonFullTGDs	0		newFullTGDs	143298
nonFullTGDs	8010		fullTGDs	96815			newNonFullTGDs	0		newFullTGDs	143198
nonFullTGDs	8010		fullTGDs	96915			newNonFullTGDs	0		newFullTGDs	143098
nonFullTGDs	8010		fullTGDs	97015			newNonFullTGDs	0		newFullTGDs	142998
nonFullTGDs	8010		fullTGDs	97115			newNonFullTGDs	0		newFullTGDs	142898
nonFullTGDs	8010		fullTGDs	97215			newNonFullTGDs	0		newFullTGDs	142798
nonFullTGDs	8010		fullTGDs	97315			newNonFullTGDs	0		newFullTGDs	142698
nonFullTGDs	8010		fullTGDs	97415			newNonFullTGDs	0		newFullTGDs	142598
nonFullTGDs	8010		fullTGDs	97515			newNonFullTGDs	0		newFullTGDs	142498
nonFullTGDs	8010		fullTGDs	97615			newNonFullTGDs	0		newFullTGDs	142398
nonFullTGDs	8010		fullTGDs	97715			newNonFullTGDs	0		newFullTGDs	142298
nonFullTGDs	8010		fullTGDs	97815			newNonFullTGDs	0		newFullTGDs	142198
nonFullTGDs	8010		fullTGDs	97915			newNonFullTGDs	0		newFullTGDs	142098
nonFullTGDs	8010		fullTGDs	98015			newNonFullTGDs	0		newFullTGDs	141998
nonFullTGDs	8010		fullTGDs	98115			newNonFullTGDs	0		newFullTGDs	141898
nonFullTGDs	8010		fullTGDs	98215			newNonFullTGDs	0		newFullTGDs	141798
nonFullTGDs	8010		fullTGDs	98315			newNonFullTGDs	0		newFullTGDs	141698
nonFullTGDs	8010		fullTGDs	98415			newNonFullTGDs	0		newFullTGDs	141598
nonFullTGDs	8010		fullTGDs	98515			newNonFullTGDs	0		newFullTGDs	141498
nonFullTGDs	8010		fullTGDs	98615			newNonFullTGDs	0		newFullTGDs	141398
nonFullTGDs	8010		fullTGDs	98715			newNonFullTGDs	0		newFullTGDs	141298
nonFullTGDs	8010		fullTGDs	98815			newNonFullTGDs	0		newFullTGDs	141198
nonFullTGDs	8010		fullTGDs	98915			newNonFullTGDs	0		newFullTGDs	141098
nonFullTGDs	8010		fullTGDs	99015			newNonFullTGDs	0		newFullTGDs	140998
nonFullTGDs	8010		fullTGDs	99115			newNonFullTGDs	0		newFullTGDs	140898
nonFullTGDs	8010		fullTGDs	99215			newNonFullTGDs	0		newFullTGDs	140798
nonFullTGDs	8010		fullTGDs	99315			newNonFullTGDs	0		newFullTGDs	140698
nonFullTGDs	8010		fullTGDs	99415			newNonFullTGDs	0		newFullTGDs	140598
nonFullTGDs	8010		fullTGDs	99515			newNonFullTGDs	0		newFullTGDs	140498
nonFullTGDs	8010		fullTGDs	99615			newNonFullTGDs	0		newFullTGDs	140398
nonFullTGDs	8010		fullTGDs	99715			newNonFullTGDs	0		newFullTGDs	140298
nonFullTGDs	8010		fullTGDs	99815			newNonFullTGDs	0		newFullTGDs	140198
nonFullTGDs	8010		fullTGDs	99915			newNonFullTGDs	0		newFullTGDs	140098
nonFullTGDs	8010		fullTGDs	100015			newNonFullTGDs	0		newFullTGDs	139998
nonFullTGDs	8010		fullTGDs	100115			newNonFullTGDs	0		newFullTGDs	139898
nonFullTGDs	8010		fullTGDs	100215			newNonFullTGDs	0		newFullTGDs	139798
nonFullTGDs	8010		fullTGDs	100315			newNonFullTGDs	0		newFullTGDs	139698
nonFullTGDs	8010		fullTGDs	100415			newNonFullTGDs	0		newFullTGDs	139598
nonFullTGDs	8010		fullTGDs	100515			newNonFullTGDs	0		newFullTGDs	139498
nonFullTGDs	8010		fullTGDs	100615			newNonFullTGDs	0		newFullTGDs	139398
nonFullTGDs	8010		fullTGDs	100715			newNonFullTGDs	0		newFullTGDs	139298
nonFullTGDs	8010		fullTGDs	100815			newNonFullTGDs	0		newFullTGDs	139198
nonFullTGDs	8010		fullTGDs	100915			newNonFullTGDs	0		newFullTGDs	139098
nonFullTGDs	8010		fullTGDs	101015			newNonFullTGDs	0		newFullTGDs	138998
nonFullTGDs	8010		fullTGDs	101115			newNonFullTGDs	0		newFullTGDs	138898
nonFullTGDs	8010		fullTGDs	101215			newNonFullTGDs	0		newFullTGDs	138798
nonFullTGDs	8010		fullTGDs	101315			newNonFullTGDs	0		newFullTGDs	138698
nonFullTGDs	8010		fullTGDs	101415			newNonFullTGDs	0		newFullTGDs	138598
nonFullTGDs	8010		fullTGDs	101515			newNonFullTGDs	0		newFullTGDs	138498
nonFullTGDs	8010		fullTGDs	101615			newNonFullTGDs	0		newFullTGDs	138398
nonFullTGDs	8010		fullTGDs	101715			newNonFullTGDs	0		newFullTGDs	138298
nonFullTGDs	8010		fullTGDs	101815			newNonFullTGDs	0		newFullTGDs	138198
nonFullTGDs	8010		fullTGDs	101915			newNonFullTGDs	0		newFullTGDs	138098
nonFullTGDs	8010		fullTGDs	102015			newNonFullTGDs	0		newFullTGDs	137998
nonFullTGDs	8010		fullTGDs	102115			newNonFullTGDs	0		newFullTGDs	137898
nonFullTGDs	8010		fullTGDs	102215			newNonFullTGDs	0		newFullTGDs	137798
nonFullTGDs	8010		fullTGDs	102315			newNonFullTGDs	0		newFullTGDs	137698
nonFullTGDs	8010		fullTGDs	102415			newNonFullTGDs	0		newFullTGDs	137598
nonFullTGDs	8010		fullTGDs	102515			newNonFullTGDs	0		newFullTGDs	137498
nonFullTGDs	8010		fullTGDs	102615			newNonFullTGDs	0		newFullTGDs	137398
nonFullTGDs	8010		fullTGDs	102715			newNonFullTGDs	0		newFullTGDs	137298
nonFullTGDs	8010		fullTGDs	102815			newNonFullTGDs	0		newFullTGDs	137198
nonFullTGDs	8010		fullTGDs	102915			newNonFullTGDs	0		newFullTGDs	137098
nonFullTGDs	8010		fullTGDs	103015			newNonFullTGDs	0		newFullTGDs	136998
nonFullTGDs	8010		fullTGDs	103115			newNonFullTGDs	0		newFullTGDs	136898
nonFullTGDs	8010		fullTGDs	103215			newNonFullTGDs	0		newFullTGDs	136798
nonFullTGDs	8010		fullTGDs	103315			newNonFullTGDs	0		newFullTGDs	136698
nonFullTGDs	8010		fullTGDs	103415			newNonFullTGDs	0		newFullTGDs	136598
nonFullTGDs	8010		fullTGDs	103515			newNonFullTGDs	0		newFullTGDs	136498
nonFullTGDs	8010		fullTGDs	103615			newNonFullTGDs	0		newFullTGDs	136398
nonFullTGDs	8010		fullTGDs	103715			newNonFullTGDs	0		newFullTGDs	136298
nonFullTGDs	8010		fullTGDs	103815			newNonFullTGDs	0		newFullTGDs	136198
nonFullTGDs	8010		fullTGDs	103915			newNonFullTGDs	0		newFullTGDs	136098
nonFullTGDs	8010		fullTGDs	104015			newNonFullTGDs	0		newFullTGDs	135998
nonFullTGDs	8010		fullTGDs	104115			newNonFullTGDs	0		newFullTGDs	135898
nonFullTGDs	8010		fullTGDs	104215			newNonFullTGDs	0		newFullTGDs	135798
nonFullTGDs	8010		fullTGDs	104315			newNonFullTGDs	0		newFullTGDs	135698
nonFullTGDs	8010		fullTGDs	104415			newNonFullTGDs	0		newFullTGDs	135598
nonFullTGDs	8010		fullTGDs	104515			newNonFullTGDs	0		newFullTGDs	135498
nonFullTGDs	8010		fullTGDs	104615			newNonFullTGDs	0		newFullTGDs	135398
nonFullTGDs	8010		fullTGDs	104715			newNonFullTGDs	0		newFullTGDs	135298
nonFullTGDs	8010		fullTGDs	104815			newNonFullTGDs	0		newFullTGDs	135198
nonFullTGDs	8010		fullTGDs	104915			newNonFullTGDs	0		newFullTGDs	135098
nonFullTGDs	8010		fullTGDs	105015			newNonFullTGDs	0		newFullTGDs	134998
nonFullTGDs	8010		fullTGDs	105115			newNonFullTGDs	0		newFullTGDs	134898
nonFullTGDs	8010		fullTGDs	105215			newNonFullTGDs	0		newFullTGDs	134798
nonFullTGDs	8010		fullTGDs	105315			newNonFullTGDs	0		newFullTGDs	134698
nonFullTGDs	8010		fullTGDs	105415			newNonFullTGDs	0		newFullTGDs	134598
nonFullTGDs	8010		fullTGDs	105515			newNonFullTGDs	0		newFullTGDs	134498
nonFullTGDs	8010		fullTGDs	105615			newNonFullTGDs	0		newFullTGDs	134398
nonFullTGDs	8010		fullTGDs	105715			newNonFullTGDs	0		newFullTGDs	134298
nonFullTGDs	8010		fullTGDs	105815			newNonFullTGDs	0		newFullTGDs	134198
nonFullTGDs	8010		fullTGDs	105915			newNonFullTGDs	0		newFullTGDs	134098
nonFullTGDs	8010		fullTGDs	106015			newNonFullTGDs	0		newFullTGDs	133998
nonFullTGDs	8010		fullTGDs	106115			newNonFullTGDs	0		newFullTGDs	133898
nonFullTGDs	8010		fullTGDs	106215			newNonFullTGDs	0		newFullTGDs	133798
nonFullTGDs	8010		fullTGDs	106315			newNonFullTGDs	0		newFullTGDs	133698
nonFullTGDs	8010		fullTGDs	106415			newNonFullTGDs	0		newFullTGDs	133598
nonFullTGDs	8010		fullTGDs	106515			newNonFullTGDs	0		newFullTGDs	133498
nonFullTGDs	8010		fullTGDs	106615			newNonFullTGDs	0		newFullTGDs	133398
Nov 23, 2021 10:09:10 PM uk.ac.ox.cs.gsat.SaturationStatistics log
INFO: # initial TGDs: 1025 , 4350
Nov 23, 2021 10:09:10 PM uk.ac.ox.cs.gsat.SaturationStatistics log
INFO: SkSat total time : 600179 ms = 600.18 s
Nov 23, 2021 10:09:10 PM uk.ac.ox.cs.gsat.SaturationStatistics log
INFO: Subsumed elements : 3304
Nov 23, 2021 10:09:10 PM uk.ac.ox.cs.gsat.SaturationStatistics log
INFO: Filter discarded elements : 23800293
Nov 23, 2021 10:09:10 PM uk.ac.ox.cs.gsat.SaturationStatistics log
INFO: subsumption time: 6979 ms = 6.98 s
Nov 23, 2021 10:09:10 PM uk.ac.ox.cs.gsat.SaturationStatistics log
INFO: forward subsumption time: 5667 ms = 5.67 s
Nov 23, 2021 10:09:10 PM uk.ac.ox.cs.gsat.SaturationStatistics log
INFO: backward subsumption time: 1312 ms = 1.31 s
Nov 23, 2021 10:09:10 PM uk.ac.ox.cs.gsat.SaturationStatistics log
INFO: Derived full/non full TGDs: 239685 , 6646
Nov 23, 2021 10:09:10 PM uk.ac.ox.cs.gsat.SaturationStatistics log
INFO: discarded tautology count: 379
Nov 23, 2021 10:09:10 PM uk.ac.ox.cs.gsat.SaturationStatistics log
INFO: !!! TIME OUT !!!
Nov 23, 2021 10:09:10 PM uk.ac.ox.cs.gsat.EvolveStatistics log
INFO: Stop because subsumed: 319
Nov 23, 2021 10:09:10 PM uk.ac.ox.cs.gsat.EvolveStatistics log
INFO: evolved equals to current: 0
Nov 23, 2021 10:09:10 PM uk.ac.ox.cs.gsat.EvolveStatistics log
INFO: evolved time: 307314 ms = 307.31 s
Nov 23, 2021 10:09:10 PM uk.ac.ox.cs.gsat.EvolveStatistics log
INFO: evolve count: 853314214
Nov 23, 2021 10:09:10 PM uk.ac.ox.cs.gsat.SkolemStatistics log
INFO: maximum number of Skolem atoms in body: 1
Nov 23, 2021 10:09:10 PM uk.ac.ox.cs.gsat.SkolemStatistics log
INFO: left derived TGD with Skolem in the body: 0
Nov 23, 2021 10:09:10 PM uk.ac.ox.cs.gsat.SkolemStatistics log
INFO: right derived TGD with Skolem in the body: 239367
Nov 23, 2021 10:09:10 PM uk.ac.ox.cs.gsat.SkolemStatistics log
INFO: derived TGD with more than two Skolem atoms in the body: 0
Nov 23, 2021 10:09:10 PM uk.ac.ox.cs.gsat.AbstractSaturation run
INFO: ouptput full TGDs not contained in the input: 0
Nov 23, 2021 10:09:10 PM uk.ac.ox.cs.gsat.App executeAllSteps
INFO: Rewriting completed!
Full TGD saturation: (1025 dependecies)
Nov 23, 2021 10:09:10 PM uk.ac.ox.cs.gsat.App executeAllSteps
INFO: Writing the saturation in the Datalog file 00700.rul
