Starting Saturation...
Executing from DLGP files
SLF4J: Failed to load class "org.slf4j.impl.StaticLoggerBinder".
SLF4J: Defaulting to no-operation (NOP) logger implementation
SLF4J: See http://www.slf4j.org/codes.html#StaticLoggerBinder for further details.
# Rules: 664; # Atoms: 0; # AtomSets: 0; # Queries: 0; # Constraints: 0
Full TGD saturation algorithm: Skolem Sat
Running SkSat...
Nov 23, 2021 11:59:31 PM uk.ac.ox.cs.gsat.AbstractSaturation run
INFO: SkSat discarded rules : 0/664 = 0.000%
SkSat discarded rules : 0/664 = 0.000%
Nov 23, 2021 11:59:31 PM uk.ac.ox.cs.gsat.AbstractSaturation run
INFO: Subsumption method : tree_predicate
length of the formulas: 2.079208
number of bags: 9
length of the formulas: 2.079208
number of bags: 9
nonFullTGDs	0		fullTGDs	335			newNonFullTGDs	1382		newFullTGDs	0
nonFullTGDs	100		fullTGDs	335			newNonFullTGDs	1334		newFullTGDs	650
nonFullTGDs	200		fullTGDs	335			newNonFullTGDs	1279		newFullTGDs	1372
nonFullTGDs	300		fullTGDs	335			newNonFullTGDs	1224		newFullTGDs	1922
nonFullTGDs	400		fullTGDs	335			newNonFullTGDs	1170		newFullTGDs	2644
nonFullTGDs	500		fullTGDs	335			newNonFullTGDs	1113		newFullTGDs	4198
nonFullTGDs	600		fullTGDs	335			newNonFullTGDs	1054		newFullTGDs	5164
nonFullTGDs	700		fullTGDs	335			newNonFullTGDs	998		newFullTGDs	6596
nonFullTGDs	800		fullTGDs	335			newNonFullTGDs	946		newFullTGDs	7490
nonFullTGDs	900		fullTGDs	335			newNonFullTGDs	886		newFullTGDs	8284
nonFullTGDs	1000		fullTGDs	335			newNonFullTGDs	832		newFullTGDs	9594
nonFullTGDs	1100		fullTGDs	335			newNonFullTGDs	778		newFullTGDs	10696
nonFullTGDs	1200		fullTGDs	335			newNonFullTGDs	724		newFullTGDs	11418
nonFullTGDs	1300		fullTGDs	335			newNonFullTGDs	667		newFullTGDs	12090
nonFullTGDs	1400		fullTGDs	335			newNonFullTGDs	609		newFullTGDs	13056
nonFullTGDs	1500		fullTGDs	335			newNonFullTGDs	551		newFullTGDs	14022
nonFullTGDs	1600		fullTGDs	335			newNonFullTGDs	492		newFullTGDs	15110
nonFullTGDs	1700		fullTGDs	335			newNonFullTGDs	436		newFullTGDs	16248
nonFullTGDs	1800		fullTGDs	335			newNonFullTGDs	380		newFullTGDs	17472
nonFullTGDs	1900		fullTGDs	335			newNonFullTGDs	327		newFullTGDs	18488
nonFullTGDs	2000		fullTGDs	335			newNonFullTGDs	269		newFullTGDs	19538
nonFullTGDs	2100		fullTGDs	335			newNonFullTGDs	202		newFullTGDs	22343
nonFullTGDs	2200		fullTGDs	335			newNonFullTGDs	136		newFullTGDs	25233
nonFullTGDs	2300		fullTGDs	335			newNonFullTGDs	69		newFullTGDs	27462
nonFullTGDs	2400		fullTGDs	335			newNonFullTGDs	2		newFullTGDs	29079
nonFullTGDs	2405		fullTGDs	430			newNonFullTGDs	0		newFullTGDs	29033
nonFullTGDs	2407		fullTGDs	528			newNonFullTGDs	0		newFullTGDs	28935
nonFullTGDs	2408		fullTGDs	627			newNonFullTGDs	0		newFullTGDs	28836
nonFullTGDs	2411		fullTGDs	724			newNonFullTGDs	0		newFullTGDs	28739
nonFullTGDs	2411		fullTGDs	824			newNonFullTGDs	0		newFullTGDs	28639
nonFullTGDs	2412		fullTGDs	923			newNonFullTGDs	0		newFullTGDs	28540
nonFullTGDs	2413		fullTGDs	1022			newNonFullTGDs	0		newFullTGDs	28441
nonFullTGDs	2415		fullTGDs	1120			newNonFullTGDs	0		newFullTGDs	28343
nonFullTGDs	2417		fullTGDs	1218			newNonFullTGDs	0		newFullTGDs	28245
nonFullTGDs	2418		fullTGDs	1317			newNonFullTGDs	0		newFullTGDs	28146
nonFullTGDs	2418		fullTGDs	1417			newNonFullTGDs	0		newFullTGDs	28046
nonFullTGDs	2419		fullTGDs	1516			newNonFullTGDs	0		newFullTGDs	27947
nonFullTGDs	2422		fullTGDs	1613			newNonFullTGDs	0		newFullTGDs	27850
nonFullTGDs	2425		fullTGDs	1710			newNonFullTGDs	0		newFullTGDs	27753
nonFullTGDs	2426		fullTGDs	1809			newNonFullTGDs	0		newFullTGDs	27654
nonFullTGDs	2427		fullTGDs	1908			newNonFullTGDs	0		newFullTGDs	27555
nonFullTGDs	2427		fullTGDs	2008			newNonFullTGDs	0		newFullTGDs	27455
nonFullTGDs	2428		fullTGDs	2107			newNonFullTGDs	0		newFullTGDs	27356
nonFullTGDs	2429		fullTGDs	2206			newNonFullTGDs	0		newFullTGDs	27257
nonFullTGDs	2429		fullTGDs	2306			newNonFullTGDs	0		newFullTGDs	27157
nonFullTGDs	2429		fullTGDs	2406			newNonFullTGDs	0		newFullTGDs	27057
nonFullTGDs	2430		fullTGDs	2505			newNonFullTGDs	0		newFullTGDs	26958
nonFullTGDs	2431		fullTGDs	2604			newNonFullTGDs	0		newFullTGDs	26859
nonFullTGDs	2431		fullTGDs	2704			newNonFullTGDs	0		newFullTGDs	26759
nonFullTGDs	2432		fullTGDs	2803			newNonFullTGDs	0		newFullTGDs	26660
nonFullTGDs	2433		fullTGDs	2902			newNonFullTGDs	0		newFullTGDs	26561
nonFullTGDs	2433		fullTGDs	3002			newNonFullTGDs	0		newFullTGDs	26461
nonFullTGDs	2434		fullTGDs	3101			newNonFullTGDs	0		newFullTGDs	26362
nonFullTGDs	2436		fullTGDs	3199			newNonFullTGDs	0		newFullTGDs	26264
nonFullTGDs	2436		fullTGDs	3299			newNonFullTGDs	0		newFullTGDs	26164
nonFullTGDs	2437		fullTGDs	3398			newNonFullTGDs	0		newFullTGDs	26065
nonFullTGDs	2437		fullTGDs	3498			newNonFullTGDs	0		newFullTGDs	25965
nonFullTGDs	2438		fullTGDs	3597			newNonFullTGDs	0		newFullTGDs	25866
nonFullTGDs	2439		fullTGDs	3696			newNonFullTGDs	0		newFullTGDs	25767
nonFullTGDs	2439		fullTGDs	3796			newNonFullTGDs	0		newFullTGDs	25667
nonFullTGDs	2440		fullTGDs	3895			newNonFullTGDs	0		newFullTGDs	25568
nonFullTGDs	2440		fullTGDs	3995			newNonFullTGDs	0		newFullTGDs	25468
nonFullTGDs	2441		fullTGDs	4094			newNonFullTGDs	0		newFullTGDs	25369
nonFullTGDs	2441		fullTGDs	4194			newNonFullTGDs	0		newFullTGDs	25269
nonFullTGDs	2442		fullTGDs	4293			newNonFullTGDs	0		newFullTGDs	25170
nonFullTGDs	2442		fullTGDs	4393			newNonFullTGDs	0		newFullTGDs	25070
nonFullTGDs	2443		fullTGDs	4492			newNonFullTGDs	0		newFullTGDs	24971
nonFullTGDs	2444		fullTGDs	4591			newNonFullTGDs	0		newFullTGDs	24872
nonFullTGDs	2444		fullTGDs	4691			newNonFullTGDs	0		newFullTGDs	24772
nonFullTGDs	2445		fullTGDs	4790			newNonFullTGDs	0		newFullTGDs	24673
nonFullTGDs	2445		fullTGDs	4890			newNonFullTGDs	0		newFullTGDs	24573
nonFullTGDs	2447		fullTGDs	4988			newNonFullTGDs	0		newFullTGDs	24475
nonFullTGDs	2448		fullTGDs	5087			newNonFullTGDs	0		newFullTGDs	24376
nonFullTGDs	2449		fullTGDs	5186			newNonFullTGDs	0		newFullTGDs	24277
nonFullTGDs	2449		fullTGDs	5286			newNonFullTGDs	0		newFullTGDs	24177
nonFullTGDs	2449		fullTGDs	5386			newNonFullTGDs	0		newFullTGDs	24077
nonFullTGDs	2450		fullTGDs	5485			newNonFullTGDs	0		newFullTGDs	23978
nonFullTGDs	2451		fullTGDs	5584			newNonFullTGDs	0		newFullTGDs	23879
nonFullTGDs	2452		fullTGDs	5683			newNonFullTGDs	0		newFullTGDs	23780
nonFullTGDs	2454		fullTGDs	5781			newNonFullTGDs	0		newFullTGDs	23682
nonFullTGDs	2455		fullTGDs	5880			newNonFullTGDs	0		newFullTGDs	23583
nonFullTGDs	2456		fullTGDs	5979			newNonFullTGDs	0		newFullTGDs	23484
nonFullTGDs	2457		fullTGDs	6078			newNonFullTGDs	0		newFullTGDs	23385
nonFullTGDs	2460		fullTGDs	6175			newNonFullTGDs	0		newFullTGDs	23288
nonFullTGDs	2461		fullTGDs	6274			newNonFullTGDs	0		newFullTGDs	23189
nonFullTGDs	2463		fullTGDs	6372			newNonFullTGDs	0		newFullTGDs	23091
nonFullTGDs	2464		fullTGDs	6471			newNonFullTGDs	0		newFullTGDs	22992
nonFullTGDs	2465		fullTGDs	6570			newNonFullTGDs	0		newFullTGDs	22893
nonFullTGDs	2466		fullTGDs	6669			newNonFullTGDs	0		newFullTGDs	22794
nonFullTGDs	2467		fullTGDs	6768			newNonFullTGDs	0		newFullTGDs	22695
nonFullTGDs	2468		fullTGDs	6867			newNonFullTGDs	0		newFullTGDs	22596
nonFullTGDs	2469		fullTGDs	6966			newNonFullTGDs	0		newFullTGDs	22497
nonFullTGDs	2469		fullTGDs	7066			newNonFullTGDs	0		newFullTGDs	22397
nonFullTGDs	2470		fullTGDs	7165			newNonFullTGDs	0		newFullTGDs	22298
nonFullTGDs	2470		fullTGDs	7265			newNonFullTGDs	0		newFullTGDs	22198
nonFullTGDs	2473		fullTGDs	7362			newNonFullTGDs	0		newFullTGDs	22101
nonFullTGDs	2475		fullTGDs	7460			newNonFullTGDs	0		newFullTGDs	22003
nonFullTGDs	2475		fullTGDs	7560			newNonFullTGDs	0		newFullTGDs	21903
nonFullTGDs	2476		fullTGDs	7659			newNonFullTGDs	0		newFullTGDs	21804
nonFullTGDs	2477		fullTGDs	7758			newNonFullTGDs	0		newFullTGDs	21705
nonFullTGDs	2477		fullTGDs	7858			newNonFullTGDs	0		newFullTGDs	21605
nonFullTGDs	2477		fullTGDs	7958			newNonFullTGDs	0		newFullTGDs	21505
nonFullTGDs	2478		fullTGDs	8057			newNonFullTGDs	0		newFullTGDs	21406
nonFullTGDs	2479		fullTGDs	8156			newNonFullTGDs	0		newFullTGDs	21307
nonFullTGDs	2480		fullTGDs	8255			newNonFullTGDs	0		newFullTGDs	21208
nonFullTGDs	2481		fullTGDs	8354			newNonFullTGDs	0		newFullTGDs	21109
nonFullTGDs	2482		fullTGDs	8453			newNonFullTGDs	0		newFullTGDs	21010
nonFullTGDs	2483		fullTGDs	8552			newNonFullTGDs	0		newFullTGDs	20911
nonFullTGDs	2483		fullTGDs	8652			newNonFullTGDs	0		newFullTGDs	20811
nonFullTGDs	2483		fullTGDs	8752			newNonFullTGDs	0		newFullTGDs	20711
nonFullTGDs	2484		fullTGDs	8851			newNonFullTGDs	0		newFullTGDs	20612
nonFullTGDs	2485		fullTGDs	8950			newNonFullTGDs	0		newFullTGDs	20513
nonFullTGDs	2487		fullTGDs	9048			newNonFullTGDs	0		newFullTGDs	20415
nonFullTGDs	2487		fullTGDs	9148			newNonFullTGDs	0		newFullTGDs	20315
nonFullTGDs	2489		fullTGDs	9246			newNonFullTGDs	0		newFullTGDs	20217
nonFullTGDs	2489		fullTGDs	9346			newNonFullTGDs	0		newFullTGDs	20117
nonFullTGDs	2489		fullTGDs	9446			newNonFullTGDs	0		newFullTGDs	20017
nonFullTGDs	2490		fullTGDs	9545			newNonFullTGDs	0		newFullTGDs	19918
nonFullTGDs	2490		fullTGDs	9645			newNonFullTGDs	0		newFullTGDs	19818
nonFullTGDs	2490		fullTGDs	9745			newNonFullTGDs	0		newFullTGDs	19718
nonFullTGDs	2491		fullTGDs	9844			newNonFullTGDs	0		newFullTGDs	19619
nonFullTGDs	2491		fullTGDs	9944			newNonFullTGDs	0		newFullTGDs	19519
nonFullTGDs	2491		fullTGDs	10044			newNonFullTGDs	0		newFullTGDs	19419
nonFullTGDs	2491		fullTGDs	10144			newNonFullTGDs	0		newFullTGDs	19319
nonFullTGDs	2491		fullTGDs	10244			newNonFullTGDs	0		newFullTGDs	19219
nonFullTGDs	2491		fullTGDs	10344			newNonFullTGDs	0		newFullTGDs	19119
nonFullTGDs	2491		fullTGDs	10444			newNonFullTGDs	0		newFullTGDs	19019
nonFullTGDs	2491		fullTGDs	10544			newNonFullTGDs	0		newFullTGDs	18919
nonFullTGDs	2491		fullTGDs	10644			newNonFullTGDs	0		newFullTGDs	18819
nonFullTGDs	2491		fullTGDs	10744			newNonFullTGDs	0		newFullTGDs	18719
nonFullTGDs	2491		fullTGDs	10844			newNonFullTGDs	0		newFullTGDs	18619
nonFullTGDs	2491		fullTGDs	10944			newNonFullTGDs	0		newFullTGDs	18519
nonFullTGDs	2491		fullTGDs	11044			newNonFullTGDs	0		newFullTGDs	18419
nonFullTGDs	2491		fullTGDs	11144			newNonFullTGDs	0		newFullTGDs	18319
nonFullTGDs	2491		fullTGDs	11244			newNonFullTGDs	0		newFullTGDs	18219
nonFullTGDs	2491		fullTGDs	11344			newNonFullTGDs	0		newFullTGDs	18119
nonFullTGDs	2491		fullTGDs	11444			newNonFullTGDs	0		newFullTGDs	18019
nonFullTGDs	2491		fullTGDs	11544			newNonFullTGDs	0		newFullTGDs	17919
nonFullTGDs	2491		fullTGDs	11644			newNonFullTGDs	0		newFullTGDs	17819
nonFullTGDs	2491		fullTGDs	11744			newNonFullTGDs	0		newFullTGDs	17719
nonFullTGDs	2491		fullTGDs	11844			newNonFullTGDs	0		newFullTGDs	17619
nonFullTGDs	2491		fullTGDs	11944			newNonFullTGDs	0		newFullTGDs	17519
nonFullTGDs	2491		fullTGDs	12044			newNonFullTGDs	0		newFullTGDs	17419
nonFullTGDs	2491		fullTGDs	12144			newNonFullTGDs	0		newFullTGDs	17319
nonFullTGDs	2491		fullTGDs	12244			newNonFullTGDs	0		newFullTGDs	17219
nonFullTGDs	2491		fullTGDs	12344			newNonFullTGDs	0		newFullTGDs	17119
nonFullTGDs	2491		fullTGDs	12444			newNonFullTGDs	0		newFullTGDs	17019
nonFullTGDs	2491		fullTGDs	12544			newNonFullTGDs	0		newFullTGDs	16919
nonFullTGDs	2491		fullTGDs	12644			newNonFullTGDs	0		newFullTGDs	16819
nonFullTGDs	2491		fullTGDs	12744			newNonFullTGDs	0		newFullTGDs	16719
nonFullTGDs	2491		fullTGDs	12844			newNonFullTGDs	0		newFullTGDs	16619
nonFullTGDs	2491		fullTGDs	12944			newNonFullTGDs	0		newFullTGDs	16519
nonFullTGDs	2491		fullTGDs	13044			newNonFullTGDs	0		newFullTGDs	16419
nonFullTGDs	2491		fullTGDs	13144			newNonFullTGDs	0		newFullTGDs	16319
nonFullTGDs	2491		fullTGDs	13244			newNonFullTGDs	0		newFullTGDs	16219
nonFullTGDs	2491		fullTGDs	13344			newNonFullTGDs	0		newFullTGDs	16119
nonFullTGDs	2491		fullTGDs	13444			newNonFullTGDs	0		newFullTGDs	16019
nonFullTGDs	2491		fullTGDs	13544			newNonFullTGDs	0		newFullTGDs	15919
nonFullTGDs	2491		fullTGDs	13644			newNonFullTGDs	0		newFullTGDs	15819
nonFullTGDs	2491		fullTGDs	13744			newNonFullTGDs	0		newFullTGDs	15719
nonFullTGDs	2491		fullTGDs	13844			newNonFullTGDs	0		newFullTGDs	15619
nonFullTGDs	2491		fullTGDs	13944			newNonFullTGDs	0		newFullTGDs	15519
nonFullTGDs	2491		fullTGDs	14044			newNonFullTGDs	0		newFullTGDs	15419
nonFullTGDs	2491		fullTGDs	14144			newNonFullTGDs	0		newFullTGDs	15319
nonFullTGDs	2491		fullTGDs	14244			newNonFullTGDs	0		newFullTGDs	15219
nonFullTGDs	2491		fullTGDs	14344			newNonFullTGDs	0		newFullTGDs	15119
nonFullTGDs	2491		fullTGDs	14444			newNonFullTGDs	0		newFullTGDs	15019
nonFullTGDs	2491		fullTGDs	14544			newNonFullTGDs	0		newFullTGDs	14919
nonFullTGDs	2491		fullTGDs	14644			newNonFullTGDs	0		newFullTGDs	14819
nonFullTGDs	2491		fullTGDs	14744			newNonFullTGDs	0		newFullTGDs	14719
nonFullTGDs	2491		fullTGDs	14844			newNonFullTGDs	0		newFullTGDs	14619
nonFullTGDs	2491		fullTGDs	14944			newNonFullTGDs	0		newFullTGDs	14519
nonFullTGDs	2491		fullTGDs	15044			newNonFullTGDs	0		newFullTGDs	14419
nonFullTGDs	2491		fullTGDs	15144			newNonFullTGDs	0		newFullTGDs	14319
nonFullTGDs	2491		fullTGDs	15244			newNonFullTGDs	0		newFullTGDs	14219
nonFullTGDs	2491		fullTGDs	15344			newNonFullTGDs	0		newFullTGDs	14119
nonFullTGDs	2491		fullTGDs	15444			newNonFullTGDs	0		newFullTGDs	14019
nonFullTGDs	2502		fullTGDs	15533			newNonFullTGDs	0		newFullTGDs	13930
nonFullTGDs	2511		fullTGDs	15624			newNonFullTGDs	0		newFullTGDs	13839
nonFullTGDs	2513		fullTGDs	15722			newNonFullTGDs	0		newFullTGDs	13741
nonFullTGDs	2524		fullTGDs	15811			newNonFullTGDs	0		newFullTGDs	13652
nonFullTGDs	2527		fullTGDs	15908			newNonFullTGDs	0		newFullTGDs	13555
nonFullTGDs	2527		fullTGDs	16008			newNonFullTGDs	0		newFullTGDs	13455
nonFullTGDs	2529		fullTGDs	16106			newNonFullTGDs	0		newFullTGDs	13357
nonFullTGDs	2532		fullTGDs	16203			newNonFullTGDs	0		newFullTGDs	13260
nonFullTGDs	2534		fullTGDs	16301			newNonFullTGDs	0		newFullTGDs	13162
nonFullTGDs	2534		fullTGDs	16401			newNonFullTGDs	0		newFullTGDs	13062
nonFullTGDs	2536		fullTGDs	16499			newNonFullTGDs	0		newFullTGDs	12964
nonFullTGDs	2536		fullTGDs	16599			newNonFullTGDs	0		newFullTGDs	12864
nonFullTGDs	2537		fullTGDs	16698			newNonFullTGDs	0		newFullTGDs	12765
nonFullTGDs	2545		fullTGDs	16790			newNonFullTGDs	0		newFullTGDs	12673
nonFullTGDs	2553		fullTGDs	16882			newNonFullTGDs	0		newFullTGDs	12581
nonFullTGDs	2559		fullTGDs	16976			newNonFullTGDs	0		newFullTGDs	12487
nonFullTGDs	2559		fullTGDs	17076			newNonFullTGDs	0		newFullTGDs	12387
nonFullTGDs	2560		fullTGDs	17175			newNonFullTGDs	0		newFullTGDs	12288
nonFullTGDs	2563		fullTGDs	17272			newNonFullTGDs	0		newFullTGDs	12191
nonFullTGDs	2564		fullTGDs	17371			newNonFullTGDs	0		newFullTGDs	12092
nonFullTGDs	2564		fullTGDs	17471			newNonFullTGDs	0		newFullTGDs	11992
nonFullTGDs	2564		fullTGDs	17571			newNonFullTGDs	0		newFullTGDs	11892
nonFullTGDs	2572		fullTGDs	17663			newNonFullTGDs	0		newFullTGDs	11800
nonFullTGDs	2575		fullTGDs	17760			newNonFullTGDs	0		newFullTGDs	11703
nonFullTGDs	2579		fullTGDs	17856			newNonFullTGDs	0		newFullTGDs	11607
nonFullTGDs	2581		fullTGDs	17954			newNonFullTGDs	0		newFullTGDs	11509
nonFullTGDs	2588		fullTGDs	18047			newNonFullTGDs	0		newFullTGDs	11416
nonFullTGDs	2591		fullTGDs	18144			newNonFullTGDs	0		newFullTGDs	11319
nonFullTGDs	2591		fullTGDs	18244			newNonFullTGDs	0		newFullTGDs	11219
nonFullTGDs	2594		fullTGDs	18341			newNonFullTGDs	0		newFullTGDs	11122
nonFullTGDs	2594		fullTGDs	18441			newNonFullTGDs	0		newFullTGDs	11022
nonFullTGDs	2595		fullTGDs	18540			newNonFullTGDs	0		newFullTGDs	10923
nonFullTGDs	2595		fullTGDs	18640			newNonFullTGDs	0		newFullTGDs	10823
nonFullTGDs	2595		fullTGDs	18740			newNonFullTGDs	0		newFullTGDs	10723
nonFullTGDs	2596		fullTGDs	18839			newNonFullTGDs	0		newFullTGDs	10624
nonFullTGDs	2596		fullTGDs	18939			newNonFullTGDs	0		newFullTGDs	10524
nonFullTGDs	2596		fullTGDs	19039			newNonFullTGDs	0		newFullTGDs	10424
nonFullTGDs	2596		fullTGDs	19139			newNonFullTGDs	0		newFullTGDs	10324
nonFullTGDs	2596		fullTGDs	19239			newNonFullTGDs	0		newFullTGDs	10224
nonFullTGDs	2596		fullTGDs	19339			newNonFullTGDs	0		newFullTGDs	10124
nonFullTGDs	2596		fullTGDs	19439			newNonFullTGDs	0		newFullTGDs	10024
nonFullTGDs	2596		fullTGDs	19539			newNonFullTGDs	0		newFullTGDs	9924
nonFullTGDs	2596		fullTGDs	19639			newNonFullTGDs	0		newFullTGDs	9824
nonFullTGDs	2596		fullTGDs	19739			newNonFullTGDs	0		newFullTGDs	9724
nonFullTGDs	2596		fullTGDs	19839			newNonFullTGDs	0		newFullTGDs	9624
nonFullTGDs	2596		fullTGDs	19939			newNonFullTGDs	0		newFullTGDs	9524
nonFullTGDs	2596		fullTGDs	20039			newNonFullTGDs	0		newFullTGDs	9424
nonFullTGDs	2596		fullTGDs	20139			newNonFullTGDs	0		newFullTGDs	9324
nonFullTGDs	2596		fullTGDs	20239			newNonFullTGDs	0		newFullTGDs	9224
nonFullTGDs	2596		fullTGDs	20339			newNonFullTGDs	0		newFullTGDs	9124
nonFullTGDs	2596		fullTGDs	20439			newNonFullTGDs	0		newFullTGDs	9024
nonFullTGDs	2596		fullTGDs	20539			newNonFullTGDs	0		newFullTGDs	8924
nonFullTGDs	2596		fullTGDs	20639			newNonFullTGDs	0		newFullTGDs	8824
nonFullTGDs	2596		fullTGDs	20739			newNonFullTGDs	0		newFullTGDs	8724
nonFullTGDs	2596		fullTGDs	20839			newNonFullTGDs	0		newFullTGDs	8624
nonFullTGDs	2596		fullTGDs	20939			newNonFullTGDs	0		newFullTGDs	8524
nonFullTGDs	2596		fullTGDs	21039			newNonFullTGDs	0		newFullTGDs	8424
nonFullTGDs	2596		fullTGDs	21139			newNonFullTGDs	0		newFullTGDs	8324
nonFullTGDs	2596		fullTGDs	21239			newNonFullTGDs	0		newFullTGDs	8224
nonFullTGDs	2596		fullTGDs	21339			newNonFullTGDs	0		newFullTGDs	8124
nonFullTGDs	2596		fullTGDs	21439			newNonFullTGDs	0		newFullTGDs	8024
nonFullTGDs	2596		fullTGDs	21539			newNonFullTGDs	0		newFullTGDs	7924
nonFullTGDs	2596		fullTGDs	21639			newNonFullTGDs	0		newFullTGDs	7824
nonFullTGDs	2596		fullTGDs	21739			newNonFullTGDs	0		newFullTGDs	7724
nonFullTGDs	2596		fullTGDs	21839			newNonFullTGDs	0		newFullTGDs	7624
nonFullTGDs	2596		fullTGDs	21939			newNonFullTGDs	0		newFullTGDs	7524
nonFullTGDs	2596		fullTGDs	22039			newNonFullTGDs	0		newFullTGDs	7424
nonFullTGDs	2596		fullTGDs	22139			newNonFullTGDs	0		newFullTGDs	7324
nonFullTGDs	2596		fullTGDs	22239			newNonFullTGDs	0		newFullTGDs	7224
nonFullTGDs	2596		fullTGDs	22339			newNonFullTGDs	0		newFullTGDs	7124
nonFullTGDs	2596		fullTGDs	22439			newNonFullTGDs	0		newFullTGDs	7024
nonFullTGDs	2596		fullTGDs	22539			newNonFullTGDs	0		newFullTGDs	6924
nonFullTGDs	2596		fullTGDs	22639			newNonFullTGDs	0		newFullTGDs	6824
nonFullTGDs	2596		fullTGDs	22739			newNonFullTGDs	0		newFullTGDs	6724
nonFullTGDs	2596		fullTGDs	22839			newNonFullTGDs	0		newFullTGDs	6624
nonFullTGDs	2596		fullTGDs	22939			newNonFullTGDs	0		newFullTGDs	6524
nonFullTGDs	2596		fullTGDs	23039			newNonFullTGDs	0		newFullTGDs	6424
nonFullTGDs	2596		fullTGDs	23139			newNonFullTGDs	0		newFullTGDs	6324
nonFullTGDs	2596		fullTGDs	23239			newNonFullTGDs	0		newFullTGDs	6224
nonFullTGDs	2596		fullTGDs	23339			newNonFullTGDs	0		newFullTGDs	6124
nonFullTGDs	2596		fullTGDs	23439			newNonFullTGDs	0		newFullTGDs	6024
nonFullTGDs	2596		fullTGDs	23539			newNonFullTGDs	0		newFullTGDs	5924
nonFullTGDs	2596		fullTGDs	23639			newNonFullTGDs	0		newFullTGDs	5824
nonFullTGDs	2596		fullTGDs	23739			newNonFullTGDs	0		newFullTGDs	5724
nonFullTGDs	2596		fullTGDs	23839			newNonFullTGDs	0		newFullTGDs	5624
nonFullTGDs	2596		fullTGDs	23939			newNonFullTGDs	0		newFullTGDs	5524
nonFullTGDs	2596		fullTGDs	24039			newNonFullTGDs	0		newFullTGDs	5424
nonFullTGDs	2596		fullTGDs	24139			newNonFullTGDs	0		newFullTGDs	5324
nonFullTGDs	2596		fullTGDs	24239			newNonFullTGDs	0		newFullTGDs	5224
nonFullTGDs	2596		fullTGDs	24339			newNonFullTGDs	0		newFullTGDs	5124
nonFullTGDs	2596		fullTGDs	24439			newNonFullTGDs	0		newFullTGDs	5024
nonFullTGDs	2596		fullTGDs	24539			newNonFullTGDs	0		newFullTGDs	4924
nonFullTGDs	2596		fullTGDs	24639			newNonFullTGDs	0		newFullTGDs	4824
nonFullTGDs	2596		fullTGDs	24739			newNonFullTGDs	0		newFullTGDs	4724
nonFullTGDs	2596		fullTGDs	24839			newNonFullTGDs	0		newFullTGDs	4624
nonFullTGDs	2596		fullTGDs	24939			newNonFullTGDs	0		newFullTGDs	4524
nonFullTGDs	2596		fullTGDs	25039			newNonFullTGDs	0		newFullTGDs	4424
nonFullTGDs	2596		fullTGDs	25139			newNonFullTGDs	0		newFullTGDs	4324
nonFullTGDs	2596		fullTGDs	25239			newNonFullTGDs	0		newFullTGDs	4224
nonFullTGDs	2596		fullTGDs	25339			newNonFullTGDs	0		newFullTGDs	4124
nonFullTGDs	2596		fullTGDs	25439			newNonFullTGDs	0		newFullTGDs	4024
nonFullTGDs	2596		fullTGDs	25539			newNonFullTGDs	0		newFullTGDs	3924
nonFullTGDs	2596		fullTGDs	25639			newNonFullTGDs	0		newFullTGDs	3824
nonFullTGDs	2596		fullTGDs	25739			newNonFullTGDs	0		newFullTGDs	3724
nonFullTGDs	2596		fullTGDs	25839			newNonFullTGDs	0		newFullTGDs	3624
nonFullTGDs	2596		fullTGDs	25939			newNonFullTGDs	0		newFullTGDs	3524
nonFullTGDs	2596		fullTGDs	26039			newNonFullTGDs	0		newFullTGDs	3424
nonFullTGDs	2596		fullTGDs	26139			newNonFullTGDs	0		newFullTGDs	3324
nonFullTGDs	2596		fullTGDs	26239			newNonFullTGDs	0		newFullTGDs	3224
nonFullTGDs	2596		fullTGDs	26339			newNonFullTGDs	0		newFullTGDs	3124
nonFullTGDs	2596		fullTGDs	26439			newNonFullTGDs	0		newFullTGDs	3024
nonFullTGDs	2596		fullTGDs	26539			newNonFullTGDs	0		newFullTGDs	2924
nonFullTGDs	2596		fullTGDs	26639			newNonFullTGDs	0		newFullTGDs	2824
nonFullTGDs	2596		fullTGDs	26739			newNonFullTGDs	0		newFullTGDs	2724
nonFullTGDs	2596		fullTGDs	26839			newNonFullTGDs	0		newFullTGDs	2624
nonFullTGDs	2596		fullTGDs	26939			newNonFullTGDs	0		newFullTGDs	2524
nonFullTGDs	2596		fullTGDs	27039			newNonFullTGDs	0		newFullTGDs	2424
nonFullTGDs	2596		fullTGDs	27139			newNonFullTGDs	0		newFullTGDs	2324
nonFullTGDs	2596		fullTGDs	27239			newNonFullTGDs	0		newFullTGDs	2224
nonFullTGDs	2596		fullTGDs	27339			newNonFullTGDs	0		newFullTGDs	2124
nonFullTGDs	2596		fullTGDs	27439			newNonFullTGDs	0		newFullTGDs	2024
nonFullTGDs	2596		fullTGDs	27539			newNonFullTGDs	0		newFullTGDs	1924
nonFullTGDs	2596		fullTGDs	27639			newNonFullTGDs	0		newFullTGDs	1824
nonFullTGDs	2596		fullTGDs	27739			newNonFullTGDs	0		newFullTGDs	1724
nonFullTGDs	2596		fullTGDs	27839			newNonFullTGDs	0		newFullTGDs	1624
nonFullTGDs	2596		fullTGDs	27939			newNonFullTGDs	0		newFullTGDs	1524
nonFullTGDs	2596		fullTGDs	28039			newNonFullTGDs	0		newFullTGDs	1424
nonFullTGDs	2596		fullTGDs	28139			newNonFullTGDs	0		newFullTGDs	1324
nonFullTGDs	2596		fullTGDs	28239			newNonFullTGDs	0		newFullTGDs	1224
nonFullTGDs	2596		fullTGDs	28339			newNonFullTGDs	0		newFullTGDs	1124
nonFullTGDs	2596		fullTGDs	28439			newNonFullTGDs	0		newFullTGDs	1024
nonFullTGDs	2596		fullTGDs	28539			newNonFullTGDs	0		newFullTGDs	924
nonFullTGDs	2596		fullTGDs	28639			newNonFullTGDs	0		newFullTGDs	824
nonFullTGDs	2596		fullTGDs	28739			newNonFullTGDs	0		newFullTGDs	724
nonFullTGDs	2596		fullTGDs	28839			newNonFullTGDs	0		newFullTGDs	624
nonFullTGDs	2596		fullTGDs	28939			newNonFullTGDs	0		newFullTGDs	524
nonFullTGDs	2596		fullTGDs	29039			newNonFullTGDs	0		newFullTGDs	424
nonFullTGDs	2596		fullTGDs	29139			newNonFullTGDs	0		newFullTGDs	324
nonFullTGDs	2596		fullTGDs	29239			newNonFullTGDs	0		newFullTGDs	224
nonFullTGDs	2596		fullTGDs	29339			newNonFullTGDs	0		newFullTGDs	124
nonFullTGDs	2596		fullTGDs	29439			newNonFullTGDs	0		newFullTGDs	24
Nov 24, 2021 12:00:16 AM uk.ac.ox.cs.gsat.SaturationStatistics log
INFO: # initial TGDs: 335 , 1382
Nov 24, 2021 12:00:16 AM uk.ac.ox.cs.gsat.SaturationStatistics log
INFO: SkSat total time : 44862 ms = 44.86 s
Nov 24, 2021 12:00:16 AM uk.ac.ox.cs.gsat.SaturationStatistics log
INFO: Subsumed elements : 1121
Nov 24, 2021 12:00:16 AM uk.ac.ox.cs.gsat.SaturationStatistics log
INFO: Filter discarded elements : 2930727
Nov 24, 2021 12:00:16 AM uk.ac.ox.cs.gsat.SaturationStatistics log
INFO: subsumption time: 610 ms = 0.61 s
Nov 24, 2021 12:00:16 AM uk.ac.ox.cs.gsat.SaturationStatistics log
INFO: forward subsumption time: 479 ms = 0.48 s
Nov 24, 2021 12:00:16 AM uk.ac.ox.cs.gsat.SaturationStatistics log
INFO: backward subsumption time: 132 ms = 0.13 s
Nov 24, 2021 12:00:16 AM uk.ac.ox.cs.gsat.SaturationStatistics log
INFO: Derived full/non full TGDs: 29364 , 2235
Nov 24, 2021 12:00:16 AM uk.ac.ox.cs.gsat.SaturationStatistics log
INFO: discarded tautology count: 136
Nov 24, 2021 12:00:16 AM uk.ac.ox.cs.gsat.EvolveStatistics log
INFO: Stop because subsumed: 193
Nov 24, 2021 12:00:16 AM uk.ac.ox.cs.gsat.EvolveStatistics log
INFO: evolved equals to current: 0
Nov 24, 2021 12:00:16 AM uk.ac.ox.cs.gsat.EvolveStatistics log
INFO: evolved time: 21374 ms = 21.37 s
Nov 24, 2021 12:00:16 AM uk.ac.ox.cs.gsat.EvolveStatistics log
INFO: evolve count: 76250557
Nov 24, 2021 12:00:16 AM uk.ac.ox.cs.gsat.SkolemStatistics log
INFO: maximum number of Skolem atoms in body: 1
Nov 24, 2021 12:00:16 AM uk.ac.ox.cs.gsat.SkolemStatistics log
INFO: left derived TGD with Skolem in the body: 0
Nov 24, 2021 12:00:16 AM uk.ac.ox.cs.gsat.SkolemStatistics log
INFO: right derived TGD with Skolem in the body: 29264
Nov 24, 2021 12:00:16 AM uk.ac.ox.cs.gsat.SkolemStatistics log
INFO: derived TGD with more than two Skolem atoms in the body: 0
Nov 24, 2021 12:00:16 AM uk.ac.ox.cs.gsat.AbstractSaturation run
INFO: ouptput full TGDs not contained in the input: 0
Nov 24, 2021 12:00:16 AM uk.ac.ox.cs.gsat.App executeAllSteps
INFO: Rewriting completed!
Full TGD saturation: (335 dependecies)
Nov 24, 2021 12:00:16 AM uk.ac.ox.cs.gsat.App executeAllSteps
INFO: Writing the saturation in the Datalog file 00745.rul
