Starting Saturation...
Executing from DLGP files
SLF4J: Failed to load class "org.slf4j.impl.StaticLoggerBinder".
SLF4J: Defaulting to no-operation (NOP) logger implementation
SLF4J: See http://www.slf4j.org/codes.html#StaticLoggerBinder for further details.
# Rules: 21801; # Atoms: 0; # AtomSets: 0; # Queries: 0; # Constraints: 0
Full TGD saturation algorithm: hyperresolution Sat
Running HyperSat...
Dec 07, 2021 5:16:00 PM uk.ac.ox.cs.gsat.AbstractSaturation run
INFO: HyperSat discarded rules : 0/21801 = 0.000%
HyperSat discarded rules : 0/21801 = 0.000%
Dec 07, 2021 5:16:01 PM uk.ac.ox.cs.gsat.AbstractSaturation run
INFO: Subsumption method : disabled
Dec 07, 2021 5:26:20 PM uk.ac.ox.cs.gsat.SaturationStatistics log
INFO: # initial TGDs: 9462 , 26956
Dec 07, 2021 5:26:20 PM uk.ac.ox.cs.gsat.SaturationStatistics log
INFO: HyperSat total time : 619537 ms = 619.54 s
Dec 07, 2021 5:26:20 PM uk.ac.ox.cs.gsat.SaturationStatistics log
INFO: Subsumed elements : 0
Dec 07, 2021 5:26:20 PM uk.ac.ox.cs.gsat.SaturationStatistics log
INFO: Filter discarded elements : 0
Dec 07, 2021 5:26:20 PM uk.ac.ox.cs.gsat.SaturationStatistics log
INFO: subsumption time: 60 ms = 0.06 s
Dec 07, 2021 5:26:20 PM uk.ac.ox.cs.gsat.SaturationStatistics log
INFO: forward subsumption time: 56 ms = 0.06 s
Dec 07, 2021 5:26:20 PM uk.ac.ox.cs.gsat.SaturationStatistics log
INFO: backward subsumption time: 4 ms = 0.00 s
Dec 07, 2021 5:26:20 PM uk.ac.ox.cs.gsat.SaturationStatistics log
INFO: Derived full/non full TGDs: 15109 , 142097
Dec 07, 2021 5:26:20 PM uk.ac.ox.cs.gsat.SaturationStatistics log
INFO: discarded tautology count: 1001
Dec 07, 2021 5:26:20 PM uk.ac.ox.cs.gsat.SaturationStatistics log
INFO: !!! TIME OUT !!!
Dec 07, 2021 5:26:20 PM uk.ac.ox.cs.gsat.HyperResolutionStatistics log
INFO: hyperresolution time: 617009 ms = 617.01 s
Dec 07, 2021 5:26:20 PM uk.ac.ox.cs.gsat.HyperResolutionStatistics log
INFO: hyperresolution count: 97515082
Dec 07, 2021 5:26:20 PM uk.ac.ox.cs.gsat.HyperResolutionStatistics log
INFO: hyperresolution failure count: 97357776
Dec 07, 2021 5:26:20 PM uk.ac.ox.cs.gsat.AbstractSaturation run
INFO: ouptput full TGDs not contained in the input: 13844
Dec 07, 2021 5:26:20 PM uk.ac.ox.cs.gsat.App executeAllSteps
INFO: Rewriting completed!
Full TGD saturation: (23306 dependecies)
Dec 07, 2021 5:26:20 PM uk.ac.ox.cs.gsat.App executeAllSteps
INFO: Writing the saturation in the Datalog file 00035.rul
