Starting Saturation...
Executing from DLGP files
SLF4J: Failed to load class "org.slf4j.impl.StaticLoggerBinder".
SLF4J: Defaulting to no-operation (NOP) logger implementation
SLF4J: See http://www.slf4j.org/codes.html#StaticLoggerBinder for further details.
# Rules: 430; # Atoms: 0; # AtomSets: 0; # Queries: 0; # Constraints: 0
Full TGD saturation algorithm: hyperresolution Sat
Running HyperSat...
Dec 07, 2021 8:38:17 PM uk.ac.ox.cs.gsat.AbstractSaturation run
INFO: HyperSat discarded rules : 0/430 = 0.000%
HyperSat discarded rules : 0/430 = 0.000%
Dec 07, 2021 8:38:18 PM uk.ac.ox.cs.gsat.AbstractSaturation run
INFO: Subsumption method : disabled
Dec 07, 2021 8:48:17 PM uk.ac.ox.cs.gsat.SaturationStatistics log
INFO: # initial TGDs: 243 , 188
Dec 07, 2021 8:48:18 PM uk.ac.ox.cs.gsat.SaturationStatistics log
INFO: HyperSat total time : 600022 ms = 600.02 s
Dec 07, 2021 8:48:18 PM uk.ac.ox.cs.gsat.SaturationStatistics log
INFO: Subsumed elements : 0
Dec 07, 2021 8:48:18 PM uk.ac.ox.cs.gsat.SaturationStatistics log
INFO: Filter discarded elements : 0
Dec 07, 2021 8:48:18 PM uk.ac.ox.cs.gsat.SaturationStatistics log
INFO: subsumption time: 9024 ms = 9.02 s
Dec 07, 2021 8:48:18 PM uk.ac.ox.cs.gsat.SaturationStatistics log
INFO: forward subsumption time: 8974 ms = 8.97 s
Dec 07, 2021 8:48:18 PM uk.ac.ox.cs.gsat.SaturationStatistics log
INFO: backward subsumption time: 50 ms = 0.05 s
Dec 07, 2021 8:48:18 PM uk.ac.ox.cs.gsat.SaturationStatistics log
INFO: Derived full/non full TGDs: 1204 , 30879040
Dec 07, 2021 8:48:18 PM uk.ac.ox.cs.gsat.SaturationStatistics log
INFO: discarded tautology count: 43
Dec 07, 2021 8:48:18 PM uk.ac.ox.cs.gsat.SaturationStatistics log
INFO: !!! TIME OUT !!!
Dec 07, 2021 8:48:18 PM uk.ac.ox.cs.gsat.HyperResolutionStatistics log
INFO: hyperresolution time: 555488 ms = 555.49 s
Dec 07, 2021 8:48:18 PM uk.ac.ox.cs.gsat.HyperResolutionStatistics log
INFO: hyperresolution count: 52842667
Dec 07, 2021 8:48:18 PM uk.ac.ox.cs.gsat.HyperResolutionStatistics log
INFO: hyperresolution failure count: 1853949
Dec 07, 2021 8:48:18 PM uk.ac.ox.cs.gsat.AbstractSaturation run
INFO: ouptput full TGDs not contained in the input: 1016
Dec 07, 2021 8:48:18 PM uk.ac.ox.cs.gsat.App executeAllSteps
INFO: Rewriting completed!
Full TGD saturation: (1259 dependecies)
Dec 07, 2021 8:48:18 PM uk.ac.ox.cs.gsat.App executeAllSteps
INFO: Writing the saturation in the Datalog file 00319.rul
