Starting Saturation...
Executing from DLGP files
SLF4J: Failed to load class "org.slf4j.impl.StaticLoggerBinder".
SLF4J: Defaulting to no-operation (NOP) logger implementation
SLF4J: See http://www.slf4j.org/codes.html#StaticLoggerBinder for further details.
# Rules: 27096; # Atoms: 0; # AtomSets: 0; # Queries: 0; # Constraints: 0
Full TGD saturation algorithm: hyperresolution Sat
Running HyperSat...
Dec 07, 2021 10:53:20 PM uk.ac.ox.cs.gsat.AbstractSaturation run
INFO: HyperSat discarded rules : 0/27096 = 0.000%
HyperSat discarded rules : 0/27096 = 0.000%
Dec 07, 2021 10:53:21 PM uk.ac.ox.cs.gsat.AbstractSaturation run
INFO: Subsumption method : disabled
Dec 07, 2021 10:54:09 PM uk.ac.ox.cs.gsat.SaturationStatistics log
INFO: # initial TGDs: 24014 , 4616
Dec 07, 2021 10:54:09 PM uk.ac.ox.cs.gsat.SaturationStatistics log
INFO: HyperSat total time : 48978 ms = 48.98 s
Dec 07, 2021 10:54:09 PM uk.ac.ox.cs.gsat.SaturationStatistics log
INFO: Subsumed elements : 0
Dec 07, 2021 10:54:09 PM uk.ac.ox.cs.gsat.SaturationStatistics log
INFO: Filter discarded elements : 0
Dec 07, 2021 10:54:09 PM uk.ac.ox.cs.gsat.SaturationStatistics log
INFO: subsumption time: 13 ms = 0.01 s
Dec 07, 2021 10:54:09 PM uk.ac.ox.cs.gsat.SaturationStatistics log
INFO: forward subsumption time: 12 ms = 0.01 s
Dec 07, 2021 10:54:09 PM uk.ac.ox.cs.gsat.SaturationStatistics log
INFO: backward subsumption time: 1 ms = 0.00 s
Dec 07, 2021 10:54:09 PM uk.ac.ox.cs.gsat.SaturationStatistics log
INFO: Derived full/non full TGDs: 30932 , 16639
Dec 07, 2021 10:54:09 PM uk.ac.ox.cs.gsat.SaturationStatistics log
INFO: discarded tautology count: 1542
Dec 07, 2021 10:54:09 PM uk.ac.ox.cs.gsat.HyperResolutionStatistics log
INFO: hyperresolution time: 47637 ms = 47.64 s
Dec 07, 2021 10:54:09 PM uk.ac.ox.cs.gsat.HyperResolutionStatistics log
INFO: hyperresolution count: 90906
Dec 07, 2021 10:54:09 PM uk.ac.ox.cs.gsat.HyperResolutionStatistics log
INFO: hyperresolution failure count: 43335
Dec 07, 2021 10:54:10 PM uk.ac.ox.cs.gsat.AbstractSaturation run
INFO: ouptput full TGDs not contained in the input: 29348
Dec 07, 2021 10:54:10 PM uk.ac.ox.cs.gsat.App executeAllSteps
INFO: Rewriting completed!
Full TGD saturation: (53362 dependecies)
Dec 07, 2021 10:54:10 PM uk.ac.ox.cs.gsat.App executeAllSteps
INFO: Writing the saturation in the Datalog file 00436.rul
