Starting Saturation...
Executing from DLGP files
SLF4J: Failed to load class "org.slf4j.impl.StaticLoggerBinder".
SLF4J: Defaulting to no-operation (NOP) logger implementation
SLF4J: See http://www.slf4j.org/codes.html#StaticLoggerBinder for further details.
# Rules: 990; # Atoms: 0; # AtomSets: 0; # Queries: 0; # Constraints: 0
Full TGD saturation algorithm: hyperresolution Sat
Running HyperSat...
Dec 07, 2021 11:34:53 PM uk.ac.ox.cs.gsat.AbstractSaturation run
INFO: HyperSat discarded rules : 0/990 = 0.000%
HyperSat discarded rules : 0/990 = 0.000%
Dec 07, 2021 11:34:53 PM uk.ac.ox.cs.gsat.AbstractSaturation run
INFO: Subsumption method : disabled
Dec 07, 2021 11:35:02 PM uk.ac.ox.cs.gsat.SaturationStatistics log
INFO: # initial TGDs: 663 , 653
Dec 07, 2021 11:35:02 PM uk.ac.ox.cs.gsat.SaturationStatistics log
INFO: HyperSat total time : 8562 ms = 8.56 s
Dec 07, 2021 11:35:02 PM uk.ac.ox.cs.gsat.SaturationStatistics log
INFO: Subsumed elements : 0
Dec 07, 2021 11:35:02 PM uk.ac.ox.cs.gsat.SaturationStatistics log
INFO: Filter discarded elements : 0
Dec 07, 2021 11:35:02 PM uk.ac.ox.cs.gsat.SaturationStatistics log
INFO: subsumption time: 40 ms = 0.04 s
Dec 07, 2021 11:35:02 PM uk.ac.ox.cs.gsat.SaturationStatistics log
INFO: forward subsumption time: 37 ms = 0.04 s
Dec 07, 2021 11:35:02 PM uk.ac.ox.cs.gsat.SaturationStatistics log
INFO: backward subsumption time: 3 ms = 0.00 s
Dec 07, 2021 11:35:02 PM uk.ac.ox.cs.gsat.SaturationStatistics log
INFO: Derived full/non full TGDs: 246 , 138939
Dec 07, 2021 11:35:02 PM uk.ac.ox.cs.gsat.SaturationStatistics log
INFO: discarded tautology count: 30
Dec 07, 2021 11:35:02 PM uk.ac.ox.cs.gsat.HyperResolutionStatistics log
INFO: hyperresolution time: 7398 ms = 7.40 s
Dec 07, 2021 11:35:02 PM uk.ac.ox.cs.gsat.HyperResolutionStatistics log
INFO: hyperresolution count: 1143039
Dec 07, 2021 11:35:02 PM uk.ac.ox.cs.gsat.HyperResolutionStatistics log
INFO: hyperresolution failure count: 990636
Dec 07, 2021 11:35:02 PM uk.ac.ox.cs.gsat.AbstractSaturation run
INFO: ouptput full TGDs not contained in the input: 194
Dec 07, 2021 11:35:02 PM uk.ac.ox.cs.gsat.App executeAllSteps
INFO: Rewriting completed!
Full TGD saturation: (857 dependecies)
Dec 07, 2021 11:35:02 PM uk.ac.ox.cs.gsat.App executeAllSteps
INFO: Writing the saturation in the Datalog file 00480.rul
