Starting Saturation...
Executing from DLGP files
SLF4J: Failed to load class "org.slf4j.impl.StaticLoggerBinder".
SLF4J: Defaulting to no-operation (NOP) logger implementation
SLF4J: See http://www.slf4j.org/codes.html#StaticLoggerBinder for further details.
# Rules: 58156; # Atoms: 0; # AtomSets: 0; # Queries: 0; # Constraints: 0
Full TGD saturation algorithm: hyperresolution Sat
Running HyperSat...
Dec 08, 2021 12:25:34 AM uk.ac.ox.cs.gsat.AbstractSaturation run
INFO: HyperSat discarded rules : 0/58156 = 0.000%
HyperSat discarded rules : 0/58156 = 0.000%
Dec 08, 2021 12:25:35 AM uk.ac.ox.cs.gsat.AbstractSaturation run
INFO: Subsumption method : disabled
Dec 08, 2021 12:35:34 AM uk.ac.ox.cs.gsat.SaturationStatistics log
INFO: # initial TGDs: 46967 , 15554
Dec 08, 2021 12:35:34 AM uk.ac.ox.cs.gsat.SaturationStatistics log
INFO: HyperSat total time : 600689 ms = 600.69 s
Dec 08, 2021 12:35:34 AM uk.ac.ox.cs.gsat.SaturationStatistics log
INFO: Subsumed elements : 0
Dec 08, 2021 12:35:34 AM uk.ac.ox.cs.gsat.SaturationStatistics log
INFO: Filter discarded elements : 0
Dec 08, 2021 12:35:34 AM uk.ac.ox.cs.gsat.SaturationStatistics log
INFO: subsumption time: 15 ms = 0.01 s
Dec 08, 2021 12:35:34 AM uk.ac.ox.cs.gsat.SaturationStatistics log
INFO: forward subsumption time: 14 ms = 0.01 s
Dec 08, 2021 12:35:34 AM uk.ac.ox.cs.gsat.SaturationStatistics log
INFO: backward subsumption time: 1 ms = 0.00 s
Dec 08, 2021 12:35:34 AM uk.ac.ox.cs.gsat.SaturationStatistics log
INFO: Derived full/non full TGDs: 12352 , 37239
Dec 08, 2021 12:35:34 AM uk.ac.ox.cs.gsat.SaturationStatistics log
INFO: discarded tautology count: 1107
Dec 08, 2021 12:35:34 AM uk.ac.ox.cs.gsat.SaturationStatistics log
INFO: !!! TIME OUT !!!
Dec 08, 2021 12:35:34 AM uk.ac.ox.cs.gsat.HyperResolutionStatistics log
INFO: hyperresolution time: 598677 ms = 598.68 s
Dec 08, 2021 12:35:34 AM uk.ac.ox.cs.gsat.HyperResolutionStatistics log
INFO: hyperresolution count: 298342334
Dec 08, 2021 12:35:34 AM uk.ac.ox.cs.gsat.HyperResolutionStatistics log
INFO: hyperresolution failure count: 298292590
Dec 08, 2021 12:35:34 AM uk.ac.ox.cs.gsat.AbstractSaturation run
INFO: ouptput full TGDs not contained in the input: 11245
Dec 08, 2021 12:35:34 AM uk.ac.ox.cs.gsat.App executeAllSteps
INFO: Rewriting completed!
Full TGD saturation: (58212 dependecies)
Dec 08, 2021 12:35:34 AM uk.ac.ox.cs.gsat.App executeAllSteps
INFO: Writing the saturation in the Datalog file 00488.rul
