Starting Saturation...
Executing from DLGP files
SLF4J: Failed to load class "org.slf4j.impl.StaticLoggerBinder".
SLF4J: Defaulting to no-operation (NOP) logger implementation
SLF4J: See http://www.slf4j.org/codes.html#StaticLoggerBinder for further details.
# Rules: 930; # Atoms: 0; # AtomSets: 0; # Queries: 0; # Constraints: 0
Full TGD saturation algorithm: hyperresolution Sat
Running HyperSat...
Dec 08, 2021 3:12:14 AM uk.ac.ox.cs.gsat.AbstractSaturation run
INFO: HyperSat discarded rules : 0/930 = 0.000%
HyperSat discarded rules : 0/930 = 0.000%
Dec 08, 2021 3:12:14 AM uk.ac.ox.cs.gsat.AbstractSaturation run
INFO: Subsumption method : disabled
Dec 08, 2021 3:12:16 AM uk.ac.ox.cs.gsat.SaturationStatistics log
INFO: # initial TGDs: 471 , 1794
Dec 08, 2021 3:12:16 AM uk.ac.ox.cs.gsat.SaturationStatistics log
INFO: HyperSat total time : 2411 ms = 2.41 s
Dec 08, 2021 3:12:16 AM uk.ac.ox.cs.gsat.SaturationStatistics log
INFO: Subsumed elements : 0
Dec 08, 2021 3:12:16 AM uk.ac.ox.cs.gsat.SaturationStatistics log
INFO: Filter discarded elements : 0
Dec 08, 2021 3:12:16 AM uk.ac.ox.cs.gsat.SaturationStatistics log
INFO: subsumption time: 10 ms = 0.01 s
Dec 08, 2021 3:12:16 AM uk.ac.ox.cs.gsat.SaturationStatistics log
INFO: forward subsumption time: 9 ms = 0.01 s
Dec 08, 2021 3:12:16 AM uk.ac.ox.cs.gsat.SaturationStatistics log
INFO: backward subsumption time: 2 ms = 0.00 s
Dec 08, 2021 3:12:16 AM uk.ac.ox.cs.gsat.SaturationStatistics log
INFO: Derived full/non full TGDs: 300 , 35136
Dec 08, 2021 3:12:16 AM uk.ac.ox.cs.gsat.SaturationStatistics log
INFO: discarded tautology count: 174
Dec 08, 2021 3:12:16 AM uk.ac.ox.cs.gsat.HyperResolutionStatistics log
INFO: hyperresolution time: 1697 ms = 1.70 s
Dec 08, 2021 3:12:16 AM uk.ac.ox.cs.gsat.HyperResolutionStatistics log
INFO: hyperresolution count: 140177
Dec 08, 2021 3:12:16 AM uk.ac.ox.cs.gsat.HyperResolutionStatistics log
INFO: hyperresolution failure count: 104741
Dec 08, 2021 3:12:16 AM uk.ac.ox.cs.gsat.AbstractSaturation run
INFO: ouptput full TGDs not contained in the input: 0
Dec 08, 2021 3:12:16 AM uk.ac.ox.cs.gsat.App executeAllSteps
INFO: Rewriting completed!
Full TGD saturation: (471 dependecies)
Dec 08, 2021 3:12:16 AM uk.ac.ox.cs.gsat.App executeAllSteps
INFO: Writing the saturation in the Datalog file 00755.rul
