Starting Saturation...
Executing from DLGP files
SLF4J: Failed to load class "org.slf4j.impl.StaticLoggerBinder".
SLF4J: Defaulting to no-operation (NOP) logger implementation
SLF4J: See http://www.slf4j.org/codes.html#StaticLoggerBinder for further details.
# Rules: 430; # Atoms: 0; # AtomSets: 0; # Queries: 0; # Constraints: 0
Full TGD saturation algorithm: hyperresolution Sat
Running HyperSat...
Dec 08, 2021 4:50:59 AM uk.ac.ox.cs.gsat.AbstractSaturation run
INFO: HyperSat discarded rules : 0/430 = 0.000%
HyperSat discarded rules : 0/430 = 0.000%
Dec 08, 2021 4:51:00 AM uk.ac.ox.cs.gsat.AbstractSaturation run
INFO: Subsumption method : disabled
Dec 08, 2021 5:01:00 AM uk.ac.ox.cs.gsat.SaturationStatistics log
INFO: # initial TGDs: 243 , 188
Dec 08, 2021 5:01:00 AM uk.ac.ox.cs.gsat.SaturationStatistics log
INFO: HyperSat total time : 600498 ms = 600.50 s
Dec 08, 2021 5:01:00 AM uk.ac.ox.cs.gsat.SaturationStatistics log
INFO: Subsumed elements : 0
Dec 08, 2021 5:01:00 AM uk.ac.ox.cs.gsat.SaturationStatistics log
INFO: Filter discarded elements : 0
Dec 08, 2021 5:01:00 AM uk.ac.ox.cs.gsat.SaturationStatistics log
INFO: subsumption time: 7581 ms = 7.58 s
Dec 08, 2021 5:01:00 AM uk.ac.ox.cs.gsat.SaturationStatistics log
INFO: forward subsumption time: 7529 ms = 7.53 s
Dec 08, 2021 5:01:00 AM uk.ac.ox.cs.gsat.SaturationStatistics log
INFO: backward subsumption time: 51 ms = 0.05 s
Dec 08, 2021 5:01:00 AM uk.ac.ox.cs.gsat.SaturationStatistics log
INFO: Derived full/non full TGDs: 1204 , 25663780
Dec 08, 2021 5:01:00 AM uk.ac.ox.cs.gsat.SaturationStatistics log
INFO: discarded tautology count: 43
Dec 08, 2021 5:01:00 AM uk.ac.ox.cs.gsat.SaturationStatistics log
INFO: !!! TIME OUT !!!
Dec 08, 2021 5:01:00 AM uk.ac.ox.cs.gsat.HyperResolutionStatistics log
INFO: hyperresolution time: 558067 ms = 558.07 s
Dec 08, 2021 5:01:00 AM uk.ac.ox.cs.gsat.HyperResolutionStatistics log
INFO: hyperresolution count: 51195849
Dec 08, 2021 5:01:00 AM uk.ac.ox.cs.gsat.HyperResolutionStatistics log
INFO: hyperresolution failure count: 1922455
Dec 08, 2021 5:01:00 AM uk.ac.ox.cs.gsat.AbstractSaturation run
INFO: ouptput full TGDs not contained in the input: 1016
Dec 08, 2021 5:01:00 AM uk.ac.ox.cs.gsat.App executeAllSteps
INFO: Rewriting completed!
Full TGD saturation: (1259 dependecies)
Dec 08, 2021 5:01:00 AM uk.ac.ox.cs.gsat.App executeAllSteps
INFO: Writing the saturation in the Datalog file 00782.rul
