Starting Saturation...
Executing from DLGP files
SLF4J: Failed to load class "org.slf4j.impl.StaticLoggerBinder".
SLF4J: Defaulting to no-operation (NOP) logger implementation
SLF4J: See http://www.slf4j.org/codes.html#StaticLoggerBinder for further details.
# Rules: 453; # Atoms: 0; # AtomSets: 0; # Queries: 0; # Constraints: 0
Full TGD saturation algorithm: hyperresolution Sat
Running HyperSat...
Nov 15, 2021 3:00:16 PM uk.ac.ox.cs.gsat.AbstractSaturation run
INFO: HyperSat discarded rules : 0/453 = 0.000%
HyperSat discarded rules : 0/453 = 0.000%
Nov 15, 2021 3:00:16 PM uk.ac.ox.cs.gsat.AbstractSaturation run
INFO: Subsumption method : tree_predicate
length of the formulas: 6.763052
number of bags: 2
length of the formulas: 6.763052
number of bags: 2
Nov 15, 2021 3:10:21 PM uk.ac.ox.cs.gsat.SaturationStatistics log
INFO: # initial TGDs: 1850 , 142
Nov 15, 2021 3:10:21 PM uk.ac.ox.cs.gsat.SaturationStatistics log
INFO: HyperSat total time : 605200 ms = 605.20 s
Nov 15, 2021 3:10:21 PM uk.ac.ox.cs.gsat.SaturationStatistics log
INFO: Subsumed elements : 5034
Nov 15, 2021 3:10:21 PM uk.ac.ox.cs.gsat.SaturationStatistics log
INFO: Filter discarded elements : 1221574
Nov 15, 2021 3:10:21 PM uk.ac.ox.cs.gsat.SaturationStatistics log
INFO: subsumption time: 169 ms = 0.17 s
Nov 15, 2021 3:10:21 PM uk.ac.ox.cs.gsat.SaturationStatistics log
INFO: forward subsumption time: 139 ms = 0.14 s
Nov 15, 2021 3:10:21 PM uk.ac.ox.cs.gsat.SaturationStatistics log
INFO: backward subsumption time: 30 ms = 0.03 s
Nov 15, 2021 3:10:21 PM uk.ac.ox.cs.gsat.SaturationStatistics log
INFO: Derived full/non full TGDs: 1410 , 4807
Nov 15, 2021 3:10:21 PM uk.ac.ox.cs.gsat.SaturationStatistics log
INFO: discarded tautology count: 468
Nov 15, 2021 3:10:21 PM uk.ac.ox.cs.gsat.SaturationStatistics log
INFO: !!! TIME OUT !!!
Nov 15, 2021 3:10:21 PM uk.ac.ox.cs.gsat.HyperResolutionStatistics log
INFO: hyperresolution time: 604599 ms = 604.60 s
Nov 15, 2021 3:10:21 PM uk.ac.ox.cs.gsat.HyperResolutionStatistics log
INFO: hyperresolution count: 50817
Nov 15, 2021 3:10:21 PM uk.ac.ox.cs.gsat.HyperResolutionStatistics log
INFO: hyperresolution failure count: 45692
Nov 15, 2021 3:10:21 PM uk.ac.ox.cs.gsat.AbstractSaturation run
INFO: ouptput full TGDs not contained in the input: 99
Nov 15, 2021 3:10:21 PM uk.ac.ox.cs.gsat.App executeAllSteps
INFO: Rewriting completed!
Full TGD saturation: (1949 dependecies)
Nov 15, 2021 3:10:21 PM uk.ac.ox.cs.gsat.App executeAllSteps
INFO: Writing the saturation in the Datalog file 00023.rul
