Starting Saturation...
Executing from DLGP files
SLF4J: Failed to load class "org.slf4j.impl.StaticLoggerBinder".
SLF4J: Defaulting to no-operation (NOP) logger implementation
SLF4J: See http://www.slf4j.org/codes.html#StaticLoggerBinder for further details.
# Rules: 2099; # Atoms: 0; # AtomSets: 0; # Queries: 0; # Constraints: 0
Full TGD saturation algorithm: hyperresolution Sat
Running HyperSat...
Nov 17, 2021 5:31:06 PM uk.ac.ox.cs.gsat.AbstractSaturation run
INFO: HyperSat discarded rules : 0/2099 = 0.000%
HyperSat discarded rules : 0/2099 = 0.000%
Nov 17, 2021 5:31:07 PM uk.ac.ox.cs.gsat.AbstractSaturation run
INFO: Subsumption method : tree_predicate
length of the formulas: 6.7161145
number of bags: 2
length of the formulas: 6.7161145
number of bags: 2
Nov 17, 2021 5:31:07 PM uk.ac.ox.cs.gsat.SaturationStatistics log
INFO: # initial TGDs: 3921 , 63
Nov 17, 2021 5:31:07 PM uk.ac.ox.cs.gsat.SaturationStatistics log
INFO: HyperSat total time : 702 ms = 0.70 s
Nov 17, 2021 5:31:07 PM uk.ac.ox.cs.gsat.SaturationStatistics log
INFO: Subsumed elements : 0
Nov 17, 2021 5:31:07 PM uk.ac.ox.cs.gsat.SaturationStatistics log
INFO: Filter discarded elements : 749
Nov 17, 2021 5:31:07 PM uk.ac.ox.cs.gsat.SaturationStatistics log
INFO: subsumption time: 3 ms = 0.00 s
Nov 17, 2021 5:31:07 PM uk.ac.ox.cs.gsat.SaturationStatistics log
INFO: forward subsumption time: 2 ms = 0.00 s
Nov 17, 2021 5:31:07 PM uk.ac.ox.cs.gsat.SaturationStatistics log
INFO: backward subsumption time: 1 ms = 0.00 s
Nov 17, 2021 5:31:07 PM uk.ac.ox.cs.gsat.SaturationStatistics log
INFO: Derived full/non full TGDs: 4 , 16
Nov 17, 2021 5:31:07 PM uk.ac.ox.cs.gsat.SaturationStatistics log
INFO: discarded tautology count: 4
Nov 17, 2021 5:31:07 PM uk.ac.ox.cs.gsat.HyperResolutionStatistics log
INFO: hyperresolution time: 77 ms = 0.08 s
Nov 17, 2021 5:31:07 PM uk.ac.ox.cs.gsat.HyperResolutionStatistics log
INFO: hyperresolution count: 1136
Nov 17, 2021 5:31:07 PM uk.ac.ox.cs.gsat.HyperResolutionStatistics log
INFO: hyperresolution failure count: 1116
Nov 17, 2021 5:31:07 PM uk.ac.ox.cs.gsat.AbstractSaturation run
INFO: ouptput full TGDs not contained in the input: 0
Nov 17, 2021 5:31:07 PM uk.ac.ox.cs.gsat.App executeAllSteps
INFO: Rewriting completed!
Full TGD saturation: (3921 dependecies)
Nov 17, 2021 5:31:07 PM uk.ac.ox.cs.gsat.App executeAllSteps
INFO: Writing the saturation in the Datalog file 00293.rul
