Starting Saturation...
Executing from DLGP files
SLF4J: Failed to load class "org.slf4j.impl.StaticLoggerBinder".
SLF4J: Defaulting to no-operation (NOP) logger implementation
SLF4J: See http://www.slf4j.org/codes.html#StaticLoggerBinder for further details.
# Rules: 1684; # Atoms: 0; # AtomSets: 0; # Queries: 0; # Constraints: 0
Full TGD saturation algorithm: hyperresolution Sat
Running HyperSat...
Nov 18, 2021 2:45:05 AM uk.ac.ox.cs.gsat.AbstractSaturation run
INFO: HyperSat discarded rules : 0/1684 = 0.000%
HyperSat discarded rules : 0/1684 = 0.000%
Nov 18, 2021 2:45:05 AM uk.ac.ox.cs.gsat.AbstractSaturation run
INFO: Subsumption method : tree_predicate
length of the formulas: 4.442596
number of bags: 3
length of the formulas: 4.442596
number of bags: 3
Nov 18, 2021 2:45:07 AM uk.ac.ox.cs.gsat.SaturationStatistics log
INFO: # initial TGDs: 5692 , 379
Nov 18, 2021 2:45:07 AM uk.ac.ox.cs.gsat.SaturationStatistics log
INFO: HyperSat total time : 2157 ms = 2.16 s
Nov 18, 2021 2:45:07 AM uk.ac.ox.cs.gsat.SaturationStatistics log
INFO: Subsumed elements : 284
Nov 18, 2021 2:45:07 AM uk.ac.ox.cs.gsat.SaturationStatistics log
INFO: Filter discarded elements : 276032
Nov 18, 2021 2:45:07 AM uk.ac.ox.cs.gsat.SaturationStatistics log
INFO: subsumption time: 96 ms = 0.10 s
Nov 18, 2021 2:45:07 AM uk.ac.ox.cs.gsat.SaturationStatistics log
INFO: forward subsumption time: 66 ms = 0.07 s
Nov 18, 2021 2:45:07 AM uk.ac.ox.cs.gsat.SaturationStatistics log
INFO: backward subsumption time: 30 ms = 0.03 s
Nov 18, 2021 2:45:07 AM uk.ac.ox.cs.gsat.SaturationStatistics log
INFO: Derived full/non full TGDs: 0 , 1873
Nov 18, 2021 2:45:07 AM uk.ac.ox.cs.gsat.SaturationStatistics log
INFO: discarded tautology count: 0
Nov 18, 2021 2:45:07 AM uk.ac.ox.cs.gsat.HyperResolutionStatistics log
INFO: hyperresolution time: 1461 ms = 1.46 s
Nov 18, 2021 2:45:07 AM uk.ac.ox.cs.gsat.HyperResolutionStatistics log
INFO: hyperresolution count: 45778
Nov 18, 2021 2:45:07 AM uk.ac.ox.cs.gsat.HyperResolutionStatistics log
INFO: hyperresolution failure count: 43905
Nov 18, 2021 2:45:07 AM uk.ac.ox.cs.gsat.AbstractSaturation run
INFO: ouptput full TGDs not contained in the input: 0
Nov 18, 2021 2:45:07 AM uk.ac.ox.cs.gsat.App executeAllSteps
INFO: Rewriting completed!
Full TGD saturation: (5692 dependecies)
Nov 18, 2021 2:45:07 AM uk.ac.ox.cs.gsat.App executeAllSteps
INFO: Writing the saturation in the Datalog file 00457.rul
