Starting Saturation...
Executing from DLGP files
SLF4J: Failed to load class "org.slf4j.impl.StaticLoggerBinder".
SLF4J: Defaulting to no-operation (NOP) logger implementation
SLF4J: See http://www.slf4j.org/codes.html#StaticLoggerBinder for further details.
# Rules: 684; # Atoms: 0; # AtomSets: 0; # Queries: 0; # Constraints: 0
Full TGD saturation algorithm: hyperresolution Sat
Running HyperSat...
Nov 18, 2021 6:52:10 AM uk.ac.ox.cs.gsat.AbstractSaturation run
INFO: HyperSat discarded rules : 0/684 = 0.000%
HyperSat discarded rules : 0/684 = 0.000%
Nov 18, 2021 6:52:10 AM uk.ac.ox.cs.gsat.AbstractSaturation run
INFO: Subsumption method : tree_predicate
length of the formulas: 4.336138
number of bags: 3
length of the formulas: 4.336138
number of bags: 3
Nov 18, 2021 6:52:14 AM uk.ac.ox.cs.gsat.SaturationStatistics log
INFO: # initial TGDs: 2088 , 408
Nov 18, 2021 6:52:14 AM uk.ac.ox.cs.gsat.SaturationStatistics log
INFO: HyperSat total time : 4434 ms = 4.43 s
Nov 18, 2021 6:52:14 AM uk.ac.ox.cs.gsat.SaturationStatistics log
INFO: Subsumed elements : 536
Nov 18, 2021 6:52:14 AM uk.ac.ox.cs.gsat.SaturationStatistics log
INFO: Filter discarded elements : 352767
Nov 18, 2021 6:52:14 AM uk.ac.ox.cs.gsat.SaturationStatistics log
INFO: subsumption time: 117 ms = 0.12 s
Nov 18, 2021 6:52:14 AM uk.ac.ox.cs.gsat.SaturationStatistics log
INFO: forward subsumption time: 91 ms = 0.09 s
Nov 18, 2021 6:52:14 AM uk.ac.ox.cs.gsat.SaturationStatistics log
INFO: backward subsumption time: 26 ms = 0.03 s
Nov 18, 2021 6:52:14 AM uk.ac.ox.cs.gsat.SaturationStatistics log
INFO: Derived full/non full TGDs: 286 , 1587
Nov 18, 2021 6:52:14 AM uk.ac.ox.cs.gsat.SaturationStatistics log
INFO: discarded tautology count: 73
Nov 18, 2021 6:52:14 AM uk.ac.ox.cs.gsat.HyperResolutionStatistics log
INFO: hyperresolution time: 3938 ms = 3.94 s
Nov 18, 2021 6:52:14 AM uk.ac.ox.cs.gsat.HyperResolutionStatistics log
INFO: hyperresolution count: 60155
Nov 18, 2021 6:52:14 AM uk.ac.ox.cs.gsat.HyperResolutionStatistics log
INFO: hyperresolution failure count: 58195
Nov 18, 2021 6:52:14 AM uk.ac.ox.cs.gsat.AbstractSaturation run
INFO: ouptput full TGDs not contained in the input: 139
Nov 18, 2021 6:52:14 AM uk.ac.ox.cs.gsat.App executeAllSteps
INFO: Rewriting completed!
Full TGD saturation: (2227 dependecies)
Nov 18, 2021 6:52:14 AM uk.ac.ox.cs.gsat.App executeAllSteps
INFO: Writing the saturation in the Datalog file 00504.rul
