Starting Saturation...
Executing from DLGP files
SLF4J: Failed to load class "org.slf4j.impl.StaticLoggerBinder".
SLF4J: Defaulting to no-operation (NOP) logger implementation
SLF4J: See http://www.slf4j.org/codes.html#StaticLoggerBinder for further details.
# Rules: 1013; # Atoms: 0; # AtomSets: 0; # Queries: 0; # Constraints: 0
Full TGD saturation algorithm: hyperresolution Sat
Running HyperSat...
Nov 18, 2021 11:23:05 AM uk.ac.ox.cs.gsat.AbstractSaturation run
INFO: HyperSat discarded rules : 0/1013 = 0.000%
HyperSat discarded rules : 0/1013 = 0.000%
Nov 18, 2021 11:23:05 AM uk.ac.ox.cs.gsat.AbstractSaturation run
INFO: Subsumption method : tree_predicate
length of the formulas: 4.710214
number of bags: 3
length of the formulas: 4.710214
number of bags: 3
Nov 18, 2021 11:34:05 AM uk.ac.ox.cs.gsat.SaturationStatistics log
INFO: # initial TGDs: 3162 , 803
Nov 18, 2021 11:34:05 AM uk.ac.ox.cs.gsat.SaturationStatistics log
INFO: HyperSat total time : 660589 ms = 660.59 s
Nov 18, 2021 11:34:05 AM uk.ac.ox.cs.gsat.SaturationStatistics log
INFO: Subsumed elements : 114278
Nov 18, 2021 11:34:05 AM uk.ac.ox.cs.gsat.SaturationStatistics log
INFO: Filter discarded elements : 21337790
Nov 18, 2021 11:34:05 AM uk.ac.ox.cs.gsat.SaturationStatistics log
INFO: subsumption time: 2217 ms = 2.22 s
Nov 18, 2021 11:34:05 AM uk.ac.ox.cs.gsat.SaturationStatistics log
INFO: forward subsumption time: 2045 ms = 2.05 s
Nov 18, 2021 11:34:05 AM uk.ac.ox.cs.gsat.SaturationStatistics log
INFO: backward subsumption time: 172 ms = 0.17 s
Nov 18, 2021 11:34:05 AM uk.ac.ox.cs.gsat.SaturationStatistics log
INFO: Derived full/non full TGDs: 1087 , 119210
Nov 18, 2021 11:34:05 AM uk.ac.ox.cs.gsat.SaturationStatistics log
INFO: discarded tautology count: 236
Nov 18, 2021 11:34:05 AM uk.ac.ox.cs.gsat.SaturationStatistics log
INFO: !!! TIME OUT !!!
Nov 18, 2021 11:34:05 AM uk.ac.ox.cs.gsat.HyperResolutionStatistics log
INFO: hyperresolution time: 657432 ms = 657.43 s
Nov 18, 2021 11:34:05 AM uk.ac.ox.cs.gsat.HyperResolutionStatistics log
INFO: hyperresolution count: 244337
Nov 18, 2021 11:34:05 AM uk.ac.ox.cs.gsat.HyperResolutionStatistics log
INFO: hyperresolution failure count: 229306
Nov 18, 2021 11:34:05 AM uk.ac.ox.cs.gsat.AbstractSaturation run
INFO: ouptput full TGDs not contained in the input: 183
Nov 18, 2021 11:34:05 AM uk.ac.ox.cs.gsat.App executeAllSteps
INFO: Rewriting completed!
Full TGD saturation: (3345 dependecies)
Nov 18, 2021 11:34:05 AM uk.ac.ox.cs.gsat.App executeAllSteps
INFO: Writing the saturation in the Datalog file 00624.rul
