Starting Saturation...
Executing from DLGP files
SLF4J: Failed to load class "org.slf4j.impl.StaticLoggerBinder".
SLF4J: Defaulting to no-operation (NOP) logger implementation
SLF4J: See http://www.slf4j.org/codes.html#StaticLoggerBinder for further details.
# Rules: 10550; # Atoms: 0; # AtomSets: 0; # Queries: 0; # Constraints: 0
Full TGD saturation algorithm: hyperresolution Sat
Running HyperSat...
Nov 18, 2021 2:43:40 PM uk.ac.ox.cs.gsat.AbstractSaturation run
INFO: HyperSat discarded rules : 0/10550 = 0.000%
HyperSat discarded rules : 0/10550 = 0.000%
Nov 18, 2021 2:43:43 PM uk.ac.ox.cs.gsat.AbstractSaturation run
INFO: Subsumption method : tree_predicate
length of the formulas: 4.4669795
number of bags: 6
length of the formulas: 4.4669795
number of bags: 6
Nov 18, 2021 2:44:42 PM uk.ac.ox.cs.gsat.SaturationStatistics log
INFO: # initial TGDs: 10036 , 37238
Nov 18, 2021 2:44:42 PM uk.ac.ox.cs.gsat.SaturationStatistics log
INFO: HyperSat total time : 61758 ms = 61.76 s
Nov 18, 2021 2:44:42 PM uk.ac.ox.cs.gsat.SaturationStatistics log
INFO: Subsumed elements : 490
Nov 18, 2021 2:44:42 PM uk.ac.ox.cs.gsat.SaturationStatistics log
INFO: Filter discarded elements : 19044708
Nov 18, 2021 2:44:42 PM uk.ac.ox.cs.gsat.SaturationStatistics log
INFO: subsumption time: 7612 ms = 7.61 s
Nov 18, 2021 2:44:42 PM uk.ac.ox.cs.gsat.SaturationStatistics log
INFO: forward subsumption time: 5716 ms = 5.72 s
Nov 18, 2021 2:44:42 PM uk.ac.ox.cs.gsat.SaturationStatistics log
INFO: backward subsumption time: 1897 ms = 1.90 s
Nov 18, 2021 2:44:42 PM uk.ac.ox.cs.gsat.SaturationStatistics log
INFO: Derived full/non full TGDs: 0 , 37291
Nov 18, 2021 2:44:42 PM uk.ac.ox.cs.gsat.SaturationStatistics log
INFO: discarded tautology count: 0
Nov 18, 2021 2:44:42 PM uk.ac.ox.cs.gsat.HyperResolutionStatistics log
INFO: hyperresolution time: 43905 ms = 43.90 s
Nov 18, 2021 2:44:42 PM uk.ac.ox.cs.gsat.HyperResolutionStatistics log
INFO: hyperresolution count: 3938995
Nov 18, 2021 2:44:42 PM uk.ac.ox.cs.gsat.HyperResolutionStatistics log
INFO: hyperresolution failure count: 3901704
Nov 18, 2021 2:44:42 PM uk.ac.ox.cs.gsat.AbstractSaturation run
INFO: ouptput full TGDs not contained in the input: 0
Nov 18, 2021 2:44:42 PM uk.ac.ox.cs.gsat.App executeAllSteps
INFO: Rewriting completed!
Full TGD saturation: (10036 dependecies)
Nov 18, 2021 2:44:42 PM uk.ac.ox.cs.gsat.App executeAllSteps
INFO: Writing the saturation in the Datalog file 00695.rul
