Starting Saturation...
Executing from DLGP files
SLF4J: Failed to load class "org.slf4j.impl.StaticLoggerBinder".
SLF4J: Defaulting to no-operation (NOP) logger implementation
SLF4J: See http://www.slf4j.org/codes.html#StaticLoggerBinder for further details.
# Rules: 435; # Atoms: 0; # AtomSets: 0; # Queries: 0; # Constraints: 0
Full TGD saturation algorithm: hyperresolution Sat
Running HyperSat...
Nov 18, 2021 10:32:08 PM uk.ac.ox.cs.gsat.AbstractSaturation run
INFO: HyperSat discarded rules : 0/435 = 0.000%
HyperSat discarded rules : 0/435 = 0.000%
Nov 18, 2021 10:32:08 PM uk.ac.ox.cs.gsat.AbstractSaturation run
INFO: Subsumption method : tree_predicate
length of the formulas: 4.870831
number of bags: 2
length of the formulas: 4.870831
number of bags: 2
Nov 18, 2021 10:34:07 PM uk.ac.ox.cs.gsat.SaturationStatistics log
INFO: # initial TGDs: 998 , 891
Nov 18, 2021 10:34:07 PM uk.ac.ox.cs.gsat.SaturationStatistics log
INFO: HyperSat total time : 119317 ms = 119.32 s
Nov 18, 2021 10:34:07 PM uk.ac.ox.cs.gsat.SaturationStatistics log
INFO: Subsumed elements : 593
Nov 18, 2021 10:34:07 PM uk.ac.ox.cs.gsat.SaturationStatistics log
INFO: Filter discarded elements : 841344
Nov 18, 2021 10:34:07 PM uk.ac.ox.cs.gsat.SaturationStatistics log
INFO: subsumption time: 142 ms = 0.14 s
Nov 18, 2021 10:34:07 PM uk.ac.ox.cs.gsat.SaturationStatistics log
INFO: forward subsumption time: 97 ms = 0.10 s
Nov 18, 2021 10:34:07 PM uk.ac.ox.cs.gsat.SaturationStatistics log
INFO: backward subsumption time: 45 ms = 0.05 s
Nov 18, 2021 10:34:07 PM uk.ac.ox.cs.gsat.SaturationStatistics log
INFO: Derived full/non full TGDs: 733 , 1073
Nov 18, 2021 10:34:07 PM uk.ac.ox.cs.gsat.SaturationStatistics log
INFO: discarded tautology count: 252
Nov 18, 2021 10:34:07 PM uk.ac.ox.cs.gsat.HyperResolutionStatistics log
INFO: hyperresolution time: 118813 ms = 118.81 s
Nov 18, 2021 10:34:07 PM uk.ac.ox.cs.gsat.HyperResolutionStatistics log
INFO: hyperresolution count: 70084
Nov 18, 2021 10:34:07 PM uk.ac.ox.cs.gsat.HyperResolutionStatistics log
INFO: hyperresolution failure count: 68087
Nov 18, 2021 10:34:07 PM uk.ac.ox.cs.gsat.AbstractSaturation run
INFO: ouptput full TGDs not contained in the input: 301
Nov 18, 2021 10:34:07 PM uk.ac.ox.cs.gsat.App executeAllSteps
INFO: Rewriting completed!
Full TGD saturation: (1299 dependecies)
Nov 18, 2021 10:34:07 PM uk.ac.ox.cs.gsat.App executeAllSteps
INFO: Writing the saturation in the Datalog file 00763.rul
