Starting Saturation...
Executing from DLGP files
SLF4J: Failed to load class "org.slf4j.impl.StaticLoggerBinder".
SLF4J: Defaulting to no-operation (NOP) logger implementation
SLF4J: See http://www.slf4j.org/codes.html#StaticLoggerBinder for further details.
# Rules: 390; # Atoms: 0; # AtomSets: 0; # Queries: 0; # Constraints: 0
Full TGD saturation algorithm: hyperresolution Sat
Running HyperSat...
Nov 18, 2021 11:30:01 PM uk.ac.ox.cs.gsat.AbstractSaturation run
INFO: HyperSat discarded rules : 0/390 = 0.000%
HyperSat discarded rules : 0/390 = 0.000%
Nov 18, 2021 11:30:01 PM uk.ac.ox.cs.gsat.AbstractSaturation run
INFO: Subsumption method : tree_predicate
length of the formulas: 5.3646045
number of bags: 2
length of the formulas: 5.3646045
number of bags: 2
Nov 18, 2021 11:40:13 PM uk.ac.ox.cs.gsat.SaturationStatistics log
INFO: # initial TGDs: 1517 , 924
Nov 18, 2021 11:40:13 PM uk.ac.ox.cs.gsat.SaturationStatistics log
INFO: HyperSat total time : 612636 ms = 612.64 s
Nov 18, 2021 11:40:13 PM uk.ac.ox.cs.gsat.SaturationStatistics log
INFO: Subsumed elements : 47586
Nov 18, 2021 11:40:13 PM uk.ac.ox.cs.gsat.SaturationStatistics log
INFO: Filter discarded elements : 58031101
Nov 18, 2021 11:40:13 PM uk.ac.ox.cs.gsat.SaturationStatistics log
INFO: subsumption time: 7993 ms = 7.99 s
Nov 18, 2021 11:40:13 PM uk.ac.ox.cs.gsat.SaturationStatistics log
INFO: forward subsumption time: 7198 ms = 7.20 s
Nov 18, 2021 11:40:13 PM uk.ac.ox.cs.gsat.SaturationStatistics log
INFO: backward subsumption time: 795 ms = 0.79 s
Nov 18, 2021 11:40:13 PM uk.ac.ox.cs.gsat.SaturationStatistics log
INFO: Derived full/non full TGDs: 6770 , 48555
Nov 18, 2021 11:40:13 PM uk.ac.ox.cs.gsat.SaturationStatistics log
INFO: discarded tautology count: 570
Nov 18, 2021 11:40:13 PM uk.ac.ox.cs.gsat.SaturationStatistics log
INFO: !!! TIME OUT !!!
Nov 18, 2021 11:40:13 PM uk.ac.ox.cs.gsat.HyperResolutionStatistics log
INFO: hyperresolution time: 603098 ms = 603.10 s
Nov 18, 2021 11:40:13 PM uk.ac.ox.cs.gsat.HyperResolutionStatistics log
INFO: hyperresolution count: 673860
Nov 18, 2021 11:40:13 PM uk.ac.ox.cs.gsat.HyperResolutionStatistics log
INFO: hyperresolution failure count: 622489
Nov 18, 2021 11:40:13 PM uk.ac.ox.cs.gsat.AbstractSaturation run
INFO: ouptput full TGDs not contained in the input: 876
Nov 18, 2021 11:40:13 PM uk.ac.ox.cs.gsat.App executeAllSteps
INFO: Rewriting completed!
Full TGD saturation: (2393 dependecies)
Nov 18, 2021 11:40:13 PM uk.ac.ox.cs.gsat.App executeAllSteps
INFO: Writing the saturation in the Datalog file 00775.rul
