Starting Saturation...
Executing from OWL files with structural transformation
Initial axioms in the ontology: 0
Full TGD saturation algorithm: Skolem Sat
Running SkSat...
Nov 23, 2021 4:32:37 AM uk.ac.ox.cs.gsat.AbstractSaturation run
INFO: SkSat discarded rules : 0/0 = NaN%
SkSat discarded rules : 0/0 = NaN%
Nov 23, 2021 4:32:37 AM uk.ac.ox.cs.gsat.AbstractSaturation run
INFO: Subsumption method : disabled
Nov 23, 2021 4:32:37 AM uk.ac.ox.cs.gsat.SaturationStatistics log
INFO: # initial TGDs: 0 , 0
Nov 23, 2021 4:32:37 AM uk.ac.ox.cs.gsat.SaturationStatistics log
INFO: SkSat total time : 4 ms = 0.00 s
Nov 23, 2021 4:32:37 AM uk.ac.ox.cs.gsat.SaturationStatistics log
INFO: Subsumed elements : 0
Nov 23, 2021 4:32:37 AM uk.ac.ox.cs.gsat.SaturationStatistics log
INFO: Filter discarded elements : 0
Nov 23, 2021 4:32:37 AM uk.ac.ox.cs.gsat.SaturationStatistics log
INFO: subsumption time: 0 ms = 0.00 s
Nov 23, 2021 4:32:37 AM uk.ac.ox.cs.gsat.SaturationStatistics log
INFO: forward subsumption time: 0 ms = 0.00 s
Nov 23, 2021 4:32:37 AM uk.ac.ox.cs.gsat.SaturationStatistics log
INFO: backward subsumption time: 0 ms = 0.00 s
Nov 23, 2021 4:32:37 AM uk.ac.ox.cs.gsat.SaturationStatistics log
INFO: Derived full/non full TGDs: 0 , 0
Nov 23, 2021 4:32:37 AM uk.ac.ox.cs.gsat.SaturationStatistics log
INFO: discarded tautology count: 0
Nov 23, 2021 4:32:37 AM uk.ac.ox.cs.gsat.EvolveStatistics log
INFO: Stop because subsumed: 0
Nov 23, 2021 4:32:37 AM uk.ac.ox.cs.gsat.EvolveStatistics log
INFO: evolved equals to current: 0
Nov 23, 2021 4:32:37 AM uk.ac.ox.cs.gsat.EvolveStatistics log
INFO: evolved time: 0 ms = 0.00 s
Nov 23, 2021 4:32:37 AM uk.ac.ox.cs.gsat.EvolveStatistics log
INFO: evolve count: 0
Nov 23, 2021 4:32:37 AM uk.ac.ox.cs.gsat.SkolemStatistics log
INFO: maximum number of Skolem atoms in body: 0
Nov 23, 2021 4:32:37 AM uk.ac.ox.cs.gsat.SkolemStatistics log
INFO: left derived TGD with Skolem in the body: 0
Nov 23, 2021 4:32:37 AM uk.ac.ox.cs.gsat.SkolemStatistics log
INFO: right derived TGD with Skolem in the body: 0
Nov 23, 2021 4:32:37 AM uk.ac.ox.cs.gsat.SkolemStatistics log
INFO: derived TGD with more than two Skolem atoms in the body: 0
Nov 23, 2021 4:32:37 AM uk.ac.ox.cs.gsat.AbstractSaturation run
INFO: ouptput full TGDs not contained in the input: 0
Nov 23, 2021 4:32:37 AM uk.ac.ox.cs.gsat.App executeAllSteps
INFO: Rewriting completed!
Full TGD saturation: (0 dependecies)
Nov 23, 2021 4:32:37 AM uk.ac.ox.cs.gsat.App executeAllSteps
INFO: Writing the saturation in the Datalog file 00121.rul
