Starting Saturation...
Executing from OWL files with structural transformation
Initial axioms in the ontology: 1449
Full TGD saturation algorithm: Skolem Sat
Running SkSat...
Nov 23, 2021 5:41:42 AM uk.ac.ox.cs.gsat.AbstractSaturation run
INFO: SkSat discarded rules : 0/1625 = 0.000%
SkSat discarded rules : 0/1625 = 0.000%
Nov 23, 2021 5:41:42 AM uk.ac.ox.cs.gsat.AbstractSaturation run
INFO: Subsumption method : disabled
nonFullTGDs	0		fullTGDs	1349			newNonFullTGDs	276		newFullTGDs	0
nonFullTGDs	94		fullTGDs	1349			newNonFullTGDs	255		newFullTGDs	0
nonFullTGDs	191		fullTGDs	1349			newNonFullTGDs	230		newFullTGDs	0
nonFullTGDs	288		fullTGDs	1349			newNonFullTGDs	204		newFullTGDs	0
nonFullTGDs	383		fullTGDs	1349			newNonFullTGDs	184		newFullTGDs	0
nonFullTGDs	476		fullTGDs	1349			newNonFullTGDs	160		newFullTGDs	0
nonFullTGDs	570		fullTGDs	1349			newNonFullTGDs	132		newFullTGDs	0
nonFullTGDs	655		fullTGDs	1349			newNonFullTGDs	119		newFullTGDs	0
nonFullTGDs	748		fullTGDs	1349			newNonFullTGDs	93		newFullTGDs	0
nonFullTGDs	846		fullTGDs	1349			newNonFullTGDs	68		newFullTGDs	0
nonFullTGDs	945		fullTGDs	1349			newNonFullTGDs	44		newFullTGDs	0
nonFullTGDs	1041		fullTGDs	1349			newNonFullTGDs	24		newFullTGDs	0
nonFullTGDs	1141		fullTGDs	1349			newNonFullTGDs	4		newFullTGDs	0
Nov 23, 2021 5:41:43 AM uk.ac.ox.cs.gsat.SaturationStatistics log
INFO: # initial TGDs: 1349 , 276
Nov 23, 2021 5:41:43 AM uk.ac.ox.cs.gsat.SaturationStatistics log
INFO: SkSat total time : 170 ms = 0.17 s
Nov 23, 2021 5:41:43 AM uk.ac.ox.cs.gsat.SaturationStatistics log
INFO: Subsumed elements : 0
Nov 23, 2021 5:41:43 AM uk.ac.ox.cs.gsat.SaturationStatistics log
INFO: Filter discarded elements : 0
Nov 23, 2021 5:41:43 AM uk.ac.ox.cs.gsat.SaturationStatistics log
INFO: subsumption time: 0 ms = 0.00 s
Nov 23, 2021 5:41:43 AM uk.ac.ox.cs.gsat.SaturationStatistics log
INFO: forward subsumption time: 0 ms = 0.00 s
Nov 23, 2021 5:41:43 AM uk.ac.ox.cs.gsat.SaturationStatistics log
INFO: backward subsumption time: 0 ms = 0.00 s
Nov 23, 2021 5:41:43 AM uk.ac.ox.cs.gsat.SaturationStatistics log
INFO: Derived full/non full TGDs: 0 , 953
Nov 23, 2021 5:41:43 AM uk.ac.ox.cs.gsat.SaturationStatistics log
INFO: discarded tautology count: 0
Nov 23, 2021 5:41:43 AM uk.ac.ox.cs.gsat.EvolveStatistics log
INFO: Stop because subsumed: 0
Nov 23, 2021 5:41:43 AM uk.ac.ox.cs.gsat.EvolveStatistics log
INFO: evolved equals to current: 0
Nov 23, 2021 5:41:43 AM uk.ac.ox.cs.gsat.EvolveStatistics log
INFO: evolved time: 25 ms = 0.02 s
Nov 23, 2021 5:41:43 AM uk.ac.ox.cs.gsat.EvolveStatistics log
INFO: evolve count: 1362
Nov 23, 2021 5:41:43 AM uk.ac.ox.cs.gsat.SkolemStatistics log
INFO: maximum number of Skolem atoms in body: 0
Nov 23, 2021 5:41:43 AM uk.ac.ox.cs.gsat.SkolemStatistics log
INFO: left derived TGD with Skolem in the body: 0
Nov 23, 2021 5:41:43 AM uk.ac.ox.cs.gsat.SkolemStatistics log
INFO: right derived TGD with Skolem in the body: 0
Nov 23, 2021 5:41:43 AM uk.ac.ox.cs.gsat.SkolemStatistics log
INFO: derived TGD with more than two Skolem atoms in the body: 0
Nov 23, 2021 5:41:43 AM uk.ac.ox.cs.gsat.AbstractSaturation run
INFO: ouptput full TGDs not contained in the input: 0
Nov 23, 2021 5:41:43 AM uk.ac.ox.cs.gsat.App executeAllSteps
INFO: Rewriting completed!
Full TGD saturation: (1349 dependecies)
Nov 23, 2021 5:41:43 AM uk.ac.ox.cs.gsat.App executeAllSteps
INFO: Writing the saturation in the Datalog file 00411.rul
