Starting Saturation...
Executing from OWL files with structural transformation
Initial axioms in the ontology: 2727
Full TGD saturation algorithm: Skolem Sat
Running SkSat...
Nov 23, 2021 7:15:26 AM uk.ac.ox.cs.gsat.AbstractSaturation run
INFO: SkSat discarded rules : 0/3567 = 0.000%
SkSat discarded rules : 0/3567 = 0.000%
Nov 23, 2021 7:15:26 AM uk.ac.ox.cs.gsat.AbstractSaturation run
INFO: Subsumption method : disabled
nonFullTGDs	0		fullTGDs	2487			newNonFullTGDs	1080		newFullTGDs	0
nonFullTGDs	100		fullTGDs	2487			newNonFullTGDs	1022		newFullTGDs	0
nonFullTGDs	199		fullTGDs	2487			newNonFullTGDs	967		newFullTGDs	0
nonFullTGDs	298		fullTGDs	2487			newNonFullTGDs	918		newFullTGDs	0
nonFullTGDs	398		fullTGDs	2487			newNonFullTGDs	852		newFullTGDs	0
nonFullTGDs	498		fullTGDs	2487			newNonFullTGDs	799		newFullTGDs	0
nonFullTGDs	598		fullTGDs	2487			newNonFullTGDs	751		newFullTGDs	0
nonFullTGDs	698		fullTGDs	2487			newNonFullTGDs	701		newFullTGDs	0
nonFullTGDs	798		fullTGDs	2487			newNonFullTGDs	651		newFullTGDs	0
nonFullTGDs	898		fullTGDs	2487			newNonFullTGDs	587		newFullTGDs	0
nonFullTGDs	998		fullTGDs	2487			newNonFullTGDs	533		newFullTGDs	0
nonFullTGDs	1097		fullTGDs	2487			newNonFullTGDs	474		newFullTGDs	0
nonFullTGDs	1197		fullTGDs	2487			newNonFullTGDs	405		newFullTGDs	0
nonFullTGDs	1297		fullTGDs	2487			newNonFullTGDs	350		newFullTGDs	0
nonFullTGDs	1397		fullTGDs	2487			newNonFullTGDs	274		newFullTGDs	0
nonFullTGDs	1497		fullTGDs	2487			newNonFullTGDs	186		newFullTGDs	0
nonFullTGDs	1597		fullTGDs	2487			newNonFullTGDs	163		newFullTGDs	0
nonFullTGDs	1696		fullTGDs	2487			newNonFullTGDs	156		newFullTGDs	0
nonFullTGDs	1791		fullTGDs	2487			newNonFullTGDs	151		newFullTGDs	0
nonFullTGDs	1886		fullTGDs	2487			newNonFullTGDs	98		newFullTGDs	0
nonFullTGDs	1986		fullTGDs	2487			newNonFullTGDs	39		newFullTGDs	0
nonFullTGDs	2086		fullTGDs	2487			newNonFullTGDs	7		newFullTGDs	0
Nov 23, 2021 7:15:27 AM uk.ac.ox.cs.gsat.SaturationStatistics log
INFO: # initial TGDs: 2487 , 1080
Nov 23, 2021 7:15:27 AM uk.ac.ox.cs.gsat.SaturationStatistics log
INFO: SkSat total time : 255 ms = 0.25 s
Nov 23, 2021 7:15:27 AM uk.ac.ox.cs.gsat.SaturationStatistics log
INFO: Subsumed elements : 0
Nov 23, 2021 7:15:27 AM uk.ac.ox.cs.gsat.SaturationStatistics log
INFO: Filter discarded elements : 0
Nov 23, 2021 7:15:27 AM uk.ac.ox.cs.gsat.SaturationStatistics log
INFO: subsumption time: 0 ms = 0.00 s
Nov 23, 2021 7:15:27 AM uk.ac.ox.cs.gsat.SaturationStatistics log
INFO: forward subsumption time: 0 ms = 0.00 s
Nov 23, 2021 7:15:27 AM uk.ac.ox.cs.gsat.SaturationStatistics log
INFO: backward subsumption time: 0 ms = 0.00 s
Nov 23, 2021 7:15:27 AM uk.ac.ox.cs.gsat.SaturationStatistics log
INFO: Derived full/non full TGDs: 0 , 1032
Nov 23, 2021 7:15:27 AM uk.ac.ox.cs.gsat.SaturationStatistics log
INFO: discarded tautology count: 0
Nov 23, 2021 7:15:27 AM uk.ac.ox.cs.gsat.EvolveStatistics log
INFO: Stop because subsumed: 0
Nov 23, 2021 7:15:27 AM uk.ac.ox.cs.gsat.EvolveStatistics log
INFO: evolved equals to current: 0
Nov 23, 2021 7:15:27 AM uk.ac.ox.cs.gsat.EvolveStatistics log
INFO: evolved time: 34 ms = 0.03 s
Nov 23, 2021 7:15:27 AM uk.ac.ox.cs.gsat.EvolveStatistics log
INFO: evolve count: 1823
Nov 23, 2021 7:15:27 AM uk.ac.ox.cs.gsat.SkolemStatistics log
INFO: maximum number of Skolem atoms in body: 0
Nov 23, 2021 7:15:27 AM uk.ac.ox.cs.gsat.SkolemStatistics log
INFO: left derived TGD with Skolem in the body: 0
Nov 23, 2021 7:15:27 AM uk.ac.ox.cs.gsat.SkolemStatistics log
INFO: right derived TGD with Skolem in the body: 0
Nov 23, 2021 7:15:27 AM uk.ac.ox.cs.gsat.SkolemStatistics log
INFO: derived TGD with more than two Skolem atoms in the body: 0
Nov 23, 2021 7:15:27 AM uk.ac.ox.cs.gsat.AbstractSaturation run
INFO: ouptput full TGDs not contained in the input: 0
Nov 23, 2021 7:15:27 AM uk.ac.ox.cs.gsat.App executeAllSteps
INFO: Rewriting completed!
Full TGD saturation: (2487 dependecies)
Nov 23, 2021 7:15:27 AM uk.ac.ox.cs.gsat.App executeAllSteps
INFO: Writing the saturation in the Datalog file 00546.rul
