Starting Saturation...
Executing from OWL files with structural transformation
Initial axioms in the ontology: 1058
Full TGD saturation algorithm: Skolem Sat
Running SkSat...
Nov 23, 2021 7:18:05 AM uk.ac.ox.cs.gsat.AbstractSaturation run
INFO: SkSat discarded rules : 0/1112 = 0.000%
SkSat discarded rules : 0/1112 = 0.000%
Nov 23, 2021 7:18:05 AM uk.ac.ox.cs.gsat.AbstractSaturation run
INFO: Subsumption method : disabled
nonFullTGDs	0		fullTGDs	1046			newNonFullTGDs	66		newFullTGDs	0
nonFullTGDs	100		fullTGDs	1046			newNonFullTGDs	23		newFullTGDs	0
Nov 23, 2021 7:18:05 AM uk.ac.ox.cs.gsat.SaturationStatistics log
INFO: # initial TGDs: 1046 , 66
Nov 23, 2021 7:18:05 AM uk.ac.ox.cs.gsat.SaturationStatistics log
INFO: SkSat total time : 107 ms = 0.11 s
Nov 23, 2021 7:18:05 AM uk.ac.ox.cs.gsat.SaturationStatistics log
INFO: Subsumed elements : 0
Nov 23, 2021 7:18:05 AM uk.ac.ox.cs.gsat.SaturationStatistics log
INFO: Filter discarded elements : 0
Nov 23, 2021 7:18:05 AM uk.ac.ox.cs.gsat.SaturationStatistics log
INFO: subsumption time: 0 ms = 0.00 s
Nov 23, 2021 7:18:05 AM uk.ac.ox.cs.gsat.SaturationStatistics log
INFO: forward subsumption time: 0 ms = 0.00 s
Nov 23, 2021 7:18:05 AM uk.ac.ox.cs.gsat.SaturationStatistics log
INFO: backward subsumption time: 0 ms = 0.00 s
Nov 23, 2021 7:18:05 AM uk.ac.ox.cs.gsat.SaturationStatistics log
INFO: Derived full/non full TGDs: 0 , 130
Nov 23, 2021 7:18:05 AM uk.ac.ox.cs.gsat.SaturationStatistics log
INFO: discarded tautology count: 0
Nov 23, 2021 7:18:05 AM uk.ac.ox.cs.gsat.EvolveStatistics log
INFO: Stop because subsumed: 0
Nov 23, 2021 7:18:05 AM uk.ac.ox.cs.gsat.EvolveStatistics log
INFO: evolved equals to current: 0
Nov 23, 2021 7:18:05 AM uk.ac.ox.cs.gsat.EvolveStatistics log
INFO: evolved time: 7 ms = 0.01 s
Nov 23, 2021 7:18:05 AM uk.ac.ox.cs.gsat.EvolveStatistics log
INFO: evolve count: 164
Nov 23, 2021 7:18:05 AM uk.ac.ox.cs.gsat.SkolemStatistics log
INFO: maximum number of Skolem atoms in body: 0
Nov 23, 2021 7:18:05 AM uk.ac.ox.cs.gsat.SkolemStatistics log
INFO: left derived TGD with Skolem in the body: 0
Nov 23, 2021 7:18:05 AM uk.ac.ox.cs.gsat.SkolemStatistics log
INFO: right derived TGD with Skolem in the body: 0
Nov 23, 2021 7:18:05 AM uk.ac.ox.cs.gsat.SkolemStatistics log
INFO: derived TGD with more than two Skolem atoms in the body: 0
Nov 23, 2021 7:18:05 AM uk.ac.ox.cs.gsat.AbstractSaturation run
INFO: ouptput full TGDs not contained in the input: 0
Nov 23, 2021 7:18:05 AM uk.ac.ox.cs.gsat.App executeAllSteps
INFO: Rewriting completed!
Full TGD saturation: (1046 dependecies)
Nov 23, 2021 7:18:05 AM uk.ac.ox.cs.gsat.App executeAllSteps
INFO: Writing the saturation in the Datalog file 00563.rul
