Starting Saturation...
Executing from OWL files with structural transformation
Initial axioms in the ontology: 297
Full TGD saturation algorithm: Skolem Sat
Running SkSat...
Nov 23, 2021 7:25:52 AM uk.ac.ox.cs.gsat.AbstractSaturation run
INFO: SkSat discarded rules : 0/488 = 0.000%
SkSat discarded rules : 0/488 = 0.000%
Nov 23, 2021 7:25:52 AM uk.ac.ox.cs.gsat.AbstractSaturation run
INFO: Subsumption method : disabled
nonFullTGDs	0		fullTGDs	282			newNonFullTGDs	132		newFullTGDs	0
nonFullTGDs	87		fullTGDs	282			newNonFullTGDs	64		newFullTGDs	279
nonFullTGDs	171		fullTGDs	282			newNonFullTGDs	0		newFullTGDs	484
nonFullTGDs	171		fullTGDs	354			newNonFullTGDs	0		newFullTGDs	387
nonFullTGDs	171		fullTGDs	454			newNonFullTGDs	0		newFullTGDs	294
nonFullTGDs	171		fullTGDs	554			newNonFullTGDs	0		newFullTGDs	194
nonFullTGDs	171		fullTGDs	654			newNonFullTGDs	0		newFullTGDs	94
Nov 23, 2021 7:25:52 AM uk.ac.ox.cs.gsat.SaturationStatistics log
INFO: # initial TGDs: 282 , 132
Nov 23, 2021 7:25:52 AM uk.ac.ox.cs.gsat.SaturationStatistics log
INFO: SkSat total time : 127 ms = 0.13 s
Nov 23, 2021 7:25:52 AM uk.ac.ox.cs.gsat.SaturationStatistics log
INFO: Subsumed elements : 0
Nov 23, 2021 7:25:52 AM uk.ac.ox.cs.gsat.SaturationStatistics log
INFO: Filter discarded elements : 0
Nov 23, 2021 7:25:52 AM uk.ac.ox.cs.gsat.SaturationStatistics log
INFO: subsumption time: 0 ms = 0.00 s
Nov 23, 2021 7:25:52 AM uk.ac.ox.cs.gsat.SaturationStatistics log
INFO: forward subsumption time: 0 ms = 0.00 s
Nov 23, 2021 7:25:52 AM uk.ac.ox.cs.gsat.SaturationStatistics log
INFO: backward subsumption time: 0 ms = 0.00 s
Nov 23, 2021 7:25:52 AM uk.ac.ox.cs.gsat.SaturationStatistics log
INFO: Derived full/non full TGDs: 525 , 68
Nov 23, 2021 7:25:52 AM uk.ac.ox.cs.gsat.SaturationStatistics log
INFO: discarded tautology count: 31
Nov 23, 2021 7:25:52 AM uk.ac.ox.cs.gsat.EvolveStatistics log
INFO: Stop because subsumed: 10
Nov 23, 2021 7:25:52 AM uk.ac.ox.cs.gsat.EvolveStatistics log
INFO: evolved equals to current: 0
Nov 23, 2021 7:25:52 AM uk.ac.ox.cs.gsat.EvolveStatistics log
INFO: evolved time: 29 ms = 0.03 s
Nov 23, 2021 7:25:52 AM uk.ac.ox.cs.gsat.EvolveStatistics log
INFO: evolve count: 634
Nov 23, 2021 7:25:52 AM uk.ac.ox.cs.gsat.SkolemStatistics log
INFO: maximum number of Skolem atoms in body: 1
Nov 23, 2021 7:25:52 AM uk.ac.ox.cs.gsat.SkolemStatistics log
INFO: left derived TGD with Skolem in the body: 0
Nov 23, 2021 7:25:52 AM uk.ac.ox.cs.gsat.SkolemStatistics log
INFO: right derived TGD with Skolem in the body: 486
Nov 23, 2021 7:25:52 AM uk.ac.ox.cs.gsat.SkolemStatistics log
INFO: derived TGD with more than two Skolem atoms in the body: 0
Nov 23, 2021 7:25:52 AM uk.ac.ox.cs.gsat.AbstractSaturation run
INFO: ouptput full TGDs not contained in the input: 10
Nov 23, 2021 7:25:52 AM uk.ac.ox.cs.gsat.App executeAllSteps
INFO: Rewriting completed!
Full TGD saturation: (292 dependecies)
Nov 23, 2021 7:25:52 AM uk.ac.ox.cs.gsat.App executeAllSteps
INFO: Writing the saturation in the Datalog file 00638.rul
