Starting Saturation...
Executing from OWL files with structural transformation
Initial axioms in the ontology: 4833
Full TGD saturation algorithm: Skolem Sat
Running SkSat...
Nov 23, 2021 7:26:38 AM uk.ac.ox.cs.gsat.AbstractSaturation run
INFO: SkSat discarded rules : 0/6303 = 0.000%
SkSat discarded rules : 0/6303 = 0.000%
Nov 23, 2021 7:26:38 AM uk.ac.ox.cs.gsat.AbstractSaturation run
INFO: Subsumption method : disabled
nonFullTGDs	0		fullTGDs	4347			newNonFullTGDs	1956		newFullTGDs	0
nonFullTGDs	100		fullTGDs	4347			newNonFullTGDs	1921		newFullTGDs	0
nonFullTGDs	198		fullTGDs	4347			newNonFullTGDs	1882		newFullTGDs	0
nonFullTGDs	298		fullTGDs	4347			newNonFullTGDs	1837		newFullTGDs	0
nonFullTGDs	397		fullTGDs	4347			newNonFullTGDs	1791		newFullTGDs	0
nonFullTGDs	497		fullTGDs	4347			newNonFullTGDs	1748		newFullTGDs	0
nonFullTGDs	597		fullTGDs	4347			newNonFullTGDs	1703		newFullTGDs	0
nonFullTGDs	696		fullTGDs	4347			newNonFullTGDs	1665		newFullTGDs	0
nonFullTGDs	794		fullTGDs	4347			newNonFullTGDs	1627		newFullTGDs	0
nonFullTGDs	892		fullTGDs	4347			newNonFullTGDs	1587		newFullTGDs	0
nonFullTGDs	990		fullTGDs	4347			newNonFullTGDs	1558		newFullTGDs	0
nonFullTGDs	1087		fullTGDs	4347			newNonFullTGDs	1522		newFullTGDs	0
nonFullTGDs	1187		fullTGDs	4347			newNonFullTGDs	1483		newFullTGDs	0
nonFullTGDs	1285		fullTGDs	4347			newNonFullTGDs	1444		newFullTGDs	0
nonFullTGDs	1384		fullTGDs	4347			newNonFullTGDs	1407		newFullTGDs	0
nonFullTGDs	1483		fullTGDs	4347			newNonFullTGDs	1369		newFullTGDs	0
nonFullTGDs	1579		fullTGDs	4347			newNonFullTGDs	1338		newFullTGDs	0
nonFullTGDs	1677		fullTGDs	4347			newNonFullTGDs	1297		newFullTGDs	0
nonFullTGDs	1775		fullTGDs	4347			newNonFullTGDs	1259		newFullTGDs	0
nonFullTGDs	1874		fullTGDs	4347			newNonFullTGDs	1214		newFullTGDs	0
nonFullTGDs	1972		fullTGDs	4347			newNonFullTGDs	1175		newFullTGDs	0
nonFullTGDs	2071		fullTGDs	4347			newNonFullTGDs	1135		newFullTGDs	0
nonFullTGDs	2170		fullTGDs	4347			newNonFullTGDs	1106		newFullTGDs	0
nonFullTGDs	2266		fullTGDs	4347			newNonFullTGDs	1076		newFullTGDs	0
nonFullTGDs	2364		fullTGDs	4347			newNonFullTGDs	1037		newFullTGDs	0
nonFullTGDs	2463		fullTGDs	4347			newNonFullTGDs	995		newFullTGDs	0
nonFullTGDs	2563		fullTGDs	4347			newNonFullTGDs	949		newFullTGDs	0
nonFullTGDs	2662		fullTGDs	4347			newNonFullTGDs	889		newFullTGDs	0
nonFullTGDs	2760		fullTGDs	4347			newNonFullTGDs	848		newFullTGDs	0
nonFullTGDs	2858		fullTGDs	4347			newNonFullTGDs	813		newFullTGDs	0
nonFullTGDs	2957		fullTGDs	4347			newNonFullTGDs	788		newFullTGDs	0
nonFullTGDs	3055		fullTGDs	4347			newNonFullTGDs	757		newFullTGDs	0
nonFullTGDs	3153		fullTGDs	4347			newNonFullTGDs	710		newFullTGDs	0
nonFullTGDs	3253		fullTGDs	4347			newNonFullTGDs	644		newFullTGDs	0
nonFullTGDs	3351		fullTGDs	4347			newNonFullTGDs	608		newFullTGDs	0
nonFullTGDs	3446		fullTGDs	4347			newNonFullTGDs	579		newFullTGDs	0
nonFullTGDs	3538		fullTGDs	4347			newNonFullTGDs	564		newFullTGDs	0
nonFullTGDs	3626		fullTGDs	4347			newNonFullTGDs	552		newFullTGDs	0
nonFullTGDs	3715		fullTGDs	4347			newNonFullTGDs	532		newFullTGDs	0
nonFullTGDs	3815		fullTGDs	4347			newNonFullTGDs	491		newFullTGDs	0
nonFullTGDs	3914		fullTGDs	4347			newNonFullTGDs	458		newFullTGDs	0
nonFullTGDs	4014		fullTGDs	4347			newNonFullTGDs	425		newFullTGDs	0
nonFullTGDs	4109		fullTGDs	4347			newNonFullTGDs	406		newFullTGDs	0
nonFullTGDs	4208		fullTGDs	4347			newNonFullTGDs	382		newFullTGDs	0
nonFullTGDs	4303		fullTGDs	4347			newNonFullTGDs	362		newFullTGDs	0
nonFullTGDs	4399		fullTGDs	4347			newNonFullTGDs	339		newFullTGDs	0
nonFullTGDs	4491		fullTGDs	4347			newNonFullTGDs	324		newFullTGDs	0
nonFullTGDs	4583		fullTGDs	4347			newNonFullTGDs	308		newFullTGDs	0
nonFullTGDs	4683		fullTGDs	4347			newNonFullTGDs	280		newFullTGDs	0
nonFullTGDs	4782		fullTGDs	4347			newNonFullTGDs	247		newFullTGDs	0
nonFullTGDs	4874		fullTGDs	4347			newNonFullTGDs	223		newFullTGDs	0
nonFullTGDs	4970		fullTGDs	4347			newNonFullTGDs	185		newFullTGDs	0
nonFullTGDs	5070		fullTGDs	4347			newNonFullTGDs	131		newFullTGDs	0
nonFullTGDs	5168		fullTGDs	4347			newNonFullTGDs	83		newFullTGDs	0
nonFullTGDs	5264		fullTGDs	4347			newNonFullTGDs	31		newFullTGDs	0
nonFullTGDs	5356		fullTGDs	4347			newNonFullTGDs	11		newFullTGDs	0
Nov 23, 2021 7:26:38 AM uk.ac.ox.cs.gsat.SaturationStatistics log
INFO: # initial TGDs: 4347 , 1956
Nov 23, 2021 7:26:38 AM uk.ac.ox.cs.gsat.SaturationStatistics log
INFO: SkSat total time : 500 ms = 0.50 s
Nov 23, 2021 7:26:38 AM uk.ac.ox.cs.gsat.SaturationStatistics log
INFO: Subsumed elements : 0
Nov 23, 2021 7:26:38 AM uk.ac.ox.cs.gsat.SaturationStatistics log
INFO: Filter discarded elements : 0
Nov 23, 2021 7:26:38 AM uk.ac.ox.cs.gsat.SaturationStatistics log
INFO: subsumption time: 1 ms = 0.00 s
Nov 23, 2021 7:26:38 AM uk.ac.ox.cs.gsat.SaturationStatistics log
INFO: forward subsumption time: 0 ms = 0.00 s
Nov 23, 2021 7:26:38 AM uk.ac.ox.cs.gsat.SaturationStatistics log
INFO: backward subsumption time: 0 ms = 0.00 s
Nov 23, 2021 7:26:38 AM uk.ac.ox.cs.gsat.SaturationStatistics log
INFO: Derived full/non full TGDs: 0 , 3574
Nov 23, 2021 7:26:38 AM uk.ac.ox.cs.gsat.SaturationStatistics log
INFO: discarded tautology count: 0
Nov 23, 2021 7:26:38 AM uk.ac.ox.cs.gsat.EvolveStatistics log
INFO: Stop because subsumed: 0
Nov 23, 2021 7:26:38 AM uk.ac.ox.cs.gsat.EvolveStatistics log
INFO: evolved equals to current: 0
Nov 23, 2021 7:26:38 AM uk.ac.ox.cs.gsat.EvolveStatistics log
INFO: evolved time: 97 ms = 0.10 s
Nov 23, 2021 7:26:38 AM uk.ac.ox.cs.gsat.EvolveStatistics log
INFO: evolve count: 5663
Nov 23, 2021 7:26:38 AM uk.ac.ox.cs.gsat.SkolemStatistics log
INFO: maximum number of Skolem atoms in body: 0
Nov 23, 2021 7:26:38 AM uk.ac.ox.cs.gsat.SkolemStatistics log
INFO: left derived TGD with Skolem in the body: 0
Nov 23, 2021 7:26:38 AM uk.ac.ox.cs.gsat.SkolemStatistics log
INFO: right derived TGD with Skolem in the body: 0
Nov 23, 2021 7:26:38 AM uk.ac.ox.cs.gsat.SkolemStatistics log
INFO: derived TGD with more than two Skolem atoms in the body: 0
Nov 23, 2021 7:26:38 AM uk.ac.ox.cs.gsat.AbstractSaturation run
INFO: ouptput full TGDs not contained in the input: 0
Nov 23, 2021 7:26:38 AM uk.ac.ox.cs.gsat.App executeAllSteps
INFO: Rewriting completed!
Full TGD saturation: (4347 dependecies)
Nov 23, 2021 7:26:38 AM uk.ac.ox.cs.gsat.App executeAllSteps
INFO: Writing the saturation in the Datalog file 00646.rul
