Starting Saturation...
Executing from OWL files with structural transformation
Initial axioms in the ontology: 18511
Full TGD saturation algorithm: Skolem Sat
Running SkSat...
Nov 23, 2021 8:00:50 AM uk.ac.ox.cs.gsat.AbstractSaturation run
INFO: SkSat discarded rules : 0/25545 = 0.000%
SkSat discarded rules : 0/25545 = 0.000%
Nov 23, 2021 8:00:50 AM uk.ac.ox.cs.gsat.AbstractSaturation run
INFO: Subsumption method : disabled
nonFullTGDs	0		fullTGDs	15645			newNonFullTGDs	9708		newFullTGDs	0
nonFullTGDs	90		fullTGDs	15645			newNonFullTGDs	9651		newFullTGDs	122
nonFullTGDs	187		fullTGDs	15645			newNonFullTGDs	9573		newFullTGDs	122
nonFullTGDs	285		fullTGDs	15645			newNonFullTGDs	9496		newFullTGDs	340
nonFullTGDs	384		fullTGDs	15645			newNonFullTGDs	9419		newFullTGDs	449
nonFullTGDs	480		fullTGDs	15645			newNonFullTGDs	9355		newFullTGDs	558
nonFullTGDs	576		fullTGDs	15645			newNonFullTGDs	9291		newFullTGDs	667
nonFullTGDs	669		fullTGDs	15645			newNonFullTGDs	9232		newFullTGDs	776
nonFullTGDs	763		fullTGDs	15645			newNonFullTGDs	9160		newFullTGDs	1103
nonFullTGDs	862		fullTGDs	15645			newNonFullTGDs	9074		newFullTGDs	1212
nonFullTGDs	958		fullTGDs	15645			newNonFullTGDs	9001		newFullTGDs	1321
nonFullTGDs	1054		fullTGDs	15645			newNonFullTGDs	8927		newFullTGDs	1321
nonFullTGDs	1154		fullTGDs	15645			newNonFullTGDs	8849		newFullTGDs	1334
nonFullTGDs	1247		fullTGDs	15645			newNonFullTGDs	8788		newFullTGDs	1334
nonFullTGDs	1342		fullTGDs	15645			newNonFullTGDs	8726		newFullTGDs	1334
nonFullTGDs	1437		fullTGDs	15645			newNonFullTGDs	8655		newFullTGDs	1661
nonFullTGDs	1533		fullTGDs	15645			newNonFullTGDs	8587		newFullTGDs	1661
nonFullTGDs	1627		fullTGDs	15645			newNonFullTGDs	8524		newFullTGDs	1770
nonFullTGDs	1726		fullTGDs	15645			newNonFullTGDs	8438		newFullTGDs	1770
nonFullTGDs	1826		fullTGDs	15645			newNonFullTGDs	8350		newFullTGDs	1892
nonFullTGDs	1924		fullTGDs	15645			newNonFullTGDs	8274		newFullTGDs	1892
nonFullTGDs	2024		fullTGDs	15645			newNonFullTGDs	8193		newFullTGDs	2001
nonFullTGDs	2119		fullTGDs	15645			newNonFullTGDs	8128		newFullTGDs	2001
nonFullTGDs	2211		fullTGDs	15645			newNonFullTGDs	8073		newFullTGDs	2001
nonFullTGDs	2301		fullTGDs	15645			newNonFullTGDs	8036		newFullTGDs	2001
nonFullTGDs	2397		fullTGDs	15645			newNonFullTGDs	7978		newFullTGDs	2001
nonFullTGDs	2490		fullTGDs	15645			newNonFullTGDs	7920		newFullTGDs	2001
nonFullTGDs	2585		fullTGDs	15645			newNonFullTGDs	7858		newFullTGDs	2001
nonFullTGDs	2682		fullTGDs	15645			newNonFullTGDs	7797		newFullTGDs	2219
nonFullTGDs	2777		fullTGDs	15645			newNonFullTGDs	7738		newFullTGDs	2232
nonFullTGDs	2869		fullTGDs	15645			newNonFullTGDs	7677		newFullTGDs	2343
nonFullTGDs	2967		fullTGDs	15645			newNonFullTGDs	7615		newFullTGDs	2561
nonFullTGDs	3059		fullTGDs	15645			newNonFullTGDs	7566		newFullTGDs	2888
nonFullTGDs	3156		fullTGDs	15645			newNonFullTGDs	7507		newFullTGDs	2997
nonFullTGDs	3253		fullTGDs	15645			newNonFullTGDs	7452		newFullTGDs	3215
nonFullTGDs	3350		fullTGDs	15645			newNonFullTGDs	7384		newFullTGDs	3324
nonFullTGDs	3442		fullTGDs	15645			newNonFullTGDs	7315		newFullTGDs	3326
nonFullTGDs	3542		fullTGDs	15645			newNonFullTGDs	7240		newFullTGDs	3544
nonFullTGDs	3641		fullTGDs	15645			newNonFullTGDs	7156		newFullTGDs	3775
nonFullTGDs	3741		fullTGDs	15645			newNonFullTGDs	7070		newFullTGDs	3884
nonFullTGDs	3835		fullTGDs	15645			newNonFullTGDs	7015		newFullTGDs	3993
nonFullTGDs	3935		fullTGDs	15645			newNonFullTGDs	6946		newFullTGDs	3993
nonFullTGDs	4032		fullTGDs	15645			newNonFullTGDs	6874		newFullTGDs	4102
nonFullTGDs	4126		fullTGDs	15645			newNonFullTGDs	6812		newFullTGDs	4211
nonFullTGDs	4211		fullTGDs	15645			newNonFullTGDs	6778		newFullTGDs	4429
nonFullTGDs	4307		fullTGDs	15645			newNonFullTGDs	6705		newFullTGDs	4429
nonFullTGDs	4403		fullTGDs	15645			newNonFullTGDs	6642		newFullTGDs	4429
nonFullTGDs	4502		fullTGDs	15645			newNonFullTGDs	6573		newFullTGDs	4756
nonFullTGDs	4601		fullTGDs	15645			newNonFullTGDs	6503		newFullTGDs	4756
nonFullTGDs	4690		fullTGDs	15645			newNonFullTGDs	6437		newFullTGDs	4756
nonFullTGDs	4789		fullTGDs	15645			newNonFullTGDs	6359		newFullTGDs	4975
nonFullTGDs	4879		fullTGDs	15645			newNonFullTGDs	6335		newFullTGDs	5014
nonFullTGDs	4976		fullTGDs	15645			newNonFullTGDs	6300		newFullTGDs	5701
nonFullTGDs	5073		fullTGDs	15645			newNonFullTGDs	6259		newFullTGDs	7465
nonFullTGDs	5170		fullTGDs	15645			newNonFullTGDs	6217		newFullTGDs	9625
nonFullTGDs	5267		fullTGDs	15645			newNonFullTGDs	6182		newFullTGDs	11078
nonFullTGDs	5366		fullTGDs	15645			newNonFullTGDs	6136		newFullTGDs	12184
nonFullTGDs	5459		fullTGDs	15645			newNonFullTGDs	6092		newFullTGDs	12184
nonFullTGDs	5553		fullTGDs	15645			newNonFullTGDs	6049		newFullTGDs	12184
nonFullTGDs	5647		fullTGDs	15645			newNonFullTGDs	6005		newFullTGDs	12184
nonFullTGDs	5742		fullTGDs	15645			newNonFullTGDs	5959		newFullTGDs	12184
nonFullTGDs	5838		fullTGDs	15645			newNonFullTGDs	5913		newFullTGDs	12184
nonFullTGDs	5932		fullTGDs	15645			newNonFullTGDs	5870		newFullTGDs	12184
nonFullTGDs	6027		fullTGDs	15645			newNonFullTGDs	5824		newFullTGDs	12184
nonFullTGDs	6122		fullTGDs	15645			newNonFullTGDs	5779		newFullTGDs	12184
nonFullTGDs	6219		fullTGDs	15645			newNonFullTGDs	5732		newFullTGDs	12184
nonFullTGDs	6315		fullTGDs	15645			newNonFullTGDs	5686		newFullTGDs	12184
nonFullTGDs	6410		fullTGDs	15645			newNonFullTGDs	5641		newFullTGDs	12184
nonFullTGDs	6508		fullTGDs	15645			newNonFullTGDs	5594		newFullTGDs	12184
nonFullTGDs	6604		fullTGDs	15645			newNonFullTGDs	5551		newFullTGDs	12184
nonFullTGDs	6704		fullTGDs	15645			newNonFullTGDs	5501		newFullTGDs	12184
nonFullTGDs	6800		fullTGDs	15645			newNonFullTGDs	5457		newFullTGDs	12184
nonFullTGDs	6898		fullTGDs	15645			newNonFullTGDs	5411		newFullTGDs	12184
nonFullTGDs	6995		fullTGDs	15645			newNonFullTGDs	5366		newFullTGDs	12184
nonFullTGDs	7092		fullTGDs	15645			newNonFullTGDs	5319		newFullTGDs	12184
nonFullTGDs	7190		fullTGDs	15645			newNonFullTGDs	5271		newFullTGDs	12184
nonFullTGDs	7287		fullTGDs	15645			newNonFullTGDs	5225		newFullTGDs	12184
nonFullTGDs	7385		fullTGDs	15645			newNonFullTGDs	5178		newFullTGDs	12184
nonFullTGDs	7479		fullTGDs	15645			newNonFullTGDs	5133		newFullTGDs	12184
nonFullTGDs	7577		fullTGDs	15645			newNonFullTGDs	5085		newFullTGDs	12184
nonFullTGDs	7674		fullTGDs	15645			newNonFullTGDs	5041		newFullTGDs	12184
nonFullTGDs	7771		fullTGDs	15645			newNonFullTGDs	4995		newFullTGDs	12184
nonFullTGDs	7867		fullTGDs	15645			newNonFullTGDs	4951		newFullTGDs	12184
nonFullTGDs	7964		fullTGDs	15645			newNonFullTGDs	4903		newFullTGDs	12184
nonFullTGDs	8059		fullTGDs	15645			newNonFullTGDs	4864		newFullTGDs	12184
nonFullTGDs	8143		fullTGDs	15645			newNonFullTGDs	4845		newFullTGDs	12184
nonFullTGDs	8218		fullTGDs	15645			newNonFullTGDs	4831		newFullTGDs	12184
nonFullTGDs	8304		fullTGDs	15645			newNonFullTGDs	4807		newFullTGDs	12184
nonFullTGDs	8401		fullTGDs	15645			newNonFullTGDs	4774		newFullTGDs	12184
nonFullTGDs	8489		fullTGDs	15645			newNonFullTGDs	4753		newFullTGDs	12184
nonFullTGDs	8568		fullTGDs	15645			newNonFullTGDs	4735		newFullTGDs	12184
nonFullTGDs	8645		fullTGDs	15645			newNonFullTGDs	4719		newFullTGDs	12184
nonFullTGDs	8723		fullTGDs	15645			newNonFullTGDs	4697		newFullTGDs	12184
nonFullTGDs	8818		fullTGDs	15645			newNonFullTGDs	4653		newFullTGDs	12184
nonFullTGDs	8912		fullTGDs	15645			newNonFullTGDs	4610		newFullTGDs	12184
nonFullTGDs	8998		fullTGDs	15645			newNonFullTGDs	4579		newFullTGDs	12184
nonFullTGDs	9095		fullTGDs	15645			newNonFullTGDs	4534		newFullTGDs	12184
nonFullTGDs	9183		fullTGDs	15645			newNonFullTGDs	4511		newFullTGDs	12184
nonFullTGDs	9265		fullTGDs	15645			newNonFullTGDs	4489		newFullTGDs	12184
nonFullTGDs	9349		fullTGDs	15645			newNonFullTGDs	4472		newFullTGDs	12184
nonFullTGDs	9447		fullTGDs	15645			newNonFullTGDs	4426		newFullTGDs	12184
nonFullTGDs	9533		fullTGDs	15645			newNonFullTGDs	4403		newFullTGDs	12184
nonFullTGDs	9617		fullTGDs	15645			newNonFullTGDs	4383		newFullTGDs	12184
nonFullTGDs	9699		fullTGDs	15645			newNonFullTGDs	4364		newFullTGDs	12184
nonFullTGDs	9789		fullTGDs	15645			newNonFullTGDs	4349		newFullTGDs	12184
nonFullTGDs	9878		fullTGDs	15645			newNonFullTGDs	4319		newFullTGDs	12184
nonFullTGDs	9967		fullTGDs	15645			newNonFullTGDs	4302		newFullTGDs	12184
nonFullTGDs	10056		fullTGDs	15645			newNonFullTGDs	4280		newFullTGDs	12184
nonFullTGDs	10140		fullTGDs	15645			newNonFullTGDs	4262		newFullTGDs	12184
nonFullTGDs	10225		fullTGDs	15645			newNonFullTGDs	4240		newFullTGDs	12184
nonFullTGDs	10308		fullTGDs	15645			newNonFullTGDs	4218		newFullTGDs	12184
nonFullTGDs	10390		fullTGDs	15645			newNonFullTGDs	4203		newFullTGDs	12184
nonFullTGDs	10471		fullTGDs	15645			newNonFullTGDs	4183		newFullTGDs	12184
nonFullTGDs	10552		fullTGDs	15645			newNonFullTGDs	4163		newFullTGDs	12184
nonFullTGDs	10637		fullTGDs	15645			newNonFullTGDs	4138		newFullTGDs	12184
nonFullTGDs	10726		fullTGDs	15645			newNonFullTGDs	4108		newFullTGDs	12184
nonFullTGDs	10824		fullTGDs	15645			newNonFullTGDs	4075		newFullTGDs	12184
nonFullTGDs	10917		fullTGDs	15645			newNonFullTGDs	4044		newFullTGDs	12184
nonFullTGDs	11011		fullTGDs	15645			newNonFullTGDs	4009		newFullTGDs	12184
nonFullTGDs	11107		fullTGDs	15645			newNonFullTGDs	3973		newFullTGDs	12184
nonFullTGDs	11205		fullTGDs	15645			newNonFullTGDs	3938		newFullTGDs	12184
nonFullTGDs	11293		fullTGDs	15645			newNonFullTGDs	3912		newFullTGDs	12184
nonFullTGDs	11378		fullTGDs	15645			newNonFullTGDs	3895		newFullTGDs	12184
nonFullTGDs	11467		fullTGDs	15645			newNonFullTGDs	3876		newFullTGDs	12184
nonFullTGDs	11567		fullTGDs	15645			newNonFullTGDs	3839		newFullTGDs	12184
nonFullTGDs	11667		fullTGDs	15645			newNonFullTGDs	3789		newFullTGDs	12184
nonFullTGDs	11764		fullTGDs	15645			newNonFullTGDs	3749		newFullTGDs	12184
nonFullTGDs	11849		fullTGDs	15645			newNonFullTGDs	3731		newFullTGDs	12184
nonFullTGDs	11938		fullTGDs	15645			newNonFullTGDs	3701		newFullTGDs	12184
nonFullTGDs	12029		fullTGDs	15645			newNonFullTGDs	3682		newFullTGDs	12184
nonFullTGDs	12118		fullTGDs	15645			newNonFullTGDs	3657		newFullTGDs	12184
nonFullTGDs	12210		fullTGDs	15645			newNonFullTGDs	3637		newFullTGDs	12184
nonFullTGDs	12304		fullTGDs	15645			newNonFullTGDs	3615		newFullTGDs	12184
nonFullTGDs	12398		fullTGDs	15645			newNonFullTGDs	3596		newFullTGDs	12184
nonFullTGDs	12494		fullTGDs	15645			newNonFullTGDs	3573		newFullTGDs	12184
nonFullTGDs	12592		fullTGDs	15645			newNonFullTGDs	3552		newFullTGDs	12184
nonFullTGDs	12692		fullTGDs	15645			newNonFullTGDs	3526		newFullTGDs	12184
nonFullTGDs	12787		fullTGDs	15645			newNonFullTGDs	3482		newFullTGDs	12184
nonFullTGDs	12878		fullTGDs	15645			newNonFullTGDs	3446		newFullTGDs	12184
nonFullTGDs	12967		fullTGDs	15645			newNonFullTGDs	3418		newFullTGDs	12184
nonFullTGDs	13052		fullTGDs	15645			newNonFullTGDs	3392		newFullTGDs	12184
nonFullTGDs	13142		fullTGDs	15645			newNonFullTGDs	3359		newFullTGDs	12184
nonFullTGDs	13235		fullTGDs	15645			newNonFullTGDs	3324		newFullTGDs	12184
nonFullTGDs	13320		fullTGDs	15645			newNonFullTGDs	3297		newFullTGDs	12184
nonFullTGDs	13407		fullTGDs	15645			newNonFullTGDs	3269		newFullTGDs	12184
nonFullTGDs	13491		fullTGDs	15645			newNonFullTGDs	3249		newFullTGDs	12184
nonFullTGDs	13578		fullTGDs	15645			newNonFullTGDs	3228		newFullTGDs	12184
nonFullTGDs	13674		fullTGDs	15645			newNonFullTGDs	3206		newFullTGDs	12184
nonFullTGDs	13769		fullTGDs	15645			newNonFullTGDs	3171		newFullTGDs	12184
nonFullTGDs	13868		fullTGDs	15645			newNonFullTGDs	3128		newFullTGDs	12184
nonFullTGDs	13968		fullTGDs	15645			newNonFullTGDs	3083		newFullTGDs	12184
nonFullTGDs	14068		fullTGDs	15645			newNonFullTGDs	3037		newFullTGDs	12184
nonFullTGDs	14168		fullTGDs	15645			newNonFullTGDs	2993		newFullTGDs	12184
nonFullTGDs	14264		fullTGDs	15645			newNonFullTGDs	2949		newFullTGDs	12184
nonFullTGDs	14355		fullTGDs	15645			newNonFullTGDs	2920		newFullTGDs	12184
nonFullTGDs	14449		fullTGDs	15645			newNonFullTGDs	2905		newFullTGDs	12184
nonFullTGDs	14542		fullTGDs	15645			newNonFullTGDs	2882		newFullTGDs	12184
nonFullTGDs	14634		fullTGDs	15645			newNonFullTGDs	2862		newFullTGDs	12184
nonFullTGDs	14724		fullTGDs	15645			newNonFullTGDs	2844		newFullTGDs	12184
nonFullTGDs	14812		fullTGDs	15645			newNonFullTGDs	2820		newFullTGDs	12184
nonFullTGDs	14908		fullTGDs	15645			newNonFullTGDs	2781		newFullTGDs	12184
nonFullTGDs	15008		fullTGDs	15645			newNonFullTGDs	2745		newFullTGDs	12184
nonFullTGDs	15108		fullTGDs	15645			newNonFullTGDs	2710		newFullTGDs	12184
nonFullTGDs	15206		fullTGDs	15645			newNonFullTGDs	2676		newFullTGDs	12184
nonFullTGDs	15305		fullTGDs	15645			newNonFullTGDs	2641		newFullTGDs	12184
nonFullTGDs	15402		fullTGDs	15645			newNonFullTGDs	2610		newFullTGDs	12184
nonFullTGDs	15480		fullTGDs	15645			newNonFullTGDs	2593		newFullTGDs	12184
nonFullTGDs	15558		fullTGDs	15645			newNonFullTGDs	2576		newFullTGDs	12184
nonFullTGDs	15633		fullTGDs	15645			newNonFullTGDs	2563		newFullTGDs	12184
nonFullTGDs	15710		fullTGDs	15645			newNonFullTGDs	2545		newFullTGDs	12184
nonFullTGDs	15786		fullTGDs	15645			newNonFullTGDs	2529		newFullTGDs	12184
nonFullTGDs	15865		fullTGDs	15645			newNonFullTGDs	2518		newFullTGDs	12184
nonFullTGDs	15940		fullTGDs	15645			newNonFullTGDs	2499		newFullTGDs	12184
nonFullTGDs	16035		fullTGDs	15645			newNonFullTGDs	2470		newFullTGDs	12184
nonFullTGDs	16129		fullTGDs	15645			newNonFullTGDs	2439		newFullTGDs	12184
nonFullTGDs	16224		fullTGDs	15645			newNonFullTGDs	2414		newFullTGDs	12184
nonFullTGDs	16318		fullTGDs	15645			newNonFullTGDs	2384		newFullTGDs	12184
nonFullTGDs	16413		fullTGDs	15645			newNonFullTGDs	2358		newFullTGDs	12184
nonFullTGDs	16507		fullTGDs	15645			newNonFullTGDs	2326		newFullTGDs	12184
nonFullTGDs	16602		fullTGDs	15645			newNonFullTGDs	2298		newFullTGDs	12184
nonFullTGDs	16697		fullTGDs	15645			newNonFullTGDs	2273		newFullTGDs	12184
nonFullTGDs	16771		fullTGDs	15645			newNonFullTGDs	2260		newFullTGDs	12184
nonFullTGDs	16859		fullTGDs	15645			newNonFullTGDs	2235		newFullTGDs	12184
nonFullTGDs	16957		fullTGDs	15645			newNonFullTGDs	2207		newFullTGDs	12184
nonFullTGDs	17055		fullTGDs	15645			newNonFullTGDs	2165		newFullTGDs	12184
nonFullTGDs	17151		fullTGDs	15645			newNonFullTGDs	2123		newFullTGDs	12184
nonFullTGDs	17247		fullTGDs	15645			newNonFullTGDs	2085		newFullTGDs	12184
nonFullTGDs	17332		fullTGDs	15645			newNonFullTGDs	2066		newFullTGDs	12184
nonFullTGDs	17420		fullTGDs	15645			newNonFullTGDs	2037		newFullTGDs	12184
nonFullTGDs	17519		fullTGDs	15645			newNonFullTGDs	1997		newFullTGDs	12184
nonFullTGDs	17618		fullTGDs	15645			newNonFullTGDs	1957		newFullTGDs	12184
nonFullTGDs	17717		fullTGDs	15645			newNonFullTGDs	1919		newFullTGDs	12184
nonFullTGDs	17815		fullTGDs	15645			newNonFullTGDs	1878		newFullTGDs	12184
nonFullTGDs	17914		fullTGDs	15645			newNonFullTGDs	1837		newFullTGDs	12184
nonFullTGDs	18013		fullTGDs	15645			newNonFullTGDs	1798		newFullTGDs	12184
nonFullTGDs	18111		fullTGDs	15645			newNonFullTGDs	1756		newFullTGDs	12184
nonFullTGDs	18209		fullTGDs	15645			newNonFullTGDs	1717		newFullTGDs	12184
nonFullTGDs	18306		fullTGDs	15645			newNonFullTGDs	1676		newFullTGDs	12184
nonFullTGDs	18404		fullTGDs	15645			newNonFullTGDs	1635		newFullTGDs	12184
nonFullTGDs	18501		fullTGDs	15645			newNonFullTGDs	1591		newFullTGDs	12184
nonFullTGDs	18599		fullTGDs	15645			newNonFullTGDs	1549		newFullTGDs	12184
nonFullTGDs	18696		fullTGDs	15645			newNonFullTGDs	1507		newFullTGDs	12184
nonFullTGDs	18781		fullTGDs	15645			newNonFullTGDs	1487		newFullTGDs	12184
nonFullTGDs	18862		fullTGDs	15645			newNonFullTGDs	1468		newFullTGDs	12184
nonFullTGDs	18943		fullTGDs	15645			newNonFullTGDs	1449		newFullTGDs	12184
nonFullTGDs	19024		fullTGDs	15645			newNonFullTGDs	1429		newFullTGDs	12184
nonFullTGDs	19121		fullTGDs	15645			newNonFullTGDs	1389		newFullTGDs	12184
nonFullTGDs	19218		fullTGDs	15645			newNonFullTGDs	1357		newFullTGDs	12184
nonFullTGDs	19308		fullTGDs	15645			newNonFullTGDs	1331		newFullTGDs	12184
nonFullTGDs	19406		fullTGDs	15645			newNonFullTGDs	1291		newFullTGDs	12184
nonFullTGDs	19494		fullTGDs	15645			newNonFullTGDs	1272		newFullTGDs	12184
nonFullTGDs	19592		fullTGDs	15645			newNonFullTGDs	1233		newFullTGDs	12184
nonFullTGDs	19682		fullTGDs	15645			newNonFullTGDs	1205		newFullTGDs	12184
nonFullTGDs	19778		fullTGDs	15645			newNonFullTGDs	1171		newFullTGDs	12184
nonFullTGDs	19875		fullTGDs	15645			newNonFullTGDs	1135		newFullTGDs	12184
nonFullTGDs	19972		fullTGDs	15645			newNonFullTGDs	1100		newFullTGDs	12184
nonFullTGDs	20062		fullTGDs	15645			newNonFullTGDs	1077		newFullTGDs	12184
nonFullTGDs	20155		fullTGDs	15645			newNonFullTGDs	1042		newFullTGDs	12184
nonFullTGDs	20248		fullTGDs	15645			newNonFullTGDs	1014		newFullTGDs	12184
nonFullTGDs	20342		fullTGDs	15645			newNonFullTGDs	987		newFullTGDs	12184
nonFullTGDs	20434		fullTGDs	15645			newNonFullTGDs	960		newFullTGDs	12184
nonFullTGDs	20531		fullTGDs	15645			newNonFullTGDs	925		newFullTGDs	12184
nonFullTGDs	20629		fullTGDs	15645			newNonFullTGDs	886		newFullTGDs	12184
nonFullTGDs	20727		fullTGDs	15645			newNonFullTGDs	844		newFullTGDs	12184
nonFullTGDs	20825		fullTGDs	15645			newNonFullTGDs	809		newFullTGDs	12184
nonFullTGDs	20917		fullTGDs	15645			newNonFullTGDs	781		newFullTGDs	12184
nonFullTGDs	21013		fullTGDs	15645			newNonFullTGDs	750		newFullTGDs	12184
nonFullTGDs	21106		fullTGDs	15645			newNonFullTGDs	719		newFullTGDs	12184
nonFullTGDs	21201		fullTGDs	15645			newNonFullTGDs	687		newFullTGDs	12184
nonFullTGDs	21293		fullTGDs	15645			newNonFullTGDs	658		newFullTGDs	12184
nonFullTGDs	21384		fullTGDs	15645			newNonFullTGDs	633		newFullTGDs	12184
nonFullTGDs	21481		fullTGDs	15645			newNonFullTGDs	595		newFullTGDs	12184
nonFullTGDs	21581		fullTGDs	15645			newNonFullTGDs	556		newFullTGDs	12184
nonFullTGDs	21681		fullTGDs	15645			newNonFullTGDs	517		newFullTGDs	12184
nonFullTGDs	21777		fullTGDs	15645			newNonFullTGDs	489		newFullTGDs	12184
nonFullTGDs	21874		fullTGDs	15645			newNonFullTGDs	453		newFullTGDs	12184
nonFullTGDs	21970		fullTGDs	15645			newNonFullTGDs	421		newFullTGDs	12184
nonFullTGDs	22059		fullTGDs	15645			newNonFullTGDs	404		newFullTGDs	12184
nonFullTGDs	22146		fullTGDs	15645			newNonFullTGDs	385		newFullTGDs	12184
nonFullTGDs	22241		fullTGDs	15645			newNonFullTGDs	357		newFullTGDs	12184
nonFullTGDs	22329		fullTGDs	15645			newNonFullTGDs	337		newFullTGDs	12184
nonFullTGDs	22418		fullTGDs	15645			newNonFullTGDs	319		newFullTGDs	12184
nonFullTGDs	22505		fullTGDs	15645			newNonFullTGDs	304		newFullTGDs	12184
nonFullTGDs	22592		fullTGDs	15645			newNonFullTGDs	285		newFullTGDs	12184
nonFullTGDs	22676		fullTGDs	15645			newNonFullTGDs	267		newFullTGDs	12184
nonFullTGDs	22775		fullTGDs	15645			newNonFullTGDs	233		newFullTGDs	12184
nonFullTGDs	22873		fullTGDs	15645			newNonFullTGDs	191		newFullTGDs	12184
nonFullTGDs	22961		fullTGDs	15645			newNonFullTGDs	166		newFullTGDs	12184
nonFullTGDs	23060		fullTGDs	15645			newNonFullTGDs	138		newFullTGDs	12184
nonFullTGDs	23159		fullTGDs	15645			newNonFullTGDs	109		newFullTGDs	12184
nonFullTGDs	23251		fullTGDs	15645			newNonFullTGDs	86		newFullTGDs	12184
nonFullTGDs	23341		fullTGDs	15645			newNonFullTGDs	60		newFullTGDs	12184
nonFullTGDs	23434		fullTGDs	15645			newNonFullTGDs	9		newFullTGDs	12184
nonFullTGDs	23453		fullTGDs	15726			newNonFullTGDs	0		newFullTGDs	12106
nonFullTGDs	23453		fullTGDs	15826			newNonFullTGDs	0		newFullTGDs	12011
nonFullTGDs	23453		fullTGDs	15926			newNonFullTGDs	0		newFullTGDs	11915
nonFullTGDs	23453		fullTGDs	16026			newNonFullTGDs	0		newFullTGDs	11817
nonFullTGDs	23453		fullTGDs	16126			newNonFullTGDs	0		newFullTGDs	11722
nonFullTGDs	23453		fullTGDs	16226			newNonFullTGDs	0		newFullTGDs	11627
nonFullTGDs	23453		fullTGDs	16326			newNonFullTGDs	0		newFullTGDs	11532
nonFullTGDs	23453		fullTGDs	16426			newNonFullTGDs	0		newFullTGDs	11435
nonFullTGDs	23453		fullTGDs	16526			newNonFullTGDs	0		newFullTGDs	11338
nonFullTGDs	23453		fullTGDs	16626			newNonFullTGDs	0		newFullTGDs	11240
nonFullTGDs	23453		fullTGDs	16726			newNonFullTGDs	0		newFullTGDs	11145
nonFullTGDs	23453		fullTGDs	16826			newNonFullTGDs	0		newFullTGDs	11046
nonFullTGDs	23453		fullTGDs	16926			newNonFullTGDs	0		newFullTGDs	10947
nonFullTGDs	23453		fullTGDs	17026			newNonFullTGDs	0		newFullTGDs	10847
nonFullTGDs	23453		fullTGDs	17126			newNonFullTGDs	0		newFullTGDs	10747
nonFullTGDs	23453		fullTGDs	17226			newNonFullTGDs	0		newFullTGDs	10648
nonFullTGDs	23453		fullTGDs	17326			newNonFullTGDs	0		newFullTGDs	10548
nonFullTGDs	23453		fullTGDs	17426			newNonFullTGDs	0		newFullTGDs	10451
nonFullTGDs	23453		fullTGDs	17526			newNonFullTGDs	0		newFullTGDs	10351
nonFullTGDs	23453		fullTGDs	17626			newNonFullTGDs	0		newFullTGDs	10251
nonFullTGDs	23453		fullTGDs	17726			newNonFullTGDs	0		newFullTGDs	10151
nonFullTGDs	23453		fullTGDs	17826			newNonFullTGDs	0		newFullTGDs	10053
nonFullTGDs	23453		fullTGDs	17926			newNonFullTGDs	0		newFullTGDs	9955
nonFullTGDs	23453		fullTGDs	18026			newNonFullTGDs	0		newFullTGDs	9855
nonFullTGDs	23453		fullTGDs	18126			newNonFullTGDs	0		newFullTGDs	9756
nonFullTGDs	23453		fullTGDs	18226			newNonFullTGDs	0		newFullTGDs	9661
nonFullTGDs	23453		fullTGDs	18326			newNonFullTGDs	0		newFullTGDs	9562
nonFullTGDs	23453		fullTGDs	18426			newNonFullTGDs	0		newFullTGDs	9464
nonFullTGDs	23453		fullTGDs	18526			newNonFullTGDs	0		newFullTGDs	9365
nonFullTGDs	23453		fullTGDs	18626			newNonFullTGDs	0		newFullTGDs	9266
nonFullTGDs	23453		fullTGDs	18726			newNonFullTGDs	0		newFullTGDs	9167
nonFullTGDs	23453		fullTGDs	18826			newNonFullTGDs	0		newFullTGDs	9067
nonFullTGDs	23453		fullTGDs	18926			newNonFullTGDs	0		newFullTGDs	8967
nonFullTGDs	23453		fullTGDs	19026			newNonFullTGDs	0		newFullTGDs	8869
nonFullTGDs	23453		fullTGDs	19126			newNonFullTGDs	0		newFullTGDs	8773
nonFullTGDs	23453		fullTGDs	19226			newNonFullTGDs	0		newFullTGDs	8674
nonFullTGDs	23453		fullTGDs	19326			newNonFullTGDs	0		newFullTGDs	8577
nonFullTGDs	23453		fullTGDs	19426			newNonFullTGDs	0		newFullTGDs	8477
nonFullTGDs	23453		fullTGDs	19526			newNonFullTGDs	0		newFullTGDs	8378
nonFullTGDs	23453		fullTGDs	19626			newNonFullTGDs	0		newFullTGDs	8279
nonFullTGDs	23453		fullTGDs	19726			newNonFullTGDs	0		newFullTGDs	8180
nonFullTGDs	23453		fullTGDs	19826			newNonFullTGDs	0		newFullTGDs	8081
nonFullTGDs	23453		fullTGDs	19926			newNonFullTGDs	0		newFullTGDs	7982
nonFullTGDs	23453		fullTGDs	20026			newNonFullTGDs	0		newFullTGDs	7884
nonFullTGDs	23453		fullTGDs	20126			newNonFullTGDs	0		newFullTGDs	7784
nonFullTGDs	23453		fullTGDs	20226			newNonFullTGDs	0		newFullTGDs	7684
nonFullTGDs	23453		fullTGDs	20326			newNonFullTGDs	0		newFullTGDs	7584
nonFullTGDs	23453		fullTGDs	20426			newNonFullTGDs	0		newFullTGDs	7485
nonFullTGDs	23453		fullTGDs	20526			newNonFullTGDs	0		newFullTGDs	7386
nonFullTGDs	23453		fullTGDs	20626			newNonFullTGDs	0		newFullTGDs	7288
nonFullTGDs	23453		fullTGDs	20726			newNonFullTGDs	0		newFullTGDs	7194
nonFullTGDs	23453		fullTGDs	20826			newNonFullTGDs	0		newFullTGDs	7094
nonFullTGDs	23453		fullTGDs	20926			newNonFullTGDs	0		newFullTGDs	6995
nonFullTGDs	23453		fullTGDs	21026			newNonFullTGDs	0		newFullTGDs	6896
nonFullTGDs	23453		fullTGDs	21126			newNonFullTGDs	0		newFullTGDs	6798
nonFullTGDs	23453		fullTGDs	21226			newNonFullTGDs	0		newFullTGDs	6699
nonFullTGDs	23453		fullTGDs	21326			newNonFullTGDs	0		newFullTGDs	6601
nonFullTGDs	23453		fullTGDs	21426			newNonFullTGDs	0		newFullTGDs	6501
nonFullTGDs	23453		fullTGDs	21526			newNonFullTGDs	0		newFullTGDs	6401
nonFullTGDs	23453		fullTGDs	21626			newNonFullTGDs	0		newFullTGDs	6301
nonFullTGDs	23453		fullTGDs	21726			newNonFullTGDs	0		newFullTGDs	6203
nonFullTGDs	23453		fullTGDs	21826			newNonFullTGDs	0		newFullTGDs	6103
nonFullTGDs	23453		fullTGDs	21926			newNonFullTGDs	0		newFullTGDs	6015
nonFullTGDs	23453		fullTGDs	22026			newNonFullTGDs	0		newFullTGDs	5939
nonFullTGDs	23453		fullTGDs	22126			newNonFullTGDs	0		newFullTGDs	5851
nonFullTGDs	23453		fullTGDs	22226			newNonFullTGDs	0		newFullTGDs	5763
nonFullTGDs	23453		fullTGDs	22326			newNonFullTGDs	0		newFullTGDs	5687
nonFullTGDs	23453		fullTGDs	22426			newNonFullTGDs	0		newFullTGDs	5611
nonFullTGDs	23453		fullTGDs	22526			newNonFullTGDs	0		newFullTGDs	5536
nonFullTGDs	23453		fullTGDs	22626			newNonFullTGDs	0		newFullTGDs	5436
nonFullTGDs	23453		fullTGDs	22726			newNonFullTGDs	0		newFullTGDs	5348
nonFullTGDs	23453		fullTGDs	22826			newNonFullTGDs	0		newFullTGDs	5248
nonFullTGDs	23453		fullTGDs	22926			newNonFullTGDs	0		newFullTGDs	5148
nonFullTGDs	23453		fullTGDs	23026			newNonFullTGDs	0		newFullTGDs	5048
nonFullTGDs	23453		fullTGDs	23126			newNonFullTGDs	0		newFullTGDs	4972
nonFullTGDs	23453		fullTGDs	23226			newNonFullTGDs	0		newFullTGDs	4884
nonFullTGDs	23453		fullTGDs	23326			newNonFullTGDs	0		newFullTGDs	4784
nonFullTGDs	23453		fullTGDs	23426			newNonFullTGDs	0		newFullTGDs	4684
nonFullTGDs	23453		fullTGDs	23526			newNonFullTGDs	0		newFullTGDs	4597
nonFullTGDs	23453		fullTGDs	23626			newNonFullTGDs	0		newFullTGDs	4497
nonFullTGDs	23453		fullTGDs	23726			newNonFullTGDs	0		newFullTGDs	4397
nonFullTGDs	23453		fullTGDs	23826			newNonFullTGDs	0		newFullTGDs	4297
nonFullTGDs	23453		fullTGDs	23926			newNonFullTGDs	0		newFullTGDs	4197
nonFullTGDs	23453		fullTGDs	24026			newNonFullTGDs	0		newFullTGDs	4097
nonFullTGDs	23453		fullTGDs	24126			newNonFullTGDs	0		newFullTGDs	3997
nonFullTGDs	23453		fullTGDs	24226			newNonFullTGDs	0		newFullTGDs	3897
nonFullTGDs	23453		fullTGDs	24326			newNonFullTGDs	0		newFullTGDs	3797
nonFullTGDs	23453		fullTGDs	24426			newNonFullTGDs	0		newFullTGDs	3697
nonFullTGDs	23453		fullTGDs	24526			newNonFullTGDs	0		newFullTGDs	3597
nonFullTGDs	23453		fullTGDs	24626			newNonFullTGDs	0		newFullTGDs	3497
nonFullTGDs	23453		fullTGDs	24726			newNonFullTGDs	0		newFullTGDs	3397
nonFullTGDs	23453		fullTGDs	24826			newNonFullTGDs	0		newFullTGDs	3297
nonFullTGDs	23453		fullTGDs	24926			newNonFullTGDs	0		newFullTGDs	3197
nonFullTGDs	23453		fullTGDs	25026			newNonFullTGDs	0		newFullTGDs	3097
nonFullTGDs	23453		fullTGDs	25126			newNonFullTGDs	0		newFullTGDs	2997
nonFullTGDs	23453		fullTGDs	25226			newNonFullTGDs	0		newFullTGDs	2897
nonFullTGDs	23453		fullTGDs	25326			newNonFullTGDs	0		newFullTGDs	2797
nonFullTGDs	23453		fullTGDs	25426			newNonFullTGDs	0		newFullTGDs	2697
nonFullTGDs	23453		fullTGDs	25526			newNonFullTGDs	0		newFullTGDs	2597
nonFullTGDs	23453		fullTGDs	25626			newNonFullTGDs	0		newFullTGDs	2497
nonFullTGDs	23453		fullTGDs	25726			newNonFullTGDs	0		newFullTGDs	2397
nonFullTGDs	23453		fullTGDs	25826			newNonFullTGDs	0		newFullTGDs	2297
nonFullTGDs	23453		fullTGDs	25926			newNonFullTGDs	0		newFullTGDs	2197
nonFullTGDs	23453		fullTGDs	26026			newNonFullTGDs	0		newFullTGDs	2097
nonFullTGDs	23453		fullTGDs	26126			newNonFullTGDs	0		newFullTGDs	1997
nonFullTGDs	23453		fullTGDs	26226			newNonFullTGDs	0		newFullTGDs	1898
nonFullTGDs	23453		fullTGDs	26326			newNonFullTGDs	0		newFullTGDs	1799
nonFullTGDs	23453		fullTGDs	26426			newNonFullTGDs	0		newFullTGDs	1711
nonFullTGDs	23453		fullTGDs	26526			newNonFullTGDs	0		newFullTGDs	1635
nonFullTGDs	23453		fullTGDs	26626			newNonFullTGDs	0		newFullTGDs	1535
nonFullTGDs	23453		fullTGDs	26726			newNonFullTGDs	0		newFullTGDs	1459
nonFullTGDs	23453		fullTGDs	26826			newNonFullTGDs	0		newFullTGDs	1360
nonFullTGDs	23453		fullTGDs	26926			newNonFullTGDs	0		newFullTGDs	1284
nonFullTGDs	23453		fullTGDs	27026			newNonFullTGDs	0		newFullTGDs	1208
nonFullTGDs	23453		fullTGDs	27126			newNonFullTGDs	0		newFullTGDs	1108
nonFullTGDs	23453		fullTGDs	27226			newNonFullTGDs	0		newFullTGDs	1008
nonFullTGDs	23453		fullTGDs	27326			newNonFullTGDs	0		newFullTGDs	908
nonFullTGDs	23453		fullTGDs	27426			newNonFullTGDs	0		newFullTGDs	808
nonFullTGDs	23453		fullTGDs	27526			newNonFullTGDs	0		newFullTGDs	708
nonFullTGDs	23453		fullTGDs	27626			newNonFullTGDs	0		newFullTGDs	611
nonFullTGDs	23453		fullTGDs	27726			newNonFullTGDs	0		newFullTGDs	511
nonFullTGDs	23453		fullTGDs	27826			newNonFullTGDs	0		newFullTGDs	411
nonFullTGDs	23453		fullTGDs	27926			newNonFullTGDs	0		newFullTGDs	311
nonFullTGDs	23453		fullTGDs	28026			newNonFullTGDs	0		newFullTGDs	211
nonFullTGDs	23453		fullTGDs	28126			newNonFullTGDs	0		newFullTGDs	112
nonFullTGDs	23453		fullTGDs	28226			newNonFullTGDs	0		newFullTGDs	24
Nov 23, 2021 8:00:51 AM uk.ac.ox.cs.gsat.SaturationStatistics log
INFO: # initial TGDs: 15645 , 9708
Nov 23, 2021 8:00:51 AM uk.ac.ox.cs.gsat.SaturationStatistics log
INFO: SkSat total time : 1920 ms = 1.92 s
Nov 23, 2021 8:00:51 AM uk.ac.ox.cs.gsat.SaturationStatistics log
INFO: Subsumed elements : 0
Nov 23, 2021 8:00:51 AM uk.ac.ox.cs.gsat.SaturationStatistics log
INFO: Filter discarded elements : 0
Nov 23, 2021 8:00:51 AM uk.ac.ox.cs.gsat.SaturationStatistics log
INFO: subsumption time: 2 ms = 0.00 s
Nov 23, 2021 8:00:51 AM uk.ac.ox.cs.gsat.SaturationStatistics log
INFO: forward subsumption time: 1 ms = 0.00 s
Nov 23, 2021 8:00:51 AM uk.ac.ox.cs.gsat.SaturationStatistics log
INFO: backward subsumption time: 1 ms = 0.00 s
Nov 23, 2021 8:00:51 AM uk.ac.ox.cs.gsat.SaturationStatistics log
INFO: Derived full/non full TGDs: 12681 , 15538
Nov 23, 2021 8:00:51 AM uk.ac.ox.cs.gsat.SaturationStatistics log
INFO: discarded tautology count: 73
Nov 23, 2021 8:00:51 AM uk.ac.ox.cs.gsat.EvolveStatistics log
INFO: Stop because subsumed: 136
Nov 23, 2021 8:00:51 AM uk.ac.ox.cs.gsat.EvolveStatistics log
INFO: evolved equals to current: 0
Nov 23, 2021 8:00:51 AM uk.ac.ox.cs.gsat.EvolveStatistics log
INFO: evolved time: 502 ms = 0.50 s
Nov 23, 2021 8:00:51 AM uk.ac.ox.cs.gsat.EvolveStatistics log
INFO: evolve count: 35571
Nov 23, 2021 8:00:51 AM uk.ac.ox.cs.gsat.SkolemStatistics log
INFO: maximum number of Skolem atoms in body: 1
Nov 23, 2021 8:00:51 AM uk.ac.ox.cs.gsat.SkolemStatistics log
INFO: left derived TGD with Skolem in the body: 0
Nov 23, 2021 8:00:51 AM uk.ac.ox.cs.gsat.SkolemStatistics log
INFO: right derived TGD with Skolem in the body: 12541
Nov 23, 2021 8:00:51 AM uk.ac.ox.cs.gsat.SkolemStatistics log
INFO: derived TGD with more than two Skolem atoms in the body: 0
Nov 23, 2021 8:00:51 AM uk.ac.ox.cs.gsat.AbstractSaturation run
INFO: ouptput full TGDs not contained in the input: 138
Nov 23, 2021 8:00:51 AM uk.ac.ox.cs.gsat.App executeAllSteps
INFO: Rewriting completed!
Full TGD saturation: (15783 dependecies)
Nov 23, 2021 8:00:52 AM uk.ac.ox.cs.gsat.App executeAllSteps
INFO: Writing the saturation in the Datalog file 00678.rul
