Starting Saturation...
Executing from OWL files with structural transformation
Initial axioms in the ontology: 386
Full TGD saturation algorithm: Skolem Sat
Running SkSat...
Nov 23, 2021 8:06:39 AM uk.ac.ox.cs.gsat.AbstractSaturation run
INFO: SkSat discarded rules : 0/1030 = 0.000%
SkSat discarded rules : 0/1030 = 0.000%
Nov 23, 2021 8:06:40 AM uk.ac.ox.cs.gsat.AbstractSaturation run
INFO: Subsumption method : disabled
nonFullTGDs	0		fullTGDs	364			newNonFullTGDs	666		newFullTGDs	0
nonFullTGDs	78		fullTGDs	364			newNonFullTGDs	647		newFullTGDs	899
nonFullTGDs	154		fullTGDs	364			newNonFullTGDs	598		newFullTGDs	1936
nonFullTGDs	231		fullTGDs	364			newNonFullTGDs	547		newFullTGDs	2955
nonFullTGDs	308		fullTGDs	364			newNonFullTGDs	528		newFullTGDs	3872
nonFullTGDs	385		fullTGDs	364			newNonFullTGDs	526		newFullTGDs	4694
nonFullTGDs	463		fullTGDs	364			newNonFullTGDs	476		newFullTGDs	5713
nonFullTGDs	538		fullTGDs	364			newNonFullTGDs	442		newFullTGDs	6783
nonFullTGDs	614		fullTGDs	364			newNonFullTGDs	407		newFullTGDs	7740
nonFullTGDs	694		fullTGDs	364			newNonFullTGDs	654		newFullTGDs	7831
nonFullTGDs	774		fullTGDs	364			newNonFullTGDs	934		newFullTGDs	7831
nonFullTGDs	854		fullTGDs	364			newNonFullTGDs	1214		newFullTGDs	7831
nonFullTGDs	934		fullTGDs	364			newNonFullTGDs	1494		newFullTGDs	7831
nonFullTGDs	1010		fullTGDs	364			newNonFullTGDs	1510		newFullTGDs	8831
nonFullTGDs	1085		fullTGDs	364			newNonFullTGDs	1460		newFullTGDs	9971
nonFullTGDs	1183		fullTGDs	364			newNonFullTGDs	1364		newFullTGDs	10049
nonFullTGDs	1283		fullTGDs	364			newNonFullTGDs	1264		newFullTGDs	10049
nonFullTGDs	1383		fullTGDs	364			newNonFullTGDs	1164		newFullTGDs	10049
nonFullTGDs	1483		fullTGDs	364			newNonFullTGDs	1064		newFullTGDs	10049
nonFullTGDs	1583		fullTGDs	364			newNonFullTGDs	964		newFullTGDs	10049
nonFullTGDs	1683		fullTGDs	364			newNonFullTGDs	864		newFullTGDs	10049
nonFullTGDs	1783		fullTGDs	364			newNonFullTGDs	764		newFullTGDs	10049
nonFullTGDs	1883		fullTGDs	364			newNonFullTGDs	664		newFullTGDs	10049
nonFullTGDs	1983		fullTGDs	364			newNonFullTGDs	564		newFullTGDs	10049
nonFullTGDs	2083		fullTGDs	364			newNonFullTGDs	464		newFullTGDs	10049
nonFullTGDs	2183		fullTGDs	364			newNonFullTGDs	364		newFullTGDs	10049
nonFullTGDs	2283		fullTGDs	364			newNonFullTGDs	264		newFullTGDs	10049
nonFullTGDs	2383		fullTGDs	364			newNonFullTGDs	164		newFullTGDs	10049
nonFullTGDs	2483		fullTGDs	364			newNonFullTGDs	64		newFullTGDs	10049
nonFullTGDs	2571		fullTGDs	376			newNonFullTGDs	0		newFullTGDs	10037
nonFullTGDs	2632		fullTGDs	415			newNonFullTGDs	1		newFullTGDs	9998
nonFullTGDs	2691		fullTGDs	456			newNonFullTGDs	1		newFullTGDs	9957
nonFullTGDs	2730		fullTGDs	504			newNonFullTGDs	0		newFullTGDs	9898
nonFullTGDs	2732		fullTGDs	601			newNonFullTGDs	0		newFullTGDs	9803
nonFullTGDs	2735		fullTGDs	695			newNonFullTGDs	0		newFullTGDs	9712
nonFullTGDs	2737		fullTGDs	791			newNonFullTGDs	0		newFullTGDs	9618
nonFullTGDs	2738		fullTGDs	889			newNonFullTGDs	0		newFullTGDs	9522
nonFullTGDs	2740		fullTGDs	986			newNonFullTGDs	0		newFullTGDs	9427
nonFullTGDs	2742		fullTGDs	1083			newNonFullTGDs	0		newFullTGDs	9333
nonFullTGDs	2743		fullTGDs	1181			newNonFullTGDs	0		newFullTGDs	9238
nonFullTGDs	2746		fullTGDs	1275			newNonFullTGDs	0		newFullTGDs	9147
nonFullTGDs	2749		fullTGDs	1370			newNonFullTGDs	0		newFullTGDs	9055
nonFullTGDs	2752		fullTGDs	1464			newNonFullTGDs	0		newFullTGDs	8965
nonFullTGDs	2753		fullTGDs	1562			newNonFullTGDs	0		newFullTGDs	8869
nonFullTGDs	2754		fullTGDs	1660			newNonFullTGDs	0		newFullTGDs	8773
nonFullTGDs	2757		fullTGDs	1755			newNonFullTGDs	0		newFullTGDs	8681
nonFullTGDs	2759		fullTGDs	1853			newNonFullTGDs	1		newFullTGDs	8586
nonFullTGDs	2760		fullTGDs	1951			newNonFullTGDs	0		newFullTGDs	8489
nonFullTGDs	2761		fullTGDs	2049			newNonFullTGDs	0		newFullTGDs	8393
nonFullTGDs	2763		fullTGDs	2146			newNonFullTGDs	0		newFullTGDs	8298
nonFullTGDs	2765		fullTGDs	2243			newNonFullTGDs	0		newFullTGDs	8203
nonFullTGDs	2766		fullTGDs	2341			newNonFullTGDs	0		newFullTGDs	8108
nonFullTGDs	2768		fullTGDs	2437			newNonFullTGDs	0		newFullTGDs	8015
nonFullTGDs	2769		fullTGDs	2535			newNonFullTGDs	0		newFullTGDs	7920
nonFullTGDs	2770		fullTGDs	2633			newNonFullTGDs	0		newFullTGDs	7824
nonFullTGDs	2771		fullTGDs	2731			newNonFullTGDs	0		newFullTGDs	7729
nonFullTGDs	2773		fullTGDs	2827			newNonFullTGDs	0		newFullTGDs	7636
nonFullTGDs	2775		fullTGDs	2924			newNonFullTGDs	0		newFullTGDs	7541
nonFullTGDs	2779		fullTGDs	3018			newNonFullTGDs	0		newFullTGDs	7450
nonFullTGDs	2779		fullTGDs	3118			newNonFullTGDs	0		newFullTGDs	7351
nonFullTGDs	2781		fullTGDs	3215			newNonFullTGDs	0		newFullTGDs	7256
nonFullTGDs	2782		fullTGDs	3313			newNonFullTGDs	0		newFullTGDs	7160
nonFullTGDs	2784		fullTGDs	3410			newNonFullTGDs	0		newFullTGDs	7067
nonFullTGDs	2784		fullTGDs	3510			newNonFullTGDs	0		newFullTGDs	6969
nonFullTGDs	2784		fullTGDs	3610			newNonFullTGDs	0		newFullTGDs	6872
nonFullTGDs	2784		fullTGDs	3710			newNonFullTGDs	0		newFullTGDs	6772
nonFullTGDs	2785		fullTGDs	3809			newNonFullTGDs	0		newFullTGDs	6675
nonFullTGDs	2786		fullTGDs	3907			newNonFullTGDs	0		newFullTGDs	6578
nonFullTGDs	2788		fullTGDs	4004			newNonFullTGDs	0		newFullTGDs	6483
nonFullTGDs	2789		fullTGDs	4102			newNonFullTGDs	0		newFullTGDs	6386
nonFullTGDs	2790		fullTGDs	4200			newNonFullTGDs	0		newFullTGDs	6289
nonFullTGDs	2790		fullTGDs	4300			newNonFullTGDs	0		newFullTGDs	6189
nonFullTGDs	2790		fullTGDs	4400			newNonFullTGDs	0		newFullTGDs	6089
nonFullTGDs	2790		fullTGDs	4500			newNonFullTGDs	0		newFullTGDs	5989
nonFullTGDs	2790		fullTGDs	4600			newNonFullTGDs	0		newFullTGDs	5889
nonFullTGDs	2790		fullTGDs	4700			newNonFullTGDs	0		newFullTGDs	5789
nonFullTGDs	2790		fullTGDs	4800			newNonFullTGDs	0		newFullTGDs	5689
nonFullTGDs	2790		fullTGDs	4900			newNonFullTGDs	0		newFullTGDs	5589
nonFullTGDs	2790		fullTGDs	5000			newNonFullTGDs	0		newFullTGDs	5489
nonFullTGDs	2790		fullTGDs	5100			newNonFullTGDs	0		newFullTGDs	5389
nonFullTGDs	2790		fullTGDs	5200			newNonFullTGDs	0		newFullTGDs	5289
nonFullTGDs	2790		fullTGDs	5300			newNonFullTGDs	0		newFullTGDs	5191
nonFullTGDs	2790		fullTGDs	5400			newNonFullTGDs	0		newFullTGDs	5093
nonFullTGDs	2790		fullTGDs	5500			newNonFullTGDs	0		newFullTGDs	4993
nonFullTGDs	2790		fullTGDs	5600			newNonFullTGDs	0		newFullTGDs	4893
nonFullTGDs	2790		fullTGDs	5700			newNonFullTGDs	0		newFullTGDs	4793
nonFullTGDs	2790		fullTGDs	5800			newNonFullTGDs	0		newFullTGDs	4693
nonFullTGDs	2793		fullTGDs	5894			newNonFullTGDs	0		newFullTGDs	4602
nonFullTGDs	2795		fullTGDs	5990			newNonFullTGDs	0		newFullTGDs	4508
nonFullTGDs	2796		fullTGDs	6088			newNonFullTGDs	0		newFullTGDs	4411
nonFullTGDs	2804		fullTGDs	6172			newNonFullTGDs	0		newFullTGDs	4335
nonFullTGDs	2810		fullTGDs	6260			newNonFullTGDs	1		newFullTGDs	4255
nonFullTGDs	2813		fullTGDs	6354			newNonFullTGDs	0		newFullTGDs	4163
nonFullTGDs	2816		fullTGDs	6448			newNonFullTGDs	0		newFullTGDs	4073
nonFullTGDs	2819		fullTGDs	6542			newNonFullTGDs	0		newFullTGDs	3982
nonFullTGDs	2821		fullTGDs	6638			newNonFullTGDs	0		newFullTGDs	3888
nonFullTGDs	2822		fullTGDs	6736			newNonFullTGDs	0		newFullTGDs	3791
nonFullTGDs	2822		fullTGDs	6836			newNonFullTGDs	0		newFullTGDs	3691
nonFullTGDs	2822		fullTGDs	6936			newNonFullTGDs	0		newFullTGDs	3592
nonFullTGDs	2824		fullTGDs	7032			newNonFullTGDs	0		newFullTGDs	3498
nonFullTGDs	2826		fullTGDs	7128			newNonFullTGDs	0		newFullTGDs	3404
nonFullTGDs	2827		fullTGDs	7226			newNonFullTGDs	0		newFullTGDs	3307
nonFullTGDs	2828		fullTGDs	7324			newNonFullTGDs	0		newFullTGDs	3210
nonFullTGDs	2829		fullTGDs	7422			newNonFullTGDs	0		newFullTGDs	3115
nonFullTGDs	2830		fullTGDs	7520			newNonFullTGDs	0		newFullTGDs	3018
nonFullTGDs	2832		fullTGDs	7616			newNonFullTGDs	0		newFullTGDs	2924
nonFullTGDs	2832		fullTGDs	7716			newNonFullTGDs	0		newFullTGDs	2827
nonFullTGDs	2834		fullTGDs	7812			newNonFullTGDs	0		newFullTGDs	2733
nonFullTGDs	2834		fullTGDs	7912			newNonFullTGDs	0		newFullTGDs	2633
nonFullTGDs	2836		fullTGDs	8008			newNonFullTGDs	0		newFullTGDs	2539
nonFullTGDs	2836		fullTGDs	8108			newNonFullTGDs	0		newFullTGDs	2440
nonFullTGDs	2839		fullTGDs	8205			newNonFullTGDs	0		newFullTGDs	2345
nonFullTGDs	2842		fullTGDs	8302			newNonFullTGDs	0		newFullTGDs	2253
nonFullTGDs	2844		fullTGDs	8400			newNonFullTGDs	0		newFullTGDs	2157
nonFullTGDs	2847		fullTGDs	8497			newNonFullTGDs	0		newFullTGDs	2064
nonFullTGDs	2847		fullTGDs	8597			newNonFullTGDs	0		newFullTGDs	1964
nonFullTGDs	2847		fullTGDs	8697			newNonFullTGDs	0		newFullTGDs	1864
nonFullTGDs	2847		fullTGDs	8797			newNonFullTGDs	0		newFullTGDs	1764
nonFullTGDs	2847		fullTGDs	8897			newNonFullTGDs	0		newFullTGDs	1664
nonFullTGDs	2847		fullTGDs	8997			newNonFullTGDs	0		newFullTGDs	1564
nonFullTGDs	2848		fullTGDs	9096			newNonFullTGDs	0		newFullTGDs	1467
nonFullTGDs	2849		fullTGDs	9195			newNonFullTGDs	0		newFullTGDs	1370
nonFullTGDs	2854		fullTGDs	9290			newNonFullTGDs	0		newFullTGDs	1280
nonFullTGDs	2855		fullTGDs	9389			newNonFullTGDs	0		newFullTGDs	1183
nonFullTGDs	2856		fullTGDs	9488			newNonFullTGDs	0		newFullTGDs	1086
nonFullTGDs	2859		fullTGDs	9585			newNonFullTGDs	0		newFullTGDs	992
nonFullTGDs	2859		fullTGDs	9685			newNonFullTGDs	0		newFullTGDs	892
nonFullTGDs	2859		fullTGDs	9785			newNonFullTGDs	0		newFullTGDs	792
nonFullTGDs	2859		fullTGDs	9885			newNonFullTGDs	0		newFullTGDs	692
nonFullTGDs	2860		fullTGDs	9984			newNonFullTGDs	0		newFullTGDs	594
nonFullTGDs	2861		fullTGDs	10083			newNonFullTGDs	0		newFullTGDs	496
nonFullTGDs	2862		fullTGDs	10182			newNonFullTGDs	0		newFullTGDs	398
nonFullTGDs	2862		fullTGDs	10282			newNonFullTGDs	0		newFullTGDs	298
nonFullTGDs	2862		fullTGDs	10382			newNonFullTGDs	0		newFullTGDs	198
nonFullTGDs	2862		fullTGDs	10482			newNonFullTGDs	0		newFullTGDs	98
Nov 23, 2021 8:06:40 AM uk.ac.ox.cs.gsat.SaturationStatistics log
INFO: # initial TGDs: 364 , 666
Nov 23, 2021 8:06:40 AM uk.ac.ox.cs.gsat.SaturationStatistics log
INFO: SkSat total time : 749 ms = 0.75 s
Nov 23, 2021 8:06:40 AM uk.ac.ox.cs.gsat.SaturationStatistics log
INFO: Subsumed elements : 0
Nov 23, 2021 8:06:40 AM uk.ac.ox.cs.gsat.SaturationStatistics log
INFO: Filter discarded elements : 0
Nov 23, 2021 8:06:40 AM uk.ac.ox.cs.gsat.SaturationStatistics log
INFO: subsumption time: 1 ms = 0.00 s
Nov 23, 2021 8:06:40 AM uk.ac.ox.cs.gsat.SaturationStatistics log
INFO: forward subsumption time: 0 ms = 0.00 s
Nov 23, 2021 8:06:40 AM uk.ac.ox.cs.gsat.SaturationStatistics log
INFO: backward subsumption time: 1 ms = 0.00 s
Nov 23, 2021 8:06:40 AM uk.ac.ox.cs.gsat.SaturationStatistics log
INFO: Derived full/non full TGDs: 10405 , 2604
Nov 23, 2021 8:06:40 AM uk.ac.ox.cs.gsat.SaturationStatistics log
INFO: discarded tautology count: 47
Nov 23, 2021 8:06:40 AM uk.ac.ox.cs.gsat.EvolveStatistics log
INFO: Stop because subsumed: 179
Nov 23, 2021 8:06:40 AM uk.ac.ox.cs.gsat.EvolveStatistics log
INFO: evolved equals to current: 0
Nov 23, 2021 8:06:40 AM uk.ac.ox.cs.gsat.EvolveStatistics log
INFO: evolved time: 369 ms = 0.37 s
Nov 23, 2021 8:06:40 AM uk.ac.ox.cs.gsat.EvolveStatistics log
INFO: evolve count: 17873
Nov 23, 2021 8:06:40 AM uk.ac.ox.cs.gsat.SkolemStatistics log
INFO: maximum number of Skolem atoms in body: 1
Nov 23, 2021 8:06:40 AM uk.ac.ox.cs.gsat.SkolemStatistics log
INFO: left derived TGD with Skolem in the body: 0
Nov 23, 2021 8:06:40 AM uk.ac.ox.cs.gsat.SkolemStatistics log
INFO: right derived TGD with Skolem in the body: 9966
Nov 23, 2021 8:06:40 AM uk.ac.ox.cs.gsat.SkolemStatistics log
INFO: derived TGD with more than two Skolem atoms in the body: 0
Nov 23, 2021 8:06:40 AM uk.ac.ox.cs.gsat.AbstractSaturation run
INFO: ouptput full TGDs not contained in the input: 297
Nov 23, 2021 8:06:40 AM uk.ac.ox.cs.gsat.App executeAllSteps
INFO: Rewriting completed!
Full TGD saturation: (661 dependecies)
Nov 23, 2021 8:06:40 AM uk.ac.ox.cs.gsat.App executeAllSteps
INFO: Writing the saturation in the Datalog file 00714.rul
