Starting Saturation...
Executing from OWL files with structural transformation
Initial axioms in the ontology: 669
Full TGD saturation algorithm: Skolem Sat
Running SkSat...
Nov 23, 2021 8:08:05 AM uk.ac.ox.cs.gsat.AbstractSaturation run
INFO: SkSat discarded rules : 0/1413 = 0.000%
SkSat discarded rules : 0/1413 = 0.000%
Nov 23, 2021 8:08:05 AM uk.ac.ox.cs.gsat.AbstractSaturation run
INFO: Subsumption method : disabled
nonFullTGDs	0		fullTGDs	671			newNonFullTGDs	742		newFullTGDs	0
nonFullTGDs	77		fullTGDs	671			newNonFullTGDs	750		newFullTGDs	954
nonFullTGDs	155		fullTGDs	671			newNonFullTGDs	744		newFullTGDs	1931
nonFullTGDs	232		fullTGDs	671			newNonFullTGDs	751		newFullTGDs	2807
nonFullTGDs	308		fullTGDs	671			newNonFullTGDs	730		newFullTGDs	3896
nonFullTGDs	386		fullTGDs	671			newNonFullTGDs	706		newFullTGDs	4851
nonFullTGDs	464		fullTGDs	671			newNonFullTGDs	685		newFullTGDs	5884
nonFullTGDs	541		fullTGDs	671			newNonFullTGDs	705		newFullTGDs	6682
nonFullTGDs	619		fullTGDs	671			newNonFullTGDs	770		newFullTGDs	7356
nonFullTGDs	697		fullTGDs	671			newNonFullTGDs	791		newFullTGDs	8176
nonFullTGDs	775		fullTGDs	671			newNonFullTGDs	828		newFullTGDs	8985
nonFullTGDs	854		fullTGDs	671			newNonFullTGDs	1010		newFullTGDs	9210
nonFullTGDs	934		fullTGDs	671			newNonFullTGDs	1250		newFullTGDs	9210
nonFullTGDs	1014		fullTGDs	671			newNonFullTGDs	1490		newFullTGDs	9210
nonFullTGDs	1090		fullTGDs	671			newNonFullTGDs	1526		newFullTGDs	10145
nonFullTGDs	1165		fullTGDs	671			newNonFullTGDs	1476		newFullTGDs	11520
nonFullTGDs	1248		fullTGDs	671			newNonFullTGDs	1410		newFullTGDs	12268
nonFullTGDs	1348		fullTGDs	671			newNonFullTGDs	1310		newFullTGDs	12268
nonFullTGDs	1448		fullTGDs	671			newNonFullTGDs	1210		newFullTGDs	12268
nonFullTGDs	1548		fullTGDs	671			newNonFullTGDs	1110		newFullTGDs	12268
nonFullTGDs	1648		fullTGDs	671			newNonFullTGDs	1010		newFullTGDs	12268
nonFullTGDs	1748		fullTGDs	671			newNonFullTGDs	910		newFullTGDs	12268
nonFullTGDs	1848		fullTGDs	671			newNonFullTGDs	810		newFullTGDs	12268
nonFullTGDs	1948		fullTGDs	671			newNonFullTGDs	710		newFullTGDs	12268
nonFullTGDs	2048		fullTGDs	671			newNonFullTGDs	610		newFullTGDs	12268
nonFullTGDs	2148		fullTGDs	671			newNonFullTGDs	510		newFullTGDs	12268
nonFullTGDs	2248		fullTGDs	671			newNonFullTGDs	410		newFullTGDs	12268
nonFullTGDs	2348		fullTGDs	671			newNonFullTGDs	310		newFullTGDs	12268
nonFullTGDs	2448		fullTGDs	671			newNonFullTGDs	210		newFullTGDs	12268
nonFullTGDs	2548		fullTGDs	671			newNonFullTGDs	110		newFullTGDs	12268
nonFullTGDs	2648		fullTGDs	671			newNonFullTGDs	10		newFullTGDs	12268
nonFullTGDs	2713		fullTGDs	706			newNonFullTGDs	1		newFullTGDs	12233
nonFullTGDs	2772		fullTGDs	747			newNonFullTGDs	1		newFullTGDs	12192
nonFullTGDs	2838		fullTGDs	781			newNonFullTGDs	0		newFullTGDs	12158
nonFullTGDs	2865		fullTGDs	837			newNonFullTGDs	0		newFullTGDs	12086
nonFullTGDs	2867		fullTGDs	934			newNonFullTGDs	0		newFullTGDs	11992
nonFullTGDs	2869		fullTGDs	1031			newNonFullTGDs	0		newFullTGDs	11897
nonFullTGDs	2871		fullTGDs	1128			newNonFullTGDs	0		newFullTGDs	11802
nonFullTGDs	2872		fullTGDs	1227			newNonFullTGDs	0		newFullTGDs	11704
nonFullTGDs	2876		fullTGDs	1322			newNonFullTGDs	0		newFullTGDs	11612
nonFullTGDs	2877		fullTGDs	1420			newNonFullTGDs	0		newFullTGDs	11516
nonFullTGDs	2879		fullTGDs	1516			newNonFullTGDs	0		newFullTGDs	11422
nonFullTGDs	2880		fullTGDs	1614			newNonFullTGDs	0		newFullTGDs	11326
nonFullTGDs	2880		fullTGDs	1714			newNonFullTGDs	0		newFullTGDs	11228
nonFullTGDs	2881		fullTGDs	1812			newNonFullTGDs	0		newFullTGDs	11131
nonFullTGDs	2882		fullTGDs	1911			newNonFullTGDs	1		newFullTGDs	11034
nonFullTGDs	2885		fullTGDs	2007			newNonFullTGDs	0		newFullTGDs	10940
nonFullTGDs	2886		fullTGDs	2105			newNonFullTGDs	0		newFullTGDs	10843
nonFullTGDs	2888		fullTGDs	2201			newNonFullTGDs	0		newFullTGDs	10750
nonFullTGDs	2890		fullTGDs	2298			newNonFullTGDs	0		newFullTGDs	10655
nonFullTGDs	2892		fullTGDs	2395			newNonFullTGDs	0		newFullTGDs	10560
nonFullTGDs	2893		fullTGDs	2493			newNonFullTGDs	0		newFullTGDs	10464
nonFullTGDs	2893		fullTGDs	2593			newNonFullTGDs	0		newFullTGDs	10367
nonFullTGDs	2894		fullTGDs	2691			newNonFullTGDs	0		newFullTGDs	10270
nonFullTGDs	2896		fullTGDs	2788			newNonFullTGDs	0		newFullTGDs	10175
nonFullTGDs	2897		fullTGDs	2887			newNonFullTGDs	0		newFullTGDs	10077
nonFullTGDs	2897		fullTGDs	2987			newNonFullTGDs	0		newFullTGDs	9977
nonFullTGDs	2898		fullTGDs	3085			newNonFullTGDs	0		newFullTGDs	9882
nonFullTGDs	2899		fullTGDs	3183			newNonFullTGDs	0		newFullTGDs	9786
nonFullTGDs	2899		fullTGDs	3283			newNonFullTGDs	0		newFullTGDs	9688
nonFullTGDs	2900		fullTGDs	3382			newNonFullTGDs	0		newFullTGDs	9590
nonFullTGDs	2903		fullTGDs	3477			newNonFullTGDs	0		newFullTGDs	9499
nonFullTGDs	2906		fullTGDs	3572			newNonFullTGDs	1		newFullTGDs	9408
nonFullTGDs	2908		fullTGDs	3669			newNonFullTGDs	0		newFullTGDs	9313
nonFullTGDs	2908		fullTGDs	3769			newNonFullTGDs	0		newFullTGDs	9213
nonFullTGDs	2909		fullTGDs	3867			newNonFullTGDs	0		newFullTGDs	9118
nonFullTGDs	2911		fullTGDs	3963			newNonFullTGDs	0		newFullTGDs	9025
nonFullTGDs	2912		fullTGDs	4061			newNonFullTGDs	0		newFullTGDs	8928
nonFullTGDs	2914		fullTGDs	4157			newNonFullTGDs	0		newFullTGDs	8834
nonFullTGDs	2917		fullTGDs	4251			newNonFullTGDs	0		newFullTGDs	8743
nonFullTGDs	2919		fullTGDs	4348			newNonFullTGDs	0		newFullTGDs	8648
nonFullTGDs	2921		fullTGDs	4444			newNonFullTGDs	0		newFullTGDs	8554
nonFullTGDs	2923		fullTGDs	4542			newNonFullTGDs	0		newFullTGDs	8458
nonFullTGDs	2925		fullTGDs	4638			newNonFullTGDs	0		newFullTGDs	8365
nonFullTGDs	2926		fullTGDs	4736			newNonFullTGDs	0		newFullTGDs	8270
nonFullTGDs	2928		fullTGDs	4833			newNonFullTGDs	0		newFullTGDs	8174
nonFullTGDs	2931		fullTGDs	4929			newNonFullTGDs	0		newFullTGDs	8081
nonFullTGDs	2932		fullTGDs	5027			newNonFullTGDs	0		newFullTGDs	7984
nonFullTGDs	2933		fullTGDs	5126			newNonFullTGDs	0		newFullTGDs	7886
nonFullTGDs	2934		fullTGDs	5224			newNonFullTGDs	0		newFullTGDs	7789
nonFullTGDs	2935		fullTGDs	5322			newNonFullTGDs	0		newFullTGDs	7694
nonFullTGDs	2936		fullTGDs	5420			newNonFullTGDs	0		newFullTGDs	7599
nonFullTGDs	2936		fullTGDs	5520			newNonFullTGDs	0		newFullTGDs	7500
nonFullTGDs	2938		fullTGDs	5617			newNonFullTGDs	0		newFullTGDs	7405
nonFullTGDs	2938		fullTGDs	5717			newNonFullTGDs	0		newFullTGDs	7306
nonFullTGDs	2938		fullTGDs	5817			newNonFullTGDs	0		newFullTGDs	7206
nonFullTGDs	2938		fullTGDs	5917			newNonFullTGDs	0		newFullTGDs	7106
nonFullTGDs	2938		fullTGDs	6017			newNonFullTGDs	0		newFullTGDs	7006
nonFullTGDs	2938		fullTGDs	6117			newNonFullTGDs	0		newFullTGDs	6906
nonFullTGDs	2938		fullTGDs	6217			newNonFullTGDs	0		newFullTGDs	6806
nonFullTGDs	2938		fullTGDs	6317			newNonFullTGDs	0		newFullTGDs	6706
nonFullTGDs	2938		fullTGDs	6417			newNonFullTGDs	0		newFullTGDs	6606
nonFullTGDs	2938		fullTGDs	6517			newNonFullTGDs	0		newFullTGDs	6506
nonFullTGDs	2938		fullTGDs	6617			newNonFullTGDs	0		newFullTGDs	6406
nonFullTGDs	2938		fullTGDs	6717			newNonFullTGDs	0		newFullTGDs	6306
nonFullTGDs	2938		fullTGDs	6817			newNonFullTGDs	0		newFullTGDs	6206
nonFullTGDs	2938		fullTGDs	6917			newNonFullTGDs	0		newFullTGDs	6106
nonFullTGDs	2938		fullTGDs	7017			newNonFullTGDs	0		newFullTGDs	6006
nonFullTGDs	2938		fullTGDs	7117			newNonFullTGDs	0		newFullTGDs	5908
nonFullTGDs	2938		fullTGDs	7217			newNonFullTGDs	0		newFullTGDs	5808
nonFullTGDs	2938		fullTGDs	7317			newNonFullTGDs	0		newFullTGDs	5708
nonFullTGDs	2938		fullTGDs	7417			newNonFullTGDs	0		newFullTGDs	5608
nonFullTGDs	2938		fullTGDs	7517			newNonFullTGDs	0		newFullTGDs	5508
nonFullTGDs	2940		fullTGDs	7613			newNonFullTGDs	0		newFullTGDs	5415
nonFullTGDs	2946		fullTGDs	7701			newNonFullTGDs	0		newFullTGDs	5334
nonFullTGDs	2947		fullTGDs	7800			newNonFullTGDs	1		newFullTGDs	5237
nonFullTGDs	2952		fullTGDs	7889			newNonFullTGDs	0		newFullTGDs	5153
nonFullTGDs	2955		fullTGDs	7983			newNonFullTGDs	0		newFullTGDs	5063
nonFullTGDs	2960		fullTGDs	8073			newNonFullTGDs	0		newFullTGDs	4978
nonFullTGDs	2962		fullTGDs	8169			newNonFullTGDs	0		newFullTGDs	4884
nonFullTGDs	2966		fullTGDs	8261			newNonFullTGDs	1		newFullTGDs	4797
nonFullTGDs	2969		fullTGDs	8355			newNonFullTGDs	0		newFullTGDs	4705
nonFullTGDs	2971		fullTGDs	8451			newNonFullTGDs	0		newFullTGDs	4611
nonFullTGDs	2972		fullTGDs	8549			newNonFullTGDs	0		newFullTGDs	4515
nonFullTGDs	2973		fullTGDs	8647			newNonFullTGDs	0		newFullTGDs	4418
nonFullTGDs	2974		fullTGDs	8745			newNonFullTGDs	0		newFullTGDs	4321
nonFullTGDs	2977		fullTGDs	8839			newNonFullTGDs	0		newFullTGDs	4230
nonFullTGDs	2979		fullTGDs	8935			newNonFullTGDs	0		newFullTGDs	4136
nonFullTGDs	2980		fullTGDs	9033			newNonFullTGDs	0		newFullTGDs	4039
nonFullTGDs	2982		fullTGDs	9130			newNonFullTGDs	1		newFullTGDs	3944
nonFullTGDs	2985		fullTGDs	9223			newNonFullTGDs	0		newFullTGDs	3854
nonFullTGDs	2985		fullTGDs	9323			newNonFullTGDs	0		newFullTGDs	3754
nonFullTGDs	2987		fullTGDs	9419			newNonFullTGDs	0		newFullTGDs	3662
nonFullTGDs	2989		fullTGDs	9515			newNonFullTGDs	0		newFullTGDs	3567
nonFullTGDs	2991		fullTGDs	9611			newNonFullTGDs	0		newFullTGDs	3473
nonFullTGDs	2991		fullTGDs	9711			newNonFullTGDs	0		newFullTGDs	3373
nonFullTGDs	2992		fullTGDs	9809			newNonFullTGDs	0		newFullTGDs	3276
nonFullTGDs	2993		fullTGDs	9907			newNonFullTGDs	0		newFullTGDs	3179
nonFullTGDs	2994		fullTGDs	10005			newNonFullTGDs	0		newFullTGDs	3082
nonFullTGDs	2996		fullTGDs	10103			newNonFullTGDs	0		newFullTGDs	2987
nonFullTGDs	3001		fullTGDs	10198			newNonFullTGDs	0		newFullTGDs	2897
nonFullTGDs	3004		fullTGDs	10295			newNonFullTGDs	0		newFullTGDs	2804
nonFullTGDs	3004		fullTGDs	10395			newNonFullTGDs	0		newFullTGDs	2705
nonFullTGDs	3004		fullTGDs	10495			newNonFullTGDs	0		newFullTGDs	2606
nonFullTGDs	3005		fullTGDs	10594			newNonFullTGDs	0		newFullTGDs	2508
nonFullTGDs	3005		fullTGDs	10694			newNonFullTGDs	0		newFullTGDs	2408
nonFullTGDs	3005		fullTGDs	10794			newNonFullTGDs	0		newFullTGDs	2308
nonFullTGDs	3005		fullTGDs	10894			newNonFullTGDs	0		newFullTGDs	2208
nonFullTGDs	3005		fullTGDs	10994			newNonFullTGDs	0		newFullTGDs	2108
nonFullTGDs	3005		fullTGDs	11094			newNonFullTGDs	0		newFullTGDs	2008
nonFullTGDs	3005		fullTGDs	11194			newNonFullTGDs	0		newFullTGDs	1908
nonFullTGDs	3007		fullTGDs	11292			newNonFullTGDs	0		newFullTGDs	1812
nonFullTGDs	3007		fullTGDs	11392			newNonFullTGDs	0		newFullTGDs	1713
nonFullTGDs	3008		fullTGDs	11491			newNonFullTGDs	0		newFullTGDs	1615
nonFullTGDs	3008		fullTGDs	11591			newNonFullTGDs	0		newFullTGDs	1515
nonFullTGDs	3008		fullTGDs	11691			newNonFullTGDs	0		newFullTGDs	1415
nonFullTGDs	3008		fullTGDs	11791			newNonFullTGDs	0		newFullTGDs	1315
nonFullTGDs	3008		fullTGDs	11891			newNonFullTGDs	0		newFullTGDs	1215
nonFullTGDs	3009		fullTGDs	11990			newNonFullTGDs	0		newFullTGDs	1117
nonFullTGDs	3010		fullTGDs	12089			newNonFullTGDs	0		newFullTGDs	1021
nonFullTGDs	3010		fullTGDs	12189			newNonFullTGDs	0		newFullTGDs	921
nonFullTGDs	3010		fullTGDs	12289			newNonFullTGDs	0		newFullTGDs	821
nonFullTGDs	3011		fullTGDs	12388			newNonFullTGDs	0		newFullTGDs	724
nonFullTGDs	3011		fullTGDs	12488			newNonFullTGDs	0		newFullTGDs	624
nonFullTGDs	3011		fullTGDs	12588			newNonFullTGDs	0		newFullTGDs	524
nonFullTGDs	3011		fullTGDs	12688			newNonFullTGDs	0		newFullTGDs	424
nonFullTGDs	3011		fullTGDs	12788			newNonFullTGDs	0		newFullTGDs	324
nonFullTGDs	3011		fullTGDs	12888			newNonFullTGDs	0		newFullTGDs	224
nonFullTGDs	3011		fullTGDs	12988			newNonFullTGDs	0		newFullTGDs	124
nonFullTGDs	3011		fullTGDs	13088			newNonFullTGDs	0		newFullTGDs	24
Nov 23, 2021 8:08:05 AM uk.ac.ox.cs.gsat.SaturationStatistics log
INFO: # initial TGDs: 671 , 742
Nov 23, 2021 8:08:06 AM uk.ac.ox.cs.gsat.SaturationStatistics log
INFO: SkSat total time : 828 ms = 0.83 s
Nov 23, 2021 8:08:06 AM uk.ac.ox.cs.gsat.SaturationStatistics log
INFO: Subsumed elements : 0
Nov 23, 2021 8:08:06 AM uk.ac.ox.cs.gsat.SaturationStatistics log
INFO: Filter discarded elements : 0
Nov 23, 2021 8:08:06 AM uk.ac.ox.cs.gsat.SaturationStatistics log
INFO: subsumption time: 1 ms = 0.00 s
Nov 23, 2021 8:08:06 AM uk.ac.ox.cs.gsat.SaturationStatistics log
INFO: forward subsumption time: 1 ms = 0.00 s
Nov 23, 2021 8:08:06 AM uk.ac.ox.cs.gsat.SaturationStatistics log
INFO: backward subsumption time: 1 ms = 0.00 s
Nov 23, 2021 8:08:06 AM uk.ac.ox.cs.gsat.SaturationStatistics log
INFO: Derived full/non full TGDs: 12664 , 2724
Nov 23, 2021 8:08:06 AM uk.ac.ox.cs.gsat.SaturationStatistics log
INFO: discarded tautology count: 59
Nov 23, 2021 8:08:06 AM uk.ac.ox.cs.gsat.EvolveStatistics log
INFO: Stop because subsumed: 190
Nov 23, 2021 8:08:06 AM uk.ac.ox.cs.gsat.EvolveStatistics log
INFO: evolved equals to current: 0
Nov 23, 2021 8:08:06 AM uk.ac.ox.cs.gsat.EvolveStatistics log
INFO: evolved time: 354 ms = 0.35 s
Nov 23, 2021 8:08:06 AM uk.ac.ox.cs.gsat.EvolveStatistics log
INFO: evolve count: 21399
Nov 23, 2021 8:08:06 AM uk.ac.ox.cs.gsat.SkolemStatistics log
INFO: maximum number of Skolem atoms in body: 1
Nov 23, 2021 8:08:06 AM uk.ac.ox.cs.gsat.SkolemStatistics log
INFO: left derived TGD with Skolem in the body: 0
Nov 23, 2021 8:08:06 AM uk.ac.ox.cs.gsat.SkolemStatistics log
INFO: right derived TGD with Skolem in the body: 12180
Nov 23, 2021 8:08:06 AM uk.ac.ox.cs.gsat.SkolemStatistics log
INFO: derived TGD with more than two Skolem atoms in the body: 0
Nov 23, 2021 8:08:06 AM uk.ac.ox.cs.gsat.AbstractSaturation run
INFO: ouptput full TGDs not contained in the input: 320
Nov 23, 2021 8:08:06 AM uk.ac.ox.cs.gsat.App executeAllSteps
INFO: Rewriting completed!
Full TGD saturation: (991 dependecies)
Nov 23, 2021 8:08:06 AM uk.ac.ox.cs.gsat.App executeAllSteps
INFO: Writing the saturation in the Datalog file 00726.rul
