Starting Saturation...
Executing from OWL files with structural transformation
Initial axioms in the ontology: 222048
Full TGD saturation algorithm: Skolem Sat
Running SkSat...
Nov 23, 2021 8:24:45 AM uk.ac.ox.cs.gsat.AbstractSaturation run
INFO: SkSat discarded rules : 0/283140 = 0.000%
SkSat discarded rules : 0/283140 = 0.000%
Nov 23, 2021 8:24:49 AM uk.ac.ox.cs.gsat.AbstractSaturation run
INFO: Subsumption method : disabled
nonFullTGDs	0		fullTGDs	188910			newNonFullTGDs	86281		newFullTGDs	0
nonFullTGDs	73		fullTGDs	188910			newNonFullTGDs	86275		newFullTGDs	77542
nonFullTGDs	147		fullTGDs	188910			newNonFullTGDs	86271		newFullTGDs	120506
nonFullTGDs	219		fullTGDs	188910			newNonFullTGDs	86265		newFullTGDs	193496
nonFullTGDs	290		fullTGDs	188910			newNonFullTGDs	86260		newFullTGDs	234184
nonFullTGDs	369		fullTGDs	188910			newNonFullTGDs	86247		newFullTGDs	286252
nonFullTGDs	450		fullTGDs	188910			newNonFullTGDs	86247		newFullTGDs	301073
nonFullTGDs	511		fullTGDs	188910			newNonFullTGDs	86238		newFullTGDs	301073
nonFullTGDs	589		fullTGDs	188910			newNonFullTGDs	86231		newFullTGDs	348162
nonFullTGDs	667		fullTGDs	188910			newNonFullTGDs	86227		newFullTGDs	429538
nonFullTGDs	739		fullTGDs	188910			newNonFullTGDs	86218		newFullTGDs	440200
nonFullTGDs	816		fullTGDs	188910			newNonFullTGDs	86212		newFullTGDs	485440
nonFullTGDs	897		fullTGDs	188910			newNonFullTGDs	86199		newFullTGDs	534873
nonFullTGDs	975		fullTGDs	188910			newNonFullTGDs	86188		newFullTGDs	551645
nonFullTGDs	1054		fullTGDs	188910			newNonFullTGDs	86180		newFullTGDs	601044
nonFullTGDs	1135		fullTGDs	188910			newNonFullTGDs	86172		newFullTGDs	688821
nonFullTGDs	1207		fullTGDs	188910			newNonFullTGDs	86167		newFullTGDs	692980
nonFullTGDs	1283		fullTGDs	188910			newNonFullTGDs	86156		newFullTGDs	776598
nonFullTGDs	1363		fullTGDs	188910			newNonFullTGDs	86146		newFullTGDs	860216
nonFullTGDs	1441		fullTGDs	188910			newNonFullTGDs	86142		newFullTGDs	864768
nonFullTGDs	1525		fullTGDs	188910			newNonFullTGDs	86128		newFullTGDs	952904
nonFullTGDs	1589		fullTGDs	188910			newNonFullTGDs	86122		newFullTGDs	1030053
nonFullTGDs	1662		fullTGDs	188910			newNonFullTGDs	86116		newFullTGDs	1036488
nonFullTGDs	1742		fullTGDs	188910			newNonFullTGDs	86109		newFullTGDs	1124299
nonFullTGDs	1818		fullTGDs	188910			newNonFullTGDs	86101		newFullTGDs	1164953
nonFullTGDs	1891		fullTGDs	188910			newNonFullTGDs	86095		newFullTGDs	1175581
nonFullTGDs	1967		fullTGDs	188910			newNonFullTGDs	86086		newFullTGDs	1257282
nonFullTGDs	2037		fullTGDs	188910			newNonFullTGDs	86083		newFullTGDs	1259558
nonFullTGDs	2115		fullTGDs	188910			newNonFullTGDs	86076		newFullTGDs	1308598
nonFullTGDs	2186		fullTGDs	188910			newNonFullTGDs	86068		newFullTGDs	1389906
nonFullTGDs	2261		fullTGDs	188910			newNonFullTGDs	86063		newFullTGDs	1499391
nonFullTGDs	2334		fullTGDs	188910			newNonFullTGDs	86053		newFullTGDs	1512329
nonFullTGDs	2409		fullTGDs	188910			newNonFullTGDs	86043		newFullTGDs	1598223
nonFullTGDs	2482		fullTGDs	188910			newNonFullTGDs	86037		newFullTGDs	1671213
nonFullTGDs	2548		fullTGDs	188910			newNonFullTGDs	86033		newFullTGDs	1711901
nonFullTGDs	2626		fullTGDs	188910			newNonFullTGDs	86024		newFullTGDs	1765100
nonFullTGDs	2706		fullTGDs	188910			newNonFullTGDs	86013		newFullTGDs	1955961
nonFullTGDs	2783		fullTGDs	188910			newNonFullTGDs	86001		newFullTGDs	2007277
nonFullTGDs	2850		fullTGDs	188910			newNonFullTGDs	85997		newFullTGDs	2011470
nonFullTGDs	2919		fullTGDs	188910			newNonFullTGDs	86001		newFullTGDs	2047965
nonFullTGDs	2998		fullTGDs	188910			newNonFullTGDs	85987		newFullTGDs	2133500
nonFullTGDs	3065		fullTGDs	188910			newNonFullTGDs	85979		newFullTGDs	2176464
nonFullTGDs	3142		fullTGDs	188910			newNonFullTGDs	85970		newFullTGDs	2290501
nonFullTGDs	3221		fullTGDs	188910			newNonFullTGDs	85966		newFullTGDs	2337590
nonFullTGDs	3289		fullTGDs	188910			newNonFullTGDs	85959		newFullTGDs	2344025
nonFullTGDs	3364		fullTGDs	188910			newNonFullTGDs	85953		newFullTGDs	2360695
nonFullTGDs	3436		fullTGDs	188910			newNonFullTGDs	85946		newFullTGDs	2401349
nonFullTGDs	3514		fullTGDs	188910			newNonFullTGDs	85939		newFullTGDs	2411977
nonFullTGDs	3590		fullTGDs	188910			newNonFullTGDs	85933		newFullTGDs	2424881
nonFullTGDs	3660		fullTGDs	188910			newNonFullTGDs	85924		newFullTGDs	2442012
nonFullTGDs	3733		fullTGDs	188910			newNonFullTGDs	85917		newFullTGDs	2519554
nonFullTGDs	3799		fullTGDs	188910			newNonFullTGDs	85914		newFullTGDs	2519554
nonFullTGDs	3876		fullTGDs	188910			newNonFullTGDs	85905		newFullTGDs	2635474
nonFullTGDs	3955		fullTGDs	188910			newNonFullTGDs	85897		newFullTGDs	2680680
nonFullTGDs	4031		fullTGDs	188910			newNonFullTGDs	85893		newFullTGDs	2693191
nonFullTGDs	4107		fullTGDs	188910			newNonFullTGDs	85884		newFullTGDs	2744473
nonFullTGDs	4183		fullTGDs	188910			newNonFullTGDs	85874		newFullTGDs	2785127
nonFullTGDs	4253		fullTGDs	188910			newNonFullTGDs	85870		newFullTGDs	2864552
nonFullTGDs	4334		fullTGDs	188910			newNonFullTGDs	85857		newFullTGDs	2950446
nonFullTGDs	4416		fullTGDs	188910			newNonFullTGDs	85853		newFullTGDs	2954998
nonFullTGDs	4484		fullTGDs	188910			newNonFullTGDs	85847		newFullTGDs	2961826
nonFullTGDs	4560		fullTGDs	188910			newNonFullTGDs	85838		newFullTGDs	3009342
nonFullTGDs	4636		fullTGDs	188910			newNonFullTGDs	85830		newFullTGDs	3086491
nonFullTGDs	4712		fullTGDs	188910			newNonFullTGDs	85825		newFullTGDs	3095236
nonFullTGDs	4793		fullTGDs	188910			newNonFullTGDs	85815		newFullTGDs	3213466
nonFullTGDs	4866		fullTGDs	188910			newNonFullTGDs	85804		newFullTGDs	3226011
nonFullTGDs	4947		fullTGDs	188910			newNonFullTGDs	85797		newFullTGDs	3311905
nonFullTGDs	5025		fullTGDs	188910			newNonFullTGDs	85789		newFullTGDs	3384895
nonFullTGDs	5092		fullTGDs	188910			newNonFullTGDs	85784		newFullTGDs	3432018
nonFullTGDs	5177		fullTGDs	188910			newNonFullTGDs	85772		newFullTGDs	3449115
nonFullTGDs	5252		fullTGDs	188910			newNonFullTGDs	85762		newFullTGDs	3500431
nonFullTGDs	5335		fullTGDs	188910			newNonFullTGDs	85753		newFullTGDs	3549437
nonFullTGDs	5415		fullTGDs	188910			newNonFullTGDs	85745		newFullTGDs	3637248
nonFullTGDs	5495		fullTGDs	188910			newNonFullTGDs	85742		newFullTGDs	3645993
nonFullTGDs	5563		fullTGDs	188910			newNonFullTGDs	85738		newFullTGDs	3654345
nonFullTGDs	5634		fullTGDs	188910			newNonFullTGDs	85728		newFullTGDs	3695392
nonFullTGDs	5713		fullTGDs	188910			newNonFullTGDs	85721		newFullTGDs	3706054
nonFullTGDs	5787		fullTGDs	188910			newNonFullTGDs	85718		newFullTGDs	3749018
nonFullTGDs	5855		fullTGDs	188910			newNonFullTGDs	85709		newFullTGDs	3757336
nonFullTGDs	5932		fullTGDs	188910			newNonFullTGDs	85704		newFullTGDs	3802183
nonFullTGDs	6012		fullTGDs	188910			newNonFullTGDs	85695		newFullTGDs	3849340
nonFullTGDs	6088		fullTGDs	188910			newNonFullTGDs	85694		newFullTGDs	3894187
nonFullTGDs	6162		fullTGDs	188910			newNonFullTGDs	85682		newFullTGDs	3943159
nonFullTGDs	6230		fullTGDs	188910			newNonFullTGDs	85680		newFullTGDs	3983813
nonFullTGDs	6296		fullTGDs	188910			newNonFullTGDs	85677		newFullTGDs	3983813
nonFullTGDs	6373		fullTGDs	188910			newNonFullTGDs	85671		newFullTGDs	4073507
nonFullTGDs	6447		fullTGDs	188910			newNonFullTGDs	85661		newFullTGDs	4187151
nonFullTGDs	6524		fullTGDs	188910			newNonFullTGDs	85654		newFullTGDs	4193620
nonFullTGDs	6602		fullTGDs	188910			newNonFullTGDs	85647		newFullTGDs	4240777
nonFullTGDs	6678		fullTGDs	188910			newNonFullTGDs	85642		newFullTGDs	4253288
nonFullTGDs	6757		fullTGDs	188910			newNonFullTGDs	85627		newFullTGDs	4341065
nonFullTGDs	6839		fullTGDs	188910			newNonFullTGDs	85622		newFullTGDs	4394298
nonFullTGDs	6917		fullTGDs	188910			newNonFullTGDs	85614		newFullTGDs	4407236
nonFullTGDs	6995		fullTGDs	188910			newNonFullTGDs	85602		newFullTGDs	4525107
nonFullTGDs	7071		fullTGDs	188910			newNonFullTGDs	85599		newFullTGDs	4537618
nonFullTGDs	7144		fullTGDs	188910			newNonFullTGDs	122083		newFullTGDs	4586590
nonFullTGDs	7219		fullTGDs	188910			newNonFullTGDs	122069		newFullTGDs	4666049
nonFullTGDs	7295		fullTGDs	188910			newNonFullTGDs	122060		newFullTGDs	4715414
nonFullTGDs	7366		fullTGDs	188910			newNonFullTGDs	122054		newFullTGDs	4756461
nonFullTGDs	7443		fullTGDs	188910			newNonFullTGDs	122049		newFullTGDs	4799425
nonFullTGDs	7515		fullTGDs	188910			newNonFullTGDs	122040		newFullTGDs	4910793
nonFullTGDs	7593		fullTGDs	188910			newNonFullTGDs	122031		newFullTGDs	5026713
nonFullTGDs	7667		fullTGDs	188910			newNonFullTGDs	122028		newFullTGDs	5071560
nonFullTGDs	7744		fullTGDs	188910			newNonFullTGDs	122013		newFullTGDs	5125118
nonFullTGDs	7823		fullTGDs	188910			newNonFullTGDs	122003		newFullTGDs	5208702
nonFullTGDs	7895		fullTGDs	188910			newNonFullTGDs	121999		newFullTGDs	5251666
nonFullTGDs	7962		fullTGDs	188910			newNonFullTGDs	121994		newFullTGDs	5292354
nonFullTGDs	8036		fullTGDs	188910			newNonFullTGDs	121992		newFullTGDs	5335318
nonFullTGDs	8111		fullTGDs	188910			newNonFullTGDs	121986		newFullTGDs	5339477
nonFullTGDs	8192		fullTGDs	188910			newNonFullTGDs	121973		newFullTGDs	5427288
nonFullTGDs	8272		fullTGDs	188910			newNonFullTGDs	121963		newFullTGDs	5508989
nonFullTGDs	8359		fullTGDs	188910			newNonFullTGDs	121954		newFullTGDs	5596800
nonFullTGDs	8436		fullTGDs	188910			newNonFullTGDs	121945		newFullTGDs	5611587
nonFullTGDs	8500		fullTGDs	188910			newNonFullTGDs	121942		newFullTGDs	5613863
nonFullTGDs	8572		fullTGDs	188910			newNonFullTGDs	121936		newFullTGDs	5656827
nonFullTGDs	8654		fullTGDs	188910			newNonFullTGDs	121926		newFullTGDs	5712302
nonFullTGDs	8733		fullTGDs	188910			newNonFullTGDs	121916		newFullTGDs	5794037
nonFullTGDs	8809		fullTGDs	188910			newNonFullTGDs	121907		newFullTGDs	5903522
nonFullTGDs	8887		fullTGDs	188910			newNonFullTGDs	121896		newFullTGDs	6021325
nonFullTGDs	8955		fullTGDs	188910			newNonFullTGDs	121889		newFullTGDs	6104909
nonFullTGDs	9032		fullTGDs	188910			newNonFullTGDs	121888		newFullTGDs	6143680
nonFullTGDs	9103		fullTGDs	188910			newNonFullTGDs	121882		newFullTGDs	6188886
nonFullTGDs	9172		fullTGDs	188910			newNonFullTGDs	121875		newFullTGDs	6261876
nonFullTGDs	9242		fullTGDs	188910			newNonFullTGDs	121870		newFullTGDs	6334866
nonFullTGDs	9324		fullTGDs	188910			newNonFullTGDs	121861		newFullTGDs	6448544
nonFullTGDs	9394		fullTGDs	188910			newNonFullTGDs	121856		newFullTGDs	6521534
nonFullTGDs	9466		fullTGDs	188910			newNonFullTGDs	121851		newFullTGDs	6564498
nonFullTGDs	9543		fullTGDs	188910			newNonFullTGDs	121841		newFullTGDs	6715030
nonFullTGDs	9619		fullTGDs	188910			newNonFullTGDs	121832		newFullTGDs	6861010
nonFullTGDs	9703		fullTGDs	188910			newNonFullTGDs	121818		newFullTGDs	6946545
nonFullTGDs	9780		fullTGDs	188910			newNonFullTGDs	121809		newFullTGDs	7002413
nonFullTGDs	9857		fullTGDs	188910			newNonFullTGDs	121806		newFullTGDs	7043067
nonFullTGDs	9928		fullTGDs	188910			newNonFullTGDs	121793		newFullTGDs	7090190
nonFullTGDs	10002		fullTGDs	188910			newNonFullTGDs	121791		newFullTGDs	7163180
nonFullTGDs	10078		fullTGDs	188910			newNonFullTGDs	121783		newFullTGDs	7279134
Nov 23, 2021 8:36:15 AM uk.ac.ox.cs.gsat.SaturationStatistics log
INFO: # initial TGDs: 188910 , 86281
Nov 23, 2021 8:36:15 AM uk.ac.ox.cs.gsat.SaturationStatistics log
INFO: SkSat total time : 690119 ms = 690.12 s
Nov 23, 2021 8:36:15 AM uk.ac.ox.cs.gsat.SaturationStatistics log
INFO: Subsumed elements : 0
Nov 23, 2021 8:36:15 AM uk.ac.ox.cs.gsat.SaturationStatistics log
INFO: Filter discarded elements : 0
Nov 23, 2021 8:36:15 AM uk.ac.ox.cs.gsat.SaturationStatistics log
INFO: subsumption time: 395 ms = 0.39 s
Nov 23, 2021 8:36:15 AM uk.ac.ox.cs.gsat.SaturationStatistics log
INFO: forward subsumption time: 192 ms = 0.19 s
Nov 23, 2021 8:36:15 AM uk.ac.ox.cs.gsat.SaturationStatistics log
INFO: backward subsumption time: 203 ms = 0.20 s
Nov 23, 2021 8:36:15 AM uk.ac.ox.cs.gsat.SaturationStatistics log
INFO: Derived full/non full TGDs: 7315629 , 49517
Nov 23, 2021 8:36:15 AM uk.ac.ox.cs.gsat.SaturationStatistics log
INFO: discarded tautology count: 0
Nov 23, 2021 8:36:15 AM uk.ac.ox.cs.gsat.SaturationStatistics log
INFO: !!! TIME OUT !!!
Nov 23, 2021 8:36:15 AM uk.ac.ox.cs.gsat.EvolveStatistics log
INFO: Stop because subsumed: 0
Nov 23, 2021 8:36:15 AM uk.ac.ox.cs.gsat.EvolveStatistics log
INFO: evolved equals to current: 0
Nov 23, 2021 8:36:15 AM uk.ac.ox.cs.gsat.EvolveStatistics log
INFO: evolved time: 147080 ms = 147.08 s
Nov 23, 2021 8:36:15 AM uk.ac.ox.cs.gsat.EvolveStatistics log
INFO: evolve count: 7368828
Nov 23, 2021 8:36:15 AM uk.ac.ox.cs.gsat.SkolemStatistics log
INFO: maximum number of Skolem atoms in body: 1
Nov 23, 2021 8:36:15 AM uk.ac.ox.cs.gsat.SkolemStatistics log
INFO: left derived TGD with Skolem in the body: 0
Nov 23, 2021 8:36:15 AM uk.ac.ox.cs.gsat.SkolemStatistics log
INFO: right derived TGD with Skolem in the body: 7315460
Nov 23, 2021 8:36:15 AM uk.ac.ox.cs.gsat.SkolemStatistics log
INFO: derived TGD with more than two Skolem atoms in the body: 0
Nov 23, 2021 8:36:15 AM uk.ac.ox.cs.gsat.AbstractSaturation run
INFO: ouptput full TGDs not contained in the input: 169
Nov 23, 2021 8:36:15 AM uk.ac.ox.cs.gsat.App executeAllSteps
INFO: Rewriting completed!
Full TGD saturation: (189079 dependecies)
Nov 23, 2021 8:36:15 AM uk.ac.ox.cs.gsat.App executeAllSteps
INFO: Writing the saturation in the Datalog file 00760.rul
