Starting Saturation...
Executing from DLGP files
SLF4J: Failed to load class "org.slf4j.impl.StaticLoggerBinder".
SLF4J: Defaulting to no-operation (NOP) logger implementation
SLF4J: See http://www.slf4j.org/codes.html#StaticLoggerBinder for further details.
# Rules: 5; # Atoms: 0; # AtomSets: 0; # Queries: 0; # Constraints: 0
Full TGD saturation algorithm: Skolemized Sat
Running SkSat...
May 14, 2021 3:50:46 AM uk.ac.ox.cs.gsat.EvolveBasedSat run
INFO: SkSat discarded rules : 0/5 = 0.000%
SkSat discarded rules : 0/5 = 0.000%
May 14, 2021 3:50:46 AM uk.ac.ox.cs.gsat.EvolveBasedSat run
INFO: Subsumption method : tree_atom
May 14, 2021 3:50:46 AM uk.ac.ox.cs.gsat.EvolveBasedSat run
INFO: # initial TGDs: 4 , 1
nonFullTGDs	0		fullTGDs	4			newNonFullTGDs	1		newFullTGDs	0
May 14, 2021 3:50:46 AM uk.ac.ox.cs.gsat.EvolveBasedSat run
INFO: GSat total time : 113 ms = 0.11 s
May 14, 2021 3:50:46 AM uk.ac.ox.cs.gsat.EvolveBasedSat run
INFO: Subsumed elements : 0
May 14, 2021 3:50:46 AM uk.ac.ox.cs.gsat.EvolveBasedSat run
INFO: Filter discarded elements : 0
May 14, 2021 3:50:46 AM uk.ac.ox.cs.gsat.EvolveBasedSat run
INFO: Derived full/non full TGDs: 0 , 1
May 14, 2021 3:50:46 AM uk.ac.ox.cs.gsat.EvolveBasedSat run
INFO: ouptput full TGDs not contained in the input: 0
May 14, 2021 3:50:46 AM uk.ac.ox.cs.gsat.App executeAllSteps
INFO: Rewriting completed!
Full TGD saturation: (4 dependecies)
=========================================
http://www.w3.org/2000/01/rdf-schema#label(SkSat_u2,SkSat_u1) & http://www.daml.org/2002/10/sndl/unit-ont#Unit(SkSat_u2) → http://www.w3.org/2001/XMLSchema#string(SkSat_u1)
http://www.daml.org/2002/10/sndl/unit-ont#reportsTo(SkSat_u2,SkSat_u1) & http://www.daml.org/2002/10/sndl/unit-ont#Unit(SkSat_u2) → http://www.daml.org/2002/10/sndl/unit-ont#Unit(SkSat_u1)
http://www.daml.org/2002/10/sndl/unit-ont#detachmentOf(SkSat_u2,SkSat_u1) & http://www.daml.org/2002/10/sndl/unit-ont#Unit(SkSat_u2) → http://www.daml.org/2002/10/sndl/unit-ont#Unit(SkSat_u1)
http://www.daml.org/2002/10/sndl/unit-ont#uic(SkSat_u2,SkSat_u1) & http://www.daml.org/2002/10/sndl/unit-ont#Unit(SkSat_u2) → http://www.w3.org/2001/XMLSchema#string(SkSat_u1)
=========================================
