Starting Saturation...
Executing from DLGP files
SLF4J: Failed to load class "org.slf4j.impl.StaticLoggerBinder".
SLF4J: Defaulting to no-operation (NOP) logger implementation
SLF4J: See http://www.slf4j.org/codes.html#StaticLoggerBinder for further details.
# Rules: 35; # Atoms: 0; # AtomSets: 0; # Queries: 0; # Constraints: 0
Full TGD saturation algorithm: Skolemized Sat
Running SkSat...
May 14, 2021 4:08:46 AM uk.ac.ox.cs.gsat.EvolveBasedSat run
INFO: SkSat discarded rules : 0/35 = 0.000%
SkSat discarded rules : 0/35 = 0.000%
May 14, 2021 4:08:46 AM uk.ac.ox.cs.gsat.EvolveBasedSat run
INFO: Subsumption method : tree_atom
May 14, 2021 4:08:46 AM uk.ac.ox.cs.gsat.EvolveBasedSat run
INFO: # initial TGDs: 35 , 0
May 14, 2021 4:08:46 AM uk.ac.ox.cs.gsat.EvolveBasedSat run
INFO: GSat total time : 75 ms = 0.08 s
May 14, 2021 4:08:46 AM uk.ac.ox.cs.gsat.EvolveBasedSat run
INFO: Subsumed elements : 0
May 14, 2021 4:08:46 AM uk.ac.ox.cs.gsat.EvolveBasedSat run
INFO: Filter discarded elements : 0
May 14, 2021 4:08:46 AM uk.ac.ox.cs.gsat.EvolveBasedSat run
INFO: Derived full/non full TGDs: 0 , 0
May 14, 2021 4:08:46 AM uk.ac.ox.cs.gsat.EvolveBasedSat run
INFO: ouptput full TGDs not contained in the input: 0
May 14, 2021 4:08:46 AM uk.ac.ox.cs.gsat.App executeAllSteps
INFO: Rewriting completed!
Full TGD saturation: (35 dependecies)
=========================================
file:/Users/zwang/Documents/SVN/TestOntologies/public/GardinerCorpus/gardiner-all/http___www.mindswap.org_2003_vegetarian.owl%23.txt#eats(SkSat_u2,SkSat_u1) & file:/Users/zwang/Documents/SVN/TestOntologies/public/GardinerCorpus/gardiner-all/http___www.mindswap.org_2003_vegetarian.owl%23.txt#Vegan(SkSat_u2) → file:/Users/zwang/Documents/SVN/TestOntologies/public/GardinerCorpus/gardiner-all/http___www.mindswap.org_2003_vegetarian.owl%23.txt#VeganFood(SkSat_u1)
http://org.semanticweb.owlapi/error#Error8(SkSat_u1) → http://www.ksl.stanford.edu/projects/DAML/UNSPSC.daml#Food-Beverage-and-Tobacco-Products(SkSat_u1)
file:/Users/zwang/Documents/SVN/TestOntologies/public/GardinerCorpus/gardiner-all/http___www.mindswap.org_2003_vegetarian.owl%23.txt#Vegetarian(SkSat_u1) → http://xmlns.com/foaf/0.1/Person(SkSat_u1)
http://www.ksl.stanford.edu/projects/DAML/UNSPSC.daml#Meat(SkSat_u1) → file:/Users/zwang/Documents/SVN/TestOntologies/public/GardinerCorpus/gardiner-all/http___www.mindswap.org_2003_vegetarian.owl%23.txt#Meat(SkSat_u1)
file:/Users/zwang/Documents/SVN/TestOntologies/public/GardinerCorpus/gardiner-all/http___www.mindswap.org_2003_vegetarian.owl%23.txt#VegetarianFood(SkSat_u1) → file:/Users/zwang/Documents/SVN/TestOntologies/public/GardinerCorpus/gardiner-all/http___www.mindswap.org_2003_vegetarian.owl%23.txt#OvoLactoVegetarianFood(SkSat_u1)
http://org.semanticweb.owlapi/error#Error5(SkSat_u1) → http://www.ksl.stanford.edu/projects/DAML/UNSPSC.daml#Food-Beverage-and-Tobacco-Products(SkSat_u1)
http://org.semanticweb.owlapi/error#Error2(SkSat_u1) → http://www.ksl.stanford.edu/projects/DAML/UNSPSC.daml#Food-Beverage-and-Tobacco-Products(SkSat_u1)
file:/Users/zwang/Documents/SVN/TestOntologies/public/GardinerCorpus/gardiner-all/http___www.mindswap.org_2003_vegetarian.owl%23.txt#eats(SkSat_u2,SkSat_u1) & file:/Users/zwang/Documents/SVN/TestOntologies/public/GardinerCorpus/gardiner-all/http___www.mindswap.org_2003_vegetarian.owl%23.txt#Vegetarian(SkSat_u2) → file:/Users/zwang/Documents/SVN/TestOntologies/public/GardinerCorpus/gardiner-all/http___www.mindswap.org_2003_vegetarian.owl%23.txt#VegetarianFood(SkSat_u1)
http://org.semanticweb.owlapi/error#Error3(SkSat_u1) → file:/Users/zwang/Documents/SVN/TestOntologies/public/GardinerCorpus/gardiner-all/http___www.mindswap.org_2003_vegetarian.owl%23.txt#Meat(SkSat_u1)
file:/Users/zwang/Documents/SVN/TestOntologies/public/GardinerCorpus/gardiner-all/http___www.mindswap.org_2003_vegetarian.owl%23.txt#OvoLactoVegetarianFood(SkSat_u1) → file:/Users/zwang/Documents/SVN/TestOntologies/public/GardinerCorpus/gardiner-all/http___www.mindswap.org_2003_vegetarian.owl%23.txt#VegetarianFood(SkSat_u1)
http://www.ksl.stanford.edu/projects/DAML/UNSPSC.daml#Food-Beverage-and-Tobacco-Products(SkSat_u1) → http://org.semanticweb.owlapi/error#Error8(SkSat_u1)
file:/Users/zwang/Documents/SVN/TestOntologies/public/GardinerCorpus/gardiner-all/http___www.mindswap.org_2003_vegetarian.owl%23.txt#eats(SkSat_u2,SkSat_u1) & file:/Users/zwang/Documents/SVN/TestOntologies/public/GardinerCorpus/gardiner-all/http___www.mindswap.org_2003_vegetarian.owl%23.txt#OvoVegetarian(SkSat_u2) → file:/Users/zwang/Documents/SVN/TestOntologies/public/GardinerCorpus/gardiner-all/http___www.mindswap.org_2003_vegetarian.owl%23.txt#OvoVegetarianFood(SkSat_u1)
http://www.ksl.stanford.edu/projects/DAML/UNSPSC.daml#Food-Beverage-and-Tobacco-Products(SkSat_u1) → http://org.semanticweb.owlapi/error#Error5(SkSat_u1)
http://org.semanticweb.owlapi/error#Error7(SkSat_u1) → file:/Users/zwang/Documents/SVN/TestOntologies/public/GardinerCorpus/gardiner-all/http___www.mindswap.org_2003_vegetarian.owl%23.txt#Meat(SkSat_u1)
file:/Users/zwang/Documents/SVN/TestOntologies/public/GardinerCorpus/gardiner-all/http___www.mindswap.org_2003_vegetarian.owl%23.txt#LactoVegetarian(SkSat_u1) → file:/Users/zwang/Documents/SVN/TestOntologies/public/GardinerCorpus/gardiner-all/http___www.mindswap.org_2003_vegetarian.owl%23.txt#Ovo-LactoVegetarian(SkSat_u1)
http://www.ksl.stanford.edu/projects/DAML/UNSPSC.daml#Food-Beverage-and-Tobacco-Products(SkSat_u1) → http://org.semanticweb.owlapi/error#Error2(SkSat_u1)
file:/Users/zwang/Documents/SVN/TestOntologies/public/GardinerCorpus/gardiner-all/http___www.mindswap.org_2003_vegetarian.owl%23.txt#Vegan(SkSat_u1) → file:/Users/zwang/Documents/SVN/TestOntologies/public/GardinerCorpus/gardiner-all/http___www.mindswap.org_2003_vegetarian.owl%23.txt#Vegetarian(SkSat_u1)
file:/Users/zwang/Documents/SVN/TestOntologies/public/GardinerCorpus/gardiner-all/http___www.mindswap.org_2003_vegetarian.owl%23.txt#Vegetarian(SkSat_u1) → http://www.isi.edu/webscripter/person.o.daml#Person(SkSat_u1)
file:/Users/zwang/Documents/SVN/TestOntologies/public/GardinerCorpus/gardiner-all/http___www.mindswap.org_2003_vegetarian.owl%23.txt#VegetarianFood(SkSat_u1) → http://org.semanticweb.owlapi/error#Error6(SkSat_u1)
http://org.semanticweb.owlapi/error#Error4(SkSat_u1) → http://www.ksl.stanford.edu/projects/DAML/UNSPSC.daml#Dairy-products-and-eggs(SkSat_u1)
file:/Users/zwang/Documents/SVN/TestOntologies/public/GardinerCorpus/gardiner-all/http___www.mindswap.org_2003_vegetarian.owl%23.txt#OvoVegetarian(SkSat_u1) → file:/Users/zwang/Documents/SVN/TestOntologies/public/GardinerCorpus/gardiner-all/http___www.mindswap.org_2003_vegetarian.owl%23.txt#Ovo-LactoVegetarian(SkSat_u1)
http://org.semanticweb.owlapi/error#Error9(SkSat_u1) → file:/Users/zwang/Documents/SVN/TestOntologies/public/GardinerCorpus/gardiner-all/http___www.mindswap.org_2003_vegetarian.owl%23.txt#Meat(SkSat_u1)
file:/Users/zwang/Documents/SVN/TestOntologies/public/GardinerCorpus/gardiner-all/http___www.mindswap.org_2003_vegetarian.owl%23.txt#Ovo-LactoVegetarian(SkSat_u2) & file:/Users/zwang/Documents/SVN/TestOntologies/public/GardinerCorpus/gardiner-all/http___www.mindswap.org_2003_vegetarian.owl%23.txt#eats(SkSat_u2,SkSat_u1) → file:/Users/zwang/Documents/SVN/TestOntologies/public/GardinerCorpus/gardiner-all/http___www.mindswap.org_2003_vegetarian.owl%23.txt#OvoLactoVegetarianFood(SkSat_u1)
http://org.semanticweb.owlapi/error#Error1(SkSat_u1) → http://www.ksl.stanford.edu/projects/DAML/UNSPSC.daml#Eggs(SkSat_u1)
file:/Users/zwang/Documents/SVN/TestOntologies/public/GardinerCorpus/gardiner-all/http___www.mindswap.org_2003_vegetarian.owl%23.txt#VeganFood(SkSat_u1) → http://org.semanticweb.owlapi/error#Error2(SkSat_u1)
http://org.semanticweb.owlapi/error#Error11(SkSat_u1) → http://www.ksl.stanford.edu/projects/DAML/UNSPSC.daml#Dairy(SkSat_u1)
file:/Users/zwang/Documents/SVN/TestOntologies/public/GardinerCorpus/gardiner-all/http___www.mindswap.org_2003_vegetarian.owl%23.txt#eats(SkSat_u2,SkSat_u1) & file:/Users/zwang/Documents/SVN/TestOntologies/public/GardinerCorpus/gardiner-all/http___www.mindswap.org_2003_vegetarian.owl%23.txt#LactoVegetarian(SkSat_u2) → file:/Users/zwang/Documents/SVN/TestOntologies/public/GardinerCorpus/gardiner-all/http___www.mindswap.org_2003_vegetarian.owl%23.txt#LactoVegetarianFood(SkSat_u1)
file:/Users/zwang/Documents/SVN/TestOntologies/public/GardinerCorpus/gardiner-all/http___www.mindswap.org_2003_vegetarian.owl%23.txt#Ovo-LactoVegetarian(SkSat_u1) → file:/Users/zwang/Documents/SVN/TestOntologies/public/GardinerCorpus/gardiner-all/http___www.mindswap.org_2003_vegetarian.owl%23.txt#Vegetarian(SkSat_u1)
file:/Users/zwang/Documents/SVN/TestOntologies/public/GardinerCorpus/gardiner-all/http___www.mindswap.org_2003_vegetarian.owl%23.txt#OvoVegetarianFood(SkSat_u1) → http://org.semanticweb.owlapi/error#Error5(SkSat_u1)
file:/Users/zwang/Documents/SVN/TestOntologies/public/GardinerCorpus/gardiner-all/http___www.mindswap.org_2003_vegetarian.owl%23.txt#eats(SkSat_u1,SkSat_u2) → file:/Users/zwang/Documents/SVN/TestOntologies/public/GardinerCorpus/gardiner-all/http___www.mindswap.org_2003_vegetarian.owl%23.txt#Vegetarian(SkSat_u1)
http://www.ksl.stanford.edu/projects/DAML/UNSPSC.daml#Seafood(SkSat_u1) → file:/Users/zwang/Documents/SVN/TestOntologies/public/GardinerCorpus/gardiner-all/http___www.mindswap.org_2003_vegetarian.owl%23.txt#Meat(SkSat_u1)
file:/Users/zwang/Documents/SVN/TestOntologies/public/GardinerCorpus/gardiner-all/http___www.mindswap.org_2003_vegetarian.owl%23.txt#Vegetarian(SkSat_u1) → http://xmlns.com/foaf/0.1/#Person(SkSat_u1)
file:/Users/zwang/Documents/SVN/TestOntologies/public/GardinerCorpus/gardiner-all/http___www.mindswap.org_2003_vegetarian.owl%23.txt#LactoVegetarianFood(SkSat_u1) → http://org.semanticweb.owlapi/error#Error8(SkSat_u1)
http://org.semanticweb.owlapi/error#Error6(SkSat_u1) → http://www.ksl.stanford.edu/projects/DAML/UNSPSC.daml#Food-Beverage-and-Tobacco-Products(SkSat_u1)
http://org.semanticweb.owlapi/error#Error10(SkSat_u1) → file:/Users/zwang/Documents/SVN/TestOntologies/public/GardinerCorpus/gardiner-all/http___www.mindswap.org_2003_vegetarian.owl%23.txt#Meat(SkSat_u1)
=========================================
