Starting Saturation...
Executing from DLGP files
SLF4J: Failed to load class "org.slf4j.impl.StaticLoggerBinder".
SLF4J: Defaulting to no-operation (NOP) logger implementation
SLF4J: See http://www.slf4j.org/codes.html#StaticLoggerBinder for further details.
# Rules: 155; # Atoms: 0; # AtomSets: 0; # Queries: 0; # Constraints: 0
Full TGD saturation algorithm: Skolemized Sat
Running SkSat...
May 14, 2021 4:11:45 AM uk.ac.ox.cs.gsat.EvolveBasedSat run
INFO: SkSat discarded rules : 0/155 = 0.000%
SkSat discarded rules : 0/155 = 0.000%
May 14, 2021 4:11:45 AM uk.ac.ox.cs.gsat.EvolveBasedSat run
INFO: Subsumption method : tree_atom
May 14, 2021 4:11:45 AM uk.ac.ox.cs.gsat.EvolveBasedSat run
INFO: # initial TGDs: 148 , 9
nonFullTGDs	0		fullTGDs	148			newNonFullTGDs	9		newFullTGDs	0
May 14, 2021 4:11:45 AM uk.ac.ox.cs.gsat.EvolveBasedSat run
INFO: GSat total time : 187 ms = 0.19 s
May 14, 2021 4:11:45 AM uk.ac.ox.cs.gsat.EvolveBasedSat run
INFO: Subsumed elements : 14
May 14, 2021 4:11:45 AM uk.ac.ox.cs.gsat.EvolveBasedSat run
INFO: Filter discarded elements : 0
May 14, 2021 4:11:45 AM uk.ac.ox.cs.gsat.EvolveBasedSat run
INFO: Derived full/non full TGDs: 8 , 36
May 14, 2021 4:11:45 AM uk.ac.ox.cs.gsat.EvolveBasedSat run
INFO: ouptput full TGDs not contained in the input: 2
May 14, 2021 4:11:45 AM uk.ac.ox.cs.gsat.App executeAllSteps
INFO: Rewriting completed!
Full TGD saturation: (150 dependecies)
=========================================
http://www.w3.org/TR/2003/CR-owl-guide-20030818/wine#Meritage(SkSat_u1) → http://www.w3.org/TR/2003/CR-owl-guide-20030818/wine#Wine(SkSat_u1)
http://www.w3.org/TR/2003/CR-owl-guide-20030818/wine#locatedIn(SkSat_u1,http://www.w3.org/TR/2003/CR-owl-guide-20030818/wine#GermanyRegion) & http://www.w3.org/TR/2003/CR-owl-guide-20030818/wine#Wine(SkSat_u1) → http://www.w3.org/TR/2003/CR-owl-guide-20030818/wine#GermanWine(SkSat_u1)
http://www.w3.org/TR/2003/CR-owl-guide-20030818/wine#Chianti(SkSat_u1) → http://www.w3.org/TR/2003/CR-owl-guide-20030818/wine#ItalianWine(SkSat_u1)
http://www.w3.org/TR/2003/CR-owl-guide-20030818/wine#SweetWine(SkSat_u1) → http://www.w3.org/TR/2003/CR-owl-guide-20030818/wine#Wine(SkSat_u1)
http://www.w3.org/TR/2003/CR-owl-guide-20030818/wine#Wine(SkSat_u1) & http://www.w3.org/TR/2003/CR-owl-guide-20030818/wine#locatedIn(SkSat_u1,http://www.w3.org/TR/2003/CR-owl-guide-20030818/wine#AlsaceRegion) → http://www.w3.org/TR/2003/CR-owl-guide-20030818/wine#AlsatianWine(SkSat_u1)
http://www.w3.org/TR/2003/CR-owl-guide-20030818/wine#hasFlavor(SkSat_u1,SkSat_u2) → http://www.w3.org/TR/2003/CR-owl-guide-20030818/wine#hasWineDescriptor(SkSat_u1,SkSat_u2)
http://www.w3.org/TR/2003/CR-owl-guide-20030818/wine#hasSugar(SkSat_u1,SkSat_u2) → http://www.w3.org/TR/2003/CR-owl-guide-20030818/wine#hasWineDescriptor(SkSat_u1,SkSat_u2)
http://www.w3.org/TR/2003/CR-owl-guide-20030818/wine#WhiteTableWine(SkSat_u1) → http://www.w3.org/TR/2003/CR-owl-guide-20030818/wine#TableWine(SkSat_u1)
http://www.w3.org/TR/2003/CR-owl-guide-20030818/wine#PetiteSyrah(SkSat_u1) → http://www.w3.org/TR/2003/CR-owl-guide-20030818/wine#Wine(SkSat_u1)
http://www.w3.org/TR/2003/CR-owl-guide-20030818/wine#CabernetFranc(SkSat_u1) → http://www.w3.org/TR/2003/CR-owl-guide-20030818/wine#Wine(SkSat_u1)
http://www.w3.org/TR/2003/CR-owl-guide-20030818/wine#Burgundy(SkSat_u1) → http://www.w3.org/TR/2003/CR-owl-guide-20030818/wine#Wine(SkSat_u1)
http://www.w3.org/TR/2003/CR-owl-guide-20030818/wine#hasSugar(SkSat_u1,http://www.w3.org/TR/2003/CR-owl-guide-20030818/wine#Sweet) & http://www.w3.org/TR/2003/CR-owl-guide-20030818/wine#Wine(SkSat_u1) → http://www.w3.org/TR/2003/CR-owl-guide-20030818/wine#SweetWine(SkSat_u1)
http://www.w3.org/TR/2003/CR-owl-guide-20030818/wine#Port(SkSat_u1) → http://www.w3.org/TR/2003/CR-owl-guide-20030818/wine#RedWine(SkSat_u1)
http://www.w3.org/TR/2003/CR-owl-guide-20030818/wine#PinotBlanc(SkSat_u1) → http://www.w3.org/TR/2003/CR-owl-guide-20030818/wine#Wine(SkSat_u1)
http://www.w3.org/TR/2003/CR-owl-guide-20030818/wine#Loire(SkSat_u1) → http://www.w3.org/TR/2003/CR-owl-guide-20030818/wine#Wine(SkSat_u1)
http://www.w3.org/TR/2003/CR-owl-guide-20030818/wine#locatedIn(SkSat_u1,http://www.w3.org/TR/2003/CR-owl-guide-20030818/wine#StEmilionRegion) & http://www.w3.org/TR/2003/CR-owl-guide-20030818/wine#Bordeaux(SkSat_u1) → http://www.w3.org/TR/2003/CR-owl-guide-20030818/wine#StEmilion(SkSat_u1)
http://www.w3.org/TR/2003/CR-owl-guide-20030818/wine#DryRiesling(SkSat_u1) → http://www.w3.org/TR/2003/CR-owl-guide-20030818/wine#Riesling(SkSat_u1)
http://www.w3.org/TR/2003/CR-owl-guide-20030818/wine#madeIntoWine(SkSat_u2,SkSat_u1) → http://www.w3.org/TR/2003/CR-owl-guide-20030818/wine#madeFromGrape(SkSat_u1,SkSat_u2)
http://www.w3.org/TR/2003/CR-owl-guide-20030818/wine#TableWine(SkSat_u1) & http://www.w3.org/TR/2003/CR-owl-guide-20030818/wine#hasColor(SkSat_u1,http://www.w3.org/TR/2003/CR-owl-guide-20030818/wine#White) → http://www.w3.org/TR/2003/CR-owl-guide-20030818/wine#WhiteTableWine(SkSat_u1)
http://www.w3.org/TR/2003/CR-owl-guide-20030818/wine#Bordeaux(SkSat_u1) → http://www.w3.org/TR/2003/CR-owl-guide-20030818/wine#Wine(SkSat_u1)
http://www.w3.org/TR/2003/CR-owl-guide-20030818/wine#Riesling(SkSat_u1) & http://www.w3.org/TR/2003/CR-owl-guide-20030818/wine#hasSugar(SkSat_u1,http://www.w3.org/TR/2003/CR-owl-guide-20030818/wine#Sweet) → http://www.w3.org/TR/2003/CR-owl-guide-20030818/wine#SweetRiesling(SkSat_u1)
http://www.w3.org/TR/2003/CR-owl-guide-20030818/wine#CabernetSauvignon(SkSat_u1) → http://www.w3.org/TR/2003/CR-owl-guide-20030818/wine#Wine(SkSat_u1)
http://www.w3.org/TR/2003/CR-owl-guide-20030818/wine#RedWine(SkSat_u1) → http://www.w3.org/TR/2003/CR-owl-guide-20030818/wine#Wine(SkSat_u1)
http://www.w3.org/TR/2003/CR-owl-guide-20030818/wine#RedWine(SkSat_u1) & http://www.w3.org/TR/2003/CR-owl-guide-20030818/wine#Burgundy(SkSat_u1) → http://www.w3.org/TR/2003/CR-owl-guide-20030818/wine#RedBurgundy(SkSat_u1)
http://www.w3.org/TR/2003/CR-owl-guide-20030818/wine#RedBordeaux(SkSat_u1) → http://www.w3.org/TR/2003/CR-owl-guide-20030818/wine#Bordeaux(SkSat_u1)
http://www.w3.org/TR/2003/CR-owl-guide-20030818/wine#hasMaker(SkSat_u2,SkSat_u1) & http://www.w3.org/TR/2003/CR-owl-guide-20030818/wine#Wine(SkSat_u2) → http://www.w3.org/TR/2003/CR-owl-guide-20030818/wine#Winery(SkSat_u1)
http://www.w3.org/TR/2003/CR-owl-guide-20030818/wine#FullBodiedWine(SkSat_u1) → http://www.w3.org/TR/2003/CR-owl-guide-20030818/wine#Wine(SkSat_u1)
http://www.w3.org/TR/2003/CR-owl-guide-20030818/wine#Sancerre(SkSat_u1) → http://www.w3.org/TR/2003/CR-owl-guide-20030818/wine#Loire(SkSat_u1)
http://www.w3.org/TR/2003/CR-owl-guide-20030818/wine#hasVintageYear(SkSat_u2,SkSat_u1) → http://www.w3.org/TR/2003/CR-owl-guide-20030818/wine#VintageYear(SkSat_u1)
http://www.w3.org/TR/2003/CR-owl-guide-20030818/wine#Wine(SkSat_u1) & http://www.w3.org/TR/2003/CR-owl-guide-20030818/wine#locatedIn(SkSat_u1,http://www.w3.org/TR/2003/CR-owl-guide-20030818/wine#LoireRegion) → http://www.w3.org/TR/2003/CR-owl-guide-20030818/wine#Loire(SkSat_u1)
http://www.w3.org/TR/2003/CR-owl-guide-20030818/wine#AmericanWine(SkSat_u1) → http://www.w3.org/TR/2003/CR-owl-guide-20030818/wine#Wine(SkSat_u1)
http://www.w3.org/TR/2003/CR-owl-guide-20030818/wine#WhiteBurgundy(SkSat_u1) → http://www.w3.org/TR/2003/CR-owl-guide-20030818/wine#Burgundy(SkSat_u1)
http://www.w3.org/TR/2003/CR-owl-guide-20030818/wine#DessertWine(SkSat_u1) & http://www.w3.org/TR/2003/CR-owl-guide-20030818/wine#hasColor(SkSat_u1,http://www.w3.org/TR/2003/CR-owl-guide-20030818/wine#White) & http://www.w3.org/TR/2003/CR-owl-guide-20030818/wine#LateHarvest(SkSat_u1) → http://www.w3.org/TR/2003/CR-owl-guide-20030818/wine#IceWine(SkSat_u1)
http://www.w3.org/TR/2003/CR-owl-guide-20030818/wine#GermanWine(SkSat_u1) → http://www.w3.org/TR/2003/CR-owl-guide-20030818/wine#Wine(SkSat_u1)
http://www.w3.org/TR/2003/CR-owl-guide-20030818/wine#adjacentRegion(SkSat_u2,SkSat_u1) → http://www.w3.org/TR/2003/CR-owl-guide-20030818/wine#adjacentRegion(SkSat_u1,SkSat_u2)
http://www.w3.org/TR/2003/CR-owl-guide-20030818/wine#DryRedWine(SkSat_u1) → http://www.w3.org/TR/2003/CR-owl-guide-20030818/wine#DryWine(SkSat_u1)
http://www.w3.org/TR/2003/CR-owl-guide-20030818/wine#Meursault(SkSat_u1) → http://www.w3.org/TR/2003/CR-owl-guide-20030818/wine#WhiteBurgundy(SkSat_u1)
http://www.w3.org/TR/2003/CR-owl-guide-20030818/wine#WhiteBordeaux(SkSat_u1) → http://www.w3.org/TR/2003/CR-owl-guide-20030818/wine#Bordeaux(SkSat_u1)
http://www.w3.org/TR/2003/CR-owl-guide-20030818/wine#RoseWine(SkSat_u1) → http://www.w3.org/TR/2003/CR-owl-guide-20030818/wine#Wine(SkSat_u1)
http://www.w3.org/TR/2003/CR-owl-guide-20030818/wine#WhiteBurgundy(SkSat_u1) → http://www.w3.org/TR/2003/CR-owl-guide-20030818/wine#WhiteWine(SkSat_u1)
http://www.w3.org/TR/2003/CR-owl-guide-20030818/wine#RedWine(SkSat_u1) & http://www.w3.org/TR/2003/CR-owl-guide-20030818/wine#Bordeaux(SkSat_u1) → http://www.w3.org/TR/2003/CR-owl-guide-20030818/wine#RedBordeaux(SkSat_u1)
http://www.w3.org/TR/2003/CR-owl-guide-20030818/wine#hasWineDescriptor(SkSat_u2,SkSat_u1) → http://www.w3.org/TR/2003/CR-owl-guide-20030818/wine#WineDescriptor(SkSat_u1)
http://www.w3.org/TR/2003/CR-owl-guide-20030818/wine#IceWine(SkSat_u1) → http://www.w3.org/TR/2003/CR-owl-guide-20030818/wine#DessertWine(SkSat_u1)
http://www.w3.org/TR/2003/CR-owl-guide-20030818/wine#Vintage(SkSat_u1) → http://www.w3.org/TR/2003/CR-owl-guide-20030818/wine#Vintage(SkSat_u1)
http://www.w3.org/TR/2003/CR-owl-guide-20030818/wine#Zinfandel(SkSat_u1) → http://www.w3.org/TR/2003/CR-owl-guide-20030818/wine#Wine(SkSat_u1)
http://www.w3.org/TR/2003/CR-owl-guide-20030818/wine#yearValue(SkSat_u1,SkSat_u2) → http://www.w3.org/TR/2003/CR-owl-guide-20030818/wine#VintageYear(SkSat_u1)
http://www.w3.org/TR/2003/CR-owl-guide-20030818/wine#Muscadet(SkSat_u1) → http://www.w3.org/TR/2003/CR-owl-guide-20030818/wine#Loire(SkSat_u1)
http://www.w3.org/TR/2003/CR-owl-guide-20030818/wine#RedBurgundy(SkSat_u1) → http://www.w3.org/TR/2003/CR-owl-guide-20030818/wine#RedWine(SkSat_u1)
http://www.w3.org/TR/2003/CR-owl-guide-20030818/wine#locatedIn(SkSat_u1,http://www.w3.org/TR/2003/CR-owl-guide-20030818/wine#AnjouRegion) & http://www.w3.org/TR/2003/CR-owl-guide-20030818/wine#Loire(SkSat_u1) → http://www.w3.org/TR/2003/CR-owl-guide-20030818/wine#Anjou(SkSat_u1)
http://www.w3.org/TR/2003/CR-owl-guide-20030818/wine#TexasWine(SkSat_u1) → http://www.w3.org/TR/2003/CR-owl-guide-20030818/wine#Wine(SkSat_u1)
http://www.w3.org/TR/2003/CR-owl-guide-20030818/wine#WineBody(SkSat_u1) → http://www.w3.org/TR/2003/CR-owl-guide-20030818/wine#WineTaste(SkSat_u1)
http://www.w3.org/TR/2003/CR-owl-guide-20030818/wine#Wine(SkSat_u1) & http://www.w3.org/TR/2003/CR-owl-guide-20030818/wine#hasColor(SkSat_u1,http://www.w3.org/TR/2003/CR-owl-guide-20030818/wine#White) → http://www.w3.org/TR/2003/CR-owl-guide-20030818/wine#WhiteWine(SkSat_u1)
http://www.w3.org/TR/2003/CR-owl-guide-20030818/wine#CaliforniaWine(SkSat_u1) → http://www.w3.org/TR/2003/CR-owl-guide-20030818/wine#Wine(SkSat_u1)
http://www.w3.org/TR/2003/CR-owl-guide-20030818/wine#WineSugar(SkSat_u1) → http://www.w3.org/TR/2003/CR-owl-guide-20030818/wine#WineTaste(SkSat_u1)
http://www.w3.org/TR/2003/CR-owl-guide-20030818/wine#Wine(SkSat_u1) & http://www.w3.org/TR/2003/CR-owl-guide-20030818/wine#hasSugar(SkSat_u1,http://www.w3.org/TR/2003/CR-owl-guide-20030818/wine#Dry) → http://www.w3.org/TR/2003/CR-owl-guide-20030818/wine#TableWine(SkSat_u1)
http://www.w3.org/TR/2003/CR-owl-guide-20030818/wine#hasColor(SkSat_u1,http://www.w3.org/TR/2003/CR-owl-guide-20030818/wine#Red) & http://www.w3.org/TR/2003/CR-owl-guide-20030818/wine#TableWine(SkSat_u1) → http://www.w3.org/TR/2003/CR-owl-guide-20030818/wine#RedTableWine(SkSat_u1)
http://www.w3.org/TR/2003/CR-owl-guide-20030818/wine#WhiteLoire(SkSat_u1) → http://www.w3.org/TR/2003/CR-owl-guide-20030818/wine#WhiteWine(SkSat_u1)
http://www.w3.org/TR/2003/CR-owl-guide-20030818/wine#RedWine(SkSat_u1) & http://www.w3.org/TR/2003/CR-owl-guide-20030818/wine#DryWine(SkSat_u1) → http://www.w3.org/TR/2003/CR-owl-guide-20030818/wine#DryRedWine(SkSat_u1)
_S0(SkSat_u1,SkSat_u2) → http://www.w3.org/TR/2003/CR-owl-guide-20030818/wine#locatedIn(SkSat_u1,SkSat_u2)
http://www.w3.org/TR/2003/CR-owl-guide-20030818/wine#ItalianWine(SkSat_u1) → http://www.w3.org/TR/2003/CR-owl-guide-20030818/wine#Wine(SkSat_u1)
http://www.w3.org/TR/2003/CR-owl-guide-20030818/wine#CheninBlanc(SkSat_u1) → http://www.w3.org/TR/2003/CR-owl-guide-20030818/wine#Wine(SkSat_u1)
http://www.w3.org/TR/2003/CR-owl-guide-20030818/wine#Tours(SkSat_u1) → http://www.w3.org/TR/2003/CR-owl-guide-20030818/wine#Loire(SkSat_u1)
http://www.w3.org/TR/2003/CR-owl-guide-20030818/wine#locatedIn(SkSat_u1,http://www.w3.org/TR/2003/CR-owl-guide-20030818/wine#BordeauxRegion) & http://www.w3.org/TR/2003/CR-owl-guide-20030818/wine#Wine(SkSat_u1) → http://www.w3.org/TR/2003/CR-owl-guide-20030818/wine#Bordeaux(SkSat_u1)
http://www.w3.org/TR/2003/CR-owl-guide-20030818/wine#locatedIn(SkSat_u1,http://www.w3.org/TR/2003/CR-owl-guide-20030818/wine#BourgogneRegion) & http://www.w3.org/TR/2003/CR-owl-guide-20030818/wine#Wine(SkSat_u1) → http://www.w3.org/TR/2003/CR-owl-guide-20030818/wine#Burgundy(SkSat_u1)
http://www.w3.org/TR/2003/CR-owl-guide-20030818/wine#madeFromGrape(SkSat_u1,SkSat_u2) → http://www.w3.org/TR/2003/CR-owl-guide-20030818/food#madeFromFruit(SkSat_u1,SkSat_u2)
http://www.w3.org/TR/2003/CR-owl-guide-20030818/wine#Wine(SkSat_u1) & http://www.w3.org/TR/2003/CR-owl-guide-20030818/wine#locatedIn(SkSat_u1,http://www.w3.org/TR/2003/CR-owl-guide-20030818/wine#ItalianRegion) → http://www.w3.org/TR/2003/CR-owl-guide-20030818/wine#ItalianWine(SkSat_u1)
http://www.w3.org/TR/2003/CR-owl-guide-20030818/wine#hasColor(SkSat_u1,http://www.w3.org/TR/2003/CR-owl-guide-20030818/wine#Rose) & http://www.w3.org/TR/2003/CR-owl-guide-20030818/wine#Wine(SkSat_u1) → http://www.w3.org/TR/2003/CR-owl-guide-20030818/wine#RoseWine(SkSat_u1)
http://www.w3.org/TR/2003/CR-owl-guide-20030818/wine#Wine(SkSat_u1) → http://www.w3.org/TR/2003/CR-owl-guide-20030818/food#PotableLiquid(SkSat_u1)
http://www.w3.org/TR/2003/CR-owl-guide-20030818/wine#hasColor(SkSat_u1,http://www.w3.org/TR/2003/CR-owl-guide-20030818/wine#Red) & http://www.w3.org/TR/2003/CR-owl-guide-20030818/wine#Wine(SkSat_u1) → http://www.w3.org/TR/2003/CR-owl-guide-20030818/wine#RedWine(SkSat_u1)
http://www.w3.org/TR/2003/CR-owl-guide-20030818/wine#RedBurgundy(SkSat_u1) & http://www.w3.org/TR/2003/CR-owl-guide-20030818/wine#locatedIn(SkSat_u1,http://www.w3.org/TR/2003/CR-owl-guide-20030818/wine#CotesDOrRegion) → http://www.w3.org/TR/2003/CR-owl-guide-20030818/wine#CotesDOr(SkSat_u1)
_S0(SkSat_u2,SkSat_u1) → http://www.w3.org/TR/2003/CR-owl-guide-20030818/wine#Region(SkSat_u1)
http://www.w3.org/TR/2003/CR-owl-guide-20030818/wine#WineFlavor(SkSat_u1) → http://www.w3.org/TR/2003/CR-owl-guide-20030818/wine#WineTaste(SkSat_u1)
http://www.w3.org/TR/2003/CR-owl-guide-20030818/wine#WhiteNonSweetWine(SkSat_u1) → http://www.w3.org/TR/2003/CR-owl-guide-20030818/wine#WhiteWine(SkSat_u1)
http://www.w3.org/TR/2003/CR-owl-guide-20030818/wine#RedBurgundy(SkSat_u1) → http://www.w3.org/TR/2003/CR-owl-guide-20030818/wine#Burgundy(SkSat_u1)
http://www.w3.org/TR/2003/CR-owl-guide-20030818/wine#Chardonnay(SkSat_u1) → http://www.w3.org/TR/2003/CR-owl-guide-20030818/wine#Wine(SkSat_u1)
http://www.w3.org/TR/2003/CR-owl-guide-20030818/wine#Beaujolais(SkSat_u1) → http://www.w3.org/TR/2003/CR-owl-guide-20030818/wine#Wine(SkSat_u1)
http://www.w3.org/TR/2003/CR-owl-guide-20030818/wine#PinotNoir(SkSat_u1) → http://www.w3.org/TR/2003/CR-owl-guide-20030818/wine#Wine(SkSat_u1)
http://www.w3.org/TR/2003/CR-owl-guide-20030818/wine#hasSugar(SkSat_u2,SkSat_u1) → http://www.w3.org/TR/2003/CR-owl-guide-20030818/wine#WineSugar(SkSat_u1)
http://www.w3.org/TR/2003/CR-owl-guide-20030818/wine#yearValue(SkSat_u2,SkSat_u1) → http://www.w3.org/2001/XMLSchema#positiveInteger(SkSat_u1)
http://www.w3.org/TR/2003/CR-owl-guide-20030818/wine#Gamay(SkSat_u1) → http://www.w3.org/TR/2003/CR-owl-guide-20030818/wine#Wine(SkSat_u1)
http://www.w3.org/TR/2003/CR-owl-guide-20030818/wine#Sauterne(SkSat_u1) → http://www.w3.org/TR/2003/CR-owl-guide-20030818/wine#Bordeaux(SkSat_u1)
http://www.w3.org/TR/2003/CR-owl-guide-20030818/wine#WhiteWine(SkSat_u1) & http://www.w3.org/TR/2003/CR-owl-guide-20030818/wine#Burgundy(SkSat_u1) → http://www.w3.org/TR/2003/CR-owl-guide-20030818/wine#WhiteBurgundy(SkSat_u1)
http://www.w3.org/TR/2003/CR-owl-guide-20030818/wine#adjacentRegion(SkSat_u2,SkSat_u1) → http://www.w3.org/TR/2003/CR-owl-guide-20030818/wine#Region(SkSat_u1)
http://www.w3.org/TR/2003/CR-owl-guide-20030818/wine#Anjou(SkSat_u1) → http://www.w3.org/TR/2003/CR-owl-guide-20030818/wine#Loire(SkSat_u1)
http://www.w3.org/TR/2003/CR-owl-guide-20030818/wine#DryWhiteWine(SkSat_u1) → http://www.w3.org/TR/2003/CR-owl-guide-20030818/wine#DryWine(SkSat_u1)
http://www.w3.org/TR/2003/CR-owl-guide-20030818/wine#hasWineDescriptor(SkSat_u1,SkSat_u2) → http://www.w3.org/TR/2003/CR-owl-guide-20030818/wine#Wine(SkSat_u1)
http://www.w3.org/TR/2003/CR-owl-guide-20030818/wine#hasFlavor(SkSat_u2,SkSat_u1) → http://www.w3.org/TR/2003/CR-owl-guide-20030818/wine#WineFlavor(SkSat_u1)
http://www.w3.org/TR/2003/CR-owl-guide-20030818/wine#WhiteWine(SkSat_u1) & http://www.w3.org/TR/2003/CR-owl-guide-20030818/wine#Loire(SkSat_u1) → http://www.w3.org/TR/2003/CR-owl-guide-20030818/wine#WhiteLoire(SkSat_u1)
http://www.w3.org/TR/2003/CR-owl-guide-20030818/wine#FrenchWine(SkSat_u1) → http://www.w3.org/TR/2003/CR-owl-guide-20030818/wine#Wine(SkSat_u1)
http://www.w3.org/TR/2003/CR-owl-guide-20030818/wine#hasColor(SkSat_u1,SkSat_u2) → http://www.w3.org/TR/2003/CR-owl-guide-20030818/wine#hasWineDescriptor(SkSat_u1,SkSat_u2)
http://www.w3.org/TR/2003/CR-owl-guide-20030818/wine#RedBordeaux(SkSat_u1) → http://www.w3.org/TR/2003/CR-owl-guide-20030818/wine#RedWine(SkSat_u1)
http://www.w3.org/TR/2003/CR-owl-guide-20030818/wine#locatedIn(SkSat_u2,SkSat_u1) → http://www.w3.org/TR/2003/CR-owl-guide-20030818/wine#Region(SkSat_u1)
http://www.w3.org/TR/2003/CR-owl-guide-20030818/wine#DryWine(SkSat_u1) → http://www.w3.org/TR/2003/CR-owl-guide-20030818/wine#Wine(SkSat_u1)
http://www.w3.org/TR/2003/CR-owl-guide-20030818/wine#WineColor(SkSat_u1) → http://www.w3.org/TR/2003/CR-owl-guide-20030818/wine#WineDescriptor(SkSat_u1)
http://www.w3.org/TR/2003/CR-owl-guide-20030818/wine#EarlyHarvest(SkSat_u1) → http://www.w3.org/TR/2003/CR-owl-guide-20030818/wine#Wine(SkSat_u1)
http://www.w3.org/TR/2003/CR-owl-guide-20030818/wine#WhiteWine(SkSat_u1) & http://www.w3.org/TR/2003/CR-owl-guide-20030818/wine#Bordeaux(SkSat_u1) → http://www.w3.org/TR/2003/CR-owl-guide-20030818/wine#WhiteBordeaux(SkSat_u1)
http://www.w3.org/TR/2003/CR-owl-guide-20030818/wine#Wine(SkSat_u1) & http://www.w3.org/TR/2003/CR-owl-guide-20030818/wine#hasSugar(SkSat_u1,http://www.w3.org/TR/2003/CR-owl-guide-20030818/wine#Dry) → http://www.w3.org/TR/2003/CR-owl-guide-20030818/wine#DryWine(SkSat_u1)
http://www.w3.org/TR/2003/CR-owl-guide-20030818/wine#Semillon(SkSat_u1) → http://www.w3.org/TR/2003/CR-owl-guide-20030818/wine#SemillonOrSauvignonBlanc(SkSat_u1)
http://www.w3.org/TR/2003/CR-owl-guide-20030818/wine#locatedIn(SkSat_u1,http://www.w3.org/TR/2003/CR-owl-guide-20030818/wine#BeaujolaisRegion) & http://www.w3.org/TR/2003/CR-owl-guide-20030818/wine#Wine(SkSat_u1) → http://www.w3.org/TR/2003/CR-owl-guide-20030818/wine#Beaujolais(SkSat_u1)
http://www.w3.org/TR/2003/CR-owl-guide-20030818/wine#madeFromGrape(SkSat_u2,SkSat_u1) → http://www.w3.org/TR/2003/CR-owl-guide-20030818/wine#WineGrape(SkSat_u1)
http://www.w3.org/TR/2003/CR-owl-guide-20030818/wine#WhiteWine(SkSat_u1) → http://www.w3.org/TR/2003/CR-owl-guide-20030818/wine#Wine(SkSat_u1)
http://www.w3.org/TR/2003/CR-owl-guide-20030818/wine#locatedIn(SkSat_u1,http://www.w3.org/TR/2003/CR-owl-guide-20030818/wine#TexasRegion) & http://www.w3.org/TR/2003/CR-owl-guide-20030818/wine#Wine(SkSat_u1) → http://www.w3.org/TR/2003/CR-owl-guide-20030818/wine#TexasWine(SkSat_u1)
http://www.w3.org/TR/2003/CR-owl-guide-20030818/wine#adjacentRegion(SkSat_u1,SkSat_u2) → http://www.w3.org/TR/2003/CR-owl-guide-20030818/wine#Region(SkSat_u1)
http://www.w3.org/TR/2003/CR-owl-guide-20030818/wine#LateHarvest(SkSat_u1) → http://www.w3.org/TR/2003/CR-owl-guide-20030818/wine#Wine(SkSat_u1)
http://www.w3.org/TR/2003/CR-owl-guide-20030818/wine#madeFromGrape(SkSat_u2,SkSat_u1) → http://www.w3.org/TR/2003/CR-owl-guide-20030818/wine#madeIntoWine(SkSat_u1,SkSat_u2)
http://www.w3.org/TR/2003/CR-owl-guide-20030818/wine#hasMaker(SkSat_u2,SkSat_u1) → http://www.w3.org/TR/2003/CR-owl-guide-20030818/wine#producesWine(SkSat_u1,SkSat_u2)
http://www.w3.org/TR/2003/CR-owl-guide-20030818/wine#hasColor(SkSat_u2,SkSat_u1) → http://www.w3.org/TR/2003/CR-owl-guide-20030818/wine#WineColor(SkSat_u1)
http://www.w3.org/TR/2003/CR-owl-guide-20030818/wine#Medoc(SkSat_u1) → http://www.w3.org/TR/2003/CR-owl-guide-20030818/wine#Bordeaux(SkSat_u1)
http://www.w3.org/TR/2003/CR-owl-guide-20030818/wine#Margaux(SkSat_u1) → http://www.w3.org/TR/2003/CR-owl-guide-20030818/wine#Medoc(SkSat_u1)
http://www.w3.org/TR/2003/CR-owl-guide-20030818/wine#Wine(SkSat_u1) & http://www.w3.org/TR/2003/CR-owl-guide-20030818/wine#locatedIn(SkSat_u1,http://www.w3.org/TR/2003/CR-owl-guide-20030818/wine#CaliforniaRegion) → http://www.w3.org/TR/2003/CR-owl-guide-20030818/wine#CaliforniaWine(SkSat_u1)
http://www.w3.org/TR/2003/CR-owl-guide-20030818/wine#SemillonOrSauvignonBlanc(SkSat_u1) → http://www.w3.org/TR/2003/CR-owl-guide-20030818/wine#Wine(SkSat_u1)
http://www.w3.org/TR/2003/CR-owl-guide-20030818/wine#locatedIn(SkSat_u1,http://www.w3.org/TR/2003/CR-owl-guide-20030818/wine#MeursaultRegion) & http://www.w3.org/TR/2003/CR-owl-guide-20030818/wine#WhiteBurgundy(SkSat_u1) → http://www.w3.org/TR/2003/CR-owl-guide-20030818/wine#Meursault(SkSat_u1)
http://www.w3.org/TR/2003/CR-owl-guide-20030818/wine#CotesDOr(SkSat_u1) → http://www.w3.org/TR/2003/CR-owl-guide-20030818/wine#RedBurgundy(SkSat_u1)
http://www.w3.org/TR/2003/CR-owl-guide-20030818/wine#hasColor(SkSat_u1,SkSat_u2) → http://www.w3.org/TR/2003/CR-owl-guide-20030818/wine#Wine(SkSat_u1)
http://www.w3.org/TR/2003/CR-owl-guide-20030818/wine#RedTableWine(SkSat_u1) → http://www.w3.org/TR/2003/CR-owl-guide-20030818/wine#TableWine(SkSat_u1)
http://www.w3.org/TR/2003/CR-owl-guide-20030818/wine#DessertWine(SkSat_u1) → http://www.w3.org/TR/2003/CR-owl-guide-20030818/wine#Wine(SkSat_u1)
http://www.w3.org/TR/2003/CR-owl-guide-20030818/wine#Sauterne(SkSat_u1) → http://www.w3.org/TR/2003/CR-owl-guide-20030818/wine#LateHarvest(SkSat_u1)
http://www.w3.org/TR/2003/CR-owl-guide-20030818/wine#Medoc(SkSat_u1) & http://www.w3.org/TR/2003/CR-owl-guide-20030818/wine#locatedIn(SkSat_u1,http://www.w3.org/TR/2003/CR-owl-guide-20030818/wine#PauillacRegion) → http://www.w3.org/TR/2003/CR-owl-guide-20030818/wine#Pauillac(SkSat_u1)
http://www.w3.org/TR/2003/CR-owl-guide-20030818/wine#SweetRiesling(SkSat_u1) → http://www.w3.org/TR/2003/CR-owl-guide-20030818/wine#Riesling(SkSat_u1)
http://www.w3.org/TR/2003/CR-owl-guide-20030818/wine#Riesling(SkSat_u1) → http://www.w3.org/TR/2003/CR-owl-guide-20030818/wine#Wine(SkSat_u1)
http://www.w3.org/TR/2003/CR-owl-guide-20030818/wine#SweetRiesling(SkSat_u1) → http://www.w3.org/TR/2003/CR-owl-guide-20030818/wine#DessertWine(SkSat_u1)
http://www.w3.org/TR/2003/CR-owl-guide-20030818/wine#IceWine(SkSat_u1) → http://www.w3.org/TR/2003/CR-owl-guide-20030818/wine#LateHarvest(SkSat_u1)
http://www.w3.org/TR/2003/CR-owl-guide-20030818/wine#DryRedWine(SkSat_u1) → http://www.w3.org/TR/2003/CR-owl-guide-20030818/wine#RedWine(SkSat_u1)
http://www.w3.org/TR/2003/CR-owl-guide-20030818/wine#TableWine(SkSat_u1) → http://www.w3.org/TR/2003/CR-owl-guide-20030818/wine#Wine(SkSat_u1)
http://www.w3.org/TR/2003/CR-owl-guide-20030818/wine#hasBody(SkSat_u1,SkSat_u2) → http://www.w3.org/TR/2003/CR-owl-guide-20030818/wine#hasWineDescriptor(SkSat_u1,SkSat_u2)
http://www.w3.org/TR/2003/CR-owl-guide-20030818/wine#WineGrape(SkSat_u1) → http://www.w3.org/TR/2003/CR-owl-guide-20030818/food#Grape(SkSat_u1)
http://www.w3.org/TR/2003/CR-owl-guide-20030818/wine#WineTaste(SkSat_u1) → http://www.w3.org/TR/2003/CR-owl-guide-20030818/wine#WineDescriptor(SkSat_u1)
http://www.w3.org/TR/2003/CR-owl-guide-20030818/wine#Wine(SkSat_u1) → http://www.w3.org/TR/2003/CR-owl-guide-20030818/wine#Wine(SkSat_u1)
http://www.w3.org/TR/2003/CR-owl-guide-20030818/wine#AlsatianWine(SkSat_u1) → http://www.w3.org/TR/2003/CR-owl-guide-20030818/wine#Wine(SkSat_u1)
http://www.w3.org/TR/2003/CR-owl-guide-20030818/wine#WhiteBordeaux(SkSat_u1) → http://www.w3.org/TR/2003/CR-owl-guide-20030818/wine#WhiteWine(SkSat_u1)
http://www.w3.org/TR/2003/CR-owl-guide-20030818/wine#Merlot(SkSat_u1) → http://www.w3.org/TR/2003/CR-owl-guide-20030818/wine#Wine(SkSat_u1)
http://www.w3.org/TR/2003/CR-owl-guide-20030818/wine#Loire(SkSat_u1) & http://www.w3.org/TR/2003/CR-owl-guide-20030818/wine#locatedIn(SkSat_u1,http://www.w3.org/TR/2003/CR-owl-guide-20030818/wine#ToursRegion) → http://www.w3.org/TR/2003/CR-owl-guide-20030818/wine#Tours(SkSat_u1)
http://www.w3.org/TR/2003/CR-owl-guide-20030818/wine#DryWhiteWine(SkSat_u1) → http://www.w3.org/TR/2003/CR-owl-guide-20030818/wine#WhiteWine(SkSat_u1)
http://www.w3.org/TR/2003/CR-owl-guide-20030818/wine#Wine(SkSat_u1) & http://www.w3.org/TR/2003/CR-owl-guide-20030818/wine#hasBody(SkSat_u1,http://www.w3.org/TR/2003/CR-owl-guide-20030818/wine#Full) → http://www.w3.org/TR/2003/CR-owl-guide-20030818/wine#FullBodiedWine(SkSat_u1)
http://www.w3.org/TR/2003/CR-owl-guide-20030818/wine#Riesling(SkSat_u1) & http://www.w3.org/TR/2003/CR-owl-guide-20030818/wine#hasSugar(SkSat_u1,http://www.w3.org/TR/2003/CR-owl-guide-20030818/wine#Dry) → http://www.w3.org/TR/2003/CR-owl-guide-20030818/wine#DryRiesling(SkSat_u1)
http://www.w3.org/TR/2003/CR-owl-guide-20030818/wine#hasBody(SkSat_u2,SkSat_u1) → http://www.w3.org/TR/2003/CR-owl-guide-20030818/wine#WineBody(SkSat_u1)
http://www.w3.org/TR/2003/CR-owl-guide-20030818/wine#SauvignonBlanc(SkSat_u1) → http://www.w3.org/TR/2003/CR-owl-guide-20030818/wine#SemillonOrSauvignonBlanc(SkSat_u1)
http://www.w3.org/TR/2003/CR-owl-guide-20030818/wine#hasVintageYear(SkSat_u1,SkSat_u2) → http://www.w3.org/TR/2003/CR-owl-guide-20030818/wine#Vintage(SkSat_u1)
http://www.w3.org/TR/2003/CR-owl-guide-20030818/wine#locatedIn(SkSat_u1,http://www.w3.org/TR/2003/CR-owl-guide-20030818/wine#MargauxRegion) & http://www.w3.org/TR/2003/CR-owl-guide-20030818/wine#Medoc(SkSat_u1) → http://www.w3.org/TR/2003/CR-owl-guide-20030818/wine#Margaux(SkSat_u1)
http://www.w3.org/TR/2003/CR-owl-guide-20030818/wine#Pauillac(SkSat_u1) → http://www.w3.org/TR/2003/CR-owl-guide-20030818/wine#Medoc(SkSat_u1)
http://www.w3.org/TR/2003/CR-owl-guide-20030818/wine#producesWine(SkSat_u2,SkSat_u1) → http://www.w3.org/TR/2003/CR-owl-guide-20030818/wine#hasMaker(SkSat_u1,SkSat_u2)
http://www.w3.org/TR/2003/CR-owl-guide-20030818/wine#Wine(SkSat_u1) & http://www.w3.org/TR/2003/CR-owl-guide-20030818/wine#locatedIn(SkSat_u1,http://www.w3.org/TR/2003/CR-owl-guide-20030818/wine#USRegion) → http://www.w3.org/TR/2003/CR-owl-guide-20030818/wine#AmericanWine(SkSat_u1)
http://www.w3.org/TR/2003/CR-owl-guide-20030818/wine#StEmilion(SkSat_u1) → http://www.w3.org/TR/2003/CR-owl-guide-20030818/wine#Bordeaux(SkSat_u1)
http://www.w3.org/TR/2003/CR-owl-guide-20030818/wine#WhiteWine(SkSat_u1) & http://www.w3.org/TR/2003/CR-owl-guide-20030818/wine#DryWine(SkSat_u1) → http://www.w3.org/TR/2003/CR-owl-guide-20030818/wine#DryWhiteWine(SkSat_u1)
http://www.w3.org/TR/2003/CR-owl-guide-20030818/wine#WhiteLoire(SkSat_u1) → http://www.w3.org/TR/2003/CR-owl-guide-20030818/wine#Loire(SkSat_u1)
http://www.w3.org/TR/2003/CR-owl-guide-20030818/wine#locatedIn(SkSat_u1,http://www.w3.org/TR/2003/CR-owl-guide-20030818/wine#FrenchRegion) & http://www.w3.org/TR/2003/CR-owl-guide-20030818/wine#Wine(SkSat_u1) → http://www.w3.org/TR/2003/CR-owl-guide-20030818/wine#FrenchWine(SkSat_u1)
http://www.w3.org/TR/2003/CR-owl-guide-20030818/wine#locatedIn(SkSat_u1,http://www.w3.org/TR/2003/CR-owl-guide-20030818/wine#SancerreRegion) & http://www.w3.org/TR/2003/CR-owl-guide-20030818/wine#Loire(SkSat_u1) → http://www.w3.org/TR/2003/CR-owl-guide-20030818/wine#Sancerre(SkSat_u1)
http://www.w3.org/TR/2003/CR-owl-guide-20030818/wine#locatedIn(SkSat_u1,http://www.w3.org/TR/2003/CR-owl-guide-20030818/wine#MuscadetRegion) & http://www.w3.org/TR/2003/CR-owl-guide-20030818/wine#Loire(SkSat_u1) → http://www.w3.org/TR/2003/CR-owl-guide-20030818/wine#Muscadet(SkSat_u1)
http://www.w3.org/TR/2003/CR-owl-guide-20030818/wine#Bordeaux(SkSat_u1) & http://www.w3.org/TR/2003/CR-owl-guide-20030818/wine#locatedIn(SkSat_u1,http://www.w3.org/TR/2003/CR-owl-guide-20030818/wine#MedocRegion) → http://www.w3.org/TR/2003/CR-owl-guide-20030818/wine#Medoc(SkSat_u1)
http://www.w3.org/TR/2003/CR-owl-guide-20030818/wine#madeFromGrape(SkSat_u1,SkSat_u2) → http://www.w3.org/TR/2003/CR-owl-guide-20030818/wine#Wine(SkSat_u1)
=========================================
