Starting Saturation...
Executing from DLGP files
SLF4J: Failed to load class "org.slf4j.impl.StaticLoggerBinder".
SLF4J: Defaulting to no-operation (NOP) logger implementation
SLF4J: See http://www.slf4j.org/codes.html#StaticLoggerBinder for further details.
# Rules: 347; # Atoms: 0; # AtomSets: 0; # Queries: 0; # Constraints: 0
Full TGD saturation algorithm: Skolemized Sat
Running SkSat...
May 14, 2021 12:14:44 PM uk.ac.ox.cs.gsat.EvolveBasedSat run
INFO: SkSat discarded rules : 0/347 = 0.000%
SkSat discarded rules : 0/347 = 0.000%
May 14, 2021 12:14:44 PM uk.ac.ox.cs.gsat.EvolveBasedSat run
INFO: Subsumption method : tree_atom
May 14, 2021 12:14:45 PM uk.ac.ox.cs.gsat.EvolveBasedSat run
INFO: # initial TGDs: 385 , 38
nonFullTGDs	0		fullTGDs	385			newNonFullTGDs	38		newFullTGDs	0
nonFullTGDs	100		fullTGDs	385			newNonFullTGDs	27		newFullTGDs	0
nonFullTGDs	200		fullTGDs	385			newNonFullTGDs	16		newFullTGDs	0
nonFullTGDs	300		fullTGDs	385			newNonFullTGDs	6		newFullTGDs	0
May 14, 2021 12:14:45 PM uk.ac.ox.cs.gsat.EvolveBasedSat run
INFO: GSat total time : 254 ms = 0.25 s
May 14, 2021 12:14:45 PM uk.ac.ox.cs.gsat.EvolveBasedSat run
INFO: Subsumed elements : 8
May 14, 2021 12:14:45 PM uk.ac.ox.cs.gsat.EvolveBasedSat run
INFO: Filter discarded elements : 0
May 14, 2021 12:14:45 PM uk.ac.ox.cs.gsat.EvolveBasedSat run
INFO: Derived full/non full TGDs: 0 , 292
May 14, 2021 12:14:45 PM uk.ac.ox.cs.gsat.EvolveBasedSat run
INFO: ouptput full TGDs not contained in the input: 0
May 14, 2021 12:14:45 PM uk.ac.ox.cs.gsat.App executeAllSteps
INFO: Rewriting completed!
Full TGD saturation: (385 dependecies)
=========================================
http://purl.org/obo/owl/B8467#B8467_0000186(SkSat_u1) → http://purl.org/obo/owl/B8467#B8467_0000240(SkSat_u1)
http://purl.org/obo/owl/B8467#B8467_0000246(SkSat_u1) → http://purl.org/obo/owl/B8467#B8467_0000086(SkSat_u1)
http://purl.org/obo/owl/B8467#B8467_0000149(SkSat_u1) → http://purl.org/obo/owl/B8467#B8467_0000147(SkSat_u1)
http://purl.org/obo/owl/B8467#B8467_0000127(SkSat_u1) → http://purl.org/obo/owl/EKBE#EKBE_0000050(SkSat_u1)
http://purl.org/obo/owl/EKB#EKB_0000033(SkSat_u1) → http://purl.org/obo/owl/EKB#EKB_0000039(SkSat_u1)
http://purl.org/obo/owl/A8467#A8467_0000075(SkSat_u1) → http://purl.org/obo/owl/EKB#EKB_0000009(SkSat_u1)
http://purl.org/obo/owl/B8467#B8467_0000102(SkSat_u1) → http://purl.org/obo/owl/B8467#B8467_0000101(SkSat_u1)
_S17(SkSat_u1,SkSat_u2) → http://purl.org/obo/owl/obo#part_of(SkSat_u1,SkSat_u2)
_S1(SkSat_u2,SkSat_u1) → http://purl.org/obo/owl/B8467#B8467_0000092(SkSat_u1)
_S9(SkSat_u1,SkSat_u2) → http://purl.org/obo/owl/obo#part_of(SkSat_u1,SkSat_u2)
http://purl.org/obo/owl/B8467#B8467_0000132(SkSat_u1) → http://purl.org/obo/owl/B8467#B8467_0000216(SkSat_u1)
_S34(SkSat_u1,SkSat_u2) → http://purl.org/obo/owl/obo#follows(SkSat_u1,SkSat_u2)
http://purl.org/obo/owl/B8467#B8467_0000137(SkSat_u1) → http://purl.org/obo/owl/B8467#B8467_0000142(SkSat_u1)
http://purl.org/obo/owl/B8467#B8467_0000087(SkSat_u1) → http://purl.org/obo/owl/EKBE#EKBE_0000050(SkSat_u1)
http://purl.org/obo/owl/B8467#B8467_0000253(SkSat_u1) → http://purl.org/obo/owl/EKBE#EKBE_0000050(SkSat_u1)
http://purl.org/obo/owl/EKB#EKB_0000044(SkSat_u1) → http://purl.org/obo/owl/EKB#EKB_0000045(SkSat_u1)
http://purl.org/obo/owl/B8467#B8467_0000178(SkSat_u1) → http://purl.org/obo/owl/B8467#B8467_0000176(SkSat_u1)
http://purl.org/obo/owl/B8467#B8467_0000219(SkSat_u1) → http://purl.org/obo/owl/B8467#B8467_0000218(SkSat_u1)
http://purl.org/obo/owl/EKB#EKB_0000022(SkSat_u1) → http://purl.org/obo/owl/EKB#EKB_0000021(SkSat_u1)
http://purl.org/obo/owl/B8467#B8467_0000233(SkSat_u1) → http://purl.org/obo/owl/EKBE#EKBE_0000055(SkSat_u1)
http://purl.org/obo/owl/EKB#EKB_0000045(SkSat_u1) → http://purl.org/obo/owl/EKB#EKB_0000035(SkSat_u1)
_S7(SkSat_u2,SkSat_u1) → http://purl.org/obo/owl/B8467#B8467_0000112(SkSat_u1)
http://purl.org/obo/owl/B8467#B8467_0000196(SkSat_u1) → http://purl.org/obo/owl/B8467#B8467_0000245(SkSat_u1)
http://purl.org/obo/owl/B8467#B8467_0000117(SkSat_u1) → http://purl.org/obo/owl/EKBE#EKBE_0000050(SkSat_u1)
http://purl.org/obo/owl/B8467#B8467_0000201(SkSat_u1) → http://purl.org/obo/owl/B8467#B8467_0000245(SkSat_u1)
http://purl.org/obo/owl/B8467#B8467_0000163(SkSat_u1) → http://purl.org/obo/owl/B8467#B8467_0000151(SkSat_u1)
http://purl.org/obo/owl/B8467#B8467_0000192(SkSat_u1) → http://purl.org/obo/owl/B8467#B8467_0000245(SkSat_u1)
http://purl.org/obo/owl/EKBE#EKBE_0000052(SkSat_u1) → http://purl.org/obo/owl/B8467#B8467_0000323(SkSat_u1)
_S24(SkSat_u1,SkSat_u2) → http://purl.org/obo/owl/obo#part_of(SkSat_u1,SkSat_u2)
http://purl.org/obo/owl/B8467#B8467_0000169(SkSat_u1) → http://purl.org/obo/owl/B8467#B8467_0000168(SkSat_u1)
http://purl.org/obo/owl/B8467#B8467_0000208(SkSat_u1) → http://purl.org/obo/owl/B8467#B8467_0000204(SkSat_u1)
http://purl.org/obo/owl/A8467#A8467_0000067(SkSat_u1) → http://purl.org/obo/owl/A8467#A8467_0000065(SkSat_u1)
http://purl.org/obo/owl/B8467#B8467_0000145(SkSat_u1) → http://purl.org/obo/owl/B8467#B8467_0000143(SkSat_u1)
_S24(SkSat_u2,SkSat_u1) → http://purl.org/obo/owl/EKB#EKB_0000000(SkSat_u1)
http://purl.org/obo/owl/B8467#B8467_0000197(SkSat_u1) → http://purl.org/obo/owl/B8467#B8467_0000086(SkSat_u1)
http://purl.org/obo/owl/B8467#B8467_0000088(SkSat_u1) → http://purl.org/obo/owl/EKBE#EKBE_0000050(SkSat_u1)
http://purl.org/obo/owl/B8467#B8467_0000094(SkSat_u1) → http://purl.org/obo/owl/B8467#B8467_0000287(SkSat_u1)
http://purl.org/obo/owl/EKB#EKB_0000041(SkSat_u1) → http://purl.org/obo/owl/EKB#EKB_0000034(SkSat_u1)
http://purl.org/obo/owl/B8467#B8467_0000181(SkSat_u1) → http://purl.org/obo/owl/B8467#B8467_0000179(SkSat_u1)
http://purl.org/obo/owl/A8467#A8467_0000057(SkSat_u1) → http://purl.org/obo/owl/A8467#A8467_0000056(SkSat_u1)
http://purl.org/obo/owl/B8467#B8467_0000307(SkSat_u1) → http://purl.org/obo/owl/B8467#B8467_0000145(SkSat_u1)
_S15(SkSat_u1,SkSat_u2) → http://purl.org/obo/owl/obo#part_of(SkSat_u1,SkSat_u2)
http://purl.org/obo/owl/EKB#EKB_0000009(SkSat_u1) → http://purl.org/obo/owl/EKB#EKB_0000002(SkSat_u1)
http://purl.org/obo/owl/B8467#B8467_0000143(SkSat_u1) → http://purl.org/obo/owl/B8467#B8467_0000142(SkSat_u1)
http://purl.org/obo/owl/B8467#B8467_0000315(SkSat_u1) → http://purl.org/obo/owl/B8467#B8467_0000138(SkSat_u1)
http://purl.org/obo/owl/B8467#B8467_0000326(SkSat_u1) → http://purl.org/obo/owl/B8467#B8467_0000087(SkSat_u1)
http://purl.org/obo/owl/B8467#B8467_0000204(SkSat_u1) → http://purl.org/obo/owl/B8467#B8467_0000320(SkSat_u1)
http://purl.org/obo/owl/B8467#B8467_0000299(SkSat_u1) → http://purl.org/obo/owl/EKBE#EKBE_0000048(SkSat_u1)
_S0(SkSat_u2,SkSat_u1) → http://purl.org/obo/owl/B8467#B8467_0000196(SkSat_u1)
http://purl.org/obo/owl/EKB#EKB_0000015(SkSat_u1) → http://purl.org/obo/owl/EKB#EKB_0000014(SkSat_u1)
http://purl.org/obo/owl/B8467#B8467_0000167(SkSat_u1) → http://purl.org/obo/owl/B8467#B8467_0000163(SkSat_u1)
http://purl.org/obo/owl/B8467#B8467_0000195(SkSat_u1) → http://purl.org/obo/owl/B8467#B8467_0000245(SkSat_u1)
http://purl.org/obo/owl/B8467#B8467_0000170(SkSat_u1) → http://purl.org/obo/owl/B8467#B8467_0000168(SkSat_u1)
_S21(SkSat_u2,SkSat_u1) → http://purl.org/obo/owl/B8467#B8467_0000130(SkSat_u1)
http://purl.org/obo/owl/B8467#B8467_0000269(SkSat_u1) → http://purl.org/obo/owl/B8467#B8467_0000267(SkSat_u1)
http://purl.org/obo/owl/EKB#EKB_0000043(SkSat_u1) → http://purl.org/obo/owl/EKB#EKB_0000035(SkSat_u1)
http://purl.org/obo/owl/EKB#EKB_0000040(SkSat_u1) → http://purl.org/obo/owl/EKB#EKB_0000039(SkSat_u1)
http://purl.org/obo/owl/EKB#EKB_0000031(SkSat_u1) → http://purl.org/obo/owl/EKB#EKB_0000021(SkSat_u1)
http://purl.org/obo/owl/B8467#B8467_0000101(SkSat_u1) → http://purl.org/obo/owl/EKBE#EKBE_0000050(SkSat_u1)
http://purl.org/obo/owl/B8467#B8467_0000105(SkSat_u1) → http://purl.org/obo/owl/B8467#B8467_0000157(SkSat_u1)
http://purl.org/obo/owl/B8467#B8467_0000206(SkSat_u1) → http://purl.org/obo/owl/B8467#B8467_0000205(SkSat_u1)
_S37(SkSat_u2,SkSat_u1) → http://purl.org/obo/owl/B8467#B8467_0000199(SkSat_u1)
http://purl.org/obo/owl/B8467#B8467_0000244(SkSat_u1) → http://purl.org/obo/owl/B8467#B8467_0000243(SkSat_u1)
_S5(SkSat_u1,SkSat_u2) → http://purl.org/obo/owl/obo#part_of(SkSat_u1,SkSat_u2)
http://purl.org/obo/owl/B8467#B8467_0000274(SkSat_u1) → http://purl.org/obo/owl/B8467#B8467_0000273(SkSat_u1)
http://purl.org/obo/owl/B8467#B8467_0000300(SkSat_u1) → http://purl.org/obo/owl/B8467#B8467_0000212(SkSat_u1)
http://purl.org/obo/owl/EKB#EKB_0000042(SkSat_u1) → http://purl.org/obo/owl/EKB#EKB_0000034(SkSat_u1)
http://purl.org/obo/owl/B8467#B8467_0000112(SkSat_u1) → http://purl.org/obo/owl/B8467#B8467_0000101(SkSat_u1)
http://purl.org/obo/owl/B8467#B8467_0000226(SkSat_u1) → http://purl.org/obo/owl/B8467#B8467_0000218(SkSat_u1)
http://purl.org/obo/owl/B8467#B8467_0000293(SkSat_u1) → http://purl.org/obo/owl/B8467#B8467_0000151(SkSat_u1)
_S8(SkSat_u2,SkSat_u1) → http://purl.org/obo/owl/B8467#B8467_0000092(SkSat_u1)
http://purl.org/obo/owl/B8467#B8467_0000221(SkSat_u1) → http://purl.org/obo/owl/B8467#B8467_0000220(SkSat_u1)
http://purl.org/obo/owl/B8467#B8467_0000242(SkSat_u1) → http://purl.org/obo/owl/EKBE#EKBE_0000054(SkSat_u1)
http://purl.org/obo/owl/B8467#B8467_0000098(SkSat_u1) → http://purl.org/obo/owl/B8467#B8467_0000094(SkSat_u1)
_S13(SkSat_u2,SkSat_u1) → http://purl.org/obo/owl/A8467#A8467_0000062(SkSat_u1)
http://purl.org/obo/owl/A8467#A8467_0000068(SkSat_u1) → http://purl.org/obo/owl/A8467#A8467_0000067(SkSat_u1)
_S18(SkSat_u1,SkSat_u2) → http://purl.org/obo/owl/obo#part_of(SkSat_u1,SkSat_u2)
http://purl.org/obo/owl/B8467#B8467_0000189(SkSat_u1) → http://purl.org/obo/owl/B8467#B8467_0000245(SkSat_u1)
http://purl.org/obo/owl/B8467#B8467_0000251(SkSat_u1) → http://purl.org/obo/owl/B8467#B8467_0000250(SkSat_u1)
http://purl.org/obo/owl/B8467#B8467_0000264(SkSat_u1) → http://purl.org/obo/owl/B8467#B8467_0000262(SkSat_u1)
_S27(SkSat_u1,SkSat_u2) → http://purl.org/obo/owl/obo#part_of(SkSat_u1,SkSat_u2)
http://purl.org/obo/owl/B8467#B8467_0000209(SkSat_u1) → http://purl.org/obo/owl/B8467#B8467_0000244(SkSat_u1)
http://purl.org/obo/owl/B8467#B8467_0000128(SkSat_u1) → http://purl.org/obo/owl/EKBE#EKBE_0000050(SkSat_u1)
_S12(SkSat_u1,SkSat_u2) → http://purl.org/obo/owl/obo#part_of(SkSat_u1,SkSat_u2)
http://purl.org/obo/owl/B8467#B8467_0000297(SkSat_u1) → http://purl.org/obo/owl/B8467#B8467_0000296(SkSat_u1)
http://purl.org/obo/owl/B8467#B8467_0000211(SkSat_u1) → http://purl.org/obo/owl/B8467#B8467_0000210(SkSat_u1)
http://purl.org/obo/owl/GO#GO_0000081(SkSat_u1) → http://purl.org/obo/owl/EKB#EKB_0000012(SkSat_u1)
http://purl.org/obo/owl/B8467#B8467_0000218(SkSat_u1) → http://purl.org/obo/owl/EKBE#EKBE_0000053(SkSat_u1)
http://purl.org/obo/owl/B8467#B8467_0000245(SkSat_u1) → http://purl.org/obo/owl/EKBE#EKBE_0000054(SkSat_u1)
http://purl.org/obo/owl/B8467#B8467_0000237(SkSat_u1) → http://purl.org/obo/owl/B8467#B8467_0000236(SkSat_u1)
http://purl.org/obo/owl/B8467#B8467_0000107(SkSat_u1) → http://purl.org/obo/owl/B8467#B8467_0000106(SkSat_u1)
http://purl.org/obo/owl/B8467#B8467_0000214(SkSat_u1) → http://purl.org/obo/owl/B8467#B8467_0000212(SkSat_u1)
http://purl.org/obo/owl/EKB#EKB_0000013(SkSat_u1) → http://purl.org/obo/owl/EKB#EKB_0000003(SkSat_u1)
http://purl.org/obo/owl/EKBE#EKBE_0000048(SkSat_u1) → http://purl.org/obo/owl/EKBE#EKBE_0000047(SkSat_u1)
http://purl.org/obo/owl/B8467#B8467_0000287(SkSat_u1) → http://purl.org/obo/owl/B8467#B8467_0000151(SkSat_u1)
http://purl.org/obo/owl/B8467#B8467_0000136(SkSat_u1) → http://purl.org/obo/owl/B8467#B8467_0000134(SkSat_u1)
http://purl.org/obo/owl/B8467#B8467_0000109(SkSat_u1) → http://purl.org/obo/owl/B8467#B8467_0000101(SkSat_u1)
http://purl.org/obo/owl/B8467#B8467_0000188(SkSat_u1) → http://purl.org/obo/owl/EKBE#EKBE_0000050(SkSat_u1)
_S35(SkSat_u2,SkSat_u1) → http://purl.org/obo/owl/B8467#B8467_0000198(SkSat_u1)
http://purl.org/obo/owl/B8467#B8467_0000122(SkSat_u1) → http://purl.org/obo/owl/B8467#B8467_0000121(SkSat_u1)
http://purl.org/obo/owl/B8467#B8467_0000260(SkSat_u1) → http://purl.org/obo/owl/B8467#B8467_0000258(SkSat_u1)
http://purl.org/obo/owl/EKB#EKB_0000046(SkSat_u1) → http://purl.org/obo/owl/EKB#EKB_0000045(SkSat_u1)
http://purl.org/obo/owl/B8467#B8467_0000084(SkSat_u1) → http://purl.org/obo/owl/B8467#B8467_0000082(SkSat_u1)
http://purl.org/obo/owl/B8467#B8467_0000259(SkSat_u1) → http://purl.org/obo/owl/B8467#B8467_0000258(SkSat_u1)
http://purl.org/obo/owl/B8467#B8467_0000224(SkSat_u1) → http://purl.org/obo/owl/B8467#B8467_0000223(SkSat_u1)
http://purl.org/obo/owl/B8467#B8467_0000234(SkSat_u1) → http://purl.org/obo/owl/B8467#B8467_0000242(SkSat_u1)
http://purl.org/obo/owl/B8467#B8467_0000282(SkSat_u1) → http://purl.org/obo/owl/B8467#B8467_0000171(SkSat_u1)
_S26(SkSat_u1,SkSat_u2) → http://purl.org/obo/owl/obo#part_of(SkSat_u1,SkSat_u2)
http://purl.org/obo/owl/B8467#B8467_0000310(SkSat_u1) → http://purl.org/obo/owl/B8467#B8467_0000308(SkSat_u1)
_S31(SkSat_u1,SkSat_u2) → http://purl.org/obo/owl/obo#part_of(SkSat_u1,SkSat_u2)
http://purl.org/obo/owl/EKB#EKB_0000025(SkSat_u1) → http://purl.org/obo/owl/EKB#EKB_0000022(SkSat_u1)
http://purl.org/obo/owl/B8467#B8467_0000168(SkSat_u1) → http://purl.org/obo/owl/B8467#B8467_0000151(SkSat_u1)
http://purl.org/obo/owl/B8467#B8467_0000176(SkSat_u1) → http://purl.org/obo/owl/B8467#B8467_0000235(SkSat_u1)
_S34(SkSat_u2,SkSat_u1) → http://purl.org/obo/owl/B8467#B8467_0000193(SkSat_u1)
http://purl.org/obo/owl/B8467#B8467_0000135(SkSat_u1) → http://purl.org/obo/owl/B8467#B8467_0000134(SkSat_u1)
http://purl.org/obo/owl/B8467#B8467_0000291(SkSat_u1) → http://purl.org/obo/owl/B8467#B8467_0000172(SkSat_u1)
http://purl.org/obo/owl/B8467#B8467_0000296(SkSat_u1) → http://purl.org/obo/owl/B8467#B8467_0000151(SkSat_u1)
http://purl.org/obo/owl/B8467#B8467_0000276(SkSat_u1) → http://purl.org/obo/owl/B8467#B8467_0000176(SkSat_u1)
http://purl.org/obo/owl/B8467#B8467_0000191(SkSat_u1) → http://purl.org/obo/owl/B8467#B8467_0000245(SkSat_u1)
_S19(SkSat_u2,SkSat_u1) → http://purl.org/obo/owl/A8467#A8467_0000066(SkSat_u1)
http://purl.org/obo/owl/B8467#B8467_0000173(SkSat_u1) → http://purl.org/obo/owl/B8467#B8467_0000151(SkSat_u1)
http://purl.org/obo/owl/B8467#B8467_0000095(SkSat_u1) → http://purl.org/obo/owl/B8467#B8467_0000093(SkSat_u1)
_S31(SkSat_u2,SkSat_u1) → http://purl.org/obo/owl/A8467#A8467_0000061(SkSat_u1)
http://purl.org/obo/owl/B8467#B8467_0000241(SkSat_u1) → http://purl.org/obo/owl/B8467#B8467_0000235(SkSat_u1)
http://purl.org/obo/owl/EKB#EKB_0000014(SkSat_u1) → http://purl.org/obo/owl/EKB#EKB_0000013(SkSat_u1)
http://purl.org/obo/owl/B8467#B8467_0000308(SkSat_u1) → http://purl.org/obo/owl/B8467#B8467_0000146(SkSat_u1)
_S6(SkSat_u1,SkSat_u2) → http://purl.org/obo/owl/obo#part_of(SkSat_u1,SkSat_u2)
_S11(SkSat_u1,SkSat_u2) → http://purl.org/obo/owl/obo#part_of(SkSat_u1,SkSat_u2)
http://purl.org/obo/owl/B8467#B8467_0000120(SkSat_u1) → http://purl.org/obo/owl/B8467#B8467_0000119(SkSat_u1)
http://purl.org/obo/owl/EKBE#EKBE_0000047(SkSat_u1) → http://purl.org/obo/owl/EKB#EKB_0000003(SkSat_u1)
http://purl.org/obo/owl/B8467#B8467_0000063(SkSat_u1) → http://purl.org/obo/owl/EKBE#EKBE_0000050(SkSat_u1)
http://purl.org/obo/owl/B8467#B8467_0000295(SkSat_u1) → http://purl.org/obo/owl/B8467#B8467_0000293(SkSat_u1)
http://purl.org/obo/owl/B8467#B8467_0000089(SkSat_u1) → http://purl.org/obo/owl/B8467#B8467_0000235(SkSat_u1)
http://purl.org/obo/owl/A8467#A8467_0000074(SkSat_u1) → http://purl.org/obo/owl/EKB#EKB_0000009(SkSat_u1)
http://purl.org/obo/owl/A8467#A8467_0000076(SkSat_u1) → http://purl.org/obo/owl/EKB#EKB_0000009(SkSat_u1)
http://purl.org/obo/owl/EKB#EKB_0000038(SkSat_u1) → http://purl.org/obo/owl/EKB#EKB_0000039(SkSat_u1)
http://purl.org/obo/owl/A8467#A8467_0000079(SkSat_u1) → http://purl.org/obo/owl/A8467#A8467_0000078(SkSat_u1)
http://purl.org/obo/owl/B8467#B8467_0000311(SkSat_u1) → http://purl.org/obo/owl/B8467#B8467_0000146(SkSat_u1)
http://purl.org/obo/owl/B8467#B8467_0000182(SkSat_u1) → http://purl.org/obo/owl/B8467#B8467_0000178(SkSat_u1)
http://purl.org/obo/owl/B8467#B8467_0000108(SkSat_u1) → http://purl.org/obo/owl/B8467#B8467_0000106(SkSat_u1)
_S35(SkSat_u1,SkSat_u2) → http://purl.org/obo/owl/obo#follows(SkSat_u1,SkSat_u2)
http://purl.org/obo/owl/B8467#B8467_0000247(SkSat_u1) → http://purl.org/obo/owl/B8467#B8467_0000117(SkSat_u1)
_S23(SkSat_u2,SkSat_u1) → http://purl.org/obo/owl/B8467#B8467_0000130(SkSat_u1)
http://purl.org/obo/owl/B8467#B8467_0000207(SkSat_u1) → http://purl.org/obo/owl/B8467#B8467_0000205(SkSat_u1)
_S8(SkSat_u1,SkSat_u2) → http://purl.org/obo/owl/obo#part_of(SkSat_u1,SkSat_u2)
http://purl.org/obo/owl/B8467#B8467_0000275(SkSat_u1) → http://purl.org/obo/owl/B8467#B8467_0000273(SkSat_u1)
http://purl.org/obo/owl/B8467#B8467_0000285(SkSat_u1) → http://purl.org/obo/owl/B8467#B8467_0000283(SkSat_u1)
http://purl.org/obo/owl/B8467#B8467_0000051(SkSat_u1) → http://purl.org/obo/owl/B8467#B8467_0000234(SkSat_u1)
http://purl.org/obo/owl/B8467#B8467_0000321(SkSat_u1) → http://purl.org/obo/owl/EKBE#EKBE_0000050(SkSat_u1)
http://purl.org/obo/owl/B8467#B8467_0000288(SkSat_u1) → http://purl.org/obo/owl/B8467#B8467_0000286(SkSat_u1)
http://purl.org/obo/owl/EKB#EKB_0000019(SkSat_u1) → http://purl.org/obo/owl/EKB#EKB_0000003(SkSat_u1)
_S29(SkSat_u2,SkSat_u1) → http://purl.org/obo/owl/B8467#B8467_0000189(SkSat_u1)
http://purl.org/obo/owl/B8467#B8467_0000228(SkSat_u1) → http://purl.org/obo/owl/B8467#B8467_0000227(SkSat_u1)
http://purl.org/obo/owl/EKB#EKB_0000007(SkSat_u1) → http://purl.org/obo/owl/EKB#EKB_0000004(SkSat_u1)
http://purl.org/obo/owl/B8467#B8467_0000249(SkSat_u1) → http://purl.org/obo/owl/B8467#B8467_0000119(SkSat_u1)
http://purl.org/obo/owl/EKB#EKB_0000010(SkSat_u1) → http://purl.org/obo/owl/EKB#EKB_0000008(SkSat_u1)
http://purl.org/obo/owl/B8467#B8467_0000232(SkSat_u1) → http://purl.org/obo/owl/B8467#B8467_0000229(SkSat_u1)
http://purl.org/obo/owl/B8467#B8467_0000150(SkSat_u1) → http://purl.org/obo/owl/B8467#B8467_0000147(SkSat_u1)
http://purl.org/obo/owl/B8467#B8467_0000118(SkSat_u1) → http://purl.org/obo/owl/EKB#EKB_0000022(SkSat_u1)
http://purl.org/obo/owl/EKB#EKB_0000029(SkSat_u1) → http://purl.org/obo/owl/EKB#EKB_0000021(SkSat_u1)
http://purl.org/obo/owl/B8467#B8467_0000132(SkSat_u1) → http://purl.org/obo/owl/B8467#B8467_0000131(SkSat_u1)
http://purl.org/obo/owl/A8467#A8467_0000070(SkSat_u1) → http://purl.org/obo/owl/A8467#A8467_0000066(SkSat_u1)
http://purl.org/obo/owl/B8467#B8467_0000254(SkSat_u1) → http://purl.org/obo/owl/B8467#B8467_0000253(SkSat_u1)
http://purl.org/obo/owl/B8467#B8467_0000092(SkSat_u1) → http://purl.org/obo/owl/EKBE#EKBE_0000050(SkSat_u1)
http://purl.org/obo/owl/EKBE#EKBE_0000050(SkSat_u1) → http://purl.org/obo/owl/EKBE#EKBE_0000054(SkSat_u1)
http://purl.org/obo/owl/EKBE#EKBE_0000055(SkSat_u1) → http://purl.org/obo/owl/B8467#B8467_0000323(SkSat_u1)
http://purl.org/obo/owl/B8467#B8467_0000093(SkSat_u1) → http://purl.org/obo/owl/B8467#B8467_0000287(SkSat_u1)
_S12(SkSat_u2,SkSat_u1) → http://purl.org/obo/owl/B8467#B8467_0000130(SkSat_u1)
http://purl.org/obo/owl/EKBE#EKBE_0000054(SkSat_u1) → http://purl.org/obo/owl/EKBE#EKBE_0000049(SkSat_u1)
_S0(SkSat_u1,SkSat_u2) → http://purl.org/obo/owl/obo#follows(SkSat_u1,SkSat_u2)
http://purl.org/obo/owl/B8467#B8467_0000174(SkSat_u1) → http://purl.org/obo/owl/B8467#B8467_0000173(SkSat_u1)
_S21(SkSat_u1,SkSat_u2) → http://purl.org/obo/owl/obo#part_of(SkSat_u1,SkSat_u2)
http://purl.org/obo/owl/B8467#B8467_0000222(SkSat_u1) → http://purl.org/obo/owl/B8467#B8467_0000220(SkSat_u1)
http://purl.org/obo/owl/B8467#B8467_0000134(SkSat_u1) → http://purl.org/obo/owl/B8467#B8467_0000131(SkSat_u1)
http://purl.org/obo/owl/B8467#B8467_0000205(SkSat_u1) → http://purl.org/obo/owl/B8467#B8467_0000204(SkSat_u1)
_S7(SkSat_u1,SkSat_u2) → http://purl.org/obo/owl/obo#part_of(SkSat_u1,SkSat_u2)
_S23(SkSat_u1,SkSat_u2) → http://purl.org/obo/owl/obo#part_of(SkSat_u1,SkSat_u2)
http://purl.org/obo/owl/EKBE#EKBE_0000053(SkSat_u1) → http://purl.org/obo/owl/EKBE#EKBE_0000047(SkSat_u1)
http://purl.org/obo/owl/EKB#EKB_0000006(SkSat_u1) → http://purl.org/obo/owl/EKB#EKB_0000004(SkSat_u1)
_S27(SkSat_u2,SkSat_u1) → http://purl.org/obo/owl/A8467#A8467_0000061(SkSat_u1)
_S36(SkSat_u1,SkSat_u2) → http://purl.org/obo/owl/obo#part_of(SkSat_u1,SkSat_u2)
http://purl.org/obo/owl/EKB#EKB_0000008(SkSat_u1) → http://purl.org/obo/owl/EKB#EKB_0000002(SkSat_u1)
http://purl.org/obo/owl/EKB#EKB_0000016(SkSat_u1) → http://purl.org/obo/owl/EKB#EKB_0000014(SkSat_u1)
http://purl.org/obo/owl/B8467#B8467_0000090(SkSat_u1) → http://purl.org/obo/owl/B8467#B8467_0000107(SkSat_u1)
http://purl.org/obo/owl/B8467#B8467_0000151(SkSat_u1) → http://purl.org/obo/owl/B8467#B8467_0000261(SkSat_u1)
http://purl.org/obo/owl/B8467#B8467_0000193(SkSat_u1) → http://purl.org/obo/owl/B8467#B8467_0000245(SkSat_u1)
_S37(SkSat_u1,SkSat_u2) → http://purl.org/obo/owl/obo#follows(SkSat_u1,SkSat_u2)
_S16(SkSat_u2,SkSat_u1) → http://purl.org/obo/owl/B8467#B8467_0000194(SkSat_u1)
http://purl.org/obo/owl/EKB#EKB_0000034(SkSat_u1) → http://purl.org/obo/owl/EKB#EKB_0000032(SkSat_u1)
http://purl.org/obo/owl/B8467#B8467_0000243(SkSat_u1) → http://purl.org/obo/owl/B8467#B8467_0000299(SkSat_u1)
_S33(SkSat_u1,SkSat_u2) → http://purl.org/obo/owl/obo#part_of(SkSat_u1,SkSat_u2)
http://purl.org/obo/owl/B8467#B8467_0000103(SkSat_u1) → http://purl.org/obo/owl/B8467#B8467_0000101(SkSat_u1)
http://purl.org/obo/owl/B8467#B8467_0000200(SkSat_u1) → http://purl.org/obo/owl/B8467#B8467_0000108(SkSat_u1)
http://purl.org/obo/owl/B8467#B8467_0000147(SkSat_u1) → http://purl.org/obo/owl/B8467#B8467_0000261(SkSat_u1)
http://purl.org/obo/owl/EKB#EKB_0000036(SkSat_u1) → http://purl.org/obo/owl/EKB#EKB_0000039(SkSat_u1)
http://purl.org/obo/owl/A8467#A8467_0000077(SkSat_u1) → http://purl.org/obo/owl/EKB#EKB_0000009(SkSat_u1)
_S6(SkSat_u2,SkSat_u1) → http://purl.org/obo/owl/B8467#B8467_0000102(SkSat_u1)
_S3(SkSat_u1,SkSat_u2) → http://purl.org/obo/owl/obo#part_of(SkSat_u1,SkSat_u2)
http://purl.org/obo/owl/B8467#B8467_0000278(SkSat_u1) → http://purl.org/obo/owl/B8467#B8467_0000276(SkSat_u1)
http://purl.org/obo/owl/A8467#A8467_0000065(SkSat_u1) → http://purl.org/obo/owl/EKB#EKB_0000012(SkSat_u1)
http://purl.org/obo/owl/A8467#A8467_0000066(SkSat_u1) → http://purl.org/obo/owl/A8467#A8467_0000065(SkSat_u1)
http://purl.org/obo/owl/B8467#B8467_0000210(SkSat_u1) → http://purl.org/obo/owl/B8467#B8467_0000299(SkSat_u1)
_S28(SkSat_u1,SkSat_u2) → http://purl.org/obo/owl/obo#part_of(SkSat_u1,SkSat_u2)
http://purl.org/obo/owl/A8467#A8467_0000061(SkSat_u1) → http://purl.org/obo/owl/EKB#EKB_0000011(SkSat_u1)
http://purl.org/obo/owl/A8467#A8467_0000059(SkSat_u1) → http://purl.org/obo/owl/A8467#A8467_0000056(SkSat_u1)
http://purl.org/obo/owl/B8467#B8467_0000316(SkSat_u1) → http://purl.org/obo/owl/B8467#B8467_0000315(SkSat_u1)
http://purl.org/obo/owl/B8467#B8467_0000180(SkSat_u1) → http://purl.org/obo/owl/B8467#B8467_0000179(SkSat_u1)
http://purl.org/obo/owl/B8467#B8467_0000320(SkSat_u1) → http://purl.org/obo/owl/B8467#B8467_0000319(SkSat_u1)
_S11(SkSat_u2,SkSat_u1) → http://purl.org/obo/owl/B8467#B8467_0000103(SkSat_u1)
_S22(SkSat_u2,SkSat_u1) → http://purl.org/obo/owl/B8467#B8467_0000191(SkSat_u1)
_S36(SkSat_u2,SkSat_u1) → http://purl.org/obo/owl/B8467#B8467_0000112(SkSat_u1)
http://purl.org/obo/owl/B8467#B8467_0000265(SkSat_u1) → http://purl.org/obo/owl/B8467#B8467_0000261(SkSat_u1)
http://purl.org/obo/owl/B8467#B8467_0000273(SkSat_u1) → http://purl.org/obo/owl/B8467#B8467_0000151(SkSat_u1)
http://purl.org/obo/owl/EKB#EKB_0000039(SkSat_u1) → http://purl.org/obo/owl/EKB#EKB_0000032(SkSat_u1)
http://purl.org/obo/owl/B8467#B8467_0000317(SkSat_u1) → http://purl.org/obo/owl/B8467#B8467_0000315(SkSat_u1)
http://purl.org/obo/owl/B8467#B8467_0000313(SkSat_u1) → http://purl.org/obo/owl/B8467#B8467_0000311(SkSat_u1)
http://purl.org/obo/owl/A8467#A8467_0000071(SkSat_u1) → http://purl.org/obo/owl/A8467#A8467_0000066(SkSat_u1)
http://purl.org/obo/owl/B8467#B8467_0000097(SkSat_u1) → http://purl.org/obo/owl/B8467#B8467_0000093(SkSat_u1)
http://purl.org/obo/owl/EKB#EKB_0000021(SkSat_u1) → http://purl.org/obo/owl/EKB#EKB_0000019(SkSat_u1)
_S10(SkSat_u1,SkSat_u2) → http://purl.org/obo/owl/obo#follows(SkSat_u1,SkSat_u2)
http://purl.org/obo/owl/B8467#B8467_0000129(SkSat_u1) → http://purl.org/obo/owl/EKBE#EKBE_0000055(SkSat_u1)
http://purl.org/obo/owl/B8467#B8467_0000298(SkSat_u1) → http://purl.org/obo/owl/B8467#B8467_0000296(SkSat_u1)
_S10(SkSat_u2,SkSat_u1) → http://purl.org/obo/owl/B8467#B8467_0000190(SkSat_u1)
http://purl.org/obo/owl/B8467#B8467_0000318(SkSat_u1) → http://purl.org/obo/owl/B8467#B8467_0000138(SkSat_u1)
http://purl.org/obo/owl/B8467#B8467_0000206(SkSat_u1) → http://purl.org/obo/owl/B8467#B8467_0000244(SkSat_u1)
http://purl.org/obo/owl/B8467#B8467_0000289(SkSat_u1) → http://purl.org/obo/owl/B8467#B8467_0000286(SkSat_u1)
http://purl.org/obo/owl/EKB#EKB_0000037(SkSat_u1) → http://purl.org/obo/owl/EKB#EKB_0000039(SkSat_u1)
http://purl.org/obo/owl/B8467#B8467_0000294(SkSat_u1) → http://purl.org/obo/owl/B8467#B8467_0000293(SkSat_u1)
http://purl.org/obo/owl/B8467#B8467_0000292(SkSat_u1) → http://purl.org/obo/owl/B8467#B8467_0000177(SkSat_u1)
http://purl.org/obo/owl/B8467#B8467_0000229(SkSat_u1) → http://purl.org/obo/owl/EKBE#EKBE_0000053(SkSat_u1)
http://purl.org/obo/owl/EKB#EKB_0000028(SkSat_u1) → http://purl.org/obo/owl/EKB#EKB_0000022(SkSat_u1)
http://purl.org/obo/owl/EKB#EKB_0000020(SkSat_u1) → http://purl.org/obo/owl/EKB#EKB_0000019(SkSat_u1)
http://purl.org/obo/owl/B8467#B8467_0000270(SkSat_u1) → http://purl.org/obo/owl/B8467#B8467_0000267(SkSat_u1)
http://purl.org/obo/owl/B8467#B8467_0000203(SkSat_u1) → http://purl.org/obo/owl/B8467#B8467_0000243(SkSat_u1)
http://purl.org/obo/owl/B8467#B8467_0000257(SkSat_u1) → http://purl.org/obo/owl/B8467#B8467_0000176(SkSat_u1)
http://purl.org/obo/owl/B8467#B8467_0000104(SkSat_u1) → http://purl.org/obo/owl/B8467#B8467_0000261(SkSat_u1)
http://purl.org/obo/owl/EKB#EKB_0000027(SkSat_u1) → http://purl.org/obo/owl/EKB#EKB_0000022(SkSat_u1)
http://purl.org/obo/owl/B8467#B8467_0000121(SkSat_u1) → http://purl.org/obo/owl/B8467#B8467_0000119(SkSat_u1)
_S4(SkSat_u1,SkSat_u2) → http://purl.org/obo/owl/obo#follows(SkSat_u1,SkSat_u2)
http://purl.org/obo/owl/A8467#A8467_0000069(SkSat_u1) → http://purl.org/obo/owl/A8467#A8467_0000067(SkSat_u1)
http://purl.org/obo/owl/B8467#B8467_0000207(SkSat_u1) → http://purl.org/obo/owl/B8467#B8467_0000216(SkSat_u1)
_S14(SkSat_u2,SkSat_u1) → http://purl.org/obo/owl/EKB#EKB_0000000(SkSat_u1)
http://purl.org/obo/owl/EKBE#EKBE_0000055(SkSat_u1) → http://purl.org/obo/owl/EKBE#EKBE_0000054(SkSat_u1)
http://purl.org/obo/owl/B8467#B8467_0000281(SkSat_u1) → http://purl.org/obo/owl/B8467#B8467_0000171(SkSat_u1)
http://purl.org/obo/owl/B8467#B8467_0000236(SkSat_u1) → http://purl.org/obo/owl/B8467#B8467_0000235(SkSat_u1)
http://purl.org/obo/owl/B8467#B8467_0000172(SkSat_u1) → http://purl.org/obo/owl/B8467#B8467_0000151(SkSat_u1)
http://purl.org/obo/owl/B8467#B8467_0000157(SkSat_u1) → http://purl.org/obo/owl/B8467#B8467_0000261(SkSat_u1)
http://purl.org/obo/owl/EKB#EKB_0000026(SkSat_u1) → http://purl.org/obo/owl/EKB#EKB_0000022(SkSat_u1)
http://purl.org/obo/owl/B8467#B8467_0000213(SkSat_u1) → http://purl.org/obo/owl/B8467#B8467_0000212(SkSat_u1)
_S15(SkSat_u2,SkSat_u1) → http://purl.org/obo/owl/A8467#A8467_0000061(SkSat_u1)
http://purl.org/obo/owl/B8467#B8467_0000231(SkSat_u1) → http://purl.org/obo/owl/B8467#B8467_0000230(SkSat_u1)
http://purl.org/obo/owl/B8467#B8467_0000302(SkSat_u1) → http://purl.org/obo/owl/B8467#B8467_0000211(SkSat_u1)
http://purl.org/obo/owl/B8467#B8467_0000223(SkSat_u1) → http://purl.org/obo/owl/B8467#B8467_0000218(SkSat_u1)
http://purl.org/obo/owl/B8467#B8467_0000252(SkSat_u1) → http://purl.org/obo/owl/B8467#B8467_0000250(SkSat_u1)
http://purl.org/obo/owl/B8467#B8467_0000233(SkSat_u1) → http://purl.org/obo/owl/EKBE#EKBE_0000050(SkSat_u1)
_S2(SkSat_u2,SkSat_u1) → http://purl.org/obo/owl/EKB#EKB_0000000(SkSat_u1)
http://purl.org/obo/owl/B8467#B8467_0000262(SkSat_u1) → http://purl.org/obo/owl/B8467#B8467_0000106(SkSat_u1)
http://purl.org/obo/owl/B8467#B8467_0000130(SkSat_u1) → http://purl.org/obo/owl/B8467#B8467_0000129(SkSat_u1)
http://purl.org/obo/owl/B8467#B8467_0000280(SkSat_u1) → http://purl.org/obo/owl/B8467#B8467_0000279(SkSat_u1)
http://purl.org/obo/owl/B8467#B8467_0000314(SkSat_u1) → http://purl.org/obo/owl/B8467#B8467_0000138(SkSat_u1)
_S5(SkSat_u2,SkSat_u1) → http://purl.org/obo/owl/B8467#B8467_0000103(SkSat_u1)
http://purl.org/obo/owl/B8467#B8467_0000114(SkSat_u1) → http://purl.org/obo/owl/B8467#B8467_0000113(SkSat_u1)
http://purl.org/obo/owl/B8467#B8467_0000261(SkSat_u1) → http://purl.org/obo/owl/B8467#B8467_0000176(SkSat_u1)
http://purl.org/obo/owl/B8467#B8467_0000171(SkSat_u1) → http://purl.org/obo/owl/B8467#B8467_0000151(SkSat_u1)
http://purl.org/obo/owl/EKB#EKB_0000024(SkSat_u1) → http://purl.org/obo/owl/EKB#EKB_0000022(SkSat_u1)
http://purl.org/obo/owl/B8467#B8467_0000096(SkSat_u1) → http://purl.org/obo/owl/B8467#B8467_0000093(SkSat_u1)
http://purl.org/obo/owl/B8467#B8467_0000319(SkSat_u1) → http://purl.org/obo/owl/EKBE#EKBE_0000048(SkSat_u1)
_S16(SkSat_u1,SkSat_u2) → http://purl.org/obo/owl/obo#follows(SkSat_u1,SkSat_u2)
http://purl.org/obo/owl/B8467#B8467_0000286(SkSat_u1) → http://purl.org/obo/owl/B8467#B8467_0000261(SkSat_u1)
http://purl.org/obo/owl/B8467#B8467_0000258(SkSat_u1) → http://purl.org/obo/owl/B8467#B8467_0000257(SkSat_u1)
http://purl.org/obo/owl/B8467#B8467_0000212(SkSat_u1) → http://purl.org/obo/owl/B8467#B8467_0000211(SkSat_u1)
http://purl.org/obo/owl/B8467#B8467_0000177(SkSat_u1) → http://purl.org/obo/owl/B8467#B8467_0000176(SkSat_u1)
http://purl.org/obo/owl/B8467#B8467_0000091(SkSat_u1) → http://purl.org/obo/owl/B8467#B8467_0000107(SkSat_u1)
http://purl.org/obo/owl/B8467#B8467_0000283(SkSat_u1) → http://purl.org/obo/owl/B8467#B8467_0000151(SkSat_u1)
http://purl.org/obo/owl/B8467#B8467_0000140(SkSat_u1) → http://purl.org/obo/owl/B8467#B8467_0000261(SkSat_u1)
http://purl.org/obo/owl/B8467#B8467_0000164(SkSat_u1) → http://purl.org/obo/owl/B8467#B8467_0000163(SkSat_u1)
http://purl.org/obo/owl/B8467#B8467_0000322(SkSat_u1) → http://purl.org/obo/owl/B8467#B8467_0000087(SkSat_u1)
_S19(SkSat_u1,SkSat_u2) → http://purl.org/obo/owl/obo#part_of(SkSat_u1,SkSat_u2)
http://purl.org/obo/owl/B8467#B8467_0000119(SkSat_u1) → http://purl.org/obo/owl/EKBE#EKBE_0000050(SkSat_u1)
_S25(SkSat_u1,SkSat_u2) → http://purl.org/obo/owl/obo#uses_part(SkSat_u1,SkSat_u2)
http://purl.org/obo/owl/B8467#B8467_0000115(SkSat_u1) → http://purl.org/obo/owl/B8467#B8467_0000113(SkSat_u1)
http://purl.org/obo/owl/A8467#A8467_0000064(SkSat_u1) → http://purl.org/obo/owl/EKB#EKB_0000012(SkSat_u1)
_S28(SkSat_u2,SkSat_u1) → http://purl.org/obo/owl/A8467#A8467_0000061(SkSat_u1)
http://purl.org/obo/owl/B8467#B8467_0000083(SkSat_u1) → http://purl.org/obo/owl/B8467#B8467_0000082(SkSat_u1)
_S13(SkSat_u1,SkSat_u2) → http://purl.org/obo/owl/obo#uses_part(SkSat_u1,SkSat_u2)
http://purl.org/obo/owl/B8467#B8467_0000234(SkSat_u1) → http://purl.org/obo/owl/EKBE#EKBE_0000052(SkSat_u1)
_S32(SkSat_u2,SkSat_u1) → http://purl.org/obo/owl/B8467#B8467_0000130(SkSat_u1)
http://purl.org/obo/owl/B8467#B8467_0000220(SkSat_u1) → http://purl.org/obo/owl/B8467#B8467_0000218(SkSat_u1)
_S14(SkSat_u1,SkSat_u2) → http://purl.org/obo/owl/obo#part_of(SkSat_u1,SkSat_u2)
http://purl.org/obo/owl/EKB#EKB_0000017(SkSat_u1) → http://purl.org/obo/owl/EKB#EKB_0000013(SkSat_u1)
http://purl.org/obo/owl/B8467#B8467_0000146(SkSat_u1) → http://purl.org/obo/owl/B8467#B8467_0000142(SkSat_u1)
http://purl.org/obo/owl/B8467#B8467_0000238(SkSat_u1) → http://purl.org/obo/owl/B8467#B8467_0000236(SkSat_u1)
http://purl.org/obo/owl/EKB#EKB_0000011(SkSat_u1) → http://purl.org/obo/owl/EKB#EKB_0000010(SkSat_u1)
_S32(SkSat_u1,SkSat_u2) → http://purl.org/obo/owl/obo#part_of(SkSat_u1,SkSat_u2)
http://purl.org/obo/owl/B8467#B8467_0000277(SkSat_u1) → http://purl.org/obo/owl/B8467#B8467_0000276(SkSat_u1)
http://purl.org/obo/owl/B8467#B8467_0000230(SkSat_u1) → http://purl.org/obo/owl/B8467#B8467_0000229(SkSat_u1)
http://purl.org/obo/owl/EKB#EKB_0000030(SkSat_u1) → http://purl.org/obo/owl/EKB#EKB_0000021(SkSat_u1)
http://purl.org/obo/owl/EKB#EKB_0000004(SkSat_u1) → http://purl.org/obo/owl/EKB#EKB_0000001(SkSat_u1)
_S29(SkSat_u1,SkSat_u2) → http://purl.org/obo/owl/obo#follows(SkSat_u1,SkSat_u2)
http://purl.org/obo/owl/B8467#B8467_0000166(SkSat_u1) → http://purl.org/obo/owl/B8467#B8467_0000163(SkSat_u1)
http://purl.org/obo/owl/B8467#B8467_0000240(SkSat_u1) → http://purl.org/obo/owl/B8467#B8467_0000236(SkSat_u1)
http://purl.org/obo/owl/B8467#B8467_0000199(SkSat_u1) → http://purl.org/obo/owl/B8467#B8467_0000245(SkSat_u1)
http://purl.org/obo/owl/B8467#B8467_0000306(SkSat_u1) → http://purl.org/obo/owl/B8467#B8467_0000145(SkSat_u1)
http://purl.org/obo/owl/B8467#B8467_0000175(SkSat_u1) → http://purl.org/obo/owl/B8467#B8467_0000173(SkSat_u1)
_S9(SkSat_u2,SkSat_u1) → http://purl.org/obo/owl/B8467#B8467_0000102(SkSat_u1)
http://purl.org/obo/owl/B8467#B8467_0000239(SkSat_u1) → http://purl.org/obo/owl/B8467#B8467_0000236(SkSat_u1)
http://purl.org/obo/owl/B8467#B8467_0000279(SkSat_u1) → http://purl.org/obo/owl/B8467#B8467_0000176(SkSat_u1)
http://purl.org/obo/owl/B8467#B8467_0000110(SkSat_u1) → http://purl.org/obo/owl/B8467#B8467_0000109(SkSat_u1)
http://purl.org/obo/owl/B8467#B8467_0000235(SkSat_u1) → http://purl.org/obo/owl/EKBE#EKBE_0000049(SkSat_u1)
http://purl.org/obo/owl/B8467#B8467_0000217(SkSat_u1) → http://purl.org/obo/owl/B8467#B8467_0000216(SkSat_u1)
http://purl.org/obo/owl/EKBE#EKBE_0000049(SkSat_u1) → http://purl.org/obo/owl/EKBE#EKBE_0000048(SkSat_u1)
_S20(SkSat_u1,SkSat_u2) → http://purl.org/obo/owl/obo#part_of(SkSat_u1,SkSat_u2)
_S2(SkSat_u1,SkSat_u2) → http://purl.org/obo/owl/obo#part_of(SkSat_u1,SkSat_u2)
http://purl.org/obo/owl/B8467#B8467_0000301(SkSat_u1) → http://purl.org/obo/owl/B8467#B8467_0000212(SkSat_u1)
http://purl.org/obo/owl/B8467#B8467_0000268(SkSat_u1) → http://purl.org/obo/owl/B8467#B8467_0000104(SkSat_u1)
http://purl.org/obo/owl/B8467#B8467_0000284(SkSat_u1) → http://purl.org/obo/owl/B8467#B8467_0000283(SkSat_u1)
http://purl.org/obo/owl/B8467#B8467_0000165(SkSat_u1) → http://purl.org/obo/owl/B8467#B8467_0000163(SkSat_u1)
http://purl.org/obo/owl/B8467#B8467_0000267(SkSat_u1) → http://purl.org/obo/owl/B8467#B8467_0000104(SkSat_u1)
http://purl.org/obo/owl/B8467#B8467_0000271(SkSat_u1) → http://purl.org/obo/owl/B8467#B8467_0000268(SkSat_u1)
http://purl.org/obo/owl/B8467#B8467_0000256(SkSat_u1) → http://purl.org/obo/owl/B8467#B8467_0000108(SkSat_u1)
http://purl.org/obo/owl/A8467#A8467_0000080(SkSat_u1) → http://purl.org/obo/owl/EKB#EKB_0000017(SkSat_u1)
http://purl.org/obo/owl/B8467#B8467_0000129(SkSat_u1) → http://purl.org/obo/owl/EKBE#EKBE_0000050(SkSat_u1)
http://purl.org/obo/owl/B8467#B8467_0000304(SkSat_u1) → http://purl.org/obo/owl/B8467#B8467_0000144(SkSat_u1)
http://purl.org/obo/owl/B8467#B8467_0000100(SkSat_u1) → http://purl.org/obo/owl/B8467#B8467_0000094(SkSat_u1)
_S22(SkSat_u1,SkSat_u2) → http://purl.org/obo/owl/obo#follows(SkSat_u1,SkSat_u2)
http://purl.org/obo/owl/B8467#B8467_0000113(SkSat_u1) → http://purl.org/obo/owl/EKBE#EKBE_0000050(SkSat_u1)
http://purl.org/obo/owl/B8467#B8467_0000309(SkSat_u1) → http://purl.org/obo/owl/B8467#B8467_0000308(SkSat_u1)
http://purl.org/obo/owl/B8467#B8467_0000303(SkSat_u1) → http://purl.org/obo/owl/B8467#B8467_0000211(SkSat_u1)
http://purl.org/obo/owl/EKB#EKB_0000035(SkSat_u1) → http://purl.org/obo/owl/EKB#EKB_0000032(SkSat_u1)
http://purl.org/obo/owl/B8467#B8467_0000148(SkSat_u1) → http://purl.org/obo/owl/B8467#B8467_0000178(SkSat_u1)
http://purl.org/obo/owl/B8467#B8467_0000099(SkSat_u1) → http://purl.org/obo/owl/B8467#B8467_0000094(SkSat_u1)
_S3(SkSat_u2,SkSat_u1) → http://purl.org/obo/owl/B8467#B8467_0000251(SkSat_u1)
_S17(SkSat_u2,SkSat_u1) → http://purl.org/obo/owl/A8467#A8467_0000064(SkSat_u1)
_S30(SkSat_u1,SkSat_u2) → http://purl.org/obo/owl/obo#part_of(SkSat_u1,SkSat_u2)
http://purl.org/obo/owl/B8467#B8467_0000187(SkSat_u1) → http://purl.org/obo/owl/B8467#B8467_0000186(SkSat_u1)
http://purl.org/obo/owl/A8467#A8467_0000058(SkSat_u1) → http://purl.org/obo/owl/A8467#A8467_0000056(SkSat_u1)
http://purl.org/obo/owl/B8467#B8467_0000198(SkSat_u1) → http://purl.org/obo/owl/B8467#B8467_0000245(SkSat_u1)
_S20(SkSat_u2,SkSat_u1) → http://purl.org/obo/owl/B8467#B8467_0000252(SkSat_u1)
_S1(SkSat_u1,SkSat_u2) → http://purl.org/obo/owl/obo#part_of(SkSat_u1,SkSat_u2)
_S33(SkSat_u2,SkSat_u1) → http://purl.org/obo/owl/A8467#A8467_0000061(SkSat_u1)
http://purl.org/obo/owl/B8467#B8467_0000305(SkSat_u1) → http://purl.org/obo/owl/B8467#B8467_0000144(SkSat_u1)
http://purl.org/obo/owl/B8467#B8467_0000216(SkSat_u1) → http://purl.org/obo/owl/B8467#B8467_0000299(SkSat_u1)
http://purl.org/obo/owl/B8467#B8467_0000111(SkSat_u1) → http://purl.org/obo/owl/B8467#B8467_0000109(SkSat_u1)
http://purl.org/obo/owl/B8467#B8467_0000227(SkSat_u1) → http://purl.org/obo/owl/EKBE#EKBE_0000053(SkSat_u1)
http://purl.org/obo/owl/B8467#B8467_0000144(SkSat_u1) → http://purl.org/obo/owl/B8467#B8467_0000143(SkSat_u1)
http://purl.org/obo/owl/B8467#B8467_0000312(SkSat_u1) → http://purl.org/obo/owl/B8467#B8467_0000311(SkSat_u1)
http://purl.org/obo/owl/B8467#B8467_0000082(SkSat_u1) → http://purl.org/obo/owl/EKBE#EKBE_0000050(SkSat_u1)
http://purl.org/obo/owl/B8467#B8467_0000133(SkSat_u1) → http://purl.org/obo/owl/B8467#B8467_0000131(SkSat_u1)
http://purl.org/obo/owl/B8467#B8467_0000138(SkSat_u1) → http://purl.org/obo/owl/B8467#B8467_0000137(SkSat_u1)
http://purl.org/obo/owl/B8467#B8467_0000225(SkSat_u1) → http://purl.org/obo/owl/B8467#B8467_0000223(SkSat_u1)
http://purl.org/obo/owl/B8467#B8467_0000106(SkSat_u1) → http://purl.org/obo/owl/B8467#B8467_0000261(SkSat_u1)
http://purl.org/obo/owl/B8467#B8467_0000266(SkSat_u1) → http://purl.org/obo/owl/B8467#B8467_0000157(SkSat_u1)
http://purl.org/obo/owl/B8467#B8467_0000190(SkSat_u1) → http://purl.org/obo/owl/B8467#B8467_0000245(SkSat_u1)
http://purl.org/obo/owl/EKB#EKB_0000018(SkSat_u1) → http://purl.org/obo/owl/EKB#EKB_0000013(SkSat_u1)
http://purl.org/obo/owl/B8467#B8467_0000085(SkSat_u1) → http://purl.org/obo/owl/B8467#B8467_0000082(SkSat_u1)
http://purl.org/obo/owl/B8467#B8467_0000290(SkSat_u1) → http://purl.org/obo/owl/B8467#B8467_0000172(SkSat_u1)
http://purl.org/obo/owl/B8467#B8467_0000139(SkSat_u1) → http://purl.org/obo/owl/B8467#B8467_0000137(SkSat_u1)
_S18(SkSat_u2,SkSat_u1) → http://purl.org/obo/owl/B8467#B8467_0000088(SkSat_u1)
http://purl.org/obo/owl/B8467#B8467_0000131(SkSat_u1) → http://purl.org/obo/owl/B8467#B8467_0000242(SkSat_u1)
http://purl.org/obo/owl/B8467#B8467_0000123(SkSat_u1) → http://purl.org/obo/owl/B8467#B8467_0000121(SkSat_u1)
http://purl.org/obo/owl/B8467#B8467_0000179(SkSat_u1) → http://purl.org/obo/owl/B8467#B8467_0000178(SkSat_u1)
_S4(SkSat_u2,SkSat_u1) → http://purl.org/obo/owl/B8467#B8467_0000201(SkSat_u1)
http://purl.org/obo/owl/A8467#A8467_0000056(SkSat_u1) → http://purl.org/obo/owl/EKB#EKB_0000006(SkSat_u1)
http://purl.org/obo/owl/B8467#B8467_0000248(SkSat_u1) → http://purl.org/obo/owl/B8467#B8467_0000117(SkSat_u1)
http://purl.org/obo/owl/B8467#B8467_0000124(SkSat_u1) → http://purl.org/obo/owl/B8467#B8467_0000119(SkSat_u1)
_S26(SkSat_u2,SkSat_u1) → http://purl.org/obo/owl/B8467#B8467_0000088(SkSat_u1)
http://purl.org/obo/owl/B8467#B8467_0000263(SkSat_u1) → http://purl.org/obo/owl/B8467#B8467_0000262(SkSat_u1)
http://purl.org/obo/owl/B8467#B8467_0000141(SkSat_u1) → http://purl.org/obo/owl/B8467#B8467_0000240(SkSat_u1)
http://purl.org/obo/owl/B8467#B8467_0000125(SkSat_u1) → http://purl.org/obo/owl/B8467#B8467_0000119(SkSat_u1)
_S25(SkSat_u2,SkSat_u1) → http://purl.org/obo/owl/GO#GO_0000081(SkSat_u1)
http://purl.org/obo/owl/EKB#EKB_0000032(SkSat_u1) → http://purl.org/obo/owl/EKB#EKB_0000019(SkSat_u1)
http://purl.org/obo/owl/B8467#B8467_0000194(SkSat_u1) → http://purl.org/obo/owl/B8467#B8467_0000245(SkSat_u1)
http://purl.org/obo/owl/B8467#B8467_0000086(SkSat_u1) → http://purl.org/obo/owl/B8467#B8467_0000082(SkSat_u1)
_S30(SkSat_u2,SkSat_u1) → http://purl.org/obo/owl/A8467#A8467_0000067(SkSat_u1)
http://purl.org/obo/owl/B8467#B8467_0000250(SkSat_u1) → http://purl.org/obo/owl/EKBE#EKBE_0000050(SkSat_u1)
http://purl.org/obo/owl/B8467#B8467_0000209(SkSat_u1) → http://purl.org/obo/owl/B8467#B8467_0000208(SkSat_u1)
http://purl.org/obo/owl/EKB#EKB_0000012(SkSat_u1) → http://purl.org/obo/owl/EKB#EKB_0000010(SkSat_u1)
http://purl.org/obo/owl/B8467#B8467_0000133(SkSat_u1) → http://purl.org/obo/owl/B8467#B8467_0000216(SkSat_u1)
http://purl.org/obo/owl/B8467#B8467_0000323(SkSat_u1) → http://purl.org/obo/owl/EKBE#EKBE_0000047(SkSat_u1)
http://purl.org/obo/owl/B8467#B8467_0000202(SkSat_u1) → http://purl.org/obo/owl/B8467#B8467_0000199(SkSat_u1)
http://purl.org/obo/owl/B8467#B8467_0000116(SkSat_u1) → http://purl.org/obo/owl/B8467#B8467_0000113(SkSat_u1)
http://purl.org/obo/owl/A8467#A8467_0000078(SkSat_u1) → http://purl.org/obo/owl/EKB#EKB_0000016(SkSat_u1)
http://purl.org/obo/owl/B8467#B8467_0000142(SkSat_u1) → http://purl.org/obo/owl/B8467#B8467_0000210(SkSat_u1)
http://purl.org/obo/owl/B8467#B8467_0000272(SkSat_u1) → http://purl.org/obo/owl/B8467#B8467_0000268(SkSat_u1)
http://purl.org/obo/owl/EKB#EKB_0000005(SkSat_u1) → http://purl.org/obo/owl/EKB#EKB_0000001(SkSat_u1)
=========================================
