Starting Saturation...
Executing from DLGP files
SLF4J: Failed to load class "org.slf4j.impl.StaticLoggerBinder".
SLF4J: Defaulting to no-operation (NOP) logger implementation
SLF4J: See http://www.slf4j.org/codes.html#StaticLoggerBinder for further details.
# Rules: 506; # Atoms: 0; # AtomSets: 0; # Queries: 0; # Constraints: 0
Full TGD saturation algorithm: Skolemized Sat
Running SkSat...
May 14, 2021 12:26:50 PM uk.ac.ox.cs.gsat.EvolveBasedSat run
INFO: SkSat discarded rules : 0/506 = 0.000%
SkSat discarded rules : 0/506 = 0.000%
May 14, 2021 12:26:51 PM uk.ac.ox.cs.gsat.EvolveBasedSat run
INFO: Subsumption method : tree_atom
May 14, 2021 12:26:51 PM uk.ac.ox.cs.gsat.EvolveBasedSat run
INFO: # initial TGDs: 1008 , 502
nonFullTGDs	0		fullTGDs	1008			newNonFullTGDs	502		newFullTGDs	0
nonFullTGDs	100		fullTGDs	1008			newNonFullTGDs	470		newFullTGDs	0
nonFullTGDs	200		fullTGDs	1008			newNonFullTGDs	436		newFullTGDs	0
nonFullTGDs	300		fullTGDs	1008			newNonFullTGDs	404		newFullTGDs	0
nonFullTGDs	400		fullTGDs	1008			newNonFullTGDs	370		newFullTGDs	0
nonFullTGDs	500		fullTGDs	1008			newNonFullTGDs	336		newFullTGDs	0
nonFullTGDs	600		fullTGDs	1008			newNonFullTGDs	302		newFullTGDs	0
nonFullTGDs	700		fullTGDs	1008			newNonFullTGDs	270		newFullTGDs	0
nonFullTGDs	800		fullTGDs	1008			newNonFullTGDs	236		newFullTGDs	0
nonFullTGDs	900		fullTGDs	1008			newNonFullTGDs	202		newFullTGDs	0
nonFullTGDs	1000		fullTGDs	1008			newNonFullTGDs	170		newFullTGDs	0
nonFullTGDs	1100		fullTGDs	1008			newNonFullTGDs	136		newFullTGDs	0
nonFullTGDs	1200		fullTGDs	1008			newNonFullTGDs	102		newFullTGDs	0
nonFullTGDs	1300		fullTGDs	1008			newNonFullTGDs	70		newFullTGDs	0
nonFullTGDs	1400		fullTGDs	1008			newNonFullTGDs	36		newFullTGDs	0
nonFullTGDs	1500		fullTGDs	1008			newNonFullTGDs	2		newFullTGDs	0
May 14, 2021 12:26:51 PM uk.ac.ox.cs.gsat.EvolveBasedSat run
INFO: GSat total time : 545 ms = 0.54 s
May 14, 2021 12:26:51 PM uk.ac.ox.cs.gsat.EvolveBasedSat run
INFO: Subsumed elements : 0
May 14, 2021 12:26:51 PM uk.ac.ox.cs.gsat.EvolveBasedSat run
INFO: Filter discarded elements : 0
May 14, 2021 12:26:51 PM uk.ac.ox.cs.gsat.EvolveBasedSat run
INFO: Derived full/non full TGDs: 0 , 1004
May 14, 2021 12:26:51 PM uk.ac.ox.cs.gsat.EvolveBasedSat run
INFO: ouptput full TGDs not contained in the input: 0
May 14, 2021 12:26:51 PM uk.ac.ox.cs.gsat.App executeAllSteps
INFO: Rewriting completed!
Full TGD saturation: (1008 dependecies)
=========================================
_S147(SkSat_u1,SkSat_u2) → http://purl.org/obo/owl/obo#broader(SkSat_u1,SkSat_u2)
_S380(SkSat_u1,SkSat_u2) → http://purl.org/obo/owl/obo#broader(SkSat_u1,SkSat_u2)
_S280(SkSat_u2,SkSat_u1) → http://purl.org/obo/owl/MAT#MAT_0000005(SkSat_u1)
_S265(SkSat_u1,SkSat_u2) → http://purl.org/obo/owl/obo#broader(SkSat_u1,SkSat_u2)
_S124(SkSat_u2,SkSat_u1) → http://purl.org/obo/owl/MAT#MAT_0000140(SkSat_u1)
_S402(SkSat_u1,SkSat_u2) → http://purl.org/obo/owl/obo#broader(SkSat_u1,SkSat_u2)
_S95(SkSat_u1,SkSat_u2) → http://purl.org/obo/owl/obo#broader(SkSat_u1,SkSat_u2)
_S354(SkSat_u2,SkSat_u1) → http://purl.org/obo/owl/MAT#MAT_0000025(SkSat_u1)
_S290(SkSat_u2,SkSat_u1) → http://purl.org/obo/owl/MAT#MAT_0000046(SkSat_u1)
_S310(SkSat_u1,SkSat_u2) → http://purl.org/obo/owl/obo#broader(SkSat_u1,SkSat_u2)
_S167(SkSat_u1,SkSat_u2) → http://purl.org/obo/owl/obo#broader(SkSat_u1,SkSat_u2)
_S34(SkSat_u2,SkSat_u1) → http://purl.org/obo/owl/MAT#MAT_0000373(SkSat_u1)
_S455(SkSat_u1,SkSat_u2) → http://purl.org/obo/owl/obo#broader(SkSat_u1,SkSat_u2)
_S264(SkSat_u2,SkSat_u1) → http://purl.org/obo/owl/MAT#MAT_0000033(SkSat_u1)
_S439(SkSat_u1,SkSat_u2) → http://purl.org/obo/owl/obo#broader(SkSat_u1,SkSat_u2)
_S389(SkSat_u1,SkSat_u2) → http://purl.org/obo/owl/obo#broader(SkSat_u1,SkSat_u2)
_S381(SkSat_u2,SkSat_u1) → http://purl.org/obo/owl/MAT#MAT_0000020(SkSat_u1)
_S348(SkSat_u2,SkSat_u1) → http://purl.org/obo/owl/MAT#MAT_0000441(SkSat_u1)
_S223(SkSat_u1,SkSat_u2) → http://purl.org/obo/owl/obo#broader(SkSat_u1,SkSat_u2)
_S115(SkSat_u1,SkSat_u2) → http://purl.org/obo/owl/obo#broader(SkSat_u1,SkSat_u2)
_S57(SkSat_u2,SkSat_u1) → http://purl.org/obo/owl/MAT#MAT_0000338(SkSat_u1)
_S425(SkSat_u2,SkSat_u1) → http://purl.org/obo/owl/MAT#MAT_0000371(SkSat_u1)
_S476(SkSat_u1,SkSat_u2) → http://purl.org/obo/owl/obo#broader(SkSat_u1,SkSat_u2)
_S203(SkSat_u2,SkSat_u1) → http://purl.org/obo/owl/MAT#MAT_0000031(SkSat_u1)
_S46(SkSat_u1,SkSat_u2) → http://purl.org/obo/owl/obo#broader(SkSat_u1,SkSat_u2)
_S57(SkSat_u1,SkSat_u2) → http://purl.org/obo/owl/obo#broader(SkSat_u1,SkSat_u2)
_S285(SkSat_u2,SkSat_u1) → http://purl.org/obo/owl/MAT#MAT_0000032(SkSat_u1)
_S77(SkSat_u1,SkSat_u2) → http://purl.org/obo/owl/obo#broader(SkSat_u1,SkSat_u2)
_S89(SkSat_u1,SkSat_u2) → http://purl.org/obo/owl/obo#broader(SkSat_u1,SkSat_u2)
_S378(SkSat_u2,SkSat_u1) → http://purl.org/obo/owl/MAT#MAT_0000441(SkSat_u1)
_S451(SkSat_u2,SkSat_u1) → http://purl.org/obo/owl/MAT#MAT_0000483(SkSat_u1)
_S342(SkSat_u2,SkSat_u1) → http://purl.org/obo/owl/MAT#MAT_0000514(SkSat_u1)
_S286(SkSat_u1,SkSat_u2) → http://purl.org/obo/owl/obo#broader(SkSat_u1,SkSat_u2)
_S308(SkSat_u1,SkSat_u2) → http://purl.org/obo/owl/obo#broader(SkSat_u1,SkSat_u2)
_S161(SkSat_u1,SkSat_u2) → http://purl.org/obo/owl/obo#broader(SkSat_u1,SkSat_u2)
_S240(SkSat_u2,SkSat_u1) → http://purl.org/obo/owl/MAT#MAT_0000016(SkSat_u1)
_S443(SkSat_u2,SkSat_u1) → http://purl.org/obo/owl/MAT#MAT_0000021(SkSat_u1)
_S459(SkSat_u1,SkSat_u2) → http://purl.org/obo/owl/obo#broader(SkSat_u1,SkSat_u2)
_S0(SkSat_u1,SkSat_u2) → http://purl.org/obo/owl/obo#broader(SkSat_u1,SkSat_u2)
_S366(SkSat_u1,SkSat_u2) → http://purl.org/obo/owl/obo#broader(SkSat_u1,SkSat_u2)
_S363(SkSat_u2,SkSat_u1) → http://purl.org/obo/owl/MAT#MAT_0000098(SkSat_u1)
_S339(SkSat_u2,SkSat_u1) → http://purl.org/obo/owl/MAT#MAT_0000019(SkSat_u1)
_S130(SkSat_u2,SkSat_u1) → http://purl.org/obo/owl/MAT#MAT_0000038(SkSat_u1)
_S282(SkSat_u2,SkSat_u1) → http://purl.org/obo/owl/MAT#MAT_0000373(SkSat_u1)
_S42(SkSat_u2,SkSat_u1) → http://purl.org/obo/owl/MAT#MAT_0000391(SkSat_u1)
_S324(SkSat_u1,SkSat_u2) → http://purl.org/obo/owl/obo#broader(SkSat_u1,SkSat_u2)
_S132(SkSat_u2,SkSat_u1) → http://purl.org/obo/owl/MAT#MAT_0000138(SkSat_u1)
_S221(SkSat_u1,SkSat_u2) → http://purl.org/obo/owl/obo#broader(SkSat_u1,SkSat_u2)
_S464(SkSat_u1,SkSat_u2) → http://purl.org/obo/owl/obo#broader(SkSat_u1,SkSat_u2)
_S457(SkSat_u2,SkSat_u1) → http://purl.org/obo/owl/MAT#MAT_0000049(SkSat_u1)
_S128(SkSat_u1,SkSat_u2) → http://purl.org/obo/owl/obo#broader(SkSat_u1,SkSat_u2)
_S294(SkSat_u2,SkSat_u1) → http://purl.org/obo/owl/MAT#MAT_0000019(SkSat_u1)
_S307(SkSat_u1,SkSat_u2) → http://purl.org/obo/owl/obo#broader(SkSat_u1,SkSat_u2)
_S491(SkSat_u2,SkSat_u1) → http://purl.org/obo/owl/MAT#MAT_0000028(SkSat_u1)
_S173(SkSat_u2,SkSat_u1) → http://purl.org/obo/owl/MAT#MAT_0000020(SkSat_u1)
_S465(SkSat_u1,SkSat_u2) → http://purl.org/obo/owl/obo#broader(SkSat_u1,SkSat_u2)
_S107(SkSat_u1,SkSat_u2) → http://purl.org/obo/owl/obo#broader(SkSat_u1,SkSat_u2)
_S434(SkSat_u1,SkSat_u2) → http://purl.org/obo/owl/obo#broader(SkSat_u1,SkSat_u2)
_S451(SkSat_u1,SkSat_u2) → http://purl.org/obo/owl/obo#broader(SkSat_u1,SkSat_u2)
_S416(SkSat_u2,SkSat_u1) → http://purl.org/obo/owl/MAT#MAT_0000373(SkSat_u1)
_S155(SkSat_u1,SkSat_u2) → http://purl.org/obo/owl/obo#broader(SkSat_u1,SkSat_u2)
_S22(SkSat_u2,SkSat_u1) → http://purl.org/obo/owl/MAT#MAT_0000391(SkSat_u1)
_S230(SkSat_u1,SkSat_u2) → http://purl.org/obo/owl/obo#broader(SkSat_u1,SkSat_u2)
_S49(SkSat_u2,SkSat_u1) → http://purl.org/obo/owl/MAT#MAT_0000191(SkSat_u1)
_S31(SkSat_u2,SkSat_u1) → http://purl.org/obo/owl/MAT#MAT_0000374(SkSat_u1)
_S411(SkSat_u1,SkSat_u2) → http://purl.org/obo/owl/obo#broader(SkSat_u1,SkSat_u2)
_S87(SkSat_u2,SkSat_u1) → http://purl.org/obo/owl/MAT#MAT_0000022(SkSat_u1)
_S414(SkSat_u1,SkSat_u2) → http://purl.org/obo/owl/obo#broader(SkSat_u1,SkSat_u2)
_S132(SkSat_u1,SkSat_u2) → http://purl.org/obo/owl/obo#broader(SkSat_u1,SkSat_u2)
_S71(SkSat_u1,SkSat_u2) → http://purl.org/obo/owl/obo#broader(SkSat_u1,SkSat_u2)
_S301(SkSat_u2,SkSat_u1) → http://purl.org/obo/owl/MAT#MAT_0000105(SkSat_u1)
_S441(SkSat_u2,SkSat_u1) → http://purl.org/obo/owl/MAT#MAT_0000021(SkSat_u1)
_S468(SkSat_u1,SkSat_u2) → http://purl.org/obo/owl/obo#broader(SkSat_u1,SkSat_u2)
_S433(SkSat_u1,SkSat_u2) → http://purl.org/obo/owl/obo#broader(SkSat_u1,SkSat_u2)
http://purl.org/obo/owl/GO#GO_0000000(SkSat_u1) → http://www.geneontology.org/formats/oboInOwl#ObsoleteClass(SkSat_u1)
_S83(SkSat_u2,SkSat_u1) → http://purl.org/obo/owl/MAT#MAT_0000009(SkSat_u1)
_S51(SkSat_u2,SkSat_u1) → http://purl.org/obo/owl/MAT#MAT_0000005(SkSat_u1)
_S465(SkSat_u2,SkSat_u1) → http://purl.org/obo/owl/MAT#MAT_0000005(SkSat_u1)
_S238(SkSat_u1,SkSat_u2) → http://purl.org/obo/owl/obo#broader(SkSat_u1,SkSat_u2)
_S352(SkSat_u1,SkSat_u2) → http://purl.org/obo/owl/obo#broader(SkSat_u1,SkSat_u2)
_S19(SkSat_u1,SkSat_u2) → http://purl.org/obo/owl/obo#broader(SkSat_u1,SkSat_u2)
_S321(SkSat_u2,SkSat_u1) → http://purl.org/obo/owl/MAT#MAT_0000033(SkSat_u1)
_S154(SkSat_u2,SkSat_u1) → http://purl.org/obo/owl/MAT#MAT_0000033(SkSat_u1)
_S83(SkSat_u1,SkSat_u2) → http://purl.org/obo/owl/obo#broader(SkSat_u1,SkSat_u2)
_S34(SkSat_u1,SkSat_u2) → http://purl.org/obo/owl/obo#broader(SkSat_u1,SkSat_u2)
_S473(SkSat_u2,SkSat_u1) → http://purl.org/obo/owl/MAT#MAT_0000033(SkSat_u1)
_S293(SkSat_u1,SkSat_u2) → http://purl.org/obo/owl/obo#broader(SkSat_u1,SkSat_u2)
_S88(SkSat_u1,SkSat_u2) → http://purl.org/obo/owl/obo#broader(SkSat_u1,SkSat_u2)
_S378(SkSat_u1,SkSat_u2) → http://purl.org/obo/owl/obo#broader(SkSat_u1,SkSat_u2)
_S430(SkSat_u1,SkSat_u2) → http://purl.org/obo/owl/obo#broader(SkSat_u1,SkSat_u2)
_S482(SkSat_u2,SkSat_u1) → http://purl.org/obo/owl/MAT#MAT_0000304(SkSat_u1)
_S123(SkSat_u2,SkSat_u1) → http://purl.org/obo/owl/MAT#MAT_0000027(SkSat_u1)
_S377(SkSat_u2,SkSat_u1) → http://purl.org/obo/owl/MAT#MAT_0000374(SkSat_u1)
_S374(SkSat_u2,SkSat_u1) → http://purl.org/obo/owl/MAT#MAT_0000001(SkSat_u1)
_S168(SkSat_u1,SkSat_u2) → http://purl.org/obo/owl/obo#broader(SkSat_u1,SkSat_u2)
_S485(SkSat_u1,SkSat_u2) → http://purl.org/obo/owl/obo#broader(SkSat_u1,SkSat_u2)
_S122(SkSat_u2,SkSat_u1) → http://purl.org/obo/owl/MAT#MAT_0000347(SkSat_u1)
_S7(SkSat_u2,SkSat_u1) → http://purl.org/obo/owl/MAT#MAT_0000098(SkSat_u1)
_S212(SkSat_u1,SkSat_u2) → http://purl.org/obo/owl/obo#broader(SkSat_u1,SkSat_u2)
_S14(SkSat_u2,SkSat_u1) → http://purl.org/obo/owl/MAT#MAT_0000090(SkSat_u1)
_S97(SkSat_u1,SkSat_u2) → http://purl.org/obo/owl/obo#broader(SkSat_u1,SkSat_u2)
_S351(SkSat_u1,SkSat_u2) → http://purl.org/obo/owl/obo#broader(SkSat_u1,SkSat_u2)
_S402(SkSat_u2,SkSat_u1) → http://purl.org/obo/owl/MAT#MAT_0000019(SkSat_u1)
_S184(SkSat_u2,SkSat_u1) → http://purl.org/obo/owl/MAT#MAT_0000027(SkSat_u1)
_S125(SkSat_u1,SkSat_u2) → http://purl.org/obo/owl/obo#broader(SkSat_u1,SkSat_u2)
_S216(SkSat_u2,SkSat_u1) → http://purl.org/obo/owl/MAT#MAT_0000347(SkSat_u1)
_S300(SkSat_u1,SkSat_u2) → http://purl.org/obo/owl/obo#broader(SkSat_u1,SkSat_u2)
_S20(SkSat_u1,SkSat_u2) → http://purl.org/obo/owl/obo#broader(SkSat_u1,SkSat_u2)
_S3(SkSat_u2,SkSat_u1) → http://purl.org/obo/owl/MAT#MAT_0000001(SkSat_u1)
_S2(SkSat_u2,SkSat_u1) → http://purl.org/obo/owl/MAT#MAT_0000373(SkSat_u1)
_S165(SkSat_u2,SkSat_u1) → http://purl.org/obo/owl/MAT#MAT_0000019(SkSat_u1)
_S107(SkSat_u2,SkSat_u1) → http://purl.org/obo/owl/MAT#MAT_0000019(SkSat_u1)
_S119(SkSat_u1,SkSat_u2) → http://purl.org/obo/owl/obo#broader(SkSat_u1,SkSat_u2)
_S145(SkSat_u1,SkSat_u2) → http://purl.org/obo/owl/obo#broader(SkSat_u1,SkSat_u2)
_S163(SkSat_u2,SkSat_u1) → http://purl.org/obo/owl/MAT#MAT_0000017(SkSat_u1)
_S470(SkSat_u1,SkSat_u2) → http://purl.org/obo/owl/obo#broader(SkSat_u1,SkSat_u2)
_S405(SkSat_u1,SkSat_u2) → http://purl.org/obo/owl/obo#broader(SkSat_u1,SkSat_u2)
_S336(SkSat_u1,SkSat_u2) → http://purl.org/obo/owl/obo#broader(SkSat_u1,SkSat_u2)
_S460(SkSat_u1,SkSat_u2) → http://purl.org/obo/owl/obo#broader(SkSat_u1,SkSat_u2)
_S410(SkSat_u2,SkSat_u1) → http://purl.org/obo/owl/MAT#MAT_0000026(SkSat_u1)
_S2(SkSat_u1,SkSat_u2) → http://purl.org/obo/owl/obo#broader(SkSat_u1,SkSat_u2)
_S36(SkSat_u1,SkSat_u2) → http://purl.org/obo/owl/obo#broader(SkSat_u1,SkSat_u2)
_S72(SkSat_u2,SkSat_u1) → http://purl.org/obo/owl/MAT#MAT_0000061(SkSat_u1)
_S361(SkSat_u1,SkSat_u2) → http://purl.org/obo/owl/obo#broader(SkSat_u1,SkSat_u2)
_S488(SkSat_u2,SkSat_u1) → http://purl.org/obo/owl/MAT#MAT_0000018(SkSat_u1)
_S427(SkSat_u1,SkSat_u2) → http://purl.org/obo/owl/obo#broader(SkSat_u1,SkSat_u2)
_S158(SkSat_u1,SkSat_u2) → http://purl.org/obo/owl/obo#broader(SkSat_u1,SkSat_u2)
_S311(SkSat_u1,SkSat_u2) → http://purl.org/obo/owl/obo#broader(SkSat_u1,SkSat_u2)
_S13(SkSat_u1,SkSat_u2) → http://purl.org/obo/owl/obo#broader(SkSat_u1,SkSat_u2)
_S494(SkSat_u1,SkSat_u2) → http://purl.org/obo/owl/obo#broader(SkSat_u1,SkSat_u2)
_S479(SkSat_u1,SkSat_u2) → http://purl.org/obo/owl/obo#broader(SkSat_u1,SkSat_u2)
_S472(SkSat_u2,SkSat_u1) → http://purl.org/obo/owl/MAT#MAT_0000038(SkSat_u1)
_S195(SkSat_u2,SkSat_u1) → http://purl.org/obo/owl/MAT#MAT_0000032(SkSat_u1)
_S454(SkSat_u1,SkSat_u2) → http://purl.org/obo/owl/obo#broader(SkSat_u1,SkSat_u2)
_S345(SkSat_u1,SkSat_u2) → http://purl.org/obo/owl/obo#narrower(SkSat_u1,SkSat_u2)
_S415(SkSat_u1,SkSat_u2) → http://purl.org/obo/owl/obo#broader(SkSat_u1,SkSat_u2)
_S276(SkSat_u2,SkSat_u1) → http://purl.org/obo/owl/MAT#MAT_0000304(SkSat_u1)
_S317(SkSat_u1,SkSat_u2) → http://purl.org/obo/owl/obo#broader(SkSat_u1,SkSat_u2)
_S401(SkSat_u1,SkSat_u2) → http://purl.org/obo/owl/obo#broader(SkSat_u1,SkSat_u2)
_S369(SkSat_u2,SkSat_u1) → http://purl.org/obo/owl/MAT#MAT_0000526(SkSat_u1)
_S286(SkSat_u2,SkSat_u1) → http://purl.org/obo/owl/MAT#MAT_0000032(SkSat_u1)
_S47(SkSat_u1,SkSat_u2) → http://purl.org/obo/owl/obo#broader(SkSat_u1,SkSat_u2)
_S74(SkSat_u1,SkSat_u2) → http://purl.org/obo/owl/obo#broader(SkSat_u1,SkSat_u2)
_S8(SkSat_u1,SkSat_u2) → http://purl.org/obo/owl/obo#broader(SkSat_u1,SkSat_u2)
_S311(SkSat_u2,SkSat_u1) → http://purl.org/obo/owl/MAT#MAT_0000031(SkSat_u1)
_S248(SkSat_u1,SkSat_u2) → http://purl.org/obo/owl/obo#broader(SkSat_u1,SkSat_u2)
_S193(SkSat_u1,SkSat_u2) → http://purl.org/obo/owl/obo#broader(SkSat_u1,SkSat_u2)
_S260(SkSat_u2,SkSat_u1) → http://purl.org/obo/owl/MAT#MAT_0000009(SkSat_u1)
_S166(SkSat_u1,SkSat_u2) → http://purl.org/obo/owl/obo#broader(SkSat_u1,SkSat_u2)
_S117(SkSat_u2,SkSat_u1) → http://purl.org/obo/owl/MAT#MAT_0000373(SkSat_u1)
_S414(SkSat_u2,SkSat_u1) → http://purl.org/obo/owl/MAT#MAT_0000028(SkSat_u1)
_S388(SkSat_u2,SkSat_u1) → http://purl.org/obo/owl/MAT#MAT_0000391(SkSat_u1)
_S42(SkSat_u1,SkSat_u2) → http://purl.org/obo/owl/obo#broader(SkSat_u1,SkSat_u2)
_S323(SkSat_u1,SkSat_u2) → http://purl.org/obo/owl/obo#broader(SkSat_u1,SkSat_u2)
_S103(SkSat_u1,SkSat_u2) → http://purl.org/obo/owl/obo#broader(SkSat_u1,SkSat_u2)
_S175(SkSat_u2,SkSat_u1) → http://purl.org/obo/owl/MAT#MAT_0000373(SkSat_u1)
_S167(SkSat_u2,SkSat_u1) → http://purl.org/obo/owl/MAT#MAT_0000390(SkSat_u1)
_S441(SkSat_u1,SkSat_u2) → http://purl.org/obo/owl/obo#broader(SkSat_u1,SkSat_u2)
_S161(SkSat_u2,SkSat_u1) → http://purl.org/obo/owl/MAT#MAT_0000293(SkSat_u1)
_S10(SkSat_u2,SkSat_u1) → http://purl.org/obo/owl/MAT#MAT_0000002(SkSat_u1)
_S403(SkSat_u1,SkSat_u2) → http://purl.org/obo/owl/obo#broader(SkSat_u1,SkSat_u2)
_S140(SkSat_u2,SkSat_u1) → http://purl.org/obo/owl/MAT#MAT_0000366(SkSat_u1)
_S406(SkSat_u2,SkSat_u1) → http://purl.org/obo/owl/MAT#MAT_0000483(SkSat_u1)
_S270(SkSat_u1,SkSat_u2) → http://purl.org/obo/owl/obo#broader(SkSat_u1,SkSat_u2)
_S248(SkSat_u2,SkSat_u1) → http://purl.org/obo/owl/MAT#MAT_0000014(SkSat_u1)
_S366(SkSat_u2,SkSat_u1) → http://purl.org/obo/owl/MAT#MAT_0000421(SkSat_u1)
_S261(SkSat_u1,SkSat_u2) → http://purl.org/obo/owl/obo#broader(SkSat_u1,SkSat_u2)
_S301(SkSat_u1,SkSat_u2) → http://purl.org/obo/owl/obo#broader(SkSat_u1,SkSat_u2)
_S387(SkSat_u1,SkSat_u2) → http://purl.org/obo/owl/obo#broader(SkSat_u1,SkSat_u2)
_S355(SkSat_u1,SkSat_u2) → http://purl.org/obo/owl/obo#broader(SkSat_u1,SkSat_u2)
_S194(SkSat_u1,SkSat_u2) → http://purl.org/obo/owl/obo#broader(SkSat_u1,SkSat_u2)
_S165(SkSat_u1,SkSat_u2) → http://purl.org/obo/owl/obo#broader(SkSat_u1,SkSat_u2)
_S326(SkSat_u2,SkSat_u1) → http://purl.org/obo/owl/MAT#MAT_0000026(SkSat_u1)
_S371(SkSat_u1,SkSat_u2) → http://purl.org/obo/owl/obo#broader(SkSat_u1,SkSat_u2)
_S264(SkSat_u1,SkSat_u2) → http://purl.org/obo/owl/obo#broader(SkSat_u1,SkSat_u2)
_S142(SkSat_u2,SkSat_u1) → http://purl.org/obo/owl/MAT#MAT_0000018(SkSat_u1)
_S103(SkSat_u2,SkSat_u1) → http://purl.org/obo/owl/MAT#MAT_0000374(SkSat_u1)
_S146(SkSat_u1,SkSat_u2) → http://purl.org/obo/owl/obo#broader(SkSat_u1,SkSat_u2)
_S308(SkSat_u2,SkSat_u1) → http://purl.org/obo/owl/MAT#MAT_0000387(SkSat_u1)
_S44(SkSat_u1,SkSat_u2) → http://purl.org/obo/owl/obo#broader(SkSat_u1,SkSat_u2)
_S182(SkSat_u1,SkSat_u2) → http://purl.org/obo/owl/obo#broader(SkSat_u1,SkSat_u2)
_S56(SkSat_u2,SkSat_u1) → http://purl.org/obo/owl/MAT#MAT_0000018(SkSat_u1)
_S152(SkSat_u1,SkSat_u2) → http://purl.org/obo/owl/obo#broader(SkSat_u1,SkSat_u2)
_S477(SkSat_u1,SkSat_u2) → http://purl.org/obo/owl/obo#broader(SkSat_u1,SkSat_u2)
_S181(SkSat_u2,SkSat_u1) → http://purl.org/obo/owl/MAT#MAT_0000363(SkSat_u1)
_S31(SkSat_u1,SkSat_u2) → http://purl.org/obo/owl/obo#broader(SkSat_u1,SkSat_u2)
_S299(SkSat_u2,SkSat_u1) → http://purl.org/obo/owl/MAT#MAT_0000014(SkSat_u1)
_S222(SkSat_u2,SkSat_u1) → http://purl.org/obo/owl/MAT#MAT_0000304(SkSat_u1)
_S0(SkSat_u2,SkSat_u1) → http://purl.org/obo/owl/MAT#MAT_0000017(SkSat_u1)
_S225(SkSat_u2,SkSat_u1) → http://purl.org/obo/owl/MAT#MAT_0000001(SkSat_u1)
_S81(SkSat_u2,SkSat_u1) → http://purl.org/obo/owl/MAT#MAT_0000021(SkSat_u1)
_S217(SkSat_u1,SkSat_u2) → http://purl.org/obo/owl/obo#broader(SkSat_u1,SkSat_u2)
_S399(SkSat_u1,SkSat_u2) → http://purl.org/obo/owl/obo#broader(SkSat_u1,SkSat_u2)
_S73(SkSat_u2,SkSat_u1) → http://purl.org/obo/owl/MAT#MAT_0000030(SkSat_u1)
_S219(SkSat_u1,SkSat_u2) → http://purl.org/obo/owl/obo#broader(SkSat_u1,SkSat_u2)
_S302(SkSat_u2,SkSat_u1) → http://purl.org/obo/owl/MAT#MAT_0000020(SkSat_u1)
_S481(SkSat_u2,SkSat_u1) → http://purl.org/obo/owl/MAT#MAT_0000033(SkSat_u1)
_S359(SkSat_u1,SkSat_u2) → http://purl.org/obo/owl/obo#broader(SkSat_u1,SkSat_u2)
_S329(SkSat_u1,SkSat_u2) → http://purl.org/obo/owl/obo#broader(SkSat_u1,SkSat_u2)
_S238(SkSat_u2,SkSat_u1) → http://purl.org/obo/owl/MAT#MAT_0000421(SkSat_u1)
_S154(SkSat_u1,SkSat_u2) → http://purl.org/obo/owl/obo#broader(SkSat_u1,SkSat_u2)
_S156(SkSat_u2,SkSat_u1) → http://purl.org/obo/owl/MAT#MAT_0000233(SkSat_u1)
_S390(SkSat_u1,SkSat_u2) → http://purl.org/obo/owl/obo#broader(SkSat_u1,SkSat_u2)
_S283(SkSat_u2,SkSat_u1) → http://purl.org/obo/owl/MAT#MAT_0000002(SkSat_u1)
_S143(SkSat_u2,SkSat_u1) → http://purl.org/obo/owl/MAT#MAT_0000476(SkSat_u1)
_S108(SkSat_u1,SkSat_u2) → http://purl.org/obo/owl/obo#broader(SkSat_u1,SkSat_u2)
_S199(SkSat_u1,SkSat_u2) → http://purl.org/obo/owl/obo#broader(SkSat_u1,SkSat_u2)
_S9(SkSat_u2,SkSat_u1) → http://purl.org/obo/owl/MAT#MAT_0000021(SkSat_u1)
_S172(SkSat_u2,SkSat_u1) → http://purl.org/obo/owl/MAT#MAT_0000362(SkSat_u1)
_S69(SkSat_u2,SkSat_u1) → http://purl.org/obo/owl/MAT#MAT_0000001(SkSat_u1)
_S315(SkSat_u2,SkSat_u1) → http://purl.org/obo/owl/MAT#MAT_0000021(SkSat_u1)
_S143(SkSat_u1,SkSat_u2) → http://purl.org/obo/owl/obo#broader(SkSat_u1,SkSat_u2)
_S421(SkSat_u2,SkSat_u1) → http://purl.org/obo/owl/MAT#MAT_0000138(SkSat_u1)
_S196(SkSat_u1,SkSat_u2) → http://purl.org/obo/owl/obo#broader(SkSat_u1,SkSat_u2)
_S135(SkSat_u2,SkSat_u1) → http://purl.org/obo/owl/MAT#MAT_0000441(SkSat_u1)
_S224(SkSat_u2,SkSat_u1) → http://purl.org/obo/owl/MAT#MAT_0000004(SkSat_u1)
_S207(SkSat_u1,SkSat_u2) → http://purl.org/obo/owl/obo#broader(SkSat_u1,SkSat_u2)
_S256(SkSat_u2,SkSat_u1) → http://purl.org/obo/owl/MAT#MAT_0000003(SkSat_u1)
_S52(SkSat_u1,SkSat_u2) → http://purl.org/obo/owl/obo#broader(SkSat_u1,SkSat_u2)
_S232(SkSat_u2,SkSat_u1) → http://purl.org/obo/owl/MAT#MAT_0000046(SkSat_u1)
_S96(SkSat_u1,SkSat_u2) → http://purl.org/obo/owl/obo#broader(SkSat_u1,SkSat_u2)
_S14(SkSat_u1,SkSat_u2) → http://purl.org/obo/owl/obo#broader(SkSat_u1,SkSat_u2)
_S71(SkSat_u2,SkSat_u1) → http://purl.org/obo/owl/MAT#MAT_0000343(SkSat_u1)
_S478(SkSat_u1,SkSat_u2) → http://purl.org/obo/owl/obo#broader(SkSat_u1,SkSat_u2)
_S288(SkSat_u1,SkSat_u2) → http://purl.org/obo/owl/obo#broader(SkSat_u1,SkSat_u2)
_S324(SkSat_u2,SkSat_u1) → http://purl.org/obo/owl/MAT#MAT_0000005(SkSat_u1)
_S293(SkSat_u2,SkSat_u1) → http://purl.org/obo/owl/MAT#MAT_0000029(SkSat_u1)
_S207(SkSat_u2,SkSat_u1) → http://purl.org/obo/owl/MAT#MAT_0000477(SkSat_u1)
_S466(SkSat_u1,SkSat_u2) → http://purl.org/obo/owl/obo#broader(SkSat_u1,SkSat_u2)
_S186(SkSat_u2,SkSat_u1) → http://purl.org/obo/owl/MAT#MAT_0000043(SkSat_u1)
_S436(SkSat_u1,SkSat_u2) → http://purl.org/obo/owl/obo#broader(SkSat_u1,SkSat_u2)
_S266(SkSat_u2,SkSat_u1) → http://purl.org/obo/owl/MAT#MAT_0000038(SkSat_u1)
_S126(SkSat_u1,SkSat_u2) → http://purl.org/obo/owl/obo#broader(SkSat_u1,SkSat_u2)
_S43(SkSat_u2,SkSat_u1) → http://purl.org/obo/owl/MAT#MAT_0000390(SkSat_u1)
_S80(SkSat_u1,SkSat_u2) → http://purl.org/obo/owl/obo#broader(SkSat_u1,SkSat_u2)
_S475(SkSat_u2,SkSat_u1) → http://purl.org/obo/owl/MAT#MAT_0000049(SkSat_u1)
_S227(SkSat_u1,SkSat_u2) → http://purl.org/obo/owl/obo#broader(SkSat_u1,SkSat_u2)
_S487(SkSat_u1,SkSat_u2) → http://purl.org/obo/owl/obo#broader(SkSat_u1,SkSat_u2)
_S440(SkSat_u2,SkSat_u1) → http://purl.org/obo/owl/MAT#MAT_0000075(SkSat_u1)
_S343(SkSat_u1,SkSat_u2) → http://purl.org/obo/owl/obo#broader(SkSat_u1,SkSat_u2)
_S275(SkSat_u1,SkSat_u2) → http://purl.org/obo/owl/obo#broader(SkSat_u1,SkSat_u2)
_S189(SkSat_u2,SkSat_u1) → http://purl.org/obo/owl/MAT#MAT_0000027(SkSat_u1)
_S360(SkSat_u1,SkSat_u2) → http://purl.org/obo/owl/obo#broader(SkSat_u1,SkSat_u2)
_S234(SkSat_u1,SkSat_u2) → http://purl.org/obo/owl/obo#broader(SkSat_u1,SkSat_u2)
_S501(SkSat_u2,SkSat_u1) → http://purl.org/obo/owl/MAT#MAT_0000009(SkSat_u1)
_S148(SkSat_u1,SkSat_u2) → http://purl.org/obo/owl/obo#broader(SkSat_u1,SkSat_u2)
_S455(SkSat_u2,SkSat_u1) → http://purl.org/obo/owl/MAT#MAT_0000105(SkSat_u1)
_S4(SkSat_u1,SkSat_u2) → http://purl.org/obo/owl/obo#broader(SkSat_u1,SkSat_u2)
_S287(SkSat_u2,SkSat_u1) → http://purl.org/obo/owl/MAT#MAT_0000028(SkSat_u1)
_S22(SkSat_u1,SkSat_u2) → http://purl.org/obo/owl/obo#broader(SkSat_u1,SkSat_u2)
_S76(SkSat_u2,SkSat_u1) → http://purl.org/obo/owl/MAT#MAT_0000019(SkSat_u1)
_S358(SkSat_u2,SkSat_u1) → http://purl.org/obo/owl/MAT#MAT_0000029(SkSat_u1)
_S306(SkSat_u1,SkSat_u2) → http://purl.org/obo/owl/obo#broader(SkSat_u1,SkSat_u2)
_S63(SkSat_u2,SkSat_u1) → http://purl.org/obo/owl/MAT#MAT_0000026(SkSat_u1)
_S385(SkSat_u1,SkSat_u2) → http://purl.org/obo/owl/obo#broader(SkSat_u1,SkSat_u2)
_S133(SkSat_u2,SkSat_u1) → http://purl.org/obo/owl/MAT#MAT_0000483(SkSat_u1)
_S449(SkSat_u1,SkSat_u2) → http://purl.org/obo/owl/obo#broader(SkSat_u1,SkSat_u2)
_S96(SkSat_u2,SkSat_u1) → http://purl.org/obo/owl/MAT#MAT_0000457(SkSat_u1)
_S278(SkSat_u1,SkSat_u2) → http://purl.org/obo/owl/obo#broader(SkSat_u1,SkSat_u2)
_S209(SkSat_u1,SkSat_u2) → http://purl.org/obo/owl/obo#broader(SkSat_u1,SkSat_u2)
_S70(SkSat_u2,SkSat_u1) → http://purl.org/obo/owl/MAT#MAT_0000028(SkSat_u1)
_S111(SkSat_u1,SkSat_u2) → http://purl.org/obo/owl/obo#broader(SkSat_u1,SkSat_u2)
_S492(SkSat_u2,SkSat_u1) → http://purl.org/obo/owl/MAT#MAT_0000304(SkSat_u1)
_S251(SkSat_u1,SkSat_u2) → http://purl.org/obo/owl/obo#broader(SkSat_u1,SkSat_u2)
_S100(SkSat_u1,SkSat_u2) → http://purl.org/obo/owl/obo#broader(SkSat_u1,SkSat_u2)
_S342(SkSat_u1,SkSat_u2) → http://purl.org/obo/owl/obo#broader(SkSat_u1,SkSat_u2)
_S245(SkSat_u2,SkSat_u1) → http://purl.org/obo/owl/MAT#MAT_0000507(SkSat_u1)
_S201(SkSat_u2,SkSat_u1) → http://purl.org/obo/owl/MAT#MAT_0000190(SkSat_u1)
_S15(SkSat_u2,SkSat_u1) → http://purl.org/obo/owl/MAT#MAT_0000022(SkSat_u1)
_S61(SkSat_u2,SkSat_u1) → http://purl.org/obo/owl/MAT#MAT_0000000(SkSat_u1)
_S464(SkSat_u2,SkSat_u1) → http://purl.org/obo/owl/MAT#MAT_0000338(SkSat_u1)
_S249(SkSat_u1,SkSat_u2) → http://purl.org/obo/owl/obo#broader(SkSat_u1,SkSat_u2)
_S384(SkSat_u1,SkSat_u2) → http://purl.org/obo/owl/obo#broader(SkSat_u1,SkSat_u2)
_S254(SkSat_u2,SkSat_u1) → http://purl.org/obo/owl/MAT#MAT_0000234(SkSat_u1)
_S330(SkSat_u2,SkSat_u1) → http://purl.org/obo/owl/MAT#MAT_0000371(SkSat_u1)
_S443(SkSat_u1,SkSat_u2) → http://purl.org/obo/owl/obo#broader(SkSat_u1,SkSat_u2)
_S412(SkSat_u2,SkSat_u1) → http://purl.org/obo/owl/MAT#MAT_0000032(SkSat_u1)
_S136(SkSat_u1,SkSat_u2) → http://purl.org/obo/owl/obo#broader(SkSat_u1,SkSat_u2)
_S148(SkSat_u2,SkSat_u1) → http://purl.org/obo/owl/MAT#MAT_0000477(SkSat_u1)
_S341(SkSat_u1,SkSat_u2) → http://purl.org/obo/owl/obo#broader(SkSat_u1,SkSat_u2)
_S404(SkSat_u1,SkSat_u2) → http://purl.org/obo/owl/obo#broader(SkSat_u1,SkSat_u2)
_S250(SkSat_u2,SkSat_u1) → http://purl.org/obo/owl/MAT#MAT_0000002(SkSat_u1)
_S269(SkSat_u2,SkSat_u1) → http://purl.org/obo/owl/MAT#MAT_0000023(SkSat_u1)
_S94(SkSat_u2,SkSat_u1) → http://purl.org/obo/owl/MAT#MAT_0000029(SkSat_u1)
_S185(SkSat_u1,SkSat_u2) → http://purl.org/obo/owl/obo#broader(SkSat_u1,SkSat_u2)
_S482(SkSat_u1,SkSat_u2) → http://purl.org/obo/owl/obo#broader(SkSat_u1,SkSat_u2)
_S109(SkSat_u1,SkSat_u2) → http://purl.org/obo/owl/obo#broader(SkSat_u1,SkSat_u2)
_S407(SkSat_u2,SkSat_u1) → http://purl.org/obo/owl/MAT#MAT_0000001(SkSat_u1)
http://purl.org/obo/owl/MAT#MAT_0000525(SkSat_u1) → http://purl.org/obo/owl/MAT#MAT_0000019(SkSat_u1)
_S275(SkSat_u2,SkSat_u1) → http://purl.org/obo/owl/MAT#MAT_0000024(SkSat_u1)
_S266(SkSat_u1,SkSat_u2) → http://purl.org/obo/owl/obo#broader(SkSat_u1,SkSat_u2)
_S229(SkSat_u1,SkSat_u2) → http://purl.org/obo/owl/obo#broader(SkSat_u1,SkSat_u2)
_S18(SkSat_u2,SkSat_u1) → http://purl.org/obo/owl/MAT#MAT_0000018(SkSat_u1)
_S422(SkSat_u1,SkSat_u2) → http://purl.org/obo/owl/obo#broader(SkSat_u1,SkSat_u2)
_S493(SkSat_u1,SkSat_u2) → http://purl.org/obo/owl/obo#broader(SkSat_u1,SkSat_u2)
_S241(SkSat_u1,SkSat_u2) → http://purl.org/obo/owl/obo#broader(SkSat_u1,SkSat_u2)
_S347(SkSat_u2,SkSat_u1) → http://purl.org/obo/owl/MAT#MAT_0000032(SkSat_u1)
_S279(SkSat_u1,SkSat_u2) → http://purl.org/obo/owl/obo#broader(SkSat_u1,SkSat_u2)
_S407(SkSat_u1,SkSat_u2) → http://purl.org/obo/owl/obo#broader(SkSat_u1,SkSat_u2)
_S255(SkSat_u1,SkSat_u2) → http://purl.org/obo/owl/obo#broader(SkSat_u1,SkSat_u2)
_S303(SkSat_u1,SkSat_u2) → http://purl.org/obo/owl/obo#broader(SkSat_u1,SkSat_u2)
_S253(SkSat_u2,SkSat_u1) → http://purl.org/obo/owl/MAT#MAT_0000006(SkSat_u1)
_S38(SkSat_u2,SkSat_u1) → http://purl.org/obo/owl/MAT#MAT_0000071(SkSat_u1)
_S12(SkSat_u2,SkSat_u1) → http://purl.org/obo/owl/MAT#MAT_0000001(SkSat_u1)
_S397(SkSat_u2,SkSat_u1) → http://purl.org/obo/owl/MAT#MAT_0000362(SkSat_u1)
_S474(SkSat_u2,SkSat_u1) → http://purl.org/obo/owl/MAT#MAT_0000483(SkSat_u1)
_S335(SkSat_u1,SkSat_u2) → http://purl.org/obo/owl/obo#broader(SkSat_u1,SkSat_u2)
_S418(SkSat_u1,SkSat_u2) → http://purl.org/obo/owl/obo#broader(SkSat_u1,SkSat_u2)
_S191(SkSat_u1,SkSat_u2) → http://purl.org/obo/owl/obo#broader(SkSat_u1,SkSat_u2)
_S157(SkSat_u1,SkSat_u2) → http://purl.org/obo/owl/obo#broader(SkSat_u1,SkSat_u2)
_S495(SkSat_u2,SkSat_u1) → http://purl.org/obo/owl/MAT#MAT_0000047(SkSat_u1)
_S79(SkSat_u1,SkSat_u2) → http://purl.org/obo/owl/obo#broader(SkSat_u1,SkSat_u2)
_S213(SkSat_u2,SkSat_u1) → http://purl.org/obo/owl/MAT#MAT_0000305(SkSat_u1)
_S53(SkSat_u1,SkSat_u2) → http://purl.org/obo/owl/obo#broader(SkSat_u1,SkSat_u2)
_S255(SkSat_u2,SkSat_u1) → http://purl.org/obo/owl/MAT#MAT_0000002(SkSat_u1)
_S100(SkSat_u2,SkSat_u1) → http://purl.org/obo/owl/MAT#MAT_0000022(SkSat_u1)
_S498(SkSat_u2,SkSat_u1) → http://purl.org/obo/owl/MAT#MAT_0000483(SkSat_u1)
_S110(SkSat_u2,SkSat_u1) → http://purl.org/obo/owl/MAT#MAT_0000200(SkSat_u1)
_S394(SkSat_u2,SkSat_u1) → http://purl.org/obo/owl/MAT#MAT_0000362(SkSat_u1)
_S171(SkSat_u1,SkSat_u2) → http://purl.org/obo/owl/obo#broader(SkSat_u1,SkSat_u2)
_S433(SkSat_u2,SkSat_u1) → http://purl.org/obo/owl/MAT#MAT_0000033(SkSat_u1)
_S343(SkSat_u2,SkSat_u1) → http://purl.org/obo/owl/MAT#MAT_0000373(SkSat_u1)
_S226(SkSat_u2,SkSat_u1) → http://purl.org/obo/owl/MAT#MAT_0000006(SkSat_u1)
_S423(SkSat_u1,SkSat_u2) → http://purl.org/obo/owl/obo#broader(SkSat_u1,SkSat_u2)
_S187(SkSat_u1,SkSat_u2) → http://purl.org/obo/owl/obo#broader(SkSat_u1,SkSat_u2)
_S113(SkSat_u1,SkSat_u2) → http://purl.org/obo/owl/obo#broader(SkSat_u1,SkSat_u2)
_S29(SkSat_u1,SkSat_u2) → http://purl.org/obo/owl/obo#broader(SkSat_u1,SkSat_u2)
_S350(SkSat_u1,SkSat_u2) → http://purl.org/obo/owl/obo#broader(SkSat_u1,SkSat_u2)
_S338(SkSat_u1,SkSat_u2) → http://purl.org/obo/owl/obo#broader(SkSat_u1,SkSat_u2)
_S450(SkSat_u1,SkSat_u2) → http://purl.org/obo/owl/obo#broader(SkSat_u1,SkSat_u2)
_S164(SkSat_u1,SkSat_u2) → http://purl.org/obo/owl/obo#broader(SkSat_u1,SkSat_u2)
_S256(SkSat_u1,SkSat_u2) → http://purl.org/obo/owl/obo#broader(SkSat_u1,SkSat_u2)
_S231(SkSat_u2,SkSat_u1) → http://purl.org/obo/owl/MAT#MAT_0000476(SkSat_u1)
_S426(SkSat_u2,SkSat_u1) → http://purl.org/obo/owl/MAT#MAT_0000105(SkSat_u1)
_S54(SkSat_u2,SkSat_u1) → http://purl.org/obo/owl/MAT#MAT_0000015(SkSat_u1)
_S274(SkSat_u1,SkSat_u2) → http://purl.org/obo/owl/obo#broader(SkSat_u1,SkSat_u2)
_S419(SkSat_u2,SkSat_u1) → http://purl.org/obo/owl/MAT#MAT_0000373(SkSat_u1)
_S436(SkSat_u2,SkSat_u1) → http://purl.org/obo/owl/MAT#MAT_0000036(SkSat_u1)
_S304(SkSat_u2,SkSat_u1) → http://purl.org/obo/owl/MAT#MAT_0000304(SkSat_u1)
_S345(SkSat_u2,SkSat_u1) → http://purl.org/obo/owl/MAT#MAT_0000071(SkSat_u1)
_S141(SkSat_u2,SkSat_u1) → http://purl.org/obo/owl/MAT#MAT_0000293(SkSat_u1)
_S321(SkSat_u1,SkSat_u2) → http://purl.org/obo/owl/obo#broader(SkSat_u1,SkSat_u2)
_S94(SkSat_u1,SkSat_u2) → http://purl.org/obo/owl/obo#broader(SkSat_u1,SkSat_u2)
_S19(SkSat_u2,SkSat_u1) → http://purl.org/obo/owl/MAT#MAT_0000023(SkSat_u1)
_S379(SkSat_u1,SkSat_u2) → http://purl.org/obo/owl/obo#broader(SkSat_u1,SkSat_u2)
_S89(SkSat_u2,SkSat_u1) → http://purl.org/obo/owl/MAT#MAT_0000105(SkSat_u1)
_S489(SkSat_u2,SkSat_u1) → http://purl.org/obo/owl/MAT#MAT_0000027(SkSat_u1)
_S396(SkSat_u1,SkSat_u2) → http://purl.org/obo/owl/obo#broader(SkSat_u1,SkSat_u2)
_S487(SkSat_u2,SkSat_u1) → http://purl.org/obo/owl/MAT#MAT_0000023(SkSat_u1)
_S174(SkSat_u2,SkSat_u1) → http://purl.org/obo/owl/MAT#MAT_0000001(SkSat_u1)
_S177(SkSat_u1,SkSat_u2) → http://purl.org/obo/owl/obo#broader(SkSat_u1,SkSat_u2)
_S356(SkSat_u2,SkSat_u1) → http://purl.org/obo/owl/MAT#MAT_0000391(SkSat_u1)
_S486(SkSat_u2,SkSat_u1) → http://purl.org/obo/owl/MAT#MAT_0000001(SkSat_u1)
_S339(SkSat_u1,SkSat_u2) → http://purl.org/obo/owl/obo#broader(SkSat_u1,SkSat_u2)
_S260(SkSat_u1,SkSat_u2) → http://purl.org/obo/owl/obo#broader(SkSat_u1,SkSat_u2)
_S85(SkSat_u1,SkSat_u2) → http://purl.org/obo/owl/obo#broader(SkSat_u1,SkSat_u2)
_S39(SkSat_u2,SkSat_u1) → http://purl.org/obo/owl/MAT#MAT_0000038(SkSat_u1)
_S349(SkSat_u1,SkSat_u2) → http://purl.org/obo/owl/obo#broader(SkSat_u1,SkSat_u2)
_S267(SkSat_u1,SkSat_u2) → http://purl.org/obo/owl/obo#broader(SkSat_u1,SkSat_u2)
_S429(SkSat_u2,SkSat_u1) → http://purl.org/obo/owl/MAT#MAT_0000514(SkSat_u1)
_S102(SkSat_u2,SkSat_u1) → http://purl.org/obo/owl/MAT#MAT_0000030(SkSat_u1)
_S491(SkSat_u1,SkSat_u2) → http://purl.org/obo/owl/obo#broader(SkSat_u1,SkSat_u2)
_S307(SkSat_u2,SkSat_u1) → http://purl.org/obo/owl/MAT#MAT_0000019(SkSat_u1)
_S198(SkSat_u1,SkSat_u2) → http://purl.org/obo/owl/obo#broader(SkSat_u1,SkSat_u2)
_S334(SkSat_u2,SkSat_u1) → http://purl.org/obo/owl/MAT#MAT_0000477(SkSat_u1)
_S236(SkSat_u2,SkSat_u1) → http://purl.org/obo/owl/MAT#MAT_0000017(SkSat_u1)
_S344(SkSat_u1,SkSat_u2) → http://purl.org/obo/owl/obo#broader(SkSat_u1,SkSat_u2)
_S247(SkSat_u2,SkSat_u1) → http://purl.org/obo/owl/MAT#MAT_0000003(SkSat_u1)
_S152(SkSat_u2,SkSat_u1) → http://purl.org/obo/owl/MAT#MAT_0000027(SkSat_u1)
_S73(SkSat_u1,SkSat_u2) → http://purl.org/obo/owl/obo#broader(SkSat_u1,SkSat_u2)
_S58(SkSat_u2,SkSat_u1) → http://purl.org/obo/owl/MAT#MAT_0000002(SkSat_u1)
_S469(SkSat_u2,SkSat_u1) → http://purl.org/obo/owl/MAT#MAT_0000002(SkSat_u1)
_S118(SkSat_u1,SkSat_u2) → http://purl.org/obo/owl/obo#broader(SkSat_u1,SkSat_u2)
_S98(SkSat_u2,SkSat_u1) → http://purl.org/obo/owl/MAT#MAT_0000006(SkSat_u1)
_S392(SkSat_u2,SkSat_u1) → http://purl.org/obo/owl/MAT#MAT_0000105(SkSat_u1)
_S383(SkSat_u1,SkSat_u2) → http://purl.org/obo/owl/obo#broader(SkSat_u1,SkSat_u2)
_S385(SkSat_u2,SkSat_u1) → http://purl.org/obo/owl/MAT#MAT_0000366(SkSat_u1)
_S206(SkSat_u1,SkSat_u2) → http://purl.org/obo/owl/obo#broader(SkSat_u1,SkSat_u2)
_S291(SkSat_u1,SkSat_u2) → http://purl.org/obo/owl/obo#broader(SkSat_u1,SkSat_u2)
_S397(SkSat_u1,SkSat_u2) → http://purl.org/obo/owl/obo#broader(SkSat_u1,SkSat_u2)
_S295(SkSat_u1,SkSat_u2) → http://purl.org/obo/owl/obo#broader(SkSat_u1,SkSat_u2)
_S422(SkSat_u2,SkSat_u1) → http://purl.org/obo/owl/MAT#MAT_0000231(SkSat_u1)
_S496(SkSat_u2,SkSat_u1) → http://purl.org/obo/owl/MAT#MAT_0000046(SkSat_u1)
_S177(SkSat_u2,SkSat_u1) → http://purl.org/obo/owl/MAT#MAT_0000003(SkSat_u1)
_S5(SkSat_u2,SkSat_u1) → http://purl.org/obo/owl/MAT#MAT_0000384(SkSat_u1)
_S244(SkSat_u1,SkSat_u2) → http://purl.org/obo/owl/obo#broader(SkSat_u1,SkSat_u2)
_S322(SkSat_u1,SkSat_u2) → http://purl.org/obo/owl/obo#broader(SkSat_u1,SkSat_u2)
_S178(SkSat_u1,SkSat_u2) → http://purl.org/obo/owl/obo#broader(SkSat_u1,SkSat_u2)
_S138(SkSat_u2,SkSat_u1) → http://purl.org/obo/owl/MAT#MAT_0000031(SkSat_u1)
_S497(SkSat_u2,SkSat_u1) → http://purl.org/obo/owl/MAT#MAT_0000027(SkSat_u1)
_S354(SkSat_u1,SkSat_u2) → http://purl.org/obo/owl/obo#broader(SkSat_u1,SkSat_u2)
_S247(SkSat_u1,SkSat_u2) → http://purl.org/obo/owl/obo#broader(SkSat_u1,SkSat_u2)
_S395(SkSat_u1,SkSat_u2) → http://purl.org/obo/owl/obo#broader(SkSat_u1,SkSat_u2)
_S17(SkSat_u1,SkSat_u2) → http://purl.org/obo/owl/obo#broader(SkSat_u1,SkSat_u2)
_S500(SkSat_u2,SkSat_u1) → http://purl.org/obo/owl/MAT#MAT_0000200(SkSat_u1)
_S15(SkSat_u1,SkSat_u2) → http://purl.org/obo/owl/obo#broader(SkSat_u1,SkSat_u2)
_S85(SkSat_u2,SkSat_u1) → http://purl.org/obo/owl/MAT#MAT_0000190(SkSat_u1)
_S309(SkSat_u2,SkSat_u1) → http://purl.org/obo/owl/MAT#MAT_0000391(SkSat_u1)
_S287(SkSat_u1,SkSat_u2) → http://purl.org/obo/owl/obo#broader(SkSat_u1,SkSat_u2)
_S113(SkSat_u2,SkSat_u1) → http://purl.org/obo/owl/MAT#MAT_0000009(SkSat_u1)
_S425(SkSat_u1,SkSat_u2) → http://purl.org/obo/owl/obo#broader(SkSat_u1,SkSat_u2)
_S312(SkSat_u2,SkSat_u1) → http://purl.org/obo/owl/MAT#MAT_0000390(SkSat_u1)
_S134(SkSat_u2,SkSat_u1) → http://purl.org/obo/owl/MAT#MAT_0000036(SkSat_u1)
_S28(SkSat_u2,SkSat_u1) → http://purl.org/obo/owl/MAT#MAT_0000374(SkSat_u1)
_S368(SkSat_u1,SkSat_u2) → http://purl.org/obo/owl/obo#broader(SkSat_u1,SkSat_u2)
_S197(SkSat_u1,SkSat_u2) → http://purl.org/obo/owl/obo#broader(SkSat_u1,SkSat_u2)
_S194(SkSat_u2,SkSat_u1) → http://purl.org/obo/owl/MAT#MAT_0000030(SkSat_u1)
_S18(SkSat_u1,SkSat_u2) → http://purl.org/obo/owl/obo#broader(SkSat_u1,SkSat_u2)
_S440(SkSat_u1,SkSat_u2) → http://purl.org/obo/owl/obo#broader(SkSat_u1,SkSat_u2)
_S447(SkSat_u1,SkSat_u2) → http://purl.org/obo/owl/obo#broader(SkSat_u1,SkSat_u2)
_S175(SkSat_u1,SkSat_u2) → http://purl.org/obo/owl/obo#broader(SkSat_u1,SkSat_u2)
_S169(SkSat_u1,SkSat_u2) → http://purl.org/obo/owl/obo#broader(SkSat_u1,SkSat_u2)
_S166(SkSat_u2,SkSat_u1) → http://purl.org/obo/owl/MAT#MAT_0000477(SkSat_u1)
_S93(SkSat_u1,SkSat_u2) → http://purl.org/obo/owl/obo#broader(SkSat_u1,SkSat_u2)
_S65(SkSat_u2,SkSat_u1) → http://purl.org/obo/owl/MAT#MAT_0000384(SkSat_u1)
_S418(SkSat_u2,SkSat_u1) → http://purl.org/obo/owl/MAT#MAT_0000030(SkSat_u1)
_S145(SkSat_u2,SkSat_u1) → http://purl.org/obo/owl/MAT#MAT_0000025(SkSat_u1)
_S178(SkSat_u2,SkSat_u1) → http://purl.org/obo/owl/MAT#MAT_0000526(SkSat_u1)
_S490(SkSat_u1,SkSat_u2) → http://purl.org/obo/owl/obo#broader(SkSat_u1,SkSat_u2)
_S379(SkSat_u2,SkSat_u1) → http://purl.org/obo/owl/MAT#MAT_0000031(SkSat_u1)
_S462(SkSat_u1,SkSat_u2) → http://purl.org/obo/owl/obo#broader(SkSat_u1,SkSat_u2)
_S5(SkSat_u1,SkSat_u2) → http://purl.org/obo/owl/obo#broader(SkSat_u1,SkSat_u2)
_S452(SkSat_u1,SkSat_u2) → http://purl.org/obo/owl/obo#broader(SkSat_u1,SkSat_u2)
_S437(SkSat_u2,SkSat_u1) → http://purl.org/obo/owl/MAT#MAT_0000031(SkSat_u1)
_S495(SkSat_u1,SkSat_u2) → http://purl.org/obo/owl/obo#broader(SkSat_u1,SkSat_u2)
_S412(SkSat_u1,SkSat_u2) → http://purl.org/obo/owl/obo#broader(SkSat_u1,SkSat_u2)
_S468(SkSat_u2,SkSat_u1) → http://purl.org/obo/owl/MAT#MAT_0000457(SkSat_u1)
_S252(SkSat_u1,SkSat_u2) → http://purl.org/obo/owl/obo#broader(SkSat_u1,SkSat_u2)
_S277(SkSat_u2,SkSat_u1) → http://purl.org/obo/owl/MAT#MAT_0000014(SkSat_u1)
_S6(SkSat_u2,SkSat_u1) → http://purl.org/obo/owl/MAT#MAT_0000019(SkSat_u1)
_S289(SkSat_u2,SkSat_u1) → http://purl.org/obo/owl/MAT#MAT_0000028(SkSat_u1)
_S271(SkSat_u1,SkSat_u2) → http://purl.org/obo/owl/obo#broader(SkSat_u1,SkSat_u2)
_S300(SkSat_u2,SkSat_u1) → http://purl.org/obo/owl/MAT#MAT_0000021(SkSat_u1)
_S99(SkSat_u1,SkSat_u2) → http://purl.org/obo/owl/obo#broader(SkSat_u1,SkSat_u2)
_S141(SkSat_u1,SkSat_u2) → http://purl.org/obo/owl/obo#broader(SkSat_u1,SkSat_u2)
_S333(SkSat_u2,SkSat_u1) → http://purl.org/obo/owl/MAT#MAT_0000305(SkSat_u1)
_S193(SkSat_u2,SkSat_u1) → http://purl.org/obo/owl/MAT#MAT_0000518(SkSat_u1)
_S325(SkSat_u2,SkSat_u1) → http://purl.org/obo/owl/MAT#MAT_0000028(SkSat_u1)
_S493(SkSat_u2,SkSat_u1) → http://purl.org/obo/owl/MAT#MAT_0000197(SkSat_u1)
_S445(SkSat_u1,SkSat_u2) → http://purl.org/obo/owl/obo#broader(SkSat_u1,SkSat_u2)
_S410(SkSat_u1,SkSat_u2) → http://purl.org/obo/owl/obo#broader(SkSat_u1,SkSat_u2)
_S369(SkSat_u1,SkSat_u2) → http://purl.org/obo/owl/obo#broader(SkSat_u1,SkSat_u2)
_S121(SkSat_u1,SkSat_u2) → http://purl.org/obo/owl/obo#broader(SkSat_u1,SkSat_u2)
_S442(SkSat_u2,SkSat_u1) → http://purl.org/obo/owl/MAT#MAT_0000032(SkSat_u1)
_S460(SkSat_u2,SkSat_u1) → http://purl.org/obo/owl/MAT#MAT_0000036(SkSat_u1)
_S370(SkSat_u1,SkSat_u2) → http://purl.org/obo/owl/obo#broader(SkSat_u1,SkSat_u2)
_S38(SkSat_u1,SkSat_u2) → http://purl.org/obo/owl/obo#narrower(SkSat_u1,SkSat_u2)
_S373(SkSat_u2,SkSat_u1) → http://purl.org/obo/owl/MAT#MAT_0000020(SkSat_u1)
_S20(SkSat_u2,SkSat_u1) → http://purl.org/obo/owl/MAT#MAT_0000001(SkSat_u1)
_S408(SkSat_u1,SkSat_u2) → http://purl.org/obo/owl/obo#broader(SkSat_u1,SkSat_u2)
_S62(SkSat_u2,SkSat_u1) → http://purl.org/obo/owl/MAT#MAT_0000036(SkSat_u1)
http://purl.org/obo/owl/MAT#MAT_0000523(SkSat_u1) → http://purl.org/obo/owl/MAT#MAT_0000373(SkSat_u1)
_S262(SkSat_u2,SkSat_u1) → http://purl.org/obo/owl/MAT#MAT_0000019(SkSat_u1)
_S273(SkSat_u1,SkSat_u2) → http://purl.org/obo/owl/obo#broader(SkSat_u1,SkSat_u2)
_S62(SkSat_u1,SkSat_u2) → http://purl.org/obo/owl/obo#broader(SkSat_u1,SkSat_u2)
_S431(SkSat_u1,SkSat_u2) → http://purl.org/obo/owl/obo#broader(SkSat_u1,SkSat_u2)
_S129(SkSat_u1,SkSat_u2) → http://purl.org/obo/owl/obo#broader(SkSat_u1,SkSat_u2)
_S281(SkSat_u1,SkSat_u2) → http://purl.org/obo/owl/obo#broader(SkSat_u1,SkSat_u2)
_S273(SkSat_u2,SkSat_u1) → http://purl.org/obo/owl/MAT#MAT_0000046(SkSat_u1)
_S228(SkSat_u1,SkSat_u2) → http://purl.org/obo/owl/obo#broader(SkSat_u1,SkSat_u2)
_S45(SkSat_u2,SkSat_u1) → http://purl.org/obo/owl/MAT#MAT_0000002(SkSat_u1)
_S484(SkSat_u2,SkSat_u1) → http://purl.org/obo/owl/MAT#MAT_0000019(SkSat_u1)
_S405(SkSat_u2,SkSat_u1) → http://purl.org/obo/owl/MAT#MAT_0000000(SkSat_u1)
_S382(SkSat_u1,SkSat_u2) → http://purl.org/obo/owl/obo#broader(SkSat_u1,SkSat_u2)
_S216(SkSat_u1,SkSat_u2) → http://purl.org/obo/owl/obo#broader(SkSat_u1,SkSat_u2)
_S118(SkSat_u2,SkSat_u1) → http://purl.org/obo/owl/MAT#MAT_0000003(SkSat_u1)
_S401(SkSat_u2,SkSat_u1) → http://purl.org/obo/owl/MAT#MAT_0000021(SkSat_u1)
_S13(SkSat_u2,SkSat_u1) → http://purl.org/obo/owl/MAT#MAT_0000106(SkSat_u1)
_S78(SkSat_u2,SkSat_u1) → http://purl.org/obo/owl/MAT#MAT_0000518(SkSat_u1)
_S302(SkSat_u1,SkSat_u2) → http://purl.org/obo/owl/obo#broader(SkSat_u1,SkSat_u2)
_S381(SkSat_u1,SkSat_u2) → http://purl.org/obo/owl/obo#broader(SkSat_u1,SkSat_u2)
_S243(SkSat_u2,SkSat_u1) → http://purl.org/obo/owl/MAT#MAT_0000421(SkSat_u1)
_S371(SkSat_u2,SkSat_u1) → http://purl.org/obo/owl/MAT#MAT_0000020(SkSat_u1)
_S467(SkSat_u1,SkSat_u2) → http://purl.org/obo/owl/obo#broader(SkSat_u1,SkSat_u2)
_S46(SkSat_u2,SkSat_u1) → http://purl.org/obo/owl/MAT#MAT_0000293(SkSat_u1)
_S314(SkSat_u2,SkSat_u1) → http://purl.org/obo/owl/MAT#MAT_0000014(SkSat_u1)
_S179(SkSat_u2,SkSat_u1) → http://purl.org/obo/owl/MAT#MAT_0000026(SkSat_u1)
_S125(SkSat_u2,SkSat_u1) → http://purl.org/obo/owl/MAT#MAT_0000024(SkSat_u1)
_S81(SkSat_u1,SkSat_u2) → http://purl.org/obo/owl/obo#broader(SkSat_u1,SkSat_u2)
_S473(SkSat_u1,SkSat_u2) → http://purl.org/obo/owl/obo#broader(SkSat_u1,SkSat_u2)
_S61(SkSat_u1,SkSat_u2) → http://purl.org/obo/owl/obo#broader(SkSat_u1,SkSat_u2)
_S33(SkSat_u1,SkSat_u2) → http://purl.org/obo/owl/obo#broader(SkSat_u1,SkSat_u2)
_S296(SkSat_u1,SkSat_u2) → http://purl.org/obo/owl/obo#broader(SkSat_u1,SkSat_u2)
_S91(SkSat_u1,SkSat_u2) → http://purl.org/obo/owl/obo#broader(SkSat_u1,SkSat_u2)
_S183(SkSat_u2,SkSat_u1) → http://purl.org/obo/owl/MAT#MAT_0000020(SkSat_u1)
_S60(SkSat_u2,SkSat_u1) → http://purl.org/obo/owl/MAT#MAT_0000021(SkSat_u1)
_S353(SkSat_u2,SkSat_u1) → http://purl.org/obo/owl/MAT#MAT_0000009(SkSat_u1)
_S319(SkSat_u2,SkSat_u1) → http://purl.org/obo/owl/MAT#MAT_0000028(SkSat_u1)
_S458(SkSat_u2,SkSat_u1) → http://purl.org/obo/owl/MAT#MAT_0000002(SkSat_u1)
_S232(SkSat_u1,SkSat_u2) → http://purl.org/obo/owl/obo#broader(SkSat_u1,SkSat_u2)
_S435(SkSat_u1,SkSat_u2) → http://purl.org/obo/owl/obo#broader(SkSat_u1,SkSat_u2)
_S190(SkSat_u1,SkSat_u2) → http://purl.org/obo/owl/obo#broader(SkSat_u1,SkSat_u2)
_S361(SkSat_u2,SkSat_u1) → http://purl.org/obo/owl/MAT#MAT_0000016(SkSat_u1)
_S128(SkSat_u2,SkSat_u1) → http://purl.org/obo/owl/MAT#MAT_0000029(SkSat_u1)
_S30(SkSat_u2,SkSat_u1) → http://purl.org/obo/owl/MAT#MAT_0000293(SkSat_u1)
_S240(SkSat_u1,SkSat_u2) → http://purl.org/obo/owl/obo#broader(SkSat_u1,SkSat_u2)
_S217(SkSat_u2,SkSat_u1) → http://purl.org/obo/owl/MAT#MAT_0000015(SkSat_u1)
_S450(SkSat_u2,SkSat_u1) → http://purl.org/obo/owl/MAT#MAT_0000001(SkSat_u1)
_S108(SkSat_u2,SkSat_u1) → http://purl.org/obo/owl/MAT#MAT_0000197(SkSat_u1)
_S446(SkSat_u1,SkSat_u2) → http://purl.org/obo/owl/obo#broader(SkSat_u1,SkSat_u2)
_S27(SkSat_u1,SkSat_u2) → http://purl.org/obo/owl/obo#broader(SkSat_u1,SkSat_u2)
_S337(SkSat_u1,SkSat_u2) → http://purl.org/obo/owl/obo#broader(SkSat_u1,SkSat_u2)
_S163(SkSat_u1,SkSat_u2) → http://purl.org/obo/owl/obo#broader(SkSat_u1,SkSat_u2)
_S392(SkSat_u1,SkSat_u2) → http://purl.org/obo/owl/obo#broader(SkSat_u1,SkSat_u2)
_S205(SkSat_u1,SkSat_u2) → http://purl.org/obo/owl/obo#broader(SkSat_u1,SkSat_u2)
_S116(SkSat_u1,SkSat_u2) → http://purl.org/obo/owl/obo#broader(SkSat_u1,SkSat_u2)
_S124(SkSat_u1,SkSat_u2) → http://purl.org/obo/owl/obo#broader(SkSat_u1,SkSat_u2)
_S313(SkSat_u1,SkSat_u2) → http://purl.org/obo/owl/obo#broader(SkSat_u1,SkSat_u2)
_S192(SkSat_u1,SkSat_u2) → http://purl.org/obo/owl/obo#broader(SkSat_u1,SkSat_u2)
_S445(SkSat_u2,SkSat_u1) → http://purl.org/obo/owl/MAT#MAT_0000032(SkSat_u1)
_S395(SkSat_u2,SkSat_u1) → http://purl.org/obo/owl/MAT#MAT_0000390(SkSat_u1)
_S88(SkSat_u2,SkSat_u1) → http://purl.org/obo/owl/MAT#MAT_0000033(SkSat_u1)
_S486(SkSat_u1,SkSat_u2) → http://purl.org/obo/owl/obo#broader(SkSat_u1,SkSat_u2)
_S415(SkSat_u2,SkSat_u1) → http://purl.org/obo/owl/MAT#MAT_0000389(SkSat_u1)
_S104(SkSat_u2,SkSat_u1) → http://purl.org/obo/owl/MAT#MAT_0000483(SkSat_u1)
_S51(SkSat_u1,SkSat_u2) → http://purl.org/obo/owl/obo#broader(SkSat_u1,SkSat_u2)
_S294(SkSat_u1,SkSat_u2) → http://purl.org/obo/owl/obo#broader(SkSat_u1,SkSat_u2)
_S466(SkSat_u2,SkSat_u1) → http://purl.org/obo/owl/MAT#MAT_0000033(SkSat_u1)
_S449(SkSat_u2,SkSat_u1) → http://purl.org/obo/owl/MAT#MAT_0000140(SkSat_u1)
_S172(SkSat_u1,SkSat_u2) → http://purl.org/obo/owl/obo#broader(SkSat_u1,SkSat_u2)
_S246(SkSat_u1,SkSat_u2) → http://purl.org/obo/owl/obo#broader(SkSat_u1,SkSat_u2)
_S235(SkSat_u1,SkSat_u2) → http://purl.org/obo/owl/obo#broader(SkSat_u1,SkSat_u2)
_S211(SkSat_u1,SkSat_u2) → http://purl.org/obo/owl/obo#broader(SkSat_u1,SkSat_u2)
_S471(SkSat_u1,SkSat_u2) → http://purl.org/obo/owl/obo#broader(SkSat_u1,SkSat_u2)
_S221(SkSat_u2,SkSat_u1) → http://purl.org/obo/owl/MAT#MAT_0000107(SkSat_u1)
_S131(SkSat_u1,SkSat_u2) → http://purl.org/obo/owl/obo#broader(SkSat_u1,SkSat_u2)
_S205(SkSat_u2,SkSat_u1) → http://purl.org/obo/owl/MAT#MAT_0000390(SkSat_u1)
_S25(SkSat_u1,SkSat_u2) → http://purl.org/obo/owl/obo#broader(SkSat_u1,SkSat_u2)
_S101(SkSat_u1,SkSat_u2) → http://purl.org/obo/owl/obo#broader(SkSat_u1,SkSat_u2)
_S322(SkSat_u2,SkSat_u1) → http://purl.org/obo/owl/MAT#MAT_0000194(SkSat_u1)
_S12(SkSat_u1,SkSat_u2) → http://purl.org/obo/owl/obo#broader(SkSat_u1,SkSat_u2)
_S116(SkSat_u2,SkSat_u1) → http://purl.org/obo/owl/MAT#MAT_0000030(SkSat_u1)
_S331(SkSat_u2,SkSat_u1) → http://purl.org/obo/owl/MAT#MAT_0000032(SkSat_u1)
_S295(SkSat_u2,SkSat_u1) → http://purl.org/obo/owl/MAT#MAT_0000234(SkSat_u1)
_S24(SkSat_u2,SkSat_u1) → http://purl.org/obo/owl/MAT#MAT_0000003(SkSat_u1)
_S235(SkSat_u2,SkSat_u1) → http://purl.org/obo/owl/MAT#MAT_0000019(SkSat_u1)
_S456(SkSat_u2,SkSat_u1) → http://purl.org/obo/owl/MAT#MAT_0000366(SkSat_u1)
_S475(SkSat_u1,SkSat_u2) → http://purl.org/obo/owl/obo#broader(SkSat_u1,SkSat_u2)
_S106(SkSat_u2,SkSat_u1) → http://purl.org/obo/owl/MAT#MAT_0000347(SkSat_u1)
_S372(SkSat_u2,SkSat_u1) → http://purl.org/obo/owl/MAT#MAT_0000518(SkSat_u1)
_S472(SkSat_u1,SkSat_u2) → http://purl.org/obo/owl/obo#broader(SkSat_u1,SkSat_u2)
_S432(SkSat_u1,SkSat_u2) → http://purl.org/obo/owl/obo#broader(SkSat_u1,SkSat_u2)
_S121(SkSat_u2,SkSat_u1) → http://purl.org/obo/owl/MAT#MAT_0000371(SkSat_u1)
_S437(SkSat_u1,SkSat_u2) → http://purl.org/obo/owl/obo#broader(SkSat_u1,SkSat_u2)
_S112(SkSat_u1,SkSat_u2) → http://purl.org/obo/owl/obo#broader(SkSat_u1,SkSat_u2)
_S237(SkSat_u1,SkSat_u2) → http://purl.org/obo/owl/obo#broader(SkSat_u1,SkSat_u2)
_S258(SkSat_u2,SkSat_u1) → http://purl.org/obo/owl/MAT#MAT_0000061(SkSat_u1)
_S448(SkSat_u1,SkSat_u2) → http://purl.org/obo/owl/obo#broader(SkSat_u1,SkSat_u2)
_S262(SkSat_u1,SkSat_u2) → http://purl.org/obo/owl/obo#broader(SkSat_u1,SkSat_u2)
_S117(SkSat_u1,SkSat_u2) → http://purl.org/obo/owl/obo#broader(SkSat_u1,SkSat_u2)
_S368(SkSat_u2,SkSat_u1) → http://purl.org/obo/owl/MAT#MAT_0000001(SkSat_u1)
_S340(SkSat_u2,SkSat_u1) → http://purl.org/obo/owl/MAT#MAT_0000006(SkSat_u1)
_S176(SkSat_u1,SkSat_u2) → http://purl.org/obo/owl/obo#broader(SkSat_u1,SkSat_u2)
_S490(SkSat_u2,SkSat_u1) → http://purl.org/obo/owl/MAT#MAT_0000031(SkSat_u1)
_S283(SkSat_u1,SkSat_u2) → http://purl.org/obo/owl/obo#broader(SkSat_u1,SkSat_u2)
_S109(SkSat_u2,SkSat_u1) → http://purl.org/obo/owl/MAT#MAT_0000391(SkSat_u1)
_S325(SkSat_u1,SkSat_u2) → http://purl.org/obo/owl/obo#broader(SkSat_u1,SkSat_u2)
_S149(SkSat_u2,SkSat_u1) → http://purl.org/obo/owl/MAT#MAT_0000373(SkSat_u1)
_S454(SkSat_u2,SkSat_u1) → http://purl.org/obo/owl/MAT#MAT_0000002(SkSat_u1)
_S423(SkSat_u2,SkSat_u1) → http://purl.org/obo/owl/MAT#MAT_0000019(SkSat_u1)
_S174(SkSat_u1,SkSat_u2) → http://purl.org/obo/owl/obo#broader(SkSat_u1,SkSat_u2)
_S278(SkSat_u2,SkSat_u1) → http://purl.org/obo/owl/MAT#MAT_0000003(SkSat_u1)
_S417(SkSat_u2,SkSat_u1) → http://purl.org/obo/owl/MAT#MAT_0000004(SkSat_u1)
_S134(SkSat_u1,SkSat_u2) → http://purl.org/obo/owl/obo#broader(SkSat_u1,SkSat_u2)
_S439(SkSat_u2,SkSat_u1) → http://purl.org/obo/owl/MAT#MAT_0000009(SkSat_u1)
_S387(SkSat_u2,SkSat_u1) → http://purl.org/obo/owl/MAT#MAT_0000019(SkSat_u1)
_S106(SkSat_u1,SkSat_u2) → http://purl.org/obo/owl/obo#broader(SkSat_u1,SkSat_u2)
_S137(SkSat_u1,SkSat_u2) → http://purl.org/obo/owl/obo#broader(SkSat_u1,SkSat_u2)
_S78(SkSat_u1,SkSat_u2) → http://purl.org/obo/owl/obo#broader(SkSat_u1,SkSat_u2)
_S202(SkSat_u1,SkSat_u2) → http://purl.org/obo/owl/obo#broader(SkSat_u1,SkSat_u2)
_S448(SkSat_u2,SkSat_u1) → http://purl.org/obo/owl/MAT#MAT_0000004(SkSat_u1)
_S86(SkSat_u1,SkSat_u2) → http://purl.org/obo/owl/obo#broader(SkSat_u1,SkSat_u2)
_S183(SkSat_u1,SkSat_u2) → http://purl.org/obo/owl/obo#broader(SkSat_u1,SkSat_u2)
_S456(SkSat_u1,SkSat_u2) → http://purl.org/obo/owl/obo#broader(SkSat_u1,SkSat_u2)
_S180(SkSat_u1,SkSat_u2) → http://purl.org/obo/owl/obo#broader(SkSat_u1,SkSat_u2)
_S489(SkSat_u1,SkSat_u2) → http://purl.org/obo/owl/obo#broader(SkSat_u1,SkSat_u2)
_S69(SkSat_u1,SkSat_u2) → http://purl.org/obo/owl/obo#broader(SkSat_u1,SkSat_u2)
_S386(SkSat_u1,SkSat_u2) → http://purl.org/obo/owl/obo#broader(SkSat_u1,SkSat_u2)
_S364(SkSat_u1,SkSat_u2) → http://purl.org/obo/owl/obo#broader(SkSat_u1,SkSat_u2)
_S90(SkSat_u2,SkSat_u1) → http://purl.org/obo/owl/MAT#MAT_0000002(SkSat_u1)
_S282(SkSat_u1,SkSat_u2) → http://purl.org/obo/owl/obo#broader(SkSat_u1,SkSat_u2)
_S328(SkSat_u2,SkSat_u1) → http://purl.org/obo/owl/MAT#MAT_0000304(SkSat_u1)
_S123(SkSat_u1,SkSat_u2) → http://purl.org/obo/owl/obo#broader(SkSat_u1,SkSat_u2)
_S40(SkSat_u1,SkSat_u2) → http://purl.org/obo/owl/obo#broader(SkSat_u1,SkSat_u2)
_S33(SkSat_u2,SkSat_u1) → http://purl.org/obo/owl/MAT#MAT_0000526(SkSat_u1)
_S469(SkSat_u1,SkSat_u2) → http://purl.org/obo/owl/obo#broader(SkSat_u1,SkSat_u2)
_S452(SkSat_u2,SkSat_u1) → http://purl.org/obo/owl/MAT#MAT_0000009(SkSat_u1)
_S408(SkSat_u2,SkSat_u1) → http://purl.org/obo/owl/MAT#MAT_0000105(SkSat_u1)
_S223(SkSat_u2,SkSat_u1) → http://purl.org/obo/owl/MAT#MAT_0000017(SkSat_u1)
_S1(SkSat_u1,SkSat_u2) → http://purl.org/obo/owl/obo#broader(SkSat_u1,SkSat_u2)
_S214(SkSat_u2,SkSat_u1) → http://purl.org/obo/owl/MAT#MAT_0000020(SkSat_u1)
_S318(SkSat_u2,SkSat_u1) → http://purl.org/obo/owl/MAT#MAT_0000304(SkSat_u1)
_S65(SkSat_u1,SkSat_u2) → http://purl.org/obo/owl/obo#broader(SkSat_u1,SkSat_u2)
_S404(SkSat_u2,SkSat_u1) → http://purl.org/obo/owl/MAT#MAT_0000098(SkSat_u1)
_S160(SkSat_u1,SkSat_u2) → http://purl.org/obo/owl/obo#broader(SkSat_u1,SkSat_u2)
_S204(SkSat_u2,SkSat_u1) → http://purl.org/obo/owl/MAT#MAT_0000034(SkSat_u1)
_S409(SkSat_u2,SkSat_u1) → http://purl.org/obo/owl/MAT#MAT_0000002(SkSat_u1)
_S66(SkSat_u1,SkSat_u2) → http://purl.org/obo/owl/obo#broader(SkSat_u1,SkSat_u2)
_S292(SkSat_u1,SkSat_u2) → http://purl.org/obo/owl/obo#broader(SkSat_u1,SkSat_u2)
_S226(SkSat_u1,SkSat_u2) → http://purl.org/obo/owl/obo#broader(SkSat_u1,SkSat_u2)
_S390(SkSat_u2,SkSat_u1) → http://purl.org/obo/owl/MAT#MAT_0000441(SkSat_u1)
_S421(SkSat_u1,SkSat_u2) → http://purl.org/obo/owl/obo#broader(SkSat_u1,SkSat_u2)
_S225(SkSat_u1,SkSat_u2) → http://purl.org/obo/owl/obo#broader(SkSat_u1,SkSat_u2)
_S199(SkSat_u2,SkSat_u1) → http://purl.org/obo/owl/MAT#MAT_0000098(SkSat_u1)
_S284(SkSat_u2,SkSat_u1) → http://purl.org/obo/owl/MAT#MAT_0000371(SkSat_u1)
_S45(SkSat_u1,SkSat_u2) → http://purl.org/obo/owl/obo#broader(SkSat_u1,SkSat_u2)
_S444(SkSat_u1,SkSat_u2) → http://purl.org/obo/owl/obo#broader(SkSat_u1,SkSat_u2)
_S188(SkSat_u1,SkSat_u2) → http://purl.org/obo/owl/obo#broader(SkSat_u1,SkSat_u2)
_S471(SkSat_u2,SkSat_u1) → http://purl.org/obo/owl/MAT#MAT_0000374(SkSat_u1)
_S463(SkSat_u2,SkSat_u1) → http://purl.org/obo/owl/MAT#MAT_0000004(SkSat_u1)
_S349(SkSat_u2,SkSat_u1) → http://purl.org/obo/owl/MAT#MAT_0000029(SkSat_u1)
_S333(SkSat_u1,SkSat_u2) → http://purl.org/obo/owl/obo#broader(SkSat_u1,SkSat_u2)
_S309(SkSat_u1,SkSat_u2) → http://purl.org/obo/owl/obo#broader(SkSat_u1,SkSat_u2)
_S187(SkSat_u2,SkSat_u1) → http://purl.org/obo/owl/MAT#MAT_0000005(SkSat_u1)
_S162(SkSat_u2,SkSat_u1) → http://purl.org/obo/owl/MAT#MAT_0000033(SkSat_u1)
_S476(SkSat_u2,SkSat_u1) → http://purl.org/obo/owl/MAT#MAT_0000019(SkSat_u1)
_S346(SkSat_u2,SkSat_u1) → http://purl.org/obo/owl/MAT#MAT_0000026(SkSat_u1)
_S480(SkSat_u2,SkSat_u1) → http://purl.org/obo/owl/MAT#MAT_0000514(SkSat_u1)
_S353(SkSat_u1,SkSat_u2) → http://purl.org/obo/owl/obo#broader(SkSat_u1,SkSat_u2)
_S497(SkSat_u1,SkSat_u2) → http://purl.org/obo/owl/obo#broader(SkSat_u1,SkSat_u2)
_S218(SkSat_u1,SkSat_u2) → http://purl.org/obo/owl/obo#broader(SkSat_u1,SkSat_u2)
_S488(SkSat_u1,SkSat_u2) → http://purl.org/obo/owl/obo#broader(SkSat_u1,SkSat_u2)
_S338(SkSat_u2,SkSat_u1) → http://purl.org/obo/owl/MAT#MAT_0000003(SkSat_u1)
_S316(SkSat_u2,SkSat_u1) → http://purl.org/obo/owl/MAT#MAT_0000514(SkSat_u1)
_S483(SkSat_u2,SkSat_u1) → http://purl.org/obo/owl/MAT#MAT_0000000(SkSat_u1)
_S49(SkSat_u1,SkSat_u2) → http://purl.org/obo/owl/obo#broader(SkSat_u1,SkSat_u2)
_S435(SkSat_u2,SkSat_u1) → http://purl.org/obo/owl/MAT#MAT_0000009(SkSat_u1)
_S305(SkSat_u2,SkSat_u1) → http://purl.org/obo/owl/MAT#MAT_0000003(SkSat_u1)
_S263(SkSat_u2,SkSat_u1) → http://purl.org/obo/owl/MAT#MAT_0000029(SkSat_u1)
_S459(SkSat_u2,SkSat_u1) → http://purl.org/obo/owl/MAT#MAT_0000366(SkSat_u1)
_S244(SkSat_u2,SkSat_u1) → http://purl.org/obo/owl/MAT#MAT_0000009(SkSat_u1)
_S413(SkSat_u1,SkSat_u2) → http://purl.org/obo/owl/obo#broader(SkSat_u1,SkSat_u2)
_S227(SkSat_u2,SkSat_u1) → http://purl.org/obo/owl/MAT#MAT_0000006(SkSat_u1)
_S253(SkSat_u1,SkSat_u2) → http://purl.org/obo/owl/obo#broader(SkSat_u1,SkSat_u2)
_S290(SkSat_u1,SkSat_u2) → http://purl.org/obo/owl/obo#broader(SkSat_u1,SkSat_u2)
_S43(SkSat_u1,SkSat_u2) → http://purl.org/obo/owl/obo#broader(SkSat_u1,SkSat_u2)
_S492(SkSat_u1,SkSat_u2) → http://purl.org/obo/owl/obo#broader(SkSat_u1,SkSat_u2)
_S319(SkSat_u1,SkSat_u2) → http://purl.org/obo/owl/obo#broader(SkSat_u1,SkSat_u2)
_S179(SkSat_u1,SkSat_u2) → http://purl.org/obo/owl/obo#broader(SkSat_u1,SkSat_u2)
_S137(SkSat_u2,SkSat_u1) → http://purl.org/obo/owl/MAT#MAT_0000304(SkSat_u1)
_S233(SkSat_u1,SkSat_u2) → http://purl.org/obo/owl/obo#broader(SkSat_u1,SkSat_u2)
_S272(SkSat_u2,SkSat_u1) → http://purl.org/obo/owl/MAT#MAT_0000033(SkSat_u1)
_S182(SkSat_u2,SkSat_u1) → http://purl.org/obo/owl/MAT#MAT_0000047(SkSat_u1)
_S267(SkSat_u2,SkSat_u1) → http://purl.org/obo/owl/MAT#MAT_0000006(SkSat_u1)
_S335(SkSat_u2,SkSat_u1) → http://purl.org/obo/owl/MAT#MAT_0000031(SkSat_u1)
_S367(SkSat_u2,SkSat_u1) → http://purl.org/obo/owl/MAT#MAT_0000107(SkSat_u1)
_S386(SkSat_u2,SkSat_u1) → http://purl.org/obo/owl/MAT#MAT_0000019(SkSat_u1)
_S458(SkSat_u1,SkSat_u2) → http://purl.org/obo/owl/obo#broader(SkSat_u1,SkSat_u2)
_S461(SkSat_u1,SkSat_u2) → http://purl.org/obo/owl/obo#broader(SkSat_u1,SkSat_u2)
_S72(SkSat_u1,SkSat_u2) → http://purl.org/obo/owl/obo#broader(SkSat_u1,SkSat_u2)
_S384(SkSat_u2,SkSat_u1) → http://purl.org/obo/owl/MAT#MAT_0000023(SkSat_u1)
_S243(SkSat_u1,SkSat_u2) → http://purl.org/obo/owl/obo#broader(SkSat_u1,SkSat_u2)
_S219(SkSat_u2,SkSat_u1) → http://purl.org/obo/owl/MAT#MAT_0000391(SkSat_u1)
_S114(SkSat_u2,SkSat_u1) → http://purl.org/obo/owl/MAT#MAT_0000107(SkSat_u1)
_S398(SkSat_u1,SkSat_u2) → http://purl.org/obo/owl/obo#broader(SkSat_u1,SkSat_u2)
_S427(SkSat_u2,SkSat_u1) → http://purl.org/obo/owl/MAT#MAT_0000483(SkSat_u1)
_S406(SkSat_u1,SkSat_u2) → http://purl.org/obo/owl/obo#broader(SkSat_u1,SkSat_u2)
_S431(SkSat_u2,SkSat_u1) → http://purl.org/obo/owl/MAT#MAT_0000526(SkSat_u1)
_S92(SkSat_u1,SkSat_u2) → http://purl.org/obo/owl/obo#broader(SkSat_u1,SkSat_u2)
_S303(SkSat_u2,SkSat_u1) → http://purl.org/obo/owl/MAT#MAT_0000019(SkSat_u1)
_S357(SkSat_u2,SkSat_u1) → http://purl.org/obo/owl/MAT#MAT_0000191(SkSat_u1)
_S164(SkSat_u2,SkSat_u1) → http://purl.org/obo/owl/MAT#MAT_0000090(SkSat_u1)
_S242(SkSat_u2,SkSat_u1) → http://purl.org/obo/owl/MAT#MAT_0000005(SkSat_u1)
_S10(SkSat_u1,SkSat_u2) → http://purl.org/obo/owl/obo#broader(SkSat_u1,SkSat_u2)
_S82(SkSat_u1,SkSat_u2) → http://purl.org/obo/owl/obo#broader(SkSat_u1,SkSat_u2)
_S47(SkSat_u2,SkSat_u1) → http://purl.org/obo/owl/MAT#MAT_0000008(SkSat_u1)
_S288(SkSat_u2,SkSat_u1) → http://purl.org/obo/owl/MAT#MAT_0000033(SkSat_u1)
_S50(SkSat_u1,SkSat_u2) → http://purl.org/obo/owl/obo#broader(SkSat_u1,SkSat_u2)
_S212(SkSat_u2,SkSat_u1) → http://purl.org/obo/owl/MAT#MAT_0000001(SkSat_u1)
_S138(SkSat_u1,SkSat_u2) → http://purl.org/obo/owl/obo#broader(SkSat_u1,SkSat_u2)
_S376(SkSat_u2,SkSat_u1) → http://purl.org/obo/owl/MAT#MAT_0000015(SkSat_u1)
_S305(SkSat_u1,SkSat_u2) → http://purl.org/obo/owl/obo#broader(SkSat_u1,SkSat_u2)
_S274(SkSat_u2,SkSat_u1) → http://purl.org/obo/owl/MAT#MAT_0000390(SkSat_u1)
_S139(SkSat_u2,SkSat_u1) → http://purl.org/obo/owl/MAT#MAT_0000032(SkSat_u1)
_S197(SkSat_u2,SkSat_u1) → http://purl.org/obo/owl/MAT#MAT_0000191(SkSat_u1)
_S122(SkSat_u1,SkSat_u2) → http://purl.org/obo/owl/obo#broader(SkSat_u1,SkSat_u2)
_S393(SkSat_u1,SkSat_u2) → http://purl.org/obo/owl/obo#broader(SkSat_u1,SkSat_u2)
_S298(SkSat_u1,SkSat_u2) → http://purl.org/obo/owl/obo#broader(SkSat_u1,SkSat_u2)
_S391(SkSat_u2,SkSat_u1) → http://purl.org/obo/owl/MAT#MAT_0000233(SkSat_u1)
_S438(SkSat_u2,SkSat_u1) → http://purl.org/obo/owl/MAT#MAT_0000016(SkSat_u1)
_S119(SkSat_u2,SkSat_u1) → http://purl.org/obo/owl/MAT#MAT_0000197(SkSat_u1)
_S151(SkSat_u1,SkSat_u2) → http://purl.org/obo/owl/obo#broader(SkSat_u1,SkSat_u2)
_S467(SkSat_u2,SkSat_u1) → http://purl.org/obo/owl/MAT#MAT_0000019(SkSat_u1)
_S171(SkSat_u2,SkSat_u1) → http://purl.org/obo/owl/MAT#MAT_0000389(SkSat_u1)
_S146(SkSat_u2,SkSat_u1) → http://purl.org/obo/owl/MAT#MAT_0000022(SkSat_u1)
_S35(SkSat_u1,SkSat_u2) → http://purl.org/obo/owl/obo#broader(SkSat_u1,SkSat_u2)
_S444(SkSat_u2,SkSat_u1) → http://purl.org/obo/owl/MAT#MAT_0000304(SkSat_u1)
_S323(SkSat_u2,SkSat_u1) → http://purl.org/obo/owl/MAT#MAT_0000021(SkSat_u1)
_S337(SkSat_u2,SkSat_u1) → http://purl.org/obo/owl/MAT#MAT_0000036(SkSat_u1)
_S41(SkSat_u2,SkSat_u1) → http://purl.org/obo/owl/MAT#MAT_0000139(SkSat_u1)
_S285(SkSat_u1,SkSat_u2) → http://purl.org/obo/owl/obo#broader(SkSat_u1,SkSat_u2)
_S272(SkSat_u1,SkSat_u2) → http://purl.org/obo/owl/obo#broader(SkSat_u1,SkSat_u2)
_S104(SkSat_u1,SkSat_u2) → http://purl.org/obo/owl/obo#broader(SkSat_u1,SkSat_u2)
_S215(SkSat_u2,SkSat_u1) → http://purl.org/obo/owl/MAT#MAT_0000061(SkSat_u1)
_S32(SkSat_u1,SkSat_u2) → http://purl.org/obo/owl/obo#broader(SkSat_u1,SkSat_u2)
_S389(SkSat_u2,SkSat_u1) → http://purl.org/obo/owl/MAT#MAT_0000033(SkSat_u1)
_S477(SkSat_u2,SkSat_u1) → http://purl.org/obo/owl/MAT#MAT_0000021(SkSat_u1)
_S55(SkSat_u1,SkSat_u2) → http://purl.org/obo/owl/obo#broader(SkSat_u1,SkSat_u2)
_S236(SkSat_u1,SkSat_u2) → http://purl.org/obo/owl/obo#broader(SkSat_u1,SkSat_u2)
_S75(SkSat_u1,SkSat_u2) → http://purl.org/obo/owl/obo#broader(SkSat_u1,SkSat_u2)
_S429(SkSat_u1,SkSat_u2) → http://purl.org/obo/owl/obo#broader(SkSat_u1,SkSat_u2)
_S259(SkSat_u1,SkSat_u2) → http://purl.org/obo/owl/obo#broader(SkSat_u1,SkSat_u2)
_S245(SkSat_u1,SkSat_u2) → http://purl.org/obo/owl/obo#broader(SkSat_u1,SkSat_u2)
_S191(SkSat_u2,SkSat_u1) → http://purl.org/obo/owl/MAT#MAT_0000020(SkSat_u1)
_S358(SkSat_u1,SkSat_u2) → http://purl.org/obo/owl/obo#broader(SkSat_u1,SkSat_u2)
_S296(SkSat_u2,SkSat_u1) → http://purl.org/obo/owl/MAT#MAT_0000008(SkSat_u1)
_S419(SkSat_u1,SkSat_u2) → http://purl.org/obo/owl/obo#broader(SkSat_u1,SkSat_u2)
_S409(SkSat_u1,SkSat_u2) → http://purl.org/obo/owl/obo#broader(SkSat_u1,SkSat_u2)
_S37(SkSat_u1,SkSat_u2) → http://purl.org/obo/owl/obo#broader(SkSat_u1,SkSat_u2)
_S500(SkSat_u1,SkSat_u2) → http://purl.org/obo/owl/obo#broader(SkSat_u1,SkSat_u2)
_S416(SkSat_u1,SkSat_u2) → http://purl.org/obo/owl/obo#broader(SkSat_u1,SkSat_u2)
_S159(SkSat_u2,SkSat_u1) → http://purl.org/obo/owl/MAT#MAT_0000366(SkSat_u1)
_S281(SkSat_u2,SkSat_u1) → http://purl.org/obo/owl/MAT#MAT_0000371(SkSat_u1)
_S144(SkSat_u2,SkSat_u1) → http://purl.org/obo/owl/MAT#MAT_0000390(SkSat_u1)
_S453(SkSat_u1,SkSat_u2) → http://purl.org/obo/owl/obo#broader(SkSat_u1,SkSat_u2)
_S375(SkSat_u2,SkSat_u1) → http://purl.org/obo/owl/MAT#MAT_0000003(SkSat_u1)
_S139(SkSat_u1,SkSat_u2) → http://purl.org/obo/owl/obo#broader(SkSat_u1,SkSat_u2)
_S498(SkSat_u1,SkSat_u2) → http://purl.org/obo/owl/obo#broader(SkSat_u1,SkSat_u2)
_S23(SkSat_u2,SkSat_u1) → http://purl.org/obo/owl/MAT#MAT_0000004(SkSat_u1)
_S327(SkSat_u1,SkSat_u2) → http://purl.org/obo/owl/obo#broader(SkSat_u1,SkSat_u2)
_S126(SkSat_u2,SkSat_u1) → http://purl.org/obo/owl/MAT#MAT_0000457(SkSat_u1)
_S59(SkSat_u1,SkSat_u2) → http://purl.org/obo/owl/obo#broader(SkSat_u1,SkSat_u2)
_S133(SkSat_u1,SkSat_u2) → http://purl.org/obo/owl/obo#broader(SkSat_u1,SkSat_u2)
_S297(SkSat_u1,SkSat_u2) → http://purl.org/obo/owl/obo#broader(SkSat_u1,SkSat_u2)
_S28(SkSat_u1,SkSat_u2) → http://purl.org/obo/owl/obo#broader(SkSat_u1,SkSat_u2)
_S396(SkSat_u2,SkSat_u1) → http://purl.org/obo/owl/MAT#MAT_0000027(SkSat_u1)
_S37(SkSat_u2,SkSat_u1) → http://purl.org/obo/owl/MAT#MAT_0000031(SkSat_u1)
_S365(SkSat_u1,SkSat_u2) → http://purl.org/obo/owl/obo#broader(SkSat_u1,SkSat_u2)
_S90(SkSat_u1,SkSat_u2) → http://purl.org/obo/owl/obo#broader(SkSat_u1,SkSat_u2)
_S352(SkSat_u2,SkSat_u1) → http://purl.org/obo/owl/MAT#MAT_0000019(SkSat_u1)
_S241(SkSat_u2,SkSat_u1) → http://purl.org/obo/owl/MAT#MAT_0000021(SkSat_u1)
_S153(SkSat_u1,SkSat_u2) → http://purl.org/obo/owl/obo#broader(SkSat_u1,SkSat_u2)
_S98(SkSat_u1,SkSat_u2) → http://purl.org/obo/owl/obo#broader(SkSat_u1,SkSat_u2)
_S68(SkSat_u2,SkSat_u1) → http://purl.org/obo/owl/MAT#MAT_0000106(SkSat_u1)
_S348(SkSat_u1,SkSat_u2) → http://purl.org/obo/owl/obo#broader(SkSat_u1,SkSat_u2)
_S340(SkSat_u1,SkSat_u2) → http://purl.org/obo/owl/obo#broader(SkSat_u1,SkSat_u2)
_S222(SkSat_u1,SkSat_u2) → http://purl.org/obo/owl/obo#broader(SkSat_u1,SkSat_u2)
_S8(SkSat_u2,SkSat_u1) → http://purl.org/obo/owl/MAT#MAT_0000090(SkSat_u1)
_S149(SkSat_u1,SkSat_u2) → http://purl.org/obo/owl/obo#broader(SkSat_u1,SkSat_u2)
_S499(SkSat_u2,SkSat_u1) → http://purl.org/obo/owl/MAT#MAT_0000132(SkSat_u1)
_S105(SkSat_u2,SkSat_u1) → http://purl.org/obo/owl/MAT#MAT_0000021(SkSat_u1)
_S76(SkSat_u1,SkSat_u2) → http://purl.org/obo/owl/obo#broader(SkSat_u1,SkSat_u2)
_S320(SkSat_u2,SkSat_u1) → http://purl.org/obo/owl/MAT#MAT_0000031(SkSat_u1)
_S341(SkSat_u2,SkSat_u1) → http://purl.org/obo/owl/MAT#MAT_0000019(SkSat_u1)
_S195(SkSat_u1,SkSat_u2) → http://purl.org/obo/owl/obo#broader(SkSat_u1,SkSat_u2)
_S393(SkSat_u2,SkSat_u1) → http://purl.org/obo/owl/MAT#MAT_0000391(SkSat_u1)
_S394(SkSat_u1,SkSat_u2) → http://purl.org/obo/owl/obo#broader(SkSat_u1,SkSat_u2)
_S144(SkSat_u1,SkSat_u2) → http://purl.org/obo/owl/obo#broader(SkSat_u1,SkSat_u2)
_S80(SkSat_u2,SkSat_u1) → http://purl.org/obo/owl/MAT#MAT_0000020(SkSat_u1)
_S496(SkSat_u1,SkSat_u2) → http://purl.org/obo/owl/obo#broader(SkSat_u1,SkSat_u2)
_S86(SkSat_u2,SkSat_u1) → http://purl.org/obo/owl/MAT#MAT_0000483(SkSat_u1)
_S494(SkSat_u2,SkSat_u1) → http://purl.org/obo/owl/MAT#MAT_0000140(SkSat_u1)
_S271(SkSat_u2,SkSat_u1) → http://purl.org/obo/owl/MAT#MAT_0000002(SkSat_u1)
_S251(SkSat_u2,SkSat_u1) → http://purl.org/obo/owl/MAT#MAT_0000009(SkSat_u1)
_S111(SkSat_u2,SkSat_u1) → http://purl.org/obo/owl/MAT#MAT_0000020(SkSat_u1)
_S350(SkSat_u2,SkSat_u1) → http://purl.org/obo/owl/MAT#MAT_0000032(SkSat_u1)
_S6(SkSat_u1,SkSat_u2) → http://purl.org/obo/owl/obo#broader(SkSat_u1,SkSat_u2)
_S74(SkSat_u2,SkSat_u1) → http://purl.org/obo/owl/MAT#MAT_0000003(SkSat_u1)
_S52(SkSat_u2,SkSat_u1) → http://purl.org/obo/owl/MAT#MAT_0000002(SkSat_u1)
_S346(SkSat_u1,SkSat_u2) → http://purl.org/obo/owl/obo#broader(SkSat_u1,SkSat_u2)
_S246(SkSat_u2,SkSat_u1) → http://purl.org/obo/owl/MAT#MAT_0000387(SkSat_u1)
_S442(SkSat_u1,SkSat_u2) → http://purl.org/obo/owl/obo#broader(SkSat_u1,SkSat_u2)
_S428(SkSat_u2,SkSat_u1) → http://purl.org/obo/owl/MAT#MAT_0000391(SkSat_u1)
_S447(SkSat_u2,SkSat_u1) → http://purl.org/obo/owl/MAT#MAT_0000373(SkSat_u1)
_S446(SkSat_u2,SkSat_u1) → http://purl.org/obo/owl/MAT#MAT_0000003(SkSat_u1)
_S304(SkSat_u1,SkSat_u2) → http://purl.org/obo/owl/obo#broader(SkSat_u1,SkSat_u2)
_S269(SkSat_u1,SkSat_u2) → http://purl.org/obo/owl/obo#broader(SkSat_u1,SkSat_u2)
_S400(SkSat_u2,SkSat_u1) → http://purl.org/obo/owl/MAT#MAT_0000483(SkSat_u1)
_S306(SkSat_u2,SkSat_u1) → http://purl.org/obo/owl/MAT#MAT_0000390(SkSat_u1)
_S210(SkSat_u1,SkSat_u2) → http://purl.org/obo/owl/obo#broader(SkSat_u1,SkSat_u2)
_S457(SkSat_u1,SkSat_u2) → http://purl.org/obo/owl/obo#broader(SkSat_u1,SkSat_u2)
_S320(SkSat_u1,SkSat_u2) → http://purl.org/obo/owl/obo#broader(SkSat_u1,SkSat_u2)
_S213(SkSat_u1,SkSat_u2) → http://purl.org/obo/owl/obo#broader(SkSat_u1,SkSat_u2)
_S234(SkSat_u2,SkSat_u1) → http://purl.org/obo/owl/MAT#MAT_0000373(SkSat_u1)
_S483(SkSat_u1,SkSat_u2) → http://purl.org/obo/owl/obo#broader(SkSat_u1,SkSat_u2)
_S268(SkSat_u2,SkSat_u1) → http://purl.org/obo/owl/MAT#MAT_0000163(SkSat_u1)
_S432(SkSat_u2,SkSat_u1) → http://purl.org/obo/owl/MAT#MAT_0000005(SkSat_u1)
_S291(SkSat_u2,SkSat_u1) → http://purl.org/obo/owl/MAT#MAT_0000030(SkSat_u1)
_S360(SkSat_u2,SkSat_u1) → http://purl.org/obo/owl/MAT#MAT_0000018(SkSat_u1)
_S257(SkSat_u2,SkSat_u1) → http://purl.org/obo/owl/MAT#MAT_0000373(SkSat_u1)
_S417(SkSat_u1,SkSat_u2) → http://purl.org/obo/owl/obo#broader(SkSat_u1,SkSat_u2)
_S413(SkSat_u2,SkSat_u1) → http://purl.org/obo/owl/MAT#MAT_0000020(SkSat_u1)
_S268(SkSat_u1,SkSat_u2) → http://purl.org/obo/owl/obo#broader(SkSat_u1,SkSat_u2)
_S150(SkSat_u1,SkSat_u2) → http://purl.org/obo/owl/obo#broader(SkSat_u1,SkSat_u2)
_S53(SkSat_u2,SkSat_u1) → http://purl.org/obo/owl/MAT#MAT_0000293(SkSat_u1)
_S280(SkSat_u1,SkSat_u2) → http://purl.org/obo/owl/obo#broader(SkSat_u1,SkSat_u2)
_S91(SkSat_u2,SkSat_u1) → http://purl.org/obo/owl/MAT#MAT_0000514(SkSat_u1)
_S162(SkSat_u1,SkSat_u2) → http://purl.org/obo/owl/obo#broader(SkSat_u1,SkSat_u2)
_S131(SkSat_u2,SkSat_u1) → http://purl.org/obo/owl/MAT#MAT_0000008(SkSat_u1)
_S332(SkSat_u1,SkSat_u2) → http://purl.org/obo/owl/obo#broader(SkSat_u1,SkSat_u2)
_S257(SkSat_u1,SkSat_u2) → http://purl.org/obo/owl/obo#broader(SkSat_u1,SkSat_u2)
_S115(SkSat_u2,SkSat_u1) → http://purl.org/obo/owl/MAT#MAT_0000373(SkSat_u1)
_S220(SkSat_u1,SkSat_u2) → http://purl.org/obo/owl/obo#broader(SkSat_u1,SkSat_u2)
_S29(SkSat_u2,SkSat_u1) → http://purl.org/obo/owl/MAT#MAT_0000391(SkSat_u1)
_S265(SkSat_u2,SkSat_u1) → http://purl.org/obo/owl/MAT#MAT_0000450(SkSat_u1)
_S208(SkSat_u1,SkSat_u2) → http://purl.org/obo/owl/obo#broader(SkSat_u1,SkSat_u2)
_S424(SkSat_u2,SkSat_u1) → http://purl.org/obo/owl/MAT#MAT_0000019(SkSat_u1)
_S92(SkSat_u2,SkSat_u1) → http://purl.org/obo/owl/MAT#MAT_0000138(SkSat_u1)
_S66(SkSat_u2,SkSat_u1) → http://purl.org/obo/owl/MAT#MAT_0000023(SkSat_u1)
_S159(SkSat_u1,SkSat_u2) → http://purl.org/obo/owl/obo#broader(SkSat_u1,SkSat_u2)
_S36(SkSat_u2,SkSat_u1) → http://purl.org/obo/owl/MAT#MAT_0000001(SkSat_u1)
_S298(SkSat_u2,SkSat_u1) → http://purl.org/obo/owl/MAT#MAT_0000033(SkSat_u1)
_S181(SkSat_u1,SkSat_u2) → http://purl.org/obo/owl/obo#broader(SkSat_u1,SkSat_u2)
_S184(SkSat_u1,SkSat_u2) → http://purl.org/obo/owl/obo#broader(SkSat_u1,SkSat_u2)
_S79(SkSat_u2,SkSat_u1) → http://purl.org/obo/owl/MAT#MAT_0000024(SkSat_u1)
_S64(SkSat_u2,SkSat_u1) → http://purl.org/obo/owl/MAT#MAT_0000390(SkSat_u1)
_S484(SkSat_u1,SkSat_u2) → http://purl.org/obo/owl/obo#broader(SkSat_u1,SkSat_u2)
_S44(SkSat_u2,SkSat_u1) → http://purl.org/obo/owl/MAT#MAT_0000029(SkSat_u1)
_S239(SkSat_u1,SkSat_u2) → http://purl.org/obo/owl/obo#broader(SkSat_u1,SkSat_u2)
_S150(SkSat_u2,SkSat_u1) → http://purl.org/obo/owl/MAT#MAT_0000002(SkSat_u1)
_S332(SkSat_u2,SkSat_u1) → http://purl.org/obo/owl/MAT#MAT_0000001(SkSat_u1)
_S210(SkSat_u2,SkSat_u1) → http://purl.org/obo/owl/MAT#MAT_0000002(SkSat_u1)
_S383(SkSat_u2,SkSat_u1) → http://purl.org/obo/owl/MAT#MAT_0000107(SkSat_u1)
_S485(SkSat_u2,SkSat_u1) → http://purl.org/obo/owl/MAT#MAT_0000163(SkSat_u1)
_S135(SkSat_u1,SkSat_u2) → http://purl.org/obo/owl/obo#broader(SkSat_u1,SkSat_u2)
_S388(SkSat_u1,SkSat_u2) → http://purl.org/obo/owl/obo#broader(SkSat_u1,SkSat_u2)
_S276(SkSat_u1,SkSat_u2) → http://purl.org/obo/owl/obo#broader(SkSat_u1,SkSat_u2)
_S77(SkSat_u2,SkSat_u1) → http://purl.org/obo/owl/MAT#MAT_0000043(SkSat_u1)
_S420(SkSat_u2,SkSat_u1) → http://purl.org/obo/owl/MAT#MAT_0000047(SkSat_u1)
_S398(SkSat_u2,SkSat_u1) → http://purl.org/obo/owl/MAT#MAT_0000046(SkSat_u1)
_S192(SkSat_u2,SkSat_u1) → http://purl.org/obo/owl/MAT#MAT_0000033(SkSat_u1)
_S3(SkSat_u1,SkSat_u2) → http://purl.org/obo/owl/obo#broader(SkSat_u1,SkSat_u2)
_S314(SkSat_u1,SkSat_u2) → http://purl.org/obo/owl/obo#broader(SkSat_u1,SkSat_u2)
_S312(SkSat_u1,SkSat_u2) → http://purl.org/obo/owl/obo#broader(SkSat_u1,SkSat_u2)
_S359(SkSat_u2,SkSat_u1) → http://purl.org/obo/owl/MAT#MAT_0000009(SkSat_u1)
_S250(SkSat_u1,SkSat_u2) → http://purl.org/obo/owl/obo#broader(SkSat_u1,SkSat_u2)
_S114(SkSat_u1,SkSat_u2) → http://purl.org/obo/owl/obo#broader(SkSat_u1,SkSat_u2)
_S157(SkSat_u2,SkSat_u1) → http://purl.org/obo/owl/MAT#MAT_0000023(SkSat_u1)
_S351(SkSat_u2,SkSat_u1) → http://purl.org/obo/owl/MAT#MAT_0000450(SkSat_u1)
_S112(SkSat_u2,SkSat_u1) → http://purl.org/obo/owl/MAT#MAT_0000098(SkSat_u1)
_S58(SkSat_u1,SkSat_u2) → http://purl.org/obo/owl/obo#broader(SkSat_u1,SkSat_u2)
_S41(SkSat_u1,SkSat_u2) → http://purl.org/obo/owl/obo#broader(SkSat_u1,SkSat_u2)
_S93(SkSat_u2,SkSat_u1) → http://purl.org/obo/owl/MAT#MAT_0000019(SkSat_u1)
_S40(SkSat_u2,SkSat_u1) → http://purl.org/obo/owl/MAT#MAT_0000009(SkSat_u1)
_S316(SkSat_u1,SkSat_u2) → http://purl.org/obo/owl/obo#broader(SkSat_u1,SkSat_u2)
_S297(SkSat_u2,SkSat_u1) → http://purl.org/obo/owl/MAT#MAT_0000009(SkSat_u1)
_S95(SkSat_u2,SkSat_u1) → http://purl.org/obo/owl/MAT#MAT_0000032(SkSat_u1)
_S26(SkSat_u2,SkSat_u1) → http://purl.org/obo/owl/MAT#MAT_0000338(SkSat_u1)
_S189(SkSat_u1,SkSat_u2) → http://purl.org/obo/owl/obo#broader(SkSat_u1,SkSat_u2)
_S470(SkSat_u2,SkSat_u1) → http://purl.org/obo/owl/MAT#MAT_0000036(SkSat_u1)
_S202(SkSat_u2,SkSat_u1) → http://purl.org/obo/owl/MAT#MAT_0000019(SkSat_u1)
_S438(SkSat_u1,SkSat_u2) → http://purl.org/obo/owl/obo#broader(SkSat_u1,SkSat_u2)
_S315(SkSat_u1,SkSat_u2) → http://purl.org/obo/owl/obo#broader(SkSat_u1,SkSat_u2)
_S279(SkSat_u2,SkSat_u1) → http://purl.org/obo/owl/MAT#MAT_0000027(SkSat_u1)
_S249(SkSat_u2,SkSat_u1) → http://purl.org/obo/owl/MAT#MAT_0000030(SkSat_u1)
_S188(SkSat_u2,SkSat_u1) → http://purl.org/obo/owl/MAT#MAT_0000105(SkSat_u1)
_S50(SkSat_u2,SkSat_u1) → http://purl.org/obo/owl/MAT#MAT_0000026(SkSat_u1)
_S67(SkSat_u1,SkSat_u2) → http://purl.org/obo/owl/obo#broader(SkSat_u1,SkSat_u2)
_S474(SkSat_u1,SkSat_u2) → http://purl.org/obo/owl/obo#broader(SkSat_u1,SkSat_u2)
_S254(SkSat_u1,SkSat_u2) → http://purl.org/obo/owl/obo#broader(SkSat_u1,SkSat_u2)
_S203(SkSat_u1,SkSat_u2) → http://purl.org/obo/owl/obo#broader(SkSat_u1,SkSat_u2)
_S16(SkSat_u2,SkSat_u1) → http://purl.org/obo/owl/MAT#MAT_0000001(SkSat_u1)
_S364(SkSat_u2,SkSat_u1) → http://purl.org/obo/owl/MAT#MAT_0000390(SkSat_u1)
_S68(SkSat_u1,SkSat_u2) → http://purl.org/obo/owl/obo#broader(SkSat_u1,SkSat_u2)
_S242(SkSat_u1,SkSat_u2) → http://purl.org/obo/owl/obo#broader(SkSat_u1,SkSat_u2)
_S27(SkSat_u2,SkSat_u1) → http://purl.org/obo/owl/MAT#MAT_0000021(SkSat_u1)
_S478(SkSat_u2,SkSat_u1) → http://purl.org/obo/owl/MAT#MAT_0000304(SkSat_u1)
_S169(SkSat_u2,SkSat_u1) → http://purl.org/obo/owl/MAT#MAT_0000001(SkSat_u1)
_S258(SkSat_u1,SkSat_u2) → http://purl.org/obo/owl/obo#broader(SkSat_u1,SkSat_u2)
_S479(SkSat_u2,SkSat_u1) → http://purl.org/obo/owl/MAT#MAT_0000016(SkSat_u1)
_S196(SkSat_u2,SkSat_u1) → http://purl.org/obo/owl/MAT#MAT_0000028(SkSat_u1)
_S21(SkSat_u2,SkSat_u1) → http://purl.org/obo/owl/MAT#MAT_0000005(SkSat_u1)
http://purl.org/obo/owl/GO#GO_0000001(SkSat_u1) → http://www.geneontology.org/formats/oboInOwl#ObsoleteClass(SkSat_u1)
_S382(SkSat_u2,SkSat_u1) → http://purl.org/obo/owl/MAT#MAT_0000304(SkSat_u1)
_S330(SkSat_u1,SkSat_u2) → http://purl.org/obo/owl/obo#broader(SkSat_u1,SkSat_u2)
_S218(SkSat_u2,SkSat_u1) → http://purl.org/obo/owl/MAT#MAT_0000015(SkSat_u1)
_S102(SkSat_u1,SkSat_u2) → http://purl.org/obo/owl/obo#broader(SkSat_u1,SkSat_u2)
_S344(SkSat_u2,SkSat_u1) → http://purl.org/obo/owl/MAT#MAT_0000028(SkSat_u1)
_S198(SkSat_u2,SkSat_u1) → http://purl.org/obo/owl/MAT#MAT_0000017(SkSat_u1)
_S463(SkSat_u1,SkSat_u2) → http://purl.org/obo/owl/obo#broader(SkSat_u1,SkSat_u2)
_S82(SkSat_u2,SkSat_u1) → http://purl.org/obo/owl/MAT#MAT_0000338(SkSat_u1)
_S499(SkSat_u1,SkSat_u2) → http://purl.org/obo/owl/obo#broader(SkSat_u1,SkSat_u2)
_S97(SkSat_u2,SkSat_u1) → http://purl.org/obo/owl/MAT#MAT_0000034(SkSat_u1)
_S259(SkSat_u2,SkSat_u1) → http://purl.org/obo/owl/MAT#MAT_0000004(SkSat_u1)
_S173(SkSat_u1,SkSat_u2) → http://purl.org/obo/owl/obo#broader(SkSat_u1,SkSat_u2)
_S158(SkSat_u2,SkSat_u1) → http://purl.org/obo/owl/MAT#MAT_0000021(SkSat_u1)
_S434(SkSat_u2,SkSat_u1) → http://purl.org/obo/owl/MAT#MAT_0000030(SkSat_u1)
_S373(SkSat_u1,SkSat_u2) → http://purl.org/obo/owl/obo#broader(SkSat_u1,SkSat_u2)
_S99(SkSat_u2,SkSat_u1) → http://purl.org/obo/owl/MAT#MAT_0000090(SkSat_u1)
_S185(SkSat_u2,SkSat_u1) → http://purl.org/obo/owl/MAT#MAT_0000421(SkSat_u1)
_S151(SkSat_u2,SkSat_u1) → http://purl.org/obo/owl/MAT#MAT_0000001(SkSat_u1)
_S292(SkSat_u2,SkSat_u1) → http://purl.org/obo/owl/MAT#MAT_0000163(SkSat_u1)
_S214(SkSat_u1,SkSat_u2) → http://purl.org/obo/owl/obo#broader(SkSat_u1,SkSat_u2)
_S1(SkSat_u2,SkSat_u1) → http://purl.org/obo/owl/MAT#MAT_0000009(SkSat_u1)
_S377(SkSat_u1,SkSat_u2) → http://purl.org/obo/owl/obo#broader(SkSat_u1,SkSat_u2)
_S233(SkSat_u2,SkSat_u1) → http://purl.org/obo/owl/MAT#MAT_0000021(SkSat_u1)
_S21(SkSat_u1,SkSat_u2) → http://purl.org/obo/owl/obo#broader(SkSat_u1,SkSat_u2)
_S176(SkSat_u2,SkSat_u1) → http://purl.org/obo/owl/MAT#MAT_0000371(SkSat_u1)
_S374(SkSat_u1,SkSat_u2) → http://purl.org/obo/owl/obo#broader(SkSat_u1,SkSat_u2)
_S310(SkSat_u2,SkSat_u1) → http://purl.org/obo/owl/MAT#MAT_0000098(SkSat_u1)
_S230(SkSat_u2,SkSat_u1) → http://purl.org/obo/owl/MAT#MAT_0000194(SkSat_u1)
_S424(SkSat_u1,SkSat_u2) → http://purl.org/obo/owl/obo#broader(SkSat_u1,SkSat_u2)
_S462(SkSat_u2,SkSat_u1) → http://purl.org/obo/owl/MAT#MAT_0000105(SkSat_u1)
_S110(SkSat_u1,SkSat_u2) → http://purl.org/obo/owl/obo#broader(SkSat_u1,SkSat_u2)
_S140(SkSat_u1,SkSat_u2) → http://purl.org/obo/owl/obo#broader(SkSat_u1,SkSat_u2)
_S17(SkSat_u2,SkSat_u1) → http://purl.org/obo/owl/MAT#MAT_0000391(SkSat_u1)
_S208(SkSat_u2,SkSat_u1) → http://purl.org/obo/owl/MAT#MAT_0000017(SkSat_u1)
_S136(SkSat_u2,SkSat_u1) → http://purl.org/obo/owl/MAT#MAT_0000090(SkSat_u1)
_S48(SkSat_u1,SkSat_u2) → http://purl.org/obo/owl/obo#broader(SkSat_u1,SkSat_u2)
_S7(SkSat_u1,SkSat_u2) → http://purl.org/obo/owl/obo#broader(SkSat_u1,SkSat_u2)
_S201(SkSat_u1,SkSat_u2) → http://purl.org/obo/owl/obo#broader(SkSat_u1,SkSat_u2)
_S84(SkSat_u2,SkSat_u1) → http://purl.org/obo/owl/MAT#MAT_0000371(SkSat_u1)
_S261(SkSat_u2,SkSat_u1) → http://purl.org/obo/owl/MAT#MAT_0000105(SkSat_u1)
_S501(SkSat_u1,SkSat_u2) → http://purl.org/obo/owl/obo#broader(SkSat_u1,SkSat_u2)
_S284(SkSat_u1,SkSat_u2) → http://purl.org/obo/owl/obo#broader(SkSat_u1,SkSat_u2)
_S4(SkSat_u2,SkSat_u1) → http://purl.org/obo/owl/MAT#MAT_0000019(SkSat_u1)
_S376(SkSat_u1,SkSat_u2) → http://purl.org/obo/owl/obo#broader(SkSat_u1,SkSat_u2)
_S170(SkSat_u1,SkSat_u2) → http://purl.org/obo/owl/obo#broader(SkSat_u1,SkSat_u2)
_S101(SkSat_u2,SkSat_u1) → http://purl.org/obo/owl/MAT#MAT_0000106(SkSat_u1)
_S252(SkSat_u2,SkSat_u1) → http://purl.org/obo/owl/MAT#MAT_0000009(SkSat_u1)
_S35(SkSat_u2,SkSat_u1) → http://purl.org/obo/owl/MAT#MAT_0000018(SkSat_u1)
_S120(SkSat_u2,SkSat_u1) → http://purl.org/obo/owl/MAT#MAT_0000002(SkSat_u1)
_S480(SkSat_u1,SkSat_u2) → http://purl.org/obo/owl/obo#broader(SkSat_u1,SkSat_u2)
_S347(SkSat_u1,SkSat_u2) → http://purl.org/obo/owl/obo#broader(SkSat_u1,SkSat_u2)
_S228(SkSat_u2,SkSat_u1) → http://purl.org/obo/owl/MAT#MAT_0000140(SkSat_u1)
_S105(SkSat_u1,SkSat_u2) → http://purl.org/obo/owl/obo#broader(SkSat_u1,SkSat_u2)
_S328(SkSat_u1,SkSat_u2) → http://purl.org/obo/owl/obo#broader(SkSat_u1,SkSat_u2)
_S239(SkSat_u2,SkSat_u1) → http://purl.org/obo/owl/MAT#MAT_0000483(SkSat_u1)
_S289(SkSat_u1,SkSat_u2) → http://purl.org/obo/owl/obo#broader(SkSat_u1,SkSat_u2)
_S60(SkSat_u1,SkSat_u2) → http://purl.org/obo/owl/obo#broader(SkSat_u1,SkSat_u2)
_S209(SkSat_u2,SkSat_u1) → http://purl.org/obo/owl/MAT#MAT_0000020(SkSat_u1)
_S200(SkSat_u2,SkSat_u1) → http://purl.org/obo/owl/MAT#MAT_0000234(SkSat_u1)
_S375(SkSat_u1,SkSat_u2) → http://purl.org/obo/owl/obo#broader(SkSat_u1,SkSat_u2)
_S399(SkSat_u2,SkSat_u1) → http://purl.org/obo/owl/MAT#MAT_0000305(SkSat_u1)
_S420(SkSat_u1,SkSat_u2) → http://purl.org/obo/owl/obo#broader(SkSat_u1,SkSat_u2)
_S299(SkSat_u1,SkSat_u2) → http://purl.org/obo/owl/obo#broader(SkSat_u1,SkSat_u2)
_S9(SkSat_u1,SkSat_u2) → http://purl.org/obo/owl/obo#broader(SkSat_u1,SkSat_u2)
_S363(SkSat_u1,SkSat_u2) → http://purl.org/obo/owl/obo#broader(SkSat_u1,SkSat_u2)
_S180(SkSat_u2,SkSat_u1) → http://purl.org/obo/owl/MAT#MAT_0000019(SkSat_u1)
_S130(SkSat_u1,SkSat_u2) → http://purl.org/obo/owl/obo#broader(SkSat_u1,SkSat_u2)
_S326(SkSat_u1,SkSat_u2) → http://purl.org/obo/owl/obo#broader(SkSat_u1,SkSat_u2)
_S356(SkSat_u1,SkSat_u2) → http://purl.org/obo/owl/obo#broader(SkSat_u1,SkSat_u2)
_S362(SkSat_u1,SkSat_u2) → http://purl.org/obo/owl/obo#broader(SkSat_u1,SkSat_u2)
_S336(SkSat_u2,SkSat_u1) → http://purl.org/obo/owl/MAT#MAT_0000004(SkSat_u1)
_S155(SkSat_u2,SkSat_u1) → http://purl.org/obo/owl/MAT#MAT_0000008(SkSat_u1)
_S403(SkSat_u2,SkSat_u1) → http://purl.org/obo/owl/MAT#MAT_0000343(SkSat_u1)
_S220(SkSat_u2,SkSat_u1) → http://purl.org/obo/owl/MAT#MAT_0000477(SkSat_u1)
_S367(SkSat_u1,SkSat_u2) → http://purl.org/obo/owl/obo#broader(SkSat_u1,SkSat_u2)
_S206(SkSat_u2,SkSat_u1) → http://purl.org/obo/owl/MAT#MAT_0000009(SkSat_u1)
_S357(SkSat_u1,SkSat_u2) → http://purl.org/obo/owl/obo#broader(SkSat_u1,SkSat_u2)
_S334(SkSat_u1,SkSat_u2) → http://purl.org/obo/owl/obo#broader(SkSat_u1,SkSat_u2)
_S481(SkSat_u1,SkSat_u2) → http://purl.org/obo/owl/obo#broader(SkSat_u1,SkSat_u2)
_S231(SkSat_u1,SkSat_u2) → http://purl.org/obo/owl/obo#broader(SkSat_u1,SkSat_u2)
_S211(SkSat_u2,SkSat_u1) → http://purl.org/obo/owl/MAT#MAT_0000004(SkSat_u1)
_S400(SkSat_u1,SkSat_u2) → http://purl.org/obo/owl/obo#broader(SkSat_u1,SkSat_u2)
_S87(SkSat_u1,SkSat_u2) → http://purl.org/obo/owl/obo#broader(SkSat_u1,SkSat_u2)
_S84(SkSat_u1,SkSat_u2) → http://purl.org/obo/owl/obo#broader(SkSat_u1,SkSat_u2)
_S380(SkSat_u2,SkSat_u1) → http://purl.org/obo/owl/MAT#MAT_0000020(SkSat_u1)
_S32(SkSat_u2,SkSat_u1) → http://purl.org/obo/owl/MAT#MAT_0000032(SkSat_u1)
_S229(SkSat_u2,SkSat_u1) → http://purl.org/obo/owl/MAT#MAT_0000343(SkSat_u1)
_S313(SkSat_u2,SkSat_u1) → http://purl.org/obo/owl/MAT#MAT_0000026(SkSat_u1)
_S39(SkSat_u1,SkSat_u2) → http://purl.org/obo/owl/obo#broader(SkSat_u1,SkSat_u2)
_S11(SkSat_u1,SkSat_u2) → http://purl.org/obo/owl/obo#narrower(SkSat_u1,SkSat_u2)
_S120(SkSat_u1,SkSat_u2) → http://purl.org/obo/owl/obo#broader(SkSat_u1,SkSat_u2)
_S355(SkSat_u2,SkSat_u1) → http://purl.org/obo/owl/MAT#MAT_0000030(SkSat_u1)
_S11(SkSat_u2,SkSat_u1) → http://purl.org/obo/owl/MAT#MAT_0000450(SkSat_u1)
_S59(SkSat_u2,SkSat_u1) → http://purl.org/obo/owl/MAT#MAT_0000049(SkSat_u1)
_S372(SkSat_u1,SkSat_u2) → http://purl.org/obo/owl/obo#broader(SkSat_u1,SkSat_u2)
_S453(SkSat_u2,SkSat_u1) → http://purl.org/obo/owl/MAT#MAT_0000002(SkSat_u1)
_S168(SkSat_u2,SkSat_u1) → http://purl.org/obo/owl/MAT#MAT_0000090(SkSat_u1)
_S277(SkSat_u1,SkSat_u2) → http://purl.org/obo/owl/obo#broader(SkSat_u1,SkSat_u2)
_S160(SkSat_u2,SkSat_u1) → http://purl.org/obo/owl/MAT#MAT_0000033(SkSat_u1)
_S75(SkSat_u2,SkSat_u1) → http://purl.org/obo/owl/MAT#MAT_0000138(SkSat_u1)
_S362(SkSat_u2,SkSat_u1) → http://purl.org/obo/owl/MAT#MAT_0000374(SkSat_u1)
_S370(SkSat_u2,SkSat_u1) → http://purl.org/obo/owl/MAT#MAT_0000293(SkSat_u1)
_S63(SkSat_u1,SkSat_u2) → http://purl.org/obo/owl/obo#broader(SkSat_u1,SkSat_u2)
_S147(SkSat_u2,SkSat_u1) → http://purl.org/obo/owl/MAT#MAT_0000125(SkSat_u1)
_S127(SkSat_u2,SkSat_u1) → http://purl.org/obo/owl/MAT#MAT_0000390(SkSat_u1)
_S67(SkSat_u2,SkSat_u1) → http://purl.org/obo/owl/MAT#MAT_0000105(SkSat_u1)
_S318(SkSat_u1,SkSat_u2) → http://purl.org/obo/owl/obo#broader(SkSat_u1,SkSat_u2)
_S55(SkSat_u2,SkSat_u1) → http://purl.org/obo/owl/MAT#MAT_0000022(SkSat_u1)
_S224(SkSat_u1,SkSat_u2) → http://purl.org/obo/owl/obo#broader(SkSat_u1,SkSat_u2)
_S461(SkSat_u2,SkSat_u1) → http://purl.org/obo/owl/MAT#MAT_0000090(SkSat_u1)
_S54(SkSat_u1,SkSat_u2) → http://purl.org/obo/owl/obo#broader(SkSat_u1,SkSat_u2)
_S237(SkSat_u2,SkSat_u1) → http://purl.org/obo/owl/MAT#MAT_0000293(SkSat_u1)
_S129(SkSat_u2,SkSat_u1) → http://purl.org/obo/owl/MAT#MAT_0000373(SkSat_u1)
_S64(SkSat_u1,SkSat_u2) → http://purl.org/obo/owl/obo#broader(SkSat_u1,SkSat_u2)
_S56(SkSat_u1,SkSat_u2) → http://purl.org/obo/owl/obo#broader(SkSat_u1,SkSat_u2)
_S16(SkSat_u1,SkSat_u2) → http://purl.org/obo/owl/obo#broader(SkSat_u1,SkSat_u2)
_S327(SkSat_u2,SkSat_u1) → http://purl.org/obo/owl/MAT#MAT_0000019(SkSat_u1)
_S48(SkSat_u2,SkSat_u1) → http://purl.org/obo/owl/MAT#MAT_0000003(SkSat_u1)
_S200(SkSat_u1,SkSat_u2) → http://purl.org/obo/owl/obo#broader(SkSat_u1,SkSat_u2)
_S430(SkSat_u2,SkSat_u1) → http://purl.org/obo/owl/MAT#MAT_0000304(SkSat_u1)
_S24(SkSat_u1,SkSat_u2) → http://purl.org/obo/owl/obo#broader(SkSat_u1,SkSat_u2)
_S26(SkSat_u1,SkSat_u2) → http://purl.org/obo/owl/obo#broader(SkSat_u1,SkSat_u2)
_S190(SkSat_u2,SkSat_u1) → http://purl.org/obo/owl/MAT#MAT_0000231(SkSat_u1)
_S215(SkSat_u1,SkSat_u2) → http://purl.org/obo/owl/obo#broader(SkSat_u1,SkSat_u2)
_S170(SkSat_u2,SkSat_u1) → http://purl.org/obo/owl/MAT#MAT_0000001(SkSat_u1)
_S142(SkSat_u1,SkSat_u2) → http://purl.org/obo/owl/obo#broader(SkSat_u1,SkSat_u2)
_S263(SkSat_u1,SkSat_u2) → http://purl.org/obo/owl/obo#broader(SkSat_u1,SkSat_u2)
_S426(SkSat_u1,SkSat_u2) → http://purl.org/obo/owl/obo#broader(SkSat_u1,SkSat_u2)
_S329(SkSat_u2,SkSat_u1) → http://purl.org/obo/owl/MAT#MAT_0000387(SkSat_u1)
_S186(SkSat_u1,SkSat_u2) → http://purl.org/obo/owl/obo#broader(SkSat_u1,SkSat_u2)
_S30(SkSat_u1,SkSat_u2) → http://purl.org/obo/owl/obo#broader(SkSat_u1,SkSat_u2)
_S391(SkSat_u1,SkSat_u2) → http://purl.org/obo/owl/obo#broader(SkSat_u1,SkSat_u2)
_S317(SkSat_u2,SkSat_u1) → http://purl.org/obo/owl/MAT#MAT_0000373(SkSat_u1)
_S411(SkSat_u2,SkSat_u1) → http://purl.org/obo/owl/MAT#MAT_0000009(SkSat_u1)
_S156(SkSat_u1,SkSat_u2) → http://purl.org/obo/owl/obo#broader(SkSat_u1,SkSat_u2)
_S23(SkSat_u1,SkSat_u2) → http://purl.org/obo/owl/obo#broader(SkSat_u1,SkSat_u2)
_S70(SkSat_u1,SkSat_u2) → http://purl.org/obo/owl/obo#broader(SkSat_u1,SkSat_u2)
_S428(SkSat_u1,SkSat_u2) → http://purl.org/obo/owl/obo#broader(SkSat_u1,SkSat_u2)
_S127(SkSat_u1,SkSat_u2) → http://purl.org/obo/owl/obo#broader(SkSat_u1,SkSat_u2)
_S331(SkSat_u1,SkSat_u2) → http://purl.org/obo/owl/obo#broader(SkSat_u1,SkSat_u2)
_S270(SkSat_u2,SkSat_u1) → http://purl.org/obo/owl/MAT#MAT_0000001(SkSat_u1)
_S153(SkSat_u2,SkSat_u1) → http://purl.org/obo/owl/MAT#MAT_0000017(SkSat_u1)
_S204(SkSat_u1,SkSat_u2) → http://purl.org/obo/owl/obo#broader(SkSat_u1,SkSat_u2)
_S25(SkSat_u2,SkSat_u1) → http://purl.org/obo/owl/MAT#MAT_0000098(SkSat_u1)
_S365(SkSat_u2,SkSat_u1) → http://purl.org/obo/owl/MAT#MAT_0000231(SkSat_u1)
=========================================
