Starting Saturation...
Executing from DLGP files
SLF4J: Failed to load class "org.slf4j.impl.StaticLoggerBinder".
SLF4J: Defaulting to no-operation (NOP) logger implementation
SLF4J: See http://www.slf4j.org/codes.html#StaticLoggerBinder for further details.
# Rules: 463; # Atoms: 0; # AtomSets: 0; # Queries: 0; # Constraints: 0
Full TGD saturation algorithm: ordered skolemized Sat
Running OrderedSkSat...
Nov 12, 2021 3:14:35 PM uk.ac.ox.cs.gsat.AbstractSaturation run
INFO: OrderedSkSat discarded rules : 0/463 = 0.000%
OrderedSkSat discarded rules : 0/463 = 0.000%
Nov 12, 2021 3:14:35 PM uk.ac.ox.cs.gsat.AbstractSaturation run
INFO: Subsumption method : tree_predicate
length of the formulas: 1.996769
number of bags: 6
length of the formulas: 1.996769
number of bags: 6
nonFullTGDs	0		fullTGDs	263			newNonFullTGDs	356		newFullTGDs	0
nonFullTGDs	100		fullTGDs	263			newNonFullTGDs	311		newFullTGDs	0
nonFullTGDs	200		fullTGDs	263			newNonFullTGDs	277		newFullTGDs	0
nonFullTGDs	300		fullTGDs	263			newNonFullTGDs	234		newFullTGDs	0
nonFullTGDs	400		fullTGDs	263			newNonFullTGDs	189		newFullTGDs	0
nonFullTGDs	500		fullTGDs	263			newNonFullTGDs	146		newFullTGDs	1
nonFullTGDs	600		fullTGDs	263			newNonFullTGDs	94		newFullTGDs	2
nonFullTGDs	700		fullTGDs	263			newNonFullTGDs	43		newFullTGDs	2
nonFullTGDs	800		fullTGDs	263			newNonFullTGDs	7		newFullTGDs	2
Nov 12, 2021 3:14:35 PM uk.ac.ox.cs.gsat.SaturationStatistics log
INFO: # initial TGDs: 263 , 356
Nov 12, 2021 3:14:35 PM uk.ac.ox.cs.gsat.SaturationStatistics log
INFO: OrderedSkSat total time : 195 ms = 0.19 s
Nov 12, 2021 3:14:35 PM uk.ac.ox.cs.gsat.SaturationStatistics log
INFO: Subsumed elements : 46
Nov 12, 2021 3:14:35 PM uk.ac.ox.cs.gsat.SaturationStatistics log
INFO: Filter discarded elements : 3463
Nov 12, 2021 3:14:35 PM uk.ac.ox.cs.gsat.SaturationStatistics log
INFO: subsumption time: 13 ms = 0.01 s
Nov 12, 2021 3:14:35 PM uk.ac.ox.cs.gsat.SaturationStatistics log
INFO: forward subsumption time: 9 ms = 0.01 s
Nov 12, 2021 3:14:35 PM uk.ac.ox.cs.gsat.SaturationStatistics log
INFO: backward subsumption time: 4 ms = 0.00 s
Nov 12, 2021 3:14:35 PM uk.ac.ox.cs.gsat.SaturationStatistics log
INFO: Derived full/non full TGDs: 13 , 503
Nov 12, 2021 3:14:35 PM uk.ac.ox.cs.gsat.SaturationStatistics log
INFO: discarded tautology count: 11
Nov 12, 2021 3:14:35 PM uk.ac.ox.cs.gsat.EvolveStatistics log
INFO: Stop because subsumed: 0
Nov 12, 2021 3:14:35 PM uk.ac.ox.cs.gsat.EvolveStatistics log
INFO: evolved equals to current: 0
Nov 12, 2021 3:14:35 PM uk.ac.ox.cs.gsat.EvolveStatistics log
INFO: evolved time: 21 ms = 0.02 s
Nov 12, 2021 3:14:35 PM uk.ac.ox.cs.gsat.EvolveStatistics log
INFO: evolve count: 665
Nov 12, 2021 3:14:35 PM uk.ac.ox.cs.gsat.SkolemStatistics log
INFO: maximum number of Skolem atoms in body: 0
Nov 12, 2021 3:14:35 PM uk.ac.ox.cs.gsat.SkolemStatistics log
INFO: left derived TGD with Skolem in the body: 0
Nov 12, 2021 3:14:35 PM uk.ac.ox.cs.gsat.SkolemStatistics log
INFO: right derived TGD with Skolem in the body: 0
Nov 12, 2021 3:14:35 PM uk.ac.ox.cs.gsat.SkolemStatistics log
INFO: derived TGD with more than two Skolem atoms in the body: 0
Nov 12, 2021 3:14:35 PM uk.ac.ox.cs.gsat.AbstractSaturation run
INFO: ouptput full TGDs not contained in the input: 2
Nov 12, 2021 3:14:35 PM uk.ac.ox.cs.gsat.App executeAllSteps
INFO: Rewriting completed!
Full TGD saturation: (265 dependecies)
Nov 12, 2021 3:14:35 PM uk.ac.ox.cs.gsat.App executeAllSteps
INFO: Writing the saturation in the Datalog file 00082.rul
