Starting Saturation...
Executing from DLGP files
SLF4J: Failed to load class "org.slf4j.impl.StaticLoggerBinder".
SLF4J: Defaulting to no-operation (NOP) logger implementation
SLF4J: See http://www.slf4j.org/codes.html#StaticLoggerBinder for further details.
# Rules: 2293; # Atoms: 0; # AtomSets: 0; # Queries: 0; # Constraints: 0
Full TGD saturation algorithm: ordered skolemized Sat
Running OrderedSkSat...
Nov 12, 2021 5:59:43 PM uk.ac.ox.cs.gsat.AbstractSaturation run
INFO: OrderedSkSat discarded rules : 0/2293 = 0.000%
OrderedSkSat discarded rules : 0/2293 = 0.000%
Nov 12, 2021 5:59:43 PM uk.ac.ox.cs.gsat.AbstractSaturation run
INFO: Subsumption method : tree_predicate
length of the formulas: 2.0397396
number of bags: 13
length of the formulas: 2.0397396
number of bags: 13
nonFullTGDs	0		fullTGDs	1463			newNonFullTGDs	1456		newFullTGDs	0
nonFullTGDs	100		fullTGDs	1463			newNonFullTGDs	1417		newFullTGDs	1155
nonFullTGDs	200		fullTGDs	1463			newNonFullTGDs	1378		newFullTGDs	2315
nonFullTGDs	300		fullTGDs	1463			newNonFullTGDs	1342		newFullTGDs	3296
nonFullTGDs	400		fullTGDs	1463			newNonFullTGDs	1307		newFullTGDs	4339
nonFullTGDs	500		fullTGDs	1463			newNonFullTGDs	1273		newFullTGDs	5314
nonFullTGDs	600		fullTGDs	1463			newNonFullTGDs	1236		newFullTGDs	6357
nonFullTGDs	700		fullTGDs	1463			newNonFullTGDs	1199		newFullTGDs	7456
nonFullTGDs	800		fullTGDs	1463			newNonFullTGDs	1161		newFullTGDs	8558
nonFullTGDs	900		fullTGDs	1463			newNonFullTGDs	1126		newFullTGDs	9539
nonFullTGDs	1000		fullTGDs	1463			newNonFullTGDs	1085		newFullTGDs	10746
nonFullTGDs	1100		fullTGDs	1463			newNonFullTGDs	1047		newFullTGDs	11847
nonFullTGDs	1200		fullTGDs	1463			newNonFullTGDs	1017		newFullTGDs	12714
nonFullTGDs	1300		fullTGDs	1463			newNonFullTGDs	983		newFullTGDs	13695
nonFullTGDs	1400		fullTGDs	1463			newNonFullTGDs	955		newFullTGDs	14499
nonFullTGDs	1500		fullTGDs	1463			newNonFullTGDs	929		newFullTGDs	15253
nonFullTGDs	1600		fullTGDs	1463			newNonFullTGDs	889		newFullTGDs	16410
nonFullTGDs	1700		fullTGDs	1463			newNonFullTGDs	851		newFullTGDs	17508
nonFullTGDs	1800		fullTGDs	1463			newNonFullTGDs	815		newFullTGDs	18542
nonFullTGDs	1900		fullTGDs	1463			newNonFullTGDs	781		newFullTGDs	19528
nonFullTGDs	2000		fullTGDs	1463			newNonFullTGDs	747		newFullTGDs	20512
nonFullTGDs	2100		fullTGDs	1463			newNonFullTGDs	701		newFullTGDs	21839
nonFullTGDs	2200		fullTGDs	1463			newNonFullTGDs	661		newFullTGDs	22999
nonFullTGDs	2300		fullTGDs	1463			newNonFullTGDs	623		newFullTGDs	24097
nonFullTGDs	2400		fullTGDs	1463			newNonFullTGDs	587		newFullTGDs	25138
nonFullTGDs	2500		fullTGDs	1463			newNonFullTGDs	559		newFullTGDs	25950
nonFullTGDs	2600		fullTGDs	1463			newNonFullTGDs	533		newFullTGDs	26702
nonFullTGDs	2700		fullTGDs	1463			newNonFullTGDs	501		newFullTGDs	27625
nonFullTGDs	2800		fullTGDs	1463			newNonFullTGDs	460		newFullTGDs	28785
nonFullTGDs	2900		fullTGDs	1463			newNonFullTGDs	424		newFullTGDs	29826
nonFullTGDs	3000		fullTGDs	1463			newNonFullTGDs	390		newFullTGDs	30806
nonFullTGDs	3100		fullTGDs	1463			newNonFullTGDs	356		newFullTGDs	31792
nonFullTGDs	3200		fullTGDs	1463			newNonFullTGDs	326		newFullTGDs	32711
nonFullTGDs	3300		fullTGDs	1463			newNonFullTGDs	287		newFullTGDs	33810
nonFullTGDs	3400		fullTGDs	1463			newNonFullTGDs	243		newFullTGDs	35078
nonFullTGDs	3500		fullTGDs	1463			newNonFullTGDs	208		newFullTGDs	36120
nonFullTGDs	3600		fullTGDs	1463			newNonFullTGDs	169		newFullTGDs	37214
nonFullTGDs	3700		fullTGDs	1463			newNonFullTGDs	132		newFullTGDs	38242
nonFullTGDs	3800		fullTGDs	1463			newNonFullTGDs	104		newFullTGDs	39030
nonFullTGDs	3900		fullTGDs	1463			newNonFullTGDs	67		newFullTGDs	40126
nonFullTGDs	4000		fullTGDs	1463			newNonFullTGDs	25		newFullTGDs	41344
nonFullTGDs	4062		fullTGDs	1501			newNonFullTGDs	0		newFullTGDs	42002
nonFullTGDs	4062		fullTGDs	1600			newNonFullTGDs	0		newFullTGDs	41903
nonFullTGDs	4062		fullTGDs	1700			newNonFullTGDs	0		newFullTGDs	41803
nonFullTGDs	4062		fullTGDs	1800			newNonFullTGDs	0		newFullTGDs	41703
nonFullTGDs	4062		fullTGDs	1898			newNonFullTGDs	0		newFullTGDs	41604
nonFullTGDs	4062		fullTGDs	1998			newNonFullTGDs	0		newFullTGDs	41504
nonFullTGDs	4062		fullTGDs	2098			newNonFullTGDs	0		newFullTGDs	41404
nonFullTGDs	4062		fullTGDs	2198			newNonFullTGDs	0		newFullTGDs	41304
nonFullTGDs	4062		fullTGDs	2296			newNonFullTGDs	0		newFullTGDs	41214
nonFullTGDs	4062		fullTGDs	2396			newNonFullTGDs	0		newFullTGDs	41114
nonFullTGDs	4062		fullTGDs	2494			newNonFullTGDs	0		newFullTGDs	41018
nonFullTGDs	4062		fullTGDs	2591			newNonFullTGDs	0		newFullTGDs	40921
nonFullTGDs	4062		fullTGDs	2691			newNonFullTGDs	0		newFullTGDs	40821
nonFullTGDs	4062		fullTGDs	2791			newNonFullTGDs	0		newFullTGDs	40721
nonFullTGDs	4062		fullTGDs	2891			newNonFullTGDs	0		newFullTGDs	40621
nonFullTGDs	4062		fullTGDs	2991			newNonFullTGDs	0		newFullTGDs	40521
nonFullTGDs	4062		fullTGDs	3091			newNonFullTGDs	0		newFullTGDs	40421
nonFullTGDs	4062		fullTGDs	3190			newNonFullTGDs	0		newFullTGDs	40322
nonFullTGDs	4062		fullTGDs	3289			newNonFullTGDs	0		newFullTGDs	40223
nonFullTGDs	4062		fullTGDs	3389			newNonFullTGDs	0		newFullTGDs	40123
nonFullTGDs	4062		fullTGDs	3489			newNonFullTGDs	0		newFullTGDs	40023
nonFullTGDs	4062		fullTGDs	3588			newNonFullTGDs	0		newFullTGDs	39924
nonFullTGDs	4062		fullTGDs	3688			newNonFullTGDs	0		newFullTGDs	39824
nonFullTGDs	4062		fullTGDs	3788			newNonFullTGDs	0		newFullTGDs	39724
nonFullTGDs	4062		fullTGDs	3888			newNonFullTGDs	0		newFullTGDs	39624
nonFullTGDs	4062		fullTGDs	3988			newNonFullTGDs	0		newFullTGDs	39524
nonFullTGDs	4062		fullTGDs	4088			newNonFullTGDs	0		newFullTGDs	39424
nonFullTGDs	4062		fullTGDs	4188			newNonFullTGDs	0		newFullTGDs	39324
nonFullTGDs	4062		fullTGDs	4288			newNonFullTGDs	0		newFullTGDs	39224
nonFullTGDs	4062		fullTGDs	4388			newNonFullTGDs	0		newFullTGDs	39124
nonFullTGDs	4062		fullTGDs	4488			newNonFullTGDs	0		newFullTGDs	39024
nonFullTGDs	4062		fullTGDs	4585			newNonFullTGDs	0		newFullTGDs	38927
nonFullTGDs	4062		fullTGDs	4685			newNonFullTGDs	0		newFullTGDs	38827
nonFullTGDs	4062		fullTGDs	4785			newNonFullTGDs	0		newFullTGDs	38727
nonFullTGDs	4062		fullTGDs	4885			newNonFullTGDs	0		newFullTGDs	38627
nonFullTGDs	4062		fullTGDs	4985			newNonFullTGDs	0		newFullTGDs	38527
nonFullTGDs	4062		fullTGDs	5085			newNonFullTGDs	0		newFullTGDs	38427
nonFullTGDs	4062		fullTGDs	5185			newNonFullTGDs	0		newFullTGDs	38327
nonFullTGDs	4062		fullTGDs	5285			newNonFullTGDs	0		newFullTGDs	38227
nonFullTGDs	4062		fullTGDs	5385			newNonFullTGDs	0		newFullTGDs	38127
nonFullTGDs	4062		fullTGDs	5482			newNonFullTGDs	0		newFullTGDs	38030
nonFullTGDs	4062		fullTGDs	5580			newNonFullTGDs	0		newFullTGDs	37932
nonFullTGDs	4062		fullTGDs	5680			newNonFullTGDs	0		newFullTGDs	37832
nonFullTGDs	4062		fullTGDs	5780			newNonFullTGDs	0		newFullTGDs	37732
nonFullTGDs	4062		fullTGDs	5879			newNonFullTGDs	0		newFullTGDs	37633
nonFullTGDs	4062		fullTGDs	5979			newNonFullTGDs	0		newFullTGDs	37533
nonFullTGDs	4062		fullTGDs	6079			newNonFullTGDs	0		newFullTGDs	37433
nonFullTGDs	4062		fullTGDs	6179			newNonFullTGDs	0		newFullTGDs	37333
nonFullTGDs	4062		fullTGDs	6279			newNonFullTGDs	0		newFullTGDs	37233
nonFullTGDs	4062		fullTGDs	6379			newNonFullTGDs	0		newFullTGDs	37133
nonFullTGDs	4062		fullTGDs	6479			newNonFullTGDs	0		newFullTGDs	37033
nonFullTGDs	4062		fullTGDs	6579			newNonFullTGDs	0		newFullTGDs	36933
nonFullTGDs	4062		fullTGDs	6679			newNonFullTGDs	0		newFullTGDs	36833
nonFullTGDs	4062		fullTGDs	6779			newNonFullTGDs	0		newFullTGDs	36733
nonFullTGDs	4062		fullTGDs	6879			newNonFullTGDs	0		newFullTGDs	36633
nonFullTGDs	4062		fullTGDs	6979			newNonFullTGDs	0		newFullTGDs	36533
nonFullTGDs	4062		fullTGDs	7079			newNonFullTGDs	0		newFullTGDs	36433
nonFullTGDs	4062		fullTGDs	7179			newNonFullTGDs	0		newFullTGDs	36333
nonFullTGDs	4062		fullTGDs	7275			newNonFullTGDs	0		newFullTGDs	36237
nonFullTGDs	4062		fullTGDs	7375			newNonFullTGDs	0		newFullTGDs	36137
nonFullTGDs	4062		fullTGDs	7475			newNonFullTGDs	0		newFullTGDs	36037
nonFullTGDs	4062		fullTGDs	7575			newNonFullTGDs	0		newFullTGDs	35937
nonFullTGDs	4062		fullTGDs	7675			newNonFullTGDs	0		newFullTGDs	35837
nonFullTGDs	4062		fullTGDs	7772			newNonFullTGDs	0		newFullTGDs	35740
nonFullTGDs	4062		fullTGDs	7869			newNonFullTGDs	0		newFullTGDs	35643
nonFullTGDs	4062		fullTGDs	7967			newNonFullTGDs	0		newFullTGDs	35545
nonFullTGDs	4062		fullTGDs	8066			newNonFullTGDs	0		newFullTGDs	35446
nonFullTGDs	4062		fullTGDs	8166			newNonFullTGDs	0		newFullTGDs	35346
nonFullTGDs	4062		fullTGDs	8266			newNonFullTGDs	0		newFullTGDs	35246
nonFullTGDs	4062		fullTGDs	8366			newNonFullTGDs	0		newFullTGDs	35146
nonFullTGDs	4062		fullTGDs	8464			newNonFullTGDs	0		newFullTGDs	35048
nonFullTGDs	4062		fullTGDs	8564			newNonFullTGDs	0		newFullTGDs	34948
nonFullTGDs	4062		fullTGDs	8664			newNonFullTGDs	0		newFullTGDs	34848
nonFullTGDs	4062		fullTGDs	8763			newNonFullTGDs	0		newFullTGDs	34750
nonFullTGDs	4062		fullTGDs	8863			newNonFullTGDs	0		newFullTGDs	34650
nonFullTGDs	4062		fullTGDs	8963			newNonFullTGDs	0		newFullTGDs	34550
nonFullTGDs	4062		fullTGDs	9063			newNonFullTGDs	0		newFullTGDs	34450
nonFullTGDs	4062		fullTGDs	9163			newNonFullTGDs	0		newFullTGDs	34350
nonFullTGDs	4062		fullTGDs	9263			newNonFullTGDs	0		newFullTGDs	34250
nonFullTGDs	4062		fullTGDs	9363			newNonFullTGDs	0		newFullTGDs	34150
nonFullTGDs	4062		fullTGDs	9463			newNonFullTGDs	0		newFullTGDs	34050
nonFullTGDs	4062		fullTGDs	9563			newNonFullTGDs	0		newFullTGDs	33950
nonFullTGDs	4062		fullTGDs	9663			newNonFullTGDs	0		newFullTGDs	33850
nonFullTGDs	4062		fullTGDs	9763			newNonFullTGDs	0		newFullTGDs	33750
nonFullTGDs	4062		fullTGDs	9863			newNonFullTGDs	0		newFullTGDs	33650
nonFullTGDs	4062		fullTGDs	9963			newNonFullTGDs	0		newFullTGDs	33550
nonFullTGDs	4062		fullTGDs	10063			newNonFullTGDs	0		newFullTGDs	33450
nonFullTGDs	4062		fullTGDs	10163			newNonFullTGDs	0		newFullTGDs	33350
nonFullTGDs	4062		fullTGDs	10263			newNonFullTGDs	0		newFullTGDs	33250
nonFullTGDs	4062		fullTGDs	10363			newNonFullTGDs	0		newFullTGDs	33150
nonFullTGDs	4062		fullTGDs	10462			newNonFullTGDs	0		newFullTGDs	33051
nonFullTGDs	4062		fullTGDs	10562			newNonFullTGDs	0		newFullTGDs	32951
nonFullTGDs	4062		fullTGDs	10661			newNonFullTGDs	0		newFullTGDs	32852
nonFullTGDs	4062		fullTGDs	10758			newNonFullTGDs	0		newFullTGDs	32763
nonFullTGDs	4062		fullTGDs	10858			newNonFullTGDs	0		newFullTGDs	32663
nonFullTGDs	4062		fullTGDs	10956			newNonFullTGDs	0		newFullTGDs	32570
nonFullTGDs	4062		fullTGDs	11052			newNonFullTGDs	0		newFullTGDs	32476
nonFullTGDs	4062		fullTGDs	11151			newNonFullTGDs	0		newFullTGDs	32381
nonFullTGDs	4062		fullTGDs	11250			newNonFullTGDs	0		newFullTGDs	32286
nonFullTGDs	4062		fullTGDs	11350			newNonFullTGDs	0		newFullTGDs	32186
nonFullTGDs	4062		fullTGDs	11450			newNonFullTGDs	0		newFullTGDs	32086
nonFullTGDs	4062		fullTGDs	11550			newNonFullTGDs	0		newFullTGDs	31986
nonFullTGDs	4062		fullTGDs	11650			newNonFullTGDs	0		newFullTGDs	31886
nonFullTGDs	4062		fullTGDs	11748			newNonFullTGDs	0		newFullTGDs	31788
nonFullTGDs	4062		fullTGDs	11847			newNonFullTGDs	0		newFullTGDs	31690
nonFullTGDs	4062		fullTGDs	11943			newNonFullTGDs	0		newFullTGDs	31597
nonFullTGDs	4062		fullTGDs	12043			newNonFullTGDs	0		newFullTGDs	31497
nonFullTGDs	4062		fullTGDs	12141			newNonFullTGDs	0		newFullTGDs	31399
nonFullTGDs	4062		fullTGDs	12241			newNonFullTGDs	0		newFullTGDs	31299
nonFullTGDs	4062		fullTGDs	12340			newNonFullTGDs	0		newFullTGDs	31200
nonFullTGDs	4062		fullTGDs	12439			newNonFullTGDs	0		newFullTGDs	31101
nonFullTGDs	4062		fullTGDs	12537			newNonFullTGDs	0		newFullTGDs	31003
nonFullTGDs	4062		fullTGDs	12634			newNonFullTGDs	0		newFullTGDs	30906
nonFullTGDs	4062		fullTGDs	12732			newNonFullTGDs	0		newFullTGDs	30816
nonFullTGDs	4062		fullTGDs	12832			newNonFullTGDs	0		newFullTGDs	30716
nonFullTGDs	4062		fullTGDs	12931			newNonFullTGDs	0		newFullTGDs	30618
nonFullTGDs	4062		fullTGDs	13029			newNonFullTGDs	0		newFullTGDs	30553
nonFullTGDs	4062		fullTGDs	13126			newNonFullTGDs	0		newFullTGDs	30555
nonFullTGDs	4062		fullTGDs	13226			newNonFullTGDs	0		newFullTGDs	30455
nonFullTGDs	4062		fullTGDs	13326			newNonFullTGDs	0		newFullTGDs	30355
nonFullTGDs	4062		fullTGDs	13426			newNonFullTGDs	0		newFullTGDs	30255
nonFullTGDs	4062		fullTGDs	13526			newNonFullTGDs	0		newFullTGDs	30155
nonFullTGDs	4062		fullTGDs	13624			newNonFullTGDs	0		newFullTGDs	30090
nonFullTGDs	4062		fullTGDs	13723			newNonFullTGDs	0		newFullTGDs	30024
nonFullTGDs	4062		fullTGDs	13820			newNonFullTGDs	0		newFullTGDs	30026
nonFullTGDs	4062		fullTGDs	13918			newNonFullTGDs	0		newFullTGDs	29994
nonFullTGDs	4062		fullTGDs	14016			newNonFullTGDs	0		newFullTGDs	29962
nonFullTGDs	4062		fullTGDs	14115			newNonFullTGDs	0		newFullTGDs	29896
nonFullTGDs	4062		fullTGDs	14211			newNonFullTGDs	0		newFullTGDs	29893
nonFullTGDs	4062		fullTGDs	14311			newNonFullTGDs	0		newFullTGDs	29793
nonFullTGDs	4062		fullTGDs	14403			newNonFullTGDs	0		newFullTGDs	29705
nonFullTGDs	4062		fullTGDs	14503			newNonFullTGDs	0		newFullTGDs	29605
nonFullTGDs	4062		fullTGDs	14603			newNonFullTGDs	0		newFullTGDs	29505
nonFullTGDs	4062		fullTGDs	14701			newNonFullTGDs	0		newFullTGDs	29448
nonFullTGDs	4062		fullTGDs	14798			newNonFullTGDs	0		newFullTGDs	29391
nonFullTGDs	4062		fullTGDs	14897			newNonFullTGDs	0		newFullTGDs	29332
nonFullTGDs	4062		fullTGDs	14997			newNonFullTGDs	0		newFullTGDs	29232
nonFullTGDs	4062		fullTGDs	15097			newNonFullTGDs	0		newFullTGDs	29132
nonFullTGDs	4062		fullTGDs	15197			newNonFullTGDs	0		newFullTGDs	29032
nonFullTGDs	4062		fullTGDs	15296			newNonFullTGDs	0		newFullTGDs	28973
nonFullTGDs	4062		fullTGDs	15396			newNonFullTGDs	0		newFullTGDs	28873
nonFullTGDs	4062		fullTGDs	15496			newNonFullTGDs	0		newFullTGDs	28773
nonFullTGDs	4062		fullTGDs	15596			newNonFullTGDs	0		newFullTGDs	28673
nonFullTGDs	4062		fullTGDs	15691			newNonFullTGDs	0		newFullTGDs	28659
nonFullTGDs	4062		fullTGDs	15790			newNonFullTGDs	0		newFullTGDs	28561
nonFullTGDs	4062		fullTGDs	15890			newNonFullTGDs	0		newFullTGDs	28461
nonFullTGDs	4062		fullTGDs	15990			newNonFullTGDs	0		newFullTGDs	28361
nonFullTGDs	4062		fullTGDs	16087			newNonFullTGDs	0		newFullTGDs	28265
nonFullTGDs	4062		fullTGDs	16187			newNonFullTGDs	0		newFullTGDs	28165
nonFullTGDs	4062		fullTGDs	16285			newNonFullTGDs	0		newFullTGDs	28068
nonFullTGDs	4062		fullTGDs	16385			newNonFullTGDs	0		newFullTGDs	27968
nonFullTGDs	4062		fullTGDs	16485			newNonFullTGDs	0		newFullTGDs	27868
nonFullTGDs	4062		fullTGDs	16585			newNonFullTGDs	0		newFullTGDs	27768
nonFullTGDs	4062		fullTGDs	16684			newNonFullTGDs	0		newFullTGDs	27768
nonFullTGDs	4062		fullTGDs	16784			newNonFullTGDs	0		newFullTGDs	27668
nonFullTGDs	4062		fullTGDs	16882			newNonFullTGDs	0		newFullTGDs	27636
nonFullTGDs	4062		fullTGDs	16976			newNonFullTGDs	0		newFullTGDs	27642
nonFullTGDs	4062		fullTGDs	17074			newNonFullTGDs	0		newFullTGDs	27579
nonFullTGDs	4062		fullTGDs	17171			newNonFullTGDs	0		newFullTGDs	27581
nonFullTGDs	4062		fullTGDs	17268			newNonFullTGDs	0		newFullTGDs	27550
nonFullTGDs	4062		fullTGDs	17366			newNonFullTGDs	0		newFullTGDs	27551
nonFullTGDs	4062		fullTGDs	17463			newNonFullTGDs	0		newFullTGDs	27553
nonFullTGDs	4062		fullTGDs	17559			newNonFullTGDs	0		newFullTGDs	27522
nonFullTGDs	4062		fullTGDs	17657			newNonFullTGDs	0		newFullTGDs	27490
nonFullTGDs	4062		fullTGDs	17755			newNonFullTGDs	0		newFullTGDs	27458
nonFullTGDs	4062		fullTGDs	17852			newNonFullTGDs	0		newFullTGDs	27460
nonFullTGDs	4062		fullTGDs	17950			newNonFullTGDs	0		newFullTGDs	27428
nonFullTGDs	4062		fullTGDs	18046			newNonFullTGDs	0		newFullTGDs	27430
nonFullTGDs	4062		fullTGDs	18142			newNonFullTGDs	0		newFullTGDs	27433
nonFullTGDs	4062		fullTGDs	18238			newNonFullTGDs	0		newFullTGDs	27402
nonFullTGDs	4062		fullTGDs	18336			newNonFullTGDs	0		newFullTGDs	27370
nonFullTGDs	4062		fullTGDs	18432			newNonFullTGDs	0		newFullTGDs	27340
nonFullTGDs	4062		fullTGDs	18532			newNonFullTGDs	0		newFullTGDs	27240
nonFullTGDs	4062		fullTGDs	18632			newNonFullTGDs	0		newFullTGDs	27140
nonFullTGDs	4062		fullTGDs	18730			newNonFullTGDs	0		newFullTGDs	27108
nonFullTGDs	4062		fullTGDs	18829			newNonFullTGDs	0		newFullTGDs	27042
nonFullTGDs	4062		fullTGDs	18927			newNonFullTGDs	0		newFullTGDs	26944
nonFullTGDs	4062		fullTGDs	19027			newNonFullTGDs	0		newFullTGDs	26844
nonFullTGDs	4062		fullTGDs	19126			newNonFullTGDs	0		newFullTGDs	26778
nonFullTGDs	4062		fullTGDs	19224			newNonFullTGDs	0		newFullTGDs	26746
nonFullTGDs	4062		fullTGDs	19324			newNonFullTGDs	0		newFullTGDs	26646
nonFullTGDs	4062		fullTGDs	19424			newNonFullTGDs	0		newFullTGDs	26546
nonFullTGDs	4062		fullTGDs	19524			newNonFullTGDs	0		newFullTGDs	26446
nonFullTGDs	4062		fullTGDs	19624			newNonFullTGDs	0		newFullTGDs	26346
nonFullTGDs	4062		fullTGDs	19724			newNonFullTGDs	0		newFullTGDs	26246
nonFullTGDs	4062		fullTGDs	19824			newNonFullTGDs	0		newFullTGDs	26146
nonFullTGDs	4062		fullTGDs	19924			newNonFullTGDs	0		newFullTGDs	26046
nonFullTGDs	4062		fullTGDs	20022			newNonFullTGDs	0		newFullTGDs	25948
nonFullTGDs	4062		fullTGDs	20122			newNonFullTGDs	0		newFullTGDs	25848
nonFullTGDs	4062		fullTGDs	20219			newNonFullTGDs	0		newFullTGDs	25751
nonFullTGDs	4062		fullTGDs	20318			newNonFullTGDs	0		newFullTGDs	25652
nonFullTGDs	4062		fullTGDs	20414			newNonFullTGDs	0		newFullTGDs	25556
nonFullTGDs	4062		fullTGDs	20511			newNonFullTGDs	0		newFullTGDs	25475
nonFullTGDs	4062		fullTGDs	20609			newNonFullTGDs	0		newFullTGDs	25377
nonFullTGDs	4062		fullTGDs	20705			newNonFullTGDs	0		newFullTGDs	25281
nonFullTGDs	4062		fullTGDs	20800			newNonFullTGDs	0		newFullTGDs	25186
nonFullTGDs	4062		fullTGDs	20900			newNonFullTGDs	0		newFullTGDs	25086
nonFullTGDs	4062		fullTGDs	20999			newNonFullTGDs	0		newFullTGDs	24987
nonFullTGDs	4062		fullTGDs	21096			newNonFullTGDs	0		newFullTGDs	24890
nonFullTGDs	4062		fullTGDs	21193			newNonFullTGDs	0		newFullTGDs	24793
nonFullTGDs	4062		fullTGDs	21291			newNonFullTGDs	0		newFullTGDs	24695
nonFullTGDs	4062		fullTGDs	21388			newNonFullTGDs	0		newFullTGDs	24598
nonFullTGDs	4062		fullTGDs	21486			newNonFullTGDs	0		newFullTGDs	24500
nonFullTGDs	4062		fullTGDs	21583			newNonFullTGDs	0		newFullTGDs	24436
nonFullTGDs	4062		fullTGDs	21681			newNonFullTGDs	0		newFullTGDs	24338
nonFullTGDs	4062		fullTGDs	21780			newNonFullTGDs	0		newFullTGDs	24239
nonFullTGDs	4062		fullTGDs	21880			newNonFullTGDs	0		newFullTGDs	24139
nonFullTGDs	4062		fullTGDs	21979			newNonFullTGDs	0		newFullTGDs	24072
nonFullTGDs	4062		fullTGDs	22078			newNonFullTGDs	0		newFullTGDs	24006
nonFullTGDs	4062		fullTGDs	22177			newNonFullTGDs	0		newFullTGDs	23940
nonFullTGDs	4062		fullTGDs	22276			newNonFullTGDs	0		newFullTGDs	23874
nonFullTGDs	4062		fullTGDs	22374			newNonFullTGDs	0		newFullTGDs	23778
nonFullTGDs	4062		fullTGDs	22474			newNonFullTGDs	0		newFullTGDs	23678
nonFullTGDs	4062		fullTGDs	22574			newNonFullTGDs	0		newFullTGDs	23578
nonFullTGDs	4062		fullTGDs	22673			newNonFullTGDs	0		newFullTGDs	23479
nonFullTGDs	4062		fullTGDs	22770			newNonFullTGDs	0		newFullTGDs	23384
nonFullTGDs	4062		fullTGDs	22867			newNonFullTGDs	0		newFullTGDs	23294
nonFullTGDs	4062		fullTGDs	22966			newNonFullTGDs	0		newFullTGDs	23197
nonFullTGDs	4062		fullTGDs	23066			newNonFullTGDs	0		newFullTGDs	23097
nonFullTGDs	4062		fullTGDs	23162			newNonFullTGDs	0		newFullTGDs	23002
nonFullTGDs	4062		fullTGDs	23257			newNonFullTGDs	0		newFullTGDs	22925
nonFullTGDs	4062		fullTGDs	23356			newNonFullTGDs	0		newFullTGDs	22826
nonFullTGDs	4062		fullTGDs	23453			newNonFullTGDs	0		newFullTGDs	22729
nonFullTGDs	4062		fullTGDs	23551			newNonFullTGDs	0		newFullTGDs	22631
nonFullTGDs	4062		fullTGDs	23646			newNonFullTGDs	0		newFullTGDs	22539
nonFullTGDs	4062		fullTGDs	23744			newNonFullTGDs	0		newFullTGDs	22441
nonFullTGDs	4062		fullTGDs	23840			newNonFullTGDs	0		newFullTGDs	22347
nonFullTGDs	4062		fullTGDs	23935			newNonFullTGDs	0		newFullTGDs	22320
nonFullTGDs	4062		fullTGDs	24028			newNonFullTGDs	0		newFullTGDs	22277
nonFullTGDs	4062		fullTGDs	24122			newNonFullTGDs	0		newFullTGDs	22217
nonFullTGDs	4062		fullTGDs	24221			newNonFullTGDs	0		newFullTGDs	22135
nonFullTGDs	4062		fullTGDs	24320			newNonFullTGDs	0		newFullTGDs	22036
nonFullTGDs	4062		fullTGDs	24419			newNonFullTGDs	0		newFullTGDs	22129
nonFullTGDs	4062		fullTGDs	24519			newNonFullTGDs	0		newFullTGDs	22029
nonFullTGDs	4062		fullTGDs	24618			newNonFullTGDs	0		newFullTGDs	22122
nonFullTGDs	4062		fullTGDs	24718			newNonFullTGDs	0		newFullTGDs	22022
nonFullTGDs	4062		fullTGDs	24817			newNonFullTGDs	0		newFullTGDs	21923
nonFullTGDs	4062		fullTGDs	24916			newNonFullTGDs	0		newFullTGDs	22016
nonFullTGDs	4062		fullTGDs	25016			newNonFullTGDs	0		newFullTGDs	21916
nonFullTGDs	4062		fullTGDs	25115			newNonFullTGDs	0		newFullTGDs	22009
nonFullTGDs	4062		fullTGDs	25215			newNonFullTGDs	0		newFullTGDs	21909
nonFullTGDs	4062		fullTGDs	25314			newNonFullTGDs	0		newFullTGDs	22002
nonFullTGDs	4062		fullTGDs	25414			newNonFullTGDs	0		newFullTGDs	21902
nonFullTGDs	4062		fullTGDs	25512			newNonFullTGDs	0		newFullTGDs	21806
nonFullTGDs	4062		fullTGDs	25611			newNonFullTGDs	0		newFullTGDs	21899
nonFullTGDs	4062		fullTGDs	25711			newNonFullTGDs	0		newFullTGDs	21799
nonFullTGDs	4062		fullTGDs	25810			newNonFullTGDs	0		newFullTGDs	21892
nonFullTGDs	4062		fullTGDs	25910			newNonFullTGDs	0		newFullTGDs	21792
nonFullTGDs	4062		fullTGDs	26009			newNonFullTGDs	0		newFullTGDs	21885
nonFullTGDs	4062		fullTGDs	26109			newNonFullTGDs	0		newFullTGDs	21785
nonFullTGDs	4062		fullTGDs	26208			newNonFullTGDs	0		newFullTGDs	21878
nonFullTGDs	4062		fullTGDs	26308			newNonFullTGDs	0		newFullTGDs	21778
nonFullTGDs	4062		fullTGDs	26408			newNonFullTGDs	0		newFullTGDs	21678
nonFullTGDs	4062		fullTGDs	26507			newNonFullTGDs	0		newFullTGDs	21771
nonFullTGDs	4062		fullTGDs	26607			newNonFullTGDs	0		newFullTGDs	21671
nonFullTGDs	4062		fullTGDs	26706			newNonFullTGDs	0		newFullTGDs	21764
nonFullTGDs	4062		fullTGDs	26806			newNonFullTGDs	0		newFullTGDs	21664
nonFullTGDs	4062		fullTGDs	26905			newNonFullTGDs	0		newFullTGDs	21757
nonFullTGDs	4062		fullTGDs	27005			newNonFullTGDs	0		newFullTGDs	21657
nonFullTGDs	4062		fullTGDs	27105			newNonFullTGDs	0		newFullTGDs	21557
nonFullTGDs	4062		fullTGDs	27204			newNonFullTGDs	0		newFullTGDs	21688
nonFullTGDs	4062		fullTGDs	27304			newNonFullTGDs	0		newFullTGDs	21588
nonFullTGDs	4062		fullTGDs	27404			newNonFullTGDs	0		newFullTGDs	21488
nonFullTGDs	4062		fullTGDs	27504			newNonFullTGDs	0		newFullTGDs	21388
nonFullTGDs	4062		fullTGDs	27602			newNonFullTGDs	0		newFullTGDs	21290
nonFullTGDs	4062		fullTGDs	27699			newNonFullTGDs	0		newFullTGDs	21193
nonFullTGDs	4062		fullTGDs	27799			newNonFullTGDs	0		newFullTGDs	21093
nonFullTGDs	4062		fullTGDs	27897			newNonFullTGDs	0		newFullTGDs	20995
nonFullTGDs	4062		fullTGDs	27993			newNonFullTGDs	0		newFullTGDs	20901
nonFullTGDs	4062		fullTGDs	28092			newNonFullTGDs	0		newFullTGDs	20994
nonFullTGDs	4062		fullTGDs	28192			newNonFullTGDs	0		newFullTGDs	20894
nonFullTGDs	4062		fullTGDs	28290			newNonFullTGDs	0		newFullTGDs	21520
nonFullTGDs	4062		fullTGDs	28390			newNonFullTGDs	0		newFullTGDs	21420
nonFullTGDs	4062		fullTGDs	28490			newNonFullTGDs	0		newFullTGDs	21320
nonFullTGDs	4062		fullTGDs	28590			newNonFullTGDs	0		newFullTGDs	21220
nonFullTGDs	4062		fullTGDs	28690			newNonFullTGDs	0		newFullTGDs	21120
nonFullTGDs	4062		fullTGDs	28790			newNonFullTGDs	0		newFullTGDs	21020
nonFullTGDs	4062		fullTGDs	28890			newNonFullTGDs	0		newFullTGDs	20920
nonFullTGDs	4062		fullTGDs	28990			newNonFullTGDs	0		newFullTGDs	20820
nonFullTGDs	4062		fullTGDs	29089			newNonFullTGDs	0		newFullTGDs	20721
nonFullTGDs	4062		fullTGDs	29189			newNonFullTGDs	0		newFullTGDs	20621
nonFullTGDs	4062		fullTGDs	29286			newNonFullTGDs	0		newFullTGDs	20556
nonFullTGDs	4062		fullTGDs	29377			newNonFullTGDs	0		newFullTGDs	20482
nonFullTGDs	4062		fullTGDs	29470			newNonFullTGDs	0		newFullTGDs	20423
nonFullTGDs	4062		fullTGDs	29564			newNonFullTGDs	0		newFullTGDs	20366
nonFullTGDs	4062		fullTGDs	29658			newNonFullTGDs	0		newFullTGDs	20289
nonFullTGDs	4062		fullTGDs	29753			newNonFullTGDs	0		newFullTGDs	20230
nonFullTGDs	4062		fullTGDs	29849			newNonFullTGDs	0		newFullTGDs	20202
nonFullTGDs	4062		fullTGDs	29944			newNonFullTGDs	0		newFullTGDs	20192
nonFullTGDs	4062		fullTGDs	30041			newNonFullTGDs	0		newFullTGDs	20146
nonFullTGDs	4062		fullTGDs	30140			newNonFullTGDs	0		newFullTGDs	20069
nonFullTGDs	4062		fullTGDs	30239			newNonFullTGDs	0		newFullTGDs	19971
nonFullTGDs	4062		fullTGDs	30339			newNonFullTGDs	0		newFullTGDs	19871
nonFullTGDs	4062		fullTGDs	30436			newNonFullTGDs	0		newFullTGDs	19825
nonFullTGDs	4062		fullTGDs	30534			newNonFullTGDs	0		newFullTGDs	19761
nonFullTGDs	4062		fullTGDs	30632			newNonFullTGDs	0		newFullTGDs	19697
nonFullTGDs	4062		fullTGDs	30732			newNonFullTGDs	0		newFullTGDs	19597
nonFullTGDs	4062		fullTGDs	30832			newNonFullTGDs	0		newFullTGDs	19497
nonFullTGDs	4062		fullTGDs	30932			newNonFullTGDs	0		newFullTGDs	19397
nonFullTGDs	4062		fullTGDs	31031			newNonFullTGDs	0		newFullTGDs	19331
nonFullTGDs	4062		fullTGDs	31131			newNonFullTGDs	0		newFullTGDs	19231
nonFullTGDs	4062		fullTGDs	31229			newNonFullTGDs	0		newFullTGDs	19134
nonFullTGDs	4062		fullTGDs	31329			newNonFullTGDs	0		newFullTGDs	19034
nonFullTGDs	4062		fullTGDs	31429			newNonFullTGDs	0		newFullTGDs	18934
nonFullTGDs	4062		fullTGDs	31529			newNonFullTGDs	0		newFullTGDs	18834
nonFullTGDs	4062		fullTGDs	31629			newNonFullTGDs	0		newFullTGDs	18734
nonFullTGDs	4062		fullTGDs	31729			newNonFullTGDs	0		newFullTGDs	18634
nonFullTGDs	4062		fullTGDs	31827			newNonFullTGDs	0		newFullTGDs	18535
nonFullTGDs	4062		fullTGDs	31926			newNonFullTGDs	0		newFullTGDs	18469
nonFullTGDs	4062		fullTGDs	32026			newNonFullTGDs	0		newFullTGDs	18369
nonFullTGDs	4062		fullTGDs	32124			newNonFullTGDs	0		newFullTGDs	18270
nonFullTGDs	4062		fullTGDs	32223			newNonFullTGDs	0		newFullTGDs	18204
nonFullTGDs	4062		fullTGDs	32323			newNonFullTGDs	0		newFullTGDs	18104
nonFullTGDs	4062		fullTGDs	32423			newNonFullTGDs	0		newFullTGDs	18004
nonFullTGDs	4062		fullTGDs	32522			newNonFullTGDs	0		newFullTGDs	17938
nonFullTGDs	4062		fullTGDs	32621			newNonFullTGDs	0		newFullTGDs	17872
nonFullTGDs	4062		fullTGDs	32720			newNonFullTGDs	0		newFullTGDs	17806
nonFullTGDs	4062		fullTGDs	32819			newNonFullTGDs	0		newFullTGDs	17937
nonFullTGDs	4062		fullTGDs	32919			newNonFullTGDs	0		newFullTGDs	17837
nonFullTGDs	4062		fullTGDs	33019			newNonFullTGDs	0		newFullTGDs	17737
nonFullTGDs	4062		fullTGDs	33118			newNonFullTGDs	0		newFullTGDs	17868
nonFullTGDs	4062		fullTGDs	33218			newNonFullTGDs	0		newFullTGDs	17768
nonFullTGDs	4062		fullTGDs	33318			newNonFullTGDs	0		newFullTGDs	17668
nonFullTGDs	4062		fullTGDs	33417			newNonFullTGDs	0		newFullTGDs	17569
nonFullTGDs	4062		fullTGDs	33514			newNonFullTGDs	0		newFullTGDs	17471
nonFullTGDs	4062		fullTGDs	33613			newNonFullTGDs	0		newFullTGDs	17371
nonFullTGDs	4062		fullTGDs	33712			newNonFullTGDs	0		newFullTGDs	17272
nonFullTGDs	4062		fullTGDs	33812			newNonFullTGDs	0		newFullTGDs	17172
nonFullTGDs	4062		fullTGDs	33910			newNonFullTGDs	0		newFullTGDs	17074
nonFullTGDs	4062		fullTGDs	34009			newNonFullTGDs	0		newFullTGDs	17205
nonFullTGDs	4062		fullTGDs	34109			newNonFullTGDs	0		newFullTGDs	17105
nonFullTGDs	4062		fullTGDs	34209			newNonFullTGDs	0		newFullTGDs	17005
nonFullTGDs	4062		fullTGDs	34308			newNonFullTGDs	0		newFullTGDs	16906
nonFullTGDs	4062		fullTGDs	34408			newNonFullTGDs	0		newFullTGDs	16806
nonFullTGDs	4062		fullTGDs	34507			newNonFullTGDs	0		newFullTGDs	16937
nonFullTGDs	4062		fullTGDs	34607			newNonFullTGDs	0		newFullTGDs	16837
nonFullTGDs	4062		fullTGDs	34707			newNonFullTGDs	0		newFullTGDs	16737
nonFullTGDs	4062		fullTGDs	34806			newNonFullTGDs	0		newFullTGDs	16638
nonFullTGDs	4062		fullTGDs	34905			newNonFullTGDs	0		newFullTGDs	16556
nonFullTGDs	4062		fullTGDs	35005			newNonFullTGDs	0		newFullTGDs	16456
nonFullTGDs	4062		fullTGDs	35104			newNonFullTGDs	0		newFullTGDs	16390
nonFullTGDs	4062		fullTGDs	35203			newNonFullTGDs	0		newFullTGDs	16324
nonFullTGDs	4062		fullTGDs	35302			newNonFullTGDs	0		newFullTGDs	16455
nonFullTGDs	4062		fullTGDs	35402			newNonFullTGDs	0		newFullTGDs	16355
nonFullTGDs	4062		fullTGDs	35502			newNonFullTGDs	0		newFullTGDs	16255
nonFullTGDs	4062		fullTGDs	35601			newNonFullTGDs	0		newFullTGDs	16386
nonFullTGDs	4062		fullTGDs	35701			newNonFullTGDs	0		newFullTGDs	16286
nonFullTGDs	4062		fullTGDs	35801			newNonFullTGDs	0		newFullTGDs	16186
nonFullTGDs	4062		fullTGDs	35900			newNonFullTGDs	0		newFullTGDs	16120
nonFullTGDs	4062		fullTGDs	36000			newNonFullTGDs	0		newFullTGDs	16020
nonFullTGDs	4062		fullTGDs	36100			newNonFullTGDs	0		newFullTGDs	15920
nonFullTGDs	4062		fullTGDs	36200			newNonFullTGDs	0		newFullTGDs	15820
nonFullTGDs	4062		fullTGDs	36300			newNonFullTGDs	0		newFullTGDs	15720
nonFullTGDs	4062		fullTGDs	36398			newNonFullTGDs	0		newFullTGDs	15688
nonFullTGDs	4062		fullTGDs	36496			newNonFullTGDs	0		newFullTGDs	15656
nonFullTGDs	4062		fullTGDs	36595			newNonFullTGDs	0		newFullTGDs	15574
nonFullTGDs	4062		fullTGDs	36695			newNonFullTGDs	0		newFullTGDs	15474
nonFullTGDs	4062		fullTGDs	36794			newNonFullTGDs	0		newFullTGDs	15392
nonFullTGDs	4062		fullTGDs	36893			newNonFullTGDs	0		newFullTGDs	15326
nonFullTGDs	4062		fullTGDs	36992			newNonFullTGDs	0		newFullTGDs	15227
nonFullTGDs	4062		fullTGDs	37092			newNonFullTGDs	0		newFullTGDs	15127
nonFullTGDs	4062		fullTGDs	37192			newNonFullTGDs	0		newFullTGDs	15027
nonFullTGDs	4062		fullTGDs	37292			newNonFullTGDs	0		newFullTGDs	14927
nonFullTGDs	4062		fullTGDs	37391			newNonFullTGDs	0		newFullTGDs	14828
nonFullTGDs	4062		fullTGDs	37490			newNonFullTGDs	0		newFullTGDs	14762
nonFullTGDs	4062		fullTGDs	37589			newNonFullTGDs	0		newFullTGDs	14696
nonFullTGDs	4062		fullTGDs	37688			newNonFullTGDs	0		newFullTGDs	14596
nonFullTGDs	4062		fullTGDs	37787			newNonFullTGDs	0		newFullTGDs	14530
nonFullTGDs	4062		fullTGDs	37886			newNonFullTGDs	0		newFullTGDs	14464
nonFullTGDs	4062		fullTGDs	37986			newNonFullTGDs	0		newFullTGDs	14364
nonFullTGDs	4062		fullTGDs	38086			newNonFullTGDs	0		newFullTGDs	14264
nonFullTGDs	4062		fullTGDs	38186			newNonFullTGDs	0		newFullTGDs	14164
nonFullTGDs	4062		fullTGDs	38285			newNonFullTGDs	0		newFullTGDs	14098
nonFullTGDs	4062		fullTGDs	38385			newNonFullTGDs	0		newFullTGDs	13998
nonFullTGDs	4062		fullTGDs	38485			newNonFullTGDs	0		newFullTGDs	13898
nonFullTGDs	4062		fullTGDs	38584			newNonFullTGDs	0		newFullTGDs	13832
nonFullTGDs	4062		fullTGDs	38684			newNonFullTGDs	0		newFullTGDs	13732
nonFullTGDs	4062		fullTGDs	38784			newNonFullTGDs	0		newFullTGDs	13632
nonFullTGDs	4062		fullTGDs	38884			newNonFullTGDs	0		newFullTGDs	13532
nonFullTGDs	4062		fullTGDs	38983			newNonFullTGDs	0		newFullTGDs	13433
nonFullTGDs	4062		fullTGDs	39081			newNonFullTGDs	0		newFullTGDs	13338
nonFullTGDs	4062		fullTGDs	39181			newNonFullTGDs	0		newFullTGDs	13238
nonFullTGDs	4062		fullTGDs	39279			newNonFullTGDs	0		newFullTGDs	13173
nonFullTGDs	4062		fullTGDs	39378			newNonFullTGDs	0		newFullTGDs	13107
nonFullTGDs	4062		fullTGDs	39477			newNonFullTGDs	0		newFullTGDs	13008
nonFullTGDs	4062		fullTGDs	39575			newNonFullTGDs	0		newFullTGDs	12910
nonFullTGDs	4062		fullTGDs	39675			newNonFullTGDs	0		newFullTGDs	12810
nonFullTGDs	4062		fullTGDs	39773			newNonFullTGDs	0		newFullTGDs	12778
nonFullTGDs	4062		fullTGDs	39869			newNonFullTGDs	0		newFullTGDs	12688
nonFullTGDs	4062		fullTGDs	39964			newNonFullTGDs	0		newFullTGDs	12591
nonFullTGDs	4062		fullTGDs	40063			newNonFullTGDs	0		newFullTGDs	12525
nonFullTGDs	4062		fullTGDs	40161			newNonFullTGDs	0		newFullTGDs	12493
nonFullTGDs	4062		fullTGDs	40259			newNonFullTGDs	0		newFullTGDs	12461
nonFullTGDs	4062		fullTGDs	40357			newNonFullTGDs	0		newFullTGDs	12429
nonFullTGDs	4062		fullTGDs	40456			newNonFullTGDs	0		newFullTGDs	12363
nonFullTGDs	4062		fullTGDs	40554			newNonFullTGDs	0		newFullTGDs	12331
nonFullTGDs	4062		fullTGDs	40654			newNonFullTGDs	0		newFullTGDs	12231
nonFullTGDs	4062		fullTGDs	40754			newNonFullTGDs	0		newFullTGDs	12131
nonFullTGDs	4062		fullTGDs	40854			newNonFullTGDs	0		newFullTGDs	12031
nonFullTGDs	4062		fullTGDs	40954			newNonFullTGDs	0		newFullTGDs	11931
nonFullTGDs	4062		fullTGDs	41054			newNonFullTGDs	0		newFullTGDs	11831
nonFullTGDs	4062		fullTGDs	41153			newNonFullTGDs	0		newFullTGDs	11796
nonFullTGDs	4062		fullTGDs	41253			newNonFullTGDs	0		newFullTGDs	11696
nonFullTGDs	4062		fullTGDs	41352			newNonFullTGDs	0		newFullTGDs	11661
nonFullTGDs	4062		fullTGDs	41450			newNonFullTGDs	0		newFullTGDs	11691
nonFullTGDs	4062		fullTGDs	41549			newNonFullTGDs	0		newFullTGDs	11656
nonFullTGDs	4062		fullTGDs	41647			newNonFullTGDs	0		newFullTGDs	11622
nonFullTGDs	4062		fullTGDs	41739			newNonFullTGDs	0		newFullTGDs	11535
nonFullTGDs	4062		fullTGDs	41829			newNonFullTGDs	0		newFullTGDs	11453
nonFullTGDs	4062		fullTGDs	41923			newNonFullTGDs	0		newFullTGDs	11366
nonFullTGDs	4062		fullTGDs	42015			newNonFullTGDs	0		newFullTGDs	11284
nonFullTGDs	4062		fullTGDs	42105			newNonFullTGDs	0		newFullTGDs	11198
nonFullTGDs	4062		fullTGDs	42200			newNonFullTGDs	0		newFullTGDs	11110
nonFullTGDs	4062		fullTGDs	42297			newNonFullTGDs	0		newFullTGDs	11015
nonFullTGDs	4062		fullTGDs	42389			newNonFullTGDs	0		newFullTGDs	10924
nonFullTGDs	4062		fullTGDs	42488			newNonFullTGDs	0		newFullTGDs	10858
nonFullTGDs	4062		fullTGDs	42584			newNonFullTGDs	0		newFullTGDs	10797
nonFullTGDs	4062		fullTGDs	42681			newNonFullTGDs	0		newFullTGDs	10768
nonFullTGDs	4062		fullTGDs	42779			newNonFullTGDs	0		newFullTGDs	10736
nonFullTGDs	4062		fullTGDs	42877			newNonFullTGDs	0		newFullTGDs	10704
nonFullTGDs	4062		fullTGDs	42974			newNonFullTGDs	0		newFullTGDs	10673
nonFullTGDs	4062		fullTGDs	43072			newNonFullTGDs	0		newFullTGDs	10641
nonFullTGDs	4062		fullTGDs	43169			newNonFullTGDs	0		newFullTGDs	10610
nonFullTGDs	4062		fullTGDs	43268			newNonFullTGDs	0		newFullTGDs	10544
nonFullTGDs	4062		fullTGDs	43366			newNonFullTGDs	0		newFullTGDs	10479
nonFullTGDs	4062		fullTGDs	43466			newNonFullTGDs	0		newFullTGDs	10379
nonFullTGDs	4062		fullTGDs	43565			newNonFullTGDs	0		newFullTGDs	10280
nonFullTGDs	4062		fullTGDs	43665			newNonFullTGDs	0		newFullTGDs	10180
nonFullTGDs	4062		fullTGDs	43765			newNonFullTGDs	0		newFullTGDs	10080
nonFullTGDs	4062		fullTGDs	43865			newNonFullTGDs	0		newFullTGDs	9980
nonFullTGDs	4062		fullTGDs	43965			newNonFullTGDs	0		newFullTGDs	9880
nonFullTGDs	4062		fullTGDs	44064			newNonFullTGDs	0		newFullTGDs	9782
nonFullTGDs	4062		fullTGDs	44162			newNonFullTGDs	0		newFullTGDs	9685
nonFullTGDs	4062		fullTGDs	44260			newNonFullTGDs	0		newFullTGDs	9588
nonFullTGDs	4062		fullTGDs	44358			newNonFullTGDs	0		newFullTGDs	9491
nonFullTGDs	4062		fullTGDs	44458			newNonFullTGDs	0		newFullTGDs	9391
nonFullTGDs	4062		fullTGDs	44558			newNonFullTGDs	0		newFullTGDs	9291
nonFullTGDs	4062		fullTGDs	44656			newNonFullTGDs	0		newFullTGDs	9195
nonFullTGDs	4062		fullTGDs	44751			newNonFullTGDs	0		newFullTGDs	9103
nonFullTGDs	4062		fullTGDs	44850			newNonFullTGDs	0		newFullTGDs	9010
nonFullTGDs	4062		fullTGDs	44950			newNonFullTGDs	0		newFullTGDs	8910
nonFullTGDs	4062		fullTGDs	45048			newNonFullTGDs	0		newFullTGDs	8878
nonFullTGDs	4062		fullTGDs	45147			newNonFullTGDs	0		newFullTGDs	8812
nonFullTGDs	4062		fullTGDs	45246			newNonFullTGDs	0		newFullTGDs	8746
nonFullTGDs	4062		fullTGDs	45345			newNonFullTGDs	0		newFullTGDs	8680
nonFullTGDs	4062		fullTGDs	45443			newNonFullTGDs	0		newFullTGDs	8648
nonFullTGDs	4062		fullTGDs	45543			newNonFullTGDs	0		newFullTGDs	8548
nonFullTGDs	4062		fullTGDs	45643			newNonFullTGDs	0		newFullTGDs	8448
nonFullTGDs	4062		fullTGDs	45742			newNonFullTGDs	0		newFullTGDs	8382
nonFullTGDs	4062		fullTGDs	45841			newNonFullTGDs	0		newFullTGDs	8316
nonFullTGDs	4062		fullTGDs	45941			newNonFullTGDs	0		newFullTGDs	8216
nonFullTGDs	4062		fullTGDs	46037			newNonFullTGDs	0		newFullTGDs	8122
nonFullTGDs	4062		fullTGDs	46137			newNonFullTGDs	0		newFullTGDs	8022
nonFullTGDs	4062		fullTGDs	46237			newNonFullTGDs	0		newFullTGDs	7922
nonFullTGDs	4062		fullTGDs	46337			newNonFullTGDs	0		newFullTGDs	7822
nonFullTGDs	4062		fullTGDs	46433			newNonFullTGDs	0		newFullTGDs	7790
nonFullTGDs	4062		fullTGDs	46532			newNonFullTGDs	0		newFullTGDs	7724
nonFullTGDs	4062		fullTGDs	46631			newNonFullTGDs	0		newFullTGDs	7658
nonFullTGDs	4062		fullTGDs	46730			newNonFullTGDs	0		newFullTGDs	7592
nonFullTGDs	4062		fullTGDs	46829			newNonFullTGDs	0		newFullTGDs	7493
nonFullTGDs	4062		fullTGDs	46929			newNonFullTGDs	0		newFullTGDs	7393
nonFullTGDs	4062		fullTGDs	47028			newNonFullTGDs	0		newFullTGDs	7311
nonFullTGDs	4062		fullTGDs	47128			newNonFullTGDs	0		newFullTGDs	7211
nonFullTGDs	4062		fullTGDs	47228			newNonFullTGDs	0		newFullTGDs	7111
nonFullTGDs	4062		fullTGDs	47328			newNonFullTGDs	0		newFullTGDs	7011
nonFullTGDs	4062		fullTGDs	47426			newNonFullTGDs	0		newFullTGDs	6913
nonFullTGDs	4062		fullTGDs	47525			newNonFullTGDs	0		newFullTGDs	6816
nonFullTGDs	4062		fullTGDs	47625			newNonFullTGDs	0		newFullTGDs	6716
nonFullTGDs	4062		fullTGDs	47725			newNonFullTGDs	0		newFullTGDs	6616
nonFullTGDs	4062		fullTGDs	47823			newNonFullTGDs	0		newFullTGDs	6584
nonFullTGDs	4062		fullTGDs	47921			newNonFullTGDs	0		newFullTGDs	6552
nonFullTGDs	4062		fullTGDs	48020			newNonFullTGDs	0		newFullTGDs	6486
nonFullTGDs	4062		fullTGDs	48118			newNonFullTGDs	0		newFullTGDs	6389
nonFullTGDs	4062		fullTGDs	48218			newNonFullTGDs	0		newFullTGDs	6289
nonFullTGDs	4062		fullTGDs	48316			newNonFullTGDs	0		newFullTGDs	6192
nonFullTGDs	4062		fullTGDs	48416			newNonFullTGDs	0		newFullTGDs	6092
nonFullTGDs	4062		fullTGDs	48516			newNonFullTGDs	0		newFullTGDs	5992
nonFullTGDs	4062		fullTGDs	48615			newNonFullTGDs	0		newFullTGDs	5926
nonFullTGDs	4062		fullTGDs	48715			newNonFullTGDs	0		newFullTGDs	5826
nonFullTGDs	4062		fullTGDs	48813			newNonFullTGDs	0		newFullTGDs	5794
nonFullTGDs	4062		fullTGDs	48913			newNonFullTGDs	0		newFullTGDs	5694
nonFullTGDs	4062		fullTGDs	49013			newNonFullTGDs	0		newFullTGDs	5594
nonFullTGDs	4062		fullTGDs	49110			newNonFullTGDs	0		newFullTGDs	5497
nonFullTGDs	4062		fullTGDs	49210			newNonFullTGDs	0		newFullTGDs	5397
nonFullTGDs	4062		fullTGDs	49310			newNonFullTGDs	0		newFullTGDs	5297
nonFullTGDs	4062		fullTGDs	49410			newNonFullTGDs	0		newFullTGDs	5197
nonFullTGDs	4062		fullTGDs	49510			newNonFullTGDs	0		newFullTGDs	5097
nonFullTGDs	4062		fullTGDs	49610			newNonFullTGDs	0		newFullTGDs	4997
nonFullTGDs	4062		fullTGDs	49710			newNonFullTGDs	0		newFullTGDs	4897
nonFullTGDs	4062		fullTGDs	49810			newNonFullTGDs	0		newFullTGDs	4797
nonFullTGDs	4062		fullTGDs	49909			newNonFullTGDs	0		newFullTGDs	4698
nonFullTGDs	4062		fullTGDs	50006			newNonFullTGDs	0		newFullTGDs	4601
nonFullTGDs	4062		fullTGDs	50102			newNonFullTGDs	0		newFullTGDs	4511
nonFullTGDs	4062		fullTGDs	50199			newNonFullTGDs	0		newFullTGDs	4414
nonFullTGDs	4062		fullTGDs	50297			newNonFullTGDs	0		newFullTGDs	4316
nonFullTGDs	4062		fullTGDs	50394			newNonFullTGDs	0		newFullTGDs	4220
nonFullTGDs	4062		fullTGDs	50493			newNonFullTGDs	0		newFullTGDs	4127
nonFullTGDs	4062		fullTGDs	50592			newNonFullTGDs	0		newFullTGDs	4029
nonFullTGDs	4062		fullTGDs	50690			newNonFullTGDs	0		newFullTGDs	3931
nonFullTGDs	4062		fullTGDs	50786			newNonFullTGDs	0		newFullTGDs	3844
nonFullTGDs	4062		fullTGDs	50885			newNonFullTGDs	0		newFullTGDs	3745
nonFullTGDs	4062		fullTGDs	50984			newNonFullTGDs	0		newFullTGDs	3646
nonFullTGDs	4062		fullTGDs	51084			newNonFullTGDs	0		newFullTGDs	3546
nonFullTGDs	4062		fullTGDs	51184			newNonFullTGDs	0		newFullTGDs	3446
nonFullTGDs	4062		fullTGDs	51283			newNonFullTGDs	0		newFullTGDs	3347
nonFullTGDs	4062		fullTGDs	51383			newNonFullTGDs	0		newFullTGDs	3247
nonFullTGDs	4062		fullTGDs	51483			newNonFullTGDs	0		newFullTGDs	3147
nonFullTGDs	4062		fullTGDs	51583			newNonFullTGDs	0		newFullTGDs	3047
nonFullTGDs	4062		fullTGDs	51683			newNonFullTGDs	0		newFullTGDs	2947
nonFullTGDs	4062		fullTGDs	51783			newNonFullTGDs	0		newFullTGDs	2847
nonFullTGDs	4062		fullTGDs	51882			newNonFullTGDs	0		newFullTGDs	2748
nonFullTGDs	4062		fullTGDs	51979			newNonFullTGDs	0		newFullTGDs	2656
nonFullTGDs	4062		fullTGDs	52079			newNonFullTGDs	0		newFullTGDs	2556
nonFullTGDs	4062		fullTGDs	52178			newNonFullTGDs	0		newFullTGDs	2490
nonFullTGDs	4062		fullTGDs	52277			newNonFullTGDs	0		newFullTGDs	2424
nonFullTGDs	4062		fullTGDs	52375			newNonFullTGDs	0		newFullTGDs	3050
nonFullTGDs	4062		fullTGDs	52475			newNonFullTGDs	0		newFullTGDs	2950
nonFullTGDs	4062		fullTGDs	52575			newNonFullTGDs	0		newFullTGDs	2850
nonFullTGDs	4062		fullTGDs	52675			newNonFullTGDs	0		newFullTGDs	2750
nonFullTGDs	4062		fullTGDs	52775			newNonFullTGDs	0		newFullTGDs	2650
nonFullTGDs	4062		fullTGDs	52875			newNonFullTGDs	0		newFullTGDs	2550
nonFullTGDs	4062		fullTGDs	52975			newNonFullTGDs	0		newFullTGDs	2450
nonFullTGDs	4062		fullTGDs	53075			newNonFullTGDs	0		newFullTGDs	2350
nonFullTGDs	4062		fullTGDs	53171			newNonFullTGDs	0		newFullTGDs	2258
nonFullTGDs	4062		fullTGDs	53267			newNonFullTGDs	0		newFullTGDs	2164
nonFullTGDs	4062		fullTGDs	53357			newNonFullTGDs	0		newFullTGDs	2073
nonFullTGDs	4062		fullTGDs	53451			newNonFullTGDs	0		newFullTGDs	1980
nonFullTGDs	4062		fullTGDs	53549			newNonFullTGDs	0		newFullTGDs	1882
nonFullTGDs	4062		fullTGDs	53647			newNonFullTGDs	0		newFullTGDs	1784
nonFullTGDs	4062		fullTGDs	53747			newNonFullTGDs	0		newFullTGDs	1684
nonFullTGDs	4062		fullTGDs	53846			newNonFullTGDs	0		newFullTGDs	1602
nonFullTGDs	4062		fullTGDs	53946			newNonFullTGDs	0		newFullTGDs	1502
nonFullTGDs	4062		fullTGDs	54045			newNonFullTGDs	0		newFullTGDs	1406
nonFullTGDs	4062		fullTGDs	54144			newNonFullTGDs	0		newFullTGDs	1307
nonFullTGDs	4062		fullTGDs	54244			newNonFullTGDs	0		newFullTGDs	1207
nonFullTGDs	4062		fullTGDs	54338			newNonFullTGDs	0		newFullTGDs	1113
nonFullTGDs	4062		fullTGDs	54435			newNonFullTGDs	0		newFullTGDs	1081
nonFullTGDs	4062		fullTGDs	54535			newNonFullTGDs	0		newFullTGDs	981
nonFullTGDs	4062		fullTGDs	54634			newNonFullTGDs	0		newFullTGDs	882
nonFullTGDs	4062		fullTGDs	54732			newNonFullTGDs	0		newFullTGDs	785
nonFullTGDs	4062		fullTGDs	54832			newNonFullTGDs	0		newFullTGDs	685
nonFullTGDs	4062		fullTGDs	54932			newNonFullTGDs	0		newFullTGDs	585
nonFullTGDs	4062		fullTGDs	55032			newNonFullTGDs	0		newFullTGDs	485
nonFullTGDs	4062		fullTGDs	55129			newNonFullTGDs	0		newFullTGDs	452
nonFullTGDs	4062		fullTGDs	55229			newNonFullTGDs	0		newFullTGDs	352
nonFullTGDs	4062		fullTGDs	55329			newNonFullTGDs	0		newFullTGDs	252
nonFullTGDs	4062		fullTGDs	55426			newNonFullTGDs	0		newFullTGDs	189
nonFullTGDs	4062		fullTGDs	55526			newNonFullTGDs	0		newFullTGDs	89
Nov 12, 2021 5:59:48 PM uk.ac.ox.cs.gsat.SaturationStatistics log
INFO: # initial TGDs: 1463 , 1456
Nov 12, 2021 5:59:48 PM uk.ac.ox.cs.gsat.SaturationStatistics log
INFO: OrderedSkSat total time : 5424 ms = 5.42 s
Nov 12, 2021 5:59:48 PM uk.ac.ox.cs.gsat.SaturationStatistics log
INFO: Subsumed elements : 997
Nov 12, 2021 5:59:48 PM uk.ac.ox.cs.gsat.SaturationStatistics log
INFO: Filter discarded elements : 12178716
Nov 12, 2021 5:59:48 PM uk.ac.ox.cs.gsat.SaturationStatistics log
INFO: subsumption time: 3240 ms = 3.24 s
Nov 12, 2021 5:59:48 PM uk.ac.ox.cs.gsat.SaturationStatistics log
INFO: forward subsumption time: 1734 ms = 1.73 s
Nov 12, 2021 5:59:48 PM uk.ac.ox.cs.gsat.SaturationStatistics log
INFO: backward subsumption time: 1505 ms = 1.51 s
Nov 12, 2021 5:59:48 PM uk.ac.ox.cs.gsat.SaturationStatistics log
INFO: Derived full/non full TGDs: 55079 , 2734
Nov 12, 2021 5:59:48 PM uk.ac.ox.cs.gsat.SaturationStatistics log
INFO: discarded tautology count: 58
Nov 12, 2021 5:59:48 PM uk.ac.ox.cs.gsat.EvolveStatistics log
INFO: Stop because subsumed: 661
Nov 12, 2021 5:59:48 PM uk.ac.ox.cs.gsat.EvolveStatistics log
INFO: evolved equals to current: 0
Nov 12, 2021 5:59:48 PM uk.ac.ox.cs.gsat.EvolveStatistics log
INFO: evolved time: 705 ms = 0.70 s
Nov 12, 2021 5:59:48 PM uk.ac.ox.cs.gsat.EvolveStatistics log
INFO: evolve count: 58541
Nov 12, 2021 5:59:48 PM uk.ac.ox.cs.gsat.SkolemStatistics log
INFO: maximum number of Skolem atoms in body: 1
Nov 12, 2021 5:59:48 PM uk.ac.ox.cs.gsat.SkolemStatistics log
INFO: left derived TGD with Skolem in the body: 0
Nov 12, 2021 5:59:48 PM uk.ac.ox.cs.gsat.SkolemStatistics log
INFO: right derived TGD with Skolem in the body: 54423
Nov 12, 2021 5:59:49 PM uk.ac.ox.cs.gsat.SkolemStatistics log
INFO: derived TGD with more than two Skolem atoms in the body: 0
Nov 12, 2021 5:59:49 PM uk.ac.ox.cs.gsat.AbstractSaturation run
INFO: ouptput full TGDs not contained in the input: 656
Nov 12, 2021 5:59:49 PM uk.ac.ox.cs.gsat.App executeAllSteps
INFO: Rewriting completed!
Full TGD saturation: (2119 dependecies)
Nov 12, 2021 5:59:49 PM uk.ac.ox.cs.gsat.App executeAllSteps
INFO: Writing the saturation in the Datalog file 00424.rul
