Starting Saturation...
Executing from DLGP files
SLF4J: Failed to load class "org.slf4j.impl.StaticLoggerBinder".
SLF4J: Defaulting to no-operation (NOP) logger implementation
SLF4J: See http://www.slf4j.org/codes.html#StaticLoggerBinder for further details.
# Rules: 1179; # Atoms: 0; # AtomSets: 0; # Queries: 0; # Constraints: 0
Full TGD saturation algorithm: ordered skolemized Sat
Running OrderedSkSat...
Nov 12, 2021 9:27:11 PM uk.ac.ox.cs.gsat.AbstractSaturation run
INFO: OrderedSkSat discarded rules : 0/1179 = 0.000%
OrderedSkSat discarded rules : 0/1179 = 0.000%
Nov 12, 2021 9:27:11 PM uk.ac.ox.cs.gsat.AbstractSaturation run
INFO: Subsumption method : tree_predicate
length of the formulas: 2.371532
number of bags: 7
length of the formulas: 2.371532
number of bags: 7
nonFullTGDs	0		fullTGDs	700			newNonFullTGDs	958		newFullTGDs	0
nonFullTGDs	100		fullTGDs	700			newNonFullTGDs	858		newFullTGDs	8620
nonFullTGDs	200		fullTGDs	700			newNonFullTGDs	758		newFullTGDs	17908
nonFullTGDs	300		fullTGDs	700			newNonFullTGDs	658		newFullTGDs	27692
nonFullTGDs	400		fullTGDs	700			newNonFullTGDs	558		newFullTGDs	35675
nonFullTGDs	500		fullTGDs	700			newNonFullTGDs	459		newFullTGDs	44404
nonFullTGDs	600		fullTGDs	700			newNonFullTGDs	360		newFullTGDs	53505
nonFullTGDs	700		fullTGDs	700			newNonFullTGDs	261		newFullTGDs	63274
nonFullTGDs	800		fullTGDs	700			newNonFullTGDs	161		newFullTGDs	73976
nonFullTGDs	900		fullTGDs	700			newNonFullTGDs	61		newFullTGDs	82187
nonFullTGDs	961		fullTGDs	739			newNonFullTGDs	0		newFullTGDs	87544
nonFullTGDs	961		fullTGDs	839			newNonFullTGDs	0		newFullTGDs	87444
nonFullTGDs	961		fullTGDs	939			newNonFullTGDs	0		newFullTGDs	87344
nonFullTGDs	961		fullTGDs	1039			newNonFullTGDs	0		newFullTGDs	87244
nonFullTGDs	961		fullTGDs	1139			newNonFullTGDs	0		newFullTGDs	87144
nonFullTGDs	961		fullTGDs	1239			newNonFullTGDs	0		newFullTGDs	87044
nonFullTGDs	961		fullTGDs	1339			newNonFullTGDs	0		newFullTGDs	86944
nonFullTGDs	961		fullTGDs	1439			newNonFullTGDs	0		newFullTGDs	86844
nonFullTGDs	961		fullTGDs	1539			newNonFullTGDs	0		newFullTGDs	86744
nonFullTGDs	961		fullTGDs	1639			newNonFullTGDs	0		newFullTGDs	86644
nonFullTGDs	961		fullTGDs	1739			newNonFullTGDs	0		newFullTGDs	86544
nonFullTGDs	961		fullTGDs	1839			newNonFullTGDs	0		newFullTGDs	86444
nonFullTGDs	961		fullTGDs	1939			newNonFullTGDs	0		newFullTGDs	86344
nonFullTGDs	961		fullTGDs	2039			newNonFullTGDs	0		newFullTGDs	86244
nonFullTGDs	961		fullTGDs	2137			newNonFullTGDs	0		newFullTGDs	86149
nonFullTGDs	961		fullTGDs	2237			newNonFullTGDs	0		newFullTGDs	86049
nonFullTGDs	961		fullTGDs	2337			newNonFullTGDs	0		newFullTGDs	85949
nonFullTGDs	961		fullTGDs	2437			newNonFullTGDs	0		newFullTGDs	85849
nonFullTGDs	961		fullTGDs	2537			newNonFullTGDs	0		newFullTGDs	85749
nonFullTGDs	961		fullTGDs	2637			newNonFullTGDs	0		newFullTGDs	85649
nonFullTGDs	961		fullTGDs	2736			newNonFullTGDs	0		newFullTGDs	85553
nonFullTGDs	961		fullTGDs	2836			newNonFullTGDs	0		newFullTGDs	85453
nonFullTGDs	961		fullTGDs	2936			newNonFullTGDs	0		newFullTGDs	85353
nonFullTGDs	961		fullTGDs	3036			newNonFullTGDs	0		newFullTGDs	85253
nonFullTGDs	961		fullTGDs	3136			newNonFullTGDs	0		newFullTGDs	85153
nonFullTGDs	961		fullTGDs	3235			newNonFullTGDs	0		newFullTGDs	85057
nonFullTGDs	961		fullTGDs	3335			newNonFullTGDs	0		newFullTGDs	84957
nonFullTGDs	961		fullTGDs	3435			newNonFullTGDs	0		newFullTGDs	84857
nonFullTGDs	961		fullTGDs	3535			newNonFullTGDs	0		newFullTGDs	84757
nonFullTGDs	961		fullTGDs	3635			newNonFullTGDs	0		newFullTGDs	84657
nonFullTGDs	961		fullTGDs	3735			newNonFullTGDs	0		newFullTGDs	84557
nonFullTGDs	961		fullTGDs	3835			newNonFullTGDs	0		newFullTGDs	84457
nonFullTGDs	961		fullTGDs	3935			newNonFullTGDs	0		newFullTGDs	84357
nonFullTGDs	961		fullTGDs	4035			newNonFullTGDs	0		newFullTGDs	84257
nonFullTGDs	961		fullTGDs	4135			newNonFullTGDs	0		newFullTGDs	84157
nonFullTGDs	961		fullTGDs	4235			newNonFullTGDs	0		newFullTGDs	84057
nonFullTGDs	961		fullTGDs	4335			newNonFullTGDs	0		newFullTGDs	83957
nonFullTGDs	961		fullTGDs	4435			newNonFullTGDs	0		newFullTGDs	83857
nonFullTGDs	961		fullTGDs	4532			newNonFullTGDs	0		newFullTGDs	83760
nonFullTGDs	961		fullTGDs	4632			newNonFullTGDs	0		newFullTGDs	83660
nonFullTGDs	961		fullTGDs	4732			newNonFullTGDs	0		newFullTGDs	83560
nonFullTGDs	961		fullTGDs	4832			newNonFullTGDs	0		newFullTGDs	83460
nonFullTGDs	961		fullTGDs	4932			newNonFullTGDs	0		newFullTGDs	83360
nonFullTGDs	961		fullTGDs	5032			newNonFullTGDs	0		newFullTGDs	83260
nonFullTGDs	961		fullTGDs	5131			newNonFullTGDs	0		newFullTGDs	83161
nonFullTGDs	961		fullTGDs	5231			newNonFullTGDs	0		newFullTGDs	83061
nonFullTGDs	961		fullTGDs	5330			newNonFullTGDs	0		newFullTGDs	82962
nonFullTGDs	961		fullTGDs	5428			newNonFullTGDs	0		newFullTGDs	82864
nonFullTGDs	961		fullTGDs	5528			newNonFullTGDs	0		newFullTGDs	82764
nonFullTGDs	961		fullTGDs	5628			newNonFullTGDs	0		newFullTGDs	82664
nonFullTGDs	961		fullTGDs	5727			newNonFullTGDs	0		newFullTGDs	82565
nonFullTGDs	961		fullTGDs	5826			newNonFullTGDs	0		newFullTGDs	82466
nonFullTGDs	961		fullTGDs	5926			newNonFullTGDs	0		newFullTGDs	82366
nonFullTGDs	961		fullTGDs	6024			newNonFullTGDs	0		newFullTGDs	82268
nonFullTGDs	961		fullTGDs	6123			newNonFullTGDs	0		newFullTGDs	82169
nonFullTGDs	961		fullTGDs	6221			newNonFullTGDs	0		newFullTGDs	82071
nonFullTGDs	961		fullTGDs	6320			newNonFullTGDs	0		newFullTGDs	81972
nonFullTGDs	961		fullTGDs	6420			newNonFullTGDs	0		newFullTGDs	81872
nonFullTGDs	961		fullTGDs	6513			newNonFullTGDs	0		newFullTGDs	81779
nonFullTGDs	961		fullTGDs	6612			newNonFullTGDs	0		newFullTGDs	81680
nonFullTGDs	961		fullTGDs	6712			newNonFullTGDs	0		newFullTGDs	81580
nonFullTGDs	961		fullTGDs	6811			newNonFullTGDs	0		newFullTGDs	81481
nonFullTGDs	961		fullTGDs	6905			newNonFullTGDs	0		newFullTGDs	81387
nonFullTGDs	961		fullTGDs	7001			newNonFullTGDs	0		newFullTGDs	81291
nonFullTGDs	961		fullTGDs	7101			newNonFullTGDs	0		newFullTGDs	81191
nonFullTGDs	961		fullTGDs	7201			newNonFullTGDs	0		newFullTGDs	81091
nonFullTGDs	961		fullTGDs	7300			newNonFullTGDs	0		newFullTGDs	80992
nonFullTGDs	961		fullTGDs	7398			newNonFullTGDs	0		newFullTGDs	80894
nonFullTGDs	961		fullTGDs	7496			newNonFullTGDs	0		newFullTGDs	80796
nonFullTGDs	961		fullTGDs	7595			newNonFullTGDs	0		newFullTGDs	80697
nonFullTGDs	961		fullTGDs	7695			newNonFullTGDs	0		newFullTGDs	80597
nonFullTGDs	961		fullTGDs	7794			newNonFullTGDs	0		newFullTGDs	80498
nonFullTGDs	961		fullTGDs	7894			newNonFullTGDs	0		newFullTGDs	80398
nonFullTGDs	961		fullTGDs	7993			newNonFullTGDs	0		newFullTGDs	80299
nonFullTGDs	961		fullTGDs	8093			newNonFullTGDs	0		newFullTGDs	80199
nonFullTGDs	961		fullTGDs	8193			newNonFullTGDs	0		newFullTGDs	80099
nonFullTGDs	961		fullTGDs	8293			newNonFullTGDs	0		newFullTGDs	79999
nonFullTGDs	961		fullTGDs	8391			newNonFullTGDs	0		newFullTGDs	79901
nonFullTGDs	961		fullTGDs	8489			newNonFullTGDs	0		newFullTGDs	79803
nonFullTGDs	961		fullTGDs	8588			newNonFullTGDs	0		newFullTGDs	79704
nonFullTGDs	961		fullTGDs	8684			newNonFullTGDs	0		newFullTGDs	79608
nonFullTGDs	961		fullTGDs	8783			newNonFullTGDs	0		newFullTGDs	79509
nonFullTGDs	961		fullTGDs	8881			newNonFullTGDs	0		newFullTGDs	79411
nonFullTGDs	961		fullTGDs	8980			newNonFullTGDs	0		newFullTGDs	79312
nonFullTGDs	961		fullTGDs	9080			newNonFullTGDs	0		newFullTGDs	79212
nonFullTGDs	961		fullTGDs	9180			newNonFullTGDs	0		newFullTGDs	79112
nonFullTGDs	961		fullTGDs	9280			newNonFullTGDs	0		newFullTGDs	79012
nonFullTGDs	961		fullTGDs	9379			newNonFullTGDs	0		newFullTGDs	78913
nonFullTGDs	961		fullTGDs	9479			newNonFullTGDs	0		newFullTGDs	78813
nonFullTGDs	961		fullTGDs	9578			newNonFullTGDs	0		newFullTGDs	78714
nonFullTGDs	961		fullTGDs	9676			newNonFullTGDs	0		newFullTGDs	78616
nonFullTGDs	961		fullTGDs	9774			newNonFullTGDs	0		newFullTGDs	78518
nonFullTGDs	961		fullTGDs	9874			newNonFullTGDs	0		newFullTGDs	78418
nonFullTGDs	961		fullTGDs	9974			newNonFullTGDs	0		newFullTGDs	78318
nonFullTGDs	961		fullTGDs	10074			newNonFullTGDs	0		newFullTGDs	78218
nonFullTGDs	961		fullTGDs	10174			newNonFullTGDs	0		newFullTGDs	78118
nonFullTGDs	961		fullTGDs	10274			newNonFullTGDs	0		newFullTGDs	78018
nonFullTGDs	961		fullTGDs	10374			newNonFullTGDs	0		newFullTGDs	77918
nonFullTGDs	961		fullTGDs	10474			newNonFullTGDs	0		newFullTGDs	77818
nonFullTGDs	961		fullTGDs	10574			newNonFullTGDs	0		newFullTGDs	77718
nonFullTGDs	961		fullTGDs	10674			newNonFullTGDs	0		newFullTGDs	77618
nonFullTGDs	961		fullTGDs	10774			newNonFullTGDs	0		newFullTGDs	77518
nonFullTGDs	961		fullTGDs	10874			newNonFullTGDs	0		newFullTGDs	77418
nonFullTGDs	961		fullTGDs	10973			newNonFullTGDs	0		newFullTGDs	77320
nonFullTGDs	961		fullTGDs	11073			newNonFullTGDs	0		newFullTGDs	77220
nonFullTGDs	961		fullTGDs	11172			newNonFullTGDs	0		newFullTGDs	77121
nonFullTGDs	961		fullTGDs	11268			newNonFullTGDs	0		newFullTGDs	77025
nonFullTGDs	961		fullTGDs	11366			newNonFullTGDs	0		newFullTGDs	76927
nonFullTGDs	961		fullTGDs	11460			newNonFullTGDs	0		newFullTGDs	76833
nonFullTGDs	961		fullTGDs	11553			newNonFullTGDs	0		newFullTGDs	76740
nonFullTGDs	961		fullTGDs	11651			newNonFullTGDs	0		newFullTGDs	76642
nonFullTGDs	961		fullTGDs	11749			newNonFullTGDs	0		newFullTGDs	76544
nonFullTGDs	961		fullTGDs	11847			newNonFullTGDs	0		newFullTGDs	76446
nonFullTGDs	961		fullTGDs	11946			newNonFullTGDs	0		newFullTGDs	76347
nonFullTGDs	961		fullTGDs	12041			newNonFullTGDs	0		newFullTGDs	76252
nonFullTGDs	961		fullTGDs	12136			newNonFullTGDs	0		newFullTGDs	76157
nonFullTGDs	961		fullTGDs	12233			newNonFullTGDs	0		newFullTGDs	76060
nonFullTGDs	961		fullTGDs	12330			newNonFullTGDs	0		newFullTGDs	75963
nonFullTGDs	961		fullTGDs	12429			newNonFullTGDs	0		newFullTGDs	75864
nonFullTGDs	961		fullTGDs	12526			newNonFullTGDs	0		newFullTGDs	75767
nonFullTGDs	961		fullTGDs	12623			newNonFullTGDs	0		newFullTGDs	75670
nonFullTGDs	961		fullTGDs	12722			newNonFullTGDs	0		newFullTGDs	75571
nonFullTGDs	961		fullTGDs	12816			newNonFullTGDs	0		newFullTGDs	75477
nonFullTGDs	961		fullTGDs	12916			newNonFullTGDs	0		newFullTGDs	75377
nonFullTGDs	961		fullTGDs	13015			newNonFullTGDs	0		newFullTGDs	75278
nonFullTGDs	961		fullTGDs	13114			newNonFullTGDs	0		newFullTGDs	75179
nonFullTGDs	961		fullTGDs	13214			newNonFullTGDs	0		newFullTGDs	75079
nonFullTGDs	961		fullTGDs	13313			newNonFullTGDs	0		newFullTGDs	74980
nonFullTGDs	961		fullTGDs	13413			newNonFullTGDs	0		newFullTGDs	74880
nonFullTGDs	961		fullTGDs	13513			newNonFullTGDs	0		newFullTGDs	74780
nonFullTGDs	961		fullTGDs	13613			newNonFullTGDs	0		newFullTGDs	74680
nonFullTGDs	961		fullTGDs	13713			newNonFullTGDs	0		newFullTGDs	74580
nonFullTGDs	961		fullTGDs	13808			newNonFullTGDs	0		newFullTGDs	74500
nonFullTGDs	961		fullTGDs	13907			newNonFullTGDs	0		newFullTGDs	74404
nonFullTGDs	961		fullTGDs	14007			newNonFullTGDs	0		newFullTGDs	74304
nonFullTGDs	961		fullTGDs	14107			newNonFullTGDs	0		newFullTGDs	74204
nonFullTGDs	961		fullTGDs	14207			newNonFullTGDs	0		newFullTGDs	74104
nonFullTGDs	961		fullTGDs	14307			newNonFullTGDs	0		newFullTGDs	74004
nonFullTGDs	961		fullTGDs	14406			newNonFullTGDs	0		newFullTGDs	73908
nonFullTGDs	961		fullTGDs	14506			newNonFullTGDs	0		newFullTGDs	73808
nonFullTGDs	961		fullTGDs	14604			newNonFullTGDs	0		newFullTGDs	73716
nonFullTGDs	961		fullTGDs	14704			newNonFullTGDs	0		newFullTGDs	73616
nonFullTGDs	961		fullTGDs	14803			newNonFullTGDs	0		newFullTGDs	73520
nonFullTGDs	961		fullTGDs	14903			newNonFullTGDs	0		newFullTGDs	73420
nonFullTGDs	961		fullTGDs	15003			newNonFullTGDs	0		newFullTGDs	73320
nonFullTGDs	961		fullTGDs	15103			newNonFullTGDs	0		newFullTGDs	73220
nonFullTGDs	961		fullTGDs	15203			newNonFullTGDs	0		newFullTGDs	73120
nonFullTGDs	961		fullTGDs	15303			newNonFullTGDs	0		newFullTGDs	73020
nonFullTGDs	961		fullTGDs	15402			newNonFullTGDs	0		newFullTGDs	72924
nonFullTGDs	961		fullTGDs	15502			newNonFullTGDs	0		newFullTGDs	72824
nonFullTGDs	961		fullTGDs	15602			newNonFullTGDs	0		newFullTGDs	72724
nonFullTGDs	961		fullTGDs	15702			newNonFullTGDs	0		newFullTGDs	72624
nonFullTGDs	961		fullTGDs	15802			newNonFullTGDs	0		newFullTGDs	72524
nonFullTGDs	961		fullTGDs	15902			newNonFullTGDs	0		newFullTGDs	72424
nonFullTGDs	961		fullTGDs	16002			newNonFullTGDs	0		newFullTGDs	72324
nonFullTGDs	961		fullTGDs	16102			newNonFullTGDs	0		newFullTGDs	72224
nonFullTGDs	961		fullTGDs	16202			newNonFullTGDs	0		newFullTGDs	72124
nonFullTGDs	961		fullTGDs	16302			newNonFullTGDs	0		newFullTGDs	72024
nonFullTGDs	961		fullTGDs	16402			newNonFullTGDs	0		newFullTGDs	71924
nonFullTGDs	961		fullTGDs	16498			newNonFullTGDs	0		newFullTGDs	71828
nonFullTGDs	961		fullTGDs	16597			newNonFullTGDs	0		newFullTGDs	71729
nonFullTGDs	961		fullTGDs	16695			newNonFullTGDs	0		newFullTGDs	71631
nonFullTGDs	961		fullTGDs	16795			newNonFullTGDs	0		newFullTGDs	71531
nonFullTGDs	961		fullTGDs	16893			newNonFullTGDs	0		newFullTGDs	71433
nonFullTGDs	961		fullTGDs	16990			newNonFullTGDs	0		newFullTGDs	71345
nonFullTGDs	961		fullTGDs	17090			newNonFullTGDs	0		newFullTGDs	71245
nonFullTGDs	961		fullTGDs	17187			newNonFullTGDs	0		newFullTGDs	71148
nonFullTGDs	961		fullTGDs	17283			newNonFullTGDs	0		newFullTGDs	71052
nonFullTGDs	961		fullTGDs	17382			newNonFullTGDs	0		newFullTGDs	70953
nonFullTGDs	961		fullTGDs	17479			newNonFullTGDs	0		newFullTGDs	70856
nonFullTGDs	961		fullTGDs	17574			newNonFullTGDs	0		newFullTGDs	70761
nonFullTGDs	961		fullTGDs	17666			newNonFullTGDs	0		newFullTGDs	70669
nonFullTGDs	961		fullTGDs	17762			newNonFullTGDs	0		newFullTGDs	70573
nonFullTGDs	961		fullTGDs	17859			newNonFullTGDs	0		newFullTGDs	70476
nonFullTGDs	961		fullTGDs	17959			newNonFullTGDs	0		newFullTGDs	70376
nonFullTGDs	961		fullTGDs	18056			newNonFullTGDs	0		newFullTGDs	70279
nonFullTGDs	961		fullTGDs	18150			newNonFullTGDs	0		newFullTGDs	70185
nonFullTGDs	961		fullTGDs	18244			newNonFullTGDs	0		newFullTGDs	70091
nonFullTGDs	961		fullTGDs	18342			newNonFullTGDs	0		newFullTGDs	69993
nonFullTGDs	961		fullTGDs	18441			newNonFullTGDs	0		newFullTGDs	69894
nonFullTGDs	961		fullTGDs	18538			newNonFullTGDs	0		newFullTGDs	69797
nonFullTGDs	961		fullTGDs	18634			newNonFullTGDs	0		newFullTGDs	69701
nonFullTGDs	961		fullTGDs	18729			newNonFullTGDs	0		newFullTGDs	69606
nonFullTGDs	961		fullTGDs	18822			newNonFullTGDs	0		newFullTGDs	69513
nonFullTGDs	961		fullTGDs	18916			newNonFullTGDs	0		newFullTGDs	69419
nonFullTGDs	961		fullTGDs	19014			newNonFullTGDs	0		newFullTGDs	69321
nonFullTGDs	961		fullTGDs	19108			newNonFullTGDs	0		newFullTGDs	69227
nonFullTGDs	961		fullTGDs	19207			newNonFullTGDs	0		newFullTGDs	69128
nonFullTGDs	961		fullTGDs	19306			newNonFullTGDs	0		newFullTGDs	69029
nonFullTGDs	961		fullTGDs	19406			newNonFullTGDs	0		newFullTGDs	68929
nonFullTGDs	961		fullTGDs	19505			newNonFullTGDs	0		newFullTGDs	68830
nonFullTGDs	961		fullTGDs	19605			newNonFullTGDs	0		newFullTGDs	68730
nonFullTGDs	961		fullTGDs	19701			newNonFullTGDs	0		newFullTGDs	68634
nonFullTGDs	961		fullTGDs	19797			newNonFullTGDs	0		newFullTGDs	68538
nonFullTGDs	961		fullTGDs	19897			newNonFullTGDs	0		newFullTGDs	68438
nonFullTGDs	961		fullTGDs	19997			newNonFullTGDs	0		newFullTGDs	68338
nonFullTGDs	961		fullTGDs	20097			newNonFullTGDs	0		newFullTGDs	68238
nonFullTGDs	961		fullTGDs	20197			newNonFullTGDs	0		newFullTGDs	68138
nonFullTGDs	961		fullTGDs	20297			newNonFullTGDs	0		newFullTGDs	68038
nonFullTGDs	961		fullTGDs	20397			newNonFullTGDs	0		newFullTGDs	67938
nonFullTGDs	961		fullTGDs	20497			newNonFullTGDs	0		newFullTGDs	67838
nonFullTGDs	961		fullTGDs	20587			newNonFullTGDs	0		newFullTGDs	67748
nonFullTGDs	961		fullTGDs	20685			newNonFullTGDs	0		newFullTGDs	67650
nonFullTGDs	961		fullTGDs	20780			newNonFullTGDs	0		newFullTGDs	67555
nonFullTGDs	961		fullTGDs	20879			newNonFullTGDs	0		newFullTGDs	67456
nonFullTGDs	961		fullTGDs	20974			newNonFullTGDs	0		newFullTGDs	67361
nonFullTGDs	961		fullTGDs	21073			newNonFullTGDs	0		newFullTGDs	67262
nonFullTGDs	961		fullTGDs	21168			newNonFullTGDs	0		newFullTGDs	67167
nonFullTGDs	961		fullTGDs	21266			newNonFullTGDs	0		newFullTGDs	67069
nonFullTGDs	961		fullTGDs	21364			newNonFullTGDs	0		newFullTGDs	66971
nonFullTGDs	961		fullTGDs	21462			newNonFullTGDs	0		newFullTGDs	66873
nonFullTGDs	961		fullTGDs	21561			newNonFullTGDs	0		newFullTGDs	66774
nonFullTGDs	961		fullTGDs	21660			newNonFullTGDs	0		newFullTGDs	66675
nonFullTGDs	961		fullTGDs	21760			newNonFullTGDs	0		newFullTGDs	66575
nonFullTGDs	961		fullTGDs	21860			newNonFullTGDs	0		newFullTGDs	66475
nonFullTGDs	961		fullTGDs	21957			newNonFullTGDs	0		newFullTGDs	66378
nonFullTGDs	961		fullTGDs	22055			newNonFullTGDs	0		newFullTGDs	66280
nonFullTGDs	961		fullTGDs	22153			newNonFullTGDs	0		newFullTGDs	66182
nonFullTGDs	961		fullTGDs	22246			newNonFullTGDs	0		newFullTGDs	66089
nonFullTGDs	961		fullTGDs	22342			newNonFullTGDs	0		newFullTGDs	65993
nonFullTGDs	961		fullTGDs	22440			newNonFullTGDs	0		newFullTGDs	65895
nonFullTGDs	961		fullTGDs	22538			newNonFullTGDs	0		newFullTGDs	65797
nonFullTGDs	961		fullTGDs	22634			newNonFullTGDs	0		newFullTGDs	65713
nonFullTGDs	961		fullTGDs	22733			newNonFullTGDs	0		newFullTGDs	65617
nonFullTGDs	961		fullTGDs	22831			newNonFullTGDs	0		newFullTGDs	65525
nonFullTGDs	961		fullTGDs	22930			newNonFullTGDs	0		newFullTGDs	65429
nonFullTGDs	961		fullTGDs	23024			newNonFullTGDs	0		newFullTGDs	65335
nonFullTGDs	961		fullTGDs	23122			newNonFullTGDs	0		newFullTGDs	65237
nonFullTGDs	961		fullTGDs	23216			newNonFullTGDs	0		newFullTGDs	65143
nonFullTGDs	961		fullTGDs	23316			newNonFullTGDs	0		newFullTGDs	65043
nonFullTGDs	961		fullTGDs	23415			newNonFullTGDs	0		newFullTGDs	64944
nonFullTGDs	961		fullTGDs	23513			newNonFullTGDs	0		newFullTGDs	64850
nonFullTGDs	961		fullTGDs	23607			newNonFullTGDs	0		newFullTGDs	64766
nonFullTGDs	961		fullTGDs	23699			newNonFullTGDs	0		newFullTGDs	64690
nonFullTGDs	961		fullTGDs	23797			newNonFullTGDs	0		newFullTGDs	64598
nonFullTGDs	961		fullTGDs	23892			newNonFullTGDs	0		newFullTGDs	64503
nonFullTGDs	961		fullTGDs	23989			newNonFullTGDs	0		newFullTGDs	64406
nonFullTGDs	961		fullTGDs	24089			newNonFullTGDs	0		newFullTGDs	64306
nonFullTGDs	961		fullTGDs	24183			newNonFullTGDs	0		newFullTGDs	64212
nonFullTGDs	961		fullTGDs	24281			newNonFullTGDs	0		newFullTGDs	64114
nonFullTGDs	961		fullTGDs	24379			newNonFullTGDs	0		newFullTGDs	64016
nonFullTGDs	961		fullTGDs	24477			newNonFullTGDs	0		newFullTGDs	63918
nonFullTGDs	961		fullTGDs	24575			newNonFullTGDs	0		newFullTGDs	63820
nonFullTGDs	961		fullTGDs	24673			newNonFullTGDs	0		newFullTGDs	63722
nonFullTGDs	961		fullTGDs	24770			newNonFullTGDs	0		newFullTGDs	63625
nonFullTGDs	961		fullTGDs	24866			newNonFullTGDs	0		newFullTGDs	63529
nonFullTGDs	961		fullTGDs	24959			newNonFullTGDs	0		newFullTGDs	63436
nonFullTGDs	961		fullTGDs	25054			newNonFullTGDs	0		newFullTGDs	63341
nonFullTGDs	961		fullTGDs	25154			newNonFullTGDs	0		newFullTGDs	63241
nonFullTGDs	961		fullTGDs	25252			newNonFullTGDs	0		newFullTGDs	63143
nonFullTGDs	961		fullTGDs	25347			newNonFullTGDs	0		newFullTGDs	63048
nonFullTGDs	961		fullTGDs	25444			newNonFullTGDs	0		newFullTGDs	62951
nonFullTGDs	961		fullTGDs	25542			newNonFullTGDs	0		newFullTGDs	62853
nonFullTGDs	961		fullTGDs	25634			newNonFullTGDs	0		newFullTGDs	62761
nonFullTGDs	961		fullTGDs	25732			newNonFullTGDs	0		newFullTGDs	62663
nonFullTGDs	961		fullTGDs	25813			newNonFullTGDs	0		newFullTGDs	62582
nonFullTGDs	961		fullTGDs	25903			newNonFullTGDs	0		newFullTGDs	62492
nonFullTGDs	961		fullTGDs	25986			newNonFullTGDs	0		newFullTGDs	62409
nonFullTGDs	961		fullTGDs	26082			newNonFullTGDs	0		newFullTGDs	62313
nonFullTGDs	961		fullTGDs	26182			newNonFullTGDs	0		newFullTGDs	62213
nonFullTGDs	961		fullTGDs	26282			newNonFullTGDs	0		newFullTGDs	62113
nonFullTGDs	961		fullTGDs	26382			newNonFullTGDs	0		newFullTGDs	62013
nonFullTGDs	961		fullTGDs	26482			newNonFullTGDs	0		newFullTGDs	61913
nonFullTGDs	961		fullTGDs	26582			newNonFullTGDs	0		newFullTGDs	61813
nonFullTGDs	961		fullTGDs	26681			newNonFullTGDs	0		newFullTGDs	61717
nonFullTGDs	961		fullTGDs	26781			newNonFullTGDs	0		newFullTGDs	61617
nonFullTGDs	961		fullTGDs	26881			newNonFullTGDs	0		newFullTGDs	61517
nonFullTGDs	961		fullTGDs	26981			newNonFullTGDs	0		newFullTGDs	61417
nonFullTGDs	961		fullTGDs	27081			newNonFullTGDs	0		newFullTGDs	61317
nonFullTGDs	961		fullTGDs	27180			newNonFullTGDs	0		newFullTGDs	61221
nonFullTGDs	961		fullTGDs	27280			newNonFullTGDs	0		newFullTGDs	61121
nonFullTGDs	961		fullTGDs	27378			newNonFullTGDs	0		newFullTGDs	61026
nonFullTGDs	961		fullTGDs	27476			newNonFullTGDs	0		newFullTGDs	60934
nonFullTGDs	961		fullTGDs	27576			newNonFullTGDs	0		newFullTGDs	60834
nonFullTGDs	961		fullTGDs	27676			newNonFullTGDs	0		newFullTGDs	60734
nonFullTGDs	961		fullTGDs	27776			newNonFullTGDs	0		newFullTGDs	60634
nonFullTGDs	961		fullTGDs	27876			newNonFullTGDs	0		newFullTGDs	60534
nonFullTGDs	961		fullTGDs	27976			newNonFullTGDs	0		newFullTGDs	60434
nonFullTGDs	961		fullTGDs	28076			newNonFullTGDs	0		newFullTGDs	60334
nonFullTGDs	961		fullTGDs	28176			newNonFullTGDs	0		newFullTGDs	60234
nonFullTGDs	961		fullTGDs	28276			newNonFullTGDs	0		newFullTGDs	60134
nonFullTGDs	961		fullTGDs	28376			newNonFullTGDs	0		newFullTGDs	60034
nonFullTGDs	961		fullTGDs	28476			newNonFullTGDs	0		newFullTGDs	59934
nonFullTGDs	961		fullTGDs	28576			newNonFullTGDs	0		newFullTGDs	59834
nonFullTGDs	961		fullTGDs	28676			newNonFullTGDs	0		newFullTGDs	59734
nonFullTGDs	961		fullTGDs	28776			newNonFullTGDs	0		newFullTGDs	59634
nonFullTGDs	961		fullTGDs	28876			newNonFullTGDs	0		newFullTGDs	59534
nonFullTGDs	961		fullTGDs	28976			newNonFullTGDs	0		newFullTGDs	59434
nonFullTGDs	961		fullTGDs	29076			newNonFullTGDs	0		newFullTGDs	59334
nonFullTGDs	961		fullTGDs	29176			newNonFullTGDs	0		newFullTGDs	59234
nonFullTGDs	961		fullTGDs	29276			newNonFullTGDs	0		newFullTGDs	59134
nonFullTGDs	961		fullTGDs	29376			newNonFullTGDs	0		newFullTGDs	59034
nonFullTGDs	961		fullTGDs	29467			newNonFullTGDs	0		newFullTGDs	58950
nonFullTGDs	961		fullTGDs	29567			newNonFullTGDs	0		newFullTGDs	58850
nonFullTGDs	961		fullTGDs	29666			newNonFullTGDs	0		newFullTGDs	58751
nonFullTGDs	961		fullTGDs	29766			newNonFullTGDs	0		newFullTGDs	58651
nonFullTGDs	961		fullTGDs	29858			newNonFullTGDs	0		newFullTGDs	58566
nonFullTGDs	961		fullTGDs	29958			newNonFullTGDs	0		newFullTGDs	58466
nonFullTGDs	961		fullTGDs	30058			newNonFullTGDs	0		newFullTGDs	58366
nonFullTGDs	961		fullTGDs	30158			newNonFullTGDs	0		newFullTGDs	58266
nonFullTGDs	961		fullTGDs	30251			newNonFullTGDs	0		newFullTGDs	58180
nonFullTGDs	961		fullTGDs	30351			newNonFullTGDs	0		newFullTGDs	58080
nonFullTGDs	961		fullTGDs	30451			newNonFullTGDs	0		newFullTGDs	57980
nonFullTGDs	961		fullTGDs	30551			newNonFullTGDs	0		newFullTGDs	57880
nonFullTGDs	961		fullTGDs	30643			newNonFullTGDs	0		newFullTGDs	57795
nonFullTGDs	961		fullTGDs	30743			newNonFullTGDs	0		newFullTGDs	57695
nonFullTGDs	961		fullTGDs	30843			newNonFullTGDs	0		newFullTGDs	57595
nonFullTGDs	961		fullTGDs	30943			newNonFullTGDs	0		newFullTGDs	57495
nonFullTGDs	961		fullTGDs	31043			newNonFullTGDs	0		newFullTGDs	57395
nonFullTGDs	961		fullTGDs	31143			newNonFullTGDs	0		newFullTGDs	57295
nonFullTGDs	961		fullTGDs	31243			newNonFullTGDs	0		newFullTGDs	57195
nonFullTGDs	961		fullTGDs	31339			newNonFullTGDs	0		newFullTGDs	57102
nonFullTGDs	961		fullTGDs	31437			newNonFullTGDs	0		newFullTGDs	57007
nonFullTGDs	961		fullTGDs	31537			newNonFullTGDs	0		newFullTGDs	56907
nonFullTGDs	961		fullTGDs	31631			newNonFullTGDs	0		newFullTGDs	56819
nonFullTGDs	961		fullTGDs	31722			newNonFullTGDs	0		newFullTGDs	56734
nonFullTGDs	961		fullTGDs	31822			newNonFullTGDs	0		newFullTGDs	56634
nonFullTGDs	961		fullTGDs	31921			newNonFullTGDs	0		newFullTGDs	56538
nonFullTGDs	961		fullTGDs	32013			newNonFullTGDs	0		newFullTGDs	56452
nonFullTGDs	961		fullTGDs	32113			newNonFullTGDs	0		newFullTGDs	56352
nonFullTGDs	961		fullTGDs	32204			newNonFullTGDs	0		newFullTGDs	56267
nonFullTGDs	961		fullTGDs	32304			newNonFullTGDs	0		newFullTGDs	56167
nonFullTGDs	961		fullTGDs	32404			newNonFullTGDs	0		newFullTGDs	56067
nonFullTGDs	961		fullTGDs	32504			newNonFullTGDs	0		newFullTGDs	55967
nonFullTGDs	961		fullTGDs	32601			newNonFullTGDs	0		newFullTGDs	55870
nonFullTGDs	961		fullTGDs	32701			newNonFullTGDs	0		newFullTGDs	55770
nonFullTGDs	961		fullTGDs	32801			newNonFullTGDs	0		newFullTGDs	55670
nonFullTGDs	961		fullTGDs	32899			newNonFullTGDs	0		newFullTGDs	55572
nonFullTGDs	961		fullTGDs	32999			newNonFullTGDs	0		newFullTGDs	55472
nonFullTGDs	961		fullTGDs	33099			newNonFullTGDs	0		newFullTGDs	55372
nonFullTGDs	961		fullTGDs	33189			newNonFullTGDs	0		newFullTGDs	55291
nonFullTGDs	961		fullTGDs	33289			newNonFullTGDs	0		newFullTGDs	55191
nonFullTGDs	961		fullTGDs	33389			newNonFullTGDs	0		newFullTGDs	55091
nonFullTGDs	961		fullTGDs	33489			newNonFullTGDs	0		newFullTGDs	54991
nonFullTGDs	961		fullTGDs	33589			newNonFullTGDs	0		newFullTGDs	54891
nonFullTGDs	961		fullTGDs	33679			newNonFullTGDs	0		newFullTGDs	54810
nonFullTGDs	961		fullTGDs	33774			newNonFullTGDs	0		newFullTGDs	54721
nonFullTGDs	961		fullTGDs	33874			newNonFullTGDs	0		newFullTGDs	54621
nonFullTGDs	961		fullTGDs	33968			newNonFullTGDs	0		newFullTGDs	54533
nonFullTGDs	961		fullTGDs	34041			newNonFullTGDs	0		newFullTGDs	54475
nonFullTGDs	961		fullTGDs	34135			newNonFullTGDs	0		newFullTGDs	54390
nonFullTGDs	961		fullTGDs	34235			newNonFullTGDs	0		newFullTGDs	54290
nonFullTGDs	961		fullTGDs	34330			newNonFullTGDs	0		newFullTGDs	54201
nonFullTGDs	961		fullTGDs	34430			newNonFullTGDs	0		newFullTGDs	54101
nonFullTGDs	961		fullTGDs	34518			newNonFullTGDs	0		newFullTGDs	54022
nonFullTGDs	961		fullTGDs	34618			newNonFullTGDs	0		newFullTGDs	53922
nonFullTGDs	961		fullTGDs	34711			newNonFullTGDs	0		newFullTGDs	53829
nonFullTGDs	961		fullTGDs	34808			newNonFullTGDs	0		newFullTGDs	53732
nonFullTGDs	961		fullTGDs	34908			newNonFullTGDs	0		newFullTGDs	53632
nonFullTGDs	961		fullTGDs	35005			newNonFullTGDs	0		newFullTGDs	53535
nonFullTGDs	961		fullTGDs	35099			newNonFullTGDs	0		newFullTGDs	53441
nonFullTGDs	961		fullTGDs	35194			newNonFullTGDs	0		newFullTGDs	53346
nonFullTGDs	961		fullTGDs	35290			newNonFullTGDs	0		newFullTGDs	53250
nonFullTGDs	961		fullTGDs	35390			newNonFullTGDs	0		newFullTGDs	53150
nonFullTGDs	961		fullTGDs	35478			newNonFullTGDs	0		newFullTGDs	53068
nonFullTGDs	961		fullTGDs	35578			newNonFullTGDs	0		newFullTGDs	52968
nonFullTGDs	961		fullTGDs	35678			newNonFullTGDs	0		newFullTGDs	52868
nonFullTGDs	961		fullTGDs	35778			newNonFullTGDs	0		newFullTGDs	52768
nonFullTGDs	961		fullTGDs	35869			newNonFullTGDs	0		newFullTGDs	52683
nonFullTGDs	961		fullTGDs	35969			newNonFullTGDs	0		newFullTGDs	52583
nonFullTGDs	961		fullTGDs	36069			newNonFullTGDs	0		newFullTGDs	52483
nonFullTGDs	961		fullTGDs	36169			newNonFullTGDs	0		newFullTGDs	52383
nonFullTGDs	961		fullTGDs	36267			newNonFullTGDs	0		newFullTGDs	52288
nonFullTGDs	961		fullTGDs	36363			newNonFullTGDs	0		newFullTGDs	52195
nonFullTGDs	961		fullTGDs	36449			newNonFullTGDs	0		newFullTGDs	52118
nonFullTGDs	961		fullTGDs	36535			newNonFullTGDs	0		newFullTGDs	52041
nonFullTGDs	961		fullTGDs	36622			newNonFullTGDs	0		newFullTGDs	51963
nonFullTGDs	961		fullTGDs	36722			newNonFullTGDs	0		newFullTGDs	51863
nonFullTGDs	961		fullTGDs	36822			newNonFullTGDs	0		newFullTGDs	51763
nonFullTGDs	961		fullTGDs	36901			newNonFullTGDs	0		newFullTGDs	51698
nonFullTGDs	961		fullTGDs	37001			newNonFullTGDs	0		newFullTGDs	51598
nonFullTGDs	961		fullTGDs	37101			newNonFullTGDs	0		newFullTGDs	51498
nonFullTGDs	961		fullTGDs	37201			newNonFullTGDs	0		newFullTGDs	51398
nonFullTGDs	961		fullTGDs	37299			newNonFullTGDs	0		newFullTGDs	51300
nonFullTGDs	961		fullTGDs	37385			newNonFullTGDs	0		newFullTGDs	51223
nonFullTGDs	961		fullTGDs	37464			newNonFullTGDs	0		newFullTGDs	51156
nonFullTGDs	961		fullTGDs	37556			newNonFullTGDs	0		newFullTGDs	51070
nonFullTGDs	961		fullTGDs	37646			newNonFullTGDs	0		newFullTGDs	50989
nonFullTGDs	961		fullTGDs	37743			newNonFullTGDs	0		newFullTGDs	50898
nonFullTGDs	961		fullTGDs	37843			newNonFullTGDs	0		newFullTGDs	50798
nonFullTGDs	961		fullTGDs	37943			newNonFullTGDs	0		newFullTGDs	50698
nonFullTGDs	961		fullTGDs	38040			newNonFullTGDs	0		newFullTGDs	50604
nonFullTGDs	961		fullTGDs	38139			newNonFullTGDs	0		newFullTGDs	50508
nonFullTGDs	961		fullTGDs	38239			newNonFullTGDs	0		newFullTGDs	50408
nonFullTGDs	961		fullTGDs	38339			newNonFullTGDs	0		newFullTGDs	50308
nonFullTGDs	961		fullTGDs	38439			newNonFullTGDs	0		newFullTGDs	50208
nonFullTGDs	961		fullTGDs	38539			newNonFullTGDs	0		newFullTGDs	50108
nonFullTGDs	961		fullTGDs	38639			newNonFullTGDs	0		newFullTGDs	50008
nonFullTGDs	961		fullTGDs	38739			newNonFullTGDs	0		newFullTGDs	49908
nonFullTGDs	961		fullTGDs	38835			newNonFullTGDs	0		newFullTGDs	49818
nonFullTGDs	961		fullTGDs	38931			newNonFullTGDs	0		newFullTGDs	49731
nonFullTGDs	961		fullTGDs	39028			newNonFullTGDs	0		newFullTGDs	49640
nonFullTGDs	961		fullTGDs	39124			newNonFullTGDs	0		newFullTGDs	49553
nonFullTGDs	961		fullTGDs	39224			newNonFullTGDs	0		newFullTGDs	49453
nonFullTGDs	961		fullTGDs	39324			newNonFullTGDs	0		newFullTGDs	49353
nonFullTGDs	961		fullTGDs	39420			newNonFullTGDs	0		newFullTGDs	49266
nonFullTGDs	961		fullTGDs	39520			newNonFullTGDs	0		newFullTGDs	49166
nonFullTGDs	961		fullTGDs	39620			newNonFullTGDs	0		newFullTGDs	49066
nonFullTGDs	961		fullTGDs	39720			newNonFullTGDs	0		newFullTGDs	48966
nonFullTGDs	961		fullTGDs	39820			newNonFullTGDs	0		newFullTGDs	48866
nonFullTGDs	961		fullTGDs	39920			newNonFullTGDs	0		newFullTGDs	48766
nonFullTGDs	961		fullTGDs	40016			newNonFullTGDs	0		newFullTGDs	48676
nonFullTGDs	961		fullTGDs	40112			newNonFullTGDs	0		newFullTGDs	48586
nonFullTGDs	961		fullTGDs	40212			newNonFullTGDs	0		newFullTGDs	48486
nonFullTGDs	961		fullTGDs	40311			newNonFullTGDs	0		newFullTGDs	48387
nonFullTGDs	961		fullTGDs	40411			newNonFullTGDs	0		newFullTGDs	48287
nonFullTGDs	961		fullTGDs	40508			newNonFullTGDs	0		newFullTGDs	48193
nonFullTGDs	961		fullTGDs	40608			newNonFullTGDs	0		newFullTGDs	48093
nonFullTGDs	961		fullTGDs	40708			newNonFullTGDs	0		newFullTGDs	47993
nonFullTGDs	961		fullTGDs	40808			newNonFullTGDs	0		newFullTGDs	47893
nonFullTGDs	961		fullTGDs	40908			newNonFullTGDs	0		newFullTGDs	47793
nonFullTGDs	961		fullTGDs	41007			newNonFullTGDs	0		newFullTGDs	47694
nonFullTGDs	961		fullTGDs	41107			newNonFullTGDs	0		newFullTGDs	47594
nonFullTGDs	961		fullTGDs	41207			newNonFullTGDs	0		newFullTGDs	47494
nonFullTGDs	961		fullTGDs	41307			newNonFullTGDs	0		newFullTGDs	47394
nonFullTGDs	961		fullTGDs	41407			newNonFullTGDs	0		newFullTGDs	47294
nonFullTGDs	961		fullTGDs	41507			newNonFullTGDs	0		newFullTGDs	47194
nonFullTGDs	961		fullTGDs	41605			newNonFullTGDs	0		newFullTGDs	47099
nonFullTGDs	961		fullTGDs	41705			newNonFullTGDs	0		newFullTGDs	46999
nonFullTGDs	961		fullTGDs	41805			newNonFullTGDs	0		newFullTGDs	46899
nonFullTGDs	961		fullTGDs	41905			newNonFullTGDs	0		newFullTGDs	46799
nonFullTGDs	961		fullTGDs	42005			newNonFullTGDs	0		newFullTGDs	46699
nonFullTGDs	961		fullTGDs	42105			newNonFullTGDs	0		newFullTGDs	46599
nonFullTGDs	961		fullTGDs	42205			newNonFullTGDs	0		newFullTGDs	46499
nonFullTGDs	961		fullTGDs	42305			newNonFullTGDs	0		newFullTGDs	46399
nonFullTGDs	961		fullTGDs	42405			newNonFullTGDs	0		newFullTGDs	46299
nonFullTGDs	961		fullTGDs	42505			newNonFullTGDs	0		newFullTGDs	46199
nonFullTGDs	961		fullTGDs	42605			newNonFullTGDs	0		newFullTGDs	46099
nonFullTGDs	961		fullTGDs	42705			newNonFullTGDs	0		newFullTGDs	45999
nonFullTGDs	961		fullTGDs	42802			newNonFullTGDs	0		newFullTGDs	45908
nonFullTGDs	961		fullTGDs	42902			newNonFullTGDs	0		newFullTGDs	45808
nonFullTGDs	961		fullTGDs	43002			newNonFullTGDs	0		newFullTGDs	45708
nonFullTGDs	961		fullTGDs	43102			newNonFullTGDs	0		newFullTGDs	45608
nonFullTGDs	961		fullTGDs	43202			newNonFullTGDs	0		newFullTGDs	45508
nonFullTGDs	961		fullTGDs	43300			newNonFullTGDs	0		newFullTGDs	45413
nonFullTGDs	961		fullTGDs	43400			newNonFullTGDs	0		newFullTGDs	45313
nonFullTGDs	961		fullTGDs	43500			newNonFullTGDs	0		newFullTGDs	45213
nonFullTGDs	961		fullTGDs	43600			newNonFullTGDs	0		newFullTGDs	45113
nonFullTGDs	961		fullTGDs	43700			newNonFullTGDs	0		newFullTGDs	45013
nonFullTGDs	961		fullTGDs	43794			newNonFullTGDs	0		newFullTGDs	44922
nonFullTGDs	961		fullTGDs	43894			newNonFullTGDs	0		newFullTGDs	44822
nonFullTGDs	961		fullTGDs	43994			newNonFullTGDs	0		newFullTGDs	44722
nonFullTGDs	961		fullTGDs	44094			newNonFullTGDs	0		newFullTGDs	44622
nonFullTGDs	961		fullTGDs	44194			newNonFullTGDs	0		newFullTGDs	44522
nonFullTGDs	961		fullTGDs	44288			newNonFullTGDs	0		newFullTGDs	44431
nonFullTGDs	961		fullTGDs	44388			newNonFullTGDs	0		newFullTGDs	44331
nonFullTGDs	961		fullTGDs	44479			newNonFullTGDs	0		newFullTGDs	44249
nonFullTGDs	961		fullTGDs	44579			newNonFullTGDs	0		newFullTGDs	44149
nonFullTGDs	961		fullTGDs	44670			newNonFullTGDs	0		newFullTGDs	44064
nonFullTGDs	961		fullTGDs	44768			newNonFullTGDs	0		newFullTGDs	43969
nonFullTGDs	961		fullTGDs	44860			newNonFullTGDs	0		newFullTGDs	43886
nonFullTGDs	961		fullTGDs	44960			newNonFullTGDs	0		newFullTGDs	43786
nonFullTGDs	961		fullTGDs	45060			newNonFullTGDs	0		newFullTGDs	43686
nonFullTGDs	961		fullTGDs	45149			newNonFullTGDs	0		newFullTGDs	43606
nonFullTGDs	961		fullTGDs	45249			newNonFullTGDs	0		newFullTGDs	43506
nonFullTGDs	961		fullTGDs	45349			newNonFullTGDs	0		newFullTGDs	43406
nonFullTGDs	961		fullTGDs	45449			newNonFullTGDs	0		newFullTGDs	43306
nonFullTGDs	961		fullTGDs	45549			newNonFullTGDs	0		newFullTGDs	43206
nonFullTGDs	961		fullTGDs	45649			newNonFullTGDs	0		newFullTGDs	43106
nonFullTGDs	961		fullTGDs	45739			newNonFullTGDs	0		newFullTGDs	43025
nonFullTGDs	961		fullTGDs	45839			newNonFullTGDs	0		newFullTGDs	42925
nonFullTGDs	961		fullTGDs	45922			newNonFullTGDs	0		newFullTGDs	42857
nonFullTGDs	961		fullTGDs	46022			newNonFullTGDs	0		newFullTGDs	42757
nonFullTGDs	961		fullTGDs	46112			newNonFullTGDs	0		newFullTGDs	42685
nonFullTGDs	961		fullTGDs	46212			newNonFullTGDs	0		newFullTGDs	42585
nonFullTGDs	961		fullTGDs	46306			newNonFullTGDs	0		newFullTGDs	42500
nonFullTGDs	961		fullTGDs	46406			newNonFullTGDs	0		newFullTGDs	42400
nonFullTGDs	961		fullTGDs	46503			newNonFullTGDs	0		newFullTGDs	42312
nonFullTGDs	961		fullTGDs	46603			newNonFullTGDs	0		newFullTGDs	42212
nonFullTGDs	961		fullTGDs	46691			newNonFullTGDs	0		newFullTGDs	42142
nonFullTGDs	961		fullTGDs	46791			newNonFullTGDs	0		newFullTGDs	42042
nonFullTGDs	961		fullTGDs	46887			newNonFullTGDs	0		newFullTGDs	41952
nonFullTGDs	961		fullTGDs	46987			newNonFullTGDs	0		newFullTGDs	41852
nonFullTGDs	961		fullTGDs	47087			newNonFullTGDs	0		newFullTGDs	41752
nonFullTGDs	961		fullTGDs	47187			newNonFullTGDs	0		newFullTGDs	41652
nonFullTGDs	961		fullTGDs	47285			newNonFullTGDs	0		newFullTGDs	41557
nonFullTGDs	961		fullTGDs	47385			newNonFullTGDs	0		newFullTGDs	41457
nonFullTGDs	961		fullTGDs	47485			newNonFullTGDs	0		newFullTGDs	41357
nonFullTGDs	961		fullTGDs	47585			newNonFullTGDs	0		newFullTGDs	41257
nonFullTGDs	961		fullTGDs	47685			newNonFullTGDs	0		newFullTGDs	41157
nonFullTGDs	961		fullTGDs	47785			newNonFullTGDs	0		newFullTGDs	41057
nonFullTGDs	961		fullTGDs	47885			newNonFullTGDs	0		newFullTGDs	40957
nonFullTGDs	961		fullTGDs	47985			newNonFullTGDs	0		newFullTGDs	40857
nonFullTGDs	961		fullTGDs	48082			newNonFullTGDs	0		newFullTGDs	40763
nonFullTGDs	961		fullTGDs	48182			newNonFullTGDs	0		newFullTGDs	40663
nonFullTGDs	961		fullTGDs	48280			newNonFullTGDs	0		newFullTGDs	40571
nonFullTGDs	961		fullTGDs	48380			newNonFullTGDs	0		newFullTGDs	40471
nonFullTGDs	961		fullTGDs	48480			newNonFullTGDs	0		newFullTGDs	40371
nonFullTGDs	961		fullTGDs	48578			newNonFullTGDs	0		newFullTGDs	40279
nonFullTGDs	961		fullTGDs	48678			newNonFullTGDs	0		newFullTGDs	40179
nonFullTGDs	961		fullTGDs	48778			newNonFullTGDs	0		newFullTGDs	40079
nonFullTGDs	961		fullTGDs	48878			newNonFullTGDs	0		newFullTGDs	39979
nonFullTGDs	961		fullTGDs	48977			newNonFullTGDs	0		newFullTGDs	39880
nonFullTGDs	961		fullTGDs	49077			newNonFullTGDs	0		newFullTGDs	39780
nonFullTGDs	961		fullTGDs	49177			newNonFullTGDs	0		newFullTGDs	39680
nonFullTGDs	961		fullTGDs	49277			newNonFullTGDs	0		newFullTGDs	39580
nonFullTGDs	961		fullTGDs	49376			newNonFullTGDs	0		newFullTGDs	39484
nonFullTGDs	961		fullTGDs	49476			newNonFullTGDs	0		newFullTGDs	39384
nonFullTGDs	961		fullTGDs	49576			newNonFullTGDs	0		newFullTGDs	39284
nonFullTGDs	961		fullTGDs	49674			newNonFullTGDs	0		newFullTGDs	39192
nonFullTGDs	961		fullTGDs	49774			newNonFullTGDs	0		newFullTGDs	39092
nonFullTGDs	961		fullTGDs	49874			newNonFullTGDs	0		newFullTGDs	38992
nonFullTGDs	961		fullTGDs	49974			newNonFullTGDs	0		newFullTGDs	38892
nonFullTGDs	961		fullTGDs	50073			newNonFullTGDs	0		newFullTGDs	38793
nonFullTGDs	961		fullTGDs	50173			newNonFullTGDs	0		newFullTGDs	38693
nonFullTGDs	961		fullTGDs	50273			newNonFullTGDs	0		newFullTGDs	38593
nonFullTGDs	961		fullTGDs	50373			newNonFullTGDs	0		newFullTGDs	38493
nonFullTGDs	961		fullTGDs	50473			newNonFullTGDs	0		newFullTGDs	38393
nonFullTGDs	961		fullTGDs	50573			newNonFullTGDs	0		newFullTGDs	38293
nonFullTGDs	961		fullTGDs	50673			newNonFullTGDs	0		newFullTGDs	38193
nonFullTGDs	961		fullTGDs	50773			newNonFullTGDs	0		newFullTGDs	38093
nonFullTGDs	961		fullTGDs	50873			newNonFullTGDs	0		newFullTGDs	37993
nonFullTGDs	961		fullTGDs	50973			newNonFullTGDs	0		newFullTGDs	37893
nonFullTGDs	961		fullTGDs	51073			newNonFullTGDs	0		newFullTGDs	37793
nonFullTGDs	961		fullTGDs	51169			newNonFullTGDs	0		newFullTGDs	37697
nonFullTGDs	961		fullTGDs	51269			newNonFullTGDs	0		newFullTGDs	37597
nonFullTGDs	961		fullTGDs	51363			newNonFullTGDs	0		newFullTGDs	37503
nonFullTGDs	961		fullTGDs	51463			newNonFullTGDs	0		newFullTGDs	37403
nonFullTGDs	961		fullTGDs	51555			newNonFullTGDs	0		newFullTGDs	37311
nonFullTGDs	961		fullTGDs	51655			newNonFullTGDs	0		newFullTGDs	37211
nonFullTGDs	961		fullTGDs	51755			newNonFullTGDs	0		newFullTGDs	37111
nonFullTGDs	961		fullTGDs	51855			newNonFullTGDs	0		newFullTGDs	37011
nonFullTGDs	961		fullTGDs	51955			newNonFullTGDs	0		newFullTGDs	36911
nonFullTGDs	961		fullTGDs	52055			newNonFullTGDs	0		newFullTGDs	36811
nonFullTGDs	961		fullTGDs	52155			newNonFullTGDs	0		newFullTGDs	36711
nonFullTGDs	961		fullTGDs	52255			newNonFullTGDs	0		newFullTGDs	36611
nonFullTGDs	961		fullTGDs	52355			newNonFullTGDs	0		newFullTGDs	36511
nonFullTGDs	961		fullTGDs	52455			newNonFullTGDs	0		newFullTGDs	36411
nonFullTGDs	961		fullTGDs	52555			newNonFullTGDs	0		newFullTGDs	36311
nonFullTGDs	961		fullTGDs	52651			newNonFullTGDs	0		newFullTGDs	36221
nonFullTGDs	961		fullTGDs	52751			newNonFullTGDs	0		newFullTGDs	36121
nonFullTGDs	961		fullTGDs	52848			newNonFullTGDs	0		newFullTGDs	36030
nonFullTGDs	961		fullTGDs	52948			newNonFullTGDs	0		newFullTGDs	35930
nonFullTGDs	961		fullTGDs	53048			newNonFullTGDs	0		newFullTGDs	35830
nonFullTGDs	961		fullTGDs	53148			newNonFullTGDs	0		newFullTGDs	35730
nonFullTGDs	961		fullTGDs	53248			newNonFullTGDs	0		newFullTGDs	35630
nonFullTGDs	961		fullTGDs	53348			newNonFullTGDs	0		newFullTGDs	35530
nonFullTGDs	961		fullTGDs	53448			newNonFullTGDs	0		newFullTGDs	35430
nonFullTGDs	961		fullTGDs	53547			newNonFullTGDs	0		newFullTGDs	35331
nonFullTGDs	961		fullTGDs	53647			newNonFullTGDs	0		newFullTGDs	35231
nonFullTGDs	961		fullTGDs	53747			newNonFullTGDs	0		newFullTGDs	35131
nonFullTGDs	961		fullTGDs	53847			newNonFullTGDs	0		newFullTGDs	35031
nonFullTGDs	961		fullTGDs	53947			newNonFullTGDs	0		newFullTGDs	34931
nonFullTGDs	961		fullTGDs	54047			newNonFullTGDs	0		newFullTGDs	34831
nonFullTGDs	961		fullTGDs	54147			newNonFullTGDs	0		newFullTGDs	34731
nonFullTGDs	961		fullTGDs	54245			newNonFullTGDs	0		newFullTGDs	34636
nonFullTGDs	961		fullTGDs	54343			newNonFullTGDs	0		newFullTGDs	34538
nonFullTGDs	961		fullTGDs	54443			newNonFullTGDs	0		newFullTGDs	34438
nonFullTGDs	961		fullTGDs	54543			newNonFullTGDs	0		newFullTGDs	34338
nonFullTGDs	961		fullTGDs	54643			newNonFullTGDs	0		newFullTGDs	34238
nonFullTGDs	961		fullTGDs	54743			newNonFullTGDs	0		newFullTGDs	34138
nonFullTGDs	961		fullTGDs	54843			newNonFullTGDs	0		newFullTGDs	34038
nonFullTGDs	961		fullTGDs	54943			newNonFullTGDs	0		newFullTGDs	33938
nonFullTGDs	961		fullTGDs	55043			newNonFullTGDs	0		newFullTGDs	33838
nonFullTGDs	961		fullTGDs	55143			newNonFullTGDs	0		newFullTGDs	33738
nonFullTGDs	961		fullTGDs	55243			newNonFullTGDs	0		newFullTGDs	33638
nonFullTGDs	961		fullTGDs	55342			newNonFullTGDs	0		newFullTGDs	33539
nonFullTGDs	961		fullTGDs	55442			newNonFullTGDs	0		newFullTGDs	33439
nonFullTGDs	961		fullTGDs	55541			newNonFullTGDs	0		newFullTGDs	33340
nonFullTGDs	961		fullTGDs	55641			newNonFullTGDs	0		newFullTGDs	33240
nonFullTGDs	961		fullTGDs	55741			newNonFullTGDs	0		newFullTGDs	33140
nonFullTGDs	961		fullTGDs	55836			newNonFullTGDs	0		newFullTGDs	33051
nonFullTGDs	961		fullTGDs	55936			newNonFullTGDs	0		newFullTGDs	32951
nonFullTGDs	961		fullTGDs	56029			newNonFullTGDs	0		newFullTGDs	32867
nonFullTGDs	961		fullTGDs	56127			newNonFullTGDs	0		newFullTGDs	32769
nonFullTGDs	961		fullTGDs	56222			newNonFullTGDs	0		newFullTGDs	32680
nonFullTGDs	961		fullTGDs	56322			newNonFullTGDs	0		newFullTGDs	32580
nonFullTGDs	961		fullTGDs	56422			newNonFullTGDs	0		newFullTGDs	32480
nonFullTGDs	961		fullTGDs	56522			newNonFullTGDs	0		newFullTGDs	32380
nonFullTGDs	961		fullTGDs	56621			newNonFullTGDs	0		newFullTGDs	32284
nonFullTGDs	961		fullTGDs	56721			newNonFullTGDs	0		newFullTGDs	32184
nonFullTGDs	961		fullTGDs	56821			newNonFullTGDs	0		newFullTGDs	32084
nonFullTGDs	961		fullTGDs	56920			newNonFullTGDs	0		newFullTGDs	31988
nonFullTGDs	961		fullTGDs	57020			newNonFullTGDs	0		newFullTGDs	31888
nonFullTGDs	961		fullTGDs	57119			newNonFullTGDs	0		newFullTGDs	31789
nonFullTGDs	961		fullTGDs	57219			newNonFullTGDs	0		newFullTGDs	31689
nonFullTGDs	961		fullTGDs	57319			newNonFullTGDs	0		newFullTGDs	31589
nonFullTGDs	961		fullTGDs	57418			newNonFullTGDs	0		newFullTGDs	31493
nonFullTGDs	961		fullTGDs	57515			newNonFullTGDs	0		newFullTGDs	31402
nonFullTGDs	961		fullTGDs	57614			newNonFullTGDs	0		newFullTGDs	31306
nonFullTGDs	961		fullTGDs	57711			newNonFullTGDs	0		newFullTGDs	31215
nonFullTGDs	961		fullTGDs	57809			newNonFullTGDs	0		newFullTGDs	31120
nonFullTGDs	961		fullTGDs	57908			newNonFullTGDs	0		newFullTGDs	31021
nonFullTGDs	961		fullTGDs	58008			newNonFullTGDs	0		newFullTGDs	30921
nonFullTGDs	961		fullTGDs	58106			newNonFullTGDs	0		newFullTGDs	30823
nonFullTGDs	961		fullTGDs	58206			newNonFullTGDs	0		newFullTGDs	30723
nonFullTGDs	961		fullTGDs	58305			newNonFullTGDs	0		newFullTGDs	30627
nonFullTGDs	961		fullTGDs	58405			newNonFullTGDs	0		newFullTGDs	30527
nonFullTGDs	961		fullTGDs	58505			newNonFullTGDs	0		newFullTGDs	30427
nonFullTGDs	961		fullTGDs	58605			newNonFullTGDs	0		newFullTGDs	30327
nonFullTGDs	961		fullTGDs	58705			newNonFullTGDs	0		newFullTGDs	30227
nonFullTGDs	961		fullTGDs	58805			newNonFullTGDs	0		newFullTGDs	30127
nonFullTGDs	961		fullTGDs	58903			newNonFullTGDs	0		newFullTGDs	30029
nonFullTGDs	961		fullTGDs	59003			newNonFullTGDs	0		newFullTGDs	29929
nonFullTGDs	961		fullTGDs	59103			newNonFullTGDs	0		newFullTGDs	29829
nonFullTGDs	961		fullTGDs	59202			newNonFullTGDs	0		newFullTGDs	29730
nonFullTGDs	961		fullTGDs	59301			newNonFullTGDs	0		newFullTGDs	29631
nonFullTGDs	961		fullTGDs	59401			newNonFullTGDs	0		newFullTGDs	29531
nonFullTGDs	961		fullTGDs	59501			newNonFullTGDs	0		newFullTGDs	29431
nonFullTGDs	961		fullTGDs	59600			newNonFullTGDs	0		newFullTGDs	29332
nonFullTGDs	961		fullTGDs	59698			newNonFullTGDs	0		newFullTGDs	29234
nonFullTGDs	961		fullTGDs	59798			newNonFullTGDs	0		newFullTGDs	29134
nonFullTGDs	961		fullTGDs	59896			newNonFullTGDs	0		newFullTGDs	29036
nonFullTGDs	961		fullTGDs	59996			newNonFullTGDs	0		newFullTGDs	28936
nonFullTGDs	961		fullTGDs	60096			newNonFullTGDs	0		newFullTGDs	28836
nonFullTGDs	961		fullTGDs	60195			newNonFullTGDs	0		newFullTGDs	28737
nonFullTGDs	961		fullTGDs	60291			newNonFullTGDs	0		newFullTGDs	28644
nonFullTGDs	961		fullTGDs	60387			newNonFullTGDs	0		newFullTGDs	28548
nonFullTGDs	961		fullTGDs	60486			newNonFullTGDs	0		newFullTGDs	28452
nonFullTGDs	961		fullTGDs	60586			newNonFullTGDs	0		newFullTGDs	28352
nonFullTGDs	961		fullTGDs	60684			newNonFullTGDs	0		newFullTGDs	28257
nonFullTGDs	961		fullTGDs	60781			newNonFullTGDs	0		newFullTGDs	28160
nonFullTGDs	961		fullTGDs	60877			newNonFullTGDs	0		newFullTGDs	28064
nonFullTGDs	961		fullTGDs	60976			newNonFullTGDs	0		newFullTGDs	27968
nonFullTGDs	961		fullTGDs	61076			newNonFullTGDs	0		newFullTGDs	27868
nonFullTGDs	961		fullTGDs	61174			newNonFullTGDs	0		newFullTGDs	27770
nonFullTGDs	961		fullTGDs	61274			newNonFullTGDs	0		newFullTGDs	27670
nonFullTGDs	961		fullTGDs	61372			newNonFullTGDs	0		newFullTGDs	27572
nonFullTGDs	961		fullTGDs	61471			newNonFullTGDs	0		newFullTGDs	27473
nonFullTGDs	961		fullTGDs	61569			newNonFullTGDs	0		newFullTGDs	27378
nonFullTGDs	961		fullTGDs	61669			newNonFullTGDs	0		newFullTGDs	27278
nonFullTGDs	961		fullTGDs	61767			newNonFullTGDs	0		newFullTGDs	27180
nonFullTGDs	961		fullTGDs	61864			newNonFullTGDs	0		newFullTGDs	27083
nonFullTGDs	961		fullTGDs	61959			newNonFullTGDs	0		newFullTGDs	26991
nonFullTGDs	961		fullTGDs	62059			newNonFullTGDs	0		newFullTGDs	26891
nonFullTGDs	961		fullTGDs	62158			newNonFullTGDs	0		newFullTGDs	26792
nonFullTGDs	961		fullTGDs	62257			newNonFullTGDs	0		newFullTGDs	26693
nonFullTGDs	961		fullTGDs	62355			newNonFullTGDs	0		newFullTGDs	26595
nonFullTGDs	961		fullTGDs	62453			newNonFullTGDs	0		newFullTGDs	26497
nonFullTGDs	961		fullTGDs	62553			newNonFullTGDs	0		newFullTGDs	26397
nonFullTGDs	961		fullTGDs	62653			newNonFullTGDs	0		newFullTGDs	26297
nonFullTGDs	961		fullTGDs	62753			newNonFullTGDs	0		newFullTGDs	26197
nonFullTGDs	961		fullTGDs	62853			newNonFullTGDs	0		newFullTGDs	26097
nonFullTGDs	961		fullTGDs	62953			newNonFullTGDs	0		newFullTGDs	25997
nonFullTGDs	961		fullTGDs	63053			newNonFullTGDs	0		newFullTGDs	25897
nonFullTGDs	961		fullTGDs	63153			newNonFullTGDs	0		newFullTGDs	25797
nonFullTGDs	961		fullTGDs	63252			newNonFullTGDs	0		newFullTGDs	25701
nonFullTGDs	961		fullTGDs	63346			newNonFullTGDs	0		newFullTGDs	25613
nonFullTGDs	961		fullTGDs	63446			newNonFullTGDs	0		newFullTGDs	25513
nonFullTGDs	961		fullTGDs	63545			newNonFullTGDs	0		newFullTGDs	25414
nonFullTGDs	961		fullTGDs	63643			newNonFullTGDs	0		newFullTGDs	25316
nonFullTGDs	961		fullTGDs	63743			newNonFullTGDs	0		newFullTGDs	25216
nonFullTGDs	961		fullTGDs	63841			newNonFullTGDs	0		newFullTGDs	25118
nonFullTGDs	961		fullTGDs	63940			newNonFullTGDs	0		newFullTGDs	25022
nonFullTGDs	961		fullTGDs	64040			newNonFullTGDs	0		newFullTGDs	24922
nonFullTGDs	961		fullTGDs	64140			newNonFullTGDs	0		newFullTGDs	24822
nonFullTGDs	961		fullTGDs	64238			newNonFullTGDs	0		newFullTGDs	24724
nonFullTGDs	961		fullTGDs	64336			newNonFullTGDs	0		newFullTGDs	24626
nonFullTGDs	961		fullTGDs	64434			newNonFullTGDs	0		newFullTGDs	24528
nonFullTGDs	961		fullTGDs	64534			newNonFullTGDs	0		newFullTGDs	24428
nonFullTGDs	961		fullTGDs	64633			newNonFullTGDs	0		newFullTGDs	24329
nonFullTGDs	961		fullTGDs	64732			newNonFullTGDs	0		newFullTGDs	24230
nonFullTGDs	961		fullTGDs	64832			newNonFullTGDs	0		newFullTGDs	24130
nonFullTGDs	961		fullTGDs	64932			newNonFullTGDs	0		newFullTGDs	24030
nonFullTGDs	961		fullTGDs	65031			newNonFullTGDs	0		newFullTGDs	23934
nonFullTGDs	961		fullTGDs	65131			newNonFullTGDs	0		newFullTGDs	23834
nonFullTGDs	961		fullTGDs	65220			newNonFullTGDs	0		newFullTGDs	23751
nonFullTGDs	961		fullTGDs	65318			newNonFullTGDs	0		newFullTGDs	23656
nonFullTGDs	961		fullTGDs	65417			newNonFullTGDs	0		newFullTGDs	23560
nonFullTGDs	961		fullTGDs	65515			newNonFullTGDs	0		newFullTGDs	23465
nonFullTGDs	961		fullTGDs	65614			newNonFullTGDs	0		newFullTGDs	23369
nonFullTGDs	961		fullTGDs	65712			newNonFullTGDs	0		newFullTGDs	23271
nonFullTGDs	961		fullTGDs	65807			newNonFullTGDs	0		newFullTGDs	23182
nonFullTGDs	961		fullTGDs	65905			newNonFullTGDs	0		newFullTGDs	23087
nonFullTGDs	961		fullTGDs	66005			newNonFullTGDs	0		newFullTGDs	22987
nonFullTGDs	961		fullTGDs	66105			newNonFullTGDs	0		newFullTGDs	22887
nonFullTGDs	961		fullTGDs	66204			newNonFullTGDs	0		newFullTGDs	22788
nonFullTGDs	961		fullTGDs	66304			newNonFullTGDs	0		newFullTGDs	22688
nonFullTGDs	961		fullTGDs	66403			newNonFullTGDs	0		newFullTGDs	22589
nonFullTGDs	961		fullTGDs	66502			newNonFullTGDs	0		newFullTGDs	22490
nonFullTGDs	961		fullTGDs	66601			newNonFullTGDs	0		newFullTGDs	22394
nonFullTGDs	961		fullTGDs	66701			newNonFullTGDs	0		newFullTGDs	22294
nonFullTGDs	961		fullTGDs	66798			newNonFullTGDs	0		newFullTGDs	22203
nonFullTGDs	961		fullTGDs	66895			newNonFullTGDs	0		newFullTGDs	22112
nonFullTGDs	961		fullTGDs	66994			newNonFullTGDs	0		newFullTGDs	22013
nonFullTGDs	961		fullTGDs	67093			newNonFullTGDs	0		newFullTGDs	21914
nonFullTGDs	961		fullTGDs	67193			newNonFullTGDs	0		newFullTGDs	21814
nonFullTGDs	961		fullTGDs	67291			newNonFullTGDs	0		newFullTGDs	21716
nonFullTGDs	961		fullTGDs	67390			newNonFullTGDs	0		newFullTGDs	21620
nonFullTGDs	961		fullTGDs	67490			newNonFullTGDs	0		newFullTGDs	21520
nonFullTGDs	961		fullTGDs	67587			newNonFullTGDs	0		newFullTGDs	21426
nonFullTGDs	961		fullTGDs	67683			newNonFullTGDs	0		newFullTGDs	21333
nonFullTGDs	961		fullTGDs	67774			newNonFullTGDs	0		newFullTGDs	21248
nonFullTGDs	961		fullTGDs	67874			newNonFullTGDs	0		newFullTGDs	21148
nonFullTGDs	961		fullTGDs	67967			newNonFullTGDs	0		newFullTGDs	21055
nonFullTGDs	961		fullTGDs	68058			newNonFullTGDs	0		newFullTGDs	20973
nonFullTGDs	961		fullTGDs	68158			newNonFullTGDs	0		newFullTGDs	20873
nonFullTGDs	961		fullTGDs	68255			newNonFullTGDs	0		newFullTGDs	20779
nonFullTGDs	961		fullTGDs	68355			newNonFullTGDs	0		newFullTGDs	20679
nonFullTGDs	961		fullTGDs	68455			newNonFullTGDs	0		newFullTGDs	20579
nonFullTGDs	961		fullTGDs	68554			newNonFullTGDs	0		newFullTGDs	20483
nonFullTGDs	961		fullTGDs	68644			newNonFullTGDs	0		newFullTGDs	20399
nonFullTGDs	961		fullTGDs	68741			newNonFullTGDs	0		newFullTGDs	20305
nonFullTGDs	961		fullTGDs	68840			newNonFullTGDs	0		newFullTGDs	20206
nonFullTGDs	961		fullTGDs	68939			newNonFullTGDs	0		newFullTGDs	20107
nonFullTGDs	961		fullTGDs	69039			newNonFullTGDs	0		newFullTGDs	20007
nonFullTGDs	961		fullTGDs	69139			newNonFullTGDs	0		newFullTGDs	19907
nonFullTGDs	961		fullTGDs	69236			newNonFullTGDs	0		newFullTGDs	19810
nonFullTGDs	961		fullTGDs	69330			newNonFullTGDs	0		newFullTGDs	19725
nonFullTGDs	961		fullTGDs	69427			newNonFullTGDs	0		newFullTGDs	19631
nonFullTGDs	961		fullTGDs	69522			newNonFullTGDs	0		newFullTGDs	19539
nonFullTGDs	961		fullTGDs	69615			newNonFullTGDs	0		newFullTGDs	19452
nonFullTGDs	961		fullTGDs	69715			newNonFullTGDs	0		newFullTGDs	19352
nonFullTGDs	961		fullTGDs	69813			newNonFullTGDs	0		newFullTGDs	19254
nonFullTGDs	961		fullTGDs	69913			newNonFullTGDs	0		newFullTGDs	19154
nonFullTGDs	961		fullTGDs	70013			newNonFullTGDs	0		newFullTGDs	19054
nonFullTGDs	961		fullTGDs	70113			newNonFullTGDs	0		newFullTGDs	18954
nonFullTGDs	961		fullTGDs	70212			newNonFullTGDs	0		newFullTGDs	18855
nonFullTGDs	961		fullTGDs	70302			newNonFullTGDs	0		newFullTGDs	18771
nonFullTGDs	961		fullTGDs	70400			newNonFullTGDs	0		newFullTGDs	18676
nonFullTGDs	961		fullTGDs	70491			newNonFullTGDs	0		newFullTGDs	18591
nonFullTGDs	961		fullTGDs	70589			newNonFullTGDs	0		newFullTGDs	18496
nonFullTGDs	961		fullTGDs	70688			newNonFullTGDs	0		newFullTGDs	18397
nonFullTGDs	961		fullTGDs	70787			newNonFullTGDs	0		newFullTGDs	18301
nonFullTGDs	961		fullTGDs	70885			newNonFullTGDs	0		newFullTGDs	18209
nonFullTGDs	961		fullTGDs	70985			newNonFullTGDs	0		newFullTGDs	18109
nonFullTGDs	961		fullTGDs	71085			newNonFullTGDs	0		newFullTGDs	18009
nonFullTGDs	961		fullTGDs	71185			newNonFullTGDs	0		newFullTGDs	17909
nonFullTGDs	961		fullTGDs	71285			newNonFullTGDs	0		newFullTGDs	17809
nonFullTGDs	961		fullTGDs	71384			newNonFullTGDs	0		newFullTGDs	17710
nonFullTGDs	961		fullTGDs	71483			newNonFullTGDs	0		newFullTGDs	17611
nonFullTGDs	961		fullTGDs	71583			newNonFullTGDs	0		newFullTGDs	17511
nonFullTGDs	961		fullTGDs	71673			newNonFullTGDs	0		newFullTGDs	17430
nonFullTGDs	961		fullTGDs	71773			newNonFullTGDs	0		newFullTGDs	17330
nonFullTGDs	961		fullTGDs	71870			newNonFullTGDs	0		newFullTGDs	17239
nonFullTGDs	961		fullTGDs	71963			newNonFullTGDs	0		newFullTGDs	17152
nonFullTGDs	961		fullTGDs	72059			newNonFullTGDs	0		newFullTGDs	17059
nonFullTGDs	961		fullTGDs	72157			newNonFullTGDs	0		newFullTGDs	16964
nonFullTGDs	961		fullTGDs	72257			newNonFullTGDs	0		newFullTGDs	16864
nonFullTGDs	961		fullTGDs	72357			newNonFullTGDs	0		newFullTGDs	16764
nonFullTGDs	961		fullTGDs	72450			newNonFullTGDs	0		newFullTGDs	16680
nonFullTGDs	961		fullTGDs	72550			newNonFullTGDs	0		newFullTGDs	16580
nonFullTGDs	961		fullTGDs	72647			newNonFullTGDs	0		newFullTGDs	16486
nonFullTGDs	961		fullTGDs	72746			newNonFullTGDs	0		newFullTGDs	16390
nonFullTGDs	961		fullTGDs	72846			newNonFullTGDs	0		newFullTGDs	16290
nonFullTGDs	961		fullTGDs	72946			newNonFullTGDs	0		newFullTGDs	16190
nonFullTGDs	961		fullTGDs	73046			newNonFullTGDs	0		newFullTGDs	16090
nonFullTGDs	961		fullTGDs	73145			newNonFullTGDs	0		newFullTGDs	15991
nonFullTGDs	961		fullTGDs	73244			newNonFullTGDs	0		newFullTGDs	15892
nonFullTGDs	961		fullTGDs	73344			newNonFullTGDs	0		newFullTGDs	15792
nonFullTGDs	961		fullTGDs	73443			newNonFullTGDs	0		newFullTGDs	15693
nonFullTGDs	961		fullTGDs	73537			newNonFullTGDs	0		newFullTGDs	15608
nonFullTGDs	961		fullTGDs	73637			newNonFullTGDs	0		newFullTGDs	15508
nonFullTGDs	961		fullTGDs	73736			newNonFullTGDs	0		newFullTGDs	15409
nonFullTGDs	961		fullTGDs	73836			newNonFullTGDs	0		newFullTGDs	15309
nonFullTGDs	961		fullTGDs	73929			newNonFullTGDs	0		newFullTGDs	15222
nonFullTGDs	961		fullTGDs	74024			newNonFullTGDs	0		newFullTGDs	15130
nonFullTGDs	961		fullTGDs	74116			newNonFullTGDs	0		newFullTGDs	15043
nonFullTGDs	961		fullTGDs	74208			newNonFullTGDs	0		newFullTGDs	14957
nonFullTGDs	961		fullTGDs	74306			newNonFullTGDs	0		newFullTGDs	14859
nonFullTGDs	961		fullTGDs	74395			newNonFullTGDs	0		newFullTGDs	14779
nonFullTGDs	961		fullTGDs	74495			newNonFullTGDs	0		newFullTGDs	14679
nonFullTGDs	961		fullTGDs	74595			newNonFullTGDs	0		newFullTGDs	14579
nonFullTGDs	961		fullTGDs	74695			newNonFullTGDs	0		newFullTGDs	14479
nonFullTGDs	961		fullTGDs	74795			newNonFullTGDs	0		newFullTGDs	14379
nonFullTGDs	961		fullTGDs	74895			newNonFullTGDs	0		newFullTGDs	14279
nonFullTGDs	961		fullTGDs	74995			newNonFullTGDs	0		newFullTGDs	14179
nonFullTGDs	961		fullTGDs	75094			newNonFullTGDs	0		newFullTGDs	14083
nonFullTGDs	961		fullTGDs	75193			newNonFullTGDs	0		newFullTGDs	13984
nonFullTGDs	961		fullTGDs	75293			newNonFullTGDs	0		newFullTGDs	13884
nonFullTGDs	961		fullTGDs	75391			newNonFullTGDs	0		newFullTGDs	13789
nonFullTGDs	961		fullTGDs	75491			newNonFullTGDs	0		newFullTGDs	13689
nonFullTGDs	961		fullTGDs	75591			newNonFullTGDs	0		newFullTGDs	13589
nonFullTGDs	961		fullTGDs	75690			newNonFullTGDs	0		newFullTGDs	13493
nonFullTGDs	961		fullTGDs	75790			newNonFullTGDs	0		newFullTGDs	13393
nonFullTGDs	961		fullTGDs	75890			newNonFullTGDs	0		newFullTGDs	13293
nonFullTGDs	961		fullTGDs	75988			newNonFullTGDs	0		newFullTGDs	13201
nonFullTGDs	961		fullTGDs	76088			newNonFullTGDs	0		newFullTGDs	13101
nonFullTGDs	961		fullTGDs	76188			newNonFullTGDs	0		newFullTGDs	13001
nonFullTGDs	961		fullTGDs	76288			newNonFullTGDs	0		newFullTGDs	12901
nonFullTGDs	961		fullTGDs	76388			newNonFullTGDs	0		newFullTGDs	12801
nonFullTGDs	961		fullTGDs	76488			newNonFullTGDs	0		newFullTGDs	12701
nonFullTGDs	961		fullTGDs	76587			newNonFullTGDs	0		newFullTGDs	12602
nonFullTGDs	961		fullTGDs	76684			newNonFullTGDs	0		newFullTGDs	12511
nonFullTGDs	961		fullTGDs	76783			newNonFullTGDs	0		newFullTGDs	12415
nonFullTGDs	961		fullTGDs	76883			newNonFullTGDs	0		newFullTGDs	12315
nonFullTGDs	961		fullTGDs	76983			newNonFullTGDs	0		newFullTGDs	12215
nonFullTGDs	961		fullTGDs	77082			newNonFullTGDs	0		newFullTGDs	12119
nonFullTGDs	961		fullTGDs	77176			newNonFullTGDs	0		newFullTGDs	12025
nonFullTGDs	961		fullTGDs	77276			newNonFullTGDs	0		newFullTGDs	11925
nonFullTGDs	961		fullTGDs	77375			newNonFullTGDs	0		newFullTGDs	11826
nonFullTGDs	961		fullTGDs	77470			newNonFullTGDs	0		newFullTGDs	11734
nonFullTGDs	961		fullTGDs	77567			newNonFullTGDs	0		newFullTGDs	11640
nonFullTGDs	961		fullTGDs	77662			newNonFullTGDs	0		newFullTGDs	11551
nonFullTGDs	961		fullTGDs	77762			newNonFullTGDs	0		newFullTGDs	11451
nonFullTGDs	961		fullTGDs	77862			newNonFullTGDs	0		newFullTGDs	11351
nonFullTGDs	961		fullTGDs	77962			newNonFullTGDs	0		newFullTGDs	11251
nonFullTGDs	961		fullTGDs	78062			newNonFullTGDs	0		newFullTGDs	11151
nonFullTGDs	961		fullTGDs	78160			newNonFullTGDs	0		newFullTGDs	11059
nonFullTGDs	961		fullTGDs	78259			newNonFullTGDs	0		newFullTGDs	10963
nonFullTGDs	961		fullTGDs	78357			newNonFullTGDs	0		newFullTGDs	10865
nonFullTGDs	961		fullTGDs	78453			newNonFullTGDs	0		newFullTGDs	10769
nonFullTGDs	961		fullTGDs	78543			newNonFullTGDs	0		newFullTGDs	10687
nonFullTGDs	961		fullTGDs	78641			newNonFullTGDs	0		newFullTGDs	10592
nonFullTGDs	961		fullTGDs	78740			newNonFullTGDs	0		newFullTGDs	10493
nonFullTGDs	961		fullTGDs	78839			newNonFullTGDs	0		newFullTGDs	10394
nonFullTGDs	961		fullTGDs	78937			newNonFullTGDs	0		newFullTGDs	10296
nonFullTGDs	961		fullTGDs	79029			newNonFullTGDs	0		newFullTGDs	10213
nonFullTGDs	961		fullTGDs	79129			newNonFullTGDs	0		newFullTGDs	10113
nonFullTGDs	961		fullTGDs	79228			newNonFullTGDs	0		newFullTGDs	10014
nonFullTGDs	961		fullTGDs	79324			newNonFullTGDs	0		newFullTGDs	9927
nonFullTGDs	961		fullTGDs	79423			newNonFullTGDs	0		newFullTGDs	9828
nonFullTGDs	961		fullTGDs	79522			newNonFullTGDs	0		newFullTGDs	9732
nonFullTGDs	961		fullTGDs	79622			newNonFullTGDs	0		newFullTGDs	9632
nonFullTGDs	961		fullTGDs	79722			newNonFullTGDs	0		newFullTGDs	9532
nonFullTGDs	961		fullTGDs	79822			newNonFullTGDs	0		newFullTGDs	9432
nonFullTGDs	961		fullTGDs	79922			newNonFullTGDs	0		newFullTGDs	9332
nonFullTGDs	961		fullTGDs	80021			newNonFullTGDs	0		newFullTGDs	9233
nonFullTGDs	961		fullTGDs	80111			newNonFullTGDs	0		newFullTGDs	9152
nonFullTGDs	961		fullTGDs	80211			newNonFullTGDs	0		newFullTGDs	9052
nonFullTGDs	961		fullTGDs	80311			newNonFullTGDs	0		newFullTGDs	8952
nonFullTGDs	961		fullTGDs	80411			newNonFullTGDs	0		newFullTGDs	8852
nonFullTGDs	961		fullTGDs	80511			newNonFullTGDs	0		newFullTGDs	8752
nonFullTGDs	961		fullTGDs	80611			newNonFullTGDs	0		newFullTGDs	8652
nonFullTGDs	961		fullTGDs	80711			newNonFullTGDs	0		newFullTGDs	8552
nonFullTGDs	961		fullTGDs	80810			newNonFullTGDs	0		newFullTGDs	8453
nonFullTGDs	961		fullTGDs	80910			newNonFullTGDs	0		newFullTGDs	8353
nonFullTGDs	961		fullTGDs	81007			newNonFullTGDs	0		newFullTGDs	8256
nonFullTGDs	961		fullTGDs	81107			newNonFullTGDs	0		newFullTGDs	8156
nonFullTGDs	961		fullTGDs	81207			newNonFullTGDs	0		newFullTGDs	8056
nonFullTGDs	961		fullTGDs	81307			newNonFullTGDs	0		newFullTGDs	7956
nonFullTGDs	961		fullTGDs	81407			newNonFullTGDs	0		newFullTGDs	7856
nonFullTGDs	961		fullTGDs	81504			newNonFullTGDs	0		newFullTGDs	7765
nonFullTGDs	961		fullTGDs	81604			newNonFullTGDs	0		newFullTGDs	7665
nonFullTGDs	961		fullTGDs	81703			newNonFullTGDs	0		newFullTGDs	7569
nonFullTGDs	961		fullTGDs	81803			newNonFullTGDs	0		newFullTGDs	7469
nonFullTGDs	961		fullTGDs	81902			newNonFullTGDs	0		newFullTGDs	7373
nonFullTGDs	961		fullTGDs	82002			newNonFullTGDs	0		newFullTGDs	7273
nonFullTGDs	961		fullTGDs	82102			newNonFullTGDs	0		newFullTGDs	7173
nonFullTGDs	961		fullTGDs	82202			newNonFullTGDs	0		newFullTGDs	7073
nonFullTGDs	961		fullTGDs	82301			newNonFullTGDs	0		newFullTGDs	6974
nonFullTGDs	961		fullTGDs	82398			newNonFullTGDs	0		newFullTGDs	6883
nonFullTGDs	961		fullTGDs	82498			newNonFullTGDs	0		newFullTGDs	6783
nonFullTGDs	961		fullTGDs	82594			newNonFullTGDs	0		newFullTGDs	6693
nonFullTGDs	961		fullTGDs	82694			newNonFullTGDs	0		newFullTGDs	6593
nonFullTGDs	961		fullTGDs	82793			newNonFullTGDs	0		newFullTGDs	6494
nonFullTGDs	961		fullTGDs	82892			newNonFullTGDs	0		newFullTGDs	6398
nonFullTGDs	961		fullTGDs	82992			newNonFullTGDs	0		newFullTGDs	6298
nonFullTGDs	961		fullTGDs	83092			newNonFullTGDs	0		newFullTGDs	6198
nonFullTGDs	961		fullTGDs	83192			newNonFullTGDs	0		newFullTGDs	6098
nonFullTGDs	961		fullTGDs	83292			newNonFullTGDs	0		newFullTGDs	5998
nonFullTGDs	961		fullTGDs	83391			newNonFullTGDs	0		newFullTGDs	5899
nonFullTGDs	961		fullTGDs	83491			newNonFullTGDs	0		newFullTGDs	5799
nonFullTGDs	961		fullTGDs	83591			newNonFullTGDs	0		newFullTGDs	5699
nonFullTGDs	961		fullTGDs	83682			newNonFullTGDs	0		newFullTGDs	5615
nonFullTGDs	961		fullTGDs	83782			newNonFullTGDs	0		newFullTGDs	5515
nonFullTGDs	961		fullTGDs	83875			newNonFullTGDs	0		newFullTGDs	5426
nonFullTGDs	961		fullTGDs	83969			newNonFullTGDs	0		newFullTGDs	5336
nonFullTGDs	961		fullTGDs	84067			newNonFullTGDs	0		newFullTGDs	5241
nonFullTGDs	961		fullTGDs	84166			newNonFullTGDs	0		newFullTGDs	5142
nonFullTGDs	961		fullTGDs	84266			newNonFullTGDs	0		newFullTGDs	5042
nonFullTGDs	961		fullTGDs	84365			newNonFullTGDs	0		newFullTGDs	4943
nonFullTGDs	961		fullTGDs	84457			newNonFullTGDs	0		newFullTGDs	4857
nonFullTGDs	961		fullTGDs	84548			newNonFullTGDs	0		newFullTGDs	4775
nonFullTGDs	961		fullTGDs	84648			newNonFullTGDs	0		newFullTGDs	4675
nonFullTGDs	961		fullTGDs	84748			newNonFullTGDs	0		newFullTGDs	4575
nonFullTGDs	961		fullTGDs	84848			newNonFullTGDs	0		newFullTGDs	4475
nonFullTGDs	961		fullTGDs	84947			newNonFullTGDs	0		newFullTGDs	4376
nonFullTGDs	961		fullTGDs	85047			newNonFullTGDs	0		newFullTGDs	4276
nonFullTGDs	961		fullTGDs	85147			newNonFullTGDs	0		newFullTGDs	4176
nonFullTGDs	961		fullTGDs	85243			newNonFullTGDs	0		newFullTGDs	4083
nonFullTGDs	961		fullTGDs	85343			newNonFullTGDs	0		newFullTGDs	3983
nonFullTGDs	961		fullTGDs	85443			newNonFullTGDs	0		newFullTGDs	3883
nonFullTGDs	961		fullTGDs	85543			newNonFullTGDs	0		newFullTGDs	3783
nonFullTGDs	961		fullTGDs	85643			newNonFullTGDs	0		newFullTGDs	3683
nonFullTGDs	961		fullTGDs	85738			newNonFullTGDs	0		newFullTGDs	3594
nonFullTGDs	961		fullTGDs	85838			newNonFullTGDs	0		newFullTGDs	3494
nonFullTGDs	961		fullTGDs	85938			newNonFullTGDs	0		newFullTGDs	3394
nonFullTGDs	961		fullTGDs	86035			newNonFullTGDs	0		newFullTGDs	3300
nonFullTGDs	961		fullTGDs	86133			newNonFullTGDs	0		newFullTGDs	3205
nonFullTGDs	961		fullTGDs	86231			newNonFullTGDs	0		newFullTGDs	3110
nonFullTGDs	961		fullTGDs	86327			newNonFullTGDs	0		newFullTGDs	3017
nonFullTGDs	961		fullTGDs	86420			newNonFullTGDs	0		newFullTGDs	2931
nonFullTGDs	961		fullTGDs	86520			newNonFullTGDs	0		newFullTGDs	2831
nonFullTGDs	961		fullTGDs	86620			newNonFullTGDs	0		newFullTGDs	2731
nonFullTGDs	961		fullTGDs	86718			newNonFullTGDs	0		newFullTGDs	2633
nonFullTGDs	961		fullTGDs	86818			newNonFullTGDs	0		newFullTGDs	2533
nonFullTGDs	961		fullTGDs	86918			newNonFullTGDs	0		newFullTGDs	2433
nonFullTGDs	961		fullTGDs	87017			newNonFullTGDs	0		newFullTGDs	2334
nonFullTGDs	961		fullTGDs	87112			newNonFullTGDs	0		newFullTGDs	2245
nonFullTGDs	961		fullTGDs	87212			newNonFullTGDs	0		newFullTGDs	2145
nonFullTGDs	961		fullTGDs	87312			newNonFullTGDs	0		newFullTGDs	2045
nonFullTGDs	961		fullTGDs	87412			newNonFullTGDs	0		newFullTGDs	1945
nonFullTGDs	961		fullTGDs	87512			newNonFullTGDs	0		newFullTGDs	1845
nonFullTGDs	961		fullTGDs	87612			newNonFullTGDs	0		newFullTGDs	1745
nonFullTGDs	961		fullTGDs	87711			newNonFullTGDs	0		newFullTGDs	1649
nonFullTGDs	961		fullTGDs	87811			newNonFullTGDs	0		newFullTGDs	1549
nonFullTGDs	961		fullTGDs	87910			newNonFullTGDs	0		newFullTGDs	1450
nonFullTGDs	961		fullTGDs	88009			newNonFullTGDs	0		newFullTGDs	1351
nonFullTGDs	961		fullTGDs	88108			newNonFullTGDs	0		newFullTGDs	1252
nonFullTGDs	961		fullTGDs	88206			newNonFullTGDs	0		newFullTGDs	1154
nonFullTGDs	961		fullTGDs	88305			newNonFullTGDs	0		newFullTGDs	1058
nonFullTGDs	961		fullTGDs	88401			newNonFullTGDs	0		newFullTGDs	968
nonFullTGDs	961		fullTGDs	88501			newNonFullTGDs	0		newFullTGDs	868
nonFullTGDs	961		fullTGDs	88601			newNonFullTGDs	0		newFullTGDs	768
nonFullTGDs	961		fullTGDs	88700			newNonFullTGDs	0		newFullTGDs	672
nonFullTGDs	961		fullTGDs	88800			newNonFullTGDs	0		newFullTGDs	572
nonFullTGDs	961		fullTGDs	88900			newNonFullTGDs	0		newFullTGDs	472
nonFullTGDs	961		fullTGDs	89000			newNonFullTGDs	0		newFullTGDs	372
nonFullTGDs	961		fullTGDs	89100			newNonFullTGDs	0		newFullTGDs	272
nonFullTGDs	961		fullTGDs	89187			newNonFullTGDs	0		newFullTGDs	194
nonFullTGDs	961		fullTGDs	89287			newNonFullTGDs	0		newFullTGDs	94
Nov 12, 2021 9:27:35 PM uk.ac.ox.cs.gsat.SaturationStatistics log
INFO: # initial TGDs: 700 , 958
Nov 12, 2021 9:27:35 PM uk.ac.ox.cs.gsat.SaturationStatistics log
INFO: OrderedSkSat total time : 24166 ms = 24.17 s
Nov 12, 2021 9:27:35 PM uk.ac.ox.cs.gsat.SaturationStatistics log
INFO: Subsumed elements : 1555
Nov 12, 2021 9:27:35 PM uk.ac.ox.cs.gsat.SaturationStatistics log
INFO: Filter discarded elements : 103231699
Nov 12, 2021 9:27:35 PM uk.ac.ox.cs.gsat.SaturationStatistics log
INFO: subsumption time: 20796 ms = 20.80 s
Nov 12, 2021 9:27:35 PM uk.ac.ox.cs.gsat.SaturationStatistics log
INFO: forward subsumption time: 11082 ms = 11.08 s
Nov 12, 2021 9:27:35 PM uk.ac.ox.cs.gsat.SaturationStatistics log
INFO: backward subsumption time: 9714 ms = 9.71 s
Nov 12, 2021 9:27:35 PM uk.ac.ox.cs.gsat.SaturationStatistics log
INFO: Derived full/non full TGDs: 90547 , 3
Nov 12, 2021 9:27:35 PM uk.ac.ox.cs.gsat.SaturationStatistics log
INFO: discarded tautology count: 308
Nov 12, 2021 9:27:35 PM uk.ac.ox.cs.gsat.EvolveStatistics log
INFO: Stop because subsumed: 1555
Nov 12, 2021 9:27:35 PM uk.ac.ox.cs.gsat.EvolveStatistics log
INFO: evolved equals to current: 0
Nov 12, 2021 9:27:35 PM uk.ac.ox.cs.gsat.EvolveStatistics log
INFO: evolved time: 935 ms = 0.94 s
Nov 12, 2021 9:27:35 PM uk.ac.ox.cs.gsat.EvolveStatistics log
INFO: evolve count: 90872
Nov 12, 2021 9:27:35 PM uk.ac.ox.cs.gsat.SkolemStatistics log
INFO: maximum number of Skolem atoms in body: 1
Nov 12, 2021 9:27:35 PM uk.ac.ox.cs.gsat.SkolemStatistics log
INFO: left derived TGD with Skolem in the body: 0
Nov 12, 2021 9:27:35 PM uk.ac.ox.cs.gsat.SkolemStatistics log
INFO: right derived TGD with Skolem in the body: 88992
Nov 12, 2021 9:27:35 PM uk.ac.ox.cs.gsat.SkolemStatistics log
INFO: derived TGD with more than two Skolem atoms in the body: 0
Nov 12, 2021 9:27:35 PM uk.ac.ox.cs.gsat.AbstractSaturation run
INFO: ouptput full TGDs not contained in the input: 1555
Nov 12, 2021 9:27:35 PM uk.ac.ox.cs.gsat.App executeAllSteps
INFO: Rewriting completed!
Full TGD saturation: (2255 dependecies)
Nov 12, 2021 9:27:35 PM uk.ac.ox.cs.gsat.App executeAllSteps
INFO: Writing the saturation in the Datalog file 00575.rul
