Starting Saturation...
Executing from DLGP files
SLF4J: Failed to load class "org.slf4j.impl.StaticLoggerBinder".
SLF4J: Defaulting to no-operation (NOP) logger implementation
SLF4J: See http://www.slf4j.org/codes.html#StaticLoggerBinder for further details.
# Rules: 3465; # Atoms: 0; # AtomSets: 0; # Queries: 0; # Constraints: 0
Full TGD saturation algorithm: ordered skolemized Sat
Running OrderedSkSat...
Nov 12, 2021 9:33:24 PM uk.ac.ox.cs.gsat.AbstractSaturation run
INFO: OrderedSkSat discarded rules : 0/3465 = 0.000%
OrderedSkSat discarded rules : 0/3465 = 0.000%
Nov 12, 2021 9:33:24 PM uk.ac.ox.cs.gsat.AbstractSaturation run
INFO: Subsumption method : tree_predicate
length of the formulas: 2.1142936
number of bags: 13
length of the formulas: 2.1142936
number of bags: 13
nonFullTGDs	0		fullTGDs	2452			newNonFullTGDs	1144		newFullTGDs	0
nonFullTGDs	100		fullTGDs	2452			newNonFullTGDs	1114		newFullTGDs	669
nonFullTGDs	200		fullTGDs	2452			newNonFullTGDs	1074		newFullTGDs	1575
nonFullTGDs	300		fullTGDs	2452			newNonFullTGDs	1047		newFullTGDs	2352
nonFullTGDs	400		fullTGDs	2452			newNonFullTGDs	1021		newFullTGDs	2412
nonFullTGDs	500		fullTGDs	2452			newNonFullTGDs	998		newFullTGDs	2472
nonFullTGDs	600		fullTGDs	2452			newNonFullTGDs	958		newFullTGDs	4416
nonFullTGDs	700		fullTGDs	2452			newNonFullTGDs	922		newFullTGDs	5915
nonFullTGDs	800		fullTGDs	2452			newNonFullTGDs	892		newFullTGDs	6431
nonFullTGDs	900		fullTGDs	2452			newNonFullTGDs	875		newFullTGDs	6541
nonFullTGDs	1000		fullTGDs	2452			newNonFullTGDs	854		newFullTGDs	6646
nonFullTGDs	1100		fullTGDs	2452			newNonFullTGDs	832		newFullTGDs	6786
nonFullTGDs	1200		fullTGDs	2452			newNonFullTGDs	811		newFullTGDs	6931
nonFullTGDs	1300		fullTGDs	2452			newNonFullTGDs	794		newFullTGDs	7016
nonFullTGDs	1400		fullTGDs	2452			newNonFullTGDs	772		newFullTGDs	7181
nonFullTGDs	1500		fullTGDs	2452			newNonFullTGDs	752		newFullTGDs	7331
nonFullTGDs	1600		fullTGDs	2452			newNonFullTGDs	735		newFullTGDs	7451
nonFullTGDs	1700		fullTGDs	2452			newNonFullTGDs	712		newFullTGDs	7621
nonFullTGDs	1800		fullTGDs	2452			newNonFullTGDs	694		newFullTGDs	7736
nonFullTGDs	1900		fullTGDs	2452			newNonFullTGDs	668		newFullTGDs	7892
nonFullTGDs	2000		fullTGDs	2452			newNonFullTGDs	652		newFullTGDs	7997
nonFullTGDs	2100		fullTGDs	2452			newNonFullTGDs	625		newFullTGDs	8284
nonFullTGDs	2200		fullTGDs	2452			newNonFullTGDs	592		newFullTGDs	9361
nonFullTGDs	2300		fullTGDs	2452			newNonFullTGDs	566		newFullTGDs	10156
nonFullTGDs	2400		fullTGDs	2452			newNonFullTGDs	516		newFullTGDs	12429
nonFullTGDs	2500		fullTGDs	2452			newNonFullTGDs	475		newFullTGDs	13552
nonFullTGDs	2600		fullTGDs	2452			newNonFullTGDs	437		newFullTGDs	14480
nonFullTGDs	2700		fullTGDs	2452			newNonFullTGDs	400		newFullTGDs	16699
nonFullTGDs	2800		fullTGDs	2452			newNonFullTGDs	353		newFullTGDs	19502
nonFullTGDs	2900		fullTGDs	2452			newNonFullTGDs	316		newFullTGDs	20437
nonFullTGDs	3000		fullTGDs	2452			newNonFullTGDs	291		newFullTGDs	20522
nonFullTGDs	3100		fullTGDs	2452			newNonFullTGDs	269		newFullTGDs	20577
nonFullTGDs	3200		fullTGDs	2452			newNonFullTGDs	235		newFullTGDs	22370
nonFullTGDs	3300		fullTGDs	2452			newNonFullTGDs	200		newFullTGDs	23934
nonFullTGDs	3400		fullTGDs	2452			newNonFullTGDs	166		newFullTGDs	24331
nonFullTGDs	3500		fullTGDs	2452			newNonFullTGDs	141		newFullTGDs	24552
nonFullTGDs	3600		fullTGDs	2452			newNonFullTGDs	115		newFullTGDs	24893
nonFullTGDs	3700		fullTGDs	2452			newNonFullTGDs	84		newFullTGDs	24956
nonFullTGDs	3800		fullTGDs	2452			newNonFullTGDs	52		newFullTGDs	25494
nonFullTGDs	3900		fullTGDs	2452			newNonFullTGDs	8		newFullTGDs	27276
nonFullTGDs	3919		fullTGDs	2533			newNonFullTGDs	0		newFullTGDs	27780
nonFullTGDs	3919		fullTGDs	2632			newNonFullTGDs	0		newFullTGDs	28058
nonFullTGDs	3919		fullTGDs	2732			newNonFullTGDs	0		newFullTGDs	27958
nonFullTGDs	3919		fullTGDs	2832			newNonFullTGDs	0		newFullTGDs	27858
nonFullTGDs	3919		fullTGDs	2931			newNonFullTGDs	0		newFullTGDs	28135
nonFullTGDs	3919		fullTGDs	3031			newNonFullTGDs	0		newFullTGDs	28035
nonFullTGDs	3919		fullTGDs	3131			newNonFullTGDs	0		newFullTGDs	27935
nonFullTGDs	3919		fullTGDs	3231			newNonFullTGDs	0		newFullTGDs	27835
nonFullTGDs	3919		fullTGDs	3331			newNonFullTGDs	0		newFullTGDs	27735
nonFullTGDs	3919		fullTGDs	3430			newNonFullTGDs	0		newFullTGDs	28013
nonFullTGDs	3919		fullTGDs	3530			newNonFullTGDs	0		newFullTGDs	27913
nonFullTGDs	3919		fullTGDs	3630			newNonFullTGDs	0		newFullTGDs	27813
nonFullTGDs	3919		fullTGDs	3730			newNonFullTGDs	0		newFullTGDs	27713
nonFullTGDs	3919		fullTGDs	3828			newNonFullTGDs	0		newFullTGDs	27991
nonFullTGDs	3919		fullTGDs	3928			newNonFullTGDs	0		newFullTGDs	27891
nonFullTGDs	3919		fullTGDs	4028			newNonFullTGDs	0		newFullTGDs	27791
nonFullTGDs	3919		fullTGDs	4128			newNonFullTGDs	0		newFullTGDs	27691
nonFullTGDs	3919		fullTGDs	4228			newNonFullTGDs	0		newFullTGDs	27591
nonFullTGDs	3919		fullTGDs	4328			newNonFullTGDs	0		newFullTGDs	27491
nonFullTGDs	3919		fullTGDs	4428			newNonFullTGDs	0		newFullTGDs	27391
nonFullTGDs	3919		fullTGDs	4528			newNonFullTGDs	0		newFullTGDs	27291
nonFullTGDs	3919		fullTGDs	4628			newNonFullTGDs	0		newFullTGDs	27191
nonFullTGDs	3919		fullTGDs	4725			newNonFullTGDs	0		newFullTGDs	27102
nonFullTGDs	3919		fullTGDs	4825			newNonFullTGDs	0		newFullTGDs	27002
nonFullTGDs	3919		fullTGDs	4921			newNonFullTGDs	0		newFullTGDs	26912
nonFullTGDs	3919		fullTGDs	5021			newNonFullTGDs	0		newFullTGDs	26812
nonFullTGDs	3919		fullTGDs	5121			newNonFullTGDs	0		newFullTGDs	26712
nonFullTGDs	3919		fullTGDs	5221			newNonFullTGDs	0		newFullTGDs	26612
nonFullTGDs	3919		fullTGDs	5317			newNonFullTGDs	0		newFullTGDs	26516
nonFullTGDs	3919		fullTGDs	5411			newNonFullTGDs	0		newFullTGDs	26422
nonFullTGDs	3919		fullTGDs	5504			newNonFullTGDs	0		newFullTGDs	26347
nonFullTGDs	3919		fullTGDs	5602			newNonFullTGDs	0		newFullTGDs	26264
nonFullTGDs	3919		fullTGDs	5702			newNonFullTGDs	0		newFullTGDs	26164
nonFullTGDs	3919		fullTGDs	5802			newNonFullTGDs	0		newFullTGDs	26064
nonFullTGDs	3919		fullTGDs	5902			newNonFullTGDs	0		newFullTGDs	25964
nonFullTGDs	3919		fullTGDs	6002			newNonFullTGDs	0		newFullTGDs	25864
nonFullTGDs	3919		fullTGDs	6102			newNonFullTGDs	0		newFullTGDs	25764
nonFullTGDs	3919		fullTGDs	6201			newNonFullTGDs	0		newFullTGDs	25667
nonFullTGDs	3919		fullTGDs	6301			newNonFullTGDs	0		newFullTGDs	25567
nonFullTGDs	3919		fullTGDs	6399			newNonFullTGDs	0		newFullTGDs	25478
nonFullTGDs	3919		fullTGDs	6499			newNonFullTGDs	0		newFullTGDs	25378
nonFullTGDs	3919		fullTGDs	6599			newNonFullTGDs	0		newFullTGDs	25278
nonFullTGDs	3919		fullTGDs	6699			newNonFullTGDs	0		newFullTGDs	25178
nonFullTGDs	3919		fullTGDs	6799			newNonFullTGDs	0		newFullTGDs	25078
nonFullTGDs	3919		fullTGDs	6899			newNonFullTGDs	0		newFullTGDs	24978
nonFullTGDs	3919		fullTGDs	6999			newNonFullTGDs	0		newFullTGDs	24878
nonFullTGDs	3919		fullTGDs	7098			newNonFullTGDs	0		newFullTGDs	24785
nonFullTGDs	3919		fullTGDs	7196			newNonFullTGDs	0		newFullTGDs	24693
nonFullTGDs	3919		fullTGDs	7296			newNonFullTGDs	0		newFullTGDs	24593
nonFullTGDs	3919		fullTGDs	7396			newNonFullTGDs	0		newFullTGDs	24493
nonFullTGDs	3919		fullTGDs	7494			newNonFullTGDs	0		newFullTGDs	24395
nonFullTGDs	3919		fullTGDs	7593			newNonFullTGDs	0		newFullTGDs	24300
nonFullTGDs	3919		fullTGDs	7693			newNonFullTGDs	0		newFullTGDs	24200
nonFullTGDs	3919		fullTGDs	7792			newNonFullTGDs	0		newFullTGDs	24103
nonFullTGDs	3919		fullTGDs	7892			newNonFullTGDs	0		newFullTGDs	24003
nonFullTGDs	3919		fullTGDs	7992			newNonFullTGDs	0		newFullTGDs	23903
nonFullTGDs	3919		fullTGDs	8091			newNonFullTGDs	0		newFullTGDs	23804
nonFullTGDs	3919		fullTGDs	8190			newNonFullTGDs	0		newFullTGDs	23712
nonFullTGDs	3919		fullTGDs	8289			newNonFullTGDs	0		newFullTGDs	23620
nonFullTGDs	3919		fullTGDs	8389			newNonFullTGDs	0		newFullTGDs	23520
nonFullTGDs	3919		fullTGDs	8488			newNonFullTGDs	0		newFullTGDs	23423
nonFullTGDs	3919		fullTGDs	8587			newNonFullTGDs	0		newFullTGDs	23336
nonFullTGDs	3919		fullTGDs	8681			newNonFullTGDs	0		newFullTGDs	23244
nonFullTGDs	3919		fullTGDs	8779			newNonFullTGDs	0		newFullTGDs	23522
nonFullTGDs	3919		fullTGDs	8879			newNonFullTGDs	0		newFullTGDs	23422
nonFullTGDs	3919		fullTGDs	8979			newNonFullTGDs	0		newFullTGDs	23322
nonFullTGDs	3919		fullTGDs	9079			newNonFullTGDs	0		newFullTGDs	23222
nonFullTGDs	3919		fullTGDs	9178			newNonFullTGDs	0		newFullTGDs	23122
nonFullTGDs	3919		fullTGDs	9265			newNonFullTGDs	0		newFullTGDs	23053
nonFullTGDs	3919		fullTGDs	9364			newNonFullTGDs	0		newFullTGDs	22953
nonFullTGDs	3919		fullTGDs	9461			newNonFullTGDs	0		newFullTGDs	22858
nonFullTGDs	3919		fullTGDs	9559			newNonFullTGDs	0		newFullTGDs	22758
nonFullTGDs	3919		fullTGDs	9649			newNonFullTGDs	0		newFullTGDs	22686
nonFullTGDs	3919		fullTGDs	9745			newNonFullTGDs	0		newFullTGDs	22597
nonFullTGDs	3919		fullTGDs	9844			newNonFullTGDs	0		newFullTGDs	22500
nonFullTGDs	3919		fullTGDs	9939			newNonFullTGDs	0		newFullTGDs	22415
nonFullTGDs	3919		fullTGDs	10039			newNonFullTGDs	0		newFullTGDs	22315
nonFullTGDs	3919		fullTGDs	10139			newNonFullTGDs	0		newFullTGDs	22215
nonFullTGDs	3919		fullTGDs	10235			newNonFullTGDs	0		newFullTGDs	22124
nonFullTGDs	3919		fullTGDs	10330			newNonFullTGDs	0		newFullTGDs	22031
nonFullTGDs	3919		fullTGDs	10427			newNonFullTGDs	0		newFullTGDs	21934
nonFullTGDs	3919		fullTGDs	10525			newNonFullTGDs	0		newFullTGDs	21840
nonFullTGDs	3919		fullTGDs	10623			newNonFullTGDs	0		newFullTGDs	21742
nonFullTGDs	3919		fullTGDs	10723			newNonFullTGDs	0		newFullTGDs	21642
nonFullTGDs	3919		fullTGDs	10822			newNonFullTGDs	0		newFullTGDs	21547
nonFullTGDs	3919		fullTGDs	10917			newNonFullTGDs	0		newFullTGDs	21456
nonFullTGDs	3919		fullTGDs	11012			newNonFullTGDs	0		newFullTGDs	21361
nonFullTGDs	3919		fullTGDs	11112			newNonFullTGDs	0		newFullTGDs	21261
nonFullTGDs	3919		fullTGDs	11210			newNonFullTGDs	0		newFullTGDs	21165
nonFullTGDs	3919		fullTGDs	11310			newNonFullTGDs	0		newFullTGDs	21065
nonFullTGDs	3919		fullTGDs	11407			newNonFullTGDs	0		newFullTGDs	20971
nonFullTGDs	3919		fullTGDs	11507			newNonFullTGDs	0		newFullTGDs	20871
nonFullTGDs	3919		fullTGDs	11607			newNonFullTGDs	0		newFullTGDs	20771
nonFullTGDs	3919		fullTGDs	11707			newNonFullTGDs	0		newFullTGDs	20671
nonFullTGDs	3919		fullTGDs	11807			newNonFullTGDs	0		newFullTGDs	20571
nonFullTGDs	3919		fullTGDs	11907			newNonFullTGDs	0		newFullTGDs	20471
nonFullTGDs	3919		fullTGDs	12007			newNonFullTGDs	0		newFullTGDs	20371
nonFullTGDs	3919		fullTGDs	12107			newNonFullTGDs	0		newFullTGDs	20271
nonFullTGDs	3919		fullTGDs	12207			newNonFullTGDs	0		newFullTGDs	20171
nonFullTGDs	3919		fullTGDs	12307			newNonFullTGDs	0		newFullTGDs	20071
nonFullTGDs	3919		fullTGDs	12406			newNonFullTGDs	0		newFullTGDs	20017
nonFullTGDs	3919		fullTGDs	12506			newNonFullTGDs	0		newFullTGDs	19917
nonFullTGDs	3919		fullTGDs	12605			newNonFullTGDs	0		newFullTGDs	19863
nonFullTGDs	3919		fullTGDs	12698			newNonFullTGDs	0		newFullTGDs	19785
nonFullTGDs	3919		fullTGDs	12798			newNonFullTGDs	0		newFullTGDs	19685
nonFullTGDs	3919		fullTGDs	12898			newNonFullTGDs	0		newFullTGDs	19585
nonFullTGDs	3919		fullTGDs	12997			newNonFullTGDs	0		newFullTGDs	19486
nonFullTGDs	3919		fullTGDs	13097			newNonFullTGDs	0		newFullTGDs	19386
nonFullTGDs	3919		fullTGDs	13197			newNonFullTGDs	0		newFullTGDs	19286
nonFullTGDs	3919		fullTGDs	13297			newNonFullTGDs	0		newFullTGDs	19186
nonFullTGDs	3919		fullTGDs	13396			newNonFullTGDs	0		newFullTGDs	19089
nonFullTGDs	3919		fullTGDs	13496			newNonFullTGDs	0		newFullTGDs	18989
nonFullTGDs	3919		fullTGDs	13596			newNonFullTGDs	0		newFullTGDs	18889
nonFullTGDs	3919		fullTGDs	13696			newNonFullTGDs	0		newFullTGDs	18789
nonFullTGDs	3919		fullTGDs	13795			newNonFullTGDs	0		newFullTGDs	18756
nonFullTGDs	3919		fullTGDs	13894			newNonFullTGDs	0		newFullTGDs	18658
nonFullTGDs	3919		fullTGDs	13993			newNonFullTGDs	0		newFullTGDs	18625
nonFullTGDs	3919		fullTGDs	14093			newNonFullTGDs	0		newFullTGDs	18525
nonFullTGDs	3919		fullTGDs	14192			newNonFullTGDs	0		newFullTGDs	18426
nonFullTGDs	3919		fullTGDs	14290			newNonFullTGDs	0		newFullTGDs	18329
nonFullTGDs	3919		fullTGDs	14389			newNonFullTGDs	0		newFullTGDs	18236
nonFullTGDs	3919		fullTGDs	14488			newNonFullTGDs	0		newFullTGDs	18143
nonFullTGDs	3919		fullTGDs	14585			newNonFullTGDs	0		newFullTGDs	18063
nonFullTGDs	3919		fullTGDs	14685			newNonFullTGDs	0		newFullTGDs	17963
nonFullTGDs	3919		fullTGDs	14784			newNonFullTGDs	0		newFullTGDs	17870
nonFullTGDs	3919		fullTGDs	14882			newNonFullTGDs	0		newFullTGDs	17786
nonFullTGDs	3919		fullTGDs	14980			newNonFullTGDs	0		newFullTGDs	17689
nonFullTGDs	3919		fullTGDs	15078			newNonFullTGDs	0		newFullTGDs	17681
nonFullTGDs	3919		fullTGDs	15177			newNonFullTGDs	0		newFullTGDs	17648
nonFullTGDs	3919		fullTGDs	15277			newNonFullTGDs	0		newFullTGDs	17548
nonFullTGDs	3919		fullTGDs	15373			newNonFullTGDs	0		newFullTGDs	17472
nonFullTGDs	3919		fullTGDs	15472			newNonFullTGDs	0		newFullTGDs	17373
nonFullTGDs	3919		fullTGDs	15570			newNonFullTGDs	0		newFullTGDs	17283
nonFullTGDs	3919		fullTGDs	15669			newNonFullTGDs	0		newFullTGDs	17190
nonFullTGDs	3919		fullTGDs	15767			newNonFullTGDs	0		newFullTGDs	17104
nonFullTGDs	3919		fullTGDs	15865			newNonFullTGDs	0		newFullTGDs	17006
nonFullTGDs	3919		fullTGDs	15960			newNonFullTGDs	0		newFullTGDs	16920
nonFullTGDs	3919		fullTGDs	16059			newNonFullTGDs	0		newFullTGDs	16821
nonFullTGDs	3919		fullTGDs	16152			newNonFullTGDs	0		newFullTGDs	16752
nonFullTGDs	3919		fullTGDs	16250			newNonFullTGDs	0		newFullTGDs	16666
nonFullTGDs	3919		fullTGDs	16350			newNonFullTGDs	0		newFullTGDs	16566
nonFullTGDs	3919		fullTGDs	16448			newNonFullTGDs	0		newFullTGDs	16482
nonFullTGDs	3919		fullTGDs	16548			newNonFullTGDs	0		newFullTGDs	16382
nonFullTGDs	3919		fullTGDs	16645			newNonFullTGDs	0		newFullTGDs	16300
nonFullTGDs	3919		fullTGDs	16740			newNonFullTGDs	0		newFullTGDs	16216
nonFullTGDs	3919		fullTGDs	16830			newNonFullTGDs	0		newFullTGDs	16160
nonFullTGDs	3919		fullTGDs	16928			newNonFullTGDs	0		newFullTGDs	16438
nonFullTGDs	3919		fullTGDs	17028			newNonFullTGDs	0		newFullTGDs	16338
nonFullTGDs	3919		fullTGDs	17128			newNonFullTGDs	0		newFullTGDs	16238
nonFullTGDs	3919		fullTGDs	17228			newNonFullTGDs	0		newFullTGDs	16138
nonFullTGDs	3919		fullTGDs	17314			newNonFullTGDs	0		newFullTGDs	16059
nonFullTGDs	3919		fullTGDs	17414			newNonFullTGDs	0		newFullTGDs	15959
nonFullTGDs	3919		fullTGDs	17495			newNonFullTGDs	0		newFullTGDs	15905
nonFullTGDs	3919		fullTGDs	17595			newNonFullTGDs	0		newFullTGDs	15805
nonFullTGDs	3919		fullTGDs	17694			newNonFullTGDs	0		newFullTGDs	15718
nonFullTGDs	3919		fullTGDs	17792			newNonFullTGDs	0		newFullTGDs	15631
nonFullTGDs	3919		fullTGDs	17892			newNonFullTGDs	0		newFullTGDs	15531
nonFullTGDs	3919		fullTGDs	17992			newNonFullTGDs	0		newFullTGDs	15431
nonFullTGDs	3919		fullTGDs	18090			newNonFullTGDs	0		newFullTGDs	15350
nonFullTGDs	3919		fullTGDs	18188			newNonFullTGDs	0		newFullTGDs	15251
nonFullTGDs	3919		fullTGDs	18273			newNonFullTGDs	0		newFullTGDs	15196
nonFullTGDs	3919		fullTGDs	18371			newNonFullTGDs	0		newFullTGDs	15103
nonFullTGDs	3919		fullTGDs	18468			newNonFullTGDs	0		newFullTGDs	15020
nonFullTGDs	3919		fullTGDs	18568			newNonFullTGDs	0		newFullTGDs	14920
nonFullTGDs	3919		fullTGDs	18668			newNonFullTGDs	0		newFullTGDs	14820
nonFullTGDs	3919		fullTGDs	18768			newNonFullTGDs	0		newFullTGDs	14720
nonFullTGDs	3919		fullTGDs	18868			newNonFullTGDs	0		newFullTGDs	14620
nonFullTGDs	3919		fullTGDs	18968			newNonFullTGDs	0		newFullTGDs	14520
nonFullTGDs	3919		fullTGDs	19068			newNonFullTGDs	0		newFullTGDs	14420
nonFullTGDs	3919		fullTGDs	19168			newNonFullTGDs	0		newFullTGDs	14320
nonFullTGDs	3919		fullTGDs	19267			newNonFullTGDs	0		newFullTGDs	14232
nonFullTGDs	3919		fullTGDs	19367			newNonFullTGDs	0		newFullTGDs	14132
nonFullTGDs	3919		fullTGDs	19465			newNonFullTGDs	0		newFullTGDs	14034
nonFullTGDs	3919		fullTGDs	19565			newNonFullTGDs	0		newFullTGDs	13934
nonFullTGDs	3919		fullTGDs	19662			newNonFullTGDs	0		newFullTGDs	13849
nonFullTGDs	3919		fullTGDs	19762			newNonFullTGDs	0		newFullTGDs	13755
nonFullTGDs	3919		fullTGDs	19862			newNonFullTGDs	0		newFullTGDs	13655
nonFullTGDs	3919		fullTGDs	19962			newNonFullTGDs	0		newFullTGDs	13555
nonFullTGDs	3919		fullTGDs	20062			newNonFullTGDs	0		newFullTGDs	13455
nonFullTGDs	3919		fullTGDs	20162			newNonFullTGDs	0		newFullTGDs	13355
nonFullTGDs	3919		fullTGDs	20262			newNonFullTGDs	0		newFullTGDs	13255
nonFullTGDs	3919		fullTGDs	20362			newNonFullTGDs	0		newFullTGDs	13155
nonFullTGDs	3919		fullTGDs	20462			newNonFullTGDs	0		newFullTGDs	13055
nonFullTGDs	3919		fullTGDs	20560			newNonFullTGDs	0		newFullTGDs	12964
nonFullTGDs	3919		fullTGDs	20660			newNonFullTGDs	0		newFullTGDs	12864
nonFullTGDs	3919		fullTGDs	20760			newNonFullTGDs	0		newFullTGDs	12764
nonFullTGDs	3919		fullTGDs	20860			newNonFullTGDs	0		newFullTGDs	12664
nonFullTGDs	3919		fullTGDs	20960			newNonFullTGDs	0		newFullTGDs	12564
nonFullTGDs	3919		fullTGDs	21060			newNonFullTGDs	0		newFullTGDs	12464
nonFullTGDs	3919		fullTGDs	21160			newNonFullTGDs	0		newFullTGDs	12364
nonFullTGDs	3919		fullTGDs	21258			newNonFullTGDs	0		newFullTGDs	12318
nonFullTGDs	3919		fullTGDs	21358			newNonFullTGDs	0		newFullTGDs	12218
nonFullTGDs	3919		fullTGDs	21457			newNonFullTGDs	0		newFullTGDs	12126
nonFullTGDs	3919		fullTGDs	21557			newNonFullTGDs	0		newFullTGDs	12026
nonFullTGDs	3919		fullTGDs	21656			newNonFullTGDs	0		newFullTGDs	11934
nonFullTGDs	3919		fullTGDs	21756			newNonFullTGDs	0		newFullTGDs	11834
nonFullTGDs	3919		fullTGDs	21855			newNonFullTGDs	0		newFullTGDs	11742
nonFullTGDs	3919		fullTGDs	21954			newNonFullTGDs	0		newFullTGDs	11650
nonFullTGDs	3919		fullTGDs	22054			newNonFullTGDs	0		newFullTGDs	11550
nonFullTGDs	3919		fullTGDs	22153			newNonFullTGDs	0		newFullTGDs	11451
nonFullTGDs	3919		fullTGDs	22253			newNonFullTGDs	0		newFullTGDs	11351
nonFullTGDs	3919		fullTGDs	22351			newNonFullTGDs	0		newFullTGDs	11253
nonFullTGDs	3919		fullTGDs	22451			newNonFullTGDs	0		newFullTGDs	11153
nonFullTGDs	3919		fullTGDs	22551			newNonFullTGDs	0		newFullTGDs	11053
nonFullTGDs	3919		fullTGDs	22649			newNonFullTGDs	0		newFullTGDs	10961
nonFullTGDs	3919		fullTGDs	22749			newNonFullTGDs	0		newFullTGDs	10861
nonFullTGDs	3919		fullTGDs	22849			newNonFullTGDs	0		newFullTGDs	10761
nonFullTGDs	3919		fullTGDs	22949			newNonFullTGDs	0		newFullTGDs	10661
nonFullTGDs	3919		fullTGDs	23046			newNonFullTGDs	0		newFullTGDs	10564
nonFullTGDs	3919		fullTGDs	23146			newNonFullTGDs	0		newFullTGDs	10464
nonFullTGDs	3919		fullTGDs	23246			newNonFullTGDs	0		newFullTGDs	10364
nonFullTGDs	3919		fullTGDs	23346			newNonFullTGDs	0		newFullTGDs	10264
nonFullTGDs	3919		fullTGDs	23445			newNonFullTGDs	0		newFullTGDs	10165
nonFullTGDs	3919		fullTGDs	23545			newNonFullTGDs	0		newFullTGDs	10067
nonFullTGDs	3919		fullTGDs	23645			newNonFullTGDs	0		newFullTGDs	9967
nonFullTGDs	3919		fullTGDs	23745			newNonFullTGDs	0		newFullTGDs	9867
nonFullTGDs	3919		fullTGDs	23844			newNonFullTGDs	0		newFullTGDs	9770
nonFullTGDs	3919		fullTGDs	23939			newNonFullTGDs	0		newFullTGDs	9685
nonFullTGDs	3919		fullTGDs	24036			newNonFullTGDs	0		newFullTGDs	9591
nonFullTGDs	3919		fullTGDs	24132			newNonFullTGDs	0		newFullTGDs	9515
nonFullTGDs	3919		fullTGDs	24230			newNonFullTGDs	0		newFullTGDs	9490
nonFullTGDs	3919		fullTGDs	24330			newNonFullTGDs	0		newFullTGDs	9390
nonFullTGDs	3919		fullTGDs	24430			newNonFullTGDs	0		newFullTGDs	9290
nonFullTGDs	3919		fullTGDs	24528			newNonFullTGDs	0		newFullTGDs	9196
nonFullTGDs	3919		fullTGDs	24628			newNonFullTGDs	0		newFullTGDs	9096
nonFullTGDs	3919		fullTGDs	24728			newNonFullTGDs	0		newFullTGDs	8996
nonFullTGDs	3919		fullTGDs	24826			newNonFullTGDs	0		newFullTGDs	8898
nonFullTGDs	3919		fullTGDs	24923			newNonFullTGDs	0		newFullTGDs	8801
nonFullTGDs	3919		fullTGDs	25023			newNonFullTGDs	0		newFullTGDs	8701
nonFullTGDs	3919		fullTGDs	25120			newNonFullTGDs	0		newFullTGDs	8604
nonFullTGDs	3919		fullTGDs	25220			newNonFullTGDs	0		newFullTGDs	8504
nonFullTGDs	3919		fullTGDs	25319			newNonFullTGDs	0		newFullTGDs	8405
nonFullTGDs	3919		fullTGDs	25418			newNonFullTGDs	0		newFullTGDs	8306
nonFullTGDs	3919		fullTGDs	25518			newNonFullTGDs	0		newFullTGDs	8206
nonFullTGDs	3919		fullTGDs	25615			newNonFullTGDs	0		newFullTGDs	8109
nonFullTGDs	3919		fullTGDs	25713			newNonFullTGDs	0		newFullTGDs	8011
nonFullTGDs	3919		fullTGDs	25813			newNonFullTGDs	0		newFullTGDs	7911
nonFullTGDs	3919		fullTGDs	25913			newNonFullTGDs	0		newFullTGDs	7811
nonFullTGDs	3919		fullTGDs	26010			newNonFullTGDs	0		newFullTGDs	7714
nonFullTGDs	3919		fullTGDs	26106			newNonFullTGDs	0		newFullTGDs	7618
nonFullTGDs	3919		fullTGDs	26206			newNonFullTGDs	0		newFullTGDs	7518
nonFullTGDs	3919		fullTGDs	26305			newNonFullTGDs	0		newFullTGDs	7419
nonFullTGDs	3919		fullTGDs	26402			newNonFullTGDs	0		newFullTGDs	7322
nonFullTGDs	3919		fullTGDs	26498			newNonFullTGDs	0		newFullTGDs	7226
nonFullTGDs	3919		fullTGDs	26598			newNonFullTGDs	0		newFullTGDs	7126
nonFullTGDs	3919		fullTGDs	26698			newNonFullTGDs	0		newFullTGDs	7026
nonFullTGDs	3919		fullTGDs	26798			newNonFullTGDs	0		newFullTGDs	6926
nonFullTGDs	3919		fullTGDs	26898			newNonFullTGDs	0		newFullTGDs	6826
nonFullTGDs	3919		fullTGDs	26995			newNonFullTGDs	0		newFullTGDs	6729
nonFullTGDs	3919		fullTGDs	27095			newNonFullTGDs	0		newFullTGDs	6629
nonFullTGDs	3919		fullTGDs	27195			newNonFullTGDs	0		newFullTGDs	6529
nonFullTGDs	3919		fullTGDs	27295			newNonFullTGDs	0		newFullTGDs	6429
nonFullTGDs	3919		fullTGDs	27394			newNonFullTGDs	0		newFullTGDs	6334
nonFullTGDs	3919		fullTGDs	27494			newNonFullTGDs	0		newFullTGDs	6234
nonFullTGDs	3919		fullTGDs	27593			newNonFullTGDs	0		newFullTGDs	6142
nonFullTGDs	3919		fullTGDs	27693			newNonFullTGDs	0		newFullTGDs	6042
nonFullTGDs	3919		fullTGDs	27792			newNonFullTGDs	0		newFullTGDs	6009
nonFullTGDs	3919		fullTGDs	27892			newNonFullTGDs	0		newFullTGDs	5909
nonFullTGDs	3919		fullTGDs	27991			newNonFullTGDs	0		newFullTGDs	5812
nonFullTGDs	3919		fullTGDs	28089			newNonFullTGDs	0		newFullTGDs	5720
nonFullTGDs	3919		fullTGDs	28183			newNonFullTGDs	0		newFullTGDs	5642
nonFullTGDs	3919		fullTGDs	28280			newNonFullTGDs	0		newFullTGDs	5550
nonFullTGDs	3919		fullTGDs	28380			newNonFullTGDs	0		newFullTGDs	5450
nonFullTGDs	3919		fullTGDs	28480			newNonFullTGDs	0		newFullTGDs	5350
nonFullTGDs	3919		fullTGDs	28580			newNonFullTGDs	0		newFullTGDs	5250
nonFullTGDs	3919		fullTGDs	28679			newNonFullTGDs	0		newFullTGDs	5151
nonFullTGDs	3919		fullTGDs	28779			newNonFullTGDs	0		newFullTGDs	5051
nonFullTGDs	3919		fullTGDs	28879			newNonFullTGDs	0		newFullTGDs	4951
nonFullTGDs	3919		fullTGDs	28979			newNonFullTGDs	0		newFullTGDs	4851
nonFullTGDs	3919		fullTGDs	29079			newNonFullTGDs	0		newFullTGDs	4751
nonFullTGDs	3919		fullTGDs	29179			newNonFullTGDs	0		newFullTGDs	4651
nonFullTGDs	3919		fullTGDs	29279			newNonFullTGDs	0		newFullTGDs	4551
nonFullTGDs	3919		fullTGDs	29379			newNonFullTGDs	0		newFullTGDs	4451
nonFullTGDs	3919		fullTGDs	29479			newNonFullTGDs	0		newFullTGDs	4351
nonFullTGDs	3919		fullTGDs	29575			newNonFullTGDs	0		newFullTGDs	4255
nonFullTGDs	3919		fullTGDs	29675			newNonFullTGDs	0		newFullTGDs	4155
nonFullTGDs	3919		fullTGDs	29771			newNonFullTGDs	0		newFullTGDs	4059
nonFullTGDs	3919		fullTGDs	29871			newNonFullTGDs	0		newFullTGDs	3959
nonFullTGDs	3919		fullTGDs	29971			newNonFullTGDs	0		newFullTGDs	3859
nonFullTGDs	3919		fullTGDs	30071			newNonFullTGDs	0		newFullTGDs	3759
nonFullTGDs	3919		fullTGDs	30171			newNonFullTGDs	0		newFullTGDs	3659
nonFullTGDs	3919		fullTGDs	30271			newNonFullTGDs	0		newFullTGDs	3559
nonFullTGDs	3919		fullTGDs	30370			newNonFullTGDs	0		newFullTGDs	3466
nonFullTGDs	3919		fullTGDs	30470			newNonFullTGDs	0		newFullTGDs	3366
nonFullTGDs	3919		fullTGDs	30570			newNonFullTGDs	0		newFullTGDs	3266
nonFullTGDs	3919		fullTGDs	30670			newNonFullTGDs	0		newFullTGDs	3166
nonFullTGDs	3919		fullTGDs	30770			newNonFullTGDs	0		newFullTGDs	3066
nonFullTGDs	3919		fullTGDs	30870			newNonFullTGDs	0		newFullTGDs	2966
nonFullTGDs	3919		fullTGDs	30970			newNonFullTGDs	0		newFullTGDs	2866
nonFullTGDs	3919		fullTGDs	31070			newNonFullTGDs	0		newFullTGDs	2766
nonFullTGDs	3919		fullTGDs	31170			newNonFullTGDs	0		newFullTGDs	2666
nonFullTGDs	3919		fullTGDs	31269			newNonFullTGDs	0		newFullTGDs	2567
nonFullTGDs	3919		fullTGDs	31369			newNonFullTGDs	0		newFullTGDs	2467
nonFullTGDs	3919		fullTGDs	31469			newNonFullTGDs	0		newFullTGDs	2367
nonFullTGDs	3919		fullTGDs	31567			newNonFullTGDs	0		newFullTGDs	2276
nonFullTGDs	3919		fullTGDs	31667			newNonFullTGDs	0		newFullTGDs	2176
nonFullTGDs	3919		fullTGDs	31766			newNonFullTGDs	0		newFullTGDs	2077
nonFullTGDs	3919		fullTGDs	31864			newNonFullTGDs	0		newFullTGDs	1982
nonFullTGDs	3919		fullTGDs	31964			newNonFullTGDs	0		newFullTGDs	1882
nonFullTGDs	3919		fullTGDs	32063			newNonFullTGDs	0		newFullTGDs	1783
nonFullTGDs	3919		fullTGDs	32163			newNonFullTGDs	0		newFullTGDs	1683
nonFullTGDs	3919		fullTGDs	32262			newNonFullTGDs	0		newFullTGDs	1583
nonFullTGDs	3919		fullTGDs	32361			newNonFullTGDs	0		newFullTGDs	1483
nonFullTGDs	3919		fullTGDs	32460			newNonFullTGDs	0		newFullTGDs	1386
nonFullTGDs	3919		fullTGDs	32555			newNonFullTGDs	0		newFullTGDs	1288
nonFullTGDs	3919		fullTGDs	32655			newNonFullTGDs	0		newFullTGDs	1188
nonFullTGDs	3919		fullTGDs	32753			newNonFullTGDs	0		newFullTGDs	1090
nonFullTGDs	3919		fullTGDs	32851			newNonFullTGDs	0		newFullTGDs	995
nonFullTGDs	3919		fullTGDs	32951			newNonFullTGDs	0		newFullTGDs	895
nonFullTGDs	3919		fullTGDs	33051			newNonFullTGDs	0		newFullTGDs	795
nonFullTGDs	3919		fullTGDs	33151			newNonFullTGDs	0		newFullTGDs	695
nonFullTGDs	3919		fullTGDs	33251			newNonFullTGDs	0		newFullTGDs	595
nonFullTGDs	3919		fullTGDs	33349			newNonFullTGDs	0		newFullTGDs	505
nonFullTGDs	3919		fullTGDs	33448			newNonFullTGDs	0		newFullTGDs	412
nonFullTGDs	3919		fullTGDs	33548			newNonFullTGDs	0		newFullTGDs	312
nonFullTGDs	3919		fullTGDs	33648			newNonFullTGDs	0		newFullTGDs	212
nonFullTGDs	3919		fullTGDs	33747			newNonFullTGDs	0		newFullTGDs	119
nonFullTGDs	3919		fullTGDs	33847			newNonFullTGDs	0		newFullTGDs	19
Nov 12, 2021 9:33:27 PM uk.ac.ox.cs.gsat.SaturationStatistics log
INFO: # initial TGDs: 2452 , 1144
Nov 12, 2021 9:33:27 PM uk.ac.ox.cs.gsat.SaturationStatistics log
INFO: OrderedSkSat total time : 2726 ms = 2.73 s
Nov 12, 2021 9:33:27 PM uk.ac.ox.cs.gsat.SaturationStatistics log
INFO: Subsumed elements : 592
Nov 12, 2021 9:33:27 PM uk.ac.ox.cs.gsat.SaturationStatistics log
INFO: Filter discarded elements : 3200194
Nov 12, 2021 9:33:27 PM uk.ac.ox.cs.gsat.SaturationStatistics log
INFO: subsumption time: 1166 ms = 1.17 s
Nov 12, 2021 9:33:27 PM uk.ac.ox.cs.gsat.SaturationStatistics log
INFO: forward subsumption time: 664 ms = 0.66 s
Nov 12, 2021 9:33:27 PM uk.ac.ox.cs.gsat.SaturationStatistics log
INFO: backward subsumption time: 501 ms = 0.50 s
Nov 12, 2021 9:33:27 PM uk.ac.ox.cs.gsat.SaturationStatistics log
INFO: Derived full/non full TGDs: 32156 , 2833
Nov 12, 2021 9:33:27 PM uk.ac.ox.cs.gsat.SaturationStatistics log
INFO: discarded tautology count: 208
Nov 12, 2021 9:33:27 PM uk.ac.ox.cs.gsat.EvolveStatistics log
INFO: Stop because subsumed: 356
Nov 12, 2021 9:33:27 PM uk.ac.ox.cs.gsat.EvolveStatistics log
INFO: evolved equals to current: 0
Nov 12, 2021 9:33:27 PM uk.ac.ox.cs.gsat.EvolveStatistics log
INFO: evolved time: 535 ms = 0.54 s
Nov 12, 2021 9:33:27 PM uk.ac.ox.cs.gsat.EvolveStatistics log
INFO: evolve count: 35569
Nov 12, 2021 9:33:27 PM uk.ac.ox.cs.gsat.SkolemStatistics log
INFO: maximum number of Skolem atoms in body: 1
Nov 12, 2021 9:33:27 PM uk.ac.ox.cs.gsat.SkolemStatistics log
INFO: left derived TGD with Skolem in the body: 0
Nov 12, 2021 9:33:27 PM uk.ac.ox.cs.gsat.SkolemStatistics log
INFO: right derived TGD with Skolem in the body: 31806
Nov 12, 2021 9:33:27 PM uk.ac.ox.cs.gsat.SkolemStatistics log
INFO: derived TGD with more than two Skolem atoms in the body: 0
Nov 12, 2021 9:33:27 PM uk.ac.ox.cs.gsat.AbstractSaturation run
INFO: ouptput full TGDs not contained in the input: 350
Nov 12, 2021 9:33:27 PM uk.ac.ox.cs.gsat.App executeAllSteps
INFO: Rewriting completed!
Full TGD saturation: (2802 dependecies)
Nov 12, 2021 9:33:27 PM uk.ac.ox.cs.gsat.App executeAllSteps
INFO: Writing the saturation in the Datalog file 00633.rul
