Starting Saturation...
Executing from DLGP files
SLF4J: Failed to load class "org.slf4j.impl.StaticLoggerBinder".
SLF4J: Defaulting to no-operation (NOP) logger implementation
SLF4J: See http://www.slf4j.org/codes.html#StaticLoggerBinder for further details.
# Rules: 402; # Atoms: 0; # AtomSets: 0; # Queries: 0; # Constraints: 0
Full TGD saturation algorithm: ordered skolemized Sat
Running OrderedSkSat...
Nov 12, 2021 9:33:55 PM uk.ac.ox.cs.gsat.AbstractSaturation run
INFO: OrderedSkSat discarded rules : 0/402 = 0.000%
OrderedSkSat discarded rules : 0/402 = 0.000%
Nov 12, 2021 9:33:55 PM uk.ac.ox.cs.gsat.AbstractSaturation run
INFO: Subsumption method : tree_predicate
length of the formulas: 2.216814
number of bags: 4
length of the formulas: 2.216814
number of bags: 4
nonFullTGDs	0		fullTGDs	204			newNonFullTGDs	248		newFullTGDs	0
nonFullTGDs	100		fullTGDs	204			newNonFullTGDs	165		newFullTGDs	622
nonFullTGDs	200		fullTGDs	204			newNonFullTGDs	87		newFullTGDs	1190
nonFullTGDs	287		fullTGDs	217			newNonFullTGDs	0		newFullTGDs	2159
nonFullTGDs	287		fullTGDs	317			newNonFullTGDs	0		newFullTGDs	2059
nonFullTGDs	287		fullTGDs	410			newNonFullTGDs	0		newFullTGDs	1962
nonFullTGDs	287		fullTGDs	503			newNonFullTGDs	0		newFullTGDs	1863
nonFullTGDs	287		fullTGDs	596			newNonFullTGDs	0		newFullTGDs	1765
nonFullTGDs	287		fullTGDs	686			newNonFullTGDs	0		newFullTGDs	1668
nonFullTGDs	287		fullTGDs	773			newNonFullTGDs	0		newFullTGDs	1572
nonFullTGDs	287		fullTGDs	869			newNonFullTGDs	0		newFullTGDs	1474
nonFullTGDs	287		fullTGDs	958			newNonFullTGDs	0		newFullTGDs	1377
nonFullTGDs	287		fullTGDs	1049			newNonFullTGDs	0		newFullTGDs	1281
nonFullTGDs	287		fullTGDs	1137			newNonFullTGDs	0		newFullTGDs	1189
nonFullTGDs	287		fullTGDs	1236			newNonFullTGDs	0		newFullTGDs	1090
nonFullTGDs	287		fullTGDs	1335			newNonFullTGDs	0		newFullTGDs	991
nonFullTGDs	287		fullTGDs	1424			newNonFullTGDs	0		newFullTGDs	897
nonFullTGDs	287		fullTGDs	1522			newNonFullTGDs	0		newFullTGDs	797
nonFullTGDs	287		fullTGDs	1616			newNonFullTGDs	0		newFullTGDs	699
nonFullTGDs	287		fullTGDs	1696			newNonFullTGDs	0		newFullTGDs	609
nonFullTGDs	287		fullTGDs	1789			newNonFullTGDs	0		newFullTGDs	512
nonFullTGDs	287		fullTGDs	1884			newNonFullTGDs	0		newFullTGDs	415
nonFullTGDs	287		fullTGDs	1977			newNonFullTGDs	0		newFullTGDs	320
nonFullTGDs	287		fullTGDs	2072			newNonFullTGDs	0		newFullTGDs	223
nonFullTGDs	287		fullTGDs	2163			newNonFullTGDs	0		newFullTGDs	126
nonFullTGDs	287		fullTGDs	2251			newNonFullTGDs	0		newFullTGDs	30
Nov 12, 2021 9:33:55 PM uk.ac.ox.cs.gsat.SaturationStatistics log
INFO: # initial TGDs: 204 , 248
Nov 12, 2021 9:33:55 PM uk.ac.ox.cs.gsat.SaturationStatistics log
INFO: OrderedSkSat total time : 435 ms = 0.43 s
Nov 12, 2021 9:33:55 PM uk.ac.ox.cs.gsat.SaturationStatistics log
INFO: Subsumed elements : 269
Nov 12, 2021 9:33:55 PM uk.ac.ox.cs.gsat.SaturationStatistics log
INFO: Filter discarded elements : 501283
Nov 12, 2021 9:33:55 PM uk.ac.ox.cs.gsat.SaturationStatistics log
INFO: subsumption time: 139 ms = 0.14 s
Nov 12, 2021 9:33:55 PM uk.ac.ox.cs.gsat.SaturationStatistics log
INFO: forward subsumption time: 86 ms = 0.09 s
Nov 12, 2021 9:33:55 PM uk.ac.ox.cs.gsat.SaturationStatistics log
INFO: backward subsumption time: 53 ms = 0.05 s
Nov 12, 2021 9:33:55 PM uk.ac.ox.cs.gsat.SaturationStatistics log
INFO: Derived full/non full TGDs: 2367 , 68
Nov 12, 2021 9:33:55 PM uk.ac.ox.cs.gsat.SaturationStatistics log
INFO: discarded tautology count: 51
Nov 12, 2021 9:33:55 PM uk.ac.ox.cs.gsat.EvolveStatistics log
INFO: Stop because subsumed: 116
Nov 12, 2021 9:33:55 PM uk.ac.ox.cs.gsat.EvolveStatistics log
INFO: evolved equals to current: 0
Nov 12, 2021 9:33:55 PM uk.ac.ox.cs.gsat.EvolveStatistics log
INFO: evolved time: 75 ms = 0.07 s
Nov 12, 2021 9:33:55 PM uk.ac.ox.cs.gsat.EvolveStatistics log
INFO: evolve count: 2534
Nov 12, 2021 9:33:55 PM uk.ac.ox.cs.gsat.SkolemStatistics log
INFO: maximum number of Skolem atoms in body: 1
Nov 12, 2021 9:33:55 PM uk.ac.ox.cs.gsat.SkolemStatistics log
INFO: left derived TGD with Skolem in the body: 0
Nov 12, 2021 9:33:55 PM uk.ac.ox.cs.gsat.SkolemStatistics log
INFO: right derived TGD with Skolem in the body: 2222
Nov 12, 2021 9:33:55 PM uk.ac.ox.cs.gsat.SkolemStatistics log
INFO: derived TGD with more than two Skolem atoms in the body: 0
Nov 12, 2021 9:33:55 PM uk.ac.ox.cs.gsat.AbstractSaturation run
INFO: ouptput full TGDs not contained in the input: 116
Nov 12, 2021 9:33:55 PM uk.ac.ox.cs.gsat.App executeAllSteps
INFO: Rewriting completed!
Full TGD saturation: (320 dependecies)
Nov 12, 2021 9:33:55 PM uk.ac.ox.cs.gsat.App executeAllSteps
INFO: Writing the saturation in the Datalog file 00638.rul
