Starting Saturation...
Executing from DLGP files
SLF4J: Failed to load class "org.slf4j.impl.StaticLoggerBinder".
SLF4J: Defaulting to no-operation (NOP) logger implementation
SLF4J: See http://www.slf4j.org/codes.html#StaticLoggerBinder for further details.
# Rules: 129; # Atoms: 0; # AtomSets: 0; # Queries: 0; # Constraints: 0
Full TGD saturation algorithm: ordered skolemized Sat
Running OrderedSkSat...
Nov 12, 2021 10:12:44 PM uk.ac.ox.cs.gsat.AbstractSaturation run
INFO: OrderedSkSat discarded rules : 0/129 = 0.000%
OrderedSkSat discarded rules : 0/129 = 0.000%
Nov 12, 2021 10:12:44 PM uk.ac.ox.cs.gsat.AbstractSaturation run
INFO: Subsumption method : tree_predicate
length of the formulas: 2.2631578
number of bags: 2
length of the formulas: 2.2631578
number of bags: 2
nonFullTGDs	0		fullTGDs	68			newNonFullTGDs	122		newFullTGDs	0
nonFullTGDs	100		fullTGDs	68			newNonFullTGDs	22		newFullTGDs	425
nonFullTGDs	122		fullTGDs	144			newNonFullTGDs	0		newFullTGDs	441
nonFullTGDs	122		fullTGDs	241			newNonFullTGDs	0		newFullTGDs	344
nonFullTGDs	122		fullTGDs	336			newNonFullTGDs	0		newFullTGDs	249
nonFullTGDs	122		fullTGDs	432			newNonFullTGDs	0		newFullTGDs	153
nonFullTGDs	122		fullTGDs	529			newNonFullTGDs	0		newFullTGDs	56
Nov 12, 2021 10:12:44 PM uk.ac.ox.cs.gsat.SaturationStatistics log
INFO: # initial TGDs: 68 , 122
Nov 12, 2021 10:12:44 PM uk.ac.ox.cs.gsat.SaturationStatistics log
INFO: OrderedSkSat total time : 208 ms = 0.21 s
Nov 12, 2021 10:12:44 PM uk.ac.ox.cs.gsat.SaturationStatistics log
INFO: Subsumed elements : 17
Nov 12, 2021 10:12:44 PM uk.ac.ox.cs.gsat.SaturationStatistics log
INFO: Filter discarded elements : 142692
Nov 12, 2021 10:12:44 PM uk.ac.ox.cs.gsat.SaturationStatistics log
INFO: subsumption time: 45 ms = 0.04 s
Nov 12, 2021 10:12:44 PM uk.ac.ox.cs.gsat.SaturationStatistics log
INFO: forward subsumption time: 30 ms = 0.03 s
Nov 12, 2021 10:12:44 PM uk.ac.ox.cs.gsat.SaturationStatistics log
INFO: backward subsumption time: 15 ms = 0.01 s
Nov 12, 2021 10:12:44 PM uk.ac.ox.cs.gsat.SaturationStatistics log
INFO: Derived full/non full TGDs: 559 , 0
Nov 12, 2021 10:12:44 PM uk.ac.ox.cs.gsat.SaturationStatistics log
INFO: discarded tautology count: 25
Nov 12, 2021 10:12:44 PM uk.ac.ox.cs.gsat.EvolveStatistics log
INFO: Stop because subsumed: 17
Nov 12, 2021 10:12:44 PM uk.ac.ox.cs.gsat.EvolveStatistics log
INFO: evolved equals to current: 0
Nov 12, 2021 10:12:44 PM uk.ac.ox.cs.gsat.EvolveStatistics log
INFO: evolved time: 33 ms = 0.03 s
Nov 12, 2021 10:12:44 PM uk.ac.ox.cs.gsat.EvolveStatistics log
INFO: evolve count: 559
Nov 12, 2021 10:12:44 PM uk.ac.ox.cs.gsat.SkolemStatistics log
INFO: maximum number of Skolem atoms in body: 1
Nov 12, 2021 10:12:44 PM uk.ac.ox.cs.gsat.SkolemStatistics log
INFO: left derived TGD with Skolem in the body: 0
Nov 12, 2021 10:12:44 PM uk.ac.ox.cs.gsat.SkolemStatistics log
INFO: right derived TGD with Skolem in the body: 542
Nov 12, 2021 10:12:44 PM uk.ac.ox.cs.gsat.SkolemStatistics log
INFO: derived TGD with more than two Skolem atoms in the body: 0
Nov 12, 2021 10:12:44 PM uk.ac.ox.cs.gsat.AbstractSaturation run
INFO: ouptput full TGDs not contained in the input: 17
Nov 12, 2021 10:12:44 PM uk.ac.ox.cs.gsat.App executeAllSteps
INFO: Rewriting completed!
Full TGD saturation: (85 dependecies)
Nov 12, 2021 10:12:44 PM uk.ac.ox.cs.gsat.App executeAllSteps
INFO: Writing the saturation in the Datalog file 00683.rul
