Starting Saturation...
Executing from DLGP files
SLF4J: Failed to load class "org.slf4j.impl.StaticLoggerBinder".
SLF4J: Defaulting to no-operation (NOP) logger implementation
SLF4J: See http://www.slf4j.org/codes.html#StaticLoggerBinder for further details.
# Rules: 1183; # Atoms: 0; # AtomSets: 0; # Queries: 0; # Constraints: 0
Full TGD saturation algorithm: ordered skolemized Sat
Running OrderedSkSat...
Nov 12, 2021 10:18:39 PM uk.ac.ox.cs.gsat.AbstractSaturation run
INFO: OrderedSkSat discarded rules : 0/1183 = 0.000%
OrderedSkSat discarded rules : 0/1183 = 0.000%
Nov 12, 2021 10:18:39 PM uk.ac.ox.cs.gsat.AbstractSaturation run
INFO: Subsumption method : tree_predicate
length of the formulas: 2.0725527
number of bags: 12
length of the formulas: 2.0725527
number of bags: 12
nonFullTGDs	0		fullTGDs	681			newNonFullTGDs	1924		newFullTGDs	0
nonFullTGDs	100		fullTGDs	681			newNonFullTGDs	1892		newFullTGDs	1092
nonFullTGDs	200		fullTGDs	681			newNonFullTGDs	1860		newFullTGDs	1916
nonFullTGDs	300		fullTGDs	681			newNonFullTGDs	1829		newFullTGDs	2854
nonFullTGDs	400		fullTGDs	681			newNonFullTGDs	1801		newFullTGDs	4060
nonFullTGDs	500		fullTGDs	681			newNonFullTGDs	1766		newFullTGDs	5160
nonFullTGDs	600		fullTGDs	681			newNonFullTGDs	1731		newFullTGDs	6570
nonFullTGDs	700		fullTGDs	681			newNonFullTGDs	1697		newFullTGDs	7436
nonFullTGDs	800		fullTGDs	681			newNonFullTGDs	1666		newFullTGDs	8920
nonFullTGDs	900		fullTGDs	681			newNonFullTGDs	1630		newFullTGDs	10056
nonFullTGDs	1000		fullTGDs	681			newNonFullTGDs	1588		newFullTGDs	11120
nonFullTGDs	1100		fullTGDs	681			newNonFullTGDs	1555		newFullTGDs	12098
nonFullTGDs	1200		fullTGDs	681			newNonFullTGDs	1525		newFullTGDs	12878
nonFullTGDs	1300		fullTGDs	681			newNonFullTGDs	1495		newFullTGDs	13658
nonFullTGDs	1400		fullTGDs	681			newNonFullTGDs	1463		newFullTGDs	14754
nonFullTGDs	1500		fullTGDs	681			newNonFullTGDs	1432		newFullTGDs	15806
nonFullTGDs	1600		fullTGDs	681			newNonFullTGDs	1404		newFullTGDs	16860
nonFullTGDs	1700		fullTGDs	681			newNonFullTGDs	1368		newFullTGDs	18000
nonFullTGDs	1800		fullTGDs	681			newNonFullTGDs	1335		newFullTGDs	18704
nonFullTGDs	1900		fullTGDs	681			newNonFullTGDs	1304		newFullTGDs	19642
nonFullTGDs	2000		fullTGDs	681			newNonFullTGDs	1268		newFullTGDs	20890
nonFullTGDs	2100		fullTGDs	681			newNonFullTGDs	1230		newFullTGDs	21756
nonFullTGDs	2200		fullTGDs	681			newNonFullTGDs	1200		newFullTGDs	22536
nonFullTGDs	2300		fullTGDs	681			newNonFullTGDs	1170		newFullTGDs	23316
nonFullTGDs	2400		fullTGDs	681			newNonFullTGDs	1138		newFullTGDs	24412
nonFullTGDs	2500		fullTGDs	681			newNonFullTGDs	1111		newFullTGDs	25734
nonFullTGDs	2600		fullTGDs	681			newNonFullTGDs	1074		newFullTGDs	26604
nonFullTGDs	2700		fullTGDs	681			newNonFullTGDs	1039		newFullTGDs	27582
nonFullTGDs	2800		fullTGDs	681			newNonFullTGDs	1002		newFullTGDs	28716
nonFullTGDs	2900		fullTGDs	681			newNonFullTGDs	964		newFullTGDs	29576
nonFullTGDs	3000		fullTGDs	681			newNonFullTGDs	934		newFullTGDs	30510
nonFullTGDs	3100		fullTGDs	681			newNonFullTGDs	902		newFullTGDs	31452
nonFullTGDs	3200		fullTGDs	681			newNonFullTGDs	871		newFullTGDs	32390
nonFullTGDs	3300		fullTGDs	681			newNonFullTGDs	841		newFullTGDs	33324
nonFullTGDs	3400		fullTGDs	681			newNonFullTGDs	810		newFullTGDs	34108
nonFullTGDs	3500		fullTGDs	681			newNonFullTGDs	779		newFullTGDs	35046
nonFullTGDs	3600		fullTGDs	681			newNonFullTGDs	742		newFullTGDs	35908
nonFullTGDs	3700		fullTGDs	681			newNonFullTGDs	708		newFullTGDs	36728
nonFullTGDs	3800		fullTGDs	681			newNonFullTGDs	693		newFullTGDs	38579
nonFullTGDs	3900		fullTGDs	681			newNonFullTGDs	693		newFullTGDs	40881
nonFullTGDs	4000		fullTGDs	681			newNonFullTGDs	693		newFullTGDs	43181
nonFullTGDs	4100		fullTGDs	681			newNonFullTGDs	693		newFullTGDs	45481
nonFullTGDs	4200		fullTGDs	681			newNonFullTGDs	693		newFullTGDs	47781
nonFullTGDs	4300		fullTGDs	681			newNonFullTGDs	693		newFullTGDs	50081
nonFullTGDs	4400		fullTGDs	681			newNonFullTGDs	636		newFullTGDs	52526
nonFullTGDs	4500		fullTGDs	681			newNonFullTGDs	570		newFullTGDs	55076
nonFullTGDs	4600		fullTGDs	681			newNonFullTGDs	512		newFullTGDs	56126
nonFullTGDs	4700		fullTGDs	681			newNonFullTGDs	462		newFullTGDs	56126
nonFullTGDs	4800		fullTGDs	681			newNonFullTGDs	412		newFullTGDs	56126
nonFullTGDs	4900		fullTGDs	681			newNonFullTGDs	362		newFullTGDs	56126
nonFullTGDs	5000		fullTGDs	681			newNonFullTGDs	312		newFullTGDs	56126
nonFullTGDs	5100		fullTGDs	681			newNonFullTGDs	262		newFullTGDs	56126
nonFullTGDs	5200		fullTGDs	681			newNonFullTGDs	212		newFullTGDs	56126
nonFullTGDs	5300		fullTGDs	681			newNonFullTGDs	162		newFullTGDs	56126
nonFullTGDs	5400		fullTGDs	681			newNonFullTGDs	112		newFullTGDs	56126
nonFullTGDs	5500		fullTGDs	681			newNonFullTGDs	62		newFullTGDs	56126
nonFullTGDs	5600		fullTGDs	681			newNonFullTGDs	12		newFullTGDs	56126
nonFullTGDs	5627		fullTGDs	754			newNonFullTGDs	0		newFullTGDs	56053
nonFullTGDs	5628		fullTGDs	852			newNonFullTGDs	0		newFullTGDs	55955
nonFullTGDs	5628		fullTGDs	951			newNonFullTGDs	0		newFullTGDs	55856
nonFullTGDs	5628		fullTGDs	1051			newNonFullTGDs	0		newFullTGDs	55756
nonFullTGDs	5628		fullTGDs	1150			newNonFullTGDs	0		newFullTGDs	55657
nonFullTGDs	5629		fullTGDs	1247			newNonFullTGDs	0		newFullTGDs	55560
nonFullTGDs	5631		fullTGDs	1344			newNonFullTGDs	0		newFullTGDs	55463
nonFullTGDs	5633		fullTGDs	1441			newNonFullTGDs	0		newFullTGDs	55366
nonFullTGDs	5634		fullTGDs	1540			newNonFullTGDs	0		newFullTGDs	55267
nonFullTGDs	5635		fullTGDs	1637			newNonFullTGDs	0		newFullTGDs	55170
nonFullTGDs	5637		fullTGDs	1733			newNonFullTGDs	0		newFullTGDs	55074
nonFullTGDs	5638		fullTGDs	1831			newNonFullTGDs	0		newFullTGDs	54976
nonFullTGDs	5640		fullTGDs	1929			newNonFullTGDs	0		newFullTGDs	54878
nonFullTGDs	5644		fullTGDs	2024			newNonFullTGDs	0		newFullTGDs	54783
nonFullTGDs	5645		fullTGDs	2123			newNonFullTGDs	0		newFullTGDs	54684
nonFullTGDs	5646		fullTGDs	2221			newNonFullTGDs	0		newFullTGDs	54586
nonFullTGDs	5646		fullTGDs	2319			newNonFullTGDs	0		newFullTGDs	54488
nonFullTGDs	5648		fullTGDs	2415			newNonFullTGDs	0		newFullTGDs	54392
nonFullTGDs	5651		fullTGDs	2510			newNonFullTGDs	0		newFullTGDs	54297
nonFullTGDs	5654		fullTGDs	2607			newNonFullTGDs	0		newFullTGDs	54200
nonFullTGDs	5658		fullTGDs	2702			newNonFullTGDs	0		newFullTGDs	54105
nonFullTGDs	5658		fullTGDs	2802			newNonFullTGDs	0		newFullTGDs	54005
nonFullTGDs	5659		fullTGDs	2899			newNonFullTGDs	0		newFullTGDs	53908
nonFullTGDs	5659		fullTGDs	2998			newNonFullTGDs	0		newFullTGDs	53809
nonFullTGDs	5660		fullTGDs	3096			newNonFullTGDs	0		newFullTGDs	53711
nonFullTGDs	5667		fullTGDs	3188			newNonFullTGDs	0		newFullTGDs	53619
nonFullTGDs	5668		fullTGDs	3287			newNonFullTGDs	0		newFullTGDs	53520
nonFullTGDs	5671		fullTGDs	3382			newNonFullTGDs	0		newFullTGDs	53425
nonFullTGDs	5678		fullTGDs	3474			newNonFullTGDs	0		newFullTGDs	53333
nonFullTGDs	5678		fullTGDs	3574			newNonFullTGDs	0		newFullTGDs	53233
nonFullTGDs	5687		fullTGDs	3664			newNonFullTGDs	0		newFullTGDs	53143
nonFullTGDs	5687		fullTGDs	3764			newNonFullTGDs	0		newFullTGDs	53043
nonFullTGDs	5689		fullTGDs	3862			newNonFullTGDs	0		newFullTGDs	52945
nonFullTGDs	5690		fullTGDs	3961			newNonFullTGDs	0		newFullTGDs	52846
nonFullTGDs	5692		fullTGDs	4058			newNonFullTGDs	0		newFullTGDs	52749
nonFullTGDs	5693		fullTGDs	4157			newNonFullTGDs	0		newFullTGDs	52650
nonFullTGDs	5694		fullTGDs	4254			newNonFullTGDs	0		newFullTGDs	52553
nonFullTGDs	5696		fullTGDs	4352			newNonFullTGDs	0		newFullTGDs	52455
nonFullTGDs	5699		fullTGDs	4448			newNonFullTGDs	0		newFullTGDs	52359
nonFullTGDs	5700		fullTGDs	4547			newNonFullTGDs	0		newFullTGDs	52260
nonFullTGDs	5700		fullTGDs	4647			newNonFullTGDs	0		newFullTGDs	52160
nonFullTGDs	5700		fullTGDs	4747			newNonFullTGDs	0		newFullTGDs	52060
nonFullTGDs	5704		fullTGDs	4842			newNonFullTGDs	0		newFullTGDs	51965
nonFullTGDs	5705		fullTGDs	4941			newNonFullTGDs	0		newFullTGDs	51866
nonFullTGDs	5708		fullTGDs	5038			newNonFullTGDs	0		newFullTGDs	51769
nonFullTGDs	5708		fullTGDs	5138			newNonFullTGDs	0		newFullTGDs	51669
nonFullTGDs	5713		fullTGDs	5232			newNonFullTGDs	0		newFullTGDs	51575
nonFullTGDs	5713		fullTGDs	5331			newNonFullTGDs	0		newFullTGDs	51476
nonFullTGDs	5717		fullTGDs	5426			newNonFullTGDs	0		newFullTGDs	51381
nonFullTGDs	5718		fullTGDs	5525			newNonFullTGDs	0		newFullTGDs	51282
nonFullTGDs	5718		fullTGDs	5625			newNonFullTGDs	0		newFullTGDs	51182
nonFullTGDs	5723		fullTGDs	5719			newNonFullTGDs	0		newFullTGDs	51088
nonFullTGDs	5723		fullTGDs	5819			newNonFullTGDs	0		newFullTGDs	50988
nonFullTGDs	5728		fullTGDs	5913			newNonFullTGDs	0		newFullTGDs	50894
nonFullTGDs	5733		fullTGDs	6007			newNonFullTGDs	0		newFullTGDs	50800
nonFullTGDs	5733		fullTGDs	6107			newNonFullTGDs	0		newFullTGDs	50700
nonFullTGDs	5738		fullTGDs	6201			newNonFullTGDs	0		newFullTGDs	50606
nonFullTGDs	5738		fullTGDs	6301			newNonFullTGDs	0		newFullTGDs	50506
nonFullTGDs	5739		fullTGDs	6399			newNonFullTGDs	0		newFullTGDs	50408
nonFullTGDs	5743		fullTGDs	6493			newNonFullTGDs	0		newFullTGDs	50314
nonFullTGDs	5745		fullTGDs	6590			newNonFullTGDs	0		newFullTGDs	50217
nonFullTGDs	5745		fullTGDs	6689			newNonFullTGDs	0		newFullTGDs	50118
nonFullTGDs	5746		fullTGDs	6787			newNonFullTGDs	0		newFullTGDs	50020
nonFullTGDs	5747		fullTGDs	6885			newNonFullTGDs	0		newFullTGDs	49922
nonFullTGDs	5747		fullTGDs	6985			newNonFullTGDs	0		newFullTGDs	49822
nonFullTGDs	5748		fullTGDs	7081			newNonFullTGDs	0		newFullTGDs	49726
nonFullTGDs	5748		fullTGDs	7179			newNonFullTGDs	0		newFullTGDs	49628
nonFullTGDs	5749		fullTGDs	7276			newNonFullTGDs	0		newFullTGDs	49531
nonFullTGDs	5750		fullTGDs	7375			newNonFullTGDs	0		newFullTGDs	49432
nonFullTGDs	5750		fullTGDs	7474			newNonFullTGDs	0		newFullTGDs	49333
nonFullTGDs	5751		fullTGDs	7571			newNonFullTGDs	0		newFullTGDs	49236
nonFullTGDs	5753		fullTGDs	7668			newNonFullTGDs	0		newFullTGDs	49139
nonFullTGDs	5756		fullTGDs	7765			newNonFullTGDs	0		newFullTGDs	49042
nonFullTGDs	5760		fullTGDs	7860			newNonFullTGDs	0		newFullTGDs	48947
nonFullTGDs	5760		fullTGDs	7960			newNonFullTGDs	0		newFullTGDs	48847
nonFullTGDs	5764		fullTGDs	8056			newNonFullTGDs	0		newFullTGDs	48751
nonFullTGDs	5767		fullTGDs	8152			newNonFullTGDs	0		newFullTGDs	48655
nonFullTGDs	5771		fullTGDs	8247			newNonFullTGDs	1		newFullTGDs	48560
nonFullTGDs	5772		fullTGDs	8346			newNonFullTGDs	0		newFullTGDs	48461
nonFullTGDs	5773		fullTGDs	8444			newNonFullTGDs	0		newFullTGDs	48363
nonFullTGDs	5775		fullTGDs	8540			newNonFullTGDs	0		newFullTGDs	48267
nonFullTGDs	5779		fullTGDs	8634			newNonFullTGDs	0		newFullTGDs	48173
nonFullTGDs	5780		fullTGDs	8733			newNonFullTGDs	0		newFullTGDs	48074
nonFullTGDs	5785		fullTGDs	8827			newNonFullTGDs	0		newFullTGDs	47980
nonFullTGDs	5785		fullTGDs	8926			newNonFullTGDs	0		newFullTGDs	47881
nonFullTGDs	5790		fullTGDs	9021			newNonFullTGDs	0		newFullTGDs	47786
nonFullTGDs	5793		fullTGDs	9116			newNonFullTGDs	1		newFullTGDs	47691
nonFullTGDs	5796		fullTGDs	9213			newNonFullTGDs	0		newFullTGDs	47594
nonFullTGDs	5797		fullTGDs	9311			newNonFullTGDs	0		newFullTGDs	47496
nonFullTGDs	5798		fullTGDs	9408			newNonFullTGDs	0		newFullTGDs	47399
nonFullTGDs	5800		fullTGDs	9505			newNonFullTGDs	0		newFullTGDs	47302
nonFullTGDs	5801		fullTGDs	9603			newNonFullTGDs	0		newFullTGDs	47204
nonFullTGDs	5802		fullTGDs	9701			newNonFullTGDs	0		newFullTGDs	47106
nonFullTGDs	5806		fullTGDs	9795			newNonFullTGDs	0		newFullTGDs	47012
nonFullTGDs	5807		fullTGDs	9893			newNonFullTGDs	0		newFullTGDs	46914
nonFullTGDs	5808		fullTGDs	9991			newNonFullTGDs	0		newFullTGDs	46816
nonFullTGDs	5809		fullTGDs	10089			newNonFullTGDs	0		newFullTGDs	46718
nonFullTGDs	5811		fullTGDs	10186			newNonFullTGDs	0		newFullTGDs	46621
nonFullTGDs	5813		fullTGDs	10283			newNonFullTGDs	0		newFullTGDs	46524
nonFullTGDs	5813		fullTGDs	10382			newNonFullTGDs	0		newFullTGDs	46425
nonFullTGDs	5816		fullTGDs	10479			newNonFullTGDs	0		newFullTGDs	46328
nonFullTGDs	5817		fullTGDs	10578			newNonFullTGDs	1		newFullTGDs	46229
nonFullTGDs	5821		fullTGDs	10674			newNonFullTGDs	0		newFullTGDs	46133
nonFullTGDs	5826		fullTGDs	10768			newNonFullTGDs	0		newFullTGDs	46039
nonFullTGDs	5826		fullTGDs	10868			newNonFullTGDs	0		newFullTGDs	45939
nonFullTGDs	5827		fullTGDs	10966			newNonFullTGDs	0		newFullTGDs	45841
nonFullTGDs	5828		fullTGDs	11064			newNonFullTGDs	0		newFullTGDs	45743
nonFullTGDs	5830		fullTGDs	11161			newNonFullTGDs	0		newFullTGDs	45646
nonFullTGDs	5832		fullTGDs	11257			newNonFullTGDs	0		newFullTGDs	45550
nonFullTGDs	5834		fullTGDs	11354			newNonFullTGDs	0		newFullTGDs	45453
nonFullTGDs	5835		fullTGDs	11451			newNonFullTGDs	0		newFullTGDs	45356
nonFullTGDs	5836		fullTGDs	11548			newNonFullTGDs	0		newFullTGDs	45259
nonFullTGDs	5838		fullTGDs	11645			newNonFullTGDs	0		newFullTGDs	45162
nonFullTGDs	5841		fullTGDs	11740			newNonFullTGDs	0		newFullTGDs	45067
nonFullTGDs	5843		fullTGDs	11838			newNonFullTGDs	0		newFullTGDs	44969
nonFullTGDs	5844		fullTGDs	11937			newNonFullTGDs	0		newFullTGDs	44870
nonFullTGDs	5844		fullTGDs	12037			newNonFullTGDs	0		newFullTGDs	44770
nonFullTGDs	5852		fullTGDs	12128			newNonFullTGDs	0		newFullTGDs	44679
nonFullTGDs	5852		fullTGDs	12228			newNonFullTGDs	0		newFullTGDs	44579
nonFullTGDs	5854		fullTGDs	12325			newNonFullTGDs	0		newFullTGDs	44482
nonFullTGDs	5854		fullTGDs	12424			newNonFullTGDs	0		newFullTGDs	44383
nonFullTGDs	5857		fullTGDs	12521			newNonFullTGDs	0		newFullTGDs	44286
nonFullTGDs	5858		fullTGDs	12620			newNonFullTGDs	0		newFullTGDs	44187
nonFullTGDs	5863		fullTGDs	12713			newNonFullTGDs	0		newFullTGDs	44094
nonFullTGDs	5864		fullTGDs	12812			newNonFullTGDs	0		newFullTGDs	43995
nonFullTGDs	5864		fullTGDs	12912			newNonFullTGDs	0		newFullTGDs	43895
nonFullTGDs	5865		fullTGDs	13011			newNonFullTGDs	0		newFullTGDs	43796
nonFullTGDs	5865		fullTGDs	13110			newNonFullTGDs	0		newFullTGDs	43697
nonFullTGDs	5865		fullTGDs	13209			newNonFullTGDs	1		newFullTGDs	43598
nonFullTGDs	5867		fullTGDs	13306			newNonFullTGDs	0		newFullTGDs	43501
nonFullTGDs	5870		fullTGDs	13403			newNonFullTGDs	0		newFullTGDs	43404
nonFullTGDs	5870		fullTGDs	13503			newNonFullTGDs	0		newFullTGDs	43304
nonFullTGDs	5871		fullTGDs	13602			newNonFullTGDs	0		newFullTGDs	43205
nonFullTGDs	5871		fullTGDs	13701			newNonFullTGDs	0		newFullTGDs	43106
nonFullTGDs	5874		fullTGDs	13798			newNonFullTGDs	0		newFullTGDs	43009
nonFullTGDs	5875		fullTGDs	13897			newNonFullTGDs	0		newFullTGDs	42910
nonFullTGDs	5875		fullTGDs	13996			newNonFullTGDs	0		newFullTGDs	42811
nonFullTGDs	5876		fullTGDs	14095			newNonFullTGDs	0		newFullTGDs	42712
nonFullTGDs	5877		fullTGDs	14193			newNonFullTGDs	0		newFullTGDs	42614
nonFullTGDs	5881		fullTGDs	14289			newNonFullTGDs	0		newFullTGDs	42518
nonFullTGDs	5883		fullTGDs	14387			newNonFullTGDs	0		newFullTGDs	42420
nonFullTGDs	5884		fullTGDs	14486			newNonFullTGDs	0		newFullTGDs	42321
nonFullTGDs	5885		fullTGDs	14585			newNonFullTGDs	0		newFullTGDs	42222
nonFullTGDs	5885		fullTGDs	14684			newNonFullTGDs	0		newFullTGDs	42123
nonFullTGDs	5890		fullTGDs	14778			newNonFullTGDs	0		newFullTGDs	42029
nonFullTGDs	5891		fullTGDs	14875			newNonFullTGDs	0		newFullTGDs	41932
nonFullTGDs	5892		fullTGDs	14973			newNonFullTGDs	0		newFullTGDs	41834
nonFullTGDs	5893		fullTGDs	15070			newNonFullTGDs	0		newFullTGDs	41737
nonFullTGDs	5898		fullTGDs	15164			newNonFullTGDs	0		newFullTGDs	41643
nonFullTGDs	5898		fullTGDs	15264			newNonFullTGDs	0		newFullTGDs	41543
nonFullTGDs	5903		fullTGDs	15358			newNonFullTGDs	0		newFullTGDs	41449
nonFullTGDs	5903		fullTGDs	15458			newNonFullTGDs	0		newFullTGDs	41349
nonFullTGDs	5904		fullTGDs	15556			newNonFullTGDs	0		newFullTGDs	41251
nonFullTGDs	5905		fullTGDs	15654			newNonFullTGDs	0		newFullTGDs	41153
nonFullTGDs	5908		fullTGDs	15750			newNonFullTGDs	0		newFullTGDs	41057
nonFullTGDs	5911		fullTGDs	15845			newNonFullTGDs	0		newFullTGDs	40962
nonFullTGDs	5913		fullTGDs	15943			newNonFullTGDs	0		newFullTGDs	40864
nonFullTGDs	5914		fullTGDs	16041			newNonFullTGDs	0		newFullTGDs	40766
nonFullTGDs	5915		fullTGDs	16139			newNonFullTGDs	0		newFullTGDs	40668
nonFullTGDs	5917		fullTGDs	16237			newNonFullTGDs	0		newFullTGDs	40570
nonFullTGDs	5917		fullTGDs	16335			newNonFullTGDs	0		newFullTGDs	40472
nonFullTGDs	5921		fullTGDs	16430			newNonFullTGDs	0		newFullTGDs	40377
nonFullTGDs	5922		fullTGDs	16529			newNonFullTGDs	0		newFullTGDs	40278
nonFullTGDs	5925		fullTGDs	16625			newNonFullTGDs	0		newFullTGDs	40182
nonFullTGDs	5925		fullTGDs	16724			newNonFullTGDs	0		newFullTGDs	40083
nonFullTGDs	5926		fullTGDs	16822			newNonFullTGDs	0		newFullTGDs	39985
nonFullTGDs	5927		fullTGDs	16920			newNonFullTGDs	0		newFullTGDs	39887
nonFullTGDs	5929		fullTGDs	17016			newNonFullTGDs	0		newFullTGDs	39791
nonFullTGDs	5930		fullTGDs	17114			newNonFullTGDs	0		newFullTGDs	39693
nonFullTGDs	5932		fullTGDs	17210			newNonFullTGDs	0		newFullTGDs	39597
nonFullTGDs	5936		fullTGDs	17304			newNonFullTGDs	0		newFullTGDs	39503
nonFullTGDs	5937		fullTGDs	17403			newNonFullTGDs	0		newFullTGDs	39404
nonFullTGDs	5938		fullTGDs	17500			newNonFullTGDs	0		newFullTGDs	39307
nonFullTGDs	5942		fullTGDs	17595			newNonFullTGDs	0		newFullTGDs	39212
nonFullTGDs	5943		fullTGDs	17694			newNonFullTGDs	0		newFullTGDs	39113
nonFullTGDs	5944		fullTGDs	17793			newNonFullTGDs	0		newFullTGDs	39014
nonFullTGDs	5945		fullTGDs	17891			newNonFullTGDs	0		newFullTGDs	38916
nonFullTGDs	5946		fullTGDs	17989			newNonFullTGDs	0		newFullTGDs	38818
nonFullTGDs	5947		fullTGDs	18088			newNonFullTGDs	0		newFullTGDs	38719
nonFullTGDs	5948		fullTGDs	18186			newNonFullTGDs	0		newFullTGDs	38621
nonFullTGDs	5948		fullTGDs	18285			newNonFullTGDs	0		newFullTGDs	38522
nonFullTGDs	5950		fullTGDs	18382			newNonFullTGDs	0		newFullTGDs	38425
nonFullTGDs	5952		fullTGDs	18478			newNonFullTGDs	0		newFullTGDs	38329
nonFullTGDs	5957		fullTGDs	18572			newNonFullTGDs	0		newFullTGDs	38235
nonFullTGDs	5958		fullTGDs	18671			newNonFullTGDs	0		newFullTGDs	38136
nonFullTGDs	5971		fullTGDs	18744			newNonFullTGDs	1		newFullTGDs	38063
nonFullTGDs	5989		fullTGDs	18802			newNonFullTGDs	2		newFullTGDs	38005
nonFullTGDs	6006		fullTGDs	18852			newNonFullTGDs	0		newFullTGDs	37955
nonFullTGDs	6024		fullTGDs	18906			newNonFullTGDs	0		newFullTGDs	37901
nonFullTGDs	6042		fullTGDs	18961			newNonFullTGDs	0		newFullTGDs	37846
nonFullTGDs	6060		fullTGDs	19016			newNonFullTGDs	0		newFullTGDs	37791
nonFullTGDs	6086		fullTGDs	19083			newNonFullTGDs	0		newFullTGDs	37724
nonFullTGDs	6106		fullTGDs	19163			newNonFullTGDs	0		newFullTGDs	37644
nonFullTGDs	6129		fullTGDs	19240			newNonFullTGDs	1		newFullTGDs	37567
nonFullTGDs	6156		fullTGDs	19313			newNonFullTGDs	0		newFullTGDs	37494
nonFullTGDs	6178		fullTGDs	19391			newNonFullTGDs	0		newFullTGDs	37416
nonFullTGDs	6178		fullTGDs	19491			newNonFullTGDs	0		newFullTGDs	37316
nonFullTGDs	6178		fullTGDs	19591			newNonFullTGDs	0		newFullTGDs	37216
nonFullTGDs	6178		fullTGDs	19691			newNonFullTGDs	0		newFullTGDs	37116
nonFullTGDs	6178		fullTGDs	19791			newNonFullTGDs	0		newFullTGDs	37016
nonFullTGDs	6178		fullTGDs	19891			newNonFullTGDs	0		newFullTGDs	36916
nonFullTGDs	6178		fullTGDs	19991			newNonFullTGDs	0		newFullTGDs	36816
nonFullTGDs	6178		fullTGDs	20091			newNonFullTGDs	0		newFullTGDs	36716
nonFullTGDs	6178		fullTGDs	20191			newNonFullTGDs	0		newFullTGDs	36616
nonFullTGDs	6178		fullTGDs	20291			newNonFullTGDs	0		newFullTGDs	36516
nonFullTGDs	6178		fullTGDs	20391			newNonFullTGDs	0		newFullTGDs	36416
nonFullTGDs	6178		fullTGDs	20491			newNonFullTGDs	0		newFullTGDs	36316
nonFullTGDs	6178		fullTGDs	20591			newNonFullTGDs	0		newFullTGDs	36216
nonFullTGDs	6178		fullTGDs	20691			newNonFullTGDs	0		newFullTGDs	36116
nonFullTGDs	6178		fullTGDs	20791			newNonFullTGDs	0		newFullTGDs	36016
nonFullTGDs	6178		fullTGDs	20891			newNonFullTGDs	0		newFullTGDs	35916
nonFullTGDs	6178		fullTGDs	20991			newNonFullTGDs	0		newFullTGDs	35816
nonFullTGDs	6178		fullTGDs	21091			newNonFullTGDs	0		newFullTGDs	35716
nonFullTGDs	6178		fullTGDs	21191			newNonFullTGDs	0		newFullTGDs	35616
nonFullTGDs	6178		fullTGDs	21291			newNonFullTGDs	0		newFullTGDs	35516
nonFullTGDs	6178		fullTGDs	21391			newNonFullTGDs	0		newFullTGDs	35416
nonFullTGDs	6178		fullTGDs	21491			newNonFullTGDs	0		newFullTGDs	35316
nonFullTGDs	6178		fullTGDs	21591			newNonFullTGDs	0		newFullTGDs	35216
nonFullTGDs	6178		fullTGDs	21691			newNonFullTGDs	0		newFullTGDs	35116
nonFullTGDs	6178		fullTGDs	21791			newNonFullTGDs	0		newFullTGDs	35016
nonFullTGDs	6178		fullTGDs	21891			newNonFullTGDs	0		newFullTGDs	34916
nonFullTGDs	6178		fullTGDs	21991			newNonFullTGDs	0		newFullTGDs	34816
nonFullTGDs	6178		fullTGDs	22091			newNonFullTGDs	0		newFullTGDs	34716
nonFullTGDs	6178		fullTGDs	22191			newNonFullTGDs	0		newFullTGDs	34616
nonFullTGDs	6178		fullTGDs	22291			newNonFullTGDs	0		newFullTGDs	34516
nonFullTGDs	6178		fullTGDs	22391			newNonFullTGDs	0		newFullTGDs	34416
nonFullTGDs	6178		fullTGDs	22491			newNonFullTGDs	0		newFullTGDs	34316
nonFullTGDs	6178		fullTGDs	22591			newNonFullTGDs	0		newFullTGDs	34216
nonFullTGDs	6178		fullTGDs	22691			newNonFullTGDs	0		newFullTGDs	34116
nonFullTGDs	6178		fullTGDs	22791			newNonFullTGDs	0		newFullTGDs	34016
nonFullTGDs	6178		fullTGDs	22891			newNonFullTGDs	0		newFullTGDs	33916
nonFullTGDs	6178		fullTGDs	22991			newNonFullTGDs	0		newFullTGDs	33816
nonFullTGDs	6178		fullTGDs	23091			newNonFullTGDs	0		newFullTGDs	33716
nonFullTGDs	6178		fullTGDs	23191			newNonFullTGDs	0		newFullTGDs	33616
nonFullTGDs	6178		fullTGDs	23291			newNonFullTGDs	0		newFullTGDs	33516
nonFullTGDs	6178		fullTGDs	23391			newNonFullTGDs	0		newFullTGDs	33416
nonFullTGDs	6178		fullTGDs	23491			newNonFullTGDs	0		newFullTGDs	33316
nonFullTGDs	6178		fullTGDs	23591			newNonFullTGDs	0		newFullTGDs	33216
nonFullTGDs	6178		fullTGDs	23691			newNonFullTGDs	0		newFullTGDs	33116
nonFullTGDs	6178		fullTGDs	23791			newNonFullTGDs	0		newFullTGDs	33016
nonFullTGDs	6178		fullTGDs	23891			newNonFullTGDs	0		newFullTGDs	32916
nonFullTGDs	6178		fullTGDs	23991			newNonFullTGDs	0		newFullTGDs	32816
nonFullTGDs	6178		fullTGDs	24091			newNonFullTGDs	0		newFullTGDs	32716
nonFullTGDs	6178		fullTGDs	24191			newNonFullTGDs	0		newFullTGDs	32616
nonFullTGDs	6178		fullTGDs	24291			newNonFullTGDs	0		newFullTGDs	32516
nonFullTGDs	6178		fullTGDs	24391			newNonFullTGDs	0		newFullTGDs	32416
nonFullTGDs	6178		fullTGDs	24491			newNonFullTGDs	0		newFullTGDs	32316
nonFullTGDs	6178		fullTGDs	24591			newNonFullTGDs	0		newFullTGDs	32216
nonFullTGDs	6178		fullTGDs	24691			newNonFullTGDs	0		newFullTGDs	32116
nonFullTGDs	6178		fullTGDs	24791			newNonFullTGDs	0		newFullTGDs	32016
nonFullTGDs	6178		fullTGDs	24891			newNonFullTGDs	0		newFullTGDs	31916
nonFullTGDs	6178		fullTGDs	24991			newNonFullTGDs	0		newFullTGDs	31816
nonFullTGDs	6178		fullTGDs	25091			newNonFullTGDs	0		newFullTGDs	31716
nonFullTGDs	6178		fullTGDs	25191			newNonFullTGDs	0		newFullTGDs	31616
nonFullTGDs	6178		fullTGDs	25291			newNonFullTGDs	0		newFullTGDs	31516
nonFullTGDs	6178		fullTGDs	25391			newNonFullTGDs	0		newFullTGDs	31416
nonFullTGDs	6178		fullTGDs	25491			newNonFullTGDs	0		newFullTGDs	31316
nonFullTGDs	6178		fullTGDs	25591			newNonFullTGDs	0		newFullTGDs	31216
nonFullTGDs	6178		fullTGDs	25691			newNonFullTGDs	0		newFullTGDs	31116
nonFullTGDs	6178		fullTGDs	25791			newNonFullTGDs	0		newFullTGDs	31016
nonFullTGDs	6178		fullTGDs	25891			newNonFullTGDs	0		newFullTGDs	30916
nonFullTGDs	6178		fullTGDs	25991			newNonFullTGDs	0		newFullTGDs	30816
nonFullTGDs	6178		fullTGDs	26091			newNonFullTGDs	0		newFullTGDs	30716
nonFullTGDs	6178		fullTGDs	26191			newNonFullTGDs	0		newFullTGDs	30616
nonFullTGDs	6178		fullTGDs	26291			newNonFullTGDs	0		newFullTGDs	30516
nonFullTGDs	6178		fullTGDs	26391			newNonFullTGDs	0		newFullTGDs	30416
nonFullTGDs	6178		fullTGDs	26491			newNonFullTGDs	0		newFullTGDs	30316
nonFullTGDs	6178		fullTGDs	26591			newNonFullTGDs	0		newFullTGDs	30216
nonFullTGDs	6178		fullTGDs	26691			newNonFullTGDs	0		newFullTGDs	30116
nonFullTGDs	6178		fullTGDs	26791			newNonFullTGDs	0		newFullTGDs	30016
nonFullTGDs	6178		fullTGDs	26891			newNonFullTGDs	0		newFullTGDs	29916
nonFullTGDs	6178		fullTGDs	26991			newNonFullTGDs	0		newFullTGDs	29816
nonFullTGDs	6178		fullTGDs	27091			newNonFullTGDs	0		newFullTGDs	29716
nonFullTGDs	6178		fullTGDs	27191			newNonFullTGDs	0		newFullTGDs	29616
nonFullTGDs	6178		fullTGDs	27291			newNonFullTGDs	0		newFullTGDs	29516
nonFullTGDs	6178		fullTGDs	27391			newNonFullTGDs	0		newFullTGDs	29416
nonFullTGDs	6178		fullTGDs	27491			newNonFullTGDs	0		newFullTGDs	29316
nonFullTGDs	6178		fullTGDs	27591			newNonFullTGDs	0		newFullTGDs	29216
nonFullTGDs	6178		fullTGDs	27691			newNonFullTGDs	0		newFullTGDs	29116
nonFullTGDs	6178		fullTGDs	27791			newNonFullTGDs	0		newFullTGDs	29016
nonFullTGDs	6178		fullTGDs	27891			newNonFullTGDs	0		newFullTGDs	28916
nonFullTGDs	6178		fullTGDs	27991			newNonFullTGDs	0		newFullTGDs	28816
nonFullTGDs	6178		fullTGDs	28091			newNonFullTGDs	0		newFullTGDs	28716
nonFullTGDs	6178		fullTGDs	28191			newNonFullTGDs	0		newFullTGDs	28616
nonFullTGDs	6178		fullTGDs	28291			newNonFullTGDs	0		newFullTGDs	28516
nonFullTGDs	6178		fullTGDs	28391			newNonFullTGDs	0		newFullTGDs	28416
nonFullTGDs	6178		fullTGDs	28491			newNonFullTGDs	0		newFullTGDs	28316
nonFullTGDs	6178		fullTGDs	28591			newNonFullTGDs	0		newFullTGDs	28216
nonFullTGDs	6178		fullTGDs	28691			newNonFullTGDs	0		newFullTGDs	28116
nonFullTGDs	6178		fullTGDs	28791			newNonFullTGDs	0		newFullTGDs	28016
nonFullTGDs	6178		fullTGDs	28891			newNonFullTGDs	0		newFullTGDs	27916
nonFullTGDs	6178		fullTGDs	28991			newNonFullTGDs	0		newFullTGDs	27816
nonFullTGDs	6178		fullTGDs	29091			newNonFullTGDs	0		newFullTGDs	27716
nonFullTGDs	6178		fullTGDs	29191			newNonFullTGDs	0		newFullTGDs	27616
nonFullTGDs	6178		fullTGDs	29291			newNonFullTGDs	0		newFullTGDs	27516
nonFullTGDs	6178		fullTGDs	29391			newNonFullTGDs	0		newFullTGDs	27416
nonFullTGDs	6178		fullTGDs	29491			newNonFullTGDs	0		newFullTGDs	27316
nonFullTGDs	6178		fullTGDs	29591			newNonFullTGDs	0		newFullTGDs	27216
nonFullTGDs	6178		fullTGDs	29691			newNonFullTGDs	0		newFullTGDs	27116
nonFullTGDs	6178		fullTGDs	29791			newNonFullTGDs	0		newFullTGDs	27016
nonFullTGDs	6178		fullTGDs	29891			newNonFullTGDs	0		newFullTGDs	26916
nonFullTGDs	6178		fullTGDs	29991			newNonFullTGDs	0		newFullTGDs	26816
nonFullTGDs	6178		fullTGDs	30091			newNonFullTGDs	0		newFullTGDs	26716
nonFullTGDs	6178		fullTGDs	30191			newNonFullTGDs	0		newFullTGDs	26616
nonFullTGDs	6178		fullTGDs	30291			newNonFullTGDs	0		newFullTGDs	26516
nonFullTGDs	6180		fullTGDs	30389			newNonFullTGDs	0		newFullTGDs	26418
nonFullTGDs	6190		fullTGDs	30479			newNonFullTGDs	0		newFullTGDs	26328
nonFullTGDs	6204		fullTGDs	30565			newNonFullTGDs	0		newFullTGDs	26242
nonFullTGDs	6210		fullTGDs	30659			newNonFullTGDs	0		newFullTGDs	26148
nonFullTGDs	6210		fullTGDs	30759			newNonFullTGDs	0		newFullTGDs	26048
nonFullTGDs	6210		fullTGDs	30859			newNonFullTGDs	0		newFullTGDs	25948
nonFullTGDs	6211		fullTGDs	30958			newNonFullTGDs	0		newFullTGDs	25849
nonFullTGDs	6222		fullTGDs	31047			newNonFullTGDs	0		newFullTGDs	25760
nonFullTGDs	6235		fullTGDs	31134			newNonFullTGDs	1		newFullTGDs	25673
nonFullTGDs	6250		fullTGDs	31219			newNonFullTGDs	0		newFullTGDs	25588
nonFullTGDs	6250		fullTGDs	31319			newNonFullTGDs	0		newFullTGDs	25488
nonFullTGDs	6250		fullTGDs	31419			newNonFullTGDs	0		newFullTGDs	25388
nonFullTGDs	6259		fullTGDs	31510			newNonFullTGDs	0		newFullTGDs	25297
nonFullTGDs	6272		fullTGDs	31597			newNonFullTGDs	0		newFullTGDs	25210
nonFullTGDs	6277		fullTGDs	31692			newNonFullTGDs	0		newFullTGDs	25115
nonFullTGDs	6279		fullTGDs	31790			newNonFullTGDs	0		newFullTGDs	25017
nonFullTGDs	6279		fullTGDs	31890			newNonFullTGDs	0		newFullTGDs	24917
nonFullTGDs	6279		fullTGDs	31990			newNonFullTGDs	0		newFullTGDs	24817
nonFullTGDs	6279		fullTGDs	32090			newNonFullTGDs	0		newFullTGDs	24717
nonFullTGDs	6279		fullTGDs	32190			newNonFullTGDs	0		newFullTGDs	24617
nonFullTGDs	6279		fullTGDs	32290			newNonFullTGDs	0		newFullTGDs	24517
nonFullTGDs	6279		fullTGDs	32390			newNonFullTGDs	0		newFullTGDs	24417
nonFullTGDs	6280		fullTGDs	32489			newNonFullTGDs	0		newFullTGDs	24318
nonFullTGDs	6280		fullTGDs	32589			newNonFullTGDs	0		newFullTGDs	24218
nonFullTGDs	6282		fullTGDs	32687			newNonFullTGDs	0		newFullTGDs	24120
nonFullTGDs	6284		fullTGDs	32785			newNonFullTGDs	0		newFullTGDs	24022
nonFullTGDs	6286		fullTGDs	32883			newNonFullTGDs	0		newFullTGDs	23924
nonFullTGDs	6291		fullTGDs	32978			newNonFullTGDs	0		newFullTGDs	23829
nonFullTGDs	6291		fullTGDs	33078			newNonFullTGDs	0		newFullTGDs	23729
nonFullTGDs	6291		fullTGDs	33178			newNonFullTGDs	0		newFullTGDs	23629
nonFullTGDs	6291		fullTGDs	33278			newNonFullTGDs	0		newFullTGDs	23529
nonFullTGDs	6291		fullTGDs	33378			newNonFullTGDs	0		newFullTGDs	23429
nonFullTGDs	6292		fullTGDs	33477			newNonFullTGDs	0		newFullTGDs	23330
nonFullTGDs	6292		fullTGDs	33577			newNonFullTGDs	0		newFullTGDs	23230
nonFullTGDs	6293		fullTGDs	33676			newNonFullTGDs	0		newFullTGDs	23131
nonFullTGDs	6295		fullTGDs	33774			newNonFullTGDs	0		newFullTGDs	23033
nonFullTGDs	6295		fullTGDs	33874			newNonFullTGDs	0		newFullTGDs	22933
nonFullTGDs	6296		fullTGDs	33973			newNonFullTGDs	0		newFullTGDs	22834
nonFullTGDs	6297		fullTGDs	34072			newNonFullTGDs	0		newFullTGDs	22735
nonFullTGDs	6297		fullTGDs	34172			newNonFullTGDs	0		newFullTGDs	22635
nonFullTGDs	6298		fullTGDs	34271			newNonFullTGDs	0		newFullTGDs	22536
nonFullTGDs	6301		fullTGDs	34368			newNonFullTGDs	0		newFullTGDs	22439
nonFullTGDs	6304		fullTGDs	34465			newNonFullTGDs	0		newFullTGDs	22342
nonFullTGDs	6307		fullTGDs	34562			newNonFullTGDs	0		newFullTGDs	22245
nonFullTGDs	6310		fullTGDs	34659			newNonFullTGDs	0		newFullTGDs	22148
nonFullTGDs	6310		fullTGDs	34759			newNonFullTGDs	0		newFullTGDs	22048
nonFullTGDs	6312		fullTGDs	34857			newNonFullTGDs	0		newFullTGDs	21950
nonFullTGDs	6312		fullTGDs	34957			newNonFullTGDs	0		newFullTGDs	21850
nonFullTGDs	6312		fullTGDs	35057			newNonFullTGDs	0		newFullTGDs	21750
nonFullTGDs	6312		fullTGDs	35157			newNonFullTGDs	0		newFullTGDs	21650
nonFullTGDs	6312		fullTGDs	35257			newNonFullTGDs	0		newFullTGDs	21550
nonFullTGDs	6312		fullTGDs	35357			newNonFullTGDs	0		newFullTGDs	21450
nonFullTGDs	6313		fullTGDs	35456			newNonFullTGDs	0		newFullTGDs	21351
nonFullTGDs	6313		fullTGDs	35556			newNonFullTGDs	0		newFullTGDs	21251
nonFullTGDs	6315		fullTGDs	35654			newNonFullTGDs	0		newFullTGDs	21153
nonFullTGDs	6316		fullTGDs	35753			newNonFullTGDs	0		newFullTGDs	21054
nonFullTGDs	6316		fullTGDs	35853			newNonFullTGDs	0		newFullTGDs	20954
nonFullTGDs	6316		fullTGDs	35953			newNonFullTGDs	0		newFullTGDs	20854
nonFullTGDs	6318		fullTGDs	36051			newNonFullTGDs	0		newFullTGDs	20756
nonFullTGDs	6318		fullTGDs	36151			newNonFullTGDs	0		newFullTGDs	20656
nonFullTGDs	6318		fullTGDs	36251			newNonFullTGDs	0		newFullTGDs	20556
nonFullTGDs	6318		fullTGDs	36351			newNonFullTGDs	0		newFullTGDs	20456
nonFullTGDs	6318		fullTGDs	36451			newNonFullTGDs	0		newFullTGDs	20356
nonFullTGDs	6319		fullTGDs	36550			newNonFullTGDs	0		newFullTGDs	20257
nonFullTGDs	6319		fullTGDs	36650			newNonFullTGDs	0		newFullTGDs	20157
nonFullTGDs	6319		fullTGDs	36750			newNonFullTGDs	0		newFullTGDs	20057
nonFullTGDs	6319		fullTGDs	36850			newNonFullTGDs	0		newFullTGDs	19957
nonFullTGDs	6320		fullTGDs	36949			newNonFullTGDs	0		newFullTGDs	19858
nonFullTGDs	6322		fullTGDs	37047			newNonFullTGDs	0		newFullTGDs	19760
nonFullTGDs	6322		fullTGDs	37147			newNonFullTGDs	0		newFullTGDs	19660
nonFullTGDs	6322		fullTGDs	37247			newNonFullTGDs	0		newFullTGDs	19560
nonFullTGDs	6323		fullTGDs	37346			newNonFullTGDs	0		newFullTGDs	19461
nonFullTGDs	6324		fullTGDs	37445			newNonFullTGDs	0		newFullTGDs	19362
nonFullTGDs	6324		fullTGDs	37545			newNonFullTGDs	0		newFullTGDs	19262
nonFullTGDs	6324		fullTGDs	37645			newNonFullTGDs	0		newFullTGDs	19162
nonFullTGDs	6325		fullTGDs	37744			newNonFullTGDs	0		newFullTGDs	19063
nonFullTGDs	6325		fullTGDs	37844			newNonFullTGDs	0		newFullTGDs	18963
nonFullTGDs	6327		fullTGDs	37942			newNonFullTGDs	0		newFullTGDs	18865
nonFullTGDs	6327		fullTGDs	38042			newNonFullTGDs	0		newFullTGDs	18765
nonFullTGDs	6327		fullTGDs	38142			newNonFullTGDs	0		newFullTGDs	18665
nonFullTGDs	6327		fullTGDs	38242			newNonFullTGDs	0		newFullTGDs	18565
nonFullTGDs	6327		fullTGDs	38342			newNonFullTGDs	0		newFullTGDs	18465
nonFullTGDs	6327		fullTGDs	38442			newNonFullTGDs	0		newFullTGDs	18365
nonFullTGDs	6328		fullTGDs	38541			newNonFullTGDs	0		newFullTGDs	18266
nonFullTGDs	6328		fullTGDs	38641			newNonFullTGDs	0		newFullTGDs	18166
nonFullTGDs	6328		fullTGDs	38741			newNonFullTGDs	0		newFullTGDs	18066
nonFullTGDs	6329		fullTGDs	38840			newNonFullTGDs	0		newFullTGDs	17967
nonFullTGDs	6330		fullTGDs	38939			newNonFullTGDs	0		newFullTGDs	17868
nonFullTGDs	6330		fullTGDs	39039			newNonFullTGDs	0		newFullTGDs	17768
nonFullTGDs	6330		fullTGDs	39139			newNonFullTGDs	0		newFullTGDs	17668
nonFullTGDs	6330		fullTGDs	39239			newNonFullTGDs	0		newFullTGDs	17568
nonFullTGDs	6332		fullTGDs	39337			newNonFullTGDs	0		newFullTGDs	17470
nonFullTGDs	6332		fullTGDs	39437			newNonFullTGDs	0		newFullTGDs	17370
nonFullTGDs	6332		fullTGDs	39537			newNonFullTGDs	0		newFullTGDs	17270
nonFullTGDs	6333		fullTGDs	39636			newNonFullTGDs	0		newFullTGDs	17171
nonFullTGDs	6333		fullTGDs	39736			newNonFullTGDs	0		newFullTGDs	17071
nonFullTGDs	6333		fullTGDs	39836			newNonFullTGDs	0		newFullTGDs	16971
nonFullTGDs	6335		fullTGDs	39934			newNonFullTGDs	0		newFullTGDs	16873
nonFullTGDs	6336		fullTGDs	40033			newNonFullTGDs	0		newFullTGDs	16774
nonFullTGDs	6336		fullTGDs	40133			newNonFullTGDs	0		newFullTGDs	16674
nonFullTGDs	6336		fullTGDs	40233			newNonFullTGDs	0		newFullTGDs	16574
nonFullTGDs	6336		fullTGDs	40333			newNonFullTGDs	0		newFullTGDs	16474
nonFullTGDs	6337		fullTGDs	40432			newNonFullTGDs	0		newFullTGDs	16375
nonFullTGDs	6337		fullTGDs	40532			newNonFullTGDs	0		newFullTGDs	16275
nonFullTGDs	6337		fullTGDs	40632			newNonFullTGDs	0		newFullTGDs	16175
nonFullTGDs	6337		fullTGDs	40732			newNonFullTGDs	0		newFullTGDs	16075
nonFullTGDs	6337		fullTGDs	40832			newNonFullTGDs	0		newFullTGDs	15975
nonFullTGDs	6337		fullTGDs	40932			newNonFullTGDs	0		newFullTGDs	15875
nonFullTGDs	6337		fullTGDs	41032			newNonFullTGDs	0		newFullTGDs	15775
nonFullTGDs	6337		fullTGDs	41132			newNonFullTGDs	0		newFullTGDs	15675
nonFullTGDs	6337		fullTGDs	41232			newNonFullTGDs	0		newFullTGDs	15575
nonFullTGDs	6338		fullTGDs	41331			newNonFullTGDs	0		newFullTGDs	15476
nonFullTGDs	6338		fullTGDs	41431			newNonFullTGDs	0		newFullTGDs	15376
nonFullTGDs	6338		fullTGDs	41531			newNonFullTGDs	0		newFullTGDs	15276
nonFullTGDs	6339		fullTGDs	41630			newNonFullTGDs	0		newFullTGDs	15177
nonFullTGDs	6339		fullTGDs	41730			newNonFullTGDs	0		newFullTGDs	15077
nonFullTGDs	6340		fullTGDs	41829			newNonFullTGDs	0		newFullTGDs	14978
nonFullTGDs	6340		fullTGDs	41929			newNonFullTGDs	0		newFullTGDs	14878
nonFullTGDs	6340		fullTGDs	42029			newNonFullTGDs	0		newFullTGDs	14778
nonFullTGDs	6340		fullTGDs	42129			newNonFullTGDs	0		newFullTGDs	14678
nonFullTGDs	6340		fullTGDs	42229			newNonFullTGDs	0		newFullTGDs	14578
nonFullTGDs	6340		fullTGDs	42329			newNonFullTGDs	0		newFullTGDs	14478
nonFullTGDs	6340		fullTGDs	42429			newNonFullTGDs	0		newFullTGDs	14378
nonFullTGDs	6340		fullTGDs	42529			newNonFullTGDs	0		newFullTGDs	14278
nonFullTGDs	6340		fullTGDs	42629			newNonFullTGDs	0		newFullTGDs	14178
nonFullTGDs	6340		fullTGDs	42729			newNonFullTGDs	0		newFullTGDs	14078
nonFullTGDs	6340		fullTGDs	42829			newNonFullTGDs	0		newFullTGDs	13978
nonFullTGDs	6340		fullTGDs	42929			newNonFullTGDs	0		newFullTGDs	13878
nonFullTGDs	6340		fullTGDs	43029			newNonFullTGDs	0		newFullTGDs	13778
nonFullTGDs	6340		fullTGDs	43129			newNonFullTGDs	0		newFullTGDs	13678
nonFullTGDs	6340		fullTGDs	43229			newNonFullTGDs	0		newFullTGDs	13578
nonFullTGDs	6340		fullTGDs	43329			newNonFullTGDs	0		newFullTGDs	13478
nonFullTGDs	6340		fullTGDs	43429			newNonFullTGDs	0		newFullTGDs	13378
nonFullTGDs	6340		fullTGDs	43529			newNonFullTGDs	0		newFullTGDs	13278
nonFullTGDs	6340		fullTGDs	43629			newNonFullTGDs	0		newFullTGDs	13178
nonFullTGDs	6340		fullTGDs	43729			newNonFullTGDs	0		newFullTGDs	13078
nonFullTGDs	6340		fullTGDs	43829			newNonFullTGDs	0		newFullTGDs	12978
nonFullTGDs	6340		fullTGDs	43929			newNonFullTGDs	0		newFullTGDs	12878
nonFullTGDs	6340		fullTGDs	44029			newNonFullTGDs	0		newFullTGDs	12778
nonFullTGDs	6340		fullTGDs	44129			newNonFullTGDs	0		newFullTGDs	12678
nonFullTGDs	6340		fullTGDs	44229			newNonFullTGDs	0		newFullTGDs	12578
nonFullTGDs	6340		fullTGDs	44329			newNonFullTGDs	0		newFullTGDs	12478
nonFullTGDs	6340		fullTGDs	44429			newNonFullTGDs	0		newFullTGDs	12378
nonFullTGDs	6340		fullTGDs	44529			newNonFullTGDs	0		newFullTGDs	12278
nonFullTGDs	6340		fullTGDs	44629			newNonFullTGDs	0		newFullTGDs	12178
nonFullTGDs	6340		fullTGDs	44729			newNonFullTGDs	0		newFullTGDs	12078
nonFullTGDs	6340		fullTGDs	44829			newNonFullTGDs	0		newFullTGDs	11978
nonFullTGDs	6340		fullTGDs	44929			newNonFullTGDs	0		newFullTGDs	11878
nonFullTGDs	6340		fullTGDs	45029			newNonFullTGDs	0		newFullTGDs	11778
nonFullTGDs	6340		fullTGDs	45129			newNonFullTGDs	0		newFullTGDs	11678
nonFullTGDs	6340		fullTGDs	45229			newNonFullTGDs	0		newFullTGDs	11578
nonFullTGDs	6340		fullTGDs	45329			newNonFullTGDs	0		newFullTGDs	11478
nonFullTGDs	6340		fullTGDs	45429			newNonFullTGDs	0		newFullTGDs	11378
nonFullTGDs	6340		fullTGDs	45529			newNonFullTGDs	0		newFullTGDs	11278
nonFullTGDs	6340		fullTGDs	45629			newNonFullTGDs	0		newFullTGDs	11178
nonFullTGDs	6340		fullTGDs	45729			newNonFullTGDs	0		newFullTGDs	11078
nonFullTGDs	6340		fullTGDs	45829			newNonFullTGDs	0		newFullTGDs	10978
nonFullTGDs	6340		fullTGDs	45929			newNonFullTGDs	0		newFullTGDs	10878
nonFullTGDs	6340		fullTGDs	46029			newNonFullTGDs	0		newFullTGDs	10778
nonFullTGDs	6340		fullTGDs	46129			newNonFullTGDs	0		newFullTGDs	10678
nonFullTGDs	6340		fullTGDs	46229			newNonFullTGDs	0		newFullTGDs	10578
nonFullTGDs	6340		fullTGDs	46329			newNonFullTGDs	0		newFullTGDs	10478
nonFullTGDs	6340		fullTGDs	46429			newNonFullTGDs	0		newFullTGDs	10378
nonFullTGDs	6340		fullTGDs	46529			newNonFullTGDs	0		newFullTGDs	10278
nonFullTGDs	6340		fullTGDs	46629			newNonFullTGDs	0		newFullTGDs	10178
nonFullTGDs	6340		fullTGDs	46729			newNonFullTGDs	0		newFullTGDs	10078
nonFullTGDs	6340		fullTGDs	46829			newNonFullTGDs	0		newFullTGDs	9978
nonFullTGDs	6340		fullTGDs	46929			newNonFullTGDs	0		newFullTGDs	9878
nonFullTGDs	6340		fullTGDs	47029			newNonFullTGDs	0		newFullTGDs	9778
nonFullTGDs	6340		fullTGDs	47129			newNonFullTGDs	0		newFullTGDs	9678
nonFullTGDs	6340		fullTGDs	47229			newNonFullTGDs	0		newFullTGDs	9578
nonFullTGDs	6340		fullTGDs	47329			newNonFullTGDs	0		newFullTGDs	9478
nonFullTGDs	6340		fullTGDs	47429			newNonFullTGDs	0		newFullTGDs	9378
nonFullTGDs	6340		fullTGDs	47529			newNonFullTGDs	0		newFullTGDs	9278
nonFullTGDs	6340		fullTGDs	47629			newNonFullTGDs	0		newFullTGDs	9178
nonFullTGDs	6340		fullTGDs	47729			newNonFullTGDs	0		newFullTGDs	9078
nonFullTGDs	6340		fullTGDs	47829			newNonFullTGDs	0		newFullTGDs	8978
nonFullTGDs	6340		fullTGDs	47929			newNonFullTGDs	0		newFullTGDs	8878
nonFullTGDs	6340		fullTGDs	48029			newNonFullTGDs	0		newFullTGDs	8778
nonFullTGDs	6340		fullTGDs	48129			newNonFullTGDs	0		newFullTGDs	8678
nonFullTGDs	6340		fullTGDs	48229			newNonFullTGDs	0		newFullTGDs	8578
nonFullTGDs	6340		fullTGDs	48329			newNonFullTGDs	0		newFullTGDs	8478
nonFullTGDs	6340		fullTGDs	48429			newNonFullTGDs	0		newFullTGDs	8378
nonFullTGDs	6340		fullTGDs	48529			newNonFullTGDs	0		newFullTGDs	8278
nonFullTGDs	6340		fullTGDs	48629			newNonFullTGDs	0		newFullTGDs	8178
nonFullTGDs	6340		fullTGDs	48729			newNonFullTGDs	0		newFullTGDs	8078
nonFullTGDs	6340		fullTGDs	48829			newNonFullTGDs	0		newFullTGDs	7978
nonFullTGDs	6340		fullTGDs	48929			newNonFullTGDs	0		newFullTGDs	7878
nonFullTGDs	6340		fullTGDs	49029			newNonFullTGDs	0		newFullTGDs	7778
nonFullTGDs	6340		fullTGDs	49129			newNonFullTGDs	0		newFullTGDs	7678
nonFullTGDs	6340		fullTGDs	49229			newNonFullTGDs	0		newFullTGDs	7578
nonFullTGDs	6340		fullTGDs	49329			newNonFullTGDs	0		newFullTGDs	7478
nonFullTGDs	6340		fullTGDs	49429			newNonFullTGDs	0		newFullTGDs	7378
nonFullTGDs	6340		fullTGDs	49529			newNonFullTGDs	0		newFullTGDs	7278
nonFullTGDs	6340		fullTGDs	49629			newNonFullTGDs	0		newFullTGDs	7178
nonFullTGDs	6340		fullTGDs	49729			newNonFullTGDs	0		newFullTGDs	7078
nonFullTGDs	6340		fullTGDs	49829			newNonFullTGDs	0		newFullTGDs	6978
nonFullTGDs	6340		fullTGDs	49929			newNonFullTGDs	0		newFullTGDs	6878
nonFullTGDs	6340		fullTGDs	50029			newNonFullTGDs	0		newFullTGDs	6778
nonFullTGDs	6340		fullTGDs	50129			newNonFullTGDs	0		newFullTGDs	6678
nonFullTGDs	6340		fullTGDs	50229			newNonFullTGDs	0		newFullTGDs	6578
nonFullTGDs	6340		fullTGDs	50329			newNonFullTGDs	0		newFullTGDs	6478
nonFullTGDs	6340		fullTGDs	50429			newNonFullTGDs	0		newFullTGDs	6378
nonFullTGDs	6340		fullTGDs	50529			newNonFullTGDs	0		newFullTGDs	6278
nonFullTGDs	6340		fullTGDs	50629			newNonFullTGDs	0		newFullTGDs	6178
nonFullTGDs	6340		fullTGDs	50729			newNonFullTGDs	0		newFullTGDs	6078
nonFullTGDs	6340		fullTGDs	50829			newNonFullTGDs	0		newFullTGDs	5978
nonFullTGDs	6340		fullTGDs	50929			newNonFullTGDs	0		newFullTGDs	5878
nonFullTGDs	6340		fullTGDs	51029			newNonFullTGDs	0		newFullTGDs	5778
nonFullTGDs	6340		fullTGDs	51129			newNonFullTGDs	0		newFullTGDs	5678
nonFullTGDs	6340		fullTGDs	51229			newNonFullTGDs	0		newFullTGDs	5578
nonFullTGDs	6340		fullTGDs	51329			newNonFullTGDs	0		newFullTGDs	5478
nonFullTGDs	6340		fullTGDs	51429			newNonFullTGDs	0		newFullTGDs	5378
nonFullTGDs	6340		fullTGDs	51529			newNonFullTGDs	0		newFullTGDs	5278
nonFullTGDs	6340		fullTGDs	51629			newNonFullTGDs	0		newFullTGDs	5178
nonFullTGDs	6340		fullTGDs	51729			newNonFullTGDs	0		newFullTGDs	5078
nonFullTGDs	6340		fullTGDs	51829			newNonFullTGDs	0		newFullTGDs	4978
nonFullTGDs	6340		fullTGDs	51929			newNonFullTGDs	0		newFullTGDs	4878
nonFullTGDs	6340		fullTGDs	52029			newNonFullTGDs	0		newFullTGDs	4778
nonFullTGDs	6340		fullTGDs	52129			newNonFullTGDs	0		newFullTGDs	4678
nonFullTGDs	6340		fullTGDs	52229			newNonFullTGDs	0		newFullTGDs	4578
nonFullTGDs	6340		fullTGDs	52329			newNonFullTGDs	0		newFullTGDs	4478
nonFullTGDs	6340		fullTGDs	52429			newNonFullTGDs	0		newFullTGDs	4378
nonFullTGDs	6340		fullTGDs	52529			newNonFullTGDs	0		newFullTGDs	4278
nonFullTGDs	6340		fullTGDs	52629			newNonFullTGDs	0		newFullTGDs	4178
nonFullTGDs	6340		fullTGDs	52729			newNonFullTGDs	0		newFullTGDs	4078
nonFullTGDs	6340		fullTGDs	52829			newNonFullTGDs	0		newFullTGDs	3978
nonFullTGDs	6340		fullTGDs	52929			newNonFullTGDs	0		newFullTGDs	3878
nonFullTGDs	6340		fullTGDs	53029			newNonFullTGDs	0		newFullTGDs	3778
nonFullTGDs	6340		fullTGDs	53129			newNonFullTGDs	0		newFullTGDs	3678
nonFullTGDs	6340		fullTGDs	53229			newNonFullTGDs	0		newFullTGDs	3578
nonFullTGDs	6340		fullTGDs	53329			newNonFullTGDs	0		newFullTGDs	3478
nonFullTGDs	6340		fullTGDs	53429			newNonFullTGDs	0		newFullTGDs	3378
nonFullTGDs	6340		fullTGDs	53529			newNonFullTGDs	0		newFullTGDs	3278
nonFullTGDs	6340		fullTGDs	53629			newNonFullTGDs	0		newFullTGDs	3178
nonFullTGDs	6340		fullTGDs	53729			newNonFullTGDs	0		newFullTGDs	3078
nonFullTGDs	6340		fullTGDs	53829			newNonFullTGDs	0		newFullTGDs	2978
nonFullTGDs	6340		fullTGDs	53929			newNonFullTGDs	0		newFullTGDs	2878
nonFullTGDs	6340		fullTGDs	54029			newNonFullTGDs	0		newFullTGDs	2778
nonFullTGDs	6340		fullTGDs	54129			newNonFullTGDs	0		newFullTGDs	2678
nonFullTGDs	6340		fullTGDs	54229			newNonFullTGDs	0		newFullTGDs	2578
nonFullTGDs	6340		fullTGDs	54329			newNonFullTGDs	0		newFullTGDs	2478
nonFullTGDs	6340		fullTGDs	54429			newNonFullTGDs	0		newFullTGDs	2378
nonFullTGDs	6340		fullTGDs	54529			newNonFullTGDs	0		newFullTGDs	2278
nonFullTGDs	6340		fullTGDs	54629			newNonFullTGDs	0		newFullTGDs	2178
nonFullTGDs	6340		fullTGDs	54729			newNonFullTGDs	0		newFullTGDs	2078
nonFullTGDs	6340		fullTGDs	54829			newNonFullTGDs	0		newFullTGDs	1978
nonFullTGDs	6340		fullTGDs	54929			newNonFullTGDs	0		newFullTGDs	1878
nonFullTGDs	6340		fullTGDs	55029			newNonFullTGDs	0		newFullTGDs	1778
nonFullTGDs	6340		fullTGDs	55129			newNonFullTGDs	0		newFullTGDs	1678
nonFullTGDs	6340		fullTGDs	55229			newNonFullTGDs	0		newFullTGDs	1578
nonFullTGDs	6340		fullTGDs	55329			newNonFullTGDs	0		newFullTGDs	1478
nonFullTGDs	6340		fullTGDs	55429			newNonFullTGDs	0		newFullTGDs	1378
nonFullTGDs	6340		fullTGDs	55529			newNonFullTGDs	0		newFullTGDs	1278
nonFullTGDs	6340		fullTGDs	55629			newNonFullTGDs	0		newFullTGDs	1178
nonFullTGDs	6340		fullTGDs	55729			newNonFullTGDs	0		newFullTGDs	1078
nonFullTGDs	6340		fullTGDs	55829			newNonFullTGDs	0		newFullTGDs	978
nonFullTGDs	6340		fullTGDs	55929			newNonFullTGDs	0		newFullTGDs	878
nonFullTGDs	6340		fullTGDs	56029			newNonFullTGDs	0		newFullTGDs	778
nonFullTGDs	6340		fullTGDs	56129			newNonFullTGDs	0		newFullTGDs	678
nonFullTGDs	6340		fullTGDs	56229			newNonFullTGDs	0		newFullTGDs	578
nonFullTGDs	6340		fullTGDs	56329			newNonFullTGDs	0		newFullTGDs	478
nonFullTGDs	6340		fullTGDs	56429			newNonFullTGDs	0		newFullTGDs	378
nonFullTGDs	6340		fullTGDs	56529			newNonFullTGDs	0		newFullTGDs	278
nonFullTGDs	6340		fullTGDs	56629			newNonFullTGDs	0		newFullTGDs	178
nonFullTGDs	6340		fullTGDs	56729			newNonFullTGDs	0		newFullTGDs	78
Nov 12, 2021 10:18:44 PM uk.ac.ox.cs.gsat.SaturationStatistics log
INFO: # initial TGDs: 681 , 1924
Nov 12, 2021 10:18:44 PM uk.ac.ox.cs.gsat.SaturationStatistics log
INFO: OrderedSkSat total time : 4496 ms = 4.50 s
Nov 12, 2021 10:18:44 PM uk.ac.ox.cs.gsat.SaturationStatistics log
INFO: Subsumed elements : 2526
Nov 12, 2021 10:18:44 PM uk.ac.ox.cs.gsat.SaturationStatistics log
INFO: Filter discarded elements : 4996401
Nov 12, 2021 10:18:44 PM uk.ac.ox.cs.gsat.SaturationStatistics log
INFO: subsumption time: 1468 ms = 1.47 s
Nov 12, 2021 10:18:44 PM uk.ac.ox.cs.gsat.SaturationStatistics log
INFO: forward subsumption time: 1120 ms = 1.12 s
Nov 12, 2021 10:18:44 PM uk.ac.ox.cs.gsat.SaturationStatistics log
INFO: backward subsumption time: 348 ms = 0.35 s
Nov 12, 2021 10:18:44 PM uk.ac.ox.cs.gsat.SaturationStatistics log
INFO: Derived full/non full TGDs: 57320 , 6478
Nov 12, 2021 10:18:44 PM uk.ac.ox.cs.gsat.SaturationStatistics log
INFO: discarded tautology count: 730
Nov 12, 2021 10:18:44 PM uk.ac.ox.cs.gsat.EvolveStatistics log
INFO: Stop because subsumed: 728
Nov 12, 2021 10:18:44 PM uk.ac.ox.cs.gsat.EvolveStatistics log
INFO: evolved equals to current: 0
Nov 12, 2021 10:18:44 PM uk.ac.ox.cs.gsat.EvolveStatistics log
INFO: evolved time: 1165 ms = 1.16 s
Nov 12, 2021 10:18:44 PM uk.ac.ox.cs.gsat.EvolveStatistics log
INFO: evolve count: 101602
Nov 12, 2021 10:18:44 PM uk.ac.ox.cs.gsat.SkolemStatistics log
INFO: maximum number of Skolem atoms in body: 1
Nov 12, 2021 10:18:44 PM uk.ac.ox.cs.gsat.SkolemStatistics log
INFO: left derived TGD with Skolem in the body: 0
Nov 12, 2021 10:18:44 PM uk.ac.ox.cs.gsat.SkolemStatistics log
INFO: right derived TGD with Skolem in the body: 56316
Nov 12, 2021 10:18:44 PM uk.ac.ox.cs.gsat.SkolemStatistics log
INFO: derived TGD with more than two Skolem atoms in the body: 0
Nov 12, 2021 10:18:44 PM uk.ac.ox.cs.gsat.AbstractSaturation run
INFO: ouptput full TGDs not contained in the input: 312
Nov 12, 2021 10:18:44 PM uk.ac.ox.cs.gsat.App executeAllSteps
INFO: Rewriting completed!
Full TGD saturation: (993 dependecies)
Nov 12, 2021 10:18:44 PM uk.ac.ox.cs.gsat.App executeAllSteps
INFO: Writing the saturation in the Datalog file 00712.rul
