Starting Saturation...
Executing from DLGP files
SLF4J: Failed to load class "org.slf4j.impl.StaticLoggerBinder".
SLF4J: Defaulting to no-operation (NOP) logger implementation
SLF4J: See http://www.slf4j.org/codes.html#StaticLoggerBinder for further details.
# Rules: 831; # Atoms: 0; # AtomSets: 0; # Queries: 0; # Constraints: 0
Full TGD saturation algorithm: Skolem Sat
Running SkSat...
Dec 03, 2021 2:00:57 AM uk.ac.ox.cs.gsat.AbstractSaturation run
INFO: SkSat discarded rules : 0/831 = 0.000%
SkSat discarded rules : 0/831 = 0.000%
Dec 03, 2021 2:00:57 AM uk.ac.ox.cs.gsat.AbstractSaturation run
INFO: Subsumption method : disabled
nonFullTGDs	0		fullTGDs	622			newNonFullTGDs	310		newFullTGDs	0
nonFullTGDs	100		fullTGDs	622			newNonFullTGDs	272		newFullTGDs	110
nonFullTGDs	200		fullTGDs	622			newNonFullTGDs	237		newFullTGDs	258
nonFullTGDs	300		fullTGDs	622			newNonFullTGDs	209		newFullTGDs	380
nonFullTGDs	400		fullTGDs	622			newNonFullTGDs	180		newFullTGDs	529
nonFullTGDs	500		fullTGDs	622			newNonFullTGDs	151		newFullTGDs	680
nonFullTGDs	600		fullTGDs	622			newNonFullTGDs	123		newFullTGDs	836
nonFullTGDs	700		fullTGDs	622			newNonFullTGDs	93		newFullTGDs	1010
nonFullTGDs	800		fullTGDs	622			newNonFullTGDs	64		newFullTGDs	1147
nonFullTGDs	900		fullTGDs	622			newNonFullTGDs	36		newFullTGDs	1299
nonFullTGDs	1000		fullTGDs	622			newNonFullTGDs	4		newFullTGDs	1439
nonFullTGDs	1009		fullTGDs	713			newNonFullTGDs	0		newFullTGDs	1398
nonFullTGDs	1009		fullTGDs	813			newNonFullTGDs	0		newFullTGDs	1319
nonFullTGDs	1009		fullTGDs	913			newNonFullTGDs	0		newFullTGDs	1237
nonFullTGDs	1009		fullTGDs	1013			newNonFullTGDs	0		newFullTGDs	1185
nonFullTGDs	1009		fullTGDs	1113			newNonFullTGDs	0		newFullTGDs	1126
nonFullTGDs	1009		fullTGDs	1213			newNonFullTGDs	0		newFullTGDs	1063
nonFullTGDs	1009		fullTGDs	1313			newNonFullTGDs	0		newFullTGDs	999
nonFullTGDs	1009		fullTGDs	1413			newNonFullTGDs	0		newFullTGDs	971
nonFullTGDs	1009		fullTGDs	1513			newNonFullTGDs	0		newFullTGDs	907
nonFullTGDs	1009		fullTGDs	1613			newNonFullTGDs	0		newFullTGDs	879
nonFullTGDs	1009		fullTGDs	1713			newNonFullTGDs	0		newFullTGDs	779
nonFullTGDs	1009		fullTGDs	1813			newNonFullTGDs	0		newFullTGDs	689
nonFullTGDs	1009		fullTGDs	1913			newNonFullTGDs	0		newFullTGDs	598
nonFullTGDs	1009		fullTGDs	2013			newNonFullTGDs	0		newFullTGDs	535
nonFullTGDs	1009		fullTGDs	2113			newNonFullTGDs	0		newFullTGDs	475
nonFullTGDs	1009		fullTGDs	2213			newNonFullTGDs	0		newFullTGDs	375
nonFullTGDs	1009		fullTGDs	2313			newNonFullTGDs	0		newFullTGDs	277
nonFullTGDs	1009		fullTGDs	2413			newNonFullTGDs	0		newFullTGDs	191
nonFullTGDs	1009		fullTGDs	2513			newNonFullTGDs	0		newFullTGDs	111
nonFullTGDs	1009		fullTGDs	2613			newNonFullTGDs	0		newFullTGDs	11
Dec 03, 2021 2:00:57 AM uk.ac.ox.cs.gsat.SaturationStatistics log
INFO: # initial TGDs: 622 , 310
Dec 03, 2021 2:00:57 AM uk.ac.ox.cs.gsat.SaturationStatistics log
INFO: SkSat total time : 268 ms = 0.27 s
Dec 03, 2021 2:00:57 AM uk.ac.ox.cs.gsat.SaturationStatistics log
INFO: Subsumed elements : 0
Dec 03, 2021 2:00:57 AM uk.ac.ox.cs.gsat.SaturationStatistics log
INFO: Filter discarded elements : 0
Dec 03, 2021 2:00:57 AM uk.ac.ox.cs.gsat.SaturationStatistics log
INFO: subsumption time: 4 ms = 0.00 s
Dec 03, 2021 2:00:57 AM uk.ac.ox.cs.gsat.SaturationStatistics log
INFO: forward subsumption time: 1 ms = 0.00 s
Dec 03, 2021 2:00:57 AM uk.ac.ox.cs.gsat.SaturationStatistics log
INFO: backward subsumption time: 2 ms = 0.00 s
Dec 03, 2021 2:00:57 AM uk.ac.ox.cs.gsat.SaturationStatistics log
INFO: Derived full/non full TGDs: 2031 , 711
Dec 03, 2021 2:00:57 AM uk.ac.ox.cs.gsat.SaturationStatistics log
INFO: discarded tautology count: 28
Dec 03, 2021 2:00:57 AM uk.ac.ox.cs.gsat.EvolveStatistics log
INFO: Stop because subsumed: 98
Dec 03, 2021 2:00:57 AM uk.ac.ox.cs.gsat.EvolveStatistics log
INFO: evolved equals to current: 0
Dec 03, 2021 2:00:57 AM uk.ac.ox.cs.gsat.EvolveStatistics log
INFO: evolved time: 73 ms = 0.07 s
Dec 03, 2021 2:00:57 AM uk.ac.ox.cs.gsat.EvolveStatistics log
INFO: evolve count: 2862
Dec 03, 2021 2:00:57 AM uk.ac.ox.cs.gsat.SkolemStatistics log
INFO: maximum number of Skolem atoms in body: 2
Dec 03, 2021 2:00:57 AM uk.ac.ox.cs.gsat.SkolemStatistics log
INFO: left derived TGD with Skolem in the body: 0
Dec 03, 2021 2:00:57 AM uk.ac.ox.cs.gsat.SkolemStatistics log
INFO: right derived TGD with Skolem in the body: 1934
Dec 03, 2021 2:00:57 AM uk.ac.ox.cs.gsat.SkolemStatistics log
INFO: derived TGD with more than two Skolem atoms in the body: 11
Dec 03, 2021 2:00:57 AM uk.ac.ox.cs.gsat.AbstractSaturation run
INFO: ouptput full TGDs not contained in the input: 96
Dec 03, 2021 2:00:57 AM uk.ac.ox.cs.gsat.App executeAllSteps
INFO: Rewriting completed!
Full TGD saturation: (718 dependecies)
Dec 03, 2021 2:00:58 AM uk.ac.ox.cs.gsat.App executeAllSteps
INFO: Writing the saturation in the Datalog file 00582.rul
