Starting Saturation...
Executing from DLGP files
SLF4J: Failed to load class "org.slf4j.impl.StaticLoggerBinder".
SLF4J: Defaulting to no-operation (NOP) logger implementation
SLF4J: See http://www.slf4j.org/codes.html#StaticLoggerBinder for further details.
# Rules: 901; # Atoms: 0; # AtomSets: 0; # Queries: 0; # Constraints: 0
Full TGD saturation algorithm: Skolem Sat
Running SkSat...
Dec 03, 2021 2:42:06 AM uk.ac.ox.cs.gsat.AbstractSaturation run
INFO: SkSat discarded rules : 0/901 = 0.000%
SkSat discarded rules : 0/901 = 0.000%
Dec 03, 2021 2:42:06 AM uk.ac.ox.cs.gsat.AbstractSaturation run
INFO: Subsumption method : disabled
nonFullTGDs	0		fullTGDs	490			newNonFullTGDs	1636		newFullTGDs	0
nonFullTGDs	100		fullTGDs	490			newNonFullTGDs	1580		newFullTGDs	1350
nonFullTGDs	200		fullTGDs	490			newNonFullTGDs	1528		newFullTGDs	2199
nonFullTGDs	300		fullTGDs	490			newNonFullTGDs	1475		newFullTGDs	2931
nonFullTGDs	400		fullTGDs	490			newNonFullTGDs	1420		newFullTGDs	4665
nonFullTGDs	500		fullTGDs	490			newNonFullTGDs	1366		newFullTGDs	5720
nonFullTGDs	600		fullTGDs	490			newNonFullTGDs	1311		newFullTGDs	7070
nonFullTGDs	700		fullTGDs	490			newNonFullTGDs	1259		newFullTGDs	8008
nonFullTGDs	800		fullTGDs	490			newNonFullTGDs	1203		newFullTGDs	9269
nonFullTGDs	900		fullTGDs	490			newNonFullTGDs	1150		newFullTGDs	10591
nonFullTGDs	1000		fullTGDs	490			newNonFullTGDs	1098		newFullTGDs	11618
nonFullTGDs	1100		fullTGDs	490			newNonFullTGDs	1046		newFullTGDs	12350
nonFullTGDs	1200		fullTGDs	490			newNonFullTGDs	995		newFullTGDs	13082
nonFullTGDs	1300		fullTGDs	490			newNonFullTGDs	938		newFullTGDs	13753
nonFullTGDs	1400		fullTGDs	490			newNonFullTGDs	885		newFullTGDs	14691
nonFullTGDs	1500		fullTGDs	490			newNonFullTGDs	826		newFullTGDs	15685
nonFullTGDs	1600		fullTGDs	490			newNonFullTGDs	771		newFullTGDs	16740
nonFullTGDs	1700		fullTGDs	490			newNonFullTGDs	719		newFullTGDs	17472
nonFullTGDs	1800		fullTGDs	490			newNonFullTGDs	666		newFullTGDs	18705
nonFullTGDs	1900		fullTGDs	490			newNonFullTGDs	611		newFullTGDs	19966
nonFullTGDs	2000		fullTGDs	490			newNonFullTGDs	558		newFullTGDs	20993
nonFullTGDs	2100		fullTGDs	490			newNonFullTGDs	506		newFullTGDs	22315
nonFullTGDs	2200		fullTGDs	490			newNonFullTGDs	450		newFullTGDs	23281
nonFullTGDs	2300		fullTGDs	490			newNonFullTGDs	394		newFullTGDs	23952
nonFullTGDs	2400		fullTGDs	490			newNonFullTGDs	343		newFullTGDs	24684
nonFullTGDs	2500		fullTGDs	490			newNonFullTGDs	291		newFullTGDs	25795
nonFullTGDs	2600		fullTGDs	490			newNonFullTGDs	224		newFullTGDs	28699
nonFullTGDs	2700		fullTGDs	490			newNonFullTGDs	158		newFullTGDs	31691
nonFullTGDs	2800		fullTGDs	490			newNonFullTGDs	91		newFullTGDs	34147
nonFullTGDs	2900		fullTGDs	490			newNonFullTGDs	24		newFullTGDs	36127
nonFullTGDs	2936		fullTGDs	554			newNonFullTGDs	0		newFullTGDs	36783
nonFullTGDs	2936		fullTGDs	654			newNonFullTGDs	0		newFullTGDs	36683
nonFullTGDs	2936		fullTGDs	754			newNonFullTGDs	0		newFullTGDs	36583
nonFullTGDs	2936		fullTGDs	854			newNonFullTGDs	0		newFullTGDs	36483
nonFullTGDs	2937		fullTGDs	953			newNonFullTGDs	0		newFullTGDs	36384
nonFullTGDs	2938		fullTGDs	1052			newNonFullTGDs	0		newFullTGDs	36285
nonFullTGDs	2939		fullTGDs	1151			newNonFullTGDs	0		newFullTGDs	36186
nonFullTGDs	2940		fullTGDs	1250			newNonFullTGDs	0		newFullTGDs	36087
nonFullTGDs	2942		fullTGDs	1348			newNonFullTGDs	0		newFullTGDs	35989
nonFullTGDs	2945		fullTGDs	1445			newNonFullTGDs	0		newFullTGDs	35892
nonFullTGDs	2946		fullTGDs	1544			newNonFullTGDs	0		newFullTGDs	35793
nonFullTGDs	2947		fullTGDs	1643			newNonFullTGDs	0		newFullTGDs	35694
nonFullTGDs	2949		fullTGDs	1741			newNonFullTGDs	0		newFullTGDs	35596
nonFullTGDs	2950		fullTGDs	1840			newNonFullTGDs	0		newFullTGDs	35497
nonFullTGDs	2950		fullTGDs	1940			newNonFullTGDs	0		newFullTGDs	35397
nonFullTGDs	2950		fullTGDs	2040			newNonFullTGDs	0		newFullTGDs	35297
nonFullTGDs	2950		fullTGDs	2140			newNonFullTGDs	0		newFullTGDs	35197
nonFullTGDs	2950		fullTGDs	2240			newNonFullTGDs	0		newFullTGDs	35097
nonFullTGDs	2950		fullTGDs	2340			newNonFullTGDs	0		newFullTGDs	34997
nonFullTGDs	2950		fullTGDs	2440			newNonFullTGDs	0		newFullTGDs	34897
nonFullTGDs	2951		fullTGDs	2539			newNonFullTGDs	0		newFullTGDs	34798
nonFullTGDs	2951		fullTGDs	2639			newNonFullTGDs	0		newFullTGDs	34698
nonFullTGDs	2951		fullTGDs	2739			newNonFullTGDs	0		newFullTGDs	34598
nonFullTGDs	2952		fullTGDs	2838			newNonFullTGDs	0		newFullTGDs	34499
nonFullTGDs	2954		fullTGDs	2936			newNonFullTGDs	0		newFullTGDs	34401
nonFullTGDs	2956		fullTGDs	3034			newNonFullTGDs	0		newFullTGDs	34303
nonFullTGDs	2956		fullTGDs	3134			newNonFullTGDs	0		newFullTGDs	34203
nonFullTGDs	2956		fullTGDs	3234			newNonFullTGDs	0		newFullTGDs	34103
nonFullTGDs	2956		fullTGDs	3334			newNonFullTGDs	0		newFullTGDs	34003
nonFullTGDs	2956		fullTGDs	3434			newNonFullTGDs	0		newFullTGDs	33903
nonFullTGDs	2957		fullTGDs	3533			newNonFullTGDs	0		newFullTGDs	33804
nonFullTGDs	2958		fullTGDs	3632			newNonFullTGDs	0		newFullTGDs	33705
nonFullTGDs	2959		fullTGDs	3731			newNonFullTGDs	0		newFullTGDs	33606
nonFullTGDs	2961		fullTGDs	3829			newNonFullTGDs	0		newFullTGDs	33508
nonFullTGDs	2963		fullTGDs	3927			newNonFullTGDs	0		newFullTGDs	33410
nonFullTGDs	2964		fullTGDs	4026			newNonFullTGDs	0		newFullTGDs	33311
nonFullTGDs	2966		fullTGDs	4124			newNonFullTGDs	0		newFullTGDs	33213
nonFullTGDs	2966		fullTGDs	4224			newNonFullTGDs	0		newFullTGDs	33113
nonFullTGDs	2966		fullTGDs	4324			newNonFullTGDs	0		newFullTGDs	33013
nonFullTGDs	2967		fullTGDs	4423			newNonFullTGDs	0		newFullTGDs	32914
nonFullTGDs	2968		fullTGDs	4522			newNonFullTGDs	0		newFullTGDs	32815
nonFullTGDs	2968		fullTGDs	4622			newNonFullTGDs	0		newFullTGDs	32715
nonFullTGDs	2969		fullTGDs	4721			newNonFullTGDs	0		newFullTGDs	32616
nonFullTGDs	2969		fullTGDs	4821			newNonFullTGDs	0		newFullTGDs	32516
nonFullTGDs	2970		fullTGDs	4920			newNonFullTGDs	0		newFullTGDs	32417
nonFullTGDs	2971		fullTGDs	5019			newNonFullTGDs	0		newFullTGDs	32318
nonFullTGDs	2972		fullTGDs	5118			newNonFullTGDs	0		newFullTGDs	32219
nonFullTGDs	2972		fullTGDs	5218			newNonFullTGDs	0		newFullTGDs	32119
nonFullTGDs	2973		fullTGDs	5317			newNonFullTGDs	0		newFullTGDs	32020
nonFullTGDs	2973		fullTGDs	5417			newNonFullTGDs	0		newFullTGDs	31920
nonFullTGDs	2974		fullTGDs	5516			newNonFullTGDs	0		newFullTGDs	31821
nonFullTGDs	2974		fullTGDs	5616			newNonFullTGDs	0		newFullTGDs	31721
nonFullTGDs	2975		fullTGDs	5715			newNonFullTGDs	0		newFullTGDs	31622
nonFullTGDs	2977		fullTGDs	5813			newNonFullTGDs	0		newFullTGDs	31524
nonFullTGDs	2979		fullTGDs	5911			newNonFullTGDs	0		newFullTGDs	31426
nonFullTGDs	2981		fullTGDs	6009			newNonFullTGDs	0		newFullTGDs	31328
nonFullTGDs	2983		fullTGDs	6107			newNonFullTGDs	0		newFullTGDs	31230
nonFullTGDs	2985		fullTGDs	6205			newNonFullTGDs	0		newFullTGDs	31132
nonFullTGDs	2987		fullTGDs	6303			newNonFullTGDs	0		newFullTGDs	31034
nonFullTGDs	2987		fullTGDs	6403			newNonFullTGDs	0		newFullTGDs	30934
nonFullTGDs	2988		fullTGDs	6502			newNonFullTGDs	0		newFullTGDs	30835
nonFullTGDs	2989		fullTGDs	6601			newNonFullTGDs	0		newFullTGDs	30736
nonFullTGDs	2991		fullTGDs	6699			newNonFullTGDs	0		newFullTGDs	30638
nonFullTGDs	2992		fullTGDs	6798			newNonFullTGDs	0		newFullTGDs	30539
nonFullTGDs	2995		fullTGDs	6895			newNonFullTGDs	0		newFullTGDs	30442
nonFullTGDs	2997		fullTGDs	6993			newNonFullTGDs	0		newFullTGDs	30344
nonFullTGDs	2998		fullTGDs	7092			newNonFullTGDs	0		newFullTGDs	30245
nonFullTGDs	2999		fullTGDs	7191			newNonFullTGDs	0		newFullTGDs	30146
nonFullTGDs	3001		fullTGDs	7289			newNonFullTGDs	0		newFullTGDs	30048
nonFullTGDs	3001		fullTGDs	7389			newNonFullTGDs	0		newFullTGDs	29948
nonFullTGDs	3002		fullTGDs	7488			newNonFullTGDs	0		newFullTGDs	29849
nonFullTGDs	3003		fullTGDs	7587			newNonFullTGDs	0		newFullTGDs	29750
nonFullTGDs	3003		fullTGDs	7687			newNonFullTGDs	0		newFullTGDs	29650
nonFullTGDs	3004		fullTGDs	7786			newNonFullTGDs	0		newFullTGDs	29551
nonFullTGDs	3005		fullTGDs	7885			newNonFullTGDs	0		newFullTGDs	29452
nonFullTGDs	3006		fullTGDs	7984			newNonFullTGDs	0		newFullTGDs	29353
nonFullTGDs	3007		fullTGDs	8083			newNonFullTGDs	0		newFullTGDs	29254
nonFullTGDs	3008		fullTGDs	8182			newNonFullTGDs	0		newFullTGDs	29155
nonFullTGDs	3009		fullTGDs	8281			newNonFullTGDs	0		newFullTGDs	29056
nonFullTGDs	3009		fullTGDs	8381			newNonFullTGDs	0		newFullTGDs	28956
nonFullTGDs	3011		fullTGDs	8479			newNonFullTGDs	0		newFullTGDs	28858
nonFullTGDs	3013		fullTGDs	8577			newNonFullTGDs	0		newFullTGDs	28760
nonFullTGDs	3014		fullTGDs	8676			newNonFullTGDs	0		newFullTGDs	28661
nonFullTGDs	3016		fullTGDs	8774			newNonFullTGDs	0		newFullTGDs	28563
nonFullTGDs	3017		fullTGDs	8873			newNonFullTGDs	0		newFullTGDs	28464
nonFullTGDs	3019		fullTGDs	8971			newNonFullTGDs	0		newFullTGDs	28366
nonFullTGDs	3020		fullTGDs	9070			newNonFullTGDs	0		newFullTGDs	28267
nonFullTGDs	3021		fullTGDs	9169			newNonFullTGDs	0		newFullTGDs	28168
nonFullTGDs	3022		fullTGDs	9268			newNonFullTGDs	0		newFullTGDs	28069
nonFullTGDs	3022		fullTGDs	9368			newNonFullTGDs	0		newFullTGDs	27969
nonFullTGDs	3024		fullTGDs	9466			newNonFullTGDs	0		newFullTGDs	27871
nonFullTGDs	3025		fullTGDs	9565			newNonFullTGDs	0		newFullTGDs	27772
nonFullTGDs	3025		fullTGDs	9665			newNonFullTGDs	0		newFullTGDs	27672
nonFullTGDs	3027		fullTGDs	9763			newNonFullTGDs	0		newFullTGDs	27574
nonFullTGDs	3028		fullTGDs	9862			newNonFullTGDs	0		newFullTGDs	27475
nonFullTGDs	3029		fullTGDs	9961			newNonFullTGDs	0		newFullTGDs	27376
nonFullTGDs	3031		fullTGDs	10059			newNonFullTGDs	0		newFullTGDs	27278
nonFullTGDs	3032		fullTGDs	10158			newNonFullTGDs	0		newFullTGDs	27179
nonFullTGDs	3034		fullTGDs	10256			newNonFullTGDs	0		newFullTGDs	27081
nonFullTGDs	3035		fullTGDs	10355			newNonFullTGDs	0		newFullTGDs	26982
nonFullTGDs	3036		fullTGDs	10454			newNonFullTGDs	0		newFullTGDs	26883
nonFullTGDs	3037		fullTGDs	10553			newNonFullTGDs	0		newFullTGDs	26784
nonFullTGDs	3038		fullTGDs	10652			newNonFullTGDs	0		newFullTGDs	26685
nonFullTGDs	3040		fullTGDs	10750			newNonFullTGDs	0		newFullTGDs	26587
nonFullTGDs	3040		fullTGDs	10850			newNonFullTGDs	0		newFullTGDs	26487
nonFullTGDs	3040		fullTGDs	10950			newNonFullTGDs	0		newFullTGDs	26387
nonFullTGDs	3041		fullTGDs	11049			newNonFullTGDs	0		newFullTGDs	26288
nonFullTGDs	3041		fullTGDs	11149			newNonFullTGDs	0		newFullTGDs	26188
nonFullTGDs	3041		fullTGDs	11249			newNonFullTGDs	0		newFullTGDs	26088
nonFullTGDs	3042		fullTGDs	11348			newNonFullTGDs	0		newFullTGDs	25989
nonFullTGDs	3043		fullTGDs	11447			newNonFullTGDs	0		newFullTGDs	25890
nonFullTGDs	3043		fullTGDs	11547			newNonFullTGDs	0		newFullTGDs	25790
nonFullTGDs	3043		fullTGDs	11647			newNonFullTGDs	0		newFullTGDs	25690
nonFullTGDs	3045		fullTGDs	11745			newNonFullTGDs	0		newFullTGDs	25592
nonFullTGDs	3046		fullTGDs	11844			newNonFullTGDs	0		newFullTGDs	25493
nonFullTGDs	3049		fullTGDs	11941			newNonFullTGDs	0		newFullTGDs	25396
nonFullTGDs	3051		fullTGDs	12039			newNonFullTGDs	0		newFullTGDs	25298
nonFullTGDs	3053		fullTGDs	12137			newNonFullTGDs	0		newFullTGDs	25200
nonFullTGDs	3055		fullTGDs	12235			newNonFullTGDs	0		newFullTGDs	25102
nonFullTGDs	3058		fullTGDs	12332			newNonFullTGDs	0		newFullTGDs	25005
nonFullTGDs	3059		fullTGDs	12431			newNonFullTGDs	0		newFullTGDs	24906
nonFullTGDs	3060		fullTGDs	12530			newNonFullTGDs	0		newFullTGDs	24807
nonFullTGDs	3061		fullTGDs	12629			newNonFullTGDs	0		newFullTGDs	24708
nonFullTGDs	3064		fullTGDs	12726			newNonFullTGDs	0		newFullTGDs	24611
nonFullTGDs	3064		fullTGDs	12826			newNonFullTGDs	0		newFullTGDs	24511
nonFullTGDs	3064		fullTGDs	12926			newNonFullTGDs	0		newFullTGDs	24411
nonFullTGDs	3064		fullTGDs	13026			newNonFullTGDs	0		newFullTGDs	24311
nonFullTGDs	3064		fullTGDs	13126			newNonFullTGDs	0		newFullTGDs	24211
nonFullTGDs	3064		fullTGDs	13226			newNonFullTGDs	0		newFullTGDs	24111
nonFullTGDs	3064		fullTGDs	13326			newNonFullTGDs	0		newFullTGDs	24011
nonFullTGDs	3064		fullTGDs	13426			newNonFullTGDs	0		newFullTGDs	23911
nonFullTGDs	3064		fullTGDs	13526			newNonFullTGDs	0		newFullTGDs	23811
nonFullTGDs	3064		fullTGDs	13626			newNonFullTGDs	0		newFullTGDs	23711
nonFullTGDs	3064		fullTGDs	13726			newNonFullTGDs	0		newFullTGDs	23611
nonFullTGDs	3064		fullTGDs	13826			newNonFullTGDs	0		newFullTGDs	23511
nonFullTGDs	3064		fullTGDs	13926			newNonFullTGDs	0		newFullTGDs	23411
nonFullTGDs	3064		fullTGDs	14026			newNonFullTGDs	0		newFullTGDs	23311
nonFullTGDs	3064		fullTGDs	14126			newNonFullTGDs	0		newFullTGDs	23211
nonFullTGDs	3064		fullTGDs	14226			newNonFullTGDs	0		newFullTGDs	23111
nonFullTGDs	3064		fullTGDs	14326			newNonFullTGDs	0		newFullTGDs	23011
nonFullTGDs	3064		fullTGDs	14426			newNonFullTGDs	0		newFullTGDs	22911
nonFullTGDs	3064		fullTGDs	14526			newNonFullTGDs	0		newFullTGDs	22811
nonFullTGDs	3064		fullTGDs	14626			newNonFullTGDs	0		newFullTGDs	22711
nonFullTGDs	3064		fullTGDs	14726			newNonFullTGDs	0		newFullTGDs	22611
nonFullTGDs	3064		fullTGDs	14826			newNonFullTGDs	0		newFullTGDs	22511
nonFullTGDs	3064		fullTGDs	14926			newNonFullTGDs	0		newFullTGDs	22411
nonFullTGDs	3064		fullTGDs	15026			newNonFullTGDs	0		newFullTGDs	22311
nonFullTGDs	3064		fullTGDs	15126			newNonFullTGDs	0		newFullTGDs	22211
nonFullTGDs	3064		fullTGDs	15226			newNonFullTGDs	0		newFullTGDs	22111
nonFullTGDs	3064		fullTGDs	15326			newNonFullTGDs	0		newFullTGDs	22011
nonFullTGDs	3064		fullTGDs	15426			newNonFullTGDs	0		newFullTGDs	21911
nonFullTGDs	3064		fullTGDs	15526			newNonFullTGDs	0		newFullTGDs	21811
nonFullTGDs	3064		fullTGDs	15626			newNonFullTGDs	0		newFullTGDs	21711
nonFullTGDs	3064		fullTGDs	15726			newNonFullTGDs	0		newFullTGDs	21611
nonFullTGDs	3064		fullTGDs	15826			newNonFullTGDs	0		newFullTGDs	21511
nonFullTGDs	3064		fullTGDs	15926			newNonFullTGDs	0		newFullTGDs	21411
nonFullTGDs	3064		fullTGDs	16026			newNonFullTGDs	0		newFullTGDs	21311
nonFullTGDs	3064		fullTGDs	16126			newNonFullTGDs	0		newFullTGDs	21211
nonFullTGDs	3064		fullTGDs	16226			newNonFullTGDs	0		newFullTGDs	21111
nonFullTGDs	3064		fullTGDs	16326			newNonFullTGDs	0		newFullTGDs	21011
nonFullTGDs	3064		fullTGDs	16426			newNonFullTGDs	0		newFullTGDs	20911
nonFullTGDs	3064		fullTGDs	16526			newNonFullTGDs	0		newFullTGDs	20811
nonFullTGDs	3064		fullTGDs	16626			newNonFullTGDs	0		newFullTGDs	20711
nonFullTGDs	3064		fullTGDs	16726			newNonFullTGDs	0		newFullTGDs	20611
nonFullTGDs	3064		fullTGDs	16826			newNonFullTGDs	0		newFullTGDs	20511
nonFullTGDs	3064		fullTGDs	16926			newNonFullTGDs	0		newFullTGDs	20411
nonFullTGDs	3064		fullTGDs	17026			newNonFullTGDs	0		newFullTGDs	20311
nonFullTGDs	3064		fullTGDs	17126			newNonFullTGDs	0		newFullTGDs	20211
nonFullTGDs	3064		fullTGDs	17226			newNonFullTGDs	0		newFullTGDs	20111
nonFullTGDs	3064		fullTGDs	17326			newNonFullTGDs	0		newFullTGDs	20011
nonFullTGDs	3064		fullTGDs	17426			newNonFullTGDs	0		newFullTGDs	19911
nonFullTGDs	3064		fullTGDs	17526			newNonFullTGDs	0		newFullTGDs	19811
nonFullTGDs	3064		fullTGDs	17626			newNonFullTGDs	0		newFullTGDs	19711
nonFullTGDs	3064		fullTGDs	17726			newNonFullTGDs	0		newFullTGDs	19611
nonFullTGDs	3064		fullTGDs	17826			newNonFullTGDs	0		newFullTGDs	19511
nonFullTGDs	3064		fullTGDs	17926			newNonFullTGDs	0		newFullTGDs	19411
nonFullTGDs	3064		fullTGDs	18026			newNonFullTGDs	0		newFullTGDs	19311
nonFullTGDs	3064		fullTGDs	18126			newNonFullTGDs	0		newFullTGDs	19211
nonFullTGDs	3064		fullTGDs	18226			newNonFullTGDs	0		newFullTGDs	19111
nonFullTGDs	3064		fullTGDs	18326			newNonFullTGDs	0		newFullTGDs	19011
nonFullTGDs	3064		fullTGDs	18426			newNonFullTGDs	0		newFullTGDs	18911
nonFullTGDs	3064		fullTGDs	18526			newNonFullTGDs	0		newFullTGDs	18811
nonFullTGDs	3064		fullTGDs	18626			newNonFullTGDs	0		newFullTGDs	18711
nonFullTGDs	3064		fullTGDs	18726			newNonFullTGDs	0		newFullTGDs	18611
nonFullTGDs	3064		fullTGDs	18826			newNonFullTGDs	0		newFullTGDs	18511
nonFullTGDs	3064		fullTGDs	18926			newNonFullTGDs	0		newFullTGDs	18411
nonFullTGDs	3064		fullTGDs	19026			newNonFullTGDs	0		newFullTGDs	18311
nonFullTGDs	3064		fullTGDs	19126			newNonFullTGDs	0		newFullTGDs	18211
nonFullTGDs	3065		fullTGDs	19225			newNonFullTGDs	0		newFullTGDs	18112
nonFullTGDs	3069		fullTGDs	19321			newNonFullTGDs	0		newFullTGDs	18016
nonFullTGDs	3078		fullTGDs	19412			newNonFullTGDs	0		newFullTGDs	17925
nonFullTGDs	3087		fullTGDs	19503			newNonFullTGDs	0		newFullTGDs	17834
nonFullTGDs	3106		fullTGDs	19584			newNonFullTGDs	0		newFullTGDs	17753
nonFullTGDs	3119		fullTGDs	19671			newNonFullTGDs	0		newFullTGDs	17666
nonFullTGDs	3122		fullTGDs	19768			newNonFullTGDs	0		newFullTGDs	17569
nonFullTGDs	3122		fullTGDs	19868			newNonFullTGDs	0		newFullTGDs	17469
nonFullTGDs	3125		fullTGDs	19965			newNonFullTGDs	0		newFullTGDs	17372
nonFullTGDs	3125		fullTGDs	20065			newNonFullTGDs	0		newFullTGDs	17272
nonFullTGDs	3126		fullTGDs	20164			newNonFullTGDs	0		newFullTGDs	17173
nonFullTGDs	3128		fullTGDs	20262			newNonFullTGDs	0		newFullTGDs	17075
nonFullTGDs	3128		fullTGDs	20362			newNonFullTGDs	0		newFullTGDs	16975
nonFullTGDs	3129		fullTGDs	20461			newNonFullTGDs	0		newFullTGDs	16876
nonFullTGDs	3130		fullTGDs	20560			newNonFullTGDs	0		newFullTGDs	16777
nonFullTGDs	3131		fullTGDs	20659			newNonFullTGDs	0		newFullTGDs	16678
nonFullTGDs	3131		fullTGDs	20759			newNonFullTGDs	0		newFullTGDs	16578
nonFullTGDs	3132		fullTGDs	20858			newNonFullTGDs	0		newFullTGDs	16479
nonFullTGDs	3134		fullTGDs	20956			newNonFullTGDs	0		newFullTGDs	16381
nonFullTGDs	3134		fullTGDs	21056			newNonFullTGDs	0		newFullTGDs	16281
nonFullTGDs	3134		fullTGDs	21156			newNonFullTGDs	0		newFullTGDs	16181
nonFullTGDs	3134		fullTGDs	21256			newNonFullTGDs	0		newFullTGDs	16081
nonFullTGDs	3142		fullTGDs	21348			newNonFullTGDs	0		newFullTGDs	15989
nonFullTGDs	3151		fullTGDs	21439			newNonFullTGDs	0		newFullTGDs	15898
nonFullTGDs	3160		fullTGDs	21530			newNonFullTGDs	1		newFullTGDs	15807
nonFullTGDs	3164		fullTGDs	21626			newNonFullTGDs	0		newFullTGDs	15711
nonFullTGDs	3165		fullTGDs	21725			newNonFullTGDs	0		newFullTGDs	15612
nonFullTGDs	3165		fullTGDs	21825			newNonFullTGDs	0		newFullTGDs	15512
nonFullTGDs	3166		fullTGDs	21924			newNonFullTGDs	0		newFullTGDs	15413
nonFullTGDs	3167		fullTGDs	22023			newNonFullTGDs	0		newFullTGDs	15314
nonFullTGDs	3167		fullTGDs	22123			newNonFullTGDs	0		newFullTGDs	15214
nonFullTGDs	3167		fullTGDs	22223			newNonFullTGDs	0		newFullTGDs	15114
nonFullTGDs	3168		fullTGDs	22322			newNonFullTGDs	0		newFullTGDs	15015
nonFullTGDs	3170		fullTGDs	22420			newNonFullTGDs	0		newFullTGDs	14917
nonFullTGDs	3171		fullTGDs	22519			newNonFullTGDs	0		newFullTGDs	14818
nonFullTGDs	3172		fullTGDs	22618			newNonFullTGDs	0		newFullTGDs	14719
nonFullTGDs	3172		fullTGDs	22718			newNonFullTGDs	0		newFullTGDs	14619
nonFullTGDs	3172		fullTGDs	22818			newNonFullTGDs	0		newFullTGDs	14519
nonFullTGDs	3172		fullTGDs	22918			newNonFullTGDs	0		newFullTGDs	14419
nonFullTGDs	3173		fullTGDs	23017			newNonFullTGDs	0		newFullTGDs	14320
nonFullTGDs	3174		fullTGDs	23116			newNonFullTGDs	0		newFullTGDs	14221
nonFullTGDs	3176		fullTGDs	23214			newNonFullTGDs	0		newFullTGDs	14123
nonFullTGDs	3181		fullTGDs	23309			newNonFullTGDs	0		newFullTGDs	14028
nonFullTGDs	3181		fullTGDs	23409			newNonFullTGDs	0		newFullTGDs	13928
nonFullTGDs	3182		fullTGDs	23508			newNonFullTGDs	0		newFullTGDs	13829
nonFullTGDs	3183		fullTGDs	23607			newNonFullTGDs	0		newFullTGDs	13730
nonFullTGDs	3183		fullTGDs	23707			newNonFullTGDs	0		newFullTGDs	13630
nonFullTGDs	3183		fullTGDs	23807			newNonFullTGDs	0		newFullTGDs	13530
nonFullTGDs	3183		fullTGDs	23907			newNonFullTGDs	0		newFullTGDs	13430
nonFullTGDs	3184		fullTGDs	24006			newNonFullTGDs	0		newFullTGDs	13331
nonFullTGDs	3186		fullTGDs	24104			newNonFullTGDs	0		newFullTGDs	13233
nonFullTGDs	3190		fullTGDs	24200			newNonFullTGDs	0		newFullTGDs	13137
nonFullTGDs	3191		fullTGDs	24299			newNonFullTGDs	0		newFullTGDs	13038
nonFullTGDs	3192		fullTGDs	24398			newNonFullTGDs	0		newFullTGDs	12939
nonFullTGDs	3192		fullTGDs	24498			newNonFullTGDs	0		newFullTGDs	12839
nonFullTGDs	3192		fullTGDs	24598			newNonFullTGDs	0		newFullTGDs	12739
nonFullTGDs	3194		fullTGDs	24696			newNonFullTGDs	0		newFullTGDs	12641
nonFullTGDs	3194		fullTGDs	24796			newNonFullTGDs	0		newFullTGDs	12541
nonFullTGDs	3194		fullTGDs	24896			newNonFullTGDs	0		newFullTGDs	12441
nonFullTGDs	3194		fullTGDs	24996			newNonFullTGDs	0		newFullTGDs	12341
nonFullTGDs	3194		fullTGDs	25096			newNonFullTGDs	0		newFullTGDs	12241
nonFullTGDs	3194		fullTGDs	25196			newNonFullTGDs	0		newFullTGDs	12141
nonFullTGDs	3194		fullTGDs	25296			newNonFullTGDs	0		newFullTGDs	12041
nonFullTGDs	3194		fullTGDs	25396			newNonFullTGDs	0		newFullTGDs	11941
nonFullTGDs	3194		fullTGDs	25496			newNonFullTGDs	0		newFullTGDs	11841
nonFullTGDs	3194		fullTGDs	25596			newNonFullTGDs	0		newFullTGDs	11741
nonFullTGDs	3194		fullTGDs	25696			newNonFullTGDs	0		newFullTGDs	11641
nonFullTGDs	3194		fullTGDs	25796			newNonFullTGDs	0		newFullTGDs	11541
nonFullTGDs	3194		fullTGDs	25896			newNonFullTGDs	0		newFullTGDs	11441
nonFullTGDs	3194		fullTGDs	25996			newNonFullTGDs	0		newFullTGDs	11341
nonFullTGDs	3194		fullTGDs	26096			newNonFullTGDs	0		newFullTGDs	11241
nonFullTGDs	3195		fullTGDs	26195			newNonFullTGDs	0		newFullTGDs	11142
nonFullTGDs	3195		fullTGDs	26295			newNonFullTGDs	0		newFullTGDs	11042
nonFullTGDs	3196		fullTGDs	26394			newNonFullTGDs	0		newFullTGDs	10943
nonFullTGDs	3196		fullTGDs	26494			newNonFullTGDs	0		newFullTGDs	10843
nonFullTGDs	3197		fullTGDs	26593			newNonFullTGDs	0		newFullTGDs	10744
nonFullTGDs	3197		fullTGDs	26693			newNonFullTGDs	0		newFullTGDs	10644
nonFullTGDs	3197		fullTGDs	26793			newNonFullTGDs	0		newFullTGDs	10544
nonFullTGDs	3197		fullTGDs	26893			newNonFullTGDs	0		newFullTGDs	10444
nonFullTGDs	3197		fullTGDs	26993			newNonFullTGDs	0		newFullTGDs	10344
nonFullTGDs	3197		fullTGDs	27093			newNonFullTGDs	0		newFullTGDs	10244
nonFullTGDs	3197		fullTGDs	27193			newNonFullTGDs	0		newFullTGDs	10144
nonFullTGDs	3197		fullTGDs	27293			newNonFullTGDs	0		newFullTGDs	10044
nonFullTGDs	3197		fullTGDs	27393			newNonFullTGDs	0		newFullTGDs	9944
nonFullTGDs	3197		fullTGDs	27493			newNonFullTGDs	0		newFullTGDs	9844
nonFullTGDs	3197		fullTGDs	27593			newNonFullTGDs	0		newFullTGDs	9744
nonFullTGDs	3197		fullTGDs	27693			newNonFullTGDs	0		newFullTGDs	9644
nonFullTGDs	3197		fullTGDs	27793			newNonFullTGDs	0		newFullTGDs	9544
nonFullTGDs	3197		fullTGDs	27893			newNonFullTGDs	0		newFullTGDs	9444
nonFullTGDs	3197		fullTGDs	27993			newNonFullTGDs	0		newFullTGDs	9344
nonFullTGDs	3197		fullTGDs	28093			newNonFullTGDs	0		newFullTGDs	9244
nonFullTGDs	3197		fullTGDs	28193			newNonFullTGDs	0		newFullTGDs	9144
nonFullTGDs	3197		fullTGDs	28293			newNonFullTGDs	0		newFullTGDs	9044
nonFullTGDs	3197		fullTGDs	28393			newNonFullTGDs	0		newFullTGDs	8944
nonFullTGDs	3197		fullTGDs	28493			newNonFullTGDs	0		newFullTGDs	8844
nonFullTGDs	3197		fullTGDs	28593			newNonFullTGDs	0		newFullTGDs	8744
nonFullTGDs	3197		fullTGDs	28693			newNonFullTGDs	0		newFullTGDs	8644
nonFullTGDs	3197		fullTGDs	28793			newNonFullTGDs	0		newFullTGDs	8544
nonFullTGDs	3197		fullTGDs	28893			newNonFullTGDs	0		newFullTGDs	8444
nonFullTGDs	3197		fullTGDs	28993			newNonFullTGDs	0		newFullTGDs	8344
nonFullTGDs	3197		fullTGDs	29093			newNonFullTGDs	0		newFullTGDs	8244
nonFullTGDs	3197		fullTGDs	29193			newNonFullTGDs	0		newFullTGDs	8144
nonFullTGDs	3197		fullTGDs	29293			newNonFullTGDs	0		newFullTGDs	8044
nonFullTGDs	3197		fullTGDs	29393			newNonFullTGDs	0		newFullTGDs	7944
nonFullTGDs	3197		fullTGDs	29493			newNonFullTGDs	0		newFullTGDs	7844
nonFullTGDs	3197		fullTGDs	29593			newNonFullTGDs	0		newFullTGDs	7744
nonFullTGDs	3197		fullTGDs	29693			newNonFullTGDs	0		newFullTGDs	7644
nonFullTGDs	3197		fullTGDs	29793			newNonFullTGDs	0		newFullTGDs	7544
nonFullTGDs	3197		fullTGDs	29893			newNonFullTGDs	0		newFullTGDs	7444
nonFullTGDs	3197		fullTGDs	29993			newNonFullTGDs	0		newFullTGDs	7344
nonFullTGDs	3197		fullTGDs	30093			newNonFullTGDs	0		newFullTGDs	7244
nonFullTGDs	3197		fullTGDs	30193			newNonFullTGDs	0		newFullTGDs	7144
nonFullTGDs	3197		fullTGDs	30293			newNonFullTGDs	0		newFullTGDs	7044
nonFullTGDs	3197		fullTGDs	30393			newNonFullTGDs	0		newFullTGDs	6944
nonFullTGDs	3197		fullTGDs	30493			newNonFullTGDs	0		newFullTGDs	6844
nonFullTGDs	3197		fullTGDs	30593			newNonFullTGDs	0		newFullTGDs	6744
nonFullTGDs	3197		fullTGDs	30693			newNonFullTGDs	0		newFullTGDs	6644
nonFullTGDs	3197		fullTGDs	30793			newNonFullTGDs	0		newFullTGDs	6544
nonFullTGDs	3197		fullTGDs	30893			newNonFullTGDs	0		newFullTGDs	6444
nonFullTGDs	3197		fullTGDs	30993			newNonFullTGDs	0		newFullTGDs	6344
nonFullTGDs	3197		fullTGDs	31093			newNonFullTGDs	0		newFullTGDs	6244
nonFullTGDs	3197		fullTGDs	31193			newNonFullTGDs	0		newFullTGDs	6144
nonFullTGDs	3197		fullTGDs	31293			newNonFullTGDs	0		newFullTGDs	6044
nonFullTGDs	3197		fullTGDs	31393			newNonFullTGDs	0		newFullTGDs	5944
nonFullTGDs	3197		fullTGDs	31493			newNonFullTGDs	0		newFullTGDs	5844
nonFullTGDs	3197		fullTGDs	31593			newNonFullTGDs	0		newFullTGDs	5744
nonFullTGDs	3197		fullTGDs	31693			newNonFullTGDs	0		newFullTGDs	5644
nonFullTGDs	3197		fullTGDs	31793			newNonFullTGDs	0		newFullTGDs	5544
nonFullTGDs	3197		fullTGDs	31893			newNonFullTGDs	0		newFullTGDs	5444
nonFullTGDs	3197		fullTGDs	31993			newNonFullTGDs	0		newFullTGDs	5344
nonFullTGDs	3197		fullTGDs	32093			newNonFullTGDs	0		newFullTGDs	5244
nonFullTGDs	3197		fullTGDs	32193			newNonFullTGDs	0		newFullTGDs	5144
nonFullTGDs	3197		fullTGDs	32293			newNonFullTGDs	0		newFullTGDs	5044
nonFullTGDs	3197		fullTGDs	32393			newNonFullTGDs	0		newFullTGDs	4944
nonFullTGDs	3197		fullTGDs	32493			newNonFullTGDs	0		newFullTGDs	4844
nonFullTGDs	3197		fullTGDs	32593			newNonFullTGDs	0		newFullTGDs	4744
nonFullTGDs	3197		fullTGDs	32693			newNonFullTGDs	0		newFullTGDs	4644
nonFullTGDs	3197		fullTGDs	32793			newNonFullTGDs	0		newFullTGDs	4544
nonFullTGDs	3197		fullTGDs	32893			newNonFullTGDs	0		newFullTGDs	4444
nonFullTGDs	3197		fullTGDs	32993			newNonFullTGDs	0		newFullTGDs	4344
nonFullTGDs	3197		fullTGDs	33093			newNonFullTGDs	0		newFullTGDs	4244
nonFullTGDs	3197		fullTGDs	33193			newNonFullTGDs	0		newFullTGDs	4144
nonFullTGDs	3197		fullTGDs	33293			newNonFullTGDs	0		newFullTGDs	4044
nonFullTGDs	3197		fullTGDs	33393			newNonFullTGDs	0		newFullTGDs	3944
nonFullTGDs	3197		fullTGDs	33493			newNonFullTGDs	0		newFullTGDs	3844
nonFullTGDs	3197		fullTGDs	33593			newNonFullTGDs	0		newFullTGDs	3744
nonFullTGDs	3197		fullTGDs	33693			newNonFullTGDs	0		newFullTGDs	3644
nonFullTGDs	3197		fullTGDs	33793			newNonFullTGDs	0		newFullTGDs	3544
nonFullTGDs	3197		fullTGDs	33893			newNonFullTGDs	0		newFullTGDs	3444
nonFullTGDs	3197		fullTGDs	33993			newNonFullTGDs	0		newFullTGDs	3344
nonFullTGDs	3197		fullTGDs	34093			newNonFullTGDs	0		newFullTGDs	3244
nonFullTGDs	3197		fullTGDs	34193			newNonFullTGDs	0		newFullTGDs	3144
nonFullTGDs	3197		fullTGDs	34293			newNonFullTGDs	0		newFullTGDs	3044
nonFullTGDs	3197		fullTGDs	34393			newNonFullTGDs	0		newFullTGDs	2944
nonFullTGDs	3197		fullTGDs	34493			newNonFullTGDs	0		newFullTGDs	2844
nonFullTGDs	3197		fullTGDs	34593			newNonFullTGDs	0		newFullTGDs	2744
nonFullTGDs	3197		fullTGDs	34693			newNonFullTGDs	0		newFullTGDs	2644
nonFullTGDs	3197		fullTGDs	34793			newNonFullTGDs	0		newFullTGDs	2544
nonFullTGDs	3197		fullTGDs	34893			newNonFullTGDs	0		newFullTGDs	2444
nonFullTGDs	3197		fullTGDs	34993			newNonFullTGDs	0		newFullTGDs	2344
nonFullTGDs	3197		fullTGDs	35093			newNonFullTGDs	0		newFullTGDs	2244
nonFullTGDs	3197		fullTGDs	35193			newNonFullTGDs	0		newFullTGDs	2144
nonFullTGDs	3197		fullTGDs	35293			newNonFullTGDs	0		newFullTGDs	2044
nonFullTGDs	3197		fullTGDs	35393			newNonFullTGDs	0		newFullTGDs	1944
nonFullTGDs	3197		fullTGDs	35493			newNonFullTGDs	0		newFullTGDs	1844
nonFullTGDs	3197		fullTGDs	35593			newNonFullTGDs	0		newFullTGDs	1744
nonFullTGDs	3197		fullTGDs	35693			newNonFullTGDs	0		newFullTGDs	1644
nonFullTGDs	3197		fullTGDs	35793			newNonFullTGDs	0		newFullTGDs	1544
nonFullTGDs	3197		fullTGDs	35893			newNonFullTGDs	0		newFullTGDs	1444
nonFullTGDs	3197		fullTGDs	35993			newNonFullTGDs	0		newFullTGDs	1344
nonFullTGDs	3197		fullTGDs	36093			newNonFullTGDs	0		newFullTGDs	1244
nonFullTGDs	3197		fullTGDs	36193			newNonFullTGDs	0		newFullTGDs	1144
nonFullTGDs	3197		fullTGDs	36293			newNonFullTGDs	0		newFullTGDs	1044
nonFullTGDs	3197		fullTGDs	36393			newNonFullTGDs	0		newFullTGDs	944
nonFullTGDs	3197		fullTGDs	36493			newNonFullTGDs	0		newFullTGDs	844
nonFullTGDs	3197		fullTGDs	36593			newNonFullTGDs	0		newFullTGDs	744
nonFullTGDs	3197		fullTGDs	36693			newNonFullTGDs	0		newFullTGDs	644
nonFullTGDs	3197		fullTGDs	36793			newNonFullTGDs	0		newFullTGDs	544
nonFullTGDs	3197		fullTGDs	36893			newNonFullTGDs	0		newFullTGDs	444
nonFullTGDs	3197		fullTGDs	36993			newNonFullTGDs	0		newFullTGDs	344
nonFullTGDs	3197		fullTGDs	37093			newNonFullTGDs	0		newFullTGDs	244
nonFullTGDs	3197		fullTGDs	37193			newNonFullTGDs	0		newFullTGDs	144
nonFullTGDs	3197		fullTGDs	37293			newNonFullTGDs	0		newFullTGDs	44
Dec 03, 2021 2:42:08 AM uk.ac.ox.cs.gsat.SaturationStatistics log
INFO: # initial TGDs: 490 , 1636
Dec 03, 2021 2:42:08 AM uk.ac.ox.cs.gsat.SaturationStatistics log
INFO: SkSat total time : 2033 ms = 2.03 s
Dec 03, 2021 2:42:08 AM uk.ac.ox.cs.gsat.SaturationStatistics log
INFO: Subsumed elements : 0
Dec 03, 2021 2:42:08 AM uk.ac.ox.cs.gsat.SaturationStatistics log
INFO: Filter discarded elements : 0
Dec 03, 2021 2:42:08 AM uk.ac.ox.cs.gsat.SaturationStatistics log
INFO: subsumption time: 13 ms = 0.01 s
Dec 03, 2021 2:42:08 AM uk.ac.ox.cs.gsat.SaturationStatistics log
INFO: forward subsumption time: 12 ms = 0.01 s
Dec 03, 2021 2:42:08 AM uk.ac.ox.cs.gsat.SaturationStatistics log
INFO: backward subsumption time: 2 ms = 0.00 s
Dec 03, 2021 2:42:08 AM uk.ac.ox.cs.gsat.SaturationStatistics log
INFO: Derived full/non full TGDs: 37119 , 2861
Dec 03, 2021 2:42:08 AM uk.ac.ox.cs.gsat.SaturationStatistics log
INFO: discarded tautology count: 150
Dec 03, 2021 2:42:08 AM uk.ac.ox.cs.gsat.EvolveStatistics log
INFO: Stop because subsumed: 261
Dec 03, 2021 2:42:08 AM uk.ac.ox.cs.gsat.EvolveStatistics log
INFO: evolved equals to current: 0
Dec 03, 2021 2:42:08 AM uk.ac.ox.cs.gsat.EvolveStatistics log
INFO: evolved time: 788 ms = 0.79 s
Dec 03, 2021 2:42:08 AM uk.ac.ox.cs.gsat.EvolveStatistics log
INFO: evolve count: 63576
Dec 03, 2021 2:42:08 AM uk.ac.ox.cs.gsat.SkolemStatistics log
INFO: maximum number of Skolem atoms in body: 1
Dec 03, 2021 2:42:08 AM uk.ac.ox.cs.gsat.SkolemStatistics log
INFO: left derived TGD with Skolem in the body: 0
Dec 03, 2021 2:42:08 AM uk.ac.ox.cs.gsat.SkolemStatistics log
INFO: right derived TGD with Skolem in the body: 36997
Dec 03, 2021 2:42:08 AM uk.ac.ox.cs.gsat.SkolemStatistics log
INFO: derived TGD with more than two Skolem atoms in the body: 0
Dec 03, 2021 2:42:08 AM uk.ac.ox.cs.gsat.AbstractSaturation run
INFO: ouptput full TGDs not contained in the input: 0
Dec 03, 2021 2:42:08 AM uk.ac.ox.cs.gsat.App executeAllSteps
INFO: Rewriting completed!
Full TGD saturation: (490 dependecies)
Dec 03, 2021 2:42:08 AM uk.ac.ox.cs.gsat.App executeAllSteps
INFO: Writing the saturation in the Datalog file 00722.rul
