Starting Saturation...
Executing from DLGP files
SLF4J: Failed to load class "org.slf4j.impl.StaticLoggerBinder".
SLF4J: Defaulting to no-operation (NOP) logger implementation
SLF4J: See http://www.slf4j.org/codes.html#StaticLoggerBinder for further details.
# Rules: 509; # Atoms: 0; # AtomSets: 0; # Queries: 0; # Constraints: 0
Full TGD saturation algorithm: Skolem Sat
Running SkSat...
Dec 03, 2021 3:19:19 AM uk.ac.ox.cs.gsat.AbstractSaturation run
INFO: SkSat discarded rules : 0/509 = 0.000%
SkSat discarded rules : 0/509 = 0.000%
Dec 03, 2021 3:19:19 AM uk.ac.ox.cs.gsat.AbstractSaturation run
INFO: Subsumption method : disabled
nonFullTGDs	0		fullTGDs	311			newNonFullTGDs	248		newFullTGDs	0
nonFullTGDs	100		fullTGDs	311			newNonFullTGDs	165		newFullTGDs	622
nonFullTGDs	200		fullTGDs	311			newNonFullTGDs	87		newFullTGDs	1190
nonFullTGDs	287		fullTGDs	324			newNonFullTGDs	0		newFullTGDs	2159
nonFullTGDs	287		fullTGDs	424			newNonFullTGDs	0		newFullTGDs	2060
nonFullTGDs	287		fullTGDs	524			newNonFullTGDs	0		newFullTGDs	1966
nonFullTGDs	287		fullTGDs	624			newNonFullTGDs	0		newFullTGDs	1870
nonFullTGDs	287		fullTGDs	724			newNonFullTGDs	0		newFullTGDs	1779
nonFullTGDs	287		fullTGDs	824			newNonFullTGDs	0		newFullTGDs	1691
nonFullTGDs	287		fullTGDs	924			newNonFullTGDs	0		newFullTGDs	1595
nonFullTGDs	287		fullTGDs	1024			newNonFullTGDs	0		newFullTGDs	1501
nonFullTGDs	287		fullTGDs	1124			newNonFullTGDs	0		newFullTGDs	1409
nonFullTGDs	287		fullTGDs	1224			newNonFullTGDs	0		newFullTGDs	1313
nonFullTGDs	287		fullTGDs	1324			newNonFullTGDs	0		newFullTGDs	1213
nonFullTGDs	287		fullTGDs	1424			newNonFullTGDs	0		newFullTGDs	1115
nonFullTGDs	287		fullTGDs	1524			newNonFullTGDs	0		newFullTGDs	1022
nonFullTGDs	287		fullTGDs	1624			newNonFullTGDs	0		newFullTGDs	932
nonFullTGDs	287		fullTGDs	1724			newNonFullTGDs	0		newFullTGDs	833
nonFullTGDs	287		fullTGDs	1824			newNonFullTGDs	0		newFullTGDs	737
nonFullTGDs	287		fullTGDs	1924			newNonFullTGDs	0		newFullTGDs	642
nonFullTGDs	287		fullTGDs	2024			newNonFullTGDs	0		newFullTGDs	545
nonFullTGDs	287		fullTGDs	2124			newNonFullTGDs	0		newFullTGDs	457
nonFullTGDs	287		fullTGDs	2224			newNonFullTGDs	0		newFullTGDs	360
nonFullTGDs	287		fullTGDs	2324			newNonFullTGDs	0		newFullTGDs	264
nonFullTGDs	287		fullTGDs	2424			newNonFullTGDs	0		newFullTGDs	166
nonFullTGDs	287		fullTGDs	2524			newNonFullTGDs	0		newFullTGDs	69
Dec 03, 2021 3:19:19 AM uk.ac.ox.cs.gsat.SaturationStatistics log
INFO: # initial TGDs: 311 , 248
Dec 03, 2021 3:19:19 AM uk.ac.ox.cs.gsat.SaturationStatistics log
INFO: SkSat total time : 260 ms = 0.26 s
Dec 03, 2021 3:19:19 AM uk.ac.ox.cs.gsat.SaturationStatistics log
INFO: Subsumed elements : 0
Dec 03, 2021 3:19:19 AM uk.ac.ox.cs.gsat.SaturationStatistics log
INFO: Filter discarded elements : 0
Dec 03, 2021 3:19:19 AM uk.ac.ox.cs.gsat.SaturationStatistics log
INFO: subsumption time: 1 ms = 0.00 s
Dec 03, 2021 3:19:19 AM uk.ac.ox.cs.gsat.SaturationStatistics log
INFO: forward subsumption time: 1 ms = 0.00 s
Dec 03, 2021 3:19:19 AM uk.ac.ox.cs.gsat.SaturationStatistics log
INFO: backward subsumption time: 0 ms = 0.00 s
Dec 03, 2021 3:19:19 AM uk.ac.ox.cs.gsat.SaturationStatistics log
INFO: Derived full/non full TGDs: 2367 , 68
Dec 03, 2021 3:19:19 AM uk.ac.ox.cs.gsat.SaturationStatistics log
INFO: discarded tautology count: 51
Dec 03, 2021 3:19:19 AM uk.ac.ox.cs.gsat.EvolveStatistics log
INFO: Stop because subsumed: 116
Dec 03, 2021 3:19:19 AM uk.ac.ox.cs.gsat.EvolveStatistics log
INFO: evolved equals to current: 0
Dec 03, 2021 3:19:19 AM uk.ac.ox.cs.gsat.EvolveStatistics log
INFO: evolved time: 84 ms = 0.08 s
Dec 03, 2021 3:19:19 AM uk.ac.ox.cs.gsat.EvolveStatistics log
INFO: evolve count: 2534
Dec 03, 2021 3:19:19 AM uk.ac.ox.cs.gsat.SkolemStatistics log
INFO: maximum number of Skolem atoms in body: 1
Dec 03, 2021 3:19:19 AM uk.ac.ox.cs.gsat.SkolemStatistics log
INFO: left derived TGD with Skolem in the body: 0
Dec 03, 2021 3:19:19 AM uk.ac.ox.cs.gsat.SkolemStatistics log
INFO: right derived TGD with Skolem in the body: 2222
Dec 03, 2021 3:19:19 AM uk.ac.ox.cs.gsat.SkolemStatistics log
INFO: derived TGD with more than two Skolem atoms in the body: 0
Dec 03, 2021 3:19:19 AM uk.ac.ox.cs.gsat.AbstractSaturation run
INFO: ouptput full TGDs not contained in the input: 116
Dec 03, 2021 3:19:19 AM uk.ac.ox.cs.gsat.App executeAllSteps
INFO: Rewriting completed!
Full TGD saturation: (427 dependecies)
Dec 03, 2021 3:19:19 AM uk.ac.ox.cs.gsat.App executeAllSteps
INFO: Writing the saturation in the Datalog file 00763.rul
