Starting Saturation...
Executing from DLGP files
SLF4J: Failed to load class "org.slf4j.impl.StaticLoggerBinder".
SLF4J: Defaulting to no-operation (NOP) logger implementation
SLF4J: See http://www.slf4j.org/codes.html#StaticLoggerBinder for further details.
# Rules: 1325; # Atoms: 0; # AtomSets: 0; # Queries: 0; # Constraints: 49
Full TGD saturation algorithm: GSat
Running GSat...
avr. 09, 2021 6:15:41 PM uk.ac.ox.cs.gsat.GSat runGSat
INFOS: GSat discarded rules : 21/1325 = 1.585%
GSat discarded rules : 21/1325 = 1.585%
avr. 09, 2021 6:15:41 PM uk.ac.ox.cs.gsat.GSat runGSat
INFOS: Subsumption method : tree_atom
avr. 09, 2021 6:15:41 PM uk.ac.ox.cs.gsat.GSat runGSat
INFOS: # initial TGDs: 1226 , 64
nonFullTGDs	0		fullTGDs	1226			newNonFullTGDs	64		newFullTGDs	0
nonFullTGDs	51		fullTGDs	1226			newNonFullTGDs	113		newFullTGDs	3
nonFullTGDs	133		fullTGDs	1226			newNonFullTGDs	110		newFullTGDs	3
nonFullTGDs	168		fullTGDs	1226			newNonFullTGDs	108		newFullTGDs	3
nonFullTGDs	202		fullTGDs	1226			newNonFullTGDs	122		newFullTGDs	3
nonFullTGDs	275		fullTGDs	1226			newNonFullTGDs	111		newFullTGDs	3
nonFullTGDs	331		fullTGDs	1226			newNonFullTGDs	109		newFullTGDs	3
nonFullTGDs	373		fullTGDs	1226			newNonFullTGDs	103		newFullTGDs	3
nonFullTGDs	424		fullTGDs	1226			newNonFullTGDs	105		newFullTGDs	3
nonFullTGDs	478		fullTGDs	1226			newNonFullTGDs	95		newFullTGDs	3
nonFullTGDs	544		fullTGDs	1226			newNonFullTGDs	92		newFullTGDs	3
nonFullTGDs	631		fullTGDs	1226			newNonFullTGDs	124		newFullTGDs	4
nonFullTGDs	711		fullTGDs	1226			newNonFullTGDs	122		newFullTGDs	4
nonFullTGDs	763		fullTGDs	1226			newNonFullTGDs	114		newFullTGDs	4
nonFullTGDs	815		fullTGDs	1226			newNonFullTGDs	119		newFullTGDs	4
nonFullTGDs	817		fullTGDs	1226			newNonFullTGDs	113		newFullTGDs	4
nonFullTGDs	840		fullTGDs	1226			newNonFullTGDs	104		newFullTGDs	4
nonFullTGDs	885		fullTGDs	1226			newNonFullTGDs	113		newFullTGDs	4
nonFullTGDs	968		fullTGDs	1226			newNonFullTGDs	110		newFullTGDs	4
nonFullTGDs	1056		fullTGDs	1226			newNonFullTGDs	101		newFullTGDs	4
nonFullTGDs	1118		fullTGDs	1226			newNonFullTGDs	93		newFullTGDs	4
nonFullTGDs	1192		fullTGDs	1226			newNonFullTGDs	110		newFullTGDs	5
nonFullTGDs	1230		fullTGDs	1226			newNonFullTGDs	102		newFullTGDs	5
nonFullTGDs	1254		fullTGDs	1226			newNonFullTGDs	91		newFullTGDs	5
nonFullTGDs	1317		fullTGDs	1226			newNonFullTGDs	102		newFullTGDs	6
nonFullTGDs	1349		fullTGDs	1226			newNonFullTGDs	96		newFullTGDs	6
nonFullTGDs	1405		fullTGDs	1226			newNonFullTGDs	87		newFullTGDs	6
nonFullTGDs	1468		fullTGDs	1226			newNonFullTGDs	96		newFullTGDs	7
nonFullTGDs	1516		fullTGDs	1226			newNonFullTGDs	81		newFullTGDs	7
nonFullTGDs	1559		fullTGDs	1226			newNonFullTGDs	83		newFullTGDs	9
nonFullTGDs	1640		fullTGDs	1226			newNonFullTGDs	74		newFullTGDs	14
nonFullTGDs	1705		fullTGDs	1226			newNonFullTGDs	119		newFullTGDs	16
nonFullTGDs	1794		fullTGDs	1226			newNonFullTGDs	112		newFullTGDs	16
nonFullTGDs	1892		fullTGDs	1226			newNonFullTGDs	108		newFullTGDs	16
nonFullTGDs	1944		fullTGDs	1226			newNonFullTGDs	110		newFullTGDs	16
nonFullTGDs	1989		fullTGDs	1226			newNonFullTGDs	101		newFullTGDs	16
nonFullTGDs	2021		fullTGDs	1226			newNonFullTGDs	104		newFullTGDs	16
nonFullTGDs	2082		fullTGDs	1226			newNonFullTGDs	114		newFullTGDs	16
nonFullTGDs	2143		fullTGDs	1226			newNonFullTGDs	105		newFullTGDs	16
nonFullTGDs	2150		fullTGDs	1226			newNonFullTGDs	102		newFullTGDs	16
nonFullTGDs	2145		fullTGDs	1226			newNonFullTGDs	95		newFullTGDs	16
nonFullTGDs	2204		fullTGDs	1226			newNonFullTGDs	106		newFullTGDs	16
nonFullTGDs	2229		fullTGDs	1226			newNonFullTGDs	101		newFullTGDs	16
nonFullTGDs	2225		fullTGDs	1226			newNonFullTGDs	95		newFullTGDs	16
nonFullTGDs	2273		fullTGDs	1226			newNonFullTGDs	122		newFullTGDs	17
nonFullTGDs	2365		fullTGDs	1226			newNonFullTGDs	112		newFullTGDs	17
nonFullTGDs	2459		fullTGDs	1226			newNonFullTGDs	124		newFullTGDs	17
nonFullTGDs	2535		fullTGDs	1226			newNonFullTGDs	111		newFullTGDs	17
nonFullTGDs	2628		fullTGDs	1226			newNonFullTGDs	101		newFullTGDs	17
nonFullTGDs	2533		fullTGDs	1226			newNonFullTGDs	104		newFullTGDs	17
nonFullTGDs	2566		fullTGDs	1226			newNonFullTGDs	97		newFullTGDs	17
nonFullTGDs	2649		fullTGDs	1226			newNonFullTGDs	110		newFullTGDs	17
nonFullTGDs	2734		fullTGDs	1226			newNonFullTGDs	100		newFullTGDs	17
nonFullTGDs	2778		fullTGDs	1226			newNonFullTGDs	106		newFullTGDs	17
nonFullTGDs	2864		fullTGDs	1226			newNonFullTGDs	103		newFullTGDs	17
nonFullTGDs	2882		fullTGDs	1226			newNonFullTGDs	94		newFullTGDs	17
nonFullTGDs	2912		fullTGDs	1226			newNonFullTGDs	89		newFullTGDs	17
nonFullTGDs	2948		fullTGDs	1226			newNonFullTGDs	96		newFullTGDs	18
nonFullTGDs	2979		fullTGDs	1226			newNonFullTGDs	90		newFullTGDs	18
nonFullTGDs	3057		fullTGDs	1226			newNonFullTGDs	100		newFullTGDs	19
nonFullTGDs	3090		fullTGDs	1226			newNonFullTGDs	92		newFullTGDs	19
nonFullTGDs	3137		fullTGDs	1226			newNonFullTGDs	83		newFullTGDs	19
nonFullTGDs	3210		fullTGDs	1226			newNonFullTGDs	91		newFullTGDs	20
nonFullTGDs	3247		fullTGDs	1226			newNonFullTGDs	86		newFullTGDs	20
nonFullTGDs	3275		fullTGDs	1226			newNonFullTGDs	90		newFullTGDs	21
nonFullTGDs	3323		fullTGDs	1226			newNonFullTGDs	84		newFullTGDs	22
nonFullTGDs	3360		fullTGDs	1226			newNonFullTGDs	65		newFullTGDs	27
nonFullTGDs	3400		fullTGDs	1226			newNonFullTGDs	138		newFullTGDs	34
nonFullTGDs	3494		fullTGDs	1226			newNonFullTGDs	127		newFullTGDs	34
nonFullTGDs	3588		fullTGDs	1226			newNonFullTGDs	132		newFullTGDs	34
nonFullTGDs	3679		fullTGDs	1226			newNonFullTGDs	128		newFullTGDs	34
nonFullTGDs	3747		fullTGDs	1226			newNonFullTGDs	119		newFullTGDs	34
nonFullTGDs	3750		fullTGDs	1226			newNonFullTGDs	132		newFullTGDs	34
nonFullTGDs	3753		fullTGDs	1226			newNonFullTGDs	127		newFullTGDs	34
nonFullTGDs	3760		fullTGDs	1226			newNonFullTGDs	126		newFullTGDs	34
nonFullTGDs	3765		fullTGDs	1226			newNonFullTGDs	117		newFullTGDs	34
nonFullTGDs	3766		fullTGDs	1226			newNonFullTGDs	118		newFullTGDs	34
nonFullTGDs	3798		fullTGDs	1226			newNonFullTGDs	128		newFullTGDs	34
nonFullTGDs	3884		fullTGDs	1226			newNonFullTGDs	124		newFullTGDs	34
nonFullTGDs	3952		fullTGDs	1226			newNonFullTGDs	119		newFullTGDs	34
nonFullTGDs	3928		fullTGDs	1226			newNonFullTGDs	122		newFullTGDs	34
nonFullTGDs	3899		fullTGDs	1226			newNonFullTGDs	121		newFullTGDs	34
nonFullTGDs	3870		fullTGDs	1226			newNonFullTGDs	110		newFullTGDs	34
nonFullTGDs	3912		fullTGDs	1226			newNonFullTGDs	125		newFullTGDs	34
nonFullTGDs	3960		fullTGDs	1226			newNonFullTGDs	119		newFullTGDs	34
nonFullTGDs	3932		fullTGDs	1226			newNonFullTGDs	116		newFullTGDs	34
nonFullTGDs	3925		fullTGDs	1226			newNonFullTGDs	114		newFullTGDs	34
nonFullTGDs	3957		fullTGDs	1226			newNonFullTGDs	109		newFullTGDs	34
nonFullTGDs	3973		fullTGDs	1226			newNonFullTGDs	101		newFullTGDs	34
nonFullTGDs	4032		fullTGDs	1226			newNonFullTGDs	129		newFullTGDs	34
nonFullTGDs	4108		fullTGDs	1226			newNonFullTGDs	123		newFullTGDs	34
nonFullTGDs	4181		fullTGDs	1226			newNonFullTGDs	120		newFullTGDs	34
nonFullTGDs	4250		fullTGDs	1226			newNonFullTGDs	112		newFullTGDs	34
nonFullTGDs	4323		fullTGDs	1226			newNonFullTGDs	109		newFullTGDs	34
nonFullTGDs	4316		fullTGDs	1226			newNonFullTGDs	121		newFullTGDs	34
nonFullTGDs	4298		fullTGDs	1226			newNonFullTGDs	115		newFullTGDs	34
nonFullTGDs	4284		fullTGDs	1226			newNonFullTGDs	111		newFullTGDs	34
nonFullTGDs	4247		fullTGDs	1226			newNonFullTGDs	115		newFullTGDs	34
nonFullTGDs	4231		fullTGDs	1226			newNonFullTGDs	110		newFullTGDs	34
nonFullTGDs	4200		fullTGDs	1226			newNonFullTGDs	106		newFullTGDs	34
nonFullTGDs	4188		fullTGDs	1226			newNonFullTGDs	101		newFullTGDs	34
nonFullTGDs	4219		fullTGDs	1226			newNonFullTGDs	122		newFullTGDs	34
nonFullTGDs	4280		fullTGDs	1226			newNonFullTGDs	116		newFullTGDs	34
nonFullTGDs	4332		fullTGDs	1226			newNonFullTGDs	109		newFullTGDs	34
nonFullTGDs	4283		fullTGDs	1226			newNonFullTGDs	112		newFullTGDs	34
nonFullTGDs	4203		fullTGDs	1226			newNonFullTGDs	116		newFullTGDs	34
nonFullTGDs	4183		fullTGDs	1226			newNonFullTGDs	107		newFullTGDs	34
nonFullTGDs	4113		fullTGDs	1226			newNonFullTGDs	100		newFullTGDs	34
nonFullTGDs	4106		fullTGDs	1226			newNonFullTGDs	115		newFullTGDs	34
nonFullTGDs	4159		fullTGDs	1226			newNonFullTGDs	109		newFullTGDs	34
nonFullTGDs	4202		fullTGDs	1226			newNonFullTGDs	108		newFullTGDs	34
nonFullTGDs	4260		fullTGDs	1226			newNonFullTGDs	100		newFullTGDs	34
nonFullTGDs	4196		fullTGDs	1226			newNonFullTGDs	101		newFullTGDs	34
nonFullTGDs	4102		fullTGDs	1226			newNonFullTGDs	101		newFullTGDs	34
nonFullTGDs	4020		fullTGDs	1226			newNonFullTGDs	95		newFullTGDs	34
nonFullTGDs	3998		fullTGDs	1226			newNonFullTGDs	132		newFullTGDs	34
nonFullTGDs	4080		fullTGDs	1226			newNonFullTGDs	119		newFullTGDs	34
nonFullTGDs	4082		fullTGDs	1226			newNonFullTGDs	123		newFullTGDs	34
nonFullTGDs	4112		fullTGDs	1226			newNonFullTGDs	124		newFullTGDs	34
nonFullTGDs	4132		fullTGDs	1226			newNonFullTGDs	117		newFullTGDs	34
nonFullTGDs	4176		fullTGDs	1226			newNonFullTGDs	113		newFullTGDs	34
nonFullTGDs	4208		fullTGDs	1226			newNonFullTGDs	121		newFullTGDs	34
nonFullTGDs	4221		fullTGDs	1226			newNonFullTGDs	118		newFullTGDs	34
nonFullTGDs	4218		fullTGDs	1226			newNonFullTGDs	110		newFullTGDs	34
nonFullTGDs	4232		fullTGDs	1226			newNonFullTGDs	111		newFullTGDs	34
nonFullTGDs	4254		fullTGDs	1226			newNonFullTGDs	101		newFullTGDs	34
nonFullTGDs	4274		fullTGDs	1226			newNonFullTGDs	102		newFullTGDs	34
nonFullTGDs	4308		fullTGDs	1226			newNonFullTGDs	124		newFullTGDs	34
nonFullTGDs	4357		fullTGDs	1226			newNonFullTGDs	114		newFullTGDs	34
nonFullTGDs	4328		fullTGDs	1226			newNonFullTGDs	112		newFullTGDs	34
nonFullTGDs	4301		fullTGDs	1226			newNonFullTGDs	106		newFullTGDs	34
nonFullTGDs	4276		fullTGDs	1226			newNonFullTGDs	109		newFullTGDs	34
nonFullTGDs	4285		fullTGDs	1226			newNonFullTGDs	101		newFullTGDs	34
nonFullTGDs	4261		fullTGDs	1226			newNonFullTGDs	114		newFullTGDs	34
nonFullTGDs	4204		fullTGDs	1226			newNonFullTGDs	108		newFullTGDs	34
nonFullTGDs	4154		fullTGDs	1226			newNonFullTGDs	99		newFullTGDs	34
nonFullTGDs	4156		fullTGDs	1226			newNonFullTGDs	106		newFullTGDs	34
nonFullTGDs	4165		fullTGDs	1226			newNonFullTGDs	103		newFullTGDs	34
nonFullTGDs	4066		fullTGDs	1226			newNonFullTGDs	93		newFullTGDs	34
nonFullTGDs	4029		fullTGDs	1226			newNonFullTGDs	90		newFullTGDs	34
nonFullTGDs	4030		fullTGDs	1226			newNonFullTGDs	121		newFullTGDs	34
nonFullTGDs	4044		fullTGDs	1226			newNonFullTGDs	111		newFullTGDs	34
nonFullTGDs	4092		fullTGDs	1226			newNonFullTGDs	109		newFullTGDs	34
nonFullTGDs	4106		fullTGDs	1226			newNonFullTGDs	109		newFullTGDs	34
nonFullTGDs	4119		fullTGDs	1226			newNonFullTGDs	102		newFullTGDs	34
nonFullTGDs	4143		fullTGDs	1226			newNonFullTGDs	96		newFullTGDs	34
nonFullTGDs	4174		fullTGDs	1226			newNonFullTGDs	112		newFullTGDs	34
nonFullTGDs	4225		fullTGDs	1226			newNonFullTGDs	106		newFullTGDs	34
nonFullTGDs	4227		fullTGDs	1226			newNonFullTGDs	108		newFullTGDs	34
nonFullTGDs	4210		fullTGDs	1226			newNonFullTGDs	99		newFullTGDs	34
nonFullTGDs	4211		fullTGDs	1226			newNonFullTGDs	107		newFullTGDs	34
nonFullTGDs	4239		fullTGDs	1226			newNonFullTGDs	103		newFullTGDs	34
nonFullTGDs	4171		fullTGDs	1226			newNonFullTGDs	91		newFullTGDs	34
nonFullTGDs	4169		fullTGDs	1226			newNonFullTGDs	90		newFullTGDs	34
nonFullTGDs	4186		fullTGDs	1226			newNonFullTGDs	91		newFullTGDs	34
nonFullTGDs	4232		fullTGDs	1226			newNonFullTGDs	94		newFullTGDs	34
nonFullTGDs	4247		fullTGDs	1226			newNonFullTGDs	91		newFullTGDs	34
nonFullTGDs	4311		fullTGDs	1226			newNonFullTGDs	91		newFullTGDs	34
nonFullTGDs	4302		fullTGDs	1226			newNonFullTGDs	86		newFullTGDs	34
nonFullTGDs	4309		fullTGDs	1226			newNonFullTGDs	120		newFullTGDs	34
nonFullTGDs	4374		fullTGDs	1226			newNonFullTGDs	119		newFullTGDs	34
nonFullTGDs	4434		fullTGDs	1226			newNonFullTGDs	112		newFullTGDs	34
nonFullTGDs	4482		fullTGDs	1226			newNonFullTGDs	124		newFullTGDs	34
nonFullTGDs	4562		fullTGDs	1226			newNonFullTGDs	113		newFullTGDs	34
nonFullTGDs	4570		fullTGDs	1226			newNonFullTGDs	110		newFullTGDs	34
nonFullTGDs	4615		fullTGDs	1226			newNonFullTGDs	105		newFullTGDs	34
nonFullTGDs	4619		fullTGDs	1226			newNonFullTGDs	106		newFullTGDs	34
nonFullTGDs	4631		fullTGDs	1226			newNonFullTGDs	102		newFullTGDs	34
nonFullTGDs	4630		fullTGDs	1226			newNonFullTGDs	98		newFullTGDs	34
nonFullTGDs	4692		fullTGDs	1226			newNonFullTGDs	109		newFullTGDs	34
nonFullTGDs	4725		fullTGDs	1226			newNonFullTGDs	109		newFullTGDs	34
nonFullTGDs	4770		fullTGDs	1226			newNonFullTGDs	104		newFullTGDs	34
nonFullTGDs	4782		fullTGDs	1226			newNonFullTGDs	105		newFullTGDs	34
nonFullTGDs	4797		fullTGDs	1226			newNonFullTGDs	100		newFullTGDs	34
nonFullTGDs	4808		fullTGDs	1226			newNonFullTGDs	106		newFullTGDs	34
nonFullTGDs	4816		fullTGDs	1226			newNonFullTGDs	101		newFullTGDs	34
nonFullTGDs	4829		fullTGDs	1226			newNonFullTGDs	95		newFullTGDs	34
nonFullTGDs	4825		fullTGDs	1226			newNonFullTGDs	94		newFullTGDs	34
nonFullTGDs	4810		fullTGDs	1226			newNonFullTGDs	98		newFullTGDs	35
nonFullTGDs	4872		fullTGDs	1226			newNonFullTGDs	108		newFullTGDs	35
nonFullTGDs	4927		fullTGDs	1226			newNonFullTGDs	104		newFullTGDs	35
nonFullTGDs	4988		fullTGDs	1226			newNonFullTGDs	97		newFullTGDs	35
nonFullTGDs	5033		fullTGDs	1226			newNonFullTGDs	105		newFullTGDs	35
nonFullTGDs	5086		fullTGDs	1226			newNonFullTGDs	93		newFullTGDs	35
nonFullTGDs	5092		fullTGDs	1226			newNonFullTGDs	93		newFullTGDs	35
nonFullTGDs	5091		fullTGDs	1226			newNonFullTGDs	90		newFullTGDs	35
nonFullTGDs	5136		fullTGDs	1226			newNonFullTGDs	108		newFullTGDs	36
nonFullTGDs	5198		fullTGDs	1226			newNonFullTGDs	110		newFullTGDs	36
nonFullTGDs	5241		fullTGDs	1226			newNonFullTGDs	96		newFullTGDs	36
nonFullTGDs	5286		fullTGDs	1226			newNonFullTGDs	92		newFullTGDs	36
nonFullTGDs	5318		fullTGDs	1226			newNonFullTGDs	91		newFullTGDs	36
nonFullTGDs	5349		fullTGDs	1226			newNonFullTGDs	92		newFullTGDs	36
nonFullTGDs	5376		fullTGDs	1226			newNonFullTGDs	85		newFullTGDs	36
nonFullTGDs	5379		fullTGDs	1226			newNonFullTGDs	97		newFullTGDs	37
nonFullTGDs	5383		fullTGDs	1226			newNonFullTGDs	90		newFullTGDs	37
nonFullTGDs	5317		fullTGDs	1226			newNonFullTGDs	91		newFullTGDs	37
nonFullTGDs	5242		fullTGDs	1226			newNonFullTGDs	81		newFullTGDs	37
nonFullTGDs	5255		fullTGDs	1226			newNonFullTGDs	91		newFullTGDs	38
nonFullTGDs	5253		fullTGDs	1226			newNonFullTGDs	88		newFullTGDs	39
nonFullTGDs	5302		fullTGDs	1226			newNonFullTGDs	77		newFullTGDs	45
nonFullTGDs	5360		fullTGDs	1226			newNonFullTGDs	111		newFullTGDs	43
nonFullTGDs	5421		fullTGDs	1226			newNonFullTGDs	117		newFullTGDs	43
nonFullTGDs	5480		fullTGDs	1226			newNonFullTGDs	105		newFullTGDs	43
nonFullTGDs	5528		fullTGDs	1226			newNonFullTGDs	110		newFullTGDs	43
nonFullTGDs	5576		fullTGDs	1226			newNonFullTGDs	109		newFullTGDs	43
nonFullTGDs	5623		fullTGDs	1226			newNonFullTGDs	104		newFullTGDs	43
nonFullTGDs	5626		fullTGDs	1226			newNonFullTGDs	105		newFullTGDs	43
nonFullTGDs	5630		fullTGDs	1226			newNonFullTGDs	106		newFullTGDs	43
nonFullTGDs	5638		fullTGDs	1226			newNonFullTGDs	102		newFullTGDs	43
nonFullTGDs	5664		fullTGDs	1226			newNonFullTGDs	113		newFullTGDs	43
nonFullTGDs	5676		fullTGDs	1226			newNonFullTGDs	108		newFullTGDs	43
nonFullTGDs	5719		fullTGDs	1226			newNonFullTGDs	101		newFullTGDs	43
nonFullTGDs	5707		fullTGDs	1226			newNonFullTGDs	97		newFullTGDs	43
nonFullTGDs	5647		fullTGDs	1226			newNonFullTGDs	100		newFullTGDs	43
nonFullTGDs	5655		fullTGDs	1226			newNonFullTGDs	102		newFullTGDs	43
nonFullTGDs	5698		fullTGDs	1226			newNonFullTGDs	99		newFullTGDs	43
nonFullTGDs	5667		fullTGDs	1226			newNonFullTGDs	101		newFullTGDs	43
nonFullTGDs	5559		fullTGDs	1226			newNonFullTGDs	89		newFullTGDs	43
nonFullTGDs	5499		fullTGDs	1226			newNonFullTGDs	86		newFullTGDs	43
nonFullTGDs	5551		fullTGDs	1226			newNonFullTGDs	103		newFullTGDs	43
nonFullTGDs	5600		fullTGDs	1226			newNonFullTGDs	101		newFullTGDs	43
nonFullTGDs	5668		fullTGDs	1226			newNonFullTGDs	98		newFullTGDs	43
nonFullTGDs	5678		fullTGDs	1226			newNonFullTGDs	98		newFullTGDs	43
nonFullTGDs	5677		fullTGDs	1226			newNonFullTGDs	94		newFullTGDs	43
nonFullTGDs	5668		fullTGDs	1226			newNonFullTGDs	94		newFullTGDs	43
nonFullTGDs	5663		fullTGDs	1226			newNonFullTGDs	117		newFullTGDs	43
nonFullTGDs	5721		fullTGDs	1226			newNonFullTGDs	106		newFullTGDs	43
nonFullTGDs	5774		fullTGDs	1226			newNonFullTGDs	102		newFullTGDs	43
nonFullTGDs	5815		fullTGDs	1226			newNonFullTGDs	99		newFullTGDs	43
nonFullTGDs	5837		fullTGDs	1226			newNonFullTGDs	101		newFullTGDs	43
nonFullTGDs	5826		fullTGDs	1226			newNonFullTGDs	99		newFullTGDs	43
nonFullTGDs	5824		fullTGDs	1226			newNonFullTGDs	91		newFullTGDs	43
nonFullTGDs	5826		fullTGDs	1226			newNonFullTGDs	93		newFullTGDs	43
nonFullTGDs	5883		fullTGDs	1226			newNonFullTGDs	99		newFullTGDs	43
nonFullTGDs	5918		fullTGDs	1226			newNonFullTGDs	95		newFullTGDs	43
nonFullTGDs	5805		fullTGDs	1226			newNonFullTGDs	86		newFullTGDs	43
nonFullTGDs	5690		fullTGDs	1226			newNonFullTGDs	100		newFullTGDs	43
nonFullTGDs	5708		fullTGDs	1226			newNonFullTGDs	88		newFullTGDs	43
nonFullTGDs	5674		fullTGDs	1226			newNonFullTGDs	78		newFullTGDs	43
nonFullTGDs	5704		fullTGDs	1226			newNonFullTGDs	111		newFullTGDs	43
nonFullTGDs	5767		fullTGDs	1226			newNonFullTGDs	105		newFullTGDs	43
nonFullTGDs	5817		fullTGDs	1226			newNonFullTGDs	102		newFullTGDs	43
nonFullTGDs	5860		fullTGDs	1226			newNonFullTGDs	100		newFullTGDs	43
nonFullTGDs	5863		fullTGDs	1226			newNonFullTGDs	99		newFullTGDs	43
nonFullTGDs	5829		fullTGDs	1226			newNonFullTGDs	96		newFullTGDs	43
nonFullTGDs	5813		fullTGDs	1226			newNonFullTGDs	94		newFullTGDs	43
nonFullTGDs	5750		fullTGDs	1226			newNonFullTGDs	82		newFullTGDs	43
nonFullTGDs	5795		fullTGDs	1226			newNonFullTGDs	103		newFullTGDs	43
nonFullTGDs	5848		fullTGDs	1226			newNonFullTGDs	103		newFullTGDs	43
nonFullTGDs	5896		fullTGDs	1226			newNonFullTGDs	102		newFullTGDs	43
nonFullTGDs	5926		fullTGDs	1226			newNonFullTGDs	95		newFullTGDs	43
nonFullTGDs	5929		fullTGDs	1226			newNonFullTGDs	94		newFullTGDs	43
nonFullTGDs	5898		fullTGDs	1226			newNonFullTGDs	90		newFullTGDs	43
nonFullTGDs	5880		fullTGDs	1226			newNonFullTGDs	84		newFullTGDs	43
nonFullTGDs	5877		fullTGDs	1226			newNonFullTGDs	107		newFullTGDs	43
nonFullTGDs	5928		fullTGDs	1226			newNonFullTGDs	98		newFullTGDs	43
nonFullTGDs	5958		fullTGDs	1226			newNonFullTGDs	87		newFullTGDs	43
nonFullTGDs	5817		fullTGDs	1226			newNonFullTGDs	88		newFullTGDs	43
nonFullTGDs	5664		fullTGDs	1226			newNonFullTGDs	84		newFullTGDs	43
nonFullTGDs	5670		fullTGDs	1226			newNonFullTGDs	90		newFullTGDs	43
nonFullTGDs	5600		fullTGDs	1226			newNonFullTGDs	81		newFullTGDs	43
nonFullTGDs	5555		fullTGDs	1226			newNonFullTGDs	78		newFullTGDs	43
nonFullTGDs	5567		fullTGDs	1226			newNonFullTGDs	98		newFullTGDs	43
nonFullTGDs	5627		fullTGDs	1226			newNonFullTGDs	92		newFullTGDs	43
nonFullTGDs	5637		fullTGDs	1226			newNonFullTGDs	93		newFullTGDs	43
nonFullTGDs	5643		fullTGDs	1226			newNonFullTGDs	91		newFullTGDs	43
nonFullTGDs	5646		fullTGDs	1226			newNonFullTGDs	92		newFullTGDs	43
nonFullTGDs	5689		fullTGDs	1226			newNonFullTGDs	87		newFullTGDs	43
nonFullTGDs	5623		fullTGDs	1226			newNonFullTGDs	79		newFullTGDs	43
nonFullTGDs	5601		fullTGDs	1226			newNonFullTGDs	72		newFullTGDs	43
nonFullTGDs	5648		fullTGDs	1226			newNonFullTGDs	93		newFullTGDs	43
nonFullTGDs	5688		fullTGDs	1226			newNonFullTGDs	90		newFullTGDs	43
nonFullTGDs	5699		fullTGDs	1226			newNonFullTGDs	93		newFullTGDs	43
nonFullTGDs	5697		fullTGDs	1226			newNonFullTGDs	86		newFullTGDs	43
nonFullTGDs	5724		fullTGDs	1226			newNonFullTGDs	90		newFullTGDs	43
nonFullTGDs	5750		fullTGDs	1226			newNonFullTGDs	84		newFullTGDs	43
nonFullTGDs	5742		fullTGDs	1226			newNonFullTGDs	78		newFullTGDs	43
nonFullTGDs	5721		fullTGDs	1226			newNonFullTGDs	80		newFullTGDs	43
nonFullTGDs	5668		fullTGDs	1226			newNonFullTGDs	81		newFullTGDs	43
nonFullTGDs	5562		fullTGDs	1226			newNonFullTGDs	77		newFullTGDs	43
nonFullTGDs	5470		fullTGDs	1226			newNonFullTGDs	77		newFullTGDs	43
nonFullTGDs	5416		fullTGDs	1226			newNonFullTGDs	68		newFullTGDs	43
nonFullTGDs	5396		fullTGDs	1226			newNonFullTGDs	65		newFullTGDs	46
nonFullTGDs	5414		fullTGDs	1226			newNonFullTGDs	54		newFullTGDs	55
nonFullTGDs	5464		fullTGDs	1226			newNonFullTGDs	100		newFullTGDs	63
nonFullTGDs	5534		fullTGDs	1226			newNonFullTGDs	97		newFullTGDs	63
nonFullTGDs	5597		fullTGDs	1226			newNonFullTGDs	101		newFullTGDs	63
nonFullTGDs	5646		fullTGDs	1226			newNonFullTGDs	97		newFullTGDs	63
nonFullTGDs	5690		fullTGDs	1226			newNonFullTGDs	87		newFullTGDs	63
nonFullTGDs	5707		fullTGDs	1226			newNonFullTGDs	96		newFullTGDs	63
nonFullTGDs	5715		fullTGDs	1226			newNonFullTGDs	91		newFullTGDs	63
nonFullTGDs	5747		fullTGDs	1226			newNonFullTGDs	85		newFullTGDs	63
nonFullTGDs	5738		fullTGDs	1226			newNonFullTGDs	89		newFullTGDs	63
nonFullTGDs	5773		fullTGDs	1226			newNonFullTGDs	83		newFullTGDs	63
nonFullTGDs	5773		fullTGDs	1226			newNonFullTGDs	81		newFullTGDs	63
nonFullTGDs	5724		fullTGDs	1226			newNonFullTGDs	71		newFullTGDs	63
nonFullTGDs	5788		fullTGDs	1226			newNonFullTGDs	97		newFullTGDs	63
nonFullTGDs	5846		fullTGDs	1226			newNonFullTGDs	95		newFullTGDs	63
nonFullTGDs	5889		fullTGDs	1226			newNonFullTGDs	86		newFullTGDs	63
nonFullTGDs	5899		fullTGDs	1226			newNonFullTGDs	95		newFullTGDs	63
nonFullTGDs	5964		fullTGDs	1226			newNonFullTGDs	84		newFullTGDs	63
nonFullTGDs	6030		fullTGDs	1226			newNonFullTGDs	90		newFullTGDs	63
nonFullTGDs	6046		fullTGDs	1226			newNonFullTGDs	87		newFullTGDs	63
nonFullTGDs	6051		fullTGDs	1226			newNonFullTGDs	78		newFullTGDs	63
nonFullTGDs	6084		fullTGDs	1226			newNonFullTGDs	88		newFullTGDs	63
nonFullTGDs	6114		fullTGDs	1226			newNonFullTGDs	80		newFullTGDs	63
nonFullTGDs	6142		fullTGDs	1226			newNonFullTGDs	83		newFullTGDs	63
nonFullTGDs	6086		fullTGDs	1226			newNonFullTGDs	79		newFullTGDs	63
nonFullTGDs	6073		fullTGDs	1226			newNonFullTGDs	71		newFullTGDs	63
nonFullTGDs	6113		fullTGDs	1226			newNonFullTGDs	74		newFullTGDs	63
nonFullTGDs	6117		fullTGDs	1226			newNonFullTGDs	66		newFullTGDs	63
nonFullTGDs	6162		fullTGDs	1226			newNonFullTGDs	75		newFullTGDs	63
nonFullTGDs	6157		fullTGDs	1226			newNonFullTGDs	74		newFullTGDs	63
nonFullTGDs	6084		fullTGDs	1226			newNonFullTGDs	67		newFullTGDs	63
nonFullTGDs	6092		fullTGDs	1226			newNonFullTGDs	97		newFullTGDs	64
nonFullTGDs	6180		fullTGDs	1226			newNonFullTGDs	100		newFullTGDs	64
nonFullTGDs	6210		fullTGDs	1226			newNonFullTGDs	93		newFullTGDs	64
nonFullTGDs	6242		fullTGDs	1226			newNonFullTGDs	90		newFullTGDs	64
nonFullTGDs	6262		fullTGDs	1226			newNonFullTGDs	87		newFullTGDs	64
nonFullTGDs	6281		fullTGDs	1226			newNonFullTGDs	86		newFullTGDs	64
nonFullTGDs	6359		fullTGDs	1226			newNonFullTGDs	87		newFullTGDs	64
nonFullTGDs	6421		fullTGDs	1226			newNonFullTGDs	79		newFullTGDs	64
nonFullTGDs	6403		fullTGDs	1226			newNonFullTGDs	77		newFullTGDs	64
nonFullTGDs	6373		fullTGDs	1226			newNonFullTGDs	72		newFullTGDs	64
nonFullTGDs	6415		fullTGDs	1226			newNonFullTGDs	81		newFullTGDs	64
nonFullTGDs	6462		fullTGDs	1226			newNonFullTGDs	79		newFullTGDs	64
nonFullTGDs	6372		fullTGDs	1226			newNonFullTGDs	76		newFullTGDs	64
nonFullTGDs	6294		fullTGDs	1226			newNonFullTGDs	71		newFullTGDs	64
nonFullTGDs	6324		fullTGDs	1226			newNonFullTGDs	85		newFullTGDs	64
nonFullTGDs	6343		fullTGDs	1226			newNonFullTGDs	82		newFullTGDs	64
nonFullTGDs	6266		fullTGDs	1226			newNonFullTGDs	79		newFullTGDs	64
nonFullTGDs	6189		fullTGDs	1226			newNonFullTGDs	68		newFullTGDs	64
nonFullTGDs	6220		fullTGDs	1226			newNonFullTGDs	77		newFullTGDs	64
nonFullTGDs	6139		fullTGDs	1226			newNonFullTGDs	68		newFullTGDs	64
nonFullTGDs	6123		fullTGDs	1226			newNonFullTGDs	62		newFullTGDs	64
nonFullTGDs	6140		fullTGDs	1226			newNonFullTGDs	91		newFullTGDs	65
nonFullTGDs	6207		fullTGDs	1226			newNonFullTGDs	90		newFullTGDs	65
nonFullTGDs	6265		fullTGDs	1226			newNonFullTGDs	86		newFullTGDs	65
nonFullTGDs	6317		fullTGDs	1226			newNonFullTGDs	88		newFullTGDs	65
nonFullTGDs	6347		fullTGDs	1226			newNonFullTGDs	85		newFullTGDs	65
nonFullTGDs	6382		fullTGDs	1226			newNonFullTGDs	78		newFullTGDs	65
nonFullTGDs	6418		fullTGDs	1226			newNonFullTGDs	74		newFullTGDs	65
nonFullTGDs	6450		fullTGDs	1226			newNonFullTGDs	84		newFullTGDs	65
nonFullTGDs	6487		fullTGDs	1226			newNonFullTGDs	79		newFullTGDs	65
nonFullTGDs	6464		fullTGDs	1226			newNonFullTGDs	76		newFullTGDs	65
nonFullTGDs	6458		fullTGDs	1226			newNonFullTGDs	76		newFullTGDs	65
nonFullTGDs	6435		fullTGDs	1226			newNonFullTGDs	70		newFullTGDs	65
nonFullTGDs	6472		fullTGDs	1226			newNonFullTGDs	75		newFullTGDs	65
nonFullTGDs	6507		fullTGDs	1226			newNonFullTGDs	72		newFullTGDs	65
nonFullTGDs	6557		fullTGDs	1226			newNonFullTGDs	66		newFullTGDs	65
nonFullTGDs	6480		fullTGDs	1226			newNonFullTGDs	64		newFullTGDs	65
nonFullTGDs	6453		fullTGDs	1226			newNonFullTGDs	81		newFullTGDs	66
nonFullTGDs	6524		fullTGDs	1226			newNonFullTGDs	75		newFullTGDs	66
nonFullTGDs	6588		fullTGDs	1226			newNonFullTGDs	74		newFullTGDs	66
nonFullTGDs	6649		fullTGDs	1226			newNonFullTGDs	79		newFullTGDs	66
nonFullTGDs	6674		fullTGDs	1226			newNonFullTGDs	73		newFullTGDs	66
nonFullTGDs	6722		fullTGDs	1226			newNonFullTGDs	70		newFullTGDs	66
nonFullTGDs	6738		fullTGDs	1226			newNonFullTGDs	74		newFullTGDs	66
nonFullTGDs	6731		fullTGDs	1226			newNonFullTGDs	75		newFullTGDs	66
nonFullTGDs	6727		fullTGDs	1226			newNonFullTGDs	70		newFullTGDs	66
nonFullTGDs	6756		fullTGDs	1226			newNonFullTGDs	87		newFullTGDs	67
nonFullTGDs	6836		fullTGDs	1226			newNonFullTGDs	77		newFullTGDs	67
nonFullTGDs	6837		fullTGDs	1226			newNonFullTGDs	73		newFullTGDs	67
nonFullTGDs	6825		fullTGDs	1226			newNonFullTGDs	63		newFullTGDs	67
nonFullTGDs	6690		fullTGDs	1226			newNonFullTGDs	65		newFullTGDs	67
nonFullTGDs	6565		fullTGDs	1226			newNonFullTGDs	65		newFullTGDs	67
nonFullTGDs	6431		fullTGDs	1226			newNonFullTGDs	58		newFullTGDs	67
nonFullTGDs	6464		fullTGDs	1226			newNonFullTGDs	64		newFullTGDs	68
nonFullTGDs	6414		fullTGDs	1226			newNonFullTGDs	60		newFullTGDs	68
nonFullTGDs	6409		fullTGDs	1226			newNonFullTGDs	64		newFullTGDs	69
nonFullTGDs	6410		fullTGDs	1226			newNonFullTGDs	61		newFullTGDs	70
nonFullTGDs	6238		fullTGDs	1226			newNonFullTGDs	53		newFullTGDs	70
nonFullTGDs	6134		fullTGDs	1226			newNonFullTGDs	51		newFullTGDs	73
nonFullTGDs	6115		fullTGDs	1226			newNonFullTGDs	41		newFullTGDs	82
nonFullTGDs	6145		fullTGDs	1226			newNonFullTGDs	70		newFullTGDs	90
nonFullTGDs	6205		fullTGDs	1226			newNonFullTGDs	65		newFullTGDs	90
nonFullTGDs	6255		fullTGDs	1226			newNonFullTGDs	70		newFullTGDs	90
nonFullTGDs	6303		fullTGDs	1226			newNonFullTGDs	62		newFullTGDs	90
nonFullTGDs	6355		fullTGDs	1226			newNonFullTGDs	60		newFullTGDs	90
nonFullTGDs	6434		fullTGDs	1226			newNonFullTGDs	75		newFullTGDs	90
nonFullTGDs	6499		fullTGDs	1226			newNonFullTGDs	66		newFullTGDs	90
nonFullTGDs	6504		fullTGDs	1226			newNonFullTGDs	61		newFullTGDs	90
nonFullTGDs	6553		fullTGDs	1226			newNonFullTGDs	52		newFullTGDs	90
nonFullTGDs	6617		fullTGDs	1226			newNonFullTGDs	52		newFullTGDs	90
nonFullTGDs	6657		fullTGDs	1226			newNonFullTGDs	50		newFullTGDs	90
nonFullTGDs	6685		fullTGDs	1226			newNonFullTGDs	52		newFullTGDs	90
nonFullTGDs	6712		fullTGDs	1226			newNonFullTGDs	47		newFullTGDs	90
nonFullTGDs	6744		fullTGDs	1226			newNonFullTGDs	35		newFullTGDs	93
nonFullTGDs	6764		fullTGDs	1226			newNonFullTGDs	30		newFullTGDs	103
nonFullTGDs	6790		fullTGDs	1226			newNonFullTGDs	66		newFullTGDs	114
nonFullTGDs	6879		fullTGDs	1226			newNonFullTGDs	56		newFullTGDs	114
nonFullTGDs	6930		fullTGDs	1226			newNonFullTGDs	52		newFullTGDs	114
nonFullTGDs	6976		fullTGDs	1226			newNonFullTGDs	59		newFullTGDs	114
nonFullTGDs	7015		fullTGDs	1226			newNonFullTGDs	50		newFullTGDs	114
nonFullTGDs	7037		fullTGDs	1226			newNonFullTGDs	47		newFullTGDs	114
nonFullTGDs	7051		fullTGDs	1226			newNonFullTGDs	42		newFullTGDs	114
nonFullTGDs	7112		fullTGDs	1226			newNonFullTGDs	51		newFullTGDs	114
nonFullTGDs	7189		fullTGDs	1226			newNonFullTGDs	48		newFullTGDs	114
nonFullTGDs	7185		fullTGDs	1226			newNonFullTGDs	51		newFullTGDs	114
nonFullTGDs	7247		fullTGDs	1226			newNonFullTGDs	42		newFullTGDs	114
nonFullTGDs	7282		fullTGDs	1226			newNonFullTGDs	36		newFullTGDs	114
nonFullTGDs	7312		fullTGDs	1226			newNonFullTGDs	38		newFullTGDs	114
nonFullTGDs	7342		fullTGDs	1226			newNonFullTGDs	35		newFullTGDs	114
nonFullTGDs	7374		fullTGDs	1226			newNonFullTGDs	34		newFullTGDs	114
nonFullTGDs	7391		fullTGDs	1226			newNonFullTGDs	27		newFullTGDs	114
nonFullTGDs	7402		fullTGDs	1226			newNonFullTGDs	17		newFullTGDs	123
nonFullTGDs	7459		fullTGDs	1226			newNonFullTGDs	70		newFullTGDs	130
nonFullTGDs	7545		fullTGDs	1226			newNonFullTGDs	73		newFullTGDs	130
nonFullTGDs	7626		fullTGDs	1226			newNonFullTGDs	61		newFullTGDs	130
nonFullTGDs	7659		fullTGDs	1226			newNonFullTGDs	65		newFullTGDs	130
nonFullTGDs	7722		fullTGDs	1226			newNonFullTGDs	65		newFullTGDs	130
nonFullTGDs	7757		fullTGDs	1226			newNonFullTGDs	53		newFullTGDs	130
nonFullTGDs	7835		fullTGDs	1226			newNonFullTGDs	66		newFullTGDs	130
nonFullTGDs	7883		fullTGDs	1226			newNonFullTGDs	56		newFullTGDs	130
nonFullTGDs	7851		fullTGDs	1226			newNonFullTGDs	58		newFullTGDs	130
nonFullTGDs	7912		fullTGDs	1226			newNonFullTGDs	59		newFullTGDs	130
nonFullTGDs	7920		fullTGDs	1226			newNonFullTGDs	51		newFullTGDs	130
nonFullTGDs	7967		fullTGDs	1226			newNonFullTGDs	47		newFullTGDs	130
nonFullTGDs	7986		fullTGDs	1226			newNonFullTGDs	62		newFullTGDs	130
nonFullTGDs	8060		fullTGDs	1226			newNonFullTGDs	62		newFullTGDs	130
nonFullTGDs	8090		fullTGDs	1226			newNonFullTGDs	61		newFullTGDs	130
nonFullTGDs	8109		fullTGDs	1226			newNonFullTGDs	58		newFullTGDs	130
nonFullTGDs	8139		fullTGDs	1226			newNonFullTGDs	60		newFullTGDs	130
nonFullTGDs	8155		fullTGDs	1226			newNonFullTGDs	57		newFullTGDs	130
nonFullTGDs	8132		fullTGDs	1226			newNonFullTGDs	57		newFullTGDs	130
nonFullTGDs	8158		fullTGDs	1226			newNonFullTGDs	44		newFullTGDs	130
nonFullTGDs	8135		fullTGDs	1226			newNonFullTGDs	54		newFullTGDs	130
nonFullTGDs	8175		fullTGDs	1226			newNonFullTGDs	46		newFullTGDs	130
nonFullTGDs	8186		fullTGDs	1226			newNonFullTGDs	50		newFullTGDs	130
nonFullTGDs	8221		fullTGDs	1226			newNonFullTGDs	41		newFullTGDs	130
nonFullTGDs	8249		fullTGDs	1226			newNonFullTGDs	42		newFullTGDs	130
nonFullTGDs	8271		fullTGDs	1226			newNonFullTGDs	37		newFullTGDs	130
nonFullTGDs	8312		fullTGDs	1226			newNonFullTGDs	74		newFullTGDs	131
nonFullTGDs	8392		fullTGDs	1226			newNonFullTGDs	67		newFullTGDs	131
nonFullTGDs	8466		fullTGDs	1226			newNonFullTGDs	63		newFullTGDs	131
nonFullTGDs	8519		fullTGDs	1226			newNonFullTGDs	63		newFullTGDs	131
nonFullTGDs	8538		fullTGDs	1226			newNonFullTGDs	59		newFullTGDs	131
nonFullTGDs	8545		fullTGDs	1226			newNonFullTGDs	54		newFullTGDs	131
nonFullTGDs	8576		fullTGDs	1226			newNonFullTGDs	53		newFullTGDs	131
nonFullTGDs	8547		fullTGDs	1226			newNonFullTGDs	58		newFullTGDs	131
nonFullTGDs	8571		fullTGDs	1226			newNonFullTGDs	51		newFullTGDs	131
nonFullTGDs	8571		fullTGDs	1226			newNonFullTGDs	49		newFullTGDs	131
nonFullTGDs	8603		fullTGDs	1226			newNonFullTGDs	38		newFullTGDs	131
nonFullTGDs	8658		fullTGDs	1226			newNonFullTGDs	54		newFullTGDs	131
nonFullTGDs	8725		fullTGDs	1226			newNonFullTGDs	49		newFullTGDs	131
nonFullTGDs	8770		fullTGDs	1226			newNonFullTGDs	43		newFullTGDs	131
nonFullTGDs	8829		fullTGDs	1226			newNonFullTGDs	52		newFullTGDs	131
nonFullTGDs	8871		fullTGDs	1226			newNonFullTGDs	45		newFullTGDs	131
nonFullTGDs	8879		fullTGDs	1226			newNonFullTGDs	37		newFullTGDs	131
nonFullTGDs	8928		fullTGDs	1226			newNonFullTGDs	40		newFullTGDs	131
nonFullTGDs	8932		fullTGDs	1226			newNonFullTGDs	37		newFullTGDs	131
nonFullTGDs	8937		fullTGDs	1226			newNonFullTGDs	30		newFullTGDs	131
nonFullTGDs	8964		fullTGDs	1226			newNonFullTGDs	48		newFullTGDs	132
nonFullTGDs	8990		fullTGDs	1226			newNonFullTGDs	46		newFullTGDs	132
nonFullTGDs	9024		fullTGDs	1226			newNonFullTGDs	43		newFullTGDs	132
nonFullTGDs	9032		fullTGDs	1226			newNonFullTGDs	38		newFullTGDs	132
nonFullTGDs	9068		fullTGDs	1226			newNonFullTGDs	54		newFullTGDs	132
nonFullTGDs	9109		fullTGDs	1226			newNonFullTGDs	48		newFullTGDs	132
nonFullTGDs	9142		fullTGDs	1226			newNonFullTGDs	46		newFullTGDs	132
nonFullTGDs	9153		fullTGDs	1226			newNonFullTGDs	44		newFullTGDs	132
nonFullTGDs	9147		fullTGDs	1226			newNonFullTGDs	43		newFullTGDs	132
nonFullTGDs	9119		fullTGDs	1226			newNonFullTGDs	44		newFullTGDs	132
nonFullTGDs	9111		fullTGDs	1226			newNonFullTGDs	40		newFullTGDs	132
nonFullTGDs	9119		fullTGDs	1226			newNonFullTGDs	32		newFullTGDs	132
nonFullTGDs	9155		fullTGDs	1226			newNonFullTGDs	39		newFullTGDs	133
nonFullTGDs	9214		fullTGDs	1226			newNonFullTGDs	38		newFullTGDs	133
nonFullTGDs	9245		fullTGDs	1226			newNonFullTGDs	35		newFullTGDs	133
nonFullTGDs	9245		fullTGDs	1226			newNonFullTGDs	38		newFullTGDs	134
nonFullTGDs	9230		fullTGDs	1226			newNonFullTGDs	33		newFullTGDs	134
nonFullTGDs	9216		fullTGDs	1226			newNonFullTGDs	29		newFullTGDs	135
nonFullTGDs	9240		fullTGDs	1226			newNonFullTGDs	32		newFullTGDs	136
nonFullTGDs	9273		fullTGDs	1226			newNonFullTGDs	24		newFullTGDs	138
nonFullTGDs	9306		fullTGDs	1226			newNonFullTGDs	52		newFullTGDs	143
nonFullTGDs	9352		fullTGDs	1226			newNonFullTGDs	46		newFullTGDs	143
nonFullTGDs	9416		fullTGDs	1226			newNonFullTGDs	40		newFullTGDs	143
nonFullTGDs	9483		fullTGDs	1226			newNonFullTGDs	49		newFullTGDs	143
nonFullTGDs	9505		fullTGDs	1226			newNonFullTGDs	41		newFullTGDs	143
nonFullTGDs	9530		fullTGDs	1226			newNonFullTGDs	33		newFullTGDs	143
nonFullTGDs	9563		fullTGDs	1226			newNonFullTGDs	28		newFullTGDs	143
nonFullTGDs	9631		fullTGDs	1226			newNonFullTGDs	53		newFullTGDs	143
nonFullTGDs	9658		fullTGDs	1226			newNonFullTGDs	42		newFullTGDs	143
nonFullTGDs	9675		fullTGDs	1226			newNonFullTGDs	33		newFullTGDs	143
nonFullTGDs	9740		fullTGDs	1226			newNonFullTGDs	44		newFullTGDs	143
nonFullTGDs	9785		fullTGDs	1226			newNonFullTGDs	31		newFullTGDs	143
nonFullTGDs	9810		fullTGDs	1226			newNonFullTGDs	39		newFullTGDs	143
nonFullTGDs	9836		fullTGDs	1226			newNonFullTGDs	35		newFullTGDs	143
nonFullTGDs	9851		fullTGDs	1226			newNonFullTGDs	29		newFullTGDs	143
nonFullTGDs	9867		fullTGDs	1226			newNonFullTGDs	31		newFullTGDs	143
nonFullTGDs	9881		fullTGDs	1226			newNonFullTGDs	26		newFullTGDs	143
nonFullTGDs	9898		fullTGDs	1226			newNonFullTGDs	16		newFullTGDs	143
nonFullTGDs	9969		fullTGDs	1226			newNonFullTGDs	53		newFullTGDs	143
nonFullTGDs	10028		fullTGDs	1226			newNonFullTGDs	57		newFullTGDs	143
nonFullTGDs	10071		fullTGDs	1226			newNonFullTGDs	49		newFullTGDs	143
nonFullTGDs	10152		fullTGDs	1226			newNonFullTGDs	49		newFullTGDs	143
nonFullTGDs	10201		fullTGDs	1226			newNonFullTGDs	51		newFullTGDs	143
nonFullTGDs	10263		fullTGDs	1226			newNonFullTGDs	41		newFullTGDs	143
nonFullTGDs	10325		fullTGDs	1226			newNonFullTGDs	53		newFullTGDs	143
nonFullTGDs	10337		fullTGDs	1226			newNonFullTGDs	46		newFullTGDs	143
nonFullTGDs	10365		fullTGDs	1226			newNonFullTGDs	47		newFullTGDs	143
nonFullTGDs	10376		fullTGDs	1226			newNonFullTGDs	39		newFullTGDs	143
nonFullTGDs	10407		fullTGDs	1226			newNonFullTGDs	34		newFullTGDs	143
nonFullTGDs	10440		fullTGDs	1226			newNonFullTGDs	37		newFullTGDs	143
nonFullTGDs	10473		fullTGDs	1226			newNonFullTGDs	28		newFullTGDs	143
nonFullTGDs	10545		fullTGDs	1226			newNonFullTGDs	52		newFullTGDs	143
nonFullTGDs	10618		fullTGDs	1226			newNonFullTGDs	54		newFullTGDs	143
nonFullTGDs	10652		fullTGDs	1226			newNonFullTGDs	47		newFullTGDs	143
nonFullTGDs	10665		fullTGDs	1226			newNonFullTGDs	46		newFullTGDs	143
nonFullTGDs	10672		fullTGDs	1226			newNonFullTGDs	41		newFullTGDs	143
nonFullTGDs	10716		fullTGDs	1226			newNonFullTGDs	44		newFullTGDs	143
nonFullTGDs	10798		fullTGDs	1226			newNonFullTGDs	36		newFullTGDs	143
nonFullTGDs	10854		fullTGDs	1226			newNonFullTGDs	41		newFullTGDs	143
nonFullTGDs	10879		fullTGDs	1226			newNonFullTGDs	36		newFullTGDs	143
nonFullTGDs	10920		fullTGDs	1226			newNonFullTGDs	26		newFullTGDs	143
nonFullTGDs	10951		fullTGDs	1226			newNonFullTGDs	40		newFullTGDs	143
nonFullTGDs	10983		fullTGDs	1226			newNonFullTGDs	36		newFullTGDs	143
nonFullTGDs	11013		fullTGDs	1226			newNonFullTGDs	43		newFullTGDs	143
nonFullTGDs	11061		fullTGDs	1226			newNonFullTGDs	39		newFullTGDs	143
nonFullTGDs	11054		fullTGDs	1226			newNonFullTGDs	30		newFullTGDs	143
nonFullTGDs	11037		fullTGDs	1226			newNonFullTGDs	27		newFullTGDs	143
nonFullTGDs	11082		fullTGDs	1226			newNonFullTGDs	34		newFullTGDs	143
nonFullTGDs	11124		fullTGDs	1226			newNonFullTGDs	27		newFullTGDs	143
\n\n!!! TIME OUT !!!
