Starting Saturation...
Executing from DLGP files
SLF4J: Failed to load class "org.slf4j.impl.StaticLoggerBinder".
SLF4J: Defaulting to no-operation (NOP) logger implementation
SLF4J: See http://www.slf4j.org/codes.html#StaticLoggerBinder for further details.
# Rules: 11; # Atoms: 0; # AtomSets: 0; # Queries: 0; # Constraints: 1
Full TGD saturation algorithm: GSat
Running GSat...
avr. 09, 2021 8:54:56 PM uk.ac.ox.cs.gsat.GSat runGSat
INFOS: GSat discarded rules : 0/11 = 0.000%
GSat discarded rules : 0/11 = 0.000%
avr. 09, 2021 8:54:56 PM uk.ac.ox.cs.gsat.GSat runGSat
INFOS: Subsumption method : tree_atom
avr. 09, 2021 8:54:56 PM uk.ac.ox.cs.gsat.GSat runGSat
INFOS: # initial TGDs: 11 , 0
avr. 09, 2021 8:54:56 PM uk.ac.ox.cs.gsat.GSat runGSat
INFOS: GSat total time : 118 ms = 0.12 s
avr. 09, 2021 8:54:56 PM uk.ac.ox.cs.gsat.GSat runGSat
INFOS: Subsumed elements : 0
avr. 09, 2021 8:54:56 PM uk.ac.ox.cs.gsat.GSat runGSat
INFOS: Filter discarded elements : 0
avr. 09, 2021 8:54:56 PM uk.ac.ox.cs.gsat.GSat runGSat
INFOS: Derived full/non full TGDs: 0 , 0
avr. 09, 2021 8:54:56 PM uk.ac.ox.cs.gsat.GSat runGSat
INFOS: ouptput full TGDs not contained in the input: 0
avr. 09, 2021 8:54:56 PM uk.ac.ox.cs.gsat.App executeAllSteps
INFOS: Rewriting completed!
Full TGD saturation: (11 dependecies)
=========================================
http://www.cs.ox.ac.uk/isg/ontologies/UID/00166.owl#endOf(GSat_u2,GSat_u1) → http://www.ai.sri.com/daml/ontologies/sri-basic/1-0/Time.daml#Instant(GSat_u1)
http://www.cs.ox.ac.uk/isg/ontologies/UID/00166.owl#Interval(GSat_u1) → http://org.semanticweb.owlapi/error#Error4(GSat_u1)
http://www.cs.ox.ac.uk/isg/ontologies/UID/00166.owl#Interval(GSat_u1) → http://org.semanticweb.owlapi/error#Error3(GSat_u1)
http://www.cs.ox.ac.uk/isg/ontologies/UID/00166.owl#TemporalEntity(GSat_u1) → http://org.semanticweb.owlapi/error#Error1(GSat_u1)
http://www.w3.org/2002/07/owl#Nothing(GSat_u1) → ⊥
http://www.cs.ox.ac.uk/isg/ontologies/UID/00166.owl#startOf(GSat_u2,GSat_u1) → http://www.ai.sri.com/daml/ontologies/sri-basic/1-0/Time.daml#Instant(GSat_u1)
http://www.cs.ox.ac.uk/isg/ontologies/UID/00166.owl#Interval(GSat_u1) → http://www.ai.sri.com/daml/ontologies/sri-basic/1-0/Time.daml#TemporalEntity(GSat_u1)
http://www.cs.ox.ac.uk/isg/ontologies/UID/00166.owl#Interval(GSat_u1) → http://org.semanticweb.owlapi/error#Error2(GSat_u1)
http://www.cs.ox.ac.uk/isg/ontologies/UID/00166.owl#Instant(GSat_u1) → http://www.ai.sri.com/daml/ontologies/sri-basic/1-0/Time.daml#TemporalEntity(GSat_u1)
http://www.cs.ox.ac.uk/isg/ontologies/UID/00166.owl#before(GSat_u2,GSat_u1) → http://www.ai.sri.com/daml/ontologies/sri-basic/1-0/Time.daml#TemporalEntity(GSat_u1)
http://www.cs.ox.ac.uk/isg/ontologies/UID/00166.owl#inside(GSat_u2,GSat_u1) → http://www.ai.sri.com/daml/ontologies/sri-basic/1-0/Time.daml#Instant(GSat_u1)
=========================================
