Starting Saturation...
Executing from DLGP files
SLF4J: Failed to load class "org.slf4j.impl.StaticLoggerBinder".
SLF4J: Defaulting to no-operation (NOP) logger implementation
SLF4J: See http://www.slf4j.org/codes.html#StaticLoggerBinder for further details.
# Rules: 74653; # Atoms: 0; # AtomSets: 0; # Queries: 0; # Constraints: 63
Full TGD saturation algorithm: GSat
Running GSat...
avr. 09, 2021 11:50:52 PM uk.ac.ox.cs.gsat.GSat runGSat
INFOS: GSat discarded rules : 39/74652 = 0.052%
GSat discarded rules : 39/74652 = 0.052%
avr. 09, 2021 11:50:53 PM uk.ac.ox.cs.gsat.GSat runGSat
INFOS: Subsumption method : tree_atom
avr. 09, 2021 11:50:55 PM uk.ac.ox.cs.gsat.GSat runGSat
INFOS: # initial TGDs: 49469 , 24847
nonFullTGDs	0		fullTGDs	49469			newNonFullTGDs	24847		newFullTGDs	0
nonFullTGDs	6		fullTGDs	49469			newNonFullTGDs	24841		newFullTGDs	0
nonFullTGDs	18		fullTGDs	49469			newNonFullTGDs	24828		newFullTGDs	0
nonFullTGDs	23		fullTGDs	49469			newNonFullTGDs	24823		newFullTGDs	0
nonFullTGDs	27		fullTGDs	49469			newNonFullTGDs	24819		newFullTGDs	0
nonFullTGDs	32		fullTGDs	49469			newNonFullTGDs	24814		newFullTGDs	0
nonFullTGDs	46		fullTGDs	49469			newNonFullTGDs	24799		newFullTGDs	0
nonFullTGDs	53		fullTGDs	49469			newNonFullTGDs	24792		newFullTGDs	0
nonFullTGDs	61		fullTGDs	49469			newNonFullTGDs	24782		newFullTGDs	0
nonFullTGDs	69		fullTGDs	49469			newNonFullTGDs	24774		newFullTGDs	0
nonFullTGDs	75		fullTGDs	49469			newNonFullTGDs	24768		newFullTGDs	0
nonFullTGDs	81		fullTGDs	49469			newNonFullTGDs	24762		newFullTGDs	0
nonFullTGDs	89		fullTGDs	49469			newNonFullTGDs	24754		newFullTGDs	0
nonFullTGDs	95		fullTGDs	49469			newNonFullTGDs	24748		newFullTGDs	0
nonFullTGDs	101		fullTGDs	49469			newNonFullTGDs	24742		newFullTGDs	0
nonFullTGDs	107		fullTGDs	49469			newNonFullTGDs	24736		newFullTGDs	0
nonFullTGDs	115		fullTGDs	49469			newNonFullTGDs	24728		newFullTGDs	0
nonFullTGDs	121		fullTGDs	49469			newNonFullTGDs	24722		newFullTGDs	0
nonFullTGDs	125		fullTGDs	49469			newNonFullTGDs	24718		newFullTGDs	0
nonFullTGDs	129		fullTGDs	49469			newNonFullTGDs	24714		newFullTGDs	0
nonFullTGDs	135		fullTGDs	49469			newNonFullTGDs	24708		newFullTGDs	0
nonFullTGDs	138		fullTGDs	49469			newNonFullTGDs	24705		newFullTGDs	0
nonFullTGDs	143		fullTGDs	49469			newNonFullTGDs	24700		newFullTGDs	0
nonFullTGDs	149		fullTGDs	49469			newNonFullTGDs	24694		newFullTGDs	0
nonFullTGDs	152		fullTGDs	49469			newNonFullTGDs	24691		newFullTGDs	0
nonFullTGDs	155		fullTGDs	49469			newNonFullTGDs	24688		newFullTGDs	0
nonFullTGDs	159		fullTGDs	49469			newNonFullTGDs	24684		newFullTGDs	0
nonFullTGDs	161		fullTGDs	49469			newNonFullTGDs	24682		newFullTGDs	0
nonFullTGDs	166		fullTGDs	49469			newNonFullTGDs	24677		newFullTGDs	0
nonFullTGDs	168		fullTGDs	49469			newNonFullTGDs	24675		newFullTGDs	0
nonFullTGDs	172		fullTGDs	49469			newNonFullTGDs	24671		newFullTGDs	0
nonFullTGDs	178		fullTGDs	49469			newNonFullTGDs	24665		newFullTGDs	0
nonFullTGDs	181		fullTGDs	49469			newNonFullTGDs	24662		newFullTGDs	0
nonFullTGDs	185		fullTGDs	49469			newNonFullTGDs	24658		newFullTGDs	0
nonFullTGDs	188		fullTGDs	49469			newNonFullTGDs	24655		newFullTGDs	0
nonFullTGDs	191		fullTGDs	49469			newNonFullTGDs	24652		newFullTGDs	0
nonFullTGDs	194		fullTGDs	49469			newNonFullTGDs	24649		newFullTGDs	0
nonFullTGDs	201		fullTGDs	49469			newNonFullTGDs	24642		newFullTGDs	0
nonFullTGDs	205		fullTGDs	49469			newNonFullTGDs	24638		newFullTGDs	0
nonFullTGDs	210		fullTGDs	49469			newNonFullTGDs	24633		newFullTGDs	0
nonFullTGDs	216		fullTGDs	49469			newNonFullTGDs	24627		newFullTGDs	0
nonFullTGDs	219		fullTGDs	49469			newNonFullTGDs	24623		newFullTGDs	0
nonFullTGDs	226		fullTGDs	49469			newNonFullTGDs	24615		newFullTGDs	0
nonFullTGDs	229		fullTGDs	49469			newNonFullTGDs	24612		newFullTGDs	0
nonFullTGDs	233		fullTGDs	49469			newNonFullTGDs	24608		newFullTGDs	0
nonFullTGDs	237		fullTGDs	49469			newNonFullTGDs	24604		newFullTGDs	0
nonFullTGDs	241		fullTGDs	49469			newNonFullTGDs	24600		newFullTGDs	0
nonFullTGDs	244		fullTGDs	49469			newNonFullTGDs	24597		newFullTGDs	0
nonFullTGDs	248		fullTGDs	49469			newNonFullTGDs	24593		newFullTGDs	0
nonFullTGDs	253		fullTGDs	49469			newNonFullTGDs	24588		newFullTGDs	0
nonFullTGDs	257		fullTGDs	49469			newNonFullTGDs	24584		newFullTGDs	0
nonFullTGDs	263		fullTGDs	49469			newNonFullTGDs	24578		newFullTGDs	0
nonFullTGDs	267		fullTGDs	49469			newNonFullTGDs	24574		newFullTGDs	0
nonFullTGDs	271		fullTGDs	49469			newNonFullTGDs	24570		newFullTGDs	0
nonFullTGDs	276		fullTGDs	49469			newNonFullTGDs	24565		newFullTGDs	0
nonFullTGDs	279		fullTGDs	49469			newNonFullTGDs	24562		newFullTGDs	0
nonFullTGDs	285		fullTGDs	49469			newNonFullTGDs	24556		newFullTGDs	0
nonFullTGDs	290		fullTGDs	49469			newNonFullTGDs	24551		newFullTGDs	0
nonFullTGDs	299		fullTGDs	49469			newNonFullTGDs	24542		newFullTGDs	0
nonFullTGDs	301		fullTGDs	49469			newNonFullTGDs	24540		newFullTGDs	0
nonFullTGDs	306		fullTGDs	49469			newNonFullTGDs	24535		newFullTGDs	0
nonFullTGDs	311		fullTGDs	49469			newNonFullTGDs	24530		newFullTGDs	0
nonFullTGDs	318		fullTGDs	49469			newNonFullTGDs	24523		newFullTGDs	0
nonFullTGDs	323		fullTGDs	49469			newNonFullTGDs	24518		newFullTGDs	0
nonFullTGDs	328		fullTGDs	49469			newNonFullTGDs	24513		newFullTGDs	0
nonFullTGDs	330		fullTGDs	49469			newNonFullTGDs	24510		newFullTGDs	0
nonFullTGDs	335		fullTGDs	49469			newNonFullTGDs	24505		newFullTGDs	0
nonFullTGDs	338		fullTGDs	49469			newNonFullTGDs	24502		newFullTGDs	0
nonFullTGDs	341		fullTGDs	49469			newNonFullTGDs	24499		newFullTGDs	0
nonFullTGDs	345		fullTGDs	49469			newNonFullTGDs	24495		newFullTGDs	0
nonFullTGDs	348		fullTGDs	49469			newNonFullTGDs	24492		newFullTGDs	0
nonFullTGDs	354		fullTGDs	49469			newNonFullTGDs	24486		newFullTGDs	0
nonFullTGDs	361		fullTGDs	49469			newNonFullTGDs	24479		newFullTGDs	0
nonFullTGDs	368		fullTGDs	49469			newNonFullTGDs	24472		newFullTGDs	0
nonFullTGDs	371		fullTGDs	49469			newNonFullTGDs	24469		newFullTGDs	0
nonFullTGDs	375		fullTGDs	49469			newNonFullTGDs	24465		newFullTGDs	0
nonFullTGDs	378		fullTGDs	49469			newNonFullTGDs	24462		newFullTGDs	0
nonFullTGDs	380		fullTGDs	49469			newNonFullTGDs	24460		newFullTGDs	0
nonFullTGDs	388		fullTGDs	49469			newNonFullTGDs	24452		newFullTGDs	0
nonFullTGDs	391		fullTGDs	49469			newNonFullTGDs	24448		newFullTGDs	0
nonFullTGDs	395		fullTGDs	49469			newNonFullTGDs	24444		newFullTGDs	0
nonFullTGDs	398		fullTGDs	49469			newNonFullTGDs	24441		newFullTGDs	0
nonFullTGDs	402		fullTGDs	49469			newNonFullTGDs	24437		newFullTGDs	0
nonFullTGDs	405		fullTGDs	49469			newNonFullTGDs	24434		newFullTGDs	0
nonFullTGDs	409		fullTGDs	49469			newNonFullTGDs	24430		newFullTGDs	0
nonFullTGDs	416		fullTGDs	49469			newNonFullTGDs	24423		newFullTGDs	0
nonFullTGDs	418		fullTGDs	49469			newNonFullTGDs	24421		newFullTGDs	0
nonFullTGDs	422		fullTGDs	49469			newNonFullTGDs	24417		newFullTGDs	0
nonFullTGDs	427		fullTGDs	49469			newNonFullTGDs	24412		newFullTGDs	0
nonFullTGDs	431		fullTGDs	49469			newNonFullTGDs	24408		newFullTGDs	0
nonFullTGDs	436		fullTGDs	49469			newNonFullTGDs	24403		newFullTGDs	0
nonFullTGDs	440		fullTGDs	49469			newNonFullTGDs	24399		newFullTGDs	0
nonFullTGDs	443		fullTGDs	49469			newNonFullTGDs	24396		newFullTGDs	0
nonFullTGDs	446		fullTGDs	49469			newNonFullTGDs	24393		newFullTGDs	0
nonFullTGDs	451		fullTGDs	49469			newNonFullTGDs	24388		newFullTGDs	0
nonFullTGDs	461		fullTGDs	49469			newNonFullTGDs	24378		newFullTGDs	0
nonFullTGDs	466		fullTGDs	49469			newNonFullTGDs	24373		newFullTGDs	0
nonFullTGDs	471		fullTGDs	49469			newNonFullTGDs	24368		newFullTGDs	0
nonFullTGDs	474		fullTGDs	49469			newNonFullTGDs	24365		newFullTGDs	0
nonFullTGDs	482		fullTGDs	49469			newNonFullTGDs	24357		newFullTGDs	0
nonFullTGDs	488		fullTGDs	49469			newNonFullTGDs	24351		newFullTGDs	0
nonFullTGDs	492		fullTGDs	49469			newNonFullTGDs	24347		newFullTGDs	0
nonFullTGDs	494		fullTGDs	49469			newNonFullTGDs	24345		newFullTGDs	0
nonFullTGDs	500		fullTGDs	49469			newNonFullTGDs	24339		newFullTGDs	0
nonFullTGDs	506		fullTGDs	49469			newNonFullTGDs	24333		newFullTGDs	0
nonFullTGDs	516		fullTGDs	49469			newNonFullTGDs	24323		newFullTGDs	0
nonFullTGDs	520		fullTGDs	49469			newNonFullTGDs	24319		newFullTGDs	0
nonFullTGDs	524		fullTGDs	49469			newNonFullTGDs	24315		newFullTGDs	0
nonFullTGDs	533		fullTGDs	49469			newNonFullTGDs	24306		newFullTGDs	0
nonFullTGDs	539		fullTGDs	49469			newNonFullTGDs	24300		newFullTGDs	0
nonFullTGDs	545		fullTGDs	49469			newNonFullTGDs	24294		newFullTGDs	0
nonFullTGDs	550		fullTGDs	49469			newNonFullTGDs	24289		newFullTGDs	0
nonFullTGDs	554		fullTGDs	49469			newNonFullTGDs	24285		newFullTGDs	0
nonFullTGDs	558		fullTGDs	49469			newNonFullTGDs	24281		newFullTGDs	0
nonFullTGDs	563		fullTGDs	49469			newNonFullTGDs	24276		newFullTGDs	0
nonFullTGDs	568		fullTGDs	49469			newNonFullTGDs	24271		newFullTGDs	0
nonFullTGDs	573		fullTGDs	49469			newNonFullTGDs	24266		newFullTGDs	0
nonFullTGDs	578		fullTGDs	49469			newNonFullTGDs	24261		newFullTGDs	0
nonFullTGDs	584		fullTGDs	49469			newNonFullTGDs	24255		newFullTGDs	0
nonFullTGDs	590		fullTGDs	49469			newNonFullTGDs	24249		newFullTGDs	0
nonFullTGDs	594		fullTGDs	49469			newNonFullTGDs	24245		newFullTGDs	0
nonFullTGDs	600		fullTGDs	49469			newNonFullTGDs	24239		newFullTGDs	0
nonFullTGDs	611		fullTGDs	49469			newNonFullTGDs	24228		newFullTGDs	0
nonFullTGDs	619		fullTGDs	49469			newNonFullTGDs	24220		newFullTGDs	0
nonFullTGDs	622		fullTGDs	49469			newNonFullTGDs	24217		newFullTGDs	0
nonFullTGDs	624		fullTGDs	49469			newNonFullTGDs	24215		newFullTGDs	0
nonFullTGDs	626		fullTGDs	49469			newNonFullTGDs	24213		newFullTGDs	0
nonFullTGDs	631		fullTGDs	49469			newNonFullTGDs	24208		newFullTGDs	0
nonFullTGDs	633		fullTGDs	49469			newNonFullTGDs	24206		newFullTGDs	0
nonFullTGDs	637		fullTGDs	49469			newNonFullTGDs	24202		newFullTGDs	0
nonFullTGDs	641		fullTGDs	49469			newNonFullTGDs	24198		newFullTGDs	0
nonFullTGDs	645		fullTGDs	49469			newNonFullTGDs	24194		newFullTGDs	0
nonFullTGDs	650		fullTGDs	49469			newNonFullTGDs	24189		newFullTGDs	0
nonFullTGDs	652		fullTGDs	49469			newNonFullTGDs	24187		newFullTGDs	0
nonFullTGDs	654		fullTGDs	49469			newNonFullTGDs	24185		newFullTGDs	0
nonFullTGDs	656		fullTGDs	49469			newNonFullTGDs	24183		newFullTGDs	0
nonFullTGDs	658		fullTGDs	49469			newNonFullTGDs	24181		newFullTGDs	0
nonFullTGDs	660		fullTGDs	49469			newNonFullTGDs	24179		newFullTGDs	0
nonFullTGDs	663		fullTGDs	49469			newNonFullTGDs	24176		newFullTGDs	0
nonFullTGDs	666		fullTGDs	49469			newNonFullTGDs	24173		newFullTGDs	0
nonFullTGDs	668		fullTGDs	49469			newNonFullTGDs	24171		newFullTGDs	0
nonFullTGDs	670		fullTGDs	49469			newNonFullTGDs	24169		newFullTGDs	0
nonFullTGDs	672		fullTGDs	49469			newNonFullTGDs	24167		newFullTGDs	0
nonFullTGDs	674		fullTGDs	49469			newNonFullTGDs	24165		newFullTGDs	0
nonFullTGDs	678		fullTGDs	49469			newNonFullTGDs	24161		newFullTGDs	0
nonFullTGDs	680		fullTGDs	49469			newNonFullTGDs	24159		newFullTGDs	0
nonFullTGDs	684		fullTGDs	49469			newNonFullTGDs	24155		newFullTGDs	0
nonFullTGDs	687		fullTGDs	49469			newNonFullTGDs	24152		newFullTGDs	0
nonFullTGDs	690		fullTGDs	49469			newNonFullTGDs	24149		newFullTGDs	0
nonFullTGDs	694		fullTGDs	49469			newNonFullTGDs	24145		newFullTGDs	0
nonFullTGDs	696		fullTGDs	49469			newNonFullTGDs	24143		newFullTGDs	0
nonFullTGDs	700		fullTGDs	49469			newNonFullTGDs	24139		newFullTGDs	0
nonFullTGDs	702		fullTGDs	49469			newNonFullTGDs	24137		newFullTGDs	0
nonFullTGDs	704		fullTGDs	49469			newNonFullTGDs	24135		newFullTGDs	0
nonFullTGDs	708		fullTGDs	49469			newNonFullTGDs	24131		newFullTGDs	0
nonFullTGDs	710		fullTGDs	49469			newNonFullTGDs	24129		newFullTGDs	0
nonFullTGDs	715		fullTGDs	49469			newNonFullTGDs	24124		newFullTGDs	0
nonFullTGDs	719		fullTGDs	49469			newNonFullTGDs	24120		newFullTGDs	0
nonFullTGDs	721		fullTGDs	49469			newNonFullTGDs	24118		newFullTGDs	0
nonFullTGDs	725		fullTGDs	49469			newNonFullTGDs	24114		newFullTGDs	0
nonFullTGDs	728		fullTGDs	49469			newNonFullTGDs	24111		newFullTGDs	0
nonFullTGDs	732		fullTGDs	49469			newNonFullTGDs	24107		newFullTGDs	0
nonFullTGDs	736		fullTGDs	49469			newNonFullTGDs	24103		newFullTGDs	0
nonFullTGDs	739		fullTGDs	49469			newNonFullTGDs	24100		newFullTGDs	0
nonFullTGDs	743		fullTGDs	49469			newNonFullTGDs	24096		newFullTGDs	0
nonFullTGDs	745		fullTGDs	49469			newNonFullTGDs	24094		newFullTGDs	0
nonFullTGDs	749		fullTGDs	49469			newNonFullTGDs	24090		newFullTGDs	0
nonFullTGDs	754		fullTGDs	49469			newNonFullTGDs	24085		newFullTGDs	0
nonFullTGDs	758		fullTGDs	49469			newNonFullTGDs	24081		newFullTGDs	0
nonFullTGDs	760		fullTGDs	49469			newNonFullTGDs	24079		newFullTGDs	0
nonFullTGDs	765		fullTGDs	49469			newNonFullTGDs	24074		newFullTGDs	0
nonFullTGDs	767		fullTGDs	49469			newNonFullTGDs	24072		newFullTGDs	0
nonFullTGDs	769		fullTGDs	49469			newNonFullTGDs	24070		newFullTGDs	0
nonFullTGDs	773		fullTGDs	49469			newNonFullTGDs	24066		newFullTGDs	0
nonFullTGDs	778		fullTGDs	49469			newNonFullTGDs	24061		newFullTGDs	0
nonFullTGDs	781		fullTGDs	49469			newNonFullTGDs	24058		newFullTGDs	0
nonFullTGDs	784		fullTGDs	49469			newNonFullTGDs	24055		newFullTGDs	0
nonFullTGDs	787		fullTGDs	49469			newNonFullTGDs	24052		newFullTGDs	0
nonFullTGDs	790		fullTGDs	49469			newNonFullTGDs	24049		newFullTGDs	0
nonFullTGDs	792		fullTGDs	49469			newNonFullTGDs	24047		newFullTGDs	0
nonFullTGDs	796		fullTGDs	49469			newNonFullTGDs	24043		newFullTGDs	0
nonFullTGDs	798		fullTGDs	49469			newNonFullTGDs	24041		newFullTGDs	0
nonFullTGDs	800		fullTGDs	49469			newNonFullTGDs	24039		newFullTGDs	0
nonFullTGDs	804		fullTGDs	49469			newNonFullTGDs	24035		newFullTGDs	0
nonFullTGDs	807		fullTGDs	49469			newNonFullTGDs	24032		newFullTGDs	0
nonFullTGDs	809		fullTGDs	49469			newNonFullTGDs	24030		newFullTGDs	0
nonFullTGDs	811		fullTGDs	49469			newNonFullTGDs	24028		newFullTGDs	0
nonFullTGDs	814		fullTGDs	49469			newNonFullTGDs	24025		newFullTGDs	0
nonFullTGDs	817		fullTGDs	49469			newNonFullTGDs	24022		newFullTGDs	0
nonFullTGDs	819		fullTGDs	49469			newNonFullTGDs	24020		newFullTGDs	0
nonFullTGDs	821		fullTGDs	49469			newNonFullTGDs	24018		newFullTGDs	0
nonFullTGDs	824		fullTGDs	49469			newNonFullTGDs	24015		newFullTGDs	0
nonFullTGDs	827		fullTGDs	49469			newNonFullTGDs	24012		newFullTGDs	0
nonFullTGDs	831		fullTGDs	49469			newNonFullTGDs	24008		newFullTGDs	0
nonFullTGDs	833		fullTGDs	49469			newNonFullTGDs	24006		newFullTGDs	0
nonFullTGDs	836		fullTGDs	49469			newNonFullTGDs	24003		newFullTGDs	0
nonFullTGDs	840		fullTGDs	49469			newNonFullTGDs	23999		newFullTGDs	0
nonFullTGDs	843		fullTGDs	49469			newNonFullTGDs	23996		newFullTGDs	0
nonFullTGDs	847		fullTGDs	49469			newNonFullTGDs	23992		newFullTGDs	0
nonFullTGDs	849		fullTGDs	49469			newNonFullTGDs	23990		newFullTGDs	0
nonFullTGDs	851		fullTGDs	49469			newNonFullTGDs	23988		newFullTGDs	0
nonFullTGDs	853		fullTGDs	49469			newNonFullTGDs	23986		newFullTGDs	0
nonFullTGDs	855		fullTGDs	49469			newNonFullTGDs	23984		newFullTGDs	0
nonFullTGDs	859		fullTGDs	49469			newNonFullTGDs	23980		newFullTGDs	0
nonFullTGDs	863		fullTGDs	49469			newNonFullTGDs	23976		newFullTGDs	0
nonFullTGDs	867		fullTGDs	49469			newNonFullTGDs	23972		newFullTGDs	0
nonFullTGDs	870		fullTGDs	49469			newNonFullTGDs	23969		newFullTGDs	0
nonFullTGDs	874		fullTGDs	49469			newNonFullTGDs	23965		newFullTGDs	0
nonFullTGDs	878		fullTGDs	49469			newNonFullTGDs	23961		newFullTGDs	0
nonFullTGDs	881		fullTGDs	49469			newNonFullTGDs	23958		newFullTGDs	0
nonFullTGDs	885		fullTGDs	49469			newNonFullTGDs	23954		newFullTGDs	0
nonFullTGDs	889		fullTGDs	49469			newNonFullTGDs	23950		newFullTGDs	0
nonFullTGDs	894		fullTGDs	49469			newNonFullTGDs	23945		newFullTGDs	0
nonFullTGDs	897		fullTGDs	49469			newNonFullTGDs	23942		newFullTGDs	0
nonFullTGDs	902		fullTGDs	49469			newNonFullTGDs	23937		newFullTGDs	0
nonFullTGDs	906		fullTGDs	49469			newNonFullTGDs	23933		newFullTGDs	0
nonFullTGDs	909		fullTGDs	49469			newNonFullTGDs	23930		newFullTGDs	0
nonFullTGDs	913		fullTGDs	49469			newNonFullTGDs	23926		newFullTGDs	0
nonFullTGDs	917		fullTGDs	49469			newNonFullTGDs	23922		newFullTGDs	0
nonFullTGDs	921		fullTGDs	49469			newNonFullTGDs	23918		newFullTGDs	0
nonFullTGDs	925		fullTGDs	49469			newNonFullTGDs	23914		newFullTGDs	0
nonFullTGDs	928		fullTGDs	49469			newNonFullTGDs	23911		newFullTGDs	0
nonFullTGDs	932		fullTGDs	49469			newNonFullTGDs	23907		newFullTGDs	0
nonFullTGDs	935		fullTGDs	49469			newNonFullTGDs	23904		newFullTGDs	0
nonFullTGDs	939		fullTGDs	49469			newNonFullTGDs	23900		newFullTGDs	0
nonFullTGDs	942		fullTGDs	49469			newNonFullTGDs	23897		newFullTGDs	0
nonFullTGDs	947		fullTGDs	49469			newNonFullTGDs	23892		newFullTGDs	0
nonFullTGDs	952		fullTGDs	49469			newNonFullTGDs	23887		newFullTGDs	0
nonFullTGDs	959		fullTGDs	49469			newNonFullTGDs	23880		newFullTGDs	0
nonFullTGDs	963		fullTGDs	49469			newNonFullTGDs	23876		newFullTGDs	0
nonFullTGDs	968		fullTGDs	49469			newNonFullTGDs	23871		newFullTGDs	0
nonFullTGDs	972		fullTGDs	49469			newNonFullTGDs	23867		newFullTGDs	0
nonFullTGDs	975		fullTGDs	49469			newNonFullTGDs	23864		newFullTGDs	0
nonFullTGDs	980		fullTGDs	49469			newNonFullTGDs	23859		newFullTGDs	0
nonFullTGDs	983		fullTGDs	49469			newNonFullTGDs	23856		newFullTGDs	0
nonFullTGDs	987		fullTGDs	49469			newNonFullTGDs	23852		newFullTGDs	0
nonFullTGDs	990		fullTGDs	49469			newNonFullTGDs	23849		newFullTGDs	0
nonFullTGDs	994		fullTGDs	49469			newNonFullTGDs	23845		newFullTGDs	0
nonFullTGDs	997		fullTGDs	49469			newNonFullTGDs	23842		newFullTGDs	0
nonFullTGDs	1001		fullTGDs	49469			newNonFullTGDs	23838		newFullTGDs	0
nonFullTGDs	1004		fullTGDs	49469			newNonFullTGDs	23835		newFullTGDs	0
nonFullTGDs	1007		fullTGDs	49469			newNonFullTGDs	23832		newFullTGDs	0
nonFullTGDs	1010		fullTGDs	49469			newNonFullTGDs	23829		newFullTGDs	0
nonFullTGDs	1013		fullTGDs	49469			newNonFullTGDs	23826		newFullTGDs	0
nonFullTGDs	1017		fullTGDs	49469			newNonFullTGDs	23822		newFullTGDs	0
nonFullTGDs	1020		fullTGDs	49469			newNonFullTGDs	23819		newFullTGDs	0
nonFullTGDs	1024		fullTGDs	49469			newNonFullTGDs	23815		newFullTGDs	0
nonFullTGDs	1027		fullTGDs	49469			newNonFullTGDs	23812		newFullTGDs	0
nonFullTGDs	1033		fullTGDs	49469			newNonFullTGDs	23806		newFullTGDs	0
nonFullTGDs	1037		fullTGDs	49469			newNonFullTGDs	23802		newFullTGDs	0
nonFullTGDs	1040		fullTGDs	49469			newNonFullTGDs	23799		newFullTGDs	0
nonFullTGDs	1043		fullTGDs	49469			newNonFullTGDs	23796		newFullTGDs	0
nonFullTGDs	1048		fullTGDs	49469			newNonFullTGDs	23791		newFullTGDs	0
nonFullTGDs	1051		fullTGDs	49469			newNonFullTGDs	23788		newFullTGDs	0
nonFullTGDs	1054		fullTGDs	49469			newNonFullTGDs	23785		newFullTGDs	0
nonFullTGDs	1058		fullTGDs	49469			newNonFullTGDs	23781		newFullTGDs	0
nonFullTGDs	1063		fullTGDs	49469			newNonFullTGDs	23776		newFullTGDs	0
nonFullTGDs	1068		fullTGDs	49469			newNonFullTGDs	23771		newFullTGDs	0
nonFullTGDs	1072		fullTGDs	49469			newNonFullTGDs	23767		newFullTGDs	0
nonFullTGDs	1077		fullTGDs	49469			newNonFullTGDs	23762		newFullTGDs	0
nonFullTGDs	1081		fullTGDs	49469			newNonFullTGDs	23758		newFullTGDs	0
nonFullTGDs	1087		fullTGDs	49469			newNonFullTGDs	23752		newFullTGDs	0
nonFullTGDs	1092		fullTGDs	49469			newNonFullTGDs	23747		newFullTGDs	0
nonFullTGDs	1099		fullTGDs	49469			newNonFullTGDs	23740		newFullTGDs	0
nonFullTGDs	1105		fullTGDs	49469			newNonFullTGDs	23734		newFullTGDs	0
nonFullTGDs	1109		fullTGDs	49469			newNonFullTGDs	23730		newFullTGDs	0
nonFullTGDs	1113		fullTGDs	49469			newNonFullTGDs	23726		newFullTGDs	0
nonFullTGDs	1120		fullTGDs	49469			newNonFullTGDs	23719		newFullTGDs	0
nonFullTGDs	1125		fullTGDs	49469			newNonFullTGDs	23714		newFullTGDs	0
nonFullTGDs	1130		fullTGDs	49469			newNonFullTGDs	23709		newFullTGDs	0
nonFullTGDs	1134		fullTGDs	49469			newNonFullTGDs	23705		newFullTGDs	0
nonFullTGDs	1138		fullTGDs	49469			newNonFullTGDs	23701		newFullTGDs	0
nonFullTGDs	1147		fullTGDs	49469			newNonFullTGDs	23692		newFullTGDs	0
nonFullTGDs	1152		fullTGDs	49469			newNonFullTGDs	23687		newFullTGDs	0
nonFullTGDs	1157		fullTGDs	49469			newNonFullTGDs	23682		newFullTGDs	0
nonFullTGDs	1161		fullTGDs	49469			newNonFullTGDs	23678		newFullTGDs	0
nonFullTGDs	1165		fullTGDs	49469			newNonFullTGDs	23674		newFullTGDs	0
nonFullTGDs	1169		fullTGDs	49469			newNonFullTGDs	23670		newFullTGDs	0
nonFullTGDs	1174		fullTGDs	49469			newNonFullTGDs	23665		newFullTGDs	0
nonFullTGDs	1180		fullTGDs	49469			newNonFullTGDs	23659		newFullTGDs	0
nonFullTGDs	1183		fullTGDs	49469			newNonFullTGDs	23656		newFullTGDs	0
nonFullTGDs	1187		fullTGDs	49469			newNonFullTGDs	23652		newFullTGDs	0
nonFullTGDs	1192		fullTGDs	49469			newNonFullTGDs	23647		newFullTGDs	0
nonFullTGDs	1197		fullTGDs	49469			newNonFullTGDs	23642		newFullTGDs	0
nonFullTGDs	1201		fullTGDs	49469			newNonFullTGDs	23638		newFullTGDs	0
nonFullTGDs	1205		fullTGDs	49469			newNonFullTGDs	23634		newFullTGDs	0
nonFullTGDs	1208		fullTGDs	49469			newNonFullTGDs	23631		newFullTGDs	0
nonFullTGDs	1212		fullTGDs	49469			newNonFullTGDs	23627		newFullTGDs	0
nonFullTGDs	1216		fullTGDs	49469			newNonFullTGDs	23623		newFullTGDs	0
nonFullTGDs	1221		fullTGDs	49469			newNonFullTGDs	23618		newFullTGDs	0
nonFullTGDs	1225		fullTGDs	49469			newNonFullTGDs	23614		newFullTGDs	0
nonFullTGDs	1230		fullTGDs	49469			newNonFullTGDs	23609		newFullTGDs	0
nonFullTGDs	1233		fullTGDs	49469			newNonFullTGDs	23606		newFullTGDs	0
nonFullTGDs	1236		fullTGDs	49469			newNonFullTGDs	23603		newFullTGDs	0
nonFullTGDs	1241		fullTGDs	49469			newNonFullTGDs	23598		newFullTGDs	0
nonFullTGDs	1246		fullTGDs	49469			newNonFullTGDs	23593		newFullTGDs	0
nonFullTGDs	1251		fullTGDs	49469			newNonFullTGDs	23588		newFullTGDs	0
nonFullTGDs	1255		fullTGDs	49469			newNonFullTGDs	23584		newFullTGDs	0
nonFullTGDs	1259		fullTGDs	49469			newNonFullTGDs	23579		newFullTGDs	0
nonFullTGDs	1262		fullTGDs	49469			newNonFullTGDs	23576		newFullTGDs	0
nonFullTGDs	1266		fullTGDs	49469			newNonFullTGDs	23572		newFullTGDs	0
nonFullTGDs	1273		fullTGDs	49469			newNonFullTGDs	23565		newFullTGDs	0
nonFullTGDs	1278		fullTGDs	49469			newNonFullTGDs	23560		newFullTGDs	0
nonFullTGDs	1282		fullTGDs	49469			newNonFullTGDs	23556		newFullTGDs	0
nonFullTGDs	1286		fullTGDs	49469			newNonFullTGDs	23552		newFullTGDs	0
nonFullTGDs	1289		fullTGDs	49469			newNonFullTGDs	23549		newFullTGDs	0
nonFullTGDs	1292		fullTGDs	49469			newNonFullTGDs	23546		newFullTGDs	0
nonFullTGDs	1297		fullTGDs	49469			newNonFullTGDs	23541		newFullTGDs	0
nonFullTGDs	1301		fullTGDs	49469			newNonFullTGDs	23537		newFullTGDs	0
nonFullTGDs	1306		fullTGDs	49469			newNonFullTGDs	23532		newFullTGDs	0
nonFullTGDs	1310		fullTGDs	49469			newNonFullTGDs	23528		newFullTGDs	0
nonFullTGDs	1312		fullTGDs	49469			newNonFullTGDs	23526		newFullTGDs	0
nonFullTGDs	1314		fullTGDs	49469			newNonFullTGDs	23524		newFullTGDs	0
nonFullTGDs	1318		fullTGDs	49469			newNonFullTGDs	23520		newFullTGDs	0
nonFullTGDs	1321		fullTGDs	49469			newNonFullTGDs	23517		newFullTGDs	0
nonFullTGDs	1328		fullTGDs	49469			newNonFullTGDs	23510		newFullTGDs	0
nonFullTGDs	1332		fullTGDs	49469			newNonFullTGDs	23506		newFullTGDs	0
nonFullTGDs	1336		fullTGDs	49469			newNonFullTGDs	23502		newFullTGDs	0
nonFullTGDs	1340		fullTGDs	49469			newNonFullTGDs	23498		newFullTGDs	0
nonFullTGDs	1345		fullTGDs	49469			newNonFullTGDs	23493		newFullTGDs	0
nonFullTGDs	1352		fullTGDs	49469			newNonFullTGDs	23486		newFullTGDs	0
nonFullTGDs	1356		fullTGDs	49469			newNonFullTGDs	23482		newFullTGDs	0
nonFullTGDs	1361		fullTGDs	49469			newNonFullTGDs	23477		newFullTGDs	0
nonFullTGDs	1366		fullTGDs	49469			newNonFullTGDs	23472		newFullTGDs	0
nonFullTGDs	1369		fullTGDs	49469			newNonFullTGDs	23469		newFullTGDs	0
nonFullTGDs	1373		fullTGDs	49469			newNonFullTGDs	23465		newFullTGDs	0
nonFullTGDs	1377		fullTGDs	49469			newNonFullTGDs	23461		newFullTGDs	0
nonFullTGDs	1382		fullTGDs	49469			newNonFullTGDs	23456		newFullTGDs	0
nonFullTGDs	1384		fullTGDs	49469			newNonFullTGDs	23454		newFullTGDs	0
nonFullTGDs	1388		fullTGDs	49469			newNonFullTGDs	23450		newFullTGDs	0
nonFullTGDs	1392		fullTGDs	49469			newNonFullTGDs	23446		newFullTGDs	0
nonFullTGDs	1396		fullTGDs	49469			newNonFullTGDs	23442		newFullTGDs	0
nonFullTGDs	1400		fullTGDs	49469			newNonFullTGDs	23438		newFullTGDs	0
nonFullTGDs	1403		fullTGDs	49469			newNonFullTGDs	23435		newFullTGDs	0
nonFullTGDs	1409		fullTGDs	49469			newNonFullTGDs	23429		newFullTGDs	0
nonFullTGDs	1416		fullTGDs	49469			newNonFullTGDs	23422		newFullTGDs	0
nonFullTGDs	1420		fullTGDs	49469			newNonFullTGDs	23418		newFullTGDs	0
nonFullTGDs	1425		fullTGDs	49469			newNonFullTGDs	23413		newFullTGDs	0
nonFullTGDs	1431		fullTGDs	49469			newNonFullTGDs	23407		newFullTGDs	0
nonFullTGDs	1436		fullTGDs	49469			newNonFullTGDs	23402		newFullTGDs	0
nonFullTGDs	1440		fullTGDs	49469			newNonFullTGDs	23398		newFullTGDs	0
nonFullTGDs	1444		fullTGDs	49469			newNonFullTGDs	23394		newFullTGDs	0
nonFullTGDs	1449		fullTGDs	49469			newNonFullTGDs	23389		newFullTGDs	0
nonFullTGDs	1453		fullTGDs	49469			newNonFullTGDs	23385		newFullTGDs	0
nonFullTGDs	1457		fullTGDs	49469			newNonFullTGDs	23381		newFullTGDs	0
nonFullTGDs	1461		fullTGDs	49469			newNonFullTGDs	23377		newFullTGDs	0
nonFullTGDs	1465		fullTGDs	49469			newNonFullTGDs	23373		newFullTGDs	0
nonFullTGDs	1469		fullTGDs	49469			newNonFullTGDs	23368		newFullTGDs	0
nonFullTGDs	1474		fullTGDs	49469			newNonFullTGDs	23363		newFullTGDs	0
nonFullTGDs	1478		fullTGDs	49469			newNonFullTGDs	23359		newFullTGDs	0
nonFullTGDs	1482		fullTGDs	49469			newNonFullTGDs	23355		newFullTGDs	0
nonFullTGDs	1487		fullTGDs	49469			newNonFullTGDs	23350		newFullTGDs	0
nonFullTGDs	1490		fullTGDs	49469			newNonFullTGDs	23347		newFullTGDs	0
nonFullTGDs	1495		fullTGDs	49469			newNonFullTGDs	23342		newFullTGDs	0
nonFullTGDs	1501		fullTGDs	49469			newNonFullTGDs	23336		newFullTGDs	0
nonFullTGDs	1504		fullTGDs	49469			newNonFullTGDs	23333		newFullTGDs	0
nonFullTGDs	1508		fullTGDs	49469			newNonFullTGDs	23329		newFullTGDs	0
nonFullTGDs	1511		fullTGDs	49469			newNonFullTGDs	23326		newFullTGDs	0
nonFullTGDs	1517		fullTGDs	49469			newNonFullTGDs	23320		newFullTGDs	0
nonFullTGDs	1521		fullTGDs	49469			newNonFullTGDs	23316		newFullTGDs	0
nonFullTGDs	1526		fullTGDs	49469			newNonFullTGDs	23311		newFullTGDs	0
nonFullTGDs	1530		fullTGDs	49469			newNonFullTGDs	23307		newFullTGDs	0
nonFullTGDs	1534		fullTGDs	49469			newNonFullTGDs	23303		newFullTGDs	0
nonFullTGDs	1537		fullTGDs	49469			newNonFullTGDs	23300		newFullTGDs	0
nonFullTGDs	1541		fullTGDs	49469			newNonFullTGDs	23296		newFullTGDs	0
nonFullTGDs	1545		fullTGDs	49469			newNonFullTGDs	23292		newFullTGDs	0
nonFullTGDs	1548		fullTGDs	49469			newNonFullTGDs	23289		newFullTGDs	0
nonFullTGDs	1551		fullTGDs	49469			newNonFullTGDs	23286		newFullTGDs	0
nonFullTGDs	1556		fullTGDs	49469			newNonFullTGDs	23281		newFullTGDs	0
nonFullTGDs	1559		fullTGDs	49469			newNonFullTGDs	23278		newFullTGDs	0
nonFullTGDs	1562		fullTGDs	49469			newNonFullTGDs	23275		newFullTGDs	0
nonFullTGDs	1564		fullTGDs	49469			newNonFullTGDs	23273		newFullTGDs	0
nonFullTGDs	1569		fullTGDs	49469			newNonFullTGDs	23268		newFullTGDs	0
nonFullTGDs	1573		fullTGDs	49469			newNonFullTGDs	23264		newFullTGDs	0
nonFullTGDs	1575		fullTGDs	49469			newNonFullTGDs	23262		newFullTGDs	0
nonFullTGDs	1577		fullTGDs	49469			newNonFullTGDs	23260		newFullTGDs	0
nonFullTGDs	1582		fullTGDs	49469			newNonFullTGDs	23255		newFullTGDs	0
nonFullTGDs	1587		fullTGDs	49469			newNonFullTGDs	23250		newFullTGDs	0
nonFullTGDs	1590		fullTGDs	49469			newNonFullTGDs	23247		newFullTGDs	0
nonFullTGDs	1595		fullTGDs	49469			newNonFullTGDs	23242		newFullTGDs	0
nonFullTGDs	1600		fullTGDs	49469			newNonFullTGDs	23237		newFullTGDs	0
nonFullTGDs	1604		fullTGDs	49469			newNonFullTGDs	23233		newFullTGDs	0
nonFullTGDs	1609		fullTGDs	49469			newNonFullTGDs	23228		newFullTGDs	0
nonFullTGDs	1614		fullTGDs	49469			newNonFullTGDs	23223		newFullTGDs	0
nonFullTGDs	1619		fullTGDs	49469			newNonFullTGDs	23218		newFullTGDs	0
nonFullTGDs	1625		fullTGDs	49469			newNonFullTGDs	23212		newFullTGDs	0
nonFullTGDs	1634		fullTGDs	49469			newNonFullTGDs	23203		newFullTGDs	0
nonFullTGDs	1640		fullTGDs	49469			newNonFullTGDs	23197		newFullTGDs	0
nonFullTGDs	1643		fullTGDs	49469			newNonFullTGDs	23194		newFullTGDs	0
nonFullTGDs	1648		fullTGDs	49469			newNonFullTGDs	23189		newFullTGDs	0
nonFullTGDs	1653		fullTGDs	49469			newNonFullTGDs	23184		newFullTGDs	0
nonFullTGDs	1657		fullTGDs	49469			newNonFullTGDs	23180		newFullTGDs	0
nonFullTGDs	1660		fullTGDs	49469			newNonFullTGDs	23177		newFullTGDs	0
nonFullTGDs	1665		fullTGDs	49469			newNonFullTGDs	23172		newFullTGDs	0
nonFullTGDs	1669		fullTGDs	49469			newNonFullTGDs	23168		newFullTGDs	0
nonFullTGDs	1673		fullTGDs	49469			newNonFullTGDs	23164		newFullTGDs	0
nonFullTGDs	1677		fullTGDs	49469			newNonFullTGDs	23160		newFullTGDs	0
nonFullTGDs	1681		fullTGDs	49469			newNonFullTGDs	23156		newFullTGDs	0
nonFullTGDs	1686		fullTGDs	49469			newNonFullTGDs	23151		newFullTGDs	0
nonFullTGDs	1689		fullTGDs	49469			newNonFullTGDs	23148		newFullTGDs	0
nonFullTGDs	1695		fullTGDs	49469			newNonFullTGDs	23142		newFullTGDs	0
nonFullTGDs	1699		fullTGDs	49469			newNonFullTGDs	23138		newFullTGDs	0
nonFullTGDs	1704		fullTGDs	49469			newNonFullTGDs	23133		newFullTGDs	0
nonFullTGDs	1708		fullTGDs	49469			newNonFullTGDs	23129		newFullTGDs	0
nonFullTGDs	1711		fullTGDs	49469			newNonFullTGDs	23126		newFullTGDs	0
nonFullTGDs	1717		fullTGDs	49469			newNonFullTGDs	23120		newFullTGDs	0
nonFullTGDs	1721		fullTGDs	49469			newNonFullTGDs	23116		newFullTGDs	0
nonFullTGDs	1725		fullTGDs	49469			newNonFullTGDs	23112		newFullTGDs	0
nonFullTGDs	1730		fullTGDs	49469			newNonFullTGDs	23107		newFullTGDs	0
nonFullTGDs	1733		fullTGDs	49469			newNonFullTGDs	23104		newFullTGDs	0
nonFullTGDs	1737		fullTGDs	49469			newNonFullTGDs	23100		newFullTGDs	0
nonFullTGDs	1742		fullTGDs	49469			newNonFullTGDs	23095		newFullTGDs	0
nonFullTGDs	1746		fullTGDs	49469			newNonFullTGDs	23091		newFullTGDs	0
nonFullTGDs	1750		fullTGDs	49469			newNonFullTGDs	23087		newFullTGDs	0
nonFullTGDs	1755		fullTGDs	49469			newNonFullTGDs	23082		newFullTGDs	0
nonFullTGDs	1758		fullTGDs	49469			newNonFullTGDs	23079		newFullTGDs	0
nonFullTGDs	1764		fullTGDs	49469			newNonFullTGDs	23073		newFullTGDs	0
nonFullTGDs	1768		fullTGDs	49469			newNonFullTGDs	23069		newFullTGDs	0
nonFullTGDs	1772		fullTGDs	49469			newNonFullTGDs	23065		newFullTGDs	0
nonFullTGDs	1776		fullTGDs	49469			newNonFullTGDs	23061		newFullTGDs	0
nonFullTGDs	1780		fullTGDs	49469			newNonFullTGDs	23057		newFullTGDs	0
nonFullTGDs	1785		fullTGDs	49469			newNonFullTGDs	23052		newFullTGDs	0
nonFullTGDs	1790		fullTGDs	49469			newNonFullTGDs	23047		newFullTGDs	0
nonFullTGDs	1793		fullTGDs	49469			newNonFullTGDs	23044		newFullTGDs	0
nonFullTGDs	1797		fullTGDs	49469			newNonFullTGDs	23040		newFullTGDs	0
nonFullTGDs	1801		fullTGDs	49469			newNonFullTGDs	23036		newFullTGDs	0
nonFullTGDs	1806		fullTGDs	49469			newNonFullTGDs	23031		newFullTGDs	0
nonFullTGDs	1810		fullTGDs	49469			newNonFullTGDs	23027		newFullTGDs	0
nonFullTGDs	1815		fullTGDs	49469			newNonFullTGDs	23022		newFullTGDs	0
nonFullTGDs	1820		fullTGDs	49469			newNonFullTGDs	23017		newFullTGDs	0
nonFullTGDs	1825		fullTGDs	49469			newNonFullTGDs	23012		newFullTGDs	0
nonFullTGDs	1832		fullTGDs	49469			newNonFullTGDs	23005		newFullTGDs	0
nonFullTGDs	1836		fullTGDs	49469			newNonFullTGDs	23001		newFullTGDs	0
nonFullTGDs	1840		fullTGDs	49469			newNonFullTGDs	22997		newFullTGDs	0
nonFullTGDs	1843		fullTGDs	49469			newNonFullTGDs	22994		newFullTGDs	0
nonFullTGDs	1846		fullTGDs	49469			newNonFullTGDs	22991		newFullTGDs	0
nonFullTGDs	1850		fullTGDs	49469			newNonFullTGDs	22987		newFullTGDs	0
nonFullTGDs	1854		fullTGDs	49469			newNonFullTGDs	22983		newFullTGDs	0
nonFullTGDs	1857		fullTGDs	49469			newNonFullTGDs	22980		newFullTGDs	0
nonFullTGDs	1862		fullTGDs	49469			newNonFullTGDs	22975		newFullTGDs	0
nonFullTGDs	1865		fullTGDs	49469			newNonFullTGDs	22972		newFullTGDs	0
nonFullTGDs	1870		fullTGDs	49469			newNonFullTGDs	22967		newFullTGDs	0
nonFullTGDs	1874		fullTGDs	49469			newNonFullTGDs	22963		newFullTGDs	0
nonFullTGDs	1877		fullTGDs	49469			newNonFullTGDs	22960		newFullTGDs	0
nonFullTGDs	1883		fullTGDs	49469			newNonFullTGDs	22954		newFullTGDs	0
nonFullTGDs	1887		fullTGDs	49469			newNonFullTGDs	22950		newFullTGDs	0
nonFullTGDs	1893		fullTGDs	49469			newNonFullTGDs	22944		newFullTGDs	0
nonFullTGDs	1897		fullTGDs	49469			newNonFullTGDs	22940		newFullTGDs	0
nonFullTGDs	1901		fullTGDs	49469			newNonFullTGDs	22936		newFullTGDs	0
nonFullTGDs	1904		fullTGDs	49469			newNonFullTGDs	22933		newFullTGDs	0
nonFullTGDs	1909		fullTGDs	49469			newNonFullTGDs	22928		newFullTGDs	0
nonFullTGDs	1914		fullTGDs	49469			newNonFullTGDs	22923		newFullTGDs	0
nonFullTGDs	1918		fullTGDs	49469			newNonFullTGDs	22919		newFullTGDs	0
nonFullTGDs	1922		fullTGDs	49469			newNonFullTGDs	22915		newFullTGDs	0
nonFullTGDs	1925		fullTGDs	49469			newNonFullTGDs	22912		newFullTGDs	0
nonFullTGDs	1930		fullTGDs	49469			newNonFullTGDs	22907		newFullTGDs	0
nonFullTGDs	1933		fullTGDs	49469			newNonFullTGDs	22904		newFullTGDs	0
nonFullTGDs	1937		fullTGDs	49469			newNonFullTGDs	22900		newFullTGDs	0
nonFullTGDs	1942		fullTGDs	49469			newNonFullTGDs	22895		newFullTGDs	0
nonFullTGDs	1947		fullTGDs	49469			newNonFullTGDs	22890		newFullTGDs	0
nonFullTGDs	1950		fullTGDs	49469			newNonFullTGDs	22887		newFullTGDs	0
nonFullTGDs	1953		fullTGDs	49469			newNonFullTGDs	22884		newFullTGDs	0
nonFullTGDs	1959		fullTGDs	49469			newNonFullTGDs	22878		newFullTGDs	0
nonFullTGDs	1962		fullTGDs	49469			newNonFullTGDs	22875		newFullTGDs	0
nonFullTGDs	1969		fullTGDs	49469			newNonFullTGDs	22868		newFullTGDs	0
nonFullTGDs	1974		fullTGDs	49469			newNonFullTGDs	22863		newFullTGDs	0
nonFullTGDs	1979		fullTGDs	49469			newNonFullTGDs	22858		newFullTGDs	0
nonFullTGDs	1986		fullTGDs	49469			newNonFullTGDs	22851		newFullTGDs	0
nonFullTGDs	1992		fullTGDs	49469			newNonFullTGDs	22845		newFullTGDs	0
nonFullTGDs	1996		fullTGDs	49469			newNonFullTGDs	22841		newFullTGDs	0
nonFullTGDs	1999		fullTGDs	49469			newNonFullTGDs	22838		newFullTGDs	0
nonFullTGDs	2002		fullTGDs	49469			newNonFullTGDs	22835		newFullTGDs	0
nonFullTGDs	2008		fullTGDs	49469			newNonFullTGDs	22829		newFullTGDs	0
nonFullTGDs	2013		fullTGDs	49469			newNonFullTGDs	22824		newFullTGDs	0
nonFullTGDs	2020		fullTGDs	49469			newNonFullTGDs	22817		newFullTGDs	0
nonFullTGDs	2025		fullTGDs	49469			newNonFullTGDs	22812		newFullTGDs	0
nonFullTGDs	2029		fullTGDs	49469			newNonFullTGDs	22808		newFullTGDs	0
nonFullTGDs	2033		fullTGDs	49469			newNonFullTGDs	22804		newFullTGDs	0
nonFullTGDs	2040		fullTGDs	49469			newNonFullTGDs	22797		newFullTGDs	0
nonFullTGDs	2044		fullTGDs	49469			newNonFullTGDs	22793		newFullTGDs	0
nonFullTGDs	2049		fullTGDs	49469			newNonFullTGDs	22788		newFullTGDs	0
nonFullTGDs	2052		fullTGDs	49469			newNonFullTGDs	22785		newFullTGDs	0
nonFullTGDs	2055		fullTGDs	49469			newNonFullTGDs	22782		newFullTGDs	0
nonFullTGDs	2062		fullTGDs	49469			newNonFullTGDs	22775		newFullTGDs	0
nonFullTGDs	2065		fullTGDs	49469			newNonFullTGDs	22772		newFullTGDs	0
nonFullTGDs	2070		fullTGDs	49469			newNonFullTGDs	22767		newFullTGDs	0
nonFullTGDs	2074		fullTGDs	49469			newNonFullTGDs	22763		newFullTGDs	0
nonFullTGDs	2078		fullTGDs	49469			newNonFullTGDs	22758		newFullTGDs	0
nonFullTGDs	2085		fullTGDs	49469			newNonFullTGDs	22751		newFullTGDs	0
nonFullTGDs	2089		fullTGDs	49469			newNonFullTGDs	22747		newFullTGDs	0
nonFullTGDs	2094		fullTGDs	49469			newNonFullTGDs	22742		newFullTGDs	0
nonFullTGDs	2098		fullTGDs	49469			newNonFullTGDs	22738		newFullTGDs	0
nonFullTGDs	2102		fullTGDs	49469			newNonFullTGDs	22734		newFullTGDs	0
nonFullTGDs	2107		fullTGDs	49469			newNonFullTGDs	22729		newFullTGDs	0
nonFullTGDs	2114		fullTGDs	49469			newNonFullTGDs	22722		newFullTGDs	0
nonFullTGDs	2118		fullTGDs	49469			newNonFullTGDs	22718		newFullTGDs	0
nonFullTGDs	2124		fullTGDs	49469			newNonFullTGDs	22712		newFullTGDs	0
nonFullTGDs	2126		fullTGDs	49469			newNonFullTGDs	22710		newFullTGDs	0
nonFullTGDs	2131		fullTGDs	49469			newNonFullTGDs	22705		newFullTGDs	0
nonFullTGDs	2136		fullTGDs	49469			newNonFullTGDs	22700		newFullTGDs	0
nonFullTGDs	2141		fullTGDs	49469			newNonFullTGDs	22695		newFullTGDs	0
nonFullTGDs	2145		fullTGDs	49469			newNonFullTGDs	22691		newFullTGDs	0
nonFullTGDs	2148		fullTGDs	49469			newNonFullTGDs	22688		newFullTGDs	0
nonFullTGDs	2153		fullTGDs	49469			newNonFullTGDs	22683		newFullTGDs	0
nonFullTGDs	2161		fullTGDs	49469			newNonFullTGDs	22675		newFullTGDs	0
nonFullTGDs	2165		fullTGDs	49469			newNonFullTGDs	22671		newFullTGDs	0
nonFullTGDs	2170		fullTGDs	49469			newNonFullTGDs	22666		newFullTGDs	0
nonFullTGDs	2173		fullTGDs	49469			newNonFullTGDs	22663		newFullTGDs	0
nonFullTGDs	2178		fullTGDs	49469			newNonFullTGDs	22658		newFullTGDs	0
nonFullTGDs	2183		fullTGDs	49469			newNonFullTGDs	22653		newFullTGDs	0
nonFullTGDs	2187		fullTGDs	49469			newNonFullTGDs	22649		newFullTGDs	0
nonFullTGDs	2191		fullTGDs	49469			newNonFullTGDs	22645		newFullTGDs	0
nonFullTGDs	2196		fullTGDs	49469			newNonFullTGDs	22640		newFullTGDs	0
nonFullTGDs	2199		fullTGDs	49469			newNonFullTGDs	22637		newFullTGDs	0
nonFullTGDs	2203		fullTGDs	49469			newNonFullTGDs	22633		newFullTGDs	0
nonFullTGDs	2208		fullTGDs	49469			newNonFullTGDs	22628		newFullTGDs	0
nonFullTGDs	2212		fullTGDs	49469			newNonFullTGDs	22624		newFullTGDs	0
nonFullTGDs	2216		fullTGDs	49469			newNonFullTGDs	22620		newFullTGDs	0
nonFullTGDs	2221		fullTGDs	49469			newNonFullTGDs	22615		newFullTGDs	0
nonFullTGDs	2230		fullTGDs	49469			newNonFullTGDs	22606		newFullTGDs	0
nonFullTGDs	2234		fullTGDs	49469			newNonFullTGDs	22602		newFullTGDs	0
nonFullTGDs	2238		fullTGDs	49469			newNonFullTGDs	22598		newFullTGDs	0
nonFullTGDs	2242		fullTGDs	49469			newNonFullTGDs	22594		newFullTGDs	0
nonFullTGDs	2247		fullTGDs	49469			newNonFullTGDs	22589		newFullTGDs	0
nonFullTGDs	2253		fullTGDs	49469			newNonFullTGDs	22583		newFullTGDs	0
nonFullTGDs	2256		fullTGDs	49469			newNonFullTGDs	22580		newFullTGDs	0
nonFullTGDs	2259		fullTGDs	49469			newNonFullTGDs	22577		newFullTGDs	0
nonFullTGDs	2263		fullTGDs	49469			newNonFullTGDs	22573		newFullTGDs	0
nonFullTGDs	2268		fullTGDs	49469			newNonFullTGDs	22568		newFullTGDs	0
nonFullTGDs	2274		fullTGDs	49469			newNonFullTGDs	22562		newFullTGDs	0
nonFullTGDs	2278		fullTGDs	49469			newNonFullTGDs	22558		newFullTGDs	0
nonFullTGDs	2282		fullTGDs	49469			newNonFullTGDs	22554		newFullTGDs	0
nonFullTGDs	2287		fullTGDs	49469			newNonFullTGDs	22549		newFullTGDs	0
nonFullTGDs	2294		fullTGDs	49469			newNonFullTGDs	22542		newFullTGDs	0
nonFullTGDs	2298		fullTGDs	49469			newNonFullTGDs	22538		newFullTGDs	0
nonFullTGDs	2302		fullTGDs	49469			newNonFullTGDs	22534		newFullTGDs	0
nonFullTGDs	2305		fullTGDs	49469			newNonFullTGDs	22531		newFullTGDs	0
nonFullTGDs	2309		fullTGDs	49469			newNonFullTGDs	22527		newFullTGDs	0
nonFullTGDs	2316		fullTGDs	49469			newNonFullTGDs	22520		newFullTGDs	0
nonFullTGDs	2321		fullTGDs	49469			newNonFullTGDs	22515		newFullTGDs	0
nonFullTGDs	2324		fullTGDs	49469			newNonFullTGDs	22512		newFullTGDs	0
nonFullTGDs	2329		fullTGDs	49469			newNonFullTGDs	22507		newFullTGDs	0
nonFullTGDs	2333		fullTGDs	49469			newNonFullTGDs	22503		newFullTGDs	0
nonFullTGDs	2338		fullTGDs	49469			newNonFullTGDs	22498		newFullTGDs	0
nonFullTGDs	2342		fullTGDs	49469			newNonFullTGDs	22494		newFullTGDs	0
nonFullTGDs	2346		fullTGDs	49469			newNonFullTGDs	22489		newFullTGDs	0
nonFullTGDs	2350		fullTGDs	49469			newNonFullTGDs	22485		newFullTGDs	0
nonFullTGDs	2353		fullTGDs	49469			newNonFullTGDs	22482		newFullTGDs	0
nonFullTGDs	2357		fullTGDs	49469			newNonFullTGDs	22478		newFullTGDs	0
nonFullTGDs	2362		fullTGDs	49469			newNonFullTGDs	22473		newFullTGDs	0
nonFullTGDs	2366		fullTGDs	49469			newNonFullTGDs	22469		newFullTGDs	0
nonFullTGDs	2374		fullTGDs	49469			newNonFullTGDs	22461		newFullTGDs	0
nonFullTGDs	2380		fullTGDs	49469			newNonFullTGDs	22454		newFullTGDs	0
nonFullTGDs	2386		fullTGDs	49469			newNonFullTGDs	22448		newFullTGDs	0
nonFullTGDs	2389		fullTGDs	49469			newNonFullTGDs	22445		newFullTGDs	0
nonFullTGDs	2392		fullTGDs	49469			newNonFullTGDs	22442		newFullTGDs	0
nonFullTGDs	2396		fullTGDs	49469			newNonFullTGDs	22438		newFullTGDs	0
nonFullTGDs	2401		fullTGDs	49469			newNonFullTGDs	22433		newFullTGDs	0
nonFullTGDs	2404		fullTGDs	49469			newNonFullTGDs	22430		newFullTGDs	0
nonFullTGDs	2407		fullTGDs	49469			newNonFullTGDs	22427		newFullTGDs	0
nonFullTGDs	2412		fullTGDs	49469			newNonFullTGDs	22422		newFullTGDs	0
nonFullTGDs	2416		fullTGDs	49469			newNonFullTGDs	22418		newFullTGDs	0
nonFullTGDs	2420		fullTGDs	49469			newNonFullTGDs	22414		newFullTGDs	0
nonFullTGDs	2425		fullTGDs	49469			newNonFullTGDs	22409		newFullTGDs	0
nonFullTGDs	2432		fullTGDs	49469			newNonFullTGDs	22402		newFullTGDs	0
nonFullTGDs	2433		fullTGDs	49469			newNonFullTGDs	22401		newFullTGDs	0
nonFullTGDs	2437		fullTGDs	49469			newNonFullTGDs	22397		newFullTGDs	0
nonFullTGDs	2441		fullTGDs	49469			newNonFullTGDs	22393		newFullTGDs	0
nonFullTGDs	2447		fullTGDs	49469			newNonFullTGDs	22387		newFullTGDs	0
nonFullTGDs	2450		fullTGDs	49469			newNonFullTGDs	22384		newFullTGDs	0
nonFullTGDs	2455		fullTGDs	49469			newNonFullTGDs	22379		newFullTGDs	0
nonFullTGDs	2461		fullTGDs	49469			newNonFullTGDs	22373		newFullTGDs	0
nonFullTGDs	2464		fullTGDs	49469			newNonFullTGDs	22370		newFullTGDs	0
nonFullTGDs	2470		fullTGDs	49469			newNonFullTGDs	22364		newFullTGDs	0
nonFullTGDs	2475		fullTGDs	49469			newNonFullTGDs	22359		newFullTGDs	0
nonFullTGDs	2479		fullTGDs	49469			newNonFullTGDs	22355		newFullTGDs	0
nonFullTGDs	2484		fullTGDs	49469			newNonFullTGDs	22350		newFullTGDs	0
nonFullTGDs	2485		fullTGDs	49469			newNonFullTGDs	22349		newFullTGDs	0
nonFullTGDs	2492		fullTGDs	49469			newNonFullTGDs	22342		newFullTGDs	0
nonFullTGDs	2496		fullTGDs	49469			newNonFullTGDs	22338		newFullTGDs	0
nonFullTGDs	2500		fullTGDs	49469			newNonFullTGDs	22334		newFullTGDs	0
nonFullTGDs	2504		fullTGDs	49469			newNonFullTGDs	22330		newFullTGDs	0
nonFullTGDs	2508		fullTGDs	49469			newNonFullTGDs	22326		newFullTGDs	0
nonFullTGDs	2514		fullTGDs	49469			newNonFullTGDs	22320		newFullTGDs	0
nonFullTGDs	2519		fullTGDs	49469			newNonFullTGDs	22315		newFullTGDs	0
nonFullTGDs	2524		fullTGDs	49469			newNonFullTGDs	22310		newFullTGDs	0
nonFullTGDs	2526		fullTGDs	49469			newNonFullTGDs	22308		newFullTGDs	0
nonFullTGDs	2531		fullTGDs	49469			newNonFullTGDs	22303		newFullTGDs	0
nonFullTGDs	2535		fullTGDs	49469			newNonFullTGDs	22299		newFullTGDs	0
nonFullTGDs	2539		fullTGDs	49469			newNonFullTGDs	22295		newFullTGDs	0
nonFullTGDs	2543		fullTGDs	49469			newNonFullTGDs	22291		newFullTGDs	0
nonFullTGDs	2548		fullTGDs	49469			newNonFullTGDs	22286		newFullTGDs	0
nonFullTGDs	2554		fullTGDs	49469			newNonFullTGDs	22280		newFullTGDs	0
nonFullTGDs	2558		fullTGDs	49469			newNonFullTGDs	22276		newFullTGDs	0
nonFullTGDs	2561		fullTGDs	49469			newNonFullTGDs	22273		newFullTGDs	0
nonFullTGDs	2566		fullTGDs	49469			newNonFullTGDs	22268		newFullTGDs	0
nonFullTGDs	2572		fullTGDs	49469			newNonFullTGDs	22262		newFullTGDs	0
nonFullTGDs	2576		fullTGDs	49469			newNonFullTGDs	22258		newFullTGDs	0
nonFullTGDs	2580		fullTGDs	49469			newNonFullTGDs	22254		newFullTGDs	0
nonFullTGDs	2583		fullTGDs	49469			newNonFullTGDs	22251		newFullTGDs	0
nonFullTGDs	2587		fullTGDs	49469			newNonFullTGDs	22247		newFullTGDs	0
nonFullTGDs	2592		fullTGDs	49469			newNonFullTGDs	22242		newFullTGDs	0
nonFullTGDs	2597		fullTGDs	49469			newNonFullTGDs	22237		newFullTGDs	0
nonFullTGDs	2601		fullTGDs	49469			newNonFullTGDs	22233		newFullTGDs	0
nonFullTGDs	2604		fullTGDs	49469			newNonFullTGDs	22230		newFullTGDs	0
nonFullTGDs	2608		fullTGDs	49469			newNonFullTGDs	22226		newFullTGDs	0
nonFullTGDs	2611		fullTGDs	49469			newNonFullTGDs	22223		newFullTGDs	0
nonFullTGDs	2618		fullTGDs	49469			newNonFullTGDs	22216		newFullTGDs	0
nonFullTGDs	2623		fullTGDs	49469			newNonFullTGDs	22211		newFullTGDs	0
nonFullTGDs	2627		fullTGDs	49469			newNonFullTGDs	22207		newFullTGDs	0
nonFullTGDs	2631		fullTGDs	49469			newNonFullTGDs	22203		newFullTGDs	0
nonFullTGDs	2635		fullTGDs	49469			newNonFullTGDs	22199		newFullTGDs	0
nonFullTGDs	2640		fullTGDs	49469			newNonFullTGDs	22194		newFullTGDs	0
nonFullTGDs	2643		fullTGDs	49469			newNonFullTGDs	22191		newFullTGDs	0
nonFullTGDs	2647		fullTGDs	49469			newNonFullTGDs	22187		newFullTGDs	0
nonFullTGDs	2656		fullTGDs	49469			newNonFullTGDs	22178		newFullTGDs	0
nonFullTGDs	2663		fullTGDs	49469			newNonFullTGDs	22170		newFullTGDs	0
nonFullTGDs	2667		fullTGDs	49469			newNonFullTGDs	22166		newFullTGDs	0
nonFullTGDs	2671		fullTGDs	49469			newNonFullTGDs	22162		newFullTGDs	0
nonFullTGDs	2677		fullTGDs	49469			newNonFullTGDs	22156		newFullTGDs	0
nonFullTGDs	2681		fullTGDs	49469			newNonFullTGDs	22152		newFullTGDs	0
nonFullTGDs	2685		fullTGDs	49469			newNonFullTGDs	22148		newFullTGDs	0
nonFullTGDs	2689		fullTGDs	49469			newNonFullTGDs	22144		newFullTGDs	0
nonFullTGDs	2694		fullTGDs	49469			newNonFullTGDs	22139		newFullTGDs	0
nonFullTGDs	2698		fullTGDs	49469			newNonFullTGDs	22135		newFullTGDs	0
nonFullTGDs	2703		fullTGDs	49469			newNonFullTGDs	22130		newFullTGDs	0
nonFullTGDs	2708		fullTGDs	49469			newNonFullTGDs	22125		newFullTGDs	0
nonFullTGDs	2712		fullTGDs	49469			newNonFullTGDs	22121		newFullTGDs	0
nonFullTGDs	2718		fullTGDs	49469			newNonFullTGDs	22115		newFullTGDs	0
nonFullTGDs	2721		fullTGDs	49469			newNonFullTGDs	22112		newFullTGDs	0
nonFullTGDs	2728		fullTGDs	49469			newNonFullTGDs	22105		newFullTGDs	0
nonFullTGDs	2734		fullTGDs	49469			newNonFullTGDs	22099		newFullTGDs	0
nonFullTGDs	2738		fullTGDs	49469			newNonFullTGDs	22095		newFullTGDs	0
nonFullTGDs	2742		fullTGDs	49469			newNonFullTGDs	22091		newFullTGDs	0
nonFullTGDs	2746		fullTGDs	49469			newNonFullTGDs	22087		newFullTGDs	0
nonFullTGDs	2752		fullTGDs	49469			newNonFullTGDs	22081		newFullTGDs	0
nonFullTGDs	2759		fullTGDs	49469			newNonFullTGDs	22074		newFullTGDs	0
nonFullTGDs	2762		fullTGDs	49469			newNonFullTGDs	22071		newFullTGDs	0
nonFullTGDs	2767		fullTGDs	49469			newNonFullTGDs	22066		newFullTGDs	0
nonFullTGDs	2770		fullTGDs	49469			newNonFullTGDs	22063		newFullTGDs	0
nonFullTGDs	2776		fullTGDs	49469			newNonFullTGDs	22057		newFullTGDs	0
nonFullTGDs	2780		fullTGDs	49469			newNonFullTGDs	22053		newFullTGDs	0
nonFullTGDs	2784		fullTGDs	49469			newNonFullTGDs	22049		newFullTGDs	0
nonFullTGDs	2788		fullTGDs	49469			newNonFullTGDs	22045		newFullTGDs	0
nonFullTGDs	2791		fullTGDs	49469			newNonFullTGDs	22042		newFullTGDs	0
nonFullTGDs	2796		fullTGDs	49469			newNonFullTGDs	22037		newFullTGDs	0
nonFullTGDs	2799		fullTGDs	49469			newNonFullTGDs	22034		newFullTGDs	0
nonFullTGDs	2804		fullTGDs	49469			newNonFullTGDs	22029		newFullTGDs	0
nonFullTGDs	2807		fullTGDs	49469			newNonFullTGDs	22026		newFullTGDs	0
nonFullTGDs	2810		fullTGDs	49469			newNonFullTGDs	22023		newFullTGDs	0
nonFullTGDs	2815		fullTGDs	49469			newNonFullTGDs	22018		newFullTGDs	0
nonFullTGDs	2819		fullTGDs	49469			newNonFullTGDs	22014		newFullTGDs	0
nonFullTGDs	2824		fullTGDs	49469			newNonFullTGDs	22009		newFullTGDs	0
nonFullTGDs	2828		fullTGDs	49469			newNonFullTGDs	22005		newFullTGDs	0
nonFullTGDs	2831		fullTGDs	49469			newNonFullTGDs	22002		newFullTGDs	0
nonFullTGDs	2835		fullTGDs	49469			newNonFullTGDs	21998		newFullTGDs	0
nonFullTGDs	2839		fullTGDs	49469			newNonFullTGDs	21994		newFullTGDs	0
nonFullTGDs	2842		fullTGDs	49469			newNonFullTGDs	21991		newFullTGDs	0
nonFullTGDs	2845		fullTGDs	49469			newNonFullTGDs	21988		newFullTGDs	0
nonFullTGDs	2852		fullTGDs	49469			newNonFullTGDs	21981		newFullTGDs	0
nonFullTGDs	2856		fullTGDs	49469			newNonFullTGDs	21977		newFullTGDs	0
nonFullTGDs	2859		fullTGDs	49469			newNonFullTGDs	21974		newFullTGDs	0
nonFullTGDs	2864		fullTGDs	49469			newNonFullTGDs	21969		newFullTGDs	0
nonFullTGDs	2869		fullTGDs	49469			newNonFullTGDs	21964		newFullTGDs	0
nonFullTGDs	2872		fullTGDs	49469			newNonFullTGDs	21961		newFullTGDs	0
nonFullTGDs	2878		fullTGDs	49469			newNonFullTGDs	21955		newFullTGDs	0
nonFullTGDs	2884		fullTGDs	49469			newNonFullTGDs	21949		newFullTGDs	0
nonFullTGDs	2888		fullTGDs	49469			newNonFullTGDs	21945		newFullTGDs	0
nonFullTGDs	2890		fullTGDs	49469			newNonFullTGDs	21943		newFullTGDs	0
nonFullTGDs	2898		fullTGDs	49469			newNonFullTGDs	21935		newFullTGDs	0
nonFullTGDs	2903		fullTGDs	49469			newNonFullTGDs	21930		newFullTGDs	0
nonFullTGDs	2907		fullTGDs	49469			newNonFullTGDs	21926		newFullTGDs	0
nonFullTGDs	2910		fullTGDs	49469			newNonFullTGDs	21923		newFullTGDs	0
nonFullTGDs	2914		fullTGDs	49469			newNonFullTGDs	21919		newFullTGDs	0
nonFullTGDs	2918		fullTGDs	49469			newNonFullTGDs	21915		newFullTGDs	0
nonFullTGDs	2922		fullTGDs	49469			newNonFullTGDs	21911		newFullTGDs	0
nonFullTGDs	2926		fullTGDs	49469			newNonFullTGDs	21907		newFullTGDs	0
nonFullTGDs	2930		fullTGDs	49469			newNonFullTGDs	21903		newFullTGDs	0
nonFullTGDs	2935		fullTGDs	49469			newNonFullTGDs	21898		newFullTGDs	0
nonFullTGDs	2939		fullTGDs	49469			newNonFullTGDs	21894		newFullTGDs	0
nonFullTGDs	2943		fullTGDs	49469			newNonFullTGDs	21890		newFullTGDs	0
nonFullTGDs	2947		fullTGDs	49469			newNonFullTGDs	21886		newFullTGDs	0
nonFullTGDs	2950		fullTGDs	49469			newNonFullTGDs	21883		newFullTGDs	0
nonFullTGDs	2954		fullTGDs	49469			newNonFullTGDs	21879		newFullTGDs	0
nonFullTGDs	2960		fullTGDs	49469			newNonFullTGDs	21873		newFullTGDs	0
nonFullTGDs	2963		fullTGDs	49469			newNonFullTGDs	21870		newFullTGDs	0
nonFullTGDs	2967		fullTGDs	49469			newNonFullTGDs	21866		newFullTGDs	0
nonFullTGDs	2974		fullTGDs	49469			newNonFullTGDs	21859		newFullTGDs	0
nonFullTGDs	2979		fullTGDs	49469			newNonFullTGDs	21854		newFullTGDs	0
nonFullTGDs	2983		fullTGDs	49469			newNonFullTGDs	21850		newFullTGDs	0
nonFullTGDs	2988		fullTGDs	49469			newNonFullTGDs	21845		newFullTGDs	0
nonFullTGDs	2992		fullTGDs	49469			newNonFullTGDs	21841		newFullTGDs	0
nonFullTGDs	2997		fullTGDs	49469			newNonFullTGDs	21836		newFullTGDs	0
nonFullTGDs	3005		fullTGDs	49469			newNonFullTGDs	21828		newFullTGDs	0
nonFullTGDs	3010		fullTGDs	49469			newNonFullTGDs	21823		newFullTGDs	0
nonFullTGDs	3014		fullTGDs	49469			newNonFullTGDs	21819		newFullTGDs	0
nonFullTGDs	3018		fullTGDs	49469			newNonFullTGDs	21815		newFullTGDs	0
nonFullTGDs	3022		fullTGDs	49469			newNonFullTGDs	21811		newFullTGDs	0
nonFullTGDs	3028		fullTGDs	49469			newNonFullTGDs	21805		newFullTGDs	0
nonFullTGDs	3032		fullTGDs	49469			newNonFullTGDs	21801		newFullTGDs	0
nonFullTGDs	3035		fullTGDs	49469			newNonFullTGDs	21798		newFullTGDs	0
nonFullTGDs	3043		fullTGDs	49469			newNonFullTGDs	21790		newFullTGDs	0
nonFullTGDs	3046		fullTGDs	49469			newNonFullTGDs	21787		newFullTGDs	0
nonFullTGDs	3050		fullTGDs	49469			newNonFullTGDs	21783		newFullTGDs	0
nonFullTGDs	3055		fullTGDs	49469			newNonFullTGDs	21778		newFullTGDs	0
nonFullTGDs	3060		fullTGDs	49469			newNonFullTGDs	21773		newFullTGDs	0
nonFullTGDs	3066		fullTGDs	49469			newNonFullTGDs	21767		newFullTGDs	0
nonFullTGDs	3071		fullTGDs	49469			newNonFullTGDs	21762		newFullTGDs	0
nonFullTGDs	3074		fullTGDs	49469			newNonFullTGDs	21759		newFullTGDs	0
nonFullTGDs	3082		fullTGDs	49469			newNonFullTGDs	21751		newFullTGDs	0
nonFullTGDs	3084		fullTGDs	49469			newNonFullTGDs	21749		newFullTGDs	0
nonFullTGDs	3088		fullTGDs	49469			newNonFullTGDs	21745		newFullTGDs	0
nonFullTGDs	3097		fullTGDs	49469			newNonFullTGDs	21736		newFullTGDs	0
nonFullTGDs	3102		fullTGDs	49469			newNonFullTGDs	21731		newFullTGDs	0
nonFullTGDs	3106		fullTGDs	49469			newNonFullTGDs	21727		newFullTGDs	0
nonFullTGDs	3114		fullTGDs	49469			newNonFullTGDs	21719		newFullTGDs	0
nonFullTGDs	3120		fullTGDs	49469			newNonFullTGDs	21713		newFullTGDs	0
nonFullTGDs	3124		fullTGDs	49469			newNonFullTGDs	21709		newFullTGDs	0
nonFullTGDs	3128		fullTGDs	49469			newNonFullTGDs	21705		newFullTGDs	0
nonFullTGDs	3130		fullTGDs	49469			newNonFullTGDs	21703		newFullTGDs	0
nonFullTGDs	3134		fullTGDs	49469			newNonFullTGDs	21699		newFullTGDs	0
nonFullTGDs	3138		fullTGDs	49469			newNonFullTGDs	21695		newFullTGDs	0
nonFullTGDs	3141		fullTGDs	49469			newNonFullTGDs	21692		newFullTGDs	0
nonFullTGDs	3144		fullTGDs	49469			newNonFullTGDs	21689		newFullTGDs	0
nonFullTGDs	3151		fullTGDs	49469			newNonFullTGDs	21682		newFullTGDs	0
nonFullTGDs	3154		fullTGDs	49469			newNonFullTGDs	21679		newFullTGDs	0
nonFullTGDs	3158		fullTGDs	49469			newNonFullTGDs	21675		newFullTGDs	0
nonFullTGDs	3162		fullTGDs	49469			newNonFullTGDs	21671		newFullTGDs	0
nonFullTGDs	3166		fullTGDs	49469			newNonFullTGDs	21667		newFullTGDs	0
nonFullTGDs	3171		fullTGDs	49469			newNonFullTGDs	21662		newFullTGDs	0
nonFullTGDs	3174		fullTGDs	49469			newNonFullTGDs	21659		newFullTGDs	0
nonFullTGDs	3177		fullTGDs	49469			newNonFullTGDs	21656		newFullTGDs	0
nonFullTGDs	3182		fullTGDs	49469			newNonFullTGDs	21651		newFullTGDs	0
nonFullTGDs	3185		fullTGDs	49469			newNonFullTGDs	21648		newFullTGDs	0
nonFullTGDs	3189		fullTGDs	49469			newNonFullTGDs	21644		newFullTGDs	0
nonFullTGDs	3197		fullTGDs	49469			newNonFullTGDs	21636		newFullTGDs	0
nonFullTGDs	3199		fullTGDs	49469			newNonFullTGDs	21634		newFullTGDs	0
nonFullTGDs	3203		fullTGDs	49469			newNonFullTGDs	21630		newFullTGDs	0
nonFullTGDs	3208		fullTGDs	49469			newNonFullTGDs	21625		newFullTGDs	0
nonFullTGDs	3214		fullTGDs	49469			newNonFullTGDs	21619		newFullTGDs	0
nonFullTGDs	3218		fullTGDs	49469			newNonFullTGDs	21615		newFullTGDs	0
nonFullTGDs	3222		fullTGDs	49469			newNonFullTGDs	21611		newFullTGDs	0
nonFullTGDs	3225		fullTGDs	49469			newNonFullTGDs	21608		newFullTGDs	0
nonFullTGDs	3230		fullTGDs	49469			newNonFullTGDs	21603		newFullTGDs	0
nonFullTGDs	3234		fullTGDs	49469			newNonFullTGDs	21599		newFullTGDs	0
nonFullTGDs	3238		fullTGDs	49469			newNonFullTGDs	21595		newFullTGDs	0
nonFullTGDs	3243		fullTGDs	49469			newNonFullTGDs	21590		newFullTGDs	0
nonFullTGDs	3248		fullTGDs	49469			newNonFullTGDs	21585		newFullTGDs	0
nonFullTGDs	3253		fullTGDs	49469			newNonFullTGDs	21580		newFullTGDs	0
nonFullTGDs	3258		fullTGDs	49469			newNonFullTGDs	21574		newFullTGDs	0
nonFullTGDs	3262		fullTGDs	49469			newNonFullTGDs	21570		newFullTGDs	0
nonFullTGDs	3268		fullTGDs	49469			newNonFullTGDs	21564		newFullTGDs	0
nonFullTGDs	3271		fullTGDs	49469			newNonFullTGDs	21561		newFullTGDs	0
nonFullTGDs	3276		fullTGDs	49469			newNonFullTGDs	21556		newFullTGDs	0
nonFullTGDs	3279		fullTGDs	49469			newNonFullTGDs	21553		newFullTGDs	0
nonFullTGDs	3283		fullTGDs	49469			newNonFullTGDs	21549		newFullTGDs	0
nonFullTGDs	3287		fullTGDs	49469			newNonFullTGDs	21545		newFullTGDs	0
nonFullTGDs	3291		fullTGDs	49469			newNonFullTGDs	21541		newFullTGDs	0
nonFullTGDs	3295		fullTGDs	49469			newNonFullTGDs	21537		newFullTGDs	0
nonFullTGDs	3300		fullTGDs	49469			newNonFullTGDs	21532		newFullTGDs	0
nonFullTGDs	3303		fullTGDs	49469			newNonFullTGDs	21529		newFullTGDs	0
nonFullTGDs	3309		fullTGDs	49469			newNonFullTGDs	21523		newFullTGDs	0
nonFullTGDs	3312		fullTGDs	49469			newNonFullTGDs	21520		newFullTGDs	0
nonFullTGDs	3317		fullTGDs	49469			newNonFullTGDs	21515		newFullTGDs	0
nonFullTGDs	3322		fullTGDs	49469			newNonFullTGDs	21510		newFullTGDs	0
nonFullTGDs	3327		fullTGDs	49469			newNonFullTGDs	21505		newFullTGDs	0
nonFullTGDs	3331		fullTGDs	49469			newNonFullTGDs	21501		newFullTGDs	0
nonFullTGDs	3340		fullTGDs	49469			newNonFullTGDs	21492		newFullTGDs	0
nonFullTGDs	3343		fullTGDs	49469			newNonFullTGDs	21489		newFullTGDs	0
nonFullTGDs	3348		fullTGDs	49469			newNonFullTGDs	21484		newFullTGDs	0
nonFullTGDs	3357		fullTGDs	49469			newNonFullTGDs	21475		newFullTGDs	0
nonFullTGDs	3361		fullTGDs	49469			newNonFullTGDs	21471		newFullTGDs	0
nonFullTGDs	3364		fullTGDs	49469			newNonFullTGDs	21468		newFullTGDs	0
nonFullTGDs	3367		fullTGDs	49469			newNonFullTGDs	21465		newFullTGDs	0
nonFullTGDs	3371		fullTGDs	49469			newNonFullTGDs	21461		newFullTGDs	0
nonFullTGDs	3373		fullTGDs	49469			newNonFullTGDs	21459		newFullTGDs	0
nonFullTGDs	3379		fullTGDs	49469			newNonFullTGDs	21453		newFullTGDs	0
nonFullTGDs	3384		fullTGDs	49469			newNonFullTGDs	21448		newFullTGDs	0
nonFullTGDs	3388		fullTGDs	49469			newNonFullTGDs	21444		newFullTGDs	0
nonFullTGDs	3392		fullTGDs	49469			newNonFullTGDs	21440		newFullTGDs	0
nonFullTGDs	3395		fullTGDs	49469			newNonFullTGDs	21437		newFullTGDs	0
nonFullTGDs	3399		fullTGDs	49469			newNonFullTGDs	21433		newFullTGDs	0
nonFullTGDs	3403		fullTGDs	49469			newNonFullTGDs	21429		newFullTGDs	0
nonFullTGDs	3407		fullTGDs	49469			newNonFullTGDs	21425		newFullTGDs	0
nonFullTGDs	3411		fullTGDs	49469			newNonFullTGDs	21421		newFullTGDs	0
nonFullTGDs	3415		fullTGDs	49469			newNonFullTGDs	21417		newFullTGDs	0
nonFullTGDs	3419		fullTGDs	49469			newNonFullTGDs	21413		newFullTGDs	0
nonFullTGDs	3423		fullTGDs	49469			newNonFullTGDs	21409		newFullTGDs	0
nonFullTGDs	3428		fullTGDs	49469			newNonFullTGDs	21404		newFullTGDs	0
nonFullTGDs	3434		fullTGDs	49469			newNonFullTGDs	21398		newFullTGDs	0
nonFullTGDs	3440		fullTGDs	49469			newNonFullTGDs	21391		newFullTGDs	0
nonFullTGDs	3445		fullTGDs	49469			newNonFullTGDs	21386		newFullTGDs	0
nonFullTGDs	3451		fullTGDs	49469			newNonFullTGDs	21380		newFullTGDs	0
nonFullTGDs	3458		fullTGDs	49469			newNonFullTGDs	21373		newFullTGDs	0
nonFullTGDs	3467		fullTGDs	49469			newNonFullTGDs	21363		newFullTGDs	0
nonFullTGDs	3471		fullTGDs	49469			newNonFullTGDs	21359		newFullTGDs	0
nonFullTGDs	3475		fullTGDs	49469			newNonFullTGDs	21355		newFullTGDs	0
nonFullTGDs	3479		fullTGDs	49469			newNonFullTGDs	21351		newFullTGDs	0
nonFullTGDs	3483		fullTGDs	49469			newNonFullTGDs	21347		newFullTGDs	0
nonFullTGDs	3491		fullTGDs	49469			newNonFullTGDs	21339		newFullTGDs	0
nonFullTGDs	3496		fullTGDs	49469			newNonFullTGDs	21334		newFullTGDs	0
nonFullTGDs	3499		fullTGDs	49469			newNonFullTGDs	21331		newFullTGDs	0
nonFullTGDs	3501		fullTGDs	49469			newNonFullTGDs	21329		newFullTGDs	0
nonFullTGDs	3503		fullTGDs	49469			newNonFullTGDs	21327		newFullTGDs	0
nonFullTGDs	3508		fullTGDs	49469			newNonFullTGDs	21322		newFullTGDs	0
nonFullTGDs	3510		fullTGDs	49469			newNonFullTGDs	21320		newFullTGDs	0
nonFullTGDs	3519		fullTGDs	49469			newNonFullTGDs	21311		newFullTGDs	0
nonFullTGDs	3523		fullTGDs	49469			newNonFullTGDs	21307		newFullTGDs	0
nonFullTGDs	3528		fullTGDs	49469			newNonFullTGDs	21302		newFullTGDs	0
nonFullTGDs	3531		fullTGDs	49469			newNonFullTGDs	21299		newFullTGDs	0
nonFullTGDs	3536		fullTGDs	49469			newNonFullTGDs	21294		newFullTGDs	0
nonFullTGDs	3540		fullTGDs	49469			newNonFullTGDs	21290		newFullTGDs	0
nonFullTGDs	3543		fullTGDs	49469			newNonFullTGDs	21287		newFullTGDs	0
nonFullTGDs	3549		fullTGDs	49469			newNonFullTGDs	21281		newFullTGDs	0
nonFullTGDs	3553		fullTGDs	49469			newNonFullTGDs	21277		newFullTGDs	0
nonFullTGDs	3558		fullTGDs	49469			newNonFullTGDs	21272		newFullTGDs	0
nonFullTGDs	3562		fullTGDs	49469			newNonFullTGDs	21268		newFullTGDs	0
nonFullTGDs	3565		fullTGDs	49469			newNonFullTGDs	21265		newFullTGDs	0
nonFullTGDs	3570		fullTGDs	49469			newNonFullTGDs	21260		newFullTGDs	0
nonFullTGDs	3576		fullTGDs	49469			newNonFullTGDs	21254		newFullTGDs	0
nonFullTGDs	3581		fullTGDs	49469			newNonFullTGDs	21249		newFullTGDs	0
nonFullTGDs	3584		fullTGDs	49469			newNonFullTGDs	21246		newFullTGDs	0
nonFullTGDs	3590		fullTGDs	49469			newNonFullTGDs	21240		newFullTGDs	0
nonFullTGDs	3594		fullTGDs	49469			newNonFullTGDs	21236		newFullTGDs	0
nonFullTGDs	3599		fullTGDs	49469			newNonFullTGDs	21231		newFullTGDs	0
nonFullTGDs	3603		fullTGDs	49469			newNonFullTGDs	21227		newFullTGDs	0
nonFullTGDs	3608		fullTGDs	49469			newNonFullTGDs	21222		newFullTGDs	0
nonFullTGDs	3611		fullTGDs	49469			newNonFullTGDs	21219		newFullTGDs	0
nonFullTGDs	3616		fullTGDs	49469			newNonFullTGDs	21214		newFullTGDs	0
nonFullTGDs	3621		fullTGDs	49469			newNonFullTGDs	21209		newFullTGDs	0
nonFullTGDs	3627		fullTGDs	49469			newNonFullTGDs	21203		newFullTGDs	0
nonFullTGDs	3631		fullTGDs	49469			newNonFullTGDs	21199		newFullTGDs	0
nonFullTGDs	3636		fullTGDs	49469			newNonFullTGDs	21194		newFullTGDs	0
nonFullTGDs	3641		fullTGDs	49469			newNonFullTGDs	21189		newFullTGDs	0
nonFullTGDs	3646		fullTGDs	49469			newNonFullTGDs	21184		newFullTGDs	0
nonFullTGDs	3649		fullTGDs	49469			newNonFullTGDs	21181		newFullTGDs	0
nonFullTGDs	3653		fullTGDs	49469			newNonFullTGDs	21177		newFullTGDs	0
nonFullTGDs	3659		fullTGDs	49469			newNonFullTGDs	21171		newFullTGDs	0
nonFullTGDs	3663		fullTGDs	49469			newNonFullTGDs	21167		newFullTGDs	0
nonFullTGDs	3674		fullTGDs	49469			newNonFullTGDs	21156		newFullTGDs	0
nonFullTGDs	3679		fullTGDs	49469			newNonFullTGDs	21151		newFullTGDs	0
nonFullTGDs	3684		fullTGDs	49469			newNonFullTGDs	21146		newFullTGDs	0
nonFullTGDs	3689		fullTGDs	49469			newNonFullTGDs	21141		newFullTGDs	0
nonFullTGDs	3692		fullTGDs	49469			newNonFullTGDs	21138		newFullTGDs	0
nonFullTGDs	3695		fullTGDs	49469			newNonFullTGDs	21135		newFullTGDs	0
nonFullTGDs	3699		fullTGDs	49469			newNonFullTGDs	21131		newFullTGDs	0
nonFullTGDs	3703		fullTGDs	49469			newNonFullTGDs	21127		newFullTGDs	0
nonFullTGDs	3706		fullTGDs	49469			newNonFullTGDs	21124		newFullTGDs	0
nonFullTGDs	3710		fullTGDs	49469			newNonFullTGDs	21120		newFullTGDs	0
nonFullTGDs	3715		fullTGDs	49469			newNonFullTGDs	21115		newFullTGDs	0
nonFullTGDs	3719		fullTGDs	49469			newNonFullTGDs	21111		newFullTGDs	0
nonFullTGDs	3724		fullTGDs	49469			newNonFullTGDs	21106		newFullTGDs	0
nonFullTGDs	3727		fullTGDs	49469			newNonFullTGDs	21103		newFullTGDs	0
nonFullTGDs	3730		fullTGDs	49469			newNonFullTGDs	21100		newFullTGDs	0
nonFullTGDs	3732		fullTGDs	49469			newNonFullTGDs	21098		newFullTGDs	0
nonFullTGDs	3738		fullTGDs	49469			newNonFullTGDs	21092		newFullTGDs	0
nonFullTGDs	3743		fullTGDs	49469			newNonFullTGDs	21087		newFullTGDs	0
nonFullTGDs	3748		fullTGDs	49469			newNonFullTGDs	21082		newFullTGDs	0
nonFullTGDs	3752		fullTGDs	49469			newNonFullTGDs	21078		newFullTGDs	0
nonFullTGDs	3758		fullTGDs	49469			newNonFullTGDs	21072		newFullTGDs	0
nonFullTGDs	3763		fullTGDs	49469			newNonFullTGDs	21067		newFullTGDs	0
nonFullTGDs	3768		fullTGDs	49469			newNonFullTGDs	21062		newFullTGDs	0
nonFullTGDs	3772		fullTGDs	49469			newNonFullTGDs	21058		newFullTGDs	0
nonFullTGDs	3777		fullTGDs	49469			newNonFullTGDs	21053		newFullTGDs	0
nonFullTGDs	3783		fullTGDs	49469			newNonFullTGDs	21047		newFullTGDs	0
nonFullTGDs	3787		fullTGDs	49469			newNonFullTGDs	21043		newFullTGDs	0
nonFullTGDs	3790		fullTGDs	49469			newNonFullTGDs	21040		newFullTGDs	0
nonFullTGDs	3794		fullTGDs	49469			newNonFullTGDs	21036		newFullTGDs	0
nonFullTGDs	3798		fullTGDs	49469			newNonFullTGDs	21032		newFullTGDs	0
nonFullTGDs	3801		fullTGDs	49469			newNonFullTGDs	21029		newFullTGDs	0
nonFullTGDs	3804		fullTGDs	49469			newNonFullTGDs	21026		newFullTGDs	0
nonFullTGDs	3809		fullTGDs	49469			newNonFullTGDs	21020		newFullTGDs	0
nonFullTGDs	3814		fullTGDs	49469			newNonFullTGDs	21015		newFullTGDs	0
nonFullTGDs	3818		fullTGDs	49469			newNonFullTGDs	21011		newFullTGDs	0
nonFullTGDs	3822		fullTGDs	49469			newNonFullTGDs	21007		newFullTGDs	0
nonFullTGDs	3828		fullTGDs	49469			newNonFullTGDs	21001		newFullTGDs	0
nonFullTGDs	3831		fullTGDs	49469			newNonFullTGDs	20998		newFullTGDs	0
nonFullTGDs	3835		fullTGDs	49469			newNonFullTGDs	20994		newFullTGDs	0
nonFullTGDs	3839		fullTGDs	49469			newNonFullTGDs	20990		newFullTGDs	0
nonFullTGDs	3844		fullTGDs	49469			newNonFullTGDs	20985		newFullTGDs	0
nonFullTGDs	3848		fullTGDs	49469			newNonFullTGDs	20981		newFullTGDs	0
nonFullTGDs	3853		fullTGDs	49469			newNonFullTGDs	20976		newFullTGDs	0
nonFullTGDs	3856		fullTGDs	49469			newNonFullTGDs	20973		newFullTGDs	0
nonFullTGDs	3862		fullTGDs	49469			newNonFullTGDs	20967		newFullTGDs	0
nonFullTGDs	3867		fullTGDs	49469			newNonFullTGDs	20962		newFullTGDs	0
nonFullTGDs	3871		fullTGDs	49469			newNonFullTGDs	20958		newFullTGDs	0
nonFullTGDs	3879		fullTGDs	49469			newNonFullTGDs	20950		newFullTGDs	0
nonFullTGDs	3884		fullTGDs	49469			newNonFullTGDs	20945		newFullTGDs	0
nonFullTGDs	3887		fullTGDs	49469			newNonFullTGDs	20942		newFullTGDs	0
nonFullTGDs	3892		fullTGDs	49469			newNonFullTGDs	20937		newFullTGDs	0
nonFullTGDs	3897		fullTGDs	49469			newNonFullTGDs	20931		newFullTGDs	0
nonFullTGDs	3902		fullTGDs	49469			newNonFullTGDs	20926		newFullTGDs	0
nonFullTGDs	3908		fullTGDs	49469			newNonFullTGDs	20920		newFullTGDs	0
nonFullTGDs	3910		fullTGDs	49469			newNonFullTGDs	20918		newFullTGDs	0
nonFullTGDs	3914		fullTGDs	49469			newNonFullTGDs	20914		newFullTGDs	0
nonFullTGDs	3919		fullTGDs	49469			newNonFullTGDs	20909		newFullTGDs	0
nonFullTGDs	3924		fullTGDs	49469			newNonFullTGDs	20904		newFullTGDs	0
nonFullTGDs	3928		fullTGDs	49469			newNonFullTGDs	20900		newFullTGDs	0
nonFullTGDs	3933		fullTGDs	49469			newNonFullTGDs	20895		newFullTGDs	0
nonFullTGDs	3937		fullTGDs	49469			newNonFullTGDs	20891		newFullTGDs	0
nonFullTGDs	3944		fullTGDs	49469			newNonFullTGDs	20884		newFullTGDs	0
nonFullTGDs	3948		fullTGDs	49469			newNonFullTGDs	20880		newFullTGDs	0
nonFullTGDs	3955		fullTGDs	49469			newNonFullTGDs	20873		newFullTGDs	0
nonFullTGDs	3958		fullTGDs	49469			newNonFullTGDs	20870		newFullTGDs	0
nonFullTGDs	3962		fullTGDs	49469			newNonFullTGDs	20866		newFullTGDs	0
nonFullTGDs	3966		fullTGDs	49469			newNonFullTGDs	20862		newFullTGDs	0
nonFullTGDs	3971		fullTGDs	49469			newNonFullTGDs	20857		newFullTGDs	0
nonFullTGDs	3974		fullTGDs	49469			newNonFullTGDs	20854		newFullTGDs	0
nonFullTGDs	3978		fullTGDs	49469			newNonFullTGDs	20850		newFullTGDs	0
nonFullTGDs	3981		fullTGDs	49469			newNonFullTGDs	20847		newFullTGDs	0
nonFullTGDs	3988		fullTGDs	49469			newNonFullTGDs	20839		newFullTGDs	0
nonFullTGDs	3991		fullTGDs	49469			newNonFullTGDs	20836		newFullTGDs	0
nonFullTGDs	3995		fullTGDs	49469			newNonFullTGDs	20832		newFullTGDs	0
nonFullTGDs	3999		fullTGDs	49469			newNonFullTGDs	20828		newFullTGDs	0
nonFullTGDs	4006		fullTGDs	49469			newNonFullTGDs	20821		newFullTGDs	0
nonFullTGDs	4011		fullTGDs	49469			newNonFullTGDs	20816		newFullTGDs	0
nonFullTGDs	4016		fullTGDs	49469			newNonFullTGDs	20811		newFullTGDs	0
nonFullTGDs	4019		fullTGDs	49469			newNonFullTGDs	20808		newFullTGDs	0
nonFullTGDs	4022		fullTGDs	49469			newNonFullTGDs	20805		newFullTGDs	0
nonFullTGDs	4026		fullTGDs	49469			newNonFullTGDs	20801		newFullTGDs	0
nonFullTGDs	4030		fullTGDs	49469			newNonFullTGDs	20797		newFullTGDs	0
nonFullTGDs	4034		fullTGDs	49469			newNonFullTGDs	20793		newFullTGDs	0
nonFullTGDs	4037		fullTGDs	49469			newNonFullTGDs	20790		newFullTGDs	0
nonFullTGDs	4041		fullTGDs	49469			newNonFullTGDs	20786		newFullTGDs	0
nonFullTGDs	4044		fullTGDs	49469			newNonFullTGDs	20783		newFullTGDs	0
nonFullTGDs	4047		fullTGDs	49469			newNonFullTGDs	20780		newFullTGDs	0
nonFullTGDs	4051		fullTGDs	49469			newNonFullTGDs	20776		newFullTGDs	0
nonFullTGDs	4055		fullTGDs	49469			newNonFullTGDs	20772		newFullTGDs	0
nonFullTGDs	4058		fullTGDs	49469			newNonFullTGDs	20769		newFullTGDs	0
nonFullTGDs	4062		fullTGDs	49469			newNonFullTGDs	20765		newFullTGDs	0
nonFullTGDs	4066		fullTGDs	49469			newNonFullTGDs	20761		newFullTGDs	0
nonFullTGDs	4069		fullTGDs	49469			newNonFullTGDs	20758		newFullTGDs	0
nonFullTGDs	4073		fullTGDs	49469			newNonFullTGDs	20754		newFullTGDs	0
nonFullTGDs	4078		fullTGDs	49469			newNonFullTGDs	20749		newFullTGDs	0
nonFullTGDs	4083		fullTGDs	49469			newNonFullTGDs	20744		newFullTGDs	0
nonFullTGDs	4087		fullTGDs	49469			newNonFullTGDs	20740		newFullTGDs	0
nonFullTGDs	4089		fullTGDs	49469			newNonFullTGDs	20738		newFullTGDs	0
nonFullTGDs	4094		fullTGDs	49469			newNonFullTGDs	20733		newFullTGDs	0
nonFullTGDs	4098		fullTGDs	49469			newNonFullTGDs	20729		newFullTGDs	0
nonFullTGDs	4101		fullTGDs	49469			newNonFullTGDs	20726		newFullTGDs	0
nonFullTGDs	4105		fullTGDs	49469			newNonFullTGDs	20722		newFullTGDs	0
nonFullTGDs	4112		fullTGDs	49469			newNonFullTGDs	20715		newFullTGDs	0
nonFullTGDs	4116		fullTGDs	49469			newNonFullTGDs	20711		newFullTGDs	0
nonFullTGDs	4119		fullTGDs	49469			newNonFullTGDs	20708		newFullTGDs	0
nonFullTGDs	4121		fullTGDs	49469			newNonFullTGDs	20706		newFullTGDs	0
nonFullTGDs	4125		fullTGDs	49469			newNonFullTGDs	20702		newFullTGDs	0
nonFullTGDs	4129		fullTGDs	49469			newNonFullTGDs	20698		newFullTGDs	0
nonFullTGDs	4133		fullTGDs	49469			newNonFullTGDs	20694		newFullTGDs	0
nonFullTGDs	4136		fullTGDs	49469			newNonFullTGDs	20691		newFullTGDs	0
nonFullTGDs	4140		fullTGDs	49469			newNonFullTGDs	20687		newFullTGDs	0
nonFullTGDs	4143		fullTGDs	49469			newNonFullTGDs	20684		newFullTGDs	0
nonFullTGDs	4146		fullTGDs	49469			newNonFullTGDs	20681		newFullTGDs	0
nonFullTGDs	4150		fullTGDs	49469			newNonFullTGDs	20677		newFullTGDs	0
nonFullTGDs	4153		fullTGDs	49469			newNonFullTGDs	20674		newFullTGDs	0
nonFullTGDs	4156		fullTGDs	49469			newNonFullTGDs	20671		newFullTGDs	0
nonFullTGDs	4160		fullTGDs	49469			newNonFullTGDs	20666		newFullTGDs	0
nonFullTGDs	4162		fullTGDs	49469			newNonFullTGDs	20664		newFullTGDs	0
nonFullTGDs	4167		fullTGDs	49469			newNonFullTGDs	20659		newFullTGDs	0
nonFullTGDs	4172		fullTGDs	49469			newNonFullTGDs	20654		newFullTGDs	0
nonFullTGDs	4177		fullTGDs	49469			newNonFullTGDs	20649		newFullTGDs	0
nonFullTGDs	4181		fullTGDs	49469			newNonFullTGDs	20645		newFullTGDs	0
nonFullTGDs	4184		fullTGDs	49469			newNonFullTGDs	20642		newFullTGDs	0
nonFullTGDs	4187		fullTGDs	49469			newNonFullTGDs	20639		newFullTGDs	0
nonFullTGDs	4191		fullTGDs	49469			newNonFullTGDs	20635		newFullTGDs	0
nonFullTGDs	4197		fullTGDs	49469			newNonFullTGDs	20629		newFullTGDs	0
nonFullTGDs	4200		fullTGDs	49469			newNonFullTGDs	20626		newFullTGDs	0
nonFullTGDs	4203		fullTGDs	49469			newNonFullTGDs	20623		newFullTGDs	0
nonFullTGDs	4209		fullTGDs	49469			newNonFullTGDs	20617		newFullTGDs	0
nonFullTGDs	4213		fullTGDs	49469			newNonFullTGDs	20613		newFullTGDs	0
nonFullTGDs	4216		fullTGDs	49469			newNonFullTGDs	20610		newFullTGDs	0
nonFullTGDs	4219		fullTGDs	49469			newNonFullTGDs	20607		newFullTGDs	0
nonFullTGDs	4223		fullTGDs	49469			newNonFullTGDs	20603		newFullTGDs	0
nonFullTGDs	4228		fullTGDs	49469			newNonFullTGDs	20598		newFullTGDs	0
nonFullTGDs	4231		fullTGDs	49469			newNonFullTGDs	20595		newFullTGDs	0
nonFullTGDs	4235		fullTGDs	49469			newNonFullTGDs	20591		newFullTGDs	0
nonFullTGDs	4239		fullTGDs	49469			newNonFullTGDs	20587		newFullTGDs	0
nonFullTGDs	4242		fullTGDs	49469			newNonFullTGDs	20584		newFullTGDs	0
nonFullTGDs	4245		fullTGDs	49469			newNonFullTGDs	20581		newFullTGDs	0
nonFullTGDs	4246		fullTGDs	49469			newNonFullTGDs	20580		newFullTGDs	0
nonFullTGDs	4247		fullTGDs	49469			newNonFullTGDs	20579		newFullTGDs	0
nonFullTGDs	4250		fullTGDs	49469			newNonFullTGDs	20576		newFullTGDs	0
nonFullTGDs	4251		fullTGDs	49469			newNonFullTGDs	20575		newFullTGDs	0
nonFullTGDs	4255		fullTGDs	49469			newNonFullTGDs	20571		newFullTGDs	0
nonFullTGDs	4259		fullTGDs	49469			newNonFullTGDs	20567		newFullTGDs	0
nonFullTGDs	4262		fullTGDs	49469			newNonFullTGDs	20564		newFullTGDs	0
nonFullTGDs	4266		fullTGDs	49469			newNonFullTGDs	20560		newFullTGDs	0
nonFullTGDs	4271		fullTGDs	49469			newNonFullTGDs	20555		newFullTGDs	0
nonFullTGDs	4274		fullTGDs	49469			newNonFullTGDs	20552		newFullTGDs	0
nonFullTGDs	4277		fullTGDs	49469			newNonFullTGDs	20549		newFullTGDs	0
nonFullTGDs	4281		fullTGDs	49469			newNonFullTGDs	20545		newFullTGDs	0
nonFullTGDs	4284		fullTGDs	49469			newNonFullTGDs	20542		newFullTGDs	0
nonFullTGDs	4288		fullTGDs	49469			newNonFullTGDs	20538		newFullTGDs	0
nonFullTGDs	4291		fullTGDs	49469			newNonFullTGDs	20535		newFullTGDs	0
nonFullTGDs	4294		fullTGDs	49469			newNonFullTGDs	20532		newFullTGDs	0
nonFullTGDs	4298		fullTGDs	49469			newNonFullTGDs	20528		newFullTGDs	0
nonFullTGDs	4303		fullTGDs	49469			newNonFullTGDs	20523		newFullTGDs	0
nonFullTGDs	4306		fullTGDs	49469			newNonFullTGDs	20520		newFullTGDs	0
nonFullTGDs	4310		fullTGDs	49469			newNonFullTGDs	20516		newFullTGDs	0
nonFullTGDs	4314		fullTGDs	49469			newNonFullTGDs	20512		newFullTGDs	0
nonFullTGDs	4318		fullTGDs	49469			newNonFullTGDs	20508		newFullTGDs	0
nonFullTGDs	4321		fullTGDs	49469			newNonFullTGDs	20505		newFullTGDs	0
nonFullTGDs	4324		fullTGDs	49469			newNonFullTGDs	20502		newFullTGDs	0
nonFullTGDs	4327		fullTGDs	49469			newNonFullTGDs	20499		newFullTGDs	0
nonFullTGDs	4330		fullTGDs	49469			newNonFullTGDs	20496		newFullTGDs	0
nonFullTGDs	4337		fullTGDs	49469			newNonFullTGDs	20489		newFullTGDs	0
nonFullTGDs	4340		fullTGDs	49469			newNonFullTGDs	20486		newFullTGDs	0
nonFullTGDs	4343		fullTGDs	49469			newNonFullTGDs	20483		newFullTGDs	0
nonFullTGDs	4345		fullTGDs	49469			newNonFullTGDs	20481		newFullTGDs	0
nonFullTGDs	4349		fullTGDs	49469			newNonFullTGDs	20477		newFullTGDs	0
nonFullTGDs	4352		fullTGDs	49469			newNonFullTGDs	20474		newFullTGDs	0
nonFullTGDs	4356		fullTGDs	49469			newNonFullTGDs	20470		newFullTGDs	0
nonFullTGDs	4359		fullTGDs	49469			newNonFullTGDs	20467		newFullTGDs	0
nonFullTGDs	4364		fullTGDs	49469			newNonFullTGDs	20462		newFullTGDs	0
nonFullTGDs	4368		fullTGDs	49469			newNonFullTGDs	20458		newFullTGDs	0
nonFullTGDs	4374		fullTGDs	49469			newNonFullTGDs	20452		newFullTGDs	0
nonFullTGDs	4378		fullTGDs	49469			newNonFullTGDs	20448		newFullTGDs	0
nonFullTGDs	4380		fullTGDs	49469			newNonFullTGDs	20446		newFullTGDs	0
nonFullTGDs	4382		fullTGDs	49469			newNonFullTGDs	20444		newFullTGDs	0
nonFullTGDs	4384		fullTGDs	49469			newNonFullTGDs	20442		newFullTGDs	0
nonFullTGDs	4385		fullTGDs	49469			newNonFullTGDs	20441		newFullTGDs	0
nonFullTGDs	4387		fullTGDs	49469			newNonFullTGDs	20439		newFullTGDs	0
nonFullTGDs	4390		fullTGDs	49469			newNonFullTGDs	20436		newFullTGDs	0
nonFullTGDs	4392		fullTGDs	49469			newNonFullTGDs	20434		newFullTGDs	0
nonFullTGDs	4396		fullTGDs	49469			newNonFullTGDs	20430		newFullTGDs	0
nonFullTGDs	4400		fullTGDs	49469			newNonFullTGDs	20426		newFullTGDs	0
nonFullTGDs	4404		fullTGDs	49469			newNonFullTGDs	20422		newFullTGDs	0
nonFullTGDs	4407		fullTGDs	49469			newNonFullTGDs	20419		newFullTGDs	0
nonFullTGDs	4411		fullTGDs	49469			newNonFullTGDs	20415		newFullTGDs	0
nonFullTGDs	4416		fullTGDs	49469			newNonFullTGDs	20410		newFullTGDs	0
nonFullTGDs	4420		fullTGDs	49469			newNonFullTGDs	20406		newFullTGDs	0
nonFullTGDs	4430		fullTGDs	49469			newNonFullTGDs	20395		newFullTGDs	0
nonFullTGDs	4435		fullTGDs	49469			newNonFullTGDs	20390		newFullTGDs	0
nonFullTGDs	4439		fullTGDs	49469			newNonFullTGDs	20386		newFullTGDs	0
nonFullTGDs	4442		fullTGDs	49469			newNonFullTGDs	20383		newFullTGDs	0
nonFullTGDs	4448		fullTGDs	49469			newNonFullTGDs	20377		newFullTGDs	0
nonFullTGDs	4453		fullTGDs	49469			newNonFullTGDs	20372		newFullTGDs	0
nonFullTGDs	4457		fullTGDs	49469			newNonFullTGDs	20368		newFullTGDs	0
nonFullTGDs	4463		fullTGDs	49469			newNonFullTGDs	20362		newFullTGDs	0
\n\n!!! TIME OUT !!!
