Starting Saturation...
Executing from DLGP files
SLF4J: Failed to load class "org.slf4j.impl.StaticLoggerBinder".
SLF4J: Defaulting to no-operation (NOP) logger implementation
SLF4J: See http://www.slf4j.org/codes.html#StaticLoggerBinder for further details.
# Rules: 918; # Atoms: 0; # AtomSets: 0; # Queries: 0; # Constraints: 1
Full TGD saturation algorithm: GSat
Running GSat...
avr. 10, 2021 5:35:54 AM uk.ac.ox.cs.gsat.GSat runGSat
INFOS: GSat discarded rules : 171/917 = 18.648%
GSat discarded rules : 171/917 = 18.648%
avr. 10, 2021 5:35:54 AM uk.ac.ox.cs.gsat.GSat runGSat
INFOS: Subsumption method : tree_atom
avr. 10, 2021 5:35:55 AM uk.ac.ox.cs.gsat.GSat runGSat
INFOS: # initial TGDs: 456 , 290
nonFullTGDs	0		fullTGDs	456			newNonFullTGDs	290		newFullTGDs	0
nonFullTGDs	94		fullTGDs	456			newNonFullTGDs	2427		newFullTGDs	0
nonFullTGDs	194		fullTGDs	456			newNonFullTGDs	2427		newFullTGDs	0
nonFullTGDs	294		fullTGDs	456			newNonFullTGDs	2414		newFullTGDs	0
nonFullTGDs	394		fullTGDs	456			newNonFullTGDs	2416		newFullTGDs	0
nonFullTGDs	494		fullTGDs	456			newNonFullTGDs	2411		newFullTGDs	0
nonFullTGDs	594		fullTGDs	456			newNonFullTGDs	2420		newFullTGDs	0
nonFullTGDs	694		fullTGDs	456			newNonFullTGDs	2407		newFullTGDs	0
nonFullTGDs	794		fullTGDs	456			newNonFullTGDs	2402		newFullTGDs	0
nonFullTGDs	894		fullTGDs	456			newNonFullTGDs	2412		newFullTGDs	0
nonFullTGDs	994		fullTGDs	456			newNonFullTGDs	2403		newFullTGDs	0
nonFullTGDs	1094		fullTGDs	456			newNonFullTGDs	2421		newFullTGDs	0
nonFullTGDs	1194		fullTGDs	456			newNonFullTGDs	2408		newFullTGDs	0
nonFullTGDs	1294		fullTGDs	456			newNonFullTGDs	2408		newFullTGDs	0
nonFullTGDs	1394		fullTGDs	456			newNonFullTGDs	2405		newFullTGDs	0
nonFullTGDs	1494		fullTGDs	456			newNonFullTGDs	2402		newFullTGDs	0
nonFullTGDs	1594		fullTGDs	456			newNonFullTGDs	2401		newFullTGDs	0
nonFullTGDs	1694		fullTGDs	456			newNonFullTGDs	2405		newFullTGDs	0
nonFullTGDs	1794		fullTGDs	456			newNonFullTGDs	2400		newFullTGDs	0
nonFullTGDs	1894		fullTGDs	456			newNonFullTGDs	2399		newFullTGDs	0
nonFullTGDs	1994		fullTGDs	456			newNonFullTGDs	2394		newFullTGDs	0
nonFullTGDs	2094		fullTGDs	456			newNonFullTGDs	2384		newFullTGDs	0
nonFullTGDs	2194		fullTGDs	456			newNonFullTGDs	2412		newFullTGDs	0
nonFullTGDs	2294		fullTGDs	456			newNonFullTGDs	2404		newFullTGDs	0
nonFullTGDs	2394		fullTGDs	456			newNonFullTGDs	2406		newFullTGDs	0
nonFullTGDs	2494		fullTGDs	456			newNonFullTGDs	2409		newFullTGDs	0
nonFullTGDs	2594		fullTGDs	456			newNonFullTGDs	2394		newFullTGDs	0
nonFullTGDs	2694		fullTGDs	456			newNonFullTGDs	2406		newFullTGDs	0
nonFullTGDs	2794		fullTGDs	456			newNonFullTGDs	2396		newFullTGDs	0
nonFullTGDs	2894		fullTGDs	456			newNonFullTGDs	2403		newFullTGDs	0
nonFullTGDs	2994		fullTGDs	456			newNonFullTGDs	2389		newFullTGDs	0
nonFullTGDs	3094		fullTGDs	456			newNonFullTGDs	2385		newFullTGDs	0
nonFullTGDs	3194		fullTGDs	456			newNonFullTGDs	2398		newFullTGDs	0
nonFullTGDs	3294		fullTGDs	456			newNonFullTGDs	2402		newFullTGDs	0
nonFullTGDs	3394		fullTGDs	456			newNonFullTGDs	2404		newFullTGDs	0
nonFullTGDs	3494		fullTGDs	456			newNonFullTGDs	2390		newFullTGDs	0
nonFullTGDs	3594		fullTGDs	456			newNonFullTGDs	2388		newFullTGDs	0
nonFullTGDs	3694		fullTGDs	456			newNonFullTGDs	2395		newFullTGDs	0
nonFullTGDs	3794		fullTGDs	456			newNonFullTGDs	2390		newFullTGDs	0
nonFullTGDs	3894		fullTGDs	456			newNonFullTGDs	2377		newFullTGDs	0
nonFullTGDs	3994		fullTGDs	456			newNonFullTGDs	2385		newFullTGDs	0
nonFullTGDs	4094		fullTGDs	456			newNonFullTGDs	2382		newFullTGDs	0
nonFullTGDs	4194		fullTGDs	456			newNonFullTGDs	2416		newFullTGDs	0
nonFullTGDs	4294		fullTGDs	456			newNonFullTGDs	2413		newFullTGDs	0
nonFullTGDs	4394		fullTGDs	456			newNonFullTGDs	2398		newFullTGDs	0
nonFullTGDs	4494		fullTGDs	456			newNonFullTGDs	2405		newFullTGDs	0
nonFullTGDs	4594		fullTGDs	456			newNonFullTGDs	2395		newFullTGDs	0
nonFullTGDs	4694		fullTGDs	456			newNonFullTGDs	2407		newFullTGDs	0
nonFullTGDs	4794		fullTGDs	456			newNonFullTGDs	2397		newFullTGDs	0
nonFullTGDs	4894		fullTGDs	456			newNonFullTGDs	2395		newFullTGDs	0
nonFullTGDs	4994		fullTGDs	456			newNonFullTGDs	2397		newFullTGDs	0
\n\n!!! TIME OUT !!!
