Starting Saturation...
Executing from DLGP files
SLF4J: Failed to load class "org.slf4j.impl.StaticLoggerBinder".
SLF4J: Defaulting to no-operation (NOP) logger implementation
SLF4J: See http://www.slf4j.org/codes.html#StaticLoggerBinder for further details.
# Rules: 21801; # Atoms: 0; # AtomSets: 0; # Queries: 0; # Constraints: 0
Full TGD saturation algorithm: GSat
Running GSat...
Nov 12, 2021 12:11:58 AM uk.ac.ox.cs.gsat.AbstractSaturation run
INFO: GSat discarded rules : 0/21801 = 0.000%
GSat discarded rules : 0/21801 = 0.000%
Nov 12, 2021 12:11:59 AM uk.ac.ox.cs.gsat.AbstractSaturation run
INFO: Subsumption method : tree_predicate
length of the formulas: 2.9326177
number of bags: 11
length of the formulas: 2.9326177
number of bags: 11
nonFullTGDs	0		fullTGDs	9462			newNonFullTGDs	12339		newFullTGDs	0
nonFullTGDs	22		fullTGDs	9462			newNonFullTGDs	12738		newFullTGDs	1
nonFullTGDs	80		fullTGDs	9462			newNonFullTGDs	12719		newFullTGDs	1
nonFullTGDs	139		fullTGDs	9462			newNonFullTGDs	12714		newFullTGDs	1
nonFullTGDs	198		fullTGDs	9462			newNonFullTGDs	12715		newFullTGDs	1
nonFullTGDs	257		fullTGDs	9462			newNonFullTGDs	12704		newFullTGDs	1
nonFullTGDs	317		fullTGDs	9462			newNonFullTGDs	12718		newFullTGDs	1
nonFullTGDs	376		fullTGDs	9462			newNonFullTGDs	12711		newFullTGDs	1
nonFullTGDs	435		fullTGDs	9462			newNonFullTGDs	12711		newFullTGDs	1
nonFullTGDs	494		fullTGDs	9462			newNonFullTGDs	12699		newFullTGDs	1
nonFullTGDs	554		fullTGDs	9462			newNonFullTGDs	12717		newFullTGDs	1
nonFullTGDs	613		fullTGDs	9462			newNonFullTGDs	12714		newFullTGDs	1
nonFullTGDs	672		fullTGDs	9462			newNonFullTGDs	12711		newFullTGDs	1
nonFullTGDs	732		fullTGDs	9462			newNonFullTGDs	12708		newFullTGDs	1
nonFullTGDs	791		fullTGDs	9462			newNonFullTGDs	12716		newFullTGDs	1
nonFullTGDs	850		fullTGDs	9462			newNonFullTGDs	12705		newFullTGDs	1
nonFullTGDs	908		fullTGDs	9462			newNonFullTGDs	12689		newFullTGDs	1
nonFullTGDs	968		fullTGDs	9462			newNonFullTGDs	12690		newFullTGDs	1
nonFullTGDs	1027		fullTGDs	9462			newNonFullTGDs	12687		newFullTGDs	1
nonFullTGDs	1086		fullTGDs	9462			newNonFullTGDs	12712		newFullTGDs	1
nonFullTGDs	1145		fullTGDs	9462			newNonFullTGDs	12705		newFullTGDs	1
nonFullTGDs	1205		fullTGDs	9462			newNonFullTGDs	12710		newFullTGDs	1
nonFullTGDs	1263		fullTGDs	9462			newNonFullTGDs	12693		newFullTGDs	1
nonFullTGDs	1323		fullTGDs	9462			newNonFullTGDs	12705		newFullTGDs	1
nonFullTGDs	1382		fullTGDs	9462			newNonFullTGDs	12698		newFullTGDs	1
nonFullTGDs	1441		fullTGDs	9462			newNonFullTGDs	12695		newFullTGDs	1
nonFullTGDs	1500		fullTGDs	9462			newNonFullTGDs	12692		newFullTGDs	1
nonFullTGDs	1561		fullTGDs	9462			newNonFullTGDs	12712		newFullTGDs	1
nonFullTGDs	1619		fullTGDs	9462			newNonFullTGDs	12704		newFullTGDs	1
nonFullTGDs	1677		fullTGDs	9462			newNonFullTGDs	12685		newFullTGDs	1
nonFullTGDs	1737		fullTGDs	9462			newNonFullTGDs	12688		newFullTGDs	1
nonFullTGDs	1796		fullTGDs	9462			newNonFullTGDs	12681		newFullTGDs	1
nonFullTGDs	1855		fullTGDs	9462			newNonFullTGDs	12687		newFullTGDs	1
nonFullTGDs	1915		fullTGDs	9462			newNonFullTGDs	12684		newFullTGDs	1
nonFullTGDs	1974		fullTGDs	9462			newNonFullTGDs	12685		newFullTGDs	1
nonFullTGDs	2033		fullTGDs	9462			newNonFullTGDs	12680		newFullTGDs	1
nonFullTGDs	2093		fullTGDs	9462			newNonFullTGDs	12717		newFullTGDs	1
nonFullTGDs	2152		fullTGDs	9462			newNonFullTGDs	12710		newFullTGDs	1
nonFullTGDs	2211		fullTGDs	9462			newNonFullTGDs	12710		newFullTGDs	1
nonFullTGDs	2270		fullTGDs	9462			newNonFullTGDs	12702		newFullTGDs	1
nonFullTGDs	2330		fullTGDs	9462			newNonFullTGDs	12712		newFullTGDs	1
nonFullTGDs	2389		fullTGDs	9462			newNonFullTGDs	12709		newFullTGDs	1
nonFullTGDs	2446		fullTGDs	9462			newNonFullTGDs	12685		newFullTGDs	1
nonFullTGDs	2506		fullTGDs	9462			newNonFullTGDs	12690		newFullTGDs	1
nonFullTGDs	2565		fullTGDs	9462			newNonFullTGDs	12683		newFullTGDs	1
nonFullTGDs	2624		fullTGDs	9462			newNonFullTGDs	12697		newFullTGDs	1
nonFullTGDs	2683		fullTGDs	9462			newNonFullTGDs	12694		newFullTGDs	1
nonFullTGDs	2743		fullTGDs	9462			newNonFullTGDs	12695		newFullTGDs	1
nonFullTGDs	2801		fullTGDs	9462			newNonFullTGDs	12687		newFullTGDs	1
nonFullTGDs	2861		fullTGDs	9462			newNonFullTGDs	12690		newFullTGDs	1
nonFullTGDs	2920		fullTGDs	9462			newNonFullTGDs	12683		newFullTGDs	1
nonFullTGDs	2979		fullTGDs	9462			newNonFullTGDs	12688		newFullTGDs	1
nonFullTGDs	3038		fullTGDs	9462			newNonFullTGDs	12677		newFullTGDs	1
nonFullTGDs	3098		fullTGDs	9462			newNonFullTGDs	12710		newFullTGDs	1
nonFullTGDs	3157		fullTGDs	9462			newNonFullTGDs	12707		newFullTGDs	1
nonFullTGDs	3214		fullTGDs	9462			newNonFullTGDs	12683		newFullTGDs	1
nonFullTGDs	3274		fullTGDs	9462			newNonFullTGDs	12688		newFullTGDs	1
nonFullTGDs	3333		fullTGDs	9462			newNonFullTGDs	12681		newFullTGDs	1
nonFullTGDs	3391		fullTGDs	9462			newNonFullTGDs	12685		newFullTGDs	1
nonFullTGDs	3451		fullTGDs	9462			newNonFullTGDs	12682		newFullTGDs	1
nonFullTGDs	3510		fullTGDs	9462			newNonFullTGDs	12683		newFullTGDs	1
nonFullTGDs	3569		fullTGDs	9462			newNonFullTGDs	12678		newFullTGDs	1
nonFullTGDs	3628		fullTGDs	9462			newNonFullTGDs	12690		newFullTGDs	1
nonFullTGDs	3690		fullTGDs	9462			newNonFullTGDs	12685		newFullTGDs	1
nonFullTGDs	3750		fullTGDs	9462			newNonFullTGDs	12683		newFullTGDs	1
nonFullTGDs	3811		fullTGDs	9462			newNonFullTGDs	12676		newFullTGDs	1
nonFullTGDs	3871		fullTGDs	9462			newNonFullTGDs	12682		newFullTGDs	1
nonFullTGDs	3928		fullTGDs	9462			newNonFullTGDs	12677		newFullTGDs	1
nonFullTGDs	3984		fullTGDs	9462			newNonFullTGDs	12675		newFullTGDs	1
nonFullTGDs	4040		fullTGDs	9462			newNonFullTGDs	12663		newFullTGDs	1
nonFullTGDs	4097		fullTGDs	9462			newNonFullTGDs	12658		newFullTGDs	1
nonFullTGDs	4154		fullTGDs	9462			newNonFullTGDs	12711		newFullTGDs	1
nonFullTGDs	4213		fullTGDs	9462			newNonFullTGDs	12708		newFullTGDs	1
nonFullTGDs	4272		fullTGDs	9462			newNonFullTGDs	12699		newFullTGDs	1
nonFullTGDs	4331		fullTGDs	9462			newNonFullTGDs	12696		newFullTGDs	1
nonFullTGDs	4391		fullTGDs	9462			newNonFullTGDs	12704		newFullTGDs	1
nonFullTGDs	4450		fullTGDs	9462			newNonFullTGDs	12698		newFullTGDs	1
nonFullTGDs	4509		fullTGDs	9462			newNonFullTGDs	12698		newFullTGDs	1
nonFullTGDs	4568		fullTGDs	9462			newNonFullTGDs	12691		newFullTGDs	1
nonFullTGDs	4628		fullTGDs	9462			newNonFullTGDs	12710		newFullTGDs	1
nonFullTGDs	4686		fullTGDs	9462			newNonFullTGDs	12691		newFullTGDs	1
nonFullTGDs	4746		fullTGDs	9462			newNonFullTGDs	12688		newFullTGDs	1
nonFullTGDs	4805		fullTGDs	9462			newNonFullTGDs	12687		newFullTGDs	1
nonFullTGDs	4864		fullTGDs	9462			newNonFullTGDs	12681		newFullTGDs	1
nonFullTGDs	4924		fullTGDs	9462			newNonFullTGDs	12690		newFullTGDs	1
nonFullTGDs	4983		fullTGDs	9462			newNonFullTGDs	12683		newFullTGDs	1
nonFullTGDs	5042		fullTGDs	9462			newNonFullTGDs	12686		newFullTGDs	1
nonFullTGDs	5100		fullTGDs	9462			newNonFullTGDs	12671		newFullTGDs	1
nonFullTGDs	5160		fullTGDs	9462			newNonFullTGDs	12702		newFullTGDs	1
nonFullTGDs	5219		fullTGDs	9462			newNonFullTGDs	12697		newFullTGDs	1
nonFullTGDs	5278		fullTGDs	9462			newNonFullTGDs	12694		newFullTGDs	1
nonFullTGDs	5338		fullTGDs	9462			newNonFullTGDs	12691		newFullTGDs	1
nonFullTGDs	5397		fullTGDs	9462			newNonFullTGDs	12701		newFullTGDs	1
nonFullTGDs	5455		fullTGDs	9462			newNonFullTGDs	12677		newFullTGDs	1
nonFullTGDs	5514		fullTGDs	9462			newNonFullTGDs	12674		newFullTGDs	1
nonFullTGDs	5574		fullTGDs	9462			newNonFullTGDs	12675		newFullTGDs	1
nonFullTGDs	5633		fullTGDs	9462			newNonFullTGDs	12672		newFullTGDs	1
nonFullTGDs	5692		fullTGDs	9462			newNonFullTGDs	12688		newFullTGDs	1
nonFullTGDs	5751		fullTGDs	9462			newNonFullTGDs	12681		newFullTGDs	1
nonFullTGDs	5810		fullTGDs	9462			newNonFullTGDs	12684		newFullTGDs	1
nonFullTGDs	5868		fullTGDs	9462			newNonFullTGDs	12669		newFullTGDs	1
nonFullTGDs	5928		fullTGDs	9462			newNonFullTGDs	12678		newFullTGDs	1
nonFullTGDs	5989		fullTGDs	9462			newNonFullTGDs	12673		newFullTGDs	1
nonFullTGDs	6049		fullTGDs	9462			newNonFullTGDs	12675		newFullTGDs	1
nonFullTGDs	6105		fullTGDs	9462			newNonFullTGDs	12667		newFullTGDs	1
nonFullTGDs	6158		fullTGDs	9462			newNonFullTGDs	12670		newFullTGDs	1
nonFullTGDs	6219		fullTGDs	9462			newNonFullTGDs	12694		newFullTGDs	1
nonFullTGDs	6278		fullTGDs	9462			newNonFullTGDs	12687		newFullTGDs	1
Nov 12, 2021 12:21:58 AM uk.ac.ox.cs.gsat.SaturationStatistics log
INFO: # initial TGDs: 9462 , 12339
Nov 12, 2021 12:21:58 AM uk.ac.ox.cs.gsat.SaturationStatistics log
INFO: GSat total time : 600064 ms = 600.06 s
Nov 12, 2021 12:21:58 AM uk.ac.ox.cs.gsat.SaturationStatistics log
INFO: Subsumed elements : 71214
Nov 12, 2021 12:21:58 AM uk.ac.ox.cs.gsat.SaturationStatistics log
INFO: Filter discarded elements : 160254468
Nov 12, 2021 12:21:58 AM uk.ac.ox.cs.gsat.SaturationStatistics log
INFO: subsumption time: 31842 ms = 31.84 s
Nov 12, 2021 12:21:58 AM uk.ac.ox.cs.gsat.SaturationStatistics log
INFO: forward subsumption time: 27554 ms = 27.55 s
Nov 12, 2021 12:21:58 AM uk.ac.ox.cs.gsat.SaturationStatistics log
INFO: backward subsumption time: 4289 ms = 4.29 s
Nov 12, 2021 12:21:58 AM uk.ac.ox.cs.gsat.SaturationStatistics log
INFO: Derived full/non full TGDs: 6333 , 71562
Nov 12, 2021 12:21:58 AM uk.ac.ox.cs.gsat.SaturationStatistics log
INFO: discarded tautology count: 0
Nov 12, 2021 12:21:58 AM uk.ac.ox.cs.gsat.SaturationStatistics log
INFO: !!! TIME OUT !!!
Nov 12, 2021 12:21:58 AM uk.ac.ox.cs.gsat.EvolveStatistics log
INFO: Stop because subsumed: 4461
Nov 12, 2021 12:21:58 AM uk.ac.ox.cs.gsat.EvolveStatistics log
INFO: evolved equals to current: 440099
Nov 12, 2021 12:21:58 AM uk.ac.ox.cs.gsat.EvolveStatistics log
INFO: evolved time: 536002 ms = 536.00 s
Nov 12, 2021 12:21:58 AM uk.ac.ox.cs.gsat.EvolveStatistics log
INFO: evolve count: 7697446
Nov 12, 2021 12:21:58 AM uk.ac.ox.cs.gsat.AbstractSaturation run
INFO: ouptput full TGDs not contained in the input: 1
Nov 12, 2021 12:21:58 AM uk.ac.ox.cs.gsat.App executeAllSteps
INFO: Rewriting completed!
Full TGD saturation: (9463 dependecies)
Nov 12, 2021 12:21:58 AM uk.ac.ox.cs.gsat.App executeAllSteps
INFO: Writing the saturation in the Datalog file 00033.rul
