Starting Saturation...
Executing from DLGP files
SLF4J: Failed to load class "org.slf4j.impl.StaticLoggerBinder".
SLF4J: Defaulting to no-operation (NOP) logger implementation
SLF4J: See http://www.slf4j.org/codes.html#StaticLoggerBinder for further details.
# Rules: 430; # Atoms: 0; # AtomSets: 0; # Queries: 0; # Constraints: 0
Full TGD saturation algorithm: GSat
Running GSat...
Nov 12, 2021 4:04:37 AM uk.ac.ox.cs.gsat.AbstractSaturation run
INFO: GSat discarded rules : 0/430 = 0.000%
GSat discarded rules : 0/430 = 0.000%
Nov 12, 2021 4:04:37 AM uk.ac.ox.cs.gsat.AbstractSaturation run
INFO: Subsumption method : tree_predicate
length of the formulas: 2.295349
number of bags: 4
length of the formulas: 2.295349
number of bags: 4
nonFullTGDs	0		fullTGDs	243			newNonFullTGDs	187		newFullTGDs	0
nonFullTGDs	85		fullTGDs	232			newNonFullTGDs	370		newFullTGDs	22
nonFullTGDs	181		fullTGDs	232			newNonFullTGDs	366		newFullTGDs	22
nonFullTGDs	274		fullTGDs	232			newNonFullTGDs	355		newFullTGDs	22
nonFullTGDs	354		fullTGDs	232			newNonFullTGDs	357		newFullTGDs	22
nonFullTGDs	445		fullTGDs	232			newNonFullTGDs	348		newFullTGDs	22
nonFullTGDs	531		fullTGDs	232			newNonFullTGDs	350		newFullTGDs	22
nonFullTGDs	608		fullTGDs	232			newNonFullTGDs	344		newFullTGDs	22
nonFullTGDs	692		fullTGDs	232			newNonFullTGDs	358		newFullTGDs	22
nonFullTGDs	791		fullTGDs	232			newNonFullTGDs	357		newFullTGDs	22
nonFullTGDs	878		fullTGDs	232			newNonFullTGDs	341		newFullTGDs	22
nonFullTGDs	962		fullTGDs	232			newNonFullTGDs	338		newFullTGDs	22
nonFullTGDs	1050		fullTGDs	232			newNonFullTGDs	345		newFullTGDs	22
nonFullTGDs	1133		fullTGDs	232			newNonFullTGDs	346		newFullTGDs	22
nonFullTGDs	1208		fullTGDs	232			newNonFullTGDs	342		newFullTGDs	22
nonFullTGDs	1286		fullTGDs	232			newNonFullTGDs	329		newFullTGDs	22
nonFullTGDs	1383		fullTGDs	232			newNonFullTGDs	350		newFullTGDs	22
nonFullTGDs	1480		fullTGDs	232			newNonFullTGDs	352		newFullTGDs	22
nonFullTGDs	1562		fullTGDs	232			newNonFullTGDs	341		newFullTGDs	22
nonFullTGDs	1646		fullTGDs	232			newNonFullTGDs	344		newFullTGDs	22
nonFullTGDs	1733		fullTGDs	232			newNonFullTGDs	336		newFullTGDs	22
nonFullTGDs	1810		fullTGDs	232			newNonFullTGDs	339		newFullTGDs	22
nonFullTGDs	1888		fullTGDs	232			newNonFullTGDs	336		newFullTGDs	22
nonFullTGDs	1974		fullTGDs	232			newNonFullTGDs	345		newFullTGDs	22
nonFullTGDs	2073		fullTGDs	232			newNonFullTGDs	347		newFullTGDs	22
nonFullTGDs	2156		fullTGDs	232			newNonFullTGDs	331		newFullTGDs	22
nonFullTGDs	2243		fullTGDs	232			newNonFullTGDs	328		newFullTGDs	22
nonFullTGDs	2327		fullTGDs	232			newNonFullTGDs	334		newFullTGDs	22
nonFullTGDs	2409		fullTGDs	232			newNonFullTGDs	336		newFullTGDs	22
nonFullTGDs	2488		fullTGDs	232			newNonFullTGDs	330		newFullTGDs	22
nonFullTGDs	2567		fullTGDs	232			newNonFullTGDs	316		newFullTGDs	22
nonFullTGDs	2665		fullTGDs	232			newNonFullTGDs	347		newFullTGDs	22
nonFullTGDs	2762		fullTGDs	232			newNonFullTGDs	349		newFullTGDs	22
nonFullTGDs	2844		fullTGDs	232			newNonFullTGDs	341		newFullTGDs	22
nonFullTGDs	2928		fullTGDs	232			newNonFullTGDs	341		newFullTGDs	22
nonFullTGDs	3015		fullTGDs	232			newNonFullTGDs	333		newFullTGDs	22
nonFullTGDs	3092		fullTGDs	232			newNonFullTGDs	336		newFullTGDs	22
nonFullTGDs	3169		fullTGDs	232			newNonFullTGDs	336		newFullTGDs	22
nonFullTGDs	3256		fullTGDs	232			newNonFullTGDs	343		newFullTGDs	22
nonFullTGDs	3355		fullTGDs	232			newNonFullTGDs	345		newFullTGDs	22
nonFullTGDs	3438		fullTGDs	232			newNonFullTGDs	328		newFullTGDs	22
nonFullTGDs	3525		fullTGDs	232			newNonFullTGDs	326		newFullTGDs	22
nonFullTGDs	3609		fullTGDs	232			newNonFullTGDs	333		newFullTGDs	22
nonFullTGDs	3691		fullTGDs	232			newNonFullTGDs	334		newFullTGDs	22
nonFullTGDs	3770		fullTGDs	232			newNonFullTGDs	328		newFullTGDs	22
nonFullTGDs	3849		fullTGDs	232			newNonFullTGDs	314		newFullTGDs	22
nonFullTGDs	3947		fullTGDs	232			newNonFullTGDs	336		newFullTGDs	22
nonFullTGDs	4036		fullTGDs	232			newNonFullTGDs	340		newFullTGDs	22
nonFullTGDs	4121		fullTGDs	232			newNonFullTGDs	329		newFullTGDs	22
nonFullTGDs	4214		fullTGDs	232			newNonFullTGDs	334		newFullTGDs	22
nonFullTGDs	4313		fullTGDs	232			newNonFullTGDs	335		newFullTGDs	22
nonFullTGDs	4400		fullTGDs	232			newNonFullTGDs	330		newFullTGDs	22
nonFullTGDs	4488		fullTGDs	232			newNonFullTGDs	314		newFullTGDs	22
nonFullTGDs	4572		fullTGDs	232			newNonFullTGDs	329		newFullTGDs	22
nonFullTGDs	4655		fullTGDs	232			newNonFullTGDs	331		newFullTGDs	22
nonFullTGDs	4732		fullTGDs	232			newNonFullTGDs	326		newFullTGDs	22
nonFullTGDs	4812		fullTGDs	232			newNonFullTGDs	310		newFullTGDs	22
nonFullTGDs	4895		fullTGDs	232			newNonFullTGDs	320		newFullTGDs	22
nonFullTGDs	4978		fullTGDs	232			newNonFullTGDs	318		newFullTGDs	22
nonFullTGDs	5058		fullTGDs	232			newNonFullTGDs	314		newFullTGDs	22
nonFullTGDs	5138		fullTGDs	232			newNonFullTGDs	354		newFullTGDs	22
nonFullTGDs	5238		fullTGDs	232			newNonFullTGDs	347		newFullTGDs	22
nonFullTGDs	5331		fullTGDs	232			newNonFullTGDs	346		newFullTGDs	22
nonFullTGDs	5413		fullTGDs	232			newNonFullTGDs	342		newFullTGDs	22
nonFullTGDs	5500		fullTGDs	232			newNonFullTGDs	342		newFullTGDs	22
nonFullTGDs	5586		fullTGDs	232			newNonFullTGDs	347		newFullTGDs	22
nonFullTGDs	5663		fullTGDs	232			newNonFullTGDs	336		newFullTGDs	22
nonFullTGDs	5739		fullTGDs	232			newNonFullTGDs	330		newFullTGDs	22
nonFullTGDs	5829		fullTGDs	232			newNonFullTGDs	339		newFullTGDs	22
nonFullTGDs	5927		fullTGDs	232			newNonFullTGDs	339		newFullTGDs	22
nonFullTGDs	6010		fullTGDs	232			newNonFullTGDs	337		newFullTGDs	22
nonFullTGDs	6096		fullTGDs	232			newNonFullTGDs	335		newFullTGDs	22
nonFullTGDs	6179		fullTGDs	232			newNonFullTGDs	330		newFullTGDs	22
nonFullTGDs	6260		fullTGDs	232			newNonFullTGDs	330		newFullTGDs	22
nonFullTGDs	6340		fullTGDs	232			newNonFullTGDs	324		newFullTGDs	22
nonFullTGDs	6420		fullTGDs	232			newNonFullTGDs	349		newFullTGDs	22
nonFullTGDs	6520		fullTGDs	232			newNonFullTGDs	334		newFullTGDs	22
nonFullTGDs	6608		fullTGDs	232			newNonFullTGDs	334		newFullTGDs	22
nonFullTGDs	6693		fullTGDs	232			newNonFullTGDs	332		newFullTGDs	22
nonFullTGDs	6778		fullTGDs	232			newNonFullTGDs	332		newFullTGDs	22
nonFullTGDs	6863		fullTGDs	232			newNonFullTGDs	329		newFullTGDs	22
nonFullTGDs	6941		fullTGDs	232			newNonFullTGDs	324		newFullTGDs	22
nonFullTGDs	7020		fullTGDs	232			newNonFullTGDs	320		newFullTGDs	22
nonFullTGDs	7111		fullTGDs	232			newNonFullTGDs	326		newFullTGDs	22
nonFullTGDs	7209		fullTGDs	232			newNonFullTGDs	332		newFullTGDs	22
nonFullTGDs	7295		fullTGDs	232			newNonFullTGDs	323		newFullTGDs	22
nonFullTGDs	7382		fullTGDs	232			newNonFullTGDs	328		newFullTGDs	22
nonFullTGDs	7466		fullTGDs	232			newNonFullTGDs	315		newFullTGDs	22
nonFullTGDs	7548		fullTGDs	232			newNonFullTGDs	314		newFullTGDs	22
nonFullTGDs	7628		fullTGDs	232			newNonFullTGDs	313		newFullTGDs	22
nonFullTGDs	7710		fullTGDs	232			newNonFullTGDs	343		newFullTGDs	22
nonFullTGDs	7810		fullTGDs	232			newNonFullTGDs	333		newFullTGDs	22
nonFullTGDs	7897		fullTGDs	232			newNonFullTGDs	335		newFullTGDs	22
nonFullTGDs	7982		fullTGDs	232			newNonFullTGDs	327		newFullTGDs	22
nonFullTGDs	8066		fullTGDs	232			newNonFullTGDs	330		newFullTGDs	22
nonFullTGDs	8150		fullTGDs	232			newNonFullTGDs	335		newFullTGDs	22
nonFullTGDs	8228		fullTGDs	232			newNonFullTGDs	322		newFullTGDs	22
nonFullTGDs	8309		fullTGDs	232			newNonFullTGDs	314		newFullTGDs	22
nonFullTGDs	8401		fullTGDs	232			newNonFullTGDs	331		newFullTGDs	22
nonFullTGDs	8498		fullTGDs	232			newNonFullTGDs	327		newFullTGDs	22
nonFullTGDs	8584		fullTGDs	232			newNonFullTGDs	324		newFullTGDs	22
nonFullTGDs	8670		fullTGDs	232			newNonFullTGDs	323		newFullTGDs	22
nonFullTGDs	8755		fullTGDs	232			newNonFullTGDs	316		newFullTGDs	22
nonFullTGDs	8835		fullTGDs	232			newNonFullTGDs	318		newFullTGDs	22
nonFullTGDs	8915		fullTGDs	232			newNonFullTGDs	311		newFullTGDs	22
nonFullTGDs	9000		fullTGDs	232			newNonFullTGDs	329		newFullTGDs	22
nonFullTGDs	9100		fullTGDs	232			newNonFullTGDs	316		newFullTGDs	22
nonFullTGDs	9187		fullTGDs	232			newNonFullTGDs	320		newFullTGDs	22
nonFullTGDs	9276		fullTGDs	232			newNonFullTGDs	314		newFullTGDs	22
nonFullTGDs	9373		fullTGDs	232			newNonFullTGDs	316		newFullTGDs	22
nonFullTGDs	9467		fullTGDs	232			newNonFullTGDs	313		newFullTGDs	22
nonFullTGDs	9556		fullTGDs	232			newNonFullTGDs	309		newFullTGDs	22
nonFullTGDs	9642		fullTGDs	232			newNonFullTGDs	319		newFullTGDs	22
nonFullTGDs	9726		fullTGDs	232			newNonFullTGDs	311		newFullTGDs	22
nonFullTGDs	9806		fullTGDs	232			newNonFullTGDs	312		newFullTGDs	22
nonFullTGDs	9887		fullTGDs	232			newNonFullTGDs	311		newFullTGDs	22
nonFullTGDs	9968		fullTGDs	232			newNonFullTGDs	313		newFullTGDs	22
nonFullTGDs	10052		fullTGDs	232			newNonFullTGDs	299		newFullTGDs	22
nonFullTGDs	10133		fullTGDs	232			newNonFullTGDs	303		newFullTGDs	22
nonFullTGDs	10212		fullTGDs	232			newNonFullTGDs	300		newFullTGDs	22
nonFullTGDs	10248		fullTGDs	232			newNonFullTGDs	351		newFullTGDs	22
nonFullTGDs	10271		fullTGDs	232			newNonFullTGDs	354		newFullTGDs	22
nonFullTGDs	10281		fullTGDs	232			newNonFullTGDs	348		newFullTGDs	22
nonFullTGDs	10325		fullTGDs	232			newNonFullTGDs	335		newFullTGDs	22
nonFullTGDs	10334		fullTGDs	232			newNonFullTGDs	340		newFullTGDs	22
nonFullTGDs	10356		fullTGDs	232			newNonFullTGDs	342		newFullTGDs	22
nonFullTGDs	10361		fullTGDs	232			newNonFullTGDs	339		newFullTGDs	22
nonFullTGDs	10404		fullTGDs	232			newNonFullTGDs	326		newFullTGDs	22
nonFullTGDs	10419		fullTGDs	232			newNonFullTGDs	339		newFullTGDs	22
nonFullTGDs	10442		fullTGDs	232			newNonFullTGDs	334		newFullTGDs	22
nonFullTGDs	10457		fullTGDs	232			newNonFullTGDs	331		newFullTGDs	22
nonFullTGDs	10485		fullTGDs	232			newNonFullTGDs	335		newFullTGDs	22
nonFullTGDs	10508		fullTGDs	232			newNonFullTGDs	325		newFullTGDs	22
nonFullTGDs	10516		fullTGDs	232			newNonFullTGDs	330		newFullTGDs	22
nonFullTGDs	10540		fullTGDs	232			newNonFullTGDs	322		newFullTGDs	22
nonFullTGDs	10565		fullTGDs	232			newNonFullTGDs	342		newFullTGDs	22
nonFullTGDs	10601		fullTGDs	232			newNonFullTGDs	330		newFullTGDs	22
nonFullTGDs	10601		fullTGDs	232			newNonFullTGDs	333		newFullTGDs	22
nonFullTGDs	10627		fullTGDs	232			newNonFullTGDs	326		newFullTGDs	22
nonFullTGDs	10650		fullTGDs	232			newNonFullTGDs	328		newFullTGDs	22
nonFullTGDs	10672		fullTGDs	232			newNonFullTGDs	335		newFullTGDs	22
nonFullTGDs	10680		fullTGDs	232			newNonFullTGDs	322		newFullTGDs	22
nonFullTGDs	10707		fullTGDs	232			newNonFullTGDs	316		newFullTGDs	22
nonFullTGDs	10734		fullTGDs	232			newNonFullTGDs	322		newFullTGDs	22
nonFullTGDs	10753		fullTGDs	232			newNonFullTGDs	330		newFullTGDs	22
nonFullTGDs	10763		fullTGDs	232			newNonFullTGDs	322		newFullTGDs	22
nonFullTGDs	10803		fullTGDs	232			newNonFullTGDs	326		newFullTGDs	22
nonFullTGDs	10826		fullTGDs	232			newNonFullTGDs	314		newFullTGDs	22
nonFullTGDs	10838		fullTGDs	232			newNonFullTGDs	314		newFullTGDs	22
nonFullTGDs	10849		fullTGDs	232			newNonFullTGDs	314		newFullTGDs	22
nonFullTGDs	10882		fullTGDs	232			newNonFullTGDs	344		newFullTGDs	22
nonFullTGDs	10908		fullTGDs	232			newNonFullTGDs	332		newFullTGDs	22
nonFullTGDs	10918		fullTGDs	232			newNonFullTGDs	333		newFullTGDs	22
nonFullTGDs	10943		fullTGDs	232			newNonFullTGDs	330		newFullTGDs	22
nonFullTGDs	10968		fullTGDs	232			newNonFullTGDs	330		newFullTGDs	22
nonFullTGDs	11004		fullTGDs	232			newNonFullTGDs	317		newFullTGDs	22
nonFullTGDs	10998		fullTGDs	232			newNonFullTGDs	325		newFullTGDs	22
nonFullTGDs	11025		fullTGDs	232			newNonFullTGDs	319		newFullTGDs	22
nonFullTGDs	11048		fullTGDs	232			newNonFullTGDs	327		newFullTGDs	22
nonFullTGDs	11072		fullTGDs	232			newNonFullTGDs	329		newFullTGDs	22
nonFullTGDs	11079		fullTGDs	232			newNonFullTGDs	326		newFullTGDs	22
nonFullTGDs	11132		fullTGDs	232			newNonFullTGDs	307		newFullTGDs	22
nonFullTGDs	11134		fullTGDs	232			newNonFullTGDs	315		newFullTGDs	22
nonFullTGDs	11156		fullTGDs	232			newNonFullTGDs	317		newFullTGDs	22
nonFullTGDs	11163		fullTGDs	232			newNonFullTGDs	312		newFullTGDs	22
nonFullTGDs	11213		fullTGDs	232			newNonFullTGDs	315		newFullTGDs	22
nonFullTGDs	11230		fullTGDs	232			newNonFullTGDs	319		newFullTGDs	22
nonFullTGDs	11235		fullTGDs	232			newNonFullTGDs	325		newFullTGDs	22
nonFullTGDs	11265		fullTGDs	232			newNonFullTGDs	316		newFullTGDs	22
nonFullTGDs	11286		fullTGDs	232			newNonFullTGDs	318		newFullTGDs	22
nonFullTGDs	11311		fullTGDs	232			newNonFullTGDs	320		newFullTGDs	22
nonFullTGDs	11317		fullTGDs	232			newNonFullTGDs	317		newFullTGDs	22
nonFullTGDs	11369		fullTGDs	232			newNonFullTGDs	299		newFullTGDs	22
nonFullTGDs	11373		fullTGDs	232			newNonFullTGDs	315		newFullTGDs	22
nonFullTGDs	11395		fullTGDs	232			newNonFullTGDs	317		newFullTGDs	22
nonFullTGDs	11402		fullTGDs	232			newNonFullTGDs	312		newFullTGDs	22
nonFullTGDs	11450		fullTGDs	232			newNonFullTGDs	297		newFullTGDs	22
nonFullTGDs	11451		fullTGDs	232			newNonFullTGDs	306		newFullTGDs	22
nonFullTGDs	11474		fullTGDs	232			newNonFullTGDs	307		newFullTGDs	22
nonFullTGDs	11480		fullTGDs	232			newNonFullTGDs	303		newFullTGDs	22
nonFullTGDs	11531		fullTGDs	232			newNonFullTGDs	298		newFullTGDs	22
nonFullTGDs	11547		fullTGDs	232			newNonFullTGDs	332		newFullTGDs	22
nonFullTGDs	11554		fullTGDs	232			newNonFullTGDs	337		newFullTGDs	22
nonFullTGDs	11583		fullTGDs	232			newNonFullTGDs	327		newFullTGDs	22
nonFullTGDs	11607		fullTGDs	232			newNonFullTGDs	329		newFullTGDs	22
nonFullTGDs	11629		fullTGDs	232			newNonFullTGDs	320		newFullTGDs	22
nonFullTGDs	11639		fullTGDs	232			newNonFullTGDs	324		newFullTGDs	22
nonFullTGDs	11667		fullTGDs	232			newNonFullTGDs	315		newFullTGDs	22
nonFullTGDs	11689		fullTGDs	232			newNonFullTGDs	325		newFullTGDs	22
nonFullTGDs	11712		fullTGDs	232			newNonFullTGDs	329		newFullTGDs	22
nonFullTGDs	11722		fullTGDs	232			newNonFullTGDs	317		newFullTGDs	22
nonFullTGDs	11758		fullTGDs	232			newNonFullTGDs	312		newFullTGDs	22
nonFullTGDs	11770		fullTGDs	232			newNonFullTGDs	321		newFullTGDs	22
nonFullTGDs	11793		fullTGDs	232			newNonFullTGDs	319		newFullTGDs	22
nonFullTGDs	11799		fullTGDs	232			newNonFullTGDs	317		newFullTGDs	22
nonFullTGDs	11840		fullTGDs	232			newNonFullTGDs	301		newFullTGDs	22
nonFullTGDs	11853		fullTGDs	232			newNonFullTGDs	324		newFullTGDs	22
nonFullTGDs	11877		fullTGDs	232			newNonFullTGDs	322		newFullTGDs	22
nonFullTGDs	11896		fullTGDs	232			newNonFullTGDs	317		newFullTGDs	22
nonFullTGDs	11925		fullTGDs	232			newNonFullTGDs	320		newFullTGDs	22
nonFullTGDs	11947		fullTGDs	232			newNonFullTGDs	312		newFullTGDs	22
nonFullTGDs	11957		fullTGDs	232			newNonFullTGDs	314		newFullTGDs	22
nonFullTGDs	11982		fullTGDs	232			newNonFullTGDs	306		newFullTGDs	22
nonFullTGDs	12004		fullTGDs	232			newNonFullTGDs	318		newFullTGDs	22
nonFullTGDs	12043		fullTGDs	232			newNonFullTGDs	304		newFullTGDs	22
nonFullTGDs	12039		fullTGDs	232			newNonFullTGDs	308		newFullTGDs	22
nonFullTGDs	12075		fullTGDs	232			newNonFullTGDs	302		newFullTGDs	22
nonFullTGDs	12092		fullTGDs	232			newNonFullTGDs	304		newFullTGDs	22
nonFullTGDs	12114		fullTGDs	232			newNonFullTGDs	307		newFullTGDs	22
nonFullTGDs	12120		fullTGDs	232			newNonFullTGDs	305		newFullTGDs	22
nonFullTGDs	12156		fullTGDs	232			newNonFullTGDs	292		newFullTGDs	22
nonFullTGDs	12171		fullTGDs	232			newNonFullTGDs	325		newFullTGDs	22
nonFullTGDs	12195		fullTGDs	232			newNonFullTGDs	323		newFullTGDs	22
nonFullTGDs	12213		fullTGDs	232			newNonFullTGDs	317		newFullTGDs	22
nonFullTGDs	12244		fullTGDs	232			newNonFullTGDs	320		newFullTGDs	22
nonFullTGDs	12265		fullTGDs	232			newNonFullTGDs	312		newFullTGDs	22
nonFullTGDs	12276		fullTGDs	232			newNonFullTGDs	314		newFullTGDs	22
nonFullTGDs	12298		fullTGDs	232			newNonFullTGDs	307		newFullTGDs	22
nonFullTGDs	12323		fullTGDs	232			newNonFullTGDs	318		newFullTGDs	22
nonFullTGDs	12359		fullTGDs	232			newNonFullTGDs	306		newFullTGDs	22
nonFullTGDs	12360		fullTGDs	232			newNonFullTGDs	306		newFullTGDs	22
nonFullTGDs	12391		fullTGDs	232			newNonFullTGDs	304		newFullTGDs	22
nonFullTGDs	12410		fullTGDs	232			newNonFullTGDs	301		newFullTGDs	22
nonFullTGDs	12433		fullTGDs	232			newNonFullTGDs	308		newFullTGDs	22
nonFullTGDs	12443		fullTGDs	232			newNonFullTGDs	292		newFullTGDs	22
nonFullTGDs	12473		fullTGDs	232			newNonFullTGDs	293		newFullTGDs	22
nonFullTGDs	12489		fullTGDs	232			newNonFullTGDs	315		newFullTGDs	22
nonFullTGDs	12515		fullTGDs	232			newNonFullTGDs	312		newFullTGDs	22
nonFullTGDs	12531		fullTGDs	232			newNonFullTGDs	307		newFullTGDs	22
nonFullTGDs	12562		fullTGDs	232			newNonFullTGDs	308		newFullTGDs	22
nonFullTGDs	12597		fullTGDs	232			newNonFullTGDs	296		newFullTGDs	22
nonFullTGDs	12598		fullTGDs	232			newNonFullTGDs	297		newFullTGDs	22
nonFullTGDs	12629		fullTGDs	232			newNonFullTGDs	294		newFullTGDs	22
nonFullTGDs	12649		fullTGDs	232			newNonFullTGDs	300		newFullTGDs	22
nonFullTGDs	12674		fullTGDs	232			newNonFullTGDs	305		newFullTGDs	22
nonFullTGDs	12681		fullTGDs	232			newNonFullTGDs	292		newFullTGDs	22
nonFullTGDs	12711		fullTGDs	232			newNonFullTGDs	292		newFullTGDs	22
nonFullTGDs	12729		fullTGDs	232			newNonFullTGDs	290		newFullTGDs	22
nonFullTGDs	12752		fullTGDs	232			newNonFullTGDs	297		newFullTGDs	22
nonFullTGDs	12762		fullTGDs	232			newNonFullTGDs	281		newFullTGDs	22
nonFullTGDs	12792		fullTGDs	232			newNonFullTGDs	282		newFullTGDs	22
nonFullTGDs	12882		fullTGDs	232			newNonFullTGDs	349		newFullTGDs	22
nonFullTGDs	12978		fullTGDs	232			newNonFullTGDs	347		newFullTGDs	22
nonFullTGDs	13062		fullTGDs	232			newNonFullTGDs	341		newFullTGDs	22
nonFullTGDs	13139		fullTGDs	232			newNonFullTGDs	348		newFullTGDs	22
nonFullTGDs	13218		fullTGDs	232			newNonFullTGDs	339		newFullTGDs	22
nonFullTGDs	13290		fullTGDs	232			newNonFullTGDs	342		newFullTGDs	22
nonFullTGDs	13359		fullTGDs	232			newNonFullTGDs	331		newFullTGDs	22
nonFullTGDs	13428		fullTGDs	232			newNonFullTGDs	326		newFullTGDs	22
nonFullTGDs	13514		fullTGDs	232			newNonFullTGDs	336		newFullTGDs	22
nonFullTGDs	13607		fullTGDs	232			newNonFullTGDs	337		newFullTGDs	22
nonFullTGDs	13686		fullTGDs	232			newNonFullTGDs	337		newFullTGDs	22
nonFullTGDs	13770		fullTGDs	232			newNonFullTGDs	320		newFullTGDs	22
nonFullTGDs	13841		fullTGDs	232			newNonFullTGDs	332		newFullTGDs	22
nonFullTGDs	13912		fullTGDs	232			newNonFullTGDs	334		newFullTGDs	22
nonFullTGDs	13981		fullTGDs	232			newNonFullTGDs	323		newFullTGDs	22
nonFullTGDs	14053		fullTGDs	232			newNonFullTGDs	322		newFullTGDs	22
nonFullTGDs	14134		fullTGDs	232			newNonFullTGDs	340		newFullTGDs	22
nonFullTGDs	14228		fullTGDs	232			newNonFullTGDs	344		newFullTGDs	22
nonFullTGDs	14309		fullTGDs	232			newNonFullTGDs	330		newFullTGDs	22
nonFullTGDs	14393		fullTGDs	232			newNonFullTGDs	327		newFullTGDs	22
nonFullTGDs	14465		fullTGDs	232			newNonFullTGDs	329		newFullTGDs	22
nonFullTGDs	14537		fullTGDs	232			newNonFullTGDs	319		newFullTGDs	22
nonFullTGDs	14607		fullTGDs	232			newNonFullTGDs	323		newFullTGDs	22
nonFullTGDs	14679		fullTGDs	232			newNonFullTGDs	318		newFullTGDs	22
nonFullTGDs	14754		fullTGDs	232			newNonFullTGDs	333		newFullTGDs	22
nonFullTGDs	14848		fullTGDs	232			newNonFullTGDs	322		newFullTGDs	22
nonFullTGDs	14934		fullTGDs	232			newNonFullTGDs	319		newFullTGDs	22
nonFullTGDs	15019		fullTGDs	232			newNonFullTGDs	317		newFullTGDs	22
nonFullTGDs	15096		fullTGDs	232			newNonFullTGDs	320		newFullTGDs	22
nonFullTGDs	15165		fullTGDs	232			newNonFullTGDs	310		newFullTGDs	22
nonFullTGDs	15237		fullTGDs	232			newNonFullTGDs	318		newFullTGDs	22
nonFullTGDs	15308		fullTGDs	232			newNonFullTGDs	311		newFullTGDs	22
nonFullTGDs	15381		fullTGDs	232			newNonFullTGDs	346		newFullTGDs	22
nonFullTGDs	15477		fullTGDs	232			newNonFullTGDs	333		newFullTGDs	22
nonFullTGDs	15562		fullTGDs	232			newNonFullTGDs	334		newFullTGDs	22
nonFullTGDs	15644		fullTGDs	232			newNonFullTGDs	324		newFullTGDs	22
nonFullTGDs	15722		fullTGDs	232			newNonFullTGDs	330		newFullTGDs	22
nonFullTGDs	15793		fullTGDs	232			newNonFullTGDs	326		newFullTGDs	22
nonFullTGDs	15863		fullTGDs	232			newNonFullTGDs	325		newFullTGDs	22
nonFullTGDs	15935		fullTGDs	232			newNonFullTGDs	321		newFullTGDs	22
nonFullTGDs	16006		fullTGDs	232			newNonFullTGDs	311		newFullTGDs	22
nonFullTGDs	16096		fullTGDs	232			newNonFullTGDs	325		newFullTGDs	22
nonFullTGDs	16185		fullTGDs	232			newNonFullTGDs	322		newFullTGDs	22
nonFullTGDs	16270		fullTGDs	232			newNonFullTGDs	319		newFullTGDs	22
nonFullTGDs	16351		fullTGDs	232			newNonFullTGDs	320		newFullTGDs	22
nonFullTGDs	16422		fullTGDs	232			newNonFullTGDs	313		newFullTGDs	22
nonFullTGDs	16493		fullTGDs	232			newNonFullTGDs	317		newFullTGDs	22
nonFullTGDs	16564		fullTGDs	232			newNonFullTGDs	316		newFullTGDs	22
nonFullTGDs	16635		fullTGDs	232			newNonFullTGDs	304		newFullTGDs	22
nonFullTGDs	16723		fullTGDs	232			newNonFullTGDs	329		newFullTGDs	22
nonFullTGDs	16815		fullTGDs	232			newNonFullTGDs	326		newFullTGDs	22
nonFullTGDs	16899		fullTGDs	232			newNonFullTGDs	318		newFullTGDs	22
nonFullTGDs	16984		fullTGDs	232			newNonFullTGDs	322		newFullTGDs	22
nonFullTGDs	17078		fullTGDs	232			newNonFullTGDs	311		newFullTGDs	22
nonFullTGDs	17166		fullTGDs	232			newNonFullTGDs	311		newFullTGDs	22
nonFullTGDs	17251		fullTGDs	232			newNonFullTGDs	309		newFullTGDs	22
nonFullTGDs	17329		fullTGDs	232			newNonFullTGDs	320		newFullTGDs	22
nonFullTGDs	17399		fullTGDs	232			newNonFullTGDs	311		newFullTGDs	22
nonFullTGDs	17471		fullTGDs	232			newNonFullTGDs	315		newFullTGDs	22
nonFullTGDs	17542		fullTGDs	232			newNonFullTGDs	309		newFullTGDs	22
nonFullTGDs	17615		fullTGDs	232			newNonFullTGDs	313		newFullTGDs	22
nonFullTGDs	17685		fullTGDs	232			newNonFullTGDs	307		newFullTGDs	22
nonFullTGDs	17755		fullTGDs	232			newNonFullTGDs	309		newFullTGDs	22
nonFullTGDs	17826		fullTGDs	232			newNonFullTGDs	299		newFullTGDs	22
nonFullTGDs	17898		fullTGDs	232			newNonFullTGDs	296		newFullTGDs	22
nonFullTGDs	17982		fullTGDs	232			newNonFullTGDs	335		newFullTGDs	22
nonFullTGDs	18076		fullTGDs	232			newNonFullTGDs	338		newFullTGDs	22
nonFullTGDs	18156		fullTGDs	232			newNonFullTGDs	324		newFullTGDs	22
nonFullTGDs	18240		fullTGDs	232			newNonFullTGDs	321		newFullTGDs	22
nonFullTGDs	18311		fullTGDs	232			newNonFullTGDs	323		newFullTGDs	22
nonFullTGDs	18384		fullTGDs	232			newNonFullTGDs	329		newFullTGDs	22
nonFullTGDs	18454		fullTGDs	232			newNonFullTGDs	318		newFullTGDs	22
nonFullTGDs	18526		fullTGDs	232			newNonFullTGDs	316		newFullTGDs	22
nonFullTGDs	18602		fullTGDs	232			newNonFullTGDs	328		newFullTGDs	22
nonFullTGDs	18696		fullTGDs	232			newNonFullTGDs	317		newFullTGDs	22
nonFullTGDs	18781		fullTGDs	232			newNonFullTGDs	319		newFullTGDs	22
nonFullTGDs	18867		fullTGDs	232			newNonFullTGDs	312		newFullTGDs	22
nonFullTGDs	18940		fullTGDs	232			newNonFullTGDs	316		newFullTGDs	22
nonFullTGDs	19011		fullTGDs	232			newNonFullTGDs	309		newFullTGDs	22
nonFullTGDs	19083		fullTGDs	232			newNonFullTGDs	313		newFullTGDs	22
nonFullTGDs	19154		fullTGDs	232			newNonFullTGDs	308		newFullTGDs	22
nonFullTGDs	19229		fullTGDs	232			newNonFullTGDs	329		newFullTGDs	22
nonFullTGDs	19323		fullTGDs	232			newNonFullTGDs	318		newFullTGDs	22
nonFullTGDs	19409		fullTGDs	232			newNonFullTGDs	320		newFullTGDs	22
nonFullTGDs	19494		fullTGDs	232			newNonFullTGDs	316		newFullTGDs	22
nonFullTGDs	19571		fullTGDs	232			newNonFullTGDs	319		newFullTGDs	22
nonFullTGDs	19642		fullTGDs	232			newNonFullTGDs	309		newFullTGDs	22
nonFullTGDs	19712		fullTGDs	232			newNonFullTGDs	316		newFullTGDs	22
nonFullTGDs	19783		fullTGDs	232			newNonFullTGDs	311		newFullTGDs	22
nonFullTGDs	19856		fullTGDs	232			newNonFullTGDs	321		newFullTGDs	22
nonFullTGDs	19950		fullTGDs	232			newNonFullTGDs	310		newFullTGDs	22
nonFullTGDs	20038		fullTGDs	232			newNonFullTGDs	313		newFullTGDs	22
nonFullTGDs	20124		fullTGDs	232			newNonFullTGDs	300		newFullTGDs	22
nonFullTGDs	20202		fullTGDs	232			newNonFullTGDs	306		newFullTGDs	22
nonFullTGDs	20273		fullTGDs	232			newNonFullTGDs	303		newFullTGDs	22
nonFullTGDs	20344		fullTGDs	232			newNonFullTGDs	301		newFullTGDs	22
nonFullTGDs	20415		fullTGDs	232			newNonFullTGDs	300		newFullTGDs	22
nonFullTGDs	20487		fullTGDs	232			newNonFullTGDs	287		newFullTGDs	22
nonFullTGDs	20578		fullTGDs	232			newNonFullTGDs	323		newFullTGDs	22
nonFullTGDs	20666		fullTGDs	232			newNonFullTGDs	319		newFullTGDs	22
nonFullTGDs	20752		fullTGDs	232			newNonFullTGDs	315		newFullTGDs	22
nonFullTGDs	20831		fullTGDs	232			newNonFullTGDs	317		newFullTGDs	22
nonFullTGDs	20902		fullTGDs	232			newNonFullTGDs	310		newFullTGDs	22
nonFullTGDs	20974		fullTGDs	232			newNonFullTGDs	314		newFullTGDs	22
nonFullTGDs	21046		fullTGDs	232			newNonFullTGDs	312		newFullTGDs	22
nonFullTGDs	21117		fullTGDs	232			newNonFullTGDs	300		newFullTGDs	22
nonFullTGDs	21205		fullTGDs	232			newNonFullTGDs	315		newFullTGDs	22
nonFullTGDs	21296		fullTGDs	232			newNonFullTGDs	312		newFullTGDs	22
nonFullTGDs	21382		fullTGDs	232			newNonFullTGDs	307		newFullTGDs	22
nonFullTGDs	21464		fullTGDs	232			newNonFullTGDs	311		newFullTGDs	22
nonFullTGDs	21533		fullTGDs	232			newNonFullTGDs	301		newFullTGDs	22
nonFullTGDs	21605		fullTGDs	232			newNonFullTGDs	302		newFullTGDs	22
nonFullTGDs	21677		fullTGDs	232			newNonFullTGDs	300		newFullTGDs	22
nonFullTGDs	21748		fullTGDs	232			newNonFullTGDs	292		newFullTGDs	22
nonFullTGDs	21834		fullTGDs	232			newNonFullTGDs	308		newFullTGDs	22
nonFullTGDs	21926		fullTGDs	232			newNonFullTGDs	310		newFullTGDs	22
nonFullTGDs	22011		fullTGDs	232			newNonFullTGDs	308		newFullTGDs	22
nonFullTGDs	22096		fullTGDs	232			newNonFullTGDs	312		newFullTGDs	22
nonFullTGDs	22190		fullTGDs	232			newNonFullTGDs	301		newFullTGDs	22
nonFullTGDs	22279		fullTGDs	232			newNonFullTGDs	301		newFullTGDs	22
nonFullTGDs	22364		fullTGDs	232			newNonFullTGDs	293		newFullTGDs	22
nonFullTGDs	22443		fullTGDs	232			newNonFullTGDs	303		newFullTGDs	22
nonFullTGDs	22514		fullTGDs	232			newNonFullTGDs	299		newFullTGDs	22
nonFullTGDs	22585		fullTGDs	232			newNonFullTGDs	297		newFullTGDs	22
nonFullTGDs	22656		fullTGDs	232			newNonFullTGDs	296		newFullTGDs	22
nonFullTGDs	22728		fullTGDs	232			newNonFullTGDs	284		newFullTGDs	22
nonFullTGDs	22799		fullTGDs	232			newNonFullTGDs	297		newFullTGDs	22
nonFullTGDs	22870		fullTGDs	232			newNonFullTGDs	297		newFullTGDs	22
nonFullTGDs	22941		fullTGDs	232			newNonFullTGDs	286		newFullTGDs	22
nonFullTGDs	23013		fullTGDs	232			newNonFullTGDs	284		newFullTGDs	22
nonFullTGDs	23045		fullTGDs	232			newNonFullTGDs	338		newFullTGDs	22
nonFullTGDs	23075		fullTGDs	232			newNonFullTGDs	337		newFullTGDs	22
nonFullTGDs	23082		fullTGDs	232			newNonFullTGDs	326		newFullTGDs	22
nonFullTGDs	23109		fullTGDs	232			newNonFullTGDs	320		newFullTGDs	22
nonFullTGDs	23130		fullTGDs	232			newNonFullTGDs	325		newFullTGDs	22
nonFullTGDs	23154		fullTGDs	232			newNonFullTGDs	319		newFullTGDs	22
nonFullTGDs	23159		fullTGDs	232			newNonFullTGDs	323		newFullTGDs	22
nonFullTGDs	23175		fullTGDs	232			newNonFullTGDs	317		newFullTGDs	22
nonFullTGDs	23202		fullTGDs	232			newNonFullTGDs	332		newFullTGDs	22
nonFullTGDs	23223		fullTGDs	232			newNonFullTGDs	323		newFullTGDs	22
nonFullTGDs	23237		fullTGDs	232			newNonFullTGDs	322		newFullTGDs	22
nonFullTGDs	23269		fullTGDs	232			newNonFullTGDs	310		newFullTGDs	22
nonFullTGDs	23286		fullTGDs	232			newNonFullTGDs	318		newFullTGDs	22
nonFullTGDs	23305		fullTGDs	232			newNonFullTGDs	313		newFullTGDs	22
nonFullTGDs	23317		fullTGDs	232			newNonFullTGDs	313		newFullTGDs	22
nonFullTGDs	23321		fullTGDs	232			newNonFullTGDs	311		newFullTGDs	22
nonFullTGDs	23362		fullTGDs	232			newNonFullTGDs	301		newFullTGDs	22
nonFullTGDs	23372		fullTGDs	232			newNonFullTGDs	323		newFullTGDs	22
nonFullTGDs	23397		fullTGDs	232			newNonFullTGDs	321		newFullTGDs	22
nonFullTGDs	23407		fullTGDs	232			newNonFullTGDs	317		newFullTGDs	22
nonFullTGDs	23446		fullTGDs	232			newNonFullTGDs	320		newFullTGDs	22
nonFullTGDs	23453		fullTGDs	232			newNonFullTGDs	312		newFullTGDs	22
nonFullTGDs	23477		fullTGDs	232			newNonFullTGDs	314		newFullTGDs	22
nonFullTGDs	23483		fullTGDs	232			newNonFullTGDs	302		newFullTGDs	22
nonFullTGDs	23505		fullTGDs	232			newNonFullTGDs	302		newFullTGDs	22
nonFullTGDs	23528		fullTGDs	232			newNonFullTGDs	312		newFullTGDs	22
nonFullTGDs	23552		fullTGDs	232			newNonFullTGDs	316		newFullTGDs	22
nonFullTGDs	23557		fullTGDs	232			newNonFullTGDs	313		newFullTGDs	22
nonFullTGDs	23606		fullTGDs	232			newNonFullTGDs	296		newFullTGDs	22
nonFullTGDs	23612		fullTGDs	232			newNonFullTGDs	302		newFullTGDs	22
nonFullTGDs	23632		fullTGDs	232			newNonFullTGDs	311		newFullTGDs	22
nonFullTGDs	23637		fullTGDs	232			newNonFullTGDs	300		newFullTGDs	22
nonFullTGDs	23661		fullTGDs	232			newNonFullTGDs	298		newFullTGDs	22
nonFullTGDs	23688		fullTGDs	232			newNonFullTGDs	323		newFullTGDs	22
nonFullTGDs	23721		fullTGDs	232			newNonFullTGDs	313		newFullTGDs	22
nonFullTGDs	23720		fullTGDs	232			newNonFullTGDs	316		newFullTGDs	22
nonFullTGDs	23746		fullTGDs	232			newNonFullTGDs	310		newFullTGDs	22
nonFullTGDs	23770		fullTGDs	232			newNonFullTGDs	313		newFullTGDs	22
nonFullTGDs	23790		fullTGDs	232			newNonFullTGDs	307		newFullTGDs	22
nonFullTGDs	23798		fullTGDs	232			newNonFullTGDs	311		newFullTGDs	22
nonFullTGDs	23813		fullTGDs	232			newNonFullTGDs	306		newFullTGDs	22
nonFullTGDs	23840		fullTGDs	232			newNonFullTGDs	321		newFullTGDs	22
nonFullTGDs	23862		fullTGDs	232			newNonFullTGDs	311		newFullTGDs	22
nonFullTGDs	23876		fullTGDs	232			newNonFullTGDs	310		newFullTGDs	22
nonFullTGDs	23907		fullTGDs	232			newNonFullTGDs	298		newFullTGDs	22
nonFullTGDs	23926		fullTGDs	232			newNonFullTGDs	305		newFullTGDs	22
nonFullTGDs	23944		fullTGDs	232			newNonFullTGDs	302		newFullTGDs	22
nonFullTGDs	23956		fullTGDs	232			newNonFullTGDs	301		newFullTGDs	22
nonFullTGDs	23961		fullTGDs	232			newNonFullTGDs	298		newFullTGDs	22
nonFullTGDs	24002		fullTGDs	232			newNonFullTGDs	288		newFullTGDs	22
nonFullTGDs	24012		fullTGDs	232			newNonFullTGDs	310		newFullTGDs	22
nonFullTGDs	24035		fullTGDs	232			newNonFullTGDs	310		newFullTGDs	22
nonFullTGDs	24048		fullTGDs	232			newNonFullTGDs	307		newFullTGDs	22
nonFullTGDs	24084		fullTGDs	232			newNonFullTGDs	306		newFullTGDs	22
nonFullTGDs	24106		fullTGDs	232			newNonFullTGDs	296		newFullTGDs	22
nonFullTGDs	24117		fullTGDs	232			newNonFullTGDs	297		newFullTGDs	22
nonFullTGDs	24140		fullTGDs	232			newNonFullTGDs	295		newFullTGDs	22
nonFullTGDs	24166		fullTGDs	232			newNonFullTGDs	306		newFullTGDs	22
nonFullTGDs	24186		fullTGDs	232			newNonFullTGDs	297		newFullTGDs	22
nonFullTGDs	24199		fullTGDs	232			newNonFullTGDs	298		newFullTGDs	22
nonFullTGDs	24203		fullTGDs	232			newNonFullTGDs	293		newFullTGDs	22
nonFullTGDs	24250		fullTGDs	232			newNonFullTGDs	281		newFullTGDs	22
nonFullTGDs	24248		fullTGDs	232			newNonFullTGDs	296		newFullTGDs	22
nonFullTGDs	24271		fullTGDs	232			newNonFullTGDs	298		newFullTGDs	22
nonFullTGDs	24277		fullTGDs	232			newNonFullTGDs	286		newFullTGDs	22
nonFullTGDs	24300		fullTGDs	232			newNonFullTGDs	285		newFullTGDs	22
nonFullTGDs	24327		fullTGDs	232			newNonFullTGDs	323		newFullTGDs	22
nonFullTGDs	24365		fullTGDs	232			newNonFullTGDs	309		newFullTGDs	22
nonFullTGDs	24360		fullTGDs	232			newNonFullTGDs	314		newFullTGDs	22
nonFullTGDs	24389		fullTGDs	232			newNonFullTGDs	306		newFullTGDs	22
nonFullTGDs	24410		fullTGDs	232			newNonFullTGDs	311		newFullTGDs	22
nonFullTGDs	24434		fullTGDs	232			newNonFullTGDs	305		newFullTGDs	22
nonFullTGDs	24439		fullTGDs	232			newNonFullTGDs	308		newFullTGDs	22
nonFullTGDs	24457		fullTGDs	232			newNonFullTGDs	302		newFullTGDs	22
Nov 12, 2021 4:14:37 AM uk.ac.ox.cs.gsat.SaturationStatistics log
INFO: # initial TGDs: 243 , 187
Nov 12, 2021 4:14:37 AM uk.ac.ox.cs.gsat.SaturationStatistics log
INFO: GSat total time : 600023 ms = 600.02 s
Nov 12, 2021 4:14:37 AM uk.ac.ox.cs.gsat.SaturationStatistics log
INFO: Subsumed elements : 398270
Nov 12, 2021 4:14:37 AM uk.ac.ox.cs.gsat.SaturationStatistics log
INFO: Filter discarded elements : 3804191645
Nov 12, 2021 4:14:37 AM uk.ac.ox.cs.gsat.SaturationStatistics log
INFO: subsumption time: 528101 ms = 528.10 s
Nov 12, 2021 4:14:37 AM uk.ac.ox.cs.gsat.SaturationStatistics log
INFO: forward subsumption time: 460986 ms = 460.99 s
Nov 12, 2021 4:14:37 AM uk.ac.ox.cs.gsat.SaturationStatistics log
INFO: backward subsumption time: 67115 ms = 67.12 s
Nov 12, 2021 4:14:37 AM uk.ac.ox.cs.gsat.SaturationStatistics log
INFO: Derived full/non full TGDs: 22 , 422871
Nov 12, 2021 4:14:37 AM uk.ac.ox.cs.gsat.SaturationStatistics log
INFO: discarded tautology count: 0
Nov 12, 2021 4:14:37 AM uk.ac.ox.cs.gsat.SaturationStatistics log
INFO: !!! TIME OUT !!!
Nov 12, 2021 4:14:37 AM uk.ac.ox.cs.gsat.EvolveStatistics log
INFO: Stop because subsumed: 7642
Nov 12, 2021 4:14:37 AM uk.ac.ox.cs.gsat.EvolveStatistics log
INFO: evolved equals to current: 468985
Nov 12, 2021 4:14:37 AM uk.ac.ox.cs.gsat.EvolveStatistics log
INFO: evolved time: 62909 ms = 62.91 s
Nov 12, 2021 4:14:37 AM uk.ac.ox.cs.gsat.EvolveStatistics log
INFO: evolve count: 1900754
Nov 12, 2021 4:14:37 AM uk.ac.ox.cs.gsat.AbstractSaturation run
INFO: ouptput full TGDs not contained in the input: 22
Nov 12, 2021 4:14:37 AM uk.ac.ox.cs.gsat.App executeAllSteps
INFO: Rewriting completed!
Full TGD saturation: (254 dependecies)
Nov 12, 2021 4:14:37 AM uk.ac.ox.cs.gsat.App executeAllSteps
INFO: Writing the saturation in the Datalog file 00345.rul
