Starting Saturation...
Executing from DLGP files
SLF4J: Failed to load class "org.slf4j.impl.StaticLoggerBinder".
SLF4J: Defaulting to no-operation (NOP) logger implementation
SLF4J: See http://www.slf4j.org/codes.html#StaticLoggerBinder for further details.
# Rules: 53288; # Atoms: 0; # AtomSets: 0; # Queries: 0; # Constraints: 0
Full TGD saturation algorithm: GSat
Running GSat...
Nov 12, 2021 5:22:35 AM uk.ac.ox.cs.gsat.AbstractSaturation run
INFO: GSat discarded rules : 0/53288 = 0.000%
GSat discarded rules : 0/53288 = 0.000%
Nov 12, 2021 5:22:36 AM uk.ac.ox.cs.gsat.AbstractSaturation run
INFO: Subsumption method : tree_predicate
length of the formulas: 2.2455828
number of bags: 37
length of the formulas: 2.2455828
number of bags: 37
nonFullTGDs	0		fullTGDs	40960			newNonFullTGDs	11279		newFullTGDs	0
nonFullTGDs	8		fullTGDs	40960			newNonFullTGDs	11271		newFullTGDs	30
nonFullTGDs	18		fullTGDs	40960			newNonFullTGDs	11261		newFullTGDs	80
nonFullTGDs	36		fullTGDs	40960			newNonFullTGDs	11243		newFullTGDs	356
nonFullTGDs	47		fullTGDs	40960			newNonFullTGDs	11232		newFullTGDs	427
nonFullTGDs	57		fullTGDs	40960			newNonFullTGDs	11222		newFullTGDs	464
nonFullTGDs	68		fullTGDs	40960			newNonFullTGDs	11211		newFullTGDs	516
nonFullTGDs	75		fullTGDs	40960			newNonFullTGDs	11204		newFullTGDs	517
nonFullTGDs	82		fullTGDs	40960			newNonFullTGDs	11197		newFullTGDs	517
nonFullTGDs	88		fullTGDs	40960			newNonFullTGDs	11191		newFullTGDs	517
nonFullTGDs	92		fullTGDs	40960			newNonFullTGDs	11187		newFullTGDs	517
nonFullTGDs	97		fullTGDs	40960			newNonFullTGDs	11182		newFullTGDs	517
nonFullTGDs	103		fullTGDs	40960			newNonFullTGDs	11176		newFullTGDs	517
nonFullTGDs	108		fullTGDs	40960			newNonFullTGDs	11171		newFullTGDs	517
nonFullTGDs	114		fullTGDs	40960			newNonFullTGDs	11165		newFullTGDs	517
nonFullTGDs	124		fullTGDs	40960			newNonFullTGDs	11155		newFullTGDs	630
nonFullTGDs	135		fullTGDs	40960			newNonFullTGDs	11144		newFullTGDs	780
nonFullTGDs	141		fullTGDs	40960			newNonFullTGDs	11138		newFullTGDs	826
nonFullTGDs	149		fullTGDs	40960			newNonFullTGDs	11130		newFullTGDs	891
nonFullTGDs	164		fullTGDs	40960			newNonFullTGDs	11115		newFullTGDs	1013
nonFullTGDs	185		fullTGDs	40960			newNonFullTGDs	11094		newFullTGDs	1056
nonFullTGDs	192		fullTGDs	40960			newNonFullTGDs	11087		newFullTGDs	1057
nonFullTGDs	197		fullTGDs	40960			newNonFullTGDs	11082		newFullTGDs	1057
nonFullTGDs	204		fullTGDs	40960			newNonFullTGDs	11075		newFullTGDs	1057
nonFullTGDs	210		fullTGDs	40960			newNonFullTGDs	11069		newFullTGDs	1057
nonFullTGDs	216		fullTGDs	40960			newNonFullTGDs	11063		newFullTGDs	1057
nonFullTGDs	222		fullTGDs	40960			newNonFullTGDs	11057		newFullTGDs	1057
nonFullTGDs	228		fullTGDs	40960			newNonFullTGDs	11051		newFullTGDs	1057
nonFullTGDs	240		fullTGDs	40960			newNonFullTGDs	11039		newFullTGDs	1091
nonFullTGDs	257		fullTGDs	40960			newNonFullTGDs	11022		newFullTGDs	1152
nonFullTGDs	273		fullTGDs	40960			newNonFullTGDs	11006		newFullTGDs	1163
nonFullTGDs	288		fullTGDs	40960			newNonFullTGDs	10991		newFullTGDs	1196
nonFullTGDs	311		fullTGDs	40960			newNonFullTGDs	10968		newFullTGDs	1236
nonFullTGDs	328		fullTGDs	40960			newNonFullTGDs	10951		newFullTGDs	1261
nonFullTGDs	333		fullTGDs	40960			newNonFullTGDs	10946		newFullTGDs	1261
nonFullTGDs	338		fullTGDs	40960			newNonFullTGDs	10941		newFullTGDs	1261
nonFullTGDs	343		fullTGDs	40960			newNonFullTGDs	10936		newFullTGDs	1261
nonFullTGDs	345		fullTGDs	40960			newNonFullTGDs	10934		newFullTGDs	1261
nonFullTGDs	368		fullTGDs	40960			newNonFullTGDs	10911		newFullTGDs	1273
nonFullTGDs	376		fullTGDs	40960			newNonFullTGDs	10903		newFullTGDs	1276
nonFullTGDs	387		fullTGDs	40960			newNonFullTGDs	10892		newFullTGDs	1283
nonFullTGDs	394		fullTGDs	40960			newNonFullTGDs	10885		newFullTGDs	1283
nonFullTGDs	403		fullTGDs	40960			newNonFullTGDs	10876		newFullTGDs	1283
nonFullTGDs	414		fullTGDs	40960			newNonFullTGDs	10865		newFullTGDs	1283
nonFullTGDs	426		fullTGDs	40960			newNonFullTGDs	10853		newFullTGDs	1298
nonFullTGDs	435		fullTGDs	40960			newNonFullTGDs	10844		newFullTGDs	1299
nonFullTGDs	444		fullTGDs	40960			newNonFullTGDs	10835		newFullTGDs	1304
nonFullTGDs	458		fullTGDs	40960			newNonFullTGDs	10821		newFullTGDs	1307
nonFullTGDs	470		fullTGDs	40960			newNonFullTGDs	10809		newFullTGDs	1308
nonFullTGDs	486		fullTGDs	40960			newNonFullTGDs	10793		newFullTGDs	1323
nonFullTGDs	500		fullTGDs	40960			newNonFullTGDs	10779		newFullTGDs	1343
nonFullTGDs	508		fullTGDs	40960			newNonFullTGDs	10771		newFullTGDs	1347
nonFullTGDs	524		fullTGDs	40960			newNonFullTGDs	10755		newFullTGDs	1429
nonFullTGDs	546		fullTGDs	40960			newNonFullTGDs	10733		newFullTGDs	2117
nonFullTGDs	556		fullTGDs	40960			newNonFullTGDs	10723		newFullTGDs	2447
nonFullTGDs	577		fullTGDs	40960			newNonFullTGDs	10702		newFullTGDs	2945
nonFullTGDs	590		fullTGDs	40960			newNonFullTGDs	10689		newFullTGDs	3122
nonFullTGDs	606		fullTGDs	40960			newNonFullTGDs	10673		newFullTGDs	3403
nonFullTGDs	618		fullTGDs	40960			newNonFullTGDs	10661		newFullTGDs	3545
nonFullTGDs	632		fullTGDs	40960			newNonFullTGDs	10647		newFullTGDs	3643
nonFullTGDs	646		fullTGDs	40960			newNonFullTGDs	10633		newFullTGDs	3820
nonFullTGDs	653		fullTGDs	40960			newNonFullTGDs	10626		newFullTGDs	3823
nonFullTGDs	660		fullTGDs	40960			newNonFullTGDs	10619		newFullTGDs	3830
nonFullTGDs	686		fullTGDs	40960			newNonFullTGDs	10593		newFullTGDs	3832
nonFullTGDs	714		fullTGDs	40960			newNonFullTGDs	10565		newFullTGDs	3832
nonFullTGDs	738		fullTGDs	40960			newNonFullTGDs	10541		newFullTGDs	3832
nonFullTGDs	757		fullTGDs	40960			newNonFullTGDs	10522		newFullTGDs	3832
nonFullTGDs	772		fullTGDs	40960			newNonFullTGDs	10507		newFullTGDs	3839
nonFullTGDs	793		fullTGDs	40960			newNonFullTGDs	10486		newFullTGDs	3839
nonFullTGDs	805		fullTGDs	40960			newNonFullTGDs	10474		newFullTGDs	3839
nonFullTGDs	812		fullTGDs	40960			newNonFullTGDs	10467		newFullTGDs	3839
nonFullTGDs	824		fullTGDs	40960			newNonFullTGDs	10455		newFullTGDs	3839
nonFullTGDs	838		fullTGDs	40960			newNonFullTGDs	10441		newFullTGDs	3931
nonFullTGDs	857		fullTGDs	40960			newNonFullTGDs	10422		newFullTGDs	3980
nonFullTGDs	870		fullTGDs	40960			newNonFullTGDs	10409		newFullTGDs	3986
nonFullTGDs	886		fullTGDs	40960			newNonFullTGDs	10393		newFullTGDs	3992
nonFullTGDs	901		fullTGDs	40960			newNonFullTGDs	10378		newFullTGDs	3992
nonFullTGDs	907		fullTGDs	40960			newNonFullTGDs	10372		newFullTGDs	3992
nonFullTGDs	910		fullTGDs	40960			newNonFullTGDs	10369		newFullTGDs	3992
nonFullTGDs	915		fullTGDs	40960			newNonFullTGDs	10364		newFullTGDs	3992
nonFullTGDs	923		fullTGDs	40960			newNonFullTGDs	10356		newFullTGDs	3992
nonFullTGDs	937		fullTGDs	40960			newNonFullTGDs	10342		newFullTGDs	3992
nonFullTGDs	948		fullTGDs	40960			newNonFullTGDs	10331		newFullTGDs	3992
nonFullTGDs	957		fullTGDs	40960			newNonFullTGDs	10322		newFullTGDs	3992
nonFullTGDs	970		fullTGDs	40960			newNonFullTGDs	10309		newFullTGDs	3992
nonFullTGDs	985		fullTGDs	40960			newNonFullTGDs	10294		newFullTGDs	3993
nonFullTGDs	998		fullTGDs	40960			newNonFullTGDs	10281		newFullTGDs	3997
nonFullTGDs	1004		fullTGDs	40960			newNonFullTGDs	10275		newFullTGDs	3997
nonFullTGDs	1015		fullTGDs	40960			newNonFullTGDs	10264		newFullTGDs	4001
nonFullTGDs	1027		fullTGDs	40960			newNonFullTGDs	10252		newFullTGDs	4006
nonFullTGDs	1037		fullTGDs	40960			newNonFullTGDs	10242		newFullTGDs	4017
nonFullTGDs	1043		fullTGDs	40960			newNonFullTGDs	10236		newFullTGDs	4052
nonFullTGDs	1061		fullTGDs	40960			newNonFullTGDs	10217		newFullTGDs	4100
nonFullTGDs	1089		fullTGDs	40960			newNonFullTGDs	10189		newFullTGDs	4152
nonFullTGDs	1113		fullTGDs	40960			newNonFullTGDs	10165		newFullTGDs	4229
nonFullTGDs	1136		fullTGDs	40960			newNonFullTGDs	10142		newFullTGDs	4278
nonFullTGDs	1147		fullTGDs	40960			newNonFullTGDs	10131		newFullTGDs	4288
nonFullTGDs	1171		fullTGDs	40960			newNonFullTGDs	10107		newFullTGDs	4346
nonFullTGDs	1192		fullTGDs	40960			newNonFullTGDs	10086		newFullTGDs	4377
nonFullTGDs	1206		fullTGDs	40960			newNonFullTGDs	10072		newFullTGDs	4404
nonFullTGDs	1224		fullTGDs	40960			newNonFullTGDs	10054		newFullTGDs	4444
nonFullTGDs	1238		fullTGDs	40960			newNonFullTGDs	10040		newFullTGDs	4488
nonFullTGDs	1250		fullTGDs	40960			newNonFullTGDs	10028		newFullTGDs	4523
nonFullTGDs	1269		fullTGDs	40960			newNonFullTGDs	10009		newFullTGDs	4576
nonFullTGDs	1287		fullTGDs	40960			newNonFullTGDs	9991		newFullTGDs	4611
nonFullTGDs	1296		fullTGDs	40960			newNonFullTGDs	9982		newFullTGDs	4637
nonFullTGDs	1306		fullTGDs	40960			newNonFullTGDs	9972		newFullTGDs	4637
nonFullTGDs	1313		fullTGDs	40960			newNonFullTGDs	9965		newFullTGDs	4645
nonFullTGDs	1318		fullTGDs	40960			newNonFullTGDs	9959		newFullTGDs	4655
nonFullTGDs	1323		fullTGDs	40960			newNonFullTGDs	9954		newFullTGDs	4690
nonFullTGDs	1331		fullTGDs	40960			newNonFullTGDs	9946		newFullTGDs	4714
nonFullTGDs	1336		fullTGDs	40960			newNonFullTGDs	9941		newFullTGDs	4717
nonFullTGDs	1342		fullTGDs	40960			newNonFullTGDs	9935		newFullTGDs	4717
nonFullTGDs	1348		fullTGDs	40960			newNonFullTGDs	9929		newFullTGDs	4717
nonFullTGDs	1353		fullTGDs	40960			newNonFullTGDs	9924		newFullTGDs	4717
nonFullTGDs	1363		fullTGDs	40960			newNonFullTGDs	9914		newFullTGDs	4725
nonFullTGDs	1372		fullTGDs	40960			newNonFullTGDs	9905		newFullTGDs	4725
nonFullTGDs	1378		fullTGDs	40960			newNonFullTGDs	9899		newFullTGDs	4725
nonFullTGDs	1386		fullTGDs	40960			newNonFullTGDs	9891		newFullTGDs	4725
nonFullTGDs	1402		fullTGDs	40960			newNonFullTGDs	9875		newFullTGDs	4727
nonFullTGDs	1418		fullTGDs	40960			newNonFullTGDs	9859		newFullTGDs	4744
nonFullTGDs	1426		fullTGDs	40960			newNonFullTGDs	9851		newFullTGDs	4795
nonFullTGDs	1434		fullTGDs	40960			newNonFullTGDs	9842		newFullTGDs	4807
nonFullTGDs	1454		fullTGDs	40960			newNonFullTGDs	9822		newFullTGDs	5009
nonFullTGDs	1467		fullTGDs	40960			newNonFullTGDs	9809		newFullTGDs	5134
nonFullTGDs	1482		fullTGDs	40960			newNonFullTGDs	9794		newFullTGDs	5315
nonFullTGDs	1504		fullTGDs	40960			newNonFullTGDs	9772		newFullTGDs	5438
nonFullTGDs	1514		fullTGDs	40960			newNonFullTGDs	9762		newFullTGDs	5438
nonFullTGDs	1522		fullTGDs	40960			newNonFullTGDs	9754		newFullTGDs	5444
nonFullTGDs	1536		fullTGDs	40960			newNonFullTGDs	9740		newFullTGDs	5453
nonFullTGDs	1551		fullTGDs	40960			newNonFullTGDs	9725		newFullTGDs	5459
nonFullTGDs	1562		fullTGDs	40960			newNonFullTGDs	9714		newFullTGDs	5469
nonFullTGDs	1582		fullTGDs	40960			newNonFullTGDs	9694		newFullTGDs	5497
nonFullTGDs	1601		fullTGDs	40960			newNonFullTGDs	9675		newFullTGDs	5580
nonFullTGDs	1613		fullTGDs	40960			newNonFullTGDs	9663		newFullTGDs	5623
nonFullTGDs	1635		fullTGDs	40960			newNonFullTGDs	9641		newFullTGDs	5659
nonFullTGDs	1651		fullTGDs	40960			newNonFullTGDs	9625		newFullTGDs	5693
nonFullTGDs	1668		fullTGDs	40960			newNonFullTGDs	9608		newFullTGDs	5735
nonFullTGDs	1689		fullTGDs	40960			newNonFullTGDs	9587		newFullTGDs	5753
nonFullTGDs	1701		fullTGDs	40960			newNonFullTGDs	9575		newFullTGDs	5757
nonFullTGDs	1708		fullTGDs	40960			newNonFullTGDs	9568		newFullTGDs	5757
nonFullTGDs	1731		fullTGDs	40960			newNonFullTGDs	9545		newFullTGDs	5777
nonFullTGDs	1745		fullTGDs	40960			newNonFullTGDs	9531		newFullTGDs	5784
nonFullTGDs	1761		fullTGDs	40960			newNonFullTGDs	9515		newFullTGDs	5795
nonFullTGDs	1770		fullTGDs	40960			newNonFullTGDs	9506		newFullTGDs	5816
nonFullTGDs	1779		fullTGDs	40960			newNonFullTGDs	9497		newFullTGDs	5821
nonFullTGDs	1784		fullTGDs	40960			newNonFullTGDs	9492		newFullTGDs	5821
nonFullTGDs	1804		fullTGDs	40960			newNonFullTGDs	9472		newFullTGDs	5831
nonFullTGDs	1815		fullTGDs	40960			newNonFullTGDs	9461		newFullTGDs	5831
nonFullTGDs	1832		fullTGDs	40960			newNonFullTGDs	9444		newFullTGDs	5998
nonFullTGDs	1855		fullTGDs	40960			newNonFullTGDs	9421		newFullTGDs	6122
nonFullTGDs	1865		fullTGDs	40960			newNonFullTGDs	9411		newFullTGDs	6143
nonFullTGDs	1881		fullTGDs	40960			newNonFullTGDs	9395		newFullTGDs	6160
nonFullTGDs	1899		fullTGDs	40960			newNonFullTGDs	9377		newFullTGDs	6216
nonFullTGDs	1918		fullTGDs	40960			newNonFullTGDs	9358		newFullTGDs	6233
nonFullTGDs	1935		fullTGDs	40960			newNonFullTGDs	9341		newFullTGDs	6249
nonFullTGDs	1944		fullTGDs	40960			newNonFullTGDs	9332		newFullTGDs	6254
nonFullTGDs	1958		fullTGDs	40960			newNonFullTGDs	9318		newFullTGDs	6260
nonFullTGDs	1971		fullTGDs	40960			newNonFullTGDs	9305		newFullTGDs	6264
nonFullTGDs	1984		fullTGDs	40960			newNonFullTGDs	9292		newFullTGDs	6271
nonFullTGDs	1992		fullTGDs	40960			newNonFullTGDs	9284		newFullTGDs	6283
nonFullTGDs	1997		fullTGDs	40960			newNonFullTGDs	9279		newFullTGDs	6283
nonFullTGDs	2007		fullTGDs	40960			newNonFullTGDs	9269		newFullTGDs	6293
nonFullTGDs	2028		fullTGDs	40960			newNonFullTGDs	9248		newFullTGDs	6298
nonFullTGDs	2034		fullTGDs	40960			newNonFullTGDs	9242		newFullTGDs	6298
nonFullTGDs	2040		fullTGDs	40960			newNonFullTGDs	9236		newFullTGDs	6298
nonFullTGDs	2047		fullTGDs	40960			newNonFullTGDs	9229		newFullTGDs	6298
nonFullTGDs	2051		fullTGDs	40960			newNonFullTGDs	9225		newFullTGDs	6298
nonFullTGDs	2053		fullTGDs	40960			newNonFullTGDs	9223		newFullTGDs	6298
nonFullTGDs	2055		fullTGDs	40960			newNonFullTGDs	9221		newFullTGDs	6298
nonFullTGDs	2061		fullTGDs	40960			newNonFullTGDs	9215		newFullTGDs	6298
nonFullTGDs	2075		fullTGDs	40960			newNonFullTGDs	9201		newFullTGDs	6298
nonFullTGDs	2087		fullTGDs	40960			newNonFullTGDs	9189		newFullTGDs	6298
nonFullTGDs	2098		fullTGDs	40960			newNonFullTGDs	9178		newFullTGDs	6299
nonFullTGDs	2114		fullTGDs	40960			newNonFullTGDs	9161		newFullTGDs	6304
nonFullTGDs	2126		fullTGDs	40960			newNonFullTGDs	9149		newFullTGDs	6305
nonFullTGDs	2144		fullTGDs	40960			newNonFullTGDs	9131		newFullTGDs	6306
nonFullTGDs	2159		fullTGDs	40960			newNonFullTGDs	9116		newFullTGDs	6307
nonFullTGDs	2166		fullTGDs	40960			newNonFullTGDs	9109		newFullTGDs	6324
nonFullTGDs	2179		fullTGDs	40960			newNonFullTGDs	9096		newFullTGDs	6333
nonFullTGDs	2190		fullTGDs	40960			newNonFullTGDs	9085		newFullTGDs	6333
nonFullTGDs	2201		fullTGDs	40960			newNonFullTGDs	9074		newFullTGDs	6333
nonFullTGDs	2210		fullTGDs	40960			newNonFullTGDs	9065		newFullTGDs	6333
nonFullTGDs	2220		fullTGDs	40960			newNonFullTGDs	9055		newFullTGDs	6339
nonFullTGDs	2227		fullTGDs	40960			newNonFullTGDs	9048		newFullTGDs	6381
nonFullTGDs	2241		fullTGDs	40960			newNonFullTGDs	9034		newFullTGDs	6418
nonFullTGDs	2247		fullTGDs	40960			newNonFullTGDs	9027		newFullTGDs	6437
nonFullTGDs	2253		fullTGDs	40960			newNonFullTGDs	9021		newFullTGDs	6438
nonFullTGDs	2262		fullTGDs	40960			newNonFullTGDs	9012		newFullTGDs	6438
nonFullTGDs	2273		fullTGDs	40960			newNonFullTGDs	9001		newFullTGDs	6438
nonFullTGDs	2286		fullTGDs	40960			newNonFullTGDs	8988		newFullTGDs	6442
nonFullTGDs	2293		fullTGDs	40960			newNonFullTGDs	8981		newFullTGDs	6442
nonFullTGDs	2302		fullTGDs	40960			newNonFullTGDs	8972		newFullTGDs	6442
nonFullTGDs	2314		fullTGDs	40960			newNonFullTGDs	8960		newFullTGDs	6442
nonFullTGDs	2318		fullTGDs	40960			newNonFullTGDs	8956		newFullTGDs	6442
nonFullTGDs	2326		fullTGDs	40960			newNonFullTGDs	8948		newFullTGDs	6442
nonFullTGDs	2335		fullTGDs	40960			newNonFullTGDs	8938		newFullTGDs	6445
nonFullTGDs	2346		fullTGDs	40960			newNonFullTGDs	8927		newFullTGDs	6445
nonFullTGDs	2358		fullTGDs	40960			newNonFullTGDs	8915		newFullTGDs	6445
nonFullTGDs	2366		fullTGDs	40960			newNonFullTGDs	8907		newFullTGDs	6445
nonFullTGDs	2384		fullTGDs	40960			newNonFullTGDs	8889		newFullTGDs	6450
nonFullTGDs	2395		fullTGDs	40960			newNonFullTGDs	8877		newFullTGDs	6458
nonFullTGDs	2411		fullTGDs	40960			newNonFullTGDs	8861		newFullTGDs	6477
nonFullTGDs	2428		fullTGDs	40960			newNonFullTGDs	8844		newFullTGDs	6503
nonFullTGDs	2437		fullTGDs	40960			newNonFullTGDs	8835		newFullTGDs	6503
nonFullTGDs	2443		fullTGDs	40960			newNonFullTGDs	8829		newFullTGDs	6503
nonFullTGDs	2454		fullTGDs	40960			newNonFullTGDs	8818		newFullTGDs	6503
nonFullTGDs	2470		fullTGDs	40960			newNonFullTGDs	8802		newFullTGDs	6517
nonFullTGDs	2486		fullTGDs	40960			newNonFullTGDs	8786		newFullTGDs	6552
nonFullTGDs	2501		fullTGDs	40960			newNonFullTGDs	8770		newFullTGDs	6630
nonFullTGDs	2514		fullTGDs	40960			newNonFullTGDs	8757		newFullTGDs	6713
nonFullTGDs	2524		fullTGDs	40960			newNonFullTGDs	8747		newFullTGDs	6743
nonFullTGDs	2532		fullTGDs	40960			newNonFullTGDs	8739		newFullTGDs	6743
nonFullTGDs	2545		fullTGDs	40960			newNonFullTGDs	8726		newFullTGDs	6753
nonFullTGDs	2552		fullTGDs	40960			newNonFullTGDs	8719		newFullTGDs	6758
nonFullTGDs	2559		fullTGDs	40960			newNonFullTGDs	8712		newFullTGDs	6778
nonFullTGDs	2577		fullTGDs	40960			newNonFullTGDs	8694		newFullTGDs	6855
nonFullTGDs	2585		fullTGDs	40960			newNonFullTGDs	8686		newFullTGDs	6857
nonFullTGDs	2596		fullTGDs	40960			newNonFullTGDs	8675		newFullTGDs	6859
nonFullTGDs	2615		fullTGDs	40960			newNonFullTGDs	8656		newFullTGDs	6866
nonFullTGDs	2635		fullTGDs	40960			newNonFullTGDs	8636		newFullTGDs	6866
nonFullTGDs	2639		fullTGDs	40960			newNonFullTGDs	8632		newFullTGDs	6872
nonFullTGDs	2650		fullTGDs	40960			newNonFullTGDs	8621		newFullTGDs	6879
nonFullTGDs	2662		fullTGDs	40960			newNonFullTGDs	8609		newFullTGDs	6903
nonFullTGDs	2681		fullTGDs	40960			newNonFullTGDs	8590		newFullTGDs	6928
nonFullTGDs	2711		fullTGDs	40960			newNonFullTGDs	8560		newFullTGDs	6945
nonFullTGDs	2743		fullTGDs	40960			newNonFullTGDs	8528		newFullTGDs	6994
nonFullTGDs	2766		fullTGDs	40960			newNonFullTGDs	8505		newFullTGDs	7038
nonFullTGDs	2788		fullTGDs	40960			newNonFullTGDs	8483		newFullTGDs	7082
nonFullTGDs	2813		fullTGDs	40960			newNonFullTGDs	8458		newFullTGDs	7138
nonFullTGDs	2842		fullTGDs	40960			newNonFullTGDs	8429		newFullTGDs	7186
nonFullTGDs	2874		fullTGDs	40960			newNonFullTGDs	8397		newFullTGDs	7218
nonFullTGDs	2905		fullTGDs	40960			newNonFullTGDs	8366		newFullTGDs	7243
nonFullTGDs	2935		fullTGDs	40960			newNonFullTGDs	8336		newFullTGDs	7243
nonFullTGDs	2956		fullTGDs	40960			newNonFullTGDs	8315		newFullTGDs	7259
nonFullTGDs	2972		fullTGDs	40960			newNonFullTGDs	8299		newFullTGDs	7276
nonFullTGDs	2986		fullTGDs	40960			newNonFullTGDs	8285		newFullTGDs	7286
nonFullTGDs	2995		fullTGDs	40960			newNonFullTGDs	8276		newFullTGDs	7306
nonFullTGDs	3014		fullTGDs	40960			newNonFullTGDs	8257		newFullTGDs	7322
nonFullTGDs	3026		fullTGDs	40960			newNonFullTGDs	8242		newFullTGDs	7360
nonFullTGDs	3044		fullTGDs	40960			newNonFullTGDs	8223		newFullTGDs	7394
nonFullTGDs	3060		fullTGDs	40960			newNonFullTGDs	8207		newFullTGDs	7424
nonFullTGDs	3074		fullTGDs	40960			newNonFullTGDs	8193		newFullTGDs	7428
nonFullTGDs	3087		fullTGDs	40960			newNonFullTGDs	8180		newFullTGDs	7443
nonFullTGDs	3108		fullTGDs	40960			newNonFullTGDs	8159		newFullTGDs	7464
nonFullTGDs	3122		fullTGDs	40960			newNonFullTGDs	8145		newFullTGDs	7483
nonFullTGDs	3141		fullTGDs	40960			newNonFullTGDs	8124		newFullTGDs	7513
nonFullTGDs	3166		fullTGDs	40960			newNonFullTGDs	8099		newFullTGDs	7520
nonFullTGDs	3182		fullTGDs	40960			newNonFullTGDs	8083		newFullTGDs	7521
nonFullTGDs	3192		fullTGDs	40960			newNonFullTGDs	8073		newFullTGDs	7523
nonFullTGDs	3208		fullTGDs	40960			newNonFullTGDs	8057		newFullTGDs	7525
nonFullTGDs	3219		fullTGDs	40960			newNonFullTGDs	8046		newFullTGDs	7532
nonFullTGDs	3225		fullTGDs	40960			newNonFullTGDs	8040		newFullTGDs	7538
nonFullTGDs	3237		fullTGDs	40960			newNonFullTGDs	8028		newFullTGDs	7538
nonFullTGDs	3252		fullTGDs	40960			newNonFullTGDs	8013		newFullTGDs	7545
nonFullTGDs	3265		fullTGDs	40960			newNonFullTGDs	8000		newFullTGDs	7550
nonFullTGDs	3271		fullTGDs	40960			newNonFullTGDs	7994		newFullTGDs	7550
nonFullTGDs	3277		fullTGDs	40960			newNonFullTGDs	7988		newFullTGDs	7550
nonFullTGDs	3282		fullTGDs	40960			newNonFullTGDs	7983		newFullTGDs	7550
nonFullTGDs	3286		fullTGDs	40960			newNonFullTGDs	7979		newFullTGDs	7550
nonFullTGDs	3291		fullTGDs	40960			newNonFullTGDs	7974		newFullTGDs	7550
nonFullTGDs	3294		fullTGDs	40960			newNonFullTGDs	7971		newFullTGDs	7550
nonFullTGDs	3298		fullTGDs	40960			newNonFullTGDs	7967		newFullTGDs	7550
nonFullTGDs	3303		fullTGDs	40960			newNonFullTGDs	7962		newFullTGDs	7550
nonFullTGDs	3308		fullTGDs	40960			newNonFullTGDs	7957		newFullTGDs	7550
nonFullTGDs	3325		fullTGDs	40960			newNonFullTGDs	7940		newFullTGDs	7554
nonFullTGDs	3339		fullTGDs	40960			newNonFullTGDs	7926		newFullTGDs	7568
nonFullTGDs	3352		fullTGDs	40960			newNonFullTGDs	7913		newFullTGDs	7578
nonFullTGDs	3359		fullTGDs	40960			newNonFullTGDs	7906		newFullTGDs	7579
nonFullTGDs	3364		fullTGDs	40960			newNonFullTGDs	7901		newFullTGDs	7579
nonFullTGDs	3369		fullTGDs	40960			newNonFullTGDs	7896		newFullTGDs	7579
nonFullTGDs	3373		fullTGDs	40960			newNonFullTGDs	7892		newFullTGDs	7579
nonFullTGDs	3380		fullTGDs	40960			newNonFullTGDs	7885		newFullTGDs	7583
nonFullTGDs	3386		fullTGDs	40960			newNonFullTGDs	7879		newFullTGDs	7583
nonFullTGDs	3399		fullTGDs	40960			newNonFullTGDs	7866		newFullTGDs	7586
nonFullTGDs	3408		fullTGDs	40960			newNonFullTGDs	7857		newFullTGDs	7593
nonFullTGDs	3417		fullTGDs	40960			newNonFullTGDs	7848		newFullTGDs	7593
nonFullTGDs	3431		fullTGDs	40960			newNonFullTGDs	7834		newFullTGDs	7604
nonFullTGDs	3442		fullTGDs	40960			newNonFullTGDs	7823		newFullTGDs	7604
nonFullTGDs	3450		fullTGDs	40960			newNonFullTGDs	7815		newFullTGDs	7608
nonFullTGDs	3457		fullTGDs	40960			newNonFullTGDs	7808		newFullTGDs	7608
nonFullTGDs	3464		fullTGDs	40960			newNonFullTGDs	7801		newFullTGDs	7610
nonFullTGDs	3473		fullTGDs	40960			newNonFullTGDs	7792		newFullTGDs	7610
nonFullTGDs	3478		fullTGDs	40960			newNonFullTGDs	7787		newFullTGDs	7610
nonFullTGDs	3486		fullTGDs	40960			newNonFullTGDs	7779		newFullTGDs	7610
nonFullTGDs	3496		fullTGDs	40960			newNonFullTGDs	7769		newFullTGDs	7611
nonFullTGDs	3510		fullTGDs	40960			newNonFullTGDs	7755		newFullTGDs	7613
nonFullTGDs	3519		fullTGDs	40960			newNonFullTGDs	7746		newFullTGDs	7613
nonFullTGDs	3522		fullTGDs	40960			newNonFullTGDs	7743		newFullTGDs	7613
nonFullTGDs	3525		fullTGDs	40960			newNonFullTGDs	7740		newFullTGDs	7613
nonFullTGDs	3530		fullTGDs	40960			newNonFullTGDs	7735		newFullTGDs	7613
nonFullTGDs	3535		fullTGDs	40960			newNonFullTGDs	7730		newFullTGDs	7613
nonFullTGDs	3542		fullTGDs	40960			newNonFullTGDs	7723		newFullTGDs	7613
nonFullTGDs	3549		fullTGDs	40960			newNonFullTGDs	7716		newFullTGDs	7633
nonFullTGDs	3563		fullTGDs	40960			newNonFullTGDs	7702		newFullTGDs	7633
nonFullTGDs	3578		fullTGDs	40960			newNonFullTGDs	7687		newFullTGDs	7635
nonFullTGDs	3582		fullTGDs	40960			newNonFullTGDs	7683		newFullTGDs	7635
nonFullTGDs	3586		fullTGDs	40960			newNonFullTGDs	7679		newFullTGDs	7635
nonFullTGDs	3589		fullTGDs	40960			newNonFullTGDs	7676		newFullTGDs	7635
nonFullTGDs	3601		fullTGDs	40960			newNonFullTGDs	7664		newFullTGDs	7637
nonFullTGDs	3615		fullTGDs	40960			newNonFullTGDs	7650		newFullTGDs	7637
nonFullTGDs	3626		fullTGDs	40960			newNonFullTGDs	7639		newFullTGDs	7695
nonFullTGDs	3636		fullTGDs	40960			newNonFullTGDs	7629		newFullTGDs	7695
nonFullTGDs	3644		fullTGDs	40960			newNonFullTGDs	7621		newFullTGDs	7695
nonFullTGDs	3656		fullTGDs	40960			newNonFullTGDs	7609		newFullTGDs	7695
nonFullTGDs	3663		fullTGDs	40960			newNonFullTGDs	7602		newFullTGDs	7695
nonFullTGDs	3673		fullTGDs	40960			newNonFullTGDs	7592		newFullTGDs	7695
nonFullTGDs	3688		fullTGDs	40960			newNonFullTGDs	7577		newFullTGDs	7695
nonFullTGDs	3697		fullTGDs	40960			newNonFullTGDs	7568		newFullTGDs	7695
nonFullTGDs	3704		fullTGDs	40960			newNonFullTGDs	7561		newFullTGDs	7695
nonFullTGDs	3722		fullTGDs	40960			newNonFullTGDs	7543		newFullTGDs	7704
nonFullTGDs	3747		fullTGDs	40960			newNonFullTGDs	7518		newFullTGDs	7711
nonFullTGDs	3778		fullTGDs	40960			newNonFullTGDs	7487		newFullTGDs	7711
nonFullTGDs	3810		fullTGDs	40960			newNonFullTGDs	7455		newFullTGDs	7711
nonFullTGDs	3841		fullTGDs	40960			newNonFullTGDs	7424		newFullTGDs	7711
nonFullTGDs	3855		fullTGDs	40960			newNonFullTGDs	7410		newFullTGDs	7711
nonFullTGDs	3863		fullTGDs	40960			newNonFullTGDs	7402		newFullTGDs	7711
nonFullTGDs	3870		fullTGDs	40960			newNonFullTGDs	7395		newFullTGDs	7711
nonFullTGDs	3877		fullTGDs	40960			newNonFullTGDs	7388		newFullTGDs	7711
nonFullTGDs	3881		fullTGDs	40960			newNonFullTGDs	7384		newFullTGDs	7711
nonFullTGDs	3891		fullTGDs	40960			newNonFullTGDs	7374		newFullTGDs	7712
nonFullTGDs	3900		fullTGDs	40960			newNonFullTGDs	7365		newFullTGDs	7712
nonFullTGDs	3910		fullTGDs	40960			newNonFullTGDs	7355		newFullTGDs	7712
nonFullTGDs	3926		fullTGDs	40960			newNonFullTGDs	7339		newFullTGDs	7713
nonFullTGDs	3939		fullTGDs	40960			newNonFullTGDs	7326		newFullTGDs	7713
nonFullTGDs	3946		fullTGDs	40960			newNonFullTGDs	7319		newFullTGDs	7713
nonFullTGDs	3956		fullTGDs	40960			newNonFullTGDs	7309		newFullTGDs	7713
nonFullTGDs	3969		fullTGDs	40960			newNonFullTGDs	7296		newFullTGDs	7713
nonFullTGDs	3981		fullTGDs	40960			newNonFullTGDs	7284		newFullTGDs	7713
nonFullTGDs	3989		fullTGDs	40960			newNonFullTGDs	7276		newFullTGDs	7715
nonFullTGDs	3997		fullTGDs	40960			newNonFullTGDs	7268		newFullTGDs	7715
nonFullTGDs	4001		fullTGDs	40960			newNonFullTGDs	7264		newFullTGDs	7715
nonFullTGDs	4004		fullTGDs	40960			newNonFullTGDs	7261		newFullTGDs	7715
nonFullTGDs	4009		fullTGDs	40960			newNonFullTGDs	7256		newFullTGDs	7715
nonFullTGDs	4018		fullTGDs	40960			newNonFullTGDs	7247		newFullTGDs	7715
nonFullTGDs	4024		fullTGDs	40960			newNonFullTGDs	7241		newFullTGDs	7715
nonFullTGDs	4035		fullTGDs	40960			newNonFullTGDs	7230		newFullTGDs	7715
nonFullTGDs	4039		fullTGDs	40960			newNonFullTGDs	7226		newFullTGDs	7715
nonFullTGDs	4047		fullTGDs	40960			newNonFullTGDs	7218		newFullTGDs	7715
nonFullTGDs	4060		fullTGDs	40960			newNonFullTGDs	7205		newFullTGDs	7842
nonFullTGDs	4073		fullTGDs	40960			newNonFullTGDs	7192		newFullTGDs	7842
nonFullTGDs	4083		fullTGDs	40960			newNonFullTGDs	7182		newFullTGDs	7842
nonFullTGDs	4096		fullTGDs	40960			newNonFullTGDs	7169		newFullTGDs	7849
nonFullTGDs	4106		fullTGDs	40960			newNonFullTGDs	7159		newFullTGDs	7849
nonFullTGDs	4129		fullTGDs	40960			newNonFullTGDs	7136		newFullTGDs	7849
nonFullTGDs	4132		fullTGDs	40960			newNonFullTGDs	7133		newFullTGDs	7849
nonFullTGDs	4136		fullTGDs	40960			newNonFullTGDs	7129		newFullTGDs	7849
nonFullTGDs	4139		fullTGDs	40960			newNonFullTGDs	7126		newFullTGDs	7849
nonFullTGDs	4143		fullTGDs	40960			newNonFullTGDs	7122		newFullTGDs	7849
nonFullTGDs	4147		fullTGDs	40960			newNonFullTGDs	7118		newFullTGDs	7849
nonFullTGDs	4150		fullTGDs	40960			newNonFullTGDs	7115		newFullTGDs	7849
nonFullTGDs	4154		fullTGDs	40960			newNonFullTGDs	7111		newFullTGDs	7849
nonFullTGDs	4157		fullTGDs	40960			newNonFullTGDs	7108		newFullTGDs	7849
nonFullTGDs	4161		fullTGDs	40960			newNonFullTGDs	7104		newFullTGDs	7849
nonFullTGDs	4164		fullTGDs	40960			newNonFullTGDs	7101		newFullTGDs	7849
nonFullTGDs	4168		fullTGDs	40960			newNonFullTGDs	7097		newFullTGDs	7849
nonFullTGDs	4172		fullTGDs	40960			newNonFullTGDs	7093		newFullTGDs	7849
nonFullTGDs	4175		fullTGDs	40960			newNonFullTGDs	7090		newFullTGDs	7849
nonFullTGDs	4182		fullTGDs	40960			newNonFullTGDs	7083		newFullTGDs	7855
nonFullTGDs	4189		fullTGDs	40960			newNonFullTGDs	7076		newFullTGDs	7855
nonFullTGDs	4199		fullTGDs	40960			newNonFullTGDs	7066		newFullTGDs	7855
nonFullTGDs	4204		fullTGDs	40960			newNonFullTGDs	7061		newFullTGDs	7856
nonFullTGDs	4221		fullTGDs	40960			newNonFullTGDs	7044		newFullTGDs	8021
nonFullTGDs	4229		fullTGDs	40960			newNonFullTGDs	7036		newFullTGDs	8027
nonFullTGDs	4239		fullTGDs	40960			newNonFullTGDs	7026		newFullTGDs	8041
nonFullTGDs	4253		fullTGDs	40960			newNonFullTGDs	7012		newFullTGDs	8042
nonFullTGDs	4266		fullTGDs	40960			newNonFullTGDs	6999		newFullTGDs	8048
nonFullTGDs	4279		fullTGDs	40960			newNonFullTGDs	6986		newFullTGDs	8064
nonFullTGDs	4292		fullTGDs	40960			newNonFullTGDs	6973		newFullTGDs	8077
nonFullTGDs	4304		fullTGDs	40960			newNonFullTGDs	6961		newFullTGDs	8090
nonFullTGDs	4315		fullTGDs	40960			newNonFullTGDs	6950		newFullTGDs	8092
nonFullTGDs	4333		fullTGDs	40960			newNonFullTGDs	6932		newFullTGDs	8106
nonFullTGDs	4350		fullTGDs	40960			newNonFullTGDs	6915		newFullTGDs	8113
nonFullTGDs	4368		fullTGDs	40960			newNonFullTGDs	6897		newFullTGDs	8125
nonFullTGDs	4380		fullTGDs	40960			newNonFullTGDs	6885		newFullTGDs	8139
nonFullTGDs	4392		fullTGDs	40960			newNonFullTGDs	6873		newFullTGDs	8145
nonFullTGDs	4407		fullTGDs	40960			newNonFullTGDs	6858		newFullTGDs	8169
nonFullTGDs	4418		fullTGDs	40960			newNonFullTGDs	6847		newFullTGDs	8169
nonFullTGDs	4425		fullTGDs	40960			newNonFullTGDs	6840		newFullTGDs	8169
nonFullTGDs	4428		fullTGDs	40960			newNonFullTGDs	6837		newFullTGDs	8178
nonFullTGDs	4441		fullTGDs	40960			newNonFullTGDs	6824		newFullTGDs	8343
nonFullTGDs	4453		fullTGDs	40960			newNonFullTGDs	6812		newFullTGDs	8509
nonFullTGDs	4468		fullTGDs	40960			newNonFullTGDs	6797		newFullTGDs	8519
nonFullTGDs	4481		fullTGDs	40960			newNonFullTGDs	6784		newFullTGDs	8532
nonFullTGDs	4490		fullTGDs	40960			newNonFullTGDs	6775		newFullTGDs	8532
nonFullTGDs	4507		fullTGDs	40960			newNonFullTGDs	6758		newFullTGDs	8552
nonFullTGDs	4520		fullTGDs	40960			newNonFullTGDs	6745		newFullTGDs	8565
nonFullTGDs	4532		fullTGDs	40960			newNonFullTGDs	6733		newFullTGDs	8668
nonFullTGDs	4550		fullTGDs	40960			newNonFullTGDs	6715		newFullTGDs	8695
nonFullTGDs	4564		fullTGDs	40960			newNonFullTGDs	6701		newFullTGDs	8715
nonFullTGDs	4588		fullTGDs	40960			newNonFullTGDs	6677		newFullTGDs	8731
nonFullTGDs	4601		fullTGDs	40960			newNonFullTGDs	6664		newFullTGDs	8747
nonFullTGDs	4608		fullTGDs	40960			newNonFullTGDs	6657		newFullTGDs	8749
nonFullTGDs	4621		fullTGDs	40960			newNonFullTGDs	6644		newFullTGDs	8804
nonFullTGDs	4635		fullTGDs	40960			newNonFullTGDs	6630		newFullTGDs	8893
nonFullTGDs	4638		fullTGDs	40960			newNonFullTGDs	6627		newFullTGDs	8893
nonFullTGDs	4641		fullTGDs	40960			newNonFullTGDs	6624		newFullTGDs	8893
nonFullTGDs	4662		fullTGDs	40960			newNonFullTGDs	6603		newFullTGDs	8930
nonFullTGDs	4672		fullTGDs	40960			newNonFullTGDs	6593		newFullTGDs	8942
nonFullTGDs	4688		fullTGDs	40960			newNonFullTGDs	6577		newFullTGDs	8957
nonFullTGDs	4703		fullTGDs	40960			newNonFullTGDs	6562		newFullTGDs	8965
nonFullTGDs	4726		fullTGDs	40960			newNonFullTGDs	6539		newFullTGDs	8976
nonFullTGDs	4735		fullTGDs	40960			newNonFullTGDs	6530		newFullTGDs	8977
nonFullTGDs	4748		fullTGDs	40960			newNonFullTGDs	6517		newFullTGDs	8977
nonFullTGDs	4764		fullTGDs	40960			newNonFullTGDs	6501		newFullTGDs	9010
nonFullTGDs	4776		fullTGDs	40960			newNonFullTGDs	6489		newFullTGDs	9010
nonFullTGDs	4781		fullTGDs	40960			newNonFullTGDs	6484		newFullTGDs	9010
nonFullTGDs	4786		fullTGDs	40960			newNonFullTGDs	6479		newFullTGDs	9010
nonFullTGDs	4791		fullTGDs	40960			newNonFullTGDs	6474		newFullTGDs	9010
nonFullTGDs	4796		fullTGDs	40960			newNonFullTGDs	6469		newFullTGDs	9010
nonFullTGDs	4810		fullTGDs	40960			newNonFullTGDs	6455		newFullTGDs	9016
nonFullTGDs	4825		fullTGDs	40960			newNonFullTGDs	6440		newFullTGDs	9022
nonFullTGDs	4843		fullTGDs	40960			newNonFullTGDs	6422		newFullTGDs	9044
nonFullTGDs	4860		fullTGDs	40960			newNonFullTGDs	6405		newFullTGDs	9069
nonFullTGDs	4873		fullTGDs	40960			newNonFullTGDs	6392		newFullTGDs	9072
nonFullTGDs	4881		fullTGDs	40960			newNonFullTGDs	6384		newFullTGDs	9072
nonFullTGDs	4893		fullTGDs	40960			newNonFullTGDs	6372		newFullTGDs	9072
nonFullTGDs	4911		fullTGDs	40960			newNonFullTGDs	6354		newFullTGDs	9077
nonFullTGDs	4921		fullTGDs	40960			newNonFullTGDs	6344		newFullTGDs	9141
nonFullTGDs	4934		fullTGDs	40960			newNonFullTGDs	6331		newFullTGDs	9157
nonFullTGDs	4949		fullTGDs	40960			newNonFullTGDs	6316		newFullTGDs	9219
nonFullTGDs	4954		fullTGDs	40960			newNonFullTGDs	6311		newFullTGDs	9219
nonFullTGDs	4960		fullTGDs	40960			newNonFullTGDs	6305		newFullTGDs	9219
nonFullTGDs	4964		fullTGDs	40960			newNonFullTGDs	6301		newFullTGDs	9263
nonFullTGDs	4970		fullTGDs	40960			newNonFullTGDs	6295		newFullTGDs	9322
nonFullTGDs	4978		fullTGDs	40960			newNonFullTGDs	6287		newFullTGDs	9327
nonFullTGDs	4984		fullTGDs	40960			newNonFullTGDs	6281		newFullTGDs	9331
nonFullTGDs	4994		fullTGDs	40960			newNonFullTGDs	6271		newFullTGDs	9331
nonFullTGDs	5001		fullTGDs	40960			newNonFullTGDs	6264		newFullTGDs	9331
nonFullTGDs	5013		fullTGDs	40960			newNonFullTGDs	6252		newFullTGDs	9339
nonFullTGDs	5019		fullTGDs	40960			newNonFullTGDs	6246		newFullTGDs	9339
nonFullTGDs	5030		fullTGDs	40960			newNonFullTGDs	6235		newFullTGDs	9339
nonFullTGDs	5049		fullTGDs	40960			newNonFullTGDs	6216		newFullTGDs	9351
nonFullTGDs	5065		fullTGDs	40960			newNonFullTGDs	6200		newFullTGDs	9354
nonFullTGDs	5072		fullTGDs	40960			newNonFullTGDs	6193		newFullTGDs	9354
nonFullTGDs	5098		fullTGDs	40960			newNonFullTGDs	6167		newFullTGDs	9365
nonFullTGDs	5119		fullTGDs	40960			newNonFullTGDs	6146		newFullTGDs	9376
nonFullTGDs	5132		fullTGDs	40960			newNonFullTGDs	6133		newFullTGDs	9392
nonFullTGDs	5146		fullTGDs	40960			newNonFullTGDs	6119		newFullTGDs	9487
nonFullTGDs	5160		fullTGDs	40960			newNonFullTGDs	6105		newFullTGDs	9487
nonFullTGDs	5177		fullTGDs	40960			newNonFullTGDs	6088		newFullTGDs	9531
nonFullTGDs	5189		fullTGDs	40960			newNonFullTGDs	6076		newFullTGDs	9541
nonFullTGDs	5197		fullTGDs	40960			newNonFullTGDs	6068		newFullTGDs	9543
nonFullTGDs	5212		fullTGDs	40960			newNonFullTGDs	6053		newFullTGDs	9550
nonFullTGDs	5227		fullTGDs	40960			newNonFullTGDs	6038		newFullTGDs	9550
nonFullTGDs	5241		fullTGDs	40960			newNonFullTGDs	6024		newFullTGDs	9550
nonFullTGDs	5255		fullTGDs	40960			newNonFullTGDs	6010		newFullTGDs	9550
nonFullTGDs	5269		fullTGDs	40960			newNonFullTGDs	5996		newFullTGDs	9550
nonFullTGDs	5284		fullTGDs	40960			newNonFullTGDs	5981		newFullTGDs	9550
nonFullTGDs	5298		fullTGDs	40960			newNonFullTGDs	5967		newFullTGDs	9564
nonFullTGDs	5313		fullTGDs	40960			newNonFullTGDs	5952		newFullTGDs	9575
nonFullTGDs	5325		fullTGDs	40960			newNonFullTGDs	5940		newFullTGDs	9575
nonFullTGDs	5336		fullTGDs	40960			newNonFullTGDs	5929		newFullTGDs	9575
nonFullTGDs	5346		fullTGDs	40960			newNonFullTGDs	5919		newFullTGDs	9575
nonFullTGDs	5354		fullTGDs	40960			newNonFullTGDs	5911		newFullTGDs	9575
nonFullTGDs	5369		fullTGDs	40960			newNonFullTGDs	5896		newFullTGDs	9575
nonFullTGDs	5383		fullTGDs	40960			newNonFullTGDs	5882		newFullTGDs	9575
nonFullTGDs	5388		fullTGDs	40960			newNonFullTGDs	5877		newFullTGDs	9575
nonFullTGDs	5392		fullTGDs	40960			newNonFullTGDs	5873		newFullTGDs	9575
nonFullTGDs	5401		fullTGDs	40960			newNonFullTGDs	5864		newFullTGDs	9575
nonFullTGDs	5414		fullTGDs	40960			newNonFullTGDs	5851		newFullTGDs	9575
nonFullTGDs	5428		fullTGDs	40960			newNonFullTGDs	5837		newFullTGDs	9575
nonFullTGDs	5442		fullTGDs	40960			newNonFullTGDs	5823		newFullTGDs	9575
nonFullTGDs	5460		fullTGDs	40960			newNonFullTGDs	5805		newFullTGDs	9575
nonFullTGDs	5473		fullTGDs	40960			newNonFullTGDs	5792		newFullTGDs	9575
nonFullTGDs	5480		fullTGDs	40960			newNonFullTGDs	5785		newFullTGDs	9575
nonFullTGDs	5486		fullTGDs	40960			newNonFullTGDs	5779		newFullTGDs	9575
nonFullTGDs	5494		fullTGDs	40960			newNonFullTGDs	5770		newFullTGDs	9575
nonFullTGDs	5504		fullTGDs	40960			newNonFullTGDs	5760		newFullTGDs	9575
nonFullTGDs	5511		fullTGDs	40960			newNonFullTGDs	5753		newFullTGDs	9575
nonFullTGDs	5528		fullTGDs	40960			newNonFullTGDs	5736		newFullTGDs	9575
nonFullTGDs	5540		fullTGDs	40960			newNonFullTGDs	5724		newFullTGDs	9575
nonFullTGDs	5549		fullTGDs	40960			newNonFullTGDs	5715		newFullTGDs	9575
nonFullTGDs	5559		fullTGDs	40960			newNonFullTGDs	5705		newFullTGDs	9575
nonFullTGDs	5572		fullTGDs	40960			newNonFullTGDs	5692		newFullTGDs	9575
nonFullTGDs	5585		fullTGDs	40960			newNonFullTGDs	5679		newFullTGDs	9575
nonFullTGDs	5592		fullTGDs	40960			newNonFullTGDs	5672		newFullTGDs	9596
nonFullTGDs	5601		fullTGDs	40960			newNonFullTGDs	5663		newFullTGDs	9596
nonFullTGDs	5610		fullTGDs	40960			newNonFullTGDs	5654		newFullTGDs	9596
nonFullTGDs	5624		fullTGDs	40960			newNonFullTGDs	5640		newFullTGDs	9596
nonFullTGDs	5637		fullTGDs	40960			newNonFullTGDs	5627		newFullTGDs	9596
nonFullTGDs	5642		fullTGDs	40960			newNonFullTGDs	5622		newFullTGDs	9596
nonFullTGDs	5647		fullTGDs	40960			newNonFullTGDs	5617		newFullTGDs	9596
nonFullTGDs	5652		fullTGDs	40960			newNonFullTGDs	5612		newFullTGDs	9596
nonFullTGDs	5660		fullTGDs	40960			newNonFullTGDs	5604		newFullTGDs	9596
nonFullTGDs	5669		fullTGDs	40960			newNonFullTGDs	5595		newFullTGDs	9596
nonFullTGDs	5679		fullTGDs	40960			newNonFullTGDs	5585		newFullTGDs	9596
nonFullTGDs	5689		fullTGDs	40960			newNonFullTGDs	5575		newFullTGDs	9615
nonFullTGDs	5698		fullTGDs	40960			newNonFullTGDs	5566		newFullTGDs	9653
nonFullTGDs	5705		fullTGDs	40960			newNonFullTGDs	5559		newFullTGDs	9653
nonFullTGDs	5712		fullTGDs	40960			newNonFullTGDs	5552		newFullTGDs	9653
nonFullTGDs	5727		fullTGDs	40960			newNonFullTGDs	5537		newFullTGDs	9676
nonFullTGDs	5736		fullTGDs	40960			newNonFullTGDs	5528		newFullTGDs	9676
nonFullTGDs	5750		fullTGDs	40960			newNonFullTGDs	5514		newFullTGDs	9676
nonFullTGDs	5758		fullTGDs	40960			newNonFullTGDs	5506		newFullTGDs	9676
nonFullTGDs	5767		fullTGDs	40960			newNonFullTGDs	5497		newFullTGDs	9676
nonFullTGDs	5781		fullTGDs	40960			newNonFullTGDs	5483		newFullTGDs	9698
nonFullTGDs	5797		fullTGDs	40960			newNonFullTGDs	5467		newFullTGDs	9716
nonFullTGDs	5810		fullTGDs	40960			newNonFullTGDs	5454		newFullTGDs	9731
nonFullTGDs	5820		fullTGDs	40960			newNonFullTGDs	5444		newFullTGDs	9731
nonFullTGDs	5831		fullTGDs	40960			newNonFullTGDs	5433		newFullTGDs	9731
nonFullTGDs	5841		fullTGDs	40960			newNonFullTGDs	5423		newFullTGDs	9731
nonFullTGDs	5853		fullTGDs	40960			newNonFullTGDs	5411		newFullTGDs	9738
nonFullTGDs	5862		fullTGDs	40960			newNonFullTGDs	5402		newFullTGDs	9745
nonFullTGDs	5883		fullTGDs	40960			newNonFullTGDs	5381		newFullTGDs	9749
nonFullTGDs	5899		fullTGDs	40960			newNonFullTGDs	5365		newFullTGDs	9763
nonFullTGDs	5916		fullTGDs	40960			newNonFullTGDs	5348		newFullTGDs	9771
nonFullTGDs	5930		fullTGDs	40960			newNonFullTGDs	5334		newFullTGDs	9772
nonFullTGDs	5945		fullTGDs	40960			newNonFullTGDs	5319		newFullTGDs	9776
nonFullTGDs	5949		fullTGDs	40960			newNonFullTGDs	5315		newFullTGDs	9785
nonFullTGDs	5953		fullTGDs	40960			newNonFullTGDs	5311		newFullTGDs	9785
nonFullTGDs	5956		fullTGDs	40960			newNonFullTGDs	5308		newFullTGDs	9785
nonFullTGDs	5962		fullTGDs	40960			newNonFullTGDs	5302		newFullTGDs	9785
nonFullTGDs	5981		fullTGDs	40960			newNonFullTGDs	5283		newFullTGDs	9799
nonFullTGDs	5999		fullTGDs	40960			newNonFullTGDs	5265		newFullTGDs	9817
nonFullTGDs	6017		fullTGDs	40960			newNonFullTGDs	5247		newFullTGDs	9828
nonFullTGDs	6033		fullTGDs	40960			newNonFullTGDs	5231		newFullTGDs	9840
nonFullTGDs	6049		fullTGDs	40960			newNonFullTGDs	5215		newFullTGDs	9849
nonFullTGDs	6062		fullTGDs	40960			newNonFullTGDs	5202		newFullTGDs	9887
nonFullTGDs	6078		fullTGDs	40960			newNonFullTGDs	5186		newFullTGDs	9915
nonFullTGDs	6105		fullTGDs	40960			newNonFullTGDs	5159		newFullTGDs	9937
nonFullTGDs	6127		fullTGDs	40960			newNonFullTGDs	5137		newFullTGDs	9964
nonFullTGDs	6147		fullTGDs	40960			newNonFullTGDs	5117		newFullTGDs	9992
nonFullTGDs	6168		fullTGDs	40960			newNonFullTGDs	5096		newFullTGDs	10043
nonFullTGDs	6187		fullTGDs	40960			newNonFullTGDs	5077		newFullTGDs	10052
nonFullTGDs	6205		fullTGDs	40960			newNonFullTGDs	5059		newFullTGDs	10076
nonFullTGDs	6213		fullTGDs	40960			newNonFullTGDs	5051		newFullTGDs	10086
nonFullTGDs	6216		fullTGDs	40960			newNonFullTGDs	5048		newFullTGDs	10093
nonFullTGDs	6225		fullTGDs	40960			newNonFullTGDs	5039		newFullTGDs	10093
nonFullTGDs	6239		fullTGDs	40960			newNonFullTGDs	5025		newFullTGDs	10102
nonFullTGDs	6258		fullTGDs	40960			newNonFullTGDs	5006		newFullTGDs	10128
nonFullTGDs	6277		fullTGDs	40960			newNonFullTGDs	4987		newFullTGDs	10146
nonFullTGDs	6295		fullTGDs	40960			newNonFullTGDs	4969		newFullTGDs	10163
nonFullTGDs	6311		fullTGDs	40960			newNonFullTGDs	4953		newFullTGDs	10172
nonFullTGDs	6329		fullTGDs	40960			newNonFullTGDs	4935		newFullTGDs	10197
nonFullTGDs	6341		fullTGDs	40960			newNonFullTGDs	4923		newFullTGDs	10211
nonFullTGDs	6358		fullTGDs	40960			newNonFullTGDs	4906		newFullTGDs	10217
nonFullTGDs	6384		fullTGDs	40960			newNonFullTGDs	4880		newFullTGDs	10265
nonFullTGDs	6403		fullTGDs	40960			newNonFullTGDs	4861		newFullTGDs	10276
nonFullTGDs	6420		fullTGDs	40960			newNonFullTGDs	4844		newFullTGDs	10284
nonFullTGDs	6436		fullTGDs	40960			newNonFullTGDs	4828		newFullTGDs	10299
nonFullTGDs	6445		fullTGDs	40960			newNonFullTGDs	4819		newFullTGDs	10303
nonFullTGDs	6457		fullTGDs	40960			newNonFullTGDs	4807		newFullTGDs	10303
nonFullTGDs	6468		fullTGDs	40960			newNonFullTGDs	4796		newFullTGDs	10303
nonFullTGDs	6478		fullTGDs	40960			newNonFullTGDs	4786		newFullTGDs	10303
nonFullTGDs	6491		fullTGDs	40960			newNonFullTGDs	4773		newFullTGDs	10303
nonFullTGDs	6500		fullTGDs	40960			newNonFullTGDs	4764		newFullTGDs	10303
nonFullTGDs	6514		fullTGDs	40960			newNonFullTGDs	4750		newFullTGDs	10305
nonFullTGDs	6533		fullTGDs	40960			newNonFullTGDs	4731		newFullTGDs	10307
nonFullTGDs	6545		fullTGDs	40960			newNonFullTGDs	4719		newFullTGDs	10314
nonFullTGDs	6549		fullTGDs	40960			newNonFullTGDs	4715		newFullTGDs	10314
nonFullTGDs	6559		fullTGDs	40960			newNonFullTGDs	4705		newFullTGDs	10314
nonFullTGDs	6575		fullTGDs	40960			newNonFullTGDs	4688		newFullTGDs	10353
nonFullTGDs	6591		fullTGDs	40960			newNonFullTGDs	4672		newFullTGDs	10355
nonFullTGDs	6606		fullTGDs	40960			newNonFullTGDs	4654		newFullTGDs	10385
nonFullTGDs	6621		fullTGDs	40960			newNonFullTGDs	4635		newFullTGDs	10487
nonFullTGDs	6639		fullTGDs	40960			newNonFullTGDs	4617		newFullTGDs	10492
nonFullTGDs	6652		fullTGDs	40960			newNonFullTGDs	4604		newFullTGDs	10538
nonFullTGDs	6658		fullTGDs	40960			newNonFullTGDs	4598		newFullTGDs	10544
nonFullTGDs	6665		fullTGDs	40960			newNonFullTGDs	4591		newFullTGDs	10544
nonFullTGDs	6672		fullTGDs	40960			newNonFullTGDs	4584		newFullTGDs	10544
nonFullTGDs	6693		fullTGDs	40960			newNonFullTGDs	4563		newFullTGDs	10612
nonFullTGDs	6712		fullTGDs	40960			newNonFullTGDs	4544		newFullTGDs	10643
nonFullTGDs	6732		fullTGDs	40960			newNonFullTGDs	4524		newFullTGDs	10708
nonFullTGDs	6741		fullTGDs	40960			newNonFullTGDs	4515		newFullTGDs	10729
nonFullTGDs	6747		fullTGDs	40960			newNonFullTGDs	4509		newFullTGDs	10729
nonFullTGDs	6767		fullTGDs	40960			newNonFullTGDs	4489		newFullTGDs	10882
nonFullTGDs	6789		fullTGDs	40960			newNonFullTGDs	4467		newFullTGDs	11121
nonFullTGDs	6798		fullTGDs	40960			newNonFullTGDs	4458		newFullTGDs	11144
nonFullTGDs	6812		fullTGDs	40960			newNonFullTGDs	4444		newFullTGDs	11329
nonFullTGDs	6819		fullTGDs	40960			newNonFullTGDs	4437		newFullTGDs	11329
nonFullTGDs	6826		fullTGDs	40960			newNonFullTGDs	4428		newFullTGDs	11363
nonFullTGDs	6835		fullTGDs	40960			newNonFullTGDs	4419		newFullTGDs	11363
nonFullTGDs	6842		fullTGDs	40960			newNonFullTGDs	4412		newFullTGDs	11363
nonFullTGDs	6851		fullTGDs	40960			newNonFullTGDs	4403		newFullTGDs	11363
nonFullTGDs	6855		fullTGDs	40960			newNonFullTGDs	4399		newFullTGDs	11363
nonFullTGDs	6862		fullTGDs	40960			newNonFullTGDs	4392		newFullTGDs	11365
nonFullTGDs	6872		fullTGDs	40960			newNonFullTGDs	4382		newFullTGDs	11365
nonFullTGDs	6879		fullTGDs	40960			newNonFullTGDs	4375		newFullTGDs	11365
nonFullTGDs	6888		fullTGDs	40960			newNonFullTGDs	4366		newFullTGDs	11365
nonFullTGDs	6907		fullTGDs	40960			newNonFullTGDs	4347		newFullTGDs	11368
nonFullTGDs	6924		fullTGDs	40960			newNonFullTGDs	4330		newFullTGDs	11390
nonFullTGDs	6939		fullTGDs	40960			newNonFullTGDs	4315		newFullTGDs	11390
nonFullTGDs	6953		fullTGDs	40960			newNonFullTGDs	4301		newFullTGDs	11411
nonFullTGDs	6965		fullTGDs	40960			newNonFullTGDs	4289		newFullTGDs	11411
nonFullTGDs	6973		fullTGDs	40960			newNonFullTGDs	4281		newFullTGDs	11411
nonFullTGDs	6984		fullTGDs	40960			newNonFullTGDs	4270		newFullTGDs	11412
nonFullTGDs	6989		fullTGDs	40960			newNonFullTGDs	4265		newFullTGDs	11412
nonFullTGDs	6998		fullTGDs	40960			newNonFullTGDs	4256		newFullTGDs	11412
nonFullTGDs	7014		fullTGDs	40960			newNonFullTGDs	4240		newFullTGDs	11412
nonFullTGDs	7020		fullTGDs	40960			newNonFullTGDs	4234		newFullTGDs	11414
nonFullTGDs	7033		fullTGDs	40960			newNonFullTGDs	4221		newFullTGDs	11430
nonFullTGDs	7047		fullTGDs	40960			newNonFullTGDs	4207		newFullTGDs	11446
nonFullTGDs	7057		fullTGDs	40960			newNonFullTGDs	4197		newFullTGDs	11457
nonFullTGDs	7072		fullTGDs	40960			newNonFullTGDs	4182		newFullTGDs	11485
nonFullTGDs	7085		fullTGDs	40960			newNonFullTGDs	4169		newFullTGDs	11491
nonFullTGDs	7100		fullTGDs	40960			newNonFullTGDs	4154		newFullTGDs	11514
nonFullTGDs	7118		fullTGDs	40960			newNonFullTGDs	4136		newFullTGDs	11575
nonFullTGDs	7139		fullTGDs	40960			newNonFullTGDs	4115		newFullTGDs	11618
nonFullTGDs	7153		fullTGDs	40960			newNonFullTGDs	4101		newFullTGDs	11636
nonFullTGDs	7168		fullTGDs	40960			newNonFullTGDs	4086		newFullTGDs	11647
nonFullTGDs	7179		fullTGDs	40960			newNonFullTGDs	4075		newFullTGDs	11671
nonFullTGDs	7199		fullTGDs	40960			newNonFullTGDs	4055		newFullTGDs	11685
nonFullTGDs	7205		fullTGDs	40960			newNonFullTGDs	4049		newFullTGDs	11853
nonFullTGDs	7213		fullTGDs	40960			newNonFullTGDs	4041		newFullTGDs	11910
nonFullTGDs	7227		fullTGDs	40960			newNonFullTGDs	4027		newFullTGDs	11922
nonFullTGDs	7234		fullTGDs	40960			newNonFullTGDs	4020		newFullTGDs	11922
nonFullTGDs	7243		fullTGDs	40960			newNonFullTGDs	4011		newFullTGDs	11935
nonFullTGDs	7254		fullTGDs	40960			newNonFullTGDs	4000		newFullTGDs	11944
nonFullTGDs	7271		fullTGDs	40960			newNonFullTGDs	3983		newFullTGDs	11950
nonFullTGDs	7288		fullTGDs	40960			newNonFullTGDs	3966		newFullTGDs	11954
nonFullTGDs	7299		fullTGDs	40960			newNonFullTGDs	3954		newFullTGDs	11961
nonFullTGDs	7313		fullTGDs	40960			newNonFullTGDs	3940		newFullTGDs	11972
nonFullTGDs	7329		fullTGDs	40960			newNonFullTGDs	3924		newFullTGDs	11997
nonFullTGDs	7339		fullTGDs	40960			newNonFullTGDs	3914		newFullTGDs	11997
nonFullTGDs	7349		fullTGDs	40960			newNonFullTGDs	3904		newFullTGDs	11999
nonFullTGDs	7354		fullTGDs	40960			newNonFullTGDs	3899		newFullTGDs	11999
nonFullTGDs	7364		fullTGDs	40960			newNonFullTGDs	3889		newFullTGDs	12003
nonFullTGDs	7386		fullTGDs	40960			newNonFullTGDs	3867		newFullTGDs	12079
nonFullTGDs	7401		fullTGDs	40960			newNonFullTGDs	3852		newFullTGDs	12113
nonFullTGDs	7420		fullTGDs	40960			newNonFullTGDs	3833		newFullTGDs	12155
nonFullTGDs	7433		fullTGDs	40960			newNonFullTGDs	3820		newFullTGDs	12195
nonFullTGDs	7440		fullTGDs	40960			newNonFullTGDs	3813		newFullTGDs	12214
nonFullTGDs	7455		fullTGDs	40960			newNonFullTGDs	3798		newFullTGDs	12247
nonFullTGDs	7461		fullTGDs	40960			newNonFullTGDs	3792		newFullTGDs	12266
nonFullTGDs	7479		fullTGDs	40960			newNonFullTGDs	3774		newFullTGDs	12301
nonFullTGDs	7490		fullTGDs	40960			newNonFullTGDs	3763		newFullTGDs	12302
nonFullTGDs	7499		fullTGDs	40960			newNonFullTGDs	3754		newFullTGDs	12308
nonFullTGDs	7514		fullTGDs	40960			newNonFullTGDs	3739		newFullTGDs	12330
nonFullTGDs	7532		fullTGDs	40960			newNonFullTGDs	3721		newFullTGDs	12369
nonFullTGDs	7540		fullTGDs	40960			newNonFullTGDs	3713		newFullTGDs	12382
nonFullTGDs	7547		fullTGDs	40960			newNonFullTGDs	3706		newFullTGDs	12382
nonFullTGDs	7554		fullTGDs	40960			newNonFullTGDs	3699		newFullTGDs	12382
nonFullTGDs	7570		fullTGDs	40960			newNonFullTGDs	3683		newFullTGDs	12417
nonFullTGDs	7590		fullTGDs	40960			newNonFullTGDs	3663		newFullTGDs	12469
nonFullTGDs	7601		fullTGDs	40960			newNonFullTGDs	3652		newFullTGDs	12497
nonFullTGDs	7619		fullTGDs	40960			newNonFullTGDs	3634		newFullTGDs	12544
nonFullTGDs	7631		fullTGDs	40960			newNonFullTGDs	3622		newFullTGDs	12549
nonFullTGDs	7635		fullTGDs	40960			newNonFullTGDs	3617		newFullTGDs	12557
nonFullTGDs	7649		fullTGDs	40960			newNonFullTGDs	3603		newFullTGDs	12597
nonFullTGDs	7659		fullTGDs	40960			newNonFullTGDs	3593		newFullTGDs	12602
nonFullTGDs	7671		fullTGDs	40960			newNonFullTGDs	3578		newFullTGDs	12625
nonFullTGDs	7691		fullTGDs	40960			newNonFullTGDs	3558		newFullTGDs	12659
nonFullTGDs	7707		fullTGDs	40960			newNonFullTGDs	3542		newFullTGDs	12673
nonFullTGDs	7723		fullTGDs	40960			newNonFullTGDs	3526		newFullTGDs	12703
nonFullTGDs	7743		fullTGDs	40960			newNonFullTGDs	3506		newFullTGDs	12723
nonFullTGDs	7754		fullTGDs	40960			newNonFullTGDs	3495		newFullTGDs	12737
nonFullTGDs	7764		fullTGDs	40960			newNonFullTGDs	3485		newFullTGDs	12764
nonFullTGDs	7777		fullTGDs	40960			newNonFullTGDs	3472		newFullTGDs	12782
nonFullTGDs	7792		fullTGDs	40960			newNonFullTGDs	3457		newFullTGDs	12806
nonFullTGDs	7802		fullTGDs	40960			newNonFullTGDs	3447		newFullTGDs	12821
nonFullTGDs	7818		fullTGDs	40960			newNonFullTGDs	3431		newFullTGDs	12848
nonFullTGDs	7834		fullTGDs	40960			newNonFullTGDs	3415		newFullTGDs	12871
nonFullTGDs	7850		fullTGDs	40960			newNonFullTGDs	3399		newFullTGDs	12891
nonFullTGDs	7864		fullTGDs	40960			newNonFullTGDs	3385		newFullTGDs	12893
nonFullTGDs	7883		fullTGDs	40960			newNonFullTGDs	3366		newFullTGDs	12901
nonFullTGDs	7895		fullTGDs	40960			newNonFullTGDs	3354		newFullTGDs	12913
nonFullTGDs	7902		fullTGDs	40960			newNonFullTGDs	3347		newFullTGDs	12913
nonFullTGDs	7918		fullTGDs	40960			newNonFullTGDs	3331		newFullTGDs	12928
nonFullTGDs	7937		fullTGDs	40960			newNonFullTGDs	3312		newFullTGDs	12959
nonFullTGDs	7948		fullTGDs	40960			newNonFullTGDs	3301		newFullTGDs	12963
nonFullTGDs	7956		fullTGDs	40960			newNonFullTGDs	3293		newFullTGDs	12966
nonFullTGDs	7968		fullTGDs	40960			newNonFullTGDs	3281		newFullTGDs	12976
nonFullTGDs	7987		fullTGDs	40960			newNonFullTGDs	3262		newFullTGDs	13100
nonFullTGDs	8008		fullTGDs	40960			newNonFullTGDs	3241		newFullTGDs	13173
nonFullTGDs	8022		fullTGDs	40960			newNonFullTGDs	3227		newFullTGDs	13215
nonFullTGDs	8033		fullTGDs	40960			newNonFullTGDs	3216		newFullTGDs	13236
nonFullTGDs	8041		fullTGDs	40960			newNonFullTGDs	3208		newFullTGDs	13256
nonFullTGDs	8056		fullTGDs	40960			newNonFullTGDs	3193		newFullTGDs	13319
nonFullTGDs	8065		fullTGDs	40960			newNonFullTGDs	3183		newFullTGDs	13331
nonFullTGDs	8080		fullTGDs	40960			newNonFullTGDs	3168		newFullTGDs	13362
nonFullTGDs	8094		fullTGDs	40960			newNonFullTGDs	3154		newFullTGDs	13410
nonFullTGDs	8109		fullTGDs	40960			newNonFullTGDs	3139		newFullTGDs	13420
nonFullTGDs	8128		fullTGDs	40960			newNonFullTGDs	3120		newFullTGDs	13450
nonFullTGDs	8136		fullTGDs	40960			newNonFullTGDs	3112		newFullTGDs	13451
nonFullTGDs	8142		fullTGDs	40960			newNonFullTGDs	3106		newFullTGDs	13451
nonFullTGDs	8147		fullTGDs	40960			newNonFullTGDs	3101		newFullTGDs	13457
nonFullTGDs	8156		fullTGDs	40960			newNonFullTGDs	3092		newFullTGDs	13459
nonFullTGDs	8170		fullTGDs	40960			newNonFullTGDs	3078		newFullTGDs	13467
nonFullTGDs	8183		fullTGDs	40960			newNonFullTGDs	3065		newFullTGDs	13467
nonFullTGDs	8194		fullTGDs	40960			newNonFullTGDs	3054		newFullTGDs	13467
nonFullTGDs	8206		fullTGDs	40960			newNonFullTGDs	3042		newFullTGDs	13469
nonFullTGDs	8230		fullTGDs	40960			newNonFullTGDs	3018		newFullTGDs	13480
nonFullTGDs	8239		fullTGDs	40960			newNonFullTGDs	3009		newFullTGDs	13482
nonFullTGDs	8242		fullTGDs	40960			newNonFullTGDs	3006		newFullTGDs	13482
nonFullTGDs	8245		fullTGDs	40960			newNonFullTGDs	3003		newFullTGDs	13482
nonFullTGDs	8252		fullTGDs	40960			newNonFullTGDs	2996		newFullTGDs	13484
nonFullTGDs	8261		fullTGDs	40960			newNonFullTGDs	2987		newFullTGDs	13488
nonFullTGDs	8266		fullTGDs	40960			newNonFullTGDs	2982		newFullTGDs	13488
nonFullTGDs	8272		fullTGDs	40960			newNonFullTGDs	2976		newFullTGDs	13489
nonFullTGDs	8281		fullTGDs	40960			newNonFullTGDs	2967		newFullTGDs	13504
nonFullTGDs	8287		fullTGDs	40960			newNonFullTGDs	2961		newFullTGDs	13510
nonFullTGDs	8291		fullTGDs	40960			newNonFullTGDs	2957		newFullTGDs	13510
nonFullTGDs	8295		fullTGDs	40960			newNonFullTGDs	2953		newFullTGDs	13510
nonFullTGDs	8314		fullTGDs	40960			newNonFullTGDs	2934		newFullTGDs	13531
nonFullTGDs	8325		fullTGDs	40960			newNonFullTGDs	2923		newFullTGDs	13537
nonFullTGDs	8337		fullTGDs	40960			newNonFullTGDs	2911		newFullTGDs	13537
nonFullTGDs	8345		fullTGDs	40960			newNonFullTGDs	2903		newFullTGDs	13537
nonFullTGDs	8351		fullTGDs	40960			newNonFullTGDs	2897		newFullTGDs	13539
nonFullTGDs	8357		fullTGDs	40960			newNonFullTGDs	2891		newFullTGDs	13581
nonFullTGDs	8365		fullTGDs	40960			newNonFullTGDs	2883		newFullTGDs	13587
nonFullTGDs	8371		fullTGDs	40960			newNonFullTGDs	2877		newFullTGDs	13591
nonFullTGDs	8375		fullTGDs	40960			newNonFullTGDs	2873		newFullTGDs	13595
nonFullTGDs	8383		fullTGDs	40960			newNonFullTGDs	2865		newFullTGDs	13621
nonFullTGDs	8389		fullTGDs	40960			newNonFullTGDs	2859		newFullTGDs	13621
nonFullTGDs	8394		fullTGDs	40960			newNonFullTGDs	2854		newFullTGDs	13621
nonFullTGDs	8399		fullTGDs	40960			newNonFullTGDs	2849		newFullTGDs	13621
nonFullTGDs	8407		fullTGDs	40960			newNonFullTGDs	2841		newFullTGDs	13631
nonFullTGDs	8417		fullTGDs	40960			newNonFullTGDs	2831		newFullTGDs	13638
nonFullTGDs	8430		fullTGDs	40960			newNonFullTGDs	2818		newFullTGDs	13640
nonFullTGDs	8436		fullTGDs	40960			newNonFullTGDs	2812		newFullTGDs	13663
nonFullTGDs	8446		fullTGDs	40960			newNonFullTGDs	2802		newFullTGDs	13786
nonFullTGDs	8453		fullTGDs	40960			newNonFullTGDs	2795		newFullTGDs	13792
nonFullTGDs	8462		fullTGDs	40960			newNonFullTGDs	2786		newFullTGDs	13795
nonFullTGDs	8482		fullTGDs	40960			newNonFullTGDs	2766		newFullTGDs	13814
nonFullTGDs	8498		fullTGDs	40960			newNonFullTGDs	2750		newFullTGDs	13821
nonFullTGDs	8508		fullTGDs	40960			newNonFullTGDs	2740		newFullTGDs	13821
nonFullTGDs	8524		fullTGDs	40960			newNonFullTGDs	2724		newFullTGDs	13843
nonFullTGDs	8540		fullTGDs	40960			newNonFullTGDs	2708		newFullTGDs	13867
nonFullTGDs	8551		fullTGDs	40960			newNonFullTGDs	2697		newFullTGDs	13869
nonFullTGDs	8562		fullTGDs	40960			newNonFullTGDs	2686		newFullTGDs	13883
nonFullTGDs	8579		fullTGDs	40960			newNonFullTGDs	2669		newFullTGDs	13910
nonFullTGDs	8596		fullTGDs	40960			newNonFullTGDs	2652		newFullTGDs	13934
nonFullTGDs	8624		fullTGDs	40960			newNonFullTGDs	2624		newFullTGDs	14007
nonFullTGDs	8639		fullTGDs	40960			newNonFullTGDs	2609		newFullTGDs	14050
nonFullTGDs	8659		fullTGDs	40960			newNonFullTGDs	2589		newFullTGDs	14077
nonFullTGDs	8681		fullTGDs	40960			newNonFullTGDs	2567		newFullTGDs	14153
nonFullTGDs	8697		fullTGDs	40960			newNonFullTGDs	2551		newFullTGDs	14181
nonFullTGDs	8710		fullTGDs	40960			newNonFullTGDs	2538		newFullTGDs	14212
nonFullTGDs	8724		fullTGDs	40960			newNonFullTGDs	2524		newFullTGDs	14240
nonFullTGDs	8747		fullTGDs	40960			newNonFullTGDs	2501		newFullTGDs	14351
nonFullTGDs	8764		fullTGDs	40960			newNonFullTGDs	2484		newFullTGDs	14384
nonFullTGDs	8776		fullTGDs	40960			newNonFullTGDs	2472		newFullTGDs	14388
nonFullTGDs	8787		fullTGDs	40960			newNonFullTGDs	2461		newFullTGDs	14404
nonFullTGDs	8804		fullTGDs	40960			newNonFullTGDs	2444		newFullTGDs	14437
nonFullTGDs	8819		fullTGDs	40960			newNonFullTGDs	2429		newFullTGDs	14503
nonFullTGDs	8829		fullTGDs	40960			newNonFullTGDs	2419		newFullTGDs	14534
nonFullTGDs	8841		fullTGDs	40960			newNonFullTGDs	2407		newFullTGDs	14544
nonFullTGDs	8855		fullTGDs	40960			newNonFullTGDs	2393		newFullTGDs	14553
nonFullTGDs	8867		fullTGDs	40960			newNonFullTGDs	2381		newFullTGDs	14553
nonFullTGDs	8879		fullTGDs	40960			newNonFullTGDs	2369		newFullTGDs	14553
nonFullTGDs	8886		fullTGDs	40960			newNonFullTGDs	2362		newFullTGDs	14561
nonFullTGDs	8892		fullTGDs	40960			newNonFullTGDs	2356		newFullTGDs	14579
nonFullTGDs	8896		fullTGDs	40960			newNonFullTGDs	2352		newFullTGDs	14591
nonFullTGDs	8901		fullTGDs	40960			newNonFullTGDs	2347		newFullTGDs	14597
nonFullTGDs	8906		fullTGDs	40960			newNonFullTGDs	2342		newFullTGDs	14597
nonFullTGDs	8913		fullTGDs	40960			newNonFullTGDs	2335		newFullTGDs	14597
nonFullTGDs	8920		fullTGDs	40960			newNonFullTGDs	2328		newFullTGDs	14597
nonFullTGDs	8928		fullTGDs	40960			newNonFullTGDs	2320		newFullTGDs	14597
nonFullTGDs	8937		fullTGDs	40960			newNonFullTGDs	2311		newFullTGDs	14597
nonFullTGDs	8941		fullTGDs	40960			newNonFullTGDs	2307		newFullTGDs	14597
nonFullTGDs	8953		fullTGDs	40960			newNonFullTGDs	2295		newFullTGDs	14651
nonFullTGDs	8968		fullTGDs	40960			newNonFullTGDs	2280		newFullTGDs	14652
nonFullTGDs	9000		fullTGDs	40960			newNonFullTGDs	2248		newFullTGDs	14652
nonFullTGDs	9011		fullTGDs	40960			newNonFullTGDs	2237		newFullTGDs	14652
nonFullTGDs	9023		fullTGDs	40960			newNonFullTGDs	2225		newFullTGDs	14657
nonFullTGDs	9042		fullTGDs	40960			newNonFullTGDs	2206		newFullTGDs	14660
nonFullTGDs	9059		fullTGDs	40960			newNonFullTGDs	2189		newFullTGDs	14662
nonFullTGDs	9076		fullTGDs	40960			newNonFullTGDs	2172		newFullTGDs	14667
nonFullTGDs	9089		fullTGDs	40960			newNonFullTGDs	2159		newFullTGDs	14668
nonFullTGDs	9099		fullTGDs	40960			newNonFullTGDs	2149		newFullTGDs	14668
nonFullTGDs	9106		fullTGDs	40960			newNonFullTGDs	2142		newFullTGDs	14668
nonFullTGDs	9116		fullTGDs	40960			newNonFullTGDs	2132		newFullTGDs	14668
nonFullTGDs	9128		fullTGDs	40960			newNonFullTGDs	2120		newFullTGDs	14668
nonFullTGDs	9137		fullTGDs	40960			newNonFullTGDs	2111		newFullTGDs	14668
nonFullTGDs	9144		fullTGDs	40960			newNonFullTGDs	2104		newFullTGDs	14668
nonFullTGDs	9156		fullTGDs	40960			newNonFullTGDs	2092		newFullTGDs	14668
nonFullTGDs	9167		fullTGDs	40960			newNonFullTGDs	2081		newFullTGDs	14669
nonFullTGDs	9174		fullTGDs	40960			newNonFullTGDs	2074		newFullTGDs	14669
nonFullTGDs	9189		fullTGDs	40960			newNonFullTGDs	2059		newFullTGDs	14673
nonFullTGDs	9197		fullTGDs	40960			newNonFullTGDs	2051		newFullTGDs	14673
nonFullTGDs	9212		fullTGDs	40960			newNonFullTGDs	2036		newFullTGDs	14679
nonFullTGDs	9222		fullTGDs	40960			newNonFullTGDs	2026		newFullTGDs	14679
nonFullTGDs	9232		fullTGDs	40960			newNonFullTGDs	2016		newFullTGDs	14679
nonFullTGDs	9253		fullTGDs	40960			newNonFullTGDs	1995		newFullTGDs	14700
nonFullTGDs	9259		fullTGDs	40960			newNonFullTGDs	1989		newFullTGDs	14700
nonFullTGDs	9267		fullTGDs	40960			newNonFullTGDs	1981		newFullTGDs	14700
nonFullTGDs	9273		fullTGDs	40960			newNonFullTGDs	1975		newFullTGDs	14700
nonFullTGDs	9277		fullTGDs	40960			newNonFullTGDs	1971		newFullTGDs	14700
nonFullTGDs	9289		fullTGDs	40960			newNonFullTGDs	1959		newFullTGDs	14708
nonFullTGDs	9292		fullTGDs	40960			newNonFullTGDs	1956		newFullTGDs	14714
nonFullTGDs	9303		fullTGDs	40960			newNonFullTGDs	1945		newFullTGDs	14714
nonFullTGDs	9311		fullTGDs	40960			newNonFullTGDs	1937		newFullTGDs	14718
nonFullTGDs	9325		fullTGDs	40960			newNonFullTGDs	1923		newFullTGDs	14726
nonFullTGDs	9334		fullTGDs	40960			newNonFullTGDs	1914		newFullTGDs	14731
nonFullTGDs	9348		fullTGDs	40960			newNonFullTGDs	1900		newFullTGDs	14767
nonFullTGDs	9359		fullTGDs	40960			newNonFullTGDs	1889		newFullTGDs	14767
nonFullTGDs	9370		fullTGDs	40960			newNonFullTGDs	1878		newFullTGDs	14774
nonFullTGDs	9384		fullTGDs	40960			newNonFullTGDs	1864		newFullTGDs	14774
nonFullTGDs	9394		fullTGDs	40960			newNonFullTGDs	1854		newFullTGDs	14774
nonFullTGDs	9404		fullTGDs	40960			newNonFullTGDs	1844		newFullTGDs	14775
nonFullTGDs	9413		fullTGDs	40960			newNonFullTGDs	1835		newFullTGDs	14781
nonFullTGDs	9418		fullTGDs	40960			newNonFullTGDs	1830		newFullTGDs	14793
nonFullTGDs	9435		fullTGDs	40960			newNonFullTGDs	1813		newFullTGDs	14860
nonFullTGDs	9442		fullTGDs	40960			newNonFullTGDs	1806		newFullTGDs	14860
nonFullTGDs	9451		fullTGDs	40960			newNonFullTGDs	1797		newFullTGDs	14860
nonFullTGDs	9458		fullTGDs	40960			newNonFullTGDs	1790		newFullTGDs	14860
nonFullTGDs	9467		fullTGDs	40960			newNonFullTGDs	1781		newFullTGDs	14860
nonFullTGDs	9474		fullTGDs	40960			newNonFullTGDs	1774		newFullTGDs	14875
nonFullTGDs	9476		fullTGDs	40960			newNonFullTGDs	1772		newFullTGDs	14875
nonFullTGDs	9491		fullTGDs	40960			newNonFullTGDs	1757		newFullTGDs	14917
nonFullTGDs	9500		fullTGDs	40960			newNonFullTGDs	1748		newFullTGDs	14917
nonFullTGDs	9513		fullTGDs	40960			newNonFullTGDs	1735		newFullTGDs	14917
nonFullTGDs	9521		fullTGDs	40960			newNonFullTGDs	1727		newFullTGDs	14917
nonFullTGDs	9528		fullTGDs	40960			newNonFullTGDs	1720		newFullTGDs	14917
nonFullTGDs	9538		fullTGDs	40960			newNonFullTGDs	1710		newFullTGDs	14927
nonFullTGDs	9551		fullTGDs	40960			newNonFullTGDs	1697		newFullTGDs	14941
nonFullTGDs	9569		fullTGDs	40960			newNonFullTGDs	1679		newFullTGDs	14961
nonFullTGDs	9576		fullTGDs	40960			newNonFullTGDs	1672		newFullTGDs	14961
nonFullTGDs	9586		fullTGDs	40960			newNonFullTGDs	1662		newFullTGDs	14961
nonFullTGDs	9596		fullTGDs	40960			newNonFullTGDs	1652		newFullTGDs	14961
nonFullTGDs	9605		fullTGDs	40960			newNonFullTGDs	1643		newFullTGDs	14961
nonFullTGDs	9610		fullTGDs	40960			newNonFullTGDs	1638		newFullTGDs	14961
nonFullTGDs	9622		fullTGDs	40960			newNonFullTGDs	1626		newFullTGDs	14961
nonFullTGDs	9632		fullTGDs	40960			newNonFullTGDs	1616		newFullTGDs	14961
nonFullTGDs	9637		fullTGDs	40960			newNonFullTGDs	1611		newFullTGDs	14961
nonFullTGDs	9643		fullTGDs	40960			newNonFullTGDs	1605		newFullTGDs	14961
nonFullTGDs	9652		fullTGDs	40960			newNonFullTGDs	1596		newFullTGDs	14963
nonFullTGDs	9657		fullTGDs	40960			newNonFullTGDs	1591		newFullTGDs	14963
nonFullTGDs	9664		fullTGDs	40960			newNonFullTGDs	1584		newFullTGDs	14963
nonFullTGDs	9667		fullTGDs	40960			newNonFullTGDs	1581		newFullTGDs	14963
nonFullTGDs	9674		fullTGDs	40960			newNonFullTGDs	1574		newFullTGDs	14963
nonFullTGDs	9682		fullTGDs	40960			newNonFullTGDs	1566		newFullTGDs	14963
nonFullTGDs	9689		fullTGDs	40960			newNonFullTGDs	1559		newFullTGDs	14963
nonFullTGDs	9699		fullTGDs	40960			newNonFullTGDs	1549		newFullTGDs	14963
nonFullTGDs	9707		fullTGDs	40960			newNonFullTGDs	1541		newFullTGDs	14965
nonFullTGDs	9714		fullTGDs	40960			newNonFullTGDs	1534		newFullTGDs	14965
nonFullTGDs	9721		fullTGDs	40960			newNonFullTGDs	1527		newFullTGDs	14965
nonFullTGDs	9733		fullTGDs	40960			newNonFullTGDs	1515		newFullTGDs	14965
nonFullTGDs	9739		fullTGDs	40960			newNonFullTGDs	1509		newFullTGDs	14976
nonFullTGDs	9750		fullTGDs	40960			newNonFullTGDs	1498		newFullTGDs	14976
nonFullTGDs	9761		fullTGDs	40960			newNonFullTGDs	1487		newFullTGDs	14980
nonFullTGDs	9770		fullTGDs	40960			newNonFullTGDs	1478		newFullTGDs	14980
nonFullTGDs	9779		fullTGDs	40960			newNonFullTGDs	1469		newFullTGDs	14980
nonFullTGDs	9786		fullTGDs	40960			newNonFullTGDs	1462		newFullTGDs	14980
nonFullTGDs	9790		fullTGDs	40960			newNonFullTGDs	1458		newFullTGDs	14980
nonFullTGDs	9798		fullTGDs	40960			newNonFullTGDs	1450		newFullTGDs	14980
nonFullTGDs	9809		fullTGDs	40960			newNonFullTGDs	1439		newFullTGDs	14980
nonFullTGDs	9824		fullTGDs	40960			newNonFullTGDs	1424		newFullTGDs	14980
nonFullTGDs	9833		fullTGDs	40960			newNonFullTGDs	1415		newFullTGDs	14980
nonFullTGDs	9842		fullTGDs	40960			newNonFullTGDs	1406		newFullTGDs	14980
nonFullTGDs	9846		fullTGDs	40960			newNonFullTGDs	1402		newFullTGDs	14980
nonFullTGDs	9851		fullTGDs	40960			newNonFullTGDs	1397		newFullTGDs	14980
nonFullTGDs	9857		fullTGDs	40960			newNonFullTGDs	1391		newFullTGDs	14980
nonFullTGDs	9862		fullTGDs	40960			newNonFullTGDs	1386		newFullTGDs	14980
nonFullTGDs	9873		fullTGDs	40960			newNonFullTGDs	1375		newFullTGDs	14980
nonFullTGDs	9880		fullTGDs	40960			newNonFullTGDs	1368		newFullTGDs	14980
nonFullTGDs	9887		fullTGDs	40960			newNonFullTGDs	1361		newFullTGDs	14980
nonFullTGDs	9894		fullTGDs	40960			newNonFullTGDs	1354		newFullTGDs	14980
nonFullTGDs	9900		fullTGDs	40960			newNonFullTGDs	1348		newFullTGDs	14980
nonFullTGDs	9912		fullTGDs	40960			newNonFullTGDs	1336		newFullTGDs	14980
nonFullTGDs	9924		fullTGDs	40960			newNonFullTGDs	1324		newFullTGDs	14980
nonFullTGDs	9933		fullTGDs	40960			newNonFullTGDs	1315		newFullTGDs	14980
nonFullTGDs	9939		fullTGDs	40960			newNonFullTGDs	1309		newFullTGDs	14980
nonFullTGDs	9945		fullTGDs	40960			newNonFullTGDs	1303		newFullTGDs	14980
nonFullTGDs	9952		fullTGDs	40960			newNonFullTGDs	1296		newFullTGDs	14980
nonFullTGDs	9958		fullTGDs	40960			newNonFullTGDs	1290		newFullTGDs	14980
nonFullTGDs	9961		fullTGDs	40960			newNonFullTGDs	1287		newFullTGDs	14980
nonFullTGDs	9964		fullTGDs	40960			newNonFullTGDs	1284		newFullTGDs	14980
nonFullTGDs	9972		fullTGDs	40960			newNonFullTGDs	1276		newFullTGDs	14980
nonFullTGDs	9978		fullTGDs	40960			newNonFullTGDs	1270		newFullTGDs	14980
nonFullTGDs	9989		fullTGDs	40960			newNonFullTGDs	1259		newFullTGDs	14980
nonFullTGDs	9999		fullTGDs	40960			newNonFullTGDs	1249		newFullTGDs	14980
nonFullTGDs	10005		fullTGDs	40960			newNonFullTGDs	1243		newFullTGDs	14980
nonFullTGDs	10012		fullTGDs	40960			newNonFullTGDs	1236		newFullTGDs	14980
nonFullTGDs	10021		fullTGDs	40960			newNonFullTGDs	1227		newFullTGDs	14980
nonFullTGDs	10028		fullTGDs	40960			newNonFullTGDs	1220		newFullTGDs	14980
nonFullTGDs	10032		fullTGDs	40960			newNonFullTGDs	1216		newFullTGDs	14980
nonFullTGDs	10035		fullTGDs	40960			newNonFullTGDs	1213		newFullTGDs	14980
nonFullTGDs	10041		fullTGDs	40960			newNonFullTGDs	1207		newFullTGDs	14980
nonFullTGDs	10045		fullTGDs	40960			newNonFullTGDs	1203		newFullTGDs	14980
nonFullTGDs	10055		fullTGDs	40960			newNonFullTGDs	1193		newFullTGDs	14980
nonFullTGDs	10059		fullTGDs	40960			newNonFullTGDs	1189		newFullTGDs	14980
nonFullTGDs	10067		fullTGDs	40960			newNonFullTGDs	1181		newFullTGDs	14980
nonFullTGDs	10074		fullTGDs	40960			newNonFullTGDs	1174		newFullTGDs	14980
nonFullTGDs	10083		fullTGDs	40960			newNonFullTGDs	1165		newFullTGDs	14986
nonFullTGDs	10090		fullTGDs	40960			newNonFullTGDs	1158		newFullTGDs	14986
nonFullTGDs	10098		fullTGDs	40960			newNonFullTGDs	1150		newFullTGDs	14986
nonFullTGDs	10104		fullTGDs	40960			newNonFullTGDs	1144		newFullTGDs	14986
nonFullTGDs	10111		fullTGDs	40960			newNonFullTGDs	1137		newFullTGDs	14986
nonFullTGDs	10116		fullTGDs	40960			newNonFullTGDs	1132		newFullTGDs	14986
nonFullTGDs	10120		fullTGDs	40960			newNonFullTGDs	1128		newFullTGDs	14986
nonFullTGDs	10126		fullTGDs	40960			newNonFullTGDs	1122		newFullTGDs	14986
nonFullTGDs	10132		fullTGDs	40960			newNonFullTGDs	1116		newFullTGDs	14986
nonFullTGDs	10139		fullTGDs	40960			newNonFullTGDs	1109		newFullTGDs	14986
nonFullTGDs	10149		fullTGDs	40960			newNonFullTGDs	1099		newFullTGDs	14986
nonFullTGDs	10161		fullTGDs	40960			newNonFullTGDs	1087		newFullTGDs	14986
nonFullTGDs	10175		fullTGDs	40960			newNonFullTGDs	1073		newFullTGDs	14986
nonFullTGDs	10187		fullTGDs	40960			newNonFullTGDs	1061		newFullTGDs	14986
nonFullTGDs	10197		fullTGDs	40960			newNonFullTGDs	1051		newFullTGDs	14986
nonFullTGDs	10204		fullTGDs	40960			newNonFullTGDs	1044		newFullTGDs	14986
nonFullTGDs	10218		fullTGDs	40960			newNonFullTGDs	1030		newFullTGDs	14986
nonFullTGDs	10225		fullTGDs	40960			newNonFullTGDs	1023		newFullTGDs	14986
nonFullTGDs	10237		fullTGDs	40960			newNonFullTGDs	1011		newFullTGDs	14986
nonFullTGDs	10249		fullTGDs	40960			newNonFullTGDs	999		newFullTGDs	14986
nonFullTGDs	10261		fullTGDs	40960			newNonFullTGDs	987		newFullTGDs	14986
nonFullTGDs	10270		fullTGDs	40960			newNonFullTGDs	978		newFullTGDs	14986
nonFullTGDs	10282		fullTGDs	40960			newNonFullTGDs	966		newFullTGDs	14986
nonFullTGDs	10289		fullTGDs	40960			newNonFullTGDs	959		newFullTGDs	14986
nonFullTGDs	10295		fullTGDs	40960			newNonFullTGDs	953		newFullTGDs	14986
nonFullTGDs	10300		fullTGDs	40960			newNonFullTGDs	948		newFullTGDs	14986
nonFullTGDs	10309		fullTGDs	40960			newNonFullTGDs	939		newFullTGDs	14986
nonFullTGDs	10318		fullTGDs	40960			newNonFullTGDs	930		newFullTGDs	14986
nonFullTGDs	10332		fullTGDs	40960			newNonFullTGDs	916		newFullTGDs	14986
nonFullTGDs	10338		fullTGDs	40960			newNonFullTGDs	910		newFullTGDs	14986
nonFullTGDs	10345		fullTGDs	40960			newNonFullTGDs	903		newFullTGDs	14986
nonFullTGDs	10355		fullTGDs	40960			newNonFullTGDs	893		newFullTGDs	14986
nonFullTGDs	10366		fullTGDs	40960			newNonFullTGDs	882		newFullTGDs	14986
nonFullTGDs	10372		fullTGDs	40960			newNonFullTGDs	876		newFullTGDs	14986
nonFullTGDs	10389		fullTGDs	40960			newNonFullTGDs	859		newFullTGDs	14986
nonFullTGDs	10404		fullTGDs	40960			newNonFullTGDs	844		newFullTGDs	14986
nonFullTGDs	10410		fullTGDs	40960			newNonFullTGDs	838		newFullTGDs	14986
nonFullTGDs	10421		fullTGDs	40960			newNonFullTGDs	827		newFullTGDs	14986
nonFullTGDs	10429		fullTGDs	40960			newNonFullTGDs	819		newFullTGDs	14986
nonFullTGDs	10436		fullTGDs	40960			newNonFullTGDs	812		newFullTGDs	14986
nonFullTGDs	10442		fullTGDs	40960			newNonFullTGDs	806		newFullTGDs	14986
nonFullTGDs	10457		fullTGDs	40960			newNonFullTGDs	791		newFullTGDs	14986
nonFullTGDs	10474		fullTGDs	40960			newNonFullTGDs	774		newFullTGDs	14986
nonFullTGDs	10484		fullTGDs	40960			newNonFullTGDs	764		newFullTGDs	14986
nonFullTGDs	10503		fullTGDs	40960			newNonFullTGDs	745		newFullTGDs	14986
nonFullTGDs	10514		fullTGDs	40960			newNonFullTGDs	734		newFullTGDs	14986
nonFullTGDs	10524		fullTGDs	40960			newNonFullTGDs	724		newFullTGDs	14986
nonFullTGDs	10534		fullTGDs	40960			newNonFullTGDs	714		newFullTGDs	14986
nonFullTGDs	10543		fullTGDs	40960			newNonFullTGDs	705		newFullTGDs	14986
nonFullTGDs	10551		fullTGDs	40960			newNonFullTGDs	697		newFullTGDs	14986
nonFullTGDs	10555		fullTGDs	40960			newNonFullTGDs	693		newFullTGDs	14986
nonFullTGDs	10559		fullTGDs	40960			newNonFullTGDs	689		newFullTGDs	14986
nonFullTGDs	10567		fullTGDs	40960			newNonFullTGDs	681		newFullTGDs	14986
nonFullTGDs	10576		fullTGDs	40960			newNonFullTGDs	672		newFullTGDs	14986
nonFullTGDs	10586		fullTGDs	40960			newNonFullTGDs	662		newFullTGDs	14986
nonFullTGDs	10597		fullTGDs	40960			newNonFullTGDs	651		newFullTGDs	14986
nonFullTGDs	10602		fullTGDs	40960			newNonFullTGDs	646		newFullTGDs	14986
nonFullTGDs	10614		fullTGDs	40960			newNonFullTGDs	634		newFullTGDs	14986
nonFullTGDs	10624		fullTGDs	40960			newNonFullTGDs	624		newFullTGDs	14986
nonFullTGDs	10633		fullTGDs	40960			newNonFullTGDs	615		newFullTGDs	14986
nonFullTGDs	10641		fullTGDs	40960			newNonFullTGDs	607		newFullTGDs	14986
nonFullTGDs	10647		fullTGDs	40960			newNonFullTGDs	601		newFullTGDs	14986
nonFullTGDs	10653		fullTGDs	40960			newNonFullTGDs	595		newFullTGDs	14986
nonFullTGDs	10661		fullTGDs	40960			newNonFullTGDs	587		newFullTGDs	14986
nonFullTGDs	10669		fullTGDs	40960			newNonFullTGDs	579		newFullTGDs	14986
nonFullTGDs	10675		fullTGDs	40960			newNonFullTGDs	573		newFullTGDs	14986
nonFullTGDs	10687		fullTGDs	40960			newNonFullTGDs	561		newFullTGDs	14986
nonFullTGDs	10697		fullTGDs	40960			newNonFullTGDs	551		newFullTGDs	14986
nonFullTGDs	10702		fullTGDs	40960			newNonFullTGDs	546		newFullTGDs	14986
nonFullTGDs	10705		fullTGDs	40960			newNonFullTGDs	543		newFullTGDs	14986
nonFullTGDs	10709		fullTGDs	40960			newNonFullTGDs	539		newFullTGDs	14986
nonFullTGDs	10714		fullTGDs	40960			newNonFullTGDs	534		newFullTGDs	14986
nonFullTGDs	10721		fullTGDs	40960			newNonFullTGDs	527		newFullTGDs	14986
nonFullTGDs	10729		fullTGDs	40960			newNonFullTGDs	519		newFullTGDs	14986
nonFullTGDs	10740		fullTGDs	40960			newNonFullTGDs	508		newFullTGDs	14986
nonFullTGDs	10747		fullTGDs	40960			newNonFullTGDs	501		newFullTGDs	14986
nonFullTGDs	10759		fullTGDs	40960			newNonFullTGDs	489		newFullTGDs	14986
nonFullTGDs	10771		fullTGDs	40960			newNonFullTGDs	477		newFullTGDs	14986
nonFullTGDs	10780		fullTGDs	40960			newNonFullTGDs	468		newFullTGDs	14987
nonFullTGDs	10796		fullTGDs	40960			newNonFullTGDs	452		newFullTGDs	14987
nonFullTGDs	10806		fullTGDs	40960			newNonFullTGDs	442		newFullTGDs	14989
nonFullTGDs	10817		fullTGDs	40960			newNonFullTGDs	431		newFullTGDs	14989
nonFullTGDs	10827		fullTGDs	40960			newNonFullTGDs	421		newFullTGDs	14989
nonFullTGDs	10832		fullTGDs	40960			newNonFullTGDs	416		newFullTGDs	14989
nonFullTGDs	10838		fullTGDs	40960			newNonFullTGDs	410		newFullTGDs	14989
nonFullTGDs	10846		fullTGDs	40960			newNonFullTGDs	402		newFullTGDs	14989
nonFullTGDs	10854		fullTGDs	40960			newNonFullTGDs	394		newFullTGDs	14994
nonFullTGDs	10861		fullTGDs	40960			newNonFullTGDs	387		newFullTGDs	14994
nonFullTGDs	10876		fullTGDs	40960			newNonFullTGDs	372		newFullTGDs	14994
nonFullTGDs	10884		fullTGDs	40960			newNonFullTGDs	364		newFullTGDs	14994
nonFullTGDs	10888		fullTGDs	40960			newNonFullTGDs	360		newFullTGDs	14994
nonFullTGDs	10899		fullTGDs	40960			newNonFullTGDs	349		newFullTGDs	14997
nonFullTGDs	10906		fullTGDs	40960			newNonFullTGDs	342		newFullTGDs	14997
nonFullTGDs	10913		fullTGDs	40960			newNonFullTGDs	335		newFullTGDs	14997
nonFullTGDs	10919		fullTGDs	40960			newNonFullTGDs	329		newFullTGDs	14997
nonFullTGDs	10925		fullTGDs	40960			newNonFullTGDs	323		newFullTGDs	14997
nonFullTGDs	10931		fullTGDs	40960			newNonFullTGDs	317		newFullTGDs	14997
nonFullTGDs	10938		fullTGDs	40960			newNonFullTGDs	310		newFullTGDs	14997
nonFullTGDs	10943		fullTGDs	40960			newNonFullTGDs	305		newFullTGDs	14997
nonFullTGDs	10951		fullTGDs	40960			newNonFullTGDs	297		newFullTGDs	14997
nonFullTGDs	10956		fullTGDs	40960			newNonFullTGDs	292		newFullTGDs	14997
nonFullTGDs	10961		fullTGDs	40960			newNonFullTGDs	287		newFullTGDs	14997
nonFullTGDs	10965		fullTGDs	40960			newNonFullTGDs	283		newFullTGDs	14997
nonFullTGDs	10970		fullTGDs	40960			newNonFullTGDs	278		newFullTGDs	14997
nonFullTGDs	10976		fullTGDs	40960			newNonFullTGDs	272		newFullTGDs	14997
nonFullTGDs	10985		fullTGDs	40960			newNonFullTGDs	263		newFullTGDs	14997
nonFullTGDs	10993		fullTGDs	40960			newNonFullTGDs	255		newFullTGDs	14997
nonFullTGDs	10998		fullTGDs	40960			newNonFullTGDs	250		newFullTGDs	14997
nonFullTGDs	11002		fullTGDs	40960			newNonFullTGDs	246		newFullTGDs	14997
nonFullTGDs	11009		fullTGDs	40960			newNonFullTGDs	239		newFullTGDs	14997
nonFullTGDs	11019		fullTGDs	40960			newNonFullTGDs	229		newFullTGDs	14997
nonFullTGDs	11030		fullTGDs	40960			newNonFullTGDs	218		newFullTGDs	14997
nonFullTGDs	11038		fullTGDs	40960			newNonFullTGDs	210		newFullTGDs	14997
nonFullTGDs	11041		fullTGDs	40960			newNonFullTGDs	207		newFullTGDs	14997
nonFullTGDs	11045		fullTGDs	40960			newNonFullTGDs	203		newFullTGDs	14997
nonFullTGDs	11052		fullTGDs	40960			newNonFullTGDs	196		newFullTGDs	14997
nonFullTGDs	11056		fullTGDs	40960			newNonFullTGDs	192		newFullTGDs	14997
nonFullTGDs	11062		fullTGDs	40960			newNonFullTGDs	186		newFullTGDs	15001
nonFullTGDs	11074		fullTGDs	40960			newNonFullTGDs	174		newFullTGDs	15001
nonFullTGDs	11080		fullTGDs	40960			newNonFullTGDs	168		newFullTGDs	15001
nonFullTGDs	11093		fullTGDs	40960			newNonFullTGDs	155		newFullTGDs	15001
nonFullTGDs	11110		fullTGDs	40960			newNonFullTGDs	138		newFullTGDs	15001
nonFullTGDs	11121		fullTGDs	40960			newNonFullTGDs	127		newFullTGDs	15001
nonFullTGDs	11129		fullTGDs	40960			newNonFullTGDs	119		newFullTGDs	15001
nonFullTGDs	11133		fullTGDs	40960			newNonFullTGDs	115		newFullTGDs	15001
nonFullTGDs	11137		fullTGDs	40960			newNonFullTGDs	111		newFullTGDs	15001
nonFullTGDs	11140		fullTGDs	40960			newNonFullTGDs	108		newFullTGDs	15001
nonFullTGDs	11143		fullTGDs	40960			newNonFullTGDs	105		newFullTGDs	15001
nonFullTGDs	11146		fullTGDs	40960			newNonFullTGDs	102		newFullTGDs	15001
nonFullTGDs	11151		fullTGDs	40960			newNonFullTGDs	97		newFullTGDs	15001
nonFullTGDs	11159		fullTGDs	40960			newNonFullTGDs	89		newFullTGDs	15001
nonFullTGDs	11168		fullTGDs	40960			newNonFullTGDs	80		newFullTGDs	15001
nonFullTGDs	11174		fullTGDs	40960			newNonFullTGDs	74		newFullTGDs	15005
nonFullTGDs	11184		fullTGDs	40960			newNonFullTGDs	64		newFullTGDs	15005
nonFullTGDs	11199		fullTGDs	40960			newNonFullTGDs	49		newFullTGDs	15005
nonFullTGDs	11210		fullTGDs	40960			newNonFullTGDs	38		newFullTGDs	15005
nonFullTGDs	11217		fullTGDs	40960			newNonFullTGDs	31		newFullTGDs	15005
nonFullTGDs	11223		fullTGDs	40960			newNonFullTGDs	25		newFullTGDs	15005
nonFullTGDs	11226		fullTGDs	40960			newNonFullTGDs	22		newFullTGDs	15005
nonFullTGDs	11234		fullTGDs	40960			newNonFullTGDs	14		newFullTGDs	15006
nonFullTGDs	11238		fullTGDs	40960			newNonFullTGDs	10		newFullTGDs	15006
nonFullTGDs	11244		fullTGDs	40960			newNonFullTGDs	4		newFullTGDs	15007
nonFullTGDs	11248		fullTGDs	41038			newNonFullTGDs	0		newFullTGDs	14929
nonFullTGDs	11248		fullTGDs	41138			newNonFullTGDs	0		newFullTGDs	14829
nonFullTGDs	11248		fullTGDs	41238			newNonFullTGDs	0		newFullTGDs	14729
nonFullTGDs	11248		fullTGDs	41338			newNonFullTGDs	0		newFullTGDs	14629
nonFullTGDs	11248		fullTGDs	41438			newNonFullTGDs	0		newFullTGDs	14529
nonFullTGDs	11248		fullTGDs	41538			newNonFullTGDs	0		newFullTGDs	14429
nonFullTGDs	11248		fullTGDs	41638			newNonFullTGDs	0		newFullTGDs	14329
nonFullTGDs	11248		fullTGDs	41738			newNonFullTGDs	0		newFullTGDs	14229
nonFullTGDs	11248		fullTGDs	41838			newNonFullTGDs	0		newFullTGDs	14129
nonFullTGDs	11248		fullTGDs	41938			newNonFullTGDs	0		newFullTGDs	14029
nonFullTGDs	11248		fullTGDs	42038			newNonFullTGDs	0		newFullTGDs	13929
nonFullTGDs	11248		fullTGDs	42138			newNonFullTGDs	0		newFullTGDs	13829
nonFullTGDs	11248		fullTGDs	42238			newNonFullTGDs	0		newFullTGDs	13729
nonFullTGDs	11248		fullTGDs	42338			newNonFullTGDs	0		newFullTGDs	13629
nonFullTGDs	11248		fullTGDs	42438			newNonFullTGDs	0		newFullTGDs	13529
nonFullTGDs	11248		fullTGDs	42538			newNonFullTGDs	0		newFullTGDs	13429
nonFullTGDs	11248		fullTGDs	42638			newNonFullTGDs	0		newFullTGDs	13329
nonFullTGDs	11248		fullTGDs	42738			newNonFullTGDs	0		newFullTGDs	13229
nonFullTGDs	11248		fullTGDs	42838			newNonFullTGDs	0		newFullTGDs	13129
nonFullTGDs	11248		fullTGDs	42938			newNonFullTGDs	0		newFullTGDs	13029
nonFullTGDs	11248		fullTGDs	43038			newNonFullTGDs	0		newFullTGDs	12929
nonFullTGDs	11248		fullTGDs	43138			newNonFullTGDs	0		newFullTGDs	12829
nonFullTGDs	11248		fullTGDs	43238			newNonFullTGDs	0		newFullTGDs	12729
nonFullTGDs	11248		fullTGDs	43338			newNonFullTGDs	0		newFullTGDs	12629
nonFullTGDs	11248		fullTGDs	43438			newNonFullTGDs	0		newFullTGDs	12529
nonFullTGDs	11248		fullTGDs	43538			newNonFullTGDs	0		newFullTGDs	12429
nonFullTGDs	11248		fullTGDs	43638			newNonFullTGDs	0		newFullTGDs	12329
nonFullTGDs	11248		fullTGDs	43738			newNonFullTGDs	0		newFullTGDs	12229
nonFullTGDs	11248		fullTGDs	43838			newNonFullTGDs	0		newFullTGDs	12129
nonFullTGDs	11248		fullTGDs	43938			newNonFullTGDs	0		newFullTGDs	12029
nonFullTGDs	11248		fullTGDs	44038			newNonFullTGDs	0		newFullTGDs	11929
nonFullTGDs	11248		fullTGDs	44138			newNonFullTGDs	0		newFullTGDs	11829
nonFullTGDs	11248		fullTGDs	44238			newNonFullTGDs	0		newFullTGDs	11729
nonFullTGDs	11248		fullTGDs	44338			newNonFullTGDs	0		newFullTGDs	11629
nonFullTGDs	11248		fullTGDs	44438			newNonFullTGDs	0		newFullTGDs	11529
nonFullTGDs	11248		fullTGDs	44538			newNonFullTGDs	0		newFullTGDs	11429
nonFullTGDs	11248		fullTGDs	44638			newNonFullTGDs	0		newFullTGDs	11329
nonFullTGDs	11248		fullTGDs	44738			newNonFullTGDs	0		newFullTGDs	11229
nonFullTGDs	11248		fullTGDs	44838			newNonFullTGDs	0		newFullTGDs	11129
nonFullTGDs	11248		fullTGDs	44938			newNonFullTGDs	0		newFullTGDs	11029
nonFullTGDs	11248		fullTGDs	45038			newNonFullTGDs	0		newFullTGDs	10929
nonFullTGDs	11248		fullTGDs	45138			newNonFullTGDs	0		newFullTGDs	10829
nonFullTGDs	11248		fullTGDs	45238			newNonFullTGDs	0		newFullTGDs	10729
nonFullTGDs	11248		fullTGDs	45338			newNonFullTGDs	0		newFullTGDs	10629
nonFullTGDs	11248		fullTGDs	45438			newNonFullTGDs	0		newFullTGDs	10529
nonFullTGDs	11248		fullTGDs	45538			newNonFullTGDs	0		newFullTGDs	10429
nonFullTGDs	11248		fullTGDs	45638			newNonFullTGDs	0		newFullTGDs	10329
nonFullTGDs	11248		fullTGDs	45738			newNonFullTGDs	0		newFullTGDs	10229
nonFullTGDs	11248		fullTGDs	45838			newNonFullTGDs	0		newFullTGDs	10129
nonFullTGDs	11248		fullTGDs	45938			newNonFullTGDs	0		newFullTGDs	10029
nonFullTGDs	11248		fullTGDs	46038			newNonFullTGDs	0		newFullTGDs	9929
nonFullTGDs	11248		fullTGDs	46138			newNonFullTGDs	0		newFullTGDs	9829
nonFullTGDs	11248		fullTGDs	46238			newNonFullTGDs	0		newFullTGDs	9729
nonFullTGDs	11248		fullTGDs	46338			newNonFullTGDs	0		newFullTGDs	9629
nonFullTGDs	11248		fullTGDs	46436			newNonFullTGDs	0		newFullTGDs	9531
nonFullTGDs	11248		fullTGDs	46536			newNonFullTGDs	0		newFullTGDs	9431
nonFullTGDs	11248		fullTGDs	46636			newNonFullTGDs	0		newFullTGDs	9331
nonFullTGDs	11248		fullTGDs	46736			newNonFullTGDs	0		newFullTGDs	9231
nonFullTGDs	11248		fullTGDs	46836			newNonFullTGDs	0		newFullTGDs	9131
nonFullTGDs	11248		fullTGDs	46936			newNonFullTGDs	0		newFullTGDs	9031
nonFullTGDs	11248		fullTGDs	47036			newNonFullTGDs	0		newFullTGDs	8931
nonFullTGDs	11248		fullTGDs	47136			newNonFullTGDs	0		newFullTGDs	8831
nonFullTGDs	11248		fullTGDs	47236			newNonFullTGDs	0		newFullTGDs	8731
nonFullTGDs	11248		fullTGDs	47336			newNonFullTGDs	0		newFullTGDs	8631
nonFullTGDs	11248		fullTGDs	47435			newNonFullTGDs	0		newFullTGDs	8532
nonFullTGDs	11248		fullTGDs	47535			newNonFullTGDs	0		newFullTGDs	8432
nonFullTGDs	11248		fullTGDs	47635			newNonFullTGDs	0		newFullTGDs	8332
nonFullTGDs	11248		fullTGDs	47735			newNonFullTGDs	0		newFullTGDs	8232
nonFullTGDs	11248		fullTGDs	47835			newNonFullTGDs	0		newFullTGDs	8132
nonFullTGDs	11248		fullTGDs	47935			newNonFullTGDs	0		newFullTGDs	8032
nonFullTGDs	11248		fullTGDs	48035			newNonFullTGDs	0		newFullTGDs	7932
nonFullTGDs	11248		fullTGDs	48135			newNonFullTGDs	0		newFullTGDs	7832
nonFullTGDs	11248		fullTGDs	48235			newNonFullTGDs	0		newFullTGDs	7732
nonFullTGDs	11248		fullTGDs	48335			newNonFullTGDs	0		newFullTGDs	7632
nonFullTGDs	11248		fullTGDs	48435			newNonFullTGDs	0		newFullTGDs	7532
nonFullTGDs	11248		fullTGDs	48535			newNonFullTGDs	0		newFullTGDs	7432
nonFullTGDs	11248		fullTGDs	48635			newNonFullTGDs	0		newFullTGDs	7332
nonFullTGDs	11248		fullTGDs	48735			newNonFullTGDs	0		newFullTGDs	7232
nonFullTGDs	11248		fullTGDs	48835			newNonFullTGDs	0		newFullTGDs	7132
nonFullTGDs	11248		fullTGDs	48935			newNonFullTGDs	0		newFullTGDs	7032
nonFullTGDs	11248		fullTGDs	49035			newNonFullTGDs	0		newFullTGDs	6932
nonFullTGDs	11248		fullTGDs	49135			newNonFullTGDs	0		newFullTGDs	6832
nonFullTGDs	11248		fullTGDs	49235			newNonFullTGDs	0		newFullTGDs	6732
nonFullTGDs	11248		fullTGDs	49335			newNonFullTGDs	0		newFullTGDs	6632
nonFullTGDs	11248		fullTGDs	49435			newNonFullTGDs	0		newFullTGDs	6532
nonFullTGDs	11248		fullTGDs	49535			newNonFullTGDs	0		newFullTGDs	6432
nonFullTGDs	11248		fullTGDs	49635			newNonFullTGDs	0		newFullTGDs	6332
nonFullTGDs	11248		fullTGDs	49735			newNonFullTGDs	0		newFullTGDs	6232
nonFullTGDs	11248		fullTGDs	49835			newNonFullTGDs	0		newFullTGDs	6132
nonFullTGDs	11248		fullTGDs	49935			newNonFullTGDs	0		newFullTGDs	6032
nonFullTGDs	11248		fullTGDs	50035			newNonFullTGDs	0		newFullTGDs	5932
nonFullTGDs	11248		fullTGDs	50135			newNonFullTGDs	0		newFullTGDs	5832
nonFullTGDs	11248		fullTGDs	50235			newNonFullTGDs	0		newFullTGDs	5732
nonFullTGDs	11248		fullTGDs	50335			newNonFullTGDs	0		newFullTGDs	5632
nonFullTGDs	11248		fullTGDs	50435			newNonFullTGDs	0		newFullTGDs	5532
nonFullTGDs	11248		fullTGDs	50535			newNonFullTGDs	0		newFullTGDs	5432
nonFullTGDs	11248		fullTGDs	50635			newNonFullTGDs	0		newFullTGDs	5332
nonFullTGDs	11248		fullTGDs	50735			newNonFullTGDs	0		newFullTGDs	5232
nonFullTGDs	11248		fullTGDs	50835			newNonFullTGDs	0		newFullTGDs	5132
nonFullTGDs	11248		fullTGDs	50935			newNonFullTGDs	0		newFullTGDs	5032
nonFullTGDs	11248		fullTGDs	51035			newNonFullTGDs	0		newFullTGDs	4932
nonFullTGDs	11248		fullTGDs	51135			newNonFullTGDs	0		newFullTGDs	4832
nonFullTGDs	11248		fullTGDs	51235			newNonFullTGDs	0		newFullTGDs	4732
nonFullTGDs	11248		fullTGDs	51335			newNonFullTGDs	0		newFullTGDs	4632
nonFullTGDs	11248		fullTGDs	51435			newNonFullTGDs	0		newFullTGDs	4532
nonFullTGDs	11248		fullTGDs	51535			newNonFullTGDs	0		newFullTGDs	4432
nonFullTGDs	11248		fullTGDs	51635			newNonFullTGDs	0		newFullTGDs	4332
nonFullTGDs	11248		fullTGDs	51735			newNonFullTGDs	0		newFullTGDs	4232
nonFullTGDs	11248		fullTGDs	51835			newNonFullTGDs	0		newFullTGDs	4132
nonFullTGDs	11248		fullTGDs	51935			newNonFullTGDs	0		newFullTGDs	4032
nonFullTGDs	11248		fullTGDs	52035			newNonFullTGDs	0		newFullTGDs	3932
nonFullTGDs	11248		fullTGDs	52135			newNonFullTGDs	0		newFullTGDs	3832
nonFullTGDs	11248		fullTGDs	52235			newNonFullTGDs	0		newFullTGDs	3732
nonFullTGDs	11248		fullTGDs	52335			newNonFullTGDs	0		newFullTGDs	3632
nonFullTGDs	11248		fullTGDs	52435			newNonFullTGDs	0		newFullTGDs	3532
nonFullTGDs	11248		fullTGDs	52535			newNonFullTGDs	0		newFullTGDs	3432
nonFullTGDs	11248		fullTGDs	52635			newNonFullTGDs	0		newFullTGDs	3332
nonFullTGDs	11248		fullTGDs	52735			newNonFullTGDs	0		newFullTGDs	3232
nonFullTGDs	11248		fullTGDs	52835			newNonFullTGDs	0		newFullTGDs	3132
nonFullTGDs	11248		fullTGDs	52935			newNonFullTGDs	0		newFullTGDs	3032
nonFullTGDs	11248		fullTGDs	53035			newNonFullTGDs	0		newFullTGDs	2932
nonFullTGDs	11248		fullTGDs	53135			newNonFullTGDs	0		newFullTGDs	2832
nonFullTGDs	11248		fullTGDs	53235			newNonFullTGDs	0		newFullTGDs	2732
nonFullTGDs	11248		fullTGDs	53335			newNonFullTGDs	0		newFullTGDs	2632
nonFullTGDs	11248		fullTGDs	53435			newNonFullTGDs	0		newFullTGDs	2532
nonFullTGDs	11248		fullTGDs	53535			newNonFullTGDs	0		newFullTGDs	2432
nonFullTGDs	11248		fullTGDs	53635			newNonFullTGDs	0		newFullTGDs	2332
nonFullTGDs	11248		fullTGDs	53735			newNonFullTGDs	0		newFullTGDs	2232
nonFullTGDs	11248		fullTGDs	53835			newNonFullTGDs	0		newFullTGDs	2132
nonFullTGDs	11248		fullTGDs	53935			newNonFullTGDs	0		newFullTGDs	2032
nonFullTGDs	11248		fullTGDs	54035			newNonFullTGDs	0		newFullTGDs	1932
nonFullTGDs	11248		fullTGDs	54135			newNonFullTGDs	0		newFullTGDs	1832
nonFullTGDs	11248		fullTGDs	54235			newNonFullTGDs	0		newFullTGDs	1732
nonFullTGDs	11248		fullTGDs	54335			newNonFullTGDs	0		newFullTGDs	1632
nonFullTGDs	11248		fullTGDs	54435			newNonFullTGDs	0		newFullTGDs	1532
nonFullTGDs	11248		fullTGDs	54535			newNonFullTGDs	0		newFullTGDs	1432
nonFullTGDs	11248		fullTGDs	54635			newNonFullTGDs	0		newFullTGDs	1332
nonFullTGDs	11248		fullTGDs	54735			newNonFullTGDs	0		newFullTGDs	1232
nonFullTGDs	11248		fullTGDs	54835			newNonFullTGDs	0		newFullTGDs	1132
nonFullTGDs	11248		fullTGDs	54935			newNonFullTGDs	0		newFullTGDs	1032
nonFullTGDs	11248		fullTGDs	55035			newNonFullTGDs	0		newFullTGDs	932
nonFullTGDs	11248		fullTGDs	55135			newNonFullTGDs	0		newFullTGDs	832
nonFullTGDs	11248		fullTGDs	55235			newNonFullTGDs	0		newFullTGDs	732
nonFullTGDs	11248		fullTGDs	55335			newNonFullTGDs	0		newFullTGDs	632
nonFullTGDs	11248		fullTGDs	55435			newNonFullTGDs	0		newFullTGDs	532
nonFullTGDs	11248		fullTGDs	55535			newNonFullTGDs	0		newFullTGDs	432
nonFullTGDs	11248		fullTGDs	55635			newNonFullTGDs	0		newFullTGDs	332
nonFullTGDs	11248		fullTGDs	55735			newNonFullTGDs	0		newFullTGDs	232
nonFullTGDs	11248		fullTGDs	55835			newNonFullTGDs	0		newFullTGDs	132
nonFullTGDs	11248		fullTGDs	55935			newNonFullTGDs	0		newFullTGDs	32
Nov 12, 2021 5:25:03 AM uk.ac.ox.cs.gsat.SaturationStatistics log
INFO: # initial TGDs: 40960 , 11279
Nov 12, 2021 5:25:03 AM uk.ac.ox.cs.gsat.SaturationStatistics log
INFO: GSat total time : 147432 ms = 147.43 s
Nov 12, 2021 5:25:03 AM uk.ac.ox.cs.gsat.SaturationStatistics log
INFO: Subsumed elements : 131064
Nov 12, 2021 5:25:03 AM uk.ac.ox.cs.gsat.SaturationStatistics log
INFO: Filter discarded elements : 2104655
Nov 12, 2021 5:25:03 AM uk.ac.ox.cs.gsat.SaturationStatistics log
INFO: subsumption time: 2680 ms = 2.68 s
Nov 12, 2021 5:25:03 AM uk.ac.ox.cs.gsat.SaturationStatistics log
INFO: forward subsumption time: 1619 ms = 1.62 s
Nov 12, 2021 5:25:03 AM uk.ac.ox.cs.gsat.SaturationStatistics log
INFO: backward subsumption time: 1061 ms = 1.06 s
Nov 12, 2021 5:25:03 AM uk.ac.ox.cs.gsat.SaturationStatistics log
INFO: Derived full/non full TGDs: 15507 , 130533
Nov 12, 2021 5:25:03 AM uk.ac.ox.cs.gsat.SaturationStatistics log
INFO: discarded tautology count: 0
Nov 12, 2021 5:25:03 AM uk.ac.ox.cs.gsat.EvolveStatistics log
INFO: Stop because subsumed: 90346
Nov 12, 2021 5:25:03 AM uk.ac.ox.cs.gsat.EvolveStatistics log
INFO: evolved equals to current: 6
Nov 12, 2021 5:25:03 AM uk.ac.ox.cs.gsat.EvolveStatistics log
INFO: evolved time: 75712 ms = 75.71 s
Nov 12, 2021 5:25:03 AM uk.ac.ox.cs.gsat.EvolveStatistics log
INFO: evolve count: 7803290
Nov 12, 2021 5:25:03 AM uk.ac.ox.cs.gsat.AbstractSaturation run
INFO: ouptput full TGDs not contained in the input: 15007
Nov 12, 2021 5:25:03 AM uk.ac.ox.cs.gsat.App executeAllSteps
INFO: Rewriting completed!
Full TGD saturation: (55967 dependecies)
Nov 12, 2021 5:25:03 AM uk.ac.ox.cs.gsat.App executeAllSteps
INFO: Writing the saturation in the Datalog file 00391.rul
