Starting Saturation...
Executing from DLGP files
SLF4J: Failed to load class "org.slf4j.impl.StaticLoggerBinder".
SLF4J: Defaulting to no-operation (NOP) logger implementation
SLF4J: See http://www.slf4j.org/codes.html#StaticLoggerBinder for further details.
# Rules: 1342; # Atoms: 0; # AtomSets: 0; # Queries: 0; # Constraints: 0
Full TGD saturation algorithm: GSat
Running GSat...
Nov 12, 2021 6:01:13 AM uk.ac.ox.cs.gsat.AbstractSaturation run
INFO: GSat discarded rules : 0/1342 = 0.000%
GSat discarded rules : 0/1342 = 0.000%
Nov 12, 2021 6:01:13 AM uk.ac.ox.cs.gsat.AbstractSaturation run
INFO: Subsumption method : tree_predicate
length of the formulas: 2.089419
number of bags: 8
length of the formulas: 2.089419
number of bags: 8
nonFullTGDs	0		fullTGDs	1222			newNonFullTGDs	120		newFullTGDs	0
nonFullTGDs	27		fullTGDs	1222			newNonFullTGDs	93		newFullTGDs	0
nonFullTGDs	53		fullTGDs	1222			newNonFullTGDs	67		newFullTGDs	0
nonFullTGDs	76		fullTGDs	1222			newNonFullTGDs	44		newFullTGDs	0
nonFullTGDs	98		fullTGDs	1222			newNonFullTGDs	21		newFullTGDs	0
Nov 12, 2021 6:01:13 AM uk.ac.ox.cs.gsat.SaturationStatistics log
INFO: # initial TGDs: 1222 , 120
Nov 12, 2021 6:01:13 AM uk.ac.ox.cs.gsat.SaturationStatistics log
INFO: GSat total time : 242 ms = 0.24 s
Nov 12, 2021 6:01:13 AM uk.ac.ox.cs.gsat.SaturationStatistics log
INFO: Subsumed elements : 373
Nov 12, 2021 6:01:13 AM uk.ac.ox.cs.gsat.SaturationStatistics log
INFO: Filter discarded elements : 2460
Nov 12, 2021 6:01:13 AM uk.ac.ox.cs.gsat.SaturationStatistics log
INFO: subsumption time: 12 ms = 0.01 s
Nov 12, 2021 6:01:13 AM uk.ac.ox.cs.gsat.SaturationStatistics log
INFO: forward subsumption time: 7 ms = 0.01 s
Nov 12, 2021 6:01:13 AM uk.ac.ox.cs.gsat.SaturationStatistics log
INFO: backward subsumption time: 5 ms = 0.01 s
Nov 12, 2021 6:01:13 AM uk.ac.ox.cs.gsat.SaturationStatistics log
INFO: Derived full/non full TGDs: 0 , 372
Nov 12, 2021 6:01:13 AM uk.ac.ox.cs.gsat.SaturationStatistics log
INFO: discarded tautology count: 0
Nov 12, 2021 6:01:13 AM uk.ac.ox.cs.gsat.EvolveStatistics log
INFO: Stop because subsumed: 372
Nov 12, 2021 6:01:13 AM uk.ac.ox.cs.gsat.EvolveStatistics log
INFO: evolved equals to current: 0
Nov 12, 2021 6:01:13 AM uk.ac.ox.cs.gsat.EvolveStatistics log
INFO: evolved time: 64 ms = 0.06 s
Nov 12, 2021 6:01:13 AM uk.ac.ox.cs.gsat.EvolveStatistics log
INFO: evolve count: 1143
Nov 12, 2021 6:01:13 AM uk.ac.ox.cs.gsat.AbstractSaturation run
INFO: ouptput full TGDs not contained in the input: 0
Nov 12, 2021 6:01:13 AM uk.ac.ox.cs.gsat.App executeAllSteps
INFO: Rewriting completed!
Full TGD saturation: (1222 dependecies)
Nov 12, 2021 6:01:13 AM uk.ac.ox.cs.gsat.App executeAllSteps
INFO: Writing the saturation in the Datalog file 00445.rul
