Starting Saturation...
Executing from DLGP files
SLF4J: Failed to load class "org.slf4j.impl.StaticLoggerBinder".
SLF4J: Defaulting to no-operation (NOP) logger implementation
SLF4J: See http://www.slf4j.org/codes.html#StaticLoggerBinder for further details.
# Rules: 889; # Atoms: 0; # AtomSets: 0; # Queries: 0; # Constraints: 0
Full TGD saturation algorithm: GSat
Running GSat...
Nov 12, 2021 6:31:32 AM uk.ac.ox.cs.gsat.AbstractSaturation run
INFO: GSat discarded rules : 0/889 = 0.000%
GSat discarded rules : 0/889 = 0.000%
Nov 12, 2021 6:31:32 AM uk.ac.ox.cs.gsat.AbstractSaturation run
INFO: Subsumption method : tree_predicate
length of the formulas: 2.4949381
number of bags: 5
length of the formulas: 2.4949381
number of bags: 5
nonFullTGDs	0		fullTGDs	566			newNonFullTGDs	323		newFullTGDs	0
nonFullTGDs	43		fullTGDs	566			newNonFullTGDs	494		newFullTGDs	5
nonFullTGDs	97		fullTGDs	566			newNonFullTGDs	492		newFullTGDs	5
nonFullTGDs	149		fullTGDs	566			newNonFullTGDs	483		newFullTGDs	5
nonFullTGDs	187		fullTGDs	566			newNonFullTGDs	488		newFullTGDs	5
nonFullTGDs	238		fullTGDs	566			newNonFullTGDs	483		newFullTGDs	5
nonFullTGDs	284		fullTGDs	566			newNonFullTGDs	475		newFullTGDs	5
nonFullTGDs	319		fullTGDs	566			newNonFullTGDs	475		newFullTGDs	5
nonFullTGDs	359		fullTGDs	566			newNonFullTGDs	491		newFullTGDs	7
nonFullTGDs	430		fullTGDs	566			newNonFullTGDs	490		newFullTGDs	8
nonFullTGDs	478		fullTGDs	566			newNonFullTGDs	482		newFullTGDs	10
nonFullTGDs	539		fullTGDs	566			newNonFullTGDs	480		newFullTGDs	9
nonFullTGDs	592		fullTGDs	566			newNonFullTGDs	479		newFullTGDs	9
nonFullTGDs	628		fullTGDs	566			newNonFullTGDs	474		newFullTGDs	9
nonFullTGDs	654		fullTGDs	566			newNonFullTGDs	479		newFullTGDs	6
nonFullTGDs	728		fullTGDs	566			newNonFullTGDs	484		newFullTGDs	8
nonFullTGDs	775		fullTGDs	566			newNonFullTGDs	478		newFullTGDs	9
nonFullTGDs	808		fullTGDs	566			newNonFullTGDs	470		newFullTGDs	7
nonFullTGDs	865		fullTGDs	566			newNonFullTGDs	471		newFullTGDs	10
nonFullTGDs	905		fullTGDs	566			newNonFullTGDs	475		newFullTGDs	10
nonFullTGDs	934		fullTGDs	566			newNonFullTGDs	471		newFullTGDs	10
nonFullTGDs	957		fullTGDs	566			newNonFullTGDs	466		newFullTGDs	11
nonFullTGDs	988		fullTGDs	566			newNonFullTGDs	492		newFullTGDs	7
nonFullTGDs	1036		fullTGDs	566			newNonFullTGDs	483		newFullTGDs	7
nonFullTGDs	1070		fullTGDs	566			newNonFullTGDs	479		newFullTGDs	7
nonFullTGDs	1117		fullTGDs	566			newNonFullTGDs	484		newFullTGDs	7
nonFullTGDs	1149		fullTGDs	566			newNonFullTGDs	478		newFullTGDs	7
nonFullTGDs	1169		fullTGDs	566			newNonFullTGDs	472		newFullTGDs	7
nonFullTGDs	1215		fullTGDs	566			newNonFullTGDs	483		newFullTGDs	9
nonFullTGDs	1274		fullTGDs	566			newNonFullTGDs	482		newFullTGDs	10
nonFullTGDs	1318		fullTGDs	566			newNonFullTGDs	484		newFullTGDs	11
nonFullTGDs	1348		fullTGDs	566			newNonFullTGDs	477		newFullTGDs	11
nonFullTGDs	1371		fullTGDs	566			newNonFullTGDs	468		newFullTGDs	8
nonFullTGDs	1423		fullTGDs	566			newNonFullTGDs	474		newFullTGDs	10
nonFullTGDs	1468		fullTGDs	566			newNonFullTGDs	476		newFullTGDs	10
nonFullTGDs	1496		fullTGDs	566			newNonFullTGDs	468		newFullTGDs	10
nonFullTGDs	1522		fullTGDs	566			newNonFullTGDs	474		newFullTGDs	12
nonFullTGDs	1543		fullTGDs	566			newNonFullTGDs	471		newFullTGDs	12
nonFullTGDs	1559		fullTGDs	566			newNonFullTGDs	464		newFullTGDs	13
nonFullTGDs	1585		fullTGDs	566			newNonFullTGDs	480		newFullTGDs	7
nonFullTGDs	1630		fullTGDs	566			newNonFullTGDs	475		newFullTGDs	7
nonFullTGDs	1660		fullTGDs	566			newNonFullTGDs	474		newFullTGDs	7
nonFullTGDs	1688		fullTGDs	566			newNonFullTGDs	469		newFullTGDs	7
nonFullTGDs	1724		fullTGDs	566			newNonFullTGDs	468		newFullTGDs	7
nonFullTGDs	1749		fullTGDs	566			newNonFullTGDs	465		newFullTGDs	7
nonFullTGDs	1765		fullTGDs	566			newNonFullTGDs	461		newFullTGDs	7
nonFullTGDs	1803		fullTGDs	566			newNonFullTGDs	471		newFullTGDs	8
nonFullTGDs	1848		fullTGDs	566			newNonFullTGDs	466		newFullTGDs	8
nonFullTGDs	1889		fullTGDs	566			newNonFullTGDs	467		newFullTGDs	10
nonFullTGDs	1924		fullTGDs	566			newNonFullTGDs	468		newFullTGDs	10
nonFullTGDs	1943		fullTGDs	566			newNonFullTGDs	469		newFullTGDs	11
nonFullTGDs	1962		fullTGDs	566			newNonFullTGDs	461		newFullTGDs	12
nonFullTGDs	1999		fullTGDs	566			newNonFullTGDs	464		newFullTGDs	9
nonFullTGDs	2043		fullTGDs	566			newNonFullTGDs	459		newFullTGDs	11
nonFullTGDs	2070		fullTGDs	566			newNonFullTGDs	463		newFullTGDs	10
nonFullTGDs	2094		fullTGDs	566			newNonFullTGDs	457		newFullTGDs	10
nonFullTGDs	2119		fullTGDs	566			newNonFullTGDs	460		newFullTGDs	11
nonFullTGDs	2130		fullTGDs	566			newNonFullTGDs	456		newFullTGDs	11
nonFullTGDs	2154		fullTGDs	566			newNonFullTGDs	455		newFullTGDs	12
nonFullTGDs	2165		fullTGDs	566			newNonFullTGDs	450		newFullTGDs	6
nonFullTGDs	2215		fullTGDs	566			newNonFullTGDs	483		newFullTGDs	7
nonFullTGDs	2253		fullTGDs	566			newNonFullTGDs	471		newFullTGDs	7
nonFullTGDs	2300		fullTGDs	566			newNonFullTGDs	475		newFullTGDs	7
nonFullTGDs	2329		fullTGDs	566			newNonFullTGDs	467		newFullTGDs	7
nonFullTGDs	2376		fullTGDs	566			newNonFullTGDs	474		newFullTGDs	7
nonFullTGDs	2409		fullTGDs	566			newNonFullTGDs	466		newFullTGDs	7
nonFullTGDs	2453		fullTGDs	566			newNonFullTGDs	468		newFullTGDs	7
nonFullTGDs	2477		fullTGDs	566			newNonFullTGDs	463		newFullTGDs	7
nonFullTGDs	2511		fullTGDs	566			newNonFullTGDs	478		newFullTGDs	8
nonFullTGDs	2579		fullTGDs	566			newNonFullTGDs	476		newFullTGDs	10
nonFullTGDs	2623		fullTGDs	566			newNonFullTGDs	472		newFullTGDs	10
nonFullTGDs	2652		fullTGDs	566			newNonFullTGDs	462		newFullTGDs	8
nonFullTGDs	2715		fullTGDs	566			newNonFullTGDs	462		newFullTGDs	9
nonFullTGDs	2753		fullTGDs	566			newNonFullTGDs	466		newFullTGDs	11
nonFullTGDs	2777		fullTGDs	566			newNonFullTGDs	463		newFullTGDs	11
nonFullTGDs	2801		fullTGDs	566			newNonFullTGDs	460		newFullTGDs	8
nonFullTGDs	2847		fullTGDs	566			newNonFullTGDs	470		newFullTGDs	9
nonFullTGDs	2899		fullTGDs	566			newNonFullTGDs	467		newFullTGDs	10
nonFullTGDs	2930		fullTGDs	566			newNonFullTGDs	467		newFullTGDs	11
nonFullTGDs	2960		fullTGDs	566			newNonFullTGDs	459		newFullTGDs	12
nonFullTGDs	2999		fullTGDs	566			newNonFullTGDs	461		newFullTGDs	10
nonFullTGDs	3047		fullTGDs	566			newNonFullTGDs	463		newFullTGDs	11
nonFullTGDs	3070		fullTGDs	566			newNonFullTGDs	458		newFullTGDs	12
nonFullTGDs	3094		fullTGDs	566			newNonFullTGDs	457		newFullTGDs	12
nonFullTGDs	3116		fullTGDs	566			newNonFullTGDs	453		newFullTGDs	13
nonFullTGDs	3147		fullTGDs	566			newNonFullTGDs	476		newFullTGDs	9
nonFullTGDs	3193		fullTGDs	566			newNonFullTGDs	472		newFullTGDs	9
nonFullTGDs	3221		fullTGDs	566			newNonFullTGDs	471		newFullTGDs	9
nonFullTGDs	3250		fullTGDs	566			newNonFullTGDs	469		newFullTGDs	9
nonFullTGDs	3285		fullTGDs	566			newNonFullTGDs	465		newFullTGDs	9
nonFullTGDs	3309		fullTGDs	566			newNonFullTGDs	466		newFullTGDs	9
nonFullTGDs	3325		fullTGDs	566			newNonFullTGDs	460		newFullTGDs	9
nonFullTGDs	3364		fullTGDs	566			newNonFullTGDs	468		newFullTGDs	10
nonFullTGDs	3410		fullTGDs	566			newNonFullTGDs	463		newFullTGDs	10
nonFullTGDs	3448		fullTGDs	566			newNonFullTGDs	465		newFullTGDs	12
nonFullTGDs	3485		fullTGDs	566			newNonFullTGDs	465		newFullTGDs	12
nonFullTGDs	3502		fullTGDs	566			newNonFullTGDs	467		newFullTGDs	13
nonFullTGDs	3521		fullTGDs	566			newNonFullTGDs	458		newFullTGDs	14
nonFullTGDs	3560		fullTGDs	566			newNonFullTGDs	461		newFullTGDs	11
nonFullTGDs	3602		fullTGDs	566			newNonFullTGDs	458		newFullTGDs	13
nonFullTGDs	3631		fullTGDs	566			newNonFullTGDs	460		newFullTGDs	12
nonFullTGDs	3654		fullTGDs	566			newNonFullTGDs	454		newFullTGDs	12
nonFullTGDs	3681		fullTGDs	566			newNonFullTGDs	459		newFullTGDs	13
nonFullTGDs	3689		fullTGDs	566			newNonFullTGDs	454		newFullTGDs	13
nonFullTGDs	3714		fullTGDs	566			newNonFullTGDs	452		newFullTGDs	14
nonFullTGDs	3724		fullTGDs	566			newNonFullTGDs	448		newFullTGDs	10
nonFullTGDs	3767		fullTGDs	566			newNonFullTGDs	463		newFullTGDs	8
nonFullTGDs	3796		fullTGDs	566			newNonFullTGDs	458		newFullTGDs	8
nonFullTGDs	3821		fullTGDs	566			newNonFullTGDs	460		newFullTGDs	8
nonFullTGDs	3843		fullTGDs	566			newNonFullTGDs	459		newFullTGDs	8
nonFullTGDs	3878		fullTGDs	566			newNonFullTGDs	458		newFullTGDs	8
nonFullTGDs	3901		fullTGDs	566			newNonFullTGDs	457		newFullTGDs	8
nonFullTGDs	3918		fullTGDs	566			newNonFullTGDs	453		newFullTGDs	8
nonFullTGDs	3932		fullTGDs	566			newNonFullTGDs	457		newFullTGDs	8
nonFullTGDs	3983		fullTGDs	566			newNonFullTGDs	459		newFullTGDs	10
nonFullTGDs	4022		fullTGDs	566			newNonFullTGDs	462		newFullTGDs	10
nonFullTGDs	4048		fullTGDs	566			newNonFullTGDs	453		newFullTGDs	11
nonFullTGDs	4079		fullTGDs	566			newNonFullTGDs	457		newFullTGDs	11
nonFullTGDs	4093		fullTGDs	566			newNonFullTGDs	451		newFullTGDs	11
nonFullTGDs	4118		fullTGDs	566			newNonFullTGDs	448		newFullTGDs	12
nonFullTGDs	4133		fullTGDs	566			newNonFullTGDs	455		newFullTGDs	9
nonFullTGDs	4179		fullTGDs	566			newNonFullTGDs	452		newFullTGDs	12
nonFullTGDs	4216		fullTGDs	566			newNonFullTGDs	456		newFullTGDs	11
nonFullTGDs	4237		fullTGDs	566			newNonFullTGDs	450		newFullTGDs	12
nonFullTGDs	4260		fullTGDs	566			newNonFullTGDs	449		newFullTGDs	11
nonFullTGDs	4283		fullTGDs	566			newNonFullTGDs	445		newFullTGDs	12
nonFullTGDs	4293		fullTGDs	566			newNonFullTGDs	441		newFullTGDs	12
nonFullTGDs	4318		fullTGDs	566			newNonFullTGDs	440		newFullTGDs	13
nonFullTGDs	4329		fullTGDs	566			newNonFullTGDs	435		newFullTGDs	6
nonFullTGDs	4311		fullTGDs	566			newNonFullTGDs	480		newFullTGDs	7
nonFullTGDs	4317		fullTGDs	566			newNonFullTGDs	469		newFullTGDs	7
nonFullTGDs	4318		fullTGDs	566			newNonFullTGDs	472		newFullTGDs	7
nonFullTGDs	4321		fullTGDs	566			newNonFullTGDs	465		newFullTGDs	7
nonFullTGDs	4313		fullTGDs	566			newNonFullTGDs	471		newFullTGDs	7
nonFullTGDs	4322		fullTGDs	566			newNonFullTGDs	463		newFullTGDs	7
nonFullTGDs	4321		fullTGDs	566			newNonFullTGDs	466		newFullTGDs	7
nonFullTGDs	4324		fullTGDs	566			newNonFullTGDs	461		newFullTGDs	7
nonFullTGDs	4306		fullTGDs	566			newNonFullTGDs	478		newFullTGDs	9
nonFullTGDs	4309		fullTGDs	566			newNonFullTGDs	474		newFullTGDs	9
nonFullTGDs	4315		fullTGDs	566			newNonFullTGDs	470		newFullTGDs	10
nonFullTGDs	4310		fullTGDs	566			newNonFullTGDs	473		newFullTGDs	8
nonFullTGDs	4312		fullTGDs	566			newNonFullTGDs	474		newFullTGDs	9
nonFullTGDs	4320		fullTGDs	566			newNonFullTGDs	464		newFullTGDs	11
nonFullTGDs	4321		fullTGDs	566			newNonFullTGDs	465		newFullTGDs	11
nonFullTGDs	4324		fullTGDs	566			newNonFullTGDs	459		newFullTGDs	8
nonFullTGDs	4312		fullTGDs	566			newNonFullTGDs	468		newFullTGDs	10
nonFullTGDs	4317		fullTGDs	566			newNonFullTGDs	464		newFullTGDs	10
nonFullTGDs	4317		fullTGDs	566			newNonFullTGDs	465		newFullTGDs	11
nonFullTGDs	4321		fullTGDs	566			newNonFullTGDs	457		newFullTGDs	12
nonFullTGDs	4320		fullTGDs	566			newNonFullTGDs	458		newFullTGDs	10
nonFullTGDs	4321		fullTGDs	566			newNonFullTGDs	461		newFullTGDs	11
nonFullTGDs	4326		fullTGDs	566			newNonFullTGDs	456		newFullTGDs	12
nonFullTGDs	4325		fullTGDs	566			newNonFullTGDs	455		newFullTGDs	12
nonFullTGDs	4330		fullTGDs	566			newNonFullTGDs	450		newFullTGDs	13
nonFullTGDs	4335		fullTGDs	566			newNonFullTGDs	476		newFullTGDs	9
nonFullTGDs	4337		fullTGDs	566			newNonFullTGDs	474		newFullTGDs	9
nonFullTGDs	4346		fullTGDs	566			newNonFullTGDs	468		newFullTGDs	9
nonFullTGDs	4353		fullTGDs	566			newNonFullTGDs	466		newFullTGDs	9
nonFullTGDs	4360		fullTGDs	566			newNonFullTGDs	460		newFullTGDs	9
nonFullTGDs	4360		fullTGDs	566			newNonFullTGDs	463		newFullTGDs	9
nonFullTGDs	4366		fullTGDs	566			newNonFullTGDs	458		newFullTGDs	9
nonFullTGDs	4371		fullTGDs	566			newNonFullTGDs	454		newFullTGDs	9
nonFullTGDs	4374		fullTGDs	566			newNonFullTGDs	468		newFullTGDs	12
nonFullTGDs	4377		fullTGDs	566			newNonFullTGDs	472		newFullTGDs	12
nonFullTGDs	4388		fullTGDs	566			newNonFullTGDs	462		newFullTGDs	11
nonFullTGDs	4389		fullTGDs	566			newNonFullTGDs	466		newFullTGDs	13
nonFullTGDs	4409		fullTGDs	566			newNonFullTGDs	462		newFullTGDs	13
nonFullTGDs	4404		fullTGDs	566			newNonFullTGDs	458		newFullTGDs	10
nonFullTGDs	4413		fullTGDs	566			newNonFullTGDs	461		newFullTGDs	11
nonFullTGDs	4426		fullTGDs	566			newNonFullTGDs	455		newFullTGDs	13
nonFullTGDs	4423		fullTGDs	566			newNonFullTGDs	460		newFullTGDs	12
nonFullTGDs	4427		fullTGDs	566			newNonFullTGDs	454		newFullTGDs	12
nonFullTGDs	4440		fullTGDs	566			newNonFullTGDs	458		newFullTGDs	13
nonFullTGDs	4432		fullTGDs	566			newNonFullTGDs	454		newFullTGDs	13
nonFullTGDs	4451		fullTGDs	566			newNonFullTGDs	453		newFullTGDs	14
nonFullTGDs	4443		fullTGDs	566			newNonFullTGDs	449		newFullTGDs	10
nonFullTGDs	4458		fullTGDs	566			newNonFullTGDs	464		newFullTGDs	9
nonFullTGDs	4456		fullTGDs	566			newNonFullTGDs	463		newFullTGDs	9
nonFullTGDs	4463		fullTGDs	566			newNonFullTGDs	459		newFullTGDs	9
nonFullTGDs	4468		fullTGDs	566			newNonFullTGDs	454		newFullTGDs	9
nonFullTGDs	4476		fullTGDs	566			newNonFullTGDs	453		newFullTGDs	9
nonFullTGDs	4476		fullTGDs	566			newNonFullTGDs	455		newFullTGDs	9
nonFullTGDs	4487		fullTGDs	566			newNonFullTGDs	452		newFullTGDs	9
nonFullTGDs	4492		fullTGDs	566			newNonFullTGDs	448		newFullTGDs	9
nonFullTGDs	4488		fullTGDs	566			newNonFullTGDs	461		newFullTGDs	10
nonFullTGDs	4499		fullTGDs	566			newNonFullTGDs	454		newFullTGDs	11
nonFullTGDs	4499		fullTGDs	566			newNonFullTGDs	459		newFullTGDs	11
nonFullTGDs	4504		fullTGDs	566			newNonFullTGDs	455		newFullTGDs	11
nonFullTGDs	4519		fullTGDs	566			newNonFullTGDs	456		newFullTGDs	12
nonFullTGDs	4517		fullTGDs	566			newNonFullTGDs	450		newFullTGDs	12
nonFullTGDs	4532		fullTGDs	566			newNonFullTGDs	447		newFullTGDs	13
nonFullTGDs	4530		fullTGDs	566			newNonFullTGDs	441		newFullTGDs	10
nonFullTGDs	4539		fullTGDs	566			newNonFullTGDs	451		newFullTGDs	12
nonFullTGDs	4541		fullTGDs	566			newNonFullTGDs	444		newFullTGDs	11
nonFullTGDs	4543		fullTGDs	566			newNonFullTGDs	448		newFullTGDs	12
nonFullTGDs	4545		fullTGDs	566			newNonFullTGDs	443		newFullTGDs	12
nonFullTGDs	4559		fullTGDs	566			newNonFullTGDs	447		newFullTGDs	13
nonFullTGDs	4550		fullTGDs	566			newNonFullTGDs	444		newFullTGDs	13
nonFullTGDs	4568		fullTGDs	566			newNonFullTGDs	444		newFullTGDs	14
nonFullTGDs	4560		fullTGDs	566			newNonFullTGDs	439		newFullTGDs	8
nonFullTGDs	4548		fullTGDs	566			newNonFullTGDs	471		newFullTGDs	9
nonFullTGDs	4555		fullTGDs	566			newNonFullTGDs	464		newFullTGDs	9
nonFullTGDs	4553		fullTGDs	566			newNonFullTGDs	461		newFullTGDs	9
nonFullTGDs	4557		fullTGDs	566			newNonFullTGDs	458		newFullTGDs	9
nonFullTGDs	4561		fullTGDs	566			newNonFullTGDs	452		newFullTGDs	9
nonFullTGDs	4557		fullTGDs	566			newNonFullTGDs	458		newFullTGDs	9
nonFullTGDs	4559		fullTGDs	566			newNonFullTGDs	454		newFullTGDs	9
nonFullTGDs	4554		fullTGDs	566			newNonFullTGDs	458		newFullTGDs	9
nonFullTGDs	4559		fullTGDs	566			newNonFullTGDs	451		newFullTGDs	9
nonFullTGDs	4562		fullTGDs	566			newNonFullTGDs	445		newFullTGDs	9
nonFullTGDs	4549		fullTGDs	566			newNonFullTGDs	466		newFullTGDs	11
nonFullTGDs	4559		fullTGDs	566			newNonFullTGDs	457		newFullTGDs	10
nonFullTGDs	4556		fullTGDs	566			newNonFullTGDs	459		newFullTGDs	12
nonFullTGDs	4561		fullTGDs	566			newNonFullTGDs	454		newFullTGDs	13
nonFullTGDs	4553		fullTGDs	566			newNonFullTGDs	458		newFullTGDs	12
nonFullTGDs	4557		fullTGDs	566			newNonFullTGDs	452		newFullTGDs	12
nonFullTGDs	4556		fullTGDs	566			newNonFullTGDs	455		newFullTGDs	12
nonFullTGDs	4561		fullTGDs	566			newNonFullTGDs	450		newFullTGDs	13
nonFullTGDs	4564		fullTGDs	566			newNonFullTGDs	445		newFullTGDs	14
nonFullTGDs	4553		fullTGDs	566			newNonFullTGDs	456		newFullTGDs	12
nonFullTGDs	4554		fullTGDs	566			newNonFullTGDs	457		newFullTGDs	13
nonFullTGDs	4556		fullTGDs	566			newNonFullTGDs	453		newFullTGDs	12
nonFullTGDs	4559		fullTGDs	566			newNonFullTGDs	449		newFullTGDs	13
nonFullTGDs	4564		fullTGDs	566			newNonFullTGDs	444		newFullTGDs	14
nonFullTGDs	4557		fullTGDs	566			newNonFullTGDs	449		newFullTGDs	13
nonFullTGDs	4561		fullTGDs	566			newNonFullTGDs	445		newFullTGDs	13
nonFullTGDs	4561		fullTGDs	566			newNonFullTGDs	442		newFullTGDs	12
nonFullTGDs	4565		fullTGDs	566			newNonFullTGDs	443		newFullTGDs	14
nonFullTGDs	4567		fullTGDs	566			newNonFullTGDs	438		newFullTGDs	15
nonFullTGDs	4552		fullTGDs	566			newNonFullTGDs	460		newFullTGDs	11
nonFullTGDs	4554		fullTGDs	566			newNonFullTGDs	457		newFullTGDs	11
nonFullTGDs	4559		fullTGDs	566			newNonFullTGDs	451		newFullTGDs	11
nonFullTGDs	4552		fullTGDs	566			newNonFullTGDs	459		newFullTGDs	13
nonFullTGDs	4558		fullTGDs	566			newNonFullTGDs	451		newFullTGDs	14
nonFullTGDs	4559		fullTGDs	566			newNonFullTGDs	449		newFullTGDs	13
nonFullTGDs	4562		fullTGDs	566			newNonFullTGDs	447		newFullTGDs	14
nonFullTGDs	4564		fullTGDs	566			newNonFullTGDs	442		newFullTGDs	12
nonFullTGDs	4559		fullTGDs	566			newNonFullTGDs	451		newFullTGDs	12
nonFullTGDs	4563		fullTGDs	566			newNonFullTGDs	446		newFullTGDs	12
nonFullTGDs	4555		fullTGDs	566			newNonFullTGDs	451		newFullTGDs	13
nonFullTGDs	4559		fullTGDs	566			newNonFullTGDs	448		newFullTGDs	14
nonFullTGDs	4563		fullTGDs	566			newNonFullTGDs	441		newFullTGDs	13
nonFullTGDs	4564		fullTGDs	566			newNonFullTGDs	445		newFullTGDs	15
nonFullTGDs	4565		fullTGDs	566			newNonFullTGDs	441		newFullTGDs	16
nonFullTGDs	4572		fullTGDs	566			newNonFullTGDs	452		newFullTGDs	13
nonFullTGDs	4586		fullTGDs	566			newNonFullTGDs	458		newFullTGDs	13
nonFullTGDs	4594		fullTGDs	566			newNonFullTGDs	451		newFullTGDs	13
nonFullTGDs	4595		fullTGDs	566			newNonFullTGDs	449		newFullTGDs	13
nonFullTGDs	4606		fullTGDs	566			newNonFullTGDs	447		newFullTGDs	13
nonFullTGDs	4613		fullTGDs	566			newNonFullTGDs	444		newFullTGDs	13
nonFullTGDs	4621		fullTGDs	566			newNonFullTGDs	453		newFullTGDs	14
nonFullTGDs	4625		fullTGDs	566			newNonFullTGDs	446		newFullTGDs	14
nonFullTGDs	4630		fullTGDs	566			newNonFullTGDs	454		newFullTGDs	16
nonFullTGDs	4643		fullTGDs	566			newNonFullTGDs	451		newFullTGDs	16
nonFullTGDs	4639		fullTGDs	566			newNonFullTGDs	445		newFullTGDs	17
nonFullTGDs	4659		fullTGDs	566			newNonFullTGDs	447		newFullTGDs	15
nonFullTGDs	4661		fullTGDs	566			newNonFullTGDs	440		newFullTGDs	15
nonFullTGDs	4679		fullTGDs	566			newNonFullTGDs	444		newFullTGDs	16
nonFullTGDs	4673		fullTGDs	566			newNonFullTGDs	439		newFullTGDs	16
nonFullTGDs	4691		fullTGDs	566			newNonFullTGDs	439		newFullTGDs	17
nonFullTGDs	4683		fullTGDs	566			newNonFullTGDs	434		newFullTGDs	14
nonFullTGDs	4699		fullTGDs	566			newNonFullTGDs	446		newFullTGDs	10
nonFullTGDs	4700		fullTGDs	566			newNonFullTGDs	443		newFullTGDs	10
nonFullTGDs	4707		fullTGDs	566			newNonFullTGDs	439		newFullTGDs	10
nonFullTGDs	4716		fullTGDs	566			newNonFullTGDs	436		newFullTGDs	10
nonFullTGDs	4722		fullTGDs	566			newNonFullTGDs	436		newFullTGDs	10
nonFullTGDs	4723		fullTGDs	566			newNonFullTGDs	432		newFullTGDs	10
nonFullTGDs	4738		fullTGDs	566			newNonFullTGDs	440		newFullTGDs	11
nonFullTGDs	4751		fullTGDs	566			newNonFullTGDs	446		newFullTGDs	12
nonFullTGDs	4748		fullTGDs	566			newNonFullTGDs	441		newFullTGDs	13
nonFullTGDs	4767		fullTGDs	566			newNonFullTGDs	438		newFullTGDs	13
nonFullTGDs	4757		fullTGDs	566			newNonFullTGDs	432		newFullTGDs	14
nonFullTGDs	4771		fullTGDs	566			newNonFullTGDs	437		newFullTGDs	13
nonFullTGDs	4785		fullTGDs	566			newNonFullTGDs	431		newFullTGDs	12
nonFullTGDs	4799		fullTGDs	566			newNonFullTGDs	431		newFullTGDs	13
nonFullTGDs	4795		fullTGDs	566			newNonFullTGDs	427		newFullTGDs	13
nonFullTGDs	4809		fullTGDs	566			newNonFullTGDs	427		newFullTGDs	14
nonFullTGDs	4805		fullTGDs	566			newNonFullTGDs	423		newFullTGDs	6
nonFullTGDs	4851		fullTGDs	566			newNonFullTGDs	484		newFullTGDs	7
nonFullTGDs	4890		fullTGDs	566			newNonFullTGDs	483		newFullTGDs	7
nonFullTGDs	4923		fullTGDs	566			newNonFullTGDs	481		newFullTGDs	7
nonFullTGDs	4960		fullTGDs	566			newNonFullTGDs	480		newFullTGDs	7
nonFullTGDs	4975		fullTGDs	566			newNonFullTGDs	472		newFullTGDs	7
nonFullTGDs	5023		fullTGDs	566			newNonFullTGDs	487		newFullTGDs	9
nonFullTGDs	5067		fullTGDs	566			newNonFullTGDs	483		newFullTGDs	9
nonFullTGDs	5115		fullTGDs	566			newNonFullTGDs	481		newFullTGDs	11
nonFullTGDs	5129		fullTGDs	566			newNonFullTGDs	475		newFullTGDs	11
nonFullTGDs	5144		fullTGDs	566			newNonFullTGDs	470		newFullTGDs	8
nonFullTGDs	5193		fullTGDs	566			newNonFullTGDs	475		newFullTGDs	10
nonFullTGDs	5225		fullTGDs	566			newNonFullTGDs	469		newFullTGDs	9
nonFullTGDs	5270		fullTGDs	566			newNonFullTGDs	475		newFullTGDs	12
nonFullTGDs	5288		fullTGDs	566			newNonFullTGDs	470		newFullTGDs	11
nonFullTGDs	5296		fullTGDs	566			newNonFullTGDs	466		newFullTGDs	12
nonFullTGDs	5311		fullTGDs	566			newNonFullTGDs	462		newFullTGDs	8
nonFullTGDs	5340		fullTGDs	566			newNonFullTGDs	486		newFullTGDs	9
nonFullTGDs	5356		fullTGDs	566			newNonFullTGDs	478		newFullTGDs	9
nonFullTGDs	5387		fullTGDs	566			newNonFullTGDs	482		newFullTGDs	9
nonFullTGDs	5402		fullTGDs	566			newNonFullTGDs	473		newFullTGDs	9
nonFullTGDs	5400		fullTGDs	566			newNonFullTGDs	475		newFullTGDs	9
nonFullTGDs	5411		fullTGDs	566			newNonFullTGDs	483		newFullTGDs	11
nonFullTGDs	5451		fullTGDs	566			newNonFullTGDs	481		newFullTGDs	12
nonFullTGDs	5475		fullTGDs	566			newNonFullTGDs	477		newFullTGDs	12
nonFullTGDs	5481		fullTGDs	566			newNonFullTGDs	469		newFullTGDs	10
nonFullTGDs	5509		fullTGDs	566			newNonFullTGDs	471		newFullTGDs	13
nonFullTGDs	5539		fullTGDs	566			newNonFullTGDs	477		newFullTGDs	14
nonFullTGDs	5563		fullTGDs	566			newNonFullTGDs	472		newFullTGDs	13
nonFullTGDs	5569		fullTGDs	566			newNonFullTGDs	467		newFullTGDs	12
nonFullTGDs	5570		fullTGDs	566			newNonFullTGDs	468		newFullTGDs	13
nonFullTGDs	5572		fullTGDs	566			newNonFullTGDs	463		newFullTGDs	13
nonFullTGDs	5573		fullTGDs	566			newNonFullTGDs	467		newFullTGDs	10
nonFullTGDs	5571		fullTGDs	566			newNonFullTGDs	470		newFullTGDs	9
nonFullTGDs	5609		fullTGDs	566			newNonFullTGDs	472		newFullTGDs	9
nonFullTGDs	5613		fullTGDs	566			newNonFullTGDs	464		newFullTGDs	9
nonFullTGDs	5643		fullTGDs	566			newNonFullTGDs	472		newFullTGDs	9
nonFullTGDs	5657		fullTGDs	566			newNonFullTGDs	468		newFullTGDs	9
nonFullTGDs	5659		fullTGDs	566			newNonFullTGDs	465		newFullTGDs	9
nonFullTGDs	5658		fullTGDs	566			newNonFullTGDs	459		newFullTGDs	9
nonFullTGDs	5681		fullTGDs	566			newNonFullTGDs	471		newFullTGDs	10
nonFullTGDs	5711		fullTGDs	566			newNonFullTGDs	468		newFullTGDs	11
nonFullTGDs	5729		fullTGDs	566			newNonFullTGDs	470		newFullTGDs	12
nonFullTGDs	5733		fullTGDs	566			newNonFullTGDs	462		newFullTGDs	13
nonFullTGDs	5756		fullTGDs	566			newNonFullTGDs	465		newFullTGDs	12
nonFullTGDs	5776		fullTGDs	566			newNonFullTGDs	473		newFullTGDs	11
nonFullTGDs	5798		fullTGDs	566			newNonFullTGDs	464		newFullTGDs	13
nonFullTGDs	5810		fullTGDs	566			newNonFullTGDs	464		newFullTGDs	13
nonFullTGDs	5826		fullTGDs	566			newNonFullTGDs	460		newFullTGDs	14
nonFullTGDs	5828		fullTGDs	566			newNonFullTGDs	464		newFullTGDs	13
nonFullTGDs	5830		fullTGDs	566			newNonFullTGDs	460		newFullTGDs	14
nonFullTGDs	5828		fullTGDs	566			newNonFullTGDs	461		newFullTGDs	14
nonFullTGDs	5832		fullTGDs	566			newNonFullTGDs	455		newFullTGDs	8
nonFullTGDs	5834		fullTGDs	566			newNonFullTGDs	475		newFullTGDs	9
nonFullTGDs	5884		fullTGDs	566			newNonFullTGDs	472		newFullTGDs	9
nonFullTGDs	5906		fullTGDs	566			newNonFullTGDs	471		newFullTGDs	9
nonFullTGDs	5931		fullTGDs	566			newNonFullTGDs	468		newFullTGDs	9
nonFullTGDs	5962		fullTGDs	566			newNonFullTGDs	465		newFullTGDs	9
nonFullTGDs	5986		fullTGDs	566			newNonFullTGDs	463		newFullTGDs	9
nonFullTGDs	6000		fullTGDs	566			newNonFullTGDs	455		newFullTGDs	9
nonFullTGDs	6054		fullTGDs	566			newNonFullTGDs	470		newFullTGDs	11
nonFullTGDs	6080		fullTGDs	566			newNonFullTGDs	461		newFullTGDs	10
nonFullTGDs	6127		fullTGDs	566			newNonFullTGDs	469		newFullTGDs	12
nonFullTGDs	6141		fullTGDs	566			newNonFullTGDs	463		newFullTGDs	12
nonFullTGDs	6154		fullTGDs	566			newNonFullTGDs	461		newFullTGDs	13
nonFullTGDs	6167		fullTGDs	566			newNonFullTGDs	456		newFullTGDs	10
nonFullTGDs	6211		fullTGDs	566			newNonFullTGDs	464		newFullTGDs	12
nonFullTGDs	6236		fullTGDs	566			newNonFullTGDs	457		newFullTGDs	13
nonFullTGDs	6274		fullTGDs	566			newNonFullTGDs	455		newFullTGDs	12
nonFullTGDs	6293		fullTGDs	566			newNonFullTGDs	458		newFullTGDs	13
nonFullTGDs	6307		fullTGDs	566			newNonFullTGDs	454		newFullTGDs	13
nonFullTGDs	6320		fullTGDs	566			newNonFullTGDs	453		newFullTGDs	14
nonFullTGDs	6334		fullTGDs	566			newNonFullTGDs	447		newFullTGDs	10
nonFullTGDs	6361		fullTGDs	566			newNonFullTGDs	473		newFullTGDs	11
nonFullTGDs	6374		fullTGDs	566			newNonFullTGDs	466		newFullTGDs	11
nonFullTGDs	6396		fullTGDs	566			newNonFullTGDs	474		newFullTGDs	11
nonFullTGDs	6415		fullTGDs	566			newNonFullTGDs	467		newFullTGDs	11
nonFullTGDs	6423		fullTGDs	566			newNonFullTGDs	466		newFullTGDs	11
nonFullTGDs	6419		fullTGDs	566			newNonFullTGDs	460		newFullTGDs	11
nonFullTGDs	6434		fullTGDs	566			newNonFullTGDs	470		newFullTGDs	12
nonFullTGDs	6460		fullTGDs	566			newNonFullTGDs	470		newFullTGDs	14
nonFullTGDs	6494		fullTGDs	566			newNonFullTGDs	462		newFullTGDs	13
nonFullTGDs	6499		fullTGDs	566			newNonFullTGDs	458		newFullTGDs	14
nonFullTGDs	6499		fullTGDs	566			newNonFullTGDs	457		newFullTGDs	12
nonFullTGDs	6530		fullTGDs	566			newNonFullTGDs	456		newFullTGDs	15
nonFullTGDs	6562		fullTGDs	566			newNonFullTGDs	466		newFullTGDs	15
nonFullTGDs	6565		fullTGDs	566			newNonFullTGDs	465		newFullTGDs	15
nonFullTGDs	6588		fullTGDs	566			newNonFullTGDs	461		newFullTGDs	16
nonFullTGDs	6590		fullTGDs	566			newNonFullTGDs	451		newFullTGDs	14
nonFullTGDs	6588		fullTGDs	566			newNonFullTGDs	456		newFullTGDs	15
nonFullTGDs	6593		fullTGDs	566			newNonFullTGDs	452		newFullTGDs	15
nonFullTGDs	6591		fullTGDs	566			newNonFullTGDs	451		newFullTGDs	16
nonFullTGDs	6594		fullTGDs	566			newNonFullTGDs	445		newFullTGDs	12
nonFullTGDs	6614		fullTGDs	566			newNonFullTGDs	463		newFullTGDs	10
nonFullTGDs	6629		fullTGDs	566			newNonFullTGDs	457		newFullTGDs	10
nonFullTGDs	6647		fullTGDs	566			newNonFullTGDs	456		newFullTGDs	10
nonFullTGDs	6665		fullTGDs	566			newNonFullTGDs	457		newFullTGDs	10
nonFullTGDs	6677		fullTGDs	566			newNonFullTGDs	453		newFullTGDs	10
nonFullTGDs	6677		fullTGDs	566			newNonFullTGDs	453		newFullTGDs	10
nonFullTGDs	6676		fullTGDs	566			newNonFullTGDs	447		newFullTGDs	10
nonFullTGDs	6704		fullTGDs	566			newNonFullTGDs	454		newFullTGDs	11
nonFullTGDs	6720		fullTGDs	566			newNonFullTGDs	458		newFullTGDs	12
nonFullTGDs	6748		fullTGDs	566			newNonFullTGDs	453		newFullTGDs	12
nonFullTGDs	6754		fullTGDs	566			newNonFullTGDs	450		newFullTGDs	13
nonFullTGDs	6758		fullTGDs	566			newNonFullTGDs	444		newFullTGDs	11
nonFullTGDs	6785		fullTGDs	566			newNonFullTGDs	449		newFullTGDs	13
nonFullTGDs	6806		fullTGDs	566			newNonFullTGDs	456		newFullTGDs	13
nonFullTGDs	6818		fullTGDs	566			newNonFullTGDs	451		newFullTGDs	14
nonFullTGDs	6830		fullTGDs	566			newNonFullTGDs	451		newFullTGDs	14
nonFullTGDs	6844		fullTGDs	566			newNonFullTGDs	446		newFullTGDs	15
nonFullTGDs	6846		fullTGDs	566			newNonFullTGDs	453		newFullTGDs	14
nonFullTGDs	6846		fullTGDs	566			newNonFullTGDs	449		newFullTGDs	15
nonFullTGDs	6848		fullTGDs	566			newNonFullTGDs	439		newFullTGDs	14
nonFullTGDs	6848		fullTGDs	566			newNonFullTGDs	438		newFullTGDs	15
nonFullTGDs	6848		fullTGDs	566			newNonFullTGDs	433		newFullTGDs	8
nonFullTGDs	6885		fullTGDs	566			newNonFullTGDs	481		newFullTGDs	9
nonFullTGDs	6918		fullTGDs	566			newNonFullTGDs	479		newFullTGDs	9
nonFullTGDs	6932		fullTGDs	566			newNonFullTGDs	482		newFullTGDs	9
nonFullTGDs	6973		fullTGDs	566			newNonFullTGDs	477		newFullTGDs	9
nonFullTGDs	7000		fullTGDs	566			newNonFullTGDs	470		newFullTGDs	9
nonFullTGDs	7013		fullTGDs	566			newNonFullTGDs	465		newFullTGDs	9
nonFullTGDs	7072		fullTGDs	566			newNonFullTGDs	481		newFullTGDs	11
nonFullTGDs	7122		fullTGDs	566			newNonFullTGDs	472		newFullTGDs	11
nonFullTGDs	7155		fullTGDs	566			newNonFullTGDs	474		newFullTGDs	12
nonFullTGDs	7177		fullTGDs	566			newNonFullTGDs	469		newFullTGDs	13
nonFullTGDs	7180		fullTGDs	566			newNonFullTGDs	465		newFullTGDs	10
nonFullTGDs	7233		fullTGDs	566			newNonFullTGDs	471		newFullTGDs	12
nonFullTGDs	7260		fullTGDs	566			newNonFullTGDs	462		newFullTGDs	11
nonFullTGDs	7311		fullTGDs	566			newNonFullTGDs	470		newFullTGDs	13
nonFullTGDs	7321		fullTGDs	566			newNonFullTGDs	464		newFullTGDs	13
nonFullTGDs	7339		fullTGDs	566			newNonFullTGDs	463		newFullTGDs	14
nonFullTGDs	7348		fullTGDs	566			newNonFullTGDs	460		newFullTGDs	10
nonFullTGDs	7356		fullTGDs	566			newNonFullTGDs	477		newFullTGDs	11
nonFullTGDs	7381		fullTGDs	566			newNonFullTGDs	475		newFullTGDs	11
nonFullTGDs	7398		fullTGDs	566			newNonFullTGDs	467		newFullTGDs	11
nonFullTGDs	7400		fullTGDs	566			newNonFullTGDs	471		newFullTGDs	12
nonFullTGDs	7433		fullTGDs	566			newNonFullTGDs	467		newFullTGDs	14
nonFullTGDs	7446		fullTGDs	566			newNonFullTGDs	464		newFullTGDs	13
nonFullTGDs	7471		fullTGDs	566			newNonFullTGDs	467		newFullTGDs	15
nonFullTGDs	7479		fullTGDs	566			newNonFullTGDs	467		newFullTGDs	15
nonFullTGDs	7498		fullTGDs	566			newNonFullTGDs	462		newFullTGDs	16
nonFullTGDs	7474		fullTGDs	566			newNonFullTGDs	465		newFullTGDs	11
nonFullTGDs	7499		fullTGDs	566			newNonFullTGDs	461		newFullTGDs	11
nonFullTGDs	7522		fullTGDs	566			newNonFullTGDs	463		newFullTGDs	11
nonFullTGDs	7534		fullTGDs	566			newNonFullTGDs	458		newFullTGDs	11
nonFullTGDs	7535		fullTGDs	566			newNonFullTGDs	461		newFullTGDs	13
nonFullTGDs	7559		fullTGDs	566			newNonFullTGDs	461		newFullTGDs	14
nonFullTGDs	7565		fullTGDs	566			newNonFullTGDs	459		newFullTGDs	13
nonFullTGDs	7596		fullTGDs	566			newNonFullTGDs	461		newFullTGDs	14
nonFullTGDs	7608		fullTGDs	566			newNonFullTGDs	454		newFullTGDs	15
nonFullTGDs	7618		fullTGDs	566			newNonFullTGDs	455		newFullTGDs	15
nonFullTGDs	7633		fullTGDs	566			newNonFullTGDs	451		newFullTGDs	16
nonFullTGDs	7622		fullTGDs	566			newNonFullTGDs	482		newFullTGDs	11
nonFullTGDs	7659		fullTGDs	566			newNonFullTGDs	474		newFullTGDs	11
nonFullTGDs	7679		fullTGDs	566			newNonFullTGDs	466		newFullTGDs	11
nonFullTGDs	7699		fullTGDs	566			newNonFullTGDs	463		newFullTGDs	11
nonFullTGDs	7735		fullTGDs	566			newNonFullTGDs	469		newFullTGDs	11
nonFullTGDs	7742		fullTGDs	566			newNonFullTGDs	461		newFullTGDs	11
nonFullTGDs	7774		fullTGDs	566			newNonFullTGDs	464		newFullTGDs	11
nonFullTGDs	7783		fullTGDs	566			newNonFullTGDs	456		newFullTGDs	11
nonFullTGDs	7823		fullTGDs	566			newNonFullTGDs	469		newFullTGDs	12
nonFullTGDs	7864		fullTGDs	566			newNonFullTGDs	466		newFullTGDs	14
nonFullTGDs	7869		fullTGDs	566			newNonFullTGDs	462		newFullTGDs	12
nonFullTGDs	7902		fullTGDs	566			newNonFullTGDs	463		newFullTGDs	13
nonFullTGDs	7936		fullTGDs	566			newNonFullTGDs	462		newFullTGDs	15
nonFullTGDs	7951		fullTGDs	566			newNonFullTGDs	458		newFullTGDs	16
nonFullTGDs	7967		fullTGDs	566			newNonFullTGDs	464		newFullTGDs	13
nonFullTGDs	7999		fullTGDs	566			newNonFullTGDs	466		newFullTGDs	14
nonFullTGDs	8031		fullTGDs	566			newNonFullTGDs	458		newFullTGDs	14
nonFullTGDs	8035		fullTGDs	566			newNonFullTGDs	455		newFullTGDs	16
nonFullTGDs	8054		fullTGDs	566			newNonFullTGDs	459		newFullTGDs	15
nonFullTGDs	8083		fullTGDs	566			newNonFullTGDs	458		newFullTGDs	15
nonFullTGDs	8111		fullTGDs	566			newNonFullTGDs	452		newFullTGDs	15
nonFullTGDs	8118		fullTGDs	566			newNonFullTGDs	449		newFullTGDs	17
nonFullTGDs	8130		fullTGDs	566			newNonFullTGDs	468		newFullTGDs	13
nonFullTGDs	8162		fullTGDs	566			newNonFullTGDs	464		newFullTGDs	13
nonFullTGDs	8184		fullTGDs	566			newNonFullTGDs	466		newFullTGDs	15
nonFullTGDs	8217		fullTGDs	566			newNonFullTGDs	457		newFullTGDs	15
nonFullTGDs	8244		fullTGDs	566			newNonFullTGDs	460		newFullTGDs	17
nonFullTGDs	8245		fullTGDs	566			newNonFullTGDs	452		newFullTGDs	14
nonFullTGDs	8274		fullTGDs	566			newNonFullTGDs	454		newFullTGDs	14
nonFullTGDs	8287		fullTGDs	566			newNonFullTGDs	451		newFullTGDs	14
nonFullTGDs	8320		fullTGDs	566			newNonFullTGDs	454		newFullTGDs	15
nonFullTGDs	8352		fullTGDs	566			newNonFullTGDs	454		newFullTGDs	17
nonFullTGDs	8370		fullTGDs	566			newNonFullTGDs	449		newFullTGDs	18
nonFullTGDs	8360		fullTGDs	566			newNonFullTGDs	459		newFullTGDs	15
nonFullTGDs	8382		fullTGDs	566			newNonFullTGDs	457		newFullTGDs	15
nonFullTGDs	8373		fullTGDs	566			newNonFullTGDs	449		newFullTGDs	15
nonFullTGDs	8371		fullTGDs	566			newNonFullTGDs	452		newFullTGDs	16
nonFullTGDs	8395		fullTGDs	566			newNonFullTGDs	454		newFullTGDs	18
nonFullTGDs	8395		fullTGDs	566			newNonFullTGDs	448		newFullTGDs	18
nonFullTGDs	8382		fullTGDs	566			newNonFullTGDs	444		newFullTGDs	16
nonFullTGDs	8380		fullTGDs	566			newNonFullTGDs	452		newFullTGDs	13
nonFullTGDs	8389		fullTGDs	566			newNonFullTGDs	444		newFullTGDs	13
nonFullTGDs	8379		fullTGDs	566			newNonFullTGDs	446		newFullTGDs	15
nonFullTGDs	8393		fullTGDs	566			newNonFullTGDs	444		newFullTGDs	15
nonFullTGDs	8417		fullTGDs	566			newNonFullTGDs	439		newFullTGDs	15
nonFullTGDs	8405		fullTGDs	566			newNonFullTGDs	436		newFullTGDs	17
nonFullTGDs	8317		fullTGDs	566			newNonFullTGDs	473		newFullTGDs	11
nonFullTGDs	8250		fullTGDs	566			newNonFullTGDs	466		newFullTGDs	11
nonFullTGDs	8223		fullTGDs	566			newNonFullTGDs	467		newFullTGDs	11
nonFullTGDs	8164		fullTGDs	566			newNonFullTGDs	463		newFullTGDs	11
nonFullTGDs	8105		fullTGDs	566			newNonFullTGDs	461		newFullTGDs	11
nonFullTGDs	8086		fullTGDs	566			newNonFullTGDs	459		newFullTGDs	11
nonFullTGDs	8057		fullTGDs	566			newNonFullTGDs	451		newFullTGDs	11
nonFullTGDs	7926		fullTGDs	566			newNonFullTGDs	466		newFullTGDs	13
nonFullTGDs	7874		fullTGDs	566			newNonFullTGDs	462		newFullTGDs	12
nonFullTGDs	7812		fullTGDs	566			newNonFullTGDs	464		newFullTGDs	14
nonFullTGDs	7793		fullTGDs	566			newNonFullTGDs	459		newFullTGDs	14
nonFullTGDs	7762		fullTGDs	566			newNonFullTGDs	458		newFullTGDs	15
nonFullTGDs	7739		fullTGDs	566			newNonFullTGDs	452		newFullTGDs	12
nonFullTGDs	7624		fullTGDs	566			newNonFullTGDs	461		newFullTGDs	14
nonFullTGDs	7583		fullTGDs	566			newNonFullTGDs	456		newFullTGDs	13
nonFullTGDs	7518		fullTGDs	566			newNonFullTGDs	451		newFullTGDs	14
nonFullTGDs	7489		fullTGDs	566			newNonFullTGDs	454		newFullTGDs	15
nonFullTGDs	7477		fullTGDs	566			newNonFullTGDs	450		newFullTGDs	15
nonFullTGDs	7451		fullTGDs	566			newNonFullTGDs	449		newFullTGDs	16
nonFullTGDs	7432		fullTGDs	566			newNonFullTGDs	443		newFullTGDs	12
nonFullTGDs	7377		fullTGDs	566			newNonFullTGDs	461		newFullTGDs	13
nonFullTGDs	7342		fullTGDs	566			newNonFullTGDs	455		newFullTGDs	13
nonFullTGDs	7319		fullTGDs	566			newNonFullTGDs	455		newFullTGDs	13
nonFullTGDs	7304		fullTGDs	566			newNonFullTGDs	459		newFullTGDs	13
nonFullTGDs	7226		fullTGDs	566			newNonFullTGDs	458		newFullTGDs	15
nonFullTGDs	7186		fullTGDs	566			newNonFullTGDs	455		newFullTGDs	14
nonFullTGDs	7138		fullTGDs	566			newNonFullTGDs	451		newFullTGDs	16
nonFullTGDs	7121		fullTGDs	566			newNonFullTGDs	455		newFullTGDs	16
nonFullTGDs	7112		fullTGDs	566			newNonFullTGDs	450		newFullTGDs	16
nonFullTGDs	7074		fullTGDs	566			newNonFullTGDs	450		newFullTGDs	17
nonFullTGDs	7072		fullTGDs	566			newNonFullTGDs	444		newFullTGDs	14
nonFullTGDs	7029		fullTGDs	566			newNonFullTGDs	455		newFullTGDs	13
nonFullTGDs	6998		fullTGDs	566			newNonFullTGDs	449		newFullTGDs	13
nonFullTGDs	6979		fullTGDs	566			newNonFullTGDs	449		newFullTGDs	13
nonFullTGDs	6954		fullTGDs	566			newNonFullTGDs	443		newFullTGDs	13
nonFullTGDs	6903		fullTGDs	566			newNonFullTGDs	446		newFullTGDs	14
nonFullTGDs	6855		fullTGDs	566			newNonFullTGDs	443		newFullTGDs	15
nonFullTGDs	6832		fullTGDs	566			newNonFullTGDs	442		newFullTGDs	14
nonFullTGDs	6781		fullTGDs	566			newNonFullTGDs	449		newFullTGDs	16
nonFullTGDs	6759		fullTGDs	566			newNonFullTGDs	446		newFullTGDs	17
nonFullTGDs	6736		fullTGDs	566			newNonFullTGDs	436		newFullTGDs	16
nonFullTGDs	6717		fullTGDs	566			newNonFullTGDs	441		newFullTGDs	12
nonFullTGDs	6699		fullTGDs	566			newNonFullTGDs	449		newFullTGDs	12
nonFullTGDs	6638		fullTGDs	566			newNonFullTGDs	464		newFullTGDs	13
nonFullTGDs	6602		fullTGDs	566			newNonFullTGDs	464		newFullTGDs	13
nonFullTGDs	6582		fullTGDs	566			newNonFullTGDs	455		newFullTGDs	13
nonFullTGDs	6550		fullTGDs	566			newNonFullTGDs	452		newFullTGDs	13
nonFullTGDs	6477		fullTGDs	566			newNonFullTGDs	464		newFullTGDs	16
nonFullTGDs	6455		fullTGDs	566			newNonFullTGDs	454		newFullTGDs	14
nonFullTGDs	6405		fullTGDs	566			newNonFullTGDs	456		newFullTGDs	17
nonFullTGDs	6367		fullTGDs	566			newNonFullTGDs	457		newFullTGDs	14
nonFullTGDs	6351		fullTGDs	566			newNonFullTGDs	455		newFullTGDs	16
nonFullTGDs	6306		fullTGDs	566			newNonFullTGDs	448		newFullTGDs	15
nonFullTGDs	6272		fullTGDs	566			newNonFullTGDs	451		newFullTGDs	17
nonFullTGDs	6239		fullTGDs	566			newNonFullTGDs	442		newFullTGDs	14
nonFullTGDs	6193		fullTGDs	566			newNonFullTGDs	457		newFullTGDs	15
nonFullTGDs	6138		fullTGDs	566			newNonFullTGDs	452		newFullTGDs	16
nonFullTGDs	6118		fullTGDs	566			newNonFullTGDs	449		newFullTGDs	16
nonFullTGDs	6080		fullTGDs	566			newNonFullTGDs	449		newFullTGDs	16
nonFullTGDs	6025		fullTGDs	566			newNonFullTGDs	444		newFullTGDs	17
nonFullTGDs	6009		fullTGDs	566			newNonFullTGDs	442		newFullTGDs	16
nonFullTGDs	5971		fullTGDs	566			newNonFullTGDs	450		newFullTGDs	17
nonFullTGDs	5908		fullTGDs	566			newNonFullTGDs	447		newFullTGDs	18
nonFullTGDs	5906		fullTGDs	566			newNonFullTGDs	445		newFullTGDs	20
nonFullTGDs	5852		fullTGDs	566			newNonFullTGDs	442		newFullTGDs	16
nonFullTGDs	5810		fullTGDs	566			newNonFullTGDs	442		newFullTGDs	17
nonFullTGDs	5805		fullTGDs	566			newNonFullTGDs	437		newFullTGDs	18
nonFullTGDs	5761		fullTGDs	566			newNonFullTGDs	430		newFullTGDs	14
nonFullTGDs	5708		fullTGDs	566			newNonFullTGDs	451		newFullTGDs	15
nonFullTGDs	5654		fullTGDs	566			newNonFullTGDs	454		newFullTGDs	15
nonFullTGDs	5631		fullTGDs	566			newNonFullTGDs	444		newFullTGDs	15
nonFullTGDs	5596		fullTGDs	566			newNonFullTGDs	439		newFullTGDs	15
nonFullTGDs	5528		fullTGDs	566			newNonFullTGDs	449		newFullTGDs	17
nonFullTGDs	5507		fullTGDs	566			newNonFullTGDs	443		newFullTGDs	16
nonFullTGDs	5454		fullTGDs	566			newNonFullTGDs	446		newFullTGDs	16
nonFullTGDs	5402		fullTGDs	566			newNonFullTGDs	449		newFullTGDs	17
nonFullTGDs	5396		fullTGDs	566			newNonFullTGDs	444		newFullTGDs	17
nonFullTGDs	5355		fullTGDs	566			newNonFullTGDs	437		newFullTGDs	17
nonFullTGDs	5329		fullTGDs	566			newNonFullTGDs	437		newFullTGDs	16
nonFullTGDs	5286		fullTGDs	566			newNonFullTGDs	434		newFullTGDs	16
nonFullTGDs	5230		fullTGDs	566			newNonFullTGDs	447		newFullTGDs	17
nonFullTGDs	5188		fullTGDs	566			newNonFullTGDs	442		newFullTGDs	18
nonFullTGDs	5155		fullTGDs	566			newNonFullTGDs	439		newFullTGDs	18
nonFullTGDs	5118		fullTGDs	566			newNonFullTGDs	436		newFullTGDs	18
nonFullTGDs	5055		fullTGDs	566			newNonFullTGDs	433		newFullTGDs	20
nonFullTGDs	5039		fullTGDs	566			newNonFullTGDs	439		newFullTGDs	19
nonFullTGDs	5041		fullTGDs	566			newNonFullTGDs	435		newFullTGDs	19
nonFullTGDs	5047		fullTGDs	566			newNonFullTGDs	439		newFullTGDs	20
nonFullTGDs	5046		fullTGDs	566			newNonFullTGDs	431		newFullTGDs	20
nonFullTGDs	5045		fullTGDs	566			newNonFullTGDs	431		newFullTGDs	14
nonFullTGDs	5053		fullTGDs	566			newNonFullTGDs	432		newFullTGDs	8
nonFullTGDs	5048		fullTGDs	566			newNonFullTGDs	424		newFullTGDs	8
nonFullTGDs	5063		fullTGDs	566			newNonFullTGDs	475		newFullTGDs	9
nonFullTGDs	5113		fullTGDs	566			newNonFullTGDs	476		newFullTGDs	9
nonFullTGDs	5131		fullTGDs	566			newNonFullTGDs	465		newFullTGDs	9
nonFullTGDs	5165		fullTGDs	566			newNonFullTGDs	464		newFullTGDs	9
nonFullTGDs	5200		fullTGDs	566			newNonFullTGDs	464		newFullTGDs	9
nonFullTGDs	5214		fullTGDs	566			newNonFullTGDs	457		newFullTGDs	9
nonFullTGDs	5258		fullTGDs	566			newNonFullTGDs	475		newFullTGDs	11
nonFullTGDs	5295		fullTGDs	566			newNonFullTGDs	463		newFullTGDs	10
nonFullTGDs	5343		fullTGDs	566			newNonFullTGDs	469		newFullTGDs	12
nonFullTGDs	5359		fullTGDs	566			newNonFullTGDs	464		newFullTGDs	12
nonFullTGDs	5372		fullTGDs	566			newNonFullTGDs	459		newFullTGDs	13
nonFullTGDs	5388		fullTGDs	566			newNonFullTGDs	452		newFullTGDs	10
nonFullTGDs	5433		fullTGDs	566			newNonFullTGDs	460		newFullTGDs	12
nonFullTGDs	5462		fullTGDs	566			newNonFullTGDs	454		newFullTGDs	11
nonFullTGDs	5504		fullTGDs	566			newNonFullTGDs	464		newFullTGDs	13
nonFullTGDs	5521		fullTGDs	566			newNonFullTGDs	457		newFullTGDs	14
nonFullTGDs	5534		fullTGDs	566			newNonFullTGDs	456		newFullTGDs	14
nonFullTGDs	5548		fullTGDs	566			newNonFullTGDs	449		newFullTGDs	10
nonFullTGDs	5565		fullTGDs	566			newNonFullTGDs	472		newFullTGDs	11
nonFullTGDs	5591		fullTGDs	566			newNonFullTGDs	468		newFullTGDs	11
nonFullTGDs	5609		fullTGDs	566			newNonFullTGDs	464		newFullTGDs	11
nonFullTGDs	5629		fullTGDs	566			newNonFullTGDs	464		newFullTGDs	11
nonFullTGDs	5641		fullTGDs	566			newNonFullTGDs	458		newFullTGDs	11
nonFullTGDs	5639		fullTGDs	566			newNonFullTGDs	459		newFullTGDs	11
nonFullTGDs	5654		fullTGDs	566			newNonFullTGDs	468		newFullTGDs	12
nonFullTGDs	5681		fullTGDs	566			newNonFullTGDs	467		newFullTGDs	14
nonFullTGDs	5718		fullTGDs	566			newNonFullTGDs	458		newFullTGDs	13
nonFullTGDs	5718		fullTGDs	566			newNonFullTGDs	459		newFullTGDs	15
nonFullTGDs	5734		fullTGDs	566			newNonFullTGDs	460		newFullTGDs	13
nonFullTGDs	5753		fullTGDs	566			newNonFullTGDs	449		newFullTGDs	13
nonFullTGDs	5783		fullTGDs	566			newNonFullTGDs	460		newFullTGDs	15
nonFullTGDs	5795		fullTGDs	566			newNonFullTGDs	458		newFullTGDs	15
nonFullTGDs	5809		fullTGDs	566			newNonFullTGDs	453		newFullTGDs	16
nonFullTGDs	5815		fullTGDs	566			newNonFullTGDs	457		newFullTGDs	15
nonFullTGDs	5818		fullTGDs	566			newNonFullTGDs	451		newFullTGDs	16
nonFullTGDs	5809		fullTGDs	566			newNonFullTGDs	452		newFullTGDs	16
nonFullTGDs	5811		fullTGDs	566			newNonFullTGDs	446		newFullTGDs	12
nonFullTGDs	5828		fullTGDs	566			newNonFullTGDs	458		newFullTGDs	11
nonFullTGDs	5850		fullTGDs	566			newNonFullTGDs	456		newFullTGDs	11
nonFullTGDs	5868		fullTGDs	566			newNonFullTGDs	451		newFullTGDs	11
nonFullTGDs	5885		fullTGDs	566			newNonFullTGDs	455		newFullTGDs	11
nonFullTGDs	5898		fullTGDs	566			newNonFullTGDs	450		newFullTGDs	11
nonFullTGDs	5902		fullTGDs	566			newNonFullTGDs	450		newFullTGDs	11
nonFullTGDs	5900		fullTGDs	566			newNonFullTGDs	441		newFullTGDs	11
nonFullTGDs	5925		fullTGDs	566			newNonFullTGDs	451		newFullTGDs	13
nonFullTGDs	5950		fullTGDs	566			newNonFullTGDs	453		newFullTGDs	13
nonFullTGDs	5969		fullTGDs	566			newNonFullTGDs	452		newFullTGDs	13
nonFullTGDs	5975		fullTGDs	566			newNonFullTGDs	448		newFullTGDs	15
nonFullTGDs	5988		fullTGDs	566			newNonFullTGDs	451		newFullTGDs	13
nonFullTGDs	6009		fullTGDs	566			newNonFullTGDs	441		newFullTGDs	13
nonFullTGDs	6038		fullTGDs	566			newNonFullTGDs	453		newFullTGDs	15
nonFullTGDs	6040		fullTGDs	566			newNonFullTGDs	444		newFullTGDs	14
nonFullTGDs	6063		fullTGDs	566			newNonFullTGDs	443		newFullTGDs	15
nonFullTGDs	6067		fullTGDs	566			newNonFullTGDs	439		newFullTGDs	14
nonFullTGDs	6067		fullTGDs	566			newNonFullTGDs	445		newFullTGDs	15
nonFullTGDs	6069		fullTGDs	566			newNonFullTGDs	439		newFullTGDs	15
nonFullTGDs	6065		fullTGDs	566			newNonFullTGDs	438		newFullTGDs	16
nonFullTGDs	6071		fullTGDs	566			newNonFullTGDs	431		newFullTGDs	10
nonFullTGDs	6110		fullTGDs	566			newNonFullTGDs	457		newFullTGDs	11
nonFullTGDs	6140		fullTGDs	566			newNonFullTGDs	458		newFullTGDs	11
nonFullTGDs	6155		fullTGDs	566			newNonFullTGDs	449		newFullTGDs	11
nonFullTGDs	6190		fullTGDs	566			newNonFullTGDs	451		newFullTGDs	11
nonFullTGDs	6219		fullTGDs	566			newNonFullTGDs	452		newFullTGDs	11
nonFullTGDs	6233		fullTGDs	566			newNonFullTGDs	444		newFullTGDs	11
nonFullTGDs	6270		fullTGDs	566			newNonFullTGDs	454		newFullTGDs	12
nonFullTGDs	6304		fullTGDs	566			newNonFullTGDs	454		newFullTGDs	14
nonFullTGDs	6336		fullTGDs	566			newNonFullTGDs	449		newFullTGDs	13
nonFullTGDs	6365		fullTGDs	566			newNonFullTGDs	453		newFullTGDs	14
nonFullTGDs	6379		fullTGDs	566			newNonFullTGDs	447		newFullTGDs	14
nonFullTGDs	6393		fullTGDs	566			newNonFullTGDs	445		newFullTGDs	15
nonFullTGDs	6406		fullTGDs	566			newNonFullTGDs	438		newFullTGDs	12
nonFullTGDs	6452		fullTGDs	566			newNonFullTGDs	448		newFullTGDs	14
nonFullTGDs	6478		fullTGDs	566			newNonFullTGDs	444		newFullTGDs	13
nonFullTGDs	6514		fullTGDs	566			newNonFullTGDs	439		newFullTGDs	14
nonFullTGDs	6535		fullTGDs	566			newNonFullTGDs	442		newFullTGDs	15
nonFullTGDs	6547		fullTGDs	566			newNonFullTGDs	438		newFullTGDs	15
nonFullTGDs	6561		fullTGDs	566			newNonFullTGDs	435		newFullTGDs	16
nonFullTGDs	6573		fullTGDs	566			newNonFullTGDs	453		newFullTGDs	13
nonFullTGDs	6602		fullTGDs	566			newNonFullTGDs	455		newFullTGDs	13
nonFullTGDs	6615		fullTGDs	566			newNonFullTGDs	451		newFullTGDs	13
nonFullTGDs	6630		fullTGDs	566			newNonFullTGDs	446		newFullTGDs	13
nonFullTGDs	6649		fullTGDs	566			newNonFullTGDs	455		newFullTGDs	13
nonFullTGDs	6657		fullTGDs	566			newNonFullTGDs	448		newFullTGDs	13
nonFullTGDs	6661		fullTGDs	566			newNonFullTGDs	444		newFullTGDs	13
nonFullTGDs	6669		fullTGDs	566			newNonFullTGDs	455		newFullTGDs	14
nonFullTGDs	6688		fullTGDs	566			newNonFullTGDs	445		newFullTGDs	14
nonFullTGDs	6723		fullTGDs	566			newNonFullTGDs	451		newFullTGDs	16
nonFullTGDs	6734		fullTGDs	566			newNonFullTGDs	448		newFullTGDs	16
nonFullTGDs	6737		fullTGDs	566			newNonFullTGDs	444		newFullTGDs	14
nonFullTGDs	6766		fullTGDs	566			newNonFullTGDs	444		newFullTGDs	15
nonFullTGDs	6783		fullTGDs	566			newNonFullTGDs	454		newFullTGDs	16
nonFullTGDs	6801		fullTGDs	566			newNonFullTGDs	448		newFullTGDs	17
nonFullTGDs	6811		fullTGDs	566			newNonFullTGDs	448		newFullTGDs	17
nonFullTGDs	6826		fullTGDs	566			newNonFullTGDs	442		newFullTGDs	18
nonFullTGDs	6829		fullTGDs	566			newNonFullTGDs	448		newFullTGDs	17
nonFullTGDs	6832		fullTGDs	566			newNonFullTGDs	443		newFullTGDs	18
nonFullTGDs	6829		fullTGDs	566			newNonFullTGDs	444		newFullTGDs	18
nonFullTGDs	6834		fullTGDs	566			newNonFullTGDs	437		newFullTGDs	14
nonFullTGDs	6841		fullTGDs	566			newNonFullTGDs	448		newFullTGDs	12
nonFullTGDs	6865		fullTGDs	566			newNonFullTGDs	445		newFullTGDs	12
nonFullTGDs	6870		fullTGDs	566			newNonFullTGDs	439		newFullTGDs	12
nonFullTGDs	6892		fullTGDs	566			newNonFullTGDs	448		newFullTGDs	12
nonFullTGDs	6903		fullTGDs	566			newNonFullTGDs	438		newFullTGDs	12
nonFullTGDs	6917		fullTGDs	566			newNonFullTGDs	434		newFullTGDs	12
nonFullTGDs	6920		fullTGDs	566			newNonFullTGDs	434		newFullTGDs	12
nonFullTGDs	6917		fullTGDs	566			newNonFullTGDs	449		newFullTGDs	13
nonFullTGDs	6943		fullTGDs	566			newNonFullTGDs	438		newFullTGDs	15
nonFullTGDs	6971		fullTGDs	566			newNonFullTGDs	439		newFullTGDs	14
nonFullTGDs	6988		fullTGDs	566			newNonFullTGDs	439		newFullTGDs	14
nonFullTGDs	6993		fullTGDs	566			newNonFullTGDs	435		newFullTGDs	16
nonFullTGDs	7004		fullTGDs	566			newNonFullTGDs	438		newFullTGDs	14
nonFullTGDs	7027		fullTGDs	566			newNonFullTGDs	429		newFullTGDs	14
nonFullTGDs	7053		fullTGDs	566			newNonFullTGDs	438		newFullTGDs	15
nonFullTGDs	7057		fullTGDs	566			newNonFullTGDs	433		newFullTGDs	15
nonFullTGDs	7076		fullTGDs	566			newNonFullTGDs	433		newFullTGDs	16
nonFullTGDs	7087		fullTGDs	566			newNonFullTGDs	429		newFullTGDs	15
nonFullTGDs	7092		fullTGDs	566			newNonFullTGDs	434		newFullTGDs	16
nonFullTGDs	7093		fullTGDs	566			newNonFullTGDs	430		newFullTGDs	16
nonFullTGDs	7086		fullTGDs	566			newNonFullTGDs	427		newFullTGDs	17
nonFullTGDs	7087		fullTGDs	566			newNonFullTGDs	422		newFullTGDs	10
nonFullTGDs	7116		fullTGDs	566			newNonFullTGDs	471		newFullTGDs	11
nonFullTGDs	7155		fullTGDs	566			newNonFullTGDs	468		newFullTGDs	11
nonFullTGDs	7169		fullTGDs	566			newNonFullTGDs	461		newFullTGDs	11
nonFullTGDs	7197		fullTGDs	566			newNonFullTGDs	460		newFullTGDs	11
nonFullTGDs	7233		fullTGDs	566			newNonFullTGDs	462		newFullTGDs	11
nonFullTGDs	7248		fullTGDs	566			newNonFullTGDs	456		newFullTGDs	11
nonFullTGDs	7270		fullTGDs	566			newNonFullTGDs	466		newFullTGDs	12
nonFullTGDs	7317		fullTGDs	566			newNonFullTGDs	464		newFullTGDs	14
nonFullTGDs	7358		fullTGDs	566			newNonFullTGDs	459		newFullTGDs	13
nonFullTGDs	7391		fullTGDs	566			newNonFullTGDs	461		newFullTGDs	15
nonFullTGDs	7401		fullTGDs	566			newNonFullTGDs	461		newFullTGDs	15
nonFullTGDs	7420		fullTGDs	566			newNonFullTGDs	454		newFullTGDs	16
nonFullTGDs	7436		fullTGDs	566			newNonFullTGDs	458		newFullTGDs	13
nonFullTGDs	7475		fullTGDs	566			newNonFullTGDs	454		newFullTGDs	14
nonFullTGDs	7503		fullTGDs	566			newNonFullTGDs	457		newFullTGDs	14
nonFullTGDs	7546		fullTGDs	566			newNonFullTGDs	456		newFullTGDs	15
nonFullTGDs	7559		fullTGDs	566			newNonFullTGDs	451		newFullTGDs	15
nonFullTGDs	7571		fullTGDs	566			newNonFullTGDs	449		newFullTGDs	16
nonFullTGDs	7586		fullTGDs	566			newNonFullTGDs	444		newFullTGDs	17
nonFullTGDs	7589		fullTGDs	566			newNonFullTGDs	465		newFullTGDs	13
nonFullTGDs	7612		fullTGDs	566			newNonFullTGDs	455		newFullTGDs	13
nonFullTGDs	7626		fullTGDs	566			newNonFullTGDs	455		newFullTGDs	13
nonFullTGDs	7627		fullTGDs	566			newNonFullTGDs	448		newFullTGDs	13
nonFullTGDs	7652		fullTGDs	566			newNonFullTGDs	458		newFullTGDs	15
nonFullTGDs	7669		fullTGDs	566			newNonFullTGDs	449		newFullTGDs	14
nonFullTGDs	7691		fullTGDs	566			newNonFullTGDs	459		newFullTGDs	16
nonFullTGDs	7712		fullTGDs	566			newNonFullTGDs	452		newFullTGDs	17
nonFullTGDs	7719		fullTGDs	566			newNonFullTGDs	452		newFullTGDs	17
nonFullTGDs	7739		fullTGDs	566			newNonFullTGDs	447		newFullTGDs	18
nonFullTGDs	7711		fullTGDs	566			newNonFullTGDs	450		newFullTGDs	13
nonFullTGDs	7740		fullTGDs	566			newNonFullTGDs	447		newFullTGDs	13
nonFullTGDs	7759		fullTGDs	566			newNonFullTGDs	446		newFullTGDs	13
nonFullTGDs	7772		fullTGDs	566			newNonFullTGDs	442		newFullTGDs	13
nonFullTGDs	7769		fullTGDs	566			newNonFullTGDs	449		newFullTGDs	15
nonFullTGDs	7794		fullTGDs	566			newNonFullTGDs	444		newFullTGDs	15
nonFullTGDs	7802		fullTGDs	566			newNonFullTGDs	437		newFullTGDs	14
nonFullTGDs	7830		fullTGDs	566			newNonFullTGDs	447		newFullTGDs	16
nonFullTGDs	7845		fullTGDs	566			newNonFullTGDs	441		newFullTGDs	17
nonFullTGDs	7853		fullTGDs	566			newNonFullTGDs	442		newFullTGDs	17
nonFullTGDs	7874		fullTGDs	566			newNonFullTGDs	437		newFullTGDs	18
nonFullTGDs	7858		fullTGDs	566			newNonFullTGDs	463		newFullTGDs	13
nonFullTGDs	7896		fullTGDs	566			newNonFullTGDs	458		newFullTGDs	13
nonFullTGDs	7914		fullTGDs	566			newNonFullTGDs	455		newFullTGDs	13
nonFullTGDs	7940		fullTGDs	566			newNonFullTGDs	451		newFullTGDs	13
nonFullTGDs	7960		fullTGDs	566			newNonFullTGDs	452		newFullTGDs	13
nonFullTGDs	7981		fullTGDs	566			newNonFullTGDs	451		newFullTGDs	13
nonFullTGDs	7998		fullTGDs	566			newNonFullTGDs	447		newFullTGDs	13
nonFullTGDs	8020		fullTGDs	566			newNonFullTGDs	444		newFullTGDs	13
nonFullTGDs	8043		fullTGDs	566			newNonFullTGDs	461		newFullTGDs	15
nonFullTGDs	8076		fullTGDs	566			newNonFullTGDs	453		newFullTGDs	15
nonFullTGDs	8105		fullTGDs	566			newNonFullTGDs	455		newFullTGDs	17
nonFullTGDs	8108		fullTGDs	566			newNonFullTGDs	445		newFullTGDs	14
nonFullTGDs	8142		fullTGDs	566			newNonFullTGDs	447		newFullTGDs	15
nonFullTGDs	8176		fullTGDs	566			newNonFullTGDs	447		newFullTGDs	17
nonFullTGDs	8190		fullTGDs	566			newNonFullTGDs	442		newFullTGDs	18
nonFullTGDs	8204		fullTGDs	566			newNonFullTGDs	450		newFullTGDs	15
nonFullTGDs	8234		fullTGDs	566			newNonFullTGDs	452		newFullTGDs	15
nonFullTGDs	8266		fullTGDs	566			newNonFullTGDs	444		newFullTGDs	16
nonFullTGDs	8274		fullTGDs	566			newNonFullTGDs	442		newFullTGDs	18
nonFullTGDs	8286		fullTGDs	566			newNonFullTGDs	443		newFullTGDs	16
nonFullTGDs	8315		fullTGDs	566			newNonFullTGDs	439		newFullTGDs	16
nonFullTGDs	8349		fullTGDs	566			newNonFullTGDs	438		newFullTGDs	17
nonFullTGDs	8357		fullTGDs	566			newNonFullTGDs	435		newFullTGDs	19
nonFullTGDs	8363		fullTGDs	566			newNonFullTGDs	457		newFullTGDs	15
nonFullTGDs	8397		fullTGDs	566			newNonFullTGDs	451		newFullTGDs	15
nonFullTGDs	8413		fullTGDs	566			newNonFullTGDs	451		newFullTGDs	16
nonFullTGDs	8441		fullTGDs	566			newNonFullTGDs	442		newFullTGDs	16
nonFullTGDs	8476		fullTGDs	566			newNonFullTGDs	444		newFullTGDs	18
nonFullTGDs	8485		fullTGDs	566			newNonFullTGDs	440		newFullTGDs	16
nonFullTGDs	8505		fullTGDs	566			newNonFullTGDs	442		newFullTGDs	16
nonFullTGDs	8526		fullTGDs	566			newNonFullTGDs	439		newFullTGDs	16
nonFullTGDs	8552		fullTGDs	566			newNonFullTGDs	441		newFullTGDs	18
nonFullTGDs	8583		fullTGDs	566			newNonFullTGDs	436		newFullTGDs	18
nonFullTGDs	8607		fullTGDs	566			newNonFullTGDs	434		newFullTGDs	19
nonFullTGDs	8611		fullTGDs	566			newNonFullTGDs	428		newFullTGDs	16
nonFullTGDs	8614		fullTGDs	566			newNonFullTGDs	443		newFullTGDs	17
nonFullTGDs	8619		fullTGDs	566			newNonFullTGDs	436		newFullTGDs	17
nonFullTGDs	8614		fullTGDs	566			newNonFullTGDs	438		newFullTGDs	19
nonFullTGDs	8630		fullTGDs	566			newNonFullTGDs	441		newFullTGDs	20
nonFullTGDs	8639		fullTGDs	566			newNonFullTGDs	437		newFullTGDs	20
nonFullTGDs	8631		fullTGDs	566			newNonFullTGDs	430		newFullTGDs	18
nonFullTGDs	8616		fullTGDs	566			newNonFullTGDs	432		newFullTGDs	15
nonFullTGDs	8628		fullTGDs	566			newNonFullTGDs	430		newFullTGDs	15
nonFullTGDs	8615		fullTGDs	566			newNonFullTGDs	434		newFullTGDs	17
nonFullTGDs	8626		fullTGDs	566			newNonFullTGDs	431		newFullTGDs	17
nonFullTGDs	8655		fullTGDs	566			newNonFullTGDs	425		newFullTGDs	17
nonFullTGDs	8645		fullTGDs	566			newNonFullTGDs	422		newFullTGDs	19
nonFullTGDs	8557		fullTGDs	566			newNonFullTGDs	460		newFullTGDs	13
nonFullTGDs	8499		fullTGDs	566			newNonFullTGDs	455		newFullTGDs	13
nonFullTGDs	8476		fullTGDs	566			newNonFullTGDs	451		newFullTGDs	13
nonFullTGDs	8413		fullTGDs	566			newNonFullTGDs	452		newFullTGDs	13
nonFullTGDs	8368		fullTGDs	566			newNonFullTGDs	444		newFullTGDs	13
nonFullTGDs	8328		fullTGDs	566			newNonFullTGDs	447		newFullTGDs	13
nonFullTGDs	8299		fullTGDs	566			newNonFullTGDs	438		newFullTGDs	13
nonFullTGDs	8180		fullTGDs	566			newNonFullTGDs	454		newFullTGDs	15
nonFullTGDs	8135		fullTGDs	566			newNonFullTGDs	449		newFullTGDs	14
nonFullTGDs	8062		fullTGDs	566			newNonFullTGDs	443		newFullTGDs	15
nonFullTGDs	8037		fullTGDs	566			newNonFullTGDs	452		newFullTGDs	17
nonFullTGDs	8014		fullTGDs	566			newNonFullTGDs	450		newFullTGDs	17
nonFullTGDs	7999		fullTGDs	566			newNonFullTGDs	444		newFullTGDs	14
nonFullTGDs	7920		fullTGDs	566			newNonFullTGDs	446		newFullTGDs	15
nonFullTGDs	7853		fullTGDs	566			newNonFullTGDs	443		newFullTGDs	16
nonFullTGDs	7822		fullTGDs	566			newNonFullTGDs	436		newFullTGDs	15
nonFullTGDs	7749		fullTGDs	566			newNonFullTGDs	445		newFullTGDs	17
nonFullTGDs	7730		fullTGDs	566			newNonFullTGDs	441		newFullTGDs	18
nonFullTGDs	7706		fullTGDs	566			newNonFullTGDs	441		newFullTGDs	18
nonFullTGDs	7689		fullTGDs	566			newNonFullTGDs	434		newFullTGDs	14
nonFullTGDs	7644		fullTGDs	566			newNonFullTGDs	450		newFullTGDs	15
nonFullTGDs	7609		fullTGDs	566			newNonFullTGDs	443		newFullTGDs	15
nonFullTGDs	7576		fullTGDs	566			newNonFullTGDs	445		newFullTGDs	15
nonFullTGDs	7551		fullTGDs	566			newNonFullTGDs	439		newFullTGDs	15
nonFullTGDs	7494		fullTGDs	566			newNonFullTGDs	443		newFullTGDs	17
nonFullTGDs	7451		fullTGDs	566			newNonFullTGDs	440		newFullTGDs	17
nonFullTGDs	7428		fullTGDs	566			newNonFullTGDs	433		newFullTGDs	16
nonFullTGDs	7375		fullTGDs	566			newNonFullTGDs	445		newFullTGDs	18
nonFullTGDs	7355		fullTGDs	566			newNonFullTGDs	440		newFullTGDs	19
nonFullTGDs	7327		fullTGDs	566			newNonFullTGDs	440		newFullTGDs	19
nonFullTGDs	7315		fullTGDs	566			newNonFullTGDs	434		newFullTGDs	16
nonFullTGDs	7295		fullTGDs	566			newNonFullTGDs	440		newFullTGDs	15
nonFullTGDs	7251		fullTGDs	566			newNonFullTGDs	435		newFullTGDs	15
nonFullTGDs	7228		fullTGDs	566			newNonFullTGDs	436		newFullTGDs	15
nonFullTGDs	7197		fullTGDs	566			newNonFullTGDs	431		newFullTGDs	15
nonFullTGDs	7156		fullTGDs	566			newNonFullTGDs	433		newFullTGDs	16
nonFullTGDs	7101		fullTGDs	566			newNonFullTGDs	432		newFullTGDs	17
nonFullTGDs	7072		fullTGDs	566			newNonFullTGDs	427		newFullTGDs	16
nonFullTGDs	7025		fullTGDs	566			newNonFullTGDs	422		newFullTGDs	17
nonFullTGDs	7004		fullTGDs	566			newNonFullTGDs	428		newFullTGDs	18
nonFullTGDs	6988		fullTGDs	566			newNonFullTGDs	423		newFullTGDs	18
nonFullTGDs	6956		fullTGDs	566			newNonFullTGDs	422		newFullTGDs	19
nonFullTGDs	6954		fullTGDs	566			newNonFullTGDs	415		newFullTGDs	14
nonFullTGDs	6894		fullTGDs	566			newNonFullTGDs	446		newFullTGDs	15
nonFullTGDs	6861		fullTGDs	566			newNonFullTGDs	441		newFullTGDs	15
nonFullTGDs	6827		fullTGDs	566			newNonFullTGDs	442		newFullTGDs	15
nonFullTGDs	6800		fullTGDs	566			newNonFullTGDs	438		newFullTGDs	15
nonFullTGDs	6732		fullTGDs	566			newNonFullTGDs	445		newFullTGDs	16
nonFullTGDs	6706		fullTGDs	566			newNonFullTGDs	443		newFullTGDs	16
nonFullTGDs	6646		fullTGDs	566			newNonFullTGDs	440		newFullTGDs	18
nonFullTGDs	6633		fullTGDs	566			newNonFullTGDs	434		newFullTGDs	16
nonFullTGDs	6582		fullTGDs	566			newNonFullTGDs	442		newFullTGDs	18
nonFullTGDs	6561		fullTGDs	566			newNonFullTGDs	435		newFullTGDs	17
nonFullTGDs	6501		fullTGDs	566			newNonFullTGDs	434		newFullTGDs	18
nonFullTGDs	6492		fullTGDs	566			newNonFullTGDs	430		newFullTGDs	16
nonFullTGDs	6427		fullTGDs	566			newNonFullTGDs	444		newFullTGDs	17
nonFullTGDs	6380		fullTGDs	566			newNonFullTGDs	441		newFullTGDs	18
nonFullTGDs	6367		fullTGDs	566			newNonFullTGDs	437		newFullTGDs	18
nonFullTGDs	6316		fullTGDs	566			newNonFullTGDs	437		newFullTGDs	18
nonFullTGDs	6268		fullTGDs	566			newNonFullTGDs	432		newFullTGDs	19
nonFullTGDs	6252		fullTGDs	566			newNonFullTGDs	428		newFullTGDs	18
nonFullTGDs	6209		fullTGDs	566			newNonFullTGDs	436		newFullTGDs	19
nonFullTGDs	6151		fullTGDs	566			newNonFullTGDs	432		newFullTGDs	20
nonFullTGDs	6162		fullTGDs	566			newNonFullTGDs	427		newFullTGDs	21
nonFullTGDs	6094		fullTGDs	566			newNonFullTGDs	428		newFullTGDs	18
nonFullTGDs	6048		fullTGDs	566			newNonFullTGDs	428		newFullTGDs	19
nonFullTGDs	6043		fullTGDs	566			newNonFullTGDs	423		newFullTGDs	20
nonFullTGDs	6000		fullTGDs	566			newNonFullTGDs	415		newFullTGDs	16
nonFullTGDs	5935		fullTGDs	566			newNonFullTGDs	438		newFullTGDs	17
nonFullTGDs	5897		fullTGDs	566			newNonFullTGDs	438		newFullTGDs	17
nonFullTGDs	5878		fullTGDs	566			newNonFullTGDs	430		newFullTGDs	17
nonFullTGDs	5843		fullTGDs	566			newNonFullTGDs	427		newFullTGDs	17
nonFullTGDs	5786		fullTGDs	566			newNonFullTGDs	436		newFullTGDs	18
nonFullTGDs	5751		fullTGDs	566			newNonFullTGDs	431		newFullTGDs	18
nonFullTGDs	5692		fullTGDs	566			newNonFullTGDs	429		newFullTGDs	20
nonFullTGDs	5655		fullTGDs	566			newNonFullTGDs	431		newFullTGDs	18
nonFullTGDs	5630		fullTGDs	566			newNonFullTGDs	432		newFullTGDs	19
nonFullTGDs	5605		fullTGDs	566			newNonFullTGDs	425		newFullTGDs	19
nonFullTGDs	5578		fullTGDs	566			newNonFullTGDs	426		newFullTGDs	18
nonFullTGDs	5542		fullTGDs	566			newNonFullTGDs	420		newFullTGDs	18
nonFullTGDs	5493		fullTGDs	566			newNonFullTGDs	436		newFullTGDs	19
nonFullTGDs	5439		fullTGDs	566			newNonFullTGDs	431		newFullTGDs	20
nonFullTGDs	5407		fullTGDs	566			newNonFullTGDs	428		newFullTGDs	20
nonFullTGDs	5364		fullTGDs	566			newNonFullTGDs	425		newFullTGDs	20
nonFullTGDs	5313		fullTGDs	566			newNonFullTGDs	420		newFullTGDs	21
nonFullTGDs	5277		fullTGDs	566			newNonFullTGDs	415		newFullTGDs	20
nonFullTGDs	5284		fullTGDs	566			newNonFullTGDs	423		newFullTGDs	21
nonFullTGDs	5281		fullTGDs	566			newNonFullTGDs	422		newFullTGDs	22
nonFullTGDs	5285		fullTGDs	566			newNonFullTGDs	419		newFullTGDs	22
nonFullTGDs	5282		fullTGDs	566			newNonFullTGDs	422		newFullTGDs	14
nonFullTGDs	5289		fullTGDs	566			newNonFullTGDs	413		newFullTGDs	14
nonFullTGDs	5295		fullTGDs	566			newNonFullTGDs	413		newFullTGDs	6
nonFullTGDs	5286		fullTGDs	566			newNonFullTGDs	411		newFullTGDs	6
nonFullTGDs	5304		fullTGDs	566			newNonFullTGDs	479		newFullTGDs	7
nonFullTGDs	5355		fullTGDs	566			newNonFullTGDs	475		newFullTGDs	7
nonFullTGDs	5403		fullTGDs	566			newNonFullTGDs	467		newFullTGDs	7
nonFullTGDs	5438		fullTGDs	566			newNonFullTGDs	467		newFullTGDs	7
nonFullTGDs	5472		fullTGDs	566			newNonFullTGDs	471		newFullTGDs	7
nonFullTGDs	5514		fullTGDs	566			newNonFullTGDs	467		newFullTGDs	7
nonFullTGDs	5552		fullTGDs	566			newNonFullTGDs	464		newFullTGDs	7
nonFullTGDs	5586		fullTGDs	566			newNonFullTGDs	459		newFullTGDs	7
nonFullTGDs	5609		fullTGDs	566			newNonFullTGDs	454		newFullTGDs	7
nonFullTGDs	5674		fullTGDs	566			newNonFullTGDs	467		newFullTGDs	8
nonFullTGDs	5725		fullTGDs	566			newNonFullTGDs	466		newFullTGDs	9
nonFullTGDs	5761		fullTGDs	566			newNonFullTGDs	463		newFullTGDs	11
nonFullTGDs	5809		fullTGDs	566			newNonFullTGDs	468		newFullTGDs	10
nonFullTGDs	5859		fullTGDs	566			newNonFullTGDs	464		newFullTGDs	10
nonFullTGDs	5883		fullTGDs	566			newNonFullTGDs	457		newFullTGDs	10
nonFullTGDs	5911		fullTGDs	566			newNonFullTGDs	461		newFullTGDs	12
nonFullTGDs	5934		fullTGDs	566			newNonFullTGDs	466		newFullTGDs	8
nonFullTGDs	6000		fullTGDs	566			newNonFullTGDs	470		newFullTGDs	9
nonFullTGDs	6039		fullTGDs	566			newNonFullTGDs	460		newFullTGDs	10
nonFullTGDs	6066		fullTGDs	566			newNonFullTGDs	457		newFullTGDs	11
nonFullTGDs	6091		fullTGDs	566			newNonFullTGDs	449		newFullTGDs	9
nonFullTGDs	6147		fullTGDs	566			newNonFullTGDs	452		newFullTGDs	12
nonFullTGDs	6177		fullTGDs	566			newNonFullTGDs	455		newFullTGDs	11
nonFullTGDs	6203		fullTGDs	566			newNonFullTGDs	449		newFullTGDs	11
nonFullTGDs	6224		fullTGDs	566			newNonFullTGDs	449		newFullTGDs	12
nonFullTGDs	6250		fullTGDs	566			newNonFullTGDs	443		newFullTGDs	8
nonFullTGDs	6295		fullTGDs	566			newNonFullTGDs	472		newFullTGDs	9
nonFullTGDs	6328		fullTGDs	566			newNonFullTGDs	470		newFullTGDs	9
nonFullTGDs	6352		fullTGDs	566			newNonFullTGDs	460		newFullTGDs	9
nonFullTGDs	6390		fullTGDs	566			newNonFullTGDs	459		newFullTGDs	9
nonFullTGDs	6419		fullTGDs	566			newNonFullTGDs	465		newFullTGDs	9
nonFullTGDs	6437		fullTGDs	566			newNonFullTGDs	461		newFullTGDs	9
nonFullTGDs	6453		fullTGDs	566			newNonFullTGDs	464		newFullTGDs	9
nonFullTGDs	6513		fullTGDs	566			newNonFullTGDs	468		newFullTGDs	12
nonFullTGDs	6555		fullTGDs	566			newNonFullTGDs	464		newFullTGDs	11
nonFullTGDs	6590		fullTGDs	566			newNonFullTGDs	468		newFullTGDs	12
nonFullTGDs	6610		fullTGDs	566			newNonFullTGDs	460		newFullTGDs	12
nonFullTGDs	6639		fullTGDs	566			newNonFullTGDs	456		newFullTGDs	13
nonFullTGDs	6652		fullTGDs	566			newNonFullTGDs	455		newFullTGDs	10
nonFullTGDs	6703		fullTGDs	566			newNonFullTGDs	457		newFullTGDs	12
nonFullTGDs	6742		fullTGDs	566			newNonFullTGDs	460		newFullTGDs	12
nonFullTGDs	6765		fullTGDs	566			newNonFullTGDs	455		newFullTGDs	13
nonFullTGDs	6791		fullTGDs	566			newNonFullTGDs	458		newFullTGDs	13
nonFullTGDs	6804		fullTGDs	566			newNonFullTGDs	454		newFullTGDs	14
nonFullTGDs	6825		fullTGDs	566			newNonFullTGDs	453		newFullTGDs	14
nonFullTGDs	6838		fullTGDs	566			newNonFullTGDs	448		newFullTGDs	15
nonFullTGDs	6867		fullTGDs	566			newNonFullTGDs	461		newFullTGDs	9
nonFullTGDs	6904		fullTGDs	566			newNonFullTGDs	459		newFullTGDs	9
nonFullTGDs	6928		fullTGDs	566			newNonFullTGDs	457		newFullTGDs	9
nonFullTGDs	6948		fullTGDs	566			newNonFullTGDs	451		newFullTGDs	9
nonFullTGDs	6986		fullTGDs	566			newNonFullTGDs	451		newFullTGDs	9
nonFullTGDs	7010		fullTGDs	566			newNonFullTGDs	449		newFullTGDs	9
nonFullTGDs	7028		fullTGDs	566			newNonFullTGDs	449		newFullTGDs	9
nonFullTGDs	7047		fullTGDs	566			newNonFullTGDs	444		newFullTGDs	9
nonFullTGDs	7085		fullTGDs	566			newNonFullTGDs	456		newFullTGDs	10
nonFullTGDs	7124		fullTGDs	566			newNonFullTGDs	451		newFullTGDs	13
nonFullTGDs	7156		fullTGDs	566			newNonFullTGDs	451		newFullTGDs	11
nonFullTGDs	7187		fullTGDs	566			newNonFullTGDs	458		newFullTGDs	12
nonFullTGDs	7203		fullTGDs	566			newNonFullTGDs	452		newFullTGDs	13
nonFullTGDs	7228		fullTGDs	566			newNonFullTGDs	448		newFullTGDs	13
nonFullTGDs	7243		fullTGDs	566			newNonFullTGDs	444		newFullTGDs	10
nonFullTGDs	7281		fullTGDs	566			newNonFullTGDs	445		newFullTGDs	11
nonFullTGDs	7322		fullTGDs	566			newNonFullTGDs	442		newFullTGDs	13
nonFullTGDs	7348		fullTGDs	566			newNonFullTGDs	447		newFullTGDs	12
nonFullTGDs	7370		fullTGDs	566			newNonFullTGDs	443		newFullTGDs	12
nonFullTGDs	7394		fullTGDs	566			newNonFullTGDs	447		newFullTGDs	13
nonFullTGDs	7404		fullTGDs	566			newNonFullTGDs	440		newFullTGDs	14
nonFullTGDs	7427		fullTGDs	566			newNonFullTGDs	439		newFullTGDs	14
nonFullTGDs	7439		fullTGDs	566			newNonFullTGDs	434		newFullTGDs	15
nonFullTGDs	7475		fullTGDs	566			newNonFullTGDs	464		newFullTGDs	9
nonFullTGDs	7518		fullTGDs	566			newNonFullTGDs	461		newFullTGDs	9
nonFullTGDs	7555		fullTGDs	566			newNonFullTGDs	457		newFullTGDs	9
nonFullTGDs	7588		fullTGDs	566			newNonFullTGDs	453		newFullTGDs	9
nonFullTGDs	7611		fullTGDs	566			newNonFullTGDs	448		newFullTGDs	9
nonFullTGDs	7655		fullTGDs	566			newNonFullTGDs	456		newFullTGDs	9
nonFullTGDs	7683		fullTGDs	566			newNonFullTGDs	452		newFullTGDs	9
nonFullTGDs	7721		fullTGDs	566			newNonFullTGDs	446		newFullTGDs	9
nonFullTGDs	7747		fullTGDs	566			newNonFullTGDs	444		newFullTGDs	9
nonFullTGDs	7769		fullTGDs	566			newNonFullTGDs	440		newFullTGDs	9
nonFullTGDs	7831		fullTGDs	566			newNonFullTGDs	456		newFullTGDs	10
nonFullTGDs	7873		fullTGDs	566			newNonFullTGDs	457		newFullTGDs	12
nonFullTGDs	7902		fullTGDs	566			newNonFullTGDs	455		newFullTGDs	12
nonFullTGDs	7929		fullTGDs	566			newNonFullTGDs	448		newFullTGDs	10
nonFullTGDs	7979		fullTGDs	566			newNonFullTGDs	449		newFullTGDs	12
nonFullTGDs	8015		fullTGDs	566			newNonFullTGDs	452		newFullTGDs	12
nonFullTGDs	8038		fullTGDs	566			newNonFullTGDs	447		newFullTGDs	12
nonFullTGDs	8062		fullTGDs	566			newNonFullTGDs	446		newFullTGDs	13
nonFullTGDs	8085		fullTGDs	566			newNonFullTGDs	441		newFullTGDs	10
nonFullTGDs	8131		fullTGDs	566			newNonFullTGDs	452		newFullTGDs	12
nonFullTGDs	8173		fullTGDs	566			newNonFullTGDs	453		newFullTGDs	12
nonFullTGDs	8200		fullTGDs	566			newNonFullTGDs	446		newFullTGDs	12
nonFullTGDs	8227		fullTGDs	566			newNonFullTGDs	442		newFullTGDs	13
nonFullTGDs	8253		fullTGDs	566			newNonFullTGDs	448		newFullTGDs	11
nonFullTGDs	8303		fullTGDs	566			newNonFullTGDs	441		newFullTGDs	14
nonFullTGDs	8334		fullTGDs	566			newNonFullTGDs	443		newFullTGDs	13
nonFullTGDs	8357		fullTGDs	566			newNonFullTGDs	438		newFullTGDs	13
nonFullTGDs	8381		fullTGDs	566			newNonFullTGDs	437		newFullTGDs	14
nonFullTGDs	8404		fullTGDs	566			newNonFullTGDs	432		newFullTGDs	10
nonFullTGDs	8443		fullTGDs	566			newNonFullTGDs	459		newFullTGDs	11
nonFullTGDs	8476		fullTGDs	566			newNonFullTGDs	453		newFullTGDs	11
nonFullTGDs	8497		fullTGDs	566			newNonFullTGDs	456		newFullTGDs	11
nonFullTGDs	8520		fullTGDs	566			newNonFullTGDs	453		newFullTGDs	11
nonFullTGDs	8557		fullTGDs	566			newNonFullTGDs	453		newFullTGDs	11
nonFullTGDs	8581		fullTGDs	566			newNonFullTGDs	452		newFullTGDs	11
nonFullTGDs	8595		fullTGDs	566			newNonFullTGDs	447		newFullTGDs	11
nonFullTGDs	8611		fullTGDs	566			newNonFullTGDs	445		newFullTGDs	11
nonFullTGDs	8661		fullTGDs	566			newNonFullTGDs	453		newFullTGDs	14
nonFullTGDs	8698		fullTGDs	566			newNonFullTGDs	457		newFullTGDs	13
nonFullTGDs	8728		fullTGDs	566			newNonFullTGDs	449		newFullTGDs	14
nonFullTGDs	8757		fullTGDs	566			newNonFullTGDs	453		newFullTGDs	14
nonFullTGDs	8769		fullTGDs	566			newNonFullTGDs	446		newFullTGDs	14
nonFullTGDs	8799		fullTGDs	566			newNonFullTGDs	443		newFullTGDs	15
nonFullTGDs	8810		fullTGDs	566			newNonFullTGDs	436		newFullTGDs	12
nonFullTGDs	8860		fullTGDs	566			newNonFullTGDs	444		newFullTGDs	14
nonFullTGDs	8890		fullTGDs	566			newNonFullTGDs	435		newFullTGDs	13
nonFullTGDs	8915		fullTGDs	566			newNonFullTGDs	440		newFullTGDs	14
nonFullTGDs	8938		fullTGDs	566			newNonFullTGDs	435		newFullTGDs	14
nonFullTGDs	8962		fullTGDs	566			newNonFullTGDs	440		newFullTGDs	15
nonFullTGDs	8972		fullTGDs	566			newNonFullTGDs	436		newFullTGDs	15
nonFullTGDs	8996		fullTGDs	566			newNonFullTGDs	435		newFullTGDs	16
nonFullTGDs	9007		fullTGDs	566			newNonFullTGDs	430		newFullTGDs	12
nonFullTGDs	9045		fullTGDs	566			newNonFullTGDs	446		newFullTGDs	10
nonFullTGDs	9073		fullTGDs	566			newNonFullTGDs	443		newFullTGDs	10
nonFullTGDs	9093		fullTGDs	566			newNonFullTGDs	440		newFullTGDs	10
nonFullTGDs	9110		fullTGDs	566			newNonFullTGDs	434		newFullTGDs	10
nonFullTGDs	9148		fullTGDs	566			newNonFullTGDs	435		newFullTGDs	10
nonFullTGDs	9174		fullTGDs	566			newNonFullTGDs	434		newFullTGDs	10
nonFullTGDs	9190		fullTGDs	566			newNonFullTGDs	434		newFullTGDs	10
nonFullTGDs	9207		fullTGDs	566			newNonFullTGDs	429		newFullTGDs	10
nonFullTGDs	9251		fullTGDs	566			newNonFullTGDs	447		newFullTGDs	12
nonFullTGDs	9282		fullTGDs	566			newNonFullTGDs	438		newFullTGDs	14
nonFullTGDs	9313		fullTGDs	566			newNonFullTGDs	439		newFullTGDs	12
nonFullTGDs	9340		fullTGDs	566			newNonFullTGDs	441		newFullTGDs	12
nonFullTGDs	9361		fullTGDs	566			newNonFullTGDs	441		newFullTGDs	14
nonFullTGDs	9381		fullTGDs	566			newNonFullTGDs	438		newFullTGDs	14
nonFullTGDs	9399		fullTGDs	566			newNonFullTGDs	431		newFullTGDs	15
nonFullTGDs	9430		fullTGDs	566			newNonFullTGDs	437		newFullTGDs	13
nonFullTGDs	9470		fullTGDs	566			newNonFullTGDs	435		newFullTGDs	14
nonFullTGDs	9501		fullTGDs	566			newNonFullTGDs	435		newFullTGDs	13
nonFullTGDs	9524		fullTGDs	566			newNonFullTGDs	430		newFullTGDs	14
nonFullTGDs	9548		fullTGDs	566			newNonFullTGDs	435		newFullTGDs	14
nonFullTGDs	9561		fullTGDs	566			newNonFullTGDs	429		newFullTGDs	15
nonFullTGDs	9581		fullTGDs	566			newNonFullTGDs	429		newFullTGDs	15
nonFullTGDs	9597		fullTGDs	566			newNonFullTGDs	424		newFullTGDs	16
nonFullTGDs	9583		fullTGDs	566			newNonFullTGDs	469		newFullTGDs	9
nonFullTGDs	9594		fullTGDs	566			newNonFullTGDs	459		newFullTGDs	9
nonFullTGDs	9590		fullTGDs	566			newNonFullTGDs	460		newFullTGDs	9
nonFullTGDs	9598		fullTGDs	566			newNonFullTGDs	455		newFullTGDs	9
nonFullTGDs	9600		fullTGDs	566			newNonFullTGDs	450		newFullTGDs	9
nonFullTGDs	9592		fullTGDs	566			newNonFullTGDs	454		newFullTGDs	9
nonFullTGDs	9595		fullTGDs	566			newNonFullTGDs	451		newFullTGDs	9
nonFullTGDs	9597		fullTGDs	566			newNonFullTGDs	447		newFullTGDs	9
nonFullTGDs	9602		fullTGDs	566			newNonFullTGDs	447		newFullTGDs	9
nonFullTGDs	9605		fullTGDs	566			newNonFullTGDs	442		newFullTGDs	9
nonFullTGDs	9588		fullTGDs	566			newNonFullTGDs	459		newFullTGDs	11
nonFullTGDs	9589		fullTGDs	566			newNonFullTGDs	456		newFullTGDs	11
nonFullTGDs	9592		fullTGDs	566			newNonFullTGDs	456		newFullTGDs	12
nonFullTGDs	9596		fullTGDs	566			newNonFullTGDs	451		newFullTGDs	10
nonFullTGDs	9595		fullTGDs	566			newNonFullTGDs	448		newFullTGDs	11
nonFullTGDs	9596		fullTGDs	566			newNonFullTGDs	452		newFullTGDs	12
nonFullTGDs	9599		fullTGDs	566			newNonFullTGDs	447		newFullTGDs	13
nonFullTGDs	9600		fullTGDs	566			newNonFullTGDs	446		newFullTGDs	13
nonFullTGDs	9602		fullTGDs	566			newNonFullTGDs	442		newFullTGDs	14
nonFullTGDs	9592		fullTGDs	566			newNonFullTGDs	451		newFullTGDs	12
nonFullTGDs	9591		fullTGDs	566			newNonFullTGDs	454		newFullTGDs	12
nonFullTGDs	9595		fullTGDs	566			newNonFullTGDs	446		newFullTGDs	13
nonFullTGDs	9596		fullTGDs	566			newNonFullTGDs	446		newFullTGDs	13
nonFullTGDs	9603		fullTGDs	566			newNonFullTGDs	439		newFullTGDs	11
nonFullTGDs	9598		fullTGDs	566			newNonFullTGDs	443		newFullTGDs	13
nonFullTGDs	9601		fullTGDs	566			newNonFullTGDs	443		newFullTGDs	13
nonFullTGDs	9604		fullTGDs	566			newNonFullTGDs	438		newFullTGDs	14
nonFullTGDs	9604		fullTGDs	566			newNonFullTGDs	438		newFullTGDs	14
nonFullTGDs	9609		fullTGDs	566			newNonFullTGDs	433		newFullTGDs	15
nonFullTGDs	9614		fullTGDs	566			newNonFullTGDs	459		newFullTGDs	11
nonFullTGDs	9617		fullTGDs	566			newNonFullTGDs	457		newFullTGDs	11
nonFullTGDs	9627		fullTGDs	566			newNonFullTGDs	453		newFullTGDs	11
nonFullTGDs	9627		fullTGDs	566			newNonFullTGDs	451		newFullTGDs	11
nonFullTGDs	9637		fullTGDs	566			newNonFullTGDs	450		newFullTGDs	11
nonFullTGDs	9638		fullTGDs	566			newNonFullTGDs	449		newFullTGDs	11
nonFullTGDs	9646		fullTGDs	566			newNonFullTGDs	449		newFullTGDs	11
nonFullTGDs	9649		fullTGDs	566			newNonFullTGDs	445		newFullTGDs	11
nonFullTGDs	9645		fullTGDs	566			newNonFullTGDs	459		newFullTGDs	11
nonFullTGDs	9654		fullTGDs	566			newNonFullTGDs	452		newFullTGDs	13
nonFullTGDs	9659		fullTGDs	566			newNonFullTGDs	456		newFullTGDs	13
nonFullTGDs	9664		fullTGDs	566			newNonFullTGDs	449		newFullTGDs	14
nonFullTGDs	9676		fullTGDs	566			newNonFullTGDs	453		newFullTGDs	14
nonFullTGDs	9672		fullTGDs	566			newNonFullTGDs	447		newFullTGDs	14
nonFullTGDs	9688		fullTGDs	566			newNonFullTGDs	444		newFullTGDs	15
nonFullTGDs	9688		fullTGDs	566			newNonFullTGDs	438		newFullTGDs	12
nonFullTGDs	9695		fullTGDs	566			newNonFullTGDs	448		newFullTGDs	14
nonFullTGDs	9702		fullTGDs	566			newNonFullTGDs	440		newFullTGDs	15
nonFullTGDs	9703		fullTGDs	566			newNonFullTGDs	444		newFullTGDs	14
nonFullTGDs	9705		fullTGDs	566			newNonFullTGDs	439		newFullTGDs	14
nonFullTGDs	9717		fullTGDs	566			newNonFullTGDs	444		newFullTGDs	15
nonFullTGDs	9709		fullTGDs	566			newNonFullTGDs	437		newFullTGDs	16
nonFullTGDs	9728		fullTGDs	566			newNonFullTGDs	437		newFullTGDs	16
nonFullTGDs	9720		fullTGDs	566			newNonFullTGDs	433		newFullTGDs	17
nonFullTGDs	9731		fullTGDs	566			newNonFullTGDs	447		newFullTGDs	11
nonFullTGDs	9734		fullTGDs	566			newNonFullTGDs	449		newFullTGDs	11
nonFullTGDs	9743		fullTGDs	566			newNonFullTGDs	447		newFullTGDs	11
nonFullTGDs	9749		fullTGDs	566			newNonFullTGDs	441		newFullTGDs	11
nonFullTGDs	9749		fullTGDs	566			newNonFullTGDs	440		newFullTGDs	11
nonFullTGDs	9758		fullTGDs	566			newNonFullTGDs	432		newFullTGDs	11
nonFullTGDs	9759		fullTGDs	566			newNonFullTGDs	432		newFullTGDs	11
nonFullTGDs	9762		fullTGDs	566			newNonFullTGDs	433		newFullTGDs	11
nonFullTGDs	9764		fullTGDs	566			newNonFullTGDs	428		newFullTGDs	11
nonFullTGDs	9772		fullTGDs	566			newNonFullTGDs	442		newFullTGDs	12
nonFullTGDs	9787		fullTGDs	566			newNonFullTGDs	438		newFullTGDs	14
nonFullTGDs	9780		fullTGDs	566			newNonFullTGDs	442		newFullTGDs	13
nonFullTGDs	9783		fullTGDs	566			newNonFullTGDs	435		newFullTGDs	13
nonFullTGDs	9799		fullTGDs	566			newNonFullTGDs	438		newFullTGDs	14
nonFullTGDs	9797		fullTGDs	566			newNonFullTGDs	432		newFullTGDs	14
nonFullTGDs	9810		fullTGDs	566			newNonFullTGDs	429		newFullTGDs	15
nonFullTGDs	9810		fullTGDs	566			newNonFullTGDs	430		newFullTGDs	12
nonFullTGDs	9819		fullTGDs	566			newNonFullTGDs	433		newFullTGDs	14
nonFullTGDs	9820		fullTGDs	566			newNonFullTGDs	427		newFullTGDs	13
nonFullTGDs	9822		fullTGDs	566			newNonFullTGDs	431		newFullTGDs	14
nonFullTGDs	9824		fullTGDs	566			newNonFullTGDs	426		newFullTGDs	14
nonFullTGDs	9838		fullTGDs	566			newNonFullTGDs	430		newFullTGDs	15
nonFullTGDs	9830		fullTGDs	566			newNonFullTGDs	426		newFullTGDs	15
nonFullTGDs	9848		fullTGDs	566			newNonFullTGDs	426		newFullTGDs	16
nonFullTGDs	9840		fullTGDs	566			newNonFullTGDs	422		newFullTGDs	10
nonFullTGDs	9828		fullTGDs	566			newNonFullTGDs	454		newFullTGDs	11
nonFullTGDs	9833		fullTGDs	566			newNonFullTGDs	447		newFullTGDs	11
nonFullTGDs	9837		fullTGDs	566			newNonFullTGDs	439		newFullTGDs	11
nonFullTGDs	9836		fullTGDs	566			newNonFullTGDs	442		newFullTGDs	11
nonFullTGDs	9838		fullTGDs	566			newNonFullTGDs	438		newFullTGDs	11
nonFullTGDs	9831		fullTGDs	566			newNonFullTGDs	445		newFullTGDs	11
nonFullTGDs	9833		fullTGDs	566			newNonFullTGDs	442		newFullTGDs	11
nonFullTGDs	9839		fullTGDs	566			newNonFullTGDs	434		newFullTGDs	11
nonFullTGDs	9837		fullTGDs	566			newNonFullTGDs	436		newFullTGDs	11
nonFullTGDs	9839		fullTGDs	566			newNonFullTGDs	434		newFullTGDs	11
nonFullTGDs	9824		fullTGDs	566			newNonFullTGDs	454		newFullTGDs	11
nonFullTGDs	9829		fullTGDs	566			newNonFullTGDs	448		newFullTGDs	13
nonFullTGDs	9836		fullTGDs	566			newNonFullTGDs	441		newFullTGDs	12
nonFullTGDs	9834		fullTGDs	566			newNonFullTGDs	445		newFullTGDs	14
nonFullTGDs	9839		fullTGDs	566			newNonFullTGDs	440		newFullTGDs	15
nonFullTGDs	9829		fullTGDs	566			newNonFullTGDs	445		newFullTGDs	13
nonFullTGDs	9832		fullTGDs	566			newNonFullTGDs	442		newFullTGDs	14
nonFullTGDs	9840		fullTGDs	566			newNonFullTGDs	435		newFullTGDs	13
nonFullTGDs	9837		fullTGDs	566			newNonFullTGDs	438		newFullTGDs	15
nonFullTGDs	9840		fullTGDs	566			newNonFullTGDs	429		newFullTGDs	15
nonFullTGDs	9844		fullTGDs	566			newNonFullTGDs	423		newFullTGDs	12
nonFullTGDs	9833		fullTGDs	566			newNonFullTGDs	441		newFullTGDs	14
nonFullTGDs	9838		fullTGDs	566			newNonFullTGDs	434		newFullTGDs	15
nonFullTGDs	9838		fullTGDs	566			newNonFullTGDs	432		newFullTGDs	14
nonFullTGDs	9842		fullTGDs	566			newNonFullTGDs	430		newFullTGDs	15
nonFullTGDs	9844		fullTGDs	566			newNonFullTGDs	425		newFullTGDs	13
nonFullTGDs	9833		fullTGDs	566			newNonFullTGDs	436		newFullTGDs	15
nonFullTGDs	9840		fullTGDs	566			newNonFullTGDs	429		newFullTGDs	16
nonFullTGDs	9841		fullTGDs	566			newNonFullTGDs	424		newFullTGDs	15
nonFullTGDs	9844		fullTGDs	566			newNonFullTGDs	424		newFullTGDs	16
nonFullTGDs	9849		fullTGDs	566			newNonFullTGDs	419		newFullTGDs	12
nonFullTGDs	9832		fullTGDs	566			newNonFullTGDs	444		newFullTGDs	13
nonFullTGDs	9836		fullTGDs	566			newNonFullTGDs	436		newFullTGDs	13
nonFullTGDs	9840		fullTGDs	566			newNonFullTGDs	431		newFullTGDs	13
nonFullTGDs	9831		fullTGDs	566			newNonFullTGDs	442		newFullTGDs	15
nonFullTGDs	9837		fullTGDs	566			newNonFullTGDs	434		newFullTGDs	16
nonFullTGDs	9836		fullTGDs	566			newNonFullTGDs	432		newFullTGDs	16
nonFullTGDs	9840		fullTGDs	566			newNonFullTGDs	431		newFullTGDs	16
nonFullTGDs	9842		fullTGDs	566			newNonFullTGDs	426		newFullTGDs	14
nonFullTGDs	9839		fullTGDs	566			newNonFullTGDs	432		newFullTGDs	14
nonFullTGDs	9841		fullTGDs	566			newNonFullTGDs	430		newFullTGDs	14
nonFullTGDs	9833		fullTGDs	566			newNonFullTGDs	435		newFullTGDs	15
nonFullTGDs	9836		fullTGDs	566			newNonFullTGDs	432		newFullTGDs	16
nonFullTGDs	9844		fullTGDs	566			newNonFullTGDs	425		newFullTGDs	15
nonFullTGDs	9841		fullTGDs	566			newNonFullTGDs	428		newFullTGDs	17
nonFullTGDs	9844		fullTGDs	566			newNonFullTGDs	419		newFullTGDs	17
nonFullTGDs	9848		fullTGDs	566			newNonFullTGDs	413		newFullTGDs	14
nonFullTGDs	9861		fullTGDs	566			newNonFullTGDs	444		newFullTGDs	15
nonFullTGDs	9867		fullTGDs	566			newNonFullTGDs	438		newFullTGDs	15
nonFullTGDs	9874		fullTGDs	566			newNonFullTGDs	437		newFullTGDs	15
nonFullTGDs	9883		fullTGDs	566			newNonFullTGDs	434		newFullTGDs	15
nonFullTGDs	9889		fullTGDs	566			newNonFullTGDs	430		newFullTGDs	15
nonFullTGDs	9892		fullTGDs	566			newNonFullTGDs	437		newFullTGDs	15
nonFullTGDs	9906		fullTGDs	566			newNonFullTGDs	433		newFullTGDs	17
nonFullTGDs	9917		fullTGDs	566			newNonFullTGDs	437		newFullTGDs	17
nonFullTGDs	9913		fullTGDs	566			newNonFullTGDs	430		newFullTGDs	17
Nov 12, 2021 6:41:32 AM uk.ac.ox.cs.gsat.SaturationStatistics log
INFO: # initial TGDs: 566 , 323
Nov 12, 2021 6:41:32 AM uk.ac.ox.cs.gsat.SaturationStatistics log
INFO: GSat total time : 600012 ms = 600.01 s
Nov 12, 2021 6:41:32 AM uk.ac.ox.cs.gsat.SaturationStatistics log
INFO: Subsumed elements : 953142
Nov 12, 2021 6:41:32 AM uk.ac.ox.cs.gsat.SaturationStatistics log
INFO: Filter discarded elements : 3795360493
Nov 12, 2021 6:41:32 AM uk.ac.ox.cs.gsat.SaturationStatistics log
INFO: subsumption time: 418686 ms = 418.69 s
Nov 12, 2021 6:41:32 AM uk.ac.ox.cs.gsat.SaturationStatistics log
INFO: forward subsumption time: 371420 ms = 371.42 s
Nov 12, 2021 6:41:32 AM uk.ac.ox.cs.gsat.SaturationStatistics log
INFO: backward subsumption time: 47266 ms = 47.27 s
Nov 12, 2021 6:41:32 AM uk.ac.ox.cs.gsat.SaturationStatistics log
INFO: Derived full/non full TGDs: 29104 , 934087
Nov 12, 2021 6:41:32 AM uk.ac.ox.cs.gsat.SaturationStatistics log
INFO: discarded tautology count: 0
Nov 12, 2021 6:41:32 AM uk.ac.ox.cs.gsat.SaturationStatistics log
INFO: !!! TIME OUT !!!
Nov 12, 2021 6:41:32 AM uk.ac.ox.cs.gsat.EvolveStatistics log
INFO: Stop because subsumed: 70993
Nov 12, 2021 6:41:32 AM uk.ac.ox.cs.gsat.EvolveStatistics log
INFO: evolved equals to current: 556633
Nov 12, 2021 6:41:32 AM uk.ac.ox.cs.gsat.EvolveStatistics log
INFO: evolved time: 154186 ms = 154.19 s
Nov 12, 2021 6:41:32 AM uk.ac.ox.cs.gsat.EvolveStatistics log
INFO: evolve count: 4820326
Nov 12, 2021 6:41:32 AM uk.ac.ox.cs.gsat.AbstractSaturation run
INFO: ouptput full TGDs not contained in the input: 18
Nov 12, 2021 6:41:32 AM uk.ac.ox.cs.gsat.App executeAllSteps
INFO: Rewriting completed!
Full TGD saturation: (584 dependecies)
Nov 12, 2021 6:41:32 AM uk.ac.ox.cs.gsat.App executeAllSteps
INFO: Writing the saturation in the Datalog file 00479.rul
