Starting Saturation...
Executing from DLGP files
SLF4J: Failed to load class "org.slf4j.impl.StaticLoggerBinder".
SLF4J: Defaulting to no-operation (NOP) logger implementation
SLF4J: See http://www.slf4j.org/codes.html#StaticLoggerBinder for further details.
# Rules: 24028; # Atoms: 0; # AtomSets: 0; # Queries: 0; # Constraints: 0
Full TGD saturation algorithm: GSat
Running GSat...
Nov 12, 2021 9:08:25 AM uk.ac.ox.cs.gsat.AbstractSaturation run
INFO: GSat discarded rules : 0/24028 = 0.000%
GSat discarded rules : 0/24028 = 0.000%
Nov 12, 2021 9:08:26 AM uk.ac.ox.cs.gsat.AbstractSaturation run
INFO: Subsumption method : tree_predicate
length of the formulas: 2.54371
number of bags: 17
length of the formulas: 2.54371
number of bags: 17
nonFullTGDs	0		fullTGDs	13597			newNonFullTGDs	6673		newFullTGDs	0
nonFullTGDs	15		fullTGDs	13597			newNonFullTGDs	6708		newFullTGDs	56
nonFullTGDs	85		fullTGDs	13597			newNonFullTGDs	7785		newFullTGDs	56
nonFullTGDs	185		fullTGDs	13597			newNonFullTGDs	7770		newFullTGDs	56
nonFullTGDs	285		fullTGDs	13597			newNonFullTGDs	7774		newFullTGDs	56
nonFullTGDs	385		fullTGDs	13597			newNonFullTGDs	7776		newFullTGDs	56
nonFullTGDs	485		fullTGDs	13597			newNonFullTGDs	7768		newFullTGDs	56
nonFullTGDs	585		fullTGDs	13597			newNonFullTGDs	7778		newFullTGDs	56
nonFullTGDs	685		fullTGDs	13597			newNonFullTGDs	7767		newFullTGDs	56
nonFullTGDs	785		fullTGDs	13597			newNonFullTGDs	7762		newFullTGDs	56
nonFullTGDs	885		fullTGDs	13597			newNonFullTGDs	7761		newFullTGDs	56
nonFullTGDs	985		fullTGDs	13597			newNonFullTGDs	7760		newFullTGDs	56
nonFullTGDs	1085		fullTGDs	13597			newNonFullTGDs	7781		newFullTGDs	56
nonFullTGDs	1185		fullTGDs	13597			newNonFullTGDs	7768		newFullTGDs	56
nonFullTGDs	1285		fullTGDs	13597			newNonFullTGDs	7765		newFullTGDs	56
nonFullTGDs	1385		fullTGDs	13597			newNonFullTGDs	7762		newFullTGDs	56
nonFullTGDs	1485		fullTGDs	13597			newNonFullTGDs	7762		newFullTGDs	56
nonFullTGDs	1585		fullTGDs	13597			newNonFullTGDs	7749		newFullTGDs	56
nonFullTGDs	1685		fullTGDs	13597			newNonFullTGDs	7758		newFullTGDs	56
nonFullTGDs	1785		fullTGDs	13597			newNonFullTGDs	7757		newFullTGDs	56
nonFullTGDs	1885		fullTGDs	13597			newNonFullTGDs	7759		newFullTGDs	56
nonFullTGDs	1985		fullTGDs	13597			newNonFullTGDs	7754		newFullTGDs	56
nonFullTGDs	2085		fullTGDs	13597			newNonFullTGDs	7741		newFullTGDs	56
nonFullTGDs	2185		fullTGDs	13597			newNonFullTGDs	7769		newFullTGDs	56
nonFullTGDs	2285		fullTGDs	13597			newNonFullTGDs	7764		newFullTGDs	56
nonFullTGDs	2385		fullTGDs	13597			newNonFullTGDs	7766		newFullTGDs	56
nonFullTGDs	2485		fullTGDs	13597			newNonFullTGDs	7753		newFullTGDs	56
nonFullTGDs	2585		fullTGDs	13597			newNonFullTGDs	7754		newFullTGDs	56
nonFullTGDs	2685		fullTGDs	13597			newNonFullTGDs	7766		newFullTGDs	56
nonFullTGDs	2785		fullTGDs	13597			newNonFullTGDs	7756		newFullTGDs	56
nonFullTGDs	2885		fullTGDs	13597			newNonFullTGDs	7760		newFullTGDs	56
nonFullTGDs	2985		fullTGDs	13597			newNonFullTGDs	7749		newFullTGDs	56
nonFullTGDs	3085		fullTGDs	13597			newNonFullTGDs	7745		newFullTGDs	56
nonFullTGDs	3185		fullTGDs	13597			newNonFullTGDs	7758		newFullTGDs	56
nonFullTGDs	3285		fullTGDs	13597			newNonFullTGDs	7755		newFullTGDs	56
nonFullTGDs	3385		fullTGDs	13597			newNonFullTGDs	7757		newFullTGDs	56
nonFullTGDs	3485		fullTGDs	13597			newNonFullTGDs	7750		newFullTGDs	56
nonFullTGDs	3585		fullTGDs	13597			newNonFullTGDs	7747		newFullTGDs	56
nonFullTGDs	3685		fullTGDs	13597			newNonFullTGDs	7752		newFullTGDs	56
nonFullTGDs	3785		fullTGDs	13597			newNonFullTGDs	7750		newFullTGDs	56
nonFullTGDs	3885		fullTGDs	13597			newNonFullTGDs	7737		newFullTGDs	56
nonFullTGDs	3985		fullTGDs	13597			newNonFullTGDs	7741		newFullTGDs	56
nonFullTGDs	4085		fullTGDs	13597			newNonFullTGDs	7731		newFullTGDs	56
Nov 12, 2021 9:18:25 AM uk.ac.ox.cs.gsat.SaturationStatistics log
INFO: # initial TGDs: 13597 , 6673
Nov 12, 2021 9:18:25 AM uk.ac.ox.cs.gsat.SaturationStatistics log
INFO: GSat total time : 600088 ms = 600.09 s
Nov 12, 2021 9:18:25 AM uk.ac.ox.cs.gsat.SaturationStatistics log
INFO: Subsumed elements : 107106
Nov 12, 2021 9:18:25 AM uk.ac.ox.cs.gsat.SaturationStatistics log
INFO: Filter discarded elements : 141067113
Nov 12, 2021 9:18:25 AM uk.ac.ox.cs.gsat.SaturationStatistics log
INFO: subsumption time: 27907 ms = 27.91 s
Nov 12, 2021 9:18:25 AM uk.ac.ox.cs.gsat.SaturationStatistics log
INFO: forward subsumption time: 26820 ms = 26.82 s
Nov 12, 2021 9:18:25 AM uk.ac.ox.cs.gsat.SaturationStatistics log
INFO: backward subsumption time: 1087 ms = 1.09 s
Nov 12, 2021 9:18:25 AM uk.ac.ox.cs.gsat.SaturationStatistics log
INFO: Derived full/non full TGDs: 69 , 112292
Nov 12, 2021 9:18:25 AM uk.ac.ox.cs.gsat.SaturationStatistics log
INFO: discarded tautology count: 0
Nov 12, 2021 9:18:25 AM uk.ac.ox.cs.gsat.SaturationStatistics log
INFO: !!! TIME OUT !!!
Nov 12, 2021 9:18:25 AM uk.ac.ox.cs.gsat.EvolveStatistics log
INFO: Stop because subsumed: 115
Nov 12, 2021 9:18:25 AM uk.ac.ox.cs.gsat.EvolveStatistics log
INFO: evolved equals to current: 188995
Nov 12, 2021 9:18:25 AM uk.ac.ox.cs.gsat.EvolveStatistics log
INFO: evolved time: 539541 ms = 539.54 s
Nov 12, 2021 9:18:25 AM uk.ac.ox.cs.gsat.EvolveStatistics log
INFO: evolve count: 8948491
Nov 12, 2021 9:18:25 AM uk.ac.ox.cs.gsat.AbstractSaturation run
INFO: ouptput full TGDs not contained in the input: 56
Nov 12, 2021 9:18:25 AM uk.ac.ox.cs.gsat.App executeAllSteps
INFO: Rewriting completed!
Full TGD saturation: (13653 dependecies)
Nov 12, 2021 9:18:25 AM uk.ac.ox.cs.gsat.App executeAllSteps
INFO: Writing the saturation in the Datalog file 00660.rul
