Starting Saturation...
Executing from DLGP files
SLF4J: Failed to load class "org.slf4j.impl.StaticLoggerBinder".
SLF4J: Defaulting to no-operation (NOP) logger implementation
SLF4J: See http://www.slf4j.org/codes.html#StaticLoggerBinder for further details.
# Rules: 12772; # Atoms: 0; # AtomSets: 0; # Queries: 0; # Constraints: 0
Full TGD saturation algorithm: GSat
Running GSat...
Nov 12, 2021 9:19:25 AM uk.ac.ox.cs.gsat.AbstractSaturation run
INFO: GSat discarded rules : 0/12772 = 0.000%
GSat discarded rules : 0/12772 = 0.000%
Nov 12, 2021 9:19:26 AM uk.ac.ox.cs.gsat.AbstractSaturation run
INFO: Subsumption method : tree_predicate
length of the formulas: 2.5542593
number of bags: 14
length of the formulas: 2.5542593
number of bags: 14
nonFullTGDs	0		fullTGDs	5693			newNonFullTGDs	7079		newFullTGDs	0
nonFullTGDs	45		fullTGDs	5693			newNonFullTGDs	7034		newFullTGDs	0
nonFullTGDs	91		fullTGDs	5693			newNonFullTGDs	6988		newFullTGDs	0
nonFullTGDs	138		fullTGDs	5693			newNonFullTGDs	6941		newFullTGDs	0
nonFullTGDs	185		fullTGDs	5693			newNonFullTGDs	6894		newFullTGDs	0
nonFullTGDs	233		fullTGDs	5693			newNonFullTGDs	6846		newFullTGDs	0
nonFullTGDs	280		fullTGDs	5693			newNonFullTGDs	6799		newFullTGDs	0
nonFullTGDs	327		fullTGDs	5693			newNonFullTGDs	6752		newFullTGDs	0
nonFullTGDs	375		fullTGDs	5693			newNonFullTGDs	6704		newFullTGDs	0
nonFullTGDs	423		fullTGDs	5693			newNonFullTGDs	6656		newFullTGDs	0
nonFullTGDs	471		fullTGDs	5693			newNonFullTGDs	6608		newFullTGDs	0
nonFullTGDs	519		fullTGDs	5693			newNonFullTGDs	6560		newFullTGDs	0
nonFullTGDs	555		fullTGDs	5693			newNonFullTGDs	6524		newFullTGDs	0
nonFullTGDs	584		fullTGDs	5693			newNonFullTGDs	6495		newFullTGDs	0
nonFullTGDs	618		fullTGDs	5693			newNonFullTGDs	6461		newFullTGDs	0
nonFullTGDs	660		fullTGDs	5693			newNonFullTGDs	6419		newFullTGDs	0
nonFullTGDs	693		fullTGDs	5693			newNonFullTGDs	6386		newFullTGDs	0
nonFullTGDs	731		fullTGDs	5693			newNonFullTGDs	6348		newFullTGDs	0
nonFullTGDs	768		fullTGDs	5693			newNonFullTGDs	6311		newFullTGDs	0
nonFullTGDs	811		fullTGDs	5693			newNonFullTGDs	6268		newFullTGDs	0
nonFullTGDs	850		fullTGDs	5693			newNonFullTGDs	6229		newFullTGDs	0
nonFullTGDs	899		fullTGDs	5693			newNonFullTGDs	6180		newFullTGDs	0
nonFullTGDs	947		fullTGDs	5693			newNonFullTGDs	6132		newFullTGDs	0
nonFullTGDs	993		fullTGDs	5693			newNonFullTGDs	6086		newFullTGDs	0
nonFullTGDs	1039		fullTGDs	5693			newNonFullTGDs	6040		newFullTGDs	0
nonFullTGDs	1072		fullTGDs	5693			newNonFullTGDs	6007		newFullTGDs	0
nonFullTGDs	1113		fullTGDs	5693			newNonFullTGDs	5966		newFullTGDs	0
nonFullTGDs	1154		fullTGDs	5693			newNonFullTGDs	5925		newFullTGDs	0
nonFullTGDs	1193		fullTGDs	5693			newNonFullTGDs	5886		newFullTGDs	0
nonFullTGDs	1242		fullTGDs	5693			newNonFullTGDs	5837		newFullTGDs	0
nonFullTGDs	1291		fullTGDs	5693			newNonFullTGDs	5788		newFullTGDs	0
nonFullTGDs	1319		fullTGDs	5693			newNonFullTGDs	5760		newFullTGDs	0
nonFullTGDs	1339		fullTGDs	5693			newNonFullTGDs	5740		newFullTGDs	0
nonFullTGDs	1360		fullTGDs	5693			newNonFullTGDs	5719		newFullTGDs	0
nonFullTGDs	1385		fullTGDs	5693			newNonFullTGDs	5694		newFullTGDs	0
nonFullTGDs	1414		fullTGDs	5693			newNonFullTGDs	5665		newFullTGDs	0
nonFullTGDs	1436		fullTGDs	5693			newNonFullTGDs	5643		newFullTGDs	0
nonFullTGDs	1452		fullTGDs	5693			newNonFullTGDs	5627		newFullTGDs	0
nonFullTGDs	1471		fullTGDs	5693			newNonFullTGDs	5608		newFullTGDs	0
nonFullTGDs	1491		fullTGDs	5693			newNonFullTGDs	5588		newFullTGDs	0
nonFullTGDs	1512		fullTGDs	5693			newNonFullTGDs	5567		newFullTGDs	0
nonFullTGDs	1559		fullTGDs	5693			newNonFullTGDs	5520		newFullTGDs	0
nonFullTGDs	1604		fullTGDs	5693			newNonFullTGDs	5475		newFullTGDs	0
nonFullTGDs	1641		fullTGDs	5693			newNonFullTGDs	5438		newFullTGDs	0
nonFullTGDs	1668		fullTGDs	5693			newNonFullTGDs	5411		newFullTGDs	0
nonFullTGDs	1696		fullTGDs	5693			newNonFullTGDs	5383		newFullTGDs	0
nonFullTGDs	1718		fullTGDs	5693			newNonFullTGDs	5361		newFullTGDs	0
nonFullTGDs	1744		fullTGDs	5693			newNonFullTGDs	5335		newFullTGDs	0
nonFullTGDs	1769		fullTGDs	5693			newNonFullTGDs	5310		newFullTGDs	0
nonFullTGDs	1792		fullTGDs	5693			newNonFullTGDs	5287		newFullTGDs	0
nonFullTGDs	1816		fullTGDs	5693			newNonFullTGDs	5263		newFullTGDs	0
nonFullTGDs	1840		fullTGDs	5693			newNonFullTGDs	5239		newFullTGDs	0
nonFullTGDs	1862		fullTGDs	5693			newNonFullTGDs	5217		newFullTGDs	0
nonFullTGDs	1886		fullTGDs	5693			newNonFullTGDs	5193		newFullTGDs	0
nonFullTGDs	1913		fullTGDs	5693			newNonFullTGDs	5166		newFullTGDs	0
nonFullTGDs	1931		fullTGDs	5693			newNonFullTGDs	5148		newFullTGDs	0
nonFullTGDs	1958		fullTGDs	5693			newNonFullTGDs	5121		newFullTGDs	0
nonFullTGDs	1983		fullTGDs	5693			newNonFullTGDs	5096		newFullTGDs	0
nonFullTGDs	2006		fullTGDs	5693			newNonFullTGDs	5073		newFullTGDs	0
nonFullTGDs	2027		fullTGDs	5693			newNonFullTGDs	5052		newFullTGDs	0
nonFullTGDs	2051		fullTGDs	5693			newNonFullTGDs	5028		newFullTGDs	0
nonFullTGDs	2079		fullTGDs	5693			newNonFullTGDs	5000		newFullTGDs	0
nonFullTGDs	2114		fullTGDs	5693			newNonFullTGDs	4965		newFullTGDs	0
nonFullTGDs	2146		fullTGDs	5693			newNonFullTGDs	4933		newFullTGDs	0
nonFullTGDs	2181		fullTGDs	5693			newNonFullTGDs	4898		newFullTGDs	0
nonFullTGDs	2212		fullTGDs	5693			newNonFullTGDs	4867		newFullTGDs	0
nonFullTGDs	2231		fullTGDs	5693			newNonFullTGDs	4848		newFullTGDs	0
nonFullTGDs	2252		fullTGDs	5693			newNonFullTGDs	4827		newFullTGDs	0
nonFullTGDs	2273		fullTGDs	5693			newNonFullTGDs	4806		newFullTGDs	0
nonFullTGDs	2293		fullTGDs	5693			newNonFullTGDs	4786		newFullTGDs	0
nonFullTGDs	2315		fullTGDs	5693			newNonFullTGDs	4764		newFullTGDs	0
nonFullTGDs	2341		fullTGDs	5693			newNonFullTGDs	4738		newFullTGDs	0
nonFullTGDs	2366		fullTGDs	5693			newNonFullTGDs	4713		newFullTGDs	0
nonFullTGDs	2388		fullTGDs	5693			newNonFullTGDs	4691		newFullTGDs	0
nonFullTGDs	2414		fullTGDs	5693			newNonFullTGDs	4665		newFullTGDs	0
nonFullTGDs	2455		fullTGDs	5693			newNonFullTGDs	4624		newFullTGDs	0
nonFullTGDs	2495		fullTGDs	5693			newNonFullTGDs	4584		newFullTGDs	0
nonFullTGDs	2534		fullTGDs	5693			newNonFullTGDs	4545		newFullTGDs	0
nonFullTGDs	2565		fullTGDs	5693			newNonFullTGDs	4514		newFullTGDs	0
nonFullTGDs	2594		fullTGDs	5693			newNonFullTGDs	4485		newFullTGDs	0
nonFullTGDs	2620		fullTGDs	5693			newNonFullTGDs	4459		newFullTGDs	0
nonFullTGDs	2646		fullTGDs	5693			newNonFullTGDs	4433		newFullTGDs	0
nonFullTGDs	2668		fullTGDs	5693			newNonFullTGDs	4411		newFullTGDs	0
nonFullTGDs	2688		fullTGDs	5693			newNonFullTGDs	4391		newFullTGDs	0
nonFullTGDs	2709		fullTGDs	5693			newNonFullTGDs	4370		newFullTGDs	0
nonFullTGDs	2729		fullTGDs	5693			newNonFullTGDs	4350		newFullTGDs	0
nonFullTGDs	2748		fullTGDs	5693			newNonFullTGDs	4331		newFullTGDs	0
nonFullTGDs	2767		fullTGDs	5693			newNonFullTGDs	4312		newFullTGDs	0
nonFullTGDs	2790		fullTGDs	5693			newNonFullTGDs	4289		newFullTGDs	0
nonFullTGDs	2817		fullTGDs	5693			newNonFullTGDs	4262		newFullTGDs	0
nonFullTGDs	2866		fullTGDs	5693			newNonFullTGDs	4213		newFullTGDs	0
nonFullTGDs	2898		fullTGDs	5693			newNonFullTGDs	4181		newFullTGDs	0
nonFullTGDs	2932		fullTGDs	5693			newNonFullTGDs	4147		newFullTGDs	0
nonFullTGDs	2962		fullTGDs	5693			newNonFullTGDs	4117		newFullTGDs	0
nonFullTGDs	3009		fullTGDs	5693			newNonFullTGDs	4070		newFullTGDs	0
nonFullTGDs	3035		fullTGDs	5693			newNonFullTGDs	4044		newFullTGDs	0
nonFullTGDs	3068		fullTGDs	5693			newNonFullTGDs	4011		newFullTGDs	0
nonFullTGDs	3093		fullTGDs	5693			newNonFullTGDs	3986		newFullTGDs	0
nonFullTGDs	3116		fullTGDs	5693			newNonFullTGDs	3963		newFullTGDs	0
nonFullTGDs	3144		fullTGDs	5693			newNonFullTGDs	3935		newFullTGDs	0
nonFullTGDs	3174		fullTGDs	5693			newNonFullTGDs	3905		newFullTGDs	0
nonFullTGDs	3210		fullTGDs	5693			newNonFullTGDs	3869		newFullTGDs	0
nonFullTGDs	3248		fullTGDs	5693			newNonFullTGDs	3831		newFullTGDs	0
nonFullTGDs	3287		fullTGDs	5693			newNonFullTGDs	3792		newFullTGDs	0
nonFullTGDs	3324		fullTGDs	5693			newNonFullTGDs	3755		newFullTGDs	0
nonFullTGDs	3360		fullTGDs	5693			newNonFullTGDs	3719		newFullTGDs	0
nonFullTGDs	3394		fullTGDs	5693			newNonFullTGDs	3685		newFullTGDs	0
nonFullTGDs	3436		fullTGDs	5693			newNonFullTGDs	3643		newFullTGDs	0
nonFullTGDs	3460		fullTGDs	5693			newNonFullTGDs	3619		newFullTGDs	0
nonFullTGDs	3479		fullTGDs	5693			newNonFullTGDs	3600		newFullTGDs	0
nonFullTGDs	3504		fullTGDs	5693			newNonFullTGDs	3575		newFullTGDs	0
nonFullTGDs	3522		fullTGDs	5693			newNonFullTGDs	3557		newFullTGDs	0
nonFullTGDs	3547		fullTGDs	5693			newNonFullTGDs	3532		newFullTGDs	0
nonFullTGDs	3583		fullTGDs	5693			newNonFullTGDs	3496		newFullTGDs	0
nonFullTGDs	3611		fullTGDs	5693			newNonFullTGDs	3468		newFullTGDs	0
nonFullTGDs	3641		fullTGDs	5693			newNonFullTGDs	3438		newFullTGDs	0
nonFullTGDs	3669		fullTGDs	5693			newNonFullTGDs	3410		newFullTGDs	0
nonFullTGDs	3699		fullTGDs	5693			newNonFullTGDs	3380		newFullTGDs	0
nonFullTGDs	3723		fullTGDs	5693			newNonFullTGDs	3356		newFullTGDs	0
nonFullTGDs	3746		fullTGDs	5693			newNonFullTGDs	3333		newFullTGDs	0
nonFullTGDs	3764		fullTGDs	5693			newNonFullTGDs	3315		newFullTGDs	0
nonFullTGDs	3785		fullTGDs	5693			newNonFullTGDs	3294		newFullTGDs	0
nonFullTGDs	3804		fullTGDs	5693			newNonFullTGDs	3275		newFullTGDs	0
nonFullTGDs	3826		fullTGDs	5693			newNonFullTGDs	3253		newFullTGDs	0
nonFullTGDs	3854		fullTGDs	5693			newNonFullTGDs	3225		newFullTGDs	0
nonFullTGDs	3881		fullTGDs	5693			newNonFullTGDs	3198		newFullTGDs	0
nonFullTGDs	3909		fullTGDs	5693			newNonFullTGDs	3170		newFullTGDs	0
nonFullTGDs	3936		fullTGDs	5693			newNonFullTGDs	3143		newFullTGDs	0
nonFullTGDs	3962		fullTGDs	5693			newNonFullTGDs	3117		newFullTGDs	0
nonFullTGDs	3988		fullTGDs	5693			newNonFullTGDs	3091		newFullTGDs	0
nonFullTGDs	4012		fullTGDs	5693			newNonFullTGDs	3067		newFullTGDs	0
nonFullTGDs	4035		fullTGDs	5693			newNonFullTGDs	3044		newFullTGDs	0
nonFullTGDs	4062		fullTGDs	5693			newNonFullTGDs	3017		newFullTGDs	0
nonFullTGDs	4089		fullTGDs	5693			newNonFullTGDs	2990		newFullTGDs	0
nonFullTGDs	4127		fullTGDs	5693			newNonFullTGDs	2952		newFullTGDs	0
nonFullTGDs	4159		fullTGDs	5693			newNonFullTGDs	2920		newFullTGDs	0
nonFullTGDs	4195		fullTGDs	5693			newNonFullTGDs	2884		newFullTGDs	0
nonFullTGDs	4220		fullTGDs	5693			newNonFullTGDs	2859		newFullTGDs	0
nonFullTGDs	4243		fullTGDs	5693			newNonFullTGDs	2836		newFullTGDs	0
nonFullTGDs	4263		fullTGDs	5693			newNonFullTGDs	2816		newFullTGDs	0
nonFullTGDs	4283		fullTGDs	5693			newNonFullTGDs	2796		newFullTGDs	0
nonFullTGDs	4307		fullTGDs	5693			newNonFullTGDs	2772		newFullTGDs	0
nonFullTGDs	4327		fullTGDs	5693			newNonFullTGDs	2752		newFullTGDs	0
nonFullTGDs	4347		fullTGDs	5693			newNonFullTGDs	2732		newFullTGDs	0
nonFullTGDs	4367		fullTGDs	5693			newNonFullTGDs	2712		newFullTGDs	0
nonFullTGDs	4387		fullTGDs	5693			newNonFullTGDs	2692		newFullTGDs	0
nonFullTGDs	4411		fullTGDs	5693			newNonFullTGDs	2668		newFullTGDs	0
nonFullTGDs	4431		fullTGDs	5693			newNonFullTGDs	2648		newFullTGDs	0
nonFullTGDs	4451		fullTGDs	5693			newNonFullTGDs	2628		newFullTGDs	0
nonFullTGDs	4471		fullTGDs	5693			newNonFullTGDs	2608		newFullTGDs	0
nonFullTGDs	4491		fullTGDs	5693			newNonFullTGDs	2588		newFullTGDs	0
nonFullTGDs	4515		fullTGDs	5693			newNonFullTGDs	2564		newFullTGDs	0
nonFullTGDs	4535		fullTGDs	5693			newNonFullTGDs	2544		newFullTGDs	0
nonFullTGDs	4554		fullTGDs	5693			newNonFullTGDs	2525		newFullTGDs	0
nonFullTGDs	4575		fullTGDs	5693			newNonFullTGDs	2504		newFullTGDs	0
nonFullTGDs	4595		fullTGDs	5693			newNonFullTGDs	2484		newFullTGDs	0
nonFullTGDs	4619		fullTGDs	5693			newNonFullTGDs	2460		newFullTGDs	0
nonFullTGDs	4639		fullTGDs	5693			newNonFullTGDs	2440		newFullTGDs	0
nonFullTGDs	4663		fullTGDs	5693			newNonFullTGDs	2416		newFullTGDs	0
nonFullTGDs	4689		fullTGDs	5693			newNonFullTGDs	2390		newFullTGDs	0
nonFullTGDs	4716		fullTGDs	5693			newNonFullTGDs	2363		newFullTGDs	0
nonFullTGDs	4745		fullTGDs	5693			newNonFullTGDs	2334		newFullTGDs	0
nonFullTGDs	4772		fullTGDs	5693			newNonFullTGDs	2307		newFullTGDs	0
nonFullTGDs	4801		fullTGDs	5693			newNonFullTGDs	2278		newFullTGDs	0
nonFullTGDs	4830		fullTGDs	5693			newNonFullTGDs	2249		newFullTGDs	0
nonFullTGDs	4865		fullTGDs	5693			newNonFullTGDs	2214		newFullTGDs	0
nonFullTGDs	4892		fullTGDs	5693			newNonFullTGDs	2187		newFullTGDs	0
nonFullTGDs	4923		fullTGDs	5693			newNonFullTGDs	2156		newFullTGDs	0
nonFullTGDs	4952		fullTGDs	5693			newNonFullTGDs	2127		newFullTGDs	0
nonFullTGDs	4984		fullTGDs	5693			newNonFullTGDs	2095		newFullTGDs	0
nonFullTGDs	5006		fullTGDs	5693			newNonFullTGDs	2073		newFullTGDs	0
nonFullTGDs	5030		fullTGDs	5693			newNonFullTGDs	2049		newFullTGDs	0
nonFullTGDs	5055		fullTGDs	5693			newNonFullTGDs	2024		newFullTGDs	0
nonFullTGDs	5095		fullTGDs	5693			newNonFullTGDs	1984		newFullTGDs	0
nonFullTGDs	5132		fullTGDs	5693			newNonFullTGDs	1947		newFullTGDs	0
nonFullTGDs	5166		fullTGDs	5693			newNonFullTGDs	1913		newFullTGDs	0
nonFullTGDs	5198		fullTGDs	5693			newNonFullTGDs	1881		newFullTGDs	0
nonFullTGDs	5234		fullTGDs	5693			newNonFullTGDs	1845		newFullTGDs	0
nonFullTGDs	5262		fullTGDs	5693			newNonFullTGDs	1817		newFullTGDs	0
nonFullTGDs	5289		fullTGDs	5693			newNonFullTGDs	1790		newFullTGDs	0
nonFullTGDs	5316		fullTGDs	5693			newNonFullTGDs	1763		newFullTGDs	0
nonFullTGDs	5338		fullTGDs	5693			newNonFullTGDs	1741		newFullTGDs	0
nonFullTGDs	5368		fullTGDs	5693			newNonFullTGDs	1711		newFullTGDs	0
nonFullTGDs	5395		fullTGDs	5693			newNonFullTGDs	1684		newFullTGDs	0
nonFullTGDs	5420		fullTGDs	5693			newNonFullTGDs	1659		newFullTGDs	0
nonFullTGDs	5442		fullTGDs	5693			newNonFullTGDs	1637		newFullTGDs	0
nonFullTGDs	5464		fullTGDs	5693			newNonFullTGDs	1615		newFullTGDs	0
nonFullTGDs	5489		fullTGDs	5693			newNonFullTGDs	1590		newFullTGDs	0
nonFullTGDs	5513		fullTGDs	5693			newNonFullTGDs	1566		newFullTGDs	0
nonFullTGDs	5537		fullTGDs	5693			newNonFullTGDs	1542		newFullTGDs	0
nonFullTGDs	5559		fullTGDs	5693			newNonFullTGDs	1520		newFullTGDs	0
nonFullTGDs	5583		fullTGDs	5693			newNonFullTGDs	1496		newFullTGDs	0
nonFullTGDs	5606		fullTGDs	5693			newNonFullTGDs	1473		newFullTGDs	0
nonFullTGDs	5636		fullTGDs	5693			newNonFullTGDs	1443		newFullTGDs	0
nonFullTGDs	5664		fullTGDs	5693			newNonFullTGDs	1415		newFullTGDs	0
nonFullTGDs	5692		fullTGDs	5693			newNonFullTGDs	1387		newFullTGDs	0
nonFullTGDs	5714		fullTGDs	5693			newNonFullTGDs	1365		newFullTGDs	0
nonFullTGDs	5747		fullTGDs	5693			newNonFullTGDs	1332		newFullTGDs	0
nonFullTGDs	5785		fullTGDs	5693			newNonFullTGDs	1294		newFullTGDs	0
nonFullTGDs	5815		fullTGDs	5693			newNonFullTGDs	1264		newFullTGDs	0
nonFullTGDs	5849		fullTGDs	5693			newNonFullTGDs	1230		newFullTGDs	0
nonFullTGDs	5892		fullTGDs	5693			newNonFullTGDs	1187		newFullTGDs	0
nonFullTGDs	5914		fullTGDs	5693			newNonFullTGDs	1165		newFullTGDs	0
nonFullTGDs	5931		fullTGDs	5693			newNonFullTGDs	1148		newFullTGDs	0
nonFullTGDs	5946		fullTGDs	5693			newNonFullTGDs	1133		newFullTGDs	0
nonFullTGDs	5958		fullTGDs	5693			newNonFullTGDs	1121		newFullTGDs	0
nonFullTGDs	5970		fullTGDs	5693			newNonFullTGDs	1109		newFullTGDs	0
nonFullTGDs	5981		fullTGDs	5693			newNonFullTGDs	1098		newFullTGDs	0
nonFullTGDs	5997		fullTGDs	5693			newNonFullTGDs	1082		newFullTGDs	0
nonFullTGDs	6018		fullTGDs	5693			newNonFullTGDs	1061		newFullTGDs	0
nonFullTGDs	6038		fullTGDs	5693			newNonFullTGDs	1041		newFullTGDs	0
nonFullTGDs	6061		fullTGDs	5693			newNonFullTGDs	1018		newFullTGDs	0
nonFullTGDs	6083		fullTGDs	5693			newNonFullTGDs	996		newFullTGDs	0
nonFullTGDs	6103		fullTGDs	5693			newNonFullTGDs	976		newFullTGDs	0
nonFullTGDs	6125		fullTGDs	5693			newNonFullTGDs	954		newFullTGDs	0
nonFullTGDs	6152		fullTGDs	5693			newNonFullTGDs	927		newFullTGDs	0
nonFullTGDs	6176		fullTGDs	5693			newNonFullTGDs	903		newFullTGDs	0
nonFullTGDs	6208		fullTGDs	5693			newNonFullTGDs	871		newFullTGDs	0
nonFullTGDs	6236		fullTGDs	5693			newNonFullTGDs	843		newFullTGDs	0
nonFullTGDs	6282		fullTGDs	5693			newNonFullTGDs	797		newFullTGDs	0
nonFullTGDs	6308		fullTGDs	5693			newNonFullTGDs	771		newFullTGDs	0
nonFullTGDs	6318		fullTGDs	5693			newNonFullTGDs	761		newFullTGDs	0
nonFullTGDs	6326		fullTGDs	5693			newNonFullTGDs	753		newFullTGDs	0
nonFullTGDs	6342		fullTGDs	5693			newNonFullTGDs	737		newFullTGDs	0
nonFullTGDs	6363		fullTGDs	5693			newNonFullTGDs	716		newFullTGDs	0
nonFullTGDs	6391		fullTGDs	5693			newNonFullTGDs	688		newFullTGDs	0
nonFullTGDs	6412		fullTGDs	5693			newNonFullTGDs	667		newFullTGDs	0
nonFullTGDs	6435		fullTGDs	5693			newNonFullTGDs	644		newFullTGDs	0
nonFullTGDs	6460		fullTGDs	5693			newNonFullTGDs	619		newFullTGDs	0
nonFullTGDs	6483		fullTGDs	5693			newNonFullTGDs	596		newFullTGDs	0
nonFullTGDs	6514		fullTGDs	5693			newNonFullTGDs	565		newFullTGDs	0
nonFullTGDs	6543		fullTGDs	5693			newNonFullTGDs	536		newFullTGDs	0
nonFullTGDs	6569		fullTGDs	5693			newNonFullTGDs	510		newFullTGDs	0
nonFullTGDs	6607		fullTGDs	5693			newNonFullTGDs	472		newFullTGDs	0
nonFullTGDs	6630		fullTGDs	5693			newNonFullTGDs	449		newFullTGDs	0
nonFullTGDs	6659		fullTGDs	5693			newNonFullTGDs	420		newFullTGDs	0
nonFullTGDs	6690		fullTGDs	5693			newNonFullTGDs	389		newFullTGDs	0
nonFullTGDs	6722		fullTGDs	5693			newNonFullTGDs	357		newFullTGDs	0
nonFullTGDs	6741		fullTGDs	5693			newNonFullTGDs	338		newFullTGDs	0
nonFullTGDs	6764		fullTGDs	5693			newNonFullTGDs	315		newFullTGDs	0
nonFullTGDs	6791		fullTGDs	5693			newNonFullTGDs	288		newFullTGDs	0
nonFullTGDs	6813		fullTGDs	5693			newNonFullTGDs	266		newFullTGDs	0
nonFullTGDs	6834		fullTGDs	5693			newNonFullTGDs	245		newFullTGDs	0
nonFullTGDs	6856		fullTGDs	5693			newNonFullTGDs	223		newFullTGDs	0
nonFullTGDs	6880		fullTGDs	5693			newNonFullTGDs	199		newFullTGDs	0
nonFullTGDs	6899		fullTGDs	5693			newNonFullTGDs	180		newFullTGDs	0
nonFullTGDs	6924		fullTGDs	5693			newNonFullTGDs	155		newFullTGDs	0
nonFullTGDs	6942		fullTGDs	5693			newNonFullTGDs	137		newFullTGDs	0
nonFullTGDs	6961		fullTGDs	5693			newNonFullTGDs	118		newFullTGDs	0
nonFullTGDs	6975		fullTGDs	5693			newNonFullTGDs	104		newFullTGDs	0
nonFullTGDs	6989		fullTGDs	5693			newNonFullTGDs	90		newFullTGDs	0
nonFullTGDs	7003		fullTGDs	5693			newNonFullTGDs	76		newFullTGDs	0
nonFullTGDs	7022		fullTGDs	5693			newNonFullTGDs	57		newFullTGDs	0
nonFullTGDs	7040		fullTGDs	5693			newNonFullTGDs	39		newFullTGDs	0
Nov 12, 2021 9:19:28 AM uk.ac.ox.cs.gsat.SaturationStatistics log
INFO: # initial TGDs: 5693 , 7079
Nov 12, 2021 9:19:28 AM uk.ac.ox.cs.gsat.SaturationStatistics log
INFO: GSat total time : 3234 ms = 3.23 s
Nov 12, 2021 9:19:28 AM uk.ac.ox.cs.gsat.SaturationStatistics log
INFO: Subsumed elements : 18319
Nov 12, 2021 9:19:28 AM uk.ac.ox.cs.gsat.SaturationStatistics log
INFO: Filter discarded elements : 1414688
Nov 12, 2021 9:19:28 AM uk.ac.ox.cs.gsat.SaturationStatistics log
INFO: subsumption time: 530 ms = 0.53 s
Nov 12, 2021 9:19:28 AM uk.ac.ox.cs.gsat.SaturationStatistics log
INFO: forward subsumption time: 270 ms = 0.27 s
Nov 12, 2021 9:19:28 AM uk.ac.ox.cs.gsat.SaturationStatistics log
INFO: backward subsumption time: 259 ms = 0.26 s
Nov 12, 2021 9:19:28 AM uk.ac.ox.cs.gsat.SaturationStatistics log
INFO: Derived full/non full TGDs: 0 , 18319
Nov 12, 2021 9:19:28 AM uk.ac.ox.cs.gsat.SaturationStatistics log
INFO: discarded tautology count: 0
Nov 12, 2021 9:19:28 AM uk.ac.ox.cs.gsat.EvolveStatistics log
INFO: Stop because subsumed: 18319
Nov 12, 2021 9:19:28 AM uk.ac.ox.cs.gsat.EvolveStatistics log
INFO: evolved equals to current: 0
Nov 12, 2021 9:19:28 AM uk.ac.ox.cs.gsat.EvolveStatistics log
INFO: evolved time: 1487 ms = 1.49 s
Nov 12, 2021 9:19:28 AM uk.ac.ox.cs.gsat.EvolveStatistics log
INFO: evolve count: 76738
Nov 12, 2021 9:19:28 AM uk.ac.ox.cs.gsat.AbstractSaturation run
INFO: ouptput full TGDs not contained in the input: 0
Nov 12, 2021 9:19:28 AM uk.ac.ox.cs.gsat.App executeAllSteps
INFO: Rewriting completed!
Full TGD saturation: (5693 dependecies)
Nov 12, 2021 9:19:28 AM uk.ac.ox.cs.gsat.App executeAllSteps
INFO: Writing the saturation in the Datalog file 00670.rul
