Starting Saturation...
Executing from DLGP files
SLF4J: Failed to load class "org.slf4j.impl.StaticLoggerBinder".
SLF4J: Defaulting to no-operation (NOP) logger implementation
SLF4J: See http://www.slf4j.org/codes.html#StaticLoggerBinder for further details.
# Rules: 880; # Atoms: 0; # AtomSets: 0; # Queries: 0; # Constraints: 0
Full TGD saturation algorithm: GSat
Running GSat...
Nov 12, 2021 9:50:07 AM uk.ac.ox.cs.gsat.AbstractSaturation run
INFO: GSat discarded rules : 0/880 = 0.000%
GSat discarded rules : 0/880 = 0.000%
Nov 12, 2021 9:50:07 AM uk.ac.ox.cs.gsat.AbstractSaturation run
INFO: Subsumption method : tree_predicate
length of the formulas: 3.9306817
number of bags: 2
length of the formulas: 3.9306817
number of bags: 2
nonFullTGDs	0		fullTGDs	425			newNonFullTGDs	455		newFullTGDs	0
nonFullTGDs	26		fullTGDs	425			newNonFullTGDs	448		newFullTGDs	0
nonFullTGDs	54		fullTGDs	425			newNonFullTGDs	434		newFullTGDs	0
nonFullTGDs	79		fullTGDs	425			newNonFullTGDs	434		newFullTGDs	0
nonFullTGDs	100		fullTGDs	425			newNonFullTGDs	425		newFullTGDs	0
nonFullTGDs	118		fullTGDs	425			newNonFullTGDs	413		newFullTGDs	0
nonFullTGDs	131		fullTGDs	425			newNonFullTGDs	400		newFullTGDs	0
nonFullTGDs	146		fullTGDs	425			newNonFullTGDs	387		newFullTGDs	0
nonFullTGDs	164		fullTGDs	425			newNonFullTGDs	373		newFullTGDs	0
nonFullTGDs	178		fullTGDs	425			newNonFullTGDs	359		newFullTGDs	0
nonFullTGDs	193		fullTGDs	425			newNonFullTGDs	344		newFullTGDs	0
nonFullTGDs	208		fullTGDs	425			newNonFullTGDs	329		newFullTGDs	0
nonFullTGDs	223		fullTGDs	425			newNonFullTGDs	314		newFullTGDs	0
nonFullTGDs	238		fullTGDs	425			newNonFullTGDs	299		newFullTGDs	0
nonFullTGDs	253		fullTGDs	425			newNonFullTGDs	284		newFullTGDs	0
nonFullTGDs	269		fullTGDs	425			newNonFullTGDs	268		newFullTGDs	0
nonFullTGDs	286		fullTGDs	425			newNonFullTGDs	251		newFullTGDs	0
nonFullTGDs	302		fullTGDs	425			newNonFullTGDs	235		newFullTGDs	0
nonFullTGDs	319		fullTGDs	425			newNonFullTGDs	218		newFullTGDs	0
nonFullTGDs	336		fullTGDs	425			newNonFullTGDs	201		newFullTGDs	0
nonFullTGDs	378		fullTGDs	425			newNonFullTGDs	159		newFullTGDs	0
nonFullTGDs	428		fullTGDs	425			newNonFullTGDs	109		newFullTGDs	0
nonFullTGDs	478		fullTGDs	425			newNonFullTGDs	59		newFullTGDs	0
nonFullTGDs	528		fullTGDs	425			newNonFullTGDs	9		newFullTGDs	0
Nov 12, 2021 9:50:14 AM uk.ac.ox.cs.gsat.SaturationStatistics log
INFO: # initial TGDs: 425 , 455
Nov 12, 2021 9:50:14 AM uk.ac.ox.cs.gsat.SaturationStatistics log
INFO: GSat total time : 6873 ms = 6.87 s
Nov 12, 2021 9:50:14 AM uk.ac.ox.cs.gsat.SaturationStatistics log
INFO: Subsumed elements : 2712
Nov 12, 2021 9:50:14 AM uk.ac.ox.cs.gsat.SaturationStatistics log
INFO: Filter discarded elements : 1003177
Nov 12, 2021 9:50:14 AM uk.ac.ox.cs.gsat.SaturationStatistics log
INFO: subsumption time: 127 ms = 0.13 s
Nov 12, 2021 9:50:14 AM uk.ac.ox.cs.gsat.SaturationStatistics log
INFO: forward subsumption time: 77 ms = 0.08 s
Nov 12, 2021 9:50:14 AM uk.ac.ox.cs.gsat.SaturationStatistics log
INFO: backward subsumption time: 50 ms = 0.05 s
Nov 12, 2021 9:50:14 AM uk.ac.ox.cs.gsat.SaturationStatistics log
INFO: Derived full/non full TGDs: 164 , 2630
Nov 12, 2021 9:50:14 AM uk.ac.ox.cs.gsat.SaturationStatistics log
INFO: discarded tautology count: 0
Nov 12, 2021 9:50:14 AM uk.ac.ox.cs.gsat.EvolveStatistics log
INFO: Stop because subsumed: 1633
Nov 12, 2021 9:50:14 AM uk.ac.ox.cs.gsat.EvolveStatistics log
INFO: evolved equals to current: 713
Nov 12, 2021 9:50:14 AM uk.ac.ox.cs.gsat.EvolveStatistics log
INFO: evolved time: 5015 ms = 5.02 s
Nov 12, 2021 9:50:14 AM uk.ac.ox.cs.gsat.EvolveStatistics log
INFO: evolve count: 150804
Nov 12, 2021 9:50:14 AM uk.ac.ox.cs.gsat.AbstractSaturation run
INFO: ouptput full TGDs not contained in the input: 0
Nov 12, 2021 9:50:14 AM uk.ac.ox.cs.gsat.App executeAllSteps
INFO: Rewriting completed!
Full TGD saturation: (425 dependecies)
Nov 12, 2021 9:50:14 AM uk.ac.ox.cs.gsat.App executeAllSteps
INFO: Writing the saturation in the Datalog file 00713.rul
