Starting Saturation...
Executing from DLGP files
SLF4J: Failed to load class "org.slf4j.impl.StaticLoggerBinder".
SLF4J: Defaulting to no-operation (NOP) logger implementation
SLF4J: See http://www.slf4j.org/codes.html#StaticLoggerBinder for further details.
# Rules: 1775; # Atoms: 0; # AtomSets: 0; # Queries: 0; # Constraints: 0
Full TGD saturation algorithm: GSat
Running GSat...
Nov 12, 2021 9:51:47 AM uk.ac.ox.cs.gsat.AbstractSaturation run
INFO: GSat discarded rules : 0/1775 = 0.000%
GSat discarded rules : 0/1775 = 0.000%
Nov 12, 2021 9:51:47 AM uk.ac.ox.cs.gsat.AbstractSaturation run
INFO: Subsumption method : tree_predicate
length of the formulas: 3.6777465
number of bags: 3
length of the formulas: 3.6777465
number of bags: 3
nonFullTGDs	0		fullTGDs	947			newNonFullTGDs	828		newFullTGDs	0
nonFullTGDs	23		fullTGDs	947			newNonFullTGDs	823		newFullTGDs	0
nonFullTGDs	49		fullTGDs	947			newNonFullTGDs	806		newFullTGDs	0
nonFullTGDs	88		fullTGDs	947			newNonFullTGDs	799		newFullTGDs	0
nonFullTGDs	103		fullTGDs	947			newNonFullTGDs	786		newFullTGDs	0
nonFullTGDs	116		fullTGDs	947			newNonFullTGDs	773		newFullTGDs	0
nonFullTGDs	130		fullTGDs	947			newNonFullTGDs	759		newFullTGDs	0
nonFullTGDs	145		fullTGDs	947			newNonFullTGDs	750		newFullTGDs	0
nonFullTGDs	166		fullTGDs	947			newNonFullTGDs	732		newFullTGDs	0
nonFullTGDs	181		fullTGDs	947			newNonFullTGDs	719		newFullTGDs	0
nonFullTGDs	196		fullTGDs	947			newNonFullTGDs	704		newFullTGDs	0
nonFullTGDs	210		fullTGDs	947			newNonFullTGDs	690		newFullTGDs	0
nonFullTGDs	225		fullTGDs	947			newNonFullTGDs	675		newFullTGDs	0
nonFullTGDs	239		fullTGDs	947			newNonFullTGDs	661		newFullTGDs	0
nonFullTGDs	255		fullTGDs	947			newNonFullTGDs	645		newFullTGDs	0
nonFullTGDs	270		fullTGDs	947			newNonFullTGDs	630		newFullTGDs	0
nonFullTGDs	285		fullTGDs	947			newNonFullTGDs	615		newFullTGDs	0
nonFullTGDs	300		fullTGDs	947			newNonFullTGDs	600		newFullTGDs	0
nonFullTGDs	315		fullTGDs	947			newNonFullTGDs	585		newFullTGDs	0
nonFullTGDs	330		fullTGDs	947			newNonFullTGDs	570		newFullTGDs	0
nonFullTGDs	346		fullTGDs	947			newNonFullTGDs	554		newFullTGDs	0
nonFullTGDs	362		fullTGDs	947			newNonFullTGDs	538		newFullTGDs	0
nonFullTGDs	379		fullTGDs	947			newNonFullTGDs	521		newFullTGDs	0
nonFullTGDs	396		fullTGDs	947			newNonFullTGDs	504		newFullTGDs	0
nonFullTGDs	412		fullTGDs	947			newNonFullTGDs	488		newFullTGDs	0
nonFullTGDs	429		fullTGDs	947			newNonFullTGDs	471		newFullTGDs	0
nonFullTGDs	446		fullTGDs	947			newNonFullTGDs	454		newFullTGDs	0
nonFullTGDs	462		fullTGDs	947			newNonFullTGDs	438		newFullTGDs	0
nonFullTGDs	479		fullTGDs	947			newNonFullTGDs	421		newFullTGDs	0
nonFullTGDs	496		fullTGDs	947			newNonFullTGDs	404		newFullTGDs	0
nonFullTGDs	512		fullTGDs	947			newNonFullTGDs	388		newFullTGDs	0
nonFullTGDs	529		fullTGDs	947			newNonFullTGDs	371		newFullTGDs	0
nonFullTGDs	546		fullTGDs	947			newNonFullTGDs	354		newFullTGDs	0
nonFullTGDs	562		fullTGDs	947			newNonFullTGDs	338		newFullTGDs	0
nonFullTGDs	579		fullTGDs	947			newNonFullTGDs	321		newFullTGDs	0
nonFullTGDs	596		fullTGDs	947			newNonFullTGDs	304		newFullTGDs	0
nonFullTGDs	612		fullTGDs	947			newNonFullTGDs	288		newFullTGDs	0
nonFullTGDs	629		fullTGDs	947			newNonFullTGDs	271		newFullTGDs	0
nonFullTGDs	654		fullTGDs	947			newNonFullTGDs	246		newFullTGDs	0
nonFullTGDs	704		fullTGDs	947			newNonFullTGDs	196		newFullTGDs	0
nonFullTGDs	754		fullTGDs	947			newNonFullTGDs	146		newFullTGDs	0
nonFullTGDs	804		fullTGDs	947			newNonFullTGDs	96		newFullTGDs	0
nonFullTGDs	854		fullTGDs	947			newNonFullTGDs	46		newFullTGDs	0
Nov 12, 2021 9:51:59 AM uk.ac.ox.cs.gsat.SaturationStatistics log
INFO: # initial TGDs: 947 , 828
Nov 12, 2021 9:51:59 AM uk.ac.ox.cs.gsat.SaturationStatistics log
INFO: GSat total time : 11487 ms = 11.49 s
Nov 12, 2021 9:51:59 AM uk.ac.ox.cs.gsat.SaturationStatistics log
INFO: Subsumed elements : 4028
Nov 12, 2021 9:51:59 AM uk.ac.ox.cs.gsat.SaturationStatistics log
INFO: Filter discarded elements : 1742804
Nov 12, 2021 9:51:59 AM uk.ac.ox.cs.gsat.SaturationStatistics log
INFO: subsumption time: 197 ms = 0.20 s
Nov 12, 2021 9:51:59 AM uk.ac.ox.cs.gsat.SaturationStatistics log
INFO: forward subsumption time: 103 ms = 0.10 s
Nov 12, 2021 9:51:59 AM uk.ac.ox.cs.gsat.SaturationStatistics log
INFO: backward subsumption time: 94 ms = 0.09 s
Nov 12, 2021 9:51:59 AM uk.ac.ox.cs.gsat.SaturationStatistics log
INFO: Derived full/non full TGDs: 216 , 3884
Nov 12, 2021 9:51:59 AM uk.ac.ox.cs.gsat.SaturationStatistics log
INFO: discarded tautology count: 0
Nov 12, 2021 9:51:59 AM uk.ac.ox.cs.gsat.EvolveStatistics log
INFO: Stop because subsumed: 3329
Nov 12, 2021 9:51:59 AM uk.ac.ox.cs.gsat.EvolveStatistics log
INFO: evolved equals to current: 1146
Nov 12, 2021 9:51:59 AM uk.ac.ox.cs.gsat.EvolveStatistics log
INFO: evolved time: 7635 ms = 7.63 s
Nov 12, 2021 9:51:59 AM uk.ac.ox.cs.gsat.EvolveStatistics log
INFO: evolve count: 301749
Nov 12, 2021 9:51:59 AM uk.ac.ox.cs.gsat.AbstractSaturation run
INFO: ouptput full TGDs not contained in the input: 0
Nov 12, 2021 9:51:59 AM uk.ac.ox.cs.gsat.App executeAllSteps
INFO: Rewriting completed!
Full TGD saturation: (947 dependecies)
Nov 12, 2021 9:51:59 AM uk.ac.ox.cs.gsat.App executeAllSteps
INFO: Writing the saturation in the Datalog file 00724.rul
