Starting Saturation...
Executing from DLGP files
SLF4J: Failed to load class "org.slf4j.impl.StaticLoggerBinder".
SLF4J: Defaulting to no-operation (NOP) logger implementation
SLF4J: See http://www.slf4j.org/codes.html#StaticLoggerBinder for further details.
# Rules: 155241; # Atoms: 0; # AtomSets: 0; # Queries: 0; # Constraints: 0
Full TGD saturation algorithm: GSat
Running GSat...
Nov 12, 2021 10:45:43 AM uk.ac.ox.cs.gsat.AbstractSaturation run
INFO: GSat discarded rules : 0/155241 = 0.000%
GSat discarded rules : 0/155241 = 0.000%
Nov 12, 2021 10:45:45 AM uk.ac.ox.cs.gsat.AbstractSaturation run
INFO: Subsumption method : tree_predicate
length of the formulas: 2.8610482
number of bags: 25
length of the formulas: 2.8610482
number of bags: 25
nonFullTGDs	0		fullTGDs	113187			newNonFullTGDs	42054		newFullTGDs	0
nonFullTGDs	10		fullTGDs	113187			newNonFullTGDs	42044		newFullTGDs	70
nonFullTGDs	20		fullTGDs	113187			newNonFullTGDs	42034		newFullTGDs	142
nonFullTGDs	30		fullTGDs	113187			newNonFullTGDs	42024		newFullTGDs	206
nonFullTGDs	44		fullTGDs	113187			newNonFullTGDs	42010		newFullTGDs	280
nonFullTGDs	55		fullTGDs	113187			newNonFullTGDs	41999		newFullTGDs	344
nonFullTGDs	62		fullTGDs	113187			newNonFullTGDs	41992		newFullTGDs	412
nonFullTGDs	69		fullTGDs	113187			newNonFullTGDs	41985		newFullTGDs	478
nonFullTGDs	76		fullTGDs	113187			newNonFullTGDs	41978		newFullTGDs	554
nonFullTGDs	83		fullTGDs	113187			newNonFullTGDs	41971		newFullTGDs	626
nonFullTGDs	89		fullTGDs	113187			newNonFullTGDs	41965		newFullTGDs	702
nonFullTGDs	97		fullTGDs	113187			newNonFullTGDs	41957		newFullTGDs	770
nonFullTGDs	104		fullTGDs	113187			newNonFullTGDs	41950		newFullTGDs	852
nonFullTGDs	113		fullTGDs	113187			newNonFullTGDs	41941		newFullTGDs	930
nonFullTGDs	122		fullTGDs	113187			newNonFullTGDs	41932		newFullTGDs	998
nonFullTGDs	131		fullTGDs	113187			newNonFullTGDs	41923		newFullTGDs	1062
nonFullTGDs	139		fullTGDs	113187			newNonFullTGDs	41915		newFullTGDs	1112
nonFullTGDs	149		fullTGDs	113187			newNonFullTGDs	41905		newFullTGDs	1172
nonFullTGDs	157		fullTGDs	113187			newNonFullTGDs	41897		newFullTGDs	1248
nonFullTGDs	164		fullTGDs	113187			newNonFullTGDs	41890		newFullTGDs	1324
nonFullTGDs	174		fullTGDs	113187			newNonFullTGDs	41880		newFullTGDs	1392
nonFullTGDs	181		fullTGDs	113187			newNonFullTGDs	41873		newFullTGDs	1476
nonFullTGDs	191		fullTGDs	113187			newNonFullTGDs	41863		newFullTGDs	1560
nonFullTGDs	197		fullTGDs	113187			newNonFullTGDs	41857		newFullTGDs	1642
nonFullTGDs	202		fullTGDs	113187			newNonFullTGDs	41851		newFullTGDs	1688
nonFullTGDs	215		fullTGDs	113187			newNonFullTGDs	41838		newFullTGDs	1762
nonFullTGDs	222		fullTGDs	113187			newNonFullTGDs	41831		newFullTGDs	1838
nonFullTGDs	228		fullTGDs	113187			newNonFullTGDs	41825		newFullTGDs	1906
nonFullTGDs	233		fullTGDs	113187			newNonFullTGDs	41820		newFullTGDs	1966
nonFullTGDs	241		fullTGDs	113187			newNonFullTGDs	41812		newFullTGDs	2052
nonFullTGDs	249		fullTGDs	113187			newNonFullTGDs	41804		newFullTGDs	2122
nonFullTGDs	257		fullTGDs	113187			newNonFullTGDs	41796		newFullTGDs	2212
nonFullTGDs	267		fullTGDs	113187			newNonFullTGDs	41786		newFullTGDs	2280
nonFullTGDs	275		fullTGDs	113187			newNonFullTGDs	41778		newFullTGDs	2356
nonFullTGDs	280		fullTGDs	113187			newNonFullTGDs	41772		newFullTGDs	2450
nonFullTGDs	288		fullTGDs	113187			newNonFullTGDs	41764		newFullTGDs	2522
nonFullTGDs	295		fullTGDs	113187			newNonFullTGDs	41757		newFullTGDs	2592
nonFullTGDs	304		fullTGDs	113187			newNonFullTGDs	41748		newFullTGDs	2668
nonFullTGDs	314		fullTGDs	113187			newNonFullTGDs	41738		newFullTGDs	2742
nonFullTGDs	323		fullTGDs	113187			newNonFullTGDs	41729		newFullTGDs	2804
nonFullTGDs	331		fullTGDs	113187			newNonFullTGDs	41721		newFullTGDs	2870
nonFullTGDs	339		fullTGDs	113187			newNonFullTGDs	41713		newFullTGDs	2922
nonFullTGDs	348		fullTGDs	113187			newNonFullTGDs	41704		newFullTGDs	3002
nonFullTGDs	361		fullTGDs	113187			newNonFullTGDs	41691		newFullTGDs	3074
nonFullTGDs	372		fullTGDs	113187			newNonFullTGDs	41680		newFullTGDs	3142
nonFullTGDs	381		fullTGDs	113187			newNonFullTGDs	41671		newFullTGDs	3228
nonFullTGDs	392		fullTGDs	113187			newNonFullTGDs	41660		newFullTGDs	3302
nonFullTGDs	404		fullTGDs	113187			newNonFullTGDs	41648		newFullTGDs	3376
Nov 12, 2021 10:55:43 AM uk.ac.ox.cs.gsat.SaturationStatistics log
INFO: # initial TGDs: 113187 , 42054
Nov 12, 2021 10:55:43 AM uk.ac.ox.cs.gsat.SaturationStatistics log
INFO: GSat total time : 600368 ms = 600.37 s
Nov 12, 2021 10:55:43 AM uk.ac.ox.cs.gsat.SaturationStatistics log
INFO: Subsumed elements : 8926
Nov 12, 2021 10:55:43 AM uk.ac.ox.cs.gsat.SaturationStatistics log
INFO: Filter discarded elements : 1668691
Nov 12, 2021 10:55:43 AM uk.ac.ox.cs.gsat.SaturationStatistics log
INFO: subsumption time: 466 ms = 0.47 s
Nov 12, 2021 10:55:43 AM uk.ac.ox.cs.gsat.SaturationStatistics log
INFO: forward subsumption time: 215 ms = 0.21 s
Nov 12, 2021 10:55:43 AM uk.ac.ox.cs.gsat.SaturationStatistics log
INFO: backward subsumption time: 251 ms = 0.25 s
Nov 12, 2021 10:55:43 AM uk.ac.ox.cs.gsat.SaturationStatistics log
INFO: Derived full/non full TGDs: 4004 , 8310
Nov 12, 2021 10:55:43 AM uk.ac.ox.cs.gsat.SaturationStatistics log
INFO: discarded tautology count: 0
Nov 12, 2021 10:55:43 AM uk.ac.ox.cs.gsat.SaturationStatistics log
INFO: !!! TIME OUT !!!
Nov 12, 2021 10:55:43 AM uk.ac.ox.cs.gsat.EvolveStatistics log
INFO: Stop because subsumed: 4306
Nov 12, 2021 10:55:43 AM uk.ac.ox.cs.gsat.EvolveStatistics log
INFO: evolved equals to current: 2046
Nov 12, 2021 10:55:43 AM uk.ac.ox.cs.gsat.EvolveStatistics log
INFO: evolved time: 176516 ms = 176.52 s
Nov 12, 2021 10:55:43 AM uk.ac.ox.cs.gsat.EvolveStatistics log
INFO: evolve count: 13413002
Nov 12, 2021 10:55:43 AM uk.ac.ox.cs.gsat.AbstractSaturation run
INFO: ouptput full TGDs not contained in the input: 3390
Nov 12, 2021 10:55:43 AM uk.ac.ox.cs.gsat.App executeAllSteps
INFO: Rewriting completed!
Full TGD saturation: (116577 dependecies)
Nov 12, 2021 10:55:43 AM uk.ac.ox.cs.gsat.App executeAllSteps
INFO: Writing the saturation in the Datalog file 00778.rul
