Starting Saturation...
Executing from DLGP files
SLF4J: Failed to load class "org.slf4j.impl.StaticLoggerBinder".
SLF4J: Defaulting to no-operation (NOP) logger implementation
SLF4J: See http://www.slf4j.org/codes.html#StaticLoggerBinder for further details.
# Rules: 11; # Atoms: 0; # AtomSets: 0; # Queries: 0; # Constraints: 0
Full TGD saturation algorithm: GSat
Running GSat...
May 24, 2021 8:55:30 PM uk.ac.ox.cs.gsat.EvolveBasedSat run
INFO: GSat discarded rules : 0/11 = 0.000%
GSat discarded rules : 0/11 = 0.000%
May 24, 2021 8:55:30 PM uk.ac.ox.cs.gsat.EvolveBasedSat run
INFO: Subsumption method : tree_predicate
May 24, 2021 8:55:30 PM uk.ac.ox.cs.gsat.EvolveBasedSat run
INFO: # initial TGDs: 11 , 0
May 24, 2021 8:55:30 PM uk.ac.ox.cs.gsat.EvolveBasedSat run
INFO: GSat total time : 85 ms = 0.09 s
May 24, 2021 8:55:30 PM uk.ac.ox.cs.gsat.EvolveBasedSat run
INFO: Subsumed elements : 0
May 24, 2021 8:55:30 PM uk.ac.ox.cs.gsat.EvolveBasedSat run
INFO: Filter discarded elements : 0
May 24, 2021 8:55:30 PM uk.ac.ox.cs.gsat.EvolveBasedSat run
INFO: Derived full/non full TGDs: 0 , 0
May 24, 2021 8:55:30 PM uk.ac.ox.cs.gsat.EvolveBasedSat run
INFO: Stop because subsumed: 0
May 24, 2021 8:55:30 PM uk.ac.ox.cs.gsat.EvolveBasedSat run
INFO: evolved equals to current: 0
May 24, 2021 8:55:30 PM uk.ac.ox.cs.gsat.EvolveBasedSat run
INFO: evolved time: 0 ms = 0.00 s
May 24, 2021 8:55:30 PM uk.ac.ox.cs.gsat.EvolveBasedSat run
INFO: evolve count: 0
May 24, 2021 8:55:30 PM uk.ac.ox.cs.gsat.EvolveBasedSat run
INFO: ouptput full TGDs not contained in the input: 0
May 24, 2021 8:55:30 PM uk.ac.ox.cs.gsat.App executeAllSteps
INFO: Rewriting completed!
Full TGD saturation: (11 dependecies)
=========================================
http://pervasive.semanticweb.org/ont/2004/01/agent#intends(GSat_u1,GSat_u2) → http://pervasive.semanticweb.org/ont/2004/01/agent#Agent(GSat_u1)
http://pervasive.semanticweb.org/ont/2004/01/agent#effect(GSat_u1,GSat_u2) → http://pervasive.semanticweb.org/ont/2004/01/agent#Action(GSat_u1)
http://pervasive.semanticweb.org/ont/2004/01/agent#effect(GSat_u2,GSat_u1) → http://pervasive.semanticweb.org/ont/2004/01/agent#ActionEffect(GSat_u1)
http://pervasive.semanticweb.org/ont/2004/01/agent#desires(GSat_u1,GSat_u2) → http://pervasive.semanticweb.org/ont/2004/01/agent#Agent(GSat_u1)
http://pervasive.semanticweb.org/ont/2004/01/agent#object(GSat_u1,GSat_u2) → http://pervasive.semanticweb.org/ont/2004/01/agent#Action(GSat_u1)
http://pervasive.semanticweb.org/ont/2004/01/agent#desires(GSat_u2,GSat_u1) → http://pervasive.semanticweb.org/ont/2004/01/agent#StateCondition(GSat_u1)
http://pervasive.semanticweb.org/ont/2004/01/agent#intends(GSat_u2,GSat_u1) → http://pervasive.semanticweb.org/ont/2004/01/agent#Action(GSat_u1)
http://pervasive.semanticweb.org/ont/2004/01/agent#believes(GSat_u2,GSat_u1) → http://pervasive.semanticweb.org/ont/2004/01/agent#Fact(GSat_u1)
http://pervasive.semanticweb.org/ont/2004/01/agent#Fact(GSat_u1) → http://www.w3.org/1999/02/22-rdf-syntax-ns#Statement(GSat_u1)
http://pervasive.semanticweb.org/ont/2004/01/agent#object(GSat_u2,GSat_u1) → http://pervasive.semanticweb.org/ont/2004/01/agent#TargetObject(GSat_u1)
http://pervasive.semanticweb.org/ont/2004/01/agent#believes(GSat_u1,GSat_u2) → http://pervasive.semanticweb.org/ont/2004/01/agent#Agent(GSat_u1)
=========================================
