Starting Saturation...
Executing from DLGP files
SLF4J: Failed to load class "org.slf4j.impl.StaticLoggerBinder".
SLF4J: Defaulting to no-operation (NOP) logger implementation
SLF4J: See http://www.slf4j.org/codes.html#StaticLoggerBinder for further details.
# Rules: 21; # Atoms: 0; # AtomSets: 0; # Queries: 0; # Constraints: 0
Full TGD saturation algorithm: GSat
Running GSat...
May 24, 2021 9:27:51 PM uk.ac.ox.cs.gsat.EvolveBasedSat run
INFO: GSat discarded rules : 0/21 = 0.000%
GSat discarded rules : 0/21 = 0.000%
May 24, 2021 9:27:51 PM uk.ac.ox.cs.gsat.EvolveBasedSat run
INFO: Subsumption method : tree_predicate
May 24, 2021 9:27:51 PM uk.ac.ox.cs.gsat.EvolveBasedSat run
INFO: # initial TGDs: 16 , 5
nonFullTGDs	0		fullTGDs	16			newNonFullTGDs	5		newFullTGDs	0
May 24, 2021 9:27:51 PM uk.ac.ox.cs.gsat.EvolveBasedSat run
INFO: GSat total time : 101 ms = 0.10 s
May 24, 2021 9:27:51 PM uk.ac.ox.cs.gsat.EvolveBasedSat run
INFO: Subsumed elements : 0
May 24, 2021 9:27:51 PM uk.ac.ox.cs.gsat.EvolveBasedSat run
INFO: Filter discarded elements : 0
May 24, 2021 9:27:51 PM uk.ac.ox.cs.gsat.EvolveBasedSat run
INFO: Derived full/non full TGDs: 0 , 0
May 24, 2021 9:27:51 PM uk.ac.ox.cs.gsat.EvolveBasedSat run
INFO: Stop because subsumed: 0
May 24, 2021 9:27:51 PM uk.ac.ox.cs.gsat.EvolveBasedSat run
INFO: evolved equals to current: 0
May 24, 2021 9:27:51 PM uk.ac.ox.cs.gsat.EvolveBasedSat run
INFO: evolved time: 6 ms = 0.01 s
May 24, 2021 9:27:51 PM uk.ac.ox.cs.gsat.EvolveBasedSat run
INFO: evolve count: 11
May 24, 2021 9:27:51 PM uk.ac.ox.cs.gsat.EvolveBasedSat run
INFO: ouptput full TGDs not contained in the input: 0
May 24, 2021 9:27:51 PM uk.ac.ox.cs.gsat.App executeAllSteps
INFO: Rewriting completed!
Full TGD saturation: (16 dependecies)
=========================================
http://www.daml.org/tools/tools-ont#User(GSat_u2) & http://www.daml.org/tools/tools-ont#howUsed(GSat_u2,GSat_u1) → http://www.w3.org/2001/XMLSchema#string(GSat_u1)
http://www.daml.org/tools/tools-ont#Person(GSat_u1) → http://www.daml.org/tools/tools-ont#User(GSat_u1)
http://www.daml.org/tools/tools-ont#Tool(GSat_u2) & http://www.daml.org/tools/tools-ont#category(GSat_u2,GSat_u1) → http://www.w3.org/2001/XMLSchema#string(GSat_u1)
http://www.daml.org/tools/tools-ont#Tool(GSat_u2) & http://www.daml.org/tools/tools-ont#site(GSat_u2,GSat_u1) → http://www.w3.org/2001/XMLSchema#uriReference(GSat_u1)
http://www.daml.org/tools/tools-ont#Project(GSat_u2) & http://www.daml.org/tools/tools-ont#name(GSat_u2,GSat_u1) → http://www.w3.org/2001/XMLSchema#string(GSat_u1)
http://www.daml.org/tools/tools-ont#description(GSat_u2,GSat_u1) & http://www.daml.org/tools/tools-ont#Tool(GSat_u2) → http://www.w3.org/2001/XMLSchema#string(GSat_u1)
http://www.daml.org/tools/tools-ont#Person(GSat_u2) & http://www.daml.org/tools/tools-ont#email(GSat_u2,GSat_u1) → http://www.w3.org/2001/XMLSchema#string(GSat_u1)
http://www.daml.org/tools/tools-ont#Tool(GSat_u2) & http://www.daml.org/tools/tools-ont#project(GSat_u2,GSat_u1) → http://www.daml.org/tools/tools-ont#Project(GSat_u1)
http://www.daml.org/tools/tools-ont#Tool(GSat_u2) & http://www.daml.org/tools/tools-ont#user(GSat_u2,GSat_u1) → http://www.daml.org/tools/tools-ont#User(GSat_u1)
http://www.daml.org/tools/tools-ont#Tool(GSat_u2) & http://www.daml.org/tools/tools-ont#name(GSat_u2,GSat_u1) → http://www.w3.org/2001/XMLSchema#string(GSat_u1)
http://www.daml.org/tools/tools-ont#Tool(GSat_u2) & http://www.daml.org/tools/tools-ont#interface(GSat_u2,GSat_u1) → http://www.w3.org/2001/XMLSchema#string(GSat_u1)
http://www.daml.org/tools/tools-ont#Tool(GSat_u2) & http://www.daml.org/tools/tools-ont#uses(GSat_u2,GSat_u1) → http://www.daml.org/tools/tools-ont#Tool(GSat_u1)
http://www.daml.org/tools/tools-ont#Tool(GSat_u2) & http://www.daml.org/tools/tools-ont#price(GSat_u2,GSat_u1) → http://www.w3.org/2001/XMLSchema#string(GSat_u1)
http://www.daml.org/tools/tools-ont#Group(GSat_u1) → http://www.daml.org/tools/tools-ont#User(GSat_u1)
http://www.daml.org/tools/tools-ont#name(GSat_u2,GSat_u1) & http://www.daml.org/tools/tools-ont#Group(GSat_u2) → http://www.w3.org/2001/XMLSchema#string(GSat_u1)
http://www.daml.org/tools/tools-ont#Tool(GSat_u2) & http://www.daml.org/tools/tools-ont#sourceCode(GSat_u2,GSat_u1) → http://www.w3.org/2001/XMLSchema#string(GSat_u1)
=========================================
