Starting Saturation...
Executing from DLGP files
SLF4J: Failed to load class "org.slf4j.impl.StaticLoggerBinder".
SLF4J: Defaulting to no-operation (NOP) logger implementation
SLF4J: See http://www.slf4j.org/codes.html#StaticLoggerBinder for further details.
# Rules: 531; # Atoms: 0; # AtomSets: 0; # Queries: 0; # Constraints: 0
Full TGD saturation algorithm: GSat
Running GSat...
May 25, 2021 6:21:24 AM uk.ac.ox.cs.gsat.EvolveBasedSat run
INFO: GSat discarded rules : 0/531 = 0.000%
GSat discarded rules : 0/531 = 0.000%
May 25, 2021 6:21:24 AM uk.ac.ox.cs.gsat.EvolveBasedSat run
INFO: Subsumption method : tree_predicate
May 25, 2021 6:21:24 AM uk.ac.ox.cs.gsat.EvolveBasedSat run
INFO: # initial TGDs: 303 , 228
nonFullTGDs	0		fullTGDs	303			newNonFullTGDs	228		newFullTGDs	0
nonFullTGDs	27		fullTGDs	303			newNonFullTGDs	221		newFullTGDs	0
nonFullTGDs	44		fullTGDs	303			newNonFullTGDs	205		newFullTGDs	0
nonFullTGDs	59		fullTGDs	303			newNonFullTGDs	190		newFullTGDs	0
nonFullTGDs	75		fullTGDs	303			newNonFullTGDs	174		newFullTGDs	0
nonFullTGDs	91		fullTGDs	303			newNonFullTGDs	158		newFullTGDs	0
nonFullTGDs	106		fullTGDs	303			newNonFullTGDs	143		newFullTGDs	0
nonFullTGDs	123		fullTGDs	303			newNonFullTGDs	126		newFullTGDs	0
nonFullTGDs	139		fullTGDs	303			newNonFullTGDs	110		newFullTGDs	0
nonFullTGDs	173		fullTGDs	303			newNonFullTGDs	76		newFullTGDs	0
nonFullTGDs	223		fullTGDs	303			newNonFullTGDs	26		newFullTGDs	0
May 25, 2021 6:21:26 AM uk.ac.ox.cs.gsat.EvolveBasedSat run
INFO: GSat total time : 2570 ms = 2.57 s
May 25, 2021 6:21:26 AM uk.ac.ox.cs.gsat.EvolveBasedSat run
INFO: Subsumed elements : 1051
May 25, 2021 6:21:26 AM uk.ac.ox.cs.gsat.EvolveBasedSat run
INFO: Filter discarded elements : 833
May 25, 2021 6:21:26 AM uk.ac.ox.cs.gsat.EvolveBasedSat run
INFO: Derived full/non full TGDs: 84 , 988
May 25, 2021 6:21:26 AM uk.ac.ox.cs.gsat.EvolveBasedSat run
INFO: Stop because subsumed: 779
May 25, 2021 6:21:26 AM uk.ac.ox.cs.gsat.EvolveBasedSat run
INFO: evolved equals to current: 354
May 25, 2021 6:21:26 AM uk.ac.ox.cs.gsat.EvolveBasedSat run
INFO: evolved time: 1827 ms = 1.83 s
May 25, 2021 6:21:26 AM uk.ac.ox.cs.gsat.EvolveBasedSat run
INFO: evolve count: 34513
May 25, 2021 6:21:26 AM uk.ac.ox.cs.gsat.EvolveBasedSat run
INFO: ouptput full TGDs not contained in the input: 0
May 25, 2021 6:21:26 AM uk.ac.ox.cs.gsat.App executeAllSteps
INFO: Rewriting completed!
Full TGD saturation: (303 dependecies)
=========================================
http://purl.obolibrary.org/obo/BFO_0000050(GSat_u1,GSat_u2) & http://purl.obolibrary.org/obo/TAO_0000538(GSat_u2) → http://purl.obolibrary.org/obo/BFO_0000050_some_http://purl.obolibrary.org/obo/TAO_0000538(GSat_u1)
http://purl.obolibrary.org/obo/BFO_0000053_some_http://purl.obolibrary.org/obo/PATO_0000117(GSat_u1) → http://purl.obolibrary.org/obo/BFO_0000004(GSat_u1)
http://purl.obolibrary.org/obo/GO_0044456(GSat_u1) → http://purl.obolibrary.org/obo/CARO_0000014(GSat_u1)
http://purl.obolibrary.org/obo/BFO_0000053_some_http://purl.obolibrary.org/obo/PATO_0001645(GSat_u1) → http://purl.obolibrary.org/obo/BFO_0000004(GSat_u1)
http://purl.obolibrary.org/obo/CARO_0001001(GSat_u1) → http://purl.obolibrary.org/obo/CARO_0001000(GSat_u1)
http://purl.obolibrary.org/obo/BFO_0000050(GSat_u1,GSat_u2) & http://purl.obolibrary.org/obo/TAO_0000184(GSat_u2) → http://purl.obolibrary.org/obo/BFO_0000050_some_http://purl.obolibrary.org/obo/TAO_0000184(GSat_u1)
http://purl.obolibrary.org/obo/BFO_0000050(GSat_u1,GSat_u2) & http://purl.obolibrary.org/obo/TAO_0000332(GSat_u2) → http://purl.obolibrary.org/obo/BFO_0000050_some_http://purl.obolibrary.org/obo/TAO_0000332(GSat_u1)
http://kb.phenoscape.org/uuid/c8d66922-52e0-4fd7-9d5c-9bd7e06ec38a-257(GSat_u1) → http://kb.phenoscape.org/uuid/c8d66922-52e0-4fd7-9d5c-9bd7e06ec38a-250(GSat_u1)
http://purl.obolibrary.org/obo/BFO_0000053(GSat_u1,GSat_u2) & http://purl.obolibrary.org/obo/PATO_0001645(GSat_u2) → http://purl.obolibrary.org/obo/BFO_0000053_some_http://purl.obolibrary.org/obo/PATO_0001645(GSat_u1)
http://purl.obolibrary.org/obo/BFO_0000053(GSat_u1,GSat_u2) & http://purl.obolibrary.org/obo/TAO_0000646(GSat_u2) → http://purl.obolibrary.org/obo/BFO_0000053_some_http://purl.obolibrary.org/obo/TAO_0000646(GSat_u1)
http://purl.obolibrary.org/obo/GO_0030425(GSat_u1) → http://purl.obolibrary.org/obo/GO_0043005(GSat_u1)
http://kb.phenoscape.org/uuid/c8d66922-52e0-4fd7-9d5c-9bd7e06ec38a-694(GSat_u1) → http://kb.phenoscape.org/uuid/c8d66922-52e0-4fd7-9d5c-9bd7e06ec38a-720(GSat_u1)
http://kb.phenoscape.org/uuid/c8d66922-52e0-4fd7-9d5c-9bd7e06ec38a-82(GSat_u1) → http://kb.phenoscape.org/uuid/c8d66922-52e0-4fd7-9d5c-9bd7e06ec38a-88(GSat_u1)
http://purl.obolibrary.org/obo/TAO_0000240(GSat_u2) & http://purl.obolibrary.org/obo/BFO_0000050(GSat_u1,GSat_u2) → http://purl.obolibrary.org/obo/BFO_0000050_some_http://purl.obolibrary.org/obo/TAO_0000240(GSat_u1)
http://purl.obolibrary.org/obo/BFO_0000050(GSat_u2,GSat_u1) → http://purl.obolibrary.org/obo/BFO_0000051(GSat_u1,GSat_u2)
http://kb.phenoscape.org/uuid/c8d66922-52e0-4fd7-9d5c-9bd7e06ec38a-640(GSat_u1) → http://kb.phenoscape.org/uuid/c8d66922-52e0-4fd7-9d5c-9bd7e06ec38a-634(GSat_u1)
http://purl.obolibrary.org/obo/BFO_0000050(GSat_u1,GSat_u2) & http://purl.obolibrary.org/obo/BSPO_0000068(GSat_u2) → http://purl.obolibrary.org/obo/BFO_0000050_some_http://purl.obolibrary.org/obo/BSPO_0000068(GSat_u1)
http://purl.obolibrary.org/obo/GO_0016020(GSat_u1) → http://purl.obolibrary.org/obo/GO_0044464(GSat_u1)
http://kb.phenoscape.org/uuid/c8d66922-52e0-4fd7-9d5c-9bd7e06ec38a-754(GSat_u1) → http://kb.phenoscape.org/uuid/c8d66922-52e0-4fd7-9d5c-9bd7e06ec38a-760(GSat_u1)
http://kb.phenoscape.org/uuid/c8d66922-52e0-4fd7-9d5c-9bd7e06ec38a-443(GSat_u1) → http://kb.phenoscape.org/uuid/c8d66922-52e0-4fd7-9d5c-9bd7e06ec38a-458(GSat_u1)
http://purl.obolibrary.org/obo/GO_0044464(GSat_u1) → http://purl.obolibrary.org/obo/CARO_0000014(GSat_u1)
http://kb.phenoscape.org/uuid/c8d66922-52e0-4fd7-9d5c-9bd7e06ec38a-591(GSat_u1) → http://kb.phenoscape.org/uuid/c8d66922-52e0-4fd7-9d5c-9bd7e06ec38a-602(GSat_u1)
http://kb.phenoscape.org/uuid/c8d66922-52e0-4fd7-9d5c-9bd7e06ec38a-212(GSat_u1) → http://kb.phenoscape.org/uuid/c8d66922-52e0-4fd7-9d5c-9bd7e06ec38a-217(GSat_u1)
http://kb.phenoscape.org/uuid/c8d66922-52e0-4fd7-9d5c-9bd7e06ec38a-591(GSat_u1) → http://kb.phenoscape.org/uuid/c8d66922-52e0-4fd7-9d5c-9bd7e06ec38a-716(GSat_u1)
http://purl.obolibrary.org/obo/BFO_0000053(GSat_u1,GSat_u2) & http://purl.obolibrary.org/obo/PATO_0000327(GSat_u2) → http://purl.obolibrary.org/obo/BFO_0000053_some_http://purl.obolibrary.org/obo/PATO_0000327(GSat_u1)
http://kb.phenoscape.org/uuid/c8d66922-52e0-4fd7-9d5c-9bd7e06ec38a-265(GSat_u1) → http://kb.phenoscape.org/uuid/c8d66922-52e0-4fd7-9d5c-9bd7e06ec38a-277(GSat_u1)
http://purl.obolibrary.org/obo/BFO_0000053_some_http://purl.obolibrary.org/obo/PATO_0001154(GSat_u1) → http://purl.obolibrary.org/obo/BFO_0000004(GSat_u1)
http://kb.phenoscape.org/uuid/c8d66922-52e0-4fd7-9d5c-9bd7e06ec38a-570(GSat_u1) → http://kb.phenoscape.org/uuid/c8d66922-52e0-4fd7-9d5c-9bd7e06ec38a-580(GSat_u1)
http://purl.obolibrary.org/obo/BFO_0000053(GSat_u1,GSat_u2) & http://purl.obolibrary.org/obo/PATO_0001946(GSat_u2) → http://purl.obolibrary.org/obo/BFO_0000053_some_http://purl.obolibrary.org/obo/PATO_0001946(GSat_u1)
http://kb.phenoscape.org/uuid/c8d66922-52e0-4fd7-9d5c-9bd7e06ec38a-453(GSat_u1) → http://kb.phenoscape.org/uuid/c8d66922-52e0-4fd7-9d5c-9bd7e06ec38a-448(GSat_u1)
http://purl.obolibrary.org/obo/BFO_0000053_some_http://purl.obolibrary.org/obo/TAO_0001114(GSat_u1) → http://purl.obolibrary.org/obo/BFO_0000004(GSat_u1)
http://kb.phenoscape.org/uuid/c8d66922-52e0-4fd7-9d5c-9bd7e06ec38a-602(GSat_u1) → http://kb.phenoscape.org/uuid/c8d66922-52e0-4fd7-9d5c-9bd7e06ec38a-716(GSat_u1)
http://kb.phenoscape.org/uuid/c8d66922-52e0-4fd7-9d5c-9bd7e06ec38a-575(GSat_u1) → http://kb.phenoscape.org/uuid/c8d66922-52e0-4fd7-9d5c-9bd7e06ec38a-585(GSat_u1)
http://purl.obolibrary.org/obo/BFO_0000050(GSat_u1,GSat_u2) & http://purl.obolibrary.org/obo/TAO_0000191(GSat_u2) → http://purl.obolibrary.org/obo/BFO_0000050_some_http://purl.obolibrary.org/obo/TAO_0000191(GSat_u1)
http://purl.obolibrary.org/obo/GO_0045202(GSat_u1) → http://purl.obolibrary.org/obo/CARO_0000014(GSat_u1)
http://purl.obolibrary.org/obo/BFO_0000050(GSat_u1,GSat_u2) & http://purl.obolibrary.org/obo/TAO_0001739(GSat_u2) → http://purl.obolibrary.org/obo/BFO_0000050_some_http://purl.obolibrary.org/obo/TAO_0001739(GSat_u1)
http://purl.obolibrary.org/obo/BFO_0000050(GSat_u1,GSat_u2) & http://purl.obolibrary.org/obo/TAO_0002044(GSat_u2) → http://purl.obolibrary.org/obo/BFO_0000050_some_http://purl.obolibrary.org/obo/TAO_0002044(GSat_u1)
http://purl.obolibrary.org/obo/PATO_0001873(GSat_u2) & http://purl.obolibrary.org/obo/BFO_0000053(GSat_u1,GSat_u2) → http://purl.obolibrary.org/obo/BFO_0000053_some_http://purl.obolibrary.org/obo/PATO_0001873(GSat_u1)
http://purl.obolibrary.org/obo/BFO_0000053_some_http://purl.obolibrary.org/obo/TAO_0001559(GSat_u1) → http://purl.obolibrary.org/obo/BFO_0000004(GSat_u1)
http://purl.obolibrary.org/obo/BFO_0000053(GSat_u1,GSat_u2) & http://purl.obolibrary.org/obo/TAO_0000368(GSat_u2) → http://purl.obolibrary.org/obo/BFO_0000053_some_http://purl.obolibrary.org/obo/TAO_0000368(GSat_u1)
http://kb.phenoscape.org/uuid/c8d66922-52e0-4fd7-9d5c-9bd7e06ec38a-433(GSat_u1) → http://kb.phenoscape.org/uuid/c8d66922-52e0-4fd7-9d5c-9bd7e06ec38a-428(GSat_u1)
http://kb.phenoscape.org/uuid/c8d66922-52e0-4fd7-9d5c-9bd7e06ec38a-507(GSat_u1) → http://kb.phenoscape.org/uuid/c8d66922-52e0-4fd7-9d5c-9bd7e06ec38a-513(GSat_u1)
http://kb.phenoscape.org/uuid/c8d66922-52e0-4fd7-9d5c-9bd7e06ec38a-399(GSat_u1) → http://kb.phenoscape.org/uuid/c8d66922-52e0-4fd7-9d5c-9bd7e06ec38a-376(GSat_u1)
http://kb.phenoscape.org/uuid/c8d66922-52e0-4fd7-9d5c-9bd7e06ec38a-602(GSat_u1) → http://kb.phenoscape.org/uuid/c8d66922-52e0-4fd7-9d5c-9bd7e06ec38a-707(GSat_u1)
http://kb.phenoscape.org/uuid/c8d66922-52e0-4fd7-9d5c-9bd7e06ec38a-694(GSat_u1) → http://kb.phenoscape.org/uuid/c8d66922-52e0-4fd7-9d5c-9bd7e06ec38a-700(GSat_u1)
http://purl.obolibrary.org/obo/BFO_0000053(GSat_u1,GSat_u2) & http://purl.obolibrary.org/obo/PATO_0002249(GSat_u2) → http://purl.obolibrary.org/obo/BFO_0000053_some_http://purl.obolibrary.org/obo/PATO_0002249(GSat_u1)
http://purl.obolibrary.org/obo/BFO_0000053(GSat_u1,GSat_u2) & http://purl.obolibrary.org/obo/PATO_0000587(GSat_u2) → http://purl.obolibrary.org/obo/BFO_0000053_some_http://purl.obolibrary.org/obo/PATO_0000587(GSat_u1)
http://purl.obolibrary.org/obo/BFO_0000050(GSat_u1,GSat_u2) & http://purl.obolibrary.org/obo/BSPO_0000072(GSat_u2) → http://purl.obolibrary.org/obo/BFO_0000050_some_http://purl.obolibrary.org/obo/BSPO_0000072(GSat_u1)
http://purl.obolibrary.org/obo/BFO_0000050(GSat_u1,GSat_u2) & http://purl.obolibrary.org/obo/TAO_0000076(GSat_u2) → http://purl.obolibrary.org/obo/BFO_0000050_some_http://purl.obolibrary.org/obo/TAO_0000076(GSat_u1)
http://purl.obolibrary.org/obo/BFO_0000053(GSat_u1,GSat_u2) & http://purl.obolibrary.org/obo/TAO_0000620(GSat_u2) → http://purl.obolibrary.org/obo/BFO_0000053_some_http://purl.obolibrary.org/obo/TAO_0000620(GSat_u1)
http://purl.obolibrary.org/obo/GO_0042734(GSat_u1) → http://purl.obolibrary.org/obo/GO_0044456(GSat_u1)
http://kb.phenoscape.org/uuid/c8d66922-52e0-4fd7-9d5c-9bd7e06ec38a-653(GSat_u1) → http://kb.phenoscape.org/uuid/c8d66922-52e0-4fd7-9d5c-9bd7e06ec38a-661(GSat_u1)
http://purl.obolibrary.org/obo/GO_0043005(GSat_u1) → http://purl.obolibrary.org/obo/GO_0042995(GSat_u1)
http://kb.phenoscape.org/uuid/c8d66922-52e0-4fd7-9d5c-9bd7e06ec38a-591(GSat_u1) → http://kb.phenoscape.org/uuid/c8d66922-52e0-4fd7-9d5c-9bd7e06ec38a-707(GSat_u1)
http://kb.phenoscape.org/uuid/c8d66922-52e0-4fd7-9d5c-9bd7e06ec38a-733(GSat_u1) → http://kb.phenoscape.org/uuid/c8d66922-52e0-4fd7-9d5c-9bd7e06ec38a-726(GSat_u1)
http://purl.obolibrary.org/obo/BFO_0000053(GSat_u1,GSat_u2) & http://purl.obolibrary.org/obo/PATO_0000570(GSat_u2) → http://purl.obolibrary.org/obo/BFO_0000053_some_http://purl.obolibrary.org/obo/PATO_0000570(GSat_u1)
http://kb.phenoscape.org/uuid/c8d66922-52e0-4fd7-9d5c-9bd7e06ec38a-602(GSat_u1) → http://kb.phenoscape.org/uuid/c8d66922-52e0-4fd7-9d5c-9bd7e06ec38a-591(GSat_u1)
http://purl.obolibrary.org/obo/BFO_0000053_some_http://purl.obolibrary.org/obo/PATO_0000947(GSat_u1) → http://purl.obolibrary.org/obo/BFO_0000004(GSat_u1)
http://kb.phenoscape.org/uuid/c8d66922-52e0-4fd7-9d5c-9bd7e06ec38a-75(GSat_u1) → http://kb.phenoscape.org/uuid/c8d66922-52e0-4fd7-9d5c-9bd7e06ec38a-69(GSat_u1)
http://purl.obolibrary.org/obo/BFO_0000053_some_http://purl.obolibrary.org/obo/TAO_0000268(GSat_u1) → http://purl.obolibrary.org/obo/BFO_0000004(GSat_u1)
http://purl.obolibrary.org/obo/BFO_0000053(GSat_u1,GSat_u2) & http://purl.obolibrary.org/obo/PATO_0000406(GSat_u2) → http://purl.obolibrary.org/obo/BFO_0000053_some_http://purl.obolibrary.org/obo/PATO_0000406(GSat_u1)
http://kb.phenoscape.org/uuid/c8d66922-52e0-4fd7-9d5c-9bd7e06ec38a-716(GSat_u1) → http://kb.phenoscape.org/uuid/c8d66922-52e0-4fd7-9d5c-9bd7e06ec38a-707(GSat_u1)
http://purl.obolibrary.org/obo/PATO_0000569(GSat_u2) & http://purl.obolibrary.org/obo/BFO_0000053(GSat_u1,GSat_u2) → http://purl.obolibrary.org/obo/BFO_0000053_some_http://purl.obolibrary.org/obo/PATO_0000569(GSat_u1)
http://purl.obolibrary.org/obo/TAO_0001787(GSat_u2) & http://purl.obolibrary.org/obo/BFO_0000053(GSat_u1,GSat_u2) → http://purl.obolibrary.org/obo/BFO_0000053_some_http://purl.obolibrary.org/obo/TAO_0001787(GSat_u1)
http://purl.obolibrary.org/obo/TAO_0000323(GSat_u2) & http://purl.obolibrary.org/obo/BFO_0000053(GSat_u1,GSat_u2) → http://purl.obolibrary.org/obo/BFO_0000053_some_http://purl.obolibrary.org/obo/TAO_0000323(GSat_u1)
http://purl.obolibrary.org/obo/BFO_0000053(GSat_u1,GSat_u2) → http://purl.obolibrary.org/obo/BFO_0000004(GSat_u1)
http://purl.obolibrary.org/obo/BFO_0000053(GSat_u1,GSat_u2) & http://purl.obolibrary.org/obo/PATO_0001449(GSat_u2) → http://purl.obolibrary.org/obo/BFO_0000053_some_http://purl.obolibrary.org/obo/PATO_0001449(GSat_u1)
http://purl.obolibrary.org/obo/GO_0030424(GSat_u1) → http://purl.obolibrary.org/obo/GO_0043005(GSat_u1)
http://kb.phenoscape.org/uuid/c8d66922-52e0-4fd7-9d5c-9bd7e06ec38a-394(GSat_u1) → http://kb.phenoscape.org/uuid/c8d66922-52e0-4fd7-9d5c-9bd7e06ec38a-371(GSat_u1)
http://kb.phenoscape.org/uuid/c8d66922-52e0-4fd7-9d5c-9bd7e06ec38a-389(GSat_u1) → http://kb.phenoscape.org/uuid/c8d66922-52e0-4fd7-9d5c-9bd7e06ec38a-366(GSat_u1)
http://purl.obolibrary.org/obo/BFO_0000052(GSat_u2,GSat_u1) → http://purl.obolibrary.org/obo/BFO_0000004(GSat_u1)
http://purl.obolibrary.org/obo/BFO_0000050(GSat_u1,GSat_u2) & http://purl.obolibrary.org/obo/BSPO_0000671(GSat_u2) → http://purl.obolibrary.org/obo/BFO_0000050_some_http://purl.obolibrary.org/obo/BSPO_0000671(GSat_u1)
http://purl.obolibrary.org/obo/BFO_0000050(GSat_u1,GSat_u2) & http://purl.obolibrary.org/obo/TAO_0000223(GSat_u2) → http://purl.obolibrary.org/obo/BFO_0000050_some_http://purl.obolibrary.org/obo/TAO_0000223(GSat_u1)
http://kb.phenoscape.org/uuid/c8d66922-52e0-4fd7-9d5c-9bd7e06ec38a-428(GSat_u1) → http://kb.phenoscape.org/uuid/c8d66922-52e0-4fd7-9d5c-9bd7e06ec38a-433(GSat_u1)
http://purl.obolibrary.org/obo/BFO_0000053(GSat_u1,GSat_u2) & http://purl.obolibrary.org/obo/PATO_0002054(GSat_u2) → http://purl.obolibrary.org/obo/BFO_0000053_some_http://purl.obolibrary.org/obo/PATO_0002054(GSat_u1)
http://kb.phenoscape.org/uuid/c8d66922-52e0-4fd7-9d5c-9bd7e06ec38a-607(GSat_u1) → http://kb.phenoscape.org/uuid/c8d66922-52e0-4fd7-9d5c-9bd7e06ec38a-716(GSat_u1)
http://kb.phenoscape.org/uuid/c8d66922-52e0-4fd7-9d5c-9bd7e06ec38a-707(GSat_u1) → http://kb.phenoscape.org/uuid/c8d66922-52e0-4fd7-9d5c-9bd7e06ec38a-716(GSat_u1)
http://kb.phenoscape.org/uuid/c8d66922-52e0-4fd7-9d5c-9bd7e06ec38a-179(GSat_u1) → http://kb.phenoscape.org/uuid/c8d66922-52e0-4fd7-9d5c-9bd7e06ec38a-195(GSat_u1)
http://kb.phenoscape.org/uuid/c8d66922-52e0-4fd7-9d5c-9bd7e06ec38a-453(GSat_u1) → http://kb.phenoscape.org/uuid/c8d66922-52e0-4fd7-9d5c-9bd7e06ec38a-458(GSat_u1)
http://purl.obolibrary.org/obo/BFO_0000053_some_http://purl.obolibrary.org/obo/TAO_0000514(GSat_u1) → http://purl.obolibrary.org/obo/BFO_0000004(GSat_u1)
http://kb.phenoscape.org/uuid/c8d66922-52e0-4fd7-9d5c-9bd7e06ec38a-634(GSat_u1) → http://kb.phenoscape.org/uuid/c8d66922-52e0-4fd7-9d5c-9bd7e06ec38a-640(GSat_u1)
http://purl.obolibrary.org/obo/BFO_0000050(GSat_u1,GSat_u2) & http://purl.obolibrary.org/obo/TAO_0001816(GSat_u2) → http://purl.obolibrary.org/obo/BFO_0000050_some_http://purl.obolibrary.org/obo/TAO_0001816(GSat_u1)
http://purl.obolibrary.org/obo/BFO_0000053_some_http://purl.obolibrary.org/obo/PATO_0001857(GSat_u1) → http://purl.obolibrary.org/obo/BFO_0000004(GSat_u1)
http://kb.phenoscape.org/uuid/c8d66922-52e0-4fd7-9d5c-9bd7e06ec38a-453(GSat_u1) → http://kb.phenoscape.org/uuid/c8d66922-52e0-4fd7-9d5c-9bd7e06ec38a-443(GSat_u1)
http://purl.obolibrary.org/obo/BFO_0000050(GSat_u1,GSat_u2) & http://purl.obolibrary.org/obo/TAO_0001968(GSat_u2) → http://purl.obolibrary.org/obo/BFO_0000050_some_http://purl.obolibrary.org/obo/TAO_0001968(GSat_u1)
http://kb.phenoscape.org/uuid/c8d66922-52e0-4fd7-9d5c-9bd7e06ec38a-607(GSat_u1) → http://kb.phenoscape.org/uuid/c8d66922-52e0-4fd7-9d5c-9bd7e06ec38a-707(GSat_u1)
http://purl.obolibrary.org/obo/BFO_0000050(GSat_u1,GSat_u2) & http://purl.obolibrary.org/obo/BSPO_0000055(GSat_u2) → http://purl.obolibrary.org/obo/BFO_0000050_some_http://purl.obolibrary.org/obo/BSPO_0000055(GSat_u1)
http://kb.phenoscape.org/uuid/c8d66922-52e0-4fd7-9d5c-9bd7e06ec38a-250(GSat_u1) → http://kb.phenoscape.org/uuid/c8d66922-52e0-4fd7-9d5c-9bd7e06ec38a-257(GSat_u1)
http://purl.obolibrary.org/obo/BFO_0000053_some_http://purl.obolibrary.org/obo/PATO_0000467(GSat_u1) → http://purl.obolibrary.org/obo/BFO_0000004(GSat_u1)
http://kb.phenoscape.org/uuid/c8d66922-52e0-4fd7-9d5c-9bd7e06ec38a-231(GSat_u1) → http://kb.phenoscape.org/uuid/c8d66922-52e0-4fd7-9d5c-9bd7e06ec38a-244(GSat_u1)
http://kb.phenoscape.org/uuid/c8d66922-52e0-4fd7-9d5c-9bd7e06ec38a-169(GSat_u1) → http://kb.phenoscape.org/uuid/c8d66922-52e0-4fd7-9d5c-9bd7e06ec38a-190(GSat_u1)
http://purl.obolibrary.org/obo/BFO_0000053_some_http://purl.obolibrary.org/obo/BSPO_0000072(GSat_u1) → http://purl.obolibrary.org/obo/BFO_0000004(GSat_u1)
http://kb.phenoscape.org/uuid/c8d66922-52e0-4fd7-9d5c-9bd7e06ec38a-143(GSat_u1) → http://kb.phenoscape.org/uuid/c8d66922-52e0-4fd7-9d5c-9bd7e06ec38a-153(GSat_u1)
http://kb.phenoscape.org/uuid/c8d66922-52e0-4fd7-9d5c-9bd7e06ec38a-338(GSat_u1) → http://kb.phenoscape.org/uuid/c8d66922-52e0-4fd7-9d5c-9bd7e06ec38a-327(GSat_u1)
http://purl.obolibrary.org/obo/BFO_0000053(GSat_u1,GSat_u2) & http://purl.obolibrary.org/obo/PATO_0000467(GSat_u2) → http://purl.obolibrary.org/obo/BFO_0000053_some_http://purl.obolibrary.org/obo/PATO_0000467(GSat_u1)
http://purl.obolibrary.org/obo/BFO_0000053(GSat_u1,GSat_u2) & http://purl.obolibrary.org/obo/PATO_0000052(GSat_u2) → http://purl.obolibrary.org/obo/BFO_0000053_some_http://purl.obolibrary.org/obo/PATO_0000052(GSat_u1)
http://purl.obolibrary.org/obo/BFO_0000053_some_http://purl.obolibrary.org/obo/PATO_0000070(GSat_u1) → http://purl.obolibrary.org/obo/BFO_0000004(GSat_u1)
http://purl.obolibrary.org/obo/TAO_0001594(GSat_u2) & http://purl.obolibrary.org/obo/BFO_0000050(GSat_u1,GSat_u2) → http://purl.obolibrary.org/obo/BFO_0000050_some_http://purl.obolibrary.org/obo/TAO_0001594(GSat_u1)
http://kb.phenoscape.org/uuid/c8d66922-52e0-4fd7-9d5c-9bd7e06ec38a-296(GSat_u1) → http://kb.phenoscape.org/uuid/c8d66922-52e0-4fd7-9d5c-9bd7e06ec38a-290(GSat_u1)
http://kb.phenoscape.org/uuid/c8d66922-52e0-4fd7-9d5c-9bd7e06ec38a-726(GSat_u1) → http://kb.phenoscape.org/uuid/c8d66922-52e0-4fd7-9d5c-9bd7e06ec38a-700(GSat_u1)
http://purl.obolibrary.org/obo/BFO_0000050(GSat_u1,GSat_u2) & http://purl.obolibrary.org/obo/TAO_0001094(GSat_u2) → http://purl.obolibrary.org/obo/BFO_0000050_some_http://purl.obolibrary.org/obo/TAO_0001094(GSat_u1)
http://kb.phenoscape.org/uuid/c8d66922-52e0-4fd7-9d5c-9bd7e06ec38a-240(GSat_u1) → http://kb.phenoscape.org/uuid/c8d66922-52e0-4fd7-9d5c-9bd7e06ec38a-227(GSat_u1)
http://kb.phenoscape.org/uuid/c8d66922-52e0-4fd7-9d5c-9bd7e06ec38a-570(GSat_u1) → http://kb.phenoscape.org/uuid/c8d66922-52e0-4fd7-9d5c-9bd7e06ec38a-575(GSat_u1)
http://purl.obolibrary.org/obo/BFO_0000053(GSat_u1,GSat_u2) & http://purl.obolibrary.org/obo/TAO_0001094(GSat_u2) → http://purl.obolibrary.org/obo/BFO_0000053_some_http://purl.obolibrary.org/obo/TAO_0001094(GSat_u1)
http://purl.obolibrary.org/obo/BFO_0000050(GSat_u1,GSat_u2) & http://purl.obolibrary.org/obo/TAO_0001559(GSat_u2) → http://purl.obolibrary.org/obo/BFO_0000050_some_http://purl.obolibrary.org/obo/TAO_0001559(GSat_u1)
http://purl.obolibrary.org/obo/BFO_0000053_some_http://purl.obolibrary.org/obo/PATO_0000570(GSat_u1) → http://purl.obolibrary.org/obo/BFO_0000004(GSat_u1)
http://purl.obolibrary.org/obo/BFO_0000050(GSat_u1,GSat_u2) & http://purl.obolibrary.org/obo/TAO_0001162(GSat_u2) → http://purl.obolibrary.org/obo/BFO_0000050_some_http://purl.obolibrary.org/obo/TAO_0001162(GSat_u1)
http://kb.phenoscape.org/uuid/c8d66922-52e0-4fd7-9d5c-9bd7e06ec38a-670(GSat_u1) → http://kb.phenoscape.org/uuid/c8d66922-52e0-4fd7-9d5c-9bd7e06ec38a-676(GSat_u1)
http://purl.obolibrary.org/obo/BFO_0000053(GSat_u1,GSat_u2) & http://purl.obolibrary.org/obo/TAO_0002000(GSat_u2) → http://purl.obolibrary.org/obo/BFO_0000053_some_http://purl.obolibrary.org/obo/TAO_0002000(GSat_u1)
http://kb.phenoscape.org/uuid/c8d66922-52e0-4fd7-9d5c-9bd7e06ec38a-531(GSat_u1) → http://kb.phenoscape.org/uuid/c8d66922-52e0-4fd7-9d5c-9bd7e06ec38a-525(GSat_u1)
http://purl.obolibrary.org/obo/BFO_0000053(GSat_u1,GSat_u2) & http://purl.obolibrary.org/obo/BSPO_0000072(GSat_u2) → http://purl.obolibrary.org/obo/BFO_0000053_some_http://purl.obolibrary.org/obo/BSPO_0000072(GSat_u1)
http://purl.obolibrary.org/obo/CL_0000000(GSat_u1) → http://purl.obolibrary.org/obo/CARO_0000003(GSat_u1)
http://purl.obolibrary.org/obo/BFO_0000050(GSat_u1,GSat_u2) & http://purl.obolibrary.org/obo/TAO_0000066(GSat_u2) → http://purl.obolibrary.org/obo/BFO_0000050_some_http://purl.obolibrary.org/obo/TAO_0000066(GSat_u1)
http://purl.obolibrary.org/obo/BFO_0000050(GSat_u1,GSat_u2) & http://purl.obolibrary.org/obo/TAO_0000365(GSat_u2) → http://purl.obolibrary.org/obo/BFO_0000050_some_http://purl.obolibrary.org/obo/TAO_0000365(GSat_u1)
http://purl.obolibrary.org/obo/RO_0002202(GSat_u1,GSat_u2) → http://purl.obolibrary.org/obo/BFO_0000004(GSat_u1)
http://kb.phenoscape.org/uuid/c8d66922-52e0-4fd7-9d5c-9bd7e06ec38a-720(GSat_u1) → http://kb.phenoscape.org/uuid/c8d66922-52e0-4fd7-9d5c-9bd7e06ec38a-711(GSat_u1)
http://kb.phenoscape.org/uuid/c8d66922-52e0-4fd7-9d5c-9bd7e06ec38a-133(GSat_u1) → http://kb.phenoscape.org/uuid/c8d66922-52e0-4fd7-9d5c-9bd7e06ec38a-157(GSat_u1)
http://purl.obolibrary.org/obo/CARO_0000014(GSat_u1) → http://purl.obolibrary.org/obo/CARO_0000003(GSat_u1)
http://kb.phenoscape.org/uuid/c8d66922-52e0-4fd7-9d5c-9bd7e06ec38a-355(GSat_u1) → http://kb.phenoscape.org/uuid/c8d66922-52e0-4fd7-9d5c-9bd7e06ec38a-360(GSat_u1)
http://kb.phenoscape.org/uuid/c8d66922-52e0-4fd7-9d5c-9bd7e06ec38a-563(GSat_u1) → http://kb.phenoscape.org/uuid/c8d66922-52e0-4fd7-9d5c-9bd7e06ec38a-557(GSat_u1)
http://kb.phenoscape.org/uuid/c8d66922-52e0-4fd7-9d5c-9bd7e06ec38a-646(GSat_u1) → http://kb.phenoscape.org/uuid/c8d66922-52e0-4fd7-9d5c-9bd7e06ec38a-640(GSat_u1)
http://purl.obolibrary.org/obo/BFO_0000050(GSat_u1,GSat_u2) & http://purl.obolibrary.org/obo/TAO_0001771(GSat_u2) → http://purl.obolibrary.org/obo/BFO_0000050_some_http://purl.obolibrary.org/obo/TAO_0001771(GSat_u1)
http://kb.phenoscape.org/uuid/c8d66922-52e0-4fd7-9d5c-9bd7e06ec38a-343(GSat_u1) → http://kb.phenoscape.org/uuid/c8d66922-52e0-4fd7-9d5c-9bd7e06ec38a-332(GSat_u1)
http://kb.phenoscape.org/uuid/c8d66922-52e0-4fd7-9d5c-9bd7e06ec38a-443(GSat_u1) → http://kb.phenoscape.org/uuid/c8d66922-52e0-4fd7-9d5c-9bd7e06ec38a-448(GSat_u1)
http://kb.phenoscape.org/uuid/c8d66922-52e0-4fd7-9d5c-9bd7e06ec38a-676(GSat_u1) → http://kb.phenoscape.org/uuid/c8d66922-52e0-4fd7-9d5c-9bd7e06ec38a-670(GSat_u1)
http://kb.phenoscape.org/uuid/c8d66922-52e0-4fd7-9d5c-9bd7e06ec38a-424(GSat_u1) → http://kb.phenoscape.org/uuid/c8d66922-52e0-4fd7-9d5c-9bd7e06ec38a-437(GSat_u1)
http://purl.obolibrary.org/obo/BFO_0000050(GSat_u1,GSat_u2) & http://purl.obolibrary.org/obo/TAO_0000646(GSat_u2) → http://purl.obolibrary.org/obo/BFO_0000050_some_http://purl.obolibrary.org/obo/TAO_0000646(GSat_u1)
http://purl.obolibrary.org/obo/BFO_0000053(GSat_u1,GSat_u2) & http://purl.obolibrary.org/obo/TAO_0000066(GSat_u2) → http://purl.obolibrary.org/obo/BFO_0000053_some_http://purl.obolibrary.org/obo/TAO_0000066(GSat_u1)
http://purl.obolibrary.org/obo/BFO_0000050(GSat_u1,GSat_u2) & http://purl.obolibrary.org/obo/TAO_0000242(GSat_u2) → http://purl.obolibrary.org/obo/BFO_0000050_some_http://purl.obolibrary.org/obo/TAO_0000242(GSat_u1)
http://kb.phenoscape.org/uuid/c8d66922-52e0-4fd7-9d5c-9bd7e06ec38a-418(GSat_u1) → http://kb.phenoscape.org/uuid/c8d66922-52e0-4fd7-9d5c-9bd7e06ec38a-413(GSat_u1)
http://purl.obolibrary.org/obo/BFO_0000053(GSat_u1,GSat_u2) & http://purl.obolibrary.org/obo/PATO_0000117(GSat_u2) → http://purl.obolibrary.org/obo/BFO_0000053_some_http://purl.obolibrary.org/obo/PATO_0000117(GSat_u1)
http://purl.obolibrary.org/obo/BFO_0000056(GSat_u1,GSat_u2) → http://purl.obolibrary.org/obo/BFO_0000004(GSat_u1)
http://purl.obolibrary.org/obo/BFO_0000053_some_http://purl.obolibrary.org/obo/TAO_0000646(GSat_u1) → http://purl.obolibrary.org/obo/BFO_0000004(GSat_u1)
http://purl.obolibrary.org/obo/BFO_0000053_some_http://purl.obolibrary.org/obo/TAO_0001594(GSat_u1) → http://purl.obolibrary.org/obo/BFO_0000004(GSat_u1)
http://kb.phenoscape.org/uuid/c8d66922-52e0-4fd7-9d5c-9bd7e06ec38a-437(GSat_u1) → http://kb.phenoscape.org/uuid/c8d66922-52e0-4fd7-9d5c-9bd7e06ec38a-424(GSat_u1)
http://purl.obolibrary.org/obo/BFO_0000050(GSat_u1,GSat_u2) & http://purl.obolibrary.org/obo/TAO_0001769(GSat_u2) → http://purl.obolibrary.org/obo/BFO_0000050_some_http://purl.obolibrary.org/obo/TAO_0001769(GSat_u1)
http://purl.obolibrary.org/obo/CARO_0010000(GSat_u1) → http://purl.obolibrary.org/obo/CARO_0000003(GSat_u1)
http://purl.obolibrary.org/obo/BFO_0000053_some_http://purl.obolibrary.org/obo/TAO_0000368(GSat_u1) → http://purl.obolibrary.org/obo/BFO_0000004(GSat_u1)
http://purl.obolibrary.org/obo/TAO_0000323(GSat_u2) & http://purl.obolibrary.org/obo/BFO_0000050(GSat_u1,GSat_u2) → http://purl.obolibrary.org/obo/BFO_0000050_some_http://purl.obolibrary.org/obo/TAO_0000323(GSat_u1)
http://purl.obolibrary.org/obo/BFO_0000053_some_http://purl.obolibrary.org/obo/PATO_0002249(GSat_u1) → http://purl.obolibrary.org/obo/BFO_0000004(GSat_u1)
http://purl.obolibrary.org/obo/TAO_0000621(GSat_u2) & http://purl.obolibrary.org/obo/BFO_0000050(GSat_u1,GSat_u2) → http://purl.obolibrary.org/obo/BFO_0000050_some_http://purl.obolibrary.org/obo/TAO_0000621(GSat_u1)
http://purl.obolibrary.org/obo/BFO_0000051(GSat_u2,GSat_u1) → http://purl.obolibrary.org/obo/BFO_0000050(GSat_u1,GSat_u2)
http://kb.phenoscape.org/uuid/c8d66922-52e0-4fd7-9d5c-9bd7e06ec38a-366(GSat_u1) → http://kb.phenoscape.org/uuid/c8d66922-52e0-4fd7-9d5c-9bd7e06ec38a-389(GSat_u1)
http://kb.phenoscape.org/uuid/c8d66922-52e0-4fd7-9d5c-9bd7e06ec38a-640(GSat_u1) → http://kb.phenoscape.org/uuid/c8d66922-52e0-4fd7-9d5c-9bd7e06ec38a-646(GSat_u1)
http://kb.phenoscape.org/uuid/c8d66922-52e0-4fd7-9d5c-9bd7e06ec38a-733(GSat_u1) → http://kb.phenoscape.org/uuid/c8d66922-52e0-4fd7-9d5c-9bd7e06ec38a-694(GSat_u1)
http://purl.obolibrary.org/obo/BFO_0000053(GSat_u1,GSat_u2) & http://purl.obolibrary.org/obo/PATO_0000140(GSat_u2) → http://purl.obolibrary.org/obo/BFO_0000053_some_http://purl.obolibrary.org/obo/PATO_0000140(GSat_u1)
http://purl.obolibrary.org/obo/BFO_0000050(GSat_u1,GSat_u2) & http://purl.obolibrary.org/obo/TAO_0001834(GSat_u2) → http://purl.obolibrary.org/obo/BFO_0000050_some_http://purl.obolibrary.org/obo/TAO_0001834(GSat_u1)
http://purl.obolibrary.org/obo/BFO_0000050(GSat_u1,GSat_u2) & http://purl.obolibrary.org/obo/TAO_0001593(GSat_u2) → http://purl.obolibrary.org/obo/BFO_0000050_some_http://purl.obolibrary.org/obo/TAO_0001593(GSat_u1)
http://kb.phenoscape.org/uuid/c8d66922-52e0-4fd7-9d5c-9bd7e06ec38a-349(GSat_u1) → http://kb.phenoscape.org/uuid/c8d66922-52e0-4fd7-9d5c-9bd7e06ec38a-338(GSat_u1)
http://kb.phenoscape.org/uuid/c8d66922-52e0-4fd7-9d5c-9bd7e06ec38a-458(GSat_u1) → http://kb.phenoscape.org/uuid/c8d66922-52e0-4fd7-9d5c-9bd7e06ec38a-448(GSat_u1)
http://purl.obolibrary.org/obo/BFO_0000053_some_http://purl.obolibrary.org/obo/PATO_0000141(GSat_u1) → http://purl.obolibrary.org/obo/BFO_0000004(GSat_u1)
http://purl.obolibrary.org/obo/BFO_0000050(GSat_u1,GSat_u2) & http://purl.obolibrary.org/obo/TAO_0000672(GSat_u2) → http://purl.obolibrary.org/obo/BFO_0000050_some_http://purl.obolibrary.org/obo/TAO_0000672(GSat_u1)
http://kb.phenoscape.org/uuid/c8d66922-52e0-4fd7-9d5c-9bd7e06ec38a-332(GSat_u1) → http://kb.phenoscape.org/uuid/c8d66922-52e0-4fd7-9d5c-9bd7e06ec38a-321(GSat_u1)
http://purl.obolibrary.org/obo/BFO_0000053_some_http://purl.obolibrary.org/obo/TAO_0001421(GSat_u1) → http://purl.obolibrary.org/obo/BFO_0000004(GSat_u1)
http://kb.phenoscape.org/uuid/c8d66922-52e0-4fd7-9d5c-9bd7e06ec38a-88(GSat_u1) → http://kb.phenoscape.org/uuid/c8d66922-52e0-4fd7-9d5c-9bd7e06ec38a-82(GSat_u1)
http://purl.obolibrary.org/obo/BFO_0000053(GSat_u1,GSat_u2) & http://purl.obolibrary.org/obo/TAO_0001559(GSat_u2) → http://purl.obolibrary.org/obo/BFO_0000053_some_http://purl.obolibrary.org/obo/TAO_0001559(GSat_u1)
http://purl.obolibrary.org/obo/BFO_0000050(GSat_u1,GSat_u2) & http://purl.obolibrary.org/obo/TAO_0000587(GSat_u2) → http://purl.obolibrary.org/obo/BFO_0000050_some_http://purl.obolibrary.org/obo/TAO_0000587(GSat_u1)
http://purl.obolibrary.org/obo/BFO_0000053(GSat_u1,GSat_u2) & http://purl.obolibrary.org/obo/TAO_0000672(GSat_u2) → http://purl.obolibrary.org/obo/BFO_0000053_some_http://purl.obolibrary.org/obo/TAO_0000672(GSat_u1)
http://purl.obolibrary.org/obo/GO_0042995(GSat_u1) → http://purl.obolibrary.org/obo/GO_0044464(GSat_u1)
http://purl.obolibrary.org/obo/BFO_0000053(GSat_u1,GSat_u2) & http://purl.obolibrary.org/obo/TAO_0001114(GSat_u2) → http://purl.obolibrary.org/obo/BFO_0000053_some_http://purl.obolibrary.org/obo/TAO_0001114(GSat_u1)
http://kb.phenoscape.org/uuid/c8d66922-52e0-4fd7-9d5c-9bd7e06ec38a-585(GSat_u1) → http://kb.phenoscape.org/uuid/c8d66922-52e0-4fd7-9d5c-9bd7e06ec38a-575(GSat_u1)
http://kb.phenoscape.org/uuid/c8d66922-52e0-4fd7-9d5c-9bd7e06ec38a-760(GSat_u1) → http://kb.phenoscape.org/uuid/c8d66922-52e0-4fd7-9d5c-9bd7e06ec38a-754(GSat_u1)
http://kb.phenoscape.org/uuid/c8d66922-52e0-4fd7-9d5c-9bd7e06ec38a-700(GSat_u1) → http://kb.phenoscape.org/uuid/c8d66922-52e0-4fd7-9d5c-9bd7e06ec38a-694(GSat_u1)
http://purl.obolibrary.org/obo/BSPO_0000678(GSat_u2) & http://purl.obolibrary.org/obo/BFO_0000050(GSat_u1,GSat_u2) → http://purl.obolibrary.org/obo/BFO_0000050_some_http://purl.obolibrary.org/obo/BSPO_0000678(GSat_u1)
http://kb.phenoscape.org/uuid/c8d66922-52e0-4fd7-9d5c-9bd7e06ec38a-413(GSat_u1) → http://kb.phenoscape.org/uuid/c8d66922-52e0-4fd7-9d5c-9bd7e06ec38a-418(GSat_u1)
http://purl.obolibrary.org/obo/BFO_0000053_some_http://purl.obolibrary.org/obo/TAO_0000076(GSat_u1) → http://purl.obolibrary.org/obo/BFO_0000004(GSat_u1)
http://purl.obolibrary.org/obo/BFO_0000053(GSat_u1,GSat_u2) & http://purl.obolibrary.org/obo/PATO_0000947(GSat_u2) → http://purl.obolibrary.org/obo/BFO_0000053_some_http://purl.obolibrary.org/obo/PATO_0000947(GSat_u1)
http://purl.obolibrary.org/obo/CL_0000540(GSat_u1) → http://purl.obolibrary.org/obo/CL_0000000(GSat_u1)
http://kb.phenoscape.org/uuid/c8d66922-52e0-4fd7-9d5c-9bd7e06ec38a-580(GSat_u1) → http://kb.phenoscape.org/uuid/c8d66922-52e0-4fd7-9d5c-9bd7e06ec38a-570(GSat_u1)
http://kb.phenoscape.org/uuid/c8d66922-52e0-4fd7-9d5c-9bd7e06ec38a-202(GSat_u1) → http://kb.phenoscape.org/uuid/c8d66922-52e0-4fd7-9d5c-9bd7e06ec38a-212(GSat_u1)
http://purl.obolibrary.org/obo/BFO_0000053_some_http://purl.obolibrary.org/obo/PATO_0002180(GSat_u1) → http://purl.obolibrary.org/obo/BFO_0000004(GSat_u1)
http://kb.phenoscape.org/uuid/c8d66922-52e0-4fd7-9d5c-9bd7e06ec38a-726(GSat_u1) → http://kb.phenoscape.org/uuid/c8d66922-52e0-4fd7-9d5c-9bd7e06ec38a-694(GSat_u1)
http://kb.phenoscape.org/uuid/c8d66922-52e0-4fd7-9d5c-9bd7e06ec38a-477(GSat_u1) → http://kb.phenoscape.org/uuid/c8d66922-52e0-4fd7-9d5c-9bd7e06ec38a-484(GSat_u1)
http://purl.obolibrary.org/obo/GO_0045211(GSat_u1) → http://purl.obolibrary.org/obo/GO_0016020(GSat_u1)
http://purl.obolibrary.org/obo/BFO_0000053_some_http://purl.obolibrary.org/obo/PATO_0000327(GSat_u1) → http://purl.obolibrary.org/obo/BFO_0000004(GSat_u1)
http://kb.phenoscape.org/uuid/c8d66922-52e0-4fd7-9d5c-9bd7e06ec38a-244(GSat_u1) → http://kb.phenoscape.org/uuid/c8d66922-52e0-4fd7-9d5c-9bd7e06ec38a-231(GSat_u1)
http://purl.obolibrary.org/obo/BFO_0000053_some_http://purl.obolibrary.org/obo/PATO_0000406(GSat_u1) → http://purl.obolibrary.org/obo/BFO_0000004(GSat_u1)
http://purl.obolibrary.org/obo/BFO_0000050(GSat_u1,GSat_u2) & http://purl.obolibrary.org/obo/TAO_0000620(GSat_u2) → http://purl.obolibrary.org/obo/BFO_0000050_some_http://purl.obolibrary.org/obo/TAO_0000620(GSat_u1)
http://purl.obolibrary.org/obo/TAO_0000303(GSat_u2) & http://purl.obolibrary.org/obo/BFO_0000050(GSat_u1,GSat_u2) → http://purl.obolibrary.org/obo/BFO_0000050_some_http://purl.obolibrary.org/obo/TAO_0000303(GSat_u1)
http://purl.obolibrary.org/obo/BFO_0000053_some_http://purl.obolibrary.org/obo/TAO_0000240(GSat_u1) → http://purl.obolibrary.org/obo/BFO_0000004(GSat_u1)
http://purl.obolibrary.org/obo/BFO_0000050(GSat_u1,GSat_u2) & http://purl.obolibrary.org/obo/BSPO_0000680(GSat_u2) → http://purl.obolibrary.org/obo/BFO_0000050_some_http://purl.obolibrary.org/obo/BSPO_0000680(GSat_u1)
http://kb.phenoscape.org/uuid/c8d66922-52e0-4fd7-9d5c-9bd7e06ec38a-69(GSat_u1) → http://kb.phenoscape.org/uuid/c8d66922-52e0-4fd7-9d5c-9bd7e06ec38a-63(GSat_u1)
http://purl.obolibrary.org/obo/BFO_0000002(GSat_u1) → http://purl.obolibrary.org/obo/BFO_0000001(GSat_u1)
http://purl.obolibrary.org/obo/BFO_0000053_some_http://purl.obolibrary.org/obo/TAO_0000620(GSat_u1) → http://purl.obolibrary.org/obo/BFO_0000004(GSat_u1)
http://purl.obolibrary.org/obo/BFO_0000050(GSat_u1,GSat_u2) & http://purl.obolibrary.org/obo/TAO_0000594(GSat_u2) → http://purl.obolibrary.org/obo/BFO_0000050_some_http://purl.obolibrary.org/obo/TAO_0000594(GSat_u1)
http://purl.obolibrary.org/obo/BFO_0000053(GSat_u1,GSat_u2) & http://purl.obolibrary.org/obo/PATO_0000462(GSat_u2) → http://purl.obolibrary.org/obo/BFO_0000053_some_http://purl.obolibrary.org/obo/PATO_0000462(GSat_u1)
http://kb.phenoscape.org/uuid/c8d66922-52e0-4fd7-9d5c-9bd7e06ec38a-513(GSat_u1) → http://kb.phenoscape.org/uuid/c8d66922-52e0-4fd7-9d5c-9bd7e06ec38a-507(GSat_u1)
http://kb.phenoscape.org/uuid/c8d66922-52e0-4fd7-9d5c-9bd7e06ec38a-190(GSat_u1) → http://kb.phenoscape.org/uuid/c8d66922-52e0-4fd7-9d5c-9bd7e06ec38a-169(GSat_u1)
http://kb.phenoscape.org/uuid/c8d66922-52e0-4fd7-9d5c-9bd7e06ec38a-338(GSat_u1) → http://kb.phenoscape.org/uuid/c8d66922-52e0-4fd7-9d5c-9bd7e06ec38a-349(GSat_u1)
http://kb.phenoscape.org/uuid/c8d66922-52e0-4fd7-9d5c-9bd7e06ec38a-580(GSat_u1) → http://kb.phenoscape.org/uuid/c8d66922-52e0-4fd7-9d5c-9bd7e06ec38a-575(GSat_u1)
http://kb.phenoscape.org/uuid/c8d66922-52e0-4fd7-9d5c-9bd7e06ec38a-614(GSat_u1) → http://kb.phenoscape.org/uuid/c8d66922-52e0-4fd7-9d5c-9bd7e06ec38a-627(GSat_u1)
http://kb.phenoscape.org/uuid/c8d66922-52e0-4fd7-9d5c-9bd7e06ec38a-700(GSat_u1) → http://kb.phenoscape.org/uuid/c8d66922-52e0-4fd7-9d5c-9bd7e06ec38a-711(GSat_u1)
http://purl.obolibrary.org/obo/BFO_0000053(GSat_u1,GSat_u2) & http://purl.obolibrary.org/obo/TAO_0000268(GSat_u2) → http://purl.obolibrary.org/obo/BFO_0000053_some_http://purl.obolibrary.org/obo/TAO_0000268(GSat_u1)
http://kb.phenoscape.org/uuid/c8d66922-52e0-4fd7-9d5c-9bd7e06ec38a-688(GSat_u1) → http://kb.phenoscape.org/uuid/c8d66922-52e0-4fd7-9d5c-9bd7e06ec38a-683(GSat_u1)
http://kb.phenoscape.org/uuid/c8d66922-52e0-4fd7-9d5c-9bd7e06ec38a-332(GSat_u1) → http://kb.phenoscape.org/uuid/c8d66922-52e0-4fd7-9d5c-9bd7e06ec38a-343(GSat_u1)
http://kb.phenoscape.org/uuid/c8d66922-52e0-4fd7-9d5c-9bd7e06ec38a-138(GSat_u1) → http://kb.phenoscape.org/uuid/c8d66922-52e0-4fd7-9d5c-9bd7e06ec38a-162(GSat_u1)
http://kb.phenoscape.org/uuid/c8d66922-52e0-4fd7-9d5c-9bd7e06ec38a-69(GSat_u1) → http://kb.phenoscape.org/uuid/c8d66922-52e0-4fd7-9d5c-9bd7e06ec38a-75(GSat_u1)
http://kb.phenoscape.org/uuid/c8d66922-52e0-4fd7-9d5c-9bd7e06ec38a-376(GSat_u1) → http://kb.phenoscape.org/uuid/c8d66922-52e0-4fd7-9d5c-9bd7e06ec38a-399(GSat_u1)
http://kb.phenoscape.org/uuid/c8d66922-52e0-4fd7-9d5c-9bd7e06ec38a-157(GSat_u1) → http://kb.phenoscape.org/uuid/c8d66922-52e0-4fd7-9d5c-9bd7e06ec38a-133(GSat_u1)
http://kb.phenoscape.org/uuid/c8d66922-52e0-4fd7-9d5c-9bd7e06ec38a-162(GSat_u1) → http://kb.phenoscape.org/uuid/c8d66922-52e0-4fd7-9d5c-9bd7e06ec38a-138(GSat_u1)
http://purl.obolibrary.org/obo/BFO_0000053_some_http://purl.obolibrary.org/obo/TAO_0000672(GSat_u1) → http://purl.obolibrary.org/obo/BFO_0000004(GSat_u1)
http://kb.phenoscape.org/uuid/c8d66922-52e0-4fd7-9d5c-9bd7e06ec38a-207(GSat_u1) → http://kb.phenoscape.org/uuid/c8d66922-52e0-4fd7-9d5c-9bd7e06ec38a-217(GSat_u1)
http://purl.obolibrary.org/obo/BFO_0000053_some_http://purl.obolibrary.org/obo/PATO_0000462(GSat_u1) → http://purl.obolibrary.org/obo/BFO_0000004(GSat_u1)
http://purl.obolibrary.org/obo/BFO_0000050(GSat_u1,GSat_u2) & http://purl.obolibrary.org/obo/TAO_0001625(GSat_u2) → http://purl.obolibrary.org/obo/BFO_0000050_some_http://purl.obolibrary.org/obo/TAO_0001625(GSat_u1)
http://purl.obolibrary.org/obo/BFO_0000004(GSat_u1) → http://purl.obolibrary.org/obo/BFO_0000002(GSat_u1)
http://kb.phenoscape.org/uuid/c8d66922-52e0-4fd7-9d5c-9bd7e06ec38a-525(GSat_u1) → http://kb.phenoscape.org/uuid/c8d66922-52e0-4fd7-9d5c-9bd7e06ec38a-531(GSat_u1)
http://purl.obolibrary.org/obo/BFO_0000053_some_http://purl.obolibrary.org/obo/TAO_0001787(GSat_u1) → http://purl.obolibrary.org/obo/BFO_0000004(GSat_u1)
http://kb.phenoscape.org/uuid/c8d66922-52e0-4fd7-9d5c-9bd7e06ec38a-290(GSat_u1) → http://kb.phenoscape.org/uuid/c8d66922-52e0-4fd7-9d5c-9bd7e06ec38a-296(GSat_u1)
http://kb.phenoscape.org/uuid/c8d66922-52e0-4fd7-9d5c-9bd7e06ec38a-733(GSat_u1) → http://kb.phenoscape.org/uuid/c8d66922-52e0-4fd7-9d5c-9bd7e06ec38a-700(GSat_u1)
http://purl.obolibrary.org/obo/BFO_0000053_some_http://purl.obolibrary.org/obo/PATO_0000569(GSat_u1) → http://purl.obolibrary.org/obo/BFO_0000004(GSat_u1)
http://kb.phenoscape.org/uuid/c8d66922-52e0-4fd7-9d5c-9bd7e06ec38a-683(GSat_u1) → http://kb.phenoscape.org/uuid/c8d66922-52e0-4fd7-9d5c-9bd7e06ec38a-688(GSat_u1)
http://purl.obolibrary.org/obo/CARO_0001000(GSat_u1) → http://purl.obolibrary.org/obo/CARO_0000003(GSat_u1)
http://kb.phenoscape.org/uuid/c8d66922-52e0-4fd7-9d5c-9bd7e06ec38a-153(GSat_u1) → http://kb.phenoscape.org/uuid/c8d66922-52e0-4fd7-9d5c-9bd7e06ec38a-143(GSat_u1)
http://kb.phenoscape.org/uuid/c8d66922-52e0-4fd7-9d5c-9bd7e06ec38a-557(GSat_u1) → http://kb.phenoscape.org/uuid/c8d66922-52e0-4fd7-9d5c-9bd7e06ec38a-563(GSat_u1)
http://purl.obolibrary.org/obo/GO_0045211(GSat_u1) → http://purl.obolibrary.org/obo/GO_0044456(GSat_u1)
http://purl.obolibrary.org/obo/BFO_0000050(GSat_u1,GSat_u2) & http://purl.obolibrary.org/obo/TAO_0000308(GSat_u2) → http://purl.obolibrary.org/obo/BFO_0000050_some_http://purl.obolibrary.org/obo/TAO_0000308(GSat_u1)
http://kb.phenoscape.org/uuid/c8d66922-52e0-4fd7-9d5c-9bd7e06ec38a-212(GSat_u1) → http://kb.phenoscape.org/uuid/c8d66922-52e0-4fd7-9d5c-9bd7e06ec38a-202(GSat_u1)
http://purl.obolibrary.org/obo/CARO_0000003(GSat_u1) → http://purl.obolibrary.org/obo/CARO_0000006(GSat_u1)
http://kb.phenoscape.org/uuid/c8d66922-52e0-4fd7-9d5c-9bd7e06ec38a-570(GSat_u1) → http://kb.phenoscape.org/uuid/c8d66922-52e0-4fd7-9d5c-9bd7e06ec38a-585(GSat_u1)
http://purl.obolibrary.org/obo/BFO_0000050(GSat_u1,GSat_u2) & http://purl.obolibrary.org/obo/TAO_0001420(GSat_u2) → http://purl.obolibrary.org/obo/BFO_0000050_some_http://purl.obolibrary.org/obo/TAO_0001420(GSat_u1)
http://purl.obolibrary.org/obo/BFO_0000053(GSat_u1,GSat_u2) & http://purl.obolibrary.org/obo/PATO_0001154(GSat_u2) → http://purl.obolibrary.org/obo/BFO_0000053_some_http://purl.obolibrary.org/obo/PATO_0001154(GSat_u1)
http://purl.obolibrary.org/obo/BFO_0000053(GSat_u1,GSat_u2) & http://purl.obolibrary.org/obo/PATO_0000586(GSat_u2) → http://purl.obolibrary.org/obo/BFO_0000053_some_http://purl.obolibrary.org/obo/PATO_0000586(GSat_u1)
http://purl.obolibrary.org/obo/RO_0002150(GSat_u1,GSat_u2) → http://purl.obolibrary.org/obo/BFO_0000004(GSat_u1)
http://purl.obolibrary.org/obo/BFO_0000053_some_http://purl.obolibrary.org/obo/PATO_0000140(GSat_u1) → http://purl.obolibrary.org/obo/BFO_0000004(GSat_u1)
http://purl.obolibrary.org/obo/BFO_0000007(GSat_u1) → http://purl.obolibrary.org/obo/BFO_0000003(GSat_u1)
http://purl.obolibrary.org/obo/BFO_0000050(GSat_u1,GSat_u2) & http://purl.obolibrary.org/obo/TAO_0001118(GSat_u2) → http://purl.obolibrary.org/obo/BFO_0000050_some_http://purl.obolibrary.org/obo/TAO_0001118(GSat_u1)
http://purl.obolibrary.org/obo/BFO_0000050(GSat_u1,GSat_u2) & http://purl.obolibrary.org/obo/TAO_0000178(GSat_u2) → http://purl.obolibrary.org/obo/BFO_0000050_some_http://purl.obolibrary.org/obo/TAO_0000178(GSat_u1)
http://purl.obolibrary.org/obo/PATO_0000141(GSat_u2) & http://purl.obolibrary.org/obo/BFO_0000053(GSat_u1,GSat_u2) → http://purl.obolibrary.org/obo/BFO_0000053_some_http://purl.obolibrary.org/obo/PATO_0000141(GSat_u1)
http://purl.obolibrary.org/obo/BFO_0000053_some_http://purl.obolibrary.org/obo/TAO_0001969(GSat_u1) → http://purl.obolibrary.org/obo/BFO_0000004(GSat_u1)
http://purl.obolibrary.org/obo/BFO_0000050(GSat_u1,GSat_u2) & http://purl.obolibrary.org/obo/TAO_0000567(GSat_u2) → http://purl.obolibrary.org/obo/BFO_0000050_some_http://purl.obolibrary.org/obo/TAO_0000567(GSat_u1)
http://kb.phenoscape.org/uuid/c8d66922-52e0-4fd7-9d5c-9bd7e06ec38a-360(GSat_u1) → http://kb.phenoscape.org/uuid/c8d66922-52e0-4fd7-9d5c-9bd7e06ec38a-355(GSat_u1)
http://purl.obolibrary.org/obo/BFO_0000050(GSat_u1,GSat_u2) & http://purl.obolibrary.org/obo/TAO_0002001(GSat_u2) → http://purl.obolibrary.org/obo/BFO_0000050_some_http://purl.obolibrary.org/obo/TAO_0002001(GSat_u1)
http://kb.phenoscape.org/uuid/c8d66922-52e0-4fd7-9d5c-9bd7e06ec38a-227(GSat_u1) → http://kb.phenoscape.org/uuid/c8d66922-52e0-4fd7-9d5c-9bd7e06ec38a-240(GSat_u1)
http://kb.phenoscape.org/uuid/c8d66922-52e0-4fd7-9d5c-9bd7e06ec38a-580(GSat_u1) → http://kb.phenoscape.org/uuid/c8d66922-52e0-4fd7-9d5c-9bd7e06ec38a-585(GSat_u1)
http://purl.obolibrary.org/obo/BFO_0000053(GSat_u1,GSat_u2) & http://purl.obolibrary.org/obo/TAO_0001969(GSat_u2) → http://purl.obolibrary.org/obo/BFO_0000053_some_http://purl.obolibrary.org/obo/TAO_0001969(GSat_u1)
http://kb.phenoscape.org/uuid/c8d66922-52e0-4fd7-9d5c-9bd7e06ec38a-277(GSat_u1) → http://kb.phenoscape.org/uuid/c8d66922-52e0-4fd7-9d5c-9bd7e06ec38a-265(GSat_u1)
http://purl.obolibrary.org/obo/BFO_0000056(GSat_u2,GSat_u1) → http://purl.obolibrary.org/obo/BFO_0000003(GSat_u1)
http://purl.obolibrary.org/obo/BFO_0000053_some_http://purl.obolibrary.org/obo/PATO_0001873(GSat_u1) → http://purl.obolibrary.org/obo/BFO_0000004(GSat_u1)
http://kb.phenoscape.org/uuid/c8d66922-52e0-4fd7-9d5c-9bd7e06ec38a-321(GSat_u1) → http://kb.phenoscape.org/uuid/c8d66922-52e0-4fd7-9d5c-9bd7e06ec38a-332(GSat_u1)
http://purl.obolibrary.org/obo/RO_0002202(GSat_u2,GSat_u1) → http://purl.obolibrary.org/obo/BFO_0000004(GSat_u1)
http://kb.phenoscape.org/uuid/c8d66922-52e0-4fd7-9d5c-9bd7e06ec38a-122(GSat_u1) → http://kb.phenoscape.org/uuid/c8d66922-52e0-4fd7-9d5c-9bd7e06ec38a-116(GSat_u1)
http://purl.obolibrary.org/obo/BFO_0000052(GSat_u2,GSat_u1) → http://purl.obolibrary.org/obo/BFO_0000053(GSat_u1,GSat_u2)
http://kb.phenoscape.org/uuid/c8d66922-52e0-4fd7-9d5c-9bd7e06ec38a-602(GSat_u1) → http://kb.phenoscape.org/uuid/c8d66922-52e0-4fd7-9d5c-9bd7e06ec38a-607(GSat_u1)
http://kb.phenoscape.org/uuid/c8d66922-52e0-4fd7-9d5c-9bd7e06ec38a-371(GSat_u1) → http://kb.phenoscape.org/uuid/c8d66922-52e0-4fd7-9d5c-9bd7e06ec38a-394(GSat_u1)
http://purl.obolibrary.org/obo/BFO_0000050(GSat_u1,GSat_u2) & http://purl.obolibrary.org/obo/TAO_0001969(GSat_u2) → http://purl.obolibrary.org/obo/BFO_0000050_some_http://purl.obolibrary.org/obo/TAO_0001969(GSat_u1)
http://kb.phenoscape.org/uuid/c8d66922-52e0-4fd7-9d5c-9bd7e06ec38a-726(GSat_u1) → http://kb.phenoscape.org/uuid/c8d66922-52e0-4fd7-9d5c-9bd7e06ec38a-733(GSat_u1)
http://purl.obolibrary.org/obo/BFO_0000053(GSat_u1,GSat_u2) & http://purl.obolibrary.org/obo/TAO_0001421(GSat_u2) → http://purl.obolibrary.org/obo/BFO_0000053_some_http://purl.obolibrary.org/obo/TAO_0001421(GSat_u1)
http://kb.phenoscape.org/uuid/c8d66922-52e0-4fd7-9d5c-9bd7e06ec38a-195(GSat_u1) → http://kb.phenoscape.org/uuid/c8d66922-52e0-4fd7-9d5c-9bd7e06ec38a-179(GSat_u1)
http://purl.obolibrary.org/obo/BFO_0000050(GSat_u1,GSat_u2) & http://purl.obolibrary.org/obo/TAO_0000268(GSat_u2) → http://purl.obolibrary.org/obo/BFO_0000050_some_http://purl.obolibrary.org/obo/TAO_0000268(GSat_u1)
http://purl.obolibrary.org/obo/BFO_0000053_some_http://purl.obolibrary.org/obo/PATO_0000052(GSat_u1) → http://purl.obolibrary.org/obo/BFO_0000004(GSat_u1)
http://kb.phenoscape.org/uuid/c8d66922-52e0-4fd7-9d5c-9bd7e06ec38a-448(GSat_u1) → http://kb.phenoscape.org/uuid/c8d66922-52e0-4fd7-9d5c-9bd7e06ec38a-458(GSat_u1)
http://kb.phenoscape.org/uuid/c8d66922-52e0-4fd7-9d5c-9bd7e06ec38a-694(GSat_u1) → http://kb.phenoscape.org/uuid/c8d66922-52e0-4fd7-9d5c-9bd7e06ec38a-711(GSat_u1)
http://kb.phenoscape.org/uuid/c8d66922-52e0-4fd7-9d5c-9bd7e06ec38a-661(GSat_u1) → http://kb.phenoscape.org/uuid/c8d66922-52e0-4fd7-9d5c-9bd7e06ec38a-653(GSat_u1)
http://purl.obolibrary.org/obo/RO_0002150(GSat_u2,GSat_u1) → http://purl.obolibrary.org/obo/BFO_0000004(GSat_u1)
http://purl.obolibrary.org/obo/BFO_0000050(GSat_u1,GSat_u2) & http://purl.obolibrary.org/obo/TAO_0001813(GSat_u2) → http://purl.obolibrary.org/obo/BFO_0000050_some_http://purl.obolibrary.org/obo/TAO_0001813(GSat_u1)
http://purl.obolibrary.org/obo/BFO_0000050(GSat_u1,GSat_u2) & http://purl.obolibrary.org/obo/BSPO_0000066(GSat_u2) → http://purl.obolibrary.org/obo/BFO_0000050_some_http://purl.obolibrary.org/obo/BSPO_0000066(GSat_u1)
http://purl.obolibrary.org/obo/BFO_0000053(GSat_u1,GSat_u2) & http://purl.obolibrary.org/obo/PATO_0001857(GSat_u2) → http://purl.obolibrary.org/obo/BFO_0000053_some_http://purl.obolibrary.org/obo/PATO_0001857(GSat_u1)
http://purl.obolibrary.org/obo/BFO_0000053_some_http://purl.obolibrary.org/obo/PATO_0001449(GSat_u1) → http://purl.obolibrary.org/obo/BFO_0000004(GSat_u1)
http://purl.obolibrary.org/obo/BFO_0000053_some_http://purl.obolibrary.org/obo/TAO_0001094(GSat_u1) → http://purl.obolibrary.org/obo/BFO_0000004(GSat_u1)
http://purl.obolibrary.org/obo/TAO_0001787(GSat_u2) & http://purl.obolibrary.org/obo/BFO_0000050(GSat_u1,GSat_u2) → http://purl.obolibrary.org/obo/BFO_0000050_some_http://purl.obolibrary.org/obo/TAO_0001787(GSat_u1)
http://kb.phenoscape.org/uuid/c8d66922-52e0-4fd7-9d5c-9bd7e06ec38a-700(GSat_u1) → http://kb.phenoscape.org/uuid/c8d66922-52e0-4fd7-9d5c-9bd7e06ec38a-720(GSat_u1)
http://kb.phenoscape.org/uuid/c8d66922-52e0-4fd7-9d5c-9bd7e06ec38a-607(GSat_u1) → http://kb.phenoscape.org/uuid/c8d66922-52e0-4fd7-9d5c-9bd7e06ec38a-602(GSat_u1)
http://purl.obolibrary.org/obo/BFO_0000053(GSat_u2,GSat_u1) → http://purl.obolibrary.org/obo/BFO_0000052(GSat_u1,GSat_u2)
http://purl.obolibrary.org/obo/BFO_0000053_some_http://purl.obolibrary.org/obo/PATO_0002054(GSat_u1) → http://purl.obolibrary.org/obo/BFO_0000004(GSat_u1)
http://purl.obolibrary.org/obo/ENVO_0002036(GSat_u1) → http://purl.obolibrary.org/obo/BFO_0000004(GSat_u1)
http://kb.phenoscape.org/uuid/c8d66922-52e0-4fd7-9d5c-9bd7e06ec38a-63(GSat_u1) → http://kb.phenoscape.org/uuid/c8d66922-52e0-4fd7-9d5c-9bd7e06ec38a-69(GSat_u1)
http://purl.obolibrary.org/obo/BFO_0000053(GSat_u1,GSat_u2) & http://purl.obolibrary.org/obo/TAO_0000076(GSat_u2) → http://purl.obolibrary.org/obo/BFO_0000053_some_http://purl.obolibrary.org/obo/TAO_0000076(GSat_u1)
http://purl.obolibrary.org/obo/BFO_0000053_some_http://purl.obolibrary.org/obo/PATO_0000586(GSat_u1) → http://purl.obolibrary.org/obo/BFO_0000004(GSat_u1)
http://purl.obolibrary.org/obo/GO_0042734(GSat_u1) → http://purl.obolibrary.org/obo/GO_0016020(GSat_u1)
http://purl.obolibrary.org/obo/BFO_0000050(GSat_u1,GSat_u2) & http://purl.obolibrary.org/obo/TAO_0000576(GSat_u2) → http://purl.obolibrary.org/obo/BFO_0000050_some_http://purl.obolibrary.org/obo/TAO_0000576(GSat_u1)
http://purl.obolibrary.org/obo/BFO_0000053_some_http://purl.obolibrary.org/obo/PATO_0001946(GSat_u1) → http://purl.obolibrary.org/obo/BFO_0000004(GSat_u1)
http://purl.obolibrary.org/obo/BFO_0000040(GSat_u1) → http://purl.obolibrary.org/obo/BFO_0000004(GSat_u1)
http://kb.phenoscape.org/uuid/c8d66922-52e0-4fd7-9d5c-9bd7e06ec38a-212(GSat_u1) → http://kb.phenoscape.org/uuid/c8d66922-52e0-4fd7-9d5c-9bd7e06ec38a-207(GSat_u1)
http://purl.obolibrary.org/obo/TAO_0001594(GSat_u2) & http://purl.obolibrary.org/obo/BFO_0000053(GSat_u1,GSat_u2) → http://purl.obolibrary.org/obo/BFO_0000053_some_http://purl.obolibrary.org/obo/TAO_0001594(GSat_u1)
http://purl.obolibrary.org/obo/CARO_0000006(GSat_u1) → http://purl.obolibrary.org/obo/BFO_0000040(GSat_u1)
http://kb.phenoscape.org/uuid/c8d66922-52e0-4fd7-9d5c-9bd7e06ec38a-202(GSat_u1) → http://kb.phenoscape.org/uuid/c8d66922-52e0-4fd7-9d5c-9bd7e06ec38a-207(GSat_u1)
http://purl.obolibrary.org/obo/BFO_0000050(GSat_u1,GSat_u2) & http://purl.obolibrary.org/obo/TAO_0000270(GSat_u2) → http://purl.obolibrary.org/obo/BFO_0000050_some_http://purl.obolibrary.org/obo/TAO_0000270(GSat_u1)
http://purl.obolibrary.org/obo/TAO_0001789(GSat_u2) & http://purl.obolibrary.org/obo/BFO_0000050(GSat_u1,GSat_u2) → http://purl.obolibrary.org/obo/BFO_0000050_some_http://purl.obolibrary.org/obo/TAO_0001789(GSat_u1)
http://purl.obolibrary.org/obo/BFO_0000053(GSat_u1,GSat_u2) & http://purl.obolibrary.org/obo/PATO_0000070(GSat_u2) → http://purl.obolibrary.org/obo/BFO_0000053_some_http://purl.obolibrary.org/obo/PATO_0000070(GSat_u1)
http://kb.phenoscape.org/uuid/c8d66922-52e0-4fd7-9d5c-9bd7e06ec38a-202(GSat_u1) → http://kb.phenoscape.org/uuid/c8d66922-52e0-4fd7-9d5c-9bd7e06ec38a-217(GSat_u1)
http://kb.phenoscape.org/uuid/c8d66922-52e0-4fd7-9d5c-9bd7e06ec38a-484(GSat_u1) → http://kb.phenoscape.org/uuid/c8d66922-52e0-4fd7-9d5c-9bd7e06ec38a-477(GSat_u1)
http://purl.obolibrary.org/obo/BFO_0000053(GSat_u1,GSat_u2) & http://purl.obolibrary.org/obo/TAO_0000514(GSat_u2) → http://purl.obolibrary.org/obo/BFO_0000053_some_http://purl.obolibrary.org/obo/TAO_0000514(GSat_u1)
http://purl.obolibrary.org/obo/BFO_0000053_some_http://purl.obolibrary.org/obo/TAO_0000066(GSat_u1) → http://purl.obolibrary.org/obo/BFO_0000004(GSat_u1)
http://purl.obolibrary.org/obo/BFO_0000050(GSat_u1,GSat_u2) & http://purl.obolibrary.org/obo/TAO_0001114(GSat_u2) → http://purl.obolibrary.org/obo/BFO_0000050_some_http://purl.obolibrary.org/obo/TAO_0001114(GSat_u1)
http://purl.obolibrary.org/obo/BFO_0000050(GSat_u1,GSat_u2) & http://purl.obolibrary.org/obo/TAO_0001421(GSat_u2) → http://purl.obolibrary.org/obo/BFO_0000050_some_http://purl.obolibrary.org/obo/TAO_0001421(GSat_u1)
http://purl.obolibrary.org/obo/TAO_0000368(GSat_u2) & http://purl.obolibrary.org/obo/BFO_0000050(GSat_u1,GSat_u2) → http://purl.obolibrary.org/obo/BFO_0000050_some_http://purl.obolibrary.org/obo/TAO_0000368(GSat_u1)
http://purl.obolibrary.org/obo/BFO_0000050(GSat_u1,GSat_u2) & http://purl.obolibrary.org/obo/TAO_0001811(GSat_u2) → http://purl.obolibrary.org/obo/BFO_0000050_some_http://purl.obolibrary.org/obo/TAO_0001811(GSat_u1)
http://purl.obolibrary.org/obo/TAO_0000240(GSat_u2) & http://purl.obolibrary.org/obo/BFO_0000053(GSat_u1,GSat_u2) → http://purl.obolibrary.org/obo/BFO_0000053_some_http://purl.obolibrary.org/obo/TAO_0000240(GSat_u1)
http://purl.obolibrary.org/obo/BFO_0000053_some_http://purl.obolibrary.org/obo/TAO_0002000(GSat_u1) → http://purl.obolibrary.org/obo/BFO_0000004(GSat_u1)
http://purl.obolibrary.org/obo/BFO_0000003(GSat_u1) → http://purl.obolibrary.org/obo/BFO_0000001(GSat_u1)
http://kb.phenoscape.org/uuid/c8d66922-52e0-4fd7-9d5c-9bd7e06ec38a-116(GSat_u1) → http://kb.phenoscape.org/uuid/c8d66922-52e0-4fd7-9d5c-9bd7e06ec38a-122(GSat_u1)
http://purl.obolibrary.org/obo/BFO_0000050(GSat_u1,GSat_u2) & http://purl.obolibrary.org/obo/TAO_0000514(GSat_u2) → http://purl.obolibrary.org/obo/BFO_0000050_some_http://purl.obolibrary.org/obo/TAO_0000514(GSat_u1)
http://purl.obolibrary.org/obo/BFO_0000050(GSat_u1,GSat_u2) & http://purl.obolibrary.org/obo/TAO_0001817(GSat_u2) → http://purl.obolibrary.org/obo/BFO_0000050_some_http://purl.obolibrary.org/obo/TAO_0001817(GSat_u1)
http://kb.phenoscape.org/uuid/c8d66922-52e0-4fd7-9d5c-9bd7e06ec38a-443(GSat_u1) → http://kb.phenoscape.org/uuid/c8d66922-52e0-4fd7-9d5c-9bd7e06ec38a-453(GSat_u1)
http://purl.obolibrary.org/obo/BFO_0000050(GSat_u1,GSat_u2) & http://purl.obolibrary.org/obo/TAO_0001820(GSat_u2) → http://purl.obolibrary.org/obo/BFO_0000050_some_http://purl.obolibrary.org/obo/TAO_0001820(GSat_u1)
http://purl.obolibrary.org/obo/BFO_0000053(GSat_u1,GSat_u2) & http://purl.obolibrary.org/obo/PATO_0002180(GSat_u2) → http://purl.obolibrary.org/obo/BFO_0000053_some_http://purl.obolibrary.org/obo/PATO_0002180(GSat_u1)
http://kb.phenoscape.org/uuid/c8d66922-52e0-4fd7-9d5c-9bd7e06ec38a-327(GSat_u1) → http://kb.phenoscape.org/uuid/c8d66922-52e0-4fd7-9d5c-9bd7e06ec38a-338(GSat_u1)
http://purl.obolibrary.org/obo/BFO_0000053_some_http://purl.obolibrary.org/obo/TAO_0000323(GSat_u1) → http://purl.obolibrary.org/obo/BFO_0000004(GSat_u1)
http://purl.obolibrary.org/obo/BSPO_0000071(GSat_u2) & http://purl.obolibrary.org/obo/BFO_0000050(GSat_u1,GSat_u2) → http://purl.obolibrary.org/obo/BFO_0000050_some_http://purl.obolibrary.org/obo/BSPO_0000071(GSat_u1)
http://purl.obolibrary.org/obo/BFO_0000053_some_http://purl.obolibrary.org/obo/PATO_0000587(GSat_u1) → http://purl.obolibrary.org/obo/BFO_0000004(GSat_u1)
http://purl.obolibrary.org/obo/RO_0002180(GSat_u1,GSat_u2) → http://purl.obolibrary.org/obo/BFO_0000051(GSat_u1,GSat_u2)
http://kb.phenoscape.org/uuid/c8d66922-52e0-4fd7-9d5c-9bd7e06ec38a-711(GSat_u1) → http://kb.phenoscape.org/uuid/c8d66922-52e0-4fd7-9d5c-9bd7e06ec38a-720(GSat_u1)
http://kb.phenoscape.org/uuid/c8d66922-52e0-4fd7-9d5c-9bd7e06ec38a-217(GSat_u1) → http://kb.phenoscape.org/uuid/c8d66922-52e0-4fd7-9d5c-9bd7e06ec38a-207(GSat_u1)
=========================================
