Starting Saturation...
Executing from OWL files with structural transformation
Initial axioms in the ontology: 463
Full TGD saturation algorithm: Skolem Sat
Running SkSat...
Nov 24, 2021 12:01:09 AM uk.ac.ox.cs.gsat.AbstractSaturation run
INFO: SkSat discarded rules : 0/611 = 0.000%
SkSat discarded rules : 0/611 = 0.000%
Nov 24, 2021 12:01:09 AM uk.ac.ox.cs.gsat.AbstractSaturation run
INFO: Subsumption method : tree_predicate
length of the formulas: 1.9983634
number of bags: 6
length of the formulas: 1.9983634
number of bags: 6
nonFullTGDs	0		fullTGDs	341			newNonFullTGDs	270		newFullTGDs	0
nonFullTGDs	100		fullTGDs	341			newNonFullTGDs	224		newFullTGDs	1
nonFullTGDs	200		fullTGDs	341			newNonFullTGDs	180		newFullTGDs	2
nonFullTGDs	300		fullTGDs	341			newNonFullTGDs	135		newFullTGDs	2
nonFullTGDs	400		fullTGDs	341			newNonFullTGDs	101		newFullTGDs	2
nonFullTGDs	500		fullTGDs	341			newNonFullTGDs	60		newFullTGDs	2
nonFullTGDs	600		fullTGDs	341			newNonFullTGDs	16		newFullTGDs	2
Nov 24, 2021 12:01:09 AM uk.ac.ox.cs.gsat.SaturationStatistics log
INFO: # initial TGDs: 341 , 270
Nov 24, 2021 12:01:09 AM uk.ac.ox.cs.gsat.SaturationStatistics log
INFO: SkSat total time : 185 ms = 0.19 s
Nov 24, 2021 12:01:09 AM uk.ac.ox.cs.gsat.SaturationStatistics log
INFO: Subsumed elements : 38
Nov 24, 2021 12:01:09 AM uk.ac.ox.cs.gsat.SaturationStatistics log
INFO: Filter discarded elements : 2415
Nov 24, 2021 12:01:09 AM uk.ac.ox.cs.gsat.SaturationStatistics log
INFO: subsumption time: 13 ms = 0.01 s
Nov 24, 2021 12:01:09 AM uk.ac.ox.cs.gsat.SaturationStatistics log
INFO: forward subsumption time: 9 ms = 0.01 s
Nov 24, 2021 12:01:09 AM uk.ac.ox.cs.gsat.SaturationStatistics log
INFO: backward subsumption time: 4 ms = 0.00 s
Nov 24, 2021 12:01:09 AM uk.ac.ox.cs.gsat.SaturationStatistics log
INFO: Derived full/non full TGDs: 11 , 410
Nov 24, 2021 12:01:09 AM uk.ac.ox.cs.gsat.SaturationStatistics log
INFO: discarded tautology count: 9
Nov 24, 2021 12:01:09 AM uk.ac.ox.cs.gsat.EvolveStatistics log
INFO: Stop because subsumed: 0
Nov 24, 2021 12:01:09 AM uk.ac.ox.cs.gsat.EvolveStatistics log
INFO: evolved equals to current: 0
Nov 24, 2021 12:01:09 AM uk.ac.ox.cs.gsat.EvolveStatistics log
INFO: evolved time: 30 ms = 0.03 s
Nov 24, 2021 12:01:09 AM uk.ac.ox.cs.gsat.EvolveStatistics log
INFO: evolve count: 782
Nov 24, 2021 12:01:09 AM uk.ac.ox.cs.gsat.SkolemStatistics log
INFO: maximum number of Skolem atoms in body: 0
Nov 24, 2021 12:01:09 AM uk.ac.ox.cs.gsat.SkolemStatistics log
INFO: left derived TGD with Skolem in the body: 0
Nov 24, 2021 12:01:09 AM uk.ac.ox.cs.gsat.SkolemStatistics log
INFO: right derived TGD with Skolem in the body: 0
Nov 24, 2021 12:01:09 AM uk.ac.ox.cs.gsat.SkolemStatistics log
INFO: derived TGD with more than two Skolem atoms in the body: 0
Nov 24, 2021 12:01:09 AM uk.ac.ox.cs.gsat.AbstractSaturation run
INFO: ouptput full TGDs not contained in the input: 2
Nov 24, 2021 12:01:09 AM uk.ac.ox.cs.gsat.App executeAllSteps
INFO: Rewriting completed!
Full TGD saturation: (343 dependecies)
Nov 24, 2021 12:01:09 AM uk.ac.ox.cs.gsat.App executeAllSteps
INFO: Writing the saturation in the Datalog file 00082.rul
