Starting Saturation...
Executing from OWL files with structural transformation
Initial axioms in the ontology: 1449
Full TGD saturation algorithm: Skolem Sat
Running SkSat...
Nov 24, 2021 1:55:16 AM uk.ac.ox.cs.gsat.AbstractSaturation run
INFO: SkSat discarded rules : 0/1625 = 0.000%
SkSat discarded rules : 0/1625 = 0.000%
Nov 24, 2021 1:55:16 AM uk.ac.ox.cs.gsat.AbstractSaturation run
INFO: Subsumption method : tree_predicate
length of the formulas: 2.0
number of bags: 10
length of the formulas: 2.0
number of bags: 10
nonFullTGDs	0		fullTGDs	1349			newNonFullTGDs	276		newFullTGDs	0
nonFullTGDs	100		fullTGDs	1349			newNonFullTGDs	252		newFullTGDs	0
nonFullTGDs	200		fullTGDs	1349			newNonFullTGDs	228		newFullTGDs	0
nonFullTGDs	300		fullTGDs	1349			newNonFullTGDs	200		newFullTGDs	0
nonFullTGDs	400		fullTGDs	1349			newNonFullTGDs	180		newFullTGDs	0
nonFullTGDs	500		fullTGDs	1349			newNonFullTGDs	152		newFullTGDs	0
nonFullTGDs	600		fullTGDs	1349			newNonFullTGDs	129		newFullTGDs	0
nonFullTGDs	700		fullTGDs	1349			newNonFullTGDs	106		newFullTGDs	0
nonFullTGDs	800		fullTGDs	1349			newNonFullTGDs	81		newFullTGDs	0
nonFullTGDs	900		fullTGDs	1349			newNonFullTGDs	56		newFullTGDs	0
nonFullTGDs	1000		fullTGDs	1349			newNonFullTGDs	32		newFullTGDs	0
nonFullTGDs	1100		fullTGDs	1349			newNonFullTGDs	12		newFullTGDs	0
Nov 24, 2021 1:55:17 AM uk.ac.ox.cs.gsat.SaturationStatistics log
INFO: # initial TGDs: 1349 , 276
Nov 24, 2021 1:55:17 AM uk.ac.ox.cs.gsat.SaturationStatistics log
INFO: SkSat total time : 253 ms = 0.25 s
Nov 24, 2021 1:55:17 AM uk.ac.ox.cs.gsat.SaturationStatistics log
INFO: Subsumed elements : 78
Nov 24, 2021 1:55:17 AM uk.ac.ox.cs.gsat.SaturationStatistics log
INFO: Filter discarded elements : 2016
Nov 24, 2021 1:55:17 AM uk.ac.ox.cs.gsat.SaturationStatistics log
INFO: subsumption time: 20 ms = 0.02 s
Nov 24, 2021 1:55:17 AM uk.ac.ox.cs.gsat.SaturationStatistics log
INFO: forward subsumption time: 13 ms = 0.01 s
Nov 24, 2021 1:55:17 AM uk.ac.ox.cs.gsat.SaturationStatistics log
INFO: backward subsumption time: 6 ms = 0.01 s
Nov 24, 2021 1:55:17 AM uk.ac.ox.cs.gsat.SaturationStatistics log
INFO: Derived full/non full TGDs: 0 , 953
Nov 24, 2021 1:55:17 AM uk.ac.ox.cs.gsat.SaturationStatistics log
INFO: discarded tautology count: 0
Nov 24, 2021 1:55:17 AM uk.ac.ox.cs.gsat.EvolveStatistics log
INFO: Stop because subsumed: 0
Nov 24, 2021 1:55:17 AM uk.ac.ox.cs.gsat.EvolveStatistics log
INFO: evolved equals to current: 0
Nov 24, 2021 1:55:17 AM uk.ac.ox.cs.gsat.EvolveStatistics log
INFO: evolved time: 47 ms = 0.05 s
Nov 24, 2021 1:55:17 AM uk.ac.ox.cs.gsat.EvolveStatistics log
INFO: evolve count: 1362
Nov 24, 2021 1:55:17 AM uk.ac.ox.cs.gsat.SkolemStatistics log
INFO: maximum number of Skolem atoms in body: 0
Nov 24, 2021 1:55:17 AM uk.ac.ox.cs.gsat.SkolemStatistics log
INFO: left derived TGD with Skolem in the body: 0
Nov 24, 2021 1:55:17 AM uk.ac.ox.cs.gsat.SkolemStatistics log
INFO: right derived TGD with Skolem in the body: 0
Nov 24, 2021 1:55:17 AM uk.ac.ox.cs.gsat.SkolemStatistics log
INFO: derived TGD with more than two Skolem atoms in the body: 0
Nov 24, 2021 1:55:17 AM uk.ac.ox.cs.gsat.AbstractSaturation run
INFO: ouptput full TGDs not contained in the input: 0
Nov 24, 2021 1:55:17 AM uk.ac.ox.cs.gsat.App executeAllSteps
INFO: Rewriting completed!
Full TGD saturation: (1349 dependecies)
Nov 24, 2021 1:55:17 AM uk.ac.ox.cs.gsat.App executeAllSteps
INFO: Writing the saturation in the Datalog file 00411.rul
