Starting Saturation...
Executing from OWL files with structural transformation
Initial axioms in the ontology: 3179
Full TGD saturation algorithm: Skolem Sat
Running SkSat...
Nov 24, 2021 2:03:01 AM uk.ac.ox.cs.gsat.AbstractSaturation run
INFO: SkSat discarded rules : 0/3383 = 0.000%
SkSat discarded rules : 0/3383 = 0.000%
Nov 24, 2021 2:03:01 AM uk.ac.ox.cs.gsat.AbstractSaturation run
INFO: Subsumption method : tree_predicate
length of the formulas: 2.0220478
number of bags: 14
length of the formulas: 2.0220478
number of bags: 14
nonFullTGDs	0		fullTGDs	3149			newNonFullTGDs	162		newFullTGDs	0
nonFullTGDs	100		fullTGDs	3149			newNonFullTGDs	138		newFullTGDs	132
nonFullTGDs	200		fullTGDs	3149			newNonFullTGDs	114		newFullTGDs	201
nonFullTGDs	300		fullTGDs	3149			newNonFullTGDs	91		newFullTGDs	328
nonFullTGDs	400		fullTGDs	3149			newNonFullTGDs	67		newFullTGDs	416
nonFullTGDs	500		fullTGDs	3149			newNonFullTGDs	43		newFullTGDs	522
nonFullTGDs	600		fullTGDs	3149			newNonFullTGDs	22		newFullTGDs	531
nonFullTGDs	688		fullTGDs	3161			newNonFullTGDs	0		newFullTGDs	579
nonFullTGDs	688		fullTGDs	3252			newNonFullTGDs	0		newFullTGDs	488
nonFullTGDs	688		fullTGDs	3345			newNonFullTGDs	0		newFullTGDs	395
nonFullTGDs	688		fullTGDs	3438			newNonFullTGDs	0		newFullTGDs	302
nonFullTGDs	688		fullTGDs	3534			newNonFullTGDs	0		newFullTGDs	206
nonFullTGDs	688		fullTGDs	3629			newNonFullTGDs	0		newFullTGDs	111
nonFullTGDs	688		fullTGDs	3723			newNonFullTGDs	0		newFullTGDs	17
Nov 24, 2021 2:03:02 AM uk.ac.ox.cs.gsat.SaturationStatistics log
INFO: # initial TGDs: 3149 , 162
Nov 24, 2021 2:03:02 AM uk.ac.ox.cs.gsat.SaturationStatistics log
INFO: SkSat total time : 355 ms = 0.36 s
Nov 24, 2021 2:03:02 AM uk.ac.ox.cs.gsat.SaturationStatistics log
INFO: Subsumed elements : 294
Nov 24, 2021 2:03:02 AM uk.ac.ox.cs.gsat.SaturationStatistics log
INFO: Filter discarded elements : 27556
Nov 24, 2021 2:03:02 AM uk.ac.ox.cs.gsat.SaturationStatistics log
INFO: subsumption time: 40 ms = 0.04 s
Nov 24, 2021 2:03:02 AM uk.ac.ox.cs.gsat.SaturationStatistics log
INFO: forward subsumption time: 28 ms = 0.03 s
Nov 24, 2021 2:03:02 AM uk.ac.ox.cs.gsat.SaturationStatistics log
INFO: backward subsumption time: 13 ms = 0.01 s
Nov 24, 2021 2:03:02 AM uk.ac.ox.cs.gsat.SaturationStatistics log
INFO: Derived full/non full TGDs: 675 , 738
Nov 24, 2021 2:03:02 AM uk.ac.ox.cs.gsat.SaturationStatistics log
INFO: discarded tautology count: 2
Nov 24, 2021 2:03:02 AM uk.ac.ox.cs.gsat.EvolveStatistics log
INFO: Stop because subsumed: 44
Nov 24, 2021 2:03:02 AM uk.ac.ox.cs.gsat.EvolveStatistics log
INFO: evolved equals to current: 0
Nov 24, 2021 2:03:02 AM uk.ac.ox.cs.gsat.EvolveStatistics log
INFO: evolved time: 42 ms = 0.04 s
Nov 24, 2021 2:03:02 AM uk.ac.ox.cs.gsat.EvolveStatistics log
INFO: evolve count: 1615
Nov 24, 2021 2:03:02 AM uk.ac.ox.cs.gsat.SkolemStatistics log
INFO: maximum number of Skolem atoms in body: 1
Nov 24, 2021 2:03:02 AM uk.ac.ox.cs.gsat.SkolemStatistics log
INFO: left derived TGD with Skolem in the body: 0
Nov 24, 2021 2:03:02 AM uk.ac.ox.cs.gsat.SkolemStatistics log
INFO: right derived TGD with Skolem in the body: 543
Nov 24, 2021 2:03:02 AM uk.ac.ox.cs.gsat.SkolemStatistics log
INFO: derived TGD with more than two Skolem atoms in the body: 0
Nov 24, 2021 2:03:02 AM uk.ac.ox.cs.gsat.AbstractSaturation run
INFO: ouptput full TGDs not contained in the input: 99
Nov 24, 2021 2:03:02 AM uk.ac.ox.cs.gsat.App executeAllSteps
INFO: Rewriting completed!
Full TGD saturation: (3248 dependecies)
Nov 24, 2021 2:03:02 AM uk.ac.ox.cs.gsat.App executeAllSteps
INFO: Writing the saturation in the Datalog file 00450.rul
