Starting Saturation...
Executing from OWL files with structural transformation
Initial axioms in the ontology: 736
Full TGD saturation algorithm: Skolem Sat
Running SkSat...
Nov 24, 2021 4:11:34 AM uk.ac.ox.cs.gsat.AbstractSaturation run
INFO: SkSat discarded rules : 0/1624 = 0.000%
SkSat discarded rules : 0/1624 = 0.000%
Nov 24, 2021 4:11:34 AM uk.ac.ox.cs.gsat.AbstractSaturation run
INFO: Subsumption method : tree_predicate
length of the formulas: 2.2941928
number of bags: 7
length of the formulas: 2.2941928
number of bags: 7
nonFullTGDs	0		fullTGDs	1121			newNonFullTGDs	446		newFullTGDs	0
nonFullTGDs	100		fullTGDs	1121			newNonFullTGDs	346		newFullTGDs	3576
nonFullTGDs	200		fullTGDs	1121			newNonFullTGDs	247		newFullTGDs	7174
nonFullTGDs	300		fullTGDs	1121			newNonFullTGDs	148		newFullTGDs	10217
nonFullTGDs	400		fullTGDs	1121			newNonFullTGDs	49		newFullTGDs	13512
nonFullTGDs	449		fullTGDs	1170			newNonFullTGDs	0		newFullTGDs	15098
nonFullTGDs	449		fullTGDs	1269			newNonFullTGDs	0		newFullTGDs	14999
nonFullTGDs	449		fullTGDs	1368			newNonFullTGDs	0		newFullTGDs	14900
nonFullTGDs	449		fullTGDs	1467			newNonFullTGDs	0		newFullTGDs	14801
nonFullTGDs	449		fullTGDs	1566			newNonFullTGDs	0		newFullTGDs	14702
nonFullTGDs	449		fullTGDs	1663			newNonFullTGDs	0		newFullTGDs	14605
nonFullTGDs	449		fullTGDs	1761			newNonFullTGDs	0		newFullTGDs	14507
nonFullTGDs	449		fullTGDs	1859			newNonFullTGDs	0		newFullTGDs	14409
nonFullTGDs	449		fullTGDs	1955			newNonFullTGDs	0		newFullTGDs	14313
nonFullTGDs	449		fullTGDs	2053			newNonFullTGDs	0		newFullTGDs	14215
nonFullTGDs	449		fullTGDs	2152			newNonFullTGDs	0		newFullTGDs	14116
nonFullTGDs	449		fullTGDs	2250			newNonFullTGDs	0		newFullTGDs	14018
nonFullTGDs	449		fullTGDs	2350			newNonFullTGDs	0		newFullTGDs	13918
nonFullTGDs	449		fullTGDs	2449			newNonFullTGDs	0		newFullTGDs	13819
nonFullTGDs	449		fullTGDs	2547			newNonFullTGDs	0		newFullTGDs	13721
nonFullTGDs	449		fullTGDs	2646			newNonFullTGDs	0		newFullTGDs	13622
nonFullTGDs	449		fullTGDs	2744			newNonFullTGDs	0		newFullTGDs	13524
nonFullTGDs	449		fullTGDs	2844			newNonFullTGDs	0		newFullTGDs	13424
nonFullTGDs	449		fullTGDs	2944			newNonFullTGDs	0		newFullTGDs	13324
nonFullTGDs	449		fullTGDs	3043			newNonFullTGDs	0		newFullTGDs	13225
nonFullTGDs	449		fullTGDs	3143			newNonFullTGDs	0		newFullTGDs	13125
nonFullTGDs	449		fullTGDs	3241			newNonFullTGDs	0		newFullTGDs	13027
nonFullTGDs	449		fullTGDs	3340			newNonFullTGDs	0		newFullTGDs	12928
nonFullTGDs	449		fullTGDs	3440			newNonFullTGDs	0		newFullTGDs	12828
nonFullTGDs	449		fullTGDs	3538			newNonFullTGDs	0		newFullTGDs	12730
nonFullTGDs	449		fullTGDs	3637			newNonFullTGDs	0		newFullTGDs	12631
nonFullTGDs	449		fullTGDs	3736			newNonFullTGDs	0		newFullTGDs	12532
nonFullTGDs	449		fullTGDs	3833			newNonFullTGDs	0		newFullTGDs	12435
nonFullTGDs	449		fullTGDs	3932			newNonFullTGDs	0		newFullTGDs	12336
nonFullTGDs	449		fullTGDs	4032			newNonFullTGDs	0		newFullTGDs	12236
nonFullTGDs	449		fullTGDs	4129			newNonFullTGDs	0		newFullTGDs	12139
nonFullTGDs	449		fullTGDs	4227			newNonFullTGDs	0		newFullTGDs	12041
nonFullTGDs	449		fullTGDs	4326			newNonFullTGDs	0		newFullTGDs	11942
nonFullTGDs	449		fullTGDs	4425			newNonFullTGDs	0		newFullTGDs	11843
nonFullTGDs	449		fullTGDs	4525			newNonFullTGDs	0		newFullTGDs	11743
nonFullTGDs	449		fullTGDs	4625			newNonFullTGDs	0		newFullTGDs	11643
nonFullTGDs	449		fullTGDs	4725			newNonFullTGDs	0		newFullTGDs	11543
nonFullTGDs	449		fullTGDs	4825			newNonFullTGDs	0		newFullTGDs	11443
nonFullTGDs	449		fullTGDs	4925			newNonFullTGDs	0		newFullTGDs	11343
nonFullTGDs	449		fullTGDs	5025			newNonFullTGDs	0		newFullTGDs	11243
nonFullTGDs	449		fullTGDs	5125			newNonFullTGDs	0		newFullTGDs	11143
nonFullTGDs	449		fullTGDs	5225			newNonFullTGDs	0		newFullTGDs	11043
nonFullTGDs	449		fullTGDs	5325			newNonFullTGDs	0		newFullTGDs	10943
nonFullTGDs	449		fullTGDs	5425			newNonFullTGDs	0		newFullTGDs	10843
nonFullTGDs	449		fullTGDs	5524			newNonFullTGDs	0		newFullTGDs	10744
nonFullTGDs	449		fullTGDs	5624			newNonFullTGDs	0		newFullTGDs	10644
nonFullTGDs	449		fullTGDs	5724			newNonFullTGDs	0		newFullTGDs	10544
nonFullTGDs	449		fullTGDs	5824			newNonFullTGDs	0		newFullTGDs	10444
nonFullTGDs	449		fullTGDs	5924			newNonFullTGDs	0		newFullTGDs	10344
nonFullTGDs	449		fullTGDs	6023			newNonFullTGDs	0		newFullTGDs	10245
nonFullTGDs	449		fullTGDs	6122			newNonFullTGDs	0		newFullTGDs	10146
nonFullTGDs	449		fullTGDs	6222			newNonFullTGDs	0		newFullTGDs	10046
nonFullTGDs	449		fullTGDs	6322			newNonFullTGDs	0		newFullTGDs	9946
nonFullTGDs	449		fullTGDs	6422			newNonFullTGDs	0		newFullTGDs	9846
nonFullTGDs	449		fullTGDs	6522			newNonFullTGDs	0		newFullTGDs	9746
nonFullTGDs	449		fullTGDs	6622			newNonFullTGDs	0		newFullTGDs	9646
nonFullTGDs	449		fullTGDs	6722			newNonFullTGDs	0		newFullTGDs	9546
nonFullTGDs	449		fullTGDs	6822			newNonFullTGDs	0		newFullTGDs	9446
nonFullTGDs	449		fullTGDs	6922			newNonFullTGDs	0		newFullTGDs	9346
nonFullTGDs	449		fullTGDs	7022			newNonFullTGDs	0		newFullTGDs	9246
nonFullTGDs	449		fullTGDs	7122			newNonFullTGDs	0		newFullTGDs	9146
nonFullTGDs	449		fullTGDs	7221			newNonFullTGDs	0		newFullTGDs	9047
nonFullTGDs	449		fullTGDs	7321			newNonFullTGDs	0		newFullTGDs	8947
nonFullTGDs	449		fullTGDs	7421			newNonFullTGDs	0		newFullTGDs	8847
nonFullTGDs	449		fullTGDs	7521			newNonFullTGDs	0		newFullTGDs	8747
nonFullTGDs	449		fullTGDs	7621			newNonFullTGDs	0		newFullTGDs	8647
nonFullTGDs	449		fullTGDs	7721			newNonFullTGDs	0		newFullTGDs	8547
nonFullTGDs	449		fullTGDs	7821			newNonFullTGDs	0		newFullTGDs	8447
nonFullTGDs	449		fullTGDs	7921			newNonFullTGDs	0		newFullTGDs	8347
nonFullTGDs	449		fullTGDs	8021			newNonFullTGDs	0		newFullTGDs	8247
nonFullTGDs	449		fullTGDs	8121			newNonFullTGDs	0		newFullTGDs	8147
nonFullTGDs	449		fullTGDs	8221			newNonFullTGDs	0		newFullTGDs	8047
nonFullTGDs	449		fullTGDs	8321			newNonFullTGDs	0		newFullTGDs	7947
nonFullTGDs	449		fullTGDs	8421			newNonFullTGDs	0		newFullTGDs	7847
nonFullTGDs	449		fullTGDs	8521			newNonFullTGDs	0		newFullTGDs	7747
nonFullTGDs	449		fullTGDs	8621			newNonFullTGDs	0		newFullTGDs	7647
nonFullTGDs	449		fullTGDs	8721			newNonFullTGDs	0		newFullTGDs	7547
nonFullTGDs	449		fullTGDs	8821			newNonFullTGDs	0		newFullTGDs	7447
nonFullTGDs	449		fullTGDs	8921			newNonFullTGDs	0		newFullTGDs	7347
nonFullTGDs	449		fullTGDs	9021			newNonFullTGDs	0		newFullTGDs	7247
nonFullTGDs	449		fullTGDs	9121			newNonFullTGDs	0		newFullTGDs	7147
nonFullTGDs	449		fullTGDs	9221			newNonFullTGDs	0		newFullTGDs	7047
nonFullTGDs	449		fullTGDs	9318			newNonFullTGDs	0		newFullTGDs	6950
nonFullTGDs	449		fullTGDs	9418			newNonFullTGDs	0		newFullTGDs	6850
nonFullTGDs	449		fullTGDs	9518			newNonFullTGDs	0		newFullTGDs	6750
nonFullTGDs	449		fullTGDs	9616			newNonFullTGDs	0		newFullTGDs	6652
nonFullTGDs	449		fullTGDs	9716			newNonFullTGDs	0		newFullTGDs	6552
nonFullTGDs	449		fullTGDs	9816			newNonFullTGDs	0		newFullTGDs	6452
nonFullTGDs	449		fullTGDs	9916			newNonFullTGDs	0		newFullTGDs	6352
nonFullTGDs	449		fullTGDs	10016			newNonFullTGDs	0		newFullTGDs	6252
nonFullTGDs	449		fullTGDs	10116			newNonFullTGDs	0		newFullTGDs	6152
nonFullTGDs	449		fullTGDs	10216			newNonFullTGDs	0		newFullTGDs	6052
nonFullTGDs	449		fullTGDs	10316			newNonFullTGDs	0		newFullTGDs	5952
nonFullTGDs	449		fullTGDs	10416			newNonFullTGDs	0		newFullTGDs	5852
nonFullTGDs	449		fullTGDs	10516			newNonFullTGDs	0		newFullTGDs	5752
nonFullTGDs	449		fullTGDs	10616			newNonFullTGDs	0		newFullTGDs	5652
nonFullTGDs	449		fullTGDs	10716			newNonFullTGDs	0		newFullTGDs	5552
nonFullTGDs	449		fullTGDs	10816			newNonFullTGDs	0		newFullTGDs	5452
nonFullTGDs	449		fullTGDs	10916			newNonFullTGDs	0		newFullTGDs	5352
nonFullTGDs	449		fullTGDs	11016			newNonFullTGDs	0		newFullTGDs	5252
nonFullTGDs	449		fullTGDs	11116			newNonFullTGDs	0		newFullTGDs	5152
nonFullTGDs	449		fullTGDs	11216			newNonFullTGDs	0		newFullTGDs	5052
nonFullTGDs	449		fullTGDs	11316			newNonFullTGDs	0		newFullTGDs	4952
nonFullTGDs	449		fullTGDs	11416			newNonFullTGDs	0		newFullTGDs	4852
nonFullTGDs	449		fullTGDs	11516			newNonFullTGDs	0		newFullTGDs	4752
nonFullTGDs	449		fullTGDs	11616			newNonFullTGDs	0		newFullTGDs	4652
nonFullTGDs	449		fullTGDs	11716			newNonFullTGDs	0		newFullTGDs	4552
nonFullTGDs	449		fullTGDs	11816			newNonFullTGDs	0		newFullTGDs	4452
nonFullTGDs	449		fullTGDs	11916			newNonFullTGDs	0		newFullTGDs	4352
nonFullTGDs	449		fullTGDs	12016			newNonFullTGDs	0		newFullTGDs	4252
nonFullTGDs	449		fullTGDs	12116			newNonFullTGDs	0		newFullTGDs	4152
nonFullTGDs	449		fullTGDs	12216			newNonFullTGDs	0		newFullTGDs	4052
nonFullTGDs	449		fullTGDs	12316			newNonFullTGDs	0		newFullTGDs	3952
nonFullTGDs	449		fullTGDs	12416			newNonFullTGDs	0		newFullTGDs	3852
nonFullTGDs	449		fullTGDs	12516			newNonFullTGDs	0		newFullTGDs	3752
nonFullTGDs	449		fullTGDs	12616			newNonFullTGDs	0		newFullTGDs	3652
nonFullTGDs	449		fullTGDs	12715			newNonFullTGDs	0		newFullTGDs	3553
nonFullTGDs	449		fullTGDs	12815			newNonFullTGDs	0		newFullTGDs	3453
nonFullTGDs	449		fullTGDs	12915			newNonFullTGDs	0		newFullTGDs	3353
nonFullTGDs	449		fullTGDs	13015			newNonFullTGDs	0		newFullTGDs	3253
nonFullTGDs	449		fullTGDs	13115			newNonFullTGDs	0		newFullTGDs	3153
nonFullTGDs	449		fullTGDs	13215			newNonFullTGDs	0		newFullTGDs	3053
nonFullTGDs	449		fullTGDs	13315			newNonFullTGDs	0		newFullTGDs	2953
nonFullTGDs	449		fullTGDs	13415			newNonFullTGDs	0		newFullTGDs	2853
nonFullTGDs	449		fullTGDs	13515			newNonFullTGDs	0		newFullTGDs	2753
nonFullTGDs	449		fullTGDs	13615			newNonFullTGDs	0		newFullTGDs	2653
nonFullTGDs	449		fullTGDs	13715			newNonFullTGDs	0		newFullTGDs	2553
nonFullTGDs	449		fullTGDs	13815			newNonFullTGDs	0		newFullTGDs	2453
nonFullTGDs	449		fullTGDs	13915			newNonFullTGDs	0		newFullTGDs	2353
nonFullTGDs	449		fullTGDs	14015			newNonFullTGDs	0		newFullTGDs	2253
nonFullTGDs	449		fullTGDs	14115			newNonFullTGDs	0		newFullTGDs	2153
nonFullTGDs	449		fullTGDs	14215			newNonFullTGDs	0		newFullTGDs	2053
nonFullTGDs	449		fullTGDs	14315			newNonFullTGDs	0		newFullTGDs	1953
nonFullTGDs	449		fullTGDs	14415			newNonFullTGDs	0		newFullTGDs	1853
nonFullTGDs	449		fullTGDs	14515			newNonFullTGDs	0		newFullTGDs	1753
nonFullTGDs	449		fullTGDs	14615			newNonFullTGDs	0		newFullTGDs	1653
nonFullTGDs	449		fullTGDs	14715			newNonFullTGDs	0		newFullTGDs	1553
nonFullTGDs	449		fullTGDs	14815			newNonFullTGDs	0		newFullTGDs	1453
nonFullTGDs	449		fullTGDs	14915			newNonFullTGDs	0		newFullTGDs	1353
nonFullTGDs	449		fullTGDs	15015			newNonFullTGDs	0		newFullTGDs	1253
nonFullTGDs	449		fullTGDs	15115			newNonFullTGDs	0		newFullTGDs	1153
nonFullTGDs	449		fullTGDs	15215			newNonFullTGDs	0		newFullTGDs	1053
nonFullTGDs	449		fullTGDs	15315			newNonFullTGDs	0		newFullTGDs	953
nonFullTGDs	449		fullTGDs	15415			newNonFullTGDs	0		newFullTGDs	853
nonFullTGDs	449		fullTGDs	15515			newNonFullTGDs	0		newFullTGDs	753
nonFullTGDs	449		fullTGDs	15615			newNonFullTGDs	0		newFullTGDs	653
nonFullTGDs	449		fullTGDs	15715			newNonFullTGDs	0		newFullTGDs	553
nonFullTGDs	449		fullTGDs	15815			newNonFullTGDs	0		newFullTGDs	453
nonFullTGDs	449		fullTGDs	15915			newNonFullTGDs	0		newFullTGDs	353
nonFullTGDs	449		fullTGDs	16015			newNonFullTGDs	0		newFullTGDs	253
nonFullTGDs	449		fullTGDs	16115			newNonFullTGDs	0		newFullTGDs	153
nonFullTGDs	449		fullTGDs	16215			newNonFullTGDs	0		newFullTGDs	53
Nov 24, 2021 4:11:36 AM uk.ac.ox.cs.gsat.SaturationStatistics log
INFO: # initial TGDs: 1121 , 446
Nov 24, 2021 4:11:36 AM uk.ac.ox.cs.gsat.SaturationStatistics log
INFO: SkSat total time : 1818 ms = 1.82 s
Nov 24, 2021 4:11:36 AM uk.ac.ox.cs.gsat.SaturationStatistics log
INFO: Subsumed elements : 57
Nov 24, 2021 4:11:36 AM uk.ac.ox.cs.gsat.SaturationStatistics log
INFO: Filter discarded elements : 3666613
Nov 24, 2021 4:11:36 AM uk.ac.ox.cs.gsat.SaturationStatistics log
INFO: subsumption time: 947 ms = 0.95 s
Nov 24, 2021 4:11:36 AM uk.ac.ox.cs.gsat.SaturationStatistics log
INFO: forward subsumption time: 620 ms = 0.62 s
Nov 24, 2021 4:11:36 AM uk.ac.ox.cs.gsat.SaturationStatistics log
INFO: backward subsumption time: 327 ms = 0.33 s
Nov 24, 2021 4:11:36 AM uk.ac.ox.cs.gsat.SaturationStatistics log
INFO: Derived full/non full TGDs: 15297 , 3
Nov 24, 2021 4:11:36 AM uk.ac.ox.cs.gsat.SaturationStatistics log
INFO: discarded tautology count: 93
Nov 24, 2021 4:11:36 AM uk.ac.ox.cs.gsat.EvolveStatistics log
INFO: Stop because subsumed: 57
Nov 24, 2021 4:11:36 AM uk.ac.ox.cs.gsat.EvolveStatistics log
INFO: evolved equals to current: 0
Nov 24, 2021 4:11:36 AM uk.ac.ox.cs.gsat.EvolveStatistics log
INFO: evolved time: 301 ms = 0.30 s
Nov 24, 2021 4:11:36 AM uk.ac.ox.cs.gsat.EvolveStatistics log
INFO: evolve count: 15302
Nov 24, 2021 4:11:36 AM uk.ac.ox.cs.gsat.SkolemStatistics log
INFO: maximum number of Skolem atoms in body: 1
Nov 24, 2021 4:11:36 AM uk.ac.ox.cs.gsat.SkolemStatistics log
INFO: left derived TGD with Skolem in the body: 0
Nov 24, 2021 4:11:36 AM uk.ac.ox.cs.gsat.SkolemStatistics log
INFO: right derived TGD with Skolem in the body: 15240
Nov 24, 2021 4:11:36 AM uk.ac.ox.cs.gsat.SkolemStatistics log
INFO: derived TGD with more than two Skolem atoms in the body: 0
Nov 24, 2021 4:11:36 AM uk.ac.ox.cs.gsat.AbstractSaturation run
INFO: ouptput full TGDs not contained in the input: 57
Nov 24, 2021 4:11:36 AM uk.ac.ox.cs.gsat.App executeAllSteps
INFO: Rewriting completed!
Full TGD saturation: (1178 dependecies)
Nov 24, 2021 4:11:36 AM uk.ac.ox.cs.gsat.App executeAllSteps
INFO: Writing the saturation in the Datalog file 00574.rul
