Starting Saturation...
Executing from OWL files with structural transformation
Initial axioms in the ontology: 1505
Full TGD saturation algorithm: Skolem Sat
Running SkSat...
Nov 24, 2021 4:33:03 AM uk.ac.ox.cs.gsat.AbstractSaturation run
INFO: SkSat discarded rules : 0/2100 = 0.000%
SkSat discarded rules : 0/2100 = 0.000%
Nov 24, 2021 4:33:03 AM uk.ac.ox.cs.gsat.AbstractSaturation run
INFO: Subsumption method : tree_predicate
length of the formulas: 2.0
number of bags: 11
length of the formulas: 2.0
number of bags: 11
nonFullTGDs	0		fullTGDs	1300			newNonFullTGDs	800		newFullTGDs	0
nonFullTGDs	100		fullTGDs	1300			newNonFullTGDs	736		newFullTGDs	0
nonFullTGDs	200		fullTGDs	1300			newNonFullTGDs	676		newFullTGDs	0
nonFullTGDs	300		fullTGDs	1300			newNonFullTGDs	616		newFullTGDs	0
nonFullTGDs	400		fullTGDs	1300			newNonFullTGDs	564		newFullTGDs	0
nonFullTGDs	500		fullTGDs	1300			newNonFullTGDs	494		newFullTGDs	0
nonFullTGDs	600		fullTGDs	1300			newNonFullTGDs	425		newFullTGDs	0
nonFullTGDs	700		fullTGDs	1300			newNonFullTGDs	357		newFullTGDs	0
nonFullTGDs	800		fullTGDs	1300			newNonFullTGDs	284		newFullTGDs	0
nonFullTGDs	900		fullTGDs	1300			newNonFullTGDs	224		newFullTGDs	0
nonFullTGDs	1000		fullTGDs	1300			newNonFullTGDs	161		newFullTGDs	0
nonFullTGDs	1100		fullTGDs	1300			newNonFullTGDs	78		newFullTGDs	0
Nov 24, 2021 4:33:03 AM uk.ac.ox.cs.gsat.SaturationStatistics log
INFO: # initial TGDs: 1300 , 800
Nov 24, 2021 4:33:03 AM uk.ac.ox.cs.gsat.SaturationStatistics log
INFO: SkSat total time : 277 ms = 0.28 s
Nov 24, 2021 4:33:03 AM uk.ac.ox.cs.gsat.SaturationStatistics log
INFO: Subsumed elements : 0
Nov 24, 2021 4:33:03 AM uk.ac.ox.cs.gsat.SaturationStatistics log
INFO: Filter discarded elements : 718
Nov 24, 2021 4:33:03 AM uk.ac.ox.cs.gsat.SaturationStatistics log
INFO: subsumption time: 12 ms = 0.01 s
Nov 24, 2021 4:33:03 AM uk.ac.ox.cs.gsat.SaturationStatistics log
INFO: forward subsumption time: 8 ms = 0.01 s
Nov 24, 2021 4:33:03 AM uk.ac.ox.cs.gsat.SaturationStatistics log
INFO: backward subsumption time: 4 ms = 0.00 s
Nov 24, 2021 4:33:03 AM uk.ac.ox.cs.gsat.SaturationStatistics log
INFO: Derived full/non full TGDs: 0 , 378
Nov 24, 2021 4:33:03 AM uk.ac.ox.cs.gsat.SaturationStatistics log
INFO: discarded tautology count: 0
Nov 24, 2021 4:33:03 AM uk.ac.ox.cs.gsat.EvolveStatistics log
INFO: Stop because subsumed: 0
Nov 24, 2021 4:33:03 AM uk.ac.ox.cs.gsat.EvolveStatistics log
INFO: evolved equals to current: 0
Nov 24, 2021 4:33:03 AM uk.ac.ox.cs.gsat.EvolveStatistics log
INFO: evolved time: 37 ms = 0.04 s
Nov 24, 2021 4:33:03 AM uk.ac.ox.cs.gsat.EvolveStatistics log
INFO: evolve count: 1529
Nov 24, 2021 4:33:03 AM uk.ac.ox.cs.gsat.SkolemStatistics log
INFO: maximum number of Skolem atoms in body: 0
Nov 24, 2021 4:33:03 AM uk.ac.ox.cs.gsat.SkolemStatistics log
INFO: left derived TGD with Skolem in the body: 0
Nov 24, 2021 4:33:03 AM uk.ac.ox.cs.gsat.SkolemStatistics log
INFO: right derived TGD with Skolem in the body: 0
Nov 24, 2021 4:33:03 AM uk.ac.ox.cs.gsat.SkolemStatistics log
INFO: derived TGD with more than two Skolem atoms in the body: 0
Nov 24, 2021 4:33:03 AM uk.ac.ox.cs.gsat.AbstractSaturation run
INFO: ouptput full TGDs not contained in the input: 0
Nov 24, 2021 4:33:03 AM uk.ac.ox.cs.gsat.App executeAllSteps
INFO: Rewriting completed!
Full TGD saturation: (1300 dependecies)
Nov 24, 2021 4:33:03 AM uk.ac.ox.cs.gsat.App executeAllSteps
INFO: Writing the saturation in the Datalog file 00689.rul
