Starting Saturation...
Executing from OWL files with structural transformation
Initial axioms in the ontology: 18167
Full TGD saturation algorithm: Skolem Sat
Running SkSat...
Nov 24, 2021 4:30:52 AM uk.ac.ox.cs.gsat.AbstractSaturation run
INFO: SkSat discarded rules : 0/24874 = 0.000%
SkSat discarded rules : 0/24874 = 0.000%
Nov 24, 2021 4:30:52 AM uk.ac.ox.cs.gsat.AbstractSaturation run
INFO: Subsumption method : tree_predicate
length of the formulas: 2.0081432
number of bags: 39
length of the formulas: 2.0081432
number of bags: 39
nonFullTGDs	0		fullTGDs	15163			newNonFullTGDs	9520		newFullTGDs	0
nonFullTGDs	100		fullTGDs	15163			newNonFullTGDs	9451		newFullTGDs	2
nonFullTGDs	200		fullTGDs	15163			newNonFullTGDs	9383		newFullTGDs	2
nonFullTGDs	300		fullTGDs	15163			newNonFullTGDs	9312		newFullTGDs	2
nonFullTGDs	400		fullTGDs	15163			newNonFullTGDs	9234		newFullTGDs	2
nonFullTGDs	500		fullTGDs	15163			newNonFullTGDs	9167		newFullTGDs	2
nonFullTGDs	600		fullTGDs	15163			newNonFullTGDs	9109		newFullTGDs	2
nonFullTGDs	700		fullTGDs	15163			newNonFullTGDs	9026		newFullTGDs	2
nonFullTGDs	800		fullTGDs	15163			newNonFullTGDs	8954		newFullTGDs	2
nonFullTGDs	900		fullTGDs	15163			newNonFullTGDs	8877		newFullTGDs	2
nonFullTGDs	1000		fullTGDs	15163			newNonFullTGDs	8806		newFullTGDs	2
nonFullTGDs	1100		fullTGDs	15163			newNonFullTGDs	8738		newFullTGDs	2
nonFullTGDs	1200		fullTGDs	15163			newNonFullTGDs	8659		newFullTGDs	2
nonFullTGDs	1300		fullTGDs	15163			newNonFullTGDs	8576		newFullTGDs	2
nonFullTGDs	1400		fullTGDs	15163			newNonFullTGDs	8488		newFullTGDs	2
nonFullTGDs	1500		fullTGDs	15163			newNonFullTGDs	8419		newFullTGDs	2
nonFullTGDs	1600		fullTGDs	15163			newNonFullTGDs	8347		newFullTGDs	2
nonFullTGDs	1700		fullTGDs	15163			newNonFullTGDs	8272		newFullTGDs	2
nonFullTGDs	1800		fullTGDs	15163			newNonFullTGDs	8197		newFullTGDs	2
nonFullTGDs	1900		fullTGDs	15163			newNonFullTGDs	8123		newFullTGDs	2
nonFullTGDs	2000		fullTGDs	15163			newNonFullTGDs	8056		newFullTGDs	2
nonFullTGDs	2100		fullTGDs	15163			newNonFullTGDs	8001		newFullTGDs	2
nonFullTGDs	2200		fullTGDs	15163			newNonFullTGDs	7927		newFullTGDs	2
nonFullTGDs	2300		fullTGDs	15163			newNonFullTGDs	7851		newFullTGDs	2
nonFullTGDs	2400		fullTGDs	15163			newNonFullTGDs	7786		newFullTGDs	2
nonFullTGDs	2500		fullTGDs	15163			newNonFullTGDs	7713		newFullTGDs	2
nonFullTGDs	2600		fullTGDs	15163			newNonFullTGDs	7640		newFullTGDs	6
nonFullTGDs	2700		fullTGDs	15163			newNonFullTGDs	7571		newFullTGDs	10
nonFullTGDs	2800		fullTGDs	15163			newNonFullTGDs	7507		newFullTGDs	12
nonFullTGDs	2900		fullTGDs	15163			newNonFullTGDs	7443		newFullTGDs	12
nonFullTGDs	3000		fullTGDs	15163			newNonFullTGDs	7369		newFullTGDs	12
nonFullTGDs	3100		fullTGDs	15163			newNonFullTGDs	7306		newFullTGDs	12
nonFullTGDs	3200		fullTGDs	15163			newNonFullTGDs	7249		newFullTGDs	12
nonFullTGDs	3300		fullTGDs	15163			newNonFullTGDs	7163		newFullTGDs	12
nonFullTGDs	3400		fullTGDs	15163			newNonFullTGDs	7080		newFullTGDs	12
nonFullTGDs	3500		fullTGDs	15163			newNonFullTGDs	7015		newFullTGDs	12
nonFullTGDs	3600		fullTGDs	15163			newNonFullTGDs	6957		newFullTGDs	12
nonFullTGDs	3700		fullTGDs	15163			newNonFullTGDs	6892		newFullTGDs	12
nonFullTGDs	3800		fullTGDs	15163			newNonFullTGDs	6814		newFullTGDs	12
nonFullTGDs	3900		fullTGDs	15163			newNonFullTGDs	6744		newFullTGDs	12
nonFullTGDs	4000		fullTGDs	15163			newNonFullTGDs	6667		newFullTGDs	16
nonFullTGDs	4100		fullTGDs	15163			newNonFullTGDs	6599		newFullTGDs	16
nonFullTGDs	4200		fullTGDs	15163			newNonFullTGDs	6536		newFullTGDs	16
nonFullTGDs	4300		fullTGDs	15163			newNonFullTGDs	6456		newFullTGDs	16
nonFullTGDs	4400		fullTGDs	15163			newNonFullTGDs	6395		newFullTGDs	16
nonFullTGDs	4500		fullTGDs	15163			newNonFullTGDs	6317		newFullTGDs	16
nonFullTGDs	4600		fullTGDs	15163			newNonFullTGDs	6250		newFullTGDs	16
nonFullTGDs	4700		fullTGDs	15163			newNonFullTGDs	6224		newFullTGDs	16
nonFullTGDs	4800		fullTGDs	15163			newNonFullTGDs	6189		newFullTGDs	28
nonFullTGDs	4900		fullTGDs	15163			newNonFullTGDs	6143		newFullTGDs	76
nonFullTGDs	5000		fullTGDs	15163			newNonFullTGDs	6095		newFullTGDs	76
nonFullTGDs	5100		fullTGDs	15163			newNonFullTGDs	6050		newFullTGDs	76
nonFullTGDs	5200		fullTGDs	15163			newNonFullTGDs	6003		newFullTGDs	76
nonFullTGDs	5300		fullTGDs	15163			newNonFullTGDs	5956		newFullTGDs	76
nonFullTGDs	5400		fullTGDs	15163			newNonFullTGDs	5908		newFullTGDs	76
nonFullTGDs	5500		fullTGDs	15163			newNonFullTGDs	5861		newFullTGDs	76
nonFullTGDs	5600		fullTGDs	15163			newNonFullTGDs	5813		newFullTGDs	76
nonFullTGDs	5700		fullTGDs	15163			newNonFullTGDs	5765		newFullTGDs	76
nonFullTGDs	5800		fullTGDs	15163			newNonFullTGDs	5717		newFullTGDs	76
nonFullTGDs	5900		fullTGDs	15163			newNonFullTGDs	5669		newFullTGDs	76
nonFullTGDs	6000		fullTGDs	15163			newNonFullTGDs	5621		newFullTGDs	76
nonFullTGDs	6100		fullTGDs	15163			newNonFullTGDs	5577		newFullTGDs	76
nonFullTGDs	6200		fullTGDs	15163			newNonFullTGDs	5527		newFullTGDs	76
nonFullTGDs	6300		fullTGDs	15163			newNonFullTGDs	5482		newFullTGDs	76
nonFullTGDs	6400		fullTGDs	15163			newNonFullTGDs	5433		newFullTGDs	76
nonFullTGDs	6500		fullTGDs	15163			newNonFullTGDs	5387		newFullTGDs	76
nonFullTGDs	6600		fullTGDs	15163			newNonFullTGDs	5339		newFullTGDs	76
nonFullTGDs	6700		fullTGDs	15163			newNonFullTGDs	5291		newFullTGDs	76
nonFullTGDs	6800		fullTGDs	15163			newNonFullTGDs	5243		newFullTGDs	76
nonFullTGDs	6900		fullTGDs	15163			newNonFullTGDs	5193		newFullTGDs	76
nonFullTGDs	7000		fullTGDs	15163			newNonFullTGDs	5147		newFullTGDs	76
nonFullTGDs	7100		fullTGDs	15163			newNonFullTGDs	5098		newFullTGDs	76
nonFullTGDs	7200		fullTGDs	15163			newNonFullTGDs	5051		newFullTGDs	76
nonFullTGDs	7300		fullTGDs	15163			newNonFullTGDs	5004		newFullTGDs	76
nonFullTGDs	7400		fullTGDs	15163			newNonFullTGDs	4959		newFullTGDs	76
nonFullTGDs	7500		fullTGDs	15163			newNonFullTGDs	4910		newFullTGDs	76
nonFullTGDs	7600		fullTGDs	15163			newNonFullTGDs	4865		newFullTGDs	76
nonFullTGDs	7700		fullTGDs	15163			newNonFullTGDs	4844		newFullTGDs	76
nonFullTGDs	7800		fullTGDs	15163			newNonFullTGDs	4822		newFullTGDs	76
nonFullTGDs	7900		fullTGDs	15163			newNonFullTGDs	4793		newFullTGDs	76
nonFullTGDs	8000		fullTGDs	15163			newNonFullTGDs	4760		newFullTGDs	76
nonFullTGDs	8100		fullTGDs	15163			newNonFullTGDs	4737		newFullTGDs	76
nonFullTGDs	8200		fullTGDs	15163			newNonFullTGDs	4716		newFullTGDs	76
nonFullTGDs	8300		fullTGDs	15163			newNonFullTGDs	4685		newFullTGDs	76
nonFullTGDs	8400		fullTGDs	15163			newNonFullTGDs	4637		newFullTGDs	76
nonFullTGDs	8500		fullTGDs	15163			newNonFullTGDs	4600		newFullTGDs	76
nonFullTGDs	8600		fullTGDs	15163			newNonFullTGDs	4555		newFullTGDs	76
nonFullTGDs	8700		fullTGDs	15163			newNonFullTGDs	4519		newFullTGDs	76
nonFullTGDs	8800		fullTGDs	15163			newNonFullTGDs	4493		newFullTGDs	76
nonFullTGDs	8900		fullTGDs	15163			newNonFullTGDs	4471		newFullTGDs	76
nonFullTGDs	9000		fullTGDs	15163			newNonFullTGDs	4424		newFullTGDs	76
nonFullTGDs	9100		fullTGDs	15163			newNonFullTGDs	4398		newFullTGDs	76
nonFullTGDs	9200		fullTGDs	15163			newNonFullTGDs	4376		newFullTGDs	76
nonFullTGDs	9300		fullTGDs	15163			newNonFullTGDs	4357		newFullTGDs	76
nonFullTGDs	9400		fullTGDs	15163			newNonFullTGDs	4328		newFullTGDs	76
nonFullTGDs	9500		fullTGDs	15163			newNonFullTGDs	4301		newFullTGDs	76
nonFullTGDs	9600		fullTGDs	15163			newNonFullTGDs	4283		newFullTGDs	76
nonFullTGDs	9700		fullTGDs	15163			newNonFullTGDs	4257		newFullTGDs	76
nonFullTGDs	9800		fullTGDs	15163			newNonFullTGDs	4235		newFullTGDs	76
nonFullTGDs	9900		fullTGDs	15163			newNonFullTGDs	4211		newFullTGDs	76
nonFullTGDs	10000		fullTGDs	15163			newNonFullTGDs	4189		newFullTGDs	76
nonFullTGDs	10100		fullTGDs	15163			newNonFullTGDs	4164		newFullTGDs	76
nonFullTGDs	10200		fullTGDs	15163			newNonFullTGDs	4132		newFullTGDs	76
nonFullTGDs	10300		fullTGDs	15163			newNonFullTGDs	4101		newFullTGDs	76
nonFullTGDs	10400		fullTGDs	15163			newNonFullTGDs	4068		newFullTGDs	76
nonFullTGDs	10500		fullTGDs	15163			newNonFullTGDs	4031		newFullTGDs	76
nonFullTGDs	10600		fullTGDs	15163			newNonFullTGDs	3995		newFullTGDs	76
nonFullTGDs	10700		fullTGDs	15163			newNonFullTGDs	3956		newFullTGDs	76
nonFullTGDs	10800		fullTGDs	15163			newNonFullTGDs	3921		newFullTGDs	76
nonFullTGDs	10900		fullTGDs	15163			newNonFullTGDs	3900		newFullTGDs	76
nonFullTGDs	11000		fullTGDs	15163			newNonFullTGDs	3880		newFullTGDs	76
nonFullTGDs	11100		fullTGDs	15163			newNonFullTGDs	3847		newFullTGDs	76
nonFullTGDs	11200		fullTGDs	15163			newNonFullTGDs	3797		newFullTGDs	76
nonFullTGDs	11300		fullTGDs	15163			newNonFullTGDs	3755		newFullTGDs	76
nonFullTGDs	11400		fullTGDs	15163			newNonFullTGDs	3729		newFullTGDs	76
nonFullTGDs	11500		fullTGDs	15163			newNonFullTGDs	3699		newFullTGDs	76
nonFullTGDs	11600		fullTGDs	15163			newNonFullTGDs	3677		newFullTGDs	76
nonFullTGDs	11700		fullTGDs	15163			newNonFullTGDs	3648		newFullTGDs	76
nonFullTGDs	11800		fullTGDs	15163			newNonFullTGDs	3629		newFullTGDs	76
nonFullTGDs	11900		fullTGDs	15163			newNonFullTGDs	3605		newFullTGDs	76
nonFullTGDs	12000		fullTGDs	15163			newNonFullTGDs	3583		newFullTGDs	76
nonFullTGDs	12100		fullTGDs	15163			newNonFullTGDs	3561		newFullTGDs	76
nonFullTGDs	12200		fullTGDs	15163			newNonFullTGDs	3538		newFullTGDs	76
nonFullTGDs	12300		fullTGDs	15163			newNonFullTGDs	3499		newFullTGDs	76
nonFullTGDs	12400		fullTGDs	15163			newNonFullTGDs	3451		newFullTGDs	76
nonFullTGDs	12500		fullTGDs	15163			newNonFullTGDs	3422		newFullTGDs	76
nonFullTGDs	12600		fullTGDs	15163			newNonFullTGDs	3393		newFullTGDs	76
nonFullTGDs	12700		fullTGDs	15163			newNonFullTGDs	3356		newFullTGDs	76
nonFullTGDs	12800		fullTGDs	15163			newNonFullTGDs	3317		newFullTGDs	76
nonFullTGDs	12900		fullTGDs	15163			newNonFullTGDs	3285		newFullTGDs	76
nonFullTGDs	13000		fullTGDs	15163			newNonFullTGDs	3257		newFullTGDs	76
nonFullTGDs	13100		fullTGDs	15163			newNonFullTGDs	3233		newFullTGDs	76
nonFullTGDs	13200		fullTGDs	15163			newNonFullTGDs	3212		newFullTGDs	76
nonFullTGDs	13300		fullTGDs	15163			newNonFullTGDs	3179		newFullTGDs	76
nonFullTGDs	13400		fullTGDs	15163			newNonFullTGDs	3135		newFullTGDs	76
nonFullTGDs	13500		fullTGDs	15163			newNonFullTGDs	3091		newFullTGDs	76
nonFullTGDs	13600		fullTGDs	15163			newNonFullTGDs	3045		newFullTGDs	76
nonFullTGDs	13700		fullTGDs	15163			newNonFullTGDs	3001		newFullTGDs	76
nonFullTGDs	13800		fullTGDs	15163			newNonFullTGDs	2955		newFullTGDs	76
nonFullTGDs	13900		fullTGDs	15163			newNonFullTGDs	2921		newFullTGDs	76
nonFullTGDs	14000		fullTGDs	15163			newNonFullTGDs	2903		newFullTGDs	76
nonFullTGDs	14100		fullTGDs	15163			newNonFullTGDs	2877		newFullTGDs	76
nonFullTGDs	14200		fullTGDs	15163			newNonFullTGDs	2858		newFullTGDs	76
nonFullTGDs	14300		fullTGDs	15163			newNonFullTGDs	2837		newFullTGDs	76
nonFullTGDs	14400		fullTGDs	15163			newNonFullTGDs	2802		newFullTGDs	76
nonFullTGDs	14500		fullTGDs	15163			newNonFullTGDs	2765		newFullTGDs	76
nonFullTGDs	14600		fullTGDs	15163			newNonFullTGDs	2730		newFullTGDs	76
nonFullTGDs	14700		fullTGDs	15163			newNonFullTGDs	2694		newFullTGDs	76
nonFullTGDs	14800		fullTGDs	15163			newNonFullTGDs	2661		newFullTGDs	76
nonFullTGDs	14900		fullTGDs	15163			newNonFullTGDs	2625		newFullTGDs	76
nonFullTGDs	15000		fullTGDs	15163			newNonFullTGDs	2601		newFullTGDs	76
nonFullTGDs	15100		fullTGDs	15163			newNonFullTGDs	2576		newFullTGDs	76
nonFullTGDs	15200		fullTGDs	15163			newNonFullTGDs	2560		newFullTGDs	76
nonFullTGDs	15300		fullTGDs	15163			newNonFullTGDs	2537		newFullTGDs	76
nonFullTGDs	15400		fullTGDs	15163			newNonFullTGDs	2521		newFullTGDs	76
nonFullTGDs	15500		fullTGDs	15163			newNonFullTGDs	2496		newFullTGDs	76
nonFullTGDs	15600		fullTGDs	15163			newNonFullTGDs	2465		newFullTGDs	76
nonFullTGDs	15700		fullTGDs	15163			newNonFullTGDs	2437		newFullTGDs	76
nonFullTGDs	15800		fullTGDs	15163			newNonFullTGDs	2403		newFullTGDs	76
nonFullTGDs	15900		fullTGDs	15163			newNonFullTGDs	2376		newFullTGDs	76
nonFullTGDs	16000		fullTGDs	15163			newNonFullTGDs	2344		newFullTGDs	76
nonFullTGDs	16100		fullTGDs	15163			newNonFullTGDs	2318		newFullTGDs	76
nonFullTGDs	16200		fullTGDs	15163			newNonFullTGDs	2284		newFullTGDs	76
nonFullTGDs	16300		fullTGDs	15163			newNonFullTGDs	2263		newFullTGDs	76
nonFullTGDs	16400		fullTGDs	15163			newNonFullTGDs	2237		newFullTGDs	76
nonFullTGDs	16500		fullTGDs	15163			newNonFullTGDs	2208		newFullTGDs	76
nonFullTGDs	16600		fullTGDs	15163			newNonFullTGDs	2167		newFullTGDs	76
nonFullTGDs	16700		fullTGDs	15163			newNonFullTGDs	2123		newFullTGDs	76
nonFullTGDs	16800		fullTGDs	15163			newNonFullTGDs	2083		newFullTGDs	76
nonFullTGDs	16900		fullTGDs	15163			newNonFullTGDs	2063		newFullTGDs	76
nonFullTGDs	17000		fullTGDs	15163			newNonFullTGDs	2025		newFullTGDs	76
nonFullTGDs	17100		fullTGDs	15163			newNonFullTGDs	1985		newFullTGDs	76
nonFullTGDs	17200		fullTGDs	15163			newNonFullTGDs	1945		newFullTGDs	76
nonFullTGDs	17300		fullTGDs	15163			newNonFullTGDs	1903		newFullTGDs	76
nonFullTGDs	17400		fullTGDs	15163			newNonFullTGDs	1863		newFullTGDs	76
nonFullTGDs	17500		fullTGDs	15163			newNonFullTGDs	1822		newFullTGDs	76
nonFullTGDs	17600		fullTGDs	15163			newNonFullTGDs	1784		newFullTGDs	76
nonFullTGDs	17700		fullTGDs	15163			newNonFullTGDs	1741		newFullTGDs	76
nonFullTGDs	17800		fullTGDs	15163			newNonFullTGDs	1697		newFullTGDs	76
nonFullTGDs	17900		fullTGDs	15163			newNonFullTGDs	1657		newFullTGDs	76
nonFullTGDs	18000		fullTGDs	15163			newNonFullTGDs	1613		newFullTGDs	76
nonFullTGDs	18100		fullTGDs	15163			newNonFullTGDs	1571		newFullTGDs	76
nonFullTGDs	18200		fullTGDs	15163			newNonFullTGDs	1528		newFullTGDs	76
nonFullTGDs	18300		fullTGDs	15163			newNonFullTGDs	1492		newFullTGDs	76
nonFullTGDs	18400		fullTGDs	15163			newNonFullTGDs	1471		newFullTGDs	76
nonFullTGDs	18500		fullTGDs	15163			newNonFullTGDs	1447		newFullTGDs	76
nonFullTGDs	18600		fullTGDs	15163			newNonFullTGDs	1420		newFullTGDs	76
nonFullTGDs	18700		fullTGDs	15163			newNonFullTGDs	1379		newFullTGDs	76
nonFullTGDs	18800		fullTGDs	15163			newNonFullTGDs	1345		newFullTGDs	76
nonFullTGDs	18900		fullTGDs	15163			newNonFullTGDs	1313		newFullTGDs	76
nonFullTGDs	19000		fullTGDs	15163			newNonFullTGDs	1281		newFullTGDs	76
nonFullTGDs	19100		fullTGDs	15163			newNonFullTGDs	1247		newFullTGDs	76
nonFullTGDs	19200		fullTGDs	15163			newNonFullTGDs	1219		newFullTGDs	76
nonFullTGDs	19300		fullTGDs	15163			newNonFullTGDs	1179		newFullTGDs	76
nonFullTGDs	19400		fullTGDs	15163			newNonFullTGDs	1144		newFullTGDs	76
nonFullTGDs	19500		fullTGDs	15163			newNonFullTGDs	1107		newFullTGDs	76
nonFullTGDs	19600		fullTGDs	15163			newNonFullTGDs	1079		newFullTGDs	76
nonFullTGDs	19700		fullTGDs	15163			newNonFullTGDs	1045		newFullTGDs	76
nonFullTGDs	19800		fullTGDs	15163			newNonFullTGDs	1014		newFullTGDs	76
nonFullTGDs	19900		fullTGDs	15163			newNonFullTGDs	985		newFullTGDs	76
nonFullTGDs	20000		fullTGDs	15163			newNonFullTGDs	956		newFullTGDs	76
nonFullTGDs	20100		fullTGDs	15163			newNonFullTGDs	916		newFullTGDs	76
nonFullTGDs	20200		fullTGDs	15163			newNonFullTGDs	879		newFullTGDs	76
nonFullTGDs	20300		fullTGDs	15163			newNonFullTGDs	838		newFullTGDs	76
nonFullTGDs	20400		fullTGDs	15163			newNonFullTGDs	803		newFullTGDs	76
nonFullTGDs	20500		fullTGDs	15163			newNonFullTGDs	767		newFullTGDs	76
nonFullTGDs	20600		fullTGDs	15163			newNonFullTGDs	740		newFullTGDs	76
nonFullTGDs	20700		fullTGDs	15163			newNonFullTGDs	705		newFullTGDs	76
nonFullTGDs	20800		fullTGDs	15163			newNonFullTGDs	670		newFullTGDs	76
nonFullTGDs	20900		fullTGDs	15163			newNonFullTGDs	644		newFullTGDs	76
nonFullTGDs	21000		fullTGDs	15163			newNonFullTGDs	610		newFullTGDs	76
nonFullTGDs	21100		fullTGDs	15163			newNonFullTGDs	569		newFullTGDs	76
nonFullTGDs	21200		fullTGDs	15163			newNonFullTGDs	528		newFullTGDs	76
nonFullTGDs	21300		fullTGDs	15163			newNonFullTGDs	495		newFullTGDs	76
nonFullTGDs	21400		fullTGDs	15163			newNonFullTGDs	463		newFullTGDs	76
nonFullTGDs	21500		fullTGDs	15163			newNonFullTGDs	426		newFullTGDs	76
nonFullTGDs	21600		fullTGDs	15163			newNonFullTGDs	403		newFullTGDs	76
nonFullTGDs	21700		fullTGDs	15163			newNonFullTGDs	383		newFullTGDs	76
nonFullTGDs	21800		fullTGDs	15163			newNonFullTGDs	355		newFullTGDs	76
nonFullTGDs	21900		fullTGDs	15163			newNonFullTGDs	333		newFullTGDs	76
nonFullTGDs	22000		fullTGDs	15163			newNonFullTGDs	311		newFullTGDs	76
nonFullTGDs	22100		fullTGDs	15163			newNonFullTGDs	294		newFullTGDs	76
nonFullTGDs	22200		fullTGDs	15163			newNonFullTGDs	274		newFullTGDs	76
nonFullTGDs	22300		fullTGDs	15163			newNonFullTGDs	243		newFullTGDs	76
nonFullTGDs	22400		fullTGDs	15163			newNonFullTGDs	199		newFullTGDs	76
nonFullTGDs	22500		fullTGDs	15163			newNonFullTGDs	169		newFullTGDs	76
nonFullTGDs	22600		fullTGDs	15163			newNonFullTGDs	139		newFullTGDs	76
nonFullTGDs	22700		fullTGDs	15163			newNonFullTGDs	113		newFullTGDs	76
nonFullTGDs	22800		fullTGDs	15163			newNonFullTGDs	86		newFullTGDs	76
nonFullTGDs	22900		fullTGDs	15163			newNonFullTGDs	59		newFullTGDs	76
nonFullTGDs	23000		fullTGDs	15163			newNonFullTGDs	2		newFullTGDs	76
Nov 24, 2021 4:30:54 AM uk.ac.ox.cs.gsat.SaturationStatistics log
INFO: # initial TGDs: 15163 , 9520
Nov 24, 2021 4:30:54 AM uk.ac.ox.cs.gsat.SaturationStatistics log
INFO: SkSat total time : 2104 ms = 2.10 s
Nov 24, 2021 4:30:54 AM uk.ac.ox.cs.gsat.SaturationStatistics log
INFO: Subsumed elements : 1782
Nov 24, 2021 4:30:54 AM uk.ac.ox.cs.gsat.SaturationStatistics log
INFO: Filter discarded elements : 16762
Nov 24, 2021 4:30:54 AM uk.ac.ox.cs.gsat.SaturationStatistics log
INFO: subsumption time: 248 ms = 0.25 s
Nov 24, 2021 4:30:54 AM uk.ac.ox.cs.gsat.SaturationStatistics log
INFO: forward subsumption time: 191 ms = 0.19 s
Nov 24, 2021 4:30:54 AM uk.ac.ox.cs.gsat.SaturationStatistics log
INFO: backward subsumption time: 57 ms = 0.06 s
Nov 24, 2021 4:30:54 AM uk.ac.ox.cs.gsat.SaturationStatistics log
INFO: Derived full/non full TGDs: 84 , 15260
Nov 24, 2021 4:30:54 AM uk.ac.ox.cs.gsat.SaturationStatistics log
INFO: discarded tautology count: 4
Nov 24, 2021 4:30:54 AM uk.ac.ox.cs.gsat.EvolveStatistics log
INFO: Stop because subsumed: 2
Nov 24, 2021 4:30:54 AM uk.ac.ox.cs.gsat.EvolveStatistics log
INFO: evolved equals to current: 0
Nov 24, 2021 4:30:54 AM uk.ac.ox.cs.gsat.EvolveStatistics log
INFO: evolved time: 307 ms = 0.31 s
Nov 24, 2021 4:30:54 AM uk.ac.ox.cs.gsat.EvolveStatistics log
INFO: evolve count: 22518
Nov 24, 2021 4:30:54 AM uk.ac.ox.cs.gsat.SkolemStatistics log
INFO: maximum number of Skolem atoms in body: 1
Nov 24, 2021 4:30:54 AM uk.ac.ox.cs.gsat.SkolemStatistics log
INFO: left derived TGD with Skolem in the body: 0
Nov 24, 2021 4:30:54 AM uk.ac.ox.cs.gsat.SkolemStatistics log
INFO: right derived TGD with Skolem in the body: 78
Nov 24, 2021 4:30:54 AM uk.ac.ox.cs.gsat.SkolemStatistics log
INFO: derived TGD with more than two Skolem atoms in the body: 0
Nov 24, 2021 4:30:54 AM uk.ac.ox.cs.gsat.AbstractSaturation run
INFO: ouptput full TGDs not contained in the input: 4
Nov 24, 2021 4:30:54 AM uk.ac.ox.cs.gsat.App executeAllSteps
INFO: Rewriting completed!
Full TGD saturation: (15167 dependecies)
Nov 24, 2021 4:30:54 AM uk.ac.ox.cs.gsat.App executeAllSteps
INFO: Writing the saturation in the Datalog file 00680.rul
