Starting Saturation...
Executing from OWL files with structural transformation
Initial axioms in the ontology: 426
Full TGD saturation algorithm: Skolem Sat
Running SkSat...
Nov 24, 2021 4:43:31 AM uk.ac.ox.cs.gsat.AbstractSaturation run
INFO: SkSat discarded rules : 0/1061 = 0.000%
SkSat discarded rules : 0/1061 = 0.000%
Nov 24, 2021 4:43:32 AM uk.ac.ox.cs.gsat.AbstractSaturation run
INFO: Subsumption method : tree_predicate
length of the formulas: 2.0857682
number of bags: 7
length of the formulas: 2.0857682
number of bags: 7
nonFullTGDs	0		fullTGDs	417			newNonFullTGDs	644		newFullTGDs	0
nonFullTGDs	100		fullTGDs	417			newNonFullTGDs	674		newFullTGDs	801
nonFullTGDs	200		fullTGDs	417			newNonFullTGDs	654		newFullTGDs	1931
nonFullTGDs	300		fullTGDs	417			newNonFullTGDs	591		newFullTGDs	3302
nonFullTGDs	400		fullTGDs	417			newNonFullTGDs	618		newFullTGDs	4125
nonFullTGDs	500		fullTGDs	417			newNonFullTGDs	645		newFullTGDs	4970
nonFullTGDs	600		fullTGDs	417			newNonFullTGDs	658		newFullTGDs	5929
nonFullTGDs	700		fullTGDs	417			newNonFullTGDs	842		newFullTGDs	6389
nonFullTGDs	800		fullTGDs	417			newNonFullTGDs	1167		newFullTGDs	6389
nonFullTGDs	900		fullTGDs	417			newNonFullTGDs	1445		newFullTGDs	6669
nonFullTGDs	1000		fullTGDs	417			newNonFullTGDs	1378		newFullTGDs	8517
nonFullTGDs	1100		fullTGDs	417			newNonFullTGDs	1299		newFullTGDs	9302
nonFullTGDs	1200		fullTGDs	417			newNonFullTGDs	1199		newFullTGDs	9302
nonFullTGDs	1300		fullTGDs	417			newNonFullTGDs	1099		newFullTGDs	9302
nonFullTGDs	1400		fullTGDs	417			newNonFullTGDs	999		newFullTGDs	9302
nonFullTGDs	1500		fullTGDs	417			newNonFullTGDs	899		newFullTGDs	9302
nonFullTGDs	1600		fullTGDs	417			newNonFullTGDs	799		newFullTGDs	9302
nonFullTGDs	1700		fullTGDs	417			newNonFullTGDs	699		newFullTGDs	9302
nonFullTGDs	1800		fullTGDs	417			newNonFullTGDs	599		newFullTGDs	9302
nonFullTGDs	1900		fullTGDs	417			newNonFullTGDs	499		newFullTGDs	9302
nonFullTGDs	2000		fullTGDs	417			newNonFullTGDs	399		newFullTGDs	9302
nonFullTGDs	2100		fullTGDs	417			newNonFullTGDs	299		newFullTGDs	9302
nonFullTGDs	2200		fullTGDs	417			newNonFullTGDs	199		newFullTGDs	9302
nonFullTGDs	2300		fullTGDs	417			newNonFullTGDs	99		newFullTGDs	9302
nonFullTGDs	2399		fullTGDs	418			newNonFullTGDs	1		newFullTGDs	9301
nonFullTGDs	2460		fullTGDs	457			newNonFullTGDs	1		newFullTGDs	9262
nonFullTGDs	2523		fullTGDs	494			newNonFullTGDs	1		newFullTGDs	9225
nonFullTGDs	2577		fullTGDs	540			newNonFullTGDs	0		newFullTGDs	9179
nonFullTGDs	2579		fullTGDs	635			newNonFullTGDs	0		newFullTGDs	9084
nonFullTGDs	2580		fullTGDs	732			newNonFullTGDs	0		newFullTGDs	8987
nonFullTGDs	2583		fullTGDs	826			newNonFullTGDs	0		newFullTGDs	8893
nonFullTGDs	2583		fullTGDs	926			newNonFullTGDs	0		newFullTGDs	8793
nonFullTGDs	2585		fullTGDs	1018			newNonFullTGDs	0		newFullTGDs	8701
nonFullTGDs	2585		fullTGDs	1115			newNonFullTGDs	0		newFullTGDs	8604
nonFullTGDs	2587		fullTGDs	1211			newNonFullTGDs	0		newFullTGDs	8508
nonFullTGDs	2587		fullTGDs	1310			newNonFullTGDs	0		newFullTGDs	8409
nonFullTGDs	2589		fullTGDs	1406			newNonFullTGDs	0		newFullTGDs	8313
nonFullTGDs	2590		fullTGDs	1504			newNonFullTGDs	0		newFullTGDs	8215
nonFullTGDs	2594		fullTGDs	1597			newNonFullTGDs	0		newFullTGDs	8122
nonFullTGDs	2595		fullTGDs	1694			newNonFullTGDs	0		newFullTGDs	8025
nonFullTGDs	2596		fullTGDs	1788			newNonFullTGDs	0		newFullTGDs	7931
nonFullTGDs	2596		fullTGDs	1888			newNonFullTGDs	0		newFullTGDs	7831
nonFullTGDs	2599		fullTGDs	1978			newNonFullTGDs	0		newFullTGDs	7741
nonFullTGDs	2600		fullTGDs	2074			newNonFullTGDs	0		newFullTGDs	7645
nonFullTGDs	2600		fullTGDs	2174			newNonFullTGDs	0		newFullTGDs	7545
nonFullTGDs	2601		fullTGDs	2270			newNonFullTGDs	0		newFullTGDs	7449
nonFullTGDs	2603		fullTGDs	2366			newNonFullTGDs	0		newFullTGDs	7353
nonFullTGDs	2603		fullTGDs	2466			newNonFullTGDs	0		newFullTGDs	7253
nonFullTGDs	2605		fullTGDs	2559			newNonFullTGDs	0		newFullTGDs	7160
nonFullTGDs	2608		fullTGDs	2653			newNonFullTGDs	0		newFullTGDs	7066
nonFullTGDs	2609		fullTGDs	2749			newNonFullTGDs	0		newFullTGDs	6970
nonFullTGDs	2612		fullTGDs	2843			newNonFullTGDs	0		newFullTGDs	6876
nonFullTGDs	2615		fullTGDs	2937			newNonFullTGDs	0		newFullTGDs	6782
nonFullTGDs	2618		fullTGDs	3029			newNonFullTGDs	0		newFullTGDs	6690
nonFullTGDs	2620		fullTGDs	3125			newNonFullTGDs	0		newFullTGDs	6594
nonFullTGDs	2620		fullTGDs	3222			newNonFullTGDs	0		newFullTGDs	6497
nonFullTGDs	2623		fullTGDs	3317			newNonFullTGDs	0		newFullTGDs	6402
nonFullTGDs	2625		fullTGDs	3412			newNonFullTGDs	0		newFullTGDs	6307
nonFullTGDs	2628		fullTGDs	3506			newNonFullTGDs	0		newFullTGDs	6213
nonFullTGDs	2631		fullTGDs	3599			newNonFullTGDs	0		newFullTGDs	6120
nonFullTGDs	2633		fullTGDs	3694			newNonFullTGDs	0		newFullTGDs	6025
nonFullTGDs	2634		fullTGDs	3787			newNonFullTGDs	0		newFullTGDs	5932
nonFullTGDs	2634		fullTGDs	3886			newNonFullTGDs	0		newFullTGDs	5833
nonFullTGDs	2634		fullTGDs	3986			newNonFullTGDs	0		newFullTGDs	5733
nonFullTGDs	2634		fullTGDs	4086			newNonFullTGDs	0		newFullTGDs	5633
nonFullTGDs	2634		fullTGDs	4186			newNonFullTGDs	0		newFullTGDs	5533
nonFullTGDs	2634		fullTGDs	4286			newNonFullTGDs	0		newFullTGDs	5433
nonFullTGDs	2634		fullTGDs	4386			newNonFullTGDs	0		newFullTGDs	5333
nonFullTGDs	2634		fullTGDs	4486			newNonFullTGDs	0		newFullTGDs	5233
nonFullTGDs	2634		fullTGDs	4586			newNonFullTGDs	0		newFullTGDs	5133
nonFullTGDs	2634		fullTGDs	4686			newNonFullTGDs	0		newFullTGDs	5033
nonFullTGDs	2634		fullTGDs	4786			newNonFullTGDs	0		newFullTGDs	4933
nonFullTGDs	2634		fullTGDs	4886			newNonFullTGDs	0		newFullTGDs	4833
nonFullTGDs	2634		fullTGDs	4986			newNonFullTGDs	0		newFullTGDs	4733
nonFullTGDs	2634		fullTGDs	5086			newNonFullTGDs	0		newFullTGDs	4633
nonFullTGDs	2634		fullTGDs	5186			newNonFullTGDs	0		newFullTGDs	4533
nonFullTGDs	2634		fullTGDs	5286			newNonFullTGDs	0		newFullTGDs	4433
nonFullTGDs	2634		fullTGDs	5385			newNonFullTGDs	0		newFullTGDs	4334
nonFullTGDs	2636		fullTGDs	5480			newNonFullTGDs	0		newFullTGDs	4239
nonFullTGDs	2638		fullTGDs	5576			newNonFullTGDs	0		newFullTGDs	4143
nonFullTGDs	2642		fullTGDs	5668			newNonFullTGDs	0		newFullTGDs	4051
nonFullTGDs	2650		fullTGDs	5752			newNonFullTGDs	0		newFullTGDs	3967
nonFullTGDs	2655		fullTGDs	5841			newNonFullTGDs	0		newFullTGDs	3878
nonFullTGDs	2668		fullTGDs	5914			newNonFullTGDs	0		newFullTGDs	3805
nonFullTGDs	2671		fullTGDs	6005			newNonFullTGDs	0		newFullTGDs	3714
nonFullTGDs	2672		fullTGDs	6102			newNonFullTGDs	0		newFullTGDs	3617
nonFullTGDs	2672		fullTGDs	6202			newNonFullTGDs	0		newFullTGDs	3517
nonFullTGDs	2672		fullTGDs	6301			newNonFullTGDs	0		newFullTGDs	3418
nonFullTGDs	2672		fullTGDs	6400			newNonFullTGDs	0		newFullTGDs	3319
nonFullTGDs	2673		fullTGDs	6498			newNonFullTGDs	0		newFullTGDs	3221
nonFullTGDs	2673		fullTGDs	6598			newNonFullTGDs	0		newFullTGDs	3121
nonFullTGDs	2673		fullTGDs	6698			newNonFullTGDs	0		newFullTGDs	3021
nonFullTGDs	2673		fullTGDs	6797			newNonFullTGDs	0		newFullTGDs	2922
nonFullTGDs	2673		fullTGDs	6896			newNonFullTGDs	0		newFullTGDs	2823
nonFullTGDs	2673		fullTGDs	6996			newNonFullTGDs	0		newFullTGDs	2723
nonFullTGDs	2673		fullTGDs	7096			newNonFullTGDs	0		newFullTGDs	2623
nonFullTGDs	2673		fullTGDs	7196			newNonFullTGDs	0		newFullTGDs	2523
nonFullTGDs	2673		fullTGDs	7296			newNonFullTGDs	0		newFullTGDs	2423
nonFullTGDs	2673		fullTGDs	7395			newNonFullTGDs	0		newFullTGDs	2324
nonFullTGDs	2673		fullTGDs	7494			newNonFullTGDs	0		newFullTGDs	2225
nonFullTGDs	2673		fullTGDs	7591			newNonFullTGDs	0		newFullTGDs	2128
nonFullTGDs	2673		fullTGDs	7690			newNonFullTGDs	0		newFullTGDs	2029
nonFullTGDs	2673		fullTGDs	7790			newNonFullTGDs	0		newFullTGDs	1929
nonFullTGDs	2673		fullTGDs	7890			newNonFullTGDs	0		newFullTGDs	1829
nonFullTGDs	2673		fullTGDs	7990			newNonFullTGDs	0		newFullTGDs	1729
nonFullTGDs	2673		fullTGDs	8084			newNonFullTGDs	0		newFullTGDs	1635
nonFullTGDs	2673		fullTGDs	8182			newNonFullTGDs	0		newFullTGDs	1537
nonFullTGDs	2673		fullTGDs	8282			newNonFullTGDs	0		newFullTGDs	1437
nonFullTGDs	2673		fullTGDs	8382			newNonFullTGDs	0		newFullTGDs	1337
nonFullTGDs	2673		fullTGDs	8482			newNonFullTGDs	0		newFullTGDs	1237
nonFullTGDs	2673		fullTGDs	8582			newNonFullTGDs	0		newFullTGDs	1137
nonFullTGDs	2673		fullTGDs	8680			newNonFullTGDs	0		newFullTGDs	1039
nonFullTGDs	2673		fullTGDs	8780			newNonFullTGDs	0		newFullTGDs	939
nonFullTGDs	2673		fullTGDs	8880			newNonFullTGDs	0		newFullTGDs	839
nonFullTGDs	2673		fullTGDs	8980			newNonFullTGDs	0		newFullTGDs	739
nonFullTGDs	2673		fullTGDs	9080			newNonFullTGDs	0		newFullTGDs	639
nonFullTGDs	2673		fullTGDs	9180			newNonFullTGDs	0		newFullTGDs	539
nonFullTGDs	2673		fullTGDs	9280			newNonFullTGDs	0		newFullTGDs	439
nonFullTGDs	2673		fullTGDs	9380			newNonFullTGDs	0		newFullTGDs	339
nonFullTGDs	2675		fullTGDs	9475			newNonFullTGDs	0		newFullTGDs	244
nonFullTGDs	2675		fullTGDs	9573			newNonFullTGDs	0		newFullTGDs	146
nonFullTGDs	2675		fullTGDs	9671			newNonFullTGDs	0		newFullTGDs	48
Nov 24, 2021 4:43:33 AM uk.ac.ox.cs.gsat.SaturationStatistics log
INFO: # initial TGDs: 417 , 644
Nov 24, 2021 4:43:33 AM uk.ac.ox.cs.gsat.SaturationStatistics log
INFO: SkSat total time : 1143 ms = 1.14 s
Nov 24, 2021 4:43:33 AM uk.ac.ox.cs.gsat.SaturationStatistics log
INFO: Subsumed elements : 704
Nov 24, 2021 4:43:33 AM uk.ac.ox.cs.gsat.SaturationStatistics log
INFO: Filter discarded elements : 1500441
Nov 24, 2021 4:43:33 AM uk.ac.ox.cs.gsat.SaturationStatistics log
INFO: subsumption time: 304 ms = 0.30 s
Nov 24, 2021 4:43:33 AM uk.ac.ox.cs.gsat.SaturationStatistics log
INFO: forward subsumption time: 193 ms = 0.19 s
Nov 24, 2021 4:43:33 AM uk.ac.ox.cs.gsat.SaturationStatistics log
INFO: backward subsumption time: 111 ms = 0.11 s
Nov 24, 2021 4:43:33 AM uk.ac.ox.cs.gsat.SaturationStatistics log
INFO: Derived full/non full TGDs: 9654 , 2442
Nov 24, 2021 4:43:33 AM uk.ac.ox.cs.gsat.SaturationStatistics log
INFO: discarded tautology count: 59
Nov 24, 2021 4:43:33 AM uk.ac.ox.cs.gsat.EvolveStatistics log
INFO: Stop because subsumed: 153
Nov 24, 2021 4:43:33 AM uk.ac.ox.cs.gsat.EvolveStatistics log
INFO: evolved equals to current: 0
Nov 24, 2021 4:43:33 AM uk.ac.ox.cs.gsat.EvolveStatistics log
INFO: evolved time: 340 ms = 0.34 s
Nov 24, 2021 4:43:33 AM uk.ac.ox.cs.gsat.EvolveStatistics log
INFO: evolve count: 17382
Nov 24, 2021 4:43:33 AM uk.ac.ox.cs.gsat.SkolemStatistics log
INFO: maximum number of Skolem atoms in body: 1
Nov 24, 2021 4:43:33 AM uk.ac.ox.cs.gsat.SkolemStatistics log
INFO: left derived TGD with Skolem in the body: 0
Nov 24, 2021 4:43:33 AM uk.ac.ox.cs.gsat.SkolemStatistics log
INFO: right derived TGD with Skolem in the body: 9255
Nov 24, 2021 4:43:33 AM uk.ac.ox.cs.gsat.SkolemStatistics log
INFO: derived TGD with more than two Skolem atoms in the body: 0
Nov 24, 2021 4:43:33 AM uk.ac.ox.cs.gsat.AbstractSaturation run
INFO: ouptput full TGDs not contained in the input: 259
Nov 24, 2021 4:43:33 AM uk.ac.ox.cs.gsat.App executeAllSteps
INFO: Rewriting completed!
Full TGD saturation: (676 dependecies)
Nov 24, 2021 4:43:33 AM uk.ac.ox.cs.gsat.App executeAllSteps
INFO: Writing the saturation in the Datalog file 00753.rul
