Starting Saturation...
Executing from OWL files with structural transformation
Initial axioms in the ontology: 82119
Full TGD saturation algorithm: Skolem Sat
Running SkSat...
Nov 24, 2021 5:28:49 AM uk.ac.ox.cs.gsat.AbstractSaturation run
INFO: SkSat discarded rules : 0/108114 = 0.000%
SkSat discarded rules : 0/108114 = 0.000%
Nov 24, 2021 5:28:51 AM uk.ac.ox.cs.gsat.AbstractSaturation run
INFO: Subsumption method : tree_predicate
length of the formulas: 2.1419358
number of bags: 61
length of the formulas: 2.1419358
number of bags: 61
nonFullTGDs	0		fullTGDs	79527			newNonFullTGDs	20638		newFullTGDs	0
nonFullTGDs	100		fullTGDs	79527			newNonFullTGDs	20623		newFullTGDs	18864
nonFullTGDs	200		fullTGDs	79527			newNonFullTGDs	20610		newFullTGDs	32946
nonFullTGDs	300		fullTGDs	79527			newNonFullTGDs	20593		newFullTGDs	52040
nonFullTGDs	400		fullTGDs	79527			newNonFullTGDs	20578		newFullTGDs	77814
nonFullTGDs	500		fullTGDs	79527			newNonFullTGDs	20561		newFullTGDs	93629
nonFullTGDs	600		fullTGDs	79527			newNonFullTGDs	20549		newFullTGDs	110183
nonFullTGDs	700		fullTGDs	79527			newNonFullTGDs	20746		newFullTGDs	126592
nonFullTGDs	800		fullTGDs	79527			newNonFullTGDs	20733		newFullTGDs	152007
nonFullTGDs	900		fullTGDs	79527			newNonFullTGDs	20712		newFullTGDs	175653
nonFullTGDs	1000		fullTGDs	79527			newNonFullTGDs	20692		newFullTGDs	187932
nonFullTGDs	1100		fullTGDs	79527			newNonFullTGDs	20675		newFullTGDs	211612
nonFullTGDs	1200		fullTGDs	79527			newNonFullTGDs	20660		newFullTGDs	233687
nonFullTGDs	1300		fullTGDs	79527			newNonFullTGDs	20643		newFullTGDs	254989
nonFullTGDs	1400		fullTGDs	79527			newNonFullTGDs	20628		newFullTGDs	285084
nonFullTGDs	1500		fullTGDs	79527			newNonFullTGDs	20606		newFullTGDs	307552
nonFullTGDs	1600		fullTGDs	79527			newNonFullTGDs	20592		newFullTGDs	329201
nonFullTGDs	1700		fullTGDs	79527			newNonFullTGDs	20582		newFullTGDs	349359
nonFullTGDs	1800		fullTGDs	79527			newNonFullTGDs	20565		newFullTGDs	369551
nonFullTGDs	1900		fullTGDs	79527			newNonFullTGDs	20546		newFullTGDs	405431
nonFullTGDs	2000		fullTGDs	79527			newNonFullTGDs	20530		newFullTGDs	424065
nonFullTGDs	2100		fullTGDs	79527			newNonFullTGDs	20728		newFullTGDs	441192
nonFullTGDs	2200		fullTGDs	79527			newNonFullTGDs	20708		newFullTGDs	464215
nonFullTGDs	2300		fullTGDs	79527			newNonFullTGDs	20696		newFullTGDs	480573
nonFullTGDs	2400		fullTGDs	79527			newNonFullTGDs	20674		newFullTGDs	499321
nonFullTGDs	2500		fullTGDs	79527			newNonFullTGDs	20668		newFullTGDs	510538
nonFullTGDs	2600		fullTGDs	79527			newNonFullTGDs	20651		newFullTGDs	528813
nonFullTGDs	2700		fullTGDs	79527			newNonFullTGDs	20631		newFullTGDs	554376
nonFullTGDs	2800		fullTGDs	79527			newNonFullTGDs	20614		newFullTGDs	571289
nonFullTGDs	2900		fullTGDs	79527			newNonFullTGDs	20602		newFullTGDs	583488
nonFullTGDs	3000		fullTGDs	79527			newNonFullTGDs	20587		newFullTGDs	616862
nonFullTGDs	3100		fullTGDs	79527			newNonFullTGDs	20575		newFullTGDs	646538
nonFullTGDs	3200		fullTGDs	79527			newNonFullTGDs	20554		newFullTGDs	667089
nonFullTGDs	3300		fullTGDs	79527			newNonFullTGDs	20538		newFullTGDs	696731
nonFullTGDs	3400		fullTGDs	79527			newNonFullTGDs	20519		newFullTGDs	715086
nonFullTGDs	3500		fullTGDs	79527			newNonFullTGDs	20503		newFullTGDs	737195
nonFullTGDs	3600		fullTGDs	79527			newNonFullTGDs	20489		newFullTGDs	759629
nonFullTGDs	3700		fullTGDs	79527			newNonFullTGDs	20472		newFullTGDs	783946
nonFullTGDs	3800		fullTGDs	79527			newNonFullTGDs	20462		newFullTGDs	801794
nonFullTGDs	3900		fullTGDs	79527			newNonFullTGDs	20447		newFullTGDs	822345
nonFullTGDs	4000		fullTGDs	79527			newNonFullTGDs	20432		newFullTGDs	840261
nonFullTGDs	4100		fullTGDs	79527			newNonFullTGDs	20422		newFullTGDs	856619
nonFullTGDs	4200		fullTGDs	79527			newNonFullTGDs	20405		newFullTGDs	874860
nonFullTGDs	4300		fullTGDs	79527			newNonFullTGDs	20395		newFullTGDs	885338
nonFullTGDs	4400		fullTGDs	79527			newNonFullTGDs	20377		newFullTGDs	911342
nonFullTGDs	4500		fullTGDs	79527			newNonFullTGDs	20358		newFullTGDs	934988
nonFullTGDs	4600		fullTGDs	79527			newNonFullTGDs	20342		newFullTGDs	958207
nonFullTGDs	4700		fullTGDs	79527			newNonFullTGDs	20330		newFullTGDs	974138
nonFullTGDs	4800		fullTGDs	79527			newNonFullTGDs	20308		newFullTGDs	1004958
nonFullTGDs	4900		fullTGDs	79527			newNonFullTGDs	20294		newFullTGDs	1029309
nonFullTGDs	5000		fullTGDs	79527			newNonFullTGDs	20274		newFullTGDs	1051709
nonFullTGDs	5100		fullTGDs	79527			newNonFullTGDs	20266		newFullTGDs	1059945
nonFullTGDs	5200		fullTGDs	79527			newNonFullTGDs	20253		newFullTGDs	1075714
nonFullTGDs	5300		fullTGDs	79527			newNonFullTGDs	20233		newFullTGDs	1097213
nonFullTGDs	5400		fullTGDs	79527			newNonFullTGDs	20220		newFullTGDs	1110752
nonFullTGDs	5500		fullTGDs	79527			newNonFullTGDs	20199		newFullTGDs	1135428
nonFullTGDs	5600		fullTGDs	79527			newNonFullTGDs	20180		newFullTGDs	1156798
nonFullTGDs	5700		fullTGDs	79527			newNonFullTGDs	20164		newFullTGDs	1173907
nonFullTGDs	5800		fullTGDs	79527			newNonFullTGDs	20143		newFullTGDs	1202776
nonFullTGDs	5900		fullTGDs	79527			newNonFullTGDs	20126		newFullTGDs	1223848
nonFullTGDs	6000		fullTGDs	79527			newNonFullTGDs	20117		newFullTGDs	1237537
nonFullTGDs	6100		fullTGDs	79527			newNonFullTGDs	20101		newFullTGDs	1255812
nonFullTGDs	6200		fullTGDs	79527			newNonFullTGDs	20080		newFullTGDs	1294950
nonFullTGDs	6300		fullTGDs	79527			newNonFullTGDs	20066		newFullTGDs	1310881
nonFullTGDs	6400		fullTGDs	79527			newNonFullTGDs	20042		newFullTGDs	1351740
nonFullTGDs	6500		fullTGDs	79527			newNonFullTGDs	20030		newFullTGDs	1370536
nonFullTGDs	6600		fullTGDs	79527			newNonFullTGDs	20014		newFullTGDs	1384618
nonFullTGDs	6700		fullTGDs	79527			newNonFullTGDs	20003		newFullTGDs	1399844
nonFullTGDs	6800		fullTGDs	79527			newNonFullTGDs	19984		newFullTGDs	1425882
nonFullTGDs	6900		fullTGDs	79527			newNonFullTGDs	19964		newFullTGDs	1452475
nonFullTGDs	7000		fullTGDs	79527			newNonFullTGDs	19949		newFullTGDs	1465622
nonFullTGDs	7100		fullTGDs	79527			newNonFullTGDs	19931		newFullTGDs	1486139
nonFullTGDs	7200		fullTGDs	79527			newNonFullTGDs	19914		newFullTGDs	1514351
nonFullTGDs	7300		fullTGDs	79527			newNonFullTGDs	19902		newFullTGDs	1532626
nonFullTGDs	7400		fullTGDs	79527			newNonFullTGDs	19879		newFullTGDs	1565688
nonFullTGDs	7500		fullTGDs	79527			newNonFullTGDs	19861		newFullTGDs	1579884
nonFullTGDs	7600		fullTGDs	79527			newNonFullTGDs	19851		newFullTGDs	1591494
nonFullTGDs	7700		fullTGDs	79527			newNonFullTGDs	19840		newFullTGDs	1613305
nonFullTGDs	7800		fullTGDs	79527			newNonFullTGDs	19823		newFullTGDs	1636871
nonFullTGDs	7900		fullTGDs	79527			newNonFullTGDs	19810		newFullTGDs	1657618
nonFullTGDs	8000		fullTGDs	79527			newNonFullTGDs	19787		newFullTGDs	1682347
nonFullTGDs	8100		fullTGDs	79527			newNonFullTGDs	19778		newFullTGDs	1697791
nonFullTGDs	8200		fullTGDs	79527			newNonFullTGDs	19767		newFullTGDs	1711873
nonFullTGDs	8300		fullTGDs	79527			newNonFullTGDs	19746		newFullTGDs	1739319
nonFullTGDs	8400		fullTGDs	79527			newNonFullTGDs	19738		newFullTGDs	1758658
nonFullTGDs	8500		fullTGDs	79527			newNonFullTGDs	19717		newFullTGDs	1778375
nonFullTGDs	8600		fullTGDs	79527			newNonFullTGDs	19705		newFullTGDs	1788853
nonFullTGDs	8700		fullTGDs	79527			newNonFullTGDs	19692		newFullTGDs	1797678
nonFullTGDs	8800		fullTGDs	79527			newNonFullTGDs	19683		newFullTGDs	1811760
nonFullTGDs	8900		fullTGDs	79527			newNonFullTGDs	19667		newFullTGDs	1830069
nonFullTGDs	9000		fullTGDs	79527			newNonFullTGDs	19656		newFullTGDs	1839599
nonFullTGDs	9100		fullTGDs	79527			newNonFullTGDs	19648		newFullTGDs	1857285
nonFullTGDs	9200		fullTGDs	79527			newNonFullTGDs	19637		newFullTGDs	1870155
nonFullTGDs	9300		fullTGDs	79527			newNonFullTGDs	19623		newFullTGDs	1887068
nonFullTGDs	9400		fullTGDs	79527			newNonFullTGDs	19604		newFullTGDs	1904049
nonFullTGDs	9500		fullTGDs	79527			newNonFullTGDs	19586		newFullTGDs	1921619
nonFullTGDs	9600		fullTGDs	79527			newNonFullTGDs	19573		newFullTGDs	1942495
nonFullTGDs	9700		fullTGDs	79527			newNonFullTGDs	19548		newFullTGDs	1974968
nonFullTGDs	9800		fullTGDs	79527			newNonFullTGDs	19529		newFullTGDs	1998154
nonFullTGDs	9900		fullTGDs	79527			newNonFullTGDs	19515		newFullTGDs	2018346
nonFullTGDs	10000		fullTGDs	79527			newNonFullTGDs	19501		newFullTGDs	2036262
nonFullTGDs	10100		fullTGDs	79527			newNonFullTGDs	19701		newFullTGDs	2054256
nonFullTGDs	10200		fullTGDs	79527			newNonFullTGDs	19688		newFullTGDs	2071758
nonFullTGDs	10300		fullTGDs	79527			newNonFullTGDs	19672		newFullTGDs	2084187
nonFullTGDs	10400		fullTGDs	79527			newNonFullTGDs	19654		newFullTGDs	2107535
nonFullTGDs	10500		fullTGDs	79527			newNonFullTGDs	19633		newFullTGDs	2129230
nonFullTGDs	10600		fullTGDs	79527			newNonFullTGDs	19621		newFullTGDs	2143508
nonFullTGDs	10700		fullTGDs	79527			newNonFullTGDs	19605		newFullTGDs	2169085
nonFullTGDs	10800		fullTGDs	79527			newNonFullTGDs	19589		newFullTGDs	2190157
nonFullTGDs	10900		fullTGDs	79527			newNonFullTGDs	19571		newFullTGDs	2216263
nonFullTGDs	11000		fullTGDs	79527			newNonFullTGDs	19560		newFullTGDs	2229213
nonFullTGDs	11100		fullTGDs	79527			newNonFullTGDs	19539		newFullTGDs	2257459
nonFullTGDs	11200		fullTGDs	79527			newNonFullTGDs	19516		newFullTGDs	2289423
nonFullTGDs	11300		fullTGDs	79527			newNonFullTGDs	19503		newFullTGDs	2309419
nonFullTGDs	11400		fullTGDs	79527			newNonFullTGDs	19489		newFullTGDs	2333506
nonFullTGDs	11500		fullTGDs	79527			newNonFullTGDs	19468		newFullTGDs	2359971
nonFullTGDs	11600		fullTGDs	79527			newNonFullTGDs	19446		newFullTGDs	2383047
nonFullTGDs	11700		fullTGDs	79527			newNonFullTGDs	19430		newFullTGDs	2407757
nonFullTGDs	11800		fullTGDs	79527			newNonFullTGDs	19418		newFullTGDs	2434580
nonFullTGDs	11900		fullTGDs	79527			newNonFullTGDs	19397		newFullTGDs	2458863
nonFullTGDs	12000		fullTGDs	79527			newNonFullTGDs	19376		newFullTGDs	2484162
nonFullTGDs	12100		fullTGDs	79527			newNonFullTGDs	19361		newFullTGDs	2504056
nonFullTGDs	12200		fullTGDs	79527			newNonFullTGDs	19343		newFullTGDs	2522147
nonFullTGDs	12300		fullTGDs	79527			newNonFullTGDs	19325		newFullTGDs	2548449
nonFullTGDs	12400		fullTGDs	79527			newNonFullTGDs	19311		newFullTGDs	2572536
nonFullTGDs	12500		fullTGDs	79527			newNonFullTGDs	19292		newFullTGDs	2600850
nonFullTGDs	12600		fullTGDs	79527			newNonFullTGDs	19278		newFullTGDs	2621401
nonFullTGDs	12700		fullTGDs	79527			newNonFullTGDs	19266		newFullTGDs	2635517
nonFullTGDs	12800		fullTGDs	79527			newNonFullTGDs	19243		newFullTGDs	2667956
nonFullTGDs	12900		fullTGDs	79527			newNonFullTGDs	19229		newFullTGDs	2690390
nonFullTGDs	13000		fullTGDs	79527			newNonFullTGDs	19216		newFullTGDs	2702046
nonFullTGDs	13100		fullTGDs	79527			newNonFullTGDs	19195		newFullTGDs	2726397
nonFullTGDs	13200		fullTGDs	79527			newNonFullTGDs	19182		newFullTGDs	2749190
nonFullTGDs	13300		fullTGDs	79527			newNonFullTGDs	19376		newFullTGDs	2767448
nonFullTGDs	13400		fullTGDs	79527			newNonFullTGDs	19360		newFullTGDs	2792192
nonFullTGDs	13500		fullTGDs	79527			newNonFullTGDs	19346		newFullTGDs	2813610
nonFullTGDs	13600		fullTGDs	79527			newNonFullTGDs	19328		newFullTGDs	2838943
nonFullTGDs	13700		fullTGDs	79527			newNonFullTGDs	19312		newFullTGDs	2859460
nonFullTGDs	13800		fullTGDs	79527			newNonFullTGDs	19504		newFullTGDs	2881206
nonFullTGDs	13900		fullTGDs	79527			newNonFullTGDs	19500		newFullTGDs	2896420
nonFullTGDs	14000		fullTGDs	79527			newNonFullTGDs	19481		newFullTGDs	2912778
nonFullTGDs	14100		fullTGDs	79527			newNonFullTGDs	19462		newFullTGDs	2933559
nonFullTGDs	14200		fullTGDs	79527			newNonFullTGDs	19449		newFullTGDs	2957355
nonFullTGDs	14300		fullTGDs	79527			newNonFullTGDs	19429		newFullTGDs	2992266
nonFullTGDs	14400		fullTGDs	79527			newNonFullTGDs	19411		newFullTGDs	3018142
nonFullTGDs	14500		fullTGDs	79527			newNonFullTGDs	19395		newFullTGDs	3043116
nonFullTGDs	14600		fullTGDs	79527			newNonFullTGDs	19377		newFullTGDs	3058965
nonFullTGDs	14700		fullTGDs	79527			newNonFullTGDs	19352		newFullTGDs	3081053
nonFullTGDs	14800		fullTGDs	79527			newNonFullTGDs	19334		newFullTGDs	3106582
nonFullTGDs	14900		fullTGDs	79527			newNonFullTGDs	19319		newFullTGDs	3119532
nonFullTGDs	15000		fullTGDs	79527			newNonFullTGDs	19307		newFullTGDs	3137773
nonFullTGDs	15100		fullTGDs	79527			newNonFullTGDs	19289		newFullTGDs	3158604
nonFullTGDs	15200		fullTGDs	79527			newNonFullTGDs	19272		newFullTGDs	3184967
nonFullTGDs	15300		fullTGDs	79527			newNonFullTGDs	19256		newFullTGDs	3209318
nonFullTGDs	15400		fullTGDs	79527			newNonFullTGDs	19239		newFullTGDs	3225446
nonFullTGDs	15500		fullTGDs	79527			newNonFullTGDs	19223		newFullTGDs	3244080
nonFullTGDs	15600		fullTGDs	79527			newNonFullTGDs	19206		newFullTGDs	3272232
nonFullTGDs	15700		fullTGDs	79527			newNonFullTGDs	19190		newFullTGDs	3292749
nonFullTGDs	15800		fullTGDs	79527			newNonFullTGDs	19177		newFullTGDs	3311288
nonFullTGDs	15900		fullTGDs	79527			newNonFullTGDs	19162		newFullTGDs	3337640
nonFullTGDs	16000		fullTGDs	79527			newNonFullTGDs	19145		newFullTGDs	3357764
nonFullTGDs	16100		fullTGDs	79527			newNonFullTGDs	19131		newFullTGDs	3380164
nonFullTGDs	16200		fullTGDs	79527			newNonFullTGDs	19113		newFullTGDs	3405579
nonFullTGDs	16300		fullTGDs	79527			newNonFullTGDs	19103		newFullTGDs	3431881
nonFullTGDs	16400		fullTGDs	79527			newNonFullTGDs	19085		newFullTGDs	3452432
nonFullTGDs	16500		fullTGDs	79527			newNonFullTGDs	19067		newFullTGDs	3472658
nonFullTGDs	16600		fullTGDs	79527			newNonFullTGDs	19049		newFullTGDs	3492077
nonFullTGDs	16700		fullTGDs	79527			newNonFullTGDs	19032		newFullTGDs	3511103
nonFullTGDs	16800		fullTGDs	79527			newNonFullTGDs	19019		newFullTGDs	3534669
nonFullTGDs	16900		fullTGDs	79527			newNonFullTGDs	19002		newFullTGDs	3557658
nonFullTGDs	17000		fullTGDs	79527			newNonFullTGDs	18984		newFullTGDs	3584874
nonFullTGDs	17100		fullTGDs	79527			newNonFullTGDs	18973		newFullTGDs	3594174
nonFullTGDs	17200		fullTGDs	79527			newNonFullTGDs	18959		newFullTGDs	3618491
nonFullTGDs	17300		fullTGDs	79527			newNonFullTGDs	18945		newFullTGDs	3634456
nonFullTGDs	17400		fullTGDs	79527			newNonFullTGDs	18926		newFullTGDs	3653909
nonFullTGDs	17500		fullTGDs	79527			newNonFullTGDs	18910		newFullTGDs	3675442
nonFullTGDs	17600		fullTGDs	79527			newNonFullTGDs	18893		newFullTGDs	3697517
nonFullTGDs	17700		fullTGDs	79527			newNonFullTGDs	18877		newFullTGDs	3712777
nonFullTGDs	17800		fullTGDs	79527			newNonFullTGDs	18863		newFullTGDs	3732230
nonFullTGDs	17900		fullTGDs	79527			newNonFullTGDs	18839		newFullTGDs	3761099
nonFullTGDs	18000		fullTGDs	79527			newNonFullTGDs	18821		newFullTGDs	3793213
nonFullTGDs	18100		fullTGDs	79527			newNonFullTGDs	18809		newFullTGDs	3818594
nonFullTGDs	18200		fullTGDs	79527			newNonFullTGDs	18792		newFullTGDs	3832201
nonFullTGDs	18300		fullTGDs	79527			newNonFullTGDs	18778		newFullTGDs	3856356
nonFullTGDs	18400		fullTGDs	79527			newNonFullTGDs	18761		newFullTGDs	3880639
nonFullTGDs	18500		fullTGDs	79527			newNonFullTGDs	18741		newFullTGDs	3912557
nonFullTGDs	18600		fullTGDs	79527			newNonFullTGDs	18727		newFullTGDs	3934991
nonFullTGDs	18700		fullTGDs	79527			newNonFullTGDs	18934		newFullTGDs	3940704
nonFullTGDs	18800		fullTGDs	79527			newNonFullTGDs	18914		newFullTGDs	3968245
nonFullTGDs	18900		fullTGDs	79527			newNonFullTGDs	18894		newFullTGDs	3993762
nonFullTGDs	19000		fullTGDs	79527			newNonFullTGDs	18881		newFullTGDs	4015607
nonFullTGDs	19100		fullTGDs	79527			newNonFullTGDs	18868		newFullTGDs	4032750
nonFullTGDs	19200		fullTGDs	79527			newNonFullTGDs	18850		newFullTGDs	4056316
nonFullTGDs	19300		fullTGDs	79527			newNonFullTGDs	19048		newFullTGDs	4079865
nonFullTGDs	19400		fullTGDs	79527			newNonFullTGDs	19029		newFullTGDs	4105130
nonFullTGDs	19500		fullTGDs	79527			newNonFullTGDs	19015		newFullTGDs	4127239
nonFullTGDs	19600		fullTGDs	79527			newNonFullTGDs	18998		newFullTGDs	4150228
nonFullTGDs	19700		fullTGDs	79527			newNonFullTGDs	18984		newFullTGDs	4170156
nonFullTGDs	19800		fullTGDs	79527			newNonFullTGDs	18960		newFullTGDs	4203543
Nov 24, 2021 5:38:53 AM uk.ac.ox.cs.gsat.SaturationStatistics log
INFO: # initial TGDs: 79527 , 20638
Nov 24, 2021 5:38:53 AM uk.ac.ox.cs.gsat.SaturationStatistics log
INFO: SkSat total time : 603928 ms = 603.93 s
Nov 24, 2021 5:38:53 AM uk.ac.ox.cs.gsat.SaturationStatistics log
INFO: Subsumed elements : 7009
Nov 24, 2021 5:38:53 AM uk.ac.ox.cs.gsat.SaturationStatistics log
INFO: Filter discarded elements : 658052566
Nov 24, 2021 5:38:53 AM uk.ac.ox.cs.gsat.SaturationStatistics log
INFO: subsumption time: 446198 ms = 446.20 s
Nov 24, 2021 5:38:53 AM uk.ac.ox.cs.gsat.SaturationStatistics log
INFO: forward subsumption time: 240423 ms = 240.42 s
Nov 24, 2021 5:38:53 AM uk.ac.ox.cs.gsat.SaturationStatistics log
INFO: backward subsumption time: 205775 ms = 205.77 s
Nov 24, 2021 5:38:53 AM uk.ac.ox.cs.gsat.SaturationStatistics log
INFO: Derived full/non full TGDs: 4217821 , 25176
Nov 24, 2021 5:38:53 AM uk.ac.ox.cs.gsat.SaturationStatistics log
INFO: discarded tautology count: 0
Nov 24, 2021 5:38:53 AM uk.ac.ox.cs.gsat.SaturationStatistics log
INFO: !!! TIME OUT !!!
Nov 24, 2021 5:38:53 AM uk.ac.ox.cs.gsat.EvolveStatistics log
INFO: Stop because subsumed: 0
Nov 24, 2021 5:38:53 AM uk.ac.ox.cs.gsat.EvolveStatistics log
INFO: evolved equals to current: 0
Nov 24, 2021 5:38:53 AM uk.ac.ox.cs.gsat.EvolveStatistics log
INFO: evolved time: 44673 ms = 44.67 s
Nov 24, 2021 5:38:53 AM uk.ac.ox.cs.gsat.EvolveStatistics log
INFO: evolve count: 4246498
Nov 24, 2021 5:38:53 AM uk.ac.ox.cs.gsat.SkolemStatistics log
INFO: maximum number of Skolem atoms in body: 1
Nov 24, 2021 5:38:53 AM uk.ac.ox.cs.gsat.SkolemStatistics log
INFO: left derived TGD with Skolem in the body: 0
Nov 24, 2021 5:38:53 AM uk.ac.ox.cs.gsat.SkolemStatistics log
INFO: right derived TGD with Skolem in the body: 4217821
Nov 24, 2021 5:38:53 AM uk.ac.ox.cs.gsat.SkolemStatistics log
INFO: derived TGD with more than two Skolem atoms in the body: 0
Nov 24, 2021 5:38:53 AM uk.ac.ox.cs.gsat.AbstractSaturation run
INFO: ouptput full TGDs not contained in the input: 0
Nov 24, 2021 5:38:53 AM uk.ac.ox.cs.gsat.App executeAllSteps
INFO: Rewriting completed!
Full TGD saturation: (79527 dependecies)
Nov 24, 2021 5:38:53 AM uk.ac.ox.cs.gsat.App executeAllSteps
INFO: Writing the saturation in the Datalog file 00764.rul
