Starting Saturation...
Executing from DLGP files
SLF4J: Failed to load class "org.slf4j.impl.StaticLoggerBinder".
SLF4J: Defaulting to no-operation (NOP) logger implementation
SLF4J: See http://www.slf4j.org/codes.html#StaticLoggerBinder for further details.
# Rules: 73; # Atoms: 0; # AtomSets: 0; # Queries: 0; # Constraints: 0
Full TGD saturation algorithm: GSat
Running GSat...
Nov 29, 2021 4:17:44 PM uk.ac.ox.cs.gsat.AbstractSaturation run
INFO: GSat discarded rules : 0/73 = 0.000%
GSat discarded rules : 0/73 = 0.000%
Nov 29, 2021 4:17:45 PM uk.ac.ox.cs.gsat.AbstractSaturation run
INFO: Subsumption method : tree_predicate
length of the formulas: 2.0
number of bags: 2
length of the formulas: 2.0
number of bags: 2
nonFullTGDs	0		fullTGDs	61			newNonFullTGDs	12		newFullTGDs	0
Nov 29, 2021 4:17:45 PM uk.ac.ox.cs.gsat.SaturationStatistics log
INFO: # initial TGDs: 61 , 12
Nov 29, 2021 4:17:45 PM uk.ac.ox.cs.gsat.SaturationStatistics log
INFO: GSat total time : 91 ms = 0.09 s
Nov 29, 2021 4:17:45 PM uk.ac.ox.cs.gsat.SaturationStatistics log
INFO: Subsumed elements : 12
Nov 29, 2021 4:17:45 PM uk.ac.ox.cs.gsat.SaturationStatistics log
INFO: Filter discarded elements : 86
Nov 29, 2021 4:17:45 PM uk.ac.ox.cs.gsat.SaturationStatistics log
INFO: subsumption time: 3 ms = 0.00 s
Nov 29, 2021 4:17:45 PM uk.ac.ox.cs.gsat.SaturationStatistics log
INFO: forward subsumption time: 2 ms = 0.00 s
Nov 29, 2021 4:17:45 PM uk.ac.ox.cs.gsat.SaturationStatistics log
INFO: backward subsumption time: 1 ms = 0.00 s
Nov 29, 2021 4:17:45 PM uk.ac.ox.cs.gsat.SaturationStatistics log
INFO: Derived full/non full TGDs: 0 , 12
Nov 29, 2021 4:17:45 PM uk.ac.ox.cs.gsat.SaturationStatistics log
INFO: discarded tautology count: 0
Nov 29, 2021 4:17:45 PM uk.ac.ox.cs.gsat.EvolveStatistics log
INFO: Stop because subsumed: 12
Nov 29, 2021 4:17:45 PM uk.ac.ox.cs.gsat.EvolveStatistics log
INFO: evolved equals to current: 24
Nov 29, 2021 4:17:45 PM uk.ac.ox.cs.gsat.EvolveStatistics log
INFO: evolved time: 13 ms = 0.01 s
Nov 29, 2021 4:17:45 PM uk.ac.ox.cs.gsat.EvolveStatistics log
INFO: evolve count: 48
Nov 29, 2021 4:17:45 PM uk.ac.ox.cs.gsat.AbstractSaturation run
INFO: ouptput full TGDs not contained in the input: 0
Nov 29, 2021 4:17:45 PM uk.ac.ox.cs.gsat.App executeAllSteps
INFO: Rewriting completed!
Full TGD saturation: (61 dependecies)
Nov 29, 2021 4:17:45 PM uk.ac.ox.cs.gsat.App executeAllSteps
INFO: Writing the saturation in the Datalog file 00063.rul
