Starting Saturation...
Executing from DLGP files
SLF4J: Failed to load class "org.slf4j.impl.StaticLoggerBinder".
SLF4J: Defaulting to no-operation (NOP) logger implementation
SLF4J: See http://www.slf4j.org/codes.html#StaticLoggerBinder for further details.
# Rules: 3775; # Atoms: 0; # AtomSets: 0; # Queries: 0; # Constraints: 0
Full TGD saturation algorithm: GSat
Running GSat...
Nov 29, 2021 6:23:47 PM uk.ac.ox.cs.gsat.AbstractSaturation run
INFO: GSat discarded rules : 0/3775 = 0.000%
GSat discarded rules : 0/3775 = 0.000%
Nov 29, 2021 6:23:47 PM uk.ac.ox.cs.gsat.AbstractSaturation run
INFO: Subsumption method : tree_predicate
length of the formulas: 2.475232
number of bags: 9
length of the formulas: 2.475232
number of bags: 9
nonFullTGDs	0		fullTGDs	1981			newNonFullTGDs	1794		newFullTGDs	0
nonFullTGDs	30		fullTGDs	1981			newNonFullTGDs	1764		newFullTGDs	0
nonFullTGDs	76		fullTGDs	1981			newNonFullTGDs	1718		newFullTGDs	0
nonFullTGDs	125		fullTGDs	1981			newNonFullTGDs	1669		newFullTGDs	0
nonFullTGDs	205		fullTGDs	1981			newNonFullTGDs	1589		newFullTGDs	0
nonFullTGDs	250		fullTGDs	1981			newNonFullTGDs	1544		newFullTGDs	0
nonFullTGDs	303		fullTGDs	1981			newNonFullTGDs	1491		newFullTGDs	0
nonFullTGDs	327		fullTGDs	1981			newNonFullTGDs	1467		newFullTGDs	0
nonFullTGDs	344		fullTGDs	1981			newNonFullTGDs	1450		newFullTGDs	0
nonFullTGDs	375		fullTGDs	1981			newNonFullTGDs	1419		newFullTGDs	0
nonFullTGDs	436		fullTGDs	1981			newNonFullTGDs	1358		newFullTGDs	0
nonFullTGDs	490		fullTGDs	1981			newNonFullTGDs	1304		newFullTGDs	0
nonFullTGDs	531		fullTGDs	1981			newNonFullTGDs	1263		newFullTGDs	0
nonFullTGDs	567		fullTGDs	1981			newNonFullTGDs	1227		newFullTGDs	0
nonFullTGDs	596		fullTGDs	1981			newNonFullTGDs	1198		newFullTGDs	0
nonFullTGDs	636		fullTGDs	1981			newNonFullTGDs	1158		newFullTGDs	0
nonFullTGDs	684		fullTGDs	1981			newNonFullTGDs	1110		newFullTGDs	0
nonFullTGDs	760		fullTGDs	1981			newNonFullTGDs	1034		newFullTGDs	0
nonFullTGDs	824		fullTGDs	1981			newNonFullTGDs	970		newFullTGDs	0
nonFullTGDs	897		fullTGDs	1981			newNonFullTGDs	897		newFullTGDs	0
nonFullTGDs	932		fullTGDs	1981			newNonFullTGDs	862		newFullTGDs	0
nonFullTGDs	987		fullTGDs	1981			newNonFullTGDs	807		newFullTGDs	0
nonFullTGDs	1056		fullTGDs	1981			newNonFullTGDs	737		newFullTGDs	0
nonFullTGDs	1105		fullTGDs	1981			newNonFullTGDs	688		newFullTGDs	0
nonFullTGDs	1167		fullTGDs	1981			newNonFullTGDs	626		newFullTGDs	0
nonFullTGDs	1203		fullTGDs	1981			newNonFullTGDs	590		newFullTGDs	0
nonFullTGDs	1235		fullTGDs	1981			newNonFullTGDs	558		newFullTGDs	0
nonFullTGDs	1258		fullTGDs	1981			newNonFullTGDs	535		newFullTGDs	0
nonFullTGDs	1290		fullTGDs	1981			newNonFullTGDs	503		newFullTGDs	0
nonFullTGDs	1321		fullTGDs	1981			newNonFullTGDs	472		newFullTGDs	0
nonFullTGDs	1369		fullTGDs	1981			newNonFullTGDs	424		newFullTGDs	0
nonFullTGDs	1417		fullTGDs	1981			newNonFullTGDs	376		newFullTGDs	0
nonFullTGDs	1464		fullTGDs	1981			newNonFullTGDs	329		newFullTGDs	0
nonFullTGDs	1513		fullTGDs	1981			newNonFullTGDs	280		newFullTGDs	0
nonFullTGDs	1558		fullTGDs	1981			newNonFullTGDs	235		newFullTGDs	0
nonFullTGDs	1601		fullTGDs	1981			newNonFullTGDs	192		newFullTGDs	0
nonFullTGDs	1650		fullTGDs	1981			newNonFullTGDs	143		newFullTGDs	0
nonFullTGDs	1685		fullTGDs	1981			newNonFullTGDs	108		newFullTGDs	0
nonFullTGDs	1733		fullTGDs	1981			newNonFullTGDs	60		newFullTGDs	0
nonFullTGDs	1787		fullTGDs	1981			newNonFullTGDs	6		newFullTGDs	0
Nov 29, 2021 6:23:48 PM uk.ac.ox.cs.gsat.SaturationStatistics log
INFO: # initial TGDs: 1981 , 1794
Nov 29, 2021 6:23:48 PM uk.ac.ox.cs.gsat.SaturationStatistics log
INFO: GSat total time : 543 ms = 0.54 s
Nov 29, 2021 6:23:48 PM uk.ac.ox.cs.gsat.SaturationStatistics log
INFO: Subsumed elements : 2118
Nov 29, 2021 6:23:48 PM uk.ac.ox.cs.gsat.SaturationStatistics log
INFO: Filter discarded elements : 139645
Nov 29, 2021 6:23:48 PM uk.ac.ox.cs.gsat.SaturationStatistics log
INFO: subsumption time: 70 ms = 0.07 s
Nov 29, 2021 6:23:48 PM uk.ac.ox.cs.gsat.SaturationStatistics log
INFO: forward subsumption time: 30 ms = 0.03 s
Nov 29, 2021 6:23:48 PM uk.ac.ox.cs.gsat.SaturationStatistics log
INFO: backward subsumption time: 40 ms = 0.04 s
Nov 29, 2021 6:23:48 PM uk.ac.ox.cs.gsat.SaturationStatistics log
INFO: Derived full/non full TGDs: 0 , 2117
Nov 29, 2021 6:23:48 PM uk.ac.ox.cs.gsat.SaturationStatistics log
INFO: discarded tautology count: 0
Nov 29, 2021 6:23:48 PM uk.ac.ox.cs.gsat.EvolveStatistics log
INFO: Stop because subsumed: 2117
Nov 29, 2021 6:23:48 PM uk.ac.ox.cs.gsat.EvolveStatistics log
INFO: evolved equals to current: 0
Nov 29, 2021 6:23:48 PM uk.ac.ox.cs.gsat.EvolveStatistics log
INFO: evolved time: 167 ms = 0.17 s
Nov 29, 2021 6:23:48 PM uk.ac.ox.cs.gsat.EvolveStatistics log
INFO: evolve count: 6195
Nov 29, 2021 6:23:48 PM uk.ac.ox.cs.gsat.AbstractSaturation run
INFO: ouptput full TGDs not contained in the input: 0
Nov 29, 2021 6:23:48 PM uk.ac.ox.cs.gsat.App executeAllSteps
INFO: Rewriting completed!
Full TGD saturation: (1981 dependecies)
Nov 29, 2021 6:23:48 PM uk.ac.ox.cs.gsat.App executeAllSteps
INFO: Writing the saturation in the Datalog file 00357.rul
