Starting Saturation...
Executing from DLGP files
SLF4J: Failed to load class "org.slf4j.impl.StaticLoggerBinder".
SLF4J: Defaulting to no-operation (NOP) logger implementation
SLF4J: See http://www.slf4j.org/codes.html#StaticLoggerBinder for further details.
# Rules: 63053; # Atoms: 0; # AtomSets: 0; # Queries: 0; # Constraints: 0
Full TGD saturation algorithm: GSat
Running GSat...
Nov 29, 2021 10:01:41 PM uk.ac.ox.cs.gsat.AbstractSaturation run
INFO: GSat discarded rules : 0/63053 = 0.000%
GSat discarded rules : 0/63053 = 0.000%
Nov 29, 2021 10:01:43 PM uk.ac.ox.cs.gsat.AbstractSaturation run
INFO: Subsumption method : tree_predicate
length of the formulas: 2.1791754
number of bags: 46
length of the formulas: 2.1791754
number of bags: 46
nonFullTGDs	0		fullTGDs	51961			newNonFullTGDs	11089		newFullTGDs	0
nonFullTGDs	7		fullTGDs	51961			newNonFullTGDs	11082		newFullTGDs	0
nonFullTGDs	15		fullTGDs	51961			newNonFullTGDs	11074		newFullTGDs	0
nonFullTGDs	27		fullTGDs	51961			newNonFullTGDs	11062		newFullTGDs	0
nonFullTGDs	37		fullTGDs	51961			newNonFullTGDs	11052		newFullTGDs	0
nonFullTGDs	48		fullTGDs	51961			newNonFullTGDs	11041		newFullTGDs	0
nonFullTGDs	55		fullTGDs	51961			newNonFullTGDs	11034		newFullTGDs	0
nonFullTGDs	61		fullTGDs	51961			newNonFullTGDs	11028		newFullTGDs	0
nonFullTGDs	66		fullTGDs	51961			newNonFullTGDs	11023		newFullTGDs	0
nonFullTGDs	72		fullTGDs	51961			newNonFullTGDs	11017		newFullTGDs	0
nonFullTGDs	75		fullTGDs	51961			newNonFullTGDs	11014		newFullTGDs	0
nonFullTGDs	81		fullTGDs	51961			newNonFullTGDs	11008		newFullTGDs	0
nonFullTGDs	86		fullTGDs	51961			newNonFullTGDs	11003		newFullTGDs	0
nonFullTGDs	92		fullTGDs	51961			newNonFullTGDs	10997		newFullTGDs	0
nonFullTGDs	97		fullTGDs	51961			newNonFullTGDs	10992		newFullTGDs	0
nonFullTGDs	106		fullTGDs	51961			newNonFullTGDs	10983		newFullTGDs	0
nonFullTGDs	113		fullTGDs	51961			newNonFullTGDs	10976		newFullTGDs	0
nonFullTGDs	119		fullTGDs	51961			newNonFullTGDs	10970		newFullTGDs	0
nonFullTGDs	128		fullTGDs	51961			newNonFullTGDs	10961		newFullTGDs	0
nonFullTGDs	141		fullTGDs	51961			newNonFullTGDs	10948		newFullTGDs	0
nonFullTGDs	155		fullTGDs	51961			newNonFullTGDs	10934		newFullTGDs	0
nonFullTGDs	160		fullTGDs	51961			newNonFullTGDs	10929		newFullTGDs	0
nonFullTGDs	165		fullTGDs	51961			newNonFullTGDs	10924		newFullTGDs	0
nonFullTGDs	172		fullTGDs	51961			newNonFullTGDs	10917		newFullTGDs	0
nonFullTGDs	177		fullTGDs	51961			newNonFullTGDs	10912		newFullTGDs	0
nonFullTGDs	184		fullTGDs	51961			newNonFullTGDs	10905		newFullTGDs	0
nonFullTGDs	189		fullTGDs	51961			newNonFullTGDs	10900		newFullTGDs	0
nonFullTGDs	194		fullTGDs	51961			newNonFullTGDs	10895		newFullTGDs	0
nonFullTGDs	204		fullTGDs	51961			newNonFullTGDs	10885		newFullTGDs	0
nonFullTGDs	217		fullTGDs	51961			newNonFullTGDs	10872		newFullTGDs	0
nonFullTGDs	232		fullTGDs	51961			newNonFullTGDs	10857		newFullTGDs	0
nonFullTGDs	245		fullTGDs	51961			newNonFullTGDs	10844		newFullTGDs	0
nonFullTGDs	261		fullTGDs	51961			newNonFullTGDs	10828		newFullTGDs	1
nonFullTGDs	278		fullTGDs	51961			newNonFullTGDs	10811		newFullTGDs	1
nonFullTGDs	290		fullTGDs	51961			newNonFullTGDs	10799		newFullTGDs	1
nonFullTGDs	294		fullTGDs	51961			newNonFullTGDs	10795		newFullTGDs	1
nonFullTGDs	299		fullTGDs	51961			newNonFullTGDs	10790		newFullTGDs	1
nonFullTGDs	304		fullTGDs	51961			newNonFullTGDs	10785		newFullTGDs	1
nonFullTGDs	306		fullTGDs	51961			newNonFullTGDs	10783		newFullTGDs	1
nonFullTGDs	324		fullTGDs	51961			newNonFullTGDs	10765		newFullTGDs	1
nonFullTGDs	335		fullTGDs	51961			newNonFullTGDs	10754		newFullTGDs	1
nonFullTGDs	346		fullTGDs	51961			newNonFullTGDs	10743		newFullTGDs	1
nonFullTGDs	352		fullTGDs	51961			newNonFullTGDs	10737		newFullTGDs	1
nonFullTGDs	358		fullTGDs	51961			newNonFullTGDs	10731		newFullTGDs	1
nonFullTGDs	365		fullTGDs	51961			newNonFullTGDs	10724		newFullTGDs	1
nonFullTGDs	377		fullTGDs	51961			newNonFullTGDs	10712		newFullTGDs	1
nonFullTGDs	386		fullTGDs	51961			newNonFullTGDs	10703		newFullTGDs	1
nonFullTGDs	394		fullTGDs	51961			newNonFullTGDs	10695		newFullTGDs	1
nonFullTGDs	403		fullTGDs	51961			newNonFullTGDs	10686		newFullTGDs	1
nonFullTGDs	413		fullTGDs	51961			newNonFullTGDs	10676		newFullTGDs	1
nonFullTGDs	428		fullTGDs	51961			newNonFullTGDs	10661		newFullTGDs	1
nonFullTGDs	434		fullTGDs	51961			newNonFullTGDs	10655		newFullTGDs	1
nonFullTGDs	451		fullTGDs	51961			newNonFullTGDs	10638		newFullTGDs	1
nonFullTGDs	461		fullTGDs	51961			newNonFullTGDs	10628		newFullTGDs	1
nonFullTGDs	469		fullTGDs	51961			newNonFullTGDs	10620		newFullTGDs	1
nonFullTGDs	482		fullTGDs	51961			newNonFullTGDs	10607		newFullTGDs	1
nonFullTGDs	490		fullTGDs	51961			newNonFullTGDs	10599		newFullTGDs	1
nonFullTGDs	498		fullTGDs	51961			newNonFullTGDs	10591		newFullTGDs	1
nonFullTGDs	507		fullTGDs	51961			newNonFullTGDs	10582		newFullTGDs	1
nonFullTGDs	522		fullTGDs	51961			newNonFullTGDs	10567		newFullTGDs	1
nonFullTGDs	532		fullTGDs	51961			newNonFullTGDs	10557		newFullTGDs	1
nonFullTGDs	543		fullTGDs	51961			newNonFullTGDs	10546		newFullTGDs	1
nonFullTGDs	555		fullTGDs	51961			newNonFullTGDs	10534		newFullTGDs	1
nonFullTGDs	562		fullTGDs	51961			newNonFullTGDs	10527		newFullTGDs	1
nonFullTGDs	569		fullTGDs	51961			newNonFullTGDs	10520		newFullTGDs	1
nonFullTGDs	583		fullTGDs	51961			newNonFullTGDs	10506		newFullTGDs	1
nonFullTGDs	601		fullTGDs	51961			newNonFullTGDs	10488		newFullTGDs	1
nonFullTGDs	621		fullTGDs	51961			newNonFullTGDs	10468		newFullTGDs	1
nonFullTGDs	637		fullTGDs	51961			newNonFullTGDs	10452		newFullTGDs	1
nonFullTGDs	653		fullTGDs	51961			newNonFullTGDs	10436		newFullTGDs	1
nonFullTGDs	668		fullTGDs	51961			newNonFullTGDs	10421		newFullTGDs	1
nonFullTGDs	682		fullTGDs	51961			newNonFullTGDs	10407		newFullTGDs	1
nonFullTGDs	694		fullTGDs	51961			newNonFullTGDs	10395		newFullTGDs	1
nonFullTGDs	708		fullTGDs	51961			newNonFullTGDs	10381		newFullTGDs	1
nonFullTGDs	717		fullTGDs	51961			newNonFullTGDs	10372		newFullTGDs	1
nonFullTGDs	723		fullTGDs	51961			newNonFullTGDs	10366		newFullTGDs	1
nonFullTGDs	734		fullTGDs	51961			newNonFullTGDs	10355		newFullTGDs	1
nonFullTGDs	745		fullTGDs	51961			newNonFullTGDs	10344		newFullTGDs	1
nonFullTGDs	761		fullTGDs	51961			newNonFullTGDs	10328		newFullTGDs	1
nonFullTGDs	773		fullTGDs	51961			newNonFullTGDs	10316		newFullTGDs	1
nonFullTGDs	783		fullTGDs	51961			newNonFullTGDs	10306		newFullTGDs	1
nonFullTGDs	796		fullTGDs	51961			newNonFullTGDs	10293		newFullTGDs	1
nonFullTGDs	810		fullTGDs	51961			newNonFullTGDs	10279		newFullTGDs	1
nonFullTGDs	815		fullTGDs	51961			newNonFullTGDs	10274		newFullTGDs	1
nonFullTGDs	820		fullTGDs	51961			newNonFullTGDs	10269		newFullTGDs	1
nonFullTGDs	825		fullTGDs	51961			newNonFullTGDs	10264		newFullTGDs	1
nonFullTGDs	828		fullTGDs	51961			newNonFullTGDs	10261		newFullTGDs	1
nonFullTGDs	839		fullTGDs	51961			newNonFullTGDs	10250		newFullTGDs	1
nonFullTGDs	849		fullTGDs	51961			newNonFullTGDs	10240		newFullTGDs	1
nonFullTGDs	858		fullTGDs	51961			newNonFullTGDs	10231		newFullTGDs	1
nonFullTGDs	866		fullTGDs	51961			newNonFullTGDs	10223		newFullTGDs	1
nonFullTGDs	875		fullTGDs	51961			newNonFullTGDs	10214		newFullTGDs	1
nonFullTGDs	889		fullTGDs	51961			newNonFullTGDs	10200		newFullTGDs	1
nonFullTGDs	901		fullTGDs	51961			newNonFullTGDs	10188		newFullTGDs	1
nonFullTGDs	910		fullTGDs	51961			newNonFullTGDs	10179		newFullTGDs	1
nonFullTGDs	917		fullTGDs	51961			newNonFullTGDs	10172		newFullTGDs	1
nonFullTGDs	926		fullTGDs	51961			newNonFullTGDs	10163		newFullTGDs	1
nonFullTGDs	936		fullTGDs	51961			newNonFullTGDs	10153		newFullTGDs	1
nonFullTGDs	947		fullTGDs	51961			newNonFullTGDs	10142		newFullTGDs	1
nonFullTGDs	954		fullTGDs	51961			newNonFullTGDs	10135		newFullTGDs	1
nonFullTGDs	970		fullTGDs	51961			newNonFullTGDs	10119		newFullTGDs	1
nonFullTGDs	992		fullTGDs	51961			newNonFullTGDs	10097		newFullTGDs	1
nonFullTGDs	1013		fullTGDs	51961			newNonFullTGDs	10076		newFullTGDs	1
nonFullTGDs	1032		fullTGDs	51961			newNonFullTGDs	10057		newFullTGDs	1
nonFullTGDs	1047		fullTGDs	51961			newNonFullTGDs	10042		newFullTGDs	1
nonFullTGDs	1057		fullTGDs	51961			newNonFullTGDs	10032		newFullTGDs	1
nonFullTGDs	1078		fullTGDs	51961			newNonFullTGDs	10011		newFullTGDs	1
nonFullTGDs	1095		fullTGDs	51961			newNonFullTGDs	9994		newFullTGDs	1
nonFullTGDs	1107		fullTGDs	51961			newNonFullTGDs	9982		newFullTGDs	1
nonFullTGDs	1122		fullTGDs	51961			newNonFullTGDs	9967		newFullTGDs	1
nonFullTGDs	1134		fullTGDs	51961			newNonFullTGDs	9955		newFullTGDs	1
nonFullTGDs	1146		fullTGDs	51961			newNonFullTGDs	9943		newFullTGDs	1
nonFullTGDs	1159		fullTGDs	51961			newNonFullTGDs	9930		newFullTGDs	1
nonFullTGDs	1174		fullTGDs	51961			newNonFullTGDs	9915		newFullTGDs	1
nonFullTGDs	1187		fullTGDs	51961			newNonFullTGDs	9902		newFullTGDs	1
nonFullTGDs	1198		fullTGDs	51961			newNonFullTGDs	9891		newFullTGDs	30
nonFullTGDs	1205		fullTGDs	51961			newNonFullTGDs	9884		newFullTGDs	32
nonFullTGDs	1214		fullTGDs	51961			newNonFullTGDs	9875		newFullTGDs	32
nonFullTGDs	1220		fullTGDs	51961			newNonFullTGDs	9869		newFullTGDs	32
nonFullTGDs	1225		fullTGDs	51961			newNonFullTGDs	9864		newFullTGDs	32
nonFullTGDs	1230		fullTGDs	51961			newNonFullTGDs	9859		newFullTGDs	32
nonFullTGDs	1237		fullTGDs	51961			newNonFullTGDs	9852		newFullTGDs	32
nonFullTGDs	1243		fullTGDs	51961			newNonFullTGDs	9846		newFullTGDs	32
nonFullTGDs	1248		fullTGDs	51961			newNonFullTGDs	9841		newFullTGDs	32
nonFullTGDs	1254		fullTGDs	51961			newNonFullTGDs	9835		newFullTGDs	32
nonFullTGDs	1259		fullTGDs	51961			newNonFullTGDs	9830		newFullTGDs	32
nonFullTGDs	1266		fullTGDs	51961			newNonFullTGDs	9823		newFullTGDs	32
nonFullTGDs	1275		fullTGDs	51961			newNonFullTGDs	9814		newFullTGDs	32
nonFullTGDs	1281		fullTGDs	51961			newNonFullTGDs	9808		newFullTGDs	32
nonFullTGDs	1290		fullTGDs	51961			newNonFullTGDs	9799		newFullTGDs	32
nonFullTGDs	1300		fullTGDs	51961			newNonFullTGDs	9789		newFullTGDs	32
nonFullTGDs	1313		fullTGDs	51961			newNonFullTGDs	9776		newFullTGDs	32
nonFullTGDs	1326		fullTGDs	51961			newNonFullTGDs	9763		newFullTGDs	32
nonFullTGDs	1333		fullTGDs	51961			newNonFullTGDs	9756		newFullTGDs	32
nonFullTGDs	1340		fullTGDs	51961			newNonFullTGDs	9749		newFullTGDs	32
nonFullTGDs	1355		fullTGDs	51961			newNonFullTGDs	9734		newFullTGDs	32
nonFullTGDs	1366		fullTGDs	51961			newNonFullTGDs	9723		newFullTGDs	32
nonFullTGDs	1378		fullTGDs	51961			newNonFullTGDs	9711		newFullTGDs	32
nonFullTGDs	1395		fullTGDs	51961			newNonFullTGDs	9694		newFullTGDs	32
nonFullTGDs	1407		fullTGDs	51961			newNonFullTGDs	9682		newFullTGDs	32
nonFullTGDs	1414		fullTGDs	51961			newNonFullTGDs	9675		newFullTGDs	32
nonFullTGDs	1426		fullTGDs	51961			newNonFullTGDs	9663		newFullTGDs	32
nonFullTGDs	1436		fullTGDs	51961			newNonFullTGDs	9653		newFullTGDs	32
nonFullTGDs	1449		fullTGDs	51961			newNonFullTGDs	9640		newFullTGDs	32
nonFullTGDs	1462		fullTGDs	51961			newNonFullTGDs	9627		newFullTGDs	32
nonFullTGDs	1477		fullTGDs	51961			newNonFullTGDs	9612		newFullTGDs	32
nonFullTGDs	1494		fullTGDs	51961			newNonFullTGDs	9595		newFullTGDs	32
nonFullTGDs	1506		fullTGDs	51961			newNonFullTGDs	9583		newFullTGDs	32
nonFullTGDs	1521		fullTGDs	51961			newNonFullTGDs	9568		newFullTGDs	32
nonFullTGDs	1539		fullTGDs	51961			newNonFullTGDs	9550		newFullTGDs	32
nonFullTGDs	1551		fullTGDs	51961			newNonFullTGDs	9538		newFullTGDs	32
nonFullTGDs	1567		fullTGDs	51961			newNonFullTGDs	9522		newFullTGDs	32
nonFullTGDs	1583		fullTGDs	51961			newNonFullTGDs	9506		newFullTGDs	32
nonFullTGDs	1594		fullTGDs	51961			newNonFullTGDs	9495		newFullTGDs	32
nonFullTGDs	1601		fullTGDs	51961			newNonFullTGDs	9488		newFullTGDs	32
nonFullTGDs	1619		fullTGDs	51961			newNonFullTGDs	9470		newFullTGDs	32
nonFullTGDs	1633		fullTGDs	51961			newNonFullTGDs	9456		newFullTGDs	32
nonFullTGDs	1644		fullTGDs	51961			newNonFullTGDs	9445		newFullTGDs	40
nonFullTGDs	1657		fullTGDs	51961			newNonFullTGDs	9432		newFullTGDs	40
nonFullTGDs	1670		fullTGDs	51961			newNonFullTGDs	9419		newFullTGDs	48
nonFullTGDs	1677		fullTGDs	51961			newNonFullTGDs	9412		newFullTGDs	48
nonFullTGDs	1685		fullTGDs	51961			newNonFullTGDs	9404		newFullTGDs	54
nonFullTGDs	1690		fullTGDs	51961			newNonFullTGDs	9399		newFullTGDs	54
nonFullTGDs	1707		fullTGDs	51961			newNonFullTGDs	9382		newFullTGDs	54
nonFullTGDs	1716		fullTGDs	51961			newNonFullTGDs	9373		newFullTGDs	54
nonFullTGDs	1732		fullTGDs	51961			newNonFullTGDs	9357		newFullTGDs	54
nonFullTGDs	1747		fullTGDs	51961			newNonFullTGDs	9342		newFullTGDs	54
nonFullTGDs	1763		fullTGDs	51961			newNonFullTGDs	9326		newFullTGDs	54
nonFullTGDs	1773		fullTGDs	51961			newNonFullTGDs	9316		newFullTGDs	54
nonFullTGDs	1785		fullTGDs	51961			newNonFullTGDs	9304		newFullTGDs	54
nonFullTGDs	1799		fullTGDs	51961			newNonFullTGDs	9290		newFullTGDs	54
nonFullTGDs	1814		fullTGDs	51961			newNonFullTGDs	9275		newFullTGDs	54
nonFullTGDs	1831		fullTGDs	51961			newNonFullTGDs	9258		newFullTGDs	54
nonFullTGDs	1841		fullTGDs	51961			newNonFullTGDs	9248		newFullTGDs	54
nonFullTGDs	1847		fullTGDs	51961			newNonFullTGDs	9242		newFullTGDs	54
nonFullTGDs	1863		fullTGDs	51961			newNonFullTGDs	9226		newFullTGDs	54
nonFullTGDs	1874		fullTGDs	51961			newNonFullTGDs	9215		newFullTGDs	54
nonFullTGDs	1885		fullTGDs	51961			newNonFullTGDs	9204		newFullTGDs	55
nonFullTGDs	1894		fullTGDs	51961			newNonFullTGDs	9195		newFullTGDs	55
nonFullTGDs	1899		fullTGDs	51961			newNonFullTGDs	9190		newFullTGDs	55
nonFullTGDs	1906		fullTGDs	51961			newNonFullTGDs	9183		newFullTGDs	55
nonFullTGDs	1919		fullTGDs	51961			newNonFullTGDs	9170		newFullTGDs	55
nonFullTGDs	1932		fullTGDs	51961			newNonFullTGDs	9157		newFullTGDs	55
nonFullTGDs	1938		fullTGDs	51961			newNonFullTGDs	9151		newFullTGDs	55
nonFullTGDs	1944		fullTGDs	51961			newNonFullTGDs	9145		newFullTGDs	55
nonFullTGDs	1949		fullTGDs	51961			newNonFullTGDs	9140		newFullTGDs	56
nonFullTGDs	1955		fullTGDs	51961			newNonFullTGDs	9134		newFullTGDs	56
nonFullTGDs	1957		fullTGDs	51961			newNonFullTGDs	9132		newFullTGDs	56
nonFullTGDs	1958		fullTGDs	51961			newNonFullTGDs	9131		newFullTGDs	56
nonFullTGDs	1963		fullTGDs	51961			newNonFullTGDs	9126		newFullTGDs	56
nonFullTGDs	1975		fullTGDs	51961			newNonFullTGDs	9114		newFullTGDs	56
nonFullTGDs	1985		fullTGDs	51961			newNonFullTGDs	9104		newFullTGDs	56
nonFullTGDs	1995		fullTGDs	51961			newNonFullTGDs	9094		newFullTGDs	56
nonFullTGDs	2003		fullTGDs	51961			newNonFullTGDs	9086		newFullTGDs	56
nonFullTGDs	2017		fullTGDs	51961			newNonFullTGDs	9072		newFullTGDs	56
nonFullTGDs	2028		fullTGDs	51961			newNonFullTGDs	9061		newFullTGDs	56
nonFullTGDs	2043		fullTGDs	51961			newNonFullTGDs	9046		newFullTGDs	56
nonFullTGDs	2054		fullTGDs	51961			newNonFullTGDs	9035		newFullTGDs	56
nonFullTGDs	2065		fullTGDs	51961			newNonFullTGDs	9024		newFullTGDs	57
nonFullTGDs	2072		fullTGDs	51961			newNonFullTGDs	9017		newFullTGDs	57
nonFullTGDs	2082		fullTGDs	51961			newNonFullTGDs	9007		newFullTGDs	57
nonFullTGDs	2093		fullTGDs	51961			newNonFullTGDs	8996		newFullTGDs	57
nonFullTGDs	2102		fullTGDs	51961			newNonFullTGDs	8987		newFullTGDs	57
nonFullTGDs	2111		fullTGDs	51961			newNonFullTGDs	8978		newFullTGDs	57
nonFullTGDs	2118		fullTGDs	51961			newNonFullTGDs	8971		newFullTGDs	57
nonFullTGDs	2127		fullTGDs	51961			newNonFullTGDs	8962		newFullTGDs	57
nonFullTGDs	2133		fullTGDs	51961			newNonFullTGDs	8956		newFullTGDs	57
nonFullTGDs	2146		fullTGDs	51961			newNonFullTGDs	8943		newFullTGDs	57
nonFullTGDs	2152		fullTGDs	51961			newNonFullTGDs	8937		newFullTGDs	57
nonFullTGDs	2157		fullTGDs	51961			newNonFullTGDs	8932		newFullTGDs	57
nonFullTGDs	2165		fullTGDs	51961			newNonFullTGDs	8924		newFullTGDs	57
nonFullTGDs	2174		fullTGDs	51961			newNonFullTGDs	8915		newFullTGDs	57
nonFullTGDs	2186		fullTGDs	51961			newNonFullTGDs	8903		newFullTGDs	57
nonFullTGDs	2194		fullTGDs	51961			newNonFullTGDs	8895		newFullTGDs	57
nonFullTGDs	2201		fullTGDs	51961			newNonFullTGDs	8888		newFullTGDs	57
nonFullTGDs	2211		fullTGDs	51961			newNonFullTGDs	8878		newFullTGDs	57
nonFullTGDs	2219		fullTGDs	51961			newNonFullTGDs	8870		newFullTGDs	57
nonFullTGDs	2222		fullTGDs	51961			newNonFullTGDs	8867		newFullTGDs	57
nonFullTGDs	2229		fullTGDs	51961			newNonFullTGDs	8860		newFullTGDs	57
nonFullTGDs	2238		fullTGDs	51961			newNonFullTGDs	8851		newFullTGDs	57
nonFullTGDs	2246		fullTGDs	51961			newNonFullTGDs	8843		newFullTGDs	57
nonFullTGDs	2258		fullTGDs	51961			newNonFullTGDs	8831		newFullTGDs	57
nonFullTGDs	2264		fullTGDs	51961			newNonFullTGDs	8825		newFullTGDs	57
nonFullTGDs	2274		fullTGDs	51961			newNonFullTGDs	8815		newFullTGDs	57
nonFullTGDs	2290		fullTGDs	51961			newNonFullTGDs	8799		newFullTGDs	57
nonFullTGDs	2299		fullTGDs	51961			newNonFullTGDs	8790		newFullTGDs	57
nonFullTGDs	2311		fullTGDs	51961			newNonFullTGDs	8778		newFullTGDs	57
nonFullTGDs	2326		fullTGDs	51961			newNonFullTGDs	8763		newFullTGDs	57
nonFullTGDs	2337		fullTGDs	51961			newNonFullTGDs	8752		newFullTGDs	57
nonFullTGDs	2343		fullTGDs	51961			newNonFullTGDs	8746		newFullTGDs	57
nonFullTGDs	2350		fullTGDs	51961			newNonFullTGDs	8739		newFullTGDs	57
nonFullTGDs	2360		fullTGDs	51961			newNonFullTGDs	8729		newFullTGDs	57
nonFullTGDs	2374		fullTGDs	51961			newNonFullTGDs	8715		newFullTGDs	57
nonFullTGDs	2387		fullTGDs	51961			newNonFullTGDs	8702		newFullTGDs	57
nonFullTGDs	2400		fullTGDs	51961			newNonFullTGDs	8689		newFullTGDs	57
nonFullTGDs	2410		fullTGDs	51961			newNonFullTGDs	8679		newFullTGDs	57
nonFullTGDs	2417		fullTGDs	51961			newNonFullTGDs	8672		newFullTGDs	58
nonFullTGDs	2426		fullTGDs	51961			newNonFullTGDs	8663		newFullTGDs	61
nonFullTGDs	2436		fullTGDs	51961			newNonFullTGDs	8653		newFullTGDs	62
nonFullTGDs	2446		fullTGDs	51961			newNonFullTGDs	8643		newFullTGDs	64
nonFullTGDs	2452		fullTGDs	51961			newNonFullTGDs	8637		newFullTGDs	64
nonFullTGDs	2463		fullTGDs	51961			newNonFullTGDs	8626		newFullTGDs	64
nonFullTGDs	2474		fullTGDs	51961			newNonFullTGDs	8615		newFullTGDs	64
nonFullTGDs	2484		fullTGDs	51961			newNonFullTGDs	8605		newFullTGDs	68
nonFullTGDs	2492		fullTGDs	51961			newNonFullTGDs	8597		newFullTGDs	70
nonFullTGDs	2509		fullTGDs	51961			newNonFullTGDs	8580		newFullTGDs	70
nonFullTGDs	2523		fullTGDs	51961			newNonFullTGDs	8566		newFullTGDs	70
nonFullTGDs	2540		fullTGDs	51961			newNonFullTGDs	8549		newFullTGDs	74
nonFullTGDs	2546		fullTGDs	51961			newNonFullTGDs	8543		newFullTGDs	74
nonFullTGDs	2555		fullTGDs	51961			newNonFullTGDs	8534		newFullTGDs	74
nonFullTGDs	2562		fullTGDs	51961			newNonFullTGDs	8527		newFullTGDs	86
nonFullTGDs	2569		fullTGDs	51961			newNonFullTGDs	8520		newFullTGDs	92
nonFullTGDs	2583		fullTGDs	51961			newNonFullTGDs	8506		newFullTGDs	92
nonFullTGDs	2599		fullTGDs	51961			newNonFullTGDs	8490		newFullTGDs	92
nonFullTGDs	2622		fullTGDs	51961			newNonFullTGDs	8467		newFullTGDs	92
nonFullTGDs	2646		fullTGDs	51961			newNonFullTGDs	8443		newFullTGDs	92
nonFullTGDs	2668		fullTGDs	51961			newNonFullTGDs	8421		newFullTGDs	92
nonFullTGDs	2686		fullTGDs	51961			newNonFullTGDs	8403		newFullTGDs	92
nonFullTGDs	2705		fullTGDs	51961			newNonFullTGDs	8384		newFullTGDs	92
nonFullTGDs	2724		fullTGDs	51961			newNonFullTGDs	8365		newFullTGDs	92
nonFullTGDs	2745		fullTGDs	51961			newNonFullTGDs	8344		newFullTGDs	92
nonFullTGDs	2769		fullTGDs	51961			newNonFullTGDs	8320		newFullTGDs	92
nonFullTGDs	2794		fullTGDs	51961			newNonFullTGDs	8295		newFullTGDs	92
nonFullTGDs	2817		fullTGDs	51961			newNonFullTGDs	8272		newFullTGDs	92
nonFullTGDs	2841		fullTGDs	51961			newNonFullTGDs	8248		newFullTGDs	92
nonFullTGDs	2862		fullTGDs	51961			newNonFullTGDs	8227		newFullTGDs	92
nonFullTGDs	2878		fullTGDs	51961			newNonFullTGDs	8211		newFullTGDs	92
nonFullTGDs	2891		fullTGDs	51961			newNonFullTGDs	8198		newFullTGDs	92
nonFullTGDs	2903		fullTGDs	51961			newNonFullTGDs	8186		newFullTGDs	92
nonFullTGDs	2911		fullTGDs	51961			newNonFullTGDs	8178		newFullTGDs	92
nonFullTGDs	2927		fullTGDs	51961			newNonFullTGDs	8162		newFullTGDs	92
nonFullTGDs	2941		fullTGDs	51961			newNonFullTGDs	8148		newFullTGDs	92
nonFullTGDs	2956		fullTGDs	51961			newNonFullTGDs	8133		newFullTGDs	92
nonFullTGDs	2972		fullTGDs	51961			newNonFullTGDs	8117		newFullTGDs	92
nonFullTGDs	2982		fullTGDs	51961			newNonFullTGDs	8107		newFullTGDs	92
nonFullTGDs	2996		fullTGDs	51961			newNonFullTGDs	8093		newFullTGDs	92
nonFullTGDs	3008		fullTGDs	51961			newNonFullTGDs	8081		newFullTGDs	92
nonFullTGDs	3026		fullTGDs	51961			newNonFullTGDs	8063		newFullTGDs	92
nonFullTGDs	3042		fullTGDs	51961			newNonFullTGDs	8047		newFullTGDs	92
nonFullTGDs	3060		fullTGDs	51961			newNonFullTGDs	8029		newFullTGDs	92
nonFullTGDs	3078		fullTGDs	51961			newNonFullTGDs	8011		newFullTGDs	92
nonFullTGDs	3094		fullTGDs	51961			newNonFullTGDs	7995		newFullTGDs	92
nonFullTGDs	3104		fullTGDs	51961			newNonFullTGDs	7985		newFullTGDs	92
nonFullTGDs	3114		fullTGDs	51961			newNonFullTGDs	7975		newFullTGDs	92
nonFullTGDs	3126		fullTGDs	51961			newNonFullTGDs	7963		newFullTGDs	114
nonFullTGDs	3139		fullTGDs	51961			newNonFullTGDs	7950		newFullTGDs	131
nonFullTGDs	3147		fullTGDs	51961			newNonFullTGDs	7942		newFullTGDs	132
nonFullTGDs	3154		fullTGDs	51961			newNonFullTGDs	7935		newFullTGDs	132
nonFullTGDs	3163		fullTGDs	51961			newNonFullTGDs	7926		newFullTGDs	132
nonFullTGDs	3180		fullTGDs	51961			newNonFullTGDs	7909		newFullTGDs	135
nonFullTGDs	3190		fullTGDs	51961			newNonFullTGDs	7899		newFullTGDs	135
nonFullTGDs	3201		fullTGDs	51961			newNonFullTGDs	7888		newFullTGDs	135
nonFullTGDs	3205		fullTGDs	51961			newNonFullTGDs	7884		newFullTGDs	135
nonFullTGDs	3211		fullTGDs	51961			newNonFullTGDs	7878		newFullTGDs	135
nonFullTGDs	3216		fullTGDs	51961			newNonFullTGDs	7873		newFullTGDs	135
nonFullTGDs	3219		fullTGDs	51961			newNonFullTGDs	7870		newFullTGDs	135
nonFullTGDs	3223		fullTGDs	51961			newNonFullTGDs	7866		newFullTGDs	135
nonFullTGDs	3227		fullTGDs	51961			newNonFullTGDs	7862		newFullTGDs	135
nonFullTGDs	3230		fullTGDs	51961			newNonFullTGDs	7859		newFullTGDs	135
nonFullTGDs	3235		fullTGDs	51961			newNonFullTGDs	7854		newFullTGDs	135
nonFullTGDs	3240		fullTGDs	51961			newNonFullTGDs	7849		newFullTGDs	135
nonFullTGDs	3248		fullTGDs	51961			newNonFullTGDs	7841		newFullTGDs	135
nonFullTGDs	3261		fullTGDs	51961			newNonFullTGDs	7828		newFullTGDs	135
nonFullTGDs	3273		fullTGDs	51961			newNonFullTGDs	7816		newFullTGDs	135
nonFullTGDs	3284		fullTGDs	51961			newNonFullTGDs	7805		newFullTGDs	135
nonFullTGDs	3292		fullTGDs	51961			newNonFullTGDs	7797		newFullTGDs	135
nonFullTGDs	3297		fullTGDs	51961			newNonFullTGDs	7792		newFullTGDs	135
nonFullTGDs	3301		fullTGDs	51961			newNonFullTGDs	7788		newFullTGDs	135
nonFullTGDs	3305		fullTGDs	51961			newNonFullTGDs	7784		newFullTGDs	135
nonFullTGDs	3310		fullTGDs	51961			newNonFullTGDs	7779		newFullTGDs	135
nonFullTGDs	3318		fullTGDs	51961			newNonFullTGDs	7771		newFullTGDs	135
nonFullTGDs	3323		fullTGDs	51961			newNonFullTGDs	7766		newFullTGDs	135
nonFullTGDs	3334		fullTGDs	51961			newNonFullTGDs	7755		newFullTGDs	135
nonFullTGDs	3343		fullTGDs	51961			newNonFullTGDs	7746		newFullTGDs	135
nonFullTGDs	3351		fullTGDs	51961			newNonFullTGDs	7738		newFullTGDs	135
nonFullTGDs	3363		fullTGDs	51961			newNonFullTGDs	7726		newFullTGDs	135
nonFullTGDs	3370		fullTGDs	51961			newNonFullTGDs	7719		newFullTGDs	135
nonFullTGDs	3383		fullTGDs	51961			newNonFullTGDs	7706		newFullTGDs	135
nonFullTGDs	3386		fullTGDs	51961			newNonFullTGDs	7703		newFullTGDs	135
nonFullTGDs	3394		fullTGDs	51961			newNonFullTGDs	7695		newFullTGDs	135
nonFullTGDs	3399		fullTGDs	51961			newNonFullTGDs	7690		newFullTGDs	135
nonFullTGDs	3407		fullTGDs	51961			newNonFullTGDs	7682		newFullTGDs	135
nonFullTGDs	3412		fullTGDs	51961			newNonFullTGDs	7677		newFullTGDs	135
nonFullTGDs	3420		fullTGDs	51961			newNonFullTGDs	7669		newFullTGDs	135
nonFullTGDs	3428		fullTGDs	51961			newNonFullTGDs	7661		newFullTGDs	135
nonFullTGDs	3437		fullTGDs	51961			newNonFullTGDs	7652		newFullTGDs	135
nonFullTGDs	3449		fullTGDs	51961			newNonFullTGDs	7640		newFullTGDs	135
nonFullTGDs	3455		fullTGDs	51961			newNonFullTGDs	7634		newFullTGDs	135
nonFullTGDs	3457		fullTGDs	51961			newNonFullTGDs	7632		newFullTGDs	135
nonFullTGDs	3460		fullTGDs	51961			newNonFullTGDs	7629		newFullTGDs	135
nonFullTGDs	3465		fullTGDs	51961			newNonFullTGDs	7624		newFullTGDs	135
nonFullTGDs	3470		fullTGDs	51961			newNonFullTGDs	7619		newFullTGDs	135
nonFullTGDs	3476		fullTGDs	51961			newNonFullTGDs	7613		newFullTGDs	135
nonFullTGDs	3483		fullTGDs	51961			newNonFullTGDs	7606		newFullTGDs	135
nonFullTGDs	3491		fullTGDs	51961			newNonFullTGDs	7598		newFullTGDs	135
nonFullTGDs	3505		fullTGDs	51961			newNonFullTGDs	7584		newFullTGDs	135
nonFullTGDs	3514		fullTGDs	51961			newNonFullTGDs	7575		newFullTGDs	135
nonFullTGDs	3518		fullTGDs	51961			newNonFullTGDs	7571		newFullTGDs	135
nonFullTGDs	3521		fullTGDs	51961			newNonFullTGDs	7568		newFullTGDs	135
nonFullTGDs	3525		fullTGDs	51961			newNonFullTGDs	7564		newFullTGDs	135
nonFullTGDs	3536		fullTGDs	51961			newNonFullTGDs	7553		newFullTGDs	135
nonFullTGDs	3548		fullTGDs	51961			newNonFullTGDs	7541		newFullTGDs	135
nonFullTGDs	3558		fullTGDs	51961			newNonFullTGDs	7531		newFullTGDs	135
nonFullTGDs	3565		fullTGDs	51961			newNonFullTGDs	7524		newFullTGDs	135
nonFullTGDs	3575		fullTGDs	51961			newNonFullTGDs	7514		newFullTGDs	135
nonFullTGDs	3583		fullTGDs	51961			newNonFullTGDs	7506		newFullTGDs	135
nonFullTGDs	3593		fullTGDs	51961			newNonFullTGDs	7496		newFullTGDs	135
nonFullTGDs	3598		fullTGDs	51961			newNonFullTGDs	7491		newFullTGDs	135
nonFullTGDs	3609		fullTGDs	51961			newNonFullTGDs	7480		newFullTGDs	135
nonFullTGDs	3621		fullTGDs	51961			newNonFullTGDs	7468		newFullTGDs	135
nonFullTGDs	3629		fullTGDs	51961			newNonFullTGDs	7460		newFullTGDs	135
nonFullTGDs	3634		fullTGDs	51961			newNonFullTGDs	7455		newFullTGDs	135
nonFullTGDs	3649		fullTGDs	51961			newNonFullTGDs	7440		newFullTGDs	135
nonFullTGDs	3659		fullTGDs	51961			newNonFullTGDs	7430		newFullTGDs	135
nonFullTGDs	3683		fullTGDs	51961			newNonFullTGDs	7406		newFullTGDs	135
nonFullTGDs	3706		fullTGDs	51961			newNonFullTGDs	7383		newFullTGDs	135
nonFullTGDs	3725		fullTGDs	51961			newNonFullTGDs	7364		newFullTGDs	135
nonFullTGDs	3744		fullTGDs	51961			newNonFullTGDs	7345		newFullTGDs	135
nonFullTGDs	3763		fullTGDs	51961			newNonFullTGDs	7326		newFullTGDs	135
nonFullTGDs	3783		fullTGDs	51961			newNonFullTGDs	7306		newFullTGDs	135
nonFullTGDs	3790		fullTGDs	51961			newNonFullTGDs	7299		newFullTGDs	135
nonFullTGDs	3797		fullTGDs	51961			newNonFullTGDs	7292		newFullTGDs	135
nonFullTGDs	3804		fullTGDs	51961			newNonFullTGDs	7285		newFullTGDs	135
nonFullTGDs	3810		fullTGDs	51961			newNonFullTGDs	7279		newFullTGDs	135
nonFullTGDs	3814		fullTGDs	51961			newNonFullTGDs	7275		newFullTGDs	135
nonFullTGDs	3822		fullTGDs	51961			newNonFullTGDs	7267		newFullTGDs	135
nonFullTGDs	3828		fullTGDs	51961			newNonFullTGDs	7261		newFullTGDs	135
nonFullTGDs	3837		fullTGDs	51961			newNonFullTGDs	7252		newFullTGDs	135
nonFullTGDs	3847		fullTGDs	51961			newNonFullTGDs	7242		newFullTGDs	135
nonFullTGDs	3861		fullTGDs	51961			newNonFullTGDs	7228		newFullTGDs	135
nonFullTGDs	3871		fullTGDs	51961			newNonFullTGDs	7218		newFullTGDs	135
nonFullTGDs	3879		fullTGDs	51961			newNonFullTGDs	7210		newFullTGDs	135
nonFullTGDs	3888		fullTGDs	51961			newNonFullTGDs	7201		newFullTGDs	135
nonFullTGDs	3898		fullTGDs	51961			newNonFullTGDs	7191		newFullTGDs	135
nonFullTGDs	3908		fullTGDs	51961			newNonFullTGDs	7181		newFullTGDs	135
nonFullTGDs	3917		fullTGDs	51961			newNonFullTGDs	7172		newFullTGDs	135
nonFullTGDs	3924		fullTGDs	51961			newNonFullTGDs	7165		newFullTGDs	135
nonFullTGDs	3931		fullTGDs	51961			newNonFullTGDs	7158		newFullTGDs	135
nonFullTGDs	3935		fullTGDs	51961			newNonFullTGDs	7154		newFullTGDs	135
nonFullTGDs	3938		fullTGDs	51961			newNonFullTGDs	7151		newFullTGDs	135
nonFullTGDs	3942		fullTGDs	51961			newNonFullTGDs	7147		newFullTGDs	135
nonFullTGDs	3949		fullTGDs	51961			newNonFullTGDs	7140		newFullTGDs	135
nonFullTGDs	3956		fullTGDs	51961			newNonFullTGDs	7133		newFullTGDs	135
nonFullTGDs	3961		fullTGDs	51961			newNonFullTGDs	7128		newFullTGDs	135
nonFullTGDs	3970		fullTGDs	51961			newNonFullTGDs	7119		newFullTGDs	135
nonFullTGDs	3973		fullTGDs	51961			newNonFullTGDs	7116		newFullTGDs	135
nonFullTGDs	3983		fullTGDs	51961			newNonFullTGDs	7106		newFullTGDs	135
nonFullTGDs	3992		fullTGDs	51961			newNonFullTGDs	7097		newFullTGDs	135
nonFullTGDs	4003		fullTGDs	51961			newNonFullTGDs	7086		newFullTGDs	135
nonFullTGDs	4013		fullTGDs	51961			newNonFullTGDs	7076		newFullTGDs	135
nonFullTGDs	4022		fullTGDs	51961			newNonFullTGDs	7067		newFullTGDs	135
nonFullTGDs	4032		fullTGDs	51961			newNonFullTGDs	7057		newFullTGDs	135
nonFullTGDs	4049		fullTGDs	51961			newNonFullTGDs	7040		newFullTGDs	135
nonFullTGDs	4059		fullTGDs	51961			newNonFullTGDs	7030		newFullTGDs	135
nonFullTGDs	4062		fullTGDs	51961			newNonFullTGDs	7027		newFullTGDs	135
nonFullTGDs	4066		fullTGDs	51961			newNonFullTGDs	7023		newFullTGDs	135
nonFullTGDs	4069		fullTGDs	51961			newNonFullTGDs	7020		newFullTGDs	135
nonFullTGDs	4072		fullTGDs	51961			newNonFullTGDs	7017		newFullTGDs	135
nonFullTGDs	4076		fullTGDs	51961			newNonFullTGDs	7013		newFullTGDs	135
nonFullTGDs	4079		fullTGDs	51961			newNonFullTGDs	7010		newFullTGDs	135
nonFullTGDs	4083		fullTGDs	51961			newNonFullTGDs	7006		newFullTGDs	135
nonFullTGDs	4086		fullTGDs	51961			newNonFullTGDs	7003		newFullTGDs	135
nonFullTGDs	4089		fullTGDs	51961			newNonFullTGDs	7000		newFullTGDs	135
nonFullTGDs	4093		fullTGDs	51961			newNonFullTGDs	6996		newFullTGDs	135
nonFullTGDs	4096		fullTGDs	51961			newNonFullTGDs	6993		newFullTGDs	135
nonFullTGDs	4099		fullTGDs	51961			newNonFullTGDs	6990		newFullTGDs	135
nonFullTGDs	4103		fullTGDs	51961			newNonFullTGDs	6986		newFullTGDs	135
nonFullTGDs	4109		fullTGDs	51961			newNonFullTGDs	6980		newFullTGDs	135
nonFullTGDs	4113		fullTGDs	51961			newNonFullTGDs	6976		newFullTGDs	135
nonFullTGDs	4121		fullTGDs	51961			newNonFullTGDs	6968		newFullTGDs	135
nonFullTGDs	4130		fullTGDs	51961			newNonFullTGDs	6959		newFullTGDs	135
nonFullTGDs	4134		fullTGDs	51961			newNonFullTGDs	6955		newFullTGDs	135
nonFullTGDs	4148		fullTGDs	51961			newNonFullTGDs	6941		newFullTGDs	135
nonFullTGDs	4156		fullTGDs	51961			newNonFullTGDs	6933		newFullTGDs	135
nonFullTGDs	4165		fullTGDs	51961			newNonFullTGDs	6924		newFullTGDs	135
nonFullTGDs	4175		fullTGDs	51961			newNonFullTGDs	6914		newFullTGDs	135
nonFullTGDs	4186		fullTGDs	51961			newNonFullTGDs	6903		newFullTGDs	135
nonFullTGDs	4197		fullTGDs	51961			newNonFullTGDs	6892		newFullTGDs	136
nonFullTGDs	4209		fullTGDs	51961			newNonFullTGDs	6880		newFullTGDs	136
nonFullTGDs	4221		fullTGDs	51961			newNonFullTGDs	6868		newFullTGDs	136
nonFullTGDs	4232		fullTGDs	51961			newNonFullTGDs	6857		newFullTGDs	136
nonFullTGDs	4240		fullTGDs	51961			newNonFullTGDs	6849		newFullTGDs	136
nonFullTGDs	4255		fullTGDs	51961			newNonFullTGDs	6834		newFullTGDs	136
nonFullTGDs	4272		fullTGDs	51961			newNonFullTGDs	6817		newFullTGDs	136
nonFullTGDs	4285		fullTGDs	51961			newNonFullTGDs	6804		newFullTGDs	136
nonFullTGDs	4297		fullTGDs	51961			newNonFullTGDs	6792		newFullTGDs	136
nonFullTGDs	4309		fullTGDs	51961			newNonFullTGDs	6780		newFullTGDs	136
nonFullTGDs	4320		fullTGDs	51961			newNonFullTGDs	6769		newFullTGDs	136
nonFullTGDs	4333		fullTGDs	51961			newNonFullTGDs	6756		newFullTGDs	136
nonFullTGDs	4342		fullTGDs	51961			newNonFullTGDs	6747		newFullTGDs	136
nonFullTGDs	4351		fullTGDs	51961			newNonFullTGDs	6738		newFullTGDs	136
nonFullTGDs	4356		fullTGDs	51961			newNonFullTGDs	6733		newFullTGDs	136
nonFullTGDs	4361		fullTGDs	51961			newNonFullTGDs	6728		newFullTGDs	136
nonFullTGDs	4370		fullTGDs	51961			newNonFullTGDs	6719		newFullTGDs	136
nonFullTGDs	4384		fullTGDs	51961			newNonFullTGDs	6705		newFullTGDs	136
nonFullTGDs	4395		fullTGDs	51961			newNonFullTGDs	6694		newFullTGDs	136
nonFullTGDs	4405		fullTGDs	51961			newNonFullTGDs	6684		newFullTGDs	136
nonFullTGDs	4413		fullTGDs	51961			newNonFullTGDs	6676		newFullTGDs	136
nonFullTGDs	4426		fullTGDs	51961			newNonFullTGDs	6663		newFullTGDs	136
nonFullTGDs	4438		fullTGDs	51961			newNonFullTGDs	6651		newFullTGDs	136
nonFullTGDs	4452		fullTGDs	51961			newNonFullTGDs	6637		newFullTGDs	136
nonFullTGDs	4464		fullTGDs	51961			newNonFullTGDs	6625		newFullTGDs	136
nonFullTGDs	4477		fullTGDs	51961			newNonFullTGDs	6612		newFullTGDs	136
nonFullTGDs	4491		fullTGDs	51961			newNonFullTGDs	6598		newFullTGDs	136
nonFullTGDs	4509		fullTGDs	51961			newNonFullTGDs	6580		newFullTGDs	136
nonFullTGDs	4523		fullTGDs	51961			newNonFullTGDs	6566		newFullTGDs	136
nonFullTGDs	4530		fullTGDs	51961			newNonFullTGDs	6559		newFullTGDs	136
nonFullTGDs	4540		fullTGDs	51961			newNonFullTGDs	6549		newFullTGDs	136
nonFullTGDs	4553		fullTGDs	51961			newNonFullTGDs	6536		newFullTGDs	136
nonFullTGDs	4560		fullTGDs	51961			newNonFullTGDs	6529		newFullTGDs	136
nonFullTGDs	4562		fullTGDs	51961			newNonFullTGDs	6527		newFullTGDs	136
nonFullTGDs	4574		fullTGDs	51961			newNonFullTGDs	6515		newFullTGDs	136
nonFullTGDs	4586		fullTGDs	51961			newNonFullTGDs	6503		newFullTGDs	136
nonFullTGDs	4596		fullTGDs	51961			newNonFullTGDs	6493		newFullTGDs	137
nonFullTGDs	4608		fullTGDs	51961			newNonFullTGDs	6481		newFullTGDs	137
nonFullTGDs	4620		fullTGDs	51961			newNonFullTGDs	6469		newFullTGDs	137
nonFullTGDs	4639		fullTGDs	51961			newNonFullTGDs	6450		newFullTGDs	137
nonFullTGDs	4653		fullTGDs	51961			newNonFullTGDs	6436		newFullTGDs	137
nonFullTGDs	4660		fullTGDs	51961			newNonFullTGDs	6429		newFullTGDs	137
nonFullTGDs	4672		fullTGDs	51961			newNonFullTGDs	6417		newFullTGDs	137
nonFullTGDs	4685		fullTGDs	51961			newNonFullTGDs	6404		newFullTGDs	137
nonFullTGDs	4698		fullTGDs	51961			newNonFullTGDs	6391		newFullTGDs	137
nonFullTGDs	4702		fullTGDs	51961			newNonFullTGDs	6387		newFullTGDs	137
nonFullTGDs	4707		fullTGDs	51961			newNonFullTGDs	6382		newFullTGDs	137
nonFullTGDs	4712		fullTGDs	51961			newNonFullTGDs	6377		newFullTGDs	137
nonFullTGDs	4716		fullTGDs	51961			newNonFullTGDs	6373		newFullTGDs	137
nonFullTGDs	4721		fullTGDs	51961			newNonFullTGDs	6368		newFullTGDs	137
nonFullTGDs	4734		fullTGDs	51961			newNonFullTGDs	6355		newFullTGDs	144
nonFullTGDs	4747		fullTGDs	51961			newNonFullTGDs	6342		newFullTGDs	144
nonFullTGDs	4761		fullTGDs	51961			newNonFullTGDs	6328		newFullTGDs	144
nonFullTGDs	4777		fullTGDs	51961			newNonFullTGDs	6312		newFullTGDs	144
nonFullTGDs	4791		fullTGDs	51961			newNonFullTGDs	6298		newFullTGDs	144
nonFullTGDs	4799		fullTGDs	51961			newNonFullTGDs	6290		newFullTGDs	145
nonFullTGDs	4806		fullTGDs	51961			newNonFullTGDs	6283		newFullTGDs	145
nonFullTGDs	4816		fullTGDs	51961			newNonFullTGDs	6273		newFullTGDs	145
nonFullTGDs	4832		fullTGDs	51961			newNonFullTGDs	6257		newFullTGDs	145
nonFullTGDs	4842		fullTGDs	51961			newNonFullTGDs	6247		newFullTGDs	145
nonFullTGDs	4851		fullTGDs	51961			newNonFullTGDs	6238		newFullTGDs	145
nonFullTGDs	4865		fullTGDs	51961			newNonFullTGDs	6224		newFullTGDs	145
nonFullTGDs	4872		fullTGDs	51961			newNonFullTGDs	6217		newFullTGDs	145
nonFullTGDs	4878		fullTGDs	51961			newNonFullTGDs	6211		newFullTGDs	145
nonFullTGDs	4883		fullTGDs	51961			newNonFullTGDs	6206		newFullTGDs	145
nonFullTGDs	4887		fullTGDs	51961			newNonFullTGDs	6202		newFullTGDs	145
nonFullTGDs	4892		fullTGDs	51961			newNonFullTGDs	6197		newFullTGDs	145
nonFullTGDs	4900		fullTGDs	51961			newNonFullTGDs	6189		newFullTGDs	145
nonFullTGDs	4906		fullTGDs	51961			newNonFullTGDs	6183		newFullTGDs	145
nonFullTGDs	4913		fullTGDs	51961			newNonFullTGDs	6176		newFullTGDs	145
nonFullTGDs	4920		fullTGDs	51961			newNonFullTGDs	6169		newFullTGDs	145
nonFullTGDs	4930		fullTGDs	51961			newNonFullTGDs	6159		newFullTGDs	145
nonFullTGDs	4938		fullTGDs	51961			newNonFullTGDs	6151		newFullTGDs	145
nonFullTGDs	4946		fullTGDs	51961			newNonFullTGDs	6143		newFullTGDs	145
nonFullTGDs	4958		fullTGDs	51961			newNonFullTGDs	6131		newFullTGDs	149
nonFullTGDs	4973		fullTGDs	51961			newNonFullTGDs	6116		newFullTGDs	149
nonFullTGDs	4986		fullTGDs	51961			newNonFullTGDs	6103		newFullTGDs	149
nonFullTGDs	4993		fullTGDs	51961			newNonFullTGDs	6096		newFullTGDs	149
nonFullTGDs	5009		fullTGDs	51961			newNonFullTGDs	6080		newFullTGDs	149
nonFullTGDs	5028		fullTGDs	51961			newNonFullTGDs	6061		newFullTGDs	149
nonFullTGDs	5041		fullTGDs	51961			newNonFullTGDs	6048		newFullTGDs	149
nonFullTGDs	5052		fullTGDs	51961			newNonFullTGDs	6037		newFullTGDs	149
nonFullTGDs	5064		fullTGDs	51961			newNonFullTGDs	6025		newFullTGDs	149
nonFullTGDs	5075		fullTGDs	51961			newNonFullTGDs	6014		newFullTGDs	149
nonFullTGDs	5088		fullTGDs	51961			newNonFullTGDs	6001		newFullTGDs	149
nonFullTGDs	5103		fullTGDs	51961			newNonFullTGDs	5986		newFullTGDs	149
nonFullTGDs	5110		fullTGDs	51961			newNonFullTGDs	5979		newFullTGDs	149
nonFullTGDs	5119		fullTGDs	51961			newNonFullTGDs	5970		newFullTGDs	149
nonFullTGDs	5133		fullTGDs	51961			newNonFullTGDs	5956		newFullTGDs	149
nonFullTGDs	5144		fullTGDs	51961			newNonFullTGDs	5945		newFullTGDs	149
nonFullTGDs	5155		fullTGDs	51961			newNonFullTGDs	5934		newFullTGDs	149
nonFullTGDs	5167		fullTGDs	51961			newNonFullTGDs	5922		newFullTGDs	149
nonFullTGDs	5178		fullTGDs	51961			newNonFullTGDs	5911		newFullTGDs	149
nonFullTGDs	5190		fullTGDs	51961			newNonFullTGDs	5899		newFullTGDs	149
nonFullTGDs	5201		fullTGDs	51961			newNonFullTGDs	5888		newFullTGDs	149
nonFullTGDs	5214		fullTGDs	51961			newNonFullTGDs	5875		newFullTGDs	149
nonFullTGDs	5226		fullTGDs	51961			newNonFullTGDs	5863		newFullTGDs	149
nonFullTGDs	5238		fullTGDs	51961			newNonFullTGDs	5851		newFullTGDs	149
nonFullTGDs	5248		fullTGDs	51961			newNonFullTGDs	5841		newFullTGDs	149
nonFullTGDs	5256		fullTGDs	51961			newNonFullTGDs	5833		newFullTGDs	149
nonFullTGDs	5265		fullTGDs	51961			newNonFullTGDs	5824		newFullTGDs	149
nonFullTGDs	5271		fullTGDs	51961			newNonFullTGDs	5818		newFullTGDs	149
nonFullTGDs	5283		fullTGDs	51961			newNonFullTGDs	5806		newFullTGDs	149
nonFullTGDs	5295		fullTGDs	51961			newNonFullTGDs	5794		newFullTGDs	149
nonFullTGDs	5304		fullTGDs	51961			newNonFullTGDs	5785		newFullTGDs	149
nonFullTGDs	5308		fullTGDs	51961			newNonFullTGDs	5781		newFullTGDs	149
nonFullTGDs	5311		fullTGDs	51961			newNonFullTGDs	5778		newFullTGDs	149
nonFullTGDs	5321		fullTGDs	51961			newNonFullTGDs	5768		newFullTGDs	149
nonFullTGDs	5332		fullTGDs	51961			newNonFullTGDs	5757		newFullTGDs	149
nonFullTGDs	5342		fullTGDs	51961			newNonFullTGDs	5747		newFullTGDs	149
nonFullTGDs	5355		fullTGDs	51961			newNonFullTGDs	5734		newFullTGDs	149
nonFullTGDs	5367		fullTGDs	51961			newNonFullTGDs	5722		newFullTGDs	149
nonFullTGDs	5380		fullTGDs	51961			newNonFullTGDs	5709		newFullTGDs	149
nonFullTGDs	5390		fullTGDs	51961			newNonFullTGDs	5699		newFullTGDs	149
nonFullTGDs	5396		fullTGDs	51961			newNonFullTGDs	5693		newFullTGDs	149
nonFullTGDs	5402		fullTGDs	51961			newNonFullTGDs	5687		newFullTGDs	149
nonFullTGDs	5409		fullTGDs	51961			newNonFullTGDs	5680		newFullTGDs	149
nonFullTGDs	5416		fullTGDs	51961			newNonFullTGDs	5673		newFullTGDs	149
nonFullTGDs	5423		fullTGDs	51961			newNonFullTGDs	5666		newFullTGDs	149
nonFullTGDs	5432		fullTGDs	51961			newNonFullTGDs	5657		newFullTGDs	149
nonFullTGDs	5445		fullTGDs	51961			newNonFullTGDs	5644		newFullTGDs	149
nonFullTGDs	5456		fullTGDs	51961			newNonFullTGDs	5633		newFullTGDs	149
nonFullTGDs	5461		fullTGDs	51961			newNonFullTGDs	5628		newFullTGDs	149
nonFullTGDs	5468		fullTGDs	51961			newNonFullTGDs	5621		newFullTGDs	149
nonFullTGDs	5482		fullTGDs	51961			newNonFullTGDs	5607		newFullTGDs	149
nonFullTGDs	5490		fullTGDs	51961			newNonFullTGDs	5599		newFullTGDs	149
nonFullTGDs	5501		fullTGDs	51961			newNonFullTGDs	5588		newFullTGDs	149
nonFullTGDs	5507		fullTGDs	51961			newNonFullTGDs	5582		newFullTGDs	149
nonFullTGDs	5515		fullTGDs	51961			newNonFullTGDs	5574		newFullTGDs	149
nonFullTGDs	5522		fullTGDs	51961			newNonFullTGDs	5567		newFullTGDs	149
nonFullTGDs	5532		fullTGDs	51961			newNonFullTGDs	5557		newFullTGDs	149
nonFullTGDs	5543		fullTGDs	51961			newNonFullTGDs	5546		newFullTGDs	149
nonFullTGDs	5553		fullTGDs	51961			newNonFullTGDs	5536		newFullTGDs	149
nonFullTGDs	5557		fullTGDs	51961			newNonFullTGDs	5532		newFullTGDs	149
nonFullTGDs	5562		fullTGDs	51961			newNonFullTGDs	5527		newFullTGDs	149
nonFullTGDs	5567		fullTGDs	51961			newNonFullTGDs	5522		newFullTGDs	149
nonFullTGDs	5571		fullTGDs	51961			newNonFullTGDs	5518		newFullTGDs	149
nonFullTGDs	5580		fullTGDs	51961			newNonFullTGDs	5509		newFullTGDs	149
nonFullTGDs	5589		fullTGDs	51961			newNonFullTGDs	5500		newFullTGDs	149
nonFullTGDs	5597		fullTGDs	51961			newNonFullTGDs	5492		newFullTGDs	149
nonFullTGDs	5606		fullTGDs	51961			newNonFullTGDs	5483		newFullTGDs	149
nonFullTGDs	5611		fullTGDs	51961			newNonFullTGDs	5478		newFullTGDs	149
nonFullTGDs	5617		fullTGDs	51961			newNonFullTGDs	5472		newFullTGDs	149
nonFullTGDs	5627		fullTGDs	51961			newNonFullTGDs	5462		newFullTGDs	149
nonFullTGDs	5639		fullTGDs	51961			newNonFullTGDs	5450		newFullTGDs	149
nonFullTGDs	5648		fullTGDs	51961			newNonFullTGDs	5441		newFullTGDs	149
nonFullTGDs	5660		fullTGDs	51961			newNonFullTGDs	5429		newFullTGDs	149
nonFullTGDs	5666		fullTGDs	51961			newNonFullTGDs	5423		newFullTGDs	149
nonFullTGDs	5673		fullTGDs	51961			newNonFullTGDs	5416		newFullTGDs	149
nonFullTGDs	5685		fullTGDs	51961			newNonFullTGDs	5404		newFullTGDs	149
nonFullTGDs	5697		fullTGDs	51961			newNonFullTGDs	5392		newFullTGDs	149
nonFullTGDs	5706		fullTGDs	51961			newNonFullTGDs	5383		newFullTGDs	149
nonFullTGDs	5717		fullTGDs	51961			newNonFullTGDs	5372		newFullTGDs	150
nonFullTGDs	5724		fullTGDs	51961			newNonFullTGDs	5365		newFullTGDs	150
nonFullTGDs	5734		fullTGDs	51961			newNonFullTGDs	5355		newFullTGDs	151
nonFullTGDs	5741		fullTGDs	51961			newNonFullTGDs	5348		newFullTGDs	151
nonFullTGDs	5752		fullTGDs	51961			newNonFullTGDs	5337		newFullTGDs	154
nonFullTGDs	5760		fullTGDs	51961			newNonFullTGDs	5329		newFullTGDs	154
nonFullTGDs	5774		fullTGDs	51961			newNonFullTGDs	5315		newFullTGDs	154
nonFullTGDs	5789		fullTGDs	51961			newNonFullTGDs	5300		newFullTGDs	154
nonFullTGDs	5802		fullTGDs	51961			newNonFullTGDs	5287		newFullTGDs	154
nonFullTGDs	5818		fullTGDs	51961			newNonFullTGDs	5271		newFullTGDs	154
nonFullTGDs	5829		fullTGDs	51961			newNonFullTGDs	5260		newFullTGDs	154
nonFullTGDs	5840		fullTGDs	51961			newNonFullTGDs	5249		newFullTGDs	154
nonFullTGDs	5852		fullTGDs	51961			newNonFullTGDs	5237		newFullTGDs	154
nonFullTGDs	5855		fullTGDs	51961			newNonFullTGDs	5234		newFullTGDs	154
nonFullTGDs	5858		fullTGDs	51961			newNonFullTGDs	5231		newFullTGDs	154
nonFullTGDs	5862		fullTGDs	51961			newNonFullTGDs	5227		newFullTGDs	154
nonFullTGDs	5869		fullTGDs	51961			newNonFullTGDs	5220		newFullTGDs	154
nonFullTGDs	5884		fullTGDs	51961			newNonFullTGDs	5205		newFullTGDs	154
nonFullTGDs	5898		fullTGDs	51961			newNonFullTGDs	5191		newFullTGDs	154
nonFullTGDs	5914		fullTGDs	51961			newNonFullTGDs	5175		newFullTGDs	154
nonFullTGDs	5928		fullTGDs	51961			newNonFullTGDs	5161		newFullTGDs	154
nonFullTGDs	5941		fullTGDs	51961			newNonFullTGDs	5148		newFullTGDs	154
nonFullTGDs	5954		fullTGDs	51961			newNonFullTGDs	5135		newFullTGDs	154
nonFullTGDs	5965		fullTGDs	51961			newNonFullTGDs	5124		newFullTGDs	154
nonFullTGDs	5979		fullTGDs	51961			newNonFullTGDs	5110		newFullTGDs	154
nonFullTGDs	5998		fullTGDs	51961			newNonFullTGDs	5091		newFullTGDs	154
nonFullTGDs	6018		fullTGDs	51961			newNonFullTGDs	5071		newFullTGDs	154
nonFullTGDs	6035		fullTGDs	51961			newNonFullTGDs	5054		newFullTGDs	154
nonFullTGDs	6049		fullTGDs	51961			newNonFullTGDs	5040		newFullTGDs	154
nonFullTGDs	6068		fullTGDs	51961			newNonFullTGDs	5021		newFullTGDs	154
nonFullTGDs	6081		fullTGDs	51961			newNonFullTGDs	5008		newFullTGDs	154
nonFullTGDs	6096		fullTGDs	51961			newNonFullTGDs	4993		newFullTGDs	154
nonFullTGDs	6110		fullTGDs	51961			newNonFullTGDs	4979		newFullTGDs	154
nonFullTGDs	6115		fullTGDs	51961			newNonFullTGDs	4974		newFullTGDs	154
nonFullTGDs	6118		fullTGDs	51961			newNonFullTGDs	4971		newFullTGDs	154
nonFullTGDs	6126		fullTGDs	51961			newNonFullTGDs	4963		newFullTGDs	154
nonFullTGDs	6139		fullTGDs	51961			newNonFullTGDs	4950		newFullTGDs	154
nonFullTGDs	6154		fullTGDs	51961			newNonFullTGDs	4935		newFullTGDs	154
nonFullTGDs	6171		fullTGDs	51961			newNonFullTGDs	4918		newFullTGDs	154
nonFullTGDs	6186		fullTGDs	51961			newNonFullTGDs	4903		newFullTGDs	154
nonFullTGDs	6199		fullTGDs	51961			newNonFullTGDs	4890		newFullTGDs	154
nonFullTGDs	6213		fullTGDs	51961			newNonFullTGDs	4876		newFullTGDs	154
nonFullTGDs	6229		fullTGDs	51961			newNonFullTGDs	4860		newFullTGDs	154
nonFullTGDs	6239		fullTGDs	51961			newNonFullTGDs	4850		newFullTGDs	154
nonFullTGDs	6254		fullTGDs	51961			newNonFullTGDs	4835		newFullTGDs	154
nonFullTGDs	6273		fullTGDs	51961			newNonFullTGDs	4816		newFullTGDs	154
nonFullTGDs	6291		fullTGDs	51961			newNonFullTGDs	4798		newFullTGDs	154
nonFullTGDs	6306		fullTGDs	51961			newNonFullTGDs	4783		newFullTGDs	154
nonFullTGDs	6320		fullTGDs	51961			newNonFullTGDs	4769		newFullTGDs	154
nonFullTGDs	6334		fullTGDs	51961			newNonFullTGDs	4755		newFullTGDs	154
nonFullTGDs	6343		fullTGDs	51961			newNonFullTGDs	4746		newFullTGDs	154
nonFullTGDs	6350		fullTGDs	51961			newNonFullTGDs	4739		newFullTGDs	154
nonFullTGDs	6362		fullTGDs	51961			newNonFullTGDs	4727		newFullTGDs	154
nonFullTGDs	6372		fullTGDs	51961			newNonFullTGDs	4717		newFullTGDs	154
nonFullTGDs	6380		fullTGDs	51961			newNonFullTGDs	4709		newFullTGDs	154
nonFullTGDs	6392		fullTGDs	51961			newNonFullTGDs	4697		newFullTGDs	154
nonFullTGDs	6400		fullTGDs	51961			newNonFullTGDs	4689		newFullTGDs	154
nonFullTGDs	6412		fullTGDs	51961			newNonFullTGDs	4677		newFullTGDs	154
nonFullTGDs	6423		fullTGDs	51961			newNonFullTGDs	4666		newFullTGDs	154
nonFullTGDs	6440		fullTGDs	51961			newNonFullTGDs	4649		newFullTGDs	154
nonFullTGDs	6446		fullTGDs	51961			newNonFullTGDs	4643		newFullTGDs	154
nonFullTGDs	6450		fullTGDs	51961			newNonFullTGDs	4639		newFullTGDs	154
nonFullTGDs	6459		fullTGDs	51961			newNonFullTGDs	4630		newFullTGDs	154
nonFullTGDs	6473		fullTGDs	51961			newNonFullTGDs	4616		newFullTGDs	154
nonFullTGDs	6486		fullTGDs	51961			newNonFullTGDs	4603		newFullTGDs	154
nonFullTGDs	6499		fullTGDs	51961			newNonFullTGDs	4590		newFullTGDs	154
nonFullTGDs	6514		fullTGDs	51961			newNonFullTGDs	4575		newFullTGDs	154
nonFullTGDs	6527		fullTGDs	51961			newNonFullTGDs	4562		newFullTGDs	154
nonFullTGDs	6540		fullTGDs	51961			newNonFullTGDs	4549		newFullTGDs	154
nonFullTGDs	6551		fullTGDs	51961			newNonFullTGDs	4538		newFullTGDs	154
nonFullTGDs	6556		fullTGDs	51961			newNonFullTGDs	4533		newFullTGDs	154
nonFullTGDs	6563		fullTGDs	51961			newNonFullTGDs	4526		newFullTGDs	154
nonFullTGDs	6570		fullTGDs	51961			newNonFullTGDs	4519		newFullTGDs	154
nonFullTGDs	6584		fullTGDs	51961			newNonFullTGDs	4505		newFullTGDs	154
nonFullTGDs	6599		fullTGDs	51961			newNonFullTGDs	4490		newFullTGDs	154
nonFullTGDs	6616		fullTGDs	51961			newNonFullTGDs	4473		newFullTGDs	154
nonFullTGDs	6627		fullTGDs	51961			newNonFullTGDs	4462		newFullTGDs	154
nonFullTGDs	6634		fullTGDs	51961			newNonFullTGDs	4455		newFullTGDs	154
nonFullTGDs	6642		fullTGDs	51961			newNonFullTGDs	4447		newFullTGDs	154
nonFullTGDs	6659		fullTGDs	51961			newNonFullTGDs	4430		newFullTGDs	154
nonFullTGDs	6675		fullTGDs	51961			newNonFullTGDs	4414		newFullTGDs	154
nonFullTGDs	6685		fullTGDs	51961			newNonFullTGDs	4404		newFullTGDs	154
nonFullTGDs	6693		fullTGDs	51961			newNonFullTGDs	4396		newFullTGDs	154
nonFullTGDs	6699		fullTGDs	51961			newNonFullTGDs	4390		newFullTGDs	154
nonFullTGDs	6708		fullTGDs	51961			newNonFullTGDs	4381		newFullTGDs	154
nonFullTGDs	6715		fullTGDs	51961			newNonFullTGDs	4374		newFullTGDs	154
nonFullTGDs	6721		fullTGDs	51961			newNonFullTGDs	4368		newFullTGDs	154
nonFullTGDs	6728		fullTGDs	51961			newNonFullTGDs	4361		newFullTGDs	154
nonFullTGDs	6733		fullTGDs	51961			newNonFullTGDs	4356		newFullTGDs	154
nonFullTGDs	6737		fullTGDs	51961			newNonFullTGDs	4352		newFullTGDs	154
nonFullTGDs	6747		fullTGDs	51961			newNonFullTGDs	4342		newFullTGDs	154
nonFullTGDs	6755		fullTGDs	51961			newNonFullTGDs	4334		newFullTGDs	154
nonFullTGDs	6760		fullTGDs	51961			newNonFullTGDs	4329		newFullTGDs	154
nonFullTGDs	6772		fullTGDs	51961			newNonFullTGDs	4317		newFullTGDs	154
nonFullTGDs	6789		fullTGDs	51961			newNonFullTGDs	4300		newFullTGDs	154
nonFullTGDs	6801		fullTGDs	51961			newNonFullTGDs	4288		newFullTGDs	154
nonFullTGDs	6815		fullTGDs	51961			newNonFullTGDs	4274		newFullTGDs	154
nonFullTGDs	6825		fullTGDs	51961			newNonFullTGDs	4264		newFullTGDs	154
nonFullTGDs	6838		fullTGDs	51961			newNonFullTGDs	4251		newFullTGDs	154
nonFullTGDs	6846		fullTGDs	51961			newNonFullTGDs	4243		newFullTGDs	154
nonFullTGDs	6854		fullTGDs	51961			newNonFullTGDs	4235		newFullTGDs	154
nonFullTGDs	6861		fullTGDs	51961			newNonFullTGDs	4228		newFullTGDs	154
nonFullTGDs	6866		fullTGDs	51961			newNonFullTGDs	4223		newFullTGDs	154
nonFullTGDs	6873		fullTGDs	51961			newNonFullTGDs	4216		newFullTGDs	154
nonFullTGDs	6885		fullTGDs	51961			newNonFullTGDs	4204		newFullTGDs	154
nonFullTGDs	6894		fullTGDs	51961			newNonFullTGDs	4195		newFullTGDs	154
nonFullTGDs	6900		fullTGDs	51961			newNonFullTGDs	4189		newFullTGDs	154
nonFullTGDs	6915		fullTGDs	51961			newNonFullTGDs	4174		newFullTGDs	154
nonFullTGDs	6924		fullTGDs	51961			newNonFullTGDs	4165		newFullTGDs	154
nonFullTGDs	6933		fullTGDs	51961			newNonFullTGDs	4156		newFullTGDs	154
nonFullTGDs	6946		fullTGDs	51961			newNonFullTGDs	4143		newFullTGDs	154
nonFullTGDs	6957		fullTGDs	51961			newNonFullTGDs	4132		newFullTGDs	154
nonFullTGDs	6970		fullTGDs	51961			newNonFullTGDs	4119		newFullTGDs	155
nonFullTGDs	6985		fullTGDs	51961			newNonFullTGDs	4104		newFullTGDs	160
nonFullTGDs	7001		fullTGDs	51961			newNonFullTGDs	4088		newFullTGDs	160
nonFullTGDs	7017		fullTGDs	51961			newNonFullTGDs	4072		newFullTGDs	160
nonFullTGDs	7030		fullTGDs	51961			newNonFullTGDs	4059		newFullTGDs	160
nonFullTGDs	7042		fullTGDs	51961			newNonFullTGDs	4047		newFullTGDs	160
nonFullTGDs	7053		fullTGDs	51961			newNonFullTGDs	4036		newFullTGDs	160
nonFullTGDs	7067		fullTGDs	51961			newNonFullTGDs	4022		newFullTGDs	160
nonFullTGDs	7078		fullTGDs	51961			newNonFullTGDs	4011		newFullTGDs	160
nonFullTGDs	7083		fullTGDs	51961			newNonFullTGDs	4006		newFullTGDs	160
nonFullTGDs	7093		fullTGDs	51961			newNonFullTGDs	3996		newFullTGDs	160
nonFullTGDs	7104		fullTGDs	51961			newNonFullTGDs	3985		newFullTGDs	160
nonFullTGDs	7109		fullTGDs	51961			newNonFullTGDs	3980		newFullTGDs	160
nonFullTGDs	7118		fullTGDs	51961			newNonFullTGDs	3971		newFullTGDs	160
nonFullTGDs	7129		fullTGDs	51961			newNonFullTGDs	3960		newFullTGDs	163
nonFullTGDs	7144		fullTGDs	51961			newNonFullTGDs	3945		newFullTGDs	164
nonFullTGDs	7155		fullTGDs	51961			newNonFullTGDs	3934		newFullTGDs	164
nonFullTGDs	7168		fullTGDs	51961			newNonFullTGDs	3921		newFullTGDs	164
nonFullTGDs	7178		fullTGDs	51961			newNonFullTGDs	3911		newFullTGDs	164
nonFullTGDs	7191		fullTGDs	51961			newNonFullTGDs	3898		newFullTGDs	164
nonFullTGDs	7199		fullTGDs	51961			newNonFullTGDs	3890		newFullTGDs	164
nonFullTGDs	7214		fullTGDs	51961			newNonFullTGDs	3875		newFullTGDs	164
nonFullTGDs	7223		fullTGDs	51961			newNonFullTGDs	3866		newFullTGDs	164
nonFullTGDs	7230		fullTGDs	51961			newNonFullTGDs	3859		newFullTGDs	164
nonFullTGDs	7234		fullTGDs	51961			newNonFullTGDs	3855		newFullTGDs	164
nonFullTGDs	7245		fullTGDs	51961			newNonFullTGDs	3844		newFullTGDs	164
nonFullTGDs	7262		fullTGDs	51961			newNonFullTGDs	3827		newFullTGDs	164
nonFullTGDs	7276		fullTGDs	51961			newNonFullTGDs	3813		newFullTGDs	164
nonFullTGDs	7292		fullTGDs	51961			newNonFullTGDs	3797		newFullTGDs	164
nonFullTGDs	7302		fullTGDs	51961			newNonFullTGDs	3787		newFullTGDs	164
nonFullTGDs	7314		fullTGDs	51961			newNonFullTGDs	3775		newFullTGDs	164
nonFullTGDs	7324		fullTGDs	51961			newNonFullTGDs	3765		newFullTGDs	164
nonFullTGDs	7333		fullTGDs	51961			newNonFullTGDs	3756		newFullTGDs	164
nonFullTGDs	7340		fullTGDs	51961			newNonFullTGDs	3749		newFullTGDs	164
nonFullTGDs	7355		fullTGDs	51961			newNonFullTGDs	3734		newFullTGDs	164
nonFullTGDs	7365		fullTGDs	51961			newNonFullTGDs	3724		newFullTGDs	164
nonFullTGDs	7372		fullTGDs	51961			newNonFullTGDs	3717		newFullTGDs	164
nonFullTGDs	7385		fullTGDs	51961			newNonFullTGDs	3704		newFullTGDs	164
nonFullTGDs	7399		fullTGDs	51961			newNonFullTGDs	3690		newFullTGDs	164
nonFullTGDs	7413		fullTGDs	51961			newNonFullTGDs	3676		newFullTGDs	164
nonFullTGDs	7416		fullTGDs	51961			newNonFullTGDs	3673		newFullTGDs	164
nonFullTGDs	7426		fullTGDs	51961			newNonFullTGDs	3663		newFullTGDs	164
nonFullTGDs	7431		fullTGDs	51961			newNonFullTGDs	3658		newFullTGDs	164
nonFullTGDs	7445		fullTGDs	51961			newNonFullTGDs	3644		newFullTGDs	164
nonFullTGDs	7462		fullTGDs	51961			newNonFullTGDs	3627		newFullTGDs	164
nonFullTGDs	7471		fullTGDs	51961			newNonFullTGDs	3618		newFullTGDs	164
nonFullTGDs	7485		fullTGDs	51961			newNonFullTGDs	3604		newFullTGDs	164
nonFullTGDs	7498		fullTGDs	51961			newNonFullTGDs	3591		newFullTGDs	164
nonFullTGDs	7501		fullTGDs	51961			newNonFullTGDs	3588		newFullTGDs	164
nonFullTGDs	7513		fullTGDs	51961			newNonFullTGDs	3576		newFullTGDs	164
nonFullTGDs	7522		fullTGDs	51961			newNonFullTGDs	3567		newFullTGDs	164
nonFullTGDs	7534		fullTGDs	51961			newNonFullTGDs	3555		newFullTGDs	164
nonFullTGDs	7549		fullTGDs	51961			newNonFullTGDs	3540		newFullTGDs	164
nonFullTGDs	7564		fullTGDs	51961			newNonFullTGDs	3525		newFullTGDs	164
nonFullTGDs	7577		fullTGDs	51961			newNonFullTGDs	3512		newFullTGDs	164
nonFullTGDs	7591		fullTGDs	51961			newNonFullTGDs	3498		newFullTGDs	164
nonFullTGDs	7608		fullTGDs	51961			newNonFullTGDs	3481		newFullTGDs	164
nonFullTGDs	7619		fullTGDs	51961			newNonFullTGDs	3470		newFullTGDs	164
nonFullTGDs	7629		fullTGDs	51961			newNonFullTGDs	3460		newFullTGDs	164
nonFullTGDs	7638		fullTGDs	51961			newNonFullTGDs	3451		newFullTGDs	164
nonFullTGDs	7650		fullTGDs	51961			newNonFullTGDs	3439		newFullTGDs	164
nonFullTGDs	7662		fullTGDs	51961			newNonFullTGDs	3427		newFullTGDs	164
nonFullTGDs	7670		fullTGDs	51961			newNonFullTGDs	3419		newFullTGDs	164
nonFullTGDs	7685		fullTGDs	51961			newNonFullTGDs	3404		newFullTGDs	164
nonFullTGDs	7697		fullTGDs	51961			newNonFullTGDs	3392		newFullTGDs	164
nonFullTGDs	7711		fullTGDs	51961			newNonFullTGDs	3378		newFullTGDs	164
nonFullTGDs	7724		fullTGDs	51961			newNonFullTGDs	3365		newFullTGDs	164
nonFullTGDs	7737		fullTGDs	51961			newNonFullTGDs	3352		newFullTGDs	164
nonFullTGDs	7752		fullTGDs	51961			newNonFullTGDs	3337		newFullTGDs	164
nonFullTGDs	7759		fullTGDs	51961			newNonFullTGDs	3330		newFullTGDs	164
nonFullTGDs	7766		fullTGDs	51961			newNonFullTGDs	3323		newFullTGDs	164
nonFullTGDs	7779		fullTGDs	51961			newNonFullTGDs	3310		newFullTGDs	164
nonFullTGDs	7794		fullTGDs	51961			newNonFullTGDs	3295		newFullTGDs	164
nonFullTGDs	7808		fullTGDs	51961			newNonFullTGDs	3281		newFullTGDs	164
nonFullTGDs	7817		fullTGDs	51961			newNonFullTGDs	3272		newFullTGDs	164
nonFullTGDs	7822		fullTGDs	51961			newNonFullTGDs	3267		newFullTGDs	164
nonFullTGDs	7837		fullTGDs	51961			newNonFullTGDs	3252		newFullTGDs	164
nonFullTGDs	7854		fullTGDs	51961			newNonFullTGDs	3235		newFullTGDs	164
nonFullTGDs	7870		fullTGDs	51961			newNonFullTGDs	3219		newFullTGDs	164
nonFullTGDs	7883		fullTGDs	51961			newNonFullTGDs	3206		newFullTGDs	164
nonFullTGDs	7893		fullTGDs	51961			newNonFullTGDs	3196		newFullTGDs	164
nonFullTGDs	7901		fullTGDs	51961			newNonFullTGDs	3188		newFullTGDs	164
nonFullTGDs	7912		fullTGDs	51961			newNonFullTGDs	3177		newFullTGDs	164
nonFullTGDs	7922		fullTGDs	51961			newNonFullTGDs	3167		newFullTGDs	164
nonFullTGDs	7936		fullTGDs	51961			newNonFullTGDs	3153		newFullTGDs	164
nonFullTGDs	7950		fullTGDs	51961			newNonFullTGDs	3139		newFullTGDs	164
nonFullTGDs	7957		fullTGDs	51961			newNonFullTGDs	3132		newFullTGDs	164
nonFullTGDs	7974		fullTGDs	51961			newNonFullTGDs	3115		newFullTGDs	164
nonFullTGDs	7989		fullTGDs	51961			newNonFullTGDs	3100		newFullTGDs	164
nonFullTGDs	7995		fullTGDs	51961			newNonFullTGDs	3094		newFullTGDs	164
nonFullTGDs	8000		fullTGDs	51961			newNonFullTGDs	3089		newFullTGDs	164
nonFullTGDs	8005		fullTGDs	51961			newNonFullTGDs	3084		newFullTGDs	164
nonFullTGDs	8012		fullTGDs	51961			newNonFullTGDs	3077		newFullTGDs	164
nonFullTGDs	8024		fullTGDs	51961			newNonFullTGDs	3065		newFullTGDs	164
nonFullTGDs	8036		fullTGDs	51961			newNonFullTGDs	3053		newFullTGDs	164
nonFullTGDs	8045		fullTGDs	51961			newNonFullTGDs	3044		newFullTGDs	164
nonFullTGDs	8054		fullTGDs	51961			newNonFullTGDs	3035		newFullTGDs	164
nonFullTGDs	8065		fullTGDs	51961			newNonFullTGDs	3024		newFullTGDs	164
nonFullTGDs	8084		fullTGDs	51961			newNonFullTGDs	3005		newFullTGDs	164
nonFullTGDs	8094		fullTGDs	51961			newNonFullTGDs	2995		newFullTGDs	164
nonFullTGDs	8097		fullTGDs	51961			newNonFullTGDs	2992		newFullTGDs	164
nonFullTGDs	8101		fullTGDs	51961			newNonFullTGDs	2988		newFullTGDs	164
nonFullTGDs	8104		fullTGDs	51961			newNonFullTGDs	2985		newFullTGDs	164
nonFullTGDs	8111		fullTGDs	51961			newNonFullTGDs	2978		newFullTGDs	164
nonFullTGDs	8120		fullTGDs	51961			newNonFullTGDs	2969		newFullTGDs	164
nonFullTGDs	8125		fullTGDs	51961			newNonFullTGDs	2964		newFullTGDs	164
nonFullTGDs	8130		fullTGDs	51961			newNonFullTGDs	2959		newFullTGDs	164
nonFullTGDs	8138		fullTGDs	51961			newNonFullTGDs	2951		newFullTGDs	164
nonFullTGDs	8144		fullTGDs	51961			newNonFullTGDs	2945		newFullTGDs	164
nonFullTGDs	8148		fullTGDs	51961			newNonFullTGDs	2941		newFullTGDs	164
nonFullTGDs	8151		fullTGDs	51961			newNonFullTGDs	2938		newFullTGDs	164
nonFullTGDs	8165		fullTGDs	51961			newNonFullTGDs	2924		newFullTGDs	164
nonFullTGDs	8175		fullTGDs	51961			newNonFullTGDs	2914		newFullTGDs	164
nonFullTGDs	8186		fullTGDs	51961			newNonFullTGDs	2903		newFullTGDs	164
nonFullTGDs	8196		fullTGDs	51961			newNonFullTGDs	2893		newFullTGDs	164
nonFullTGDs	8203		fullTGDs	51961			newNonFullTGDs	2886		newFullTGDs	164
nonFullTGDs	8210		fullTGDs	51961			newNonFullTGDs	2879		newFullTGDs	164
nonFullTGDs	8217		fullTGDs	51961			newNonFullTGDs	2872		newFullTGDs	164
nonFullTGDs	8224		fullTGDs	51961			newNonFullTGDs	2865		newFullTGDs	164
nonFullTGDs	8228		fullTGDs	51961			newNonFullTGDs	2861		newFullTGDs	164
nonFullTGDs	8232		fullTGDs	51961			newNonFullTGDs	2857		newFullTGDs	164
nonFullTGDs	8240		fullTGDs	51961			newNonFullTGDs	2849		newFullTGDs	164
nonFullTGDs	8245		fullTGDs	51961			newNonFullTGDs	2844		newFullTGDs	164
nonFullTGDs	8250		fullTGDs	51961			newNonFullTGDs	2839		newFullTGDs	164
nonFullTGDs	8254		fullTGDs	51961			newNonFullTGDs	2835		newFullTGDs	164
nonFullTGDs	8262		fullTGDs	51961			newNonFullTGDs	2827		newFullTGDs	164
nonFullTGDs	8271		fullTGDs	51961			newNonFullTGDs	2818		newFullTGDs	164
nonFullTGDs	8279		fullTGDs	51961			newNonFullTGDs	2810		newFullTGDs	164
nonFullTGDs	8290		fullTGDs	51961			newNonFullTGDs	2799		newFullTGDs	164
nonFullTGDs	8294		fullTGDs	51961			newNonFullTGDs	2795		newFullTGDs	164
nonFullTGDs	8301		fullTGDs	51961			newNonFullTGDs	2788		newFullTGDs	164
nonFullTGDs	8308		fullTGDs	51961			newNonFullTGDs	2781		newFullTGDs	164
nonFullTGDs	8319		fullTGDs	51961			newNonFullTGDs	2770		newFullTGDs	164
nonFullTGDs	8337		fullTGDs	51961			newNonFullTGDs	2752		newFullTGDs	164
nonFullTGDs	8348		fullTGDs	51961			newNonFullTGDs	2741		newFullTGDs	164
nonFullTGDs	8356		fullTGDs	51961			newNonFullTGDs	2733		newFullTGDs	164
nonFullTGDs	8370		fullTGDs	51961			newNonFullTGDs	2719		newFullTGDs	164
nonFullTGDs	8383		fullTGDs	51961			newNonFullTGDs	2706		newFullTGDs	164
nonFullTGDs	8396		fullTGDs	51961			newNonFullTGDs	2693		newFullTGDs	164
nonFullTGDs	8404		fullTGDs	51961			newNonFullTGDs	2685		newFullTGDs	164
nonFullTGDs	8418		fullTGDs	51961			newNonFullTGDs	2671		newFullTGDs	164
nonFullTGDs	8430		fullTGDs	51961			newNonFullTGDs	2659		newFullTGDs	164
nonFullTGDs	8445		fullTGDs	51961			newNonFullTGDs	2644		newFullTGDs	164
nonFullTGDs	8466		fullTGDs	51961			newNonFullTGDs	2623		newFullTGDs	164
nonFullTGDs	8483		fullTGDs	51961			newNonFullTGDs	2606		newFullTGDs	164
nonFullTGDs	8496		fullTGDs	51961			newNonFullTGDs	2593		newFullTGDs	164
nonFullTGDs	8513		fullTGDs	51961			newNonFullTGDs	2576		newFullTGDs	164
nonFullTGDs	8531		fullTGDs	51961			newNonFullTGDs	2558		newFullTGDs	164
nonFullTGDs	8544		fullTGDs	51961			newNonFullTGDs	2545		newFullTGDs	164
nonFullTGDs	8556		fullTGDs	51961			newNonFullTGDs	2533		newFullTGDs	164
nonFullTGDs	8568		fullTGDs	51961			newNonFullTGDs	2521		newFullTGDs	164
nonFullTGDs	8585		fullTGDs	51961			newNonFullTGDs	2504		newFullTGDs	164
nonFullTGDs	8600		fullTGDs	51961			newNonFullTGDs	2489		newFullTGDs	164
nonFullTGDs	8613		fullTGDs	51961			newNonFullTGDs	2476		newFullTGDs	164
nonFullTGDs	8624		fullTGDs	51961			newNonFullTGDs	2465		newFullTGDs	164
nonFullTGDs	8634		fullTGDs	51961			newNonFullTGDs	2455		newFullTGDs	164
nonFullTGDs	8649		fullTGDs	51961			newNonFullTGDs	2440		newFullTGDs	164
nonFullTGDs	8664		fullTGDs	51961			newNonFullTGDs	2425		newFullTGDs	164
nonFullTGDs	8672		fullTGDs	51961			newNonFullTGDs	2417		newFullTGDs	164
nonFullTGDs	8683		fullTGDs	51961			newNonFullTGDs	2406		newFullTGDs	164
nonFullTGDs	8694		fullTGDs	51961			newNonFullTGDs	2395		newFullTGDs	164
nonFullTGDs	8706		fullTGDs	51961			newNonFullTGDs	2383		newFullTGDs	164
nonFullTGDs	8716		fullTGDs	51961			newNonFullTGDs	2373		newFullTGDs	164
nonFullTGDs	8726		fullTGDs	51961			newNonFullTGDs	2363		newFullTGDs	164
nonFullTGDs	8733		fullTGDs	51961			newNonFullTGDs	2356		newFullTGDs	164
nonFullTGDs	8739		fullTGDs	51961			newNonFullTGDs	2350		newFullTGDs	164
nonFullTGDs	8743		fullTGDs	51961			newNonFullTGDs	2346		newFullTGDs	164
nonFullTGDs	8748		fullTGDs	51961			newNonFullTGDs	2341		newFullTGDs	164
nonFullTGDs	8752		fullTGDs	51961			newNonFullTGDs	2337		newFullTGDs	164
nonFullTGDs	8758		fullTGDs	51961			newNonFullTGDs	2331		newFullTGDs	164
nonFullTGDs	8764		fullTGDs	51961			newNonFullTGDs	2325		newFullTGDs	164
nonFullTGDs	8771		fullTGDs	51961			newNonFullTGDs	2318		newFullTGDs	164
nonFullTGDs	8779		fullTGDs	51961			newNonFullTGDs	2310		newFullTGDs	164
nonFullTGDs	8785		fullTGDs	51961			newNonFullTGDs	2304		newFullTGDs	164
nonFullTGDs	8792		fullTGDs	51961			newNonFullTGDs	2297		newFullTGDs	164
nonFullTGDs	8803		fullTGDs	51961			newNonFullTGDs	2286		newFullTGDs	164
nonFullTGDs	8819		fullTGDs	51961			newNonFullTGDs	2270		newFullTGDs	164
nonFullTGDs	8843		fullTGDs	51961			newNonFullTGDs	2246		newFullTGDs	164
nonFullTGDs	8856		fullTGDs	51961			newNonFullTGDs	2233		newFullTGDs	164
nonFullTGDs	8865		fullTGDs	51961			newNonFullTGDs	2224		newFullTGDs	164
nonFullTGDs	8879		fullTGDs	51961			newNonFullTGDs	2210		newFullTGDs	164
nonFullTGDs	8892		fullTGDs	51961			newNonFullTGDs	2197		newFullTGDs	164
nonFullTGDs	8906		fullTGDs	51961			newNonFullTGDs	2183		newFullTGDs	164
nonFullTGDs	8919		fullTGDs	51961			newNonFullTGDs	2170		newFullTGDs	164
nonFullTGDs	8932		fullTGDs	51961			newNonFullTGDs	2157		newFullTGDs	164
nonFullTGDs	8941		fullTGDs	51961			newNonFullTGDs	2148		newFullTGDs	164
nonFullTGDs	8948		fullTGDs	51961			newNonFullTGDs	2141		newFullTGDs	164
nonFullTGDs	8955		fullTGDs	51961			newNonFullTGDs	2134		newFullTGDs	164
nonFullTGDs	8964		fullTGDs	51961			newNonFullTGDs	2125		newFullTGDs	164
nonFullTGDs	8974		fullTGDs	51961			newNonFullTGDs	2115		newFullTGDs	164
nonFullTGDs	8982		fullTGDs	51961			newNonFullTGDs	2107		newFullTGDs	164
nonFullTGDs	8988		fullTGDs	51961			newNonFullTGDs	2101		newFullTGDs	164
nonFullTGDs	8997		fullTGDs	51961			newNonFullTGDs	2092		newFullTGDs	164
nonFullTGDs	9006		fullTGDs	51961			newNonFullTGDs	2083		newFullTGDs	164
nonFullTGDs	9015		fullTGDs	51961			newNonFullTGDs	2074		newFullTGDs	164
nonFullTGDs	9023		fullTGDs	51961			newNonFullTGDs	2066		newFullTGDs	164
nonFullTGDs	9036		fullTGDs	51961			newNonFullTGDs	2053		newFullTGDs	164
nonFullTGDs	9043		fullTGDs	51961			newNonFullTGDs	2046		newFullTGDs	164
nonFullTGDs	9057		fullTGDs	51961			newNonFullTGDs	2032		newFullTGDs	164
nonFullTGDs	9067		fullTGDs	51961			newNonFullTGDs	2022		newFullTGDs	164
nonFullTGDs	9073		fullTGDs	51961			newNonFullTGDs	2016		newFullTGDs	164
nonFullTGDs	9088		fullTGDs	51961			newNonFullTGDs	2001		newFullTGDs	164
nonFullTGDs	9101		fullTGDs	51961			newNonFullTGDs	1988		newFullTGDs	164
nonFullTGDs	9107		fullTGDs	51961			newNonFullTGDs	1982		newFullTGDs	164
nonFullTGDs	9115		fullTGDs	51961			newNonFullTGDs	1974		newFullTGDs	164
nonFullTGDs	9120		fullTGDs	51961			newNonFullTGDs	1969		newFullTGDs	164
nonFullTGDs	9123		fullTGDs	51961			newNonFullTGDs	1966		newFullTGDs	164
nonFullTGDs	9134		fullTGDs	51961			newNonFullTGDs	1955		newFullTGDs	164
nonFullTGDs	9137		fullTGDs	51961			newNonFullTGDs	1952		newFullTGDs	164
nonFullTGDs	9147		fullTGDs	51961			newNonFullTGDs	1942		newFullTGDs	164
nonFullTGDs	9155		fullTGDs	51961			newNonFullTGDs	1934		newFullTGDs	164
nonFullTGDs	9167		fullTGDs	51961			newNonFullTGDs	1922		newFullTGDs	164
nonFullTGDs	9173		fullTGDs	51961			newNonFullTGDs	1916		newFullTGDs	164
nonFullTGDs	9187		fullTGDs	51961			newNonFullTGDs	1902		newFullTGDs	164
nonFullTGDs	9196		fullTGDs	51961			newNonFullTGDs	1893		newFullTGDs	164
nonFullTGDs	9207		fullTGDs	51961			newNonFullTGDs	1882		newFullTGDs	164
nonFullTGDs	9217		fullTGDs	51961			newNonFullTGDs	1872		newFullTGDs	164
nonFullTGDs	9228		fullTGDs	51961			newNonFullTGDs	1861		newFullTGDs	164
nonFullTGDs	9237		fullTGDs	51961			newNonFullTGDs	1852		newFullTGDs	164
nonFullTGDs	9247		fullTGDs	51961			newNonFullTGDs	1842		newFullTGDs	164
nonFullTGDs	9254		fullTGDs	51961			newNonFullTGDs	1835		newFullTGDs	164
nonFullTGDs	9259		fullTGDs	51961			newNonFullTGDs	1830		newFullTGDs	164
nonFullTGDs	9270		fullTGDs	51961			newNonFullTGDs	1819		newFullTGDs	164
nonFullTGDs	9281		fullTGDs	51961			newNonFullTGDs	1808		newFullTGDs	164
nonFullTGDs	9289		fullTGDs	51961			newNonFullTGDs	1800		newFullTGDs	164
nonFullTGDs	9295		fullTGDs	51961			newNonFullTGDs	1794		newFullTGDs	164
nonFullTGDs	9301		fullTGDs	51961			newNonFullTGDs	1788		newFullTGDs	164
nonFullTGDs	9309		fullTGDs	51961			newNonFullTGDs	1780		newFullTGDs	164
nonFullTGDs	9316		fullTGDs	51961			newNonFullTGDs	1773		newFullTGDs	164
nonFullTGDs	9318		fullTGDs	51961			newNonFullTGDs	1771		newFullTGDs	164
nonFullTGDs	9327		fullTGDs	51961			newNonFullTGDs	1762		newFullTGDs	164
nonFullTGDs	9338		fullTGDs	51961			newNonFullTGDs	1751		newFullTGDs	164
nonFullTGDs	9345		fullTGDs	51961			newNonFullTGDs	1744		newFullTGDs	164
nonFullTGDs	9357		fullTGDs	51961			newNonFullTGDs	1732		newFullTGDs	164
nonFullTGDs	9364		fullTGDs	51961			newNonFullTGDs	1725		newFullTGDs	164
nonFullTGDs	9372		fullTGDs	51961			newNonFullTGDs	1717		newFullTGDs	164
nonFullTGDs	9380		fullTGDs	51961			newNonFullTGDs	1709		newFullTGDs	164
nonFullTGDs	9391		fullTGDs	51961			newNonFullTGDs	1698		newFullTGDs	164
nonFullTGDs	9407		fullTGDs	51961			newNonFullTGDs	1682		newFullTGDs	164
nonFullTGDs	9415		fullTGDs	51961			newNonFullTGDs	1674		newFullTGDs	164
nonFullTGDs	9424		fullTGDs	51961			newNonFullTGDs	1665		newFullTGDs	164
nonFullTGDs	9431		fullTGDs	51961			newNonFullTGDs	1658		newFullTGDs	164
nonFullTGDs	9440		fullTGDs	51961			newNonFullTGDs	1649		newFullTGDs	164
nonFullTGDs	9448		fullTGDs	51961			newNonFullTGDs	1641		newFullTGDs	164
nonFullTGDs	9451		fullTGDs	51961			newNonFullTGDs	1638		newFullTGDs	164
nonFullTGDs	9463		fullTGDs	51961			newNonFullTGDs	1626		newFullTGDs	164
nonFullTGDs	9472		fullTGDs	51961			newNonFullTGDs	1617		newFullTGDs	164
nonFullTGDs	9477		fullTGDs	51961			newNonFullTGDs	1612		newFullTGDs	164
nonFullTGDs	9481		fullTGDs	51961			newNonFullTGDs	1608		newFullTGDs	164
nonFullTGDs	9487		fullTGDs	51961			newNonFullTGDs	1602		newFullTGDs	164
nonFullTGDs	9495		fullTGDs	51961			newNonFullTGDs	1594		newFullTGDs	164
nonFullTGDs	9501		fullTGDs	51961			newNonFullTGDs	1588		newFullTGDs	164
nonFullTGDs	9505		fullTGDs	51961			newNonFullTGDs	1584		newFullTGDs	164
nonFullTGDs	9508		fullTGDs	51961			newNonFullTGDs	1581		newFullTGDs	164
nonFullTGDs	9515		fullTGDs	51961			newNonFullTGDs	1574		newFullTGDs	164
nonFullTGDs	9523		fullTGDs	51961			newNonFullTGDs	1566		newFullTGDs	164
nonFullTGDs	9528		fullTGDs	51961			newNonFullTGDs	1561		newFullTGDs	164
nonFullTGDs	9535		fullTGDs	51961			newNonFullTGDs	1554		newFullTGDs	164
nonFullTGDs	9547		fullTGDs	51961			newNonFullTGDs	1542		newFullTGDs	164
nonFullTGDs	9553		fullTGDs	51961			newNonFullTGDs	1536		newFullTGDs	164
nonFullTGDs	9557		fullTGDs	51961			newNonFullTGDs	1532		newFullTGDs	164
nonFullTGDs	9565		fullTGDs	51961			newNonFullTGDs	1524		newFullTGDs	164
nonFullTGDs	9575		fullTGDs	51961			newNonFullTGDs	1514		newFullTGDs	164
nonFullTGDs	9580		fullTGDs	51961			newNonFullTGDs	1509		newFullTGDs	164
nonFullTGDs	9589		fullTGDs	51961			newNonFullTGDs	1500		newFullTGDs	164
nonFullTGDs	9600		fullTGDs	51961			newNonFullTGDs	1489		newFullTGDs	164
nonFullTGDs	9609		fullTGDs	51961			newNonFullTGDs	1480		newFullTGDs	164
nonFullTGDs	9619		fullTGDs	51961			newNonFullTGDs	1470		newFullTGDs	164
nonFullTGDs	9623		fullTGDs	51961			newNonFullTGDs	1466		newFullTGDs	164
nonFullTGDs	9628		fullTGDs	51961			newNonFullTGDs	1461		newFullTGDs	164
nonFullTGDs	9632		fullTGDs	51961			newNonFullTGDs	1457		newFullTGDs	164
nonFullTGDs	9639		fullTGDs	51961			newNonFullTGDs	1450		newFullTGDs	164
nonFullTGDs	9649		fullTGDs	51961			newNonFullTGDs	1440		newFullTGDs	164
nonFullTGDs	9660		fullTGDs	51961			newNonFullTGDs	1429		newFullTGDs	164
nonFullTGDs	9670		fullTGDs	51961			newNonFullTGDs	1419		newFullTGDs	164
nonFullTGDs	9680		fullTGDs	51961			newNonFullTGDs	1409		newFullTGDs	164
nonFullTGDs	9685		fullTGDs	51961			newNonFullTGDs	1404		newFullTGDs	164
nonFullTGDs	9689		fullTGDs	51961			newNonFullTGDs	1400		newFullTGDs	164
nonFullTGDs	9693		fullTGDs	51961			newNonFullTGDs	1396		newFullTGDs	164
nonFullTGDs	9698		fullTGDs	51961			newNonFullTGDs	1391		newFullTGDs	164
nonFullTGDs	9703		fullTGDs	51961			newNonFullTGDs	1386		newFullTGDs	164
nonFullTGDs	9712		fullTGDs	51961			newNonFullTGDs	1377		newFullTGDs	164
nonFullTGDs	9719		fullTGDs	51961			newNonFullTGDs	1370		newFullTGDs	164
nonFullTGDs	9724		fullTGDs	51961			newNonFullTGDs	1365		newFullTGDs	164
nonFullTGDs	9732		fullTGDs	51961			newNonFullTGDs	1357		newFullTGDs	164
nonFullTGDs	9738		fullTGDs	51961			newNonFullTGDs	1351		newFullTGDs	164
nonFullTGDs	9744		fullTGDs	51961			newNonFullTGDs	1345		newFullTGDs	164
nonFullTGDs	9755		fullTGDs	51961			newNonFullTGDs	1334		newFullTGDs	164
nonFullTGDs	9765		fullTGDs	51961			newNonFullTGDs	1324		newFullTGDs	164
nonFullTGDs	9774		fullTGDs	51961			newNonFullTGDs	1315		newFullTGDs	164
nonFullTGDs	9779		fullTGDs	51961			newNonFullTGDs	1310		newFullTGDs	164
nonFullTGDs	9784		fullTGDs	51961			newNonFullTGDs	1305		newFullTGDs	164
nonFullTGDs	9790		fullTGDs	51961			newNonFullTGDs	1299		newFullTGDs	164
nonFullTGDs	9797		fullTGDs	51961			newNonFullTGDs	1292		newFullTGDs	164
nonFullTGDs	9800		fullTGDs	51961			newNonFullTGDs	1289		newFullTGDs	164
nonFullTGDs	9803		fullTGDs	51961			newNonFullTGDs	1286		newFullTGDs	164
nonFullTGDs	9808		fullTGDs	51961			newNonFullTGDs	1281		newFullTGDs	164
nonFullTGDs	9814		fullTGDs	51961			newNonFullTGDs	1275		newFullTGDs	164
nonFullTGDs	9820		fullTGDs	51961			newNonFullTGDs	1269		newFullTGDs	164
nonFullTGDs	9829		fullTGDs	51961			newNonFullTGDs	1260		newFullTGDs	164
nonFullTGDs	9839		fullTGDs	51961			newNonFullTGDs	1250		newFullTGDs	164
nonFullTGDs	9845		fullTGDs	51961			newNonFullTGDs	1244		newFullTGDs	164
nonFullTGDs	9849		fullTGDs	51961			newNonFullTGDs	1240		newFullTGDs	164
nonFullTGDs	9858		fullTGDs	51961			newNonFullTGDs	1231		newFullTGDs	164
nonFullTGDs	9864		fullTGDs	51961			newNonFullTGDs	1225		newFullTGDs	164
nonFullTGDs	9870		fullTGDs	51961			newNonFullTGDs	1219		newFullTGDs	164
nonFullTGDs	9873		fullTGDs	51961			newNonFullTGDs	1216		newFullTGDs	164
nonFullTGDs	9877		fullTGDs	51961			newNonFullTGDs	1212		newFullTGDs	164
nonFullTGDs	9882		fullTGDs	51961			newNonFullTGDs	1207		newFullTGDs	164
nonFullTGDs	9886		fullTGDs	51961			newNonFullTGDs	1203		newFullTGDs	164
nonFullTGDs	9894		fullTGDs	51961			newNonFullTGDs	1195		newFullTGDs	164
nonFullTGDs	9899		fullTGDs	51961			newNonFullTGDs	1190		newFullTGDs	164
nonFullTGDs	9905		fullTGDs	51961			newNonFullTGDs	1184		newFullTGDs	164
nonFullTGDs	9912		fullTGDs	51961			newNonFullTGDs	1177		newFullTGDs	164
nonFullTGDs	9919		fullTGDs	51961			newNonFullTGDs	1170		newFullTGDs	164
nonFullTGDs	9927		fullTGDs	51961			newNonFullTGDs	1162		newFullTGDs	164
nonFullTGDs	9933		fullTGDs	51961			newNonFullTGDs	1156		newFullTGDs	164
nonFullTGDs	9939		fullTGDs	51961			newNonFullTGDs	1150		newFullTGDs	164
nonFullTGDs	9945		fullTGDs	51961			newNonFullTGDs	1144		newFullTGDs	164
nonFullTGDs	9951		fullTGDs	51961			newNonFullTGDs	1138		newFullTGDs	164
nonFullTGDs	9956		fullTGDs	51961			newNonFullTGDs	1133		newFullTGDs	164
nonFullTGDs	9960		fullTGDs	51961			newNonFullTGDs	1129		newFullTGDs	164
nonFullTGDs	9965		fullTGDs	51961			newNonFullTGDs	1124		newFullTGDs	164
nonFullTGDs	9971		fullTGDs	51961			newNonFullTGDs	1118		newFullTGDs	164
nonFullTGDs	9976		fullTGDs	51961			newNonFullTGDs	1113		newFullTGDs	164
nonFullTGDs	9982		fullTGDs	51961			newNonFullTGDs	1107		newFullTGDs	164
nonFullTGDs	9993		fullTGDs	51961			newNonFullTGDs	1096		newFullTGDs	164
nonFullTGDs	10002		fullTGDs	51961			newNonFullTGDs	1087		newFullTGDs	164
nonFullTGDs	10016		fullTGDs	51961			newNonFullTGDs	1073		newFullTGDs	164
nonFullTGDs	10024		fullTGDs	51961			newNonFullTGDs	1065		newFullTGDs	164
nonFullTGDs	10035		fullTGDs	51961			newNonFullTGDs	1054		newFullTGDs	164
nonFullTGDs	10043		fullTGDs	51961			newNonFullTGDs	1046		newFullTGDs	164
nonFullTGDs	10050		fullTGDs	51961			newNonFullTGDs	1039		newFullTGDs	164
nonFullTGDs	10061		fullTGDs	51961			newNonFullTGDs	1028		newFullTGDs	164
nonFullTGDs	10068		fullTGDs	51961			newNonFullTGDs	1021		newFullTGDs	164
nonFullTGDs	10078		fullTGDs	51961			newNonFullTGDs	1011		newFullTGDs	164
nonFullTGDs	10089		fullTGDs	51961			newNonFullTGDs	1000		newFullTGDs	164
nonFullTGDs	10099		fullTGDs	51961			newNonFullTGDs	990		newFullTGDs	164
nonFullTGDs	10107		fullTGDs	51961			newNonFullTGDs	982		newFullTGDs	164
nonFullTGDs	10118		fullTGDs	51961			newNonFullTGDs	971		newFullTGDs	164
nonFullTGDs	10125		fullTGDs	51961			newNonFullTGDs	964		newFullTGDs	164
nonFullTGDs	10132		fullTGDs	51961			newNonFullTGDs	957		newFullTGDs	164
nonFullTGDs	10137		fullTGDs	51961			newNonFullTGDs	952		newFullTGDs	164
nonFullTGDs	10141		fullTGDs	51961			newNonFullTGDs	948		newFullTGDs	164
nonFullTGDs	10148		fullTGDs	51961			newNonFullTGDs	941		newFullTGDs	164
nonFullTGDs	10158		fullTGDs	51961			newNonFullTGDs	931		newFullTGDs	164
nonFullTGDs	10166		fullTGDs	51961			newNonFullTGDs	923		newFullTGDs	164
nonFullTGDs	10176		fullTGDs	51961			newNonFullTGDs	913		newFullTGDs	164
nonFullTGDs	10181		fullTGDs	51961			newNonFullTGDs	908		newFullTGDs	164
nonFullTGDs	10188		fullTGDs	51961			newNonFullTGDs	901		newFullTGDs	164
nonFullTGDs	10197		fullTGDs	51961			newNonFullTGDs	892		newFullTGDs	164
nonFullTGDs	10206		fullTGDs	51961			newNonFullTGDs	883		newFullTGDs	164
nonFullTGDs	10212		fullTGDs	51961			newNonFullTGDs	877		newFullTGDs	164
nonFullTGDs	10224		fullTGDs	51961			newNonFullTGDs	865		newFullTGDs	164
nonFullTGDs	10237		fullTGDs	51961			newNonFullTGDs	852		newFullTGDs	164
nonFullTGDs	10247		fullTGDs	51961			newNonFullTGDs	842		newFullTGDs	164
nonFullTGDs	10252		fullTGDs	51961			newNonFullTGDs	837		newFullTGDs	164
nonFullTGDs	10263		fullTGDs	51961			newNonFullTGDs	826		newFullTGDs	164
nonFullTGDs	10270		fullTGDs	51961			newNonFullTGDs	819		newFullTGDs	164
nonFullTGDs	10277		fullTGDs	51961			newNonFullTGDs	812		newFullTGDs	164
nonFullTGDs	10282		fullTGDs	51961			newNonFullTGDs	807		newFullTGDs	164
nonFullTGDs	10290		fullTGDs	51961			newNonFullTGDs	799		newFullTGDs	164
nonFullTGDs	10305		fullTGDs	51961			newNonFullTGDs	784		newFullTGDs	164
nonFullTGDs	10317		fullTGDs	51961			newNonFullTGDs	772		newFullTGDs	164
nonFullTGDs	10325		fullTGDs	51961			newNonFullTGDs	764		newFullTGDs	164
nonFullTGDs	10341		fullTGDs	51961			newNonFullTGDs	748		newFullTGDs	164
nonFullTGDs	10350		fullTGDs	51961			newNonFullTGDs	739		newFullTGDs	164
nonFullTGDs	10360		fullTGDs	51961			newNonFullTGDs	729		newFullTGDs	164
nonFullTGDs	10368		fullTGDs	51961			newNonFullTGDs	721		newFullTGDs	164
nonFullTGDs	10376		fullTGDs	51961			newNonFullTGDs	713		newFullTGDs	164
nonFullTGDs	10384		fullTGDs	51961			newNonFullTGDs	705		newFullTGDs	164
nonFullTGDs	10391		fullTGDs	51961			newNonFullTGDs	698		newFullTGDs	164
nonFullTGDs	10395		fullTGDs	51961			newNonFullTGDs	694		newFullTGDs	164
nonFullTGDs	10399		fullTGDs	51961			newNonFullTGDs	690		newFullTGDs	164
nonFullTGDs	10405		fullTGDs	51961			newNonFullTGDs	684		newFullTGDs	164
nonFullTGDs	10412		fullTGDs	51961			newNonFullTGDs	677		newFullTGDs	164
nonFullTGDs	10421		fullTGDs	51961			newNonFullTGDs	668		newFullTGDs	164
nonFullTGDs	10429		fullTGDs	51961			newNonFullTGDs	660		newFullTGDs	164
nonFullTGDs	10438		fullTGDs	51961			newNonFullTGDs	651		newFullTGDs	164
nonFullTGDs	10443		fullTGDs	51961			newNonFullTGDs	646		newFullTGDs	164
nonFullTGDs	10453		fullTGDs	51961			newNonFullTGDs	636		newFullTGDs	164
nonFullTGDs	10464		fullTGDs	51961			newNonFullTGDs	625		newFullTGDs	164
nonFullTGDs	10469		fullTGDs	51961			newNonFullTGDs	620		newFullTGDs	164
nonFullTGDs	10477		fullTGDs	51961			newNonFullTGDs	612		newFullTGDs	164
nonFullTGDs	10483		fullTGDs	51961			newNonFullTGDs	606		newFullTGDs	164
nonFullTGDs	10489		fullTGDs	51961			newNonFullTGDs	600		newFullTGDs	164
nonFullTGDs	10496		fullTGDs	51961			newNonFullTGDs	593		newFullTGDs	164
nonFullTGDs	10503		fullTGDs	51961			newNonFullTGDs	586		newFullTGDs	164
nonFullTGDs	10509		fullTGDs	51961			newNonFullTGDs	580		newFullTGDs	164
nonFullTGDs	10515		fullTGDs	51961			newNonFullTGDs	574		newFullTGDs	164
nonFullTGDs	10525		fullTGDs	51961			newNonFullTGDs	564		newFullTGDs	164
nonFullTGDs	10530		fullTGDs	51961			newNonFullTGDs	559		newFullTGDs	164
nonFullTGDs	10540		fullTGDs	51961			newNonFullTGDs	549		newFullTGDs	164
nonFullTGDs	10544		fullTGDs	51961			newNonFullTGDs	545		newFullTGDs	164
nonFullTGDs	10548		fullTGDs	51961			newNonFullTGDs	541		newFullTGDs	164
nonFullTGDs	10552		fullTGDs	51961			newNonFullTGDs	537		newFullTGDs	164
nonFullTGDs	10556		fullTGDs	51961			newNonFullTGDs	533		newFullTGDs	164
nonFullTGDs	10562		fullTGDs	51961			newNonFullTGDs	527		newFullTGDs	164
nonFullTGDs	10569		fullTGDs	51961			newNonFullTGDs	520		newFullTGDs	164
nonFullTGDs	10580		fullTGDs	51961			newNonFullTGDs	509		newFullTGDs	164
nonFullTGDs	10585		fullTGDs	51961			newNonFullTGDs	504		newFullTGDs	164
nonFullTGDs	10594		fullTGDs	51961			newNonFullTGDs	495		newFullTGDs	164
nonFullTGDs	10604		fullTGDs	51961			newNonFullTGDs	485		newFullTGDs	164
nonFullTGDs	10615		fullTGDs	51961			newNonFullTGDs	474		newFullTGDs	164
nonFullTGDs	10622		fullTGDs	51961			newNonFullTGDs	467		newFullTGDs	164
nonFullTGDs	10636		fullTGDs	51961			newNonFullTGDs	453		newFullTGDs	164
nonFullTGDs	10645		fullTGDs	51961			newNonFullTGDs	444		newFullTGDs	164
nonFullTGDs	10652		fullTGDs	51961			newNonFullTGDs	437		newFullTGDs	164
nonFullTGDs	10665		fullTGDs	51961			newNonFullTGDs	424		newFullTGDs	164
nonFullTGDs	10669		fullTGDs	51961			newNonFullTGDs	420		newFullTGDs	164
nonFullTGDs	10675		fullTGDs	51961			newNonFullTGDs	414		newFullTGDs	164
nonFullTGDs	10680		fullTGDs	51961			newNonFullTGDs	409		newFullTGDs	164
nonFullTGDs	10687		fullTGDs	51961			newNonFullTGDs	402		newFullTGDs	164
nonFullTGDs	10695		fullTGDs	51961			newNonFullTGDs	394		newFullTGDs	164
nonFullTGDs	10701		fullTGDs	51961			newNonFullTGDs	388		newFullTGDs	164
nonFullTGDs	10713		fullTGDs	51961			newNonFullTGDs	376		newFullTGDs	164
nonFullTGDs	10721		fullTGDs	51961			newNonFullTGDs	368		newFullTGDs	164
nonFullTGDs	10728		fullTGDs	51961			newNonFullTGDs	361		newFullTGDs	164
nonFullTGDs	10734		fullTGDs	51961			newNonFullTGDs	355		newFullTGDs	164
nonFullTGDs	10742		fullTGDs	51961			newNonFullTGDs	347		newFullTGDs	164
nonFullTGDs	10748		fullTGDs	51961			newNonFullTGDs	341		newFullTGDs	164
nonFullTGDs	10754		fullTGDs	51961			newNonFullTGDs	335		newFullTGDs	164
nonFullTGDs	10760		fullTGDs	51961			newNonFullTGDs	329		newFullTGDs	164
nonFullTGDs	10765		fullTGDs	51961			newNonFullTGDs	324		newFullTGDs	164
nonFullTGDs	10771		fullTGDs	51961			newNonFullTGDs	318		newFullTGDs	164
nonFullTGDs	10777		fullTGDs	51961			newNonFullTGDs	312		newFullTGDs	164
nonFullTGDs	10782		fullTGDs	51961			newNonFullTGDs	307		newFullTGDs	164
nonFullTGDs	10786		fullTGDs	51961			newNonFullTGDs	303		newFullTGDs	164
nonFullTGDs	10794		fullTGDs	51961			newNonFullTGDs	295		newFullTGDs	164
nonFullTGDs	10799		fullTGDs	51961			newNonFullTGDs	290		newFullTGDs	164
nonFullTGDs	10804		fullTGDs	51961			newNonFullTGDs	285		newFullTGDs	164
nonFullTGDs	10806		fullTGDs	51961			newNonFullTGDs	283		newFullTGDs	164
nonFullTGDs	10811		fullTGDs	51961			newNonFullTGDs	278		newFullTGDs	164
nonFullTGDs	10817		fullTGDs	51961			newNonFullTGDs	272		newFullTGDs	164
nonFullTGDs	10824		fullTGDs	51961			newNonFullTGDs	265		newFullTGDs	164
nonFullTGDs	10832		fullTGDs	51961			newNonFullTGDs	257		newFullTGDs	164
nonFullTGDs	10838		fullTGDs	51961			newNonFullTGDs	251		newFullTGDs	164
nonFullTGDs	10842		fullTGDs	51961			newNonFullTGDs	247		newFullTGDs	164
nonFullTGDs	10845		fullTGDs	51961			newNonFullTGDs	244		newFullTGDs	164
nonFullTGDs	10853		fullTGDs	51961			newNonFullTGDs	236		newFullTGDs	164
nonFullTGDs	10862		fullTGDs	51961			newNonFullTGDs	227		newFullTGDs	164
nonFullTGDs	10872		fullTGDs	51961			newNonFullTGDs	217		newFullTGDs	164
nonFullTGDs	10879		fullTGDs	51961			newNonFullTGDs	210		newFullTGDs	164
nonFullTGDs	10882		fullTGDs	51961			newNonFullTGDs	207		newFullTGDs	164
nonFullTGDs	10885		fullTGDs	51961			newNonFullTGDs	204		newFullTGDs	164
nonFullTGDs	10891		fullTGDs	51961			newNonFullTGDs	198		newFullTGDs	164
nonFullTGDs	10896		fullTGDs	51961			newNonFullTGDs	193		newFullTGDs	164
nonFullTGDs	10899		fullTGDs	51961			newNonFullTGDs	190		newFullTGDs	164
nonFullTGDs	10908		fullTGDs	51961			newNonFullTGDs	181		newFullTGDs	164
nonFullTGDs	10917		fullTGDs	51961			newNonFullTGDs	172		newFullTGDs	164
nonFullTGDs	10922		fullTGDs	51961			newNonFullTGDs	167		newFullTGDs	164
nonFullTGDs	10934		fullTGDs	51961			newNonFullTGDs	155		newFullTGDs	164
nonFullTGDs	10948		fullTGDs	51961			newNonFullTGDs	141		newFullTGDs	164
nonFullTGDs	10957		fullTGDs	51961			newNonFullTGDs	132		newFullTGDs	164
nonFullTGDs	10968		fullTGDs	51961			newNonFullTGDs	121		newFullTGDs	164
nonFullTGDs	10972		fullTGDs	51961			newNonFullTGDs	117		newFullTGDs	164
nonFullTGDs	10976		fullTGDs	51961			newNonFullTGDs	113		newFullTGDs	164
nonFullTGDs	10979		fullTGDs	51961			newNonFullTGDs	110		newFullTGDs	164
nonFullTGDs	10982		fullTGDs	51961			newNonFullTGDs	107		newFullTGDs	164
nonFullTGDs	10985		fullTGDs	51961			newNonFullTGDs	104		newFullTGDs	164
nonFullTGDs	10988		fullTGDs	51961			newNonFullTGDs	101		newFullTGDs	164
nonFullTGDs	10992		fullTGDs	51961			newNonFullTGDs	97		newFullTGDs	164
nonFullTGDs	11000		fullTGDs	51961			newNonFullTGDs	89		newFullTGDs	164
nonFullTGDs	11008		fullTGDs	51961			newNonFullTGDs	81		newFullTGDs	164
nonFullTGDs	11011		fullTGDs	51961			newNonFullTGDs	78		newFullTGDs	164
nonFullTGDs	11022		fullTGDs	51961			newNonFullTGDs	67		newFullTGDs	164
nonFullTGDs	11029		fullTGDs	51961			newNonFullTGDs	60		newFullTGDs	164
nonFullTGDs	11043		fullTGDs	51961			newNonFullTGDs	46		newFullTGDs	164
nonFullTGDs	11052		fullTGDs	51961			newNonFullTGDs	37		newFullTGDs	164
nonFullTGDs	11058		fullTGDs	51961			newNonFullTGDs	31		newFullTGDs	164
nonFullTGDs	11063		fullTGDs	51961			newNonFullTGDs	26		newFullTGDs	164
nonFullTGDs	11067		fullTGDs	51961			newNonFullTGDs	22		newFullTGDs	164
nonFullTGDs	11074		fullTGDs	51961			newNonFullTGDs	15		newFullTGDs	164
nonFullTGDs	11077		fullTGDs	51961			newNonFullTGDs	12		newFullTGDs	164
nonFullTGDs	11082		fullTGDs	51961			newNonFullTGDs	7		newFullTGDs	164
nonFullTGDs	11089		fullTGDs	51990			newNonFullTGDs	0		newFullTGDs	135
nonFullTGDs	11089		fullTGDs	52090			newNonFullTGDs	0		newFullTGDs	35
Nov 29, 2021 10:02:08 PM uk.ac.ox.cs.gsat.SaturationStatistics log
INFO: # initial TGDs: 51961 , 11089
Nov 29, 2021 10:02:08 PM uk.ac.ox.cs.gsat.SaturationStatistics log
INFO: GSat total time : 27064 ms = 27.06 s
Nov 29, 2021 10:02:08 PM uk.ac.ox.cs.gsat.SaturationStatistics log
INFO: Subsumed elements : 104992
Nov 29, 2021 10:02:08 PM uk.ac.ox.cs.gsat.SaturationStatistics log
INFO: Filter discarded elements : 719760
Nov 29, 2021 10:02:08 PM uk.ac.ox.cs.gsat.SaturationStatistics log
INFO: subsumption time: 1959 ms = 1.96 s
Nov 29, 2021 10:02:08 PM uk.ac.ox.cs.gsat.SaturationStatistics log
INFO: forward subsumption time: 1035 ms = 1.04 s
Nov 29, 2021 10:02:08 PM uk.ac.ox.cs.gsat.SaturationStatistics log
INFO: backward subsumption time: 923 ms = 0.92 s
Nov 29, 2021 10:02:08 PM uk.ac.ox.cs.gsat.SaturationStatistics log
INFO: Derived full/non full TGDs: 253 , 104903
Nov 29, 2021 10:02:08 PM uk.ac.ox.cs.gsat.SaturationStatistics log
INFO: discarded tautology count: 0
Nov 29, 2021 10:02:08 PM uk.ac.ox.cs.gsat.EvolveStatistics log
INFO: Stop because subsumed: 104482
Nov 29, 2021 10:02:08 PM uk.ac.ox.cs.gsat.EvolveStatistics log
INFO: evolved equals to current: 0
Nov 29, 2021 10:02:08 PM uk.ac.ox.cs.gsat.EvolveStatistics log
INFO: evolved time: 16186 ms = 16.19 s
Nov 29, 2021 10:02:08 PM uk.ac.ox.cs.gsat.EvolveStatistics log
INFO: evolve count: 1223955
Nov 29, 2021 10:02:08 PM uk.ac.ox.cs.gsat.AbstractSaturation run
INFO: ouptput full TGDs not contained in the input: 164
Nov 29, 2021 10:02:08 PM uk.ac.ox.cs.gsat.App executeAllSteps
INFO: Rewriting completed!
Full TGD saturation: (52125 dependecies)
Nov 29, 2021 10:02:08 PM uk.ac.ox.cs.gsat.App executeAllSteps
INFO: Writing the saturation in the Datalog file 00537.rul
