Starting Saturation...
Executing from DLGP files
SLF4J: Failed to load class "org.slf4j.impl.StaticLoggerBinder".
SLF4J: Defaulting to no-operation (NOP) logger implementation
SLF4J: See http://www.slf4j.org/codes.html#StaticLoggerBinder for further details.
# Rules: 1013; # Atoms: 0; # AtomSets: 0; # Queries: 0; # Constraints: 0
Full TGD saturation algorithm: GSat
Running GSat...
Nov 29, 2021 10:37:05 PM uk.ac.ox.cs.gsat.AbstractSaturation run
INFO: GSat discarded rules : 0/1013 = 0.000%
GSat discarded rules : 0/1013 = 0.000%
Nov 29, 2021 10:37:05 PM uk.ac.ox.cs.gsat.AbstractSaturation run
INFO: Subsumption method : tree_predicate
length of the formulas: 2.1224086
number of bags: 7
length of the formulas: 2.1224086
number of bags: 7
nonFullTGDs	0		fullTGDs	915			newNonFullTGDs	98		newFullTGDs	0
nonFullTGDs	75		fullTGDs	915			newNonFullTGDs	103		newFullTGDs	3
nonFullTGDs	159		fullTGDs	915			newNonFullTGDs	94		newFullTGDs	4
nonFullTGDs	226		fullTGDs	915			newNonFullTGDs	89		newFullTGDs	5
nonFullTGDs	276		fullTGDs	915			newNonFullTGDs	170		newFullTGDs	6
nonFullTGDs	376		fullTGDs	915			newNonFullTGDs	157		newFullTGDs	6
nonFullTGDs	476		fullTGDs	915			newNonFullTGDs	152		newFullTGDs	6
nonFullTGDs	572		fullTGDs	915			newNonFullTGDs	152		newFullTGDs	6
nonFullTGDs	667		fullTGDs	915			newNonFullTGDs	151		newFullTGDs	6
nonFullTGDs	760		fullTGDs	915			newNonFullTGDs	141		newFullTGDs	6
nonFullTGDs	858		fullTGDs	915			newNonFullTGDs	152		newFullTGDs	6
nonFullTGDs	958		fullTGDs	915			newNonFullTGDs	153		newFullTGDs	6
nonFullTGDs	1056		fullTGDs	915			newNonFullTGDs	154		newFullTGDs	6
nonFullTGDs	1149		fullTGDs	915			newNonFullTGDs	149		newFullTGDs	6
nonFullTGDs	1247		fullTGDs	915			newNonFullTGDs	140		newFullTGDs	6
nonFullTGDs	1265		fullTGDs	915			newNonFullTGDs	154		newFullTGDs	6
nonFullTGDs	1264		fullTGDs	915			newNonFullTGDs	154		newFullTGDs	6
nonFullTGDs	1301		fullTGDs	915			newNonFullTGDs	144		newFullTGDs	6
nonFullTGDs	1296		fullTGDs	915			newNonFullTGDs	149		newFullTGDs	6
nonFullTGDs	1301		fullTGDs	915			newNonFullTGDs	142		newFullTGDs	6
nonFullTGDs	1332		fullTGDs	915			newNonFullTGDs	136		newFullTGDs	6
nonFullTGDs	1325		fullTGDs	915			newNonFullTGDs	148		newFullTGDs	6
nonFullTGDs	1333		fullTGDs	915			newNonFullTGDs	139		newFullTGDs	6
nonFullTGDs	1367		fullTGDs	915			newNonFullTGDs	132		newFullTGDs	6
nonFullTGDs	1362		fullTGDs	915			newNonFullTGDs	137		newFullTGDs	6
nonFullTGDs	1376		fullTGDs	915			newNonFullTGDs	132		newFullTGDs	6
nonFullTGDs	1399		fullTGDs	915			newNonFullTGDs	124		newFullTGDs	6
nonFullTGDs	1490		fullTGDs	915			newNonFullTGDs	153		newFullTGDs	6
nonFullTGDs	1590		fullTGDs	915			newNonFullTGDs	146		newFullTGDs	6
nonFullTGDs	1689		fullTGDs	915			newNonFullTGDs	148		newFullTGDs	6
nonFullTGDs	1782		fullTGDs	915			newNonFullTGDs	138		newFullTGDs	6
nonFullTGDs	1877		fullTGDs	915			newNonFullTGDs	137		newFullTGDs	6
nonFullTGDs	1972		fullTGDs	915			newNonFullTGDs	143		newFullTGDs	6
nonFullTGDs	2072		fullTGDs	915			newNonFullTGDs	140		newFullTGDs	6
nonFullTGDs	2171		fullTGDs	915			newNonFullTGDs	138		newFullTGDs	6
nonFullTGDs	2266		fullTGDs	915			newNonFullTGDs	131		newFullTGDs	6
nonFullTGDs	2362		fullTGDs	915			newNonFullTGDs	129		newFullTGDs	6
nonFullTGDs	2411		fullTGDs	915			newNonFullTGDs	148		newFullTGDs	6
nonFullTGDs	2425		fullTGDs	915			newNonFullTGDs	133		newFullTGDs	6
nonFullTGDs	2439		fullTGDs	915			newNonFullTGDs	134		newFullTGDs	6
nonFullTGDs	2449		fullTGDs	915			newNonFullTGDs	139		newFullTGDs	6
nonFullTGDs	2444		fullTGDs	915			newNonFullTGDs	140		newFullTGDs	6
nonFullTGDs	2472		fullTGDs	915			newNonFullTGDs	127		newFullTGDs	6
nonFullTGDs	2474		fullTGDs	915			newNonFullTGDs	139		newFullTGDs	6
nonFullTGDs	2477		fullTGDs	915			newNonFullTGDs	135		newFullTGDs	6
nonFullTGDs	2506		fullTGDs	915			newNonFullTGDs	125		newFullTGDs	6
nonFullTGDs	2512		fullTGDs	915			newNonFullTGDs	129		newFullTGDs	6
nonFullTGDs	2516		fullTGDs	915			newNonFullTGDs	125		newFullTGDs	6
nonFullTGDs	2542		fullTGDs	915			newNonFullTGDs	116		newFullTGDs	6
nonFullTGDs	2594		fullTGDs	915			newNonFullTGDs	158		newFullTGDs	6
nonFullTGDs	2674		fullTGDs	915			newNonFullTGDs	147		newFullTGDs	6
nonFullTGDs	2754		fullTGDs	915			newNonFullTGDs	149		newFullTGDs	6
nonFullTGDs	2833		fullTGDs	915			newNonFullTGDs	151		newFullTGDs	6
nonFullTGDs	2909		fullTGDs	915			newNonFullTGDs	144		newFullTGDs	6
nonFullTGDs	2986		fullTGDs	915			newNonFullTGDs	138		newFullTGDs	6
nonFullTGDs	3061		fullTGDs	915			newNonFullTGDs	130		newFullTGDs	6
nonFullTGDs	3140		fullTGDs	915			newNonFullTGDs	146		newFullTGDs	6
nonFullTGDs	3220		fullTGDs	915			newNonFullTGDs	140		newFullTGDs	6
nonFullTGDs	3300		fullTGDs	915			newNonFullTGDs	134		newFullTGDs	6
nonFullTGDs	3377		fullTGDs	915			newNonFullTGDs	136		newFullTGDs	6
nonFullTGDs	3452		fullTGDs	915			newNonFullTGDs	137		newFullTGDs	6
nonFullTGDs	3531		fullTGDs	915			newNonFullTGDs	129		newFullTGDs	6
nonFullTGDs	3566		fullTGDs	915			newNonFullTGDs	147		newFullTGDs	6
nonFullTGDs	3572		fullTGDs	915			newNonFullTGDs	140		newFullTGDs	6
nonFullTGDs	3575		fullTGDs	915			newNonFullTGDs	135		newFullTGDs	6
nonFullTGDs	3605		fullTGDs	915			newNonFullTGDs	129		newFullTGDs	6
nonFullTGDs	3608		fullTGDs	915			newNonFullTGDs	130		newFullTGDs	6
nonFullTGDs	3602		fullTGDs	915			newNonFullTGDs	136		newFullTGDs	6
nonFullTGDs	3620		fullTGDs	915			newNonFullTGDs	129		newFullTGDs	6
nonFullTGDs	3627		fullTGDs	915			newNonFullTGDs	141		newFullTGDs	6
nonFullTGDs	3637		fullTGDs	915			newNonFullTGDs	130		newFullTGDs	6
nonFullTGDs	3637		fullTGDs	915			newNonFullTGDs	128		newFullTGDs	6
nonFullTGDs	3663		fullTGDs	915			newNonFullTGDs	122		newFullTGDs	6
nonFullTGDs	3666		fullTGDs	915			newNonFullTGDs	128		newFullTGDs	6
nonFullTGDs	3672		fullTGDs	915			newNonFullTGDs	115		newFullTGDs	6
nonFullTGDs	3686		fullTGDs	915			newNonFullTGDs	121		newFullTGDs	6
nonFullTGDs	3705		fullTGDs	915			newNonFullTGDs	125		newFullTGDs	6
nonFullTGDs	3786		fullTGDs	915			newNonFullTGDs	142		newFullTGDs	6
nonFullTGDs	3866		fullTGDs	915			newNonFullTGDs	136		newFullTGDs	6
nonFullTGDs	3945		fullTGDs	915			newNonFullTGDs	129		newFullTGDs	6
nonFullTGDs	4023		fullTGDs	915			newNonFullTGDs	131		newFullTGDs	6
nonFullTGDs	4099		fullTGDs	915			newNonFullTGDs	135		newFullTGDs	6
nonFullTGDs	4175		fullTGDs	915			newNonFullTGDs	126		newFullTGDs	6
nonFullTGDs	4251		fullTGDs	915			newNonFullTGDs	133		newFullTGDs	6
nonFullTGDs	4331		fullTGDs	915			newNonFullTGDs	128		newFullTGDs	6
nonFullTGDs	4411		fullTGDs	915			newNonFullTGDs	128		newFullTGDs	6
nonFullTGDs	4490		fullTGDs	915			newNonFullTGDs	130		newFullTGDs	6
nonFullTGDs	4567		fullTGDs	915			newNonFullTGDs	121		newFullTGDs	6
nonFullTGDs	4644		fullTGDs	915			newNonFullTGDs	121		newFullTGDs	6
nonFullTGDs	4720		fullTGDs	915			newNonFullTGDs	110		newFullTGDs	6
nonFullTGDs	4717		fullTGDs	915			newNonFullTGDs	136		newFullTGDs	6
nonFullTGDs	4720		fullTGDs	915			newNonFullTGDs	131		newFullTGDs	6
nonFullTGDs	4744		fullTGDs	915			newNonFullTGDs	123		newFullTGDs	6
nonFullTGDs	4755		fullTGDs	915			newNonFullTGDs	128		newFullTGDs	6
nonFullTGDs	4756		fullTGDs	915			newNonFullTGDs	121		newFullTGDs	6
nonFullTGDs	4755		fullTGDs	915			newNonFullTGDs	119		newFullTGDs	6
nonFullTGDs	4784		fullTGDs	915			newNonFullTGDs	110		newFullTGDs	6
nonFullTGDs	4783		fullTGDs	915			newNonFullTGDs	123		newFullTGDs	6
nonFullTGDs	4779		fullTGDs	915			newNonFullTGDs	127		newFullTGDs	6
nonFullTGDs	4800		fullTGDs	915			newNonFullTGDs	115		newFullTGDs	6
nonFullTGDs	4817		fullTGDs	915			newNonFullTGDs	121		newFullTGDs	6
nonFullTGDs	4819		fullTGDs	915			newNonFullTGDs	113		newFullTGDs	6
nonFullTGDs	4827		fullTGDs	915			newNonFullTGDs	113		newFullTGDs	6
nonFullTGDs	4842		fullTGDs	915			newNonFullTGDs	108		newFullTGDs	6
nonFullTGDs	4905		fullTGDs	915			newNonFullTGDs	154		newFullTGDs	6
nonFullTGDs	5005		fullTGDs	915			newNonFullTGDs	149		newFullTGDs	6
nonFullTGDs	5105		fullTGDs	915			newNonFullTGDs	139		newFullTGDs	6
nonFullTGDs	5200		fullTGDs	915			newNonFullTGDs	144		newFullTGDs	6
nonFullTGDs	5294		fullTGDs	915			newNonFullTGDs	139		newFullTGDs	6
nonFullTGDs	5387		fullTGDs	915			newNonFullTGDs	149		newFullTGDs	6
nonFullTGDs	5487		fullTGDs	915			newNonFullTGDs	138		newFullTGDs	6
nonFullTGDs	5587		fullTGDs	915			newNonFullTGDs	133		newFullTGDs	6
nonFullTGDs	5683		fullTGDs	915			newNonFullTGDs	133		newFullTGDs	6
nonFullTGDs	5778		fullTGDs	915			newNonFullTGDs	132		newFullTGDs	6
nonFullTGDs	5873		fullTGDs	915			newNonFullTGDs	120		newFullTGDs	6
nonFullTGDs	5872		fullTGDs	915			newNonFullTGDs	141		newFullTGDs	6
nonFullTGDs	5878		fullTGDs	915			newNonFullTGDs	134		newFullTGDs	6
nonFullTGDs	5908		fullTGDs	915			newNonFullTGDs	135		newFullTGDs	6
nonFullTGDs	5910		fullTGDs	915			newNonFullTGDs	128		newFullTGDs	6
nonFullTGDs	5911		fullTGDs	915			newNonFullTGDs	124		newFullTGDs	6
nonFullTGDs	5945		fullTGDs	915			newNonFullTGDs	123		newFullTGDs	6
nonFullTGDs	5935		fullTGDs	915			newNonFullTGDs	132		newFullTGDs	6
nonFullTGDs	5949		fullTGDs	915			newNonFullTGDs	131		newFullTGDs	6
nonFullTGDs	5964		fullTGDs	915			newNonFullTGDs	133		newFullTGDs	6
nonFullTGDs	5970		fullTGDs	915			newNonFullTGDs	122		newFullTGDs	6
nonFullTGDs	5990		fullTGDs	915			newNonFullTGDs	115		newFullTGDs	6
nonFullTGDs	6019		fullTGDs	915			newNonFullTGDs	150		newFullTGDs	6
nonFullTGDs	6119		fullTGDs	915			newNonFullTGDs	137		newFullTGDs	6
nonFullTGDs	6219		fullTGDs	915			newNonFullTGDs	132		newFullTGDs	6
nonFullTGDs	6252		fullTGDs	915			newNonFullTGDs	135		newFullTGDs	6
nonFullTGDs	6255		fullTGDs	915			newNonFullTGDs	131		newFullTGDs	6
nonFullTGDs	6287		fullTGDs	915			newNonFullTGDs	123		newFullTGDs	6
nonFullTGDs	6361		fullTGDs	915			newNonFullTGDs	128		newFullTGDs	6
nonFullTGDs	6456		fullTGDs	915			newNonFullTGDs	127		newFullTGDs	6
nonFullTGDs	6549		fullTGDs	915			newNonFullTGDs	116		newFullTGDs	6
nonFullTGDs	6546		fullTGDs	915			newNonFullTGDs	122		newFullTGDs	6
nonFullTGDs	6549		fullTGDs	915			newNonFullTGDs	116		newFullTGDs	6
nonFullTGDs	6582		fullTGDs	915			newNonFullTGDs	108		newFullTGDs	6
nonFullTGDs	6677		fullTGDs	915			newNonFullTGDs	129		newFullTGDs	6
nonFullTGDs	6777		fullTGDs	915			newNonFullTGDs	119		newFullTGDs	6
nonFullTGDs	6824		fullTGDs	915			newNonFullTGDs	128		newFullTGDs	6
nonFullTGDs	6825		fullTGDs	915			newNonFullTGDs	126		newFullTGDs	6
nonFullTGDs	6854		fullTGDs	915			newNonFullTGDs	112		newFullTGDs	6
nonFullTGDs	6921		fullTGDs	915			newNonFullTGDs	122		newFullTGDs	6
nonFullTGDs	7014		fullTGDs	915			newNonFullTGDs	122		newFullTGDs	6
nonFullTGDs	7111		fullTGDs	915			newNonFullTGDs	109		newFullTGDs	6
nonFullTGDs	7117		fullTGDs	915			newNonFullTGDs	116		newFullTGDs	6
nonFullTGDs	7132		fullTGDs	915			newNonFullTGDs	111		newFullTGDs	6
nonFullTGDs	7153		fullTGDs	915			newNonFullTGDs	103		newFullTGDs	6
nonFullTGDs	7222		fullTGDs	915			newNonFullTGDs	139		newFullTGDs	6
nonFullTGDs	7302		fullTGDs	915			newNonFullTGDs	141		newFullTGDs	6
nonFullTGDs	7382		fullTGDs	915			newNonFullTGDs	130		newFullTGDs	6
nonFullTGDs	7461		fullTGDs	915			newNonFullTGDs	135		newFullTGDs	6
nonFullTGDs	7536		fullTGDs	915			newNonFullTGDs	126		newFullTGDs	6
nonFullTGDs	7611		fullTGDs	915			newNonFullTGDs	127		newFullTGDs	6
nonFullTGDs	7688		fullTGDs	915			newNonFullTGDs	138		newFullTGDs	6
nonFullTGDs	7768		fullTGDs	915			newNonFullTGDs	127		newFullTGDs	6
nonFullTGDs	7848		fullTGDs	915			newNonFullTGDs	125		newFullTGDs	6
nonFullTGDs	7927		fullTGDs	915			newNonFullTGDs	114		newFullTGDs	6
nonFullTGDs	8004		fullTGDs	915			newNonFullTGDs	125		newFullTGDs	6
nonFullTGDs	8080		fullTGDs	915			newNonFullTGDs	121		newFullTGDs	6
nonFullTGDs	8158		fullTGDs	915			newNonFullTGDs	114		newFullTGDs	6
nonFullTGDs	8177		fullTGDs	915			newNonFullTGDs	130		newFullTGDs	6
nonFullTGDs	8185		fullTGDs	915			newNonFullTGDs	119		newFullTGDs	6
nonFullTGDs	8192		fullTGDs	915			newNonFullTGDs	125		newFullTGDs	6
nonFullTGDs	8207		fullTGDs	915			newNonFullTGDs	131		newFullTGDs	6
nonFullTGDs	8209		fullTGDs	915			newNonFullTGDs	123		newFullTGDs	6
nonFullTGDs	8215		fullTGDs	915			newNonFullTGDs	115		newFullTGDs	6
nonFullTGDs	8234		fullTGDs	915			newNonFullTGDs	114		newFullTGDs	6
nonFullTGDs	8237		fullTGDs	915			newNonFullTGDs	124		newFullTGDs	6
nonFullTGDs	8243		fullTGDs	915			newNonFullTGDs	116		newFullTGDs	6
nonFullTGDs	8250		fullTGDs	915			newNonFullTGDs	116		newFullTGDs	6
nonFullTGDs	8277		fullTGDs	915			newNonFullTGDs	105		newFullTGDs	6
nonFullTGDs	8271		fullTGDs	915			newNonFullTGDs	116		newFullTGDs	6
nonFullTGDs	8275		fullTGDs	915			newNonFullTGDs	112		newFullTGDs	6
nonFullTGDs	8298		fullTGDs	915			newNonFullTGDs	106		newFullTGDs	6
nonFullTGDs	8333		fullTGDs	915			newNonFullTGDs	135		newFullTGDs	6
nonFullTGDs	8413		fullTGDs	915			newNonFullTGDs	129		newFullTGDs	6
nonFullTGDs	8493		fullTGDs	915			newNonFullTGDs	124		newFullTGDs	6
nonFullTGDs	8552		fullTGDs	915			newNonFullTGDs	131		newFullTGDs	6
nonFullTGDs	8558		fullTGDs	915			newNonFullTGDs	122		newFullTGDs	6
nonFullTGDs	8560		fullTGDs	915			newNonFullTGDs	119		newFullTGDs	6
nonFullTGDs	8589		fullTGDs	915			newNonFullTGDs	112		newFullTGDs	6
nonFullTGDs	8644		fullTGDs	915			newNonFullTGDs	123		newFullTGDs	6
nonFullTGDs	8720		fullTGDs	915			newNonFullTGDs	113		newFullTGDs	6
nonFullTGDs	8795		fullTGDs	915			newNonFullTGDs	117		newFullTGDs	6
nonFullTGDs	8850		fullTGDs	915			newNonFullTGDs	118		newFullTGDs	6
nonFullTGDs	8852		fullTGDs	915			newNonFullTGDs	109		newFullTGDs	6
nonFullTGDs	8850		fullTGDs	915			newNonFullTGDs	109		newFullTGDs	6
nonFullTGDs	8875		fullTGDs	915			newNonFullTGDs	103		newFullTGDs	6
nonFullTGDs	8931		fullTGDs	915			newNonFullTGDs	121		newFullTGDs	6
nonFullTGDs	9010		fullTGDs	915			newNonFullTGDs	112		newFullTGDs	6
nonFullTGDs	9091		fullTGDs	915			newNonFullTGDs	114		newFullTGDs	6
nonFullTGDs	9132		fullTGDs	915			newNonFullTGDs	114		newFullTGDs	6
nonFullTGDs	9138		fullTGDs	915			newNonFullTGDs	108		newFullTGDs	6
nonFullTGDs	9141		fullTGDs	915			newNonFullTGDs	103		newFullTGDs	6
nonFullTGDs	9170		fullTGDs	915			newNonFullTGDs	98		newFullTGDs	6
nonFullTGDs	9239		fullTGDs	915			newNonFullTGDs	106		newFullTGDs	6
nonFullTGDs	9315		fullTGDs	915			newNonFullTGDs	111		newFullTGDs	6
nonFullTGDs	9394		fullTGDs	915			newNonFullTGDs	101		newFullTGDs	6
nonFullTGDs	9422		fullTGDs	915			newNonFullTGDs	108		newFullTGDs	6
nonFullTGDs	9427		fullTGDs	915			newNonFullTGDs	97		newFullTGDs	6
nonFullTGDs	9443		fullTGDs	915			newNonFullTGDs	94		newFullTGDs	6
nonFullTGDs	9457		fullTGDs	915			newNonFullTGDs	88		newFullTGDs	6
nonFullTGDs	9499		fullTGDs	915			newNonFullTGDs	79		newFullTGDs	8
nonFullTGDs	9585		fullTGDs	915			newNonFullTGDs	174		newFullTGDs	9
nonFullTGDs	9685		fullTGDs	915			newNonFullTGDs	167		newFullTGDs	9
nonFullTGDs	9784		fullTGDs	915			newNonFullTGDs	172		newFullTGDs	9
nonFullTGDs	9878		fullTGDs	915			newNonFullTGDs	161		newFullTGDs	9
nonFullTGDs	9972		fullTGDs	915			newNonFullTGDs	158		newFullTGDs	9
nonFullTGDs	10067		fullTGDs	915			newNonFullTGDs	164		newFullTGDs	9
nonFullTGDs	10167		fullTGDs	915			newNonFullTGDs	164		newFullTGDs	9
nonFullTGDs	10267		fullTGDs	915			newNonFullTGDs	150		newFullTGDs	9
nonFullTGDs	10362		fullTGDs	915			newNonFullTGDs	154		newFullTGDs	9
nonFullTGDs	10458		fullTGDs	915			newNonFullTGDs	147		newFullTGDs	9
nonFullTGDs	10550		fullTGDs	915			newNonFullTGDs	169		newFullTGDs	9
nonFullTGDs	10650		fullTGDs	915			newNonFullTGDs	156		newFullTGDs	9
nonFullTGDs	10750		fullTGDs	915			newNonFullTGDs	153		newFullTGDs	9
nonFullTGDs	10846		fullTGDs	915			newNonFullTGDs	153		newFullTGDs	9
nonFullTGDs	10941		fullTGDs	915			newNonFullTGDs	152		newFullTGDs	9
nonFullTGDs	11034		fullTGDs	915			newNonFullTGDs	141		newFullTGDs	9
nonFullTGDs	11132		fullTGDs	915			newNonFullTGDs	152		newFullTGDs	9
nonFullTGDs	11232		fullTGDs	915			newNonFullTGDs	143		newFullTGDs	9
nonFullTGDs	11330		fullTGDs	915			newNonFullTGDs	146		newFullTGDs	9
nonFullTGDs	11424		fullTGDs	915			newNonFullTGDs	135		newFullTGDs	9
nonFullTGDs	11521		fullTGDs	915			newNonFullTGDs	136		newFullTGDs	9
nonFullTGDs	11544		fullTGDs	915			newNonFullTGDs	161		newFullTGDs	9
nonFullTGDs	11547		fullTGDs	915			newNonFullTGDs	157		newFullTGDs	9
nonFullTGDs	11576		fullTGDs	915			newNonFullTGDs	150		newFullTGDs	9
nonFullTGDs	11572		fullTGDs	915			newNonFullTGDs	159		newFullTGDs	9
nonFullTGDs	11576		fullTGDs	915			newNonFullTGDs	153		newFullTGDs	9
nonFullTGDs	11608		fullTGDs	915			newNonFullTGDs	141		newFullTGDs	9
nonFullTGDs	11602		fullTGDs	915			newNonFullTGDs	157		newFullTGDs	9
nonFullTGDs	11610		fullTGDs	915			newNonFullTGDs	148		newFullTGDs	9
nonFullTGDs	11644		fullTGDs	915			newNonFullTGDs	140		newFullTGDs	9
nonFullTGDs	11641		fullTGDs	915			newNonFullTGDs	144		newFullTGDs	9
nonFullTGDs	11656		fullTGDs	915			newNonFullTGDs	141		newFullTGDs	9
nonFullTGDs	11675		fullTGDs	915			newNonFullTGDs	132		newFullTGDs	9
nonFullTGDs	11670		fullTGDs	915			newNonFullTGDs	152		newFullTGDs	9
nonFullTGDs	11674		fullTGDs	915			newNonFullTGDs	147		newFullTGDs	9
nonFullTGDs	11711		fullTGDs	915			newNonFullTGDs	136		newFullTGDs	9
nonFullTGDs	11707		fullTGDs	915			newNonFullTGDs	141		newFullTGDs	9
nonFullTGDs	11708		fullTGDs	915			newNonFullTGDs	137		newFullTGDs	9
nonFullTGDs	11741		fullTGDs	915			newNonFullTGDs	129		newFullTGDs	9
nonFullTGDs	11735		fullTGDs	915			newNonFullTGDs	141		newFullTGDs	9
nonFullTGDs	11742		fullTGDs	915			newNonFullTGDs	133		newFullTGDs	9
nonFullTGDs	11761		fullTGDs	915			newNonFullTGDs	145		newFullTGDs	9
nonFullTGDs	11766		fullTGDs	915			newNonFullTGDs	135		newFullTGDs	9
nonFullTGDs	11788		fullTGDs	915			newNonFullTGDs	126		newFullTGDs	9
nonFullTGDs	11809		fullTGDs	915			newNonFullTGDs	144		newFullTGDs	9
nonFullTGDs	11909		fullTGDs	915			newNonFullTGDs	160		newFullTGDs	9
nonFullTGDs	12009		fullTGDs	915			newNonFullTGDs	157		newFullTGDs	9
nonFullTGDs	12107		fullTGDs	915			newNonFullTGDs	156		newFullTGDs	9
nonFullTGDs	12200		fullTGDs	915			newNonFullTGDs	156		newFullTGDs	9
nonFullTGDs	12295		fullTGDs	915			newNonFullTGDs	144		newFullTGDs	9
nonFullTGDs	12391		fullTGDs	915			newNonFullTGDs	157		newFullTGDs	9
nonFullTGDs	12491		fullTGDs	915			newNonFullTGDs	147		newFullTGDs	9
nonFullTGDs	12590		fullTGDs	915			newNonFullTGDs	152		newFullTGDs	9
nonFullTGDs	12685		fullTGDs	915			newNonFullTGDs	140		newFullTGDs	9
nonFullTGDs	12781		fullTGDs	915			newNonFullTGDs	138		newFullTGDs	9
nonFullTGDs	12874		fullTGDs	915			newNonFullTGDs	155		newFullTGDs	9
nonFullTGDs	12974		fullTGDs	915			newNonFullTGDs	152		newFullTGDs	9
nonFullTGDs	13074		fullTGDs	915			newNonFullTGDs	139		newFullTGDs	9
nonFullTGDs	13169		fullTGDs	915			newNonFullTGDs	142		newFullTGDs	9
nonFullTGDs	13264		fullTGDs	915			newNonFullTGDs	136		newFullTGDs	9
nonFullTGDs	13356		fullTGDs	915			newNonFullTGDs	149		newFullTGDs	9
nonFullTGDs	13456		fullTGDs	915			newNonFullTGDs	136		newFullTGDs	9
nonFullTGDs	13556		fullTGDs	915			newNonFullTGDs	136		newFullTGDs	9
nonFullTGDs	13653		fullTGDs	915			newNonFullTGDs	135		newFullTGDs	9
nonFullTGDs	13747		fullTGDs	915			newNonFullTGDs	134		newFullTGDs	9
nonFullTGDs	13843		fullTGDs	915			newNonFullTGDs	122		newFullTGDs	9
nonFullTGDs	13847		fullTGDs	915			newNonFullTGDs	149		newFullTGDs	9
nonFullTGDs	13850		fullTGDs	915			newNonFullTGDs	145		newFullTGDs	9
nonFullTGDs	13886		fullTGDs	915			newNonFullTGDs	134		newFullTGDs	9
nonFullTGDs	13882		fullTGDs	915			newNonFullTGDs	140		newFullTGDs	9
nonFullTGDs	13885		fullTGDs	915			newNonFullTGDs	134		newFullTGDs	9
nonFullTGDs	13918		fullTGDs	915			newNonFullTGDs	126		newFullTGDs	9
nonFullTGDs	13911		fullTGDs	915			newNonFullTGDs	139		newFullTGDs	9
nonFullTGDs	13919		fullTGDs	915			newNonFullTGDs	130		newFullTGDs	9
nonFullTGDs	13936		fullTGDs	915			newNonFullTGDs	144		newFullTGDs	9
nonFullTGDs	13942		fullTGDs	915			newNonFullTGDs	133		newFullTGDs	9
nonFullTGDs	13965		fullTGDs	915			newNonFullTGDs	125		newFullTGDs	9
nonFullTGDs	13977		fullTGDs	915			newNonFullTGDs	136		newFullTGDs	9
nonFullTGDs	13973		fullTGDs	915			newNonFullTGDs	140		newFullTGDs	9
nonFullTGDs	13988		fullTGDs	915			newNonFullTGDs	137		newFullTGDs	9
nonFullTGDs	14004		fullTGDs	915			newNonFullTGDs	139		newFullTGDs	9
nonFullTGDs	14011		fullTGDs	915			newNonFullTGDs	127		newFullTGDs	9
nonFullTGDs	14021		fullTGDs	915			newNonFullTGDs	128		newFullTGDs	9
nonFullTGDs	14029		fullTGDs	915			newNonFullTGDs	138		newFullTGDs	9
nonFullTGDs	14042		fullTGDs	915			newNonFullTGDs	125		newFullTGDs	9
nonFullTGDs	14054		fullTGDs	915			newNonFullTGDs	125		newFullTGDs	9
nonFullTGDs	14070		fullTGDs	915			newNonFullTGDs	127		newFullTGDs	9
nonFullTGDs	14075		fullTGDs	915			newNonFullTGDs	116		newFullTGDs	9
nonFullTGDs	14091		fullTGDs	915			newNonFullTGDs	118		newFullTGDs	9
nonFullTGDs	14128		fullTGDs	915			newNonFullTGDs	168		newFullTGDs	9
nonFullTGDs	14206		fullTGDs	915			newNonFullTGDs	158		newFullTGDs	9
nonFullTGDs	14286		fullTGDs	915			newNonFullTGDs	156		newFullTGDs	9
nonFullTGDs	14366		fullTGDs	915			newNonFullTGDs	144		newFullTGDs	9
nonFullTGDs	14442		fullTGDs	915			newNonFullTGDs	155		newFullTGDs	9
nonFullTGDs	14518		fullTGDs	915			newNonFullTGDs	152		newFullTGDs	9
nonFullTGDs	14594		fullTGDs	915			newNonFullTGDs	142		newFullTGDs	9
nonFullTGDs	14672		fullTGDs	915			newNonFullTGDs	152		newFullTGDs	9
nonFullTGDs	14751		fullTGDs	915			newNonFullTGDs	142		newFullTGDs	9
nonFullTGDs	14832		fullTGDs	915			newNonFullTGDs	144		newFullTGDs	9
nonFullTGDs	14911		fullTGDs	915			newNonFullTGDs	145		newFullTGDs	9
nonFullTGDs	14987		fullTGDs	915			newNonFullTGDs	140		newFullTGDs	9
nonFullTGDs	15064		fullTGDs	915			newNonFullTGDs	135		newFullTGDs	9
nonFullTGDs	15137		fullTGDs	915			newNonFullTGDs	140		newFullTGDs	9
nonFullTGDs	15218		fullTGDs	915			newNonFullTGDs	149		newFullTGDs	9
nonFullTGDs	15297		fullTGDs	915			newNonFullTGDs	144		newFullTGDs	9
nonFullTGDs	15377		fullTGDs	915			newNonFullTGDs	136		newFullTGDs	9
nonFullTGDs	15455		fullTGDs	915			newNonFullTGDs	139		newFullTGDs	9
nonFullTGDs	15531		fullTGDs	915			newNonFullTGDs	142		newFullTGDs	9
nonFullTGDs	15607		fullTGDs	915			newNonFullTGDs	134		newFullTGDs	9
nonFullTGDs	15683		fullTGDs	915			newNonFullTGDs	144		newFullTGDs	9
nonFullTGDs	15762		fullTGDs	915			newNonFullTGDs	136		newFullTGDs	9
nonFullTGDs	15843		fullTGDs	915			newNonFullTGDs	138		newFullTGDs	9
nonFullTGDs	15922		fullTGDs	915			newNonFullTGDs	137		newFullTGDs	9
nonFullTGDs	15999		fullTGDs	915			newNonFullTGDs	128		newFullTGDs	9
nonFullTGDs	16076		fullTGDs	915			newNonFullTGDs	128		newFullTGDs	9
nonFullTGDs	16152		fullTGDs	915			newNonFullTGDs	119		newFullTGDs	9
nonFullTGDs	16150		fullTGDs	915			newNonFullTGDs	153		newFullTGDs	9
nonFullTGDs	16153		fullTGDs	915			newNonFullTGDs	148		newFullTGDs	9
nonFullTGDs	16175		fullTGDs	915			newNonFullTGDs	140		newFullTGDs	9
nonFullTGDs	16187		fullTGDs	915			newNonFullTGDs	145		newFullTGDs	9
nonFullTGDs	16187		fullTGDs	915			newNonFullTGDs	139		newFullTGDs	9
nonFullTGDs	16188		fullTGDs	915			newNonFullTGDs	135		newFullTGDs	9
nonFullTGDs	16215		fullTGDs	915			newNonFullTGDs	128		newFullTGDs	9
nonFullTGDs	16214		fullTGDs	915			newNonFullTGDs	141		newFullTGDs	9
nonFullTGDs	16211		fullTGDs	915			newNonFullTGDs	144		newFullTGDs	9
nonFullTGDs	16232		fullTGDs	915			newNonFullTGDs	132		newFullTGDs	9
nonFullTGDs	16248		fullTGDs	915			newNonFullTGDs	139		newFullTGDs	9
nonFullTGDs	16251		fullTGDs	915			newNonFullTGDs	130		newFullTGDs	9
nonFullTGDs	16260		fullTGDs	915			newNonFullTGDs	130		newFullTGDs	9
nonFullTGDs	16275		fullTGDs	915			newNonFullTGDs	124		newFullTGDs	9
nonFullTGDs	16275		fullTGDs	915			newNonFullTGDs	144		newFullTGDs	9
nonFullTGDs	16284		fullTGDs	915			newNonFullTGDs	133		newFullTGDs	9
nonFullTGDs	16292		fullTGDs	915			newNonFullTGDs	137		newFullTGDs	9
nonFullTGDs	16319		fullTGDs	915			newNonFullTGDs	121		newFullTGDs	9
nonFullTGDs	16312		fullTGDs	915			newNonFullTGDs	133		newFullTGDs	9
nonFullTGDs	16314		fullTGDs	915			newNonFullTGDs	129		newFullTGDs	9
nonFullTGDs	16333		fullTGDs	915			newNonFullTGDs	122		newFullTGDs	9
nonFullTGDs	16339		fullTGDs	915			newNonFullTGDs	134		newFullTGDs	9
nonFullTGDs	16346		fullTGDs	915			newNonFullTGDs	126		newFullTGDs	9
nonFullTGDs	16349		fullTGDs	915			newNonFullTGDs	121		newFullTGDs	9
nonFullTGDs	16379		fullTGDs	915			newNonFullTGDs	117		newFullTGDs	9
nonFullTGDs	16380		fullTGDs	915			newNonFullTGDs	119		newFullTGDs	9
nonFullTGDs	16378		fullTGDs	915			newNonFullTGDs	122		newFullTGDs	9
nonFullTGDs	16398		fullTGDs	915			newNonFullTGDs	115		newFullTGDs	9
nonFullTGDs	16427		fullTGDs	915			newNonFullTGDs	157		newFullTGDs	9
nonFullTGDs	16507		fullTGDs	915			newNonFullTGDs	145		newFullTGDs	9
nonFullTGDs	16587		fullTGDs	915			newNonFullTGDs	143		newFullTGDs	9
nonFullTGDs	16666		fullTGDs	915			newNonFullTGDs	134		newFullTGDs	9
nonFullTGDs	16742		fullTGDs	915			newNonFullTGDs	145		newFullTGDs	9
nonFullTGDs	16819		fullTGDs	915			newNonFullTGDs	139		newFullTGDs	9
nonFullTGDs	16895		fullTGDs	915			newNonFullTGDs	128		newFullTGDs	9
nonFullTGDs	16972		fullTGDs	915			newNonFullTGDs	142		newFullTGDs	9
nonFullTGDs	17052		fullTGDs	915			newNonFullTGDs	131		newFullTGDs	9
nonFullTGDs	17132		fullTGDs	915			newNonFullTGDs	134		newFullTGDs	9
nonFullTGDs	17211		fullTGDs	915			newNonFullTGDs	135		newFullTGDs	9
nonFullTGDs	17287		fullTGDs	915			newNonFullTGDs	129		newFullTGDs	9
nonFullTGDs	17364		fullTGDs	915			newNonFullTGDs	125		newFullTGDs	9
nonFullTGDs	17439		fullTGDs	915			newNonFullTGDs	121		newFullTGDs	9
nonFullTGDs	17519		fullTGDs	915			newNonFullTGDs	138		newFullTGDs	9
nonFullTGDs	17599		fullTGDs	915			newNonFullTGDs	133		newFullTGDs	9
nonFullTGDs	17678		fullTGDs	915			newNonFullTGDs	126		newFullTGDs	9
nonFullTGDs	17755		fullTGDs	915			newNonFullTGDs	129		newFullTGDs	9
nonFullTGDs	17831		fullTGDs	915			newNonFullTGDs	132		newFullTGDs	9
nonFullTGDs	17907		fullTGDs	915			newNonFullTGDs	124		newFullTGDs	9
nonFullTGDs	17984		fullTGDs	915			newNonFullTGDs	130		newFullTGDs	9
nonFullTGDs	18063		fullTGDs	915			newNonFullTGDs	123		newFullTGDs	9
nonFullTGDs	18143		fullTGDs	915			newNonFullTGDs	117		newFullTGDs	9
nonFullTGDs	18223		fullTGDs	915			newNonFullTGDs	127		newFullTGDs	9
nonFullTGDs	18300		fullTGDs	915			newNonFullTGDs	117		newFullTGDs	9
nonFullTGDs	18377		fullTGDs	915			newNonFullTGDs	117		newFullTGDs	9
nonFullTGDs	18453		fullTGDs	915			newNonFullTGDs	107		newFullTGDs	9
nonFullTGDs	18459		fullTGDs	915			newNonFullTGDs	132		newFullTGDs	9
nonFullTGDs	18457		fullTGDs	915			newNonFullTGDs	135		newFullTGDs	9
nonFullTGDs	18476		fullTGDs	915			newNonFullTGDs	128		newFullTGDs	9
nonFullTGDs	18490		fullTGDs	915			newNonFullTGDs	133		newFullTGDs	9
nonFullTGDs	18488		fullTGDs	915			newNonFullTGDs	129		newFullTGDs	9
nonFullTGDs	18494		fullTGDs	915			newNonFullTGDs	121		newFullTGDs	9
nonFullTGDs	18518		fullTGDs	915			newNonFullTGDs	117		newFullTGDs	9
nonFullTGDs	18517		fullTGDs	915			newNonFullTGDs	129		newFullTGDs	9
nonFullTGDs	18517		fullTGDs	915			newNonFullTGDs	129		newFullTGDs	9
nonFullTGDs	18534		fullTGDs	915			newNonFullTGDs	121		newFullTGDs	9
nonFullTGDs	18551		fullTGDs	915			newNonFullTGDs	128		newFullTGDs	9
nonFullTGDs	18554		fullTGDs	915			newNonFullTGDs	118		newFullTGDs	9
nonFullTGDs	18562		fullTGDs	915			newNonFullTGDs	119		newFullTGDs	9
nonFullTGDs	18581		fullTGDs	915			newNonFullTGDs	110		newFullTGDs	9
nonFullTGDs	18578		fullTGDs	915			newNonFullTGDs	132		newFullTGDs	9
nonFullTGDs	18585		fullTGDs	915			newNonFullTGDs	123		newFullTGDs	9
nonFullTGDs	18594		fullTGDs	915			newNonFullTGDs	124		newFullTGDs	9
nonFullTGDs	18620		fullTGDs	915			newNonFullTGDs	111		newFullTGDs	9
nonFullTGDs	18615		fullTGDs	915			newNonFullTGDs	121		newFullTGDs	9
nonFullTGDs	18615		fullTGDs	915			newNonFullTGDs	119		newFullTGDs	9
nonFullTGDs	18636		fullTGDs	915			newNonFullTGDs	110		newFullTGDs	9
nonFullTGDs	18640		fullTGDs	915			newNonFullTGDs	124		newFullTGDs	9
nonFullTGDs	18647		fullTGDs	915			newNonFullTGDs	116		newFullTGDs	9
nonFullTGDs	18650		fullTGDs	915			newNonFullTGDs	111		newFullTGDs	9
nonFullTGDs	18681		fullTGDs	915			newNonFullTGDs	106		newFullTGDs	9
nonFullTGDs	18682		fullTGDs	915			newNonFullTGDs	108		newFullTGDs	9
nonFullTGDs	18679		fullTGDs	915			newNonFullTGDs	112		newFullTGDs	9
nonFullTGDs	18699		fullTGDs	915			newNonFullTGDs	105		newFullTGDs	9
nonFullTGDs	18726		fullTGDs	915			newNonFullTGDs	167		newFullTGDs	9
nonFullTGDs	18826		fullTGDs	915			newNonFullTGDs	157		newFullTGDs	9
nonFullTGDs	18926		fullTGDs	915			newNonFullTGDs	154		newFullTGDs	9
nonFullTGDs	19024		fullTGDs	915			newNonFullTGDs	152		newFullTGDs	9
nonFullTGDs	19117		fullTGDs	915			newNonFullTGDs	152		newFullTGDs	9
nonFullTGDs	19212		fullTGDs	915			newNonFullTGDs	141		newFullTGDs	9
nonFullTGDs	19308		fullTGDs	915			newNonFullTGDs	151		newFullTGDs	9
nonFullTGDs	19408		fullTGDs	915			newNonFullTGDs	144		newFullTGDs	9
nonFullTGDs	19507		fullTGDs	915			newNonFullTGDs	146		newFullTGDs	9
nonFullTGDs	19601		fullTGDs	915			newNonFullTGDs	135		newFullTGDs	9
nonFullTGDs	19698		fullTGDs	915			newNonFullTGDs	135		newFullTGDs	9
nonFullTGDs	19732		fullTGDs	915			newNonFullTGDs	151		newFullTGDs	9
nonFullTGDs	19735		fullTGDs	915			newNonFullTGDs	147		newFullTGDs	9
nonFullTGDs	19764		fullTGDs	915			newNonFullTGDs	141		newFullTGDs	9
nonFullTGDs	19772		fullTGDs	915			newNonFullTGDs	139		newFullTGDs	9
nonFullTGDs	19769		fullTGDs	915			newNonFullTGDs	139		newFullTGDs	9
nonFullTGDs	19796		fullTGDs	915			newNonFullTGDs	132		newFullTGDs	9
nonFullTGDs	19798		fullTGDs	915			newNonFullTGDs	139		newFullTGDs	9
nonFullTGDs	19799		fullTGDs	915			newNonFullTGDs	137		newFullTGDs	9
nonFullTGDs	19830		fullTGDs	915			newNonFullTGDs	129		newFullTGDs	9
nonFullTGDs	19829		fullTGDs	915			newNonFullTGDs	134		newFullTGDs	9
nonFullTGDs	19841		fullTGDs	915			newNonFullTGDs	128		newFullTGDs	9
nonFullTGDs	19860		fullTGDs	915			newNonFullTGDs	121		newFullTGDs	9
nonFullTGDs	19940		fullTGDs	915			newNonFullTGDs	150		newFullTGDs	9
nonFullTGDs	20040		fullTGDs	915			newNonFullTGDs	145		newFullTGDs	9
nonFullTGDs	20109		fullTGDs	915			newNonFullTGDs	148		newFullTGDs	9
nonFullTGDs	20122		fullTGDs	915			newNonFullTGDs	135		newFullTGDs	9
nonFullTGDs	20136		fullTGDs	915			newNonFullTGDs	134		newFullTGDs	9
nonFullTGDs	20185		fullTGDs	915			newNonFullTGDs	144		newFullTGDs	9
nonFullTGDs	20279		fullTGDs	915			newNonFullTGDs	133		newFullTGDs	9
nonFullTGDs	20373		fullTGDs	915			newNonFullTGDs	132		newFullTGDs	9
nonFullTGDs	20408		fullTGDs	915			newNonFullTGDs	132		newFullTGDs	9
nonFullTGDs	20407		fullTGDs	915			newNonFullTGDs	130		newFullTGDs	9
nonFullTGDs	20432		fullTGDs	915			newNonFullTGDs	121		newFullTGDs	9
nonFullTGDs	20498		fullTGDs	915			newNonFullTGDs	137		newFullTGDs	9
nonFullTGDs	20598		fullTGDs	915			newNonFullTGDs	137		newFullTGDs	9
nonFullTGDs	20698		fullTGDs	915			newNonFullTGDs	124		newFullTGDs	9
nonFullTGDs	20696		fullTGDs	915			newNonFullTGDs	126		newFullTGDs	9
nonFullTGDs	20704		fullTGDs	915			newNonFullTGDs	122		newFullTGDs	9
nonFullTGDs	20743		fullTGDs	915			newNonFullTGDs	139		newFullTGDs	9
nonFullTGDs	20838		fullTGDs	915			newNonFullTGDs	127		newFullTGDs	9
nonFullTGDs	20934		fullTGDs	915			newNonFullTGDs	125		newFullTGDs	9
nonFullTGDs	20979		fullTGDs	915			newNonFullTGDs	127		newFullTGDs	9
nonFullTGDs	20990		fullTGDs	915			newNonFullTGDs	115		newFullTGDs	9
nonFullTGDs	21009		fullTGDs	915			newNonFullTGDs	115		newFullTGDs	9
nonFullTGDs	21056		fullTGDs	915			newNonFullTGDs	149		newFullTGDs	9
nonFullTGDs	21156		fullTGDs	915			newNonFullTGDs	148		newFullTGDs	9
nonFullTGDs	21256		fullTGDs	915			newNonFullTGDs	138		newFullTGDs	9
nonFullTGDs	21351		fullTGDs	915			newNonFullTGDs	143		newFullTGDs	9
nonFullTGDs	21446		fullTGDs	915			newNonFullTGDs	137		newFullTGDs	9
nonFullTGDs	21538		fullTGDs	915			newNonFullTGDs	139		newFullTGDs	9
nonFullTGDs	21638		fullTGDs	915			newNonFullTGDs	137		newFullTGDs	9
nonFullTGDs	21738		fullTGDs	915			newNonFullTGDs	132		newFullTGDs	9
nonFullTGDs	21836		fullTGDs	915			newNonFullTGDs	133		newFullTGDs	9
nonFullTGDs	21929		fullTGDs	915			newNonFullTGDs	131		newFullTGDs	9
nonFullTGDs	22026		fullTGDs	915			newNonFullTGDs	120		newFullTGDs	9
nonFullTGDs	22034		fullTGDs	915			newNonFullTGDs	140		newFullTGDs	9
nonFullTGDs	22040		fullTGDs	915			newNonFullTGDs	133		newFullTGDs	9
nonFullTGDs	22076		fullTGDs	915			newNonFullTGDs	123		newFullTGDs	9
nonFullTGDs	22073		fullTGDs	915			newNonFullTGDs	127		newFullTGDs	9
nonFullTGDs	22076		fullTGDs	915			newNonFullTGDs	122		newFullTGDs	9
nonFullTGDs	22107		fullTGDs	915			newNonFullTGDs	115		newFullTGDs	9
nonFullTGDs	22100		fullTGDs	915			newNonFullTGDs	128		newFullTGDs	9
nonFullTGDs	22106		fullTGDs	915			newNonFullTGDs	121		newFullTGDs	9
nonFullTGDs	22141		fullTGDs	915			newNonFullTGDs	111		newFullTGDs	9
nonFullTGDs	22137		fullTGDs	915			newNonFullTGDs	117		newFullTGDs	9
nonFullTGDs	22153		fullTGDs	915			newNonFullTGDs	115		newFullTGDs	9
nonFullTGDs	22171		fullTGDs	915			newNonFullTGDs	104		newFullTGDs	9
nonFullTGDs	22268		fullTGDs	915			newNonFullTGDs	134		newFullTGDs	9
nonFullTGDs	22368		fullTGDs	915			newNonFullTGDs	124		newFullTGDs	9
nonFullTGDs	22415		fullTGDs	915			newNonFullTGDs	133		newFullTGDs	9
nonFullTGDs	22416		fullTGDs	915			newNonFullTGDs	131		newFullTGDs	9
nonFullTGDs	22445		fullTGDs	915			newNonFullTGDs	117		newFullTGDs	9
nonFullTGDs	22512		fullTGDs	915			newNonFullTGDs	127		newFullTGDs	9
nonFullTGDs	22605		fullTGDs	915			newNonFullTGDs	127		newFullTGDs	9
nonFullTGDs	22700		fullTGDs	915			newNonFullTGDs	115		newFullTGDs	9
nonFullTGDs	22708		fullTGDs	915			newNonFullTGDs	121		newFullTGDs	9
nonFullTGDs	22711		fullTGDs	915			newNonFullTGDs	116		newFullTGDs	9
nonFullTGDs	22744		fullTGDs	915			newNonFullTGDs	108		newFullTGDs	9
nonFullTGDs	22826		fullTGDs	915			newNonFullTGDs	127		newFullTGDs	9
nonFullTGDs	22926		fullTGDs	915			newNonFullTGDs	120		newFullTGDs	9
nonFullTGDs	22991		fullTGDs	915			newNonFullTGDs	122		newFullTGDs	9
nonFullTGDs	23001		fullTGDs	915			newNonFullTGDs	112		newFullTGDs	9
nonFullTGDs	23017		fullTGDs	915			newNonFullTGDs	112		newFullTGDs	9
nonFullTGDs	23071		fullTGDs	915			newNonFullTGDs	118		newFullTGDs	9
nonFullTGDs	23164		fullTGDs	915			newNonFullTGDs	108		newFullTGDs	9
nonFullTGDs	23262		fullTGDs	915			newNonFullTGDs	104		newFullTGDs	9
nonFullTGDs	23287		fullTGDs	915			newNonFullTGDs	108		newFullTGDs	9
nonFullTGDs	23291		fullTGDs	915			newNonFullTGDs	105		newFullTGDs	9
nonFullTGDs	23312		fullTGDs	915			newNonFullTGDs	101		newFullTGDs	9
nonFullTGDs	23374		fullTGDs	915			newNonFullTGDs	149		newFullTGDs	9
nonFullTGDs	23454		fullTGDs	915			newNonFullTGDs	137		newFullTGDs	9
nonFullTGDs	23534		fullTGDs	915			newNonFullTGDs	140		newFullTGDs	9
nonFullTGDs	23613		fullTGDs	915			newNonFullTGDs	142		newFullTGDs	9
nonFullTGDs	23689		fullTGDs	915			newNonFullTGDs	135		newFullTGDs	9
nonFullTGDs	23764		fullTGDs	915			newNonFullTGDs	133		newFullTGDs	9
nonFullTGDs	23839		fullTGDs	915			newNonFullTGDs	120		newFullTGDs	9
nonFullTGDs	23920		fullTGDs	915			newNonFullTGDs	137		newFullTGDs	9
nonFullTGDs	23999		fullTGDs	915			newNonFullTGDs	132		newFullTGDs	9
nonFullTGDs	24079		fullTGDs	915			newNonFullTGDs	124		newFullTGDs	9
nonFullTGDs	24156		fullTGDs	915			newNonFullTGDs	127		newFullTGDs	9
nonFullTGDs	24232		fullTGDs	915			newNonFullTGDs	131		newFullTGDs	9
nonFullTGDs	24311		fullTGDs	915			newNonFullTGDs	120		newFullTGDs	9
nonFullTGDs	24342		fullTGDs	915			newNonFullTGDs	137		newFullTGDs	9
nonFullTGDs	24349		fullTGDs	915			newNonFullTGDs	129		newFullTGDs	9
nonFullTGDs	24352		fullTGDs	915			newNonFullTGDs	124		newFullTGDs	9
nonFullTGDs	24381		fullTGDs	915			newNonFullTGDs	121		newFullTGDs	9
nonFullTGDs	24373		fullTGDs	915			newNonFullTGDs	133		newFullTGDs	9
nonFullTGDs	24379		fullTGDs	915			newNonFullTGDs	125		newFullTGDs	9
nonFullTGDs	24395		fullTGDs	915			newNonFullTGDs	120		newFullTGDs	9
nonFullTGDs	24402		fullTGDs	915			newNonFullTGDs	133		newFullTGDs	9
nonFullTGDs	24407		fullTGDs	915			newNonFullTGDs	126		newFullTGDs	9
nonFullTGDs	24410		fullTGDs	915			newNonFullTGDs	121		newFullTGDs	9
nonFullTGDs	24440		fullTGDs	915			newNonFullTGDs	115		newFullTGDs	9
nonFullTGDs	24443		fullTGDs	915			newNonFullTGDs	117		newFullTGDs	9
nonFullTGDs	24439		fullTGDs	915			newNonFullTGDs	122		newFullTGDs	9
nonFullTGDs	24459		fullTGDs	915			newNonFullTGDs	115		newFullTGDs	9
nonFullTGDs	24485		fullTGDs	915			newNonFullTGDs	145		newFullTGDs	9
nonFullTGDs	24565		fullTGDs	915			newNonFullTGDs	136		newFullTGDs	9
nonFullTGDs	24645		fullTGDs	915			newNonFullTGDs	134		newFullTGDs	9
nonFullTGDs	24725		fullTGDs	915			newNonFullTGDs	122		newFullTGDs	9
nonFullTGDs	24722		fullTGDs	915			newNonFullTGDs	132		newFullTGDs	9
nonFullTGDs	24725		fullTGDs	915			newNonFullTGDs	127		newFullTGDs	9
nonFullTGDs	24749		fullTGDs	915			newNonFullTGDs	118		newFullTGDs	9
nonFullTGDs	24797		fullTGDs	915			newNonFullTGDs	129		newFullTGDs	9
nonFullTGDs	24873		fullTGDs	915			newNonFullTGDs	122		newFullTGDs	9
nonFullTGDs	24948		fullTGDs	915			newNonFullTGDs	120		newFullTGDs	9
nonFullTGDs	25020		fullTGDs	915			newNonFullTGDs	114		newFullTGDs	9
nonFullTGDs	25016		fullTGDs	915			newNonFullTGDs	119		newFullTGDs	9
nonFullTGDs	25019		fullTGDs	915			newNonFullTGDs	114		newFullTGDs	9
nonFullTGDs	25036		fullTGDs	915			newNonFullTGDs	108		newFullTGDs	9
nonFullTGDs	25083		fullTGDs	915			newNonFullTGDs	129		newFullTGDs	9
nonFullTGDs	25162		fullTGDs	915			newNonFullTGDs	122		newFullTGDs	9
nonFullTGDs	25242		fullTGDs	915			newNonFullTGDs	117		newFullTGDs	9
nonFullTGDs	25296		fullTGDs	915			newNonFullTGDs	124		newFullTGDs	9
nonFullTGDs	25303		fullTGDs	915			newNonFullTGDs	115		newFullTGDs	9
nonFullTGDs	25305		fullTGDs	915			newNonFullTGDs	113		newFullTGDs	9
nonFullTGDs	25332		fullTGDs	915			newNonFullTGDs	107		newFullTGDs	9
nonFullTGDs	25392		fullTGDs	915			newNonFullTGDs	115		newFullTGDs	9
nonFullTGDs	25468		fullTGDs	915			newNonFullTGDs	107		newFullTGDs	9
nonFullTGDs	25546		fullTGDs	915			newNonFullTGDs	111		newFullTGDs	9
nonFullTGDs	25591		fullTGDs	915			newNonFullTGDs	113		newFullTGDs	9
nonFullTGDs	25591		fullTGDs	915			newNonFullTGDs	107		newFullTGDs	9
nonFullTGDs	25605		fullTGDs	915			newNonFullTGDs	103		newFullTGDs	9
nonFullTGDs	25619		fullTGDs	915			newNonFullTGDs	97		newFullTGDs	9
nonFullTGDs	25680		fullTGDs	915			newNonFullTGDs	135		newFullTGDs	9
nonFullTGDs	25759		fullTGDs	915			newNonFullTGDs	124		newFullTGDs	9
nonFullTGDs	25839		fullTGDs	915			newNonFullTGDs	127		newFullTGDs	9
nonFullTGDs	25919		fullTGDs	915			newNonFullTGDs	128		newFullTGDs	9
nonFullTGDs	25994		fullTGDs	915			newNonFullTGDs	123		newFullTGDs	9
nonFullTGDs	26070		fullTGDs	915			newNonFullTGDs	119		newFullTGDs	9
nonFullTGDs	26144		fullTGDs	915			newNonFullTGDs	121		newFullTGDs	9
nonFullTGDs	26224		fullTGDs	915			newNonFullTGDs	124		newFullTGDs	9
nonFullTGDs	26304		fullTGDs	915			newNonFullTGDs	118		newFullTGDs	9
nonFullTGDs	26384		fullTGDs	915			newNonFullTGDs	113		newFullTGDs	9
nonFullTGDs	26461		fullTGDs	915			newNonFullTGDs	114		newFullTGDs	9
nonFullTGDs	26538		fullTGDs	915			newNonFullTGDs	118		newFullTGDs	9
nonFullTGDs	26616		fullTGDs	915			newNonFullTGDs	108		newFullTGDs	9
nonFullTGDs	26644		fullTGDs	915			newNonFullTGDs	127		newFullTGDs	9
nonFullTGDs	26650		fullTGDs	915			newNonFullTGDs	119		newFullTGDs	9
nonFullTGDs	26657		fullTGDs	915			newNonFullTGDs	119		newFullTGDs	9
nonFullTGDs	26684		fullTGDs	915			newNonFullTGDs	108		newFullTGDs	9
nonFullTGDs	26678		fullTGDs	915			newNonFullTGDs	119		newFullTGDs	9
nonFullTGDs	26680		fullTGDs	915			newNonFullTGDs	115		newFullTGDs	9
nonFullTGDs	26698		fullTGDs	915			newNonFullTGDs	107		newFullTGDs	9
nonFullTGDs	26703		fullTGDs	915			newNonFullTGDs	122		newFullTGDs	9
nonFullTGDs	26709		fullTGDs	915			newNonFullTGDs	115		newFullTGDs	9
nonFullTGDs	26712		fullTGDs	915			newNonFullTGDs	110		newFullTGDs	9
nonFullTGDs	26745		fullTGDs	915			newNonFullTGDs	104		newFullTGDs	9
nonFullTGDs	26745		fullTGDs	915			newNonFullTGDs	106		newFullTGDs	9
nonFullTGDs	26741		fullTGDs	915			newNonFullTGDs	111		newFullTGDs	9
nonFullTGDs	26764		fullTGDs	915			newNonFullTGDs	101		newFullTGDs	9
nonFullTGDs	26789		fullTGDs	915			newNonFullTGDs	134		newFullTGDs	9
nonFullTGDs	26869		fullTGDs	915			newNonFullTGDs	123		newFullTGDs	9
nonFullTGDs	26949		fullTGDs	915			newNonFullTGDs	121		newFullTGDs	9
nonFullTGDs	27029		fullTGDs	915			newNonFullTGDs	110		newFullTGDs	9
nonFullTGDs	27025		fullTGDs	915			newNonFullTGDs	120		newFullTGDs	9
nonFullTGDs	27028		fullTGDs	915			newNonFullTGDs	115		newFullTGDs	9
nonFullTGDs	27053		fullTGDs	915			newNonFullTGDs	105		newFullTGDs	9
nonFullTGDs	27101		fullTGDs	915			newNonFullTGDs	116		newFullTGDs	9
nonFullTGDs	27177		fullTGDs	915			newNonFullTGDs	111		newFullTGDs	9
nonFullTGDs	27252		fullTGDs	915			newNonFullTGDs	107		newFullTGDs	9
nonFullTGDs	27323		fullTGDs	915			newNonFullTGDs	107		newFullTGDs	9
nonFullTGDs	27320		fullTGDs	915			newNonFullTGDs	106		newFullTGDs	9
nonFullTGDs	27322		fullTGDs	915			newNonFullTGDs	103		newFullTGDs	9
nonFullTGDs	27340		fullTGDs	915			newNonFullTGDs	95		newFullTGDs	9
nonFullTGDs	27386		fullTGDs	915			newNonFullTGDs	117		newFullTGDs	9
nonFullTGDs	27466		fullTGDs	915			newNonFullTGDs	110		newFullTGDs	9
nonFullTGDs	27546		fullTGDs	915			newNonFullTGDs	104		newFullTGDs	9
nonFullTGDs	27599		fullTGDs	915			newNonFullTGDs	113		newFullTGDs	9
nonFullTGDs	27606		fullTGDs	915			newNonFullTGDs	103		newFullTGDs	9
nonFullTGDs	27607		fullTGDs	915			newNonFullTGDs	101		newFullTGDs	9
nonFullTGDs	27636		fullTGDs	915			newNonFullTGDs	94		newFullTGDs	9
nonFullTGDs	27695		fullTGDs	915			newNonFullTGDs	103		newFullTGDs	9
nonFullTGDs	27771		fullTGDs	915			newNonFullTGDs	95		newFullTGDs	9
nonFullTGDs	27850		fullTGDs	915			newNonFullTGDs	98		newFullTGDs	9
nonFullTGDs	27894		fullTGDs	915			newNonFullTGDs	101		newFullTGDs	9
nonFullTGDs	27893		fullTGDs	915			newNonFullTGDs	96		newFullTGDs	9
nonFullTGDs	27907		fullTGDs	915			newNonFullTGDs	91		newFullTGDs	9
nonFullTGDs	27923		fullTGDs	915			newNonFullTGDs	84		newFullTGDs	9
nonFullTGDs	27982		fullTGDs	915			newNonFullTGDs	174		newFullTGDs	9
nonFullTGDs	28082		fullTGDs	915			newNonFullTGDs	171		newFullTGDs	9
nonFullTGDs	28182		fullTGDs	915			newNonFullTGDs	161		newFullTGDs	9
nonFullTGDs	28277		fullTGDs	915			newNonFullTGDs	164		newFullTGDs	9
nonFullTGDs	28371		fullTGDs	915			newNonFullTGDs	156		newFullTGDs	9
nonFullTGDs	28464		fullTGDs	915			newNonFullTGDs	171		newFullTGDs	9
nonFullTGDs	28564		fullTGDs	915			newNonFullTGDs	158		newFullTGDs	9
nonFullTGDs	28664		fullTGDs	915			newNonFullTGDs	155		newFullTGDs	9
nonFullTGDs	28761		fullTGDs	915			newNonFullTGDs	155		newFullTGDs	9
nonFullTGDs	28855		fullTGDs	915			newNonFullTGDs	154		newFullTGDs	9
nonFullTGDs	28951		fullTGDs	915			newNonFullTGDs	142		newFullTGDs	9
nonFullTGDs	29047		fullTGDs	915			newNonFullTGDs	163		newFullTGDs	9
nonFullTGDs	29147		fullTGDs	915			newNonFullTGDs	153		newFullTGDs	9
nonFullTGDs	29246		fullTGDs	915			newNonFullTGDs	158		newFullTGDs	9
nonFullTGDs	29339		fullTGDs	915			newNonFullTGDs	147		newFullTGDs	9
nonFullTGDs	29434		fullTGDs	915			newNonFullTGDs	144		newFullTGDs	9
nonFullTGDs	29529		fullTGDs	915			newNonFullTGDs	153		newFullTGDs	9
nonFullTGDs	29629		fullTGDs	915			newNonFullTGDs	150		newFullTGDs	9
nonFullTGDs	29729		fullTGDs	915			newNonFullTGDs	141		newFullTGDs	9
nonFullTGDs	29824		fullTGDs	915			newNonFullTGDs	140		newFullTGDs	9
nonFullTGDs	29920		fullTGDs	915			newNonFullTGDs	133		newFullTGDs	9
nonFullTGDs	29970		fullTGDs	915			newNonFullTGDs	166		newFullTGDs	9
nonFullTGDs	29984		fullTGDs	915			newNonFullTGDs	152		newFullTGDs	9
nonFullTGDs	29999		fullTGDs	915			newNonFullTGDs	153		newFullTGDs	9
nonFullTGDs	30006		fullTGDs	915			newNonFullTGDs	159		newFullTGDs	9
nonFullTGDs	30010		fullTGDs	915			newNonFullTGDs	151		newFullTGDs	9
nonFullTGDs	30030		fullTGDs	915			newNonFullTGDs	144		newFullTGDs	9
nonFullTGDs	30033		fullTGDs	915			newNonFullTGDs	157		newFullTGDs	9
nonFullTGDs	30034		fullTGDs	915			newNonFullTGDs	155		newFullTGDs	9
nonFullTGDs	30063		fullTGDs	915			newNonFullTGDs	141		newFullTGDs	9
nonFullTGDs	30075		fullTGDs	915			newNonFullTGDs	144		newFullTGDs	9
nonFullTGDs	30073		fullTGDs	915			newNonFullTGDs	145		newFullTGDs	9
nonFullTGDs	30103		fullTGDs	915			newNonFullTGDs	134		newFullTGDs	9
nonFullTGDs	30099		fullTGDs	915			newNonFullTGDs	154		newFullTGDs	9
nonFullTGDs	30102		fullTGDs	915			newNonFullTGDs	150		newFullTGDs	9
nonFullTGDs	30133		fullTGDs	915			newNonFullTGDs	143		newFullTGDs	9
nonFullTGDs	30139		fullTGDs	915			newNonFullTGDs	142		newFullTGDs	9
nonFullTGDs	30136		fullTGDs	915			newNonFullTGDs	142		newFullTGDs	9
nonFullTGDs	30163		fullTGDs	915			newNonFullTGDs	135		newFullTGDs	9
nonFullTGDs	30165		fullTGDs	915			newNonFullTGDs	142		newFullTGDs	9
nonFullTGDs	30167		fullTGDs	915			newNonFullTGDs	139		newFullTGDs	9
nonFullTGDs	30199		fullTGDs	915			newNonFullTGDs	131		newFullTGDs	9
nonFullTGDs	30200		fullTGDs	915			newNonFullTGDs	133		newFullTGDs	9
nonFullTGDs	30208		fullTGDs	915			newNonFullTGDs	127		newFullTGDs	9
nonFullTGDs	30227		fullTGDs	915			newNonFullTGDs	124		newFullTGDs	9
nonFullTGDs	30306		fullTGDs	915			newNonFullTGDs	156		newFullTGDs	9
nonFullTGDs	30406		fullTGDs	915			newNonFullTGDs	159		newFullTGDs	9
nonFullTGDs	30505		fullTGDs	915			newNonFullTGDs	162		newFullTGDs	9
nonFullTGDs	30600		fullTGDs	915			newNonFullTGDs	150		newFullTGDs	9
nonFullTGDs	30693		fullTGDs	915			newNonFullTGDs	150		newFullTGDs	9
nonFullTGDs	30788		fullTGDs	915			newNonFullTGDs	154		newFullTGDs	9
nonFullTGDs	30888		fullTGDs	915			newNonFullTGDs	154		newFullTGDs	9
nonFullTGDs	30988		fullTGDs	915			newNonFullTGDs	141		newFullTGDs	9
nonFullTGDs	31083		fullTGDs	915			newNonFullTGDs	144		newFullTGDs	9
nonFullTGDs	31179		fullTGDs	915			newNonFullTGDs	139		newFullTGDs	9
nonFullTGDs	31271		fullTGDs	915			newNonFullTGDs	161		newFullTGDs	9
nonFullTGDs	31371		fullTGDs	915			newNonFullTGDs	146		newFullTGDs	9
nonFullTGDs	31471		fullTGDs	915			newNonFullTGDs	143		newFullTGDs	9
nonFullTGDs	31569		fullTGDs	915			newNonFullTGDs	142		newFullTGDs	9
nonFullTGDs	31662		fullTGDs	915			newNonFullTGDs	142		newFullTGDs	9
nonFullTGDs	31757		fullTGDs	915			newNonFullTGDs	130		newFullTGDs	9
nonFullTGDs	31853		fullTGDs	915			newNonFullTGDs	143		newFullTGDs	9
nonFullTGDs	31953		fullTGDs	915			newNonFullTGDs	133		newFullTGDs	9
nonFullTGDs	32052		fullTGDs	915			newNonFullTGDs	140		newFullTGDs	9
nonFullTGDs	32146		fullTGDs	915			newNonFullTGDs	129		newFullTGDs	9
nonFullTGDs	32243		fullTGDs	915			newNonFullTGDs	127		newFullTGDs	9
nonFullTGDs	32276		fullTGDs	915			newNonFullTGDs	151		newFullTGDs	9
nonFullTGDs	32279		fullTGDs	915			newNonFullTGDs	147		newFullTGDs	9
nonFullTGDs	32308		fullTGDs	915			newNonFullTGDs	141		newFullTGDs	9
nonFullTGDs	32316		fullTGDs	915			newNonFullTGDs	139		newFullTGDs	9
nonFullTGDs	32313		fullTGDs	915			newNonFullTGDs	139		newFullTGDs	9
nonFullTGDs	32340		fullTGDs	915			newNonFullTGDs	132		newFullTGDs	9
nonFullTGDs	32342		fullTGDs	915			newNonFullTGDs	139		newFullTGDs	9
nonFullTGDs	32343		fullTGDs	915			newNonFullTGDs	137		newFullTGDs	9
nonFullTGDs	32374		fullTGDs	915			newNonFullTGDs	129		newFullTGDs	9
nonFullTGDs	32373		fullTGDs	915			newNonFullTGDs	134		newFullTGDs	9
nonFullTGDs	32385		fullTGDs	915			newNonFullTGDs	128		newFullTGDs	9
nonFullTGDs	32404		fullTGDs	915			newNonFullTGDs	121		newFullTGDs	9
nonFullTGDs	32406		fullTGDs	915			newNonFullTGDs	138		newFullTGDs	9
nonFullTGDs	32405		fullTGDs	915			newNonFullTGDs	138		newFullTGDs	9
nonFullTGDs	32442		fullTGDs	915			newNonFullTGDs	128		newFullTGDs	9
nonFullTGDs	32437		fullTGDs	915			newNonFullTGDs	133		newFullTGDs	9
nonFullTGDs	32442		fullTGDs	915			newNonFullTGDs	126		newFullTGDs	9
nonFullTGDs	32473		fullTGDs	915			newNonFullTGDs	120		newFullTGDs	9
nonFullTGDs	32466		fullTGDs	915			newNonFullTGDs	132		newFullTGDs	9
nonFullTGDs	32474		fullTGDs	915			newNonFullTGDs	123		newFullTGDs	9
nonFullTGDs	32508		fullTGDs	915			newNonFullTGDs	116		newFullTGDs	9
nonFullTGDs	32503		fullTGDs	915			newNonFullTGDs	121		newFullTGDs	9
nonFullTGDs	32517		fullTGDs	915			newNonFullTGDs	116		newFullTGDs	9
nonFullTGDs	32540		fullTGDs	915			newNonFullTGDs	108		newFullTGDs	9
nonFullTGDs	32610		fullTGDs	915			newNonFullTGDs	155		newFullTGDs	9
nonFullTGDs	32690		fullTGDs	915			newNonFullTGDs	158		newFullTGDs	9
nonFullTGDs	32769		fullTGDs	915			newNonFullTGDs	147		newFullTGDs	9
nonFullTGDs	32849		fullTGDs	915			newNonFullTGDs	152		newFullTGDs	9
nonFullTGDs	32923		fullTGDs	915			newNonFullTGDs	144		newFullTGDs	9
nonFullTGDs	32999		fullTGDs	915			newNonFullTGDs	148		newFullTGDs	9
nonFullTGDs	33075		fullTGDs	915			newNonFullTGDs	155		newFullTGDs	9
nonFullTGDs	33155		fullTGDs	915			newNonFullTGDs	147		newFullTGDs	9
nonFullTGDs	33235		fullTGDs	915			newNonFullTGDs	144		newFullTGDs	9
nonFullTGDs	33314		fullTGDs	915			newNonFullTGDs	143		newFullTGDs	9
nonFullTGDs	33392		fullTGDs	915			newNonFullTGDs	142		newFullTGDs	9
nonFullTGDs	33468		fullTGDs	915			newNonFullTGDs	139		newFullTGDs	9
nonFullTGDs	33546		fullTGDs	915			newNonFullTGDs	132		newFullTGDs	9
nonFullTGDs	33621		fullTGDs	915			newNonFullTGDs	151		newFullTGDs	9
nonFullTGDs	33701		fullTGDs	915			newNonFullTGDs	152		newFullTGDs	9
nonFullTGDs	33781		fullTGDs	915			newNonFullTGDs	143		newFullTGDs	9
nonFullTGDs	33860		fullTGDs	915			newNonFullTGDs	146		newFullTGDs	9
nonFullTGDs	33936		fullTGDs	915			newNonFullTGDs	135		newFullTGDs	9
nonFullTGDs	34012		fullTGDs	915			newNonFullTGDs	132		newFullTGDs	9
nonFullTGDs	34087		fullTGDs	915			newNonFullTGDs	151		newFullTGDs	9
nonFullTGDs	34167		fullTGDs	915			newNonFullTGDs	139		newFullTGDs	9
nonFullTGDs	34247		fullTGDs	915			newNonFullTGDs	137		newFullTGDs	9
nonFullTGDs	34327		fullTGDs	915			newNonFullTGDs	126		newFullTGDs	9
nonFullTGDs	34403		fullTGDs	915			newNonFullTGDs	136		newFullTGDs	9
nonFullTGDs	34480		fullTGDs	915			newNonFullTGDs	130		newFullTGDs	9
nonFullTGDs	34558		fullTGDs	915			newNonFullTGDs	120		newFullTGDs	9
nonFullTGDs	34581		fullTGDs	915			newNonFullTGDs	152		newFullTGDs	9
nonFullTGDs	34590		fullTGDs	915			newNonFullTGDs	141		newFullTGDs	9
nonFullTGDs	34598		fullTGDs	915			newNonFullTGDs	145		newFullTGDs	9
nonFullTGDs	34623		fullTGDs	915			newNonFullTGDs	130		newFullTGDs	9
nonFullTGDs	34617		fullTGDs	915			newNonFullTGDs	142		newFullTGDs	9
nonFullTGDs	34620		fullTGDs	915			newNonFullTGDs	137		newFullTGDs	9
nonFullTGDs	34639		fullTGDs	915			newNonFullTGDs	130		newFullTGDs	9
nonFullTGDs	34645		fullTGDs	915			newNonFullTGDs	142		newFullTGDs	9
nonFullTGDs	34651		fullTGDs	915			newNonFullTGDs	136		newFullTGDs	9
nonFullTGDs	34654		fullTGDs	915			newNonFullTGDs	131		newFullTGDs	9
nonFullTGDs	34683		fullTGDs	915			newNonFullTGDs	126		newFullTGDs	9
nonFullTGDs	34686		fullTGDs	915			newNonFullTGDs	127		newFullTGDs	9
nonFullTGDs	34683		fullTGDs	915			newNonFullTGDs	132		newFullTGDs	9
nonFullTGDs	34704		fullTGDs	915			newNonFullTGDs	124		newFullTGDs	9
nonFullTGDs	34706		fullTGDs	915			newNonFullTGDs	145		newFullTGDs	9
nonFullTGDs	34713		fullTGDs	915			newNonFullTGDs	136		newFullTGDs	9
nonFullTGDs	34715		fullTGDs	915			newNonFullTGDs	134		newFullTGDs	9
nonFullTGDs	34742		fullTGDs	915			newNonFullTGDs	128		newFullTGDs	9
nonFullTGDs	34749		fullTGDs	915			newNonFullTGDs	129		newFullTGDs	9
nonFullTGDs	34751		fullTGDs	915			newNonFullTGDs	121		newFullTGDs	9
nonFullTGDs	34756		fullTGDs	915			newNonFullTGDs	126		newFullTGDs	9
nonFullTGDs	34782		fullTGDs	915			newNonFullTGDs	112		newFullTGDs	9
nonFullTGDs	34774		fullTGDs	915			newNonFullTGDs	130		newFullTGDs	9
nonFullTGDs	34777		fullTGDs	915			newNonFullTGDs	125		newFullTGDs	9
nonFullTGDs	34800		fullTGDs	915			newNonFullTGDs	119		newFullTGDs	9
nonFullTGDs	34807		fullTGDs	915			newNonFullTGDs	126		newFullTGDs	9
nonFullTGDs	34813		fullTGDs	915			newNonFullTGDs	114		newFullTGDs	9
nonFullTGDs	34827		fullTGDs	915			newNonFullTGDs	114		newFullTGDs	9
nonFullTGDs	34841		fullTGDs	915			newNonFullTGDs	108		newFullTGDs	9
nonFullTGDs	34911		fullTGDs	915			newNonFullTGDs	144		newFullTGDs	9
nonFullTGDs	34991		fullTGDs	915			newNonFullTGDs	147		newFullTGDs	9
nonFullTGDs	35071		fullTGDs	915			newNonFullTGDs	136		newFullTGDs	9
nonFullTGDs	35149		fullTGDs	915			newNonFullTGDs	142		newFullTGDs	9
nonFullTGDs	35225		fullTGDs	915			newNonFullTGDs	131		newFullTGDs	9
nonFullTGDs	35299		fullTGDs	915			newNonFullTGDs	136		newFullTGDs	9
nonFullTGDs	35377		fullTGDs	915			newNonFullTGDs	144		newFullTGDs	9
nonFullTGDs	35456		fullTGDs	915			newNonFullTGDs	133		newFullTGDs	9
nonFullTGDs	35536		fullTGDs	915			newNonFullTGDs	131		newFullTGDs	9
nonFullTGDs	35615		fullTGDs	915			newNonFullTGDs	120		newFullTGDs	9
nonFullTGDs	35692		fullTGDs	915			newNonFullTGDs	132		newFullTGDs	9
nonFullTGDs	35769		fullTGDs	915			newNonFullTGDs	126		newFullTGDs	9
nonFullTGDs	35847		fullTGDs	915			newNonFullTGDs	120		newFullTGDs	9
nonFullTGDs	35922		fullTGDs	915			newNonFullTGDs	136		newFullTGDs	9
nonFullTGDs	36002		fullTGDs	915			newNonFullTGDs	135		newFullTGDs	9
nonFullTGDs	36082		fullTGDs	915			newNonFullTGDs	130		newFullTGDs	9
nonFullTGDs	36161		fullTGDs	915			newNonFullTGDs	129		newFullTGDs	9
nonFullTGDs	36238		fullTGDs	915			newNonFullTGDs	124		newFullTGDs	9
nonFullTGDs	36313		fullTGDs	915			newNonFullTGDs	121		newFullTGDs	9
nonFullTGDs	36388		fullTGDs	915			newNonFullTGDs	138		newFullTGDs	9
nonFullTGDs	36467		fullTGDs	915			newNonFullTGDs	129		newFullTGDs	9
nonFullTGDs	36547		fullTGDs	915			newNonFullTGDs	127		newFullTGDs	9
nonFullTGDs	36627		fullTGDs	915			newNonFullTGDs	116		newFullTGDs	9
nonFullTGDs	36703		fullTGDs	915			newNonFullTGDs	115		newFullTGDs	9
nonFullTGDs	36781		fullTGDs	915			newNonFullTGDs	119		newFullTGDs	9
nonFullTGDs	36860		fullTGDs	915			newNonFullTGDs	109		newFullTGDs	9
nonFullTGDs	36882		fullTGDs	915			newNonFullTGDs	142		newFullTGDs	9
nonFullTGDs	36891		fullTGDs	915			newNonFullTGDs	131		newFullTGDs	9
nonFullTGDs	36900		fullTGDs	915			newNonFullTGDs	134		newFullTGDs	9
nonFullTGDs	36926		fullTGDs	915			newNonFullTGDs	119		newFullTGDs	9
nonFullTGDs	36921		fullTGDs	915			newNonFullTGDs	129		newFullTGDs	9
nonFullTGDs	36921		fullTGDs	915			newNonFullTGDs	127		newFullTGDs	9
nonFullTGDs	36941		fullTGDs	915			newNonFullTGDs	119		newFullTGDs	9
nonFullTGDs	36946		fullTGDs	915			newNonFullTGDs	132		newFullTGDs	9
nonFullTGDs	36952		fullTGDs	915			newNonFullTGDs	125		newFullTGDs	9
nonFullTGDs	36955		fullTGDs	915			newNonFullTGDs	120		newFullTGDs	9
nonFullTGDs	36985		fullTGDs	915			newNonFullTGDs	115		newFullTGDs	9
nonFullTGDs	36988		fullTGDs	915			newNonFullTGDs	116		newFullTGDs	9
nonFullTGDs	36984		fullTGDs	915			newNonFullTGDs	121		newFullTGDs	9
nonFullTGDs	37004		fullTGDs	915			newNonFullTGDs	114		newFullTGDs	9
nonFullTGDs	37007		fullTGDs	915			newNonFullTGDs	135		newFullTGDs	9
nonFullTGDs	37016		fullTGDs	915			newNonFullTGDs	124		newFullTGDs	9
nonFullTGDs	37016		fullTGDs	915			newNonFullTGDs	123		newFullTGDs	9
nonFullTGDs	37045		fullTGDs	915			newNonFullTGDs	116		newFullTGDs	9
nonFullTGDs	37051		fullTGDs	915			newNonFullTGDs	119		newFullTGDs	9
nonFullTGDs	37051		fullTGDs	915			newNonFullTGDs	111		newFullTGDs	9
Nov 29, 2021 10:47:05 PM uk.ac.ox.cs.gsat.SaturationStatistics log
INFO: # initial TGDs: 915 , 98
Nov 29, 2021 10:47:05 PM uk.ac.ox.cs.gsat.SaturationStatistics log
INFO: GSat total time : 600019 ms = 600.02 s
Nov 29, 2021 10:47:05 PM uk.ac.ox.cs.gsat.SaturationStatistics log
INFO: Subsumed elements : 577185
Nov 29, 2021 10:47:05 PM uk.ac.ox.cs.gsat.SaturationStatistics log
INFO: Filter discarded elements : 3511062130
Nov 29, 2021 10:47:05 PM uk.ac.ox.cs.gsat.SaturationStatistics log
INFO: subsumption time: 500735 ms = 500.74 s
Nov 29, 2021 10:47:05 PM uk.ac.ox.cs.gsat.SaturationStatistics log
INFO: forward subsumption time: 458315 ms = 458.32 s
Nov 29, 2021 10:47:05 PM uk.ac.ox.cs.gsat.SaturationStatistics log
INFO: backward subsumption time: 42420 ms = 42.42 s
Nov 29, 2021 10:47:05 PM uk.ac.ox.cs.gsat.SaturationStatistics log
INFO: Derived full/non full TGDs: 130096 , 484166
Nov 29, 2021 10:47:05 PM uk.ac.ox.cs.gsat.SaturationStatistics log
INFO: discarded tautology count: 0
Nov 29, 2021 10:47:05 PM uk.ac.ox.cs.gsat.SaturationStatistics log
INFO: !!! TIME OUT !!!
Nov 29, 2021 10:47:05 PM uk.ac.ox.cs.gsat.EvolveStatistics log
INFO: Stop because subsumed: 14228
Nov 29, 2021 10:47:05 PM uk.ac.ox.cs.gsat.EvolveStatistics log
INFO: evolved equals to current: 662169
Nov 29, 2021 10:47:05 PM uk.ac.ox.cs.gsat.EvolveStatistics log
INFO: evolved time: 88187 ms = 88.19 s
Nov 29, 2021 10:47:05 PM uk.ac.ox.cs.gsat.EvolveStatistics log
INFO: evolve count: 2959388
Nov 29, 2021 10:47:05 PM uk.ac.ox.cs.gsat.AbstractSaturation run
INFO: ouptput full TGDs not contained in the input: 9
Nov 29, 2021 10:47:05 PM uk.ac.ox.cs.gsat.App executeAllSteps
INFO: Rewriting completed!
Full TGD saturation: (924 dependecies)
Nov 29, 2021 10:47:05 PM uk.ac.ox.cs.gsat.App executeAllSteps
INFO: Writing the saturation in the Datalog file 00624.rul
