Starting Saturation...
Executing from DLGP files
SLF4J: Failed to load class "org.slf4j.impl.StaticLoggerBinder".
SLF4J: Defaulting to no-operation (NOP) logger implementation
SLF4J: See http://www.slf4j.org/codes.html#StaticLoggerBinder for further details.
# Rules: 474; # Atoms: 0; # AtomSets: 0; # Queries: 0; # Constraints: 0
Full TGD saturation algorithm: GSat
Running GSat...
Nov 30, 2021 3:00:40 AM uk.ac.ox.cs.gsat.AbstractSaturation run
INFO: GSat discarded rules : 0/474 = 0.000%
GSat discarded rules : 0/474 = 0.000%
Nov 30, 2021 3:00:40 AM uk.ac.ox.cs.gsat.AbstractSaturation run
INFO: Subsumption method : tree_predicate
length of the formulas: 3.6350212
number of bags: 2
length of the formulas: 3.6350212
number of bags: 2
nonFullTGDs	0		fullTGDs	249			newNonFullTGDs	225		newFullTGDs	0
nonFullTGDs	90		fullTGDs	249			newNonFullTGDs	1814		newFullTGDs	0
nonFullTGDs	190		fullTGDs	249			newNonFullTGDs	1811		newFullTGDs	0
nonFullTGDs	290		fullTGDs	249			newNonFullTGDs	1796		newFullTGDs	0
nonFullTGDs	390		fullTGDs	249			newNonFullTGDs	1803		newFullTGDs	0
nonFullTGDs	490		fullTGDs	249			newNonFullTGDs	1793		newFullTGDs	0
nonFullTGDs	590		fullTGDs	249			newNonFullTGDs	1805		newFullTGDs	0
nonFullTGDs	690		fullTGDs	249			newNonFullTGDs	1795		newFullTGDs	0
nonFullTGDs	790		fullTGDs	249			newNonFullTGDs	1793		newFullTGDs	0
nonFullTGDs	890		fullTGDs	249			newNonFullTGDs	1795		newFullTGDs	0
nonFullTGDs	990		fullTGDs	249			newNonFullTGDs	1787		newFullTGDs	0
nonFullTGDs	1090		fullTGDs	249			newNonFullTGDs	1806		newFullTGDs	0
nonFullTGDs	1190		fullTGDs	249			newNonFullTGDs	1795		newFullTGDs	0
nonFullTGDs	1290		fullTGDs	249			newNonFullTGDs	1790		newFullTGDs	0
nonFullTGDs	1390		fullTGDs	249			newNonFullTGDs	1789		newFullTGDs	0
nonFullTGDs	1490		fullTGDs	249			newNonFullTGDs	1788		newFullTGDs	0
nonFullTGDs	1590		fullTGDs	249			newNonFullTGDs	1802		newFullTGDs	0
nonFullTGDs	1690		fullTGDs	249			newNonFullTGDs	1787		newFullTGDs	0
nonFullTGDs	1790		fullTGDs	249			newNonFullTGDs	1784		newFullTGDs	0
nonFullTGDs	1890		fullTGDs	249			newNonFullTGDs	1784		newFullTGDs	0
nonFullTGDs	1990		fullTGDs	249			newNonFullTGDs	1781		newFullTGDs	0
nonFullTGDs	2090		fullTGDs	249			newNonFullTGDs	1768		newFullTGDs	0
nonFullTGDs	2190		fullTGDs	249			newNonFullTGDs	1796		newFullTGDs	0
nonFullTGDs	2290		fullTGDs	249			newNonFullTGDs	1791		newFullTGDs	0
nonFullTGDs	2390		fullTGDs	249			newNonFullTGDs	1797		newFullTGDs	0
nonFullTGDs	2490		fullTGDs	249			newNonFullTGDs	1792		newFullTGDs	0
nonFullTGDs	2590		fullTGDs	249			newNonFullTGDs	1779		newFullTGDs	0
nonFullTGDs	2690		fullTGDs	249			newNonFullTGDs	1788		newFullTGDs	0
nonFullTGDs	2790		fullTGDs	249			newNonFullTGDs	1783		newFullTGDs	0
nonFullTGDs	2890		fullTGDs	249			newNonFullTGDs	1785		newFullTGDs	0
nonFullTGDs	2990		fullTGDs	249			newNonFullTGDs	1772		newFullTGDs	0
nonFullTGDs	3090		fullTGDs	249			newNonFullTGDs	1775		newFullTGDs	0
nonFullTGDs	3190		fullTGDs	249			newNonFullTGDs	1794		newFullTGDs	0
nonFullTGDs	3290		fullTGDs	249			newNonFullTGDs	1784		newFullTGDs	0
nonFullTGDs	3390		fullTGDs	249			newNonFullTGDs	1788		newFullTGDs	0
nonFullTGDs	3490		fullTGDs	249			newNonFullTGDs	1777		newFullTGDs	0
nonFullTGDs	3590		fullTGDs	249			newNonFullTGDs	1773		newFullTGDs	0
nonFullTGDs	3690		fullTGDs	249			newNonFullTGDs	1779		newFullTGDs	0
nonFullTGDs	3790		fullTGDs	249			newNonFullTGDs	1775		newFullTGDs	0
nonFullTGDs	3890		fullTGDs	249			newNonFullTGDs	1780		newFullTGDs	0
nonFullTGDs	3990		fullTGDs	249			newNonFullTGDs	1770		newFullTGDs	0
nonFullTGDs	4090		fullTGDs	249			newNonFullTGDs	1767		newFullTGDs	0
nonFullTGDs	4190		fullTGDs	249			newNonFullTGDs	1801		newFullTGDs	0
nonFullTGDs	4290		fullTGDs	249			newNonFullTGDs	1796		newFullTGDs	0
nonFullTGDs	4390		fullTGDs	249			newNonFullTGDs	1785		newFullTGDs	0
nonFullTGDs	4490		fullTGDs	249			newNonFullTGDs	1787		newFullTGDs	0
nonFullTGDs	4590		fullTGDs	249			newNonFullTGDs	1780		newFullTGDs	0
nonFullTGDs	4690		fullTGDs	249			newNonFullTGDs	1789		newFullTGDs	0
nonFullTGDs	4790		fullTGDs	249			newNonFullTGDs	1793		newFullTGDs	0
nonFullTGDs	4890		fullTGDs	249			newNonFullTGDs	1779		newFullTGDs	0
nonFullTGDs	4990		fullTGDs	249			newNonFullTGDs	1781		newFullTGDs	0
nonFullTGDs	5090		fullTGDs	249			newNonFullTGDs	1776		newFullTGDs	0
nonFullTGDs	5190		fullTGDs	249			newNonFullTGDs	1795		newFullTGDs	0
nonFullTGDs	5290		fullTGDs	249			newNonFullTGDs	1781		newFullTGDs	0
nonFullTGDs	5390		fullTGDs	249			newNonFullTGDs	1777		newFullTGDs	0
nonFullTGDs	5490		fullTGDs	249			newNonFullTGDs	1782		newFullTGDs	0
nonFullTGDs	5590		fullTGDs	249			newNonFullTGDs	1777		newFullTGDs	0
nonFullTGDs	5690		fullTGDs	249			newNonFullTGDs	1787		newFullTGDs	0
nonFullTGDs	5790		fullTGDs	249			newNonFullTGDs	1774		newFullTGDs	0
nonFullTGDs	5890		fullTGDs	249			newNonFullTGDs	1773		newFullTGDs	0
nonFullTGDs	5990		fullTGDs	249			newNonFullTGDs	1771		newFullTGDs	0
nonFullTGDs	6090		fullTGDs	249			newNonFullTGDs	1768		newFullTGDs	0
nonFullTGDs	6190		fullTGDs	249			newNonFullTGDs	1762		newFullTGDs	0
nonFullTGDs	6290		fullTGDs	249			newNonFullTGDs	1784		newFullTGDs	0
nonFullTGDs	6390		fullTGDs	249			newNonFullTGDs	1784		newFullTGDs	0
nonFullTGDs	6490		fullTGDs	249			newNonFullTGDs	1781		newFullTGDs	0
nonFullTGDs	6590		fullTGDs	249			newNonFullTGDs	1778		newFullTGDs	0
nonFullTGDs	6690		fullTGDs	249			newNonFullTGDs	1768		newFullTGDs	0
nonFullTGDs	6790		fullTGDs	249			newNonFullTGDs	1777		newFullTGDs	0
nonFullTGDs	6890		fullTGDs	249			newNonFullTGDs	1770		newFullTGDs	0
nonFullTGDs	6990		fullTGDs	249			newNonFullTGDs	1772		newFullTGDs	0
nonFullTGDs	7090		fullTGDs	249			newNonFullTGDs	1773		newFullTGDs	0
nonFullTGDs	7190		fullTGDs	249			newNonFullTGDs	1760		newFullTGDs	0
nonFullTGDs	7290		fullTGDs	249			newNonFullTGDs	1778		newFullTGDs	0
nonFullTGDs	7390		fullTGDs	249			newNonFullTGDs	1771		newFullTGDs	0
nonFullTGDs	7490		fullTGDs	249			newNonFullTGDs	1775		newFullTGDs	0
nonFullTGDs	7590		fullTGDs	249			newNonFullTGDs	1762		newFullTGDs	0
nonFullTGDs	7690		fullTGDs	249			newNonFullTGDs	1759		newFullTGDs	0
nonFullTGDs	7790		fullTGDs	249			newNonFullTGDs	1764		newFullTGDs	0
nonFullTGDs	7890		fullTGDs	249			newNonFullTGDs	1767		newFullTGDs	0
nonFullTGDs	7990		fullTGDs	249			newNonFullTGDs	1769		newFullTGDs	0
nonFullTGDs	8090		fullTGDs	249			newNonFullTGDs	1756		newFullTGDs	0
nonFullTGDs	8190		fullTGDs	249			newNonFullTGDs	1751		newFullTGDs	0
nonFullTGDs	8290		fullTGDs	249			newNonFullTGDs	1797		newFullTGDs	0
nonFullTGDs	8390		fullTGDs	249			newNonFullTGDs	1797		newFullTGDs	0
nonFullTGDs	8490		fullTGDs	249			newNonFullTGDs	1783		newFullTGDs	0
nonFullTGDs	8590		fullTGDs	249			newNonFullTGDs	1785		newFullTGDs	0
nonFullTGDs	8690		fullTGDs	249			newNonFullTGDs	1784		newFullTGDs	0
nonFullTGDs	8790		fullTGDs	249			newNonFullTGDs	1794		newFullTGDs	0
nonFullTGDs	8890		fullTGDs	249			newNonFullTGDs	1789		newFullTGDs	0
nonFullTGDs	8990		fullTGDs	249			newNonFullTGDs	1776		newFullTGDs	0
nonFullTGDs	9090		fullTGDs	249			newNonFullTGDs	1780		newFullTGDs	0
nonFullTGDs	9190		fullTGDs	249			newNonFullTGDs	1773		newFullTGDs	0
nonFullTGDs	9290		fullTGDs	249			newNonFullTGDs	1791		newFullTGDs	0
nonFullTGDs	9390		fullTGDs	249			newNonFullTGDs	1778		newFullTGDs	0
nonFullTGDs	9490		fullTGDs	249			newNonFullTGDs	1779		newFullTGDs	0
nonFullTGDs	9590		fullTGDs	249			newNonFullTGDs	1783		newFullTGDs	0
nonFullTGDs	9690		fullTGDs	249			newNonFullTGDs	1775		newFullTGDs	0
nonFullTGDs	9790		fullTGDs	249			newNonFullTGDs	1785		newFullTGDs	0
nonFullTGDs	9890		fullTGDs	249			newNonFullTGDs	1774		newFullTGDs	0
nonFullTGDs	9990		fullTGDs	249			newNonFullTGDs	1770		newFullTGDs	0
nonFullTGDs	10090		fullTGDs	249			newNonFullTGDs	1769		newFullTGDs	0
nonFullTGDs	10190		fullTGDs	249			newNonFullTGDs	1764		newFullTGDs	0
nonFullTGDs	10290		fullTGDs	249			newNonFullTGDs	1787		newFullTGDs	0
nonFullTGDs	10390		fullTGDs	249			newNonFullTGDs	1785		newFullTGDs	0
nonFullTGDs	10490		fullTGDs	249			newNonFullTGDs	1780		newFullTGDs	0
nonFullTGDs	10590		fullTGDs	249			newNonFullTGDs	1779		newFullTGDs	0
nonFullTGDs	10690		fullTGDs	249			newNonFullTGDs	1777		newFullTGDs	0
nonFullTGDs	10790		fullTGDs	249			newNonFullTGDs	1764		newFullTGDs	0
nonFullTGDs	10890		fullTGDs	249			newNonFullTGDs	1775		newFullTGDs	0
nonFullTGDs	10990		fullTGDs	249			newNonFullTGDs	1766		newFullTGDs	0
nonFullTGDs	11090		fullTGDs	249			newNonFullTGDs	1774		newFullTGDs	0
nonFullTGDs	11190		fullTGDs	249			newNonFullTGDs	1771		newFullTGDs	0
nonFullTGDs	11290		fullTGDs	249			newNonFullTGDs	1758		newFullTGDs	0
nonFullTGDs	11390		fullTGDs	249			newNonFullTGDs	1776		newFullTGDs	0
nonFullTGDs	11490		fullTGDs	249			newNonFullTGDs	1771		newFullTGDs	0
nonFullTGDs	11590		fullTGDs	249			newNonFullTGDs	1773		newFullTGDs	0
nonFullTGDs	11690		fullTGDs	249			newNonFullTGDs	1760		newFullTGDs	0
nonFullTGDs	11790		fullTGDs	249			newNonFullTGDs	1755		newFullTGDs	0
nonFullTGDs	11890		fullTGDs	249			newNonFullTGDs	1771		newFullTGDs	0
nonFullTGDs	11990		fullTGDs	249			newNonFullTGDs	1764		newFullTGDs	0
nonFullTGDs	12090		fullTGDs	249			newNonFullTGDs	1767		newFullTGDs	0
nonFullTGDs	12190		fullTGDs	249			newNonFullTGDs	1752		newFullTGDs	0
nonFullTGDs	12290		fullTGDs	249			newNonFullTGDs	1752		newFullTGDs	0
nonFullTGDs	12390		fullTGDs	249			newNonFullTGDs	1786		newFullTGDs	0
nonFullTGDs	12490		fullTGDs	249			newNonFullTGDs	1781		newFullTGDs	0
nonFullTGDs	12590		fullTGDs	249			newNonFullTGDs	1768		newFullTGDs	0
nonFullTGDs	12690		fullTGDs	249			newNonFullTGDs	1776		newFullTGDs	0
nonFullTGDs	12790		fullTGDs	249			newNonFullTGDs	1773		newFullTGDs	0
nonFullTGDs	12890		fullTGDs	249			newNonFullTGDs	1778		newFullTGDs	0
nonFullTGDs	12990		fullTGDs	249			newNonFullTGDs	1775		newFullTGDs	0
nonFullTGDs	13090		fullTGDs	249			newNonFullTGDs	1765		newFullTGDs	0
nonFullTGDs	13190		fullTGDs	249			newNonFullTGDs	1767		newFullTGDs	0
nonFullTGDs	13290		fullTGDs	249			newNonFullTGDs	1759		newFullTGDs	0
nonFullTGDs	13390		fullTGDs	249			newNonFullTGDs	1777		newFullTGDs	0
nonFullTGDs	13490		fullTGDs	249			newNonFullTGDs	1776		newFullTGDs	0
nonFullTGDs	13590		fullTGDs	249			newNonFullTGDs	1766		newFullTGDs	0
nonFullTGDs	13690		fullTGDs	249			newNonFullTGDs	1769		newFullTGDs	0
nonFullTGDs	13790		fullTGDs	249			newNonFullTGDs	1760		newFullTGDs	0
nonFullTGDs	13890		fullTGDs	249			newNonFullTGDs	1772		newFullTGDs	0
nonFullTGDs	13990		fullTGDs	249			newNonFullTGDs	1759		newFullTGDs	0
nonFullTGDs	14090		fullTGDs	249			newNonFullTGDs	1756		newFullTGDs	0
nonFullTGDs	14190		fullTGDs	249			newNonFullTGDs	1753		newFullTGDs	0
nonFullTGDs	14290		fullTGDs	249			newNonFullTGDs	1757		newFullTGDs	0
nonFullTGDs	14390		fullTGDs	249			newNonFullTGDs	1785		newFullTGDs	0
nonFullTGDs	14490		fullTGDs	249			newNonFullTGDs	1771		newFullTGDs	0
nonFullTGDs	14590		fullTGDs	249			newNonFullTGDs	1767		newFullTGDs	0
nonFullTGDs	14690		fullTGDs	249			newNonFullTGDs	1768		newFullTGDs	0
nonFullTGDs	14790		fullTGDs	249			newNonFullTGDs	1764		newFullTGDs	0
nonFullTGDs	14890		fullTGDs	249			newNonFullTGDs	1750		newFullTGDs	0
nonFullTGDs	14990		fullTGDs	249			newNonFullTGDs	1760		newFullTGDs	0
nonFullTGDs	15090		fullTGDs	249			newNonFullTGDs	1763		newFullTGDs	0
nonFullTGDs	15190		fullTGDs	249			newNonFullTGDs	1761		newFullTGDs	0
nonFullTGDs	15290		fullTGDs	249			newNonFullTGDs	1758		newFullTGDs	0
nonFullTGDs	15390		fullTGDs	249			newNonFullTGDs	1745		newFullTGDs	0
nonFullTGDs	15490		fullTGDs	249			newNonFullTGDs	1765		newFullTGDs	0
nonFullTGDs	15590		fullTGDs	249			newNonFullTGDs	1756		newFullTGDs	0
nonFullTGDs	15690		fullTGDs	249			newNonFullTGDs	1760		newFullTGDs	0
nonFullTGDs	15790		fullTGDs	249			newNonFullTGDs	1750		newFullTGDs	0
nonFullTGDs	15890		fullTGDs	249			newNonFullTGDs	1748		newFullTGDs	0
nonFullTGDs	15990		fullTGDs	249			newNonFullTGDs	1758		newFullTGDs	0
nonFullTGDs	16090		fullTGDs	249			newNonFullTGDs	1750		newFullTGDs	0
nonFullTGDs	16190		fullTGDs	249			newNonFullTGDs	1752		newFullTGDs	0
nonFullTGDs	16290		fullTGDs	249			newNonFullTGDs	1741		newFullTGDs	0
nonFullTGDs	16390		fullTGDs	249			newNonFullTGDs	1738		newFullTGDs	0
nonFullTGDs	16490		fullTGDs	249			newNonFullTGDs	1795		newFullTGDs	0
nonFullTGDs	16590		fullTGDs	249			newNonFullTGDs	1792		newFullTGDs	0
nonFullTGDs	16690		fullTGDs	249			newNonFullTGDs	1789		newFullTGDs	0
nonFullTGDs	16790		fullTGDs	249			newNonFullTGDs	1787		newFullTGDs	0
nonFullTGDs	16890		fullTGDs	249			newNonFullTGDs	1782		newFullTGDs	0
nonFullTGDs	16990		fullTGDs	249			newNonFullTGDs	1789		newFullTGDs	0
Nov 30, 2021 3:10:40 AM uk.ac.ox.cs.gsat.SaturationStatistics log
INFO: # initial TGDs: 249 , 225
Nov 30, 2021 3:10:40 AM uk.ac.ox.cs.gsat.SaturationStatistics log
INFO: GSat total time : 600037 ms = 600.04 s
Nov 30, 2021 3:10:40 AM uk.ac.ox.cs.gsat.SaturationStatistics log
INFO: Subsumed elements : 118303
Nov 30, 2021 3:10:40 AM uk.ac.ox.cs.gsat.SaturationStatistics log
INFO: Filter discarded elements : 991013308
Nov 30, 2021 3:10:40 AM uk.ac.ox.cs.gsat.SaturationStatistics log
INFO: subsumption time: 226647 ms = 226.65 s
Nov 30, 2021 3:10:40 AM uk.ac.ox.cs.gsat.SaturationStatistics log
INFO: forward subsumption time: 189425 ms = 189.42 s
Nov 30, 2021 3:10:40 AM uk.ac.ox.cs.gsat.SaturationStatistics log
INFO: backward subsumption time: 37223 ms = 37.22 s
Nov 30, 2021 3:10:40 AM uk.ac.ox.cs.gsat.SaturationStatistics log
INFO: Derived full/non full TGDs: 0 , 136947
Nov 30, 2021 3:10:40 AM uk.ac.ox.cs.gsat.SaturationStatistics log
INFO: discarded tautology count: 0
Nov 30, 2021 3:10:40 AM uk.ac.ox.cs.gsat.SaturationStatistics log
INFO: !!! TIME OUT !!!
Nov 30, 2021 3:10:40 AM uk.ac.ox.cs.gsat.EvolveStatistics log
INFO: Stop because subsumed: 10
Nov 30, 2021 3:10:40 AM uk.ac.ox.cs.gsat.EvolveStatistics log
INFO: evolved equals to current: 887842
Nov 30, 2021 3:10:40 AM uk.ac.ox.cs.gsat.EvolveStatistics log
INFO: evolved time: 350962 ms = 350.96 s
Nov 30, 2021 3:10:40 AM uk.ac.ox.cs.gsat.EvolveStatistics log
INFO: evolve count: 1947203
Nov 30, 2021 3:10:40 AM uk.ac.ox.cs.gsat.AbstractSaturation run
INFO: ouptput full TGDs not contained in the input: 0
Nov 30, 2021 3:10:40 AM uk.ac.ox.cs.gsat.App executeAllSteps
INFO: Rewriting completed!
Full TGD saturation: (249 dependecies)
Nov 30, 2021 3:10:40 AM uk.ac.ox.cs.gsat.App executeAllSteps
INFO: Writing the saturation in the Datalog file 00723.rul
