Starting Saturation...
Executing from DLGP files
SLF4J: Failed to load class "org.slf4j.impl.StaticLoggerBinder".
SLF4J: Defaulting to no-operation (NOP) logger implementation
SLF4J: See http://www.slf4j.org/codes.html#StaticLoggerBinder for further details.
# Rules: 229597; # Atoms: 0; # AtomSets: 0; # Queries: 0; # Constraints: 0
Full TGD saturation algorithm: GSat
Running GSat...
Nov 30, 2021 8:19:58 AM uk.ac.ox.cs.gsat.AbstractSaturation run
INFO: GSat discarded rules : 0/229597 = 0.000%
GSat discarded rules : 0/229597 = 0.000%
Nov 30, 2021 8:20:02 AM uk.ac.ox.cs.gsat.AbstractSaturation run
INFO: Subsumption method : tree_predicate
length of the formulas: 2.4614208
number of bags: 49
length of the formulas: 2.4614208
number of bags: 49
nonFullTGDs	0		fullTGDs	170834			newNonFullTGDs	50814		newFullTGDs	0
nonFullTGDs	15		fullTGDs	170834			newNonFullTGDs	50799		newFullTGDs	59
nonFullTGDs	23		fullTGDs	170834			newNonFullTGDs	50791		newFullTGDs	113
nonFullTGDs	29		fullTGDs	170834			newNonFullTGDs	50785		newFullTGDs	175
nonFullTGDs	36		fullTGDs	170834			newNonFullTGDs	50778		newFullTGDs	233
nonFullTGDs	40		fullTGDs	170834			newNonFullTGDs	50774		newFullTGDs	283
nonFullTGDs	47		fullTGDs	170834			newNonFullTGDs	50767		newFullTGDs	329
nonFullTGDs	53		fullTGDs	170834			newNonFullTGDs	50761		newFullTGDs	375
nonFullTGDs	61		fullTGDs	170834			newNonFullTGDs	50753		newFullTGDs	436
nonFullTGDs	64		fullTGDs	170834			newNonFullTGDs	50750		newFullTGDs	483
nonFullTGDs	67		fullTGDs	170834			newNonFullTGDs	50747		newFullTGDs	524
nonFullTGDs	72		fullTGDs	170834			newNonFullTGDs	50742		newFullTGDs	569
nonFullTGDs	78		fullTGDs	170834			newNonFullTGDs	50736		newFullTGDs	637
nonFullTGDs	83		fullTGDs	170834			newNonFullTGDs	50731		newFullTGDs	709
nonFullTGDs	88		fullTGDs	170834			newNonFullTGDs	50726		newFullTGDs	740
nonFullTGDs	92		fullTGDs	170834			newNonFullTGDs	50722		newFullTGDs	762
nonFullTGDs	97		fullTGDs	170834			newNonFullTGDs	50717		newFullTGDs	819
nonFullTGDs	101		fullTGDs	170834			newNonFullTGDs	50713		newFullTGDs	872
nonFullTGDs	107		fullTGDs	170834			newNonFullTGDs	50707		newFullTGDs	929
nonFullTGDs	110		fullTGDs	170834			newNonFullTGDs	50704		newFullTGDs	975
nonFullTGDs	112		fullTGDs	170834			newNonFullTGDs	50702		newFullTGDs	1009
nonFullTGDs	115		fullTGDs	170834			newNonFullTGDs	50699		newFullTGDs	1075
nonFullTGDs	118		fullTGDs	170834			newNonFullTGDs	50696		newFullTGDs	1130
nonFullTGDs	121		fullTGDs	170834			newNonFullTGDs	50693		newFullTGDs	1184
nonFullTGDs	123		fullTGDs	170834			newNonFullTGDs	50691		newFullTGDs	1220
nonFullTGDs	126		fullTGDs	170834			newNonFullTGDs	50688		newFullTGDs	1257
nonFullTGDs	130		fullTGDs	170834			newNonFullTGDs	50684		newFullTGDs	1312
nonFullTGDs	132		fullTGDs	170834			newNonFullTGDs	50682		newFullTGDs	1345
nonFullTGDs	135		fullTGDs	170834			newNonFullTGDs	50679		newFullTGDs	1382
nonFullTGDs	138		fullTGDs	170834			newNonFullTGDs	50676		newFullTGDs	1439
nonFullTGDs	144		fullTGDs	170834			newNonFullTGDs	50670		newFullTGDs	1488
nonFullTGDs	147		fullTGDs	170834			newNonFullTGDs	50667		newFullTGDs	1534
nonFullTGDs	151		fullTGDs	170834			newNonFullTGDs	50663		newFullTGDs	1570
Nov 30, 2021 8:29:59 AM uk.ac.ox.cs.gsat.SaturationStatistics log
INFO: # initial TGDs: 170834 , 50814
Nov 30, 2021 8:29:59 AM uk.ac.ox.cs.gsat.SaturationStatistics log
INFO: GSat total time : 600692 ms = 600.69 s
Nov 30, 2021 8:29:59 AM uk.ac.ox.cs.gsat.SaturationStatistics log
INFO: Subsumed elements : 3335
Nov 30, 2021 8:29:59 AM uk.ac.ox.cs.gsat.SaturationStatistics log
INFO: Filter discarded elements : 1078790
Nov 30, 2021 8:29:59 AM uk.ac.ox.cs.gsat.SaturationStatistics log
INFO: subsumption time: 367 ms = 0.37 s
Nov 30, 2021 8:29:59 AM uk.ac.ox.cs.gsat.SaturationStatistics log
INFO: forward subsumption time: 82 ms = 0.08 s
Nov 30, 2021 8:29:59 AM uk.ac.ox.cs.gsat.SaturationStatistics log
INFO: backward subsumption time: 285 ms = 0.29 s
Nov 30, 2021 8:29:59 AM uk.ac.ox.cs.gsat.SaturationStatistics log
INFO: Derived full/non full TGDs: 1782 , 3138
Nov 30, 2021 8:29:59 AM uk.ac.ox.cs.gsat.SaturationStatistics log
INFO: discarded tautology count: 0
Nov 30, 2021 8:29:59 AM uk.ac.ox.cs.gsat.SaturationStatistics log
INFO: !!! TIME OUT !!!
Nov 30, 2021 8:29:59 AM uk.ac.ox.cs.gsat.EvolveStatistics log
INFO: Stop because subsumed: 3078
Nov 30, 2021 8:29:59 AM uk.ac.ox.cs.gsat.EvolveStatistics log
INFO: evolved equals to current: 4836
Nov 30, 2021 8:29:59 AM uk.ac.ox.cs.gsat.EvolveStatistics log
INFO: evolved time: 90011 ms = 90.01 s
Nov 30, 2021 8:29:59 AM uk.ac.ox.cs.gsat.EvolveStatistics log
INFO: evolve count: 5785412
Nov 30, 2021 8:29:59 AM uk.ac.ox.cs.gsat.AbstractSaturation run
INFO: ouptput full TGDs not contained in the input: 1585
Nov 30, 2021 8:29:59 AM uk.ac.ox.cs.gsat.App executeAllSteps
INFO: Rewriting completed!
Full TGD saturation: (172419 dependecies)
Nov 30, 2021 8:29:59 AM uk.ac.ox.cs.gsat.App executeAllSteps
INFO: Writing the saturation in the Datalog file 00760.rul
