Starting Saturation...
Executing from DLGP files
SLF4J: Failed to load class "org.slf4j.impl.StaticLoggerBinder".
SLF4J: Defaulting to no-operation (NOP) logger implementation
SLF4J: See http://www.slf4j.org/codes.html#StaticLoggerBinder for further details.
# Rules: 54555; # Atoms: 0; # AtomSets: 0; # Queries: 0; # Constraints: 0
Full TGD saturation algorithm: Skolem Sat
Running SkSat...
Dec 07, 2021 10:11:26 AM uk.ac.ox.cs.gsat.AbstractSaturation run
INFO: SkSat discarded rules : 0/54555 = 0.000%
SkSat discarded rules : 0/54555 = 0.000%
Dec 07, 2021 10:11:28 AM uk.ac.ox.cs.gsat.AbstractSaturation run
INFO: Subsumption method : tree_predicate
length of the formulas: 2.1419613
number of bags: 0
length of the formulas: 2.1419613
number of bags: 0
nonFullTGDs	0		fullTGDs	30697			newNonFullTGDs	59236		newFullTGDs	0
nonFullTGDs	100		fullTGDs	30697			newNonFullTGDs	59223		newFullTGDs	1829
nonFullTGDs	200		fullTGDs	30697			newNonFullTGDs	59217		newFullTGDs	3640
nonFullTGDs	300		fullTGDs	30697			newNonFullTGDs	59204		newFullTGDs	3640
nonFullTGDs	400		fullTGDs	30697			newNonFullTGDs	59190		newFullTGDs	3738
nonFullTGDs	500		fullTGDs	30697			newNonFullTGDs	59185		newFullTGDs	4847
nonFullTGDs	600		fullTGDs	30697			newNonFullTGDs	59185		newFullTGDs	4847
nonFullTGDs	700		fullTGDs	30697			newNonFullTGDs	59162		newFullTGDs	4847
nonFullTGDs	800		fullTGDs	30697			newNonFullTGDs	59150		newFullTGDs	6004
nonFullTGDs	900		fullTGDs	30697			newNonFullTGDs	59151		newFullTGDs	6006
nonFullTGDs	1000		fullTGDs	30697			newNonFullTGDs	59152		newFullTGDs	6006
nonFullTGDs	1100		fullTGDs	30697			newNonFullTGDs	59152		newFullTGDs	6006
nonFullTGDs	1200		fullTGDs	30697			newNonFullTGDs	59152		newFullTGDs	6006
nonFullTGDs	1300		fullTGDs	30697			newNonFullTGDs	59156		newFullTGDs	6006
nonFullTGDs	1400		fullTGDs	30697			newNonFullTGDs	59160		newFullTGDs	6006
nonFullTGDs	1500		fullTGDs	30697			newNonFullTGDs	59162		newFullTGDs	6006
nonFullTGDs	1600		fullTGDs	30697			newNonFullTGDs	59161		newFullTGDs	6006
nonFullTGDs	1700		fullTGDs	30697			newNonFullTGDs	59161		newFullTGDs	6006
nonFullTGDs	1800		fullTGDs	30697			newNonFullTGDs	59161		newFullTGDs	6006
nonFullTGDs	1900		fullTGDs	30697			newNonFullTGDs	59161		newFullTGDs	6006
nonFullTGDs	2000		fullTGDs	30697			newNonFullTGDs	59159		newFullTGDs	6006
nonFullTGDs	2100		fullTGDs	30697			newNonFullTGDs	59095		newFullTGDs	6006
nonFullTGDs	2200		fullTGDs	30697			newNonFullTGDs	59071		newFullTGDs	6006
nonFullTGDs	2300		fullTGDs	30697			newNonFullTGDs	59050		newFullTGDs	6656
nonFullTGDs	2400		fullTGDs	30697			newNonFullTGDs	59034		newFullTGDs	6775
nonFullTGDs	2500		fullTGDs	30697			newNonFullTGDs	59017		newFullTGDs	6894
nonFullTGDs	2600		fullTGDs	30697			newNonFullTGDs	59000		newFullTGDs	7006
nonFullTGDs	2700		fullTGDs	30697			newNonFullTGDs	58984		newFullTGDs	7125
nonFullTGDs	2800		fullTGDs	30697			newNonFullTGDs	58967		newFullTGDs	7244
nonFullTGDs	2900		fullTGDs	30697			newNonFullTGDs	58954		newFullTGDs	8130
nonFullTGDs	3000		fullTGDs	30697			newNonFullTGDs	58941		newFullTGDs	10361
nonFullTGDs	3100		fullTGDs	30697			newNonFullTGDs	58930		newFullTGDs	12626
nonFullTGDs	3200		fullTGDs	30697			newNonFullTGDs	58917		newFullTGDs	14188
nonFullTGDs	3300		fullTGDs	30697			newNonFullTGDs	58904		newFullTGDs	16988
nonFullTGDs	3400		fullTGDs	30697			newNonFullTGDs	58894		newFullTGDs	18211
nonFullTGDs	3500		fullTGDs	30697			newNonFullTGDs	58887		newFullTGDs	20098
nonFullTGDs	3600		fullTGDs	30697			newNonFullTGDs	58891		newFullTGDs	20098
nonFullTGDs	3700		fullTGDs	30697			newNonFullTGDs	58893		newFullTGDs	20098
nonFullTGDs	3800		fullTGDs	30697			newNonFullTGDs	58869		newFullTGDs	20098
nonFullTGDs	3900		fullTGDs	30697			newNonFullTGDs	58844		newFullTGDs	20979
nonFullTGDs	4000		fullTGDs	30697			newNonFullTGDs	58833		newFullTGDs	22158
nonFullTGDs	4100		fullTGDs	30697			newNonFullTGDs	58822		newFullTGDs	24775
nonFullTGDs	4200		fullTGDs	30697			newNonFullTGDs	58817		newFullTGDs	24775
nonFullTGDs	4300		fullTGDs	30697			newNonFullTGDs	58804		newFullTGDs	26869
nonFullTGDs	4400		fullTGDs	30697			newNonFullTGDs	58794		newFullTGDs	27908
nonFullTGDs	4500		fullTGDs	30697			newNonFullTGDs	58787		newFullTGDs	29088
nonFullTGDs	4600		fullTGDs	30697			newNonFullTGDs	58780		newFullTGDs	30531
nonFullTGDs	4700		fullTGDs	30697			newNonFullTGDs	58766		newFullTGDs	32555
nonFullTGDs	4800		fullTGDs	30697			newNonFullTGDs	58758		newFullTGDs	32555
nonFullTGDs	4900		fullTGDs	30697			newNonFullTGDs	58745		newFullTGDs	35260
nonFullTGDs	5000		fullTGDs	30697			newNonFullTGDs	58734		newFullTGDs	36527
nonFullTGDs	5100		fullTGDs	30697			newNonFullTGDs	58719		newFullTGDs	38317
nonFullTGDs	5200		fullTGDs	30697			newNonFullTGDs	58706		newFullTGDs	40123
nonFullTGDs	5300		fullTGDs	30697			newNonFullTGDs	58692		newFullTGDs	41062
nonFullTGDs	5400		fullTGDs	30697			newNonFullTGDs	58678		newFullTGDs	41786
nonFullTGDs	5500		fullTGDs	30697			newNonFullTGDs	58667		newFullTGDs	42760
nonFullTGDs	5600		fullTGDs	30697			newNonFullTGDs	58653		newFullTGDs	43807
nonFullTGDs	5700		fullTGDs	30697			newNonFullTGDs	58640		newFullTGDs	44796
nonFullTGDs	5800		fullTGDs	30697			newNonFullTGDs	58625		newFullTGDs	45448
nonFullTGDs	5900		fullTGDs	30697			newNonFullTGDs	58610		newFullTGDs	47390
nonFullTGDs	6000		fullTGDs	30697			newNonFullTGDs	58598		newFullTGDs	47993
nonFullTGDs	6100		fullTGDs	30697			newNonFullTGDs	58585		newFullTGDs	49626
nonFullTGDs	6200		fullTGDs	30697			newNonFullTGDs	58572		newFullTGDs	50291
nonFullTGDs	6300		fullTGDs	30697			newNonFullTGDs	58558		newFullTGDs	51039
nonFullTGDs	6400		fullTGDs	30697			newNonFullTGDs	58545		newFullTGDs	51904
nonFullTGDs	6500		fullTGDs	30697			newNonFullTGDs	58532		newFullTGDs	52325
nonFullTGDs	6600		fullTGDs	30697			newNonFullTGDs	58521		newFullTGDs	54546
nonFullTGDs	6700		fullTGDs	30697			newNonFullTGDs	58507		newFullTGDs	56904
nonFullTGDs	6800		fullTGDs	30697			newNonFullTGDs	58497		newFullTGDs	57104
nonFullTGDs	6900		fullTGDs	30697			newNonFullTGDs	58485		newFullTGDs	59133
nonFullTGDs	7000		fullTGDs	30697			newNonFullTGDs	58475		newFullTGDs	60345
nonFullTGDs	7100		fullTGDs	30697			newNonFullTGDs	58467		newFullTGDs	60731
nonFullTGDs	7200		fullTGDs	30697			newNonFullTGDs	58453		newFullTGDs	63241
nonFullTGDs	7300		fullTGDs	30697			newNonFullTGDs	58439		newFullTGDs	64454
nonFullTGDs	7400		fullTGDs	30697			newNonFullTGDs	58428		newFullTGDs	66245
nonFullTGDs	7500		fullTGDs	30697			newNonFullTGDs	58416		newFullTGDs	69703
nonFullTGDs	7600		fullTGDs	30697			newNonFullTGDs	58403		newFullTGDs	71440
nonFullTGDs	7700		fullTGDs	30697			newNonFullTGDs	58394		newFullTGDs	73216
nonFullTGDs	7800		fullTGDs	30697			newNonFullTGDs	58381		newFullTGDs	73998
nonFullTGDs	7900		fullTGDs	30697			newNonFullTGDs	58368		newFullTGDs	74823
nonFullTGDs	8000		fullTGDs	30697			newNonFullTGDs	58356		newFullTGDs	76206
nonFullTGDs	8100		fullTGDs	30697			newNonFullTGDs	58345		newFullTGDs	76520
nonFullTGDs	8200		fullTGDs	30697			newNonFullTGDs	58335		newFullTGDs	77263
nonFullTGDs	8300		fullTGDs	30697			newNonFullTGDs	58324		newFullTGDs	80011
nonFullTGDs	8400		fullTGDs	30697			newNonFullTGDs	58319		newFullTGDs	80605
nonFullTGDs	8500		fullTGDs	30697			newNonFullTGDs	58303		newFullTGDs	81504
nonFullTGDs	8600		fullTGDs	30697			newNonFullTGDs	58296		newFullTGDs	82228
nonFullTGDs	8700		fullTGDs	30697			newNonFullTGDs	58281		newFullTGDs	83849
nonFullTGDs	8800		fullTGDs	30697			newNonFullTGDs	58270		newFullTGDs	84031
nonFullTGDs	8900		fullTGDs	30697			newNonFullTGDs	58256		newFullTGDs	85118
nonFullTGDs	9000		fullTGDs	30697			newNonFullTGDs	58245		newFullTGDs	88557
nonFullTGDs	9100		fullTGDs	30697			newNonFullTGDs	58233		newFullTGDs	88762
nonFullTGDs	9200		fullTGDs	30697			newNonFullTGDs	58222		newFullTGDs	88958
nonFullTGDs	9300		fullTGDs	30697			newNonFullTGDs	58210		newFullTGDs	89617
nonFullTGDs	9400		fullTGDs	30697			newNonFullTGDs	58200		newFullTGDs	91767
nonFullTGDs	9500		fullTGDs	30697			newNonFullTGDs	58188		newFullTGDs	93886
nonFullTGDs	9600		fullTGDs	30697			newNonFullTGDs	58177		newFullTGDs	95417
nonFullTGDs	9700		fullTGDs	30697			newNonFullTGDs	58164		newFullTGDs	95985
nonFullTGDs	9800		fullTGDs	30697			newNonFullTGDs	58153		newFullTGDs	96717
nonFullTGDs	9900		fullTGDs	30697			newNonFullTGDs	58141		newFullTGDs	97296
nonFullTGDs	10000		fullTGDs	30697			newNonFullTGDs	58131		newFullTGDs	98011
nonFullTGDs	10100		fullTGDs	30697			newNonFullTGDs	58120		newFullTGDs	100927
nonFullTGDs	10200		fullTGDs	30697			newNonFullTGDs	58108		newFullTGDs	100927
nonFullTGDs	10300		fullTGDs	30697			newNonFullTGDs	58096		newFullTGDs	105030
nonFullTGDs	10400		fullTGDs	30697			newNonFullTGDs	58083		newFullTGDs	107146
nonFullTGDs	10500		fullTGDs	30697			newNonFullTGDs	58071		newFullTGDs	108857
nonFullTGDs	10600		fullTGDs	30697			newNonFullTGDs	58059		newFullTGDs	110144
nonFullTGDs	10700		fullTGDs	30697			newNonFullTGDs	58048		newFullTGDs	110399
nonFullTGDs	10800		fullTGDs	30697			newNonFullTGDs	58036		newFullTGDs	110571
nonFullTGDs	10900		fullTGDs	30697			newNonFullTGDs	58025		newFullTGDs	110749
nonFullTGDs	11000		fullTGDs	30697			newNonFullTGDs	58014		newFullTGDs	110983
nonFullTGDs	11100		fullTGDs	30697			newNonFullTGDs	58002		newFullTGDs	111217
nonFullTGDs	11200		fullTGDs	30697			newNonFullTGDs	57993		newFullTGDs	111373
nonFullTGDs	11300		fullTGDs	30697			newNonFullTGDs	57980		newFullTGDs	113628
nonFullTGDs	11400		fullTGDs	30697			newNonFullTGDs	57968		newFullTGDs	114615
nonFullTGDs	11500		fullTGDs	30697			newNonFullTGDs	57952		newFullTGDs	117358
nonFullTGDs	11600		fullTGDs	30697			newNonFullTGDs	57945		newFullTGDs	118500
nonFullTGDs	11700		fullTGDs	30697			newNonFullTGDs	57936		newFullTGDs	120018
nonFullTGDs	11800		fullTGDs	30697			newNonFullTGDs	57924		newFullTGDs	121096
nonFullTGDs	11900		fullTGDs	30697			newNonFullTGDs	57915		newFullTGDs	121104
nonFullTGDs	12000		fullTGDs	30697			newNonFullTGDs	57904		newFullTGDs	123764
nonFullTGDs	12100		fullTGDs	30697			newNonFullTGDs	57897		newFullTGDs	123764
nonFullTGDs	12200		fullTGDs	30697			newNonFullTGDs	57884		newFullTGDs	126811
nonFullTGDs	12300		fullTGDs	30697			newNonFullTGDs	57878		newFullTGDs	127858
nonFullTGDs	12400		fullTGDs	30697			newNonFullTGDs	57868		newFullTGDs	127858
nonFullTGDs	12500		fullTGDs	30697			newNonFullTGDs	57855		newFullTGDs	129973
nonFullTGDs	12600		fullTGDs	30697			newNonFullTGDs	57845		newFullTGDs	132981
nonFullTGDs	12700		fullTGDs	30697			newNonFullTGDs	57835		newFullTGDs	135604
nonFullTGDs	12800		fullTGDs	30697			newNonFullTGDs	57825		newFullTGDs	140086
nonFullTGDs	12900		fullTGDs	30697			newNonFullTGDs	57813		newFullTGDs	141079
nonFullTGDs	13000		fullTGDs	30697			newNonFullTGDs	57801		newFullTGDs	142441
nonFullTGDs	13100		fullTGDs	30697			newNonFullTGDs	57791		newFullTGDs	143139
nonFullTGDs	13200		fullTGDs	30697			newNonFullTGDs	57775		newFullTGDs	145037
nonFullTGDs	13300		fullTGDs	30697			newNonFullTGDs	57763		newFullTGDs	146401
nonFullTGDs	13400		fullTGDs	30697			newNonFullTGDs	57750		newFullTGDs	147465
nonFullTGDs	13500		fullTGDs	30697			newNonFullTGDs	57741		newFullTGDs	150664
nonFullTGDs	13600		fullTGDs	30697			newNonFullTGDs	57729		newFullTGDs	151278
nonFullTGDs	13700		fullTGDs	30697			newNonFullTGDs	57716		newFullTGDs	153610
nonFullTGDs	13800		fullTGDs	30697			newNonFullTGDs	57718		newFullTGDs	153610
nonFullTGDs	13900		fullTGDs	30697			newNonFullTGDs	57697		newFullTGDs	154227
nonFullTGDs	14000		fullTGDs	30697			newNonFullTGDs	57684		newFullTGDs	155633
nonFullTGDs	14100		fullTGDs	30697			newNonFullTGDs	57672		newFullTGDs	157608
nonFullTGDs	14200		fullTGDs	30697			newNonFullTGDs	57661		newFullTGDs	159445
nonFullTGDs	14300		fullTGDs	30697			newNonFullTGDs	57650		newFullTGDs	163826
nonFullTGDs	14400		fullTGDs	30697			newNonFullTGDs	57637		newFullTGDs	166110
nonFullTGDs	14500		fullTGDs	30697			newNonFullTGDs	57624		newFullTGDs	169452
nonFullTGDs	14600		fullTGDs	30697			newNonFullTGDs	57613		newFullTGDs	170869
nonFullTGDs	14700		fullTGDs	30697			newNonFullTGDs	57601		newFullTGDs	172024
nonFullTGDs	14800		fullTGDs	30697			newNonFullTGDs	57589		newFullTGDs	172973
nonFullTGDs	14900		fullTGDs	30697			newNonFullTGDs	57574		newFullTGDs	175764
nonFullTGDs	15000		fullTGDs	30697			newNonFullTGDs	57561		newFullTGDs	175924
nonFullTGDs	15100		fullTGDs	30697			newNonFullTGDs	57551		newFullTGDs	176397
nonFullTGDs	15200		fullTGDs	30697			newNonFullTGDs	57539		newFullTGDs	178625
nonFullTGDs	15300		fullTGDs	30697			newNonFullTGDs	57527		newFullTGDs	180355
nonFullTGDs	15400		fullTGDs	30697			newNonFullTGDs	57515		newFullTGDs	180861
nonFullTGDs	15500		fullTGDs	30697			newNonFullTGDs	57502		newFullTGDs	182811
nonFullTGDs	15600		fullTGDs	30697			newNonFullTGDs	57489		newFullTGDs	184805
nonFullTGDs	15700		fullTGDs	30697			newNonFullTGDs	57478		newFullTGDs	184903
nonFullTGDs	15800		fullTGDs	30697			newNonFullTGDs	57465		newFullTGDs	187126
nonFullTGDs	15900		fullTGDs	30697			newNonFullTGDs	57455		newFullTGDs	188369
nonFullTGDs	16000		fullTGDs	30697			newNonFullTGDs	57441		newFullTGDs	190466
nonFullTGDs	16100		fullTGDs	30697			newNonFullTGDs	57428		newFullTGDs	192333
nonFullTGDs	16200		fullTGDs	30697			newNonFullTGDs	57416		newFullTGDs	195101
nonFullTGDs	16300		fullTGDs	30697			newNonFullTGDs	57402		newFullTGDs	198242
nonFullTGDs	16400		fullTGDs	30697			newNonFullTGDs	57391		newFullTGDs	199425
nonFullTGDs	16500		fullTGDs	30697			newNonFullTGDs	57379		newFullTGDs	200747
nonFullTGDs	16600		fullTGDs	30697			newNonFullTGDs	57364		newFullTGDs	204864
nonFullTGDs	16700		fullTGDs	30697			newNonFullTGDs	57354		newFullTGDs	206937
nonFullTGDs	16800		fullTGDs	30697			newNonFullTGDs	57341		newFullTGDs	209935
nonFullTGDs	16900		fullTGDs	30697			newNonFullTGDs	57328		newFullTGDs	210784
nonFullTGDs	17000		fullTGDs	30697			newNonFullTGDs	57317		newFullTGDs	214224
nonFullTGDs	17100		fullTGDs	30697			newNonFullTGDs	57306		newFullTGDs	215995
nonFullTGDs	17200		fullTGDs	30697			newNonFullTGDs	57290		newFullTGDs	216835
nonFullTGDs	17300		fullTGDs	30697			newNonFullTGDs	57278		newFullTGDs	217153
nonFullTGDs	17400		fullTGDs	30697			newNonFullTGDs	57268		newFullTGDs	220977
nonFullTGDs	17500		fullTGDs	30697			newNonFullTGDs	57259		newFullTGDs	222363
nonFullTGDs	17600		fullTGDs	30697			newNonFullTGDs	57245		newFullTGDs	227982
nonFullTGDs	17700		fullTGDs	30697			newNonFullTGDs	57235		newFullTGDs	231092
nonFullTGDs	17800		fullTGDs	30697			newNonFullTGDs	57224		newFullTGDs	233154
nonFullTGDs	17900		fullTGDs	30697			newNonFullTGDs	57210		newFullTGDs	236236
nonFullTGDs	18000		fullTGDs	30697			newNonFullTGDs	57198		newFullTGDs	236310
nonFullTGDs	18100		fullTGDs	30697			newNonFullTGDs	57186		newFullTGDs	236974
nonFullTGDs	18200		fullTGDs	30697			newNonFullTGDs	57173		newFullTGDs	237378
nonFullTGDs	18300		fullTGDs	30697			newNonFullTGDs	57164		newFullTGDs	238881
nonFullTGDs	18400		fullTGDs	30697			newNonFullTGDs	57151		newFullTGDs	241399
nonFullTGDs	18500		fullTGDs	30697			newNonFullTGDs	57138		newFullTGDs	243543
nonFullTGDs	18600		fullTGDs	30697			newNonFullTGDs	57124		newFullTGDs	244613
nonFullTGDs	18700		fullTGDs	30697			newNonFullTGDs	57110		newFullTGDs	245938
nonFullTGDs	18800		fullTGDs	30697			newNonFullTGDs	57098		newFullTGDs	247151
nonFullTGDs	18900		fullTGDs	30697			newNonFullTGDs	57090		newFullTGDs	248184
nonFullTGDs	19000		fullTGDs	30697			newNonFullTGDs	57079		newFullTGDs	249553
nonFullTGDs	19100		fullTGDs	30697			newNonFullTGDs	57065		newFullTGDs	252988
nonFullTGDs	19200		fullTGDs	30697			newNonFullTGDs	57052		newFullTGDs	254151
nonFullTGDs	19300		fullTGDs	30697			newNonFullTGDs	57043		newFullTGDs	254790
nonFullTGDs	19400		fullTGDs	30697			newNonFullTGDs	57032		newFullTGDs	257864
nonFullTGDs	19500		fullTGDs	30697			newNonFullTGDs	57018		newFullTGDs	259704
nonFullTGDs	19600		fullTGDs	30697			newNonFullTGDs	57008		newFullTGDs	263974
nonFullTGDs	19700		fullTGDs	30697			newNonFullTGDs	56996		newFullTGDs	265588
nonFullTGDs	19800		fullTGDs	30697			newNonFullTGDs	56986		newFullTGDs	267490
nonFullTGDs	19900		fullTGDs	30697			newNonFullTGDs	56974		newFullTGDs	268659
nonFullTGDs	20000		fullTGDs	30697			newNonFullTGDs	56963		newFullTGDs	269190
nonFullTGDs	20100		fullTGDs	30697			newNonFullTGDs	56949		newFullTGDs	269737
nonFullTGDs	20200		fullTGDs	30697			newNonFullTGDs	56936		newFullTGDs	270760
nonFullTGDs	20300		fullTGDs	30697			newNonFullTGDs	56925		newFullTGDs	271768
nonFullTGDs	20400		fullTGDs	30697			newNonFullTGDs	56914		newFullTGDs	271998
nonFullTGDs	20500		fullTGDs	30697			newNonFullTGDs	56906		newFullTGDs	273612
nonFullTGDs	20600		fullTGDs	30697			newNonFullTGDs	56896		newFullTGDs	274839
nonFullTGDs	20700		fullTGDs	30697			newNonFullTGDs	56880		newFullTGDs	278727
nonFullTGDs	20800		fullTGDs	30697			newNonFullTGDs	56869		newFullTGDs	279958
nonFullTGDs	20900		fullTGDs	30697			newNonFullTGDs	56858		newFullTGDs	280292
nonFullTGDs	21000		fullTGDs	30697			newNonFullTGDs	56847		newFullTGDs	285202
nonFullTGDs	21100		fullTGDs	30697			newNonFullTGDs	56836		newFullTGDs	288839
nonFullTGDs	21200		fullTGDs	30697			newNonFullTGDs	56824		newFullTGDs	290859
nonFullTGDs	21300		fullTGDs	30697			newNonFullTGDs	56812		newFullTGDs	293124
nonFullTGDs	21400		fullTGDs	30697			newNonFullTGDs	56800		newFullTGDs	295906
nonFullTGDs	21500		fullTGDs	30697			newNonFullTGDs	56794		newFullTGDs	296188
nonFullTGDs	21600		fullTGDs	30697			newNonFullTGDs	56783		newFullTGDs	296208
nonFullTGDs	21700		fullTGDs	30697			newNonFullTGDs	56772		newFullTGDs	298052
nonFullTGDs	21800		fullTGDs	30697			newNonFullTGDs	56759		newFullTGDs	299973
nonFullTGDs	21900		fullTGDs	30697			newNonFullTGDs	56748		newFullTGDs	302899
Dec 07, 2021 10:21:28 AM uk.ac.ox.cs.gsat.SaturationStatistics log
INFO: # initial TGDs: 30697 , 59236
Dec 07, 2021 10:21:28 AM uk.ac.ox.cs.gsat.SaturationStatistics log
INFO: SkSat total time : 601203 ms = 601.20 s
Dec 07, 2021 10:21:28 AM uk.ac.ox.cs.gsat.SaturationStatistics log
INFO: Subsumed elements : 1662
Dec 07, 2021 10:21:28 AM uk.ac.ox.cs.gsat.SaturationStatistics log
INFO: Filter discarded elements : 228086
Dec 07, 2021 10:21:28 AM uk.ac.ox.cs.gsat.SaturationStatistics log
INFO: subsumption time: 586113 ms = 586.11 s
Dec 07, 2021 10:21:28 AM uk.ac.ox.cs.gsat.SaturationStatistics log
INFO: forward subsumption time: 2081 ms = 2.08 s
Dec 07, 2021 10:21:28 AM uk.ac.ox.cs.gsat.SaturationStatistics log
INFO: backward subsumption time: 584031 ms = 584.03 s
Dec 07, 2021 10:21:28 AM uk.ac.ox.cs.gsat.SaturationStatistics log
INFO: Derived full/non full TGDs: 303473 , 21061
Dec 07, 2021 10:21:28 AM uk.ac.ox.cs.gsat.SaturationStatistics log
INFO: discarded tautology count: 196
Dec 07, 2021 10:21:28 AM uk.ac.ox.cs.gsat.SaturationStatistics log
INFO: !!! TIME OUT !!!
Dec 07, 2021 10:21:28 AM uk.ac.ox.cs.gsat.EvolveStatistics log
INFO: Stop because subsumed: 0
Dec 07, 2021 10:21:28 AM uk.ac.ox.cs.gsat.EvolveStatistics log
INFO: evolved equals to current: 0
Dec 07, 2021 10:21:28 AM uk.ac.ox.cs.gsat.EvolveStatistics log
INFO: evolved time: 3072 ms = 3.07 s
Dec 07, 2021 10:21:28 AM uk.ac.ox.cs.gsat.EvolveStatistics log
INFO: evolve count: 327207
Dec 07, 2021 10:21:28 AM uk.ac.ox.cs.gsat.SkolemStatistics log
INFO: maximum number of Skolem atoms in body: 2
Dec 07, 2021 10:21:28 AM uk.ac.ox.cs.gsat.SkolemStatistics log
INFO: left derived TGD with Skolem in the body: 0
Dec 07, 2021 10:21:28 AM uk.ac.ox.cs.gsat.SkolemStatistics log
INFO: right derived TGD with Skolem in the body: 303473
Dec 07, 2021 10:21:28 AM uk.ac.ox.cs.gsat.SkolemStatistics log
INFO: derived TGD with more than two Skolem atoms in the body: 100199
Dec 07, 2021 10:21:28 AM uk.ac.ox.cs.gsat.AbstractSaturation run
INFO: ouptput full TGDs not contained in the input: 0
Dec 07, 2021 10:21:28 AM uk.ac.ox.cs.gsat.App executeAllSteps
INFO: Rewriting completed!
Full TGD saturation: (30697 dependecies)
Dec 07, 2021 10:21:28 AM uk.ac.ox.cs.gsat.App executeAllSteps
INFO: Writing the saturation in the Datalog file 00026.rul
