Starting Saturation...
Executing from DLGP files
SLF4J: Failed to load class "org.slf4j.impl.StaticLoggerBinder".
SLF4J: Defaulting to no-operation (NOP) logger implementation
SLF4J: See http://www.slf4j.org/codes.html#StaticLoggerBinder for further details.
# Rules: 1316; # Atoms: 0; # AtomSets: 0; # Queries: 0; # Constraints: 0
Full TGD saturation algorithm: Skolem Sat
Running SkSat...
Dec 07, 2021 10:10:55 AM uk.ac.ox.cs.gsat.AbstractSaturation run
INFO: SkSat discarded rules : 0/1316 = 0.000%
SkSat discarded rules : 0/1316 = 0.000%
Dec 07, 2021 10:10:55 AM uk.ac.ox.cs.gsat.AbstractSaturation run
INFO: Subsumption method : tree_predicate
length of the formulas: 2.038298
number of bags: 0
length of the formulas: 2.038298
number of bags: 0
nonFullTGDs	0		fullTGDs	1192			newNonFullTGDs	218		newFullTGDs	0
nonFullTGDs	100		fullTGDs	1192			newNonFullTGDs	218		newFullTGDs	41
nonFullTGDs	200		fullTGDs	1192			newNonFullTGDs	212		newFullTGDs	93
nonFullTGDs	300		fullTGDs	1192			newNonFullTGDs	214		newFullTGDs	149
nonFullTGDs	400		fullTGDs	1192			newNonFullTGDs	211		newFullTGDs	221
nonFullTGDs	500		fullTGDs	1192			newNonFullTGDs	198		newFullTGDs	279
nonFullTGDs	600		fullTGDs	1192			newNonFullTGDs	209		newFullTGDs	317
nonFullTGDs	700		fullTGDs	1192			newNonFullTGDs	198		newFullTGDs	408
nonFullTGDs	800		fullTGDs	1192			newNonFullTGDs	211		newFullTGDs	465
nonFullTGDs	900		fullTGDs	1192			newNonFullTGDs	229		newFullTGDs	519
nonFullTGDs	1000		fullTGDs	1192			newNonFullTGDs	237		newFullTGDs	565
nonFullTGDs	1100		fullTGDs	1190			newNonFullTGDs	218		newFullTGDs	644
nonFullTGDs	1200		fullTGDs	1190			newNonFullTGDs	209		newFullTGDs	706
nonFullTGDs	1300		fullTGDs	1190			newNonFullTGDs	194		newFullTGDs	785
nonFullTGDs	1400		fullTGDs	1190			newNonFullTGDs	187		newFullTGDs	845
nonFullTGDs	1500		fullTGDs	1190			newNonFullTGDs	178		newFullTGDs	893
nonFullTGDs	1600		fullTGDs	1190			newNonFullTGDs	177		newFullTGDs	933
nonFullTGDs	1700		fullTGDs	1190			newNonFullTGDs	140		newFullTGDs	961
nonFullTGDs	1800		fullTGDs	1190			newNonFullTGDs	102		newFullTGDs	970
nonFullTGDs	1900		fullTGDs	1190			newNonFullTGDs	61		newFullTGDs	991
nonFullTGDs	2000		fullTGDs	1190			newNonFullTGDs	10		newFullTGDs	994
nonFullTGDs	2039		fullTGDs	1251			newNonFullTGDs	0		newFullTGDs	948
nonFullTGDs	2067		fullTGDs	1323			newNonFullTGDs	0		newFullTGDs	876
nonFullTGDs	2069		fullTGDs	1406			newNonFullTGDs	0		newFullTGDs	800
nonFullTGDs	2069		fullTGDs	1504			newNonFullTGDs	0		newFullTGDs	702
nonFullTGDs	2069		fullTGDs	1604			newNonFullTGDs	0		newFullTGDs	602
nonFullTGDs	2069		fullTGDs	1703			newNonFullTGDs	0		newFullTGDs	503
nonFullTGDs	2069		fullTGDs	1803			newNonFullTGDs	0		newFullTGDs	403
nonFullTGDs	2068		fullTGDs	1897			newNonFullTGDs	0		newFullTGDs	308
nonFullTGDs	2068		fullTGDs	1990			newNonFullTGDs	0		newFullTGDs	214
nonFullTGDs	2068		fullTGDs	2082			newNonFullTGDs	0		newFullTGDs	121
nonFullTGDs	2068		fullTGDs	2180			newNonFullTGDs	0		newFullTGDs	58
nonFullTGDs	2068		fullTGDs	2257			newNonFullTGDs	0		newFullTGDs	8
Dec 07, 2021 10:10:56 AM uk.ac.ox.cs.gsat.SaturationStatistics log
INFO: # initial TGDs: 1192 , 218
Dec 07, 2021 10:10:56 AM uk.ac.ox.cs.gsat.SaturationStatistics log
INFO: SkSat total time : 521 ms = 0.52 s
Dec 07, 2021 10:10:56 AM uk.ac.ox.cs.gsat.SaturationStatistics log
INFO: Subsumed elements : 3246
Dec 07, 2021 10:10:56 AM uk.ac.ox.cs.gsat.SaturationStatistics log
INFO: Filter discarded elements : 39
Dec 07, 2021 10:10:56 AM uk.ac.ox.cs.gsat.SaturationStatistics log
INFO: subsumption time: 155 ms = 0.15 s
Dec 07, 2021 10:10:56 AM uk.ac.ox.cs.gsat.SaturationStatistics log
INFO: forward subsumption time: 59 ms = 0.06 s
Dec 07, 2021 10:10:56 AM uk.ac.ox.cs.gsat.SaturationStatistics log
INFO: backward subsumption time: 95 ms = 0.10 s
Dec 07, 2021 10:10:56 AM uk.ac.ox.cs.gsat.SaturationStatistics log
INFO: Derived full/non full TGDs: 1761 , 4459
Dec 07, 2021 10:10:56 AM uk.ac.ox.cs.gsat.SaturationStatistics log
INFO: discarded tautology count: 51
Dec 07, 2021 10:10:56 AM uk.ac.ox.cs.gsat.EvolveStatistics log
INFO: Stop because subsumed: 201
Dec 07, 2021 10:10:56 AM uk.ac.ox.cs.gsat.EvolveStatistics log
INFO: evolved equals to current: 0
Dec 07, 2021 10:10:56 AM uk.ac.ox.cs.gsat.EvolveStatistics log
INFO: evolved time: 105 ms = 0.10 s
Dec 07, 2021 10:10:56 AM uk.ac.ox.cs.gsat.EvolveStatistics log
INFO: evolve count: 6229
Dec 07, 2021 10:10:56 AM uk.ac.ox.cs.gsat.SkolemStatistics log
INFO: maximum number of Skolem atoms in body: 2
Dec 07, 2021 10:10:56 AM uk.ac.ox.cs.gsat.SkolemStatistics log
INFO: left derived TGD with Skolem in the body: 0
Dec 07, 2021 10:10:56 AM uk.ac.ox.cs.gsat.SkolemStatistics log
INFO: right derived TGD with Skolem in the body: 1049
Dec 07, 2021 10:10:56 AM uk.ac.ox.cs.gsat.SkolemStatistics log
INFO: derived TGD with more than two Skolem atoms in the body: 30
Dec 07, 2021 10:10:56 AM uk.ac.ox.cs.gsat.AbstractSaturation run
INFO: ouptput full TGDs not contained in the input: 154
Dec 07, 2021 10:10:56 AM uk.ac.ox.cs.gsat.App executeAllSteps
INFO: Rewriting completed!
Full TGD saturation: (1344 dependecies)
Dec 07, 2021 10:10:56 AM uk.ac.ox.cs.gsat.App executeAllSteps
INFO: Writing the saturation in the Datalog file 00021.rul
