Starting Saturation...
Executing from DLGP files
SLF4J: Failed to load class "org.slf4j.impl.StaticLoggerBinder".
SLF4J: Defaulting to no-operation (NOP) logger implementation
SLF4J: See http://www.slf4j.org/codes.html#StaticLoggerBinder for further details.
# Rules: 1966; # Atoms: 0; # AtomSets: 0; # Queries: 0; # Constraints: 0
Full TGD saturation algorithm: Skolem Sat
Running SkSat...
Dec 07, 2021 2:54:27 PM uk.ac.ox.cs.gsat.AbstractSaturation run
INFO: SkSat discarded rules : 0/1966 = 0.000%
SkSat discarded rules : 0/1966 = 0.000%
Dec 07, 2021 2:54:28 PM uk.ac.ox.cs.gsat.AbstractSaturation run
INFO: Subsumption method : tree_predicate
length of the formulas: 2.4884162
number of bags: 0
length of the formulas: 2.4884162
number of bags: 0
nonFullTGDs	0		fullTGDs	1297			newNonFullTGDs	1336		newFullTGDs	0
nonFullTGDs	100		fullTGDs	1297			newNonFullTGDs	1236		newFullTGDs	3604
nonFullTGDs	200		fullTGDs	1297			newNonFullTGDs	1136		newFullTGDs	9629
nonFullTGDs	300		fullTGDs	1297			newNonFullTGDs	1036		newFullTGDs	11903
nonFullTGDs	400		fullTGDs	1297			newNonFullTGDs	936		newFullTGDs	14437
nonFullTGDs	500		fullTGDs	1297			newNonFullTGDs	836		newFullTGDs	18258
nonFullTGDs	600		fullTGDs	1297			newNonFullTGDs	736		newFullTGDs	22101
nonFullTGDs	700		fullTGDs	1297			newNonFullTGDs	636		newFullTGDs	27841
nonFullTGDs	800		fullTGDs	1297			newNonFullTGDs	536		newFullTGDs	32134
nonFullTGDs	900		fullTGDs	1297			newNonFullTGDs	436		newFullTGDs	36162
nonFullTGDs	1000		fullTGDs	1297			newNonFullTGDs	336		newFullTGDs	39969
nonFullTGDs	1100		fullTGDs	1297			newNonFullTGDs	236		newFullTGDs	45215
nonFullTGDs	1200		fullTGDs	1297			newNonFullTGDs	136		newFullTGDs	50629
nonFullTGDs	1300		fullTGDs	1297			newNonFullTGDs	36		newFullTGDs	55222
nonFullTGDs	1336		fullTGDs	1361			newNonFullTGDs	0		newFullTGDs	56885
nonFullTGDs	1336		fullTGDs	1461			newNonFullTGDs	0		newFullTGDs	56785
nonFullTGDs	1336		fullTGDs	1561			newNonFullTGDs	0		newFullTGDs	56685
nonFullTGDs	1336		fullTGDs	1660			newNonFullTGDs	0		newFullTGDs	56586
nonFullTGDs	1336		fullTGDs	1759			newNonFullTGDs	0		newFullTGDs	56487
nonFullTGDs	1336		fullTGDs	1859			newNonFullTGDs	0		newFullTGDs	56387
nonFullTGDs	1336		fullTGDs	1955			newNonFullTGDs	0		newFullTGDs	56291
nonFullTGDs	1336		fullTGDs	2055			newNonFullTGDs	0		newFullTGDs	56191
nonFullTGDs	1336		fullTGDs	2155			newNonFullTGDs	0		newFullTGDs	56091
nonFullTGDs	1336		fullTGDs	2255			newNonFullTGDs	0		newFullTGDs	55991
nonFullTGDs	1336		fullTGDs	2355			newNonFullTGDs	0		newFullTGDs	55891
nonFullTGDs	1336		fullTGDs	2454			newNonFullTGDs	0		newFullTGDs	55792
nonFullTGDs	1336		fullTGDs	2551			newNonFullTGDs	0		newFullTGDs	55695
nonFullTGDs	1336		fullTGDs	2642			newNonFullTGDs	0		newFullTGDs	55604
nonFullTGDs	1336		fullTGDs	2736			newNonFullTGDs	0		newFullTGDs	55510
nonFullTGDs	1336		fullTGDs	2835			newNonFullTGDs	0		newFullTGDs	55411
nonFullTGDs	1336		fullTGDs	2932			newNonFullTGDs	0		newFullTGDs	55314
nonFullTGDs	1336		fullTGDs	3032			newNonFullTGDs	0		newFullTGDs	55214
nonFullTGDs	1336		fullTGDs	3132			newNonFullTGDs	0		newFullTGDs	55114
nonFullTGDs	1336		fullTGDs	3232			newNonFullTGDs	0		newFullTGDs	55014
nonFullTGDs	1336		fullTGDs	3332			newNonFullTGDs	0		newFullTGDs	54914
nonFullTGDs	1336		fullTGDs	3432			newNonFullTGDs	0		newFullTGDs	54814
nonFullTGDs	1336		fullTGDs	3532			newNonFullTGDs	0		newFullTGDs	54714
nonFullTGDs	1336		fullTGDs	3632			newNonFullTGDs	0		newFullTGDs	54614
nonFullTGDs	1336		fullTGDs	3732			newNonFullTGDs	0		newFullTGDs	54514
nonFullTGDs	1336		fullTGDs	3832			newNonFullTGDs	0		newFullTGDs	54414
nonFullTGDs	1336		fullTGDs	3932			newNonFullTGDs	0		newFullTGDs	54314
nonFullTGDs	1336		fullTGDs	4031			newNonFullTGDs	0		newFullTGDs	54215
nonFullTGDs	1336		fullTGDs	4131			newNonFullTGDs	0		newFullTGDs	54115
nonFullTGDs	1336		fullTGDs	4231			newNonFullTGDs	0		newFullTGDs	54015
nonFullTGDs	1336		fullTGDs	4331			newNonFullTGDs	0		newFullTGDs	53915
nonFullTGDs	1336		fullTGDs	4431			newNonFullTGDs	0		newFullTGDs	53815
nonFullTGDs	1336		fullTGDs	4531			newNonFullTGDs	0		newFullTGDs	53715
nonFullTGDs	1336		fullTGDs	4630			newNonFullTGDs	0		newFullTGDs	53616
nonFullTGDs	1336		fullTGDs	4728			newNonFullTGDs	0		newFullTGDs	53518
nonFullTGDs	1336		fullTGDs	4825			newNonFullTGDs	0		newFullTGDs	53421
nonFullTGDs	1336		fullTGDs	4923			newNonFullTGDs	0		newFullTGDs	53323
nonFullTGDs	1336		fullTGDs	5023			newNonFullTGDs	0		newFullTGDs	53223
nonFullTGDs	1336		fullTGDs	5123			newNonFullTGDs	0		newFullTGDs	53123
nonFullTGDs	1336		fullTGDs	5223			newNonFullTGDs	0		newFullTGDs	53023
nonFullTGDs	1336		fullTGDs	5323			newNonFullTGDs	0		newFullTGDs	52923
nonFullTGDs	1336		fullTGDs	5423			newNonFullTGDs	0		newFullTGDs	52823
nonFullTGDs	1336		fullTGDs	5523			newNonFullTGDs	0		newFullTGDs	52723
nonFullTGDs	1336		fullTGDs	5623			newNonFullTGDs	0		newFullTGDs	52623
nonFullTGDs	1336		fullTGDs	5723			newNonFullTGDs	0		newFullTGDs	52523
nonFullTGDs	1336		fullTGDs	5823			newNonFullTGDs	0		newFullTGDs	52423
nonFullTGDs	1336		fullTGDs	5923			newNonFullTGDs	0		newFullTGDs	52323
nonFullTGDs	1336		fullTGDs	6023			newNonFullTGDs	0		newFullTGDs	52223
nonFullTGDs	1336		fullTGDs	6123			newNonFullTGDs	0		newFullTGDs	52123
nonFullTGDs	1336		fullTGDs	6223			newNonFullTGDs	0		newFullTGDs	52023
nonFullTGDs	1336		fullTGDs	6323			newNonFullTGDs	0		newFullTGDs	51923
nonFullTGDs	1336		fullTGDs	6423			newNonFullTGDs	0		newFullTGDs	51823
nonFullTGDs	1336		fullTGDs	6523			newNonFullTGDs	0		newFullTGDs	51723
nonFullTGDs	1336		fullTGDs	6623			newNonFullTGDs	0		newFullTGDs	51623
nonFullTGDs	1336		fullTGDs	6723			newNonFullTGDs	0		newFullTGDs	51523
nonFullTGDs	1336		fullTGDs	6823			newNonFullTGDs	0		newFullTGDs	51423
nonFullTGDs	1336		fullTGDs	6923			newNonFullTGDs	0		newFullTGDs	51323
nonFullTGDs	1336		fullTGDs	7022			newNonFullTGDs	0		newFullTGDs	51224
nonFullTGDs	1336		fullTGDs	7121			newNonFullTGDs	0		newFullTGDs	51125
nonFullTGDs	1336		fullTGDs	7221			newNonFullTGDs	0		newFullTGDs	51025
nonFullTGDs	1336		fullTGDs	7319			newNonFullTGDs	0		newFullTGDs	50927
nonFullTGDs	1336		fullTGDs	7417			newNonFullTGDs	0		newFullTGDs	50829
nonFullTGDs	1336		fullTGDs	7517			newNonFullTGDs	0		newFullTGDs	50729
nonFullTGDs	1336		fullTGDs	7617			newNonFullTGDs	0		newFullTGDs	50629
nonFullTGDs	1336		fullTGDs	7717			newNonFullTGDs	0		newFullTGDs	50529
nonFullTGDs	1336		fullTGDs	7817			newNonFullTGDs	0		newFullTGDs	50429
nonFullTGDs	1336		fullTGDs	7917			newNonFullTGDs	0		newFullTGDs	50329
nonFullTGDs	1336		fullTGDs	8017			newNonFullTGDs	0		newFullTGDs	50229
nonFullTGDs	1336		fullTGDs	8116			newNonFullTGDs	0		newFullTGDs	50130
nonFullTGDs	1336		fullTGDs	8213			newNonFullTGDs	0		newFullTGDs	50033
nonFullTGDs	1336		fullTGDs	8313			newNonFullTGDs	0		newFullTGDs	49933
nonFullTGDs	1336		fullTGDs	8413			newNonFullTGDs	0		newFullTGDs	49833
nonFullTGDs	1336		fullTGDs	8513			newNonFullTGDs	0		newFullTGDs	49733
nonFullTGDs	1336		fullTGDs	8613			newNonFullTGDs	0		newFullTGDs	49633
nonFullTGDs	1336		fullTGDs	8712			newNonFullTGDs	0		newFullTGDs	49534
nonFullTGDs	1336		fullTGDs	8809			newNonFullTGDs	0		newFullTGDs	49437
nonFullTGDs	1336		fullTGDs	8909			newNonFullTGDs	0		newFullTGDs	49337
nonFullTGDs	1336		fullTGDs	9009			newNonFullTGDs	0		newFullTGDs	49237
nonFullTGDs	1336		fullTGDs	9109			newNonFullTGDs	0		newFullTGDs	49137
nonFullTGDs	1336		fullTGDs	9209			newNonFullTGDs	0		newFullTGDs	49037
nonFullTGDs	1336		fullTGDs	9309			newNonFullTGDs	0		newFullTGDs	48937
nonFullTGDs	1336		fullTGDs	9409			newNonFullTGDs	0		newFullTGDs	48837
nonFullTGDs	1336		fullTGDs	9509			newNonFullTGDs	0		newFullTGDs	48737
nonFullTGDs	1336		fullTGDs	9608			newNonFullTGDs	0		newFullTGDs	48638
nonFullTGDs	1336		fullTGDs	9708			newNonFullTGDs	0		newFullTGDs	48538
nonFullTGDs	1336		fullTGDs	9808			newNonFullTGDs	0		newFullTGDs	48438
nonFullTGDs	1336		fullTGDs	9908			newNonFullTGDs	0		newFullTGDs	48338
nonFullTGDs	1336		fullTGDs	10008			newNonFullTGDs	0		newFullTGDs	48238
nonFullTGDs	1336		fullTGDs	10108			newNonFullTGDs	0		newFullTGDs	48138
nonFullTGDs	1336		fullTGDs	10208			newNonFullTGDs	0		newFullTGDs	48038
nonFullTGDs	1336		fullTGDs	10308			newNonFullTGDs	0		newFullTGDs	47938
nonFullTGDs	1336		fullTGDs	10408			newNonFullTGDs	0		newFullTGDs	47838
nonFullTGDs	1336		fullTGDs	10508			newNonFullTGDs	0		newFullTGDs	47738
nonFullTGDs	1336		fullTGDs	10608			newNonFullTGDs	0		newFullTGDs	47638
nonFullTGDs	1336		fullTGDs	10708			newNonFullTGDs	0		newFullTGDs	47538
nonFullTGDs	1336		fullTGDs	10808			newNonFullTGDs	0		newFullTGDs	47438
nonFullTGDs	1336		fullTGDs	10908			newNonFullTGDs	0		newFullTGDs	47338
nonFullTGDs	1336		fullTGDs	11008			newNonFullTGDs	0		newFullTGDs	47238
nonFullTGDs	1336		fullTGDs	11108			newNonFullTGDs	0		newFullTGDs	47138
nonFullTGDs	1336		fullTGDs	11208			newNonFullTGDs	0		newFullTGDs	47038
nonFullTGDs	1336		fullTGDs	11308			newNonFullTGDs	0		newFullTGDs	46938
nonFullTGDs	1336		fullTGDs	11400			newNonFullTGDs	0		newFullTGDs	46846
nonFullTGDs	1336		fullTGDs	11500			newNonFullTGDs	0		newFullTGDs	46746
nonFullTGDs	1336		fullTGDs	11600			newNonFullTGDs	0		newFullTGDs	46646
nonFullTGDs	1336		fullTGDs	11700			newNonFullTGDs	0		newFullTGDs	46546
nonFullTGDs	1336		fullTGDs	11800			newNonFullTGDs	0		newFullTGDs	46446
nonFullTGDs	1336		fullTGDs	11900			newNonFullTGDs	0		newFullTGDs	46346
nonFullTGDs	1336		fullTGDs	11994			newNonFullTGDs	0		newFullTGDs	46252
nonFullTGDs	1336		fullTGDs	12090			newNonFullTGDs	0		newFullTGDs	46156
nonFullTGDs	1336		fullTGDs	12185			newNonFullTGDs	0		newFullTGDs	46061
nonFullTGDs	1336		fullTGDs	12282			newNonFullTGDs	0		newFullTGDs	45964
nonFullTGDs	1336		fullTGDs	12379			newNonFullTGDs	0		newFullTGDs	45867
nonFullTGDs	1336		fullTGDs	12479			newNonFullTGDs	0		newFullTGDs	45767
nonFullTGDs	1336		fullTGDs	12578			newNonFullTGDs	0		newFullTGDs	45668
nonFullTGDs	1336		fullTGDs	12678			newNonFullTGDs	0		newFullTGDs	45568
nonFullTGDs	1336		fullTGDs	12778			newNonFullTGDs	0		newFullTGDs	45468
nonFullTGDs	1336		fullTGDs	12878			newNonFullTGDs	0		newFullTGDs	45368
nonFullTGDs	1336		fullTGDs	12973			newNonFullTGDs	0		newFullTGDs	45273
nonFullTGDs	1336		fullTGDs	13070			newNonFullTGDs	0		newFullTGDs	45176
nonFullTGDs	1336		fullTGDs	13161			newNonFullTGDs	0		newFullTGDs	45085
nonFullTGDs	1336		fullTGDs	13255			newNonFullTGDs	0		newFullTGDs	44991
nonFullTGDs	1336		fullTGDs	13353			newNonFullTGDs	0		newFullTGDs	44893
nonFullTGDs	1336		fullTGDs	13447			newNonFullTGDs	0		newFullTGDs	44799
nonFullTGDs	1336		fullTGDs	13544			newNonFullTGDs	0		newFullTGDs	44702
nonFullTGDs	1336		fullTGDs	13643			newNonFullTGDs	0		newFullTGDs	44603
nonFullTGDs	1336		fullTGDs	13743			newNonFullTGDs	0		newFullTGDs	44503
nonFullTGDs	1336		fullTGDs	13836			newNonFullTGDs	0		newFullTGDs	44410
nonFullTGDs	1336		fullTGDs	13933			newNonFullTGDs	0		newFullTGDs	44313
nonFullTGDs	1336		fullTGDs	14033			newNonFullTGDs	0		newFullTGDs	44213
nonFullTGDs	1336		fullTGDs	14133			newNonFullTGDs	0		newFullTGDs	44113
nonFullTGDs	1336		fullTGDs	14231			newNonFullTGDs	0		newFullTGDs	44015
nonFullTGDs	1336		fullTGDs	14329			newNonFullTGDs	0		newFullTGDs	43917
nonFullTGDs	1336		fullTGDs	14429			newNonFullTGDs	0		newFullTGDs	43817
nonFullTGDs	1336		fullTGDs	14529			newNonFullTGDs	0		newFullTGDs	43717
nonFullTGDs	1336		fullTGDs	14626			newNonFullTGDs	0		newFullTGDs	43620
nonFullTGDs	1336		fullTGDs	14726			newNonFullTGDs	0		newFullTGDs	43520
nonFullTGDs	1336		fullTGDs	14826			newNonFullTGDs	0		newFullTGDs	43420
nonFullTGDs	1336		fullTGDs	14922			newNonFullTGDs	0		newFullTGDs	43324
nonFullTGDs	1336		fullTGDs	15019			newNonFullTGDs	0		newFullTGDs	43227
nonFullTGDs	1336		fullTGDs	15117			newNonFullTGDs	0		newFullTGDs	43129
nonFullTGDs	1336		fullTGDs	15217			newNonFullTGDs	0		newFullTGDs	43029
nonFullTGDs	1336		fullTGDs	15317			newNonFullTGDs	0		newFullTGDs	42929
nonFullTGDs	1336		fullTGDs	15417			newNonFullTGDs	0		newFullTGDs	42829
nonFullTGDs	1336		fullTGDs	15517			newNonFullTGDs	0		newFullTGDs	42729
nonFullTGDs	1336		fullTGDs	15615			newNonFullTGDs	0		newFullTGDs	42631
nonFullTGDs	1336		fullTGDs	15715			newNonFullTGDs	0		newFullTGDs	42531
nonFullTGDs	1336		fullTGDs	15815			newNonFullTGDs	0		newFullTGDs	42431
nonFullTGDs	1336		fullTGDs	15915			newNonFullTGDs	0		newFullTGDs	42331
nonFullTGDs	1336		fullTGDs	16014			newNonFullTGDs	0		newFullTGDs	42232
nonFullTGDs	1336		fullTGDs	16114			newNonFullTGDs	0		newFullTGDs	42132
nonFullTGDs	1336		fullTGDs	16212			newNonFullTGDs	0		newFullTGDs	42034
nonFullTGDs	1336		fullTGDs	16312			newNonFullTGDs	0		newFullTGDs	41934
nonFullTGDs	1336		fullTGDs	16412			newNonFullTGDs	0		newFullTGDs	41834
nonFullTGDs	1336		fullTGDs	16506			newNonFullTGDs	0		newFullTGDs	41740
nonFullTGDs	1336		fullTGDs	16604			newNonFullTGDs	0		newFullTGDs	41642
nonFullTGDs	1336		fullTGDs	16702			newNonFullTGDs	0		newFullTGDs	41544
nonFullTGDs	1336		fullTGDs	16801			newNonFullTGDs	0		newFullTGDs	41445
nonFullTGDs	1336		fullTGDs	16900			newNonFullTGDs	0		newFullTGDs	41346
nonFullTGDs	1336		fullTGDs	17000			newNonFullTGDs	0		newFullTGDs	41246
nonFullTGDs	1336		fullTGDs	17099			newNonFullTGDs	0		newFullTGDs	41147
nonFullTGDs	1336		fullTGDs	17197			newNonFullTGDs	0		newFullTGDs	41049
nonFullTGDs	1336		fullTGDs	17297			newNonFullTGDs	0		newFullTGDs	40949
nonFullTGDs	1336		fullTGDs	17397			newNonFullTGDs	0		newFullTGDs	40849
nonFullTGDs	1336		fullTGDs	17497			newNonFullTGDs	0		newFullTGDs	40749
nonFullTGDs	1336		fullTGDs	17597			newNonFullTGDs	0		newFullTGDs	40649
nonFullTGDs	1336		fullTGDs	17697			newNonFullTGDs	0		newFullTGDs	40549
nonFullTGDs	1336		fullTGDs	17797			newNonFullTGDs	0		newFullTGDs	40449
nonFullTGDs	1336		fullTGDs	17897			newNonFullTGDs	0		newFullTGDs	40349
nonFullTGDs	1336		fullTGDs	17997			newNonFullTGDs	0		newFullTGDs	40249
nonFullTGDs	1336		fullTGDs	18097			newNonFullTGDs	0		newFullTGDs	40149
nonFullTGDs	1336		fullTGDs	18197			newNonFullTGDs	0		newFullTGDs	40049
nonFullTGDs	1336		fullTGDs	18297			newNonFullTGDs	0		newFullTGDs	39949
nonFullTGDs	1336		fullTGDs	18397			newNonFullTGDs	0		newFullTGDs	39849
nonFullTGDs	1336		fullTGDs	18497			newNonFullTGDs	0		newFullTGDs	39749
nonFullTGDs	1336		fullTGDs	18597			newNonFullTGDs	0		newFullTGDs	39649
nonFullTGDs	1336		fullTGDs	18697			newNonFullTGDs	0		newFullTGDs	39549
nonFullTGDs	1336		fullTGDs	18797			newNonFullTGDs	0		newFullTGDs	39449
nonFullTGDs	1336		fullTGDs	18897			newNonFullTGDs	0		newFullTGDs	39349
nonFullTGDs	1336		fullTGDs	18996			newNonFullTGDs	0		newFullTGDs	39250
nonFullTGDs	1336		fullTGDs	19096			newNonFullTGDs	0		newFullTGDs	39150
nonFullTGDs	1336		fullTGDs	19196			newNonFullTGDs	0		newFullTGDs	39050
nonFullTGDs	1336		fullTGDs	19296			newNonFullTGDs	0		newFullTGDs	38950
nonFullTGDs	1336		fullTGDs	19396			newNonFullTGDs	0		newFullTGDs	38850
nonFullTGDs	1336		fullTGDs	19496			newNonFullTGDs	0		newFullTGDs	38750
nonFullTGDs	1336		fullTGDs	19596			newNonFullTGDs	0		newFullTGDs	38650
nonFullTGDs	1336		fullTGDs	19696			newNonFullTGDs	0		newFullTGDs	38550
nonFullTGDs	1336		fullTGDs	19796			newNonFullTGDs	0		newFullTGDs	38450
nonFullTGDs	1336		fullTGDs	19896			newNonFullTGDs	0		newFullTGDs	38350
nonFullTGDs	1336		fullTGDs	19996			newNonFullTGDs	0		newFullTGDs	38250
nonFullTGDs	1336		fullTGDs	20096			newNonFullTGDs	0		newFullTGDs	38150
nonFullTGDs	1336		fullTGDs	20196			newNonFullTGDs	0		newFullTGDs	38050
nonFullTGDs	1336		fullTGDs	20296			newNonFullTGDs	0		newFullTGDs	37950
nonFullTGDs	1336		fullTGDs	20396			newNonFullTGDs	0		newFullTGDs	37850
nonFullTGDs	1336		fullTGDs	20496			newNonFullTGDs	0		newFullTGDs	37750
nonFullTGDs	1336		fullTGDs	20596			newNonFullTGDs	0		newFullTGDs	37650
nonFullTGDs	1336		fullTGDs	20696			newNonFullTGDs	0		newFullTGDs	37550
nonFullTGDs	1336		fullTGDs	20796			newNonFullTGDs	0		newFullTGDs	37450
nonFullTGDs	1336		fullTGDs	20896			newNonFullTGDs	0		newFullTGDs	37350
nonFullTGDs	1336		fullTGDs	20996			newNonFullTGDs	0		newFullTGDs	37250
nonFullTGDs	1336		fullTGDs	21096			newNonFullTGDs	0		newFullTGDs	37150
nonFullTGDs	1336		fullTGDs	21196			newNonFullTGDs	0		newFullTGDs	37050
nonFullTGDs	1336		fullTGDs	21296			newNonFullTGDs	0		newFullTGDs	36950
nonFullTGDs	1336		fullTGDs	21396			newNonFullTGDs	0		newFullTGDs	36850
nonFullTGDs	1336		fullTGDs	21496			newNonFullTGDs	0		newFullTGDs	36750
nonFullTGDs	1336		fullTGDs	21596			newNonFullTGDs	0		newFullTGDs	36650
nonFullTGDs	1336		fullTGDs	21696			newNonFullTGDs	0		newFullTGDs	36550
nonFullTGDs	1336		fullTGDs	21796			newNonFullTGDs	0		newFullTGDs	36450
nonFullTGDs	1336		fullTGDs	21896			newNonFullTGDs	0		newFullTGDs	36350
nonFullTGDs	1336		fullTGDs	21996			newNonFullTGDs	0		newFullTGDs	36250
nonFullTGDs	1336		fullTGDs	22096			newNonFullTGDs	0		newFullTGDs	36150
nonFullTGDs	1336		fullTGDs	22196			newNonFullTGDs	0		newFullTGDs	36050
nonFullTGDs	1336		fullTGDs	22296			newNonFullTGDs	0		newFullTGDs	35950
nonFullTGDs	1336		fullTGDs	22396			newNonFullTGDs	0		newFullTGDs	35850
nonFullTGDs	1336		fullTGDs	22496			newNonFullTGDs	0		newFullTGDs	35750
nonFullTGDs	1336		fullTGDs	22596			newNonFullTGDs	0		newFullTGDs	35650
nonFullTGDs	1336		fullTGDs	22696			newNonFullTGDs	0		newFullTGDs	35550
nonFullTGDs	1336		fullTGDs	22796			newNonFullTGDs	0		newFullTGDs	35450
nonFullTGDs	1336		fullTGDs	22896			newNonFullTGDs	0		newFullTGDs	35350
nonFullTGDs	1336		fullTGDs	22996			newNonFullTGDs	0		newFullTGDs	35250
nonFullTGDs	1336		fullTGDs	23096			newNonFullTGDs	0		newFullTGDs	35150
nonFullTGDs	1336		fullTGDs	23196			newNonFullTGDs	0		newFullTGDs	35050
nonFullTGDs	1336		fullTGDs	23296			newNonFullTGDs	0		newFullTGDs	34950
nonFullTGDs	1336		fullTGDs	23396			newNonFullTGDs	0		newFullTGDs	34850
nonFullTGDs	1336		fullTGDs	23496			newNonFullTGDs	0		newFullTGDs	34750
nonFullTGDs	1336		fullTGDs	23596			newNonFullTGDs	0		newFullTGDs	34650
nonFullTGDs	1336		fullTGDs	23696			newNonFullTGDs	0		newFullTGDs	34550
nonFullTGDs	1336		fullTGDs	23796			newNonFullTGDs	0		newFullTGDs	34450
nonFullTGDs	1336		fullTGDs	23896			newNonFullTGDs	0		newFullTGDs	34350
nonFullTGDs	1336		fullTGDs	23996			newNonFullTGDs	0		newFullTGDs	34250
nonFullTGDs	1336		fullTGDs	24096			newNonFullTGDs	0		newFullTGDs	34150
nonFullTGDs	1336		fullTGDs	24196			newNonFullTGDs	0		newFullTGDs	34050
nonFullTGDs	1336		fullTGDs	24296			newNonFullTGDs	0		newFullTGDs	33950
nonFullTGDs	1336		fullTGDs	24396			newNonFullTGDs	0		newFullTGDs	33850
nonFullTGDs	1336		fullTGDs	24496			newNonFullTGDs	0		newFullTGDs	33750
nonFullTGDs	1336		fullTGDs	24596			newNonFullTGDs	0		newFullTGDs	33650
nonFullTGDs	1336		fullTGDs	24696			newNonFullTGDs	0		newFullTGDs	33550
nonFullTGDs	1336		fullTGDs	24796			newNonFullTGDs	0		newFullTGDs	33450
nonFullTGDs	1336		fullTGDs	24896			newNonFullTGDs	0		newFullTGDs	33350
nonFullTGDs	1336		fullTGDs	24996			newNonFullTGDs	0		newFullTGDs	33250
nonFullTGDs	1336		fullTGDs	25096			newNonFullTGDs	0		newFullTGDs	33150
nonFullTGDs	1336		fullTGDs	25196			newNonFullTGDs	0		newFullTGDs	33050
nonFullTGDs	1336		fullTGDs	25296			newNonFullTGDs	0		newFullTGDs	32950
nonFullTGDs	1336		fullTGDs	25396			newNonFullTGDs	0		newFullTGDs	32850
nonFullTGDs	1336		fullTGDs	25496			newNonFullTGDs	0		newFullTGDs	32750
nonFullTGDs	1336		fullTGDs	25596			newNonFullTGDs	0		newFullTGDs	32650
nonFullTGDs	1336		fullTGDs	25696			newNonFullTGDs	0		newFullTGDs	32550
nonFullTGDs	1336		fullTGDs	25796			newNonFullTGDs	0		newFullTGDs	32450
nonFullTGDs	1336		fullTGDs	25896			newNonFullTGDs	0		newFullTGDs	32350
nonFullTGDs	1336		fullTGDs	25996			newNonFullTGDs	0		newFullTGDs	32250
nonFullTGDs	1336		fullTGDs	26096			newNonFullTGDs	0		newFullTGDs	32150
nonFullTGDs	1336		fullTGDs	26196			newNonFullTGDs	0		newFullTGDs	32050
nonFullTGDs	1336		fullTGDs	26296			newNonFullTGDs	0		newFullTGDs	31950
nonFullTGDs	1336		fullTGDs	26396			newNonFullTGDs	0		newFullTGDs	31850
nonFullTGDs	1336		fullTGDs	26496			newNonFullTGDs	0		newFullTGDs	31750
nonFullTGDs	1336		fullTGDs	26596			newNonFullTGDs	0		newFullTGDs	31650
nonFullTGDs	1336		fullTGDs	26696			newNonFullTGDs	0		newFullTGDs	31550
nonFullTGDs	1336		fullTGDs	26796			newNonFullTGDs	0		newFullTGDs	31450
nonFullTGDs	1336		fullTGDs	26896			newNonFullTGDs	0		newFullTGDs	31350
nonFullTGDs	1336		fullTGDs	26996			newNonFullTGDs	0		newFullTGDs	31250
nonFullTGDs	1336		fullTGDs	27096			newNonFullTGDs	0		newFullTGDs	31150
nonFullTGDs	1336		fullTGDs	27196			newNonFullTGDs	0		newFullTGDs	31050
nonFullTGDs	1336		fullTGDs	27296			newNonFullTGDs	0		newFullTGDs	30950
nonFullTGDs	1336		fullTGDs	27396			newNonFullTGDs	0		newFullTGDs	30850
nonFullTGDs	1336		fullTGDs	27496			newNonFullTGDs	0		newFullTGDs	30750
nonFullTGDs	1336		fullTGDs	27596			newNonFullTGDs	0		newFullTGDs	30650
nonFullTGDs	1336		fullTGDs	27695			newNonFullTGDs	0		newFullTGDs	30551
nonFullTGDs	1336		fullTGDs	27795			newNonFullTGDs	0		newFullTGDs	30451
nonFullTGDs	1336		fullTGDs	27895			newNonFullTGDs	0		newFullTGDs	30351
nonFullTGDs	1336		fullTGDs	27995			newNonFullTGDs	0		newFullTGDs	30251
nonFullTGDs	1336		fullTGDs	28095			newNonFullTGDs	0		newFullTGDs	30151
nonFullTGDs	1336		fullTGDs	28195			newNonFullTGDs	0		newFullTGDs	30051
nonFullTGDs	1336		fullTGDs	28295			newNonFullTGDs	0		newFullTGDs	29951
nonFullTGDs	1336		fullTGDs	28395			newNonFullTGDs	0		newFullTGDs	29851
nonFullTGDs	1336		fullTGDs	28495			newNonFullTGDs	0		newFullTGDs	29751
nonFullTGDs	1336		fullTGDs	28595			newNonFullTGDs	0		newFullTGDs	29651
nonFullTGDs	1336		fullTGDs	28695			newNonFullTGDs	0		newFullTGDs	29551
nonFullTGDs	1336		fullTGDs	28795			newNonFullTGDs	0		newFullTGDs	29451
nonFullTGDs	1336		fullTGDs	28895			newNonFullTGDs	0		newFullTGDs	29351
nonFullTGDs	1336		fullTGDs	28995			newNonFullTGDs	0		newFullTGDs	29251
nonFullTGDs	1336		fullTGDs	29095			newNonFullTGDs	0		newFullTGDs	29151
nonFullTGDs	1336		fullTGDs	29195			newNonFullTGDs	0		newFullTGDs	29051
nonFullTGDs	1336		fullTGDs	29295			newNonFullTGDs	0		newFullTGDs	28951
nonFullTGDs	1336		fullTGDs	29395			newNonFullTGDs	0		newFullTGDs	28851
nonFullTGDs	1336		fullTGDs	29495			newNonFullTGDs	0		newFullTGDs	28751
nonFullTGDs	1336		fullTGDs	29595			newNonFullTGDs	0		newFullTGDs	28651
nonFullTGDs	1336		fullTGDs	29695			newNonFullTGDs	0		newFullTGDs	28551
nonFullTGDs	1336		fullTGDs	29795			newNonFullTGDs	0		newFullTGDs	28451
nonFullTGDs	1336		fullTGDs	29895			newNonFullTGDs	0		newFullTGDs	28351
nonFullTGDs	1336		fullTGDs	29995			newNonFullTGDs	0		newFullTGDs	28251
nonFullTGDs	1336		fullTGDs	30095			newNonFullTGDs	0		newFullTGDs	28151
nonFullTGDs	1336		fullTGDs	30195			newNonFullTGDs	0		newFullTGDs	28051
nonFullTGDs	1336		fullTGDs	30295			newNonFullTGDs	0		newFullTGDs	27951
nonFullTGDs	1336		fullTGDs	30395			newNonFullTGDs	0		newFullTGDs	27851
nonFullTGDs	1336		fullTGDs	30495			newNonFullTGDs	0		newFullTGDs	27751
nonFullTGDs	1336		fullTGDs	30595			newNonFullTGDs	0		newFullTGDs	27651
nonFullTGDs	1336		fullTGDs	30695			newNonFullTGDs	0		newFullTGDs	27551
nonFullTGDs	1336		fullTGDs	30795			newNonFullTGDs	0		newFullTGDs	27451
nonFullTGDs	1336		fullTGDs	30895			newNonFullTGDs	0		newFullTGDs	27351
nonFullTGDs	1336		fullTGDs	30995			newNonFullTGDs	0		newFullTGDs	27251
nonFullTGDs	1336		fullTGDs	31095			newNonFullTGDs	0		newFullTGDs	27151
nonFullTGDs	1336		fullTGDs	31195			newNonFullTGDs	0		newFullTGDs	27051
nonFullTGDs	1336		fullTGDs	31295			newNonFullTGDs	0		newFullTGDs	26951
nonFullTGDs	1336		fullTGDs	31395			newNonFullTGDs	0		newFullTGDs	26851
nonFullTGDs	1336		fullTGDs	31495			newNonFullTGDs	0		newFullTGDs	26751
nonFullTGDs	1336		fullTGDs	31595			newNonFullTGDs	0		newFullTGDs	26651
nonFullTGDs	1336		fullTGDs	31695			newNonFullTGDs	0		newFullTGDs	26551
nonFullTGDs	1336		fullTGDs	31795			newNonFullTGDs	0		newFullTGDs	26451
nonFullTGDs	1336		fullTGDs	31895			newNonFullTGDs	0		newFullTGDs	26351
nonFullTGDs	1336		fullTGDs	31995			newNonFullTGDs	0		newFullTGDs	26251
nonFullTGDs	1336		fullTGDs	32095			newNonFullTGDs	0		newFullTGDs	26151
nonFullTGDs	1336		fullTGDs	32195			newNonFullTGDs	0		newFullTGDs	26051
nonFullTGDs	1336		fullTGDs	32295			newNonFullTGDs	0		newFullTGDs	25951
nonFullTGDs	1336		fullTGDs	32395			newNonFullTGDs	0		newFullTGDs	25851
nonFullTGDs	1336		fullTGDs	32495			newNonFullTGDs	0		newFullTGDs	25751
nonFullTGDs	1336		fullTGDs	32595			newNonFullTGDs	0		newFullTGDs	25651
nonFullTGDs	1336		fullTGDs	32695			newNonFullTGDs	0		newFullTGDs	25551
nonFullTGDs	1336		fullTGDs	32795			newNonFullTGDs	0		newFullTGDs	25451
nonFullTGDs	1336		fullTGDs	32895			newNonFullTGDs	0		newFullTGDs	25351
nonFullTGDs	1336		fullTGDs	32995			newNonFullTGDs	0		newFullTGDs	25251
nonFullTGDs	1336		fullTGDs	33095			newNonFullTGDs	0		newFullTGDs	25151
nonFullTGDs	1336		fullTGDs	33195			newNonFullTGDs	0		newFullTGDs	25051
nonFullTGDs	1336		fullTGDs	33295			newNonFullTGDs	0		newFullTGDs	24951
nonFullTGDs	1336		fullTGDs	33395			newNonFullTGDs	0		newFullTGDs	24851
nonFullTGDs	1336		fullTGDs	33495			newNonFullTGDs	0		newFullTGDs	24751
nonFullTGDs	1336		fullTGDs	33595			newNonFullTGDs	0		newFullTGDs	24651
nonFullTGDs	1336		fullTGDs	33695			newNonFullTGDs	0		newFullTGDs	24551
nonFullTGDs	1336		fullTGDs	33795			newNonFullTGDs	0		newFullTGDs	24451
nonFullTGDs	1336		fullTGDs	33895			newNonFullTGDs	0		newFullTGDs	24351
nonFullTGDs	1336		fullTGDs	33995			newNonFullTGDs	0		newFullTGDs	24251
nonFullTGDs	1336		fullTGDs	34095			newNonFullTGDs	0		newFullTGDs	24151
nonFullTGDs	1336		fullTGDs	34195			newNonFullTGDs	0		newFullTGDs	24051
nonFullTGDs	1336		fullTGDs	34295			newNonFullTGDs	0		newFullTGDs	23951
nonFullTGDs	1336		fullTGDs	34395			newNonFullTGDs	0		newFullTGDs	23851
nonFullTGDs	1336		fullTGDs	34495			newNonFullTGDs	0		newFullTGDs	23751
nonFullTGDs	1336		fullTGDs	34595			newNonFullTGDs	0		newFullTGDs	23651
nonFullTGDs	1336		fullTGDs	34695			newNonFullTGDs	0		newFullTGDs	23551
nonFullTGDs	1336		fullTGDs	34795			newNonFullTGDs	0		newFullTGDs	23451
nonFullTGDs	1336		fullTGDs	34895			newNonFullTGDs	0		newFullTGDs	23351
nonFullTGDs	1336		fullTGDs	34995			newNonFullTGDs	0		newFullTGDs	23251
nonFullTGDs	1336		fullTGDs	35095			newNonFullTGDs	0		newFullTGDs	23151
nonFullTGDs	1336		fullTGDs	35195			newNonFullTGDs	0		newFullTGDs	23051
nonFullTGDs	1336		fullTGDs	35295			newNonFullTGDs	0		newFullTGDs	22951
nonFullTGDs	1336		fullTGDs	35395			newNonFullTGDs	0		newFullTGDs	22851
nonFullTGDs	1336		fullTGDs	35495			newNonFullTGDs	0		newFullTGDs	22751
nonFullTGDs	1336		fullTGDs	35595			newNonFullTGDs	0		newFullTGDs	22651
nonFullTGDs	1336		fullTGDs	35695			newNonFullTGDs	0		newFullTGDs	22551
nonFullTGDs	1336		fullTGDs	35795			newNonFullTGDs	0		newFullTGDs	22451
nonFullTGDs	1336		fullTGDs	35895			newNonFullTGDs	0		newFullTGDs	22351
nonFullTGDs	1336		fullTGDs	35995			newNonFullTGDs	0		newFullTGDs	22251
nonFullTGDs	1336		fullTGDs	36095			newNonFullTGDs	0		newFullTGDs	22151
nonFullTGDs	1336		fullTGDs	36195			newNonFullTGDs	0		newFullTGDs	22051
nonFullTGDs	1336		fullTGDs	36295			newNonFullTGDs	0		newFullTGDs	21951
nonFullTGDs	1336		fullTGDs	36395			newNonFullTGDs	0		newFullTGDs	21851
nonFullTGDs	1336		fullTGDs	36495			newNonFullTGDs	0		newFullTGDs	21751
nonFullTGDs	1336		fullTGDs	36595			newNonFullTGDs	0		newFullTGDs	21651
nonFullTGDs	1336		fullTGDs	36695			newNonFullTGDs	0		newFullTGDs	21551
nonFullTGDs	1336		fullTGDs	36795			newNonFullTGDs	0		newFullTGDs	21451
nonFullTGDs	1336		fullTGDs	36895			newNonFullTGDs	0		newFullTGDs	21351
nonFullTGDs	1336		fullTGDs	36995			newNonFullTGDs	0		newFullTGDs	21251
nonFullTGDs	1336		fullTGDs	37095			newNonFullTGDs	0		newFullTGDs	21151
nonFullTGDs	1336		fullTGDs	37195			newNonFullTGDs	0		newFullTGDs	21051
nonFullTGDs	1336		fullTGDs	37295			newNonFullTGDs	0		newFullTGDs	20951
nonFullTGDs	1336		fullTGDs	37395			newNonFullTGDs	0		newFullTGDs	20851
nonFullTGDs	1336		fullTGDs	37495			newNonFullTGDs	0		newFullTGDs	20751
nonFullTGDs	1336		fullTGDs	37595			newNonFullTGDs	0		newFullTGDs	20651
nonFullTGDs	1336		fullTGDs	37695			newNonFullTGDs	0		newFullTGDs	20551
nonFullTGDs	1336		fullTGDs	37795			newNonFullTGDs	0		newFullTGDs	20451
nonFullTGDs	1336		fullTGDs	37895			newNonFullTGDs	0		newFullTGDs	20351
nonFullTGDs	1336		fullTGDs	37995			newNonFullTGDs	0		newFullTGDs	20251
nonFullTGDs	1336		fullTGDs	38095			newNonFullTGDs	0		newFullTGDs	20151
nonFullTGDs	1336		fullTGDs	38195			newNonFullTGDs	0		newFullTGDs	20051
nonFullTGDs	1336		fullTGDs	38295			newNonFullTGDs	0		newFullTGDs	19951
nonFullTGDs	1336		fullTGDs	38395			newNonFullTGDs	0		newFullTGDs	19851
nonFullTGDs	1336		fullTGDs	38495			newNonFullTGDs	0		newFullTGDs	19751
nonFullTGDs	1336		fullTGDs	38595			newNonFullTGDs	0		newFullTGDs	19651
nonFullTGDs	1336		fullTGDs	38695			newNonFullTGDs	0		newFullTGDs	19551
nonFullTGDs	1336		fullTGDs	38795			newNonFullTGDs	0		newFullTGDs	19451
nonFullTGDs	1336		fullTGDs	38895			newNonFullTGDs	0		newFullTGDs	19351
nonFullTGDs	1336		fullTGDs	38995			newNonFullTGDs	0		newFullTGDs	19251
nonFullTGDs	1336		fullTGDs	39095			newNonFullTGDs	0		newFullTGDs	19151
nonFullTGDs	1336		fullTGDs	39195			newNonFullTGDs	0		newFullTGDs	19051
nonFullTGDs	1336		fullTGDs	39295			newNonFullTGDs	0		newFullTGDs	18951
nonFullTGDs	1336		fullTGDs	39395			newNonFullTGDs	0		newFullTGDs	18851
nonFullTGDs	1336		fullTGDs	39495			newNonFullTGDs	0		newFullTGDs	18751
nonFullTGDs	1336		fullTGDs	39595			newNonFullTGDs	0		newFullTGDs	18651
nonFullTGDs	1336		fullTGDs	39695			newNonFullTGDs	0		newFullTGDs	18551
nonFullTGDs	1336		fullTGDs	39795			newNonFullTGDs	0		newFullTGDs	18451
nonFullTGDs	1336		fullTGDs	39895			newNonFullTGDs	0		newFullTGDs	18351
nonFullTGDs	1336		fullTGDs	39995			newNonFullTGDs	0		newFullTGDs	18251
nonFullTGDs	1336		fullTGDs	40095			newNonFullTGDs	0		newFullTGDs	18151
nonFullTGDs	1336		fullTGDs	40195			newNonFullTGDs	0		newFullTGDs	18051
nonFullTGDs	1336		fullTGDs	40295			newNonFullTGDs	0		newFullTGDs	17951
nonFullTGDs	1336		fullTGDs	40395			newNonFullTGDs	0		newFullTGDs	17851
nonFullTGDs	1336		fullTGDs	40495			newNonFullTGDs	0		newFullTGDs	17751
nonFullTGDs	1336		fullTGDs	40595			newNonFullTGDs	0		newFullTGDs	17651
nonFullTGDs	1336		fullTGDs	40695			newNonFullTGDs	0		newFullTGDs	17551
nonFullTGDs	1336		fullTGDs	40795			newNonFullTGDs	0		newFullTGDs	17451
nonFullTGDs	1336		fullTGDs	40895			newNonFullTGDs	0		newFullTGDs	17351
nonFullTGDs	1336		fullTGDs	40995			newNonFullTGDs	0		newFullTGDs	17251
nonFullTGDs	1336		fullTGDs	41095			newNonFullTGDs	0		newFullTGDs	17151
nonFullTGDs	1336		fullTGDs	41195			newNonFullTGDs	0		newFullTGDs	17051
nonFullTGDs	1336		fullTGDs	41295			newNonFullTGDs	0		newFullTGDs	16951
nonFullTGDs	1336		fullTGDs	41395			newNonFullTGDs	0		newFullTGDs	16851
nonFullTGDs	1336		fullTGDs	41495			newNonFullTGDs	0		newFullTGDs	16751
nonFullTGDs	1336		fullTGDs	41595			newNonFullTGDs	0		newFullTGDs	16651
nonFullTGDs	1336		fullTGDs	41695			newNonFullTGDs	0		newFullTGDs	16551
nonFullTGDs	1336		fullTGDs	41795			newNonFullTGDs	0		newFullTGDs	16451
nonFullTGDs	1336		fullTGDs	41895			newNonFullTGDs	0		newFullTGDs	16351
nonFullTGDs	1336		fullTGDs	41995			newNonFullTGDs	0		newFullTGDs	16251
nonFullTGDs	1336		fullTGDs	42095			newNonFullTGDs	0		newFullTGDs	16151
nonFullTGDs	1336		fullTGDs	42195			newNonFullTGDs	0		newFullTGDs	16051
nonFullTGDs	1336		fullTGDs	42295			newNonFullTGDs	0		newFullTGDs	15951
nonFullTGDs	1336		fullTGDs	42395			newNonFullTGDs	0		newFullTGDs	15851
nonFullTGDs	1336		fullTGDs	42495			newNonFullTGDs	0		newFullTGDs	15751
nonFullTGDs	1336		fullTGDs	42595			newNonFullTGDs	0		newFullTGDs	15651
nonFullTGDs	1336		fullTGDs	42695			newNonFullTGDs	0		newFullTGDs	15551
nonFullTGDs	1336		fullTGDs	42795			newNonFullTGDs	0		newFullTGDs	15451
nonFullTGDs	1336		fullTGDs	42895			newNonFullTGDs	0		newFullTGDs	15351
nonFullTGDs	1336		fullTGDs	42995			newNonFullTGDs	0		newFullTGDs	15251
nonFullTGDs	1336		fullTGDs	43095			newNonFullTGDs	0		newFullTGDs	15151
nonFullTGDs	1336		fullTGDs	43195			newNonFullTGDs	0		newFullTGDs	15051
nonFullTGDs	1336		fullTGDs	43295			newNonFullTGDs	0		newFullTGDs	14951
nonFullTGDs	1336		fullTGDs	43395			newNonFullTGDs	0		newFullTGDs	14851
nonFullTGDs	1336		fullTGDs	43495			newNonFullTGDs	0		newFullTGDs	14751
nonFullTGDs	1336		fullTGDs	43595			newNonFullTGDs	0		newFullTGDs	14651
nonFullTGDs	1336		fullTGDs	43695			newNonFullTGDs	0		newFullTGDs	14551
nonFullTGDs	1336		fullTGDs	43795			newNonFullTGDs	0		newFullTGDs	14451
nonFullTGDs	1336		fullTGDs	43895			newNonFullTGDs	0		newFullTGDs	14351
nonFullTGDs	1336		fullTGDs	43995			newNonFullTGDs	0		newFullTGDs	14251
nonFullTGDs	1336		fullTGDs	44095			newNonFullTGDs	0		newFullTGDs	14151
nonFullTGDs	1336		fullTGDs	44195			newNonFullTGDs	0		newFullTGDs	14051
nonFullTGDs	1336		fullTGDs	44295			newNonFullTGDs	0		newFullTGDs	13951
nonFullTGDs	1336		fullTGDs	44395			newNonFullTGDs	0		newFullTGDs	13851
nonFullTGDs	1336		fullTGDs	44495			newNonFullTGDs	0		newFullTGDs	13751
nonFullTGDs	1336		fullTGDs	44595			newNonFullTGDs	0		newFullTGDs	13651
nonFullTGDs	1336		fullTGDs	44695			newNonFullTGDs	0		newFullTGDs	13551
nonFullTGDs	1336		fullTGDs	44795			newNonFullTGDs	0		newFullTGDs	13451
nonFullTGDs	1336		fullTGDs	44895			newNonFullTGDs	0		newFullTGDs	13351
nonFullTGDs	1336		fullTGDs	44995			newNonFullTGDs	0		newFullTGDs	13251
nonFullTGDs	1336		fullTGDs	45094			newNonFullTGDs	0		newFullTGDs	13152
nonFullTGDs	1336		fullTGDs	45194			newNonFullTGDs	0		newFullTGDs	13052
nonFullTGDs	1336		fullTGDs	45294			newNonFullTGDs	0		newFullTGDs	12952
nonFullTGDs	1336		fullTGDs	45394			newNonFullTGDs	0		newFullTGDs	12852
nonFullTGDs	1336		fullTGDs	45494			newNonFullTGDs	0		newFullTGDs	12752
nonFullTGDs	1336		fullTGDs	45594			newNonFullTGDs	0		newFullTGDs	12652
nonFullTGDs	1336		fullTGDs	45694			newNonFullTGDs	0		newFullTGDs	12552
nonFullTGDs	1336		fullTGDs	45794			newNonFullTGDs	0		newFullTGDs	12452
nonFullTGDs	1336		fullTGDs	45894			newNonFullTGDs	0		newFullTGDs	12352
nonFullTGDs	1336		fullTGDs	45994			newNonFullTGDs	0		newFullTGDs	12252
nonFullTGDs	1336		fullTGDs	46094			newNonFullTGDs	0		newFullTGDs	12152
nonFullTGDs	1336		fullTGDs	46194			newNonFullTGDs	0		newFullTGDs	12052
nonFullTGDs	1336		fullTGDs	46294			newNonFullTGDs	0		newFullTGDs	11952
nonFullTGDs	1336		fullTGDs	46394			newNonFullTGDs	0		newFullTGDs	11852
nonFullTGDs	1336		fullTGDs	46494			newNonFullTGDs	0		newFullTGDs	11752
nonFullTGDs	1336		fullTGDs	46594			newNonFullTGDs	0		newFullTGDs	11652
nonFullTGDs	1336		fullTGDs	46694			newNonFullTGDs	0		newFullTGDs	11552
nonFullTGDs	1336		fullTGDs	46794			newNonFullTGDs	0		newFullTGDs	11452
nonFullTGDs	1336		fullTGDs	46894			newNonFullTGDs	0		newFullTGDs	11352
nonFullTGDs	1336		fullTGDs	46994			newNonFullTGDs	0		newFullTGDs	11252
nonFullTGDs	1336		fullTGDs	47094			newNonFullTGDs	0		newFullTGDs	11152
nonFullTGDs	1336		fullTGDs	47194			newNonFullTGDs	0		newFullTGDs	11052
nonFullTGDs	1336		fullTGDs	47294			newNonFullTGDs	0		newFullTGDs	10952
nonFullTGDs	1336		fullTGDs	47394			newNonFullTGDs	0		newFullTGDs	10852
nonFullTGDs	1336		fullTGDs	47494			newNonFullTGDs	0		newFullTGDs	10752
nonFullTGDs	1336		fullTGDs	47594			newNonFullTGDs	0		newFullTGDs	10652
nonFullTGDs	1336		fullTGDs	47694			newNonFullTGDs	0		newFullTGDs	10552
nonFullTGDs	1336		fullTGDs	47794			newNonFullTGDs	0		newFullTGDs	10452
nonFullTGDs	1336		fullTGDs	47894			newNonFullTGDs	0		newFullTGDs	10352
nonFullTGDs	1336		fullTGDs	47994			newNonFullTGDs	0		newFullTGDs	10252
nonFullTGDs	1336		fullTGDs	48094			newNonFullTGDs	0		newFullTGDs	10152
nonFullTGDs	1336		fullTGDs	48194			newNonFullTGDs	0		newFullTGDs	10052
nonFullTGDs	1336		fullTGDs	48294			newNonFullTGDs	0		newFullTGDs	9952
nonFullTGDs	1336		fullTGDs	48394			newNonFullTGDs	0		newFullTGDs	9852
nonFullTGDs	1336		fullTGDs	48494			newNonFullTGDs	0		newFullTGDs	9752
nonFullTGDs	1336		fullTGDs	48594			newNonFullTGDs	0		newFullTGDs	9652
nonFullTGDs	1336		fullTGDs	48694			newNonFullTGDs	0		newFullTGDs	9552
nonFullTGDs	1336		fullTGDs	48794			newNonFullTGDs	0		newFullTGDs	9452
nonFullTGDs	1336		fullTGDs	48894			newNonFullTGDs	0		newFullTGDs	9352
nonFullTGDs	1336		fullTGDs	48994			newNonFullTGDs	0		newFullTGDs	9252
nonFullTGDs	1336		fullTGDs	49094			newNonFullTGDs	0		newFullTGDs	9152
nonFullTGDs	1336		fullTGDs	49194			newNonFullTGDs	0		newFullTGDs	9052
nonFullTGDs	1336		fullTGDs	49294			newNonFullTGDs	0		newFullTGDs	8952
nonFullTGDs	1336		fullTGDs	49394			newNonFullTGDs	0		newFullTGDs	8852
nonFullTGDs	1336		fullTGDs	49494			newNonFullTGDs	0		newFullTGDs	8752
nonFullTGDs	1336		fullTGDs	49594			newNonFullTGDs	0		newFullTGDs	8652
nonFullTGDs	1336		fullTGDs	49694			newNonFullTGDs	0		newFullTGDs	8552
nonFullTGDs	1336		fullTGDs	49794			newNonFullTGDs	0		newFullTGDs	8452
nonFullTGDs	1336		fullTGDs	49894			newNonFullTGDs	0		newFullTGDs	8352
nonFullTGDs	1336		fullTGDs	49994			newNonFullTGDs	0		newFullTGDs	8252
nonFullTGDs	1336		fullTGDs	50094			newNonFullTGDs	0		newFullTGDs	8152
nonFullTGDs	1336		fullTGDs	50194			newNonFullTGDs	0		newFullTGDs	8052
nonFullTGDs	1336		fullTGDs	50294			newNonFullTGDs	0		newFullTGDs	7952
nonFullTGDs	1336		fullTGDs	50393			newNonFullTGDs	0		newFullTGDs	7853
nonFullTGDs	1336		fullTGDs	50493			newNonFullTGDs	0		newFullTGDs	7753
nonFullTGDs	1336		fullTGDs	50593			newNonFullTGDs	0		newFullTGDs	7653
nonFullTGDs	1336		fullTGDs	50693			newNonFullTGDs	0		newFullTGDs	7553
nonFullTGDs	1336		fullTGDs	50793			newNonFullTGDs	0		newFullTGDs	7453
nonFullTGDs	1336		fullTGDs	50893			newNonFullTGDs	0		newFullTGDs	7353
nonFullTGDs	1336		fullTGDs	50993			newNonFullTGDs	0		newFullTGDs	7253
nonFullTGDs	1336		fullTGDs	51093			newNonFullTGDs	0		newFullTGDs	7153
nonFullTGDs	1336		fullTGDs	51193			newNonFullTGDs	0		newFullTGDs	7053
nonFullTGDs	1336		fullTGDs	51293			newNonFullTGDs	0		newFullTGDs	6953
nonFullTGDs	1336		fullTGDs	51393			newNonFullTGDs	0		newFullTGDs	6853
nonFullTGDs	1336		fullTGDs	51493			newNonFullTGDs	0		newFullTGDs	6753
nonFullTGDs	1336		fullTGDs	51593			newNonFullTGDs	0		newFullTGDs	6653
nonFullTGDs	1336		fullTGDs	51693			newNonFullTGDs	0		newFullTGDs	6553
nonFullTGDs	1336		fullTGDs	51793			newNonFullTGDs	0		newFullTGDs	6453
nonFullTGDs	1336		fullTGDs	51893			newNonFullTGDs	0		newFullTGDs	6353
nonFullTGDs	1336		fullTGDs	51993			newNonFullTGDs	0		newFullTGDs	6253
nonFullTGDs	1336		fullTGDs	52093			newNonFullTGDs	0		newFullTGDs	6153
nonFullTGDs	1336		fullTGDs	52193			newNonFullTGDs	0		newFullTGDs	6053
nonFullTGDs	1336		fullTGDs	52293			newNonFullTGDs	0		newFullTGDs	5953
nonFullTGDs	1336		fullTGDs	52393			newNonFullTGDs	0		newFullTGDs	5853
nonFullTGDs	1336		fullTGDs	52493			newNonFullTGDs	0		newFullTGDs	5753
nonFullTGDs	1336		fullTGDs	52593			newNonFullTGDs	0		newFullTGDs	5653
nonFullTGDs	1336		fullTGDs	52693			newNonFullTGDs	0		newFullTGDs	5553
nonFullTGDs	1336		fullTGDs	52792			newNonFullTGDs	0		newFullTGDs	5454
nonFullTGDs	1336		fullTGDs	52892			newNonFullTGDs	0		newFullTGDs	5354
nonFullTGDs	1336		fullTGDs	52990			newNonFullTGDs	0		newFullTGDs	5256
nonFullTGDs	1336		fullTGDs	53090			newNonFullTGDs	0		newFullTGDs	5156
nonFullTGDs	1336		fullTGDs	53189			newNonFullTGDs	0		newFullTGDs	5057
nonFullTGDs	1336		fullTGDs	53289			newNonFullTGDs	0		newFullTGDs	4957
nonFullTGDs	1336		fullTGDs	53389			newNonFullTGDs	0		newFullTGDs	4857
nonFullTGDs	1336		fullTGDs	53489			newNonFullTGDs	0		newFullTGDs	4757
nonFullTGDs	1336		fullTGDs	53589			newNonFullTGDs	0		newFullTGDs	4657
nonFullTGDs	1336		fullTGDs	53689			newNonFullTGDs	0		newFullTGDs	4557
nonFullTGDs	1336		fullTGDs	53789			newNonFullTGDs	0		newFullTGDs	4457
nonFullTGDs	1336		fullTGDs	53889			newNonFullTGDs	0		newFullTGDs	4357
nonFullTGDs	1336		fullTGDs	53989			newNonFullTGDs	0		newFullTGDs	4257
nonFullTGDs	1336		fullTGDs	54089			newNonFullTGDs	0		newFullTGDs	4157
nonFullTGDs	1336		fullTGDs	54189			newNonFullTGDs	0		newFullTGDs	4057
nonFullTGDs	1336		fullTGDs	54289			newNonFullTGDs	0		newFullTGDs	3957
nonFullTGDs	1336		fullTGDs	54389			newNonFullTGDs	0		newFullTGDs	3857
nonFullTGDs	1336		fullTGDs	54489			newNonFullTGDs	0		newFullTGDs	3757
nonFullTGDs	1336		fullTGDs	54589			newNonFullTGDs	0		newFullTGDs	3657
nonFullTGDs	1336		fullTGDs	54689			newNonFullTGDs	0		newFullTGDs	3557
nonFullTGDs	1336		fullTGDs	54789			newNonFullTGDs	0		newFullTGDs	3457
nonFullTGDs	1336		fullTGDs	54889			newNonFullTGDs	0		newFullTGDs	3357
nonFullTGDs	1336		fullTGDs	54989			newNonFullTGDs	0		newFullTGDs	3257
nonFullTGDs	1336		fullTGDs	55089			newNonFullTGDs	0		newFullTGDs	3157
nonFullTGDs	1336		fullTGDs	55189			newNonFullTGDs	0		newFullTGDs	3057
nonFullTGDs	1336		fullTGDs	55289			newNonFullTGDs	0		newFullTGDs	2957
nonFullTGDs	1336		fullTGDs	55389			newNonFullTGDs	0		newFullTGDs	2857
nonFullTGDs	1336		fullTGDs	55489			newNonFullTGDs	0		newFullTGDs	2757
nonFullTGDs	1336		fullTGDs	55589			newNonFullTGDs	0		newFullTGDs	2657
nonFullTGDs	1336		fullTGDs	55688			newNonFullTGDs	0		newFullTGDs	2558
nonFullTGDs	1336		fullTGDs	55787			newNonFullTGDs	0		newFullTGDs	2459
nonFullTGDs	1336		fullTGDs	55887			newNonFullTGDs	0		newFullTGDs	2359
nonFullTGDs	1336		fullTGDs	55987			newNonFullTGDs	0		newFullTGDs	2259
nonFullTGDs	1336		fullTGDs	56087			newNonFullTGDs	0		newFullTGDs	2159
nonFullTGDs	1336		fullTGDs	56187			newNonFullTGDs	0		newFullTGDs	2059
nonFullTGDs	1336		fullTGDs	56287			newNonFullTGDs	0		newFullTGDs	1959
nonFullTGDs	1336		fullTGDs	56387			newNonFullTGDs	0		newFullTGDs	1859
nonFullTGDs	1336		fullTGDs	56486			newNonFullTGDs	0		newFullTGDs	1760
nonFullTGDs	1336		fullTGDs	56586			newNonFullTGDs	0		newFullTGDs	1660
nonFullTGDs	1336		fullTGDs	56686			newNonFullTGDs	0		newFullTGDs	1560
nonFullTGDs	1336		fullTGDs	56780			newNonFullTGDs	0		newFullTGDs	1466
nonFullTGDs	1336		fullTGDs	56880			newNonFullTGDs	0		newFullTGDs	1366
nonFullTGDs	1336		fullTGDs	56978			newNonFullTGDs	0		newFullTGDs	1268
nonFullTGDs	1336		fullTGDs	57077			newNonFullTGDs	0		newFullTGDs	1169
nonFullTGDs	1336		fullTGDs	57177			newNonFullTGDs	0		newFullTGDs	1069
nonFullTGDs	1336		fullTGDs	57277			newNonFullTGDs	0		newFullTGDs	969
nonFullTGDs	1336		fullTGDs	57377			newNonFullTGDs	0		newFullTGDs	869
nonFullTGDs	1336		fullTGDs	57477			newNonFullTGDs	0		newFullTGDs	769
nonFullTGDs	1336		fullTGDs	57577			newNonFullTGDs	0		newFullTGDs	669
nonFullTGDs	1336		fullTGDs	57677			newNonFullTGDs	0		newFullTGDs	569
nonFullTGDs	1336		fullTGDs	57777			newNonFullTGDs	0		newFullTGDs	469
nonFullTGDs	1336		fullTGDs	57877			newNonFullTGDs	0		newFullTGDs	369
nonFullTGDs	1336		fullTGDs	57973			newNonFullTGDs	0		newFullTGDs	273
nonFullTGDs	1336		fullTGDs	58072			newNonFullTGDs	0		newFullTGDs	174
nonFullTGDs	1336		fullTGDs	58172			newNonFullTGDs	0		newFullTGDs	74
Dec 07, 2021 2:54:56 PM uk.ac.ox.cs.gsat.SaturationStatistics log
INFO: # initial TGDs: 1297 , 1336
Dec 07, 2021 2:54:56 PM uk.ac.ox.cs.gsat.SaturationStatistics log
INFO: SkSat total time : 28602 ms = 28.60 s
Dec 07, 2021 2:54:56 PM uk.ac.ox.cs.gsat.SaturationStatistics log
INFO: Subsumed elements : 388
Dec 07, 2021 2:54:56 PM uk.ac.ox.cs.gsat.SaturationStatistics log
INFO: Filter discarded elements : 39807
Dec 07, 2021 2:54:56 PM uk.ac.ox.cs.gsat.SaturationStatistics log
INFO: subsumption time: 26278 ms = 26.28 s
Dec 07, 2021 2:54:56 PM uk.ac.ox.cs.gsat.SaturationStatistics log
INFO: forward subsumption time: 217 ms = 0.22 s
Dec 07, 2021 2:54:56 PM uk.ac.ox.cs.gsat.SaturationStatistics log
INFO: backward subsumption time: 26061 ms = 26.06 s
Dec 07, 2021 2:54:56 PM uk.ac.ox.cs.gsat.SaturationStatistics log
INFO: Derived full/non full TGDs: 57980 , 0
Dec 07, 2021 2:54:56 PM uk.ac.ox.cs.gsat.SaturationStatistics log
INFO: discarded tautology count: 643
Dec 07, 2021 2:54:56 PM uk.ac.ox.cs.gsat.EvolveStatistics log
INFO: Stop because subsumed: 189
Dec 07, 2021 2:54:56 PM uk.ac.ox.cs.gsat.EvolveStatistics log
INFO: evolved equals to current: 0
Dec 07, 2021 2:54:56 PM uk.ac.ox.cs.gsat.EvolveStatistics log
INFO: evolved time: 680 ms = 0.68 s
Dec 07, 2021 2:54:56 PM uk.ac.ox.cs.gsat.EvolveStatistics log
INFO: evolve count: 57980
Dec 07, 2021 2:54:56 PM uk.ac.ox.cs.gsat.SkolemStatistics log
INFO: maximum number of Skolem atoms in body: 1
Dec 07, 2021 2:54:56 PM uk.ac.ox.cs.gsat.SkolemStatistics log
INFO: left derived TGD with Skolem in the body: 0
Dec 07, 2021 2:54:56 PM uk.ac.ox.cs.gsat.SkolemStatistics log
INFO: right derived TGD with Skolem in the body: 57791
Dec 07, 2021 2:54:56 PM uk.ac.ox.cs.gsat.SkolemStatistics log
INFO: derived TGD with more than two Skolem atoms in the body: 0
Dec 07, 2021 2:54:56 PM uk.ac.ox.cs.gsat.AbstractSaturation run
INFO: ouptput full TGDs not contained in the input: 189
Dec 07, 2021 2:54:56 PM uk.ac.ox.cs.gsat.App executeAllSteps
INFO: Rewriting completed!
Full TGD saturation: (1486 dependecies)
Dec 07, 2021 2:54:56 PM uk.ac.ox.cs.gsat.App executeAllSteps
INFO: Writing the saturation in the Datalog file 00373.rul
