Starting Saturation...
Executing from DLGP files
SLF4J: Failed to load class "org.slf4j.impl.StaticLoggerBinder".
SLF4J: Defaulting to no-operation (NOP) logger implementation
SLF4J: See http://www.slf4j.org/codes.html#StaticLoggerBinder for further details.
# Rules: 1909; # Atoms: 0; # AtomSets: 0; # Queries: 0; # Constraints: 0
Full TGD saturation algorithm: Skolem Sat
Running SkSat...
Dec 07, 2021 6:44:24 PM uk.ac.ox.cs.gsat.AbstractSaturation run
INFO: SkSat discarded rules : 0/1909 = 0.000%
SkSat discarded rules : 0/1909 = 0.000%
Dec 07, 2021 6:44:24 PM uk.ac.ox.cs.gsat.AbstractSaturation run
INFO: Subsumption method : tree_predicate
length of the formulas: 2.0452945
number of bags: 0
length of the formulas: 2.0452945
number of bags: 0
nonFullTGDs	0		fullTGDs	1659			newNonFullTGDs	328		newFullTGDs	0
nonFullTGDs	100		fullTGDs	1659			newNonFullTGDs	288		newFullTGDs	307
nonFullTGDs	200		fullTGDs	1659			newNonFullTGDs	249		newFullTGDs	618
nonFullTGDs	300		fullTGDs	1659			newNonFullTGDs	200		newFullTGDs	1068
nonFullTGDs	400		fullTGDs	1659			newNonFullTGDs	164		newFullTGDs	1358
nonFullTGDs	500		fullTGDs	1659			newNonFullTGDs	128		newFullTGDs	1662
nonFullTGDs	600		fullTGDs	1659			newNonFullTGDs	90		newFullTGDs	2001
nonFullTGDs	700		fullTGDs	1659			newNonFullTGDs	54		newFullTGDs	2334
nonFullTGDs	800		fullTGDs	1659			newNonFullTGDs	12		newFullTGDs	2734
nonFullTGDs	835		fullTGDs	1723			newNonFullTGDs	0		newFullTGDs	2848
nonFullTGDs	835		fullTGDs	1822			newNonFullTGDs	0		newFullTGDs	2821
nonFullTGDs	835		fullTGDs	1917			newNonFullTGDs	0		newFullTGDs	2727
nonFullTGDs	835		fullTGDs	2014			newNonFullTGDs	0		newFullTGDs	2632
nonFullTGDs	835		fullTGDs	2113			newNonFullTGDs	0		newFullTGDs	2533
nonFullTGDs	835		fullTGDs	2209			newNonFullTGDs	0		newFullTGDs	2449
nonFullTGDs	835		fullTGDs	2307			newNonFullTGDs	0		newFullTGDs	2352
nonFullTGDs	835		fullTGDs	2403			newNonFullTGDs	0		newFullTGDs	2328
nonFullTGDs	835		fullTGDs	2501			newNonFullTGDs	0		newFullTGDs	2230
nonFullTGDs	835		fullTGDs	2599			newNonFullTGDs	0		newFullTGDs	2205
nonFullTGDs	835		fullTGDs	2698			newNonFullTGDs	0		newFullTGDs	2106
nonFullTGDs	835		fullTGDs	2789			newNonFullTGDs	0		newFullTGDs	2021
nonFullTGDs	835		fullTGDs	2881			newNonFullTGDs	0		newFullTGDs	1935
nonFullTGDs	835		fullTGDs	2975			newNonFullTGDs	0		newFullTGDs	1843
nonFullTGDs	835		fullTGDs	3070			newNonFullTGDs	0		newFullTGDs	1753
nonFullTGDs	835		fullTGDs	3166			newNonFullTGDs	0		newFullTGDs	1675
nonFullTGDs	835		fullTGDs	3266			newNonFullTGDs	0		newFullTGDs	1575
nonFullTGDs	835		fullTGDs	3366			newNonFullTGDs	0		newFullTGDs	1475
nonFullTGDs	835		fullTGDs	3466			newNonFullTGDs	0		newFullTGDs	1375
nonFullTGDs	835		fullTGDs	3565			newNonFullTGDs	0		newFullTGDs	1276
nonFullTGDs	835		fullTGDs	3659			newNonFullTGDs	0		newFullTGDs	1186
nonFullTGDs	835		fullTGDs	3753			newNonFullTGDs	0		newFullTGDs	1092
nonFullTGDs	835		fullTGDs	3850			newNonFullTGDs	0		newFullTGDs	994
nonFullTGDs	835		fullTGDs	3947			newNonFullTGDs	0		newFullTGDs	896
nonFullTGDs	835		fullTGDs	4044			newNonFullTGDs	0		newFullTGDs	799
nonFullTGDs	835		fullTGDs	4141			newNonFullTGDs	0		newFullTGDs	703
nonFullTGDs	835		fullTGDs	4239			newNonFullTGDs	0		newFullTGDs	606
nonFullTGDs	835		fullTGDs	4337			newNonFullTGDs	0		newFullTGDs	517
nonFullTGDs	835		fullTGDs	4435			newNonFullTGDs	0		newFullTGDs	419
nonFullTGDs	835		fullTGDs	4535			newNonFullTGDs	0		newFullTGDs	319
nonFullTGDs	835		fullTGDs	4635			newNonFullTGDs	0		newFullTGDs	219
nonFullTGDs	835		fullTGDs	4735			newNonFullTGDs	0		newFullTGDs	119
nonFullTGDs	835		fullTGDs	4834			newNonFullTGDs	0		newFullTGDs	20
Dec 07, 2021 6:44:25 PM uk.ac.ox.cs.gsat.SaturationStatistics log
INFO: # initial TGDs: 1659 , 328
Dec 07, 2021 6:44:25 PM uk.ac.ox.cs.gsat.SaturationStatistics log
INFO: SkSat total time : 721 ms = 0.72 s
Dec 07, 2021 6:44:25 PM uk.ac.ox.cs.gsat.SaturationStatistics log
INFO: Subsumed elements : 102
Dec 07, 2021 6:44:25 PM uk.ac.ox.cs.gsat.SaturationStatistics log
INFO: Filter discarded elements : 483
Dec 07, 2021 6:44:25 PM uk.ac.ox.cs.gsat.SaturationStatistics log
INFO: subsumption time: 306 ms = 0.31 s
Dec 07, 2021 6:44:25 PM uk.ac.ox.cs.gsat.SaturationStatistics log
INFO: forward subsumption time: 25 ms = 0.03 s
Dec 07, 2021 6:44:25 PM uk.ac.ox.cs.gsat.SaturationStatistics log
INFO: backward subsumption time: 280 ms = 0.28 s
Dec 07, 2021 6:44:25 PM uk.ac.ox.cs.gsat.SaturationStatistics log
INFO: Derived full/non full TGDs: 3333 , 516
Dec 07, 2021 6:44:25 PM uk.ac.ox.cs.gsat.SaturationStatistics log
INFO: discarded tautology count: 45
Dec 07, 2021 6:44:25 PM uk.ac.ox.cs.gsat.EvolveStatistics log
INFO: Stop because subsumed: 88
Dec 07, 2021 6:44:25 PM uk.ac.ox.cs.gsat.EvolveStatistics log
INFO: evolved equals to current: 0
Dec 07, 2021 6:44:25 PM uk.ac.ox.cs.gsat.EvolveStatistics log
INFO: evolved time: 104 ms = 0.10 s
Dec 07, 2021 6:44:25 PM uk.ac.ox.cs.gsat.EvolveStatistics log
INFO: evolve count: 4020
Dec 07, 2021 6:44:25 PM uk.ac.ox.cs.gsat.SkolemStatistics log
INFO: maximum number of Skolem atoms in body: 1
Dec 07, 2021 6:44:25 PM uk.ac.ox.cs.gsat.SkolemStatistics log
INFO: left derived TGD with Skolem in the body: 0
Dec 07, 2021 6:44:25 PM uk.ac.ox.cs.gsat.SkolemStatistics log
INFO: right derived TGD with Skolem in the body: 3245
Dec 07, 2021 6:44:25 PM uk.ac.ox.cs.gsat.SkolemStatistics log
INFO: derived TGD with more than two Skolem atoms in the body: 0
Dec 07, 2021 6:44:25 PM uk.ac.ox.cs.gsat.AbstractSaturation run
INFO: ouptput full TGDs not contained in the input: 88
Dec 07, 2021 6:44:25 PM uk.ac.ox.cs.gsat.App executeAllSteps
INFO: Rewriting completed!
Full TGD saturation: (1747 dependecies)
Dec 07, 2021 6:44:25 PM uk.ac.ox.cs.gsat.App executeAllSteps
INFO: Writing the saturation in the Datalog file 00446.rul
