Starting Saturation...
Executing from DLGP files
SLF4J: Failed to load class "org.slf4j.impl.StaticLoggerBinder".
SLF4J: Defaulting to no-operation (NOP) logger implementation
SLF4J: See http://www.slf4j.org/codes.html#StaticLoggerBinder for further details.
# Rules: 3251; # Atoms: 0; # AtomSets: 0; # Queries: 0; # Constraints: 0
Full TGD saturation algorithm: Skolem Sat
Running SkSat...
Dec 07, 2021 6:52:21 PM uk.ac.ox.cs.gsat.AbstractSaturation run
INFO: SkSat discarded rules : 0/3251 = 0.000%
SkSat discarded rules : 0/3251 = 0.000%
Dec 07, 2021 6:52:21 PM uk.ac.ox.cs.gsat.AbstractSaturation run
INFO: Subsumption method : tree_predicate
length of the formulas: 2.021103
number of bags: 0
length of the formulas: 2.021103
number of bags: 0
nonFullTGDs	0		fullTGDs	2838			newNonFullTGDs	716		newFullTGDs	0
nonFullTGDs	100		fullTGDs	2838			newNonFullTGDs	691		newFullTGDs	58
nonFullTGDs	200		fullTGDs	2838			newNonFullTGDs	666		newFullTGDs	122
nonFullTGDs	300		fullTGDs	2838			newNonFullTGDs	639		newFullTGDs	248
nonFullTGDs	400		fullTGDs	2838			newNonFullTGDs	611		newFullTGDs	386
nonFullTGDs	500		fullTGDs	2838			newNonFullTGDs	584		newFullTGDs	505
nonFullTGDs	600		fullTGDs	2838			newNonFullTGDs	560		newFullTGDs	617
nonFullTGDs	700		fullTGDs	2838			newNonFullTGDs	534		newFullTGDs	722
nonFullTGDs	800		fullTGDs	2838			newNonFullTGDs	506		newFullTGDs	878
nonFullTGDs	900		fullTGDs	2838			newNonFullTGDs	477		newFullTGDs	1003
nonFullTGDs	1000		fullTGDs	2838			newNonFullTGDs	449		newFullTGDs	1143
nonFullTGDs	1100		fullTGDs	2838			newNonFullTGDs	422		newFullTGDs	1268
nonFullTGDs	1200		fullTGDs	2838			newNonFullTGDs	396		newFullTGDs	1335
nonFullTGDs	1300		fullTGDs	2838			newNonFullTGDs	371		newFullTGDs	1416
nonFullTGDs	1400		fullTGDs	2838			newNonFullTGDs	351		newFullTGDs	1448
nonFullTGDs	1500		fullTGDs	2838			newNonFullTGDs	332		newFullTGDs	1504
nonFullTGDs	1600		fullTGDs	2838			newNonFullTGDs	309		newFullTGDs	1550
nonFullTGDs	1700		fullTGDs	2838			newNonFullTGDs	282		newFullTGDs	1646
nonFullTGDs	1800		fullTGDs	2838			newNonFullTGDs	254		newFullTGDs	1757
nonFullTGDs	1900		fullTGDs	2838			newNonFullTGDs	231		newFullTGDs	1773
nonFullTGDs	2000		fullTGDs	2838			newNonFullTGDs	201		newFullTGDs	1852
nonFullTGDs	2100		fullTGDs	2838			newNonFullTGDs	173		newFullTGDs	1993
nonFullTGDs	2200		fullTGDs	2838			newNonFullTGDs	145		newFullTGDs	2137
nonFullTGDs	2300		fullTGDs	2838			newNonFullTGDs	118		newFullTGDs	2272
nonFullTGDs	2400		fullTGDs	2838			newNonFullTGDs	89		newFullTGDs	2399
nonFullTGDs	2500		fullTGDs	2838			newNonFullTGDs	61		newFullTGDs	2534
nonFullTGDs	2600		fullTGDs	2838			newNonFullTGDs	33		newFullTGDs	2689
nonFullTGDs	2700		fullTGDs	2838			newNonFullTGDs	7		newFullTGDs	2766
nonFullTGDs	2723		fullTGDs	2915			newNonFullTGDs	0		newFullTGDs	2718
nonFullTGDs	2723		fullTGDs	3015			newNonFullTGDs	0		newFullTGDs	2618
nonFullTGDs	2723		fullTGDs	3109			newNonFullTGDs	0		newFullTGDs	2524
nonFullTGDs	2723		fullTGDs	3200			newNonFullTGDs	0		newFullTGDs	2437
nonFullTGDs	2723		fullTGDs	3299			newNonFullTGDs	0		newFullTGDs	2340
nonFullTGDs	2723		fullTGDs	3399			newNonFullTGDs	0		newFullTGDs	2240
nonFullTGDs	2723		fullTGDs	3498			newNonFullTGDs	0		newFullTGDs	2141
nonFullTGDs	2723		fullTGDs	3598			newNonFullTGDs	0		newFullTGDs	2041
nonFullTGDs	2723		fullTGDs	3696			newNonFullTGDs	0		newFullTGDs	1946
nonFullTGDs	2723		fullTGDs	3794			newNonFullTGDs	0		newFullTGDs	1851
nonFullTGDs	2723		fullTGDs	3891			newNonFullTGDs	0		newFullTGDs	1758
nonFullTGDs	2723		fullTGDs	3989			newNonFullTGDs	0		newFullTGDs	1660
nonFullTGDs	2723		fullTGDs	4089			newNonFullTGDs	0		newFullTGDs	1560
nonFullTGDs	2723		fullTGDs	4189			newNonFullTGDs	0		newFullTGDs	1460
nonFullTGDs	2723		fullTGDs	4288			newNonFullTGDs	0		newFullTGDs	1363
nonFullTGDs	2723		fullTGDs	4387			newNonFullTGDs	0		newFullTGDs	1266
nonFullTGDs	2723		fullTGDs	4486			newNonFullTGDs	0		newFullTGDs	1167
nonFullTGDs	2723		fullTGDs	4586			newNonFullTGDs	0		newFullTGDs	1067
nonFullTGDs	2723		fullTGDs	4685			newNonFullTGDs	0		newFullTGDs	971
nonFullTGDs	2723		fullTGDs	4785			newNonFullTGDs	0		newFullTGDs	871
nonFullTGDs	2723		fullTGDs	4883			newNonFullTGDs	0		newFullTGDs	789
nonFullTGDs	2723		fullTGDs	4978			newNonFullTGDs	0		newFullTGDs	694
nonFullTGDs	2723		fullTGDs	5078			newNonFullTGDs	0		newFullTGDs	594
nonFullTGDs	2723		fullTGDs	5178			newNonFullTGDs	0		newFullTGDs	494
nonFullTGDs	2723		fullTGDs	5278			newNonFullTGDs	0		newFullTGDs	394
nonFullTGDs	2723		fullTGDs	5374			newNonFullTGDs	0		newFullTGDs	305
nonFullTGDs	2723		fullTGDs	5473			newNonFullTGDs	0		newFullTGDs	208
nonFullTGDs	2723		fullTGDs	5570			newNonFullTGDs	0		newFullTGDs	114
nonFullTGDs	2723		fullTGDs	5670			newNonFullTGDs	0		newFullTGDs	14
Dec 07, 2021 6:52:22 PM uk.ac.ox.cs.gsat.SaturationStatistics log
INFO: # initial TGDs: 2838 , 716
Dec 07, 2021 6:52:22 PM uk.ac.ox.cs.gsat.SaturationStatistics log
INFO: SkSat total time : 912 ms = 0.91 s
Dec 07, 2021 6:52:22 PM uk.ac.ox.cs.gsat.SaturationStatistics log
INFO: Subsumed elements : 1411
Dec 07, 2021 6:52:22 PM uk.ac.ox.cs.gsat.SaturationStatistics log
INFO: Filter discarded elements : 1345
Dec 07, 2021 6:52:22 PM uk.ac.ox.cs.gsat.SaturationStatistics log
INFO: subsumption time: 366 ms = 0.37 s
Dec 07, 2021 6:52:22 PM uk.ac.ox.cs.gsat.SaturationStatistics log
INFO: forward subsumption time: 38 ms = 0.04 s
Dec 07, 2021 6:52:22 PM uk.ac.ox.cs.gsat.SaturationStatistics log
INFO: backward subsumption time: 327 ms = 0.33 s
Dec 07, 2021 6:52:22 PM uk.ac.ox.cs.gsat.SaturationStatistics log
INFO: Derived full/non full TGDs: 3323 , 2999
Dec 07, 2021 6:52:22 PM uk.ac.ox.cs.gsat.SaturationStatistics log
INFO: discarded tautology count: 39
Dec 07, 2021 6:52:22 PM uk.ac.ox.cs.gsat.EvolveStatistics log
INFO: Stop because subsumed: 88
Dec 07, 2021 6:52:22 PM uk.ac.ox.cs.gsat.EvolveStatistics log
INFO: evolved equals to current: 0
Dec 07, 2021 6:52:22 PM uk.ac.ox.cs.gsat.EvolveStatistics log
INFO: evolved time: 151 ms = 0.15 s
Dec 07, 2021 6:52:22 PM uk.ac.ox.cs.gsat.EvolveStatistics log
INFO: evolve count: 6681
Dec 07, 2021 6:52:22 PM uk.ac.ox.cs.gsat.SkolemStatistics log
INFO: maximum number of Skolem atoms in body: 1
Dec 07, 2021 6:52:22 PM uk.ac.ox.cs.gsat.SkolemStatistics log
INFO: left derived TGD with Skolem in the body: 0
Dec 07, 2021 6:52:22 PM uk.ac.ox.cs.gsat.SkolemStatistics log
INFO: right derived TGD with Skolem in the body: 2879
Dec 07, 2021 6:52:22 PM uk.ac.ox.cs.gsat.SkolemStatistics log
INFO: derived TGD with more than two Skolem atoms in the body: 0
Dec 07, 2021 6:52:22 PM uk.ac.ox.cs.gsat.AbstractSaturation run
INFO: ouptput full TGDs not contained in the input: 309
Dec 07, 2021 6:52:22 PM uk.ac.ox.cs.gsat.App executeAllSteps
INFO: Rewriting completed!
Full TGD saturation: (3147 dependecies)
Dec 07, 2021 6:52:22 PM uk.ac.ox.cs.gsat.App executeAllSteps
INFO: Writing the saturation in the Datalog file 00450.rul
