Starting Saturation...
Executing from DLGP files
SLF4J: Failed to load class "org.slf4j.impl.StaticLoggerBinder".
SLF4J: Defaulting to no-operation (NOP) logger implementation
SLF4J: See http://www.slf4j.org/codes.html#StaticLoggerBinder for further details.
# Rules: 58169; # Atoms: 0; # AtomSets: 0; # Queries: 0; # Constraints: 0
Full TGD saturation algorithm: Skolem Sat
Running SkSat...
Dec 07, 2021 8:27:17 PM uk.ac.ox.cs.gsat.AbstractSaturation run
INFO: SkSat discarded rules : 0/58169 = 0.000%
SkSat discarded rules : 0/58169 = 0.000%
Dec 07, 2021 8:27:19 PM uk.ac.ox.cs.gsat.AbstractSaturation run
INFO: Subsumption method : tree_predicate
length of the formulas: 2.1153932
number of bags: 0
length of the formulas: 2.1153932
number of bags: 0
nonFullTGDs	0		fullTGDs	46980			newNonFullTGDs	15554		newFullTGDs	0
nonFullTGDs	100		fullTGDs	46980			newNonFullTGDs	15542		newFullTGDs	2634
nonFullTGDs	200		fullTGDs	46980			newNonFullTGDs	15516		newFullTGDs	3950
nonFullTGDs	300		fullTGDs	46980			newNonFullTGDs	15494		newFullTGDs	3950
nonFullTGDs	400		fullTGDs	46980			newNonFullTGDs	15469		newFullTGDs	6427
nonFullTGDs	500		fullTGDs	46980			newNonFullTGDs	15450		newFullTGDs	6427
nonFullTGDs	600		fullTGDs	46980			newNonFullTGDs	15431		newFullTGDs	6427
nonFullTGDs	700		fullTGDs	46980			newNonFullTGDs	15407		newFullTGDs	6427
nonFullTGDs	800		fullTGDs	46980			newNonFullTGDs	15397		newFullTGDs	6427
nonFullTGDs	900		fullTGDs	46980			newNonFullTGDs	15381		newFullTGDs	6427
nonFullTGDs	1000		fullTGDs	46980			newNonFullTGDs	15368		newFullTGDs	12665
nonFullTGDs	1100		fullTGDs	46980			newNonFullTGDs	15354		newFullTGDs	12665
nonFullTGDs	1200		fullTGDs	46980			newNonFullTGDs	15343		newFullTGDs	13982
nonFullTGDs	1300		fullTGDs	46980			newNonFullTGDs	15332		newFullTGDs	20220
nonFullTGDs	1400		fullTGDs	46980			newNonFullTGDs	15322		newFullTGDs	20220
nonFullTGDs	1500		fullTGDs	46980			newNonFullTGDs	15307		newFullTGDs	20220
nonFullTGDs	1600		fullTGDs	46980			newNonFullTGDs	15297		newFullTGDs	20220
nonFullTGDs	1700		fullTGDs	46980			newNonFullTGDs	15288		newFullTGDs	20220
nonFullTGDs	1800		fullTGDs	46980			newNonFullTGDs	15270		newFullTGDs	20220
nonFullTGDs	1900		fullTGDs	46980			newNonFullTGDs	15257		newFullTGDs	20220
nonFullTGDs	2000		fullTGDs	46980			newNonFullTGDs	15247		newFullTGDs	20220
nonFullTGDs	2100		fullTGDs	46980			newNonFullTGDs	15232		newFullTGDs	20220
nonFullTGDs	2200		fullTGDs	46980			newNonFullTGDs	15204		newFullTGDs	20220
nonFullTGDs	2300		fullTGDs	46980			newNonFullTGDs	15176		newFullTGDs	20220
nonFullTGDs	2400		fullTGDs	46980			newNonFullTGDs	15155		newFullTGDs	20220
nonFullTGDs	2500		fullTGDs	46980			newNonFullTGDs	15137		newFullTGDs	20220
nonFullTGDs	2600		fullTGDs	46980			newNonFullTGDs	15115		newFullTGDs	22854
nonFullTGDs	2700		fullTGDs	46980			newNonFullTGDs	15094		newFullTGDs	22854
nonFullTGDs	2800		fullTGDs	46980			newNonFullTGDs	15083		newFullTGDs	26646
nonFullTGDs	2900		fullTGDs	46980			newNonFullTGDs	15060		newFullTGDs	31566
nonFullTGDs	3000		fullTGDs	46980			newNonFullTGDs	15036		newFullTGDs	31566
nonFullTGDs	3100		fullTGDs	46980			newNonFullTGDs	15009		newFullTGDs	31566
nonFullTGDs	3200		fullTGDs	46980			newNonFullTGDs	14985		newFullTGDs	32882
nonFullTGDs	3300		fullTGDs	46980			newNonFullTGDs	14958		newFullTGDs	34199
nonFullTGDs	3400		fullTGDs	46980			newNonFullTGDs	14926		newFullTGDs	34199
nonFullTGDs	3500		fullTGDs	46980			newNonFullTGDs	14900		newFullTGDs	34199
nonFullTGDs	3600		fullTGDs	46980			newNonFullTGDs	14884		newFullTGDs	35516
nonFullTGDs	3700		fullTGDs	46980			newNonFullTGDs	14875		newFullTGDs	44231
nonFullTGDs	3800		fullTGDs	46980			newNonFullTGDs	14864		newFullTGDs	54223
nonFullTGDs	3900		fullTGDs	46980			newNonFullTGDs	14858		newFullTGDs	62934
nonFullTGDs	4000		fullTGDs	46980			newNonFullTGDs	14854		newFullTGDs	69169
nonFullTGDs	4100		fullTGDs	46980			newNonFullTGDs	14827		newFullTGDs	77850
nonFullTGDs	4200		fullTGDs	46980			newNonFullTGDs	14804		newFullTGDs	77850
nonFullTGDs	4300		fullTGDs	46980			newNonFullTGDs	14792		newFullTGDs	84085
nonFullTGDs	4400		fullTGDs	46980			newNonFullTGDs	14777		newFullTGDs	91639
nonFullTGDs	4500		fullTGDs	46980			newNonFullTGDs	14765		newFullTGDs	102793
nonFullTGDs	4600		fullTGDs	46980			newNonFullTGDs	14749		newFullTGDs	119061
nonFullTGDs	4700		fullTGDs	46980			newNonFullTGDs	14730		newFullTGDs	133978
nonFullTGDs	4800		fullTGDs	46980			newNonFullTGDs	14710		newFullTGDs	148901
nonFullTGDs	4900		fullTGDs	46980			newNonFullTGDs	14700		newFullTGDs	155136
nonFullTGDs	5000		fullTGDs	46980			newNonFullTGDs	14680		newFullTGDs	155136
nonFullTGDs	5100		fullTGDs	46980			newNonFullTGDs	14656		newFullTGDs	155136
nonFullTGDs	5200		fullTGDs	46980			newNonFullTGDs	14638		newFullTGDs	155136
nonFullTGDs	5300		fullTGDs	46980			newNonFullTGDs	14614		newFullTGDs	155136
nonFullTGDs	5400		fullTGDs	46980			newNonFullTGDs	14597		newFullTGDs	160247
nonFullTGDs	5500		fullTGDs	46980			newNonFullTGDs	14566		newFullTGDs	167580
nonFullTGDs	5600		fullTGDs	46980			newNonFullTGDs	14546		newFullTGDs	168896
nonFullTGDs	5700		fullTGDs	46980			newNonFullTGDs	14525		newFullTGDs	176449
nonFullTGDs	5800		fullTGDs	46980			newNonFullTGDs	14497		newFullTGDs	178893
nonFullTGDs	5900		fullTGDs	46980			newNonFullTGDs	14487		newFullTGDs	185131
nonFullTGDs	6000		fullTGDs	46980			newNonFullTGDs	14465		newFullTGDs	185131
nonFullTGDs	6100		fullTGDs	46980			newNonFullTGDs	14448		newFullTGDs	185131
nonFullTGDs	6200		fullTGDs	46980			newNonFullTGDs	14425		newFullTGDs	186448
nonFullTGDs	6300		fullTGDs	46980			newNonFullTGDs	14406		newFullTGDs	186448
nonFullTGDs	6400		fullTGDs	46980			newNonFullTGDs	14383		newFullTGDs	186448
nonFullTGDs	6500		fullTGDs	46980			newNonFullTGDs	14362		newFullTGDs	187765
nonFullTGDs	6600		fullTGDs	46980			newNonFullTGDs	14350		newFullTGDs	197607
nonFullTGDs	6700		fullTGDs	46980			newNonFullTGDs	14335		newFullTGDs	197607
nonFullTGDs	6800		fullTGDs	46980			newNonFullTGDs	14306		newFullTGDs	222556
nonFullTGDs	6900		fullTGDs	46980			newNonFullTGDs	14276		newFullTGDs	253743
nonFullTGDs	7000		fullTGDs	46980			newNonFullTGDs	14243		newFullTGDs	287409
Dec 07, 2021 8:37:19 PM uk.ac.ox.cs.gsat.SaturationStatistics log
INFO: # initial TGDs: 46980 , 15554
Dec 07, 2021 8:37:19 PM uk.ac.ox.cs.gsat.SaturationStatistics log
INFO: SkSat total time : 601118 ms = 601.12 s
Dec 07, 2021 8:37:19 PM uk.ac.ox.cs.gsat.SaturationStatistics log
INFO: Subsumed elements : 1943
Dec 07, 2021 8:37:19 PM uk.ac.ox.cs.gsat.SaturationStatistics log
INFO: Filter discarded elements : 0
Dec 07, 2021 8:37:19 PM uk.ac.ox.cs.gsat.SaturationStatistics log
INFO: subsumption time: 588921 ms = 588.92 s
Dec 07, 2021 8:37:19 PM uk.ac.ox.cs.gsat.SaturationStatistics log
INFO: forward subsumption time: 1762 ms = 1.76 s
Dec 07, 2021 8:37:19 PM uk.ac.ox.cs.gsat.SaturationStatistics log
INFO: backward subsumption time: 587159 ms = 587.16 s
Dec 07, 2021 8:37:19 PM uk.ac.ox.cs.gsat.SaturationStatistics log
INFO: Derived full/non full TGDs: 289142 , 7355
Dec 07, 2021 8:37:19 PM uk.ac.ox.cs.gsat.SaturationStatistics log
INFO: discarded tautology count: 138
Dec 07, 2021 8:37:19 PM uk.ac.ox.cs.gsat.SaturationStatistics log
INFO: !!! TIME OUT !!!
Dec 07, 2021 8:37:19 PM uk.ac.ox.cs.gsat.EvolveStatistics log
INFO: Stop because subsumed: 0
Dec 07, 2021 8:37:19 PM uk.ac.ox.cs.gsat.EvolveStatistics log
INFO: evolved equals to current: 0
Dec 07, 2021 8:37:19 PM uk.ac.ox.cs.gsat.EvolveStatistics log
INFO: evolved time: 2437 ms = 2.44 s
Dec 07, 2021 8:37:19 PM uk.ac.ox.cs.gsat.EvolveStatistics log
INFO: evolve count: 296697
Dec 07, 2021 8:37:19 PM uk.ac.ox.cs.gsat.SkolemStatistics log
INFO: maximum number of Skolem atoms in body: 1
Dec 07, 2021 8:37:19 PM uk.ac.ox.cs.gsat.SkolemStatistics log
INFO: left derived TGD with Skolem in the body: 0
Dec 07, 2021 8:37:19 PM uk.ac.ox.cs.gsat.SkolemStatistics log
INFO: right derived TGD with Skolem in the body: 289142
Dec 07, 2021 8:37:19 PM uk.ac.ox.cs.gsat.SkolemStatistics log
INFO: derived TGD with more than two Skolem atoms in the body: 0
Dec 07, 2021 8:37:19 PM uk.ac.ox.cs.gsat.AbstractSaturation run
INFO: ouptput full TGDs not contained in the input: 0
Dec 07, 2021 8:37:19 PM uk.ac.ox.cs.gsat.App executeAllSteps
INFO: Rewriting completed!
Full TGD saturation: (46980 dependecies)
Dec 07, 2021 8:37:19 PM uk.ac.ox.cs.gsat.App executeAllSteps
INFO: Writing the saturation in the Datalog file 00486.rul
