Starting Saturation...
Executing from DLGP files
SLF4J: Failed to load class "org.slf4j.impl.StaticLoggerBinder".
SLF4J: Defaulting to no-operation (NOP) logger implementation
SLF4J: See http://www.slf4j.org/codes.html#StaticLoggerBinder for further details.
# Rules: 2560; # Atoms: 0; # AtomSets: 0; # Queries: 0; # Constraints: 0
Full TGD saturation algorithm: Skolem Sat
Running SkSat...
Dec 08, 2021 3:14:12 AM uk.ac.ox.cs.gsat.AbstractSaturation run
INFO: SkSat discarded rules : 0/2560 = 0.000%
SkSat discarded rules : 0/2560 = 0.000%
Dec 08, 2021 3:14:12 AM uk.ac.ox.cs.gsat.AbstractSaturation run
INFO: Subsumption method : tree_predicate
length of the formulas: 2.151869
number of bags: 0
length of the formulas: 2.151869
number of bags: 0
nonFullTGDs	0		fullTGDs	2550			newNonFullTGDs	18		newFullTGDs	0
nonFullTGDs	100		fullTGDs	2550			newNonFullTGDs	27		newFullTGDs	7
nonFullTGDs	200		fullTGDs	2550			newNonFullTGDs	4		newFullTGDs	7
Dec 08, 2021 3:14:12 AM uk.ac.ox.cs.gsat.SaturationStatistics log
INFO: # initial TGDs: 2550 , 18
Dec 08, 2021 3:14:12 AM uk.ac.ox.cs.gsat.SaturationStatistics log
INFO: SkSat total time : 246 ms = 0.25 s
Dec 08, 2021 3:14:12 AM uk.ac.ox.cs.gsat.SaturationStatistics log
INFO: Subsumed elements : 124
Dec 08, 2021 3:14:12 AM uk.ac.ox.cs.gsat.SaturationStatistics log
INFO: Filter discarded elements : 0
Dec 08, 2021 3:14:12 AM uk.ac.ox.cs.gsat.SaturationStatistics log
INFO: subsumption time: 11 ms = 0.01 s
Dec 08, 2021 3:14:12 AM uk.ac.ox.cs.gsat.SaturationStatistics log
INFO: forward subsumption time: 5 ms = 0.01 s
Dec 08, 2021 3:14:12 AM uk.ac.ox.cs.gsat.SaturationStatistics log
INFO: backward subsumption time: 6 ms = 0.01 s
Dec 08, 2021 3:14:12 AM uk.ac.ox.cs.gsat.SaturationStatistics log
INFO: Derived full/non full TGDs: 9 , 323
Dec 08, 2021 3:14:12 AM uk.ac.ox.cs.gsat.SaturationStatistics log
INFO: discarded tautology count: 0
Dec 08, 2021 3:14:12 AM uk.ac.ox.cs.gsat.EvolveStatistics log
INFO: Stop because subsumed: 0
Dec 08, 2021 3:14:12 AM uk.ac.ox.cs.gsat.EvolveStatistics log
INFO: evolved equals to current: 0
Dec 08, 2021 3:14:12 AM uk.ac.ox.cs.gsat.EvolveStatistics log
INFO: evolved time: 11 ms = 0.01 s
Dec 08, 2021 3:14:12 AM uk.ac.ox.cs.gsat.EvolveStatistics log
INFO: evolve count: 358
Dec 08, 2021 3:14:12 AM uk.ac.ox.cs.gsat.SkolemStatistics log
INFO: maximum number of Skolem atoms in body: 1
Dec 08, 2021 3:14:12 AM uk.ac.ox.cs.gsat.SkolemStatistics log
INFO: left derived TGD with Skolem in the body: 0
Dec 08, 2021 3:14:12 AM uk.ac.ox.cs.gsat.SkolemStatistics log
INFO: right derived TGD with Skolem in the body: 1
Dec 08, 2021 3:14:12 AM uk.ac.ox.cs.gsat.SkolemStatistics log
INFO: derived TGD with more than two Skolem atoms in the body: 0
Dec 08, 2021 3:14:12 AM uk.ac.ox.cs.gsat.AbstractSaturation run
INFO: ouptput full TGDs not contained in the input: 6
Dec 08, 2021 3:14:12 AM uk.ac.ox.cs.gsat.App executeAllSteps
INFO: Rewriting completed!
Full TGD saturation: (2556 dependecies)
Dec 08, 2021 3:14:12 AM uk.ac.ox.cs.gsat.App executeAllSteps
INFO: Writing the saturation in the Datalog file 00790.rul
