Starting Saturation...
Executing from DLGP files
SLF4J: Failed to load class "org.slf4j.impl.StaticLoggerBinder".
SLF4J: Defaulting to no-operation (NOP) logger implementation
SLF4J: See http://www.slf4j.org/codes.html#StaticLoggerBinder for further details.
# Rules: 6340; # Atoms: 0; # AtomSets: 0; # Queries: 0; # Constraints: 0
Full TGD saturation algorithm: hyperresolution Sat
Running HyperSat...
Nov 27, 2021 8:13:22 AM uk.ac.ox.cs.gsat.AbstractSaturation run
INFO: HyperSat discarded rules : 0/6340 = 0.000%
HyperSat discarded rules : 0/6340 = 0.000%
Nov 27, 2021 8:13:23 AM uk.ac.ox.cs.gsat.AbstractSaturation run
INFO: Subsumption method : disabled
Nov 27, 2021 8:23:22 AM uk.ac.ox.cs.gsat.SaturationStatistics log
INFO: # initial TGDs: 4648 , 3001
Nov 27, 2021 8:23:22 AM uk.ac.ox.cs.gsat.SaturationStatistics log
INFO: HyperSat total time : 600001 ms = 600.00 s
Nov 27, 2021 8:23:22 AM uk.ac.ox.cs.gsat.SaturationStatistics log
INFO: Subsumed elements : 0
Nov 27, 2021 8:23:22 AM uk.ac.ox.cs.gsat.SaturationStatistics log
INFO: Filter discarded elements : 0
Nov 27, 2021 8:23:22 AM uk.ac.ox.cs.gsat.SaturationStatistics log
INFO: subsumption time: 6015 ms = 6.02 s
Nov 27, 2021 8:23:22 AM uk.ac.ox.cs.gsat.SaturationStatistics log
INFO: forward subsumption time: 2772 ms = 2.77 s
Nov 27, 2021 8:23:22 AM uk.ac.ox.cs.gsat.SaturationStatistics log
INFO: backward subsumption time: 3243 ms = 3.24 s
Nov 27, 2021 8:23:22 AM uk.ac.ox.cs.gsat.SaturationStatistics log
INFO: Derived full/non full TGDs: 0 , 139086780
Nov 27, 2021 8:23:22 AM uk.ac.ox.cs.gsat.SaturationStatistics log
INFO: discarded tautology count: 0
Nov 27, 2021 8:23:22 AM uk.ac.ox.cs.gsat.SaturationStatistics log
INFO: !!! TIME OUT !!!
Nov 27, 2021 8:23:22 AM uk.ac.ox.cs.gsat.HyperResolutionStatistics log
INFO: hyperresolution time: 378153 ms = 378.15 s
Nov 27, 2021 8:23:22 AM uk.ac.ox.cs.gsat.HyperResolutionStatistics log
INFO: hyperresolution count: 139086781
Nov 27, 2021 8:23:22 AM uk.ac.ox.cs.gsat.HyperResolutionStatistics log
INFO: hyperresolution failure count: 1
Nov 27, 2021 8:23:22 AM uk.ac.ox.cs.gsat.AbstractSaturation run
INFO: ouptput full TGDs not contained in the input: 0
Nov 27, 2021 8:23:22 AM uk.ac.ox.cs.gsat.App executeAllSteps
INFO: Rewriting completed!
Full TGD saturation: (4648 dependecies)
Nov 27, 2021 8:23:22 AM uk.ac.ox.cs.gsat.App executeAllSteps
INFO: Writing the saturation in the Datalog file 00354.rul
