Starting Saturation...
Executing from DLGP files
SLF4J: Failed to load class "org.slf4j.impl.StaticLoggerBinder".
SLF4J: Defaulting to no-operation (NOP) logger implementation
SLF4J: See http://www.slf4j.org/codes.html#StaticLoggerBinder for further details.
# Rules: 129541; # Atoms: 0; # AtomSets: 0; # Queries: 0; # Constraints: 0
Full TGD saturation algorithm: hyperresolution Sat
Running HyperSat...
Nov 27, 2021 9:26:15 AM uk.ac.ox.cs.gsat.AbstractSaturation run
INFO: HyperSat discarded rules : 0/129541 = 0.000%
HyperSat discarded rules : 0/129541 = 0.000%
Nov 27, 2021 9:26:18 AM uk.ac.ox.cs.gsat.AbstractSaturation run
INFO: Subsumption method : disabled
Nov 27, 2021 9:36:15 AM uk.ac.ox.cs.gsat.SaturationStatistics log
INFO: # initial TGDs: 90653 , 77230
Nov 27, 2021 9:36:15 AM uk.ac.ox.cs.gsat.SaturationStatistics log
INFO: HyperSat total time : 600030 ms = 600.03 s
Nov 27, 2021 9:36:15 AM uk.ac.ox.cs.gsat.SaturationStatistics log
INFO: Subsumed elements : 0
Nov 27, 2021 9:36:15 AM uk.ac.ox.cs.gsat.SaturationStatistics log
INFO: Filter discarded elements : 0
Nov 27, 2021 9:36:15 AM uk.ac.ox.cs.gsat.SaturationStatistics log
INFO: subsumption time: 109 ms = 0.11 s
Nov 27, 2021 9:36:15 AM uk.ac.ox.cs.gsat.SaturationStatistics log
INFO: forward subsumption time: 53 ms = 0.05 s
Nov 27, 2021 9:36:15 AM uk.ac.ox.cs.gsat.SaturationStatistics log
INFO: backward subsumption time: 56 ms = 0.06 s
Nov 27, 2021 9:36:15 AM uk.ac.ox.cs.gsat.SaturationStatistics log
INFO: Derived full/non full TGDs: 294 , 2325342
Nov 27, 2021 9:36:15 AM uk.ac.ox.cs.gsat.SaturationStatistics log
INFO: discarded tautology count: 62
Nov 27, 2021 9:36:15 AM uk.ac.ox.cs.gsat.SaturationStatistics log
INFO: !!! TIME OUT !!!
Nov 27, 2021 9:36:15 AM uk.ac.ox.cs.gsat.HyperResolutionStatistics log
INFO: hyperresolution time: 558878 ms = 558.88 s
Nov 27, 2021 9:36:15 AM uk.ac.ox.cs.gsat.HyperResolutionStatistics log
INFO: hyperresolution count: 88572542
Nov 27, 2021 9:36:15 AM uk.ac.ox.cs.gsat.HyperResolutionStatistics log
INFO: hyperresolution failure count: 86246674
Nov 27, 2021 9:36:15 AM uk.ac.ox.cs.gsat.AbstractSaturation run
INFO: ouptput full TGDs not contained in the input: 232
Nov 27, 2021 9:36:15 AM uk.ac.ox.cs.gsat.App executeAllSteps
INFO: Rewriting completed!
Full TGD saturation: (90885 dependecies)
Nov 27, 2021 9:36:15 AM uk.ac.ox.cs.gsat.App executeAllSteps
INFO: Writing the saturation in the Datalog file 00379.rul
