Starting Saturation...
Executing from DLGP files
SLF4J: Failed to load class "org.slf4j.impl.StaticLoggerBinder".
SLF4J: Defaulting to no-operation (NOP) logger implementation
SLF4J: See http://www.slf4j.org/codes.html#StaticLoggerBinder for further details.
# Rules: 105; # Atoms: 0; # AtomSets: 0; # Queries: 0; # Constraints: 0
Full TGD saturation algorithm: hyperresolution Sat
Running HyperSat...
Nov 27, 2021 2:59:08 PM uk.ac.ox.cs.gsat.AbstractSaturation run
INFO: HyperSat discarded rules : 0/105 = 0.000%
HyperSat discarded rules : 0/105 = 0.000%
Nov 27, 2021 2:59:08 PM uk.ac.ox.cs.gsat.AbstractSaturation run
INFO: Subsumption method : disabled
Nov 27, 2021 3:09:08 PM uk.ac.ox.cs.gsat.SaturationStatistics log
INFO: # initial TGDs: 83 , 44
Nov 27, 2021 3:09:08 PM uk.ac.ox.cs.gsat.SaturationStatistics log
INFO: HyperSat total time : 600000 ms = 600.00 s
Nov 27, 2021 3:09:08 PM uk.ac.ox.cs.gsat.SaturationStatistics log
INFO: Subsumed elements : 0
Nov 27, 2021 3:09:08 PM uk.ac.ox.cs.gsat.SaturationStatistics log
INFO: Filter discarded elements : 0
Nov 27, 2021 3:09:08 PM uk.ac.ox.cs.gsat.SaturationStatistics log
INFO: subsumption time: 7472 ms = 7.47 s
Nov 27, 2021 3:09:08 PM uk.ac.ox.cs.gsat.SaturationStatistics log
INFO: forward subsumption time: 3500 ms = 3.50 s
Nov 27, 2021 3:09:08 PM uk.ac.ox.cs.gsat.SaturationStatistics log
INFO: backward subsumption time: 3971 ms = 3.97 s
Nov 27, 2021 3:09:08 PM uk.ac.ox.cs.gsat.SaturationStatistics log
INFO: Derived full/non full TGDs: 0 , 192714270
Nov 27, 2021 3:09:08 PM uk.ac.ox.cs.gsat.SaturationStatistics log
INFO: discarded tautology count: 0
Nov 27, 2021 3:09:08 PM uk.ac.ox.cs.gsat.SaturationStatistics log
INFO: !!! TIME OUT !!!
Nov 27, 2021 3:09:08 PM uk.ac.ox.cs.gsat.HyperResolutionStatistics log
INFO: hyperresolution time: 345665 ms = 345.67 s
Nov 27, 2021 3:09:08 PM uk.ac.ox.cs.gsat.HyperResolutionStatistics log
INFO: hyperresolution count: 192714270
Nov 27, 2021 3:09:08 PM uk.ac.ox.cs.gsat.HyperResolutionStatistics log
INFO: hyperresolution failure count: 0
Nov 27, 2021 3:09:08 PM uk.ac.ox.cs.gsat.AbstractSaturation run
INFO: ouptput full TGDs not contained in the input: 0
Nov 27, 2021 3:09:08 PM uk.ac.ox.cs.gsat.App executeAllSteps
INFO: Rewriting completed!
Full TGD saturation: (83 dependecies)
Nov 27, 2021 3:09:08 PM uk.ac.ox.cs.gsat.App executeAllSteps
INFO: Writing the saturation in the Datalog file 00475.rul
