Starting Saturation...
Executing from DLGP files
SLF4J: Failed to load class "org.slf4j.impl.StaticLoggerBinder".
SLF4J: Defaulting to no-operation (NOP) logger implementation
SLF4J: See http://www.slf4j.org/codes.html#StaticLoggerBinder for further details.
# Rules: 706; # Atoms: 0; # AtomSets: 0; # Queries: 0; # Constraints: 0
Full TGD saturation algorithm: hyperresolution Sat
Running HyperSat...
Nov 27, 2021 4:52:48 PM uk.ac.ox.cs.gsat.AbstractSaturation run
INFO: HyperSat discarded rules : 0/706 = 0.000%
HyperSat discarded rules : 0/706 = 0.000%
Nov 27, 2021 4:52:48 PM uk.ac.ox.cs.gsat.AbstractSaturation run
INFO: Subsumption method : disabled
Nov 27, 2021 5:02:48 PM uk.ac.ox.cs.gsat.SaturationStatistics log
INFO: # initial TGDs: 636 , 96
Nov 27, 2021 5:02:48 PM uk.ac.ox.cs.gsat.SaturationStatistics log
INFO: HyperSat total time : 600000 ms = 600.00 s
Nov 27, 2021 5:02:48 PM uk.ac.ox.cs.gsat.SaturationStatistics log
INFO: Subsumed elements : 0
Nov 27, 2021 5:02:48 PM uk.ac.ox.cs.gsat.SaturationStatistics log
INFO: Filter discarded elements : 0
Nov 27, 2021 5:02:48 PM uk.ac.ox.cs.gsat.SaturationStatistics log
INFO: subsumption time: 9165 ms = 9.16 s
Nov 27, 2021 5:02:48 PM uk.ac.ox.cs.gsat.SaturationStatistics log
INFO: forward subsumption time: 4560 ms = 4.56 s
Nov 27, 2021 5:02:48 PM uk.ac.ox.cs.gsat.SaturationStatistics log
INFO: backward subsumption time: 4605 ms = 4.60 s
Nov 27, 2021 5:02:48 PM uk.ac.ox.cs.gsat.SaturationStatistics log
INFO: Derived full/non full TGDs: 64 , 199611244
Nov 27, 2021 5:02:48 PM uk.ac.ox.cs.gsat.SaturationStatistics log
INFO: discarded tautology count: 8
Nov 27, 2021 5:02:48 PM uk.ac.ox.cs.gsat.SaturationStatistics log
INFO: !!! TIME OUT !!!
Nov 27, 2021 5:02:48 PM uk.ac.ox.cs.gsat.HyperResolutionStatistics log
INFO: hyperresolution time: 376240 ms = 376.24 s
Nov 27, 2021 5:02:48 PM uk.ac.ox.cs.gsat.HyperResolutionStatistics log
INFO: hyperresolution count: 199611856
Nov 27, 2021 5:02:48 PM uk.ac.ox.cs.gsat.HyperResolutionStatistics log
INFO: hyperresolution failure count: 492
Nov 27, 2021 5:02:48 PM uk.ac.ox.cs.gsat.AbstractSaturation run
INFO: ouptput full TGDs not contained in the input: 34
Nov 27, 2021 5:02:48 PM uk.ac.ox.cs.gsat.App executeAllSteps
INFO: Rewriting completed!
Full TGD saturation: (670 dependecies)
Nov 27, 2021 5:02:48 PM uk.ac.ox.cs.gsat.App executeAllSteps
INFO: Writing the saturation in the Datalog file 00504.rul
