Starting Saturation...
Executing from DLGP files
SLF4J: Failed to load class "org.slf4j.impl.StaticLoggerBinder".
SLF4J: Defaulting to no-operation (NOP) logger implementation
SLF4J: See http://www.slf4j.org/codes.html#StaticLoggerBinder for further details.
# Rules: 831; # Atoms: 0; # AtomSets: 0; # Queries: 0; # Constraints: 0
Full TGD saturation algorithm: hyperresolution Sat
Running HyperSat...
Nov 27, 2021 8:47:28 PM uk.ac.ox.cs.gsat.AbstractSaturation run
INFO: HyperSat discarded rules : 0/831 = 0.000%
HyperSat discarded rules : 0/831 = 0.000%
Nov 27, 2021 8:47:28 PM uk.ac.ox.cs.gsat.AbstractSaturation run
INFO: Subsumption method : disabled
Nov 27, 2021 8:47:28 PM uk.ac.ox.cs.gsat.SaturationStatistics log
INFO: # initial TGDs: 622 , 310
Nov 27, 2021 8:47:28 PM uk.ac.ox.cs.gsat.SaturationStatistics log
INFO: HyperSat total time : 255 ms = 0.26 s
Nov 27, 2021 8:47:28 PM uk.ac.ox.cs.gsat.SaturationStatistics log
INFO: Subsumed elements : 0
Nov 27, 2021 8:47:28 PM uk.ac.ox.cs.gsat.SaturationStatistics log
INFO: Filter discarded elements : 0
Nov 27, 2021 8:47:28 PM uk.ac.ox.cs.gsat.SaturationStatistics log
INFO: subsumption time: 0 ms = 0.00 s
Nov 27, 2021 8:47:28 PM uk.ac.ox.cs.gsat.SaturationStatistics log
INFO: forward subsumption time: 0 ms = 0.00 s
Nov 27, 2021 8:47:28 PM uk.ac.ox.cs.gsat.SaturationStatistics log
INFO: backward subsumption time: 0 ms = 0.00 s
Nov 27, 2021 8:47:28 PM uk.ac.ox.cs.gsat.SaturationStatistics log
INFO: Derived full/non full TGDs: 129 , 873
Nov 27, 2021 8:47:28 PM uk.ac.ox.cs.gsat.SaturationStatistics log
INFO: discarded tautology count: 28
Nov 27, 2021 8:47:28 PM uk.ac.ox.cs.gsat.HyperResolutionStatistics log
INFO: hyperresolution time: 135 ms = 0.13 s
Nov 27, 2021 8:47:28 PM uk.ac.ox.cs.gsat.HyperResolutionStatistics log
INFO: hyperresolution count: 3466
Nov 27, 2021 8:47:28 PM uk.ac.ox.cs.gsat.HyperResolutionStatistics log
INFO: hyperresolution failure count: 2378
Nov 27, 2021 8:47:28 PM uk.ac.ox.cs.gsat.AbstractSaturation run
INFO: ouptput full TGDs not contained in the input: 96
Nov 27, 2021 8:47:28 PM uk.ac.ox.cs.gsat.App executeAllSteps
INFO: Rewriting completed!
Full TGD saturation: (718 dependecies)
Nov 27, 2021 8:47:28 PM uk.ac.ox.cs.gsat.App executeAllSteps
INFO: Writing the saturation in the Datalog file 00582.rul
