Starting Saturation...
Executing from DLGP files
SLF4J: Failed to load class "org.slf4j.impl.StaticLoggerBinder".
SLF4J: Defaulting to no-operation (NOP) logger implementation
SLF4J: See http://www.slf4j.org/codes.html#StaticLoggerBinder for further details.
# Rules: 2395; # Atoms: 0; # AtomSets: 0; # Queries: 0; # Constraints: 0
Full TGD saturation algorithm: hyperresolution Sat
Running HyperSat...
Nov 27, 2021 10:32:02 PM uk.ac.ox.cs.gsat.AbstractSaturation run
INFO: HyperSat discarded rules : 0/2395 = 0.000%
HyperSat discarded rules : 0/2395 = 0.000%
Nov 27, 2021 10:32:02 PM uk.ac.ox.cs.gsat.AbstractSaturation run
INFO: Subsumption method : disabled
Nov 27, 2021 10:42:02 PM uk.ac.ox.cs.gsat.SaturationStatistics log
INFO: # initial TGDs: 1895 , 1000
Nov 27, 2021 10:42:02 PM uk.ac.ox.cs.gsat.SaturationStatistics log
INFO: HyperSat total time : 600001 ms = 600.00 s
Nov 27, 2021 10:42:02 PM uk.ac.ox.cs.gsat.SaturationStatistics log
INFO: Subsumed elements : 0
Nov 27, 2021 10:42:02 PM uk.ac.ox.cs.gsat.SaturationStatistics log
INFO: Filter discarded elements : 0
Nov 27, 2021 10:42:02 PM uk.ac.ox.cs.gsat.SaturationStatistics log
INFO: subsumption time: 6040 ms = 6.04 s
Nov 27, 2021 10:42:02 PM uk.ac.ox.cs.gsat.SaturationStatistics log
INFO: forward subsumption time: 2828 ms = 2.83 s
Nov 27, 2021 10:42:02 PM uk.ac.ox.cs.gsat.SaturationStatistics log
INFO: backward subsumption time: 3212 ms = 3.21 s
Nov 27, 2021 10:42:02 PM uk.ac.ox.cs.gsat.SaturationStatistics log
INFO: Derived full/non full TGDs: 133 , 155719994
Nov 27, 2021 10:42:02 PM uk.ac.ox.cs.gsat.SaturationStatistics log
INFO: discarded tautology count: 41
Nov 27, 2021 10:42:02 PM uk.ac.ox.cs.gsat.SaturationStatistics log
INFO: !!! TIME OUT !!!
Nov 27, 2021 10:42:02 PM uk.ac.ox.cs.gsat.HyperResolutionStatistics log
INFO: hyperresolution time: 362425 ms = 362.43 s
Nov 27, 2021 10:42:02 PM uk.ac.ox.cs.gsat.HyperResolutionStatistics log
INFO: hyperresolution count: 155725894
Nov 27, 2021 10:42:02 PM uk.ac.ox.cs.gsat.HyperResolutionStatistics log
INFO: hyperresolution failure count: 5675
Nov 27, 2021 10:42:02 PM uk.ac.ox.cs.gsat.AbstractSaturation run
INFO: ouptput full TGDs not contained in the input: 92
Nov 27, 2021 10:42:02 PM uk.ac.ox.cs.gsat.App executeAllSteps
INFO: Rewriting completed!
Full TGD saturation: (1987 dependecies)
Nov 27, 2021 10:42:02 PM uk.ac.ox.cs.gsat.App executeAllSteps
INFO: Writing the saturation in the Datalog file 00632.rul
