Starting Saturation...
Executing from DLGP files
SLF4J: Failed to load class "org.slf4j.impl.StaticLoggerBinder".
SLF4J: Defaulting to no-operation (NOP) logger implementation
SLF4J: See http://www.slf4j.org/codes.html#StaticLoggerBinder for further details.
# Rules: 9333; # Atoms: 0; # AtomSets: 0; # Queries: 0; # Constraints: 0
Full TGD saturation algorithm: hyperresolution Sat
Running HyperSat...
Nov 28, 2021 11:44:36 AM uk.ac.ox.cs.gsat.AbstractSaturation run
INFO: HyperSat discarded rules : 0/9333 = 0.000%
HyperSat discarded rules : 0/9333 = 0.000%
Nov 28, 2021 11:44:36 AM uk.ac.ox.cs.gsat.AbstractSaturation run
INFO: Subsumption method : disabled
Nov 28, 2021 11:54:36 AM uk.ac.ox.cs.gsat.SaturationStatistics log
INFO: # initial TGDs: 6634 , 5016
Nov 28, 2021 11:54:36 AM uk.ac.ox.cs.gsat.SaturationStatistics log
INFO: HyperSat total time : 600003 ms = 600.00 s
Nov 28, 2021 11:54:36 AM uk.ac.ox.cs.gsat.SaturationStatistics log
INFO: Subsumed elements : 0
Nov 28, 2021 11:54:36 AM uk.ac.ox.cs.gsat.SaturationStatistics log
INFO: Filter discarded elements : 0
Nov 28, 2021 11:54:36 AM uk.ac.ox.cs.gsat.SaturationStatistics log
INFO: subsumption time: 27 ms = 0.03 s
Nov 28, 2021 11:54:36 AM uk.ac.ox.cs.gsat.SaturationStatistics log
INFO: forward subsumption time: 17 ms = 0.02 s
Nov 28, 2021 11:54:36 AM uk.ac.ox.cs.gsat.SaturationStatistics log
INFO: backward subsumption time: 9 ms = 0.01 s
Nov 28, 2021 11:54:36 AM uk.ac.ox.cs.gsat.SaturationStatistics log
INFO: Derived full/non full TGDs: 184669 , 184669
Nov 28, 2021 11:54:36 AM uk.ac.ox.cs.gsat.SaturationStatistics log
INFO: discarded tautology count: 0
Nov 28, 2021 11:54:36 AM uk.ac.ox.cs.gsat.SaturationStatistics log
INFO: !!! TIME OUT !!!
Nov 28, 2021 11:54:36 AM uk.ac.ox.cs.gsat.HyperResolutionStatistics log
INFO: hyperresolution time: 528549 ms = 528.55 s
Nov 28, 2021 11:54:36 AM uk.ac.ox.cs.gsat.HyperResolutionStatistics log
INFO: hyperresolution count: 212001156
Nov 28, 2021 11:54:36 AM uk.ac.ox.cs.gsat.HyperResolutionStatistics log
INFO: hyperresolution failure count: 211447150
Nov 28, 2021 11:54:36 AM uk.ac.ox.cs.gsat.AbstractSaturation run
INFO: ouptput full TGDs not contained in the input: 0
Nov 28, 2021 11:54:36 AM uk.ac.ox.cs.gsat.App executeAllSteps
INFO: Rewriting completed!
Full TGD saturation: (6634 dependecies)
Nov 28, 2021 11:54:36 AM uk.ac.ox.cs.gsat.App executeAllSteps
INFO: Writing the saturation in the Datalog file 00762.rul
