Starting Saturation...
Executing from DLGP files
SLF4J: Failed to load class "org.slf4j.impl.StaticLoggerBinder".
SLF4J: Defaulting to no-operation (NOP) logger implementation
SLF4J: See http://www.slf4j.org/codes.html#StaticLoggerBinder for further details.
# Rules: 1160; # Atoms: 0; # AtomSets: 0; # Queries: 0; # Constraints: 0
Full TGD saturation algorithm: hyperresolution Sat
Running HyperSat...
Dec 08, 2021 1:01:25 AM uk.ac.ox.cs.gsat.AbstractSaturation run
INFO: HyperSat discarded rules : 0/1160 = 0.000%
HyperSat discarded rules : 0/1160 = 0.000%
Dec 08, 2021 1:01:25 AM uk.ac.ox.cs.gsat.AbstractSaturation run
INFO: Subsumption method : tree_predicate
length of the formulas: 2.0278687
number of bags: 8
length of the formulas: 2.0278687
number of bags: 8
Dec 08, 2021 1:01:25 AM uk.ac.ox.cs.gsat.SaturationStatistics log
INFO: # initial TGDs: 1079 , 141
Dec 08, 2021 1:01:25 AM uk.ac.ox.cs.gsat.SaturationStatistics log
INFO: HyperSat total time : 403 ms = 0.40 s
Dec 08, 2021 1:01:25 AM uk.ac.ox.cs.gsat.SaturationStatistics log
INFO: Subsumed elements : 1941
Dec 08, 2021 1:01:25 AM uk.ac.ox.cs.gsat.SaturationStatistics log
INFO: Filter discarded elements : 13297
Dec 08, 2021 1:01:25 AM uk.ac.ox.cs.gsat.SaturationStatistics log
INFO: subsumption time: 49 ms = 0.05 s
Dec 08, 2021 1:01:25 AM uk.ac.ox.cs.gsat.SaturationStatistics log
INFO: forward subsumption time: 38 ms = 0.04 s
Dec 08, 2021 1:01:25 AM uk.ac.ox.cs.gsat.SaturationStatistics log
INFO: backward subsumption time: 11 ms = 0.01 s
Dec 08, 2021 1:01:25 AM uk.ac.ox.cs.gsat.SaturationStatistics log
INFO: Derived full/non full TGDs: 458 , 2777
Dec 08, 2021 1:01:25 AM uk.ac.ox.cs.gsat.SaturationStatistics log
INFO: discarded tautology count: 35
Dec 08, 2021 1:01:25 AM uk.ac.ox.cs.gsat.HyperResolutionStatistics log
INFO: hyperresolution time: 201 ms = 0.20 s
Dec 08, 2021 1:01:25 AM uk.ac.ox.cs.gsat.HyperResolutionStatistics log
INFO: hyperresolution count: 10329
Dec 08, 2021 1:01:25 AM uk.ac.ox.cs.gsat.HyperResolutionStatistics log
INFO: hyperresolution failure count: 7018
Dec 08, 2021 1:01:25 AM uk.ac.ox.cs.gsat.AbstractSaturation run
INFO: ouptput full TGDs not contained in the input: 91
Dec 08, 2021 1:01:25 AM uk.ac.ox.cs.gsat.App executeAllSteps
INFO: Rewriting completed!
Full TGD saturation: (1170 dependecies)
Dec 08, 2021 1:01:25 AM uk.ac.ox.cs.gsat.App executeAllSteps
INFO: Writing the saturation in the Datalog file 00019.rul
