Starting Saturation...
Executing from DLGP files
SLF4J: Failed to load class "org.slf4j.impl.StaticLoggerBinder".
SLF4J: Defaulting to no-operation (NOP) logger implementation
SLF4J: See http://www.slf4j.org/codes.html#StaticLoggerBinder for further details.
# Rules: 9269; # Atoms: 0; # AtomSets: 0; # Queries: 0; # Constraints: 0
Full TGD saturation algorithm: hyperresolution Sat
Running HyperSat...
Dec 08, 2021 4:56:29 AM uk.ac.ox.cs.gsat.AbstractSaturation run
INFO: HyperSat discarded rules : 0/9269 = 0.000%
HyperSat discarded rules : 0/9269 = 0.000%
Dec 08, 2021 4:56:29 AM uk.ac.ox.cs.gsat.AbstractSaturation run
INFO: Subsumption method : tree_predicate
length of the formulas: 2.4749699
number of bags: 15
length of the formulas: 2.4749699
number of bags: 15
Dec 08, 2021 4:57:10 AM uk.ac.ox.cs.gsat.SaturationStatistics log
INFO: # initial TGDs: 6053 , 6432
Dec 08, 2021 4:57:10 AM uk.ac.ox.cs.gsat.SaturationStatistics log
INFO: HyperSat total time : 40920 ms = 40.92 s
Dec 08, 2021 4:57:10 AM uk.ac.ox.cs.gsat.SaturationStatistics log
INFO: Subsumed elements : 0
Dec 08, 2021 4:57:10 AM uk.ac.ox.cs.gsat.SaturationStatistics log
INFO: Filter discarded elements : 15472
Dec 08, 2021 4:57:10 AM uk.ac.ox.cs.gsat.SaturationStatistics log
INFO: subsumption time: 33 ms = 0.03 s
Dec 08, 2021 4:57:10 AM uk.ac.ox.cs.gsat.SaturationStatistics log
INFO: forward subsumption time: 14 ms = 0.01 s
Dec 08, 2021 4:57:10 AM uk.ac.ox.cs.gsat.SaturationStatistics log
INFO: backward subsumption time: 20 ms = 0.02 s
Dec 08, 2021 4:57:10 AM uk.ac.ox.cs.gsat.SaturationStatistics log
INFO: Derived full/non full TGDs: 3499 , 0
Dec 08, 2021 4:57:10 AM uk.ac.ox.cs.gsat.SaturationStatistics log
INFO: discarded tautology count: 2965
Dec 08, 2021 4:57:10 AM uk.ac.ox.cs.gsat.HyperResolutionStatistics log
INFO: hyperresolution time: 40102 ms = 40.10 s
Dec 08, 2021 4:57:10 AM uk.ac.ox.cs.gsat.HyperResolutionStatistics log
INFO: hyperresolution count: 15289
Dec 08, 2021 4:57:10 AM uk.ac.ox.cs.gsat.HyperResolutionStatistics log
INFO: hyperresolution failure count: 11790
Dec 08, 2021 4:57:10 AM uk.ac.ox.cs.gsat.AbstractSaturation run
INFO: ouptput full TGDs not contained in the input: 534
Dec 08, 2021 4:57:10 AM uk.ac.ox.cs.gsat.App executeAllSteps
INFO: Rewriting completed!
Full TGD saturation: (6587 dependecies)
Dec 08, 2021 4:57:10 AM uk.ac.ox.cs.gsat.App executeAllSteps
INFO: Writing the saturation in the Datalog file 00381.rul
