Starting Saturation...
Executing from DLGP files
SLF4J: Failed to load class "org.slf4j.impl.StaticLoggerBinder".
SLF4J: Defaulting to no-operation (NOP) logger implementation
SLF4J: See http://www.slf4j.org/codes.html#StaticLoggerBinder for further details.
# Rules: 121711; # Atoms: 0; # AtomSets: 0; # Queries: 0; # Constraints: 0
Full TGD saturation algorithm: hyperresolution Sat
Running HyperSat...
Dec 08, 2021 6:38:37 AM uk.ac.ox.cs.gsat.AbstractSaturation run
INFO: HyperSat discarded rules : 0/121711 = 0.000%
HyperSat discarded rules : 0/121711 = 0.000%
Dec 08, 2021 6:38:40 AM uk.ac.ox.cs.gsat.AbstractSaturation run
INFO: Subsumption method : tree_predicate
length of the formulas: 2.0
number of bags: 104
length of the formulas: 2.0
number of bags: 104
Dec 08, 2021 6:39:05 AM uk.ac.ox.cs.gsat.SaturationStatistics log
INFO: # initial TGDs: 78977 , 85468
Dec 08, 2021 6:39:05 AM uk.ac.ox.cs.gsat.SaturationStatistics log
INFO: HyperSat total time : 28142 ms = 28.14 s
Dec 08, 2021 6:39:05 AM uk.ac.ox.cs.gsat.SaturationStatistics log
INFO: Subsumed elements : 0
Dec 08, 2021 6:39:05 AM uk.ac.ox.cs.gsat.SaturationStatistics log
INFO: Filter discarded elements : 1245260
Dec 08, 2021 6:39:05 AM uk.ac.ox.cs.gsat.SaturationStatistics log
INFO: subsumption time: 10374 ms = 10.37 s
Dec 08, 2021 6:39:05 AM uk.ac.ox.cs.gsat.SaturationStatistics log
INFO: forward subsumption time: 8414 ms = 8.41 s
Dec 08, 2021 6:39:05 AM uk.ac.ox.cs.gsat.SaturationStatistics log
INFO: backward subsumption time: 1961 ms = 1.96 s
Dec 08, 2021 6:39:05 AM uk.ac.ox.cs.gsat.SaturationStatistics log
INFO: Derived full/non full TGDs: 0 , 469900
Dec 08, 2021 6:39:05 AM uk.ac.ox.cs.gsat.SaturationStatistics log
INFO: discarded tautology count: 0
Dec 08, 2021 6:39:05 AM uk.ac.ox.cs.gsat.HyperResolutionStatistics log
INFO: hyperresolution time: 8603 ms = 8.60 s
Dec 08, 2021 6:39:05 AM uk.ac.ox.cs.gsat.HyperResolutionStatistics log
INFO: hyperresolution count: 469900
Dec 08, 2021 6:39:05 AM uk.ac.ox.cs.gsat.HyperResolutionStatistics log
INFO: hyperresolution failure count: 0
Dec 08, 2021 6:39:05 AM uk.ac.ox.cs.gsat.AbstractSaturation run
INFO: ouptput full TGDs not contained in the input: 0
Dec 08, 2021 6:39:05 AM uk.ac.ox.cs.gsat.App executeAllSteps
INFO: Rewriting completed!
Full TGD saturation: (78977 dependecies)
Dec 08, 2021 6:39:05 AM uk.ac.ox.cs.gsat.App executeAllSteps
INFO: Writing the saturation in the Datalog file 00473.rul
