Starting Saturation...
Executing from DLGP files
SLF4J: Failed to load class "org.slf4j.impl.StaticLoggerBinder".
SLF4J: Defaulting to no-operation (NOP) logger implementation
SLF4J: See http://www.slf4j.org/codes.html#StaticLoggerBinder for further details.
# Rules: 1258; # Atoms: 0; # AtomSets: 0; # Queries: 0; # Constraints: 0
Full TGD saturation algorithm: hyperresolution Sat
Running HyperSat...
Dec 08, 2021 7:53:38 AM uk.ac.ox.cs.gsat.AbstractSaturation run
INFO: HyperSat discarded rules : 0/1258 = 0.000%
HyperSat discarded rules : 0/1258 = 0.000%
Dec 08, 2021 7:53:38 AM uk.ac.ox.cs.gsat.AbstractSaturation run
INFO: Subsumption method : tree_predicate
length of the formulas: 2.0006807
number of bags: 9
length of the formulas: 2.0006807
number of bags: 9
Dec 08, 2021 7:53:38 AM uk.ac.ox.cs.gsat.SaturationStatistics log
INFO: # initial TGDs: 800 , 669
Dec 08, 2021 7:53:38 AM uk.ac.ox.cs.gsat.SaturationStatistics log
INFO: HyperSat total time : 586 ms = 0.59 s
Dec 08, 2021 7:53:38 AM uk.ac.ox.cs.gsat.SaturationStatistics log
INFO: Subsumed elements : 2361
Dec 08, 2021 7:53:38 AM uk.ac.ox.cs.gsat.SaturationStatistics log
INFO: Filter discarded elements : 102122
Dec 08, 2021 7:53:38 AM uk.ac.ox.cs.gsat.SaturationStatistics log
INFO: subsumption time: 103 ms = 0.10 s
Dec 08, 2021 7:53:38 AM uk.ac.ox.cs.gsat.SaturationStatistics log
INFO: forward subsumption time: 79 ms = 0.08 s
Dec 08, 2021 7:53:38 AM uk.ac.ox.cs.gsat.SaturationStatistics log
INFO: backward subsumption time: 24 ms = 0.02 s
Dec 08, 2021 7:53:38 AM uk.ac.ox.cs.gsat.SaturationStatistics log
INFO: Derived full/non full TGDs: 984 , 6630
Dec 08, 2021 7:53:38 AM uk.ac.ox.cs.gsat.SaturationStatistics log
INFO: discarded tautology count: 0
Dec 08, 2021 7:53:38 AM uk.ac.ox.cs.gsat.HyperResolutionStatistics log
INFO: hyperresolution time: 269 ms = 0.27 s
Dec 08, 2021 7:53:38 AM uk.ac.ox.cs.gsat.HyperResolutionStatistics log
INFO: hyperresolution count: 7614
Dec 08, 2021 7:53:38 AM uk.ac.ox.cs.gsat.HyperResolutionStatistics log
INFO: hyperresolution failure count: 0
Dec 08, 2021 7:53:38 AM uk.ac.ox.cs.gsat.AbstractSaturation run
INFO: ouptput full TGDs not contained in the input: 257
Dec 08, 2021 7:53:38 AM uk.ac.ox.cs.gsat.App executeAllSteps
INFO: Rewriting completed!
Full TGD saturation: (1057 dependecies)
Dec 08, 2021 7:53:38 AM uk.ac.ox.cs.gsat.App executeAllSteps
INFO: Writing the saturation in the Datalog file 00512.rul
