Starting Saturation...
Executing from DLGP files
SLF4J: Failed to load class "org.slf4j.impl.StaticLoggerBinder".
SLF4J: Defaulting to no-operation (NOP) logger implementation
SLF4J: See http://www.slf4j.org/codes.html#StaticLoggerBinder for further details.
# Rules: 473; # Atoms: 0; # AtomSets: 0; # Queries: 0; # Constraints: 0
Full TGD saturation algorithm: hyperresolution Sat
Running HyperSat...
Dec 08, 2021 8:08:13 AM uk.ac.ox.cs.gsat.AbstractSaturation run
INFO: HyperSat discarded rules : 0/473 = 0.000%
HyperSat discarded rules : 0/473 = 0.000%
Dec 08, 2021 8:08:13 AM uk.ac.ox.cs.gsat.AbstractSaturation run
INFO: Subsumption method : tree_predicate
length of the formulas: 1.9954954
number of bags: 6
length of the formulas: 1.9954954
number of bags: 6
Dec 08, 2021 8:08:13 AM uk.ac.ox.cs.gsat.SaturationStatistics log
INFO: # initial TGDs: 280 , 386
Dec 08, 2021 8:08:13 AM uk.ac.ox.cs.gsat.SaturationStatistics log
INFO: HyperSat total time : 205 ms = 0.20 s
Dec 08, 2021 8:08:13 AM uk.ac.ox.cs.gsat.SaturationStatistics log
INFO: Subsumed elements : 47
Dec 08, 2021 8:08:13 AM uk.ac.ox.cs.gsat.SaturationStatistics log
INFO: Filter discarded elements : 6737
Dec 08, 2021 8:08:13 AM uk.ac.ox.cs.gsat.SaturationStatistics log
INFO: subsumption time: 16 ms = 0.02 s
Dec 08, 2021 8:08:13 AM uk.ac.ox.cs.gsat.SaturationStatistics log
INFO: forward subsumption time: 12 ms = 0.01 s
Dec 08, 2021 8:08:13 AM uk.ac.ox.cs.gsat.SaturationStatistics log
INFO: backward subsumption time: 5 ms = 0.00 s
Dec 08, 2021 8:08:13 AM uk.ac.ox.cs.gsat.SaturationStatistics log
INFO: Derived full/non full TGDs: 13 , 672
Dec 08, 2021 8:08:13 AM uk.ac.ox.cs.gsat.SaturationStatistics log
INFO: discarded tautology count: 11
Dec 08, 2021 8:08:13 AM uk.ac.ox.cs.gsat.HyperResolutionStatistics log
INFO: hyperresolution time: 41 ms = 0.04 s
Dec 08, 2021 8:08:13 AM uk.ac.ox.cs.gsat.HyperResolutionStatistics log
INFO: hyperresolution count: 685
Dec 08, 2021 8:08:13 AM uk.ac.ox.cs.gsat.HyperResolutionStatistics log
INFO: hyperresolution failure count: 0
Dec 08, 2021 8:08:13 AM uk.ac.ox.cs.gsat.AbstractSaturation run
INFO: ouptput full TGDs not contained in the input: 2
Dec 08, 2021 8:08:13 AM uk.ac.ox.cs.gsat.App executeAllSteps
INFO: Rewriting completed!
Full TGD saturation: (282 dependecies)
Dec 08, 2021 8:08:13 AM uk.ac.ox.cs.gsat.App executeAllSteps
INFO: Writing the saturation in the Datalog file 00526.rul
