Starting Saturation...
Executing from DLGP files
SLF4J: Failed to load class "org.slf4j.impl.StaticLoggerBinder".
SLF4J: Defaulting to no-operation (NOP) logger implementation
SLF4J: See http://www.slf4j.org/codes.html#StaticLoggerBinder for further details.
# Rules: 1271; # Atoms: 0; # AtomSets: 0; # Queries: 0; # Constraints: 0
Full TGD saturation algorithm: hyperresolution Sat
Running HyperSat...
Dec 08, 2021 8:55:51 AM uk.ac.ox.cs.gsat.AbstractSaturation run
INFO: HyperSat discarded rules : 0/1271 = 0.000%
HyperSat discarded rules : 0/1271 = 0.000%
Dec 08, 2021 8:55:51 AM uk.ac.ox.cs.gsat.AbstractSaturation run
INFO: Subsumption method : tree_predicate
length of the formulas: 2.3699763
number of bags: 7
length of the formulas: 2.3699763
number of bags: 7
Dec 08, 2021 8:55:54 AM uk.ac.ox.cs.gsat.SaturationStatistics log
INFO: # initial TGDs: 736 , 956
Dec 08, 2021 8:55:54 AM uk.ac.ox.cs.gsat.SaturationStatistics log
INFO: HyperSat total time : 3216 ms = 3.22 s
Dec 08, 2021 8:55:54 AM uk.ac.ox.cs.gsat.SaturationStatistics log
INFO: Subsumed elements : 0
Dec 08, 2021 8:55:54 AM uk.ac.ox.cs.gsat.SaturationStatistics log
INFO: Filter discarded elements : 98467
Dec 08, 2021 8:55:54 AM uk.ac.ox.cs.gsat.SaturationStatistics log
INFO: subsumption time: 60 ms = 0.06 s
Dec 08, 2021 8:55:54 AM uk.ac.ox.cs.gsat.SaturationStatistics log
INFO: forward subsumption time: 37 ms = 0.04 s
Dec 08, 2021 8:55:54 AM uk.ac.ox.cs.gsat.SaturationStatistics log
INFO: backward subsumption time: 23 ms = 0.02 s
Dec 08, 2021 8:55:54 AM uk.ac.ox.cs.gsat.SaturationStatistics log
INFO: Derived full/non full TGDs: 2040 , 4
Dec 08, 2021 8:55:54 AM uk.ac.ox.cs.gsat.SaturationStatistics log
INFO: discarded tautology count: 314
Dec 08, 2021 8:55:54 AM uk.ac.ox.cs.gsat.HyperResolutionStatistics log
INFO: hyperresolution time: 2954 ms = 2.95 s
Dec 08, 2021 8:55:54 AM uk.ac.ox.cs.gsat.HyperResolutionStatistics log
INFO: hyperresolution count: 40365
Dec 08, 2021 8:55:54 AM uk.ac.ox.cs.gsat.HyperResolutionStatistics log
INFO: hyperresolution failure count: 38321
Dec 08, 2021 8:55:54 AM uk.ac.ox.cs.gsat.AbstractSaturation run
INFO: ouptput full TGDs not contained in the input: 1726
Dec 08, 2021 8:55:54 AM uk.ac.ox.cs.gsat.App executeAllSteps
INFO: Rewriting completed!
Full TGD saturation: (2462 dependecies)
Dec 08, 2021 8:55:54 AM uk.ac.ox.cs.gsat.App executeAllSteps
INFO: Writing the saturation in the Datalog file 00574.rul
