Starting Saturation...
Executing from DLGP files
SLF4J: Failed to load class "org.slf4j.impl.StaticLoggerBinder".
SLF4J: Defaulting to no-operation (NOP) logger implementation
SLF4J: See http://www.slf4j.org/codes.html#StaticLoggerBinder for further details.
# Rules: 8410; # Atoms: 0; # AtomSets: 0; # Queries: 0; # Constraints: 0
Full TGD saturation algorithm: hyperresolution Sat
Running HyperSat...
Dec 08, 2021 9:22:48 AM uk.ac.ox.cs.gsat.AbstractSaturation run
INFO: HyperSat discarded rules : 0/8410 = 0.000%
HyperSat discarded rules : 0/8410 = 0.000%
Dec 08, 2021 9:22:48 AM uk.ac.ox.cs.gsat.AbstractSaturation run
INFO: Subsumption method : tree_predicate
length of the formulas: 2.0
number of bags: 28
length of the formulas: 2.0
number of bags: 28
Dec 08, 2021 9:22:49 AM uk.ac.ox.cs.gsat.SaturationStatistics log
INFO: # initial TGDs: 4880 , 7060
Dec 08, 2021 9:22:49 AM uk.ac.ox.cs.gsat.SaturationStatistics log
INFO: HyperSat total time : 961 ms = 0.96 s
Dec 08, 2021 9:22:49 AM uk.ac.ox.cs.gsat.SaturationStatistics log
INFO: Subsumed elements : 398
Dec 08, 2021 9:22:49 AM uk.ac.ox.cs.gsat.SaturationStatistics log
INFO: Filter discarded elements : 5045
Dec 08, 2021 9:22:49 AM uk.ac.ox.cs.gsat.SaturationStatistics log
INFO: subsumption time: 64 ms = 0.06 s
Dec 08, 2021 9:22:49 AM uk.ac.ox.cs.gsat.SaturationStatistics log
INFO: forward subsumption time: 47 ms = 0.05 s
Dec 08, 2021 9:22:49 AM uk.ac.ox.cs.gsat.SaturationStatistics log
INFO: backward subsumption time: 18 ms = 0.02 s
Dec 08, 2021 9:22:49 AM uk.ac.ox.cs.gsat.SaturationStatistics log
INFO: Derived full/non full TGDs: 0 , 4735
Dec 08, 2021 9:22:49 AM uk.ac.ox.cs.gsat.SaturationStatistics log
INFO: discarded tautology count: 0
Dec 08, 2021 9:22:49 AM uk.ac.ox.cs.gsat.HyperResolutionStatistics log
INFO: hyperresolution time: 148 ms = 0.15 s
Dec 08, 2021 9:22:49 AM uk.ac.ox.cs.gsat.HyperResolutionStatistics log
INFO: hyperresolution count: 4735
Dec 08, 2021 9:22:49 AM uk.ac.ox.cs.gsat.HyperResolutionStatistics log
INFO: hyperresolution failure count: 0
Dec 08, 2021 9:22:49 AM uk.ac.ox.cs.gsat.AbstractSaturation run
INFO: ouptput full TGDs not contained in the input: 0
Dec 08, 2021 9:22:49 AM uk.ac.ox.cs.gsat.App executeAllSteps
INFO: Rewriting completed!
Full TGD saturation: (4880 dependecies)
Dec 08, 2021 9:22:49 AM uk.ac.ox.cs.gsat.App executeAllSteps
INFO: Writing the saturation in the Datalog file 00669.rul
