Starting Saturation...
Executing from DLGP files
SLF4J: Failed to load class "org.slf4j.impl.StaticLoggerBinder".
SLF4J: Defaulting to no-operation (NOP) logger implementation
SLF4J: See http://www.slf4j.org/codes.html#StaticLoggerBinder for further details.
# Rules: 474; # Atoms: 0; # AtomSets: 0; # Queries: 0; # Constraints: 0
Full TGD saturation algorithm: hyperresolution Sat
Running HyperSat...
Dec 08, 2021 9:37:52 AM uk.ac.ox.cs.gsat.AbstractSaturation run
INFO: HyperSat discarded rules : 0/474 = 0.000%
HyperSat discarded rules : 0/474 = 0.000%
Dec 08, 2021 9:37:52 AM uk.ac.ox.cs.gsat.AbstractSaturation run
INFO: Subsumption method : tree_predicate
length of the formulas: 2.0902836
number of bags: 7
length of the formulas: 2.0902836
number of bags: 7
Dec 08, 2021 9:37:53 AM uk.ac.ox.cs.gsat.SaturationStatistics log
INFO: # initial TGDs: 249 , 914
Dec 08, 2021 9:37:53 AM uk.ac.ox.cs.gsat.SaturationStatistics log
INFO: HyperSat total time : 1320 ms = 1.32 s
Dec 08, 2021 9:37:53 AM uk.ac.ox.cs.gsat.SaturationStatistics log
INFO: Subsumed elements : 810
Dec 08, 2021 9:37:53 AM uk.ac.ox.cs.gsat.SaturationStatistics log
INFO: Filter discarded elements : 240677
Dec 08, 2021 9:37:53 AM uk.ac.ox.cs.gsat.SaturationStatistics log
INFO: subsumption time: 158 ms = 0.16 s
Dec 08, 2021 9:37:53 AM uk.ac.ox.cs.gsat.SaturationStatistics log
INFO: forward subsumption time: 111 ms = 0.11 s
Dec 08, 2021 9:37:53 AM uk.ac.ox.cs.gsat.SaturationStatistics log
INFO: backward subsumption time: 48 ms = 0.05 s
Dec 08, 2021 9:37:53 AM uk.ac.ox.cs.gsat.SaturationStatistics log
INFO: Derived full/non full TGDs: 199 , 8592
Dec 08, 2021 9:37:53 AM uk.ac.ox.cs.gsat.SaturationStatistics log
INFO: discarded tautology count: 105
Dec 08, 2021 9:37:53 AM uk.ac.ox.cs.gsat.HyperResolutionStatistics log
INFO: hyperresolution time: 834 ms = 0.83 s
Dec 08, 2021 9:37:53 AM uk.ac.ox.cs.gsat.HyperResolutionStatistics log
INFO: hyperresolution count: 31348
Dec 08, 2021 9:37:53 AM uk.ac.ox.cs.gsat.HyperResolutionStatistics log
INFO: hyperresolution failure count: 22557
Dec 08, 2021 9:37:53 AM uk.ac.ox.cs.gsat.AbstractSaturation run
INFO: ouptput full TGDs not contained in the input: 0
Dec 08, 2021 9:37:53 AM uk.ac.ox.cs.gsat.App executeAllSteps
INFO: Rewriting completed!
Full TGD saturation: (249 dependecies)
Dec 08, 2021 9:37:53 AM uk.ac.ox.cs.gsat.App executeAllSteps
INFO: Writing the saturation in the Datalog file 00723.rul
