Starting Saturation...
Executing from DLGP files
SLF4J: Failed to load class "org.slf4j.impl.StaticLoggerBinder".
SLF4J: Defaulting to no-operation (NOP) logger implementation
SLF4J: See http://www.slf4j.org/codes.html#StaticLoggerBinder for further details.
# Rules: 793; # Atoms: 0; # AtomSets: 0; # Queries: 0; # Constraints: 0
Full TGD saturation algorithm: hyperresolution Sat
Running HyperSat...
Dec 08, 2021 9:39:10 AM uk.ac.ox.cs.gsat.AbstractSaturation run
INFO: HyperSat discarded rules : 0/793 = 0.000%
HyperSat discarded rules : 0/793 = 0.000%
Dec 08, 2021 9:39:11 AM uk.ac.ox.cs.gsat.AbstractSaturation run
INFO: Subsumption method : tree_predicate
length of the formulas: 2.0820093
number of bags: 10
length of the formulas: 2.0820093
number of bags: 10
Dec 08, 2021 9:39:13 AM uk.ac.ox.cs.gsat.SaturationStatistics log
INFO: # initial TGDs: 391 , 1560
Dec 08, 2021 9:39:13 AM uk.ac.ox.cs.gsat.SaturationStatistics log
INFO: HyperSat total time : 2687 ms = 2.69 s
Dec 08, 2021 9:39:13 AM uk.ac.ox.cs.gsat.SaturationStatistics log
INFO: Subsumed elements : 1361
Dec 08, 2021 9:39:13 AM uk.ac.ox.cs.gsat.SaturationStatistics log
INFO: Filter discarded elements : 545714
Dec 08, 2021 9:39:13 AM uk.ac.ox.cs.gsat.SaturationStatistics log
INFO: subsumption time: 406 ms = 0.41 s
Dec 08, 2021 9:39:13 AM uk.ac.ox.cs.gsat.SaturationStatistics log
INFO: forward subsumption time: 289 ms = 0.29 s
Dec 08, 2021 9:39:13 AM uk.ac.ox.cs.gsat.SaturationStatistics log
INFO: backward subsumption time: 117 ms = 0.12 s
Dec 08, 2021 9:39:13 AM uk.ac.ox.cs.gsat.SaturationStatistics log
INFO: Derived full/non full TGDs: 298 , 24921
Dec 08, 2021 9:39:13 AM uk.ac.ox.cs.gsat.SaturationStatistics log
INFO: discarded tautology count: 160
Dec 08, 2021 9:39:13 AM uk.ac.ox.cs.gsat.HyperResolutionStatistics log
INFO: hyperresolution time: 1561 ms = 1.56 s
Dec 08, 2021 9:39:13 AM uk.ac.ox.cs.gsat.HyperResolutionStatistics log
INFO: hyperresolution count: 102369
Dec 08, 2021 9:39:13 AM uk.ac.ox.cs.gsat.HyperResolutionStatistics log
INFO: hyperresolution failure count: 77150
Dec 08, 2021 9:39:13 AM uk.ac.ox.cs.gsat.AbstractSaturation run
INFO: ouptput full TGDs not contained in the input: 0
Dec 08, 2021 9:39:13 AM uk.ac.ox.cs.gsat.App executeAllSteps
INFO: Rewriting completed!
Full TGD saturation: (391 dependecies)
Dec 08, 2021 9:39:13 AM uk.ac.ox.cs.gsat.App executeAllSteps
INFO: Writing the saturation in the Datalog file 00732.rul
