Starting Saturation...
Executing from DLGP files
SLF4J: Failed to load class "org.slf4j.impl.StaticLoggerBinder".
SLF4J: Defaulting to no-operation (NOP) logger implementation
SLF4J: See http://www.slf4j.org/codes.html#StaticLoggerBinder for further details.
# Rules: 986; # Atoms: 0; # AtomSets: 0; # Queries: 0; # Constraints: 0
Full TGD saturation algorithm: hyperresolution Sat
Running HyperSat...
Dec 08, 2021 9:41:28 AM uk.ac.ox.cs.gsat.AbstractSaturation run
INFO: HyperSat discarded rules : 0/986 = 0.000%
HyperSat discarded rules : 0/986 = 0.000%
Dec 08, 2021 9:41:28 AM uk.ac.ox.cs.gsat.AbstractSaturation run
INFO: Subsumption method : tree_predicate
length of the formulas: 2.0715826
number of bags: 11
length of the formulas: 2.0715826
number of bags: 11
Dec 08, 2021 9:41:31 AM uk.ac.ox.cs.gsat.SaturationStatistics log
INFO: # initial TGDs: 517 , 1802
Dec 08, 2021 9:41:31 AM uk.ac.ox.cs.gsat.SaturationStatistics log
INFO: HyperSat total time : 3113 ms = 3.11 s
Dec 08, 2021 9:41:31 AM uk.ac.ox.cs.gsat.SaturationStatistics log
INFO: Subsumed elements : 1627
Dec 08, 2021 9:41:31 AM uk.ac.ox.cs.gsat.SaturationStatistics log
INFO: Filter discarded elements : 846591
Dec 08, 2021 9:41:31 AM uk.ac.ox.cs.gsat.SaturationStatistics log
INFO: subsumption time: 596 ms = 0.60 s
Dec 08, 2021 9:41:31 AM uk.ac.ox.cs.gsat.SaturationStatistics log
INFO: forward subsumption time: 388 ms = 0.39 s
Dec 08, 2021 9:41:31 AM uk.ac.ox.cs.gsat.SaturationStatistics log
INFO: backward subsumption time: 208 ms = 0.21 s
Dec 08, 2021 9:41:31 AM uk.ac.ox.cs.gsat.SaturationStatistics log
INFO: Derived full/non full TGDs: 286 , 35702
Dec 08, 2021 9:41:31 AM uk.ac.ox.cs.gsat.SaturationStatistics log
INFO: discarded tautology count: 166
Dec 08, 2021 9:41:31 AM uk.ac.ox.cs.gsat.HyperResolutionStatistics log
INFO: hyperresolution time: 1589 ms = 1.59 s
Dec 08, 2021 9:41:31 AM uk.ac.ox.cs.gsat.HyperResolutionStatistics log
INFO: hyperresolution count: 141081
Dec 08, 2021 9:41:31 AM uk.ac.ox.cs.gsat.HyperResolutionStatistics log
INFO: hyperresolution failure count: 105093
Dec 08, 2021 9:41:31 AM uk.ac.ox.cs.gsat.AbstractSaturation run
INFO: ouptput full TGDs not contained in the input: 0
Dec 08, 2021 9:41:31 AM uk.ac.ox.cs.gsat.App executeAllSteps
INFO: Rewriting completed!
Full TGD saturation: (517 dependecies)
Dec 08, 2021 9:41:31 AM uk.ac.ox.cs.gsat.App executeAllSteps
INFO: Writing the saturation in the Datalog file 00749.rul
