Starting Saturation...
Executing from DLGP files
SLF4J: Failed to load class "org.slf4j.impl.StaticLoggerBinder".
SLF4J: Defaulting to no-operation (NOP) logger implementation
SLF4J: See http://www.slf4j.org/codes.html#StaticLoggerBinder for further details.
# Rules: 959; # Atoms: 0; # AtomSets: 0; # Queries: 0; # Constraints: 0
Full TGD saturation algorithm: Skolem Sat
Running SkSat...
Dec 06, 2021 6:26:17 PM uk.ac.ox.cs.gsat.AbstractSaturation run
INFO: SkSat discarded rules : 0/959 = 0.000%
SkSat discarded rules : 0/959 = 0.000%
Dec 06, 2021 6:26:18 PM uk.ac.ox.cs.gsat.AbstractSaturation run
INFO: Subsumption method : disabled
nonFullTGDs	0		fullTGDs	884			newNonFullTGDs	137		newFullTGDs	0
nonFullTGDs	100		fullTGDs	884			newNonFullTGDs	145		newFullTGDs	81
nonFullTGDs	200		fullTGDs	884			newNonFullTGDs	148		newFullTGDs	147
nonFullTGDs	300		fullTGDs	884			newNonFullTGDs	164		newFullTGDs	190
nonFullTGDs	400		fullTGDs	884			newNonFullTGDs	152		newFullTGDs	259
nonFullTGDs	500		fullTGDs	884			newNonFullTGDs	142		newFullTGDs	341
nonFullTGDs	600		fullTGDs	884			newNonFullTGDs	162		newFullTGDs	394
nonFullTGDs	700		fullTGDs	884			newNonFullTGDs	197		newFullTGDs	446
nonFullTGDs	800		fullTGDs	884			newNonFullTGDs	202		newFullTGDs	515
nonFullTGDs	900		fullTGDs	884			newNonFullTGDs	189		newFullTGDs	575
nonFullTGDs	1000		fullTGDs	884			newNonFullTGDs	161		newFullTGDs	633
nonFullTGDs	1100		fullTGDs	884			newNonFullTGDs	133		newFullTGDs	676
nonFullTGDs	1200		fullTGDs	884			newNonFullTGDs	109		newFullTGDs	723
nonFullTGDs	1300		fullTGDs	884			newNonFullTGDs	91		newFullTGDs	769
nonFullTGDs	1400		fullTGDs	884			newNonFullTGDs	71		newFullTGDs	824
nonFullTGDs	1500		fullTGDs	884			newNonFullTGDs	50		newFullTGDs	877
nonFullTGDs	1600		fullTGDs	884			newNonFullTGDs	28		newFullTGDs	904
nonFullTGDs	1700		fullTGDs	884			newNonFullTGDs	10		newFullTGDs	951
nonFullTGDs	1795		fullTGDs	889			newNonFullTGDs	80		newFullTGDs	1032
nonFullTGDs	1892		fullTGDs	892			newNonFullTGDs	4		newFullTGDs	1223
nonFullTGDs	1905		fullTGDs	979			newNonFullTGDs	0		newFullTGDs	1164
nonFullTGDs	1905		fullTGDs	1079			newNonFullTGDs	0		newFullTGDs	1076
nonFullTGDs	1905		fullTGDs	1179			newNonFullTGDs	0		newFullTGDs	976
nonFullTGDs	1905		fullTGDs	1279			newNonFullTGDs	0		newFullTGDs	876
nonFullTGDs	1905		fullTGDs	1379			newNonFullTGDs	0		newFullTGDs	781
nonFullTGDs	1907		fullTGDs	1477			newNonFullTGDs	0		newFullTGDs	686
nonFullTGDs	1914		fullTGDs	1570			newNonFullTGDs	1		newFullTGDs	593
nonFullTGDs	1978		fullTGDs	1606			newNonFullTGDs	1		newFullTGDs	557
nonFullTGDs	2041		fullTGDs	1643			newNonFullTGDs	0		newFullTGDs	520
nonFullTGDs	2075		fullTGDs	1709			newNonFullTGDs	0		newFullTGDs	454
nonFullTGDs	2099		fullTGDs	1785			newNonFullTGDs	1		newFullTGDs	378
nonFullTGDs	2102		fullTGDs	1882			newNonFullTGDs	0		newFullTGDs	281
nonFullTGDs	2108		fullTGDs	1976			newNonFullTGDs	1		newFullTGDs	211
nonFullTGDs	2165		fullTGDs	2019			newNonFullTGDs	1		newFullTGDs	175
nonFullTGDs	2174		fullTGDs	2110			newNonFullTGDs	0		newFullTGDs	84
nonFullTGDs	2185		fullTGDs	2199			newNonFullTGDs	3		newFullTGDs	6
Dec 06, 2021 6:26:18 PM uk.ac.ox.cs.gsat.SaturationStatistics log
INFO: # initial TGDs: 884 , 137
Dec 06, 2021 6:26:18 PM uk.ac.ox.cs.gsat.SaturationStatistics log
INFO: SkSat total time : 307 ms = 0.31 s
Dec 06, 2021 6:26:18 PM uk.ac.ox.cs.gsat.SaturationStatistics log
INFO: Subsumed elements : 0
Dec 06, 2021 6:26:18 PM uk.ac.ox.cs.gsat.SaturationStatistics log
INFO: Filter discarded elements : 0
Dec 06, 2021 6:26:18 PM uk.ac.ox.cs.gsat.SaturationStatistics log
INFO: subsumption time: 2 ms = 0.00 s
Dec 06, 2021 6:26:18 PM uk.ac.ox.cs.gsat.SaturationStatistics log
INFO: forward subsumption time: 2 ms = 0.00 s
Dec 06, 2021 6:26:18 PM uk.ac.ox.cs.gsat.SaturationStatistics log
INFO: backward subsumption time: 0 ms = 0.00 s
Dec 06, 2021 6:26:18 PM uk.ac.ox.cs.gsat.SaturationStatistics log
INFO: Derived full/non full TGDs: 1713 , 3779
Dec 06, 2021 6:26:18 PM uk.ac.ox.cs.gsat.SaturationStatistics log
INFO: discarded tautology count: 39
Dec 06, 2021 6:26:18 PM uk.ac.ox.cs.gsat.EvolveStatistics log
INFO: Stop because subsumed: 277
Dec 06, 2021 6:26:18 PM uk.ac.ox.cs.gsat.EvolveStatistics log
INFO: evolved equals to current: 0
Dec 06, 2021 6:26:18 PM uk.ac.ox.cs.gsat.EvolveStatistics log
INFO: evolved time: 114 ms = 0.11 s
Dec 06, 2021 6:26:18 PM uk.ac.ox.cs.gsat.EvolveStatistics log
INFO: evolve count: 6076
Dec 06, 2021 6:26:18 PM uk.ac.ox.cs.gsat.SkolemStatistics log
INFO: maximum number of Skolem atoms in body: 2
Dec 06, 2021 6:26:18 PM uk.ac.ox.cs.gsat.SkolemStatistics log
INFO: left derived TGD with Skolem in the body: 0
Dec 06, 2021 6:26:18 PM uk.ac.ox.cs.gsat.SkolemStatistics log
INFO: right derived TGD with Skolem in the body: 1283
Dec 06, 2021 6:26:18 PM uk.ac.ox.cs.gsat.SkolemStatistics log
INFO: derived TGD with more than two Skolem atoms in the body: 20
Dec 06, 2021 6:26:18 PM uk.ac.ox.cs.gsat.AbstractSaturation run
INFO: ouptput full TGDs not contained in the input: 91
Dec 06, 2021 6:26:18 PM uk.ac.ox.cs.gsat.App executeAllSteps
INFO: Rewriting completed!
Full TGD saturation: (975 dependecies)
Dec 06, 2021 6:26:18 PM uk.ac.ox.cs.gsat.App executeAllSteps
INFO: Writing the saturation in the Datalog file 00282.rul
