Starting Saturation...
Executing from DLGP files
SLF4J: Failed to load class "org.slf4j.impl.StaticLoggerBinder".
SLF4J: Defaulting to no-operation (NOP) logger implementation
SLF4J: See http://www.slf4j.org/codes.html#StaticLoggerBinder for further details.
# Rules: 1980; # Atoms: 0; # AtomSets: 0; # Queries: 0; # Constraints: 0
Full TGD saturation algorithm: Skolem Sat
Running SkSat...
Dec 06, 2021 7:21:53 PM uk.ac.ox.cs.gsat.AbstractSaturation run
INFO: SkSat discarded rules : 0/1980 = 0.000%
SkSat discarded rules : 0/1980 = 0.000%
Dec 06, 2021 7:21:53 PM uk.ac.ox.cs.gsat.AbstractSaturation run
INFO: Subsumption method : disabled
nonFullTGDs	0		fullTGDs	1286			newNonFullTGDs	1388		newFullTGDs	0
nonFullTGDs	100		fullTGDs	1286			newNonFullTGDs	1288		newFullTGDs	4839
nonFullTGDs	200		fullTGDs	1286			newNonFullTGDs	1188		newFullTGDs	7947
nonFullTGDs	300		fullTGDs	1286			newNonFullTGDs	1088		newFullTGDs	12171
nonFullTGDs	400		fullTGDs	1286			newNonFullTGDs	988		newFullTGDs	16727
nonFullTGDs	500		fullTGDs	1286			newNonFullTGDs	888		newFullTGDs	19745
nonFullTGDs	600		fullTGDs	1286			newNonFullTGDs	788		newFullTGDs	24440
nonFullTGDs	700		fullTGDs	1286			newNonFullTGDs	688		newFullTGDs	29099
nonFullTGDs	800		fullTGDs	1286			newNonFullTGDs	588		newFullTGDs	33104
nonFullTGDs	900		fullTGDs	1286			newNonFullTGDs	488		newFullTGDs	36067
nonFullTGDs	1000		fullTGDs	1286			newNonFullTGDs	388		newFullTGDs	40806
nonFullTGDs	1100		fullTGDs	1286			newNonFullTGDs	288		newFullTGDs	44426
nonFullTGDs	1200		fullTGDs	1286			newNonFullTGDs	190		newFullTGDs	47640
nonFullTGDs	1300		fullTGDs	1286			newNonFullTGDs	90		newFullTGDs	51029
nonFullTGDs	1390		fullTGDs	1296			newNonFullTGDs	0		newFullTGDs	53369
nonFullTGDs	1390		fullTGDs	1396			newNonFullTGDs	0		newFullTGDs	53269
nonFullTGDs	1390		fullTGDs	1496			newNonFullTGDs	0		newFullTGDs	53169
nonFullTGDs	1390		fullTGDs	1596			newNonFullTGDs	0		newFullTGDs	53070
nonFullTGDs	1390		fullTGDs	1696			newNonFullTGDs	0		newFullTGDs	53005
nonFullTGDs	1390		fullTGDs	1796			newNonFullTGDs	0		newFullTGDs	52955
nonFullTGDs	1390		fullTGDs	1896			newNonFullTGDs	0		newFullTGDs	52867
nonFullTGDs	1390		fullTGDs	1996			newNonFullTGDs	0		newFullTGDs	52767
nonFullTGDs	1390		fullTGDs	2096			newNonFullTGDs	0		newFullTGDs	52667
nonFullTGDs	1390		fullTGDs	2196			newNonFullTGDs	0		newFullTGDs	52567
nonFullTGDs	1390		fullTGDs	2296			newNonFullTGDs	0		newFullTGDs	52467
nonFullTGDs	1390		fullTGDs	2396			newNonFullTGDs	0		newFullTGDs	52372
nonFullTGDs	1390		fullTGDs	2496			newNonFullTGDs	0		newFullTGDs	52286
nonFullTGDs	1390		fullTGDs	2596			newNonFullTGDs	0		newFullTGDs	52199
nonFullTGDs	1390		fullTGDs	2696			newNonFullTGDs	0		newFullTGDs	52116
nonFullTGDs	1390		fullTGDs	2796			newNonFullTGDs	0		newFullTGDs	52066
nonFullTGDs	1390		fullTGDs	2896			newNonFullTGDs	0		newFullTGDs	51967
nonFullTGDs	1390		fullTGDs	2996			newNonFullTGDs	0		newFullTGDs	51867
nonFullTGDs	1390		fullTGDs	3096			newNonFullTGDs	0		newFullTGDs	51768
nonFullTGDs	1390		fullTGDs	3196			newNonFullTGDs	0		newFullTGDs	51668
nonFullTGDs	1390		fullTGDs	3296			newNonFullTGDs	0		newFullTGDs	51568
nonFullTGDs	1390		fullTGDs	3396			newNonFullTGDs	0		newFullTGDs	51468
nonFullTGDs	1390		fullTGDs	3496			newNonFullTGDs	0		newFullTGDs	51370
nonFullTGDs	1390		fullTGDs	3596			newNonFullTGDs	0		newFullTGDs	51274
nonFullTGDs	1390		fullTGDs	3696			newNonFullTGDs	0		newFullTGDs	51179
nonFullTGDs	1390		fullTGDs	3796			newNonFullTGDs	0		newFullTGDs	51079
nonFullTGDs	1390		fullTGDs	3896			newNonFullTGDs	0		newFullTGDs	50979
nonFullTGDs	1390		fullTGDs	3996			newNonFullTGDs	0		newFullTGDs	50883
nonFullTGDs	1390		fullTGDs	4096			newNonFullTGDs	0		newFullTGDs	50789
nonFullTGDs	1390		fullTGDs	4196			newNonFullTGDs	0		newFullTGDs	50693
nonFullTGDs	1390		fullTGDs	4296			newNonFullTGDs	0		newFullTGDs	50593
nonFullTGDs	1390		fullTGDs	4396			newNonFullTGDs	0		newFullTGDs	50504
nonFullTGDs	1390		fullTGDs	4496			newNonFullTGDs	0		newFullTGDs	50408
nonFullTGDs	1390		fullTGDs	4596			newNonFullTGDs	0		newFullTGDs	50319
nonFullTGDs	1390		fullTGDs	4696			newNonFullTGDs	0		newFullTGDs	50268
nonFullTGDs	1390		fullTGDs	4796			newNonFullTGDs	0		newFullTGDs	50209
nonFullTGDs	1390		fullTGDs	4896			newNonFullTGDs	0		newFullTGDs	50157
nonFullTGDs	1390		fullTGDs	4996			newNonFullTGDs	0		newFullTGDs	50104
nonFullTGDs	1390		fullTGDs	5096			newNonFullTGDs	0		newFullTGDs	50054
nonFullTGDs	1390		fullTGDs	5196			newNonFullTGDs	0		newFullTGDs	50004
nonFullTGDs	1390		fullTGDs	5296			newNonFullTGDs	0		newFullTGDs	49951
nonFullTGDs	1390		fullTGDs	5396			newNonFullTGDs	0		newFullTGDs	49897
nonFullTGDs	1390		fullTGDs	5496			newNonFullTGDs	0		newFullTGDs	49847
nonFullTGDs	1390		fullTGDs	5596			newNonFullTGDs	0		newFullTGDs	49795
nonFullTGDs	1390		fullTGDs	5696			newNonFullTGDs	0		newFullTGDs	49745
nonFullTGDs	1390		fullTGDs	5796			newNonFullTGDs	0		newFullTGDs	49695
nonFullTGDs	1390		fullTGDs	5896			newNonFullTGDs	0		newFullTGDs	49643
nonFullTGDs	1390		fullTGDs	5996			newNonFullTGDs	0		newFullTGDs	49593
nonFullTGDs	1390		fullTGDs	6096			newNonFullTGDs	0		newFullTGDs	49543
nonFullTGDs	1390		fullTGDs	6196			newNonFullTGDs	0		newFullTGDs	49493
nonFullTGDs	1390		fullTGDs	6296			newNonFullTGDs	0		newFullTGDs	49438
nonFullTGDs	1390		fullTGDs	6396			newNonFullTGDs	0		newFullTGDs	49388
nonFullTGDs	1390		fullTGDs	6496			newNonFullTGDs	0		newFullTGDs	49336
nonFullTGDs	1390		fullTGDs	6596			newNonFullTGDs	0		newFullTGDs	49282
nonFullTGDs	1390		fullTGDs	6696			newNonFullTGDs	0		newFullTGDs	49231
nonFullTGDs	1390		fullTGDs	6796			newNonFullTGDs	0		newFullTGDs	49172
nonFullTGDs	1390		fullTGDs	6896			newNonFullTGDs	0		newFullTGDs	49119
nonFullTGDs	1390		fullTGDs	6996			newNonFullTGDs	0		newFullTGDs	49065
nonFullTGDs	1390		fullTGDs	7096			newNonFullTGDs	0		newFullTGDs	49011
nonFullTGDs	1390		fullTGDs	7196			newNonFullTGDs	0		newFullTGDs	48960
nonFullTGDs	1390		fullTGDs	7296			newNonFullTGDs	0		newFullTGDs	48910
nonFullTGDs	1390		fullTGDs	7396			newNonFullTGDs	0		newFullTGDs	48858
nonFullTGDs	1390		fullTGDs	7496			newNonFullTGDs	0		newFullTGDs	48808
nonFullTGDs	1390		fullTGDs	7596			newNonFullTGDs	0		newFullTGDs	48756
nonFullTGDs	1390		fullTGDs	7696			newNonFullTGDs	0		newFullTGDs	48706
nonFullTGDs	1390		fullTGDs	7796			newNonFullTGDs	0		newFullTGDs	48650
nonFullTGDs	1390		fullTGDs	7896			newNonFullTGDs	0		newFullTGDs	48600
nonFullTGDs	1390		fullTGDs	7996			newNonFullTGDs	0		newFullTGDs	48550
nonFullTGDs	1390		fullTGDs	8096			newNonFullTGDs	0		newFullTGDs	48499
nonFullTGDs	1390		fullTGDs	8196			newNonFullTGDs	0		newFullTGDs	48449
nonFullTGDs	1390		fullTGDs	8296			newNonFullTGDs	0		newFullTGDs	48397
nonFullTGDs	1390		fullTGDs	8396			newNonFullTGDs	0		newFullTGDs	48345
nonFullTGDs	1390		fullTGDs	8496			newNonFullTGDs	0		newFullTGDs	48291
nonFullTGDs	1390		fullTGDs	8596			newNonFullTGDs	0		newFullTGDs	48240
nonFullTGDs	1390		fullTGDs	8696			newNonFullTGDs	0		newFullTGDs	48140
nonFullTGDs	1390		fullTGDs	8796			newNonFullTGDs	0		newFullTGDs	48043
nonFullTGDs	1390		fullTGDs	8896			newNonFullTGDs	0		newFullTGDs	47947
nonFullTGDs	1390		fullTGDs	8996			newNonFullTGDs	0		newFullTGDs	47850
nonFullTGDs	1390		fullTGDs	9096			newNonFullTGDs	0		newFullTGDs	47750
nonFullTGDs	1390		fullTGDs	9196			newNonFullTGDs	0		newFullTGDs	47650
nonFullTGDs	1390		fullTGDs	9296			newNonFullTGDs	0		newFullTGDs	47550
nonFullTGDs	1390		fullTGDs	9396			newNonFullTGDs	0		newFullTGDs	47450
nonFullTGDs	1390		fullTGDs	9496			newNonFullTGDs	0		newFullTGDs	47353
nonFullTGDs	1390		fullTGDs	9596			newNonFullTGDs	0		newFullTGDs	47256
nonFullTGDs	1390		fullTGDs	9696			newNonFullTGDs	0		newFullTGDs	47175
nonFullTGDs	1390		fullTGDs	9796			newNonFullTGDs	0		newFullTGDs	47092
nonFullTGDs	1390		fullTGDs	9896			newNonFullTGDs	0		newFullTGDs	46999
nonFullTGDs	1390		fullTGDs	9996			newNonFullTGDs	0		newFullTGDs	46907
nonFullTGDs	1390		fullTGDs	10096			newNonFullTGDs	0		newFullTGDs	46817
nonFullTGDs	1390		fullTGDs	10196			newNonFullTGDs	0		newFullTGDs	46751
nonFullTGDs	1390		fullTGDs	10296			newNonFullTGDs	0		newFullTGDs	46668
nonFullTGDs	1390		fullTGDs	10396			newNonFullTGDs	0		newFullTGDs	46568
nonFullTGDs	1390		fullTGDs	10496			newNonFullTGDs	0		newFullTGDs	46489
nonFullTGDs	1390		fullTGDs	10596			newNonFullTGDs	0		newFullTGDs	46403
nonFullTGDs	1390		fullTGDs	10696			newNonFullTGDs	0		newFullTGDs	46303
nonFullTGDs	1390		fullTGDs	10796			newNonFullTGDs	0		newFullTGDs	46203
nonFullTGDs	1390		fullTGDs	10896			newNonFullTGDs	0		newFullTGDs	46103
nonFullTGDs	1390		fullTGDs	10996			newNonFullTGDs	0		newFullTGDs	46003
nonFullTGDs	1390		fullTGDs	11096			newNonFullTGDs	0		newFullTGDs	45903
nonFullTGDs	1390		fullTGDs	11196			newNonFullTGDs	0		newFullTGDs	45804
nonFullTGDs	1390		fullTGDs	11296			newNonFullTGDs	0		newFullTGDs	45704
nonFullTGDs	1390		fullTGDs	11396			newNonFullTGDs	0		newFullTGDs	45608
nonFullTGDs	1390		fullTGDs	11496			newNonFullTGDs	0		newFullTGDs	45508
nonFullTGDs	1390		fullTGDs	11596			newNonFullTGDs	0		newFullTGDs	45416
nonFullTGDs	1390		fullTGDs	11696			newNonFullTGDs	0		newFullTGDs	45317
nonFullTGDs	1390		fullTGDs	11796			newNonFullTGDs	0		newFullTGDs	45217
nonFullTGDs	1390		fullTGDs	11896			newNonFullTGDs	0		newFullTGDs	45117
nonFullTGDs	1390		fullTGDs	11996			newNonFullTGDs	0		newFullTGDs	45019
nonFullTGDs	1390		fullTGDs	12096			newNonFullTGDs	0		newFullTGDs	44920
nonFullTGDs	1390		fullTGDs	12196			newNonFullTGDs	0		newFullTGDs	44820
nonFullTGDs	1390		fullTGDs	12296			newNonFullTGDs	0		newFullTGDs	44720
nonFullTGDs	1390		fullTGDs	12396			newNonFullTGDs	0		newFullTGDs	44627
nonFullTGDs	1390		fullTGDs	12496			newNonFullTGDs	0		newFullTGDs	44527
nonFullTGDs	1390		fullTGDs	12596			newNonFullTGDs	0		newFullTGDs	44427
nonFullTGDs	1390		fullTGDs	12696			newNonFullTGDs	0		newFullTGDs	44327
nonFullTGDs	1390		fullTGDs	12796			newNonFullTGDs	0		newFullTGDs	44227
nonFullTGDs	1390		fullTGDs	12896			newNonFullTGDs	0		newFullTGDs	44130
nonFullTGDs	1390		fullTGDs	12996			newNonFullTGDs	0		newFullTGDs	44030
nonFullTGDs	1390		fullTGDs	13096			newNonFullTGDs	0		newFullTGDs	43933
nonFullTGDs	1390		fullTGDs	13196			newNonFullTGDs	0		newFullTGDs	43833
nonFullTGDs	1390		fullTGDs	13296			newNonFullTGDs	0		newFullTGDs	43734
nonFullTGDs	1390		fullTGDs	13396			newNonFullTGDs	0		newFullTGDs	43634
nonFullTGDs	1390		fullTGDs	13496			newNonFullTGDs	0		newFullTGDs	43535
nonFullTGDs	1390		fullTGDs	13596			newNonFullTGDs	0		newFullTGDs	43440
nonFullTGDs	1390		fullTGDs	13696			newNonFullTGDs	0		newFullTGDs	43340
nonFullTGDs	1390		fullTGDs	13796			newNonFullTGDs	0		newFullTGDs	43240
nonFullTGDs	1390		fullTGDs	13896			newNonFullTGDs	0		newFullTGDs	43141
nonFullTGDs	1390		fullTGDs	13996			newNonFullTGDs	0		newFullTGDs	43041
nonFullTGDs	1390		fullTGDs	14096			newNonFullTGDs	0		newFullTGDs	42941
nonFullTGDs	1390		fullTGDs	14196			newNonFullTGDs	0		newFullTGDs	42871
nonFullTGDs	1390		fullTGDs	14296			newNonFullTGDs	0		newFullTGDs	42806
nonFullTGDs	1390		fullTGDs	14396			newNonFullTGDs	0		newFullTGDs	42712
nonFullTGDs	1390		fullTGDs	14496			newNonFullTGDs	0		newFullTGDs	42623
nonFullTGDs	1390		fullTGDs	14596			newNonFullTGDs	0		newFullTGDs	42538
nonFullTGDs	1390		fullTGDs	14696			newNonFullTGDs	0		newFullTGDs	42461
nonFullTGDs	1390		fullTGDs	14796			newNonFullTGDs	0		newFullTGDs	42372
nonFullTGDs	1390		fullTGDs	14896			newNonFullTGDs	0		newFullTGDs	42282
nonFullTGDs	1390		fullTGDs	14996			newNonFullTGDs	0		newFullTGDs	42192
nonFullTGDs	1390		fullTGDs	15096			newNonFullTGDs	0		newFullTGDs	42092
nonFullTGDs	1390		fullTGDs	15196			newNonFullTGDs	0		newFullTGDs	41992
nonFullTGDs	1390		fullTGDs	15296			newNonFullTGDs	0		newFullTGDs	41896
nonFullTGDs	1390		fullTGDs	15396			newNonFullTGDs	0		newFullTGDs	41819
nonFullTGDs	1390		fullTGDs	15496			newNonFullTGDs	0		newFullTGDs	41719
nonFullTGDs	1390		fullTGDs	15596			newNonFullTGDs	0		newFullTGDs	41619
nonFullTGDs	1390		fullTGDs	15696			newNonFullTGDs	0		newFullTGDs	41524
nonFullTGDs	1390		fullTGDs	15796			newNonFullTGDs	0		newFullTGDs	41424
nonFullTGDs	1390		fullTGDs	15896			newNonFullTGDs	0		newFullTGDs	41325
nonFullTGDs	1390		fullTGDs	15996			newNonFullTGDs	0		newFullTGDs	41225
nonFullTGDs	1390		fullTGDs	16096			newNonFullTGDs	0		newFullTGDs	41125
nonFullTGDs	1390		fullTGDs	16196			newNonFullTGDs	0		newFullTGDs	41027
nonFullTGDs	1390		fullTGDs	16296			newNonFullTGDs	0		newFullTGDs	40927
nonFullTGDs	1390		fullTGDs	16396			newNonFullTGDs	0		newFullTGDs	40827
nonFullTGDs	1390		fullTGDs	16496			newNonFullTGDs	0		newFullTGDs	40732
nonFullTGDs	1390		fullTGDs	16596			newNonFullTGDs	0		newFullTGDs	40632
nonFullTGDs	1390		fullTGDs	16696			newNonFullTGDs	0		newFullTGDs	40533
nonFullTGDs	1390		fullTGDs	16796			newNonFullTGDs	0		newFullTGDs	40434
nonFullTGDs	1390		fullTGDs	16896			newNonFullTGDs	0		newFullTGDs	40337
nonFullTGDs	1390		fullTGDs	16996			newNonFullTGDs	0		newFullTGDs	40237
nonFullTGDs	1390		fullTGDs	17096			newNonFullTGDs	0		newFullTGDs	40142
nonFullTGDs	1390		fullTGDs	17196			newNonFullTGDs	0		newFullTGDs	40042
nonFullTGDs	1390		fullTGDs	17296			newNonFullTGDs	0		newFullTGDs	39942
nonFullTGDs	1390		fullTGDs	17396			newNonFullTGDs	0		newFullTGDs	39842
nonFullTGDs	1390		fullTGDs	17496			newNonFullTGDs	0		newFullTGDs	39750
nonFullTGDs	1390		fullTGDs	17596			newNonFullTGDs	0		newFullTGDs	39650
nonFullTGDs	1390		fullTGDs	17696			newNonFullTGDs	0		newFullTGDs	39550
nonFullTGDs	1390		fullTGDs	17796			newNonFullTGDs	0		newFullTGDs	39450
nonFullTGDs	1390		fullTGDs	17896			newNonFullTGDs	0		newFullTGDs	39351
nonFullTGDs	1390		fullTGDs	17996			newNonFullTGDs	0		newFullTGDs	39255
nonFullTGDs	1390		fullTGDs	18096			newNonFullTGDs	0		newFullTGDs	39156
nonFullTGDs	1390		fullTGDs	18196			newNonFullTGDs	0		newFullTGDs	39056
nonFullTGDs	1390		fullTGDs	18296			newNonFullTGDs	0		newFullTGDs	38956
nonFullTGDs	1390		fullTGDs	18396			newNonFullTGDs	0		newFullTGDs	38860
nonFullTGDs	1390		fullTGDs	18496			newNonFullTGDs	0		newFullTGDs	38778
nonFullTGDs	1390		fullTGDs	18596			newNonFullTGDs	0		newFullTGDs	38688
nonFullTGDs	1390		fullTGDs	18696			newNonFullTGDs	0		newFullTGDs	38601
nonFullTGDs	1390		fullTGDs	18796			newNonFullTGDs	0		newFullTGDs	38513
nonFullTGDs	1390		fullTGDs	18896			newNonFullTGDs	0		newFullTGDs	38421
nonFullTGDs	1390		fullTGDs	18996			newNonFullTGDs	0		newFullTGDs	38323
nonFullTGDs	1390		fullTGDs	19096			newNonFullTGDs	0		newFullTGDs	38226
nonFullTGDs	1390		fullTGDs	19196			newNonFullTGDs	0		newFullTGDs	38145
nonFullTGDs	1390		fullTGDs	19296			newNonFullTGDs	0		newFullTGDs	38051
nonFullTGDs	1390		fullTGDs	19396			newNonFullTGDs	0		newFullTGDs	37955
nonFullTGDs	1390		fullTGDs	19496			newNonFullTGDs	0		newFullTGDs	37890
nonFullTGDs	1390		fullTGDs	19596			newNonFullTGDs	0		newFullTGDs	37840
nonFullTGDs	1390		fullTGDs	19696			newNonFullTGDs	0		newFullTGDs	37790
nonFullTGDs	1390		fullTGDs	19796			newNonFullTGDs	0		newFullTGDs	37740
nonFullTGDs	1390		fullTGDs	19896			newNonFullTGDs	0		newFullTGDs	37690
nonFullTGDs	1390		fullTGDs	19996			newNonFullTGDs	0		newFullTGDs	37640
nonFullTGDs	1390		fullTGDs	20096			newNonFullTGDs	0		newFullTGDs	37582
nonFullTGDs	1390		fullTGDs	20196			newNonFullTGDs	0		newFullTGDs	37485
nonFullTGDs	1390		fullTGDs	20296			newNonFullTGDs	0		newFullTGDs	37391
nonFullTGDs	1390		fullTGDs	20396			newNonFullTGDs	0		newFullTGDs	37328
nonFullTGDs	1390		fullTGDs	20496			newNonFullTGDs	0		newFullTGDs	37278
nonFullTGDs	1390		fullTGDs	20596			newNonFullTGDs	0		newFullTGDs	37190
nonFullTGDs	1390		fullTGDs	20696			newNonFullTGDs	0		newFullTGDs	37090
nonFullTGDs	1390		fullTGDs	20796			newNonFullTGDs	0		newFullTGDs	36990
nonFullTGDs	1390		fullTGDs	20896			newNonFullTGDs	0		newFullTGDs	36890
nonFullTGDs	1390		fullTGDs	20996			newNonFullTGDs	0		newFullTGDs	36790
nonFullTGDs	1390		fullTGDs	21096			newNonFullTGDs	0		newFullTGDs	36690
nonFullTGDs	1390		fullTGDs	21196			newNonFullTGDs	0		newFullTGDs	36590
nonFullTGDs	1390		fullTGDs	21296			newNonFullTGDs	0		newFullTGDs	36490
nonFullTGDs	1390		fullTGDs	21396			newNonFullTGDs	0		newFullTGDs	36390
nonFullTGDs	1390		fullTGDs	21496			newNonFullTGDs	0		newFullTGDs	36290
nonFullTGDs	1390		fullTGDs	21596			newNonFullTGDs	0		newFullTGDs	36190
nonFullTGDs	1390		fullTGDs	21696			newNonFullTGDs	0		newFullTGDs	36090
nonFullTGDs	1390		fullTGDs	21796			newNonFullTGDs	0		newFullTGDs	35993
nonFullTGDs	1390		fullTGDs	21896			newNonFullTGDs	0		newFullTGDs	35893
nonFullTGDs	1390		fullTGDs	21996			newNonFullTGDs	0		newFullTGDs	35793
nonFullTGDs	1390		fullTGDs	22096			newNonFullTGDs	0		newFullTGDs	35695
nonFullTGDs	1390		fullTGDs	22196			newNonFullTGDs	0		newFullTGDs	35599
nonFullTGDs	1390		fullTGDs	22296			newNonFullTGDs	0		newFullTGDs	35535
nonFullTGDs	1390		fullTGDs	22396			newNonFullTGDs	0		newFullTGDs	35437
nonFullTGDs	1390		fullTGDs	22496			newNonFullTGDs	0		newFullTGDs	35366
nonFullTGDs	1390		fullTGDs	22596			newNonFullTGDs	0		newFullTGDs	35315
nonFullTGDs	1390		fullTGDs	22696			newNonFullTGDs	0		newFullTGDs	35249
nonFullTGDs	1390		fullTGDs	22796			newNonFullTGDs	0		newFullTGDs	35186
nonFullTGDs	1390		fullTGDs	22896			newNonFullTGDs	0		newFullTGDs	35115
nonFullTGDs	1390		fullTGDs	22996			newNonFullTGDs	0		newFullTGDs	35039
nonFullTGDs	1390		fullTGDs	23096			newNonFullTGDs	0		newFullTGDs	34968
nonFullTGDs	1390		fullTGDs	23196			newNonFullTGDs	0		newFullTGDs	34911
nonFullTGDs	1390		fullTGDs	23296			newNonFullTGDs	0		newFullTGDs	34811
nonFullTGDs	1390		fullTGDs	23396			newNonFullTGDs	0		newFullTGDs	34712
nonFullTGDs	1390		fullTGDs	23496			newNonFullTGDs	0		newFullTGDs	34613
nonFullTGDs	1390		fullTGDs	23596			newNonFullTGDs	0		newFullTGDs	34551
nonFullTGDs	1390		fullTGDs	23696			newNonFullTGDs	0		newFullTGDs	34501
nonFullTGDs	1390		fullTGDs	23796			newNonFullTGDs	0		newFullTGDs	34451
nonFullTGDs	1390		fullTGDs	23896			newNonFullTGDs	0		newFullTGDs	34401
nonFullTGDs	1390		fullTGDs	23996			newNonFullTGDs	0		newFullTGDs	34351
nonFullTGDs	1390		fullTGDs	24096			newNonFullTGDs	0		newFullTGDs	34266
nonFullTGDs	1390		fullTGDs	24196			newNonFullTGDs	0		newFullTGDs	34166
nonFullTGDs	1390		fullTGDs	24296			newNonFullTGDs	0		newFullTGDs	34066
nonFullTGDs	1390		fullTGDs	24396			newNonFullTGDs	0		newFullTGDs	33966
nonFullTGDs	1390		fullTGDs	24496			newNonFullTGDs	0		newFullTGDs	33866
nonFullTGDs	1390		fullTGDs	24596			newNonFullTGDs	0		newFullTGDs	33766
nonFullTGDs	1390		fullTGDs	24696			newNonFullTGDs	0		newFullTGDs	33667
nonFullTGDs	1390		fullTGDs	24796			newNonFullTGDs	0		newFullTGDs	33567
nonFullTGDs	1390		fullTGDs	24896			newNonFullTGDs	0		newFullTGDs	33467
nonFullTGDs	1390		fullTGDs	24996			newNonFullTGDs	0		newFullTGDs	33367
nonFullTGDs	1390		fullTGDs	25096			newNonFullTGDs	0		newFullTGDs	33268
nonFullTGDs	1390		fullTGDs	25196			newNonFullTGDs	0		newFullTGDs	33169
nonFullTGDs	1390		fullTGDs	25296			newNonFullTGDs	0		newFullTGDs	33069
nonFullTGDs	1390		fullTGDs	25396			newNonFullTGDs	0		newFullTGDs	32969
nonFullTGDs	1390		fullTGDs	25496			newNonFullTGDs	0		newFullTGDs	32869
nonFullTGDs	1390		fullTGDs	25596			newNonFullTGDs	0		newFullTGDs	32769
nonFullTGDs	1390		fullTGDs	25696			newNonFullTGDs	0		newFullTGDs	32669
nonFullTGDs	1390		fullTGDs	25796			newNonFullTGDs	0		newFullTGDs	32569
nonFullTGDs	1390		fullTGDs	25896			newNonFullTGDs	0		newFullTGDs	32472
nonFullTGDs	1390		fullTGDs	25996			newNonFullTGDs	0		newFullTGDs	32374
nonFullTGDs	1390		fullTGDs	26096			newNonFullTGDs	0		newFullTGDs	32275
nonFullTGDs	1390		fullTGDs	26196			newNonFullTGDs	0		newFullTGDs	32175
nonFullTGDs	1390		fullTGDs	26296			newNonFullTGDs	0		newFullTGDs	32075
nonFullTGDs	1390		fullTGDs	26396			newNonFullTGDs	0		newFullTGDs	31997
nonFullTGDs	1390		fullTGDs	26496			newNonFullTGDs	0		newFullTGDs	31923
nonFullTGDs	1390		fullTGDs	26596			newNonFullTGDs	0		newFullTGDs	31873
nonFullTGDs	1390		fullTGDs	26696			newNonFullTGDs	0		newFullTGDs	31784
nonFullTGDs	1390		fullTGDs	26796			newNonFullTGDs	0		newFullTGDs	31686
nonFullTGDs	1390		fullTGDs	26896			newNonFullTGDs	0		newFullTGDs	31628
nonFullTGDs	1390		fullTGDs	26996			newNonFullTGDs	0		newFullTGDs	31528
nonFullTGDs	1390		fullTGDs	27096			newNonFullTGDs	0		newFullTGDs	31428
nonFullTGDs	1390		fullTGDs	27196			newNonFullTGDs	0		newFullTGDs	31329
nonFullTGDs	1390		fullTGDs	27296			newNonFullTGDs	0		newFullTGDs	31229
nonFullTGDs	1390		fullTGDs	27396			newNonFullTGDs	0		newFullTGDs	31129
nonFullTGDs	1390		fullTGDs	27496			newNonFullTGDs	0		newFullTGDs	31041
nonFullTGDs	1390		fullTGDs	27596			newNonFullTGDs	0		newFullTGDs	30951
nonFullTGDs	1390		fullTGDs	27696			newNonFullTGDs	0		newFullTGDs	30851
nonFullTGDs	1390		fullTGDs	27796			newNonFullTGDs	0		newFullTGDs	30756
nonFullTGDs	1390		fullTGDs	27896			newNonFullTGDs	0		newFullTGDs	30659
nonFullTGDs	1390		fullTGDs	27996			newNonFullTGDs	0		newFullTGDs	30559
nonFullTGDs	1390		fullTGDs	28096			newNonFullTGDs	0		newFullTGDs	30469
nonFullTGDs	1390		fullTGDs	28196			newNonFullTGDs	0		newFullTGDs	30377
nonFullTGDs	1390		fullTGDs	28296			newNonFullTGDs	0		newFullTGDs	30282
nonFullTGDs	1390		fullTGDs	28396			newNonFullTGDs	0		newFullTGDs	30186
nonFullTGDs	1390		fullTGDs	28496			newNonFullTGDs	0		newFullTGDs	30097
nonFullTGDs	1390		fullTGDs	28596			newNonFullTGDs	0		newFullTGDs	29997
nonFullTGDs	1390		fullTGDs	28696			newNonFullTGDs	0		newFullTGDs	29897
nonFullTGDs	1390		fullTGDs	28796			newNonFullTGDs	0		newFullTGDs	29835
nonFullTGDs	1390		fullTGDs	28896			newNonFullTGDs	0		newFullTGDs	29785
nonFullTGDs	1390		fullTGDs	28996			newNonFullTGDs	0		newFullTGDs	29705
nonFullTGDs	1390		fullTGDs	29096			newNonFullTGDs	0		newFullTGDs	29611
nonFullTGDs	1390		fullTGDs	29196			newNonFullTGDs	0		newFullTGDs	29519
nonFullTGDs	1390		fullTGDs	29296			newNonFullTGDs	0		newFullTGDs	29425
nonFullTGDs	1390		fullTGDs	29396			newNonFullTGDs	0		newFullTGDs	29328
nonFullTGDs	1390		fullTGDs	29496			newNonFullTGDs	0		newFullTGDs	29228
nonFullTGDs	1390		fullTGDs	29596			newNonFullTGDs	0		newFullTGDs	29128
nonFullTGDs	1390		fullTGDs	29696			newNonFullTGDs	0		newFullTGDs	29028
nonFullTGDs	1390		fullTGDs	29796			newNonFullTGDs	0		newFullTGDs	28932
nonFullTGDs	1390		fullTGDs	29896			newNonFullTGDs	0		newFullTGDs	28834
nonFullTGDs	1390		fullTGDs	29996			newNonFullTGDs	0		newFullTGDs	28745
nonFullTGDs	1390		fullTGDs	30096			newNonFullTGDs	0		newFullTGDs	28645
nonFullTGDs	1390		fullTGDs	30196			newNonFullTGDs	0		newFullTGDs	28545
nonFullTGDs	1390		fullTGDs	30296			newNonFullTGDs	0		newFullTGDs	28445
nonFullTGDs	1390		fullTGDs	30396			newNonFullTGDs	0		newFullTGDs	28345
nonFullTGDs	1390		fullTGDs	30496			newNonFullTGDs	0		newFullTGDs	28245
nonFullTGDs	1390		fullTGDs	30596			newNonFullTGDs	0		newFullTGDs	28145
nonFullTGDs	1390		fullTGDs	30696			newNonFullTGDs	0		newFullTGDs	28045
nonFullTGDs	1390		fullTGDs	30796			newNonFullTGDs	0		newFullTGDs	27945
nonFullTGDs	1390		fullTGDs	30896			newNonFullTGDs	0		newFullTGDs	27845
nonFullTGDs	1390		fullTGDs	30996			newNonFullTGDs	0		newFullTGDs	27745
nonFullTGDs	1390		fullTGDs	31096			newNonFullTGDs	0		newFullTGDs	27645
nonFullTGDs	1390		fullTGDs	31196			newNonFullTGDs	0		newFullTGDs	27545
nonFullTGDs	1390		fullTGDs	31296			newNonFullTGDs	0		newFullTGDs	27445
nonFullTGDs	1390		fullTGDs	31396			newNonFullTGDs	0		newFullTGDs	27345
nonFullTGDs	1390		fullTGDs	31496			newNonFullTGDs	0		newFullTGDs	27245
nonFullTGDs	1390		fullTGDs	31596			newNonFullTGDs	0		newFullTGDs	27145
nonFullTGDs	1390		fullTGDs	31696			newNonFullTGDs	0		newFullTGDs	27045
nonFullTGDs	1390		fullTGDs	31796			newNonFullTGDs	0		newFullTGDs	26945
nonFullTGDs	1390		fullTGDs	31896			newNonFullTGDs	0		newFullTGDs	26845
nonFullTGDs	1390		fullTGDs	31996			newNonFullTGDs	0		newFullTGDs	26745
nonFullTGDs	1390		fullTGDs	32096			newNonFullTGDs	0		newFullTGDs	26645
nonFullTGDs	1390		fullTGDs	32196			newNonFullTGDs	0		newFullTGDs	26545
nonFullTGDs	1390		fullTGDs	32296			newNonFullTGDs	0		newFullTGDs	26445
nonFullTGDs	1390		fullTGDs	32396			newNonFullTGDs	0		newFullTGDs	26346
nonFullTGDs	1390		fullTGDs	32496			newNonFullTGDs	0		newFullTGDs	26246
nonFullTGDs	1390		fullTGDs	32596			newNonFullTGDs	0		newFullTGDs	26146
nonFullTGDs	1390		fullTGDs	32696			newNonFullTGDs	0		newFullTGDs	26046
nonFullTGDs	1390		fullTGDs	32796			newNonFullTGDs	0		newFullTGDs	25946
nonFullTGDs	1390		fullTGDs	32896			newNonFullTGDs	0		newFullTGDs	25846
nonFullTGDs	1390		fullTGDs	32996			newNonFullTGDs	0		newFullTGDs	25746
nonFullTGDs	1390		fullTGDs	33096			newNonFullTGDs	0		newFullTGDs	25646
nonFullTGDs	1390		fullTGDs	33196			newNonFullTGDs	0		newFullTGDs	25546
nonFullTGDs	1390		fullTGDs	33296			newNonFullTGDs	0		newFullTGDs	25446
nonFullTGDs	1390		fullTGDs	33396			newNonFullTGDs	0		newFullTGDs	25346
nonFullTGDs	1390		fullTGDs	33496			newNonFullTGDs	0		newFullTGDs	25246
nonFullTGDs	1390		fullTGDs	33596			newNonFullTGDs	0		newFullTGDs	25146
nonFullTGDs	1390		fullTGDs	33696			newNonFullTGDs	0		newFullTGDs	25046
nonFullTGDs	1390		fullTGDs	33796			newNonFullTGDs	0		newFullTGDs	24946
nonFullTGDs	1390		fullTGDs	33896			newNonFullTGDs	0		newFullTGDs	24846
nonFullTGDs	1390		fullTGDs	33996			newNonFullTGDs	0		newFullTGDs	24746
nonFullTGDs	1390		fullTGDs	34096			newNonFullTGDs	0		newFullTGDs	24646
nonFullTGDs	1390		fullTGDs	34196			newNonFullTGDs	0		newFullTGDs	24546
nonFullTGDs	1390		fullTGDs	34296			newNonFullTGDs	0		newFullTGDs	24446
nonFullTGDs	1390		fullTGDs	34396			newNonFullTGDs	0		newFullTGDs	24346
nonFullTGDs	1390		fullTGDs	34496			newNonFullTGDs	0		newFullTGDs	24246
nonFullTGDs	1390		fullTGDs	34596			newNonFullTGDs	0		newFullTGDs	24146
nonFullTGDs	1390		fullTGDs	34696			newNonFullTGDs	0		newFullTGDs	24046
nonFullTGDs	1390		fullTGDs	34796			newNonFullTGDs	0		newFullTGDs	23946
nonFullTGDs	1390		fullTGDs	34896			newNonFullTGDs	0		newFullTGDs	23846
nonFullTGDs	1390		fullTGDs	34996			newNonFullTGDs	0		newFullTGDs	23746
nonFullTGDs	1390		fullTGDs	35096			newNonFullTGDs	0		newFullTGDs	23646
nonFullTGDs	1390		fullTGDs	35196			newNonFullTGDs	0		newFullTGDs	23546
nonFullTGDs	1390		fullTGDs	35296			newNonFullTGDs	0		newFullTGDs	23446
nonFullTGDs	1390		fullTGDs	35396			newNonFullTGDs	0		newFullTGDs	23346
nonFullTGDs	1390		fullTGDs	35496			newNonFullTGDs	0		newFullTGDs	23246
nonFullTGDs	1390		fullTGDs	35596			newNonFullTGDs	0		newFullTGDs	23146
nonFullTGDs	1390		fullTGDs	35696			newNonFullTGDs	0		newFullTGDs	23046
nonFullTGDs	1390		fullTGDs	35796			newNonFullTGDs	0		newFullTGDs	22946
nonFullTGDs	1390		fullTGDs	35896			newNonFullTGDs	0		newFullTGDs	22846
nonFullTGDs	1390		fullTGDs	35996			newNonFullTGDs	0		newFullTGDs	22746
nonFullTGDs	1390		fullTGDs	36096			newNonFullTGDs	0		newFullTGDs	22646
nonFullTGDs	1390		fullTGDs	36196			newNonFullTGDs	0		newFullTGDs	22546
nonFullTGDs	1390		fullTGDs	36296			newNonFullTGDs	0		newFullTGDs	22446
nonFullTGDs	1390		fullTGDs	36396			newNonFullTGDs	0		newFullTGDs	22346
nonFullTGDs	1390		fullTGDs	36496			newNonFullTGDs	0		newFullTGDs	22246
nonFullTGDs	1390		fullTGDs	36596			newNonFullTGDs	0		newFullTGDs	22146
nonFullTGDs	1390		fullTGDs	36696			newNonFullTGDs	0		newFullTGDs	22046
nonFullTGDs	1390		fullTGDs	36796			newNonFullTGDs	0		newFullTGDs	21946
nonFullTGDs	1390		fullTGDs	36896			newNonFullTGDs	0		newFullTGDs	21846
nonFullTGDs	1390		fullTGDs	36996			newNonFullTGDs	0		newFullTGDs	21746
nonFullTGDs	1390		fullTGDs	37096			newNonFullTGDs	0		newFullTGDs	21646
nonFullTGDs	1390		fullTGDs	37196			newNonFullTGDs	0		newFullTGDs	21546
nonFullTGDs	1390		fullTGDs	37296			newNonFullTGDs	0		newFullTGDs	21446
nonFullTGDs	1390		fullTGDs	37396			newNonFullTGDs	0		newFullTGDs	21346
nonFullTGDs	1390		fullTGDs	37496			newNonFullTGDs	0		newFullTGDs	21246
nonFullTGDs	1390		fullTGDs	37596			newNonFullTGDs	0		newFullTGDs	21147
nonFullTGDs	1390		fullTGDs	37696			newNonFullTGDs	0		newFullTGDs	21047
nonFullTGDs	1390		fullTGDs	37796			newNonFullTGDs	0		newFullTGDs	20947
nonFullTGDs	1390		fullTGDs	37896			newNonFullTGDs	0		newFullTGDs	20847
nonFullTGDs	1390		fullTGDs	37996			newNonFullTGDs	0		newFullTGDs	20747
nonFullTGDs	1390		fullTGDs	38096			newNonFullTGDs	0		newFullTGDs	20691
nonFullTGDs	1390		fullTGDs	38196			newNonFullTGDs	0		newFullTGDs	20641
nonFullTGDs	1390		fullTGDs	38296			newNonFullTGDs	0		newFullTGDs	20565
nonFullTGDs	1390		fullTGDs	38396			newNonFullTGDs	0		newFullTGDs	20509
nonFullTGDs	1390		fullTGDs	38496			newNonFullTGDs	0		newFullTGDs	20409
nonFullTGDs	1390		fullTGDs	38596			newNonFullTGDs	0		newFullTGDs	20309
nonFullTGDs	1390		fullTGDs	38696			newNonFullTGDs	0		newFullTGDs	20209
nonFullTGDs	1390		fullTGDs	38796			newNonFullTGDs	0		newFullTGDs	20114
nonFullTGDs	1390		fullTGDs	38896			newNonFullTGDs	0		newFullTGDs	20014
nonFullTGDs	1390		fullTGDs	38996			newNonFullTGDs	0		newFullTGDs	19914
nonFullTGDs	1390		fullTGDs	39096			newNonFullTGDs	0		newFullTGDs	19818
nonFullTGDs	1390		fullTGDs	39196			newNonFullTGDs	0		newFullTGDs	19718
nonFullTGDs	1390		fullTGDs	39296			newNonFullTGDs	0		newFullTGDs	19618
nonFullTGDs	1390		fullTGDs	39396			newNonFullTGDs	0		newFullTGDs	19518
nonFullTGDs	1390		fullTGDs	39496			newNonFullTGDs	0		newFullTGDs	19418
nonFullTGDs	1390		fullTGDs	39596			newNonFullTGDs	0		newFullTGDs	19318
nonFullTGDs	1390		fullTGDs	39696			newNonFullTGDs	0		newFullTGDs	19218
nonFullTGDs	1390		fullTGDs	39796			newNonFullTGDs	0		newFullTGDs	19118
nonFullTGDs	1390		fullTGDs	39896			newNonFullTGDs	0		newFullTGDs	19025
nonFullTGDs	1390		fullTGDs	39996			newNonFullTGDs	0		newFullTGDs	18975
nonFullTGDs	1390		fullTGDs	40096			newNonFullTGDs	0		newFullTGDs	18892
nonFullTGDs	1390		fullTGDs	40196			newNonFullTGDs	0		newFullTGDs	18793
nonFullTGDs	1390		fullTGDs	40296			newNonFullTGDs	0		newFullTGDs	18693
nonFullTGDs	1390		fullTGDs	40396			newNonFullTGDs	0		newFullTGDs	18593
nonFullTGDs	1390		fullTGDs	40496			newNonFullTGDs	0		newFullTGDs	18493
nonFullTGDs	1390		fullTGDs	40596			newNonFullTGDs	0		newFullTGDs	18393
nonFullTGDs	1390		fullTGDs	40696			newNonFullTGDs	0		newFullTGDs	18293
nonFullTGDs	1390		fullTGDs	40796			newNonFullTGDs	0		newFullTGDs	18193
nonFullTGDs	1390		fullTGDs	40896			newNonFullTGDs	0		newFullTGDs	18093
nonFullTGDs	1390		fullTGDs	40996			newNonFullTGDs	0		newFullTGDs	17993
nonFullTGDs	1390		fullTGDs	41096			newNonFullTGDs	0		newFullTGDs	17893
nonFullTGDs	1390		fullTGDs	41196			newNonFullTGDs	0		newFullTGDs	17793
nonFullTGDs	1390		fullTGDs	41296			newNonFullTGDs	0		newFullTGDs	17693
nonFullTGDs	1390		fullTGDs	41396			newNonFullTGDs	0		newFullTGDs	17598
nonFullTGDs	1390		fullTGDs	41496			newNonFullTGDs	0		newFullTGDs	17503
nonFullTGDs	1390		fullTGDs	41596			newNonFullTGDs	0		newFullTGDs	17403
nonFullTGDs	1390		fullTGDs	41696			newNonFullTGDs	0		newFullTGDs	17303
nonFullTGDs	1390		fullTGDs	41796			newNonFullTGDs	0		newFullTGDs	17228
nonFullTGDs	1390		fullTGDs	41896			newNonFullTGDs	0		newFullTGDs	17178
nonFullTGDs	1390		fullTGDs	41996			newNonFullTGDs	0		newFullTGDs	17088
nonFullTGDs	1390		fullTGDs	42096			newNonFullTGDs	0		newFullTGDs	16988
nonFullTGDs	1390		fullTGDs	42196			newNonFullTGDs	0		newFullTGDs	16888
nonFullTGDs	1390		fullTGDs	42296			newNonFullTGDs	0		newFullTGDs	16788
nonFullTGDs	1390		fullTGDs	42396			newNonFullTGDs	0		newFullTGDs	16688
nonFullTGDs	1390		fullTGDs	42496			newNonFullTGDs	0		newFullTGDs	16601
nonFullTGDs	1390		fullTGDs	42596			newNonFullTGDs	0		newFullTGDs	16503
nonFullTGDs	1390		fullTGDs	42696			newNonFullTGDs	0		newFullTGDs	16403
nonFullTGDs	1390		fullTGDs	42796			newNonFullTGDs	0		newFullTGDs	16303
nonFullTGDs	1390		fullTGDs	42896			newNonFullTGDs	0		newFullTGDs	16203
nonFullTGDs	1390		fullTGDs	42996			newNonFullTGDs	0		newFullTGDs	16109
nonFullTGDs	1390		fullTGDs	43096			newNonFullTGDs	0		newFullTGDs	16015
nonFullTGDs	1390		fullTGDs	43196			newNonFullTGDs	0		newFullTGDs	15922
nonFullTGDs	1390		fullTGDs	43296			newNonFullTGDs	0		newFullTGDs	15822
nonFullTGDs	1390		fullTGDs	43396			newNonFullTGDs	0		newFullTGDs	15730
nonFullTGDs	1390		fullTGDs	43496			newNonFullTGDs	0		newFullTGDs	15662
nonFullTGDs	1390		fullTGDs	43596			newNonFullTGDs	0		newFullTGDs	15562
nonFullTGDs	1390		fullTGDs	43696			newNonFullTGDs	0		newFullTGDs	15462
nonFullTGDs	1390		fullTGDs	43796			newNonFullTGDs	0		newFullTGDs	15362
nonFullTGDs	1390		fullTGDs	43896			newNonFullTGDs	0		newFullTGDs	15262
nonFullTGDs	1390		fullTGDs	43996			newNonFullTGDs	0		newFullTGDs	15162
nonFullTGDs	1390		fullTGDs	44096			newNonFullTGDs	0		newFullTGDs	15079
nonFullTGDs	1390		fullTGDs	44196			newNonFullTGDs	0		newFullTGDs	15029
nonFullTGDs	1390		fullTGDs	44296			newNonFullTGDs	0		newFullTGDs	14979
nonFullTGDs	1390		fullTGDs	44396			newNonFullTGDs	0		newFullTGDs	14882
nonFullTGDs	1390		fullTGDs	44496			newNonFullTGDs	0		newFullTGDs	14784
nonFullTGDs	1390		fullTGDs	44596			newNonFullTGDs	0		newFullTGDs	14689
nonFullTGDs	1390		fullTGDs	44696			newNonFullTGDs	0		newFullTGDs	14601
nonFullTGDs	1390		fullTGDs	44796			newNonFullTGDs	0		newFullTGDs	14546
nonFullTGDs	1390		fullTGDs	44896			newNonFullTGDs	0		newFullTGDs	14468
nonFullTGDs	1390		fullTGDs	44996			newNonFullTGDs	0		newFullTGDs	14368
nonFullTGDs	1390		fullTGDs	45096			newNonFullTGDs	0		newFullTGDs	14268
nonFullTGDs	1390		fullTGDs	45196			newNonFullTGDs	0		newFullTGDs	14168
nonFullTGDs	1390		fullTGDs	45296			newNonFullTGDs	0		newFullTGDs	14068
nonFullTGDs	1390		fullTGDs	45396			newNonFullTGDs	0		newFullTGDs	13968
nonFullTGDs	1390		fullTGDs	45496			newNonFullTGDs	0		newFullTGDs	13868
nonFullTGDs	1390		fullTGDs	45596			newNonFullTGDs	0		newFullTGDs	13768
nonFullTGDs	1390		fullTGDs	45696			newNonFullTGDs	0		newFullTGDs	13674
nonFullTGDs	1390		fullTGDs	45796			newNonFullTGDs	0		newFullTGDs	13574
nonFullTGDs	1390		fullTGDs	45896			newNonFullTGDs	0		newFullTGDs	13479
nonFullTGDs	1390		fullTGDs	45996			newNonFullTGDs	0		newFullTGDs	13404
nonFullTGDs	1390		fullTGDs	46096			newNonFullTGDs	0		newFullTGDs	13354
nonFullTGDs	1390		fullTGDs	46196			newNonFullTGDs	0		newFullTGDs	13287
nonFullTGDs	1390		fullTGDs	46296			newNonFullTGDs	0		newFullTGDs	13237
nonFullTGDs	1390		fullTGDs	46396			newNonFullTGDs	0		newFullTGDs	13183
nonFullTGDs	1390		fullTGDs	46496			newNonFullTGDs	0		newFullTGDs	13133
nonFullTGDs	1390		fullTGDs	46596			newNonFullTGDs	0		newFullTGDs	13083
nonFullTGDs	1390		fullTGDs	46696			newNonFullTGDs	0		newFullTGDs	13024
nonFullTGDs	1390		fullTGDs	46796			newNonFullTGDs	0		newFullTGDs	12924
nonFullTGDs	1390		fullTGDs	46896			newNonFullTGDs	0		newFullTGDs	12824
nonFullTGDs	1390		fullTGDs	46996			newNonFullTGDs	0		newFullTGDs	12724
nonFullTGDs	1390		fullTGDs	47096			newNonFullTGDs	0		newFullTGDs	12624
nonFullTGDs	1390		fullTGDs	47196			newNonFullTGDs	0		newFullTGDs	12525
nonFullTGDs	1390		fullTGDs	47296			newNonFullTGDs	0		newFullTGDs	12425
nonFullTGDs	1390		fullTGDs	47396			newNonFullTGDs	0		newFullTGDs	12328
nonFullTGDs	1390		fullTGDs	47496			newNonFullTGDs	0		newFullTGDs	12255
nonFullTGDs	1390		fullTGDs	47596			newNonFullTGDs	0		newFullTGDs	12183
nonFullTGDs	1390		fullTGDs	47696			newNonFullTGDs	0		newFullTGDs	12083
nonFullTGDs	1390		fullTGDs	47796			newNonFullTGDs	0		newFullTGDs	11983
nonFullTGDs	1390		fullTGDs	47896			newNonFullTGDs	0		newFullTGDs	11883
nonFullTGDs	1390		fullTGDs	47996			newNonFullTGDs	0		newFullTGDs	11787
nonFullTGDs	1390		fullTGDs	48096			newNonFullTGDs	0		newFullTGDs	11688
nonFullTGDs	1390		fullTGDs	48196			newNonFullTGDs	0		newFullTGDs	11588
nonFullTGDs	1390		fullTGDs	48296			newNonFullTGDs	0		newFullTGDs	11493
nonFullTGDs	1390		fullTGDs	48396			newNonFullTGDs	0		newFullTGDs	11406
nonFullTGDs	1390		fullTGDs	48496			newNonFullTGDs	0		newFullTGDs	11306
nonFullTGDs	1390		fullTGDs	48596			newNonFullTGDs	0		newFullTGDs	11206
nonFullTGDs	1390		fullTGDs	48696			newNonFullTGDs	0		newFullTGDs	11115
nonFullTGDs	1390		fullTGDs	48796			newNonFullTGDs	0		newFullTGDs	11054
nonFullTGDs	1390		fullTGDs	48896			newNonFullTGDs	0		newFullTGDs	10984
nonFullTGDs	1390		fullTGDs	48996			newNonFullTGDs	0		newFullTGDs	10923
nonFullTGDs	1390		fullTGDs	49096			newNonFullTGDs	0		newFullTGDs	10830
nonFullTGDs	1390		fullTGDs	49196			newNonFullTGDs	0		newFullTGDs	10730
nonFullTGDs	1390		fullTGDs	49296			newNonFullTGDs	0		newFullTGDs	10660
nonFullTGDs	1390		fullTGDs	49396			newNonFullTGDs	0		newFullTGDs	10594
nonFullTGDs	1390		fullTGDs	49496			newNonFullTGDs	0		newFullTGDs	10519
nonFullTGDs	1390		fullTGDs	49596			newNonFullTGDs	0		newFullTGDs	10445
nonFullTGDs	1390		fullTGDs	49696			newNonFullTGDs	0		newFullTGDs	10395
nonFullTGDs	1390		fullTGDs	49796			newNonFullTGDs	0		newFullTGDs	10345
nonFullTGDs	1390		fullTGDs	49896			newNonFullTGDs	0		newFullTGDs	10295
nonFullTGDs	1390		fullTGDs	49996			newNonFullTGDs	0		newFullTGDs	10245
nonFullTGDs	1390		fullTGDs	50096			newNonFullTGDs	0		newFullTGDs	10195
nonFullTGDs	1390		fullTGDs	50196			newNonFullTGDs	0		newFullTGDs	10145
nonFullTGDs	1390		fullTGDs	50296			newNonFullTGDs	0		newFullTGDs	10095
nonFullTGDs	1390		fullTGDs	50396			newNonFullTGDs	0		newFullTGDs	10045
nonFullTGDs	1390		fullTGDs	50496			newNonFullTGDs	0		newFullTGDs	9968
nonFullTGDs	1390		fullTGDs	50596			newNonFullTGDs	0		newFullTGDs	9868
nonFullTGDs	1390		fullTGDs	50696			newNonFullTGDs	0		newFullTGDs	9768
nonFullTGDs	1390		fullTGDs	50796			newNonFullTGDs	0		newFullTGDs	9668
nonFullTGDs	1390		fullTGDs	50896			newNonFullTGDs	0		newFullTGDs	9568
nonFullTGDs	1390		fullTGDs	50996			newNonFullTGDs	0		newFullTGDs	9468
nonFullTGDs	1390		fullTGDs	51096			newNonFullTGDs	0		newFullTGDs	9368
nonFullTGDs	1390		fullTGDs	51196			newNonFullTGDs	0		newFullTGDs	9268
nonFullTGDs	1390		fullTGDs	51296			newNonFullTGDs	0		newFullTGDs	9168
nonFullTGDs	1390		fullTGDs	51396			newNonFullTGDs	0		newFullTGDs	9073
nonFullTGDs	1390		fullTGDs	51496			newNonFullTGDs	0		newFullTGDs	8973
nonFullTGDs	1390		fullTGDs	51596			newNonFullTGDs	0		newFullTGDs	8873
nonFullTGDs	1390		fullTGDs	51696			newNonFullTGDs	0		newFullTGDs	8773
nonFullTGDs	1390		fullTGDs	51796			newNonFullTGDs	0		newFullTGDs	8673
nonFullTGDs	1390		fullTGDs	51896			newNonFullTGDs	0		newFullTGDs	8573
nonFullTGDs	1390		fullTGDs	51996			newNonFullTGDs	0		newFullTGDs	8476
nonFullTGDs	1390		fullTGDs	52096			newNonFullTGDs	0		newFullTGDs	8415
nonFullTGDs	1390		fullTGDs	52196			newNonFullTGDs	0		newFullTGDs	8347
nonFullTGDs	1390		fullTGDs	52296			newNonFullTGDs	0		newFullTGDs	8254
nonFullTGDs	1390		fullTGDs	52396			newNonFullTGDs	0		newFullTGDs	8154
nonFullTGDs	1390		fullTGDs	52496			newNonFullTGDs	0		newFullTGDs	8083
nonFullTGDs	1390		fullTGDs	52596			newNonFullTGDs	0		newFullTGDs	7983
nonFullTGDs	1390		fullTGDs	52696			newNonFullTGDs	0		newFullTGDs	7886
nonFullTGDs	1390		fullTGDs	52796			newNonFullTGDs	0		newFullTGDs	7788
nonFullTGDs	1390		fullTGDs	52896			newNonFullTGDs	0		newFullTGDs	7694
nonFullTGDs	1390		fullTGDs	52996			newNonFullTGDs	0		newFullTGDs	7594
nonFullTGDs	1390		fullTGDs	53096			newNonFullTGDs	0		newFullTGDs	7494
nonFullTGDs	1390		fullTGDs	53196			newNonFullTGDs	0		newFullTGDs	7394
nonFullTGDs	1390		fullTGDs	53296			newNonFullTGDs	0		newFullTGDs	7294
nonFullTGDs	1390		fullTGDs	53396			newNonFullTGDs	0		newFullTGDs	7194
nonFullTGDs	1390		fullTGDs	53496			newNonFullTGDs	0		newFullTGDs	7094
nonFullTGDs	1390		fullTGDs	53596			newNonFullTGDs	0		newFullTGDs	6994
nonFullTGDs	1390		fullTGDs	53696			newNonFullTGDs	0		newFullTGDs	6894
nonFullTGDs	1390		fullTGDs	53796			newNonFullTGDs	0		newFullTGDs	6794
nonFullTGDs	1390		fullTGDs	53896			newNonFullTGDs	0		newFullTGDs	6694
nonFullTGDs	1390		fullTGDs	53996			newNonFullTGDs	0		newFullTGDs	6594
nonFullTGDs	1390		fullTGDs	54096			newNonFullTGDs	0		newFullTGDs	6495
nonFullTGDs	1390		fullTGDs	54196			newNonFullTGDs	0		newFullTGDs	6395
nonFullTGDs	1390		fullTGDs	54296			newNonFullTGDs	0		newFullTGDs	6295
nonFullTGDs	1390		fullTGDs	54396			newNonFullTGDs	0		newFullTGDs	6195
nonFullTGDs	1390		fullTGDs	54496			newNonFullTGDs	0		newFullTGDs	6095
nonFullTGDs	1390		fullTGDs	54596			newNonFullTGDs	0		newFullTGDs	5995
nonFullTGDs	1390		fullTGDs	54696			newNonFullTGDs	0		newFullTGDs	5895
nonFullTGDs	1390		fullTGDs	54796			newNonFullTGDs	0		newFullTGDs	5796
nonFullTGDs	1390		fullTGDs	54896			newNonFullTGDs	0		newFullTGDs	5696
nonFullTGDs	1390		fullTGDs	54996			newNonFullTGDs	0		newFullTGDs	5596
nonFullTGDs	1390		fullTGDs	55096			newNonFullTGDs	0		newFullTGDs	5496
nonFullTGDs	1390		fullTGDs	55196			newNonFullTGDs	0		newFullTGDs	5396
nonFullTGDs	1390		fullTGDs	55296			newNonFullTGDs	0		newFullTGDs	5296
nonFullTGDs	1390		fullTGDs	55396			newNonFullTGDs	0		newFullTGDs	5196
nonFullTGDs	1390		fullTGDs	55496			newNonFullTGDs	0		newFullTGDs	5096
nonFullTGDs	1390		fullTGDs	55596			newNonFullTGDs	0		newFullTGDs	4996
nonFullTGDs	1390		fullTGDs	55696			newNonFullTGDs	0		newFullTGDs	4896
nonFullTGDs	1390		fullTGDs	55796			newNonFullTGDs	0		newFullTGDs	4796
nonFullTGDs	1390		fullTGDs	55896			newNonFullTGDs	0		newFullTGDs	4696
nonFullTGDs	1390		fullTGDs	55996			newNonFullTGDs	0		newFullTGDs	4596
nonFullTGDs	1390		fullTGDs	56096			newNonFullTGDs	0		newFullTGDs	4496
nonFullTGDs	1390		fullTGDs	56196			newNonFullTGDs	0		newFullTGDs	4396
nonFullTGDs	1390		fullTGDs	56296			newNonFullTGDs	0		newFullTGDs	4296
nonFullTGDs	1390		fullTGDs	56396			newNonFullTGDs	0		newFullTGDs	4196
nonFullTGDs	1390		fullTGDs	56496			newNonFullTGDs	0		newFullTGDs	4096
nonFullTGDs	1390		fullTGDs	56596			newNonFullTGDs	0		newFullTGDs	3996
nonFullTGDs	1390		fullTGDs	56696			newNonFullTGDs	0		newFullTGDs	3896
nonFullTGDs	1390		fullTGDs	56796			newNonFullTGDs	0		newFullTGDs	3796
nonFullTGDs	1390		fullTGDs	56896			newNonFullTGDs	0		newFullTGDs	3731
nonFullTGDs	1390		fullTGDs	56996			newNonFullTGDs	0		newFullTGDs	3668
nonFullTGDs	1390		fullTGDs	57096			newNonFullTGDs	0		newFullTGDs	3593
nonFullTGDs	1390		fullTGDs	57196			newNonFullTGDs	0		newFullTGDs	3499
nonFullTGDs	1390		fullTGDs	57296			newNonFullTGDs	0		newFullTGDs	3402
nonFullTGDs	1390		fullTGDs	57396			newNonFullTGDs	0		newFullTGDs	3302
nonFullTGDs	1390		fullTGDs	57496			newNonFullTGDs	0		newFullTGDs	3245
nonFullTGDs	1390		fullTGDs	57596			newNonFullTGDs	0		newFullTGDs	3159
nonFullTGDs	1390		fullTGDs	57696			newNonFullTGDs	0		newFullTGDs	3059
nonFullTGDs	1390		fullTGDs	57796			newNonFullTGDs	0		newFullTGDs	2993
nonFullTGDs	1390		fullTGDs	57896			newNonFullTGDs	0		newFullTGDs	2933
nonFullTGDs	1390		fullTGDs	57996			newNonFullTGDs	0		newFullTGDs	2846
nonFullTGDs	1390		fullTGDs	58096			newNonFullTGDs	0		newFullTGDs	2783
nonFullTGDs	1390		fullTGDs	58196			newNonFullTGDs	0		newFullTGDs	2714
nonFullTGDs	1390		fullTGDs	58296			newNonFullTGDs	0		newFullTGDs	2616
nonFullTGDs	1390		fullTGDs	58396			newNonFullTGDs	0		newFullTGDs	2566
nonFullTGDs	1390		fullTGDs	58496			newNonFullTGDs	0		newFullTGDs	2478
nonFullTGDs	1390		fullTGDs	58596			newNonFullTGDs	0		newFullTGDs	2388
nonFullTGDs	1390		fullTGDs	58696			newNonFullTGDs	0		newFullTGDs	2338
nonFullTGDs	1390		fullTGDs	58796			newNonFullTGDs	0		newFullTGDs	2275
nonFullTGDs	1390		fullTGDs	58896			newNonFullTGDs	0		newFullTGDs	2198
nonFullTGDs	1390		fullTGDs	58996			newNonFullTGDs	0		newFullTGDs	2107
nonFullTGDs	1390		fullTGDs	59096			newNonFullTGDs	0		newFullTGDs	2039
nonFullTGDs	1390		fullTGDs	59196			newNonFullTGDs	0		newFullTGDs	1989
nonFullTGDs	1390		fullTGDs	59296			newNonFullTGDs	0		newFullTGDs	1939
nonFullTGDs	1390		fullTGDs	59396			newNonFullTGDs	0		newFullTGDs	1889
nonFullTGDs	1390		fullTGDs	59496			newNonFullTGDs	0		newFullTGDs	1838
nonFullTGDs	1390		fullTGDs	59596			newNonFullTGDs	0		newFullTGDs	1770
nonFullTGDs	1390		fullTGDs	59696			newNonFullTGDs	0		newFullTGDs	1675
nonFullTGDs	1390		fullTGDs	59796			newNonFullTGDs	0		newFullTGDs	1576
nonFullTGDs	1390		fullTGDs	59896			newNonFullTGDs	0		newFullTGDs	1485
nonFullTGDs	1390		fullTGDs	59996			newNonFullTGDs	0		newFullTGDs	1396
nonFullTGDs	1390		fullTGDs	60096			newNonFullTGDs	0		newFullTGDs	1313
nonFullTGDs	1390		fullTGDs	60196			newNonFullTGDs	0		newFullTGDs	1238
nonFullTGDs	1390		fullTGDs	60296			newNonFullTGDs	0		newFullTGDs	1188
nonFullTGDs	1390		fullTGDs	60396			newNonFullTGDs	0		newFullTGDs	1138
nonFullTGDs	1390		fullTGDs	60496			newNonFullTGDs	0		newFullTGDs	1088
nonFullTGDs	1390		fullTGDs	60596			newNonFullTGDs	0		newFullTGDs	1038
nonFullTGDs	1390		fullTGDs	60696			newNonFullTGDs	0		newFullTGDs	949
nonFullTGDs	1390		fullTGDs	60796			newNonFullTGDs	0		newFullTGDs	849
nonFullTGDs	1390		fullTGDs	60896			newNonFullTGDs	0		newFullTGDs	776
nonFullTGDs	1390		fullTGDs	60996			newNonFullTGDs	0		newFullTGDs	683
nonFullTGDs	1390		fullTGDs	61096			newNonFullTGDs	0		newFullTGDs	585
nonFullTGDs	1390		fullTGDs	61196			newNonFullTGDs	0		newFullTGDs	488
nonFullTGDs	1390		fullTGDs	61296			newNonFullTGDs	0		newFullTGDs	392
nonFullTGDs	1390		fullTGDs	61396			newNonFullTGDs	0		newFullTGDs	299
nonFullTGDs	1390		fullTGDs	61496			newNonFullTGDs	0		newFullTGDs	201
nonFullTGDs	1390		fullTGDs	61596			newNonFullTGDs	0		newFullTGDs	101
nonFullTGDs	1390		fullTGDs	61696			newNonFullTGDs	0		newFullTGDs	1
Dec 06, 2021 7:21:56 PM uk.ac.ox.cs.gsat.SaturationStatistics log
INFO: # initial TGDs: 1286 , 1388
Dec 06, 2021 7:21:56 PM uk.ac.ox.cs.gsat.SaturationStatistics log
INFO: SkSat total time : 2387 ms = 2.39 s
Dec 06, 2021 7:21:56 PM uk.ac.ox.cs.gsat.SaturationStatistics log
INFO: Subsumed elements : 0
Dec 06, 2021 7:21:56 PM uk.ac.ox.cs.gsat.SaturationStatistics log
INFO: Filter discarded elements : 0
Dec 06, 2021 7:21:56 PM uk.ac.ox.cs.gsat.SaturationStatistics log
INFO: subsumption time: 19 ms = 0.02 s
Dec 06, 2021 7:21:56 PM uk.ac.ox.cs.gsat.SaturationStatistics log
INFO: forward subsumption time: 16 ms = 0.02 s
Dec 06, 2021 7:21:56 PM uk.ac.ox.cs.gsat.SaturationStatistics log
INFO: backward subsumption time: 2 ms = 0.00 s
Dec 06, 2021 7:21:56 PM uk.ac.ox.cs.gsat.SaturationStatistics log
INFO: Derived full/non full TGDs: 61038 , 2
Dec 06, 2021 7:21:56 PM uk.ac.ox.cs.gsat.SaturationStatistics log
INFO: discarded tautology count: 627
Dec 06, 2021 7:21:56 PM uk.ac.ox.cs.gsat.EvolveStatistics log
INFO: Stop because subsumed: 7016
Dec 06, 2021 7:21:56 PM uk.ac.ox.cs.gsat.EvolveStatistics log
INFO: evolved equals to current: 0
Dec 06, 2021 7:21:56 PM uk.ac.ox.cs.gsat.EvolveStatistics log
INFO: evolved time: 809 ms = 0.81 s
Dec 06, 2021 7:21:56 PM uk.ac.ox.cs.gsat.EvolveStatistics log
INFO: evolve count: 61040
Dec 06, 2021 7:21:56 PM uk.ac.ox.cs.gsat.SkolemStatistics log
INFO: maximum number of Skolem atoms in body: 1
Dec 06, 2021 7:21:56 PM uk.ac.ox.cs.gsat.SkolemStatistics log
INFO: left derived TGD with Skolem in the body: 0
Dec 06, 2021 7:21:56 PM uk.ac.ox.cs.gsat.SkolemStatistics log
INFO: right derived TGD with Skolem in the body: 54022
Dec 06, 2021 7:21:56 PM uk.ac.ox.cs.gsat.SkolemStatistics log
INFO: derived TGD with more than two Skolem atoms in the body: 0
Dec 06, 2021 7:21:56 PM uk.ac.ox.cs.gsat.AbstractSaturation run
INFO: ouptput full TGDs not contained in the input: 7016
Dec 06, 2021 7:21:56 PM uk.ac.ox.cs.gsat.App executeAllSteps
INFO: Rewriting completed!
Full TGD saturation: (8302 dependecies)
Dec 06, 2021 7:21:56 PM uk.ac.ox.cs.gsat.App executeAllSteps
INFO: Writing the saturation in the Datalog file 00376.rul
