Starting Saturation...
Executing from DLGP files
SLF4J: Failed to load class "org.slf4j.impl.StaticLoggerBinder".
SLF4J: Defaulting to no-operation (NOP) logger implementation
SLF4J: See http://www.slf4j.org/codes.html#StaticLoggerBinder for further details.
# Rules: 1092; # Atoms: 0; # AtomSets: 0; # Queries: 0; # Constraints: 0
Full TGD saturation algorithm: Skolem Sat
Running SkSat...
Dec 06, 2021 8:20:24 PM uk.ac.ox.cs.gsat.AbstractSaturation run
INFO: SkSat discarded rules : 0/1092 = 0.000%
SkSat discarded rules : 0/1092 = 0.000%
Dec 06, 2021 8:20:24 PM uk.ac.ox.cs.gsat.AbstractSaturation run
INFO: Subsumption method : disabled
nonFullTGDs	0		fullTGDs	672			newNonFullTGDs	840		newFullTGDs	0
nonFullTGDs	100		fullTGDs	672			newNonFullTGDs	786		newFullTGDs	1820
nonFullTGDs	200		fullTGDs	672			newNonFullTGDs	734		newFullTGDs	3610
nonFullTGDs	300		fullTGDs	672			newNonFullTGDs	665		newFullTGDs	6027
nonFullTGDs	400		fullTGDs	672			newNonFullTGDs	597		newFullTGDs	8560
nonFullTGDs	500		fullTGDs	672			newNonFullTGDs	540		newFullTGDs	11020
nonFullTGDs	600		fullTGDs	672			newNonFullTGDs	481		newFullTGDs	14192
nonFullTGDs	700		fullTGDs	672			newNonFullTGDs	415		newFullTGDs	16235
nonFullTGDs	800		fullTGDs	672			newNonFullTGDs	349		newFullTGDs	18177
nonFullTGDs	900		fullTGDs	672			newNonFullTGDs	305		newFullTGDs	20243
nonFullTGDs	1000		fullTGDs	672			newNonFullTGDs	250		newFullTGDs	22615
nonFullTGDs	1100		fullTGDs	672			newNonFullTGDs	187		newFullTGDs	26099
nonFullTGDs	1200		fullTGDs	672			newNonFullTGDs	144		newFullTGDs	27633
nonFullTGDs	1300		fullTGDs	672			newNonFullTGDs	74		newFullTGDs	30057
nonFullTGDs	1400		fullTGDs	672			newNonFullTGDs	14		newFullTGDs	32720
nonFullTGDs	1420		fullTGDs	752			newNonFullTGDs	0		newFullTGDs	33522
nonFullTGDs	1420		fullTGDs	852			newNonFullTGDs	0		newFullTGDs	33423
nonFullTGDs	1420		fullTGDs	952			newNonFullTGDs	0		newFullTGDs	33324
nonFullTGDs	1420		fullTGDs	1052			newNonFullTGDs	0		newFullTGDs	33224
nonFullTGDs	1420		fullTGDs	1152			newNonFullTGDs	0		newFullTGDs	33124
nonFullTGDs	1420		fullTGDs	1252			newNonFullTGDs	0		newFullTGDs	33024
nonFullTGDs	1420		fullTGDs	1352			newNonFullTGDs	0		newFullTGDs	32933
nonFullTGDs	1420		fullTGDs	1452			newNonFullTGDs	0		newFullTGDs	32833
nonFullTGDs	1420		fullTGDs	1552			newNonFullTGDs	0		newFullTGDs	32737
nonFullTGDs	1420		fullTGDs	1652			newNonFullTGDs	0		newFullTGDs	32638
nonFullTGDs	1420		fullTGDs	1752			newNonFullTGDs	0		newFullTGDs	32538
nonFullTGDs	1420		fullTGDs	1852			newNonFullTGDs	0		newFullTGDs	32438
nonFullTGDs	1420		fullTGDs	1952			newNonFullTGDs	0		newFullTGDs	32338
nonFullTGDs	1420		fullTGDs	2052			newNonFullTGDs	0		newFullTGDs	32240
nonFullTGDs	1420		fullTGDs	2152			newNonFullTGDs	0		newFullTGDs	32140
nonFullTGDs	1420		fullTGDs	2252			newNonFullTGDs	0		newFullTGDs	32042
nonFullTGDs	1420		fullTGDs	2352			newNonFullTGDs	0		newFullTGDs	31958
nonFullTGDs	1420		fullTGDs	2452			newNonFullTGDs	0		newFullTGDs	31883
nonFullTGDs	1420		fullTGDs	2552			newNonFullTGDs	0		newFullTGDs	31795
nonFullTGDs	1420		fullTGDs	2652			newNonFullTGDs	0		newFullTGDs	31714
nonFullTGDs	1420		fullTGDs	2752			newNonFullTGDs	0		newFullTGDs	31616
nonFullTGDs	1420		fullTGDs	2852			newNonFullTGDs	0		newFullTGDs	31516
nonFullTGDs	1420		fullTGDs	2952			newNonFullTGDs	0		newFullTGDs	31417
nonFullTGDs	1420		fullTGDs	3052			newNonFullTGDs	0		newFullTGDs	31331
nonFullTGDs	1420		fullTGDs	3152			newNonFullTGDs	0		newFullTGDs	31232
nonFullTGDs	1422		fullTGDs	3250			newNonFullTGDs	0		newFullTGDs	31144
nonFullTGDs	1422		fullTGDs	3350			newNonFullTGDs	0		newFullTGDs	31044
nonFullTGDs	1422		fullTGDs	3450			newNonFullTGDs	0		newFullTGDs	30966
nonFullTGDs	1422		fullTGDs	3550			newNonFullTGDs	0		newFullTGDs	30883
nonFullTGDs	1422		fullTGDs	3650			newNonFullTGDs	0		newFullTGDs	30783
nonFullTGDs	1422		fullTGDs	3750			newNonFullTGDs	0		newFullTGDs	30683
nonFullTGDs	1422		fullTGDs	3850			newNonFullTGDs	0		newFullTGDs	30583
nonFullTGDs	1422		fullTGDs	3950			newNonFullTGDs	0		newFullTGDs	30483
nonFullTGDs	1422		fullTGDs	4050			newNonFullTGDs	0		newFullTGDs	30383
nonFullTGDs	1422		fullTGDs	4150			newNonFullTGDs	0		newFullTGDs	30283
nonFullTGDs	1422		fullTGDs	4250			newNonFullTGDs	0		newFullTGDs	30183
nonFullTGDs	1422		fullTGDs	4350			newNonFullTGDs	0		newFullTGDs	30083
nonFullTGDs	1422		fullTGDs	4450			newNonFullTGDs	0		newFullTGDs	29983
nonFullTGDs	1422		fullTGDs	4550			newNonFullTGDs	0		newFullTGDs	29883
nonFullTGDs	1422		fullTGDs	4650			newNonFullTGDs	0		newFullTGDs	29784
nonFullTGDs	1422		fullTGDs	4750			newNonFullTGDs	0		newFullTGDs	29684
nonFullTGDs	1422		fullTGDs	4850			newNonFullTGDs	0		newFullTGDs	29584
nonFullTGDs	1422		fullTGDs	4950			newNonFullTGDs	0		newFullTGDs	29484
nonFullTGDs	1422		fullTGDs	5050			newNonFullTGDs	0		newFullTGDs	29386
nonFullTGDs	1422		fullTGDs	5150			newNonFullTGDs	0		newFullTGDs	29293
nonFullTGDs	1422		fullTGDs	5250			newNonFullTGDs	0		newFullTGDs	29193
nonFullTGDs	1422		fullTGDs	5350			newNonFullTGDs	0		newFullTGDs	29093
nonFullTGDs	1422		fullTGDs	5450			newNonFullTGDs	0		newFullTGDs	28993
nonFullTGDs	1422		fullTGDs	5550			newNonFullTGDs	0		newFullTGDs	28894
nonFullTGDs	1422		fullTGDs	5650			newNonFullTGDs	0		newFullTGDs	28794
nonFullTGDs	1422		fullTGDs	5750			newNonFullTGDs	0		newFullTGDs	28694
nonFullTGDs	1422		fullTGDs	5850			newNonFullTGDs	0		newFullTGDs	28594
nonFullTGDs	1422		fullTGDs	5950			newNonFullTGDs	0		newFullTGDs	28495
nonFullTGDs	1422		fullTGDs	6050			newNonFullTGDs	0		newFullTGDs	28395
nonFullTGDs	1422		fullTGDs	6150			newNonFullTGDs	0		newFullTGDs	28295
nonFullTGDs	1422		fullTGDs	6250			newNonFullTGDs	0		newFullTGDs	28195
nonFullTGDs	1422		fullTGDs	6350			newNonFullTGDs	0		newFullTGDs	28095
nonFullTGDs	1422		fullTGDs	6450			newNonFullTGDs	0		newFullTGDs	27998
nonFullTGDs	1422		fullTGDs	6550			newNonFullTGDs	0		newFullTGDs	27898
nonFullTGDs	1422		fullTGDs	6650			newNonFullTGDs	0		newFullTGDs	27798
nonFullTGDs	1422		fullTGDs	6750			newNonFullTGDs	0		newFullTGDs	27698
nonFullTGDs	1422		fullTGDs	6850			newNonFullTGDs	0		newFullTGDs	27598
nonFullTGDs	1422		fullTGDs	6950			newNonFullTGDs	0		newFullTGDs	27506
nonFullTGDs	1422		fullTGDs	7050			newNonFullTGDs	0		newFullTGDs	27407
nonFullTGDs	1422		fullTGDs	7150			newNonFullTGDs	0		newFullTGDs	27307
nonFullTGDs	1422		fullTGDs	7250			newNonFullTGDs	0		newFullTGDs	27207
nonFullTGDs	1422		fullTGDs	7350			newNonFullTGDs	0		newFullTGDs	27107
nonFullTGDs	1422		fullTGDs	7450			newNonFullTGDs	0		newFullTGDs	27017
nonFullTGDs	1422		fullTGDs	7550			newNonFullTGDs	0		newFullTGDs	26942
nonFullTGDs	1422		fullTGDs	7650			newNonFullTGDs	0		newFullTGDs	26845
nonFullTGDs	1422		fullTGDs	7750			newNonFullTGDs	0		newFullTGDs	26750
nonFullTGDs	1422		fullTGDs	7850			newNonFullTGDs	0		newFullTGDs	26651
nonFullTGDs	1422		fullTGDs	7950			newNonFullTGDs	0		newFullTGDs	26560
nonFullTGDs	1422		fullTGDs	8050			newNonFullTGDs	0		newFullTGDs	26462
nonFullTGDs	1422		fullTGDs	8150			newNonFullTGDs	0		newFullTGDs	26362
nonFullTGDs	1422		fullTGDs	8250			newNonFullTGDs	0		newFullTGDs	26262
nonFullTGDs	1422		fullTGDs	8350			newNonFullTGDs	0		newFullTGDs	26167
nonFullTGDs	1422		fullTGDs	8450			newNonFullTGDs	0		newFullTGDs	26072
nonFullTGDs	1422		fullTGDs	8550			newNonFullTGDs	0		newFullTGDs	26073
nonFullTGDs	1422		fullTGDs	8650			newNonFullTGDs	0		newFullTGDs	25978
nonFullTGDs	1422		fullTGDs	8750			newNonFullTGDs	0		newFullTGDs	25878
nonFullTGDs	1422		fullTGDs	8850			newNonFullTGDs	0		newFullTGDs	25778
nonFullTGDs	1422		fullTGDs	8950			newNonFullTGDs	0		newFullTGDs	25692
nonFullTGDs	1422		fullTGDs	9050			newNonFullTGDs	0		newFullTGDs	25615
nonFullTGDs	1422		fullTGDs	9150			newNonFullTGDs	0		newFullTGDs	25515
nonFullTGDs	1422		fullTGDs	9250			newNonFullTGDs	0		newFullTGDs	25424
nonFullTGDs	1422		fullTGDs	9350			newNonFullTGDs	0		newFullTGDs	25425
nonFullTGDs	1422		fullTGDs	9450			newNonFullTGDs	0		newFullTGDs	25429
nonFullTGDs	1422		fullTGDs	9550			newNonFullTGDs	0		newFullTGDs	25334
nonFullTGDs	1422		fullTGDs	9650			newNonFullTGDs	0		newFullTGDs	25234
nonFullTGDs	1422		fullTGDs	9750			newNonFullTGDs	0		newFullTGDs	25255
nonFullTGDs	1422		fullTGDs	9850			newNonFullTGDs	0		newFullTGDs	25156
nonFullTGDs	1422		fullTGDs	9950			newNonFullTGDs	0		newFullTGDs	25057
nonFullTGDs	1422		fullTGDs	10050			newNonFullTGDs	0		newFullTGDs	24958
nonFullTGDs	1422		fullTGDs	10150			newNonFullTGDs	0		newFullTGDs	24858
nonFullTGDs	1422		fullTGDs	10250			newNonFullTGDs	0		newFullTGDs	24758
nonFullTGDs	1422		fullTGDs	10350			newNonFullTGDs	0		newFullTGDs	24661
nonFullTGDs	1422		fullTGDs	10450			newNonFullTGDs	0		newFullTGDs	24561
nonFullTGDs	1422		fullTGDs	10550			newNonFullTGDs	0		newFullTGDs	24463
nonFullTGDs	1422		fullTGDs	10650			newNonFullTGDs	0		newFullTGDs	24375
nonFullTGDs	1422		fullTGDs	10750			newNonFullTGDs	0		newFullTGDs	24276
nonFullTGDs	1422		fullTGDs	10850			newNonFullTGDs	0		newFullTGDs	24176
nonFullTGDs	1422		fullTGDs	10950			newNonFullTGDs	0		newFullTGDs	24076
nonFullTGDs	1422		fullTGDs	11050			newNonFullTGDs	0		newFullTGDs	24008
nonFullTGDs	1422		fullTGDs	11150			newNonFullTGDs	0		newFullTGDs	23908
nonFullTGDs	1422		fullTGDs	11250			newNonFullTGDs	0		newFullTGDs	23808
nonFullTGDs	1422		fullTGDs	11350			newNonFullTGDs	0		newFullTGDs	23711
nonFullTGDs	1422		fullTGDs	11450			newNonFullTGDs	0		newFullTGDs	23611
nonFullTGDs	1422		fullTGDs	11550			newNonFullTGDs	0		newFullTGDs	23514
nonFullTGDs	1422		fullTGDs	11650			newNonFullTGDs	0		newFullTGDs	23414
nonFullTGDs	1422		fullTGDs	11750			newNonFullTGDs	0		newFullTGDs	23314
nonFullTGDs	1422		fullTGDs	11850			newNonFullTGDs	0		newFullTGDs	23321
nonFullTGDs	1423		fullTGDs	11949			newNonFullTGDs	0		newFullTGDs	23222
nonFullTGDs	1423		fullTGDs	12049			newNonFullTGDs	0		newFullTGDs	23122
nonFullTGDs	1423		fullTGDs	12149			newNonFullTGDs	0		newFullTGDs	23022
nonFullTGDs	1423		fullTGDs	12249			newNonFullTGDs	0		newFullTGDs	22924
nonFullTGDs	1423		fullTGDs	12349			newNonFullTGDs	0		newFullTGDs	22830
nonFullTGDs	1423		fullTGDs	12449			newNonFullTGDs	0		newFullTGDs	22831
nonFullTGDs	1423		fullTGDs	12549			newNonFullTGDs	0		newFullTGDs	22837
nonFullTGDs	1423		fullTGDs	12649			newNonFullTGDs	0		newFullTGDs	22738
nonFullTGDs	1423		fullTGDs	12749			newNonFullTGDs	0		newFullTGDs	22638
nonFullTGDs	1423		fullTGDs	12849			newNonFullTGDs	0		newFullTGDs	22541
nonFullTGDs	1423		fullTGDs	12949			newNonFullTGDs	0		newFullTGDs	22447
nonFullTGDs	1423		fullTGDs	13049			newNonFullTGDs	0		newFullTGDs	22347
nonFullTGDs	1423		fullTGDs	13149			newNonFullTGDs	0		newFullTGDs	22247
nonFullTGDs	1423		fullTGDs	13249			newNonFullTGDs	0		newFullTGDs	22147
nonFullTGDs	1423		fullTGDs	13349			newNonFullTGDs	0		newFullTGDs	22047
nonFullTGDs	1423		fullTGDs	13449			newNonFullTGDs	0		newFullTGDs	21950
nonFullTGDs	1423		fullTGDs	13549			newNonFullTGDs	0		newFullTGDs	21850
nonFullTGDs	1423		fullTGDs	13649			newNonFullTGDs	0		newFullTGDs	21750
nonFullTGDs	1423		fullTGDs	13749			newNonFullTGDs	0		newFullTGDs	21650
nonFullTGDs	1423		fullTGDs	13849			newNonFullTGDs	0		newFullTGDs	21550
nonFullTGDs	1423		fullTGDs	13949			newNonFullTGDs	0		newFullTGDs	21452
nonFullTGDs	1423		fullTGDs	14049			newNonFullTGDs	0		newFullTGDs	21353
nonFullTGDs	1423		fullTGDs	14149			newNonFullTGDs	0		newFullTGDs	21254
nonFullTGDs	1423		fullTGDs	14249			newNonFullTGDs	0		newFullTGDs	21255
nonFullTGDs	1423		fullTGDs	14349			newNonFullTGDs	0		newFullTGDs	21155
nonFullTGDs	1423		fullTGDs	14449			newNonFullTGDs	0		newFullTGDs	21055
nonFullTGDs	1423		fullTGDs	14549			newNonFullTGDs	0		newFullTGDs	20955
nonFullTGDs	1423		fullTGDs	14649			newNonFullTGDs	0		newFullTGDs	20956
nonFullTGDs	1423		fullTGDs	14749			newNonFullTGDs	0		newFullTGDs	20957
nonFullTGDs	1423		fullTGDs	14849			newNonFullTGDs	0		newFullTGDs	20858
nonFullTGDs	1423		fullTGDs	14949			newNonFullTGDs	0		newFullTGDs	20758
nonFullTGDs	1423		fullTGDs	15049			newNonFullTGDs	0		newFullTGDs	20658
nonFullTGDs	1423		fullTGDs	15149			newNonFullTGDs	0		newFullTGDs	20558
nonFullTGDs	1423		fullTGDs	15249			newNonFullTGDs	0		newFullTGDs	20458
nonFullTGDs	1423		fullTGDs	15349			newNonFullTGDs	0		newFullTGDs	20459
nonFullTGDs	1423		fullTGDs	15449			newNonFullTGDs	0		newFullTGDs	20359
nonFullTGDs	1423		fullTGDs	15549			newNonFullTGDs	0		newFullTGDs	20259
nonFullTGDs	1423		fullTGDs	15649			newNonFullTGDs	0		newFullTGDs	20159
nonFullTGDs	1423		fullTGDs	15749			newNonFullTGDs	0		newFullTGDs	20160
nonFullTGDs	1423		fullTGDs	15849			newNonFullTGDs	0		newFullTGDs	20060
nonFullTGDs	1423		fullTGDs	15949			newNonFullTGDs	0		newFullTGDs	19960
nonFullTGDs	1423		fullTGDs	16049			newNonFullTGDs	0		newFullTGDs	19860
nonFullTGDs	1423		fullTGDs	16149			newNonFullTGDs	0		newFullTGDs	19760
nonFullTGDs	1423		fullTGDs	16249			newNonFullTGDs	0		newFullTGDs	19660
nonFullTGDs	1423		fullTGDs	16349			newNonFullTGDs	0		newFullTGDs	19560
nonFullTGDs	1423		fullTGDs	16449			newNonFullTGDs	0		newFullTGDs	19460
nonFullTGDs	1423		fullTGDs	16549			newNonFullTGDs	0		newFullTGDs	19360
nonFullTGDs	1423		fullTGDs	16649			newNonFullTGDs	0		newFullTGDs	19309
nonFullTGDs	1423		fullTGDs	16749			newNonFullTGDs	0		newFullTGDs	19214
nonFullTGDs	1423		fullTGDs	16849			newNonFullTGDs	0		newFullTGDs	19116
nonFullTGDs	1423		fullTGDs	16949			newNonFullTGDs	0		newFullTGDs	19019
nonFullTGDs	1423		fullTGDs	17049			newNonFullTGDs	0		newFullTGDs	18923
nonFullTGDs	1423		fullTGDs	17149			newNonFullTGDs	0		newFullTGDs	18823
nonFullTGDs	1423		fullTGDs	17249			newNonFullTGDs	0		newFullTGDs	18727
nonFullTGDs	1423		fullTGDs	17349			newNonFullTGDs	0		newFullTGDs	18632
nonFullTGDs	1423		fullTGDs	17449			newNonFullTGDs	0		newFullTGDs	18551
nonFullTGDs	1423		fullTGDs	17549			newNonFullTGDs	0		newFullTGDs	18471
nonFullTGDs	1423		fullTGDs	17649			newNonFullTGDs	0		newFullTGDs	18409
nonFullTGDs	1423		fullTGDs	17749			newNonFullTGDs	0		newFullTGDs	18333
nonFullTGDs	1423		fullTGDs	17849			newNonFullTGDs	0		newFullTGDs	18252
nonFullTGDs	1423		fullTGDs	17949			newNonFullTGDs	0		newFullTGDs	18158
nonFullTGDs	1423		fullTGDs	18049			newNonFullTGDs	0		newFullTGDs	18058
nonFullTGDs	1423		fullTGDs	18149			newNonFullTGDs	0		newFullTGDs	17977
nonFullTGDs	1423		fullTGDs	18249			newNonFullTGDs	0		newFullTGDs	17884
nonFullTGDs	1423		fullTGDs	18349			newNonFullTGDs	0		newFullTGDs	17784
nonFullTGDs	1423		fullTGDs	18449			newNonFullTGDs	0		newFullTGDs	17684
nonFullTGDs	1423		fullTGDs	18549			newNonFullTGDs	0		newFullTGDs	17584
nonFullTGDs	1423		fullTGDs	18649			newNonFullTGDs	0		newFullTGDs	17484
nonFullTGDs	1423		fullTGDs	18749			newNonFullTGDs	0		newFullTGDs	17384
nonFullTGDs	1423		fullTGDs	18849			newNonFullTGDs	0		newFullTGDs	17284
nonFullTGDs	1423		fullTGDs	18949			newNonFullTGDs	0		newFullTGDs	17184
nonFullTGDs	1423		fullTGDs	19049			newNonFullTGDs	0		newFullTGDs	17087
nonFullTGDs	1423		fullTGDs	19149			newNonFullTGDs	0		newFullTGDs	16987
nonFullTGDs	1423		fullTGDs	19249			newNonFullTGDs	0		newFullTGDs	16887
nonFullTGDs	1423		fullTGDs	19349			newNonFullTGDs	0		newFullTGDs	16787
nonFullTGDs	1423		fullTGDs	19449			newNonFullTGDs	0		newFullTGDs	16687
nonFullTGDs	1423		fullTGDs	19549			newNonFullTGDs	0		newFullTGDs	16688
nonFullTGDs	1423		fullTGDs	19649			newNonFullTGDs	0		newFullTGDs	16588
nonFullTGDs	1423		fullTGDs	19749			newNonFullTGDs	0		newFullTGDs	16488
nonFullTGDs	1423		fullTGDs	19849			newNonFullTGDs	0		newFullTGDs	16388
nonFullTGDs	1423		fullTGDs	19949			newNonFullTGDs	0		newFullTGDs	16288
nonFullTGDs	1423		fullTGDs	20049			newNonFullTGDs	0		newFullTGDs	16189
nonFullTGDs	1423		fullTGDs	20149			newNonFullTGDs	0		newFullTGDs	16190
nonFullTGDs	1423		fullTGDs	20249			newNonFullTGDs	0		newFullTGDs	16090
nonFullTGDs	1423		fullTGDs	20349			newNonFullTGDs	0		newFullTGDs	15990
nonFullTGDs	1423		fullTGDs	20449			newNonFullTGDs	0		newFullTGDs	15890
nonFullTGDs	1423		fullTGDs	20549			newNonFullTGDs	0		newFullTGDs	15790
nonFullTGDs	1423		fullTGDs	20649			newNonFullTGDs	0		newFullTGDs	15690
nonFullTGDs	1423		fullTGDs	20749			newNonFullTGDs	0		newFullTGDs	15590
nonFullTGDs	1423		fullTGDs	20849			newNonFullTGDs	0		newFullTGDs	15490
nonFullTGDs	1423		fullTGDs	20949			newNonFullTGDs	0		newFullTGDs	15390
nonFullTGDs	1423		fullTGDs	21049			newNonFullTGDs	0		newFullTGDs	15290
nonFullTGDs	1423		fullTGDs	21149			newNonFullTGDs	0		newFullTGDs	15190
nonFullTGDs	1423		fullTGDs	21249			newNonFullTGDs	0		newFullTGDs	15090
nonFullTGDs	1423		fullTGDs	21349			newNonFullTGDs	0		newFullTGDs	14990
nonFullTGDs	1423		fullTGDs	21449			newNonFullTGDs	0		newFullTGDs	14890
nonFullTGDs	1423		fullTGDs	21549			newNonFullTGDs	0		newFullTGDs	14790
nonFullTGDs	1423		fullTGDs	21649			newNonFullTGDs	0		newFullTGDs	14690
nonFullTGDs	1423		fullTGDs	21749			newNonFullTGDs	0		newFullTGDs	14592
nonFullTGDs	1423		fullTGDs	21849			newNonFullTGDs	0		newFullTGDs	14494
nonFullTGDs	1423		fullTGDs	21949			newNonFullTGDs	0		newFullTGDs	14394
nonFullTGDs	1423		fullTGDs	22049			newNonFullTGDs	0		newFullTGDs	14295
nonFullTGDs	1423		fullTGDs	22149			newNonFullTGDs	0		newFullTGDs	14198
nonFullTGDs	1423		fullTGDs	22249			newNonFullTGDs	0		newFullTGDs	14099
nonFullTGDs	1423		fullTGDs	22349			newNonFullTGDs	0		newFullTGDs	13999
nonFullTGDs	1423		fullTGDs	22449			newNonFullTGDs	0		newFullTGDs	13899
nonFullTGDs	1423		fullTGDs	22549			newNonFullTGDs	0		newFullTGDs	13799
nonFullTGDs	1423		fullTGDs	22649			newNonFullTGDs	0		newFullTGDs	13699
nonFullTGDs	1423		fullTGDs	22749			newNonFullTGDs	0		newFullTGDs	13599
nonFullTGDs	1423		fullTGDs	22849			newNonFullTGDs	0		newFullTGDs	13499
nonFullTGDs	1423		fullTGDs	22949			newNonFullTGDs	0		newFullTGDs	13399
nonFullTGDs	1423		fullTGDs	23049			newNonFullTGDs	0		newFullTGDs	13299
nonFullTGDs	1423		fullTGDs	23149			newNonFullTGDs	0		newFullTGDs	13199
nonFullTGDs	1423		fullTGDs	23249			newNonFullTGDs	0		newFullTGDs	13099
nonFullTGDs	1423		fullTGDs	23349			newNonFullTGDs	0		newFullTGDs	13000
nonFullTGDs	1423		fullTGDs	23449			newNonFullTGDs	0		newFullTGDs	12907
nonFullTGDs	1423		fullTGDs	23549			newNonFullTGDs	0		newFullTGDs	12809
nonFullTGDs	1423		fullTGDs	23649			newNonFullTGDs	0		newFullTGDs	12724
nonFullTGDs	1423		fullTGDs	23749			newNonFullTGDs	0		newFullTGDs	12630
nonFullTGDs	1423		fullTGDs	23849			newNonFullTGDs	0		newFullTGDs	12531
nonFullTGDs	1423		fullTGDs	23949			newNonFullTGDs	0		newFullTGDs	12431
nonFullTGDs	1423		fullTGDs	24049			newNonFullTGDs	0		newFullTGDs	12331
nonFullTGDs	1423		fullTGDs	24149			newNonFullTGDs	0		newFullTGDs	12234
nonFullTGDs	1423		fullTGDs	24249			newNonFullTGDs	0		newFullTGDs	12138
nonFullTGDs	1423		fullTGDs	24349			newNonFullTGDs	0		newFullTGDs	12038
nonFullTGDs	1423		fullTGDs	24449			newNonFullTGDs	0		newFullTGDs	11938
nonFullTGDs	1423		fullTGDs	24549			newNonFullTGDs	0		newFullTGDs	11839
nonFullTGDs	1423		fullTGDs	24649			newNonFullTGDs	0		newFullTGDs	11740
nonFullTGDs	1423		fullTGDs	24749			newNonFullTGDs	0		newFullTGDs	11640
nonFullTGDs	1423		fullTGDs	24849			newNonFullTGDs	0		newFullTGDs	11540
nonFullTGDs	1423		fullTGDs	24949			newNonFullTGDs	0		newFullTGDs	11440
nonFullTGDs	1423		fullTGDs	25049			newNonFullTGDs	0		newFullTGDs	11340
nonFullTGDs	1423		fullTGDs	25149			newNonFullTGDs	0		newFullTGDs	11240
nonFullTGDs	1423		fullTGDs	25249			newNonFullTGDs	0		newFullTGDs	11141
nonFullTGDs	1423		fullTGDs	25349			newNonFullTGDs	0		newFullTGDs	11041
nonFullTGDs	1423		fullTGDs	25449			newNonFullTGDs	0		newFullTGDs	10941
nonFullTGDs	1423		fullTGDs	25549			newNonFullTGDs	0		newFullTGDs	10841
nonFullTGDs	1423		fullTGDs	25649			newNonFullTGDs	0		newFullTGDs	10741
nonFullTGDs	1423		fullTGDs	25749			newNonFullTGDs	0		newFullTGDs	10646
nonFullTGDs	1423		fullTGDs	25849			newNonFullTGDs	0		newFullTGDs	10548
nonFullTGDs	1423		fullTGDs	25949			newNonFullTGDs	0		newFullTGDs	10455
nonFullTGDs	1423		fullTGDs	26049			newNonFullTGDs	0		newFullTGDs	10357
nonFullTGDs	1423		fullTGDs	26149			newNonFullTGDs	0		newFullTGDs	10358
nonFullTGDs	1423		fullTGDs	26249			newNonFullTGDs	0		newFullTGDs	10361
nonFullTGDs	1423		fullTGDs	26349			newNonFullTGDs	0		newFullTGDs	10263
nonFullTGDs	1423		fullTGDs	26449			newNonFullTGDs	0		newFullTGDs	10166
nonFullTGDs	1423		fullTGDs	26549			newNonFullTGDs	0		newFullTGDs	10066
nonFullTGDs	1423		fullTGDs	26649			newNonFullTGDs	0		newFullTGDs	9966
nonFullTGDs	1423		fullTGDs	26749			newNonFullTGDs	0		newFullTGDs	9866
nonFullTGDs	1423		fullTGDs	26849			newNonFullTGDs	0		newFullTGDs	9766
nonFullTGDs	1423		fullTGDs	26949			newNonFullTGDs	0		newFullTGDs	9666
nonFullTGDs	1423		fullTGDs	27049			newNonFullTGDs	0		newFullTGDs	9566
nonFullTGDs	1423		fullTGDs	27149			newNonFullTGDs	0		newFullTGDs	9466
nonFullTGDs	1423		fullTGDs	27249			newNonFullTGDs	0		newFullTGDs	9366
nonFullTGDs	1423		fullTGDs	27349			newNonFullTGDs	0		newFullTGDs	9266
nonFullTGDs	1423		fullTGDs	27449			newNonFullTGDs	0		newFullTGDs	9166
nonFullTGDs	1423		fullTGDs	27549			newNonFullTGDs	0		newFullTGDs	9066
nonFullTGDs	1423		fullTGDs	27649			newNonFullTGDs	0		newFullTGDs	9067
nonFullTGDs	1425		fullTGDs	27747			newNonFullTGDs	0		newFullTGDs	8974
nonFullTGDs	1425		fullTGDs	27847			newNonFullTGDs	0		newFullTGDs	8874
nonFullTGDs	1425		fullTGDs	27947			newNonFullTGDs	0		newFullTGDs	8774
nonFullTGDs	1425		fullTGDs	28047			newNonFullTGDs	0		newFullTGDs	8674
nonFullTGDs	1425		fullTGDs	28147			newNonFullTGDs	0		newFullTGDs	8574
nonFullTGDs	1425		fullTGDs	28247			newNonFullTGDs	0		newFullTGDs	8474
nonFullTGDs	1425		fullTGDs	28347			newNonFullTGDs	0		newFullTGDs	8374
nonFullTGDs	1425		fullTGDs	28447			newNonFullTGDs	0		newFullTGDs	8274
nonFullTGDs	1425		fullTGDs	28547			newNonFullTGDs	0		newFullTGDs	8174
nonFullTGDs	1425		fullTGDs	28647			newNonFullTGDs	0		newFullTGDs	8074
nonFullTGDs	1425		fullTGDs	28747			newNonFullTGDs	0		newFullTGDs	7974
nonFullTGDs	1425		fullTGDs	28847			newNonFullTGDs	0		newFullTGDs	7874
nonFullTGDs	1425		fullTGDs	28947			newNonFullTGDs	0		newFullTGDs	7774
nonFullTGDs	1425		fullTGDs	29047			newNonFullTGDs	0		newFullTGDs	7674
nonFullTGDs	1425		fullTGDs	29147			newNonFullTGDs	0		newFullTGDs	7581
nonFullTGDs	1425		fullTGDs	29247			newNonFullTGDs	0		newFullTGDs	7485
nonFullTGDs	1425		fullTGDs	29347			newNonFullTGDs	0		newFullTGDs	7385
nonFullTGDs	1425		fullTGDs	29447			newNonFullTGDs	0		newFullTGDs	7285
nonFullTGDs	1425		fullTGDs	29547			newNonFullTGDs	0		newFullTGDs	7185
nonFullTGDs	1425		fullTGDs	29647			newNonFullTGDs	0		newFullTGDs	7085
nonFullTGDs	1425		fullTGDs	29747			newNonFullTGDs	0		newFullTGDs	6985
nonFullTGDs	1425		fullTGDs	29847			newNonFullTGDs	0		newFullTGDs	6885
nonFullTGDs	1425		fullTGDs	29947			newNonFullTGDs	0		newFullTGDs	6785
nonFullTGDs	1425		fullTGDs	30047			newNonFullTGDs	0		newFullTGDs	6685
nonFullTGDs	1425		fullTGDs	30147			newNonFullTGDs	0		newFullTGDs	6585
nonFullTGDs	1425		fullTGDs	30247			newNonFullTGDs	0		newFullTGDs	6485
nonFullTGDs	1425		fullTGDs	30347			newNonFullTGDs	0		newFullTGDs	6385
nonFullTGDs	1425		fullTGDs	30447			newNonFullTGDs	0		newFullTGDs	6291
nonFullTGDs	1425		fullTGDs	30547			newNonFullTGDs	0		newFullTGDs	6193
nonFullTGDs	1425		fullTGDs	30647			newNonFullTGDs	0		newFullTGDs	6093
nonFullTGDs	1425		fullTGDs	30747			newNonFullTGDs	0		newFullTGDs	5993
nonFullTGDs	1425		fullTGDs	30847			newNonFullTGDs	0		newFullTGDs	5893
nonFullTGDs	1425		fullTGDs	30947			newNonFullTGDs	0		newFullTGDs	5795
nonFullTGDs	1429		fullTGDs	31043			newNonFullTGDs	0		newFullTGDs	5731
nonFullTGDs	1429		fullTGDs	31143			newNonFullTGDs	0		newFullTGDs	5732
nonFullTGDs	1429		fullTGDs	31243			newNonFullTGDs	0		newFullTGDs	5745
nonFullTGDs	1429		fullTGDs	31343			newNonFullTGDs	0		newFullTGDs	5646
nonFullTGDs	1429		fullTGDs	31443			newNonFullTGDs	0		newFullTGDs	5647
nonFullTGDs	1429		fullTGDs	31543			newNonFullTGDs	0		newFullTGDs	5572
nonFullTGDs	1429		fullTGDs	31643			newNonFullTGDs	0		newFullTGDs	5481
nonFullTGDs	1429		fullTGDs	31743			newNonFullTGDs	0		newFullTGDs	5424
nonFullTGDs	1429		fullTGDs	31843			newNonFullTGDs	0		newFullTGDs	5329
nonFullTGDs	1429		fullTGDs	31943			newNonFullTGDs	0		newFullTGDs	5235
nonFullTGDs	1429		fullTGDs	32043			newNonFullTGDs	0		newFullTGDs	5135
nonFullTGDs	1429		fullTGDs	32143			newNonFullTGDs	0		newFullTGDs	5035
nonFullTGDs	1429		fullTGDs	32243			newNonFullTGDs	0		newFullTGDs	4935
nonFullTGDs	1429		fullTGDs	32343			newNonFullTGDs	0		newFullTGDs	4835
nonFullTGDs	1429		fullTGDs	32443			newNonFullTGDs	0		newFullTGDs	4735
nonFullTGDs	1429		fullTGDs	32543			newNonFullTGDs	0		newFullTGDs	4635
nonFullTGDs	1429		fullTGDs	32643			newNonFullTGDs	0		newFullTGDs	4535
nonFullTGDs	1429		fullTGDs	32743			newNonFullTGDs	0		newFullTGDs	4435
nonFullTGDs	1429		fullTGDs	32843			newNonFullTGDs	0		newFullTGDs	4335
nonFullTGDs	1429		fullTGDs	32943			newNonFullTGDs	0		newFullTGDs	4235
nonFullTGDs	1429		fullTGDs	33043			newNonFullTGDs	0		newFullTGDs	4135
nonFullTGDs	1429		fullTGDs	33143			newNonFullTGDs	0		newFullTGDs	4035
nonFullTGDs	1429		fullTGDs	33243			newNonFullTGDs	0		newFullTGDs	3935
nonFullTGDs	1429		fullTGDs	33343			newNonFullTGDs	0		newFullTGDs	3835
nonFullTGDs	1429		fullTGDs	33443			newNonFullTGDs	0		newFullTGDs	3735
nonFullTGDs	1429		fullTGDs	33543			newNonFullTGDs	0		newFullTGDs	3635
nonFullTGDs	1429		fullTGDs	33643			newNonFullTGDs	0		newFullTGDs	3535
nonFullTGDs	1429		fullTGDs	33743			newNonFullTGDs	0		newFullTGDs	3435
nonFullTGDs	1429		fullTGDs	33843			newNonFullTGDs	0		newFullTGDs	3335
nonFullTGDs	1429		fullTGDs	33943			newNonFullTGDs	0		newFullTGDs	3235
nonFullTGDs	1429		fullTGDs	34043			newNonFullTGDs	0		newFullTGDs	3135
nonFullTGDs	1429		fullTGDs	34143			newNonFullTGDs	0		newFullTGDs	3035
nonFullTGDs	1429		fullTGDs	34243			newNonFullTGDs	0		newFullTGDs	2935
nonFullTGDs	1429		fullTGDs	34343			newNonFullTGDs	0		newFullTGDs	2835
nonFullTGDs	1429		fullTGDs	34443			newNonFullTGDs	0		newFullTGDs	2735
nonFullTGDs	1429		fullTGDs	34543			newNonFullTGDs	0		newFullTGDs	2635
nonFullTGDs	1429		fullTGDs	34643			newNonFullTGDs	0		newFullTGDs	2535
nonFullTGDs	1429		fullTGDs	34743			newNonFullTGDs	0		newFullTGDs	2435
nonFullTGDs	1429		fullTGDs	34843			newNonFullTGDs	0		newFullTGDs	2337
nonFullTGDs	1429		fullTGDs	34943			newNonFullTGDs	0		newFullTGDs	2237
nonFullTGDs	1429		fullTGDs	35043			newNonFullTGDs	0		newFullTGDs	2137
nonFullTGDs	1429		fullTGDs	35143			newNonFullTGDs	0		newFullTGDs	2057
nonFullTGDs	1429		fullTGDs	35243			newNonFullTGDs	0		newFullTGDs	1962
nonFullTGDs	1429		fullTGDs	35343			newNonFullTGDs	0		newFullTGDs	1887
nonFullTGDs	1429		fullTGDs	35443			newNonFullTGDs	0		newFullTGDs	1788
nonFullTGDs	1429		fullTGDs	35543			newNonFullTGDs	0		newFullTGDs	1688
nonFullTGDs	1429		fullTGDs	35643			newNonFullTGDs	0		newFullTGDs	1588
nonFullTGDs	1429		fullTGDs	35743			newNonFullTGDs	0		newFullTGDs	1488
nonFullTGDs	1429		fullTGDs	35843			newNonFullTGDs	0		newFullTGDs	1388
nonFullTGDs	1429		fullTGDs	35943			newNonFullTGDs	0		newFullTGDs	1288
nonFullTGDs	1429		fullTGDs	36043			newNonFullTGDs	0		newFullTGDs	1188
nonFullTGDs	1429		fullTGDs	36143			newNonFullTGDs	0		newFullTGDs	1088
nonFullTGDs	1429		fullTGDs	36243			newNonFullTGDs	0		newFullTGDs	1000
nonFullTGDs	1429		fullTGDs	36343			newNonFullTGDs	0		newFullTGDs	900
nonFullTGDs	1429		fullTGDs	36443			newNonFullTGDs	0		newFullTGDs	800
nonFullTGDs	1429		fullTGDs	36543			newNonFullTGDs	0		newFullTGDs	801
nonFullTGDs	1429		fullTGDs	36643			newNonFullTGDs	0		newFullTGDs	701
nonFullTGDs	1429		fullTGDs	36743			newNonFullTGDs	0		newFullTGDs	601
nonFullTGDs	1429		fullTGDs	36843			newNonFullTGDs	0		newFullTGDs	501
nonFullTGDs	1429		fullTGDs	36943			newNonFullTGDs	0		newFullTGDs	401
nonFullTGDs	1429		fullTGDs	37043			newNonFullTGDs	0		newFullTGDs	301
nonFullTGDs	1429		fullTGDs	37143			newNonFullTGDs	0		newFullTGDs	201
nonFullTGDs	1429		fullTGDs	37243			newNonFullTGDs	0		newFullTGDs	101
nonFullTGDs	1429		fullTGDs	37343			newNonFullTGDs	0		newFullTGDs	1
Dec 06, 2021 8:20:26 PM uk.ac.ox.cs.gsat.SaturationStatistics log
INFO: # initial TGDs: 672 , 840
Dec 06, 2021 8:20:26 PM uk.ac.ox.cs.gsat.SaturationStatistics log
INFO: SkSat total time : 1759 ms = 1.76 s
Dec 06, 2021 8:20:26 PM uk.ac.ox.cs.gsat.SaturationStatistics log
INFO: Subsumed elements : 0
Dec 06, 2021 8:20:26 PM uk.ac.ox.cs.gsat.SaturationStatistics log
INFO: Filter discarded elements : 0
Dec 06, 2021 8:20:26 PM uk.ac.ox.cs.gsat.SaturationStatistics log
INFO: subsumption time: 13 ms = 0.01 s
Dec 06, 2021 8:20:26 PM uk.ac.ox.cs.gsat.SaturationStatistics log
INFO: forward subsumption time: 11 ms = 0.01 s
Dec 06, 2021 8:20:26 PM uk.ac.ox.cs.gsat.SaturationStatistics log
INFO: backward subsumption time: 2 ms = 0.00 s
Dec 06, 2021 8:20:26 PM uk.ac.ox.cs.gsat.SaturationStatistics log
INFO: Derived full/non full TGDs: 36982 , 674
Dec 06, 2021 8:20:26 PM uk.ac.ox.cs.gsat.SaturationStatistics log
INFO: discarded tautology count: 303
Dec 06, 2021 8:20:26 PM uk.ac.ox.cs.gsat.EvolveStatistics log
INFO: Stop because subsumed: 387
Dec 06, 2021 8:20:26 PM uk.ac.ox.cs.gsat.EvolveStatistics log
INFO: evolved equals to current: 0
Dec 06, 2021 8:20:26 PM uk.ac.ox.cs.gsat.EvolveStatistics log
INFO: evolved time: 700 ms = 0.70 s
Dec 06, 2021 8:20:26 PM uk.ac.ox.cs.gsat.EvolveStatistics log
INFO: evolve count: 37861
Dec 06, 2021 8:20:26 PM uk.ac.ox.cs.gsat.SkolemStatistics log
INFO: maximum number of Skolem atoms in body: 1
Dec 06, 2021 8:20:26 PM uk.ac.ox.cs.gsat.SkolemStatistics log
INFO: left derived TGD with Skolem in the body: 0
Dec 06, 2021 8:20:26 PM uk.ac.ox.cs.gsat.SkolemStatistics log
INFO: right derived TGD with Skolem in the body: 36602
Dec 06, 2021 8:20:26 PM uk.ac.ox.cs.gsat.SkolemStatistics log
INFO: derived TGD with more than two Skolem atoms in the body: 0
Dec 06, 2021 8:20:26 PM uk.ac.ox.cs.gsat.AbstractSaturation run
INFO: ouptput full TGDs not contained in the input: 380
Dec 06, 2021 8:20:26 PM uk.ac.ox.cs.gsat.App executeAllSteps
INFO: Rewriting completed!
Full TGD saturation: (1052 dependecies)
Dec 06, 2021 8:20:26 PM uk.ac.ox.cs.gsat.App executeAllSteps
INFO: Writing the saturation in the Datalog file 00422.rul
