Starting Saturation...
Executing from DLGP files
SLF4J: Failed to load class "org.slf4j.impl.StaticLoggerBinder".
SLF4J: Defaulting to no-operation (NOP) logger implementation
SLF4J: See http://www.slf4j.org/codes.html#StaticLoggerBinder for further details.
# Rules: 3156; # Atoms: 0; # AtomSets: 0; # Queries: 0; # Constraints: 0
Full TGD saturation algorithm: Skolem Sat
Running SkSat...
Dec 06, 2021 10:47:21 PM uk.ac.ox.cs.gsat.AbstractSaturation run
INFO: SkSat discarded rules : 0/3156 = 0.000%
SkSat discarded rules : 0/3156 = 0.000%
Dec 06, 2021 10:47:21 PM uk.ac.ox.cs.gsat.AbstractSaturation run
INFO: Subsumption method : disabled
nonFullTGDs	0		fullTGDs	2742			newNonFullTGDs	446		newFullTGDs	0
nonFullTGDs	100		fullTGDs	2742			newNonFullTGDs	414		newFullTGDs	1148
nonFullTGDs	200		fullTGDs	2742			newNonFullTGDs	383		newFullTGDs	2485
nonFullTGDs	300		fullTGDs	2742			newNonFullTGDs	344		newFullTGDs	3822
nonFullTGDs	400		fullTGDs	2742			newNonFullTGDs	312		newFullTGDs	5160
nonFullTGDs	500		fullTGDs	2742			newNonFullTGDs	279		newFullTGDs	6689
nonFullTGDs	600		fullTGDs	2742			newNonFullTGDs	246		newFullTGDs	8026
nonFullTGDs	700		fullTGDs	2742			newNonFullTGDs	213		newFullTGDs	9650
nonFullTGDs	800		fullTGDs	2742			newNonFullTGDs	180		newFullTGDs	11178
nonFullTGDs	900		fullTGDs	2742			newNonFullTGDs	146		newFullTGDs	12800
nonFullTGDs	1000		fullTGDs	2742			newNonFullTGDs	116		newFullTGDs	13756
nonFullTGDs	1100		fullTGDs	2742			newNonFullTGDs	84		newFullTGDs	14806
nonFullTGDs	1200		fullTGDs	2742			newNonFullTGDs	51		newFullTGDs	16335
nonFullTGDs	1300		fullTGDs	2742			newNonFullTGDs	18		newFullTGDs	17765
nonFullTGDs	1353		fullTGDs	2789			newNonFullTGDs	0		newFullTGDs	18578
nonFullTGDs	1353		fullTGDs	2889			newNonFullTGDs	0		newFullTGDs	18478
nonFullTGDs	1353		fullTGDs	2989			newNonFullTGDs	0		newFullTGDs	18598
nonFullTGDs	1353		fullTGDs	3089			newNonFullTGDs	0		newFullTGDs	18498
nonFullTGDs	1353		fullTGDs	3189			newNonFullTGDs	0		newFullTGDs	18618
nonFullTGDs	1353		fullTGDs	3289			newNonFullTGDs	0		newFullTGDs	18518
nonFullTGDs	1353		fullTGDs	3389			newNonFullTGDs	0		newFullTGDs	18638
nonFullTGDs	1353		fullTGDs	3489			newNonFullTGDs	0		newFullTGDs	18538
nonFullTGDs	1353		fullTGDs	3589			newNonFullTGDs	0		newFullTGDs	18438
nonFullTGDs	1353		fullTGDs	3689			newNonFullTGDs	0		newFullTGDs	18558
nonFullTGDs	1353		fullTGDs	3789			newNonFullTGDs	0		newFullTGDs	18458
nonFullTGDs	1353		fullTGDs	3889			newNonFullTGDs	0		newFullTGDs	18578
nonFullTGDs	1353		fullTGDs	3989			newNonFullTGDs	0		newFullTGDs	18478
nonFullTGDs	1353		fullTGDs	4089			newNonFullTGDs	0		newFullTGDs	18598
nonFullTGDs	1353		fullTGDs	4189			newNonFullTGDs	0		newFullTGDs	18498
nonFullTGDs	1353		fullTGDs	4289			newNonFullTGDs	0		newFullTGDs	18618
nonFullTGDs	1353		fullTGDs	4389			newNonFullTGDs	0		newFullTGDs	18518
nonFullTGDs	1353		fullTGDs	4489			newNonFullTGDs	0		newFullTGDs	18638
nonFullTGDs	1353		fullTGDs	4589			newNonFullTGDs	0		newFullTGDs	18538
nonFullTGDs	1353		fullTGDs	4689			newNonFullTGDs	0		newFullTGDs	18438
nonFullTGDs	1353		fullTGDs	4789			newNonFullTGDs	0		newFullTGDs	18558
nonFullTGDs	1353		fullTGDs	4889			newNonFullTGDs	0		newFullTGDs	18458
nonFullTGDs	1353		fullTGDs	4989			newNonFullTGDs	0		newFullTGDs	18578
nonFullTGDs	1353		fullTGDs	5089			newNonFullTGDs	0		newFullTGDs	18478
nonFullTGDs	1353		fullTGDs	5189			newNonFullTGDs	0		newFullTGDs	18598
nonFullTGDs	1353		fullTGDs	5289			newNonFullTGDs	0		newFullTGDs	18498
nonFullTGDs	1353		fullTGDs	5389			newNonFullTGDs	0		newFullTGDs	18410
nonFullTGDs	1353		fullTGDs	5489			newNonFullTGDs	0		newFullTGDs	18360
nonFullTGDs	1353		fullTGDs	5589			newNonFullTGDs	0		newFullTGDs	18310
nonFullTGDs	1353		fullTGDs	5689			newNonFullTGDs	0		newFullTGDs	18260
nonFullTGDs	1353		fullTGDs	5789			newNonFullTGDs	0		newFullTGDs	18210
nonFullTGDs	1353		fullTGDs	5889			newNonFullTGDs	0		newFullTGDs	18160
nonFullTGDs	1353		fullTGDs	5989			newNonFullTGDs	0		newFullTGDs	18110
nonFullTGDs	1353		fullTGDs	6089			newNonFullTGDs	0		newFullTGDs	18060
nonFullTGDs	1353		fullTGDs	6189			newNonFullTGDs	0		newFullTGDs	18010
nonFullTGDs	1353		fullTGDs	6289			newNonFullTGDs	0		newFullTGDs	17960
nonFullTGDs	1353		fullTGDs	6389			newNonFullTGDs	0		newFullTGDs	17910
nonFullTGDs	1353		fullTGDs	6489			newNonFullTGDs	0		newFullTGDs	17860
nonFullTGDs	1353		fullTGDs	6589			newNonFullTGDs	0		newFullTGDs	17826
nonFullTGDs	1353		fullTGDs	6689			newNonFullTGDs	0		newFullTGDs	17806
nonFullTGDs	1353		fullTGDs	6789			newNonFullTGDs	0		newFullTGDs	17786
nonFullTGDs	1353		fullTGDs	6889			newNonFullTGDs	0		newFullTGDs	17750
nonFullTGDs	1353		fullTGDs	6989			newNonFullTGDs	0		newFullTGDs	17700
nonFullTGDs	1353		fullTGDs	7089			newNonFullTGDs	0		newFullTGDs	17667
nonFullTGDs	1353		fullTGDs	7189			newNonFullTGDs	0		newFullTGDs	17633
nonFullTGDs	1353		fullTGDs	7289			newNonFullTGDs	0		newFullTGDs	17589
nonFullTGDs	1353		fullTGDs	7389			newNonFullTGDs	0		newFullTGDs	17539
nonFullTGDs	1353		fullTGDs	7489			newNonFullTGDs	0		newFullTGDs	17490
nonFullTGDs	1353		fullTGDs	7589			newNonFullTGDs	0		newFullTGDs	17610
nonFullTGDs	1353		fullTGDs	7689			newNonFullTGDs	0		newFullTGDs	17510
nonFullTGDs	1353		fullTGDs	7789			newNonFullTGDs	0		newFullTGDs	17453
nonFullTGDs	1353		fullTGDs	7889			newNonFullTGDs	0		newFullTGDs	17403
nonFullTGDs	1353		fullTGDs	7989			newNonFullTGDs	0		newFullTGDs	17353
nonFullTGDs	1353		fullTGDs	8089			newNonFullTGDs	0		newFullTGDs	17490
nonFullTGDs	1353		fullTGDs	8189			newNonFullTGDs	0		newFullTGDs	17390
nonFullTGDs	1353		fullTGDs	8289			newNonFullTGDs	0		newFullTGDs	17315
nonFullTGDs	1353		fullTGDs	8389			newNonFullTGDs	0		newFullTGDs	17265
nonFullTGDs	1353		fullTGDs	8489			newNonFullTGDs	0		newFullTGDs	17416
nonFullTGDs	1353		fullTGDs	8589			newNonFullTGDs	0		newFullTGDs	17316
nonFullTGDs	1353		fullTGDs	8689			newNonFullTGDs	0		newFullTGDs	17228
nonFullTGDs	1353		fullTGDs	8789			newNonFullTGDs	0		newFullTGDs	17178
nonFullTGDs	1353		fullTGDs	8889			newNonFullTGDs	0		newFullTGDs	17307
nonFullTGDs	1353		fullTGDs	8989			newNonFullTGDs	0		newFullTGDs	17207
nonFullTGDs	1353		fullTGDs	9089			newNonFullTGDs	0		newFullTGDs	17140
nonFullTGDs	1353		fullTGDs	9189			newNonFullTGDs	0		newFullTGDs	17090
nonFullTGDs	1353		fullTGDs	9289			newNonFullTGDs	0		newFullTGDs	17210
nonFullTGDs	1353		fullTGDs	9389			newNonFullTGDs	0		newFullTGDs	17110
nonFullTGDs	1353		fullTGDs	9489			newNonFullTGDs	0		newFullTGDs	17053
nonFullTGDs	1353		fullTGDs	9589			newNonFullTGDs	0		newFullTGDs	17003
nonFullTGDs	1353		fullTGDs	9689			newNonFullTGDs	0		newFullTGDs	17127
nonFullTGDs	1353		fullTGDs	9789			newNonFullTGDs	0		newFullTGDs	17027
nonFullTGDs	1353		fullTGDs	9889			newNonFullTGDs	0		newFullTGDs	16965
nonFullTGDs	1353		fullTGDs	9989			newNonFullTGDs	0		newFullTGDs	17130
nonFullTGDs	1353		fullTGDs	10089			newNonFullTGDs	0		newFullTGDs	17030
nonFullTGDs	1353		fullTGDs	10189			newNonFullTGDs	0		newFullTGDs	16930
nonFullTGDs	1353		fullTGDs	10289			newNonFullTGDs	0		newFullTGDs	16876
nonFullTGDs	1353		fullTGDs	10389			newNonFullTGDs	0		newFullTGDs	16826
nonFullTGDs	1353		fullTGDs	10489			newNonFullTGDs	0		newFullTGDs	16779
nonFullTGDs	1353		fullTGDs	10589			newNonFullTGDs	0		newFullTGDs	16916
nonFullTGDs	1353		fullTGDs	10689			newNonFullTGDs	0		newFullTGDs	16816
nonFullTGDs	1353		fullTGDs	10789			newNonFullTGDs	0		newFullTGDs	16754
nonFullTGDs	1353		fullTGDs	10889			newNonFullTGDs	0		newFullTGDs	16704
nonFullTGDs	1353		fullTGDs	10989			newNonFullTGDs	0		newFullTGDs	16871
nonFullTGDs	1353		fullTGDs	11089			newNonFullTGDs	0		newFullTGDs	16771
nonFullTGDs	1353		fullTGDs	11189			newNonFullTGDs	0		newFullTGDs	16671
nonFullTGDs	1353		fullTGDs	11289			newNonFullTGDs	0		newFullTGDs	16627
nonFullTGDs	1353		fullTGDs	11389			newNonFullTGDs	0		newFullTGDs	16582
nonFullTGDs	1353		fullTGDs	11489			newNonFullTGDs	0		newFullTGDs	16714
nonFullTGDs	1353		fullTGDs	11589			newNonFullTGDs	0		newFullTGDs	16614
nonFullTGDs	1353		fullTGDs	11689			newNonFullTGDs	0		newFullTGDs	16554
nonFullTGDs	1353		fullTGDs	11789			newNonFullTGDs	0		newFullTGDs	16507
nonFullTGDs	1353		fullTGDs	11889			newNonFullTGDs	0		newFullTGDs	16631
nonFullTGDs	1353		fullTGDs	11989			newNonFullTGDs	0		newFullTGDs	16531
nonFullTGDs	1353		fullTGDs	12089			newNonFullTGDs	0		newFullTGDs	16468
nonFullTGDs	1353		fullTGDs	12189			newNonFullTGDs	0		newFullTGDs	16647
nonFullTGDs	1353		fullTGDs	12289			newNonFullTGDs	0		newFullTGDs	16547
nonFullTGDs	1353		fullTGDs	12389			newNonFullTGDs	0		newFullTGDs	16447
nonFullTGDs	1353		fullTGDs	12489			newNonFullTGDs	0		newFullTGDs	16404
nonFullTGDs	1353		fullTGDs	12589			newNonFullTGDs	0		newFullTGDs	16574
nonFullTGDs	1353		fullTGDs	12689			newNonFullTGDs	0		newFullTGDs	16474
nonFullTGDs	1353		fullTGDs	12789			newNonFullTGDs	0		newFullTGDs	16374
nonFullTGDs	1353		fullTGDs	12889			newNonFullTGDs	0		newFullTGDs	16329
nonFullTGDs	1353		fullTGDs	12989			newNonFullTGDs	0		newFullTGDs	16472
nonFullTGDs	1353		fullTGDs	13089			newNonFullTGDs	0		newFullTGDs	16372
nonFullTGDs	1353		fullTGDs	13189			newNonFullTGDs	0		newFullTGDs	16304
nonFullTGDs	1353		fullTGDs	13289			newNonFullTGDs	0		newFullTGDs	16456
nonFullTGDs	1353		fullTGDs	13389			newNonFullTGDs	0		newFullTGDs	16356
nonFullTGDs	1353		fullTGDs	13489			newNonFullTGDs	0		newFullTGDs	16263
nonFullTGDs	1353		fullTGDs	13589			newNonFullTGDs	0		newFullTGDs	16226
nonFullTGDs	1353		fullTGDs	13689			newNonFullTGDs	0		newFullTGDs	16363
nonFullTGDs	1353		fullTGDs	13789			newNonFullTGDs	0		newFullTGDs	16263
nonFullTGDs	1353		fullTGDs	13889			newNonFullTGDs	0		newFullTGDs	16188
nonFullTGDs	1353		fullTGDs	13989			newNonFullTGDs	0		newFullTGDs	16156
nonFullTGDs	1353		fullTGDs	14089			newNonFullTGDs	0		newFullTGDs	16314
nonFullTGDs	1353		fullTGDs	14189			newNonFullTGDs	0		newFullTGDs	16214
nonFullTGDs	1353		fullTGDs	14289			newNonFullTGDs	0		newFullTGDs	16114
nonFullTGDs	1353		fullTGDs	14389			newNonFullTGDs	0		newFullTGDs	16077
nonFullTGDs	1353		fullTGDs	14489			newNonFullTGDs	0		newFullTGDs	16040
nonFullTGDs	1353		fullTGDs	14589			newNonFullTGDs	0		newFullTGDs	16189
nonFullTGDs	1353		fullTGDs	14689			newNonFullTGDs	0		newFullTGDs	16089
nonFullTGDs	1353		fullTGDs	14789			newNonFullTGDs	0		newFullTGDs	16001
nonFullTGDs	1353		fullTGDs	14889			newNonFullTGDs	0		newFullTGDs	16177
nonFullTGDs	1353		fullTGDs	14989			newNonFullTGDs	0		newFullTGDs	16077
nonFullTGDs	1353		fullTGDs	15089			newNonFullTGDs	0		newFullTGDs	15977
nonFullTGDs	1353		fullTGDs	15189			newNonFullTGDs	0		newFullTGDs	15937
nonFullTGDs	1353		fullTGDs	15289			newNonFullTGDs	0		newFullTGDs	16090
nonFullTGDs	1353		fullTGDs	15389			newNonFullTGDs	0		newFullTGDs	15990
nonFullTGDs	1353		fullTGDs	15489			newNonFullTGDs	0		newFullTGDs	15899
nonFullTGDs	1353		fullTGDs	15589			newNonFullTGDs	0		newFullTGDs	15851
nonFullTGDs	1353		fullTGDs	15689			newNonFullTGDs	0		newFullTGDs	16015
nonFullTGDs	1353		fullTGDs	15789			newNonFullTGDs	0		newFullTGDs	15915
nonFullTGDs	1353		fullTGDs	15889			newNonFullTGDs	0		newFullTGDs	15815
nonFullTGDs	1353		fullTGDs	15989			newNonFullTGDs	0		newFullTGDs	15778
nonFullTGDs	1353		fullTGDs	16089			newNonFullTGDs	0		newFullTGDs	15935
nonFullTGDs	1353		fullTGDs	16189			newNonFullTGDs	0		newFullTGDs	15835
nonFullTGDs	1353		fullTGDs	16289			newNonFullTGDs	0		newFullTGDs	15736
nonFullTGDs	1353		fullTGDs	16389			newNonFullTGDs	0		newFullTGDs	15691
nonFullTGDs	1353		fullTGDs	16489			newNonFullTGDs	0		newFullTGDs	15652
nonFullTGDs	1353		fullTGDs	16589			newNonFullTGDs	0		newFullTGDs	15772
nonFullTGDs	1353		fullTGDs	16689			newNonFullTGDs	0		newFullTGDs	15672
nonFullTGDs	1353		fullTGDs	16789			newNonFullTGDs	0		newFullTGDs	15614
nonFullTGDs	1353		fullTGDs	16889			newNonFullTGDs	0		newFullTGDs	15780
nonFullTGDs	1353		fullTGDs	16989			newNonFullTGDs	0		newFullTGDs	15680
nonFullTGDs	1353		fullTGDs	17089			newNonFullTGDs	0		newFullTGDs	15580
nonFullTGDs	1353		fullTGDs	17189			newNonFullTGDs	0		newFullTGDs	15547
nonFullTGDs	1353		fullTGDs	17289			newNonFullTGDs	0		newFullTGDs	15489
nonFullTGDs	1353		fullTGDs	17389			newNonFullTGDs	0		newFullTGDs	15640
nonFullTGDs	1353		fullTGDs	17489			newNonFullTGDs	0		newFullTGDs	15540
nonFullTGDs	1353		fullTGDs	17589			newNonFullTGDs	0		newFullTGDs	15451
nonFullTGDs	1353		fullTGDs	17689			newNonFullTGDs	0		newFullTGDs	15620
nonFullTGDs	1353		fullTGDs	17789			newNonFullTGDs	0		newFullTGDs	15520
nonFullTGDs	1353		fullTGDs	17889			newNonFullTGDs	0		newFullTGDs	15423
nonFullTGDs	1353		fullTGDs	17989			newNonFullTGDs	0		newFullTGDs	15392
nonFullTGDs	1353		fullTGDs	18089			newNonFullTGDs	0		newFullTGDs	15338
nonFullTGDs	1353		fullTGDs	18189			newNonFullTGDs	0		newFullTGDs	15510
nonFullTGDs	1353		fullTGDs	18289			newNonFullTGDs	0		newFullTGDs	15410
nonFullTGDs	1353		fullTGDs	18389			newNonFullTGDs	0		newFullTGDs	15310
nonFullTGDs	1353		fullTGDs	18489			newNonFullTGDs	0		newFullTGDs	15264
nonFullTGDs	1353		fullTGDs	18589			newNonFullTGDs	0		newFullTGDs	15405
nonFullTGDs	1353		fullTGDs	18689			newNonFullTGDs	0		newFullTGDs	15305
nonFullTGDs	1353		fullTGDs	18789			newNonFullTGDs	0		newFullTGDs	15226
nonFullTGDs	1353		fullTGDs	18889			newNonFullTGDs	0		newFullTGDs	15392
nonFullTGDs	1353		fullTGDs	18989			newNonFullTGDs	0		newFullTGDs	15292
nonFullTGDs	1353		fullTGDs	19089			newNonFullTGDs	0		newFullTGDs	15196
nonFullTGDs	1353		fullTGDs	19189			newNonFullTGDs	0		newFullTGDs	15160
nonFullTGDs	1353		fullTGDs	19289			newNonFullTGDs	0		newFullTGDs	15290
nonFullTGDs	1353		fullTGDs	19389			newNonFullTGDs	0		newFullTGDs	15190
nonFullTGDs	1353		fullTGDs	19489			newNonFullTGDs	0		newFullTGDs	15132
nonFullTGDs	1353		fullTGDs	19589			newNonFullTGDs	0		newFullTGDs	15265
nonFullTGDs	1353		fullTGDs	19689			newNonFullTGDs	0		newFullTGDs	15165
nonFullTGDs	1353		fullTGDs	19789			newNonFullTGDs	0		newFullTGDs	15092
nonFullTGDs	1353		fullTGDs	19889			newNonFullTGDs	0		newFullTGDs	15216
nonFullTGDs	1353		fullTGDs	19989			newNonFullTGDs	0		newFullTGDs	15116
nonFullTGDs	1353		fullTGDs	20089			newNonFullTGDs	0		newFullTGDs	15063
nonFullTGDs	1353		fullTGDs	20189			newNonFullTGDs	0		newFullTGDs	15182
nonFullTGDs	1353		fullTGDs	20289			newNonFullTGDs	0		newFullTGDs	15082
nonFullTGDs	1353		fullTGDs	20389			newNonFullTGDs	0		newFullTGDs	15025
nonFullTGDs	1353		fullTGDs	20489			newNonFullTGDs	0		newFullTGDs	15193
nonFullTGDs	1353		fullTGDs	20589			newNonFullTGDs	0		newFullTGDs	15093
nonFullTGDs	1353		fullTGDs	20689			newNonFullTGDs	0		newFullTGDs	14993
nonFullTGDs	1353		fullTGDs	20789			newNonFullTGDs	0		newFullTGDs	14938
nonFullTGDs	1353		fullTGDs	20889			newNonFullTGDs	0		newFullTGDs	15109
nonFullTGDs	1353		fullTGDs	20989			newNonFullTGDs	0		newFullTGDs	15009
nonFullTGDs	1353		fullTGDs	21089			newNonFullTGDs	0		newFullTGDs	14909
nonFullTGDs	1353		fullTGDs	21189			newNonFullTGDs	0		newFullTGDs	14862
nonFullTGDs	1353		fullTGDs	21289			newNonFullTGDs	0		newFullTGDs	14991
nonFullTGDs	1353		fullTGDs	21389			newNonFullTGDs	0		newFullTGDs	14891
nonFullTGDs	1353		fullTGDs	21489			newNonFullTGDs	0		newFullTGDs	14825
nonFullTGDs	1353		fullTGDs	21589			newNonFullTGDs	0		newFullTGDs	14788
nonFullTGDs	1353		fullTGDs	21689			newNonFullTGDs	0		newFullTGDs	14925
nonFullTGDs	1353		fullTGDs	21789			newNonFullTGDs	0		newFullTGDs	14825
nonFullTGDs	1353		fullTGDs	21889			newNonFullTGDs	0		newFullTGDs	14763
nonFullTGDs	1353		fullTGDs	21989			newNonFullTGDs	0		newFullTGDs	14891
nonFullTGDs	1353		fullTGDs	22089			newNonFullTGDs	0		newFullTGDs	14791
nonFullTGDs	1353		fullTGDs	22189			newNonFullTGDs	0		newFullTGDs	14730
nonFullTGDs	1353		fullTGDs	22289			newNonFullTGDs	0		newFullTGDs	14893
nonFullTGDs	1353		fullTGDs	22389			newNonFullTGDs	0		newFullTGDs	14793
nonFullTGDs	1353		fullTGDs	22489			newNonFullTGDs	0		newFullTGDs	14693
nonFullTGDs	1353		fullTGDs	22589			newNonFullTGDs	0		newFullTGDs	14655
nonFullTGDs	1353		fullTGDs	22689			newNonFullTGDs	0		newFullTGDs	14819
nonFullTGDs	1353		fullTGDs	22789			newNonFullTGDs	0		newFullTGDs	14719
nonFullTGDs	1353		fullTGDs	22889			newNonFullTGDs	0		newFullTGDs	14619
nonFullTGDs	1353		fullTGDs	22989			newNonFullTGDs	0		newFullTGDs	14580
nonFullTGDs	1353		fullTGDs	23089			newNonFullTGDs	0		newFullTGDs	14711
nonFullTGDs	1353		fullTGDs	23189			newNonFullTGDs	0		newFullTGDs	14611
nonFullTGDs	1353		fullTGDs	23289			newNonFullTGDs	0		newFullTGDs	14541
nonFullTGDs	1353		fullTGDs	23389			newNonFullTGDs	0		newFullTGDs	14494
nonFullTGDs	1353		fullTGDs	23489			newNonFullTGDs	0		newFullTGDs	14613
nonFullTGDs	1353		fullTGDs	23589			newNonFullTGDs	0		newFullTGDs	14513
nonFullTGDs	1353		fullTGDs	23689			newNonFullTGDs	0		newFullTGDs	14466
nonFullTGDs	1353		fullTGDs	23789			newNonFullTGDs	0		newFullTGDs	14420
nonFullTGDs	1353		fullTGDs	23889			newNonFullTGDs	0		newFullTGDs	14552
nonFullTGDs	1353		fullTGDs	23989			newNonFullTGDs	0		newFullTGDs	14452
nonFullTGDs	1353		fullTGDs	24089			newNonFullTGDs	0		newFullTGDs	14392
nonFullTGDs	1353		fullTGDs	24189			newNonFullTGDs	0		newFullTGDs	14539
nonFullTGDs	1353		fullTGDs	24289			newNonFullTGDs	0		newFullTGDs	14439
nonFullTGDs	1353		fullTGDs	24389			newNonFullTGDs	0		newFullTGDs	14352
nonFullTGDs	1353		fullTGDs	24489			newNonFullTGDs	0		newFullTGDs	14489
nonFullTGDs	1353		fullTGDs	24589			newNonFullTGDs	0		newFullTGDs	14389
nonFullTGDs	1353		fullTGDs	24689			newNonFullTGDs	0		newFullTGDs	14333
nonFullTGDs	1353		fullTGDs	24789			newNonFullTGDs	0		newFullTGDs	14277
nonFullTGDs	1353		fullTGDs	24889			newNonFullTGDs	0		newFullTGDs	14420
nonFullTGDs	1353		fullTGDs	24989			newNonFullTGDs	0		newFullTGDs	14320
nonFullTGDs	1353		fullTGDs	25089			newNonFullTGDs	0		newFullTGDs	14238
nonFullTGDs	1353		fullTGDs	25189			newNonFullTGDs	0		newFullTGDs	14202
nonFullTGDs	1353		fullTGDs	25289			newNonFullTGDs	0		newFullTGDs	14331
nonFullTGDs	1353		fullTGDs	25389			newNonFullTGDs	0		newFullTGDs	14231
nonFullTGDs	1353		fullTGDs	25489			newNonFullTGDs	0		newFullTGDs	14184
nonFullTGDs	1353		fullTGDs	25589			newNonFullTGDs	0		newFullTGDs	14127
nonFullTGDs	1353		fullTGDs	25689			newNonFullTGDs	0		newFullTGDs	14292
nonFullTGDs	1353		fullTGDs	25789			newNonFullTGDs	0		newFullTGDs	14192
nonFullTGDs	1353		fullTGDs	25889			newNonFullTGDs	0		newFullTGDs	14092
nonFullTGDs	1353		fullTGDs	25989			newNonFullTGDs	0		newFullTGDs	14051
nonFullTGDs	1353		fullTGDs	26089			newNonFullTGDs	0		newFullTGDs	14004
nonFullTGDs	1353		fullTGDs	26189			newNonFullTGDs	0		newFullTGDs	14129
nonFullTGDs	1353		fullTGDs	26289			newNonFullTGDs	0		newFullTGDs	14029
nonFullTGDs	1353		fullTGDs	26389			newNonFullTGDs	0		newFullTGDs	13976
nonFullTGDs	1353		fullTGDs	26489			newNonFullTGDs	0		newFullTGDs	14147
nonFullTGDs	1353		fullTGDs	26589			newNonFullTGDs	0		newFullTGDs	14047
nonFullTGDs	1353		fullTGDs	26689			newNonFullTGDs	0		newFullTGDs	13947
nonFullTGDs	1353		fullTGDs	26789			newNonFullTGDs	0		newFullTGDs	13901
nonFullTGDs	1353		fullTGDs	26889			newNonFullTGDs	0		newFullTGDs	14054
nonFullTGDs	1353		fullTGDs	26989			newNonFullTGDs	0		newFullTGDs	13954
nonFullTGDs	1353		fullTGDs	27089			newNonFullTGDs	0		newFullTGDs	13862
nonFullTGDs	1353		fullTGDs	27189			newNonFullTGDs	0		newFullTGDs	14032
nonFullTGDs	1353		fullTGDs	27289			newNonFullTGDs	0		newFullTGDs	13932
nonFullTGDs	1353		fullTGDs	27389			newNonFullTGDs	0		newFullTGDs	13832
nonFullTGDs	1353		fullTGDs	27489			newNonFullTGDs	0		newFullTGDs	13778
nonFullTGDs	1353		fullTGDs	27589			newNonFullTGDs	0		newFullTGDs	13740
nonFullTGDs	1353		fullTGDs	27689			newNonFullTGDs	0		newFullTGDs	13879
nonFullTGDs	1353		fullTGDs	27789			newNonFullTGDs	0		newFullTGDs	13779
nonFullTGDs	1353		fullTGDs	27889			newNonFullTGDs	0		newFullTGDs	13702
nonFullTGDs	1353		fullTGDs	27989			newNonFullTGDs	0		newFullTGDs	13865
nonFullTGDs	1353		fullTGDs	28089			newNonFullTGDs	0		newFullTGDs	13765
nonFullTGDs	1353		fullTGDs	28189			newNonFullTGDs	0		newFullTGDs	13665
nonFullTGDs	1353		fullTGDs	28289			newNonFullTGDs	0		newFullTGDs	13624
nonFullTGDs	1353		fullTGDs	28389			newNonFullTGDs	0		newFullTGDs	13758
nonFullTGDs	1353		fullTGDs	28489			newNonFullTGDs	0		newFullTGDs	13658
nonFullTGDs	1353		fullTGDs	28589			newNonFullTGDs	0		newFullTGDs	13587
nonFullTGDs	1353		fullTGDs	28689			newNonFullTGDs	0		newFullTGDs	13537
nonFullTGDs	1353		fullTGDs	28789			newNonFullTGDs	0		newFullTGDs	13490
nonFullTGDs	1353		fullTGDs	28889			newNonFullTGDs	0		newFullTGDs	13613
nonFullTGDs	1353		fullTGDs	28989			newNonFullTGDs	0		newFullTGDs	13513
nonFullTGDs	1353		fullTGDs	29089			newNonFullTGDs	0		newFullTGDs	13462
nonFullTGDs	1353		fullTGDs	29189			newNonFullTGDs	0		newFullTGDs	13592
nonFullTGDs	1353		fullTGDs	29289			newNonFullTGDs	0		newFullTGDs	13492
nonFullTGDs	1353		fullTGDs	29389			newNonFullTGDs	0		newFullTGDs	13425
nonFullTGDs	1353		fullTGDs	29489			newNonFullTGDs	0		newFullTGDs	13375
nonFullTGDs	1353		fullTGDs	29589			newNonFullTGDs	0		newFullTGDs	13495
nonFullTGDs	1353		fullTGDs	29689			newNonFullTGDs	0		newFullTGDs	13395
nonFullTGDs	1353		fullTGDs	29789			newNonFullTGDs	0		newFullTGDs	13347
nonFullTGDs	1353		fullTGDs	29889			newNonFullTGDs	0		newFullTGDs	13497
nonFullTGDs	1353		fullTGDs	29989			newNonFullTGDs	0		newFullTGDs	13397
nonFullTGDs	1353		fullTGDs	30089			newNonFullTGDs	0		newFullTGDs	13310
nonFullTGDs	1353		fullTGDs	30189			newNonFullTGDs	0		newFullTGDs	13272
nonFullTGDs	1353		fullTGDs	30289			newNonFullTGDs	0		newFullTGDs	13405
nonFullTGDs	1353		fullTGDs	30389			newNonFullTGDs	0		newFullTGDs	13305
nonFullTGDs	1353		fullTGDs	30489			newNonFullTGDs	0		newFullTGDs	13235
nonFullTGDs	1353		fullTGDs	30589			newNonFullTGDs	0		newFullTGDs	13197
nonFullTGDs	1353		fullTGDs	30689			newNonFullTGDs	0		newFullTGDs	13368
nonFullTGDs	1353		fullTGDs	30789			newNonFullTGDs	0		newFullTGDs	13268
nonFullTGDs	1353		fullTGDs	30889			newNonFullTGDs	0		newFullTGDs	13168
nonFullTGDs	1353		fullTGDs	30989			newNonFullTGDs	0		newFullTGDs	13123
nonFullTGDs	1353		fullTGDs	31089			newNonFullTGDs	0		newFullTGDs	13258
nonFullTGDs	1353		fullTGDs	31189			newNonFullTGDs	0		newFullTGDs	13158
nonFullTGDs	1353		fullTGDs	31289			newNonFullTGDs	0		newFullTGDs	13084
nonFullTGDs	1353		fullTGDs	31389			newNonFullTGDs	0		newFullTGDs	13256
nonFullTGDs	1353		fullTGDs	31489			newNonFullTGDs	0		newFullTGDs	13156
nonFullTGDs	1353		fullTGDs	31589			newNonFullTGDs	0		newFullTGDs	13056
nonFullTGDs	1353		fullTGDs	31689			newNonFullTGDs	0		newFullTGDs	13009
nonFullTGDs	1353		fullTGDs	31789			newNonFullTGDs	0		newFullTGDs	12971
nonFullTGDs	1353		fullTGDs	31889			newNonFullTGDs	0		newFullTGDs	13099
nonFullTGDs	1353		fullTGDs	31989			newNonFullTGDs	0		newFullTGDs	12999
nonFullTGDs	1353		fullTGDs	32089			newNonFullTGDs	0		newFullTGDs	12934
nonFullTGDs	1353		fullTGDs	32189			newNonFullTGDs	0		newFullTGDs	12896
nonFullTGDs	1353		fullTGDs	32289			newNonFullTGDs	0		newFullTGDs	13029
nonFullTGDs	1353		fullTGDs	32389			newNonFullTGDs	0		newFullTGDs	12929
nonFullTGDs	1353		fullTGDs	32489			newNonFullTGDs	0		newFullTGDs	12867
nonFullTGDs	1353		fullTGDs	32589			newNonFullTGDs	0		newFullTGDs	12832
nonFullTGDs	1353		fullTGDs	32689			newNonFullTGDs	0		newFullTGDs	12984
nonFullTGDs	1353		fullTGDs	32789			newNonFullTGDs	0		newFullTGDs	12884
nonFullTGDs	1353		fullTGDs	32889			newNonFullTGDs	0		newFullTGDs	12792
nonFullTGDs	1353		fullTGDs	32989			newNonFullTGDs	0		newFullTGDs	12956
nonFullTGDs	1353		fullTGDs	33089			newNonFullTGDs	0		newFullTGDs	12856
nonFullTGDs	1353		fullTGDs	33189			newNonFullTGDs	0		newFullTGDs	12765
nonFullTGDs	1353		fullTGDs	33289			newNonFullTGDs	0		newFullTGDs	12729
nonFullTGDs	1353		fullTGDs	33389			newNonFullTGDs	0		newFullTGDs	12683
nonFullTGDs	1353		fullTGDs	33489			newNonFullTGDs	0		newFullTGDs	12818
nonFullTGDs	1353		fullTGDs	33589			newNonFullTGDs	0		newFullTGDs	12718
nonFullTGDs	1353		fullTGDs	33689			newNonFullTGDs	0		newFullTGDs	12654
nonFullTGDs	1353		fullTGDs	33789			newNonFullTGDs	0		newFullTGDs	12817
nonFullTGDs	1353		fullTGDs	33889			newNonFullTGDs	0		newFullTGDs	12717
nonFullTGDs	1353		fullTGDs	33989			newNonFullTGDs	0		newFullTGDs	12617
nonFullTGDs	1353		fullTGDs	34089			newNonFullTGDs	0		newFullTGDs	12579
nonFullTGDs	1353		fullTGDs	34189			newNonFullTGDs	0		newFullTGDs	12745
nonFullTGDs	1353		fullTGDs	34289			newNonFullTGDs	0		newFullTGDs	12645
nonFullTGDs	1353		fullTGDs	34389			newNonFullTGDs	0		newFullTGDs	12545
nonFullTGDs	1353		fullTGDs	34489			newNonFullTGDs	0		newFullTGDs	12504
nonFullTGDs	1353		fullTGDs	34589			newNonFullTGDs	0		newFullTGDs	12650
nonFullTGDs	1353		fullTGDs	34689			newNonFullTGDs	0		newFullTGDs	12550
nonFullTGDs	1353		fullTGDs	34789			newNonFullTGDs	0		newFullTGDs	12466
nonFullTGDs	1353		fullTGDs	34889			newNonFullTGDs	0		newFullTGDs	12430
nonFullTGDs	1353		fullTGDs	34989			newNonFullTGDs	0		newFullTGDs	12382
nonFullTGDs	1353		fullTGDs	35089			newNonFullTGDs	0		newFullTGDs	12519
nonFullTGDs	1353		fullTGDs	35189			newNonFullTGDs	0		newFullTGDs	12419
nonFullTGDs	1353		fullTGDs	35289			newNonFullTGDs	0		newFullTGDs	12365
nonFullTGDs	1353		fullTGDs	35389			newNonFullTGDs	0		newFullTGDs	12307
nonFullTGDs	1353		fullTGDs	35489			newNonFullTGDs	0		newFullTGDs	12438
nonFullTGDs	1353		fullTGDs	35589			newNonFullTGDs	0		newFullTGDs	12338
nonFullTGDs	1353		fullTGDs	35689			newNonFullTGDs	0		newFullTGDs	12268
nonFullTGDs	1353		fullTGDs	35789			newNonFullTGDs	0		newFullTGDs	12218
nonFullTGDs	1353		fullTGDs	35889			newNonFullTGDs	0		newFullTGDs	12348
nonFullTGDs	1353		fullTGDs	35989			newNonFullTGDs	0		newFullTGDs	12248
nonFullTGDs	1353		fullTGDs	36089			newNonFullTGDs	0		newFullTGDs	12190
nonFullTGDs	1353		fullTGDs	36189			newNonFullTGDs	0		newFullTGDs	12321
nonFullTGDs	1353		fullTGDs	36289			newNonFullTGDs	0		newFullTGDs	12221
nonFullTGDs	1353		fullTGDs	36389			newNonFullTGDs	0		newFullTGDs	12153
nonFullTGDs	1353		fullTGDs	36489			newNonFullTGDs	0		newFullTGDs	12103
nonFullTGDs	1353		fullTGDs	36589			newNonFullTGDs	0		newFullTGDs	12251
nonFullTGDs	1353		fullTGDs	36689			newNonFullTGDs	0		newFullTGDs	12151
nonFullTGDs	1353		fullTGDs	36789			newNonFullTGDs	0		newFullTGDs	12065
nonFullTGDs	1353		fullTGDs	36889			newNonFullTGDs	0		newFullTGDs	12030
nonFullTGDs	1353		fullTGDs	36989			newNonFullTGDs	0		newFullTGDs	12182
nonFullTGDs	1353		fullTGDs	37089			newNonFullTGDs	0		newFullTGDs	12082
nonFullTGDs	1353		fullTGDs	37189			newNonFullTGDs	0		newFullTGDs	11989
nonFullTGDs	1353		fullTGDs	37289			newNonFullTGDs	0		newFullTGDs	11956
nonFullTGDs	1353		fullTGDs	37389			newNonFullTGDs	0		newFullTGDs	11905
nonFullTGDs	1353		fullTGDs	37489			newNonFullTGDs	0		newFullTGDs	12039
nonFullTGDs	1353		fullTGDs	37589			newNonFullTGDs	0		newFullTGDs	11939
nonFullTGDs	1353		fullTGDs	37689			newNonFullTGDs	0		newFullTGDs	11878
nonFullTGDs	1353		fullTGDs	37789			newNonFullTGDs	0		newFullTGDs	11831
nonFullTGDs	1353		fullTGDs	37889			newNonFullTGDs	0		newFullTGDs	11954
nonFullTGDs	1353		fullTGDs	37989			newNonFullTGDs	0		newFullTGDs	11854
nonFullTGDs	1353		fullTGDs	38089			newNonFullTGDs	0		newFullTGDs	11803
nonFullTGDs	1353		fullTGDs	38189			newNonFullTGDs	0		newFullTGDs	11756
nonFullTGDs	1353		fullTGDs	38289			newNonFullTGDs	0		newFullTGDs	11884
nonFullTGDs	1353		fullTGDs	38389			newNonFullTGDs	0		newFullTGDs	11784
nonFullTGDs	1353		fullTGDs	38489			newNonFullTGDs	0		newFullTGDs	11728
nonFullTGDs	1353		fullTGDs	38589			newNonFullTGDs	0		newFullTGDs	11864
nonFullTGDs	1353		fullTGDs	38689			newNonFullTGDs	0		newFullTGDs	11764
nonFullTGDs	1353		fullTGDs	38789			newNonFullTGDs	0		newFullTGDs	11689
nonFullTGDs	1353		fullTGDs	38889			newNonFullTGDs	0		newFullTGDs	11864
nonFullTGDs	1353		fullTGDs	38989			newNonFullTGDs	0		newFullTGDs	11764
nonFullTGDs	1353		fullTGDs	39089			newNonFullTGDs	0		newFullTGDs	11664
nonFullTGDs	1353		fullTGDs	39189			newNonFullTGDs	0		newFullTGDs	11625
nonFullTGDs	1353		fullTGDs	39289			newNonFullTGDs	0		newFullTGDs	11807
nonFullTGDs	1353		fullTGDs	39389			newNonFullTGDs	0		newFullTGDs	11707
nonFullTGDs	1353		fullTGDs	39489			newNonFullTGDs	0		newFullTGDs	11607
nonFullTGDs	1353		fullTGDs	39589			newNonFullTGDs	0		newFullTGDs	11549
nonFullTGDs	1353		fullTGDs	39689			newNonFullTGDs	0		newFullTGDs	11503
nonFullTGDs	1353		fullTGDs	39789			newNonFullTGDs	0		newFullTGDs	11637
nonFullTGDs	1353		fullTGDs	39889			newNonFullTGDs	0		newFullTGDs	11537
nonFullTGDs	1353		fullTGDs	39989			newNonFullTGDs	0		newFullTGDs	11474
nonFullTGDs	1353		fullTGDs	40089			newNonFullTGDs	0		newFullTGDs	11617
nonFullTGDs	1353		fullTGDs	40189			newNonFullTGDs	0		newFullTGDs	11517
nonFullTGDs	1353		fullTGDs	40289			newNonFullTGDs	0		newFullTGDs	11436
nonFullTGDs	1353		fullTGDs	40389			newNonFullTGDs	0		newFullTGDs	11400
nonFullTGDs	1353		fullTGDs	40489			newNonFullTGDs	0		newFullTGDs	11352
nonFullTGDs	1353		fullTGDs	40589			newNonFullTGDs	0		newFullTGDs	11505
nonFullTGDs	1353		fullTGDs	40689			newNonFullTGDs	0		newFullTGDs	11405
nonFullTGDs	1353		fullTGDs	40789			newNonFullTGDs	0		newFullTGDs	11313
nonFullTGDs	1353		fullTGDs	40889			newNonFullTGDs	0		newFullTGDs	11275
nonFullTGDs	1353		fullTGDs	40989			newNonFullTGDs	0		newFullTGDs	11229
nonFullTGDs	1353		fullTGDs	41089			newNonFullTGDs	0		newFullTGDs	11191
nonFullTGDs	1353		fullTGDs	41189			newNonFullTGDs	0		newFullTGDs	11320
nonFullTGDs	1353		fullTGDs	41289			newNonFullTGDs	0		newFullTGDs	11220
nonFullTGDs	1353		fullTGDs	41389			newNonFullTGDs	0		newFullTGDs	11155
nonFullTGDs	1353		fullTGDs	41489			newNonFullTGDs	0		newFullTGDs	11117
nonFullTGDs	1353		fullTGDs	41589			newNonFullTGDs	0		newFullTGDs	11267
nonFullTGDs	1353		fullTGDs	41689			newNonFullTGDs	0		newFullTGDs	11167
nonFullTGDs	1353		fullTGDs	41789			newNonFullTGDs	0		newFullTGDs	11099
nonFullTGDs	1353		fullTGDs	41889			newNonFullTGDs	0		newFullTGDs	11240
nonFullTGDs	1353		fullTGDs	41989			newNonFullTGDs	0		newFullTGDs	11140
nonFullTGDs	1353		fullTGDs	42089			newNonFullTGDs	0		newFullTGDs	11049
nonFullTGDs	1353		fullTGDs	42189			newNonFullTGDs	0		newFullTGDs	11221
nonFullTGDs	1353		fullTGDs	42289			newNonFullTGDs	0		newFullTGDs	11121
nonFullTGDs	1353		fullTGDs	42389			newNonFullTGDs	0		newFullTGDs	11021
nonFullTGDs	1353		fullTGDs	42489			newNonFullTGDs	0		newFullTGDs	10976
nonFullTGDs	1353		fullTGDs	42589			newNonFullTGDs	0		newFullTGDs	11146
nonFullTGDs	1353		fullTGDs	42689			newNonFullTGDs	0		newFullTGDs	11046
nonFullTGDs	1353		fullTGDs	42789			newNonFullTGDs	0		newFullTGDs	10946
nonFullTGDs	1353		fullTGDs	42889			newNonFullTGDs	0		newFullTGDs	10893
nonFullTGDs	1353		fullTGDs	42989			newNonFullTGDs	0		newFullTGDs	11039
nonFullTGDs	1353		fullTGDs	43089			newNonFullTGDs	0		newFullTGDs	10939
nonFullTGDs	1353		fullTGDs	43189			newNonFullTGDs	0		newFullTGDs	10854
nonFullTGDs	1353		fullTGDs	43289			newNonFullTGDs	0		newFullTGDs	10817
nonFullTGDs	1353		fullTGDs	43389			newNonFullTGDs	0		newFullTGDs	10938
nonFullTGDs	1353		fullTGDs	43489			newNonFullTGDs	0		newFullTGDs	10838
nonFullTGDs	1353		fullTGDs	43589			newNonFullTGDs	0		newFullTGDs	10788
nonFullTGDs	1353		fullTGDs	43689			newNonFullTGDs	0		newFullTGDs	10936
nonFullTGDs	1353		fullTGDs	43789			newNonFullTGDs	0		newFullTGDs	10836
nonFullTGDs	1353		fullTGDs	43889			newNonFullTGDs	0		newFullTGDs	10751
nonFullTGDs	1353		fullTGDs	43989			newNonFullTGDs	0		newFullTGDs	10713
nonFullTGDs	1353		fullTGDs	44089			newNonFullTGDs	0		newFullTGDs	10877
nonFullTGDs	1353		fullTGDs	44189			newNonFullTGDs	0		newFullTGDs	10777
nonFullTGDs	1353		fullTGDs	44289			newNonFullTGDs	0		newFullTGDs	10677
nonFullTGDs	1353		fullTGDs	44389			newNonFullTGDs	0		newFullTGDs	10639
nonFullTGDs	1353		fullTGDs	44489			newNonFullTGDs	0		newFullTGDs	10791
nonFullTGDs	1353		fullTGDs	44589			newNonFullTGDs	0		newFullTGDs	10691
nonFullTGDs	1353		fullTGDs	44689			newNonFullTGDs	0		newFullTGDs	10601
nonFullTGDs	1353		fullTGDs	44789			newNonFullTGDs	0		newFullTGDs	10564
nonFullTGDs	1353		fullTGDs	44889			newNonFullTGDs	0		newFullTGDs	10717
nonFullTGDs	1353		fullTGDs	44989			newNonFullTGDs	0		newFullTGDs	10617
nonFullTGDs	1353		fullTGDs	45089			newNonFullTGDs	0		newFullTGDs	10525
nonFullTGDs	1353		fullTGDs	45189			newNonFullTGDs	0		newFullTGDs	10692
nonFullTGDs	1353		fullTGDs	45289			newNonFullTGDs	0		newFullTGDs	10592
nonFullTGDs	1353		fullTGDs	45389			newNonFullTGDs	0		newFullTGDs	10496
nonFullTGDs	1353		fullTGDs	45489			newNonFullTGDs	0		newFullTGDs	10460
nonFullTGDs	1353		fullTGDs	45589			newNonFullTGDs	0		newFullTGDs	10609
nonFullTGDs	1353		fullTGDs	45689			newNonFullTGDs	0		newFullTGDs	10509
nonFullTGDs	1353		fullTGDs	45789			newNonFullTGDs	0		newFullTGDs	10422
nonFullTGDs	1353		fullTGDs	45889			newNonFullTGDs	0		newFullTGDs	10384
nonFullTGDs	1353		fullTGDs	45989			newNonFullTGDs	0		newFullTGDs	10512
nonFullTGDs	1353		fullTGDs	46089			newNonFullTGDs	0		newFullTGDs	10412
nonFullTGDs	1353		fullTGDs	46189			newNonFullTGDs	0		newFullTGDs	10358
nonFullTGDs	1353		fullTGDs	46289			newNonFullTGDs	0		newFullTGDs	10500
nonFullTGDs	1353		fullTGDs	46389			newNonFullTGDs	0		newFullTGDs	10400
nonFullTGDs	1353		fullTGDs	46489			newNonFullTGDs	0		newFullTGDs	10319
nonFullTGDs	1353		fullTGDs	46589			newNonFullTGDs	0		newFullTGDs	10269
nonFullTGDs	1353		fullTGDs	46689			newNonFullTGDs	0		newFullTGDs	10428
nonFullTGDs	1353		fullTGDs	46789			newNonFullTGDs	0		newFullTGDs	10328
nonFullTGDs	1353		fullTGDs	46889			newNonFullTGDs	0		newFullTGDs	10231
nonFullTGDs	1353		fullTGDs	46989			newNonFullTGDs	0		newFullTGDs	10408
nonFullTGDs	1353		fullTGDs	47089			newNonFullTGDs	0		newFullTGDs	10308
nonFullTGDs	1353		fullTGDs	47189			newNonFullTGDs	0		newFullTGDs	10208
nonFullTGDs	1353		fullTGDs	47289			newNonFullTGDs	0		newFullTGDs	10158
nonFullTGDs	1353		fullTGDs	47389			newNonFullTGDs	0		newFullTGDs	10119
nonFullTGDs	1353		fullTGDs	47489			newNonFullTGDs	0		newFullTGDs	10244
nonFullTGDs	1353		fullTGDs	47589			newNonFullTGDs	0		newFullTGDs	10144
nonFullTGDs	1353		fullTGDs	47689			newNonFullTGDs	0		newFullTGDs	10082
nonFullTGDs	1353		fullTGDs	47789			newNonFullTGDs	0		newFullTGDs	10054
nonFullTGDs	1353		fullTGDs	47889			newNonFullTGDs	0		newFullTGDs	10186
nonFullTGDs	1353		fullTGDs	47989			newNonFullTGDs	0		newFullTGDs	10086
nonFullTGDs	1353		fullTGDs	48089			newNonFullTGDs	0		newFullTGDs	10008
nonFullTGDs	1353		fullTGDs	48189			newNonFullTGDs	0		newFullTGDs	9976
nonFullTGDs	1353		fullTGDs	48289			newNonFullTGDs	0		newFullTGDs	9924
nonFullTGDs	1353		fullTGDs	48389			newNonFullTGDs	0		newFullTGDs	10082
nonFullTGDs	1353		fullTGDs	48489			newNonFullTGDs	0		newFullTGDs	9982
nonFullTGDs	1353		fullTGDs	48589			newNonFullTGDs	0		newFullTGDs	9885
nonFullTGDs	1353		fullTGDs	48689			newNonFullTGDs	0		newFullTGDs	9847
nonFullTGDs	1353		fullTGDs	48789			newNonFullTGDs	0		newFullTGDs	9973
nonFullTGDs	1353		fullTGDs	48889			newNonFullTGDs	0		newFullTGDs	9873
nonFullTGDs	1353		fullTGDs	48989			newNonFullTGDs	0		newFullTGDs	9831
nonFullTGDs	1353		fullTGDs	49089			newNonFullTGDs	0		newFullTGDs	9772
nonFullTGDs	1353		fullTGDs	49189			newNonFullTGDs	0		newFullTGDs	9921
nonFullTGDs	1353		fullTGDs	49289			newNonFullTGDs	0		newFullTGDs	9821
nonFullTGDs	1353		fullTGDs	49389			newNonFullTGDs	0		newFullTGDs	9736
nonFullTGDs	1353		fullTGDs	49489			newNonFullTGDs	0		newFullTGDs	9698
nonFullTGDs	1353		fullTGDs	49589			newNonFullTGDs	0		newFullTGDs	9849
nonFullTGDs	1353		fullTGDs	49689			newNonFullTGDs	0		newFullTGDs	9749
nonFullTGDs	1353		fullTGDs	49789			newNonFullTGDs	0		newFullTGDs	9660
nonFullTGDs	1353		fullTGDs	49889			newNonFullTGDs	0		newFullTGDs	9623
nonFullTGDs	1353		fullTGDs	49989			newNonFullTGDs	0		newFullTGDs	9770
nonFullTGDs	1353		fullTGDs	50089			newNonFullTGDs	0		newFullTGDs	9670
nonFullTGDs	1353		fullTGDs	50189			newNonFullTGDs	0		newFullTGDs	9584
nonFullTGDs	1353		fullTGDs	50289			newNonFullTGDs	0		newFullTGDs	9752
nonFullTGDs	1353		fullTGDs	50389			newNonFullTGDs	0		newFullTGDs	9652
nonFullTGDs	1353		fullTGDs	50489			newNonFullTGDs	0		newFullTGDs	9555
nonFullTGDs	1353		fullTGDs	50589			newNonFullTGDs	0		newFullTGDs	9508
nonFullTGDs	1353		fullTGDs	50689			newNonFullTGDs	0		newFullTGDs	9657
nonFullTGDs	1353		fullTGDs	50789			newNonFullTGDs	0		newFullTGDs	9557
nonFullTGDs	1353		fullTGDs	50889			newNonFullTGDs	0		newFullTGDs	9470
nonFullTGDs	1353		fullTGDs	50989			newNonFullTGDs	0		newFullTGDs	9421
nonFullTGDs	1353		fullTGDs	51089			newNonFullTGDs	0		newFullTGDs	9371
nonFullTGDs	1353		fullTGDs	51189			newNonFullTGDs	0		newFullTGDs	9321
nonFullTGDs	1353		fullTGDs	51289			newNonFullTGDs	0		newFullTGDs	9440
nonFullTGDs	1353		fullTGDs	51389			newNonFullTGDs	0		newFullTGDs	9340
nonFullTGDs	1353		fullTGDs	51489			newNonFullTGDs	0		newFullTGDs	9283
nonFullTGDs	1353		fullTGDs	51589			newNonFullTGDs	0		newFullTGDs	9233
nonFullTGDs	1353		fullTGDs	51689			newNonFullTGDs	0		newFullTGDs	9183
nonFullTGDs	1353		fullTGDs	51789			newNonFullTGDs	0		newFullTGDs	9135
nonFullTGDs	1353		fullTGDs	51889			newNonFullTGDs	0		newFullTGDs	9256
nonFullTGDs	1353		fullTGDs	51989			newNonFullTGDs	0		newFullTGDs	9156
nonFullTGDs	1353		fullTGDs	52089			newNonFullTGDs	0		newFullTGDs	9096
nonFullTGDs	1353		fullTGDs	52189			newNonFullTGDs	0		newFullTGDs	9238
nonFullTGDs	1353		fullTGDs	52289			newNonFullTGDs	0		newFullTGDs	9138
nonFullTGDs	1353		fullTGDs	52389			newNonFullTGDs	0		newFullTGDs	9058
nonFullTGDs	1353		fullTGDs	52489			newNonFullTGDs	0		newFullTGDs	9024
nonFullTGDs	1353		fullTGDs	52589			newNonFullTGDs	0		newFullTGDs	9182
nonFullTGDs	1353		fullTGDs	52689			newNonFullTGDs	0		newFullTGDs	9082
nonFullTGDs	1353		fullTGDs	52789			newNonFullTGDs	0		newFullTGDs	8993
nonFullTGDs	1353		fullTGDs	52889			newNonFullTGDs	0		newFullTGDs	8945
nonFullTGDs	1353		fullTGDs	52989			newNonFullTGDs	0		newFullTGDs	9095
nonFullTGDs	1353		fullTGDs	53089			newNonFullTGDs	0		newFullTGDs	8995
nonFullTGDs	1353		fullTGDs	53189			newNonFullTGDs	0		newFullTGDs	8905
nonFullTGDs	1353		fullTGDs	53289			newNonFullTGDs	0		newFullTGDs	9051
nonFullTGDs	1353		fullTGDs	53389			newNonFullTGDs	0		newFullTGDs	8951
nonFullTGDs	1353		fullTGDs	53489			newNonFullTGDs	0		newFullTGDs	8867
nonFullTGDs	1353		fullTGDs	53589			newNonFullTGDs	0		newFullTGDs	8817
nonFullTGDs	1353		fullTGDs	53689			newNonFullTGDs	0		newFullTGDs	8944
nonFullTGDs	1353		fullTGDs	53789			newNonFullTGDs	0		newFullTGDs	8844
nonFullTGDs	1353		fullTGDs	53889			newNonFullTGDs	0		newFullTGDs	8777
nonFullTGDs	1353		fullTGDs	53989			newNonFullTGDs	0		newFullTGDs	8727
nonFullTGDs	1353		fullTGDs	54089			newNonFullTGDs	0		newFullTGDs	8678
nonFullTGDs	1353		fullTGDs	54189			newNonFullTGDs	0		newFullTGDs	8628
nonFullTGDs	1353		fullTGDs	54289			newNonFullTGDs	0		newFullTGDs	8578
nonFullTGDs	1353		fullTGDs	54389			newNonFullTGDs	0		newFullTGDs	8528
nonFullTGDs	1353		fullTGDs	54489			newNonFullTGDs	0		newFullTGDs	8478
nonFullTGDs	1353		fullTGDs	54589			newNonFullTGDs	0		newFullTGDs	8429
nonFullTGDs	1353		fullTGDs	54689			newNonFullTGDs	0		newFullTGDs	8394
nonFullTGDs	1353		fullTGDs	54789			newNonFullTGDs	0		newFullTGDs	8359
nonFullTGDs	1353		fullTGDs	54889			newNonFullTGDs	0		newFullTGDs	8319
nonFullTGDs	1353		fullTGDs	54989			newNonFullTGDs	0		newFullTGDs	8269
nonFullTGDs	1353		fullTGDs	55089			newNonFullTGDs	0		newFullTGDs	8219
nonFullTGDs	1353		fullTGDs	55189			newNonFullTGDs	0		newFullTGDs	8179
nonFullTGDs	1353		fullTGDs	55289			newNonFullTGDs	0		newFullTGDs	8143
nonFullTGDs	1353		fullTGDs	55389			newNonFullTGDs	0		newFullTGDs	8110
nonFullTGDs	1353		fullTGDs	55489			newNonFullTGDs	0		newFullTGDs	8063
nonFullTGDs	1353		fullTGDs	55589			newNonFullTGDs	0		newFullTGDs	8013
nonFullTGDs	1353		fullTGDs	55689			newNonFullTGDs	0		newFullTGDs	7963
nonFullTGDs	1353		fullTGDs	55789			newNonFullTGDs	0		newFullTGDs	7913
nonFullTGDs	1353		fullTGDs	55889			newNonFullTGDs	0		newFullTGDs	8058
nonFullTGDs	1353		fullTGDs	55989			newNonFullTGDs	0		newFullTGDs	7958
nonFullTGDs	1353		fullTGDs	56089			newNonFullTGDs	0		newFullTGDs	7876
nonFullTGDs	1353		fullTGDs	56189			newNonFullTGDs	0		newFullTGDs	7826
nonFullTGDs	1353		fullTGDs	56289			newNonFullTGDs	0		newFullTGDs	7777
nonFullTGDs	1353		fullTGDs	56389			newNonFullTGDs	0		newFullTGDs	7727
nonFullTGDs	1353		fullTGDs	56489			newNonFullTGDs	0		newFullTGDs	7678
nonFullTGDs	1353		fullTGDs	56589			newNonFullTGDs	0		newFullTGDs	7628
nonFullTGDs	1353		fullTGDs	56689			newNonFullTGDs	0		newFullTGDs	7750
nonFullTGDs	1353		fullTGDs	56789			newNonFullTGDs	0		newFullTGDs	7650
nonFullTGDs	1353		fullTGDs	56889			newNonFullTGDs	0		newFullTGDs	7588
nonFullTGDs	1353		fullTGDs	56989			newNonFullTGDs	0		newFullTGDs	7538
nonFullTGDs	1353		fullTGDs	57089			newNonFullTGDs	0		newFullTGDs	7496
nonFullTGDs	1353		fullTGDs	57189			newNonFullTGDs	0		newFullTGDs	7465
nonFullTGDs	1353		fullTGDs	57289			newNonFullTGDs	0		newFullTGDs	7598
nonFullTGDs	1353		fullTGDs	57389			newNonFullTGDs	0		newFullTGDs	7498
nonFullTGDs	1353		fullTGDs	57489			newNonFullTGDs	0		newFullTGDs	7438
nonFullTGDs	1353		fullTGDs	57589			newNonFullTGDs	0		newFullTGDs	7390
nonFullTGDs	1353		fullTGDs	57689			newNonFullTGDs	0		newFullTGDs	7340
nonFullTGDs	1353		fullTGDs	57789			newNonFullTGDs	0		newFullTGDs	7291
nonFullTGDs	1353		fullTGDs	57889			newNonFullTGDs	0		newFullTGDs	7241
nonFullTGDs	1353		fullTGDs	57989			newNonFullTGDs	0		newFullTGDs	7367
nonFullTGDs	1353		fullTGDs	58089			newNonFullTGDs	0		newFullTGDs	7267
nonFullTGDs	1353		fullTGDs	58189			newNonFullTGDs	0		newFullTGDs	7212
nonFullTGDs	1353		fullTGDs	58289			newNonFullTGDs	0		newFullTGDs	7163
nonFullTGDs	1353		fullTGDs	58389			newNonFullTGDs	0		newFullTGDs	7113
nonFullTGDs	1353		fullTGDs	58489			newNonFullTGDs	0		newFullTGDs	7063
nonFullTGDs	1353		fullTGDs	58589			newNonFullTGDs	0		newFullTGDs	7013
nonFullTGDs	1353		fullTGDs	58689			newNonFullTGDs	0		newFullTGDs	6963
nonFullTGDs	1353		fullTGDs	58789			newNonFullTGDs	0		newFullTGDs	6913
nonFullTGDs	1353		fullTGDs	58889			newNonFullTGDs	0		newFullTGDs	6864
nonFullTGDs	1353		fullTGDs	58989			newNonFullTGDs	0		newFullTGDs	6814
nonFullTGDs	1353		fullTGDs	59089			newNonFullTGDs	0		newFullTGDs	6978
nonFullTGDs	1353		fullTGDs	59189			newNonFullTGDs	0		newFullTGDs	6878
nonFullTGDs	1353		fullTGDs	59289			newNonFullTGDs	0		newFullTGDs	6778
nonFullTGDs	1353		fullTGDs	59389			newNonFullTGDs	0		newFullTGDs	6737
nonFullTGDs	1353		fullTGDs	59489			newNonFullTGDs	0		newFullTGDs	6688
nonFullTGDs	1353		fullTGDs	59589			newNonFullTGDs	0		newFullTGDs	6638
nonFullTGDs	1353		fullTGDs	59689			newNonFullTGDs	0		newFullTGDs	6588
nonFullTGDs	1353		fullTGDs	59789			newNonFullTGDs	0		newFullTGDs	6538
nonFullTGDs	1353		fullTGDs	59889			newNonFullTGDs	0		newFullTGDs	6488
nonFullTGDs	1353		fullTGDs	59989			newNonFullTGDs	0		newFullTGDs	6439
nonFullTGDs	1353		fullTGDs	60089			newNonFullTGDs	0		newFullTGDs	6389
nonFullTGDs	1353		fullTGDs	60189			newNonFullTGDs	0		newFullTGDs	6339
nonFullTGDs	1353		fullTGDs	60289			newNonFullTGDs	0		newFullTGDs	6506
nonFullTGDs	1353		fullTGDs	60389			newNonFullTGDs	0		newFullTGDs	6406
nonFullTGDs	1353		fullTGDs	60489			newNonFullTGDs	0		newFullTGDs	6306
nonFullTGDs	1353		fullTGDs	60589			newNonFullTGDs	0		newFullTGDs	6480
nonFullTGDs	1353		fullTGDs	60689			newNonFullTGDs	0		newFullTGDs	6380
nonFullTGDs	1353		fullTGDs	60789			newNonFullTGDs	0		newFullTGDs	6280
nonFullTGDs	1353		fullTGDs	60889			newNonFullTGDs	0		newFullTGDs	6235
nonFullTGDs	1353		fullTGDs	60989			newNonFullTGDs	0		newFullTGDs	6186
nonFullTGDs	1353		fullTGDs	61089			newNonFullTGDs	0		newFullTGDs	6308
nonFullTGDs	1353		fullTGDs	61189			newNonFullTGDs	0		newFullTGDs	6208
nonFullTGDs	1353		fullTGDs	61289			newNonFullTGDs	0		newFullTGDs	6148
nonFullTGDs	1353		fullTGDs	61389			newNonFullTGDs	0		newFullTGDs	6111
nonFullTGDs	1353		fullTGDs	61489			newNonFullTGDs	0		newFullTGDs	6261
nonFullTGDs	1353		fullTGDs	61589			newNonFullTGDs	0		newFullTGDs	6161
nonFullTGDs	1353		fullTGDs	61689			newNonFullTGDs	0		newFullTGDs	6084
nonFullTGDs	1353		fullTGDs	61789			newNonFullTGDs	0		newFullTGDs	6047
nonFullTGDs	1353		fullTGDs	61889			newNonFullTGDs	0		newFullTGDs	6189
nonFullTGDs	1353		fullTGDs	61989			newNonFullTGDs	0		newFullTGDs	6089
nonFullTGDs	1353		fullTGDs	62089			newNonFullTGDs	0		newFullTGDs	6009
nonFullTGDs	1353		fullTGDs	62189			newNonFullTGDs	0		newFullTGDs	5971
nonFullTGDs	1353		fullTGDs	62289			newNonFullTGDs	0		newFullTGDs	5935
nonFullTGDs	1353		fullTGDs	62389			newNonFullTGDs	0		newFullTGDs	6059
nonFullTGDs	1353		fullTGDs	62489			newNonFullTGDs	0		newFullTGDs	5959
nonFullTGDs	1353		fullTGDs	62589			newNonFullTGDs	0		newFullTGDs	5907
nonFullTGDs	1353		fullTGDs	62689			newNonFullTGDs	0		newFullTGDs	6055
nonFullTGDs	1353		fullTGDs	62789			newNonFullTGDs	0		newFullTGDs	5955
nonFullTGDs	1353		fullTGDs	62889			newNonFullTGDs	0		newFullTGDs	5869
nonFullTGDs	1353		fullTGDs	62989			newNonFullTGDs	0		newFullTGDs	5832
nonFullTGDs	1353		fullTGDs	63089			newNonFullTGDs	0		newFullTGDs	5976
nonFullTGDs	1353		fullTGDs	63189			newNonFullTGDs	0		newFullTGDs	5876
nonFullTGDs	1353		fullTGDs	63289			newNonFullTGDs	0		newFullTGDs	5794
nonFullTGDs	1353		fullTGDs	63389			newNonFullTGDs	0		newFullTGDs	5756
nonFullTGDs	1353		fullTGDs	63489			newNonFullTGDs	0		newFullTGDs	5707
nonFullTGDs	1353		fullTGDs	63589			newNonFullTGDs	0		newFullTGDs	5658
nonFullTGDs	1353		fullTGDs	63689			newNonFullTGDs	0		newFullTGDs	5818
nonFullTGDs	1353		fullTGDs	63789			newNonFullTGDs	0		newFullTGDs	5718
nonFullTGDs	1353		fullTGDs	63889			newNonFullTGDs	0		newFullTGDs	5618
nonFullTGDs	1353		fullTGDs	63989			newNonFullTGDs	0		newFullTGDs	5586
nonFullTGDs	1353		fullTGDs	64089			newNonFullTGDs	0		newFullTGDs	5533
nonFullTGDs	1353		fullTGDs	64189			newNonFullTGDs	0		newFullTGDs	5657
nonFullTGDs	1353		fullTGDs	64289			newNonFullTGDs	0		newFullTGDs	5557
nonFullTGDs	1353		fullTGDs	64389			newNonFullTGDs	0		newFullTGDs	5496
nonFullTGDs	1353		fullTGDs	64489			newNonFullTGDs	0		newFullTGDs	5459
nonFullTGDs	1353		fullTGDs	64589			newNonFullTGDs	0		newFullTGDs	5409
nonFullTGDs	1353		fullTGDs	64689			newNonFullTGDs	0		newFullTGDs	5565
nonFullTGDs	1353		fullTGDs	64789			newNonFullTGDs	0		newFullTGDs	5465
nonFullTGDs	1353		fullTGDs	64889			newNonFullTGDs	0		newFullTGDs	5368
nonFullTGDs	1353		fullTGDs	64989			newNonFullTGDs	0		newFullTGDs	5332
nonFullTGDs	1353		fullTGDs	65089			newNonFullTGDs	0		newFullTGDs	5284
nonFullTGDs	1353		fullTGDs	65189			newNonFullTGDs	0		newFullTGDs	5453
nonFullTGDs	1353		fullTGDs	65289			newNonFullTGDs	0		newFullTGDs	5353
nonFullTGDs	1353		fullTGDs	65389			newNonFullTGDs	0		newFullTGDs	5256
nonFullTGDs	1353		fullTGDs	65489			newNonFullTGDs	0		newFullTGDs	5219
nonFullTGDs	1353		fullTGDs	65589			newNonFullTGDs	0		newFullTGDs	5368
nonFullTGDs	1353		fullTGDs	65689			newNonFullTGDs	0		newFullTGDs	5268
nonFullTGDs	1353		fullTGDs	65789			newNonFullTGDs	0		newFullTGDs	5181
nonFullTGDs	1353		fullTGDs	65889			newNonFullTGDs	0		newFullTGDs	5143
nonFullTGDs	1353		fullTGDs	65989			newNonFullTGDs	0		newFullTGDs	5278
nonFullTGDs	1353		fullTGDs	66089			newNonFullTGDs	0		newFullTGDs	5178
nonFullTGDs	1353		fullTGDs	66189			newNonFullTGDs	0		newFullTGDs	5120
nonFullTGDs	1353		fullTGDs	66289			newNonFullTGDs	0		newFullTGDs	5277
nonFullTGDs	1353		fullTGDs	66389			newNonFullTGDs	0		newFullTGDs	5177
nonFullTGDs	1353		fullTGDs	66489			newNonFullTGDs	0		newFullTGDs	5077
nonFullTGDs	1353		fullTGDs	66589			newNonFullTGDs	0		newFullTGDs	5040
nonFullTGDs	1353		fullTGDs	66689			newNonFullTGDs	0		newFullTGDs	5209
nonFullTGDs	1353		fullTGDs	66789			newNonFullTGDs	0		newFullTGDs	5109
nonFullTGDs	1353		fullTGDs	66889			newNonFullTGDs	0		newFullTGDs	5009
nonFullTGDs	1353		fullTGDs	66989			newNonFullTGDs	0		newFullTGDs	4970
nonFullTGDs	1353		fullTGDs	67089			newNonFullTGDs	0		newFullTGDs	4916
nonFullTGDs	1353		fullTGDs	67189			newNonFullTGDs	0		newFullTGDs	4866
nonFullTGDs	1353		fullTGDs	67289			newNonFullTGDs	0		newFullTGDs	4993
nonFullTGDs	1353		fullTGDs	67389			newNonFullTGDs	0		newFullTGDs	4893
nonFullTGDs	1353		fullTGDs	67489			newNonFullTGDs	0		newFullTGDs	4850
nonFullTGDs	1353		fullTGDs	67589			newNonFullTGDs	0		newFullTGDs	4792
nonFullTGDs	1353		fullTGDs	67689			newNonFullTGDs	0		newFullTGDs	4928
nonFullTGDs	1353		fullTGDs	67789			newNonFullTGDs	0		newFullTGDs	4828
nonFullTGDs	1353		fullTGDs	67889			newNonFullTGDs	0		newFullTGDs	4763
nonFullTGDs	1353		fullTGDs	67989			newNonFullTGDs	0		newFullTGDs	4911
nonFullTGDs	1353		fullTGDs	68089			newNonFullTGDs	0		newFullTGDs	4811
nonFullTGDs	1353		fullTGDs	68189			newNonFullTGDs	0		newFullTGDs	4726
nonFullTGDs	1353		fullTGDs	68289			newNonFullTGDs	0		newFullTGDs	4687
nonFullTGDs	1353		fullTGDs	68389			newNonFullTGDs	0		newFullTGDs	4637
nonFullTGDs	1353		fullTGDs	68489			newNonFullTGDs	0		newFullTGDs	4587
nonFullTGDs	1353		fullTGDs	68589			newNonFullTGDs	0		newFullTGDs	4537
nonFullTGDs	1353		fullTGDs	68689			newNonFullTGDs	0		newFullTGDs	4488
nonFullTGDs	1353		fullTGDs	68789			newNonFullTGDs	0		newFullTGDs	4438
nonFullTGDs	1353		fullTGDs	68889			newNonFullTGDs	0		newFullTGDs	4388
nonFullTGDs	1353		fullTGDs	68989			newNonFullTGDs	0		newFullTGDs	4339
nonFullTGDs	1353		fullTGDs	69089			newNonFullTGDs	0		newFullTGDs	4289
nonFullTGDs	1353		fullTGDs	69189			newNonFullTGDs	0		newFullTGDs	4412
nonFullTGDs	1353		fullTGDs	69289			newNonFullTGDs	0		newFullTGDs	4312
nonFullTGDs	1353		fullTGDs	69389			newNonFullTGDs	0		newFullTGDs	4261
nonFullTGDs	1353		fullTGDs	69489			newNonFullTGDs	0		newFullTGDs	4212
nonFullTGDs	1353		fullTGDs	69589			newNonFullTGDs	0		newFullTGDs	4162
nonFullTGDs	1353		fullTGDs	69689			newNonFullTGDs	0		newFullTGDs	4112
nonFullTGDs	1353		fullTGDs	69789			newNonFullTGDs	0		newFullTGDs	4237
nonFullTGDs	1353		fullTGDs	69889			newNonFullTGDs	0		newFullTGDs	4137
nonFullTGDs	1353		fullTGDs	69989			newNonFullTGDs	0		newFullTGDs	4083
nonFullTGDs	1353		fullTGDs	70089			newNonFullTGDs	0		newFullTGDs	4214
nonFullTGDs	1353		fullTGDs	70189			newNonFullTGDs	0		newFullTGDs	4114
nonFullTGDs	1353		fullTGDs	70289			newNonFullTGDs	0		newFullTGDs	4058
nonFullTGDs	1353		fullTGDs	70389			newNonFullTGDs	0		newFullTGDs	4008
nonFullTGDs	1353		fullTGDs	70489			newNonFullTGDs	0		newFullTGDs	3958
nonFullTGDs	1353		fullTGDs	70589			newNonFullTGDs	0		newFullTGDs	3908
nonFullTGDs	1353		fullTGDs	70689			newNonFullTGDs	0		newFullTGDs	4036
nonFullTGDs	1353		fullTGDs	70789			newNonFullTGDs	0		newFullTGDs	3936
nonFullTGDs	1353		fullTGDs	70889			newNonFullTGDs	0		newFullTGDs	3885
nonFullTGDs	1353		fullTGDs	70989			newNonFullTGDs	0		newFullTGDs	3833
nonFullTGDs	1353		fullTGDs	71089			newNonFullTGDs	0		newFullTGDs	3972
nonFullTGDs	1353		fullTGDs	71189			newNonFullTGDs	0		newFullTGDs	3872
nonFullTGDs	1353		fullTGDs	71289			newNonFullTGDs	0		newFullTGDs	3818
nonFullTGDs	1353		fullTGDs	71389			newNonFullTGDs	0		newFullTGDs	3758
nonFullTGDs	1353		fullTGDs	71489			newNonFullTGDs	0		newFullTGDs	3890
nonFullTGDs	1353		fullTGDs	71589			newNonFullTGDs	0		newFullTGDs	3790
nonFullTGDs	1353		fullTGDs	71689			newNonFullTGDs	0		newFullTGDs	3734
nonFullTGDs	1353		fullTGDs	71789			newNonFullTGDs	0		newFullTGDs	3682
nonFullTGDs	1353		fullTGDs	71889			newNonFullTGDs	0		newFullTGDs	3632
nonFullTGDs	1353		fullTGDs	71989			newNonFullTGDs	0		newFullTGDs	3583
nonFullTGDs	1353		fullTGDs	72089			newNonFullTGDs	0		newFullTGDs	3533
nonFullTGDs	1353		fullTGDs	72189			newNonFullTGDs	0		newFullTGDs	3667
nonFullTGDs	1353		fullTGDs	72289			newNonFullTGDs	0		newFullTGDs	3567
nonFullTGDs	1353		fullTGDs	72389			newNonFullTGDs	0		newFullTGDs	3511
nonFullTGDs	1353		fullTGDs	72489			newNonFullTGDs	0		newFullTGDs	3660
nonFullTGDs	1353		fullTGDs	72589			newNonFullTGDs	0		newFullTGDs	3560
nonFullTGDs	1353		fullTGDs	72689			newNonFullTGDs	0		newFullTGDs	3466
nonFullTGDs	1353		fullTGDs	72789			newNonFullTGDs	0		newFullTGDs	3430
nonFullTGDs	1353		fullTGDs	72889			newNonFullTGDs	0		newFullTGDs	3381
nonFullTGDs	1353		fullTGDs	72989			newNonFullTGDs	0		newFullTGDs	3331
nonFullTGDs	1353		fullTGDs	73089			newNonFullTGDs	0		newFullTGDs	3281
nonFullTGDs	1353		fullTGDs	73189			newNonFullTGDs	0		newFullTGDs	3232
nonFullTGDs	1353		fullTGDs	73289			newNonFullTGDs	0		newFullTGDs	3386
nonFullTGDs	1353		fullTGDs	73389			newNonFullTGDs	0		newFullTGDs	3286
nonFullTGDs	1353		fullTGDs	73489			newNonFullTGDs	0		newFullTGDs	3191
nonFullTGDs	1353		fullTGDs	73589			newNonFullTGDs	0		newFullTGDs	3156
nonFullTGDs	1353		fullTGDs	73689			newNonFullTGDs	0		newFullTGDs	3125
nonFullTGDs	1353		fullTGDs	73789			newNonFullTGDs	0		newFullTGDs	3251
nonFullTGDs	1353		fullTGDs	73889			newNonFullTGDs	0		newFullTGDs	3151
nonFullTGDs	1353		fullTGDs	73989			newNonFullTGDs	0		newFullTGDs	3081
nonFullTGDs	1353		fullTGDs	74089			newNonFullTGDs	0		newFullTGDs	3044
nonFullTGDs	1353		fullTGDs	74189			newNonFullTGDs	0		newFullTGDs	3005
nonFullTGDs	1353		fullTGDs	74289			newNonFullTGDs	0		newFullTGDs	3133
nonFullTGDs	1353		fullTGDs	74389			newNonFullTGDs	0		newFullTGDs	3033
nonFullTGDs	1353		fullTGDs	74489			newNonFullTGDs	0		newFullTGDs	2981
nonFullTGDs	1353		fullTGDs	74589			newNonFullTGDs	0		newFullTGDs	2931
nonFullTGDs	1353		fullTGDs	74689			newNonFullTGDs	0		newFullTGDs	3085
nonFullTGDs	1353		fullTGDs	74789			newNonFullTGDs	0		newFullTGDs	2985
nonFullTGDs	1353		fullTGDs	74889			newNonFullTGDs	0		newFullTGDs	2893
nonFullTGDs	1353		fullTGDs	74989			newNonFullTGDs	0		newFullTGDs	2856
nonFullTGDs	1353		fullTGDs	75089			newNonFullTGDs	0		newFullTGDs	2806
nonFullTGDs	1353		fullTGDs	75189			newNonFullTGDs	0		newFullTGDs	2756
nonFullTGDs	1353		fullTGDs	75289			newNonFullTGDs	0		newFullTGDs	2708
nonFullTGDs	1353		fullTGDs	75389			newNonFullTGDs	0		newFullTGDs	2828
nonFullTGDs	1353		fullTGDs	75489			newNonFullTGDs	0		newFullTGDs	2728
nonFullTGDs	1353		fullTGDs	75589			newNonFullTGDs	0		newFullTGDs	2681
nonFullTGDs	1353		fullTGDs	75689			newNonFullTGDs	0		newFullTGDs	2634
nonFullTGDs	1353		fullTGDs	75789			newNonFullTGDs	0		newFullTGDs	2756
nonFullTGDs	1353		fullTGDs	75889			newNonFullTGDs	0		newFullTGDs	2656
nonFullTGDs	1353		fullTGDs	75989			newNonFullTGDs	0		newFullTGDs	2606
nonFullTGDs	1353		fullTGDs	76089			newNonFullTGDs	0		newFullTGDs	2770
nonFullTGDs	1353		fullTGDs	76189			newNonFullTGDs	0		newFullTGDs	2670
nonFullTGDs	1353		fullTGDs	76289			newNonFullTGDs	0		newFullTGDs	2570
nonFullTGDs	1353		fullTGDs	76389			newNonFullTGDs	0		newFullTGDs	2530
nonFullTGDs	1353		fullTGDs	76489			newNonFullTGDs	0		newFullTGDs	2690
nonFullTGDs	1353		fullTGDs	76589			newNonFullTGDs	0		newFullTGDs	2590
nonFullTGDs	1353		fullTGDs	76689			newNonFullTGDs	0		newFullTGDs	2491
nonFullTGDs	1353		fullTGDs	76789			newNonFullTGDs	0		newFullTGDs	2455
nonFullTGDs	1353		fullTGDs	76889			newNonFullTGDs	0		newFullTGDs	2407
nonFullTGDs	1353		fullTGDs	76989			newNonFullTGDs	0		newFullTGDs	2533
nonFullTGDs	1353		fullTGDs	77089			newNonFullTGDs	0		newFullTGDs	2433
nonFullTGDs	1353		fullTGDs	77189			newNonFullTGDs	0		newFullTGDs	2370
nonFullTGDs	1353		fullTGDs	77289			newNonFullTGDs	0		newFullTGDs	2332
nonFullTGDs	1353		fullTGDs	77389			newNonFullTGDs	0		newFullTGDs	2294
nonFullTGDs	1353		fullTGDs	77489			newNonFullTGDs	0		newFullTGDs	2424
nonFullTGDs	1353		fullTGDs	77589			newNonFullTGDs	0		newFullTGDs	2324
nonFullTGDs	1353		fullTGDs	77689			newNonFullTGDs	0		newFullTGDs	2257
nonFullTGDs	1353		fullTGDs	77789			newNonFullTGDs	0		newFullTGDs	2219
nonFullTGDs	1353		fullTGDs	77889			newNonFullTGDs	0		newFullTGDs	2361
nonFullTGDs	1353		fullTGDs	77989			newNonFullTGDs	0		newFullTGDs	2261
nonFullTGDs	1353		fullTGDs	78089			newNonFullTGDs	0		newFullTGDs	2182
nonFullTGDs	1353		fullTGDs	78189			newNonFullTGDs	0		newFullTGDs	2145
nonFullTGDs	1353		fullTGDs	78289			newNonFullTGDs	0		newFullTGDs	2097
nonFullTGDs	1353		fullTGDs	78389			newNonFullTGDs	0		newFullTGDs	2054
nonFullTGDs	1353		fullTGDs	78489			newNonFullTGDs	0		newFullTGDs	2210
nonFullTGDs	1353		fullTGDs	78589			newNonFullTGDs	0		newFullTGDs	2110
nonFullTGDs	1353		fullTGDs	78689			newNonFullTGDs	0		newFullTGDs	2023
nonFullTGDs	1353		fullTGDs	78789			newNonFullTGDs	0		newFullTGDs	1988
nonFullTGDs	1353		fullTGDs	78889			newNonFullTGDs	0		newFullTGDs	2149
nonFullTGDs	1353		fullTGDs	78989			newNonFullTGDs	0		newFullTGDs	2049
nonFullTGDs	1353		fullTGDs	79089			newNonFullTGDs	0		newFullTGDs	1949
nonFullTGDs	1353		fullTGDs	79189			newNonFullTGDs	0		newFullTGDs	1914
nonFullTGDs	1353		fullTGDs	79289			newNonFullTGDs	0		newFullTGDs	1864
nonFullTGDs	1353		fullTGDs	79389			newNonFullTGDs	0		newFullTGDs	1815
nonFullTGDs	1353		fullTGDs	79489			newNonFullTGDs	0		newFullTGDs	1938
nonFullTGDs	1353		fullTGDs	79589			newNonFullTGDs	0		newFullTGDs	1838
nonFullTGDs	1353		fullTGDs	79689			newNonFullTGDs	0		newFullTGDs	1786
nonFullTGDs	1353		fullTGDs	79789			newNonFullTGDs	0		newFullTGDs	1918
nonFullTGDs	1353		fullTGDs	79889			newNonFullTGDs	0		newFullTGDs	1818
nonFullTGDs	1353		fullTGDs	79989			newNonFullTGDs	0		newFullTGDs	1750
nonFullTGDs	1353		fullTGDs	80089			newNonFullTGDs	0		newFullTGDs	1712
nonFullTGDs	1353		fullTGDs	80189			newNonFullTGDs	0		newFullTGDs	1837
nonFullTGDs	1353		fullTGDs	80289			newNonFullTGDs	0		newFullTGDs	1737
nonFullTGDs	1353		fullTGDs	80389			newNonFullTGDs	0		newFullTGDs	1694
nonFullTGDs	1353		fullTGDs	80489			newNonFullTGDs	0		newFullTGDs	1637
nonFullTGDs	1353		fullTGDs	80589			newNonFullTGDs	0		newFullTGDs	1588
nonFullTGDs	1353		fullTGDs	80689			newNonFullTGDs	0		newFullTGDs	1716
nonFullTGDs	1353		fullTGDs	80789			newNonFullTGDs	0		newFullTGDs	1616
nonFullTGDs	1353		fullTGDs	80889			newNonFullTGDs	0		newFullTGDs	1561
nonFullTGDs	1353		fullTGDs	80989			newNonFullTGDs	0		newFullTGDs	1700
nonFullTGDs	1353		fullTGDs	81089			newNonFullTGDs	0		newFullTGDs	1600
nonFullTGDs	1353		fullTGDs	81189			newNonFullTGDs	0		newFullTGDs	1523
nonFullTGDs	1353		fullTGDs	81289			newNonFullTGDs	0		newFullTGDs	1486
nonFullTGDs	1353		fullTGDs	81389			newNonFullTGDs	0		newFullTGDs	1438
nonFullTGDs	1353		fullTGDs	81489			newNonFullTGDs	0		newFullTGDs	1396
nonFullTGDs	1353		fullTGDs	81589			newNonFullTGDs	0		newFullTGDs	1356
nonFullTGDs	1353		fullTGDs	81689			newNonFullTGDs	0		newFullTGDs	1307
nonFullTGDs	1353		fullTGDs	81789			newNonFullTGDs	0		newFullTGDs	1432
nonFullTGDs	1353		fullTGDs	81889			newNonFullTGDs	0		newFullTGDs	1332
nonFullTGDs	1353		fullTGDs	81989			newNonFullTGDs	0		newFullTGDs	1279
nonFullTGDs	1353		fullTGDs	82089			newNonFullTGDs	0		newFullTGDs	1432
nonFullTGDs	1353		fullTGDs	82189			newNonFullTGDs	0		newFullTGDs	1332
nonFullTGDs	1353		fullTGDs	82289			newNonFullTGDs	0		newFullTGDs	1242
nonFullTGDs	1353		fullTGDs	82389			newNonFullTGDs	0		newFullTGDs	1204
nonFullTGDs	1353		fullTGDs	82489			newNonFullTGDs	0		newFullTGDs	1155
nonFullTGDs	1353		fullTGDs	82589			newNonFullTGDs	0		newFullTGDs	1312
nonFullTGDs	1353		fullTGDs	82689			newNonFullTGDs	0		newFullTGDs	1212
nonFullTGDs	1353		fullTGDs	82789			newNonFullTGDs	0		newFullTGDs	1114
nonFullTGDs	1353		fullTGDs	82889			newNonFullTGDs	0		newFullTGDs	1078
nonFullTGDs	1353		fullTGDs	82989			newNonFullTGDs	0		newFullTGDs	1029
nonFullTGDs	1353		fullTGDs	83089			newNonFullTGDs	0		newFullTGDs	980
nonFullTGDs	1353		fullTGDs	83189			newNonFullTGDs	0		newFullTGDs	931
nonFullTGDs	1353		fullTGDs	83289			newNonFullTGDs	0		newFullTGDs	1061
nonFullTGDs	1353		fullTGDs	83389			newNonFullTGDs	0		newFullTGDs	961
nonFullTGDs	1353		fullTGDs	83489			newNonFullTGDs	0		newFullTGDs	903
nonFullTGDs	1353		fullTGDs	83589			newNonFullTGDs	0		newFullTGDs	1044
nonFullTGDs	1353		fullTGDs	83689			newNonFullTGDs	0		newFullTGDs	944
nonFullTGDs	1353		fullTGDs	83789			newNonFullTGDs	0		newFullTGDs	864
nonFullTGDs	1353		fullTGDs	83889			newNonFullTGDs	0		newFullTGDs	1044
nonFullTGDs	1353		fullTGDs	83989			newNonFullTGDs	0		newFullTGDs	944
nonFullTGDs	1353		fullTGDs	84089			newNonFullTGDs	0		newFullTGDs	844
nonFullTGDs	1353		fullTGDs	84189			newNonFullTGDs	0		newFullTGDs	800
nonFullTGDs	1353		fullTGDs	84289			newNonFullTGDs	0		newFullTGDs	752
nonFullTGDs	1353		fullTGDs	84389			newNonFullTGDs	0		newFullTGDs	894
nonFullTGDs	1353		fullTGDs	84489			newNonFullTGDs	0		newFullTGDs	794
nonFullTGDs	1353		fullTGDs	84589			newNonFullTGDs	0		newFullTGDs	736
nonFullTGDs	1353		fullTGDs	84689			newNonFullTGDs	0		newFullTGDs	677
nonFullTGDs	1353		fullTGDs	84789			newNonFullTGDs	0		newFullTGDs	828
nonFullTGDs	1353		fullTGDs	84889			newNonFullTGDs	0		newFullTGDs	728
nonFullTGDs	1353		fullTGDs	84989			newNonFullTGDs	0		newFullTGDs	641
nonFullTGDs	1353		fullTGDs	85089			newNonFullTGDs	0		newFullTGDs	603
nonFullTGDs	1353		fullTGDs	85189			newNonFullTGDs	0		newFullTGDs	737
nonFullTGDs	1353		fullTGDs	85289			newNonFullTGDs	0		newFullTGDs	637
nonFullTGDs	1353		fullTGDs	85389			newNonFullTGDs	0		newFullTGDs	576
nonFullTGDs	1353		fullTGDs	85489			newNonFullTGDs	0		newFullTGDs	713
nonFullTGDs	1353		fullTGDs	85589			newNonFullTGDs	0		newFullTGDs	613
nonFullTGDs	1353		fullTGDs	85689			newNonFullTGDs	0		newFullTGDs	537
nonFullTGDs	1353		fullTGDs	85789			newNonFullTGDs	0		newFullTGDs	499
nonFullTGDs	1353		fullTGDs	85889			newNonFullTGDs	0		newFullTGDs	449
nonFullTGDs	1353		fullTGDs	85989			newNonFullTGDs	0		newFullTGDs	412
nonFullTGDs	1353		fullTGDs	86089			newNonFullTGDs	0		newFullTGDs	556
nonFullTGDs	1353		fullTGDs	86189			newNonFullTGDs	0		newFullTGDs	456
nonFullTGDs	1353		fullTGDs	86289			newNonFullTGDs	0		newFullTGDs	373
nonFullTGDs	1353		fullTGDs	86389			newNonFullTGDs	0		newFullTGDs	336
nonFullTGDs	1353		fullTGDs	86489			newNonFullTGDs	0		newFullTGDs	288
nonFullTGDs	1353		fullTGDs	86589			newNonFullTGDs	0		newFullTGDs	238
nonFullTGDs	1353		fullTGDs	86689			newNonFullTGDs	0		newFullTGDs	188
nonFullTGDs	1353		fullTGDs	86789			newNonFullTGDs	0		newFullTGDs	359
nonFullTGDs	1353		fullTGDs	86889			newNonFullTGDs	0		newFullTGDs	259
nonFullTGDs	1353		fullTGDs	86989			newNonFullTGDs	0		newFullTGDs	159
nonFullTGDs	1353		fullTGDs	87089			newNonFullTGDs	0		newFullTGDs	113
nonFullTGDs	1353		fullTGDs	87189			newNonFullTGDs	0		newFullTGDs	64
nonFullTGDs	1353		fullTGDs	87289			newNonFullTGDs	0		newFullTGDs	190
nonFullTGDs	1353		fullTGDs	87389			newNonFullTGDs	0		newFullTGDs	90
nonFullTGDs	1353		fullTGDs	87489			newNonFullTGDs	0		newFullTGDs	39
Dec 06, 2021 10:47:23 PM uk.ac.ox.cs.gsat.SaturationStatistics log
INFO: # initial TGDs: 2742 , 446
Dec 06, 2021 10:47:23 PM uk.ac.ox.cs.gsat.SaturationStatistics log
INFO: SkSat total time : 2394 ms = 2.39 s
Dec 06, 2021 10:47:23 PM uk.ac.ox.cs.gsat.SaturationStatistics log
INFO: Subsumed elements : 0
Dec 06, 2021 10:47:23 PM uk.ac.ox.cs.gsat.SaturationStatistics log
INFO: Filter discarded elements : 0
Dec 06, 2021 10:47:23 PM uk.ac.ox.cs.gsat.SaturationStatistics log
INFO: subsumption time: 27 ms = 0.03 s
Dec 06, 2021 10:47:23 PM uk.ac.ox.cs.gsat.SaturationStatistics log
INFO: forward subsumption time: 24 ms = 0.02 s
Dec 06, 2021 10:47:23 PM uk.ac.ox.cs.gsat.SaturationStatistics log
INFO: backward subsumption time: 4 ms = 0.00 s
Dec 06, 2021 10:47:23 PM uk.ac.ox.cs.gsat.SaturationStatistics log
INFO: Derived full/non full TGDs: 85307 , 1348
Dec 06, 2021 10:47:23 PM uk.ac.ox.cs.gsat.SaturationStatistics log
INFO: discarded tautology count: 191
Dec 06, 2021 10:47:23 PM uk.ac.ox.cs.gsat.EvolveStatistics log
INFO: Stop because subsumed: 18461
Dec 06, 2021 10:47:23 PM uk.ac.ox.cs.gsat.EvolveStatistics log
INFO: evolved equals to current: 0
Dec 06, 2021 10:47:23 PM uk.ac.ox.cs.gsat.EvolveStatistics log
INFO: evolved time: 1080 ms = 1.08 s
Dec 06, 2021 10:47:23 PM uk.ac.ox.cs.gsat.EvolveStatistics log
INFO: evolve count: 86874
Dec 06, 2021 10:47:23 PM uk.ac.ox.cs.gsat.SkolemStatistics log
INFO: maximum number of Skolem atoms in body: 1
Dec 06, 2021 10:47:23 PM uk.ac.ox.cs.gsat.SkolemStatistics log
INFO: left derived TGD with Skolem in the body: 0
Dec 06, 2021 10:47:23 PM uk.ac.ox.cs.gsat.SkolemStatistics log
INFO: right derived TGD with Skolem in the body: 66485
Dec 06, 2021 10:47:23 PM uk.ac.ox.cs.gsat.SkolemStatistics log
INFO: derived TGD with more than two Skolem atoms in the body: 0
Dec 06, 2021 10:47:23 PM uk.ac.ox.cs.gsat.AbstractSaturation run
INFO: ouptput full TGDs not contained in the input: 18625
Dec 06, 2021 10:47:23 PM uk.ac.ox.cs.gsat.App executeAllSteps
INFO: Rewriting completed!
Full TGD saturation: (21367 dependecies)
Dec 06, 2021 10:47:23 PM uk.ac.ox.cs.gsat.App executeAllSteps
INFO: Writing the saturation in the Datalog file 00597.rul
