Starting Saturation...
Executing from DLGP files
SLF4J: Failed to load class "org.slf4j.impl.StaticLoggerBinder".
SLF4J: Defaulting to no-operation (NOP) logger implementation
SLF4J: See http://www.slf4j.org/codes.html#StaticLoggerBinder for further details.
# Rules: 664; # Atoms: 0; # AtomSets: 0; # Queries: 0; # Constraints: 0
Full TGD saturation algorithm: Skolem Sat
Running SkSat...
Dec 06, 2021 11:35:13 PM uk.ac.ox.cs.gsat.AbstractSaturation run
INFO: SkSat discarded rules : 0/664 = 0.000%
SkSat discarded rules : 0/664 = 0.000%
Dec 06, 2021 11:35:13 PM uk.ac.ox.cs.gsat.AbstractSaturation run
INFO: Subsumption method : disabled
nonFullTGDs	0		fullTGDs	335			newNonFullTGDs	1382		newFullTGDs	0
nonFullTGDs	100		fullTGDs	335			newNonFullTGDs	1334		newFullTGDs	650
nonFullTGDs	200		fullTGDs	335			newNonFullTGDs	1279		newFullTGDs	1372
nonFullTGDs	300		fullTGDs	335			newNonFullTGDs	1224		newFullTGDs	1922
nonFullTGDs	400		fullTGDs	335			newNonFullTGDs	1170		newFullTGDs	2644
nonFullTGDs	500		fullTGDs	335			newNonFullTGDs	1113		newFullTGDs	4198
nonFullTGDs	600		fullTGDs	335			newNonFullTGDs	1054		newFullTGDs	5164
nonFullTGDs	700		fullTGDs	335			newNonFullTGDs	998		newFullTGDs	6596
nonFullTGDs	800		fullTGDs	335			newNonFullTGDs	946		newFullTGDs	7490
nonFullTGDs	900		fullTGDs	335			newNonFullTGDs	886		newFullTGDs	8284
nonFullTGDs	1000		fullTGDs	335			newNonFullTGDs	832		newFullTGDs	9594
nonFullTGDs	1100		fullTGDs	335			newNonFullTGDs	778		newFullTGDs	10696
nonFullTGDs	1200		fullTGDs	335			newNonFullTGDs	724		newFullTGDs	11418
nonFullTGDs	1300		fullTGDs	335			newNonFullTGDs	667		newFullTGDs	12090
nonFullTGDs	1400		fullTGDs	335			newNonFullTGDs	609		newFullTGDs	13056
nonFullTGDs	1500		fullTGDs	335			newNonFullTGDs	551		newFullTGDs	14022
nonFullTGDs	1600		fullTGDs	335			newNonFullTGDs	492		newFullTGDs	15110
nonFullTGDs	1700		fullTGDs	335			newNonFullTGDs	436		newFullTGDs	16248
nonFullTGDs	1800		fullTGDs	335			newNonFullTGDs	380		newFullTGDs	17472
nonFullTGDs	1900		fullTGDs	335			newNonFullTGDs	327		newFullTGDs	18488
nonFullTGDs	2000		fullTGDs	335			newNonFullTGDs	269		newFullTGDs	19538
nonFullTGDs	2100		fullTGDs	335			newNonFullTGDs	202		newFullTGDs	22343
nonFullTGDs	2200		fullTGDs	335			newNonFullTGDs	136		newFullTGDs	25233
nonFullTGDs	2300		fullTGDs	335			newNonFullTGDs	69		newFullTGDs	27462
nonFullTGDs	2400		fullTGDs	335			newNonFullTGDs	2		newFullTGDs	29079
nonFullTGDs	2404		fullTGDs	431			newNonFullTGDs	0		newFullTGDs	29032
nonFullTGDs	2406		fullTGDs	529			newNonFullTGDs	0		newFullTGDs	28934
nonFullTGDs	2407		fullTGDs	628			newNonFullTGDs	0		newFullTGDs	28835
nonFullTGDs	2408		fullTGDs	727			newNonFullTGDs	0		newFullTGDs	28736
nonFullTGDs	2410		fullTGDs	825			newNonFullTGDs	0		newFullTGDs	28638
nonFullTGDs	2413		fullTGDs	922			newNonFullTGDs	0		newFullTGDs	28541
nonFullTGDs	2415		fullTGDs	1020			newNonFullTGDs	0		newFullTGDs	28443
nonFullTGDs	2419		fullTGDs	1116			newNonFullTGDs	0		newFullTGDs	28347
nonFullTGDs	2421		fullTGDs	1214			newNonFullTGDs	0		newFullTGDs	28249
nonFullTGDs	2423		fullTGDs	1312			newNonFullTGDs	0		newFullTGDs	28151
nonFullTGDs	2424		fullTGDs	1411			newNonFullTGDs	0		newFullTGDs	28052
nonFullTGDs	2426		fullTGDs	1509			newNonFullTGDs	0		newFullTGDs	27954
nonFullTGDs	2428		fullTGDs	1607			newNonFullTGDs	0		newFullTGDs	27856
nonFullTGDs	2428		fullTGDs	1707			newNonFullTGDs	0		newFullTGDs	27756
nonFullTGDs	2428		fullTGDs	1807			newNonFullTGDs	0		newFullTGDs	27656
nonFullTGDs	2428		fullTGDs	1907			newNonFullTGDs	0		newFullTGDs	27556
nonFullTGDs	2428		fullTGDs	2007			newNonFullTGDs	0		newFullTGDs	27456
nonFullTGDs	2428		fullTGDs	2107			newNonFullTGDs	0		newFullTGDs	27356
nonFullTGDs	2428		fullTGDs	2207			newNonFullTGDs	0		newFullTGDs	27256
nonFullTGDs	2428		fullTGDs	2307			newNonFullTGDs	0		newFullTGDs	27156
nonFullTGDs	2428		fullTGDs	2407			newNonFullTGDs	0		newFullTGDs	27056
nonFullTGDs	2429		fullTGDs	2506			newNonFullTGDs	0		newFullTGDs	26957
nonFullTGDs	2430		fullTGDs	2605			newNonFullTGDs	0		newFullTGDs	26858
nonFullTGDs	2432		fullTGDs	2703			newNonFullTGDs	0		newFullTGDs	26760
nonFullTGDs	2432		fullTGDs	2803			newNonFullTGDs	0		newFullTGDs	26660
nonFullTGDs	2432		fullTGDs	2903			newNonFullTGDs	0		newFullTGDs	26560
nonFullTGDs	2432		fullTGDs	3003			newNonFullTGDs	0		newFullTGDs	26460
nonFullTGDs	2434		fullTGDs	3101			newNonFullTGDs	0		newFullTGDs	26362
nonFullTGDs	2434		fullTGDs	3201			newNonFullTGDs	0		newFullTGDs	26262
nonFullTGDs	2434		fullTGDs	3301			newNonFullTGDs	0		newFullTGDs	26162
nonFullTGDs	2436		fullTGDs	3399			newNonFullTGDs	0		newFullTGDs	26064
nonFullTGDs	2436		fullTGDs	3499			newNonFullTGDs	0		newFullTGDs	25964
nonFullTGDs	2436		fullTGDs	3599			newNonFullTGDs	0		newFullTGDs	25864
nonFullTGDs	2439		fullTGDs	3696			newNonFullTGDs	0		newFullTGDs	25767
nonFullTGDs	2441		fullTGDs	3794			newNonFullTGDs	0		newFullTGDs	25669
nonFullTGDs	2441		fullTGDs	3894			newNonFullTGDs	0		newFullTGDs	25569
nonFullTGDs	2442		fullTGDs	3993			newNonFullTGDs	0		newFullTGDs	25470
nonFullTGDs	2443		fullTGDs	4092			newNonFullTGDs	0		newFullTGDs	25371
nonFullTGDs	2443		fullTGDs	4192			newNonFullTGDs	0		newFullTGDs	25271
nonFullTGDs	2443		fullTGDs	4292			newNonFullTGDs	0		newFullTGDs	25171
nonFullTGDs	2444		fullTGDs	4391			newNonFullTGDs	0		newFullTGDs	25072
nonFullTGDs	2445		fullTGDs	4490			newNonFullTGDs	0		newFullTGDs	24973
nonFullTGDs	2445		fullTGDs	4590			newNonFullTGDs	0		newFullTGDs	24873
nonFullTGDs	2445		fullTGDs	4690			newNonFullTGDs	0		newFullTGDs	24773
nonFullTGDs	2446		fullTGDs	4789			newNonFullTGDs	0		newFullTGDs	24674
nonFullTGDs	2447		fullTGDs	4888			newNonFullTGDs	0		newFullTGDs	24575
nonFullTGDs	2448		fullTGDs	4987			newNonFullTGDs	0		newFullTGDs	24476
nonFullTGDs	2449		fullTGDs	5086			newNonFullTGDs	0		newFullTGDs	24377
nonFullTGDs	2450		fullTGDs	5185			newNonFullTGDs	0		newFullTGDs	24278
nonFullTGDs	2450		fullTGDs	5285			newNonFullTGDs	0		newFullTGDs	24178
nonFullTGDs	2451		fullTGDs	5384			newNonFullTGDs	0		newFullTGDs	24079
nonFullTGDs	2451		fullTGDs	5484			newNonFullTGDs	0		newFullTGDs	23979
nonFullTGDs	2452		fullTGDs	5583			newNonFullTGDs	0		newFullTGDs	23880
nonFullTGDs	2453		fullTGDs	5682			newNonFullTGDs	0		newFullTGDs	23781
nonFullTGDs	2453		fullTGDs	5782			newNonFullTGDs	0		newFullTGDs	23681
nonFullTGDs	2454		fullTGDs	5881			newNonFullTGDs	0		newFullTGDs	23582
nonFullTGDs	2457		fullTGDs	5978			newNonFullTGDs	0		newFullTGDs	23485
nonFullTGDs	2460		fullTGDs	6075			newNonFullTGDs	0		newFullTGDs	23388
nonFullTGDs	2462		fullTGDs	6173			newNonFullTGDs	0		newFullTGDs	23290
nonFullTGDs	2463		fullTGDs	6272			newNonFullTGDs	0		newFullTGDs	23191
nonFullTGDs	2465		fullTGDs	6370			newNonFullTGDs	0		newFullTGDs	23093
nonFullTGDs	2467		fullTGDs	6468			newNonFullTGDs	0		newFullTGDs	22995
nonFullTGDs	2468		fullTGDs	6567			newNonFullTGDs	0		newFullTGDs	22896
nonFullTGDs	2469		fullTGDs	6666			newNonFullTGDs	0		newFullTGDs	22797
nonFullTGDs	2470		fullTGDs	6765			newNonFullTGDs	0		newFullTGDs	22698
nonFullTGDs	2471		fullTGDs	6864			newNonFullTGDs	0		newFullTGDs	22599
nonFullTGDs	2472		fullTGDs	6963			newNonFullTGDs	0		newFullTGDs	22500
nonFullTGDs	2473		fullTGDs	7062			newNonFullTGDs	0		newFullTGDs	22401
nonFullTGDs	2474		fullTGDs	7161			newNonFullTGDs	0		newFullTGDs	22302
nonFullTGDs	2476		fullTGDs	7259			newNonFullTGDs	0		newFullTGDs	22204
nonFullTGDs	2476		fullTGDs	7359			newNonFullTGDs	0		newFullTGDs	22104
nonFullTGDs	2477		fullTGDs	7458			newNonFullTGDs	0		newFullTGDs	22005
nonFullTGDs	2479		fullTGDs	7556			newNonFullTGDs	0		newFullTGDs	21907
nonFullTGDs	2480		fullTGDs	7655			newNonFullTGDs	0		newFullTGDs	21808
nonFullTGDs	2481		fullTGDs	7754			newNonFullTGDs	0		newFullTGDs	21709
nonFullTGDs	2481		fullTGDs	7854			newNonFullTGDs	0		newFullTGDs	21609
nonFullTGDs	2484		fullTGDs	7951			newNonFullTGDs	0		newFullTGDs	21512
nonFullTGDs	2485		fullTGDs	8050			newNonFullTGDs	0		newFullTGDs	21413
nonFullTGDs	2485		fullTGDs	8150			newNonFullTGDs	0		newFullTGDs	21313
nonFullTGDs	2486		fullTGDs	8249			newNonFullTGDs	0		newFullTGDs	21214
nonFullTGDs	2487		fullTGDs	8348			newNonFullTGDs	0		newFullTGDs	21115
nonFullTGDs	2487		fullTGDs	8448			newNonFullTGDs	0		newFullTGDs	21015
nonFullTGDs	2489		fullTGDs	8546			newNonFullTGDs	0		newFullTGDs	20917
nonFullTGDs	2490		fullTGDs	8645			newNonFullTGDs	0		newFullTGDs	20818
nonFullTGDs	2491		fullTGDs	8744			newNonFullTGDs	0		newFullTGDs	20719
nonFullTGDs	2494		fullTGDs	8841			newNonFullTGDs	0		newFullTGDs	20622
nonFullTGDs	2495		fullTGDs	8940			newNonFullTGDs	0		newFullTGDs	20523
nonFullTGDs	2496		fullTGDs	9039			newNonFullTGDs	0		newFullTGDs	20424
nonFullTGDs	2497		fullTGDs	9138			newNonFullTGDs	0		newFullTGDs	20325
nonFullTGDs	2498		fullTGDs	9237			newNonFullTGDs	0		newFullTGDs	20226
nonFullTGDs	2498		fullTGDs	9337			newNonFullTGDs	0		newFullTGDs	20126
nonFullTGDs	2498		fullTGDs	9437			newNonFullTGDs	0		newFullTGDs	20026
nonFullTGDs	2498		fullTGDs	9537			newNonFullTGDs	0		newFullTGDs	19926
nonFullTGDs	2498		fullTGDs	9637			newNonFullTGDs	0		newFullTGDs	19826
nonFullTGDs	2498		fullTGDs	9737			newNonFullTGDs	0		newFullTGDs	19726
nonFullTGDs	2498		fullTGDs	9837			newNonFullTGDs	0		newFullTGDs	19626
nonFullTGDs	2498		fullTGDs	9937			newNonFullTGDs	0		newFullTGDs	19526
nonFullTGDs	2498		fullTGDs	10037			newNonFullTGDs	0		newFullTGDs	19426
nonFullTGDs	2498		fullTGDs	10137			newNonFullTGDs	0		newFullTGDs	19326
nonFullTGDs	2498		fullTGDs	10237			newNonFullTGDs	0		newFullTGDs	19226
nonFullTGDs	2498		fullTGDs	10337			newNonFullTGDs	0		newFullTGDs	19126
nonFullTGDs	2498		fullTGDs	10437			newNonFullTGDs	0		newFullTGDs	19026
nonFullTGDs	2498		fullTGDs	10537			newNonFullTGDs	0		newFullTGDs	18926
nonFullTGDs	2498		fullTGDs	10637			newNonFullTGDs	0		newFullTGDs	18826
nonFullTGDs	2498		fullTGDs	10737			newNonFullTGDs	0		newFullTGDs	18726
nonFullTGDs	2498		fullTGDs	10837			newNonFullTGDs	0		newFullTGDs	18626
nonFullTGDs	2498		fullTGDs	10937			newNonFullTGDs	0		newFullTGDs	18526
nonFullTGDs	2498		fullTGDs	11037			newNonFullTGDs	0		newFullTGDs	18426
nonFullTGDs	2498		fullTGDs	11137			newNonFullTGDs	0		newFullTGDs	18326
nonFullTGDs	2498		fullTGDs	11237			newNonFullTGDs	0		newFullTGDs	18226
nonFullTGDs	2498		fullTGDs	11337			newNonFullTGDs	0		newFullTGDs	18126
nonFullTGDs	2498		fullTGDs	11437			newNonFullTGDs	0		newFullTGDs	18026
nonFullTGDs	2498		fullTGDs	11537			newNonFullTGDs	0		newFullTGDs	17926
nonFullTGDs	2498		fullTGDs	11637			newNonFullTGDs	0		newFullTGDs	17826
nonFullTGDs	2498		fullTGDs	11737			newNonFullTGDs	0		newFullTGDs	17726
nonFullTGDs	2498		fullTGDs	11837			newNonFullTGDs	0		newFullTGDs	17626
nonFullTGDs	2498		fullTGDs	11937			newNonFullTGDs	0		newFullTGDs	17526
nonFullTGDs	2498		fullTGDs	12037			newNonFullTGDs	0		newFullTGDs	17426
nonFullTGDs	2498		fullTGDs	12137			newNonFullTGDs	0		newFullTGDs	17326
nonFullTGDs	2498		fullTGDs	12237			newNonFullTGDs	0		newFullTGDs	17226
nonFullTGDs	2498		fullTGDs	12337			newNonFullTGDs	0		newFullTGDs	17126
nonFullTGDs	2498		fullTGDs	12437			newNonFullTGDs	0		newFullTGDs	17026
nonFullTGDs	2498		fullTGDs	12537			newNonFullTGDs	0		newFullTGDs	16926
nonFullTGDs	2498		fullTGDs	12637			newNonFullTGDs	0		newFullTGDs	16826
nonFullTGDs	2498		fullTGDs	12737			newNonFullTGDs	0		newFullTGDs	16726
nonFullTGDs	2498		fullTGDs	12837			newNonFullTGDs	0		newFullTGDs	16626
nonFullTGDs	2498		fullTGDs	12937			newNonFullTGDs	0		newFullTGDs	16526
nonFullTGDs	2498		fullTGDs	13037			newNonFullTGDs	0		newFullTGDs	16426
nonFullTGDs	2498		fullTGDs	13137			newNonFullTGDs	0		newFullTGDs	16326
nonFullTGDs	2498		fullTGDs	13237			newNonFullTGDs	0		newFullTGDs	16226
nonFullTGDs	2498		fullTGDs	13337			newNonFullTGDs	0		newFullTGDs	16126
nonFullTGDs	2498		fullTGDs	13437			newNonFullTGDs	0		newFullTGDs	16026
nonFullTGDs	2498		fullTGDs	13537			newNonFullTGDs	0		newFullTGDs	15926
nonFullTGDs	2498		fullTGDs	13637			newNonFullTGDs	0		newFullTGDs	15826
nonFullTGDs	2498		fullTGDs	13737			newNonFullTGDs	0		newFullTGDs	15726
nonFullTGDs	2498		fullTGDs	13837			newNonFullTGDs	0		newFullTGDs	15626
nonFullTGDs	2498		fullTGDs	13937			newNonFullTGDs	0		newFullTGDs	15526
nonFullTGDs	2498		fullTGDs	14037			newNonFullTGDs	0		newFullTGDs	15426
nonFullTGDs	2498		fullTGDs	14137			newNonFullTGDs	0		newFullTGDs	15326
nonFullTGDs	2498		fullTGDs	14237			newNonFullTGDs	0		newFullTGDs	15226
nonFullTGDs	2498		fullTGDs	14337			newNonFullTGDs	0		newFullTGDs	15126
nonFullTGDs	2498		fullTGDs	14437			newNonFullTGDs	0		newFullTGDs	15026
nonFullTGDs	2498		fullTGDs	14537			newNonFullTGDs	0		newFullTGDs	14926
nonFullTGDs	2498		fullTGDs	14637			newNonFullTGDs	0		newFullTGDs	14826
nonFullTGDs	2498		fullTGDs	14737			newNonFullTGDs	0		newFullTGDs	14726
nonFullTGDs	2498		fullTGDs	14837			newNonFullTGDs	0		newFullTGDs	14626
nonFullTGDs	2498		fullTGDs	14937			newNonFullTGDs	0		newFullTGDs	14526
nonFullTGDs	2498		fullTGDs	15037			newNonFullTGDs	0		newFullTGDs	14426
nonFullTGDs	2498		fullTGDs	15137			newNonFullTGDs	0		newFullTGDs	14326
nonFullTGDs	2498		fullTGDs	15237			newNonFullTGDs	0		newFullTGDs	14226
nonFullTGDs	2503		fullTGDs	15332			newNonFullTGDs	1		newFullTGDs	14131
nonFullTGDs	2511		fullTGDs	15424			newNonFullTGDs	0		newFullTGDs	14039
nonFullTGDs	2512		fullTGDs	15523			newNonFullTGDs	1		newFullTGDs	13940
nonFullTGDs	2519		fullTGDs	15616			newNonFullTGDs	1		newFullTGDs	13847
nonFullTGDs	2525		fullTGDs	15710			newNonFullTGDs	0		newFullTGDs	13753
nonFullTGDs	2525		fullTGDs	15810			newNonFullTGDs	0		newFullTGDs	13653
nonFullTGDs	2528		fullTGDs	15907			newNonFullTGDs	0		newFullTGDs	13556
nonFullTGDs	2536		fullTGDs	15999			newNonFullTGDs	0		newFullTGDs	13464
nonFullTGDs	2539		fullTGDs	16096			newNonFullTGDs	0		newFullTGDs	13367
nonFullTGDs	2540		fullTGDs	16195			newNonFullTGDs	0		newFullTGDs	13268
nonFullTGDs	2541		fullTGDs	16294			newNonFullTGDs	0		newFullTGDs	13169
nonFullTGDs	2542		fullTGDs	16393			newNonFullTGDs	0		newFullTGDs	13070
nonFullTGDs	2547		fullTGDs	16488			newNonFullTGDs	0		newFullTGDs	12975
nonFullTGDs	2556		fullTGDs	16579			newNonFullTGDs	1		newFullTGDs	12884
nonFullTGDs	2565		fullTGDs	16670			newNonFullTGDs	0		newFullTGDs	12793
nonFullTGDs	2567		fullTGDs	16768			newNonFullTGDs	0		newFullTGDs	12695
nonFullTGDs	2567		fullTGDs	16868			newNonFullTGDs	0		newFullTGDs	12595
nonFullTGDs	2567		fullTGDs	16968			newNonFullTGDs	0		newFullTGDs	12495
nonFullTGDs	2571		fullTGDs	17064			newNonFullTGDs	0		newFullTGDs	12399
nonFullTGDs	2572		fullTGDs	17163			newNonFullTGDs	0		newFullTGDs	12300
nonFullTGDs	2572		fullTGDs	17263			newNonFullTGDs	0		newFullTGDs	12200
nonFullTGDs	2574		fullTGDs	17361			newNonFullTGDs	0		newFullTGDs	12102
nonFullTGDs	2580		fullTGDs	17455			newNonFullTGDs	0		newFullTGDs	12008
nonFullTGDs	2582		fullTGDs	17553			newNonFullTGDs	0		newFullTGDs	11910
nonFullTGDs	2583		fullTGDs	17652			newNonFullTGDs	0		newFullTGDs	11811
nonFullTGDs	2588		fullTGDs	17747			newNonFullTGDs	0		newFullTGDs	11716
nonFullTGDs	2591		fullTGDs	17844			newNonFullTGDs	1		newFullTGDs	11619
nonFullTGDs	2592		fullTGDs	17943			newNonFullTGDs	0		newFullTGDs	11520
nonFullTGDs	2594		fullTGDs	18041			newNonFullTGDs	0		newFullTGDs	11422
nonFullTGDs	2595		fullTGDs	18140			newNonFullTGDs	0		newFullTGDs	11323
nonFullTGDs	2596		fullTGDs	18239			newNonFullTGDs	0		newFullTGDs	11224
nonFullTGDs	2596		fullTGDs	18339			newNonFullTGDs	0		newFullTGDs	11124
nonFullTGDs	2596		fullTGDs	18439			newNonFullTGDs	0		newFullTGDs	11024
nonFullTGDs	2596		fullTGDs	18539			newNonFullTGDs	0		newFullTGDs	10924
nonFullTGDs	2596		fullTGDs	18639			newNonFullTGDs	0		newFullTGDs	10824
nonFullTGDs	2596		fullTGDs	18739			newNonFullTGDs	0		newFullTGDs	10724
nonFullTGDs	2596		fullTGDs	18839			newNonFullTGDs	0		newFullTGDs	10624
nonFullTGDs	2596		fullTGDs	18939			newNonFullTGDs	0		newFullTGDs	10524
nonFullTGDs	2596		fullTGDs	19039			newNonFullTGDs	0		newFullTGDs	10424
nonFullTGDs	2596		fullTGDs	19139			newNonFullTGDs	0		newFullTGDs	10324
nonFullTGDs	2596		fullTGDs	19239			newNonFullTGDs	0		newFullTGDs	10224
nonFullTGDs	2596		fullTGDs	19339			newNonFullTGDs	0		newFullTGDs	10124
nonFullTGDs	2596		fullTGDs	19439			newNonFullTGDs	0		newFullTGDs	10024
nonFullTGDs	2596		fullTGDs	19539			newNonFullTGDs	0		newFullTGDs	9924
nonFullTGDs	2596		fullTGDs	19639			newNonFullTGDs	0		newFullTGDs	9824
nonFullTGDs	2596		fullTGDs	19739			newNonFullTGDs	0		newFullTGDs	9724
nonFullTGDs	2596		fullTGDs	19839			newNonFullTGDs	0		newFullTGDs	9624
nonFullTGDs	2596		fullTGDs	19939			newNonFullTGDs	0		newFullTGDs	9524
nonFullTGDs	2596		fullTGDs	20039			newNonFullTGDs	0		newFullTGDs	9424
nonFullTGDs	2596		fullTGDs	20139			newNonFullTGDs	0		newFullTGDs	9324
nonFullTGDs	2596		fullTGDs	20239			newNonFullTGDs	0		newFullTGDs	9224
nonFullTGDs	2596		fullTGDs	20339			newNonFullTGDs	0		newFullTGDs	9124
nonFullTGDs	2596		fullTGDs	20439			newNonFullTGDs	0		newFullTGDs	9024
nonFullTGDs	2596		fullTGDs	20539			newNonFullTGDs	0		newFullTGDs	8924
nonFullTGDs	2596		fullTGDs	20639			newNonFullTGDs	0		newFullTGDs	8824
nonFullTGDs	2596		fullTGDs	20739			newNonFullTGDs	0		newFullTGDs	8724
nonFullTGDs	2596		fullTGDs	20839			newNonFullTGDs	0		newFullTGDs	8624
nonFullTGDs	2596		fullTGDs	20939			newNonFullTGDs	0		newFullTGDs	8524
nonFullTGDs	2596		fullTGDs	21039			newNonFullTGDs	0		newFullTGDs	8424
nonFullTGDs	2596		fullTGDs	21139			newNonFullTGDs	0		newFullTGDs	8324
nonFullTGDs	2596		fullTGDs	21239			newNonFullTGDs	0		newFullTGDs	8224
nonFullTGDs	2596		fullTGDs	21339			newNonFullTGDs	0		newFullTGDs	8124
nonFullTGDs	2596		fullTGDs	21439			newNonFullTGDs	0		newFullTGDs	8024
nonFullTGDs	2596		fullTGDs	21539			newNonFullTGDs	0		newFullTGDs	7924
nonFullTGDs	2596		fullTGDs	21639			newNonFullTGDs	0		newFullTGDs	7824
nonFullTGDs	2596		fullTGDs	21739			newNonFullTGDs	0		newFullTGDs	7724
nonFullTGDs	2596		fullTGDs	21839			newNonFullTGDs	0		newFullTGDs	7624
nonFullTGDs	2596		fullTGDs	21939			newNonFullTGDs	0		newFullTGDs	7524
nonFullTGDs	2596		fullTGDs	22039			newNonFullTGDs	0		newFullTGDs	7424
nonFullTGDs	2596		fullTGDs	22139			newNonFullTGDs	0		newFullTGDs	7324
nonFullTGDs	2596		fullTGDs	22239			newNonFullTGDs	0		newFullTGDs	7224
nonFullTGDs	2596		fullTGDs	22339			newNonFullTGDs	0		newFullTGDs	7124
nonFullTGDs	2596		fullTGDs	22439			newNonFullTGDs	0		newFullTGDs	7024
nonFullTGDs	2596		fullTGDs	22539			newNonFullTGDs	0		newFullTGDs	6924
nonFullTGDs	2596		fullTGDs	22639			newNonFullTGDs	0		newFullTGDs	6824
nonFullTGDs	2596		fullTGDs	22739			newNonFullTGDs	0		newFullTGDs	6724
nonFullTGDs	2596		fullTGDs	22839			newNonFullTGDs	0		newFullTGDs	6624
nonFullTGDs	2596		fullTGDs	22939			newNonFullTGDs	0		newFullTGDs	6524
nonFullTGDs	2596		fullTGDs	23039			newNonFullTGDs	0		newFullTGDs	6424
nonFullTGDs	2596		fullTGDs	23139			newNonFullTGDs	0		newFullTGDs	6324
nonFullTGDs	2596		fullTGDs	23239			newNonFullTGDs	0		newFullTGDs	6224
nonFullTGDs	2596		fullTGDs	23339			newNonFullTGDs	0		newFullTGDs	6124
nonFullTGDs	2596		fullTGDs	23439			newNonFullTGDs	0		newFullTGDs	6024
nonFullTGDs	2596		fullTGDs	23539			newNonFullTGDs	0		newFullTGDs	5924
nonFullTGDs	2596		fullTGDs	23639			newNonFullTGDs	0		newFullTGDs	5824
nonFullTGDs	2596		fullTGDs	23739			newNonFullTGDs	0		newFullTGDs	5724
nonFullTGDs	2596		fullTGDs	23839			newNonFullTGDs	0		newFullTGDs	5624
nonFullTGDs	2596		fullTGDs	23939			newNonFullTGDs	0		newFullTGDs	5524
nonFullTGDs	2596		fullTGDs	24039			newNonFullTGDs	0		newFullTGDs	5424
nonFullTGDs	2596		fullTGDs	24139			newNonFullTGDs	0		newFullTGDs	5324
nonFullTGDs	2596		fullTGDs	24239			newNonFullTGDs	0		newFullTGDs	5224
nonFullTGDs	2596		fullTGDs	24339			newNonFullTGDs	0		newFullTGDs	5124
nonFullTGDs	2596		fullTGDs	24439			newNonFullTGDs	0		newFullTGDs	5024
nonFullTGDs	2596		fullTGDs	24539			newNonFullTGDs	0		newFullTGDs	4924
nonFullTGDs	2596		fullTGDs	24639			newNonFullTGDs	0		newFullTGDs	4824
nonFullTGDs	2596		fullTGDs	24739			newNonFullTGDs	0		newFullTGDs	4724
nonFullTGDs	2596		fullTGDs	24839			newNonFullTGDs	0		newFullTGDs	4624
nonFullTGDs	2596		fullTGDs	24939			newNonFullTGDs	0		newFullTGDs	4524
nonFullTGDs	2596		fullTGDs	25039			newNonFullTGDs	0		newFullTGDs	4424
nonFullTGDs	2596		fullTGDs	25139			newNonFullTGDs	0		newFullTGDs	4324
nonFullTGDs	2596		fullTGDs	25239			newNonFullTGDs	0		newFullTGDs	4224
nonFullTGDs	2596		fullTGDs	25339			newNonFullTGDs	0		newFullTGDs	4124
nonFullTGDs	2596		fullTGDs	25439			newNonFullTGDs	0		newFullTGDs	4024
nonFullTGDs	2596		fullTGDs	25539			newNonFullTGDs	0		newFullTGDs	3924
nonFullTGDs	2596		fullTGDs	25639			newNonFullTGDs	0		newFullTGDs	3824
nonFullTGDs	2596		fullTGDs	25739			newNonFullTGDs	0		newFullTGDs	3724
nonFullTGDs	2596		fullTGDs	25839			newNonFullTGDs	0		newFullTGDs	3624
nonFullTGDs	2596		fullTGDs	25939			newNonFullTGDs	0		newFullTGDs	3524
nonFullTGDs	2596		fullTGDs	26039			newNonFullTGDs	0		newFullTGDs	3424
nonFullTGDs	2596		fullTGDs	26139			newNonFullTGDs	0		newFullTGDs	3324
nonFullTGDs	2596		fullTGDs	26239			newNonFullTGDs	0		newFullTGDs	3224
nonFullTGDs	2596		fullTGDs	26339			newNonFullTGDs	0		newFullTGDs	3124
nonFullTGDs	2596		fullTGDs	26439			newNonFullTGDs	0		newFullTGDs	3024
nonFullTGDs	2596		fullTGDs	26539			newNonFullTGDs	0		newFullTGDs	2924
nonFullTGDs	2596		fullTGDs	26639			newNonFullTGDs	0		newFullTGDs	2824
nonFullTGDs	2596		fullTGDs	26739			newNonFullTGDs	0		newFullTGDs	2724
nonFullTGDs	2596		fullTGDs	26839			newNonFullTGDs	0		newFullTGDs	2624
nonFullTGDs	2596		fullTGDs	26939			newNonFullTGDs	0		newFullTGDs	2524
nonFullTGDs	2596		fullTGDs	27039			newNonFullTGDs	0		newFullTGDs	2424
nonFullTGDs	2596		fullTGDs	27139			newNonFullTGDs	0		newFullTGDs	2324
nonFullTGDs	2596		fullTGDs	27239			newNonFullTGDs	0		newFullTGDs	2224
nonFullTGDs	2596		fullTGDs	27339			newNonFullTGDs	0		newFullTGDs	2124
nonFullTGDs	2596		fullTGDs	27439			newNonFullTGDs	0		newFullTGDs	2024
nonFullTGDs	2596		fullTGDs	27539			newNonFullTGDs	0		newFullTGDs	1924
nonFullTGDs	2596		fullTGDs	27639			newNonFullTGDs	0		newFullTGDs	1824
nonFullTGDs	2596		fullTGDs	27739			newNonFullTGDs	0		newFullTGDs	1724
nonFullTGDs	2596		fullTGDs	27839			newNonFullTGDs	0		newFullTGDs	1624
nonFullTGDs	2596		fullTGDs	27939			newNonFullTGDs	0		newFullTGDs	1524
nonFullTGDs	2596		fullTGDs	28039			newNonFullTGDs	0		newFullTGDs	1424
nonFullTGDs	2596		fullTGDs	28139			newNonFullTGDs	0		newFullTGDs	1324
nonFullTGDs	2596		fullTGDs	28239			newNonFullTGDs	0		newFullTGDs	1224
nonFullTGDs	2596		fullTGDs	28339			newNonFullTGDs	0		newFullTGDs	1124
nonFullTGDs	2596		fullTGDs	28439			newNonFullTGDs	0		newFullTGDs	1024
nonFullTGDs	2596		fullTGDs	28539			newNonFullTGDs	0		newFullTGDs	924
nonFullTGDs	2596		fullTGDs	28639			newNonFullTGDs	0		newFullTGDs	824
nonFullTGDs	2596		fullTGDs	28739			newNonFullTGDs	0		newFullTGDs	724
nonFullTGDs	2596		fullTGDs	28839			newNonFullTGDs	0		newFullTGDs	624
nonFullTGDs	2596		fullTGDs	28939			newNonFullTGDs	0		newFullTGDs	524
nonFullTGDs	2596		fullTGDs	29039			newNonFullTGDs	0		newFullTGDs	424
nonFullTGDs	2596		fullTGDs	29139			newNonFullTGDs	0		newFullTGDs	324
nonFullTGDs	2596		fullTGDs	29239			newNonFullTGDs	0		newFullTGDs	224
nonFullTGDs	2596		fullTGDs	29339			newNonFullTGDs	0		newFullTGDs	124
nonFullTGDs	2596		fullTGDs	29439			newNonFullTGDs	0		newFullTGDs	24
Dec 06, 2021 11:35:15 PM uk.ac.ox.cs.gsat.SaturationStatistics log
INFO: # initial TGDs: 335 , 1382
Dec 06, 2021 11:35:15 PM uk.ac.ox.cs.gsat.SaturationStatistics log
INFO: SkSat total time : 1914 ms = 1.91 s
Dec 06, 2021 11:35:15 PM uk.ac.ox.cs.gsat.SaturationStatistics log
INFO: Subsumed elements : 0
Dec 06, 2021 11:35:15 PM uk.ac.ox.cs.gsat.SaturationStatistics log
INFO: Filter discarded elements : 0
Dec 06, 2021 11:35:15 PM uk.ac.ox.cs.gsat.SaturationStatistics log
INFO: subsumption time: 10 ms = 0.01 s
Dec 06, 2021 11:35:15 PM uk.ac.ox.cs.gsat.SaturationStatistics log
INFO: forward subsumption time: 8 ms = 0.01 s
Dec 06, 2021 11:35:15 PM uk.ac.ox.cs.gsat.SaturationStatistics log
INFO: backward subsumption time: 1 ms = 0.00 s
Dec 06, 2021 11:35:15 PM uk.ac.ox.cs.gsat.SaturationStatistics log
INFO: Derived full/non full TGDs: 29364 , 2235
Dec 06, 2021 11:35:15 PM uk.ac.ox.cs.gsat.SaturationStatistics log
INFO: discarded tautology count: 136
Dec 06, 2021 11:35:15 PM uk.ac.ox.cs.gsat.EvolveStatistics log
INFO: Stop because subsumed: 193
Dec 06, 2021 11:35:15 PM uk.ac.ox.cs.gsat.EvolveStatistics log
INFO: evolved equals to current: 0
Dec 06, 2021 11:35:15 PM uk.ac.ox.cs.gsat.EvolveStatistics log
INFO: evolved time: 745 ms = 0.74 s
Dec 06, 2021 11:35:15 PM uk.ac.ox.cs.gsat.EvolveStatistics log
INFO: evolve count: 48503
Dec 06, 2021 11:35:15 PM uk.ac.ox.cs.gsat.SkolemStatistics log
INFO: maximum number of Skolem atoms in body: 1
Dec 06, 2021 11:35:15 PM uk.ac.ox.cs.gsat.SkolemStatistics log
INFO: left derived TGD with Skolem in the body: 0
Dec 06, 2021 11:35:15 PM uk.ac.ox.cs.gsat.SkolemStatistics log
INFO: right derived TGD with Skolem in the body: 29264
Dec 06, 2021 11:35:15 PM uk.ac.ox.cs.gsat.SkolemStatistics log
INFO: derived TGD with more than two Skolem atoms in the body: 0
Dec 06, 2021 11:35:15 PM uk.ac.ox.cs.gsat.AbstractSaturation run
INFO: ouptput full TGDs not contained in the input: 0
Dec 06, 2021 11:35:15 PM uk.ac.ox.cs.gsat.App executeAllSteps
INFO: Rewriting completed!
Full TGD saturation: (335 dependecies)
Dec 06, 2021 11:35:15 PM uk.ac.ox.cs.gsat.App executeAllSteps
INFO: Writing the saturation in the Datalog file 00745.rul
