Starting Saturation...
Executing from DLGP files
SLF4J: Failed to load class "org.slf4j.impl.StaticLoggerBinder".
SLF4J: Defaulting to no-operation (NOP) logger implementation
SLF4J: See http://www.slf4j.org/codes.html#StaticLoggerBinder for further details.
# Rules: 5816; # Atoms: 0; # AtomSets: 0; # Queries: 0; # Constraints: 0
Full TGD saturation algorithm: hyperresolution Sat
Running HyperSat...
Nov 18, 2021 9:16:22 PM uk.ac.ox.cs.gsat.AbstractSaturation run
INFO: HyperSat discarded rules : 0/5816 = 0.000%
HyperSat discarded rules : 0/5816 = 0.000%
Nov 18, 2021 9:16:23 PM uk.ac.ox.cs.gsat.AbstractSaturation run
INFO: Subsumption method : tree_predicate
length of the formulas: 2.106338
number of bags: 20
length of the formulas: 2.106338
number of bags: 20
Nov 18, 2021 9:16:32 PM uk.ac.ox.cs.gsat.SaturationStatistics log
INFO: # initial TGDs: 4125 , 4884
Nov 18, 2021 9:16:32 PM uk.ac.ox.cs.gsat.SaturationStatistics log
INFO: HyperSat total time : 9565 ms = 9.56 s
Nov 18, 2021 9:16:32 PM uk.ac.ox.cs.gsat.SaturationStatistics log
INFO: Subsumed elements : 33909
Nov 18, 2021 9:16:32 PM uk.ac.ox.cs.gsat.SaturationStatistics log
INFO: Filter discarded elements : 794022
Nov 18, 2021 9:16:32 PM uk.ac.ox.cs.gsat.SaturationStatistics log
INFO: subsumption time: 837 ms = 0.84 s
Nov 18, 2021 9:16:32 PM uk.ac.ox.cs.gsat.SaturationStatistics log
INFO: forward subsumption time: 513 ms = 0.51 s
Nov 18, 2021 9:16:32 PM uk.ac.ox.cs.gsat.SaturationStatistics log
INFO: backward subsumption time: 324 ms = 0.32 s
Nov 18, 2021 9:16:32 PM uk.ac.ox.cs.gsat.SaturationStatistics log
INFO: Derived full/non full TGDs: 2879 , 86554
Nov 18, 2021 9:16:32 PM uk.ac.ox.cs.gsat.SaturationStatistics log
INFO: discarded tautology count: 397
Nov 18, 2021 9:16:32 PM uk.ac.ox.cs.gsat.HyperResolutionStatistics log
INFO: hyperresolution time: 7479 ms = 7.48 s
Nov 18, 2021 9:16:32 PM uk.ac.ox.cs.gsat.HyperResolutionStatistics log
INFO: hyperresolution count: 428515
Nov 18, 2021 9:16:32 PM uk.ac.ox.cs.gsat.HyperResolutionStatistics log
INFO: hyperresolution failure count: 338204
Nov 18, 2021 9:16:32 PM uk.ac.ox.cs.gsat.AbstractSaturation run
INFO: ouptput full TGDs not contained in the input: 2474
Nov 18, 2021 9:16:32 PM uk.ac.ox.cs.gsat.App executeAllSteps
INFO: Rewriting completed!
Full TGD saturation: (6599 dependecies)
Nov 18, 2021 9:16:32 PM uk.ac.ox.cs.gsat.App executeAllSteps
INFO: Writing the saturation in the Datalog file 00029.rul
