Starting Saturation...
Executing from DLGP files
SLF4J: Failed to load class "org.slf4j.impl.StaticLoggerBinder".
SLF4J: Defaulting to no-operation (NOP) logger implementation
SLF4J: See http://www.slf4j.org/codes.html#StaticLoggerBinder for further details.
# Rules: 235; # Atoms: 0; # AtomSets: 0; # Queries: 0; # Constraints: 0
Full TGD saturation algorithm: hyperresolution Sat
Running HyperSat...
Nov 18, 2021 11:33:21 PM uk.ac.ox.cs.gsat.AbstractSaturation run
INFO: HyperSat discarded rules : 0/235 = 0.000%
HyperSat discarded rules : 0/235 = 0.000%
Nov 18, 2021 11:33:21 PM uk.ac.ox.cs.gsat.AbstractSaturation run
INFO: Subsumption method : tree_predicate
length of the formulas: 2.0620155
number of bags: 3
length of the formulas: 2.0620155
number of bags: 3
Nov 18, 2021 11:33:21 PM uk.ac.ox.cs.gsat.SaturationStatistics log
INFO: # initial TGDs: 212 , 46
Nov 18, 2021 11:33:21 PM uk.ac.ox.cs.gsat.SaturationStatistics log
INFO: HyperSat total time : 121 ms = 0.12 s
Nov 18, 2021 11:33:21 PM uk.ac.ox.cs.gsat.SaturationStatistics log
INFO: Subsumed elements : 50
Nov 18, 2021 11:33:21 PM uk.ac.ox.cs.gsat.SaturationStatistics log
INFO: Filter discarded elements : 598
Nov 18, 2021 11:33:21 PM uk.ac.ox.cs.gsat.SaturationStatistics log
INFO: subsumption time: 8 ms = 0.01 s
Nov 18, 2021 11:33:21 PM uk.ac.ox.cs.gsat.SaturationStatistics log
INFO: forward subsumption time: 6 ms = 0.01 s
Nov 18, 2021 11:33:21 PM uk.ac.ox.cs.gsat.SaturationStatistics log
INFO: backward subsumption time: 2 ms = 0.00 s
Nov 18, 2021 11:33:21 PM uk.ac.ox.cs.gsat.SaturationStatistics log
INFO: Derived full/non full TGDs: 10 , 89
Nov 18, 2021 11:33:21 PM uk.ac.ox.cs.gsat.SaturationStatistics log
INFO: discarded tautology count: 1
Nov 18, 2021 11:33:21 PM uk.ac.ox.cs.gsat.HyperResolutionStatistics log
INFO: hyperresolution time: 13 ms = 0.01 s
Nov 18, 2021 11:33:21 PM uk.ac.ox.cs.gsat.HyperResolutionStatistics log
INFO: hyperresolution count: 111
Nov 18, 2021 11:33:21 PM uk.ac.ox.cs.gsat.HyperResolutionStatistics log
INFO: hyperresolution failure count: 10
Nov 18, 2021 11:33:21 PM uk.ac.ox.cs.gsat.AbstractSaturation run
INFO: ouptput full TGDs not contained in the input: 2
Nov 18, 2021 11:33:21 PM uk.ac.ox.cs.gsat.App executeAllSteps
INFO: Rewriting completed!
Full TGD saturation: (214 dependecies)
Nov 18, 2021 11:33:21 PM uk.ac.ox.cs.gsat.App executeAllSteps
INFO: Writing the saturation in the Datalog file 00055.rul
