Starting Saturation...
Executing from DLGP files
SLF4J: Failed to load class "org.slf4j.impl.StaticLoggerBinder".
SLF4J: Defaulting to no-operation (NOP) logger implementation
SLF4J: See http://www.slf4j.org/codes.html#StaticLoggerBinder for further details.
# Rules: 421; # Atoms: 0; # AtomSets: 0; # Queries: 0; # Constraints: 0
Full TGD saturation algorithm: hyperresolution Sat
Running HyperSat...
Nov 18, 2021 11:35:17 PM uk.ac.ox.cs.gsat.AbstractSaturation run
INFO: HyperSat discarded rules : 0/421 = 0.000%
HyperSat discarded rules : 0/421 = 0.000%
Nov 18, 2021 11:35:17 PM uk.ac.ox.cs.gsat.AbstractSaturation run
INFO: Subsumption method : tree_predicate
length of the formulas: 1.9946524
number of bags: 6
length of the formulas: 1.9946524
number of bags: 6
Nov 18, 2021 11:35:17 PM uk.ac.ox.cs.gsat.SaturationStatistics log
INFO: # initial TGDs: 244 , 317
Nov 18, 2021 11:35:17 PM uk.ac.ox.cs.gsat.SaturationStatistics log
INFO: HyperSat total time : 200 ms = 0.20 s
Nov 18, 2021 11:35:17 PM uk.ac.ox.cs.gsat.SaturationStatistics log
INFO: Subsumed elements : 37
Nov 18, 2021 11:35:17 PM uk.ac.ox.cs.gsat.SaturationStatistics log
INFO: Filter discarded elements : 3895
Nov 18, 2021 11:35:17 PM uk.ac.ox.cs.gsat.SaturationStatistics log
INFO: subsumption time: 13 ms = 0.01 s
Nov 18, 2021 11:35:17 PM uk.ac.ox.cs.gsat.SaturationStatistics log
INFO: forward subsumption time: 9 ms = 0.01 s
Nov 18, 2021 11:35:17 PM uk.ac.ox.cs.gsat.SaturationStatistics log
INFO: backward subsumption time: 4 ms = 0.00 s
Nov 18, 2021 11:35:17 PM uk.ac.ox.cs.gsat.SaturationStatistics log
INFO: Derived full/non full TGDs: 12 , 562
Nov 18, 2021 11:35:17 PM uk.ac.ox.cs.gsat.SaturationStatistics log
INFO: discarded tautology count: 11
Nov 18, 2021 11:35:17 PM uk.ac.ox.cs.gsat.HyperResolutionStatistics log
INFO: hyperresolution time: 37 ms = 0.04 s
Nov 18, 2021 11:35:17 PM uk.ac.ox.cs.gsat.HyperResolutionStatistics log
INFO: hyperresolution count: 575
Nov 18, 2021 11:35:17 PM uk.ac.ox.cs.gsat.HyperResolutionStatistics log
INFO: hyperresolution failure count: 0
Nov 18, 2021 11:35:17 PM uk.ac.ox.cs.gsat.AbstractSaturation run
INFO: ouptput full TGDs not contained in the input: 1
Nov 18, 2021 11:35:17 PM uk.ac.ox.cs.gsat.App executeAllSteps
INFO: Rewriting completed!
Full TGD saturation: (245 dependecies)
Nov 18, 2021 11:35:17 PM uk.ac.ox.cs.gsat.App executeAllSteps
INFO: Writing the saturation in the Datalog file 00110.rul
