Starting Saturation...
Executing from DLGP files
SLF4J: Failed to load class "org.slf4j.impl.StaticLoggerBinder".
SLF4J: Defaulting to no-operation (NOP) logger implementation
SLF4J: See http://www.slf4j.org/codes.html#StaticLoggerBinder for further details.
# Rules: 2675; # Atoms: 0; # AtomSets: 0; # Queries: 0; # Constraints: 0
Full TGD saturation algorithm: hyperresolution Sat
Running HyperSat...
Nov 18, 2021 11:52:37 PM uk.ac.ox.cs.gsat.AbstractSaturation run
INFO: HyperSat discarded rules : 0/2675 = 0.000%
HyperSat discarded rules : 0/2675 = 0.000%
Nov 18, 2021 11:52:37 PM uk.ac.ox.cs.gsat.AbstractSaturation run
INFO: Subsumption method : tree_predicate
length of the formulas: 2.0
number of bags: 15
length of the formulas: 2.0
number of bags: 15
Nov 18, 2021 11:52:38 PM uk.ac.ox.cs.gsat.SaturationStatistics log
INFO: # initial TGDs: 1616 , 2118
Nov 18, 2021 11:52:38 PM uk.ac.ox.cs.gsat.SaturationStatistics log
INFO: HyperSat total time : 552 ms = 0.55 s
Nov 18, 2021 11:52:38 PM uk.ac.ox.cs.gsat.SaturationStatistics log
INFO: Subsumed elements : 39
Nov 18, 2021 11:52:38 PM uk.ac.ox.cs.gsat.SaturationStatistics log
INFO: Filter discarded elements : 15445
Nov 18, 2021 11:52:38 PM uk.ac.ox.cs.gsat.SaturationStatistics log
INFO: subsumption time: 77 ms = 0.08 s
Nov 18, 2021 11:52:38 PM uk.ac.ox.cs.gsat.SaturationStatistics log
INFO: forward subsumption time: 62 ms = 0.06 s
Nov 18, 2021 11:52:38 PM uk.ac.ox.cs.gsat.SaturationStatistics log
INFO: backward subsumption time: 14 ms = 0.01 s
Nov 18, 2021 11:52:38 PM uk.ac.ox.cs.gsat.SaturationStatistics log
INFO: Derived full/non full TGDs: 0 , 3442
Nov 18, 2021 11:52:38 PM uk.ac.ox.cs.gsat.SaturationStatistics log
INFO: discarded tautology count: 0
Nov 18, 2021 11:52:38 PM uk.ac.ox.cs.gsat.HyperResolutionStatistics log
INFO: hyperresolution time: 141 ms = 0.14 s
Nov 18, 2021 11:52:38 PM uk.ac.ox.cs.gsat.HyperResolutionStatistics log
INFO: hyperresolution count: 3442
Nov 18, 2021 11:52:38 PM uk.ac.ox.cs.gsat.HyperResolutionStatistics log
INFO: hyperresolution failure count: 0
Nov 18, 2021 11:52:38 PM uk.ac.ox.cs.gsat.AbstractSaturation run
INFO: ouptput full TGDs not contained in the input: 0
Nov 18, 2021 11:52:38 PM uk.ac.ox.cs.gsat.App executeAllSteps
INFO: Rewriting completed!
Full TGD saturation: (1616 dependecies)
Nov 18, 2021 11:52:38 PM uk.ac.ox.cs.gsat.App executeAllSteps
INFO: Writing the saturation in the Datalog file 00360.rul
