Starting Saturation...
Executing from DLGP files
SLF4J: Failed to load class "org.slf4j.impl.StaticLoggerBinder".
SLF4J: Defaulting to no-operation (NOP) logger implementation
SLF4J: See http://www.slf4j.org/codes.html#StaticLoggerBinder for further details.
# Rules: 2293; # Atoms: 0; # AtomSets: 0; # Queries: 0; # Constraints: 0
Full TGD saturation algorithm: hyperresolution Sat
Running HyperSat...
Nov 19, 2021 1:01:45 AM uk.ac.ox.cs.gsat.AbstractSaturation run
INFO: HyperSat discarded rules : 0/2293 = 0.000%
HyperSat discarded rules : 0/2293 = 0.000%
Nov 19, 2021 1:01:45 AM uk.ac.ox.cs.gsat.AbstractSaturation run
INFO: Subsumption method : tree_predicate
length of the formulas: 2.0397396
number of bags: 13
length of the formulas: 2.0397396
number of bags: 13
Nov 19, 2021 1:01:47 AM uk.ac.ox.cs.gsat.SaturationStatistics log
INFO: # initial TGDs: 1463 , 1456
Nov 19, 2021 1:01:47 AM uk.ac.ox.cs.gsat.SaturationStatistics log
INFO: HyperSat total time : 2084 ms = 2.08 s
Nov 19, 2021 1:01:47 AM uk.ac.ox.cs.gsat.SaturationStatistics log
INFO: Subsumed elements : 203
Nov 19, 2021 1:01:47 AM uk.ac.ox.cs.gsat.SaturationStatistics log
INFO: Filter discarded elements : 42485
Nov 19, 2021 1:01:47 AM uk.ac.ox.cs.gsat.SaturationStatistics log
INFO: subsumption time: 75 ms = 0.08 s
Nov 19, 2021 1:01:47 AM uk.ac.ox.cs.gsat.SaturationStatistics log
INFO: forward subsumption time: 55 ms = 0.05 s
Nov 19, 2021 1:01:47 AM uk.ac.ox.cs.gsat.SaturationStatistics log
INFO: backward subsumption time: 21 ms = 0.02 s
Nov 19, 2021 1:01:47 AM uk.ac.ox.cs.gsat.SaturationStatistics log
INFO: Derived full/non full TGDs: 789 , 3462
Nov 19, 2021 1:01:47 AM uk.ac.ox.cs.gsat.SaturationStatistics log
INFO: discarded tautology count: 58
Nov 19, 2021 1:01:47 AM uk.ac.ox.cs.gsat.HyperResolutionStatistics log
INFO: hyperresolution time: 1678 ms = 1.68 s
Nov 19, 2021 1:01:47 AM uk.ac.ox.cs.gsat.HyperResolutionStatistics log
INFO: hyperresolution count: 58359
Nov 19, 2021 1:01:47 AM uk.ac.ox.cs.gsat.HyperResolutionStatistics log
INFO: hyperresolution failure count: 53454
Nov 19, 2021 1:01:47 AM uk.ac.ox.cs.gsat.AbstractSaturation run
INFO: ouptput full TGDs not contained in the input: 656
Nov 19, 2021 1:01:47 AM uk.ac.ox.cs.gsat.App executeAllSteps
INFO: Rewriting completed!
Full TGD saturation: (2119 dependecies)
Nov 19, 2021 1:01:47 AM uk.ac.ox.cs.gsat.App executeAllSteps
INFO: Writing the saturation in the Datalog file 00424.rul
