Starting Saturation...
Executing from DLGP files
SLF4J: Failed to load class "org.slf4j.impl.StaticLoggerBinder".
SLF4J: Defaulting to no-operation (NOP) logger implementation
SLF4J: See http://www.slf4j.org/codes.html#StaticLoggerBinder for further details.
# Rules: 9243; # Atoms: 0; # AtomSets: 0; # Queries: 0; # Constraints: 0
Full TGD saturation algorithm: hyperresolution Sat
Running HyperSat...
Nov 19, 2021 2:51:41 AM uk.ac.ox.cs.gsat.AbstractSaturation run
INFO: HyperSat discarded rules : 0/9243 = 0.000%
HyperSat discarded rules : 0/9243 = 0.000%
Nov 19, 2021 2:51:42 AM uk.ac.ox.cs.gsat.AbstractSaturation run
INFO: Subsumption method : tree_predicate
length of the formulas: 2.0
number of bags: 31
length of the formulas: 2.0
number of bags: 31
Nov 19, 2021 2:51:43 AM uk.ac.ox.cs.gsat.SaturationStatistics log
INFO: # initial TGDs: 3271 , 11944
Nov 19, 2021 2:51:43 AM uk.ac.ox.cs.gsat.SaturationStatistics log
INFO: HyperSat total time : 2192 ms = 2.19 s
Nov 19, 2021 2:51:43 AM uk.ac.ox.cs.gsat.SaturationStatistics log
INFO: Subsumed elements : 957
Nov 19, 2021 2:51:43 AM uk.ac.ox.cs.gsat.SaturationStatistics log
INFO: Filter discarded elements : 118793
Nov 19, 2021 2:51:43 AM uk.ac.ox.cs.gsat.SaturationStatistics log
INFO: subsumption time: 331 ms = 0.33 s
Nov 19, 2021 2:51:43 AM uk.ac.ox.cs.gsat.SaturationStatistics log
INFO: forward subsumption time: 255 ms = 0.26 s
Nov 19, 2021 2:51:43 AM uk.ac.ox.cs.gsat.SaturationStatistics log
INFO: backward subsumption time: 76 ms = 0.08 s
Nov 19, 2021 2:51:43 AM uk.ac.ox.cs.gsat.SaturationStatistics log
INFO: Derived full/non full TGDs: 0 , 32276
Nov 19, 2021 2:51:43 AM uk.ac.ox.cs.gsat.SaturationStatistics log
INFO: discarded tautology count: 0
Nov 19, 2021 2:51:43 AM uk.ac.ox.cs.gsat.HyperResolutionStatistics log
INFO: hyperresolution time: 586 ms = 0.59 s
Nov 19, 2021 2:51:43 AM uk.ac.ox.cs.gsat.HyperResolutionStatistics log
INFO: hyperresolution count: 32276
Nov 19, 2021 2:51:43 AM uk.ac.ox.cs.gsat.HyperResolutionStatistics log
INFO: hyperresolution failure count: 0
Nov 19, 2021 2:51:43 AM uk.ac.ox.cs.gsat.AbstractSaturation run
INFO: ouptput full TGDs not contained in the input: 0
Nov 19, 2021 2:51:43 AM uk.ac.ox.cs.gsat.App executeAllSteps
INFO: Rewriting completed!
Full TGD saturation: (3271 dependecies)
Nov 19, 2021 2:51:44 AM uk.ac.ox.cs.gsat.App executeAllSteps
INFO: Writing the saturation in the Datalog file 00544.rul
