Starting Saturation...
Executing from DLGP files
SLF4J: Failed to load class "org.slf4j.impl.StaticLoggerBinder".
SLF4J: Defaulting to no-operation (NOP) logger implementation
SLF4J: See http://www.slf4j.org/codes.html#StaticLoggerBinder for further details.
# Rules: 774; # Atoms: 0; # AtomSets: 0; # Queries: 0; # Constraints: 0
Full TGD saturation algorithm: hyperresolution Sat
Running HyperSat...
Nov 19, 2021 3:37:13 AM uk.ac.ox.cs.gsat.AbstractSaturation run
INFO: HyperSat discarded rules : 0/774 = 0.000%
HyperSat discarded rules : 0/774 = 0.000%
Nov 19, 2021 3:37:14 AM uk.ac.ox.cs.gsat.AbstractSaturation run
INFO: Subsumption method : tree_predicate
length of the formulas: 2.0866704
number of bags: 9
length of the formulas: 2.0866704
number of bags: 9
Nov 19, 2021 3:37:16 AM uk.ac.ox.cs.gsat.SaturationStatistics log
INFO: # initial TGDs: 419 , 1404
Nov 19, 2021 3:37:16 AM uk.ac.ox.cs.gsat.SaturationStatistics log
INFO: HyperSat total time : 2117 ms = 2.12 s
Nov 19, 2021 3:37:16 AM uk.ac.ox.cs.gsat.SaturationStatistics log
INFO: Subsumed elements : 1225
Nov 19, 2021 3:37:16 AM uk.ac.ox.cs.gsat.SaturationStatistics log
INFO: Filter discarded elements : 563731
Nov 19, 2021 3:37:16 AM uk.ac.ox.cs.gsat.SaturationStatistics log
INFO: subsumption time: 398 ms = 0.40 s
Nov 19, 2021 3:37:16 AM uk.ac.ox.cs.gsat.SaturationStatistics log
INFO: forward subsumption time: 263 ms = 0.26 s
Nov 19, 2021 3:37:16 AM uk.ac.ox.cs.gsat.SaturationStatistics log
INFO: backward subsumption time: 135 ms = 0.14 s
Nov 19, 2021 3:37:16 AM uk.ac.ox.cs.gsat.SaturationStatistics log
INFO: Derived full/non full TGDs: 290 , 20656
Nov 19, 2021 3:37:16 AM uk.ac.ox.cs.gsat.SaturationStatistics log
INFO: discarded tautology count: 158
Nov 19, 2021 3:37:16 AM uk.ac.ox.cs.gsat.HyperResolutionStatistics log
INFO: hyperresolution time: 1124 ms = 1.12 s
Nov 19, 2021 3:37:16 AM uk.ac.ox.cs.gsat.HyperResolutionStatistics log
INFO: hyperresolution count: 54806
Nov 19, 2021 3:37:16 AM uk.ac.ox.cs.gsat.HyperResolutionStatistics log
INFO: hyperresolution failure count: 33860
Nov 19, 2021 3:37:16 AM uk.ac.ox.cs.gsat.AbstractSaturation run
INFO: ouptput full TGDs not contained in the input: 0
Nov 19, 2021 3:37:16 AM uk.ac.ox.cs.gsat.App executeAllSteps
INFO: Rewriting completed!
Full TGD saturation: (419 dependecies)
Nov 19, 2021 3:37:16 AM uk.ac.ox.cs.gsat.App executeAllSteps
INFO: Writing the saturation in the Datalog file 00704.rul
