Starting Saturation...
Executing from DLGP files
SLF4J: Failed to load class "org.slf4j.impl.StaticLoggerBinder".
SLF4J: Defaulting to no-operation (NOP) logger implementation
SLF4J: See http://www.slf4j.org/codes.html#StaticLoggerBinder for further details.
# Rules: 856; # Atoms: 0; # AtomSets: 0; # Queries: 0; # Constraints: 0
Full TGD saturation algorithm: hyperresolution Sat
Running HyperSat...
Nov 19, 2021 3:42:47 AM uk.ac.ox.cs.gsat.AbstractSaturation run
INFO: HyperSat discarded rules : 0/856 = 0.000%
HyperSat discarded rules : 0/856 = 0.000%
Nov 19, 2021 3:42:47 AM uk.ac.ox.cs.gsat.AbstractSaturation run
INFO: Subsumption method : tree_predicate
length of the formulas: 2.0752544
number of bags: 11
length of the formulas: 2.0752544
number of bags: 11
Nov 19, 2021 3:42:50 AM uk.ac.ox.cs.gsat.SaturationStatistics log
INFO: # initial TGDs: 437 , 1822
Nov 19, 2021 3:42:50 AM uk.ac.ox.cs.gsat.SaturationStatistics log
INFO: HyperSat total time : 2767 ms = 2.77 s
Nov 19, 2021 3:42:50 AM uk.ac.ox.cs.gsat.SaturationStatistics log
INFO: Subsumed elements : 1555
Nov 19, 2021 3:42:50 AM uk.ac.ox.cs.gsat.SaturationStatistics log
INFO: Filter discarded elements : 532296
Nov 19, 2021 3:42:50 AM uk.ac.ox.cs.gsat.SaturationStatistics log
INFO: subsumption time: 487 ms = 0.49 s
Nov 19, 2021 3:42:50 AM uk.ac.ox.cs.gsat.SaturationStatistics log
INFO: forward subsumption time: 349 ms = 0.35 s
Nov 19, 2021 3:42:50 AM uk.ac.ox.cs.gsat.SaturationStatistics log
INFO: backward subsumption time: 138 ms = 0.14 s
Nov 19, 2021 3:42:50 AM uk.ac.ox.cs.gsat.SaturationStatistics log
INFO: Derived full/non full TGDs: 304 , 28948
Nov 19, 2021 3:42:50 AM uk.ac.ox.cs.gsat.SaturationStatistics log
INFO: discarded tautology count: 170
Nov 19, 2021 3:42:50 AM uk.ac.ox.cs.gsat.HyperResolutionStatistics log
INFO: hyperresolution time: 1463 ms = 1.46 s
Nov 19, 2021 3:42:50 AM uk.ac.ox.cs.gsat.HyperResolutionStatistics log
INFO: hyperresolution count: 77828
Nov 19, 2021 3:42:50 AM uk.ac.ox.cs.gsat.HyperResolutionStatistics log
INFO: hyperresolution failure count: 48576
Nov 19, 2021 3:42:50 AM uk.ac.ox.cs.gsat.AbstractSaturation run
INFO: ouptput full TGDs not contained in the input: 0
Nov 19, 2021 3:42:50 AM uk.ac.ox.cs.gsat.App executeAllSteps
INFO: Rewriting completed!
Full TGD saturation: (437 dependecies)
Nov 19, 2021 3:42:50 AM uk.ac.ox.cs.gsat.App executeAllSteps
INFO: Writing the saturation in the Datalog file 00747.rul
