Starting Saturation...
Executing from DLGP files
SLF4J: Failed to load class "org.slf4j.impl.StaticLoggerBinder".
SLF4J: Defaulting to no-operation (NOP) logger implementation
SLF4J: See http://www.slf4j.org/codes.html#StaticLoggerBinder for further details.
# Rules: 485; # Atoms: 0; # AtomSets: 0; # Queries: 0; # Constraints: 0
Full TGD saturation algorithm: GSat
Running GSat...
Nov 21, 2021 9:01:47 AM uk.ac.ox.cs.gsat.AbstractSaturation run
INFO: GSat discarded rules : 0/485 = 0.000%
GSat discarded rules : 0/485 = 0.000%
Nov 21, 2021 9:01:47 AM uk.ac.ox.cs.gsat.AbstractSaturation run
INFO: Subsumption method : tree_predicate
length of the formulas: 2.4975963
number of bags: 3
length of the formulas: 2.4975963
number of bags: 3
nonFullTGDs	0		fullTGDs	347			newNonFullTGDs	69		newFullTGDs	0
nonFullTGDs	69		fullTGDs	378			newNonFullTGDs	0		newFullTGDs	2965
nonFullTGDs	69		fullTGDs	478			newNonFullTGDs	0		newFullTGDs	2865
nonFullTGDs	69		fullTGDs	578			newNonFullTGDs	0		newFullTGDs	2765
nonFullTGDs	69		fullTGDs	678			newNonFullTGDs	0		newFullTGDs	2665
nonFullTGDs	69		fullTGDs	778			newNonFullTGDs	0		newFullTGDs	2565
nonFullTGDs	69		fullTGDs	878			newNonFullTGDs	0		newFullTGDs	2465
nonFullTGDs	69		fullTGDs	978			newNonFullTGDs	0		newFullTGDs	2365
nonFullTGDs	69		fullTGDs	1078			newNonFullTGDs	0		newFullTGDs	2265
nonFullTGDs	69		fullTGDs	1178			newNonFullTGDs	0		newFullTGDs	2165
nonFullTGDs	69		fullTGDs	1278			newNonFullTGDs	0		newFullTGDs	2065
nonFullTGDs	69		fullTGDs	1378			newNonFullTGDs	0		newFullTGDs	1965
nonFullTGDs	69		fullTGDs	1478			newNonFullTGDs	0		newFullTGDs	1865
nonFullTGDs	69		fullTGDs	1578			newNonFullTGDs	0		newFullTGDs	1765
nonFullTGDs	69		fullTGDs	1678			newNonFullTGDs	0		newFullTGDs	1665
nonFullTGDs	69		fullTGDs	1778			newNonFullTGDs	0		newFullTGDs	1565
nonFullTGDs	69		fullTGDs	1878			newNonFullTGDs	0		newFullTGDs	1465
nonFullTGDs	69		fullTGDs	1978			newNonFullTGDs	0		newFullTGDs	1365
nonFullTGDs	69		fullTGDs	2078			newNonFullTGDs	0		newFullTGDs	1265
nonFullTGDs	69		fullTGDs	2178			newNonFullTGDs	0		newFullTGDs	1165
nonFullTGDs	69		fullTGDs	2278			newNonFullTGDs	0		newFullTGDs	1065
nonFullTGDs	69		fullTGDs	2378			newNonFullTGDs	0		newFullTGDs	965
nonFullTGDs	69		fullTGDs	2478			newNonFullTGDs	0		newFullTGDs	865
nonFullTGDs	69		fullTGDs	2578			newNonFullTGDs	0		newFullTGDs	765
nonFullTGDs	69		fullTGDs	2678			newNonFullTGDs	0		newFullTGDs	665
nonFullTGDs	69		fullTGDs	2778			newNonFullTGDs	0		newFullTGDs	565
nonFullTGDs	69		fullTGDs	2878			newNonFullTGDs	0		newFullTGDs	465
nonFullTGDs	69		fullTGDs	2978			newNonFullTGDs	0		newFullTGDs	365
nonFullTGDs	69		fullTGDs	3078			newNonFullTGDs	0		newFullTGDs	265
nonFullTGDs	69		fullTGDs	3178			newNonFullTGDs	0		newFullTGDs	165
nonFullTGDs	69		fullTGDs	3278			newNonFullTGDs	0		newFullTGDs	65
Nov 21, 2021 9:01:47 AM uk.ac.ox.cs.gsat.SaturationStatistics log
INFO: # initial TGDs: 347 , 69
Nov 21, 2021 9:01:47 AM uk.ac.ox.cs.gsat.SaturationStatistics log
INFO: GSat total time : 736 ms = 0.74 s
Nov 21, 2021 9:01:47 AM uk.ac.ox.cs.gsat.SaturationStatistics log
INFO: Subsumed elements : 3065
Nov 21, 2021 9:01:47 AM uk.ac.ox.cs.gsat.SaturationStatistics log
INFO: Filter discarded elements : 1384069
Nov 21, 2021 9:01:47 AM uk.ac.ox.cs.gsat.SaturationStatistics log
INFO: subsumption time: 239 ms = 0.24 s
Nov 21, 2021 9:01:47 AM uk.ac.ox.cs.gsat.SaturationStatistics log
INFO: forward subsumption time: 148 ms = 0.15 s
Nov 21, 2021 9:01:47 AM uk.ac.ox.cs.gsat.SaturationStatistics log
INFO: backward subsumption time: 91 ms = 0.09 s
Nov 21, 2021 9:01:47 AM uk.ac.ox.cs.gsat.SaturationStatistics log
INFO: Derived full/non full TGDs: 2996 , 3065
Nov 21, 2021 9:01:47 AM uk.ac.ox.cs.gsat.SaturationStatistics log
INFO: discarded tautology count: 0
Nov 21, 2021 9:01:47 AM uk.ac.ox.cs.gsat.EvolveStatistics log
INFO: Stop because subsumed: 0
Nov 21, 2021 9:01:47 AM uk.ac.ox.cs.gsat.EvolveStatistics log
INFO: evolved equals to current: 0
Nov 21, 2021 9:01:47 AM uk.ac.ox.cs.gsat.EvolveStatistics log
INFO: evolved time: 285 ms = 0.28 s
Nov 21, 2021 9:01:47 AM uk.ac.ox.cs.gsat.EvolveStatistics log
INFO: evolve count: 4830
Nov 21, 2021 9:01:47 AM uk.ac.ox.cs.gsat.AbstractSaturation run
INFO: ouptput full TGDs not contained in the input: 2996
Nov 21, 2021 9:01:47 AM uk.ac.ox.cs.gsat.App executeAllSteps
INFO: Rewriting completed!
Full TGD saturation: (3343 dependecies)
Nov 21, 2021 9:01:47 AM uk.ac.ox.cs.gsat.App executeAllSteps
INFO: Writing the saturation in the Datalog file 00454.rul
