Starting Saturation...
Executing from DLGP files
SLF4J: Failed to load class "org.slf4j.impl.StaticLoggerBinder".
SLF4J: Defaulting to no-operation (NOP) logger implementation
SLF4J: See http://www.slf4j.org/codes.html#StaticLoggerBinder for further details.
# Rules: 9627; # Atoms: 0; # AtomSets: 0; # Queries: 0; # Constraints: 0
Full TGD saturation algorithm: GSat
Running GSat...
Nov 21, 2021 11:25:26 AM uk.ac.ox.cs.gsat.AbstractSaturation run
INFO: GSat discarded rules : 0/9627 = 0.000%
GSat discarded rules : 0/9627 = 0.000%
Nov 21, 2021 11:25:26 AM uk.ac.ox.cs.gsat.AbstractSaturation run
INFO: Subsumption method : tree_predicate
length of the formulas: 2.6519165
number of bags: 11
length of the formulas: 2.6519165
number of bags: 11
nonFullTGDs	0		fullTGDs	3351			newNonFullTGDs	6276		newFullTGDs	0
nonFullTGDs	16		fullTGDs	3351			newNonFullTGDs	6260		newFullTGDs	0
nonFullTGDs	36		fullTGDs	3351			newNonFullTGDs	6240		newFullTGDs	0
nonFullTGDs	55		fullTGDs	3351			newNonFullTGDs	6221		newFullTGDs	0
nonFullTGDs	70		fullTGDs	3351			newNonFullTGDs	6206		newFullTGDs	0
nonFullTGDs	82		fullTGDs	3351			newNonFullTGDs	6194		newFullTGDs	0
nonFullTGDs	100		fullTGDs	3351			newNonFullTGDs	6176		newFullTGDs	0
nonFullTGDs	126		fullTGDs	3351			newNonFullTGDs	6150		newFullTGDs	0
nonFullTGDs	144		fullTGDs	3351			newNonFullTGDs	6132		newFullTGDs	0
nonFullTGDs	165		fullTGDs	3351			newNonFullTGDs	6111		newFullTGDs	0
nonFullTGDs	185		fullTGDs	3351			newNonFullTGDs	6091		newFullTGDs	0
nonFullTGDs	205		fullTGDs	3351			newNonFullTGDs	6071		newFullTGDs	0
nonFullTGDs	225		fullTGDs	3351			newNonFullTGDs	6051		newFullTGDs	0
nonFullTGDs	247		fullTGDs	3351			newNonFullTGDs	6029		newFullTGDs	0
nonFullTGDs	266		fullTGDs	3351			newNonFullTGDs	6010		newFullTGDs	0
nonFullTGDs	281		fullTGDs	3351			newNonFullTGDs	5995		newFullTGDs	0
nonFullTGDs	301		fullTGDs	3351			newNonFullTGDs	5975		newFullTGDs	0
nonFullTGDs	316		fullTGDs	3351			newNonFullTGDs	5960		newFullTGDs	0
nonFullTGDs	330		fullTGDs	3351			newNonFullTGDs	5946		newFullTGDs	0
nonFullTGDs	340		fullTGDs	3351			newNonFullTGDs	5936		newFullTGDs	0
nonFullTGDs	351		fullTGDs	3351			newNonFullTGDs	5925		newFullTGDs	0
nonFullTGDs	364		fullTGDs	3351			newNonFullTGDs	5912		newFullTGDs	0
nonFullTGDs	376		fullTGDs	3351			newNonFullTGDs	5900		newFullTGDs	0
nonFullTGDs	389		fullTGDs	3351			newNonFullTGDs	5887		newFullTGDs	0
nonFullTGDs	401		fullTGDs	3351			newNonFullTGDs	5875		newFullTGDs	0
nonFullTGDs	420		fullTGDs	3351			newNonFullTGDs	5856		newFullTGDs	0
nonFullTGDs	438		fullTGDs	3351			newNonFullTGDs	5838		newFullTGDs	0
nonFullTGDs	452		fullTGDs	3351			newNonFullTGDs	5824		newFullTGDs	0
nonFullTGDs	466		fullTGDs	3351			newNonFullTGDs	5810		newFullTGDs	0
nonFullTGDs	486		fullTGDs	3351			newNonFullTGDs	5790		newFullTGDs	0
nonFullTGDs	513		fullTGDs	3351			newNonFullTGDs	5763		newFullTGDs	0
nonFullTGDs	532		fullTGDs	3351			newNonFullTGDs	5744		newFullTGDs	0
nonFullTGDs	552		fullTGDs	3351			newNonFullTGDs	5724		newFullTGDs	0
nonFullTGDs	576		fullTGDs	3351			newNonFullTGDs	5700		newFullTGDs	0
nonFullTGDs	597		fullTGDs	3351			newNonFullTGDs	5679		newFullTGDs	0
nonFullTGDs	617		fullTGDs	3351			newNonFullTGDs	5659		newFullTGDs	0
nonFullTGDs	640		fullTGDs	3351			newNonFullTGDs	5636		newFullTGDs	0
nonFullTGDs	664		fullTGDs	3351			newNonFullTGDs	5612		newFullTGDs	0
nonFullTGDs	682		fullTGDs	3351			newNonFullTGDs	5594		newFullTGDs	0
nonFullTGDs	698		fullTGDs	3351			newNonFullTGDs	5578		newFullTGDs	0
nonFullTGDs	735		fullTGDs	3351			newNonFullTGDs	5540		newFullTGDs	0
nonFullTGDs	825		fullTGDs	3351			newNonFullTGDs	5450		newFullTGDs	0
nonFullTGDs	892		fullTGDs	3351			newNonFullTGDs	5383		newFullTGDs	0
nonFullTGDs	912		fullTGDs	3351			newNonFullTGDs	5363		newFullTGDs	0
nonFullTGDs	926		fullTGDs	3351			newNonFullTGDs	5349		newFullTGDs	0
nonFullTGDs	940		fullTGDs	3351			newNonFullTGDs	5335		newFullTGDs	0
nonFullTGDs	955		fullTGDs	3351			newNonFullTGDs	5320		newFullTGDs	0
nonFullTGDs	972		fullTGDs	3351			newNonFullTGDs	5303		newFullTGDs	0
nonFullTGDs	994		fullTGDs	3351			newNonFullTGDs	5281		newFullTGDs	0
nonFullTGDs	1016		fullTGDs	3351			newNonFullTGDs	5259		newFullTGDs	0
nonFullTGDs	1034		fullTGDs	3351			newNonFullTGDs	5241		newFullTGDs	0
nonFullTGDs	1118		fullTGDs	3351			newNonFullTGDs	5157		newFullTGDs	0
nonFullTGDs	1166		fullTGDs	3351			newNonFullTGDs	5109		newFullTGDs	0
nonFullTGDs	1183		fullTGDs	3351			newNonFullTGDs	5092		newFullTGDs	0
nonFullTGDs	1202		fullTGDs	3351			newNonFullTGDs	5073		newFullTGDs	0
nonFullTGDs	1228		fullTGDs	3351			newNonFullTGDs	5047		newFullTGDs	0
nonFullTGDs	1248		fullTGDs	3351			newNonFullTGDs	5027		newFullTGDs	0
nonFullTGDs	1266		fullTGDs	3351			newNonFullTGDs	5009		newFullTGDs	0
nonFullTGDs	1290		fullTGDs	3351			newNonFullTGDs	4985		newFullTGDs	0
nonFullTGDs	1308		fullTGDs	3351			newNonFullTGDs	4967		newFullTGDs	0
nonFullTGDs	1327		fullTGDs	3351			newNonFullTGDs	4948		newFullTGDs	0
nonFullTGDs	1345		fullTGDs	3351			newNonFullTGDs	4930		newFullTGDs	0
nonFullTGDs	1364		fullTGDs	3351			newNonFullTGDs	4911		newFullTGDs	0
nonFullTGDs	1381		fullTGDs	3351			newNonFullTGDs	4894		newFullTGDs	0
nonFullTGDs	1401		fullTGDs	3351			newNonFullTGDs	4874		newFullTGDs	0
nonFullTGDs	1421		fullTGDs	3351			newNonFullTGDs	4854		newFullTGDs	0
nonFullTGDs	1440		fullTGDs	3351			newNonFullTGDs	4835		newFullTGDs	0
nonFullTGDs	1463		fullTGDs	3351			newNonFullTGDs	4812		newFullTGDs	0
nonFullTGDs	1477		fullTGDs	3351			newNonFullTGDs	4798		newFullTGDs	0
nonFullTGDs	1495		fullTGDs	3351			newNonFullTGDs	4780		newFullTGDs	0
nonFullTGDs	1510		fullTGDs	3351			newNonFullTGDs	4765		newFullTGDs	0
nonFullTGDs	1534		fullTGDs	3351			newNonFullTGDs	4741		newFullTGDs	0
nonFullTGDs	1552		fullTGDs	3351			newNonFullTGDs	4723		newFullTGDs	0
nonFullTGDs	1580		fullTGDs	3351			newNonFullTGDs	4695		newFullTGDs	0
nonFullTGDs	1601		fullTGDs	3351			newNonFullTGDs	4674		newFullTGDs	0
nonFullTGDs	1621		fullTGDs	3351			newNonFullTGDs	4654		newFullTGDs	0
nonFullTGDs	1641		fullTGDs	3351			newNonFullTGDs	4634		newFullTGDs	0
nonFullTGDs	1662		fullTGDs	3351			newNonFullTGDs	4613		newFullTGDs	0
nonFullTGDs	1688		fullTGDs	3351			newNonFullTGDs	4587		newFullTGDs	0
nonFullTGDs	1704		fullTGDs	3351			newNonFullTGDs	4571		newFullTGDs	0
nonFullTGDs	1726		fullTGDs	3351			newNonFullTGDs	4549		newFullTGDs	0
nonFullTGDs	1748		fullTGDs	3351			newNonFullTGDs	4527		newFullTGDs	0
nonFullTGDs	1785		fullTGDs	3351			newNonFullTGDs	4490		newFullTGDs	0
nonFullTGDs	1809		fullTGDs	3351			newNonFullTGDs	4466		newFullTGDs	0
nonFullTGDs	1834		fullTGDs	3351			newNonFullTGDs	4441		newFullTGDs	0
nonFullTGDs	1861		fullTGDs	3351			newNonFullTGDs	4414		newFullTGDs	0
nonFullTGDs	1887		fullTGDs	3351			newNonFullTGDs	4388		newFullTGDs	0
nonFullTGDs	1912		fullTGDs	3351			newNonFullTGDs	4363		newFullTGDs	0
nonFullTGDs	1938		fullTGDs	3351			newNonFullTGDs	4337		newFullTGDs	0
nonFullTGDs	1962		fullTGDs	3351			newNonFullTGDs	4313		newFullTGDs	0
nonFullTGDs	1988		fullTGDs	3351			newNonFullTGDs	4287		newFullTGDs	0
nonFullTGDs	2013		fullTGDs	3351			newNonFullTGDs	4262		newFullTGDs	0
nonFullTGDs	2040		fullTGDs	3351			newNonFullTGDs	4235		newFullTGDs	0
nonFullTGDs	2064		fullTGDs	3351			newNonFullTGDs	4211		newFullTGDs	0
nonFullTGDs	2090		fullTGDs	3351			newNonFullTGDs	4185		newFullTGDs	0
nonFullTGDs	2116		fullTGDs	3351			newNonFullTGDs	4159		newFullTGDs	0
nonFullTGDs	2140		fullTGDs	3351			newNonFullTGDs	4135		newFullTGDs	0
nonFullTGDs	2161		fullTGDs	3351			newNonFullTGDs	4114		newFullTGDs	0
nonFullTGDs	2180		fullTGDs	3351			newNonFullTGDs	4095		newFullTGDs	0
nonFullTGDs	2202		fullTGDs	3351			newNonFullTGDs	4073		newFullTGDs	0
nonFullTGDs	2223		fullTGDs	3351			newNonFullTGDs	4052		newFullTGDs	0
nonFullTGDs	2242		fullTGDs	3351			newNonFullTGDs	4033		newFullTGDs	0
nonFullTGDs	2256		fullTGDs	3351			newNonFullTGDs	4019		newFullTGDs	0
nonFullTGDs	2273		fullTGDs	3351			newNonFullTGDs	4002		newFullTGDs	0
nonFullTGDs	2291		fullTGDs	3351			newNonFullTGDs	3984		newFullTGDs	0
nonFullTGDs	2303		fullTGDs	3351			newNonFullTGDs	3972		newFullTGDs	0
nonFullTGDs	2312		fullTGDs	3351			newNonFullTGDs	3963		newFullTGDs	0
nonFullTGDs	2322		fullTGDs	3351			newNonFullTGDs	3953		newFullTGDs	0
nonFullTGDs	2331		fullTGDs	3351			newNonFullTGDs	3944		newFullTGDs	0
nonFullTGDs	2341		fullTGDs	3351			newNonFullTGDs	3934		newFullTGDs	0
nonFullTGDs	2350		fullTGDs	3351			newNonFullTGDs	3925		newFullTGDs	0
nonFullTGDs	2360		fullTGDs	3351			newNonFullTGDs	3915		newFullTGDs	0
nonFullTGDs	2372		fullTGDs	3351			newNonFullTGDs	3903		newFullTGDs	0
nonFullTGDs	2386		fullTGDs	3351			newNonFullTGDs	3889		newFullTGDs	0
nonFullTGDs	2427		fullTGDs	3351			newNonFullTGDs	3848		newFullTGDs	0
nonFullTGDs	2448		fullTGDs	3351			newNonFullTGDs	3827		newFullTGDs	0
nonFullTGDs	2467		fullTGDs	3351			newNonFullTGDs	3808		newFullTGDs	0
nonFullTGDs	2485		fullTGDs	3351			newNonFullTGDs	3790		newFullTGDs	0
nonFullTGDs	2507		fullTGDs	3351			newNonFullTGDs	3768		newFullTGDs	0
nonFullTGDs	2523		fullTGDs	3351			newNonFullTGDs	3752		newFullTGDs	0
nonFullTGDs	2540		fullTGDs	3351			newNonFullTGDs	3735		newFullTGDs	0
nonFullTGDs	2557		fullTGDs	3351			newNonFullTGDs	3718		newFullTGDs	0
nonFullTGDs	2573		fullTGDs	3351			newNonFullTGDs	3702		newFullTGDs	0
nonFullTGDs	2593		fullTGDs	3351			newNonFullTGDs	3682		newFullTGDs	0
nonFullTGDs	2613		fullTGDs	3351			newNonFullTGDs	3662		newFullTGDs	0
nonFullTGDs	2631		fullTGDs	3351			newNonFullTGDs	3644		newFullTGDs	0
nonFullTGDs	2647		fullTGDs	3351			newNonFullTGDs	3628		newFullTGDs	0
nonFullTGDs	2662		fullTGDs	3351			newNonFullTGDs	3613		newFullTGDs	0
nonFullTGDs	2678		fullTGDs	3351			newNonFullTGDs	3597		newFullTGDs	0
nonFullTGDs	2693		fullTGDs	3351			newNonFullTGDs	3582		newFullTGDs	0
nonFullTGDs	2705		fullTGDs	3351			newNonFullTGDs	3570		newFullTGDs	0
nonFullTGDs	2715		fullTGDs	3351			newNonFullTGDs	3560		newFullTGDs	0
nonFullTGDs	2725		fullTGDs	3351			newNonFullTGDs	3550		newFullTGDs	0
nonFullTGDs	2737		fullTGDs	3351			newNonFullTGDs	3538		newFullTGDs	0
nonFullTGDs	2751		fullTGDs	3351			newNonFullTGDs	3524		newFullTGDs	0
nonFullTGDs	2764		fullTGDs	3351			newNonFullTGDs	3511		newFullTGDs	0
nonFullTGDs	2778		fullTGDs	3351			newNonFullTGDs	3497		newFullTGDs	0
nonFullTGDs	2791		fullTGDs	3351			newNonFullTGDs	3484		newFullTGDs	0
nonFullTGDs	2803		fullTGDs	3351			newNonFullTGDs	3472		newFullTGDs	0
nonFullTGDs	2815		fullTGDs	3351			newNonFullTGDs	3460		newFullTGDs	0
nonFullTGDs	2828		fullTGDs	3351			newNonFullTGDs	3447		newFullTGDs	0
nonFullTGDs	2840		fullTGDs	3351			newNonFullTGDs	3435		newFullTGDs	0
nonFullTGDs	2853		fullTGDs	3351			newNonFullTGDs	3422		newFullTGDs	0
nonFullTGDs	2865		fullTGDs	3351			newNonFullTGDs	3410		newFullTGDs	0
nonFullTGDs	2878		fullTGDs	3351			newNonFullTGDs	3397		newFullTGDs	0
nonFullTGDs	2890		fullTGDs	3351			newNonFullTGDs	3385		newFullTGDs	0
nonFullTGDs	2903		fullTGDs	3351			newNonFullTGDs	3372		newFullTGDs	0
nonFullTGDs	2931		fullTGDs	3351			newNonFullTGDs	3344		newFullTGDs	0
nonFullTGDs	2951		fullTGDs	3351			newNonFullTGDs	3324		newFullTGDs	0
nonFullTGDs	2973		fullTGDs	3351			newNonFullTGDs	3302		newFullTGDs	0
nonFullTGDs	2987		fullTGDs	3351			newNonFullTGDs	3288		newFullTGDs	0
nonFullTGDs	3006		fullTGDs	3351			newNonFullTGDs	3269		newFullTGDs	0
nonFullTGDs	3026		fullTGDs	3351			newNonFullTGDs	3249		newFullTGDs	0
nonFullTGDs	3045		fullTGDs	3351			newNonFullTGDs	3230		newFullTGDs	0
nonFullTGDs	3064		fullTGDs	3351			newNonFullTGDs	3211		newFullTGDs	0
nonFullTGDs	3084		fullTGDs	3351			newNonFullTGDs	3191		newFullTGDs	0
nonFullTGDs	3104		fullTGDs	3351			newNonFullTGDs	3171		newFullTGDs	0
nonFullTGDs	3121		fullTGDs	3351			newNonFullTGDs	3154		newFullTGDs	0
nonFullTGDs	3143		fullTGDs	3351			newNonFullTGDs	3132		newFullTGDs	0
nonFullTGDs	3161		fullTGDs	3351			newNonFullTGDs	3114		newFullTGDs	0
nonFullTGDs	3177		fullTGDs	3351			newNonFullTGDs	3098		newFullTGDs	0
nonFullTGDs	3193		fullTGDs	3351			newNonFullTGDs	3082		newFullTGDs	0
nonFullTGDs	3209		fullTGDs	3351			newNonFullTGDs	3066		newFullTGDs	0
nonFullTGDs	3221		fullTGDs	3351			newNonFullTGDs	3054		newFullTGDs	0
nonFullTGDs	3230		fullTGDs	3351			newNonFullTGDs	3045		newFullTGDs	0
nonFullTGDs	3241		fullTGDs	3351			newNonFullTGDs	3034		newFullTGDs	0
nonFullTGDs	3253		fullTGDs	3351			newNonFullTGDs	3022		newFullTGDs	0
nonFullTGDs	3267		fullTGDs	3351			newNonFullTGDs	3008		newFullTGDs	0
nonFullTGDs	3294		fullTGDs	3351			newNonFullTGDs	2981		newFullTGDs	0
nonFullTGDs	3314		fullTGDs	3351			newNonFullTGDs	2961		newFullTGDs	0
nonFullTGDs	3344		fullTGDs	3351			newNonFullTGDs	2931		newFullTGDs	0
nonFullTGDs	3364		fullTGDs	3351			newNonFullTGDs	2911		newFullTGDs	0
nonFullTGDs	3373		fullTGDs	3351			newNonFullTGDs	2902		newFullTGDs	0
nonFullTGDs	3387		fullTGDs	3351			newNonFullTGDs	2888		newFullTGDs	0
nonFullTGDs	3407		fullTGDs	3351			newNonFullTGDs	2868		newFullTGDs	0
nonFullTGDs	3428		fullTGDs	3351			newNonFullTGDs	2847		newFullTGDs	0
nonFullTGDs	3443		fullTGDs	3351			newNonFullTGDs	2832		newFullTGDs	0
nonFullTGDs	3456		fullTGDs	3351			newNonFullTGDs	2819		newFullTGDs	0
nonFullTGDs	3468		fullTGDs	3351			newNonFullTGDs	2807		newFullTGDs	0
nonFullTGDs	3484		fullTGDs	3351			newNonFullTGDs	2791		newFullTGDs	0
nonFullTGDs	3500		fullTGDs	3351			newNonFullTGDs	2775		newFullTGDs	0
nonFullTGDs	3524		fullTGDs	3351			newNonFullTGDs	2751		newFullTGDs	0
nonFullTGDs	3548		fullTGDs	3351			newNonFullTGDs	2727		newFullTGDs	0
nonFullTGDs	3561		fullTGDs	3351			newNonFullTGDs	2714		newFullTGDs	0
nonFullTGDs	3574		fullTGDs	3351			newNonFullTGDs	2701		newFullTGDs	0
nonFullTGDs	3586		fullTGDs	3351			newNonFullTGDs	2689		newFullTGDs	0
nonFullTGDs	3599		fullTGDs	3351			newNonFullTGDs	2676		newFullTGDs	0
nonFullTGDs	3626		fullTGDs	3351			newNonFullTGDs	2649		newFullTGDs	0
nonFullTGDs	3634		fullTGDs	3351			newNonFullTGDs	2641		newFullTGDs	0
nonFullTGDs	3645		fullTGDs	3351			newNonFullTGDs	2630		newFullTGDs	0
nonFullTGDs	3655		fullTGDs	3351			newNonFullTGDs	2620		newFullTGDs	0
nonFullTGDs	3665		fullTGDs	3351			newNonFullTGDs	2610		newFullTGDs	0
nonFullTGDs	3680		fullTGDs	3351			newNonFullTGDs	2595		newFullTGDs	0
nonFullTGDs	3695		fullTGDs	3351			newNonFullTGDs	2580		newFullTGDs	0
nonFullTGDs	3705		fullTGDs	3351			newNonFullTGDs	2570		newFullTGDs	0
nonFullTGDs	3713		fullTGDs	3351			newNonFullTGDs	2562		newFullTGDs	0
nonFullTGDs	3721		fullTGDs	3351			newNonFullTGDs	2554		newFullTGDs	0
nonFullTGDs	3730		fullTGDs	3351			newNonFullTGDs	2545		newFullTGDs	0
nonFullTGDs	3745		fullTGDs	3351			newNonFullTGDs	2530		newFullTGDs	0
nonFullTGDs	3761		fullTGDs	3351			newNonFullTGDs	2514		newFullTGDs	0
nonFullTGDs	3777		fullTGDs	3351			newNonFullTGDs	2498		newFullTGDs	0
nonFullTGDs	3800		fullTGDs	3351			newNonFullTGDs	2475		newFullTGDs	0
nonFullTGDs	3899		fullTGDs	3351			newNonFullTGDs	2376		newFullTGDs	0
nonFullTGDs	3922		fullTGDs	3351			newNonFullTGDs	2353		newFullTGDs	0
nonFullTGDs	3942		fullTGDs	3351			newNonFullTGDs	2333		newFullTGDs	0
nonFullTGDs	3962		fullTGDs	3351			newNonFullTGDs	2313		newFullTGDs	0
nonFullTGDs	3995		fullTGDs	3351			newNonFullTGDs	2280		newFullTGDs	0
nonFullTGDs	4015		fullTGDs	3351			newNonFullTGDs	2260		newFullTGDs	0
nonFullTGDs	4035		fullTGDs	3351			newNonFullTGDs	2240		newFullTGDs	0
nonFullTGDs	4052		fullTGDs	3351			newNonFullTGDs	2223		newFullTGDs	0
nonFullTGDs	4068		fullTGDs	3351			newNonFullTGDs	2207		newFullTGDs	0
nonFullTGDs	4087		fullTGDs	3351			newNonFullTGDs	2188		newFullTGDs	0
nonFullTGDs	4105		fullTGDs	3351			newNonFullTGDs	2170		newFullTGDs	0
nonFullTGDs	4121		fullTGDs	3351			newNonFullTGDs	2154		newFullTGDs	0
nonFullTGDs	4138		fullTGDs	3351			newNonFullTGDs	2137		newFullTGDs	0
nonFullTGDs	4155		fullTGDs	3351			newNonFullTGDs	2120		newFullTGDs	0
nonFullTGDs	4171		fullTGDs	3351			newNonFullTGDs	2104		newFullTGDs	0
nonFullTGDs	4227		fullTGDs	3351			newNonFullTGDs	2048		newFullTGDs	0
nonFullTGDs	4243		fullTGDs	3351			newNonFullTGDs	2032		newFullTGDs	0
nonFullTGDs	4260		fullTGDs	3351			newNonFullTGDs	2015		newFullTGDs	0
nonFullTGDs	4278		fullTGDs	3351			newNonFullTGDs	1997		newFullTGDs	0
nonFullTGDs	4293		fullTGDs	3351			newNonFullTGDs	1982		newFullTGDs	0
nonFullTGDs	4310		fullTGDs	3351			newNonFullTGDs	1965		newFullTGDs	0
nonFullTGDs	4326		fullTGDs	3351			newNonFullTGDs	1949		newFullTGDs	0
nonFullTGDs	4336		fullTGDs	3351			newNonFullTGDs	1939		newFullTGDs	0
nonFullTGDs	4346		fullTGDs	3351			newNonFullTGDs	1929		newFullTGDs	0
nonFullTGDs	4362		fullTGDs	3351			newNonFullTGDs	1913		newFullTGDs	0
nonFullTGDs	4383		fullTGDs	3351			newNonFullTGDs	1892		newFullTGDs	0
nonFullTGDs	4403		fullTGDs	3351			newNonFullTGDs	1872		newFullTGDs	0
nonFullTGDs	4419		fullTGDs	3351			newNonFullTGDs	1856		newFullTGDs	0
nonFullTGDs	4435		fullTGDs	3351			newNonFullTGDs	1840		newFullTGDs	0
nonFullTGDs	4454		fullTGDs	3351			newNonFullTGDs	1821		newFullTGDs	0
nonFullTGDs	4484		fullTGDs	3351			newNonFullTGDs	1791		newFullTGDs	0
nonFullTGDs	4506		fullTGDs	3351			newNonFullTGDs	1769		newFullTGDs	0
nonFullTGDs	4526		fullTGDs	3351			newNonFullTGDs	1749		newFullTGDs	0
nonFullTGDs	4543		fullTGDs	3351			newNonFullTGDs	1732		newFullTGDs	0
nonFullTGDs	4562		fullTGDs	3351			newNonFullTGDs	1713		newFullTGDs	0
nonFullTGDs	4582		fullTGDs	3351			newNonFullTGDs	1693		newFullTGDs	0
nonFullTGDs	4601		fullTGDs	3351			newNonFullTGDs	1674		newFullTGDs	0
nonFullTGDs	4621		fullTGDs	3351			newNonFullTGDs	1654		newFullTGDs	0
nonFullTGDs	4643		fullTGDs	3351			newNonFullTGDs	1632		newFullTGDs	0
nonFullTGDs	4663		fullTGDs	3351			newNonFullTGDs	1612		newFullTGDs	0
nonFullTGDs	4683		fullTGDs	3351			newNonFullTGDs	1592		newFullTGDs	0
nonFullTGDs	4703		fullTGDs	3351			newNonFullTGDs	1572		newFullTGDs	0
nonFullTGDs	4726		fullTGDs	3351			newNonFullTGDs	1549		newFullTGDs	0
nonFullTGDs	4740		fullTGDs	3351			newNonFullTGDs	1535		newFullTGDs	0
nonFullTGDs	4754		fullTGDs	3351			newNonFullTGDs	1521		newFullTGDs	0
nonFullTGDs	4768		fullTGDs	3351			newNonFullTGDs	1507		newFullTGDs	0
nonFullTGDs	4782		fullTGDs	3351			newNonFullTGDs	1493		newFullTGDs	0
nonFullTGDs	4802		fullTGDs	3351			newNonFullTGDs	1473		newFullTGDs	0
nonFullTGDs	4826		fullTGDs	3351			newNonFullTGDs	1449		newFullTGDs	0
nonFullTGDs	4876		fullTGDs	3351			newNonFullTGDs	1399		newFullTGDs	0
nonFullTGDs	4911		fullTGDs	3351			newNonFullTGDs	1364		newFullTGDs	0
nonFullTGDs	4926		fullTGDs	3351			newNonFullTGDs	1349		newFullTGDs	0
nonFullTGDs	4947		fullTGDs	3351			newNonFullTGDs	1328		newFullTGDs	0
nonFullTGDs	4967		fullTGDs	3351			newNonFullTGDs	1308		newFullTGDs	0
nonFullTGDs	4987		fullTGDs	3351			newNonFullTGDs	1288		newFullTGDs	0
nonFullTGDs	5006		fullTGDs	3351			newNonFullTGDs	1269		newFullTGDs	0
nonFullTGDs	5024		fullTGDs	3351			newNonFullTGDs	1251		newFullTGDs	0
nonFullTGDs	5036		fullTGDs	3351			newNonFullTGDs	1239		newFullTGDs	0
nonFullTGDs	5057		fullTGDs	3351			newNonFullTGDs	1218		newFullTGDs	0
nonFullTGDs	5072		fullTGDs	3351			newNonFullTGDs	1203		newFullTGDs	0
nonFullTGDs	5087		fullTGDs	3351			newNonFullTGDs	1188		newFullTGDs	0
nonFullTGDs	5104		fullTGDs	3351			newNonFullTGDs	1171		newFullTGDs	0
nonFullTGDs	5123		fullTGDs	3351			newNonFullTGDs	1152		newFullTGDs	0
nonFullTGDs	5143		fullTGDs	3351			newNonFullTGDs	1132		newFullTGDs	0
nonFullTGDs	5161		fullTGDs	3351			newNonFullTGDs	1114		newFullTGDs	0
nonFullTGDs	5179		fullTGDs	3351			newNonFullTGDs	1096		newFullTGDs	0
nonFullTGDs	5198		fullTGDs	3351			newNonFullTGDs	1077		newFullTGDs	0
nonFullTGDs	5218		fullTGDs	3351			newNonFullTGDs	1057		newFullTGDs	0
nonFullTGDs	5238		fullTGDs	3351			newNonFullTGDs	1037		newFullTGDs	0
nonFullTGDs	5252		fullTGDs	3351			newNonFullTGDs	1023		newFullTGDs	0
nonFullTGDs	5267		fullTGDs	3351			newNonFullTGDs	1008		newFullTGDs	0
nonFullTGDs	5278		fullTGDs	3351			newNonFullTGDs	997		newFullTGDs	0
nonFullTGDs	5288		fullTGDs	3351			newNonFullTGDs	987		newFullTGDs	0
nonFullTGDs	5297		fullTGDs	3351			newNonFullTGDs	978		newFullTGDs	0
nonFullTGDs	5308		fullTGDs	3351			newNonFullTGDs	967		newFullTGDs	0
nonFullTGDs	5321		fullTGDs	3351			newNonFullTGDs	954		newFullTGDs	0
nonFullTGDs	5332		fullTGDs	3351			newNonFullTGDs	943		newFullTGDs	0
nonFullTGDs	5343		fullTGDs	3351			newNonFullTGDs	932		newFullTGDs	0
nonFullTGDs	5359		fullTGDs	3351			newNonFullTGDs	916		newFullTGDs	0
nonFullTGDs	5375		fullTGDs	3351			newNonFullTGDs	900		newFullTGDs	0
nonFullTGDs	5398		fullTGDs	3351			newNonFullTGDs	877		newFullTGDs	0
nonFullTGDs	5414		fullTGDs	3351			newNonFullTGDs	861		newFullTGDs	0
nonFullTGDs	5430		fullTGDs	3351			newNonFullTGDs	845		newFullTGDs	0
nonFullTGDs	5445		fullTGDs	3351			newNonFullTGDs	830		newFullTGDs	0
nonFullTGDs	5457		fullTGDs	3351			newNonFullTGDs	818		newFullTGDs	0
nonFullTGDs	5471		fullTGDs	3351			newNonFullTGDs	804		newFullTGDs	0
nonFullTGDs	5487		fullTGDs	3351			newNonFullTGDs	788		newFullTGDs	0
nonFullTGDs	5503		fullTGDs	3351			newNonFullTGDs	772		newFullTGDs	0
nonFullTGDs	5513		fullTGDs	3351			newNonFullTGDs	762		newFullTGDs	0
nonFullTGDs	5528		fullTGDs	3351			newNonFullTGDs	747		newFullTGDs	0
nonFullTGDs	5542		fullTGDs	3351			newNonFullTGDs	733		newFullTGDs	0
nonFullTGDs	5556		fullTGDs	3351			newNonFullTGDs	719		newFullTGDs	0
nonFullTGDs	5571		fullTGDs	3351			newNonFullTGDs	704		newFullTGDs	0
nonFullTGDs	5589		fullTGDs	3351			newNonFullTGDs	686		newFullTGDs	0
nonFullTGDs	5609		fullTGDs	3351			newNonFullTGDs	666		newFullTGDs	0
nonFullTGDs	5632		fullTGDs	3351			newNonFullTGDs	643		newFullTGDs	0
nonFullTGDs	5647		fullTGDs	3351			newNonFullTGDs	628		newFullTGDs	0
nonFullTGDs	5657		fullTGDs	3351			newNonFullTGDs	618		newFullTGDs	0
nonFullTGDs	5668		fullTGDs	3351			newNonFullTGDs	607		newFullTGDs	0
nonFullTGDs	5688		fullTGDs	3351			newNonFullTGDs	587		newFullTGDs	0
nonFullTGDs	5708		fullTGDs	3351			newNonFullTGDs	567		newFullTGDs	0
nonFullTGDs	5728		fullTGDs	3351			newNonFullTGDs	547		newFullTGDs	0
nonFullTGDs	5740		fullTGDs	3351			newNonFullTGDs	535		newFullTGDs	0
nonFullTGDs	5760		fullTGDs	3351			newNonFullTGDs	515		newFullTGDs	0
nonFullTGDs	5780		fullTGDs	3351			newNonFullTGDs	495		newFullTGDs	0
nonFullTGDs	5796		fullTGDs	3351			newNonFullTGDs	479		newFullTGDs	0
nonFullTGDs	5808		fullTGDs	3351			newNonFullTGDs	467		newFullTGDs	0
nonFullTGDs	5824		fullTGDs	3351			newNonFullTGDs	451		newFullTGDs	0
nonFullTGDs	5835		fullTGDs	3351			newNonFullTGDs	440		newFullTGDs	0
nonFullTGDs	5846		fullTGDs	3351			newNonFullTGDs	429		newFullTGDs	0
nonFullTGDs	5861		fullTGDs	3351			newNonFullTGDs	414		newFullTGDs	0
nonFullTGDs	5875		fullTGDs	3351			newNonFullTGDs	400		newFullTGDs	0
nonFullTGDs	5892		fullTGDs	3351			newNonFullTGDs	383		newFullTGDs	0
nonFullTGDs	5907		fullTGDs	3351			newNonFullTGDs	368		newFullTGDs	0
nonFullTGDs	5941		fullTGDs	3351			newNonFullTGDs	334		newFullTGDs	0
nonFullTGDs	5957		fullTGDs	3351			newNonFullTGDs	318		newFullTGDs	0
nonFullTGDs	5982		fullTGDs	3351			newNonFullTGDs	293		newFullTGDs	0
nonFullTGDs	6003		fullTGDs	3351			newNonFullTGDs	272		newFullTGDs	0
nonFullTGDs	6020		fullTGDs	3351			newNonFullTGDs	255		newFullTGDs	0
nonFullTGDs	6038		fullTGDs	3351			newNonFullTGDs	237		newFullTGDs	0
nonFullTGDs	6053		fullTGDs	3351			newNonFullTGDs	222		newFullTGDs	0
nonFullTGDs	6072		fullTGDs	3351			newNonFullTGDs	203		newFullTGDs	0
nonFullTGDs	6096		fullTGDs	3351			newNonFullTGDs	179		newFullTGDs	0
nonFullTGDs	6121		fullTGDs	3351			newNonFullTGDs	154		newFullTGDs	0
nonFullTGDs	6135		fullTGDs	3351			newNonFullTGDs	140		newFullTGDs	0
nonFullTGDs	6150		fullTGDs	3351			newNonFullTGDs	125		newFullTGDs	0
nonFullTGDs	6162		fullTGDs	3351			newNonFullTGDs	113		newFullTGDs	0
nonFullTGDs	6223		fullTGDs	3351			newNonFullTGDs	52		newFullTGDs	0
nonFullTGDs	6237		fullTGDs	3351			newNonFullTGDs	38		newFullTGDs	0
nonFullTGDs	6253		fullTGDs	3351			newNonFullTGDs	22		newFullTGDs	0
nonFullTGDs	6268		fullTGDs	3351			newNonFullTGDs	7		newFullTGDs	0
Nov 21, 2021 11:25:29 AM uk.ac.ox.cs.gsat.SaturationStatistics log
INFO: # initial TGDs: 3351 , 6276
Nov 21, 2021 11:25:29 AM uk.ac.ox.cs.gsat.SaturationStatistics log
INFO: GSat total time : 3345 ms = 3.34 s
Nov 21, 2021 11:25:29 AM uk.ac.ox.cs.gsat.SaturationStatistics log
INFO: Subsumed elements : 26956
Nov 21, 2021 11:25:29 AM uk.ac.ox.cs.gsat.SaturationStatistics log
INFO: Filter discarded elements : 3744178
Nov 21, 2021 11:25:29 AM uk.ac.ox.cs.gsat.SaturationStatistics log
INFO: subsumption time: 800 ms = 0.80 s
Nov 21, 2021 11:25:29 AM uk.ac.ox.cs.gsat.SaturationStatistics log
INFO: forward subsumption time: 346 ms = 0.35 s
Nov 21, 2021 11:25:29 AM uk.ac.ox.cs.gsat.SaturationStatistics log
INFO: backward subsumption time: 454 ms = 0.45 s
Nov 21, 2021 11:25:29 AM uk.ac.ox.cs.gsat.SaturationStatistics log
INFO: Derived full/non full TGDs: 0 , 26955
Nov 21, 2021 11:25:29 AM uk.ac.ox.cs.gsat.SaturationStatistics log
INFO: discarded tautology count: 0
Nov 21, 2021 11:25:29 AM uk.ac.ox.cs.gsat.EvolveStatistics log
INFO: Stop because subsumed: 26955
Nov 21, 2021 11:25:29 AM uk.ac.ox.cs.gsat.EvolveStatistics log
INFO: evolved equals to current: 0
Nov 21, 2021 11:25:29 AM uk.ac.ox.cs.gsat.EvolveStatistics log
INFO: evolved time: 1387 ms = 1.39 s
Nov 21, 2021 11:25:29 AM uk.ac.ox.cs.gsat.EvolveStatistics log
INFO: evolve count: 85763
Nov 21, 2021 11:25:29 AM uk.ac.ox.cs.gsat.AbstractSaturation run
INFO: ouptput full TGDs not contained in the input: 0
Nov 21, 2021 11:25:29 AM uk.ac.ox.cs.gsat.App executeAllSteps
INFO: Rewriting completed!
Full TGD saturation: (3351 dependecies)
Nov 21, 2021 11:25:29 AM uk.ac.ox.cs.gsat.App executeAllSteps
INFO: Writing the saturation in the Datalog file 00545.rul
