Starting Saturation...
Executing from DLGP files
SLF4J: Failed to load class "org.slf4j.impl.StaticLoggerBinder".
SLF4J: Defaulting to no-operation (NOP) logger implementation
SLF4J: See http://www.slf4j.org/codes.html#StaticLoggerBinder for further details.
# Rules: 621; # Atoms: 0; # AtomSets: 0; # Queries: 0; # Constraints: 0
Full TGD saturation algorithm: GSat
Running GSat...
Nov 21, 2021 11:44:31 AM uk.ac.ox.cs.gsat.AbstractSaturation run
INFO: GSat discarded rules : 0/621 = 0.000%
GSat discarded rules : 0/621 = 0.000%
Nov 21, 2021 11:44:31 AM uk.ac.ox.cs.gsat.AbstractSaturation run
INFO: Subsumption method : tree_predicate
length of the formulas: 2.173913
number of bags: 5
length of the formulas: 2.173913
number of bags: 5
nonFullTGDs	0		fullTGDs	607			newNonFullTGDs	14		newFullTGDs	0
nonFullTGDs	33		fullTGDs	607			newNonFullTGDs	20		newFullTGDs	1
nonFullTGDs	62		fullTGDs	607			newNonFullTGDs	23		newFullTGDs	1
nonFullTGDs	88		fullTGDs	607			newNonFullTGDs	14		newFullTGDs	1
nonFullTGDs	112		fullTGDs	607			newNonFullTGDs	21		newFullTGDs	2
nonFullTGDs	145		fullTGDs	607			newNonFullTGDs	23		newFullTGDs	2
nonFullTGDs	177		fullTGDs	607			newNonFullTGDs	15		newFullTGDs	3
nonFullTGDs	204		fullTGDs	607			newNonFullTGDs	17		newFullTGDs	3
nonFullTGDs	231		fullTGDs	607			newNonFullTGDs	21		newFullTGDs	3
nonFullTGDs	253		fullTGDs	607			newNonFullTGDs	13		newFullTGDs	3
nonFullTGDs	277		fullTGDs	607			newNonFullTGDs	16		newFullTGDs	4
nonFullTGDs	306		fullTGDs	607			newNonFullTGDs	9		newFullTGDs	4
nonFullTGDs	325		fullTGDs	607			newNonFullTGDs	14		newFullTGDs	4
nonFullTGDs	350		fullTGDs	607			newNonFullTGDs	9		newFullTGDs	4
nonFullTGDs	376		fullTGDs	607			newNonFullTGDs	16		newFullTGDs	5
nonFullTGDs	396		fullTGDs	607			newNonFullTGDs	7		newFullTGDs	5
nonFullTGDs	425		fullTGDs	607			newNonFullTGDs	12		newFullTGDs	5
nonFullTGDs	439		fullTGDs	607			newNonFullTGDs	5		newFullTGDs	5
Nov 21, 2021 11:44:33 AM uk.ac.ox.cs.gsat.SaturationStatistics log
INFO: # initial TGDs: 607 , 14
Nov 21, 2021 11:44:33 AM uk.ac.ox.cs.gsat.SaturationStatistics log
INFO: GSat total time : 1950 ms = 1.95 s
Nov 21, 2021 11:44:33 AM uk.ac.ox.cs.gsat.SaturationStatistics log
INFO: Subsumed elements : 3891
Nov 21, 2021 11:44:33 AM uk.ac.ox.cs.gsat.SaturationStatistics log
INFO: Filter discarded elements : 529714
Nov 21, 2021 11:44:33 AM uk.ac.ox.cs.gsat.SaturationStatistics log
INFO: subsumption time: 181 ms = 0.18 s
Nov 21, 2021 11:44:33 AM uk.ac.ox.cs.gsat.SaturationStatistics log
INFO: forward subsumption time: 143 ms = 0.14 s
Nov 21, 2021 11:44:33 AM uk.ac.ox.cs.gsat.SaturationStatistics log
INFO: backward subsumption time: 38 ms = 0.04 s
Nov 21, 2021 11:44:33 AM uk.ac.ox.cs.gsat.SaturationStatistics log
INFO: Derived full/non full TGDs: 610 , 3716
Nov 21, 2021 11:44:33 AM uk.ac.ox.cs.gsat.SaturationStatistics log
INFO: discarded tautology count: 0
Nov 21, 2021 11:44:33 AM uk.ac.ox.cs.gsat.EvolveStatistics log
INFO: Stop because subsumed: 1104
Nov 21, 2021 11:44:33 AM uk.ac.ox.cs.gsat.EvolveStatistics log
INFO: evolved equals to current: 3060
Nov 21, 2021 11:44:33 AM uk.ac.ox.cs.gsat.EvolveStatistics log
INFO: evolved time: 1300 ms = 1.30 s
Nov 21, 2021 11:44:33 AM uk.ac.ox.cs.gsat.EvolveStatistics log
INFO: evolve count: 29203
Nov 21, 2021 11:44:33 AM uk.ac.ox.cs.gsat.AbstractSaturation run
INFO: ouptput full TGDs not contained in the input: 7
Nov 21, 2021 11:44:33 AM uk.ac.ox.cs.gsat.App executeAllSteps
INFO: Rewriting completed!
Full TGD saturation: (614 dependecies)
Nov 21, 2021 11:44:33 AM uk.ac.ox.cs.gsat.App executeAllSteps
INFO: Writing the saturation in the Datalog file 00590.rul
