Starting Saturation...
Executing from DLGP files
SLF4J: Failed to load class "org.slf4j.impl.StaticLoggerBinder".
SLF4J: Defaulting to no-operation (NOP) logger implementation
SLF4J: See http://www.slf4j.org/codes.html#StaticLoggerBinder for further details.
# Rules: 5198; # Atoms: 0; # AtomSets: 0; # Queries: 0; # Constraints: 0
Full TGD saturation algorithm: GSat
Running GSat...
Nov 21, 2021 1:27:30 PM uk.ac.ox.cs.gsat.AbstractSaturation run
INFO: GSat discarded rules : 0/5198 = 0.000%
GSat discarded rules : 0/5198 = 0.000%
Nov 21, 2021 1:27:30 PM uk.ac.ox.cs.gsat.AbstractSaturation run
INFO: Subsumption method : tree_predicate
length of the formulas: 2.486918
number of bags: 10
length of the formulas: 2.486918
number of bags: 10
nonFullTGDs	0		fullTGDs	2666			newNonFullTGDs	2532		newFullTGDs	0
nonFullTGDs	16		fullTGDs	2666			newNonFullTGDs	2516		newFullTGDs	0
nonFullTGDs	35		fullTGDs	2666			newNonFullTGDs	2497		newFullTGDs	0
nonFullTGDs	55		fullTGDs	2666			newNonFullTGDs	2477		newFullTGDs	0
nonFullTGDs	78		fullTGDs	2666			newNonFullTGDs	2454		newFullTGDs	0
nonFullTGDs	96		fullTGDs	2666			newNonFullTGDs	2436		newFullTGDs	0
nonFullTGDs	116		fullTGDs	2666			newNonFullTGDs	2416		newFullTGDs	0
nonFullTGDs	133		fullTGDs	2666			newNonFullTGDs	2399		newFullTGDs	0
nonFullTGDs	155		fullTGDs	2666			newNonFullTGDs	2377		newFullTGDs	0
nonFullTGDs	177		fullTGDs	2666			newNonFullTGDs	2355		newFullTGDs	0
nonFullTGDs	191		fullTGDs	2666			newNonFullTGDs	2341		newFullTGDs	0
nonFullTGDs	209		fullTGDs	2666			newNonFullTGDs	2323		newFullTGDs	0
nonFullTGDs	228		fullTGDs	2666			newNonFullTGDs	2304		newFullTGDs	0
nonFullTGDs	251		fullTGDs	2666			newNonFullTGDs	2281		newFullTGDs	0
nonFullTGDs	270		fullTGDs	2666			newNonFullTGDs	2262		newFullTGDs	0
nonFullTGDs	289		fullTGDs	2666			newNonFullTGDs	2243		newFullTGDs	0
nonFullTGDs	307		fullTGDs	2666			newNonFullTGDs	2225		newFullTGDs	1
nonFullTGDs	327		fullTGDs	2666			newNonFullTGDs	2205		newFullTGDs	1
nonFullTGDs	344		fullTGDs	2666			newNonFullTGDs	2188		newFullTGDs	2
nonFullTGDs	364		fullTGDs	2666			newNonFullTGDs	2168		newFullTGDs	2
nonFullTGDs	383		fullTGDs	2666			newNonFullTGDs	2149		newFullTGDs	2
nonFullTGDs	401		fullTGDs	2666			newNonFullTGDs	2131		newFullTGDs	2
nonFullTGDs	418		fullTGDs	2666			newNonFullTGDs	2114		newFullTGDs	2
nonFullTGDs	435		fullTGDs	2666			newNonFullTGDs	2097		newFullTGDs	2
nonFullTGDs	459		fullTGDs	2666			newNonFullTGDs	2073		newFullTGDs	2
nonFullTGDs	485		fullTGDs	2666			newNonFullTGDs	2047		newFullTGDs	2
nonFullTGDs	503		fullTGDs	2666			newNonFullTGDs	2029		newFullTGDs	2
nonFullTGDs	520		fullTGDs	2666			newNonFullTGDs	2012		newFullTGDs	2
nonFullTGDs	540		fullTGDs	2666			newNonFullTGDs	1992		newFullTGDs	2
nonFullTGDs	557		fullTGDs	2666			newNonFullTGDs	1975		newFullTGDs	3
nonFullTGDs	575		fullTGDs	2666			newNonFullTGDs	1957		newFullTGDs	3
nonFullTGDs	591		fullTGDs	2666			newNonFullTGDs	1941		newFullTGDs	3
nonFullTGDs	610		fullTGDs	2666			newNonFullTGDs	1922		newFullTGDs	3
nonFullTGDs	629		fullTGDs	2666			newNonFullTGDs	1903		newFullTGDs	3
nonFullTGDs	653		fullTGDs	2666			newNonFullTGDs	1879		newFullTGDs	3
nonFullTGDs	669		fullTGDs	2666			newNonFullTGDs	1863		newFullTGDs	3
nonFullTGDs	686		fullTGDs	2666			newNonFullTGDs	1846		newFullTGDs	3
nonFullTGDs	701		fullTGDs	2666			newNonFullTGDs	1831		newFullTGDs	3
nonFullTGDs	718		fullTGDs	2666			newNonFullTGDs	1814		newFullTGDs	3
nonFullTGDs	736		fullTGDs	2666			newNonFullTGDs	1796		newFullTGDs	3
nonFullTGDs	752		fullTGDs	2666			newNonFullTGDs	1780		newFullTGDs	3
nonFullTGDs	768		fullTGDs	2666			newNonFullTGDs	1764		newFullTGDs	3
nonFullTGDs	788		fullTGDs	2666			newNonFullTGDs	1744		newFullTGDs	3
nonFullTGDs	804		fullTGDs	2666			newNonFullTGDs	1728		newFullTGDs	3
nonFullTGDs	821		fullTGDs	2666			newNonFullTGDs	1711		newFullTGDs	3
nonFullTGDs	840		fullTGDs	2666			newNonFullTGDs	1692		newFullTGDs	4
nonFullTGDs	857		fullTGDs	2666			newNonFullTGDs	1675		newFullTGDs	4
nonFullTGDs	874		fullTGDs	2666			newNonFullTGDs	1658		newFullTGDs	4
nonFullTGDs	899		fullTGDs	2666			newNonFullTGDs	1633		newFullTGDs	4
nonFullTGDs	936		fullTGDs	2666			newNonFullTGDs	1596		newFullTGDs	4
nonFullTGDs	962		fullTGDs	2666			newNonFullTGDs	1570		newFullTGDs	4
nonFullTGDs	990		fullTGDs	2666			newNonFullTGDs	1542		newFullTGDs	4
nonFullTGDs	1024		fullTGDs	2666			newNonFullTGDs	1508		newFullTGDs	4
nonFullTGDs	1054		fullTGDs	2666			newNonFullTGDs	1478		newFullTGDs	4
nonFullTGDs	1079		fullTGDs	2666			newNonFullTGDs	1453		newFullTGDs	4
nonFullTGDs	1103		fullTGDs	2666			newNonFullTGDs	1429		newFullTGDs	4
nonFullTGDs	1135		fullTGDs	2666			newNonFullTGDs	1397		newFullTGDs	4
nonFullTGDs	1162		fullTGDs	2666			newNonFullTGDs	1370		newFullTGDs	4
nonFullTGDs	1188		fullTGDs	2666			newNonFullTGDs	1344		newFullTGDs	4
nonFullTGDs	1202		fullTGDs	2666			newNonFullTGDs	1330		newFullTGDs	5
nonFullTGDs	1222		fullTGDs	2666			newNonFullTGDs	1310		newFullTGDs	5
nonFullTGDs	1245		fullTGDs	2666			newNonFullTGDs	1287		newFullTGDs	5
nonFullTGDs	1260		fullTGDs	2666			newNonFullTGDs	1272		newFullTGDs	5
nonFullTGDs	1273		fullTGDs	2666			newNonFullTGDs	1259		newFullTGDs	6
nonFullTGDs	1291		fullTGDs	2666			newNonFullTGDs	1241		newFullTGDs	8
nonFullTGDs	1309		fullTGDs	2666			newNonFullTGDs	1223		newFullTGDs	9
nonFullTGDs	1328		fullTGDs	2666			newNonFullTGDs	1204		newFullTGDs	10
nonFullTGDs	1338		fullTGDs	2666			newNonFullTGDs	1194		newFullTGDs	14
nonFullTGDs	1346		fullTGDs	2666			newNonFullTGDs	1186		newFullTGDs	20
nonFullTGDs	1354		fullTGDs	2666			newNonFullTGDs	1178		newFullTGDs	26
nonFullTGDs	1369		fullTGDs	2666			newNonFullTGDs	1163		newFullTGDs	28
nonFullTGDs	1387		fullTGDs	2666			newNonFullTGDs	1145		newFullTGDs	28
nonFullTGDs	1402		fullTGDs	2666			newNonFullTGDs	1130		newFullTGDs	28
nonFullTGDs	1418		fullTGDs	2666			newNonFullTGDs	1114		newFullTGDs	28
nonFullTGDs	1435		fullTGDs	2666			newNonFullTGDs	1097		newFullTGDs	28
nonFullTGDs	1454		fullTGDs	2666			newNonFullTGDs	1078		newFullTGDs	28
nonFullTGDs	1474		fullTGDs	2666			newNonFullTGDs	1058		newFullTGDs	28
nonFullTGDs	1494		fullTGDs	2666			newNonFullTGDs	1038		newFullTGDs	28
nonFullTGDs	1506		fullTGDs	2666			newNonFullTGDs	1026		newFullTGDs	28
nonFullTGDs	1522		fullTGDs	2666			newNonFullTGDs	1010		newFullTGDs	28
nonFullTGDs	1536		fullTGDs	2666			newNonFullTGDs	996		newFullTGDs	28
nonFullTGDs	1548		fullTGDs	2666			newNonFullTGDs	984		newFullTGDs	28
nonFullTGDs	1570		fullTGDs	2666			newNonFullTGDs	962		newFullTGDs	28
nonFullTGDs	1589		fullTGDs	2666			newNonFullTGDs	943		newFullTGDs	28
nonFullTGDs	1607		fullTGDs	2666			newNonFullTGDs	925		newFullTGDs	28
nonFullTGDs	1624		fullTGDs	2666			newNonFullTGDs	908		newFullTGDs	28
nonFullTGDs	1638		fullTGDs	2666			newNonFullTGDs	894		newFullTGDs	28
nonFullTGDs	1652		fullTGDs	2666			newNonFullTGDs	880		newFullTGDs	28
nonFullTGDs	1663		fullTGDs	2666			newNonFullTGDs	869		newFullTGDs	29
nonFullTGDs	1674		fullTGDs	2666			newNonFullTGDs	858		newFullTGDs	29
nonFullTGDs	1685		fullTGDs	2666			newNonFullTGDs	847		newFullTGDs	29
nonFullTGDs	1696		fullTGDs	2666			newNonFullTGDs	836		newFullTGDs	31
nonFullTGDs	1707		fullTGDs	2666			newNonFullTGDs	825		newFullTGDs	31
nonFullTGDs	1718		fullTGDs	2666			newNonFullTGDs	814		newFullTGDs	31
nonFullTGDs	1729		fullTGDs	2666			newNonFullTGDs	803		newFullTGDs	31
nonFullTGDs	1739		fullTGDs	2666			newNonFullTGDs	793		newFullTGDs	32
nonFullTGDs	1749		fullTGDs	2666			newNonFullTGDs	783		newFullTGDs	32
nonFullTGDs	1759		fullTGDs	2666			newNonFullTGDs	773		newFullTGDs	32
nonFullTGDs	1770		fullTGDs	2666			newNonFullTGDs	762		newFullTGDs	32
nonFullTGDs	1784		fullTGDs	2666			newNonFullTGDs	748		newFullTGDs	32
nonFullTGDs	1798		fullTGDs	2666			newNonFullTGDs	734		newFullTGDs	32
nonFullTGDs	1812		fullTGDs	2666			newNonFullTGDs	720		newFullTGDs	32
nonFullTGDs	1818		fullTGDs	2666			newNonFullTGDs	714		newFullTGDs	32
nonFullTGDs	1825		fullTGDs	2666			newNonFullTGDs	707		newFullTGDs	32
nonFullTGDs	1837		fullTGDs	2666			newNonFullTGDs	695		newFullTGDs	32
nonFullTGDs	1849		fullTGDs	2666			newNonFullTGDs	683		newFullTGDs	33
nonFullTGDs	1859		fullTGDs	2666			newNonFullTGDs	673		newFullTGDs	34
nonFullTGDs	1868		fullTGDs	2666			newNonFullTGDs	664		newFullTGDs	34
nonFullTGDs	1882		fullTGDs	2666			newNonFullTGDs	650		newFullTGDs	34
nonFullTGDs	1894		fullTGDs	2666			newNonFullTGDs	638		newFullTGDs	34
nonFullTGDs	1905		fullTGDs	2666			newNonFullTGDs	627		newFullTGDs	34
nonFullTGDs	1914		fullTGDs	2666			newNonFullTGDs	618		newFullTGDs	34
nonFullTGDs	1929		fullTGDs	2666			newNonFullTGDs	603		newFullTGDs	34
nonFullTGDs	1942		fullTGDs	2666			newNonFullTGDs	590		newFullTGDs	34
nonFullTGDs	1956		fullTGDs	2666			newNonFullTGDs	576		newFullTGDs	34
nonFullTGDs	1980		fullTGDs	2666			newNonFullTGDs	552		newFullTGDs	34
nonFullTGDs	2006		fullTGDs	2666			newNonFullTGDs	526		newFullTGDs	34
nonFullTGDs	2026		fullTGDs	2666			newNonFullTGDs	506		newFullTGDs	34
nonFullTGDs	2038		fullTGDs	2666			newNonFullTGDs	494		newFullTGDs	34
nonFullTGDs	2049		fullTGDs	2666			newNonFullTGDs	483		newFullTGDs	34
nonFullTGDs	2060		fullTGDs	2666			newNonFullTGDs	472		newFullTGDs	34
nonFullTGDs	2076		fullTGDs	2666			newNonFullTGDs	456		newFullTGDs	34
nonFullTGDs	2105		fullTGDs	2666			newNonFullTGDs	427		newFullTGDs	34
nonFullTGDs	2116		fullTGDs	2666			newNonFullTGDs	416		newFullTGDs	34
nonFullTGDs	2133		fullTGDs	2666			newNonFullTGDs	399		newFullTGDs	35
nonFullTGDs	2152		fullTGDs	2666			newNonFullTGDs	380		newFullTGDs	35
nonFullTGDs	2175		fullTGDs	2666			newNonFullTGDs	357		newFullTGDs	35
nonFullTGDs	2195		fullTGDs	2666			newNonFullTGDs	337		newFullTGDs	35
nonFullTGDs	2212		fullTGDs	2666			newNonFullTGDs	320		newFullTGDs	35
nonFullTGDs	2232		fullTGDs	2666			newNonFullTGDs	300		newFullTGDs	35
nonFullTGDs	2245		fullTGDs	2666			newNonFullTGDs	287		newFullTGDs	35
nonFullTGDs	2261		fullTGDs	2666			newNonFullTGDs	271		newFullTGDs	35
nonFullTGDs	2278		fullTGDs	2666			newNonFullTGDs	254		newFullTGDs	35
nonFullTGDs	2296		fullTGDs	2666			newNonFullTGDs	236		newFullTGDs	35
nonFullTGDs	2319		fullTGDs	2666			newNonFullTGDs	213		newFullTGDs	35
nonFullTGDs	2347		fullTGDs	2666			newNonFullTGDs	185		newFullTGDs	35
nonFullTGDs	2372		fullTGDs	2666			newNonFullTGDs	160		newFullTGDs	35
nonFullTGDs	2391		fullTGDs	2666			newNonFullTGDs	141		newFullTGDs	41
nonFullTGDs	2408		fullTGDs	2666			newNonFullTGDs	124		newFullTGDs	42
nonFullTGDs	2424		fullTGDs	2666			newNonFullTGDs	107		newFullTGDs	46
nonFullTGDs	2447		fullTGDs	2666			newNonFullTGDs	84		newFullTGDs	51
nonFullTGDs	2466		fullTGDs	2666			newNonFullTGDs	65		newFullTGDs	55
nonFullTGDs	2485		fullTGDs	2666			newNonFullTGDs	46		newFullTGDs	60
nonFullTGDs	2506		fullTGDs	2666			newNonFullTGDs	25		newFullTGDs	68
nonFullTGDs	2516		fullTGDs	2666			newNonFullTGDs	14		newFullTGDs	78
nonFullTGDs	2530		fullTGDs	2678			newNonFullTGDs	0		newFullTGDs	76
Nov 21, 2021 1:27:33 PM uk.ac.ox.cs.gsat.SaturationStatistics log
INFO: # initial TGDs: 2666 , 2532
Nov 21, 2021 1:27:33 PM uk.ac.ox.cs.gsat.SaturationStatistics log
INFO: GSat total time : 2356 ms = 2.36 s
Nov 21, 2021 1:27:33 PM uk.ac.ox.cs.gsat.SaturationStatistics log
INFO: Subsumed elements : 12511
Nov 21, 2021 1:27:33 PM uk.ac.ox.cs.gsat.SaturationStatistics log
INFO: Filter discarded elements : 840492
Nov 21, 2021 1:27:33 PM uk.ac.ox.cs.gsat.SaturationStatistics log
INFO: subsumption time: 317 ms = 0.32 s
Nov 21, 2021 1:27:33 PM uk.ac.ox.cs.gsat.SaturationStatistics log
INFO: forward subsumption time: 147 ms = 0.15 s
Nov 21, 2021 1:27:33 PM uk.ac.ox.cs.gsat.SaturationStatistics log
INFO: backward subsumption time: 170 ms = 0.17 s
Nov 21, 2021 1:27:33 PM uk.ac.ox.cs.gsat.SaturationStatistics log
INFO: Derived full/non full TGDs: 453 , 12144
Nov 21, 2021 1:27:33 PM uk.ac.ox.cs.gsat.SaturationStatistics log
INFO: discarded tautology count: 0
Nov 21, 2021 1:27:33 PM uk.ac.ox.cs.gsat.EvolveStatistics log
INFO: Stop because subsumed: 11958
Nov 21, 2021 1:27:33 PM uk.ac.ox.cs.gsat.EvolveStatistics log
INFO: evolved equals to current: 2550
Nov 21, 2021 1:27:33 PM uk.ac.ox.cs.gsat.EvolveStatistics log
INFO: evolved time: 1218 ms = 1.22 s
Nov 21, 2021 1:27:33 PM uk.ac.ox.cs.gsat.EvolveStatistics log
INFO: evolve count: 64028
Nov 21, 2021 1:27:33 PM uk.ac.ox.cs.gsat.AbstractSaturation run
INFO: ouptput full TGDs not contained in the input: 88
Nov 21, 2021 1:27:33 PM uk.ac.ox.cs.gsat.App executeAllSteps
INFO: Rewriting completed!
Full TGD saturation: (2754 dependecies)
Nov 21, 2021 1:27:33 PM uk.ac.ox.cs.gsat.App executeAllSteps
INFO: Writing the saturation in the Datalog file 00770.rul
