Starting Saturation...
Executing from DLGP files
SLF4J: Failed to load class "org.slf4j.impl.StaticLoggerBinder".
SLF4J: Defaulting to no-operation (NOP) logger implementation
SLF4J: See http://www.slf4j.org/codes.html#StaticLoggerBinder for further details.
# Rules: 1179; # Atoms: 0; # AtomSets: 0; # Queries: 0; # Constraints: 0
Full TGD saturation algorithm: Skolem Sat
Running SkSat...
Nov 12, 2021 6:41:27 AM uk.ac.ox.cs.gsat.AbstractSaturation run
INFO: SkSat discarded rules : 0/1179 = 0.000%
SkSat discarded rules : 0/1179 = 0.000%
Nov 12, 2021 6:41:27 AM uk.ac.ox.cs.gsat.AbstractSaturation run
INFO: Subsumption method : tree_predicate
length of the formulas: 2.371532
number of bags: 7
length of the formulas: 2.371532
number of bags: 7
nonFullTGDs	0		fullTGDs	700			newNonFullTGDs	958		newFullTGDs	0
nonFullTGDs	100		fullTGDs	700			newNonFullTGDs	858		newFullTGDs	8620
nonFullTGDs	200		fullTGDs	700			newNonFullTGDs	758		newFullTGDs	17908
nonFullTGDs	300		fullTGDs	700			newNonFullTGDs	658		newFullTGDs	27692
nonFullTGDs	400		fullTGDs	700			newNonFullTGDs	558		newFullTGDs	35675
nonFullTGDs	500		fullTGDs	700			newNonFullTGDs	459		newFullTGDs	44404
nonFullTGDs	600		fullTGDs	700			newNonFullTGDs	360		newFullTGDs	53505
nonFullTGDs	700		fullTGDs	700			newNonFullTGDs	261		newFullTGDs	63274
nonFullTGDs	800		fullTGDs	700			newNonFullTGDs	161		newFullTGDs	73976
nonFullTGDs	900		fullTGDs	700			newNonFullTGDs	61		newFullTGDs	82187
nonFullTGDs	961		fullTGDs	739			newNonFullTGDs	0		newFullTGDs	87544
nonFullTGDs	961		fullTGDs	839			newNonFullTGDs	0		newFullTGDs	87444
nonFullTGDs	961		fullTGDs	939			newNonFullTGDs	0		newFullTGDs	87344
nonFullTGDs	961		fullTGDs	1039			newNonFullTGDs	0		newFullTGDs	87244
nonFullTGDs	961		fullTGDs	1139			newNonFullTGDs	0		newFullTGDs	87144
nonFullTGDs	961		fullTGDs	1239			newNonFullTGDs	0		newFullTGDs	87044
nonFullTGDs	961		fullTGDs	1339			newNonFullTGDs	0		newFullTGDs	86944
nonFullTGDs	961		fullTGDs	1439			newNonFullTGDs	0		newFullTGDs	86844
nonFullTGDs	961		fullTGDs	1539			newNonFullTGDs	0		newFullTGDs	86744
nonFullTGDs	961		fullTGDs	1639			newNonFullTGDs	0		newFullTGDs	86644
nonFullTGDs	961		fullTGDs	1738			newNonFullTGDs	0		newFullTGDs	86548
nonFullTGDs	961		fullTGDs	1837			newNonFullTGDs	0		newFullTGDs	86452
nonFullTGDs	961		fullTGDs	1937			newNonFullTGDs	0		newFullTGDs	86352
nonFullTGDs	961		fullTGDs	2037			newNonFullTGDs	0		newFullTGDs	86252
nonFullTGDs	961		fullTGDs	2137			newNonFullTGDs	0		newFullTGDs	86152
nonFullTGDs	961		fullTGDs	2237			newNonFullTGDs	0		newFullTGDs	86052
nonFullTGDs	961		fullTGDs	2336			newNonFullTGDs	0		newFullTGDs	85956
nonFullTGDs	961		fullTGDs	2435			newNonFullTGDs	0		newFullTGDs	85857
nonFullTGDs	961		fullTGDs	2535			newNonFullTGDs	0		newFullTGDs	85757
nonFullTGDs	961		fullTGDs	2635			newNonFullTGDs	0		newFullTGDs	85657
nonFullTGDs	961		fullTGDs	2735			newNonFullTGDs	0		newFullTGDs	85557
nonFullTGDs	961		fullTGDs	2835			newNonFullTGDs	0		newFullTGDs	85457
nonFullTGDs	961		fullTGDs	2935			newNonFullTGDs	0		newFullTGDs	85357
nonFullTGDs	961		fullTGDs	3035			newNonFullTGDs	0		newFullTGDs	85257
nonFullTGDs	961		fullTGDs	3135			newNonFullTGDs	0		newFullTGDs	85157
nonFullTGDs	961		fullTGDs	3235			newNonFullTGDs	0		newFullTGDs	85057
nonFullTGDs	961		fullTGDs	3335			newNonFullTGDs	0		newFullTGDs	84957
nonFullTGDs	961		fullTGDs	3435			newNonFullTGDs	0		newFullTGDs	84857
nonFullTGDs	961		fullTGDs	3535			newNonFullTGDs	0		newFullTGDs	84757
nonFullTGDs	961		fullTGDs	3634			newNonFullTGDs	0		newFullTGDs	84661
nonFullTGDs	961		fullTGDs	3734			newNonFullTGDs	0		newFullTGDs	84561
nonFullTGDs	961		fullTGDs	3834			newNonFullTGDs	0		newFullTGDs	84461
nonFullTGDs	961		fullTGDs	3934			newNonFullTGDs	0		newFullTGDs	84361
nonFullTGDs	961		fullTGDs	4034			newNonFullTGDs	0		newFullTGDs	84261
nonFullTGDs	961		fullTGDs	4133			newNonFullTGDs	0		newFullTGDs	84165
nonFullTGDs	961		fullTGDs	4233			newNonFullTGDs	0		newFullTGDs	84065
nonFullTGDs	961		fullTGDs	4333			newNonFullTGDs	0		newFullTGDs	83965
nonFullTGDs	961		fullTGDs	4433			newNonFullTGDs	0		newFullTGDs	83865
nonFullTGDs	961		fullTGDs	4533			newNonFullTGDs	0		newFullTGDs	83765
nonFullTGDs	961		fullTGDs	4633			newNonFullTGDs	0		newFullTGDs	83665
nonFullTGDs	961		fullTGDs	4733			newNonFullTGDs	0		newFullTGDs	83565
nonFullTGDs	961		fullTGDs	4833			newNonFullTGDs	0		newFullTGDs	83465
nonFullTGDs	961		fullTGDs	4933			newNonFullTGDs	0		newFullTGDs	83365
nonFullTGDs	961		fullTGDs	5033			newNonFullTGDs	0		newFullTGDs	83265
nonFullTGDs	961		fullTGDs	5133			newNonFullTGDs	0		newFullTGDs	83165
nonFullTGDs	961		fullTGDs	5233			newNonFullTGDs	0		newFullTGDs	83065
nonFullTGDs	961		fullTGDs	5333			newNonFullTGDs	0		newFullTGDs	82965
nonFullTGDs	961		fullTGDs	5433			newNonFullTGDs	0		newFullTGDs	82865
nonFullTGDs	961		fullTGDs	5533			newNonFullTGDs	0		newFullTGDs	82765
nonFullTGDs	961		fullTGDs	5633			newNonFullTGDs	0		newFullTGDs	82665
nonFullTGDs	961		fullTGDs	5733			newNonFullTGDs	0		newFullTGDs	82565
nonFullTGDs	961		fullTGDs	5833			newNonFullTGDs	0		newFullTGDs	82465
nonFullTGDs	961		fullTGDs	5933			newNonFullTGDs	0		newFullTGDs	82365
nonFullTGDs	961		fullTGDs	6030			newNonFullTGDs	0		newFullTGDs	82268
nonFullTGDs	961		fullTGDs	6130			newNonFullTGDs	0		newFullTGDs	82168
nonFullTGDs	961		fullTGDs	6230			newNonFullTGDs	0		newFullTGDs	82068
nonFullTGDs	961		fullTGDs	6329			newNonFullTGDs	0		newFullTGDs	81969
nonFullTGDs	961		fullTGDs	6429			newNonFullTGDs	0		newFullTGDs	81869
nonFullTGDs	961		fullTGDs	6528			newNonFullTGDs	0		newFullTGDs	81770
nonFullTGDs	961		fullTGDs	6628			newNonFullTGDs	0		newFullTGDs	81670
nonFullTGDs	961		fullTGDs	6727			newNonFullTGDs	0		newFullTGDs	81571
nonFullTGDs	961		fullTGDs	6827			newNonFullTGDs	0		newFullTGDs	81471
nonFullTGDs	961		fullTGDs	6924			newNonFullTGDs	0		newFullTGDs	81374
nonFullTGDs	961		fullTGDs	7023			newNonFullTGDs	0		newFullTGDs	81275
nonFullTGDs	961		fullTGDs	7123			newNonFullTGDs	0		newFullTGDs	81175
nonFullTGDs	961		fullTGDs	7223			newNonFullTGDs	0		newFullTGDs	81075
nonFullTGDs	961		fullTGDs	7321			newNonFullTGDs	0		newFullTGDs	80977
nonFullTGDs	961		fullTGDs	7420			newNonFullTGDs	0		newFullTGDs	80878
nonFullTGDs	961		fullTGDs	7520			newNonFullTGDs	0		newFullTGDs	80778
nonFullTGDs	961		fullTGDs	7619			newNonFullTGDs	0		newFullTGDs	80679
nonFullTGDs	961		fullTGDs	7718			newNonFullTGDs	0		newFullTGDs	80580
nonFullTGDs	961		fullTGDs	7818			newNonFullTGDs	0		newFullTGDs	80480
nonFullTGDs	961		fullTGDs	7916			newNonFullTGDs	0		newFullTGDs	80382
nonFullTGDs	961		fullTGDs	8015			newNonFullTGDs	0		newFullTGDs	80283
nonFullTGDs	961		fullTGDs	8112			newNonFullTGDs	0		newFullTGDs	80186
nonFullTGDs	961		fullTGDs	8203			newNonFullTGDs	0		newFullTGDs	80095
nonFullTGDs	961		fullTGDs	8295			newNonFullTGDs	0		newFullTGDs	80003
nonFullTGDs	961		fullTGDs	8395			newNonFullTGDs	0		newFullTGDs	79903
nonFullTGDs	961		fullTGDs	8495			newNonFullTGDs	0		newFullTGDs	79803
nonFullTGDs	961		fullTGDs	8595			newNonFullTGDs	0		newFullTGDs	79703
nonFullTGDs	961		fullTGDs	8695			newNonFullTGDs	0		newFullTGDs	79603
nonFullTGDs	961		fullTGDs	8795			newNonFullTGDs	0		newFullTGDs	79503
nonFullTGDs	961		fullTGDs	8895			newNonFullTGDs	0		newFullTGDs	79403
nonFullTGDs	961		fullTGDs	8993			newNonFullTGDs	0		newFullTGDs	79305
nonFullTGDs	961		fullTGDs	9091			newNonFullTGDs	0		newFullTGDs	79207
nonFullTGDs	961		fullTGDs	9189			newNonFullTGDs	0		newFullTGDs	79109
nonFullTGDs	961		fullTGDs	9287			newNonFullTGDs	0		newFullTGDs	79011
nonFullTGDs	961		fullTGDs	9378			newNonFullTGDs	0		newFullTGDs	78920
nonFullTGDs	961		fullTGDs	9471			newNonFullTGDs	0		newFullTGDs	78827
nonFullTGDs	961		fullTGDs	9570			newNonFullTGDs	0		newFullTGDs	78728
nonFullTGDs	961		fullTGDs	9670			newNonFullTGDs	0		newFullTGDs	78628
nonFullTGDs	961		fullTGDs	9770			newNonFullTGDs	0		newFullTGDs	78528
nonFullTGDs	961		fullTGDs	9870			newNonFullTGDs	0		newFullTGDs	78428
nonFullTGDs	961		fullTGDs	9969			newNonFullTGDs	0		newFullTGDs	78329
nonFullTGDs	961		fullTGDs	10068			newNonFullTGDs	0		newFullTGDs	78230
nonFullTGDs	961		fullTGDs	10168			newNonFullTGDs	0		newFullTGDs	78130
nonFullTGDs	961		fullTGDs	10267			newNonFullTGDs	0		newFullTGDs	78031
nonFullTGDs	961		fullTGDs	10367			newNonFullTGDs	0		newFullTGDs	77931
nonFullTGDs	961		fullTGDs	10464			newNonFullTGDs	0		newFullTGDs	77834
nonFullTGDs	961		fullTGDs	10562			newNonFullTGDs	0		newFullTGDs	77736
nonFullTGDs	961		fullTGDs	10660			newNonFullTGDs	0		newFullTGDs	77638
nonFullTGDs	961		fullTGDs	10760			newNonFullTGDs	0		newFullTGDs	77538
nonFullTGDs	961		fullTGDs	10860			newNonFullTGDs	0		newFullTGDs	77438
nonFullTGDs	961		fullTGDs	10959			newNonFullTGDs	0		newFullTGDs	77339
nonFullTGDs	961		fullTGDs	11059			newNonFullTGDs	0		newFullTGDs	77239
nonFullTGDs	961		fullTGDs	11159			newNonFullTGDs	0		newFullTGDs	77139
nonFullTGDs	961		fullTGDs	11259			newNonFullTGDs	0		newFullTGDs	77039
nonFullTGDs	961		fullTGDs	11358			newNonFullTGDs	0		newFullTGDs	76940
nonFullTGDs	961		fullTGDs	11458			newNonFullTGDs	0		newFullTGDs	76840
nonFullTGDs	961		fullTGDs	11558			newNonFullTGDs	0		newFullTGDs	76740
nonFullTGDs	961		fullTGDs	11658			newNonFullTGDs	0		newFullTGDs	76640
nonFullTGDs	961		fullTGDs	11758			newNonFullTGDs	0		newFullTGDs	76540
nonFullTGDs	961		fullTGDs	11858			newNonFullTGDs	0		newFullTGDs	76440
nonFullTGDs	961		fullTGDs	11956			newNonFullTGDs	0		newFullTGDs	76342
nonFullTGDs	961		fullTGDs	12055			newNonFullTGDs	0		newFullTGDs	76243
nonFullTGDs	961		fullTGDs	12155			newNonFullTGDs	0		newFullTGDs	76143
nonFullTGDs	961		fullTGDs	12255			newNonFullTGDs	0		newFullTGDs	76043
nonFullTGDs	961		fullTGDs	12355			newNonFullTGDs	0		newFullTGDs	75943
nonFullTGDs	961		fullTGDs	12453			newNonFullTGDs	0		newFullTGDs	75845
nonFullTGDs	961		fullTGDs	12553			newNonFullTGDs	0		newFullTGDs	75745
nonFullTGDs	961		fullTGDs	12653			newNonFullTGDs	0		newFullTGDs	75645
nonFullTGDs	961		fullTGDs	12753			newNonFullTGDs	0		newFullTGDs	75545
nonFullTGDs	961		fullTGDs	12853			newNonFullTGDs	0		newFullTGDs	75445
nonFullTGDs	961		fullTGDs	12952			newNonFullTGDs	0		newFullTGDs	75346
nonFullTGDs	961		fullTGDs	13052			newNonFullTGDs	0		newFullTGDs	75246
nonFullTGDs	961		fullTGDs	13152			newNonFullTGDs	0		newFullTGDs	75146
nonFullTGDs	961		fullTGDs	13251			newNonFullTGDs	0		newFullTGDs	75047
nonFullTGDs	961		fullTGDs	13351			newNonFullTGDs	0		newFullTGDs	74947
nonFullTGDs	961		fullTGDs	13451			newNonFullTGDs	0		newFullTGDs	74847
nonFullTGDs	961		fullTGDs	13549			newNonFullTGDs	0		newFullTGDs	74749
nonFullTGDs	961		fullTGDs	13647			newNonFullTGDs	0		newFullTGDs	74651
nonFullTGDs	961		fullTGDs	13744			newNonFullTGDs	0		newFullTGDs	74554
nonFullTGDs	961		fullTGDs	13840			newNonFullTGDs	0		newFullTGDs	74458
nonFullTGDs	961		fullTGDs	13939			newNonFullTGDs	0		newFullTGDs	74359
nonFullTGDs	961		fullTGDs	14036			newNonFullTGDs	0		newFullTGDs	74262
nonFullTGDs	961		fullTGDs	14135			newNonFullTGDs	0		newFullTGDs	74163
nonFullTGDs	961		fullTGDs	14234			newNonFullTGDs	0		newFullTGDs	74064
nonFullTGDs	961		fullTGDs	14332			newNonFullTGDs	0		newFullTGDs	73966
nonFullTGDs	961		fullTGDs	14432			newNonFullTGDs	0		newFullTGDs	73866
nonFullTGDs	961		fullTGDs	14529			newNonFullTGDs	0		newFullTGDs	73769
nonFullTGDs	961		fullTGDs	14628			newNonFullTGDs	0		newFullTGDs	73670
nonFullTGDs	961		fullTGDs	14726			newNonFullTGDs	0		newFullTGDs	73572
nonFullTGDs	961		fullTGDs	14825			newNonFullTGDs	0		newFullTGDs	73473
nonFullTGDs	961		fullTGDs	14924			newNonFullTGDs	0		newFullTGDs	73374
nonFullTGDs	961		fullTGDs	15022			newNonFullTGDs	0		newFullTGDs	73276
nonFullTGDs	961		fullTGDs	15120			newNonFullTGDs	0		newFullTGDs	73178
nonFullTGDs	961		fullTGDs	15218			newNonFullTGDs	0		newFullTGDs	73080
nonFullTGDs	961		fullTGDs	15318			newNonFullTGDs	0		newFullTGDs	72980
nonFullTGDs	961		fullTGDs	15418			newNonFullTGDs	0		newFullTGDs	72880
nonFullTGDs	961		fullTGDs	15515			newNonFullTGDs	0		newFullTGDs	72783
nonFullTGDs	961		fullTGDs	15613			newNonFullTGDs	0		newFullTGDs	72685
nonFullTGDs	961		fullTGDs	15713			newNonFullTGDs	0		newFullTGDs	72585
nonFullTGDs	961		fullTGDs	15812			newNonFullTGDs	0		newFullTGDs	72486
nonFullTGDs	961		fullTGDs	15912			newNonFullTGDs	0		newFullTGDs	72386
nonFullTGDs	961		fullTGDs	16009			newNonFullTGDs	0		newFullTGDs	72289
nonFullTGDs	961		fullTGDs	16107			newNonFullTGDs	0		newFullTGDs	72191
nonFullTGDs	961		fullTGDs	16206			newNonFullTGDs	0		newFullTGDs	72092
nonFullTGDs	961		fullTGDs	16305			newNonFullTGDs	0		newFullTGDs	71993
nonFullTGDs	961		fullTGDs	16405			newNonFullTGDs	0		newFullTGDs	71893
nonFullTGDs	961		fullTGDs	16505			newNonFullTGDs	0		newFullTGDs	71793
nonFullTGDs	961		fullTGDs	16605			newNonFullTGDs	0		newFullTGDs	71693
nonFullTGDs	961		fullTGDs	16705			newNonFullTGDs	0		newFullTGDs	71593
nonFullTGDs	961		fullTGDs	16803			newNonFullTGDs	0		newFullTGDs	71495
nonFullTGDs	961		fullTGDs	16902			newNonFullTGDs	0		newFullTGDs	71396
nonFullTGDs	961		fullTGDs	17001			newNonFullTGDs	0		newFullTGDs	71297
nonFullTGDs	961		fullTGDs	17101			newNonFullTGDs	0		newFullTGDs	71197
nonFullTGDs	961		fullTGDs	17200			newNonFullTGDs	0		newFullTGDs	71098
nonFullTGDs	961		fullTGDs	17299			newNonFullTGDs	0		newFullTGDs	70999
nonFullTGDs	961		fullTGDs	17398			newNonFullTGDs	0		newFullTGDs	70900
nonFullTGDs	961		fullTGDs	17496			newNonFullTGDs	0		newFullTGDs	70802
nonFullTGDs	961		fullTGDs	17595			newNonFullTGDs	0		newFullTGDs	70703
nonFullTGDs	961		fullTGDs	17694			newNonFullTGDs	0		newFullTGDs	70604
nonFullTGDs	961		fullTGDs	17792			newNonFullTGDs	0		newFullTGDs	70506
nonFullTGDs	961		fullTGDs	17889			newNonFullTGDs	0		newFullTGDs	70409
nonFullTGDs	961		fullTGDs	17989			newNonFullTGDs	0		newFullTGDs	70309
nonFullTGDs	961		fullTGDs	18089			newNonFullTGDs	0		newFullTGDs	70209
nonFullTGDs	961		fullTGDs	18187			newNonFullTGDs	0		newFullTGDs	70111
nonFullTGDs	961		fullTGDs	18287			newNonFullTGDs	0		newFullTGDs	70011
nonFullTGDs	961		fullTGDs	18382			newNonFullTGDs	0		newFullTGDs	69916
nonFullTGDs	961		fullTGDs	18479			newNonFullTGDs	0		newFullTGDs	69819
nonFullTGDs	961		fullTGDs	18577			newNonFullTGDs	0		newFullTGDs	69721
nonFullTGDs	961		fullTGDs	18677			newNonFullTGDs	0		newFullTGDs	69621
nonFullTGDs	961		fullTGDs	18777			newNonFullTGDs	0		newFullTGDs	69521
nonFullTGDs	961		fullTGDs	18876			newNonFullTGDs	0		newFullTGDs	69422
nonFullTGDs	961		fullTGDs	18973			newNonFullTGDs	0		newFullTGDs	69325
nonFullTGDs	961		fullTGDs	19069			newNonFullTGDs	0		newFullTGDs	69229
nonFullTGDs	961		fullTGDs	19169			newNonFullTGDs	0		newFullTGDs	69129
nonFullTGDs	961		fullTGDs	19265			newNonFullTGDs	0		newFullTGDs	69033
nonFullTGDs	961		fullTGDs	19365			newNonFullTGDs	0		newFullTGDs	68933
nonFullTGDs	961		fullTGDs	19463			newNonFullTGDs	0		newFullTGDs	68835
nonFullTGDs	961		fullTGDs	19562			newNonFullTGDs	0		newFullTGDs	68736
nonFullTGDs	961		fullTGDs	19659			newNonFullTGDs	0		newFullTGDs	68639
nonFullTGDs	961		fullTGDs	19757			newNonFullTGDs	0		newFullTGDs	68541
nonFullTGDs	961		fullTGDs	19853			newNonFullTGDs	0		newFullTGDs	68445
nonFullTGDs	961		fullTGDs	19947			newNonFullTGDs	0		newFullTGDs	68351
nonFullTGDs	961		fullTGDs	20047			newNonFullTGDs	0		newFullTGDs	68251
nonFullTGDs	961		fullTGDs	20147			newNonFullTGDs	0		newFullTGDs	68151
nonFullTGDs	961		fullTGDs	20245			newNonFullTGDs	0		newFullTGDs	68053
nonFullTGDs	961		fullTGDs	20342			newNonFullTGDs	0		newFullTGDs	67956
nonFullTGDs	961		fullTGDs	20442			newNonFullTGDs	0		newFullTGDs	67856
nonFullTGDs	961		fullTGDs	20542			newNonFullTGDs	0		newFullTGDs	67756
nonFullTGDs	961		fullTGDs	20641			newNonFullTGDs	0		newFullTGDs	67657
nonFullTGDs	961		fullTGDs	20738			newNonFullTGDs	0		newFullTGDs	67560
nonFullTGDs	961		fullTGDs	20835			newNonFullTGDs	0		newFullTGDs	67463
nonFullTGDs	961		fullTGDs	20932			newNonFullTGDs	0		newFullTGDs	67366
nonFullTGDs	961		fullTGDs	21030			newNonFullTGDs	0		newFullTGDs	67268
nonFullTGDs	961		fullTGDs	21128			newNonFullTGDs	0		newFullTGDs	67170
nonFullTGDs	961		fullTGDs	21227			newNonFullTGDs	0		newFullTGDs	67071
nonFullTGDs	961		fullTGDs	21326			newNonFullTGDs	0		newFullTGDs	66972
nonFullTGDs	961		fullTGDs	21426			newNonFullTGDs	0		newFullTGDs	66872
nonFullTGDs	961		fullTGDs	21524			newNonFullTGDs	0		newFullTGDs	66777
nonFullTGDs	961		fullTGDs	21622			newNonFullTGDs	0		newFullTGDs	66679
nonFullTGDs	961		fullTGDs	21721			newNonFullTGDs	0		newFullTGDs	66580
nonFullTGDs	961		fullTGDs	21819			newNonFullTGDs	0		newFullTGDs	66482
nonFullTGDs	961		fullTGDs	21919			newNonFullTGDs	0		newFullTGDs	66382
nonFullTGDs	961		fullTGDs	22017			newNonFullTGDs	0		newFullTGDs	66284
nonFullTGDs	961		fullTGDs	22110			newNonFullTGDs	0		newFullTGDs	66191
nonFullTGDs	961		fullTGDs	22210			newNonFullTGDs	0		newFullTGDs	66091
nonFullTGDs	961		fullTGDs	22309			newNonFullTGDs	0		newFullTGDs	65992
nonFullTGDs	961		fullTGDs	22406			newNonFullTGDs	0		newFullTGDs	65895
nonFullTGDs	961		fullTGDs	22505			newNonFullTGDs	0		newFullTGDs	65796
nonFullTGDs	961		fullTGDs	22605			newNonFullTGDs	0		newFullTGDs	65696
nonFullTGDs	961		fullTGDs	22703			newNonFullTGDs	0		newFullTGDs	65598
nonFullTGDs	961		fullTGDs	22800			newNonFullTGDs	0		newFullTGDs	65501
nonFullTGDs	961		fullTGDs	22895			newNonFullTGDs	0		newFullTGDs	65406
nonFullTGDs	961		fullTGDs	22994			newNonFullTGDs	0		newFullTGDs	65307
nonFullTGDs	961		fullTGDs	23093			newNonFullTGDs	0		newFullTGDs	65208
nonFullTGDs	961		fullTGDs	23192			newNonFullTGDs	0		newFullTGDs	65109
nonFullTGDs	961		fullTGDs	23290			newNonFullTGDs	0		newFullTGDs	65011
nonFullTGDs	961		fullTGDs	23389			newNonFullTGDs	0		newFullTGDs	64915
nonFullTGDs	961		fullTGDs	23488			newNonFullTGDs	0		newFullTGDs	64819
nonFullTGDs	961		fullTGDs	23585			newNonFullTGDs	0		newFullTGDs	64731
nonFullTGDs	961		fullTGDs	23681			newNonFullTGDs	0		newFullTGDs	64647
nonFullTGDs	961		fullTGDs	23780			newNonFullTGDs	0		newFullTGDs	64551
nonFullTGDs	961		fullTGDs	23879			newNonFullTGDs	0		newFullTGDs	64455
nonFullTGDs	961		fullTGDs	23979			newNonFullTGDs	0		newFullTGDs	64355
nonFullTGDs	961		fullTGDs	24078			newNonFullTGDs	0		newFullTGDs	64259
nonFullTGDs	961		fullTGDs	24177			newNonFullTGDs	0		newFullTGDs	64160
nonFullTGDs	961		fullTGDs	24277			newNonFullTGDs	0		newFullTGDs	64063
nonFullTGDs	961		fullTGDs	24377			newNonFullTGDs	0		newFullTGDs	63963
nonFullTGDs	961		fullTGDs	24477			newNonFullTGDs	0		newFullTGDs	63863
nonFullTGDs	961		fullTGDs	24577			newNonFullTGDs	0		newFullTGDs	63763
nonFullTGDs	961		fullTGDs	24676			newNonFullTGDs	0		newFullTGDs	63667
nonFullTGDs	961		fullTGDs	24776			newNonFullTGDs	0		newFullTGDs	63567
nonFullTGDs	961		fullTGDs	24875			newNonFullTGDs	0		newFullTGDs	63468
nonFullTGDs	961		fullTGDs	24974			newNonFullTGDs	0		newFullTGDs	63375
nonFullTGDs	961		fullTGDs	25070			newNonFullTGDs	0		newFullTGDs	63291
nonFullTGDs	961		fullTGDs	25168			newNonFullTGDs	0		newFullTGDs	63199
nonFullTGDs	961		fullTGDs	25268			newNonFullTGDs	0		newFullTGDs	63099
nonFullTGDs	961		fullTGDs	25366			newNonFullTGDs	0		newFullTGDs	63007
nonFullTGDs	961		fullTGDs	25465			newNonFullTGDs	0		newFullTGDs	62911
nonFullTGDs	961		fullTGDs	25565			newNonFullTGDs	0		newFullTGDs	62811
nonFullTGDs	961		fullTGDs	25663			newNonFullTGDs	0		newFullTGDs	62719
nonFullTGDs	961		fullTGDs	25761			newNonFullTGDs	0		newFullTGDs	62621
nonFullTGDs	961		fullTGDs	25857			newNonFullTGDs	0		newFullTGDs	62525
nonFullTGDs	961		fullTGDs	25952			newNonFullTGDs	0		newFullTGDs	62430
nonFullTGDs	961		fullTGDs	26052			newNonFullTGDs	0		newFullTGDs	62330
nonFullTGDs	961		fullTGDs	26150			newNonFullTGDs	0		newFullTGDs	62232
nonFullTGDs	961		fullTGDs	26247			newNonFullTGDs	0		newFullTGDs	62135
nonFullTGDs	961		fullTGDs	26345			newNonFullTGDs	0		newFullTGDs	62037
nonFullTGDs	961		fullTGDs	26442			newNonFullTGDs	0		newFullTGDs	61940
nonFullTGDs	961		fullTGDs	26538			newNonFullTGDs	0		newFullTGDs	61844
nonFullTGDs	961		fullTGDs	26638			newNonFullTGDs	0		newFullTGDs	61744
nonFullTGDs	961		fullTGDs	26737			newNonFullTGDs	0		newFullTGDs	61645
nonFullTGDs	961		fullTGDs	26837			newNonFullTGDs	0		newFullTGDs	61545
nonFullTGDs	961		fullTGDs	26937			newNonFullTGDs	0		newFullTGDs	61445
nonFullTGDs	961		fullTGDs	27034			newNonFullTGDs	0		newFullTGDs	61348
nonFullTGDs	961		fullTGDs	27131			newNonFullTGDs	0		newFullTGDs	61251
nonFullTGDs	961		fullTGDs	27231			newNonFullTGDs	0		newFullTGDs	61151
nonFullTGDs	961		fullTGDs	27330			newNonFullTGDs	0		newFullTGDs	61052
nonFullTGDs	961		fullTGDs	27428			newNonFullTGDs	0		newFullTGDs	60954
nonFullTGDs	961		fullTGDs	27523			newNonFullTGDs	0		newFullTGDs	60859
nonFullTGDs	961		fullTGDs	27620			newNonFullTGDs	0		newFullTGDs	60762
nonFullTGDs	961		fullTGDs	27714			newNonFullTGDs	0		newFullTGDs	60668
nonFullTGDs	961		fullTGDs	27812			newNonFullTGDs	0		newFullTGDs	60570
nonFullTGDs	961		fullTGDs	27906			newNonFullTGDs	0		newFullTGDs	60476
nonFullTGDs	961		fullTGDs	28004			newNonFullTGDs	0		newFullTGDs	60378
nonFullTGDs	961		fullTGDs	28102			newNonFullTGDs	0		newFullTGDs	60280
nonFullTGDs	961		fullTGDs	28201			newNonFullTGDs	0		newFullTGDs	60181
nonFullTGDs	961		fullTGDs	28301			newNonFullTGDs	0		newFullTGDs	60081
nonFullTGDs	961		fullTGDs	28401			newNonFullTGDs	0		newFullTGDs	59981
nonFullTGDs	961		fullTGDs	28498			newNonFullTGDs	0		newFullTGDs	59884
nonFullTGDs	961		fullTGDs	28597			newNonFullTGDs	0		newFullTGDs	59785
nonFullTGDs	961		fullTGDs	28691			newNonFullTGDs	0		newFullTGDs	59691
nonFullTGDs	961		fullTGDs	28790			newNonFullTGDs	0		newFullTGDs	59592
nonFullTGDs	961		fullTGDs	28888			newNonFullTGDs	0		newFullTGDs	59494
nonFullTGDs	961		fullTGDs	28985			newNonFullTGDs	0		newFullTGDs	59397
nonFullTGDs	961		fullTGDs	29083			newNonFullTGDs	0		newFullTGDs	59299
nonFullTGDs	961		fullTGDs	29179			newNonFullTGDs	0		newFullTGDs	59209
nonFullTGDs	961		fullTGDs	29277			newNonFullTGDs	0		newFullTGDs	59117
nonFullTGDs	961		fullTGDs	29371			newNonFullTGDs	0		newFullTGDs	59041
nonFullTGDs	961		fullTGDs	29468			newNonFullTGDs	0		newFullTGDs	58953
nonFullTGDs	961		fullTGDs	29568			newNonFullTGDs	0		newFullTGDs	58853
nonFullTGDs	961		fullTGDs	29667			newNonFullTGDs	0		newFullTGDs	58757
nonFullTGDs	961		fullTGDs	29766			newNonFullTGDs	0		newFullTGDs	58661
nonFullTGDs	961		fullTGDs	29866			newNonFullTGDs	0		newFullTGDs	58561
nonFullTGDs	961		fullTGDs	29966			newNonFullTGDs	0		newFullTGDs	58461
nonFullTGDs	961		fullTGDs	30064			newNonFullTGDs	0		newFullTGDs	58369
nonFullTGDs	961		fullTGDs	30161			newNonFullTGDs	0		newFullTGDs	58281
nonFullTGDs	961		fullTGDs	30255			newNonFullTGDs	0		newFullTGDs	58205
nonFullTGDs	961		fullTGDs	30354			newNonFullTGDs	0		newFullTGDs	58109
nonFullTGDs	961		fullTGDs	30453			newNonFullTGDs	0		newFullTGDs	58013
nonFullTGDs	961		fullTGDs	30551			newNonFullTGDs	0		newFullTGDs	57921
nonFullTGDs	961		fullTGDs	30648			newNonFullTGDs	0		newFullTGDs	57824
nonFullTGDs	961		fullTGDs	30743			newNonFullTGDs	0		newFullTGDs	57729
nonFullTGDs	961		fullTGDs	30843			newNonFullTGDs	0		newFullTGDs	57629
nonFullTGDs	961		fullTGDs	30941			newNonFullTGDs	0		newFullTGDs	57535
nonFullTGDs	961		fullTGDs	31034			newNonFullTGDs	0		newFullTGDs	57456
nonFullTGDs	961		fullTGDs	31131			newNonFullTGDs	0		newFullTGDs	57359
nonFullTGDs	961		fullTGDs	31229			newNonFullTGDs	0		newFullTGDs	57261
nonFullTGDs	961		fullTGDs	31328			newNonFullTGDs	0		newFullTGDs	57162
nonFullTGDs	961		fullTGDs	31426			newNonFullTGDs	0		newFullTGDs	57064
nonFullTGDs	961		fullTGDs	31524			newNonFullTGDs	0		newFullTGDs	56966
nonFullTGDs	961		fullTGDs	31624			newNonFullTGDs	0		newFullTGDs	56866
nonFullTGDs	961		fullTGDs	31719			newNonFullTGDs	0		newFullTGDs	56771
nonFullTGDs	961		fullTGDs	31813			newNonFullTGDs	0		newFullTGDs	56677
nonFullTGDs	961		fullTGDs	31906			newNonFullTGDs	0		newFullTGDs	56584
nonFullTGDs	961		fullTGDs	32006			newNonFullTGDs	0		newFullTGDs	56484
nonFullTGDs	961		fullTGDs	32105			newNonFullTGDs	0		newFullTGDs	56385
nonFullTGDs	961		fullTGDs	32201			newNonFullTGDs	0		newFullTGDs	56289
nonFullTGDs	961		fullTGDs	32298			newNonFullTGDs	0		newFullTGDs	56192
nonFullTGDs	961		fullTGDs	32391			newNonFullTGDs	0		newFullTGDs	56099
nonFullTGDs	961		fullTGDs	32489			newNonFullTGDs	0		newFullTGDs	56001
nonFullTGDs	961		fullTGDs	32581			newNonFullTGDs	0		newFullTGDs	55909
nonFullTGDs	961		fullTGDs	32679			newNonFullTGDs	0		newFullTGDs	55811
nonFullTGDs	961		fullTGDs	32765			newNonFullTGDs	0		newFullTGDs	55725
nonFullTGDs	961		fullTGDs	32856			newNonFullTGDs	0		newFullTGDs	55634
nonFullTGDs	961		fullTGDs	32946			newNonFullTGDs	0		newFullTGDs	55544
nonFullTGDs	961		fullTGDs	33046			newNonFullTGDs	0		newFullTGDs	55444
nonFullTGDs	961		fullTGDs	33146			newNonFullTGDs	0		newFullTGDs	55344
nonFullTGDs	961		fullTGDs	33246			newNonFullTGDs	0		newFullTGDs	55244
nonFullTGDs	961		fullTGDs	33346			newNonFullTGDs	0		newFullTGDs	55144
nonFullTGDs	961		fullTGDs	33446			newNonFullTGDs	0		newFullTGDs	55044
nonFullTGDs	961		fullTGDs	33546			newNonFullTGDs	0		newFullTGDs	54944
nonFullTGDs	961		fullTGDs	33646			newNonFullTGDs	0		newFullTGDs	54844
nonFullTGDs	961		fullTGDs	33745			newNonFullTGDs	0		newFullTGDs	54748
nonFullTGDs	961		fullTGDs	33845			newNonFullTGDs	0		newFullTGDs	54648
nonFullTGDs	961		fullTGDs	33945			newNonFullTGDs	0		newFullTGDs	54548
nonFullTGDs	961		fullTGDs	34045			newNonFullTGDs	0		newFullTGDs	54448
nonFullTGDs	961		fullTGDs	34145			newNonFullTGDs	0		newFullTGDs	54348
nonFullTGDs	961		fullTGDs	34245			newNonFullTGDs	0		newFullTGDs	54248
nonFullTGDs	961		fullTGDs	34345			newNonFullTGDs	0		newFullTGDs	54148
nonFullTGDs	961		fullTGDs	34445			newNonFullTGDs	0		newFullTGDs	54048
nonFullTGDs	961		fullTGDs	34544			newNonFullTGDs	0		newFullTGDs	53952
nonFullTGDs	961		fullTGDs	34644			newNonFullTGDs	0		newFullTGDs	53852
nonFullTGDs	961		fullTGDs	34744			newNonFullTGDs	0		newFullTGDs	53752
nonFullTGDs	961		fullTGDs	34844			newNonFullTGDs	0		newFullTGDs	53652
nonFullTGDs	961		fullTGDs	34944			newNonFullTGDs	0		newFullTGDs	53552
nonFullTGDs	961		fullTGDs	35044			newNonFullTGDs	0		newFullTGDs	53452
nonFullTGDs	961		fullTGDs	35144			newNonFullTGDs	0		newFullTGDs	53352
nonFullTGDs	961		fullTGDs	35244			newNonFullTGDs	0		newFullTGDs	53252
nonFullTGDs	961		fullTGDs	35344			newNonFullTGDs	0		newFullTGDs	53152
nonFullTGDs	961		fullTGDs	35444			newNonFullTGDs	0		newFullTGDs	53052
nonFullTGDs	961		fullTGDs	35544			newNonFullTGDs	0		newFullTGDs	52952
nonFullTGDs	961		fullTGDs	35644			newNonFullTGDs	0		newFullTGDs	52852
nonFullTGDs	961		fullTGDs	35744			newNonFullTGDs	0		newFullTGDs	52752
nonFullTGDs	961		fullTGDs	35836			newNonFullTGDs	0		newFullTGDs	52667
nonFullTGDs	961		fullTGDs	35936			newNonFullTGDs	0		newFullTGDs	52567
nonFullTGDs	961		fullTGDs	36035			newNonFullTGDs	0		newFullTGDs	52468
nonFullTGDs	961		fullTGDs	36131			newNonFullTGDs	0		newFullTGDs	52376
nonFullTGDs	961		fullTGDs	36231			newNonFullTGDs	0		newFullTGDs	52276
nonFullTGDs	961		fullTGDs	36329			newNonFullTGDs	0		newFullTGDs	52179
nonFullTGDs	961		fullTGDs	36429			newNonFullTGDs	0		newFullTGDs	52079
nonFullTGDs	961		fullTGDs	36529			newNonFullTGDs	0		newFullTGDs	51979
nonFullTGDs	961		fullTGDs	36629			newNonFullTGDs	0		newFullTGDs	51879
nonFullTGDs	961		fullTGDs	36729			newNonFullTGDs	0		newFullTGDs	51779
nonFullTGDs	961		fullTGDs	36821			newNonFullTGDs	0		newFullTGDs	51694
nonFullTGDs	961		fullTGDs	36921			newNonFullTGDs	0		newFullTGDs	51594
nonFullTGDs	961		fullTGDs	37020			newNonFullTGDs	0		newFullTGDs	51495
nonFullTGDs	961		fullTGDs	37106			newNonFullTGDs	0		newFullTGDs	51415
nonFullTGDs	961		fullTGDs	37202			newNonFullTGDs	0		newFullTGDs	51322
nonFullTGDs	961		fullTGDs	37294			newNonFullTGDs	0		newFullTGDs	51236
nonFullTGDs	961		fullTGDs	37388			newNonFullTGDs	0		newFullTGDs	51145
nonFullTGDs	961		fullTGDs	37488			newNonFullTGDs	0		newFullTGDs	51045
nonFullTGDs	961		fullTGDs	37588			newNonFullTGDs	0		newFullTGDs	50945
nonFullTGDs	961		fullTGDs	37688			newNonFullTGDs	0		newFullTGDs	50845
nonFullTGDs	961		fullTGDs	37788			newNonFullTGDs	0		newFullTGDs	50745
nonFullTGDs	961		fullTGDs	37885			newNonFullTGDs	0		newFullTGDs	50651
nonFullTGDs	961		fullTGDs	37982			newNonFullTGDs	0		newFullTGDs	50557
nonFullTGDs	961		fullTGDs	38082			newNonFullTGDs	0		newFullTGDs	50457
nonFullTGDs	961		fullTGDs	38182			newNonFullTGDs	0		newFullTGDs	50357
nonFullTGDs	961		fullTGDs	38282			newNonFullTGDs	0		newFullTGDs	50257
nonFullTGDs	961		fullTGDs	38382			newNonFullTGDs	0		newFullTGDs	50157
nonFullTGDs	961		fullTGDs	38482			newNonFullTGDs	0		newFullTGDs	50057
nonFullTGDs	961		fullTGDs	38582			newNonFullTGDs	0		newFullTGDs	49957
nonFullTGDs	961		fullTGDs	38682			newNonFullTGDs	0		newFullTGDs	49857
nonFullTGDs	961		fullTGDs	38781			newNonFullTGDs	0		newFullTGDs	49758
nonFullTGDs	961		fullTGDs	38879			newNonFullTGDs	0		newFullTGDs	49660
nonFullTGDs	961		fullTGDs	38979			newNonFullTGDs	0		newFullTGDs	49560
nonFullTGDs	961		fullTGDs	39071			newNonFullTGDs	0		newFullTGDs	49474
nonFullTGDs	961		fullTGDs	39161			newNonFullTGDs	0		newFullTGDs	49390
nonFullTGDs	961		fullTGDs	39261			newNonFullTGDs	0		newFullTGDs	49290
nonFullTGDs	961		fullTGDs	39348			newNonFullTGDs	0		newFullTGDs	49209
nonFullTGDs	961		fullTGDs	39448			newNonFullTGDs	0		newFullTGDs	49109
nonFullTGDs	961		fullTGDs	39548			newNonFullTGDs	0		newFullTGDs	49009
nonFullTGDs	961		fullTGDs	39648			newNonFullTGDs	0		newFullTGDs	48909
nonFullTGDs	961		fullTGDs	39748			newNonFullTGDs	0		newFullTGDs	48809
nonFullTGDs	961		fullTGDs	39848			newNonFullTGDs	0		newFullTGDs	48709
nonFullTGDs	961		fullTGDs	39948			newNonFullTGDs	0		newFullTGDs	48609
nonFullTGDs	961		fullTGDs	40039			newNonFullTGDs	0		newFullTGDs	48527
nonFullTGDs	961		fullTGDs	40137			newNonFullTGDs	0		newFullTGDs	48429
nonFullTGDs	961		fullTGDs	40228			newNonFullTGDs	0		newFullTGDs	48344
nonFullTGDs	961		fullTGDs	40313			newNonFullTGDs	0		newFullTGDs	48271
nonFullTGDs	961		fullTGDs	40399			newNonFullTGDs	0		newFullTGDs	48194
nonFullTGDs	961		fullTGDs	40499			newNonFullTGDs	0		newFullTGDs	48094
nonFullTGDs	961		fullTGDs	40583			newNonFullTGDs	0		newFullTGDs	48025
nonFullTGDs	961		fullTGDs	40678			newNonFullTGDs	0		newFullTGDs	47933
nonFullTGDs	961		fullTGDs	40778			newNonFullTGDs	0		newFullTGDs	47833
nonFullTGDs	961		fullTGDs	40873			newNonFullTGDs	0		newFullTGDs	47738
nonFullTGDs	961		fullTGDs	40969			newNonFullTGDs	0		newFullTGDs	47642
nonFullTGDs	961		fullTGDs	41066			newNonFullTGDs	0		newFullTGDs	47545
nonFullTGDs	961		fullTGDs	41161			newNonFullTGDs	0		newFullTGDs	47450
nonFullTGDs	961		fullTGDs	41261			newNonFullTGDs	0		newFullTGDs	47350
nonFullTGDs	961		fullTGDs	41361			newNonFullTGDs	0		newFullTGDs	47250
nonFullTGDs	961		fullTGDs	41459			newNonFullTGDs	0		newFullTGDs	47152
nonFullTGDs	961		fullTGDs	41559			newNonFullTGDs	0		newFullTGDs	47052
nonFullTGDs	961		fullTGDs	41637			newNonFullTGDs	0		newFullTGDs	46990
nonFullTGDs	961		fullTGDs	41728			newNonFullTGDs	0		newFullTGDs	46902
nonFullTGDs	961		fullTGDs	41811			newNonFullTGDs	0		newFullTGDs	46833
nonFullTGDs	961		fullTGDs	41906			newNonFullTGDs	0		newFullTGDs	46741
nonFullTGDs	961		fullTGDs	42006			newNonFullTGDs	0		newFullTGDs	46641
nonFullTGDs	961		fullTGDs	42106			newNonFullTGDs	0		newFullTGDs	46541
nonFullTGDs	961		fullTGDs	42190			newNonFullTGDs	0		newFullTGDs	46468
nonFullTGDs	961		fullTGDs	42282			newNonFullTGDs	0		newFullTGDs	46382
nonFullTGDs	961		fullTGDs	42374			newNonFullTGDs	0		newFullTGDs	46295
nonFullTGDs	961		fullTGDs	42466			newNonFullTGDs	0		newFullTGDs	46209
nonFullTGDs	961		fullTGDs	42566			newNonFullTGDs	0		newFullTGDs	46109
nonFullTGDs	961		fullTGDs	42666			newNonFullTGDs	0		newFullTGDs	46009
nonFullTGDs	961		fullTGDs	42766			newNonFullTGDs	0		newFullTGDs	45909
nonFullTGDs	961		fullTGDs	42849			newNonFullTGDs	0		newFullTGDs	45832
nonFullTGDs	961		fullTGDs	42938			newNonFullTGDs	0		newFullTGDs	45755
nonFullTGDs	961		fullTGDs	43031			newNonFullTGDs	0		newFullTGDs	45667
nonFullTGDs	961		fullTGDs	43131			newNonFullTGDs	0		newFullTGDs	45567
nonFullTGDs	961		fullTGDs	43214			newNonFullTGDs	0		newFullTGDs	45493
nonFullTGDs	961		fullTGDs	43314			newNonFullTGDs	0		newFullTGDs	45393
nonFullTGDs	961		fullTGDs	43414			newNonFullTGDs	0		newFullTGDs	45293
nonFullTGDs	961		fullTGDs	43514			newNonFullTGDs	0		newFullTGDs	45193
nonFullTGDs	961		fullTGDs	43614			newNonFullTGDs	0		newFullTGDs	45093
nonFullTGDs	961		fullTGDs	43714			newNonFullTGDs	0		newFullTGDs	44993
nonFullTGDs	961		fullTGDs	43812			newNonFullTGDs	0		newFullTGDs	44898
nonFullTGDs	961		fullTGDs	43912			newNonFullTGDs	0		newFullTGDs	44798
nonFullTGDs	961		fullTGDs	44012			newNonFullTGDs	0		newFullTGDs	44698
nonFullTGDs	961		fullTGDs	44112			newNonFullTGDs	0		newFullTGDs	44598
nonFullTGDs	961		fullTGDs	44212			newNonFullTGDs	0		newFullTGDs	44498
nonFullTGDs	961		fullTGDs	44312			newNonFullTGDs	0		newFullTGDs	44398
nonFullTGDs	961		fullTGDs	44410			newNonFullTGDs	0		newFullTGDs	44300
nonFullTGDs	961		fullTGDs	44508			newNonFullTGDs	0		newFullTGDs	44208
nonFullTGDs	961		fullTGDs	44608			newNonFullTGDs	0		newFullTGDs	44108
nonFullTGDs	961		fullTGDs	44705			newNonFullTGDs	0		newFullTGDs	44017
nonFullTGDs	961		fullTGDs	44804			newNonFullTGDs	0		newFullTGDs	43921
nonFullTGDs	961		fullTGDs	44904			newNonFullTGDs	0		newFullTGDs	43821
nonFullTGDs	961		fullTGDs	45004			newNonFullTGDs	0		newFullTGDs	43721
nonFullTGDs	961		fullTGDs	45104			newNonFullTGDs	0		newFullTGDs	43621
nonFullTGDs	961		fullTGDs	45201			newNonFullTGDs	0		newFullTGDs	43527
nonFullTGDs	961		fullTGDs	45296			newNonFullTGDs	0		newFullTGDs	43444
nonFullTGDs	961		fullTGDs	45396			newNonFullTGDs	0		newFullTGDs	43344
nonFullTGDs	961		fullTGDs	45492			newNonFullTGDs	0		newFullTGDs	43254
nonFullTGDs	961		fullTGDs	45588			newNonFullTGDs	0		newFullTGDs	43164
nonFullTGDs	961		fullTGDs	45687			newNonFullTGDs	0		newFullTGDs	43065
nonFullTGDs	961		fullTGDs	45787			newNonFullTGDs	0		newFullTGDs	42965
nonFullTGDs	961		fullTGDs	45887			newNonFullTGDs	0		newFullTGDs	42865
nonFullTGDs	961		fullTGDs	45985			newNonFullTGDs	0		newFullTGDs	42770
nonFullTGDs	961		fullTGDs	46085			newNonFullTGDs	0		newFullTGDs	42670
nonFullTGDs	961		fullTGDs	46183			newNonFullTGDs	0		newFullTGDs	42575
nonFullTGDs	961		fullTGDs	46280			newNonFullTGDs	0		newFullTGDs	42478
nonFullTGDs	961		fullTGDs	46379			newNonFullTGDs	0		newFullTGDs	42379
nonFullTGDs	961		fullTGDs	46479			newNonFullTGDs	0		newFullTGDs	42279
nonFullTGDs	961		fullTGDs	46579			newNonFullTGDs	0		newFullTGDs	42179
nonFullTGDs	961		fullTGDs	46679			newNonFullTGDs	0		newFullTGDs	42079
nonFullTGDs	961		fullTGDs	46779			newNonFullTGDs	0		newFullTGDs	41979
nonFullTGDs	961		fullTGDs	46877			newNonFullTGDs	0		newFullTGDs	41884
nonFullTGDs	961		fullTGDs	46977			newNonFullTGDs	0		newFullTGDs	41784
nonFullTGDs	961		fullTGDs	47077			newNonFullTGDs	0		newFullTGDs	41684
nonFullTGDs	961		fullTGDs	47177			newNonFullTGDs	0		newFullTGDs	41584
nonFullTGDs	961		fullTGDs	47277			newNonFullTGDs	0		newFullTGDs	41484
nonFullTGDs	961		fullTGDs	47377			newNonFullTGDs	0		newFullTGDs	41384
nonFullTGDs	961		fullTGDs	47477			newNonFullTGDs	0		newFullTGDs	41284
nonFullTGDs	961		fullTGDs	47577			newNonFullTGDs	0		newFullTGDs	41184
nonFullTGDs	961		fullTGDs	47675			newNonFullTGDs	0		newFullTGDs	41092
nonFullTGDs	961		fullTGDs	47775			newNonFullTGDs	0		newFullTGDs	40992
nonFullTGDs	961		fullTGDs	47875			newNonFullTGDs	0		newFullTGDs	40892
nonFullTGDs	961		fullTGDs	47974			newNonFullTGDs	0		newFullTGDs	40796
nonFullTGDs	961		fullTGDs	48074			newNonFullTGDs	0		newFullTGDs	40696
nonFullTGDs	961		fullTGDs	48174			newNonFullTGDs	0		newFullTGDs	40596
nonFullTGDs	961		fullTGDs	48274			newNonFullTGDs	0		newFullTGDs	40496
nonFullTGDs	961		fullTGDs	48374			newNonFullTGDs	0		newFullTGDs	40396
nonFullTGDs	961		fullTGDs	48472			newNonFullTGDs	0		newFullTGDs	40298
nonFullTGDs	961		fullTGDs	48567			newNonFullTGDs	0		newFullTGDs	40206
nonFullTGDs	961		fullTGDs	48667			newNonFullTGDs	0		newFullTGDs	40106
nonFullTGDs	961		fullTGDs	48767			newNonFullTGDs	0		newFullTGDs	40006
nonFullTGDs	961		fullTGDs	48862			newNonFullTGDs	0		newFullTGDs	39914
nonFullTGDs	961		fullTGDs	48957			newNonFullTGDs	0		newFullTGDs	39819
nonFullTGDs	961		fullTGDs	49057			newNonFullTGDs	0		newFullTGDs	39719
nonFullTGDs	961		fullTGDs	49154			newNonFullTGDs	0		newFullTGDs	39625
nonFullTGDs	961		fullTGDs	49251			newNonFullTGDs	0		newFullTGDs	39528
nonFullTGDs	961		fullTGDs	49351			newNonFullTGDs	0		newFullTGDs	39428
nonFullTGDs	961		fullTGDs	49443			newNonFullTGDs	0		newFullTGDs	39345
nonFullTGDs	961		fullTGDs	49543			newNonFullTGDs	0		newFullTGDs	39245
nonFullTGDs	961		fullTGDs	49643			newNonFullTGDs	0		newFullTGDs	39145
nonFullTGDs	961		fullTGDs	49743			newNonFullTGDs	0		newFullTGDs	39045
nonFullTGDs	961		fullTGDs	49832			newNonFullTGDs	0		newFullTGDs	38965
nonFullTGDs	961		fullTGDs	49926			newNonFullTGDs	0		newFullTGDs	38877
nonFullTGDs	961		fullTGDs	50021			newNonFullTGDs	0		newFullTGDs	38785
nonFullTGDs	961		fullTGDs	50105			newNonFullTGDs	0		newFullTGDs	38713
nonFullTGDs	961		fullTGDs	50194			newNonFullTGDs	0		newFullTGDs	38633
nonFullTGDs	961		fullTGDs	50294			newNonFullTGDs	0		newFullTGDs	38533
nonFullTGDs	961		fullTGDs	50394			newNonFullTGDs	0		newFullTGDs	38433
nonFullTGDs	961		fullTGDs	50494			newNonFullTGDs	0		newFullTGDs	38333
nonFullTGDs	961		fullTGDs	50594			newNonFullTGDs	0		newFullTGDs	38233
nonFullTGDs	961		fullTGDs	50684			newNonFullTGDs	0		newFullTGDs	38149
nonFullTGDs	961		fullTGDs	50784			newNonFullTGDs	0		newFullTGDs	38049
nonFullTGDs	961		fullTGDs	50884			newNonFullTGDs	0		newFullTGDs	37949
nonFullTGDs	961		fullTGDs	50984			newNonFullTGDs	0		newFullTGDs	37849
nonFullTGDs	961		fullTGDs	51081			newNonFullTGDs	0		newFullTGDs	37755
nonFullTGDs	961		fullTGDs	51175			newNonFullTGDs	0		newFullTGDs	37667
nonFullTGDs	961		fullTGDs	51275			newNonFullTGDs	0		newFullTGDs	37567
nonFullTGDs	961		fullTGDs	51375			newNonFullTGDs	0		newFullTGDs	37467
nonFullTGDs	961		fullTGDs	51475			newNonFullTGDs	0		newFullTGDs	37367
nonFullTGDs	961		fullTGDs	51575			newNonFullTGDs	0		newFullTGDs	37267
nonFullTGDs	961		fullTGDs	51673			newNonFullTGDs	0		newFullTGDs	37169
nonFullTGDs	961		fullTGDs	51772			newNonFullTGDs	0		newFullTGDs	37073
nonFullTGDs	961		fullTGDs	51872			newNonFullTGDs	0		newFullTGDs	36973
nonFullTGDs	961		fullTGDs	51972			newNonFullTGDs	0		newFullTGDs	36873
nonFullTGDs	961		fullTGDs	52072			newNonFullTGDs	0		newFullTGDs	36773
nonFullTGDs	961		fullTGDs	52172			newNonFullTGDs	0		newFullTGDs	36673
nonFullTGDs	961		fullTGDs	52272			newNonFullTGDs	0		newFullTGDs	36573
nonFullTGDs	961		fullTGDs	52372			newNonFullTGDs	0		newFullTGDs	36473
nonFullTGDs	961		fullTGDs	52468			newNonFullTGDs	0		newFullTGDs	36386
nonFullTGDs	961		fullTGDs	52568			newNonFullTGDs	0		newFullTGDs	36286
nonFullTGDs	961		fullTGDs	52668			newNonFullTGDs	0		newFullTGDs	36186
nonFullTGDs	961		fullTGDs	52768			newNonFullTGDs	0		newFullTGDs	36086
nonFullTGDs	961		fullTGDs	52865			newNonFullTGDs	0		newFullTGDs	35992
nonFullTGDs	961		fullTGDs	52963			newNonFullTGDs	0		newFullTGDs	35900
nonFullTGDs	961		fullTGDs	53061			newNonFullTGDs	0		newFullTGDs	35808
nonFullTGDs	961		fullTGDs	53161			newNonFullTGDs	0		newFullTGDs	35708
nonFullTGDs	961		fullTGDs	53261			newNonFullTGDs	0		newFullTGDs	35608
nonFullTGDs	961		fullTGDs	53361			newNonFullTGDs	0		newFullTGDs	35508
nonFullTGDs	961		fullTGDs	53461			newNonFullTGDs	0		newFullTGDs	35408
nonFullTGDs	961		fullTGDs	53561			newNonFullTGDs	0		newFullTGDs	35308
nonFullTGDs	961		fullTGDs	53661			newNonFullTGDs	0		newFullTGDs	35208
nonFullTGDs	961		fullTGDs	53761			newNonFullTGDs	0		newFullTGDs	35108
nonFullTGDs	961		fullTGDs	53861			newNonFullTGDs	0		newFullTGDs	35008
nonFullTGDs	961		fullTGDs	53961			newNonFullTGDs	0		newFullTGDs	34908
nonFullTGDs	961		fullTGDs	54061			newNonFullTGDs	0		newFullTGDs	34808
nonFullTGDs	961		fullTGDs	54161			newNonFullTGDs	0		newFullTGDs	34708
nonFullTGDs	961		fullTGDs	54261			newNonFullTGDs	0		newFullTGDs	34608
nonFullTGDs	961		fullTGDs	54361			newNonFullTGDs	0		newFullTGDs	34508
nonFullTGDs	961		fullTGDs	54461			newNonFullTGDs	0		newFullTGDs	34408
nonFullTGDs	961		fullTGDs	54561			newNonFullTGDs	0		newFullTGDs	34308
nonFullTGDs	961		fullTGDs	54661			newNonFullTGDs	0		newFullTGDs	34208
nonFullTGDs	961		fullTGDs	54760			newNonFullTGDs	0		newFullTGDs	34109
nonFullTGDs	961		fullTGDs	54860			newNonFullTGDs	0		newFullTGDs	34009
nonFullTGDs	961		fullTGDs	54960			newNonFullTGDs	0		newFullTGDs	33909
nonFullTGDs	961		fullTGDs	55060			newNonFullTGDs	0		newFullTGDs	33809
nonFullTGDs	961		fullTGDs	55153			newNonFullTGDs	0		newFullTGDs	33716
nonFullTGDs	961		fullTGDs	55249			newNonFullTGDs	0		newFullTGDs	33620
nonFullTGDs	961		fullTGDs	55344			newNonFullTGDs	0		newFullTGDs	33525
nonFullTGDs	961		fullTGDs	55437			newNonFullTGDs	0		newFullTGDs	33432
nonFullTGDs	961		fullTGDs	55536			newNonFullTGDs	0		newFullTGDs	33333
nonFullTGDs	961		fullTGDs	55632			newNonFullTGDs	0		newFullTGDs	33237
nonFullTGDs	961		fullTGDs	55732			newNonFullTGDs	0		newFullTGDs	33137
nonFullTGDs	961		fullTGDs	55832			newNonFullTGDs	0		newFullTGDs	33037
nonFullTGDs	961		fullTGDs	55932			newNonFullTGDs	0		newFullTGDs	32937
nonFullTGDs	961		fullTGDs	56032			newNonFullTGDs	0		newFullTGDs	32837
nonFullTGDs	961		fullTGDs	56131			newNonFullTGDs	0		newFullTGDs	32741
nonFullTGDs	961		fullTGDs	56230			newNonFullTGDs	0		newFullTGDs	32642
nonFullTGDs	961		fullTGDs	56330			newNonFullTGDs	0		newFullTGDs	32542
nonFullTGDs	961		fullTGDs	56427			newNonFullTGDs	0		newFullTGDs	32448
nonFullTGDs	961		fullTGDs	56527			newNonFullTGDs	0		newFullTGDs	32348
nonFullTGDs	961		fullTGDs	56627			newNonFullTGDs	0		newFullTGDs	32248
nonFullTGDs	961		fullTGDs	56727			newNonFullTGDs	0		newFullTGDs	32148
nonFullTGDs	961		fullTGDs	56827			newNonFullTGDs	0		newFullTGDs	32048
nonFullTGDs	961		fullTGDs	56927			newNonFullTGDs	0		newFullTGDs	31948
nonFullTGDs	961		fullTGDs	57027			newNonFullTGDs	0		newFullTGDs	31848
nonFullTGDs	961		fullTGDs	57127			newNonFullTGDs	0		newFullTGDs	31748
nonFullTGDs	961		fullTGDs	57227			newNonFullTGDs	0		newFullTGDs	31648
nonFullTGDs	961		fullTGDs	57327			newNonFullTGDs	0		newFullTGDs	31548
nonFullTGDs	961		fullTGDs	57426			newNonFullTGDs	0		newFullTGDs	31452
nonFullTGDs	961		fullTGDs	57522			newNonFullTGDs	0		newFullTGDs	31365
nonFullTGDs	961		fullTGDs	57622			newNonFullTGDs	0		newFullTGDs	31265
nonFullTGDs	961		fullTGDs	57722			newNonFullTGDs	0		newFullTGDs	31165
nonFullTGDs	961		fullTGDs	57819			newNonFullTGDs	0		newFullTGDs	31074
nonFullTGDs	961		fullTGDs	57919			newNonFullTGDs	0		newFullTGDs	30974
nonFullTGDs	961		fullTGDs	58019			newNonFullTGDs	0		newFullTGDs	30874
nonFullTGDs	961		fullTGDs	58119			newNonFullTGDs	0		newFullTGDs	30774
nonFullTGDs	961		fullTGDs	58217			newNonFullTGDs	0		newFullTGDs	30679
nonFullTGDs	961		fullTGDs	58317			newNonFullTGDs	0		newFullTGDs	30579
nonFullTGDs	961		fullTGDs	58416			newNonFullTGDs	0		newFullTGDs	30483
nonFullTGDs	961		fullTGDs	58516			newNonFullTGDs	0		newFullTGDs	30383
nonFullTGDs	961		fullTGDs	58616			newNonFullTGDs	0		newFullTGDs	30283
nonFullTGDs	961		fullTGDs	58714			newNonFullTGDs	0		newFullTGDs	30185
nonFullTGDs	961		fullTGDs	58813			newNonFullTGDs	0		newFullTGDs	30086
nonFullTGDs	961		fullTGDs	58912			newNonFullTGDs	0		newFullTGDs	29987
nonFullTGDs	961		fullTGDs	59012			newNonFullTGDs	0		newFullTGDs	29887
nonFullTGDs	961		fullTGDs	59107			newNonFullTGDs	0		newFullTGDs	29798
nonFullTGDs	961		fullTGDs	59207			newNonFullTGDs	0		newFullTGDs	29698
nonFullTGDs	961		fullTGDs	59302			newNonFullTGDs	0		newFullTGDs	29606
nonFullTGDs	961		fullTGDs	59402			newNonFullTGDs	0		newFullTGDs	29506
nonFullTGDs	961		fullTGDs	59502			newNonFullTGDs	0		newFullTGDs	29406
nonFullTGDs	961		fullTGDs	59602			newNonFullTGDs	0		newFullTGDs	29306
nonFullTGDs	961		fullTGDs	59699			newNonFullTGDs	0		newFullTGDs	29212
nonFullTGDs	961		fullTGDs	59799			newNonFullTGDs	0		newFullTGDs	29112
nonFullTGDs	961		fullTGDs	59899			newNonFullTGDs	0		newFullTGDs	29012
nonFullTGDs	961		fullTGDs	59999			newNonFullTGDs	0		newFullTGDs	28912
nonFullTGDs	961		fullTGDs	60099			newNonFullTGDs	0		newFullTGDs	28812
nonFullTGDs	961		fullTGDs	60199			newNonFullTGDs	0		newFullTGDs	28712
nonFullTGDs	961		fullTGDs	60299			newNonFullTGDs	0		newFullTGDs	28612
nonFullTGDs	961		fullTGDs	60399			newNonFullTGDs	0		newFullTGDs	28512
nonFullTGDs	961		fullTGDs	60497			newNonFullTGDs	0		newFullTGDs	28417
nonFullTGDs	961		fullTGDs	60597			newNonFullTGDs	0		newFullTGDs	28317
nonFullTGDs	961		fullTGDs	60697			newNonFullTGDs	0		newFullTGDs	28217
nonFullTGDs	961		fullTGDs	60794			newNonFullTGDs	0		newFullTGDs	28123
nonFullTGDs	961		fullTGDs	60894			newNonFullTGDs	0		newFullTGDs	28023
nonFullTGDs	961		fullTGDs	60994			newNonFullTGDs	0		newFullTGDs	27923
nonFullTGDs	961		fullTGDs	61094			newNonFullTGDs	0		newFullTGDs	27823
nonFullTGDs	961		fullTGDs	61193			newNonFullTGDs	0		newFullTGDs	27724
nonFullTGDs	961		fullTGDs	61292			newNonFullTGDs	0		newFullTGDs	27625
nonFullTGDs	961		fullTGDs	61391			newNonFullTGDs	0		newFullTGDs	27526
nonFullTGDs	961		fullTGDs	61490			newNonFullTGDs	0		newFullTGDs	27430
nonFullTGDs	961		fullTGDs	61590			newNonFullTGDs	0		newFullTGDs	27330
nonFullTGDs	961		fullTGDs	61689			newNonFullTGDs	0		newFullTGDs	27231
nonFullTGDs	961		fullTGDs	61789			newNonFullTGDs	0		newFullTGDs	27131
nonFullTGDs	961		fullTGDs	61888			newNonFullTGDs	0		newFullTGDs	27032
nonFullTGDs	961		fullTGDs	61988			newNonFullTGDs	0		newFullTGDs	26932
nonFullTGDs	961		fullTGDs	62087			newNonFullTGDs	0		newFullTGDs	26833
nonFullTGDs	961		fullTGDs	62186			newNonFullTGDs	0		newFullTGDs	26734
nonFullTGDs	961		fullTGDs	62286			newNonFullTGDs	0		newFullTGDs	26634
nonFullTGDs	961		fullTGDs	62384			newNonFullTGDs	0		newFullTGDs	26536
nonFullTGDs	961		fullTGDs	62484			newNonFullTGDs	0		newFullTGDs	26436
nonFullTGDs	961		fullTGDs	62583			newNonFullTGDs	0		newFullTGDs	26337
nonFullTGDs	961		fullTGDs	62683			newNonFullTGDs	0		newFullTGDs	26237
nonFullTGDs	961		fullTGDs	62782			newNonFullTGDs	0		newFullTGDs	26138
nonFullTGDs	961		fullTGDs	62881			newNonFullTGDs	0		newFullTGDs	26039
nonFullTGDs	961		fullTGDs	62981			newNonFullTGDs	0		newFullTGDs	25939
nonFullTGDs	961		fullTGDs	63080			newNonFullTGDs	0		newFullTGDs	25840
nonFullTGDs	961		fullTGDs	63179			newNonFullTGDs	0		newFullTGDs	25741
nonFullTGDs	961		fullTGDs	63278			newNonFullTGDs	0		newFullTGDs	25642
nonFullTGDs	961		fullTGDs	63378			newNonFullTGDs	0		newFullTGDs	25542
nonFullTGDs	961		fullTGDs	63477			newNonFullTGDs	0		newFullTGDs	25443
nonFullTGDs	961		fullTGDs	63576			newNonFullTGDs	0		newFullTGDs	25344
nonFullTGDs	961		fullTGDs	63673			newNonFullTGDs	0		newFullTGDs	25247
nonFullTGDs	961		fullTGDs	63773			newNonFullTGDs	0		newFullTGDs	25147
nonFullTGDs	961		fullTGDs	63871			newNonFullTGDs	0		newFullTGDs	25052
nonFullTGDs	961		fullTGDs	63969			newNonFullTGDs	0		newFullTGDs	24957
nonFullTGDs	961		fullTGDs	64068			newNonFullTGDs	0		newFullTGDs	24861
nonFullTGDs	961		fullTGDs	64168			newNonFullTGDs	0		newFullTGDs	24761
nonFullTGDs	961		fullTGDs	64267			newNonFullTGDs	0		newFullTGDs	24662
nonFullTGDs	961		fullTGDs	64367			newNonFullTGDs	0		newFullTGDs	24562
nonFullTGDs	961		fullTGDs	64464			newNonFullTGDs	0		newFullTGDs	24471
nonFullTGDs	961		fullTGDs	64563			newNonFullTGDs	0		newFullTGDs	24372
nonFullTGDs	961		fullTGDs	64663			newNonFullTGDs	0		newFullTGDs	24272
nonFullTGDs	961		fullTGDs	64763			newNonFullTGDs	0		newFullTGDs	24172
nonFullTGDs	961		fullTGDs	64862			newNonFullTGDs	0		newFullTGDs	24073
nonFullTGDs	961		fullTGDs	64962			newNonFullTGDs	0		newFullTGDs	23973
nonFullTGDs	961		fullTGDs	65062			newNonFullTGDs	0		newFullTGDs	23873
nonFullTGDs	961		fullTGDs	65162			newNonFullTGDs	0		newFullTGDs	23773
nonFullTGDs	961		fullTGDs	65262			newNonFullTGDs	0		newFullTGDs	23673
nonFullTGDs	961		fullTGDs	65362			newNonFullTGDs	0		newFullTGDs	23573
nonFullTGDs	961		fullTGDs	65460			newNonFullTGDs	0		newFullTGDs	23475
nonFullTGDs	961		fullTGDs	65557			newNonFullTGDs	0		newFullTGDs	23378
nonFullTGDs	961		fullTGDs	65655			newNonFullTGDs	0		newFullTGDs	23280
nonFullTGDs	961		fullTGDs	65751			newNonFullTGDs	0		newFullTGDs	23184
nonFullTGDs	961		fullTGDs	65850			newNonFullTGDs	0		newFullTGDs	23085
nonFullTGDs	961		fullTGDs	65950			newNonFullTGDs	0		newFullTGDs	22985
nonFullTGDs	961		fullTGDs	66050			newNonFullTGDs	0		newFullTGDs	22885
nonFullTGDs	961		fullTGDs	66149			newNonFullTGDs	0		newFullTGDs	22786
nonFullTGDs	961		fullTGDs	66241			newNonFullTGDs	0		newFullTGDs	22700
nonFullTGDs	961		fullTGDs	66341			newNonFullTGDs	0		newFullTGDs	22600
nonFullTGDs	961		fullTGDs	66441			newNonFullTGDs	0		newFullTGDs	22500
nonFullTGDs	961		fullTGDs	66541			newNonFullTGDs	0		newFullTGDs	22400
nonFullTGDs	961		fullTGDs	66639			newNonFullTGDs	0		newFullTGDs	22305
nonFullTGDs	961		fullTGDs	66738			newNonFullTGDs	0		newFullTGDs	22209
nonFullTGDs	961		fullTGDs	66838			newNonFullTGDs	0		newFullTGDs	22109
nonFullTGDs	961		fullTGDs	66937			newNonFullTGDs	0		newFullTGDs	22010
nonFullTGDs	961		fullTGDs	67036			newNonFullTGDs	0		newFullTGDs	21911
nonFullTGDs	961		fullTGDs	67135			newNonFullTGDs	0		newFullTGDs	21815
nonFullTGDs	961		fullTGDs	67235			newNonFullTGDs	0		newFullTGDs	21715
nonFullTGDs	961		fullTGDs	67334			newNonFullTGDs	0		newFullTGDs	21616
nonFullTGDs	961		fullTGDs	67434			newNonFullTGDs	0		newFullTGDs	21516
nonFullTGDs	961		fullTGDs	67530			newNonFullTGDs	0		newFullTGDs	21420
nonFullTGDs	961		fullTGDs	67630			newNonFullTGDs	0		newFullTGDs	21320
nonFullTGDs	961		fullTGDs	67730			newNonFullTGDs	0		newFullTGDs	21220
nonFullTGDs	961		fullTGDs	67830			newNonFullTGDs	0		newFullTGDs	21120
nonFullTGDs	961		fullTGDs	67930			newNonFullTGDs	0		newFullTGDs	21020
nonFullTGDs	961		fullTGDs	68030			newNonFullTGDs	0		newFullTGDs	20920
nonFullTGDs	961		fullTGDs	68126			newNonFullTGDs	0		newFullTGDs	20830
nonFullTGDs	961		fullTGDs	68224			newNonFullTGDs	0		newFullTGDs	20735
nonFullTGDs	961		fullTGDs	68323			newNonFullTGDs	0		newFullTGDs	20636
nonFullTGDs	961		fullTGDs	68415			newNonFullTGDs	0		newFullTGDs	20553
nonFullTGDs	961		fullTGDs	68514			newNonFullTGDs	0		newFullTGDs	20457
nonFullTGDs	961		fullTGDs	68612			newNonFullTGDs	0		newFullTGDs	20362
nonFullTGDs	961		fullTGDs	68712			newNonFullTGDs	0		newFullTGDs	20262
nonFullTGDs	961		fullTGDs	68811			newNonFullTGDs	0		newFullTGDs	20163
nonFullTGDs	961		fullTGDs	68907			newNonFullTGDs	0		newFullTGDs	20070
nonFullTGDs	961		fullTGDs	69007			newNonFullTGDs	0		newFullTGDs	19970
nonFullTGDs	961		fullTGDs	69107			newNonFullTGDs	0		newFullTGDs	19870
nonFullTGDs	961		fullTGDs	69207			newNonFullTGDs	0		newFullTGDs	19770
nonFullTGDs	961		fullTGDs	69305			newNonFullTGDs	0		newFullTGDs	19672
nonFullTGDs	961		fullTGDs	69405			newNonFullTGDs	0		newFullTGDs	19572
nonFullTGDs	961		fullTGDs	69502			newNonFullTGDs	0		newFullTGDs	19475
nonFullTGDs	961		fullTGDs	69598			newNonFullTGDs	0		newFullTGDs	19382
nonFullTGDs	961		fullTGDs	69697			newNonFullTGDs	0		newFullTGDs	19283
nonFullTGDs	961		fullTGDs	69782			newNonFullTGDs	0		newFullTGDs	19209
nonFullTGDs	961		fullTGDs	69882			newNonFullTGDs	0		newFullTGDs	19109
nonFullTGDs	961		fullTGDs	69981			newNonFullTGDs	0		newFullTGDs	19010
nonFullTGDs	961		fullTGDs	70081			newNonFullTGDs	0		newFullTGDs	18910
nonFullTGDs	961		fullTGDs	70178			newNonFullTGDs	0		newFullTGDs	18816
nonFullTGDs	961		fullTGDs	70278			newNonFullTGDs	0		newFullTGDs	18716
nonFullTGDs	961		fullTGDs	70377			newNonFullTGDs	0		newFullTGDs	18617
nonFullTGDs	961		fullTGDs	70477			newNonFullTGDs	0		newFullTGDs	18517
nonFullTGDs	961		fullTGDs	70573			newNonFullTGDs	0		newFullTGDs	18430
nonFullTGDs	961		fullTGDs	70672			newNonFullTGDs	0		newFullTGDs	18334
nonFullTGDs	961		fullTGDs	70771			newNonFullTGDs	0		newFullTGDs	18238
nonFullTGDs	961		fullTGDs	70871			newNonFullTGDs	0		newFullTGDs	18138
nonFullTGDs	961		fullTGDs	70971			newNonFullTGDs	0		newFullTGDs	18038
nonFullTGDs	961		fullTGDs	71067			newNonFullTGDs	0		newFullTGDs	17942
nonFullTGDs	961		fullTGDs	71155			newNonFullTGDs	0		newFullTGDs	17865
nonFullTGDs	961		fullTGDs	71255			newNonFullTGDs	0		newFullTGDs	17765
nonFullTGDs	961		fullTGDs	71347			newNonFullTGDs	0		newFullTGDs	17679
nonFullTGDs	961		fullTGDs	71446			newNonFullTGDs	0		newFullTGDs	17580
nonFullTGDs	961		fullTGDs	71545			newNonFullTGDs	0		newFullTGDs	17481
nonFullTGDs	961		fullTGDs	71644			newNonFullTGDs	0		newFullTGDs	17385
nonFullTGDs	961		fullTGDs	71733			newNonFullTGDs	0		newFullTGDs	17304
nonFullTGDs	961		fullTGDs	71829			newNonFullTGDs	0		newFullTGDs	17208
nonFullTGDs	961		fullTGDs	71928			newNonFullTGDs	0		newFullTGDs	17112
nonFullTGDs	961		fullTGDs	72021			newNonFullTGDs	0		newFullTGDs	17022
nonFullTGDs	961		fullTGDs	72114			newNonFullTGDs	0		newFullTGDs	16935
nonFullTGDs	961		fullTGDs	72214			newNonFullTGDs	0		newFullTGDs	16835
nonFullTGDs	961		fullTGDs	72311			newNonFullTGDs	0		newFullTGDs	16741
nonFullTGDs	961		fullTGDs	72404			newNonFullTGDs	0		newFullTGDs	16654
nonFullTGDs	961		fullTGDs	72504			newNonFullTGDs	0		newFullTGDs	16554
nonFullTGDs	961		fullTGDs	72604			newNonFullTGDs	0		newFullTGDs	16454
nonFullTGDs	961		fullTGDs	72704			newNonFullTGDs	0		newFullTGDs	16354
nonFullTGDs	961		fullTGDs	72804			newNonFullTGDs	0		newFullTGDs	16254
nonFullTGDs	961		fullTGDs	72904			newNonFullTGDs	0		newFullTGDs	16154
nonFullTGDs	961		fullTGDs	73001			newNonFullTGDs	0		newFullTGDs	16057
nonFullTGDs	961		fullTGDs	73099			newNonFullTGDs	0		newFullTGDs	15959
nonFullTGDs	961		fullTGDs	73196			newNonFullTGDs	0		newFullTGDs	15862
nonFullTGDs	961		fullTGDs	73296			newNonFullTGDs	0		newFullTGDs	15762
nonFullTGDs	961		fullTGDs	73396			newNonFullTGDs	0		newFullTGDs	15662
nonFullTGDs	961		fullTGDs	73491			newNonFullTGDs	0		newFullTGDs	15573
nonFullTGDs	961		fullTGDs	73591			newNonFullTGDs	0		newFullTGDs	15473
nonFullTGDs	961		fullTGDs	73691			newNonFullTGDs	0		newFullTGDs	15373
nonFullTGDs	961		fullTGDs	73791			newNonFullTGDs	0		newFullTGDs	15273
nonFullTGDs	961		fullTGDs	73891			newNonFullTGDs	0		newFullTGDs	15173
nonFullTGDs	961		fullTGDs	73988			newNonFullTGDs	0		newFullTGDs	15076
nonFullTGDs	961		fullTGDs	74077			newNonFullTGDs	0		newFullTGDs	14993
nonFullTGDs	961		fullTGDs	74174			newNonFullTGDs	0		newFullTGDs	14898
nonFullTGDs	961		fullTGDs	74271			newNonFullTGDs	0		newFullTGDs	14804
nonFullTGDs	961		fullTGDs	74367			newNonFullTGDs	0		newFullTGDs	14711
nonFullTGDs	961		fullTGDs	74467			newNonFullTGDs	0		newFullTGDs	14611
nonFullTGDs	961		fullTGDs	74562			newNonFullTGDs	0		newFullTGDs	14519
nonFullTGDs	961		fullTGDs	74654			newNonFullTGDs	0		newFullTGDs	14433
nonFullTGDs	961		fullTGDs	74753			newNonFullTGDs	0		newFullTGDs	14337
nonFullTGDs	961		fullTGDs	74853			newNonFullTGDs	0		newFullTGDs	14237
nonFullTGDs	961		fullTGDs	74951			newNonFullTGDs	0		newFullTGDs	14139
nonFullTGDs	961		fullTGDs	75047			newNonFullTGDs	0		newFullTGDs	14046
nonFullTGDs	961		fullTGDs	75143			newNonFullTGDs	0		newFullTGDs	13956
nonFullTGDs	961		fullTGDs	75242			newNonFullTGDs	0		newFullTGDs	13857
nonFullTGDs	961		fullTGDs	75337			newNonFullTGDs	0		newFullTGDs	13768
nonFullTGDs	961		fullTGDs	75434			newNonFullTGDs	0		newFullTGDs	13674
nonFullTGDs	961		fullTGDs	75534			newNonFullTGDs	0		newFullTGDs	13574
nonFullTGDs	961		fullTGDs	75634			newNonFullTGDs	0		newFullTGDs	13474
nonFullTGDs	961		fullTGDs	75733			newNonFullTGDs	0		newFullTGDs	13375
nonFullTGDs	961		fullTGDs	75833			newNonFullTGDs	0		newFullTGDs	13275
nonFullTGDs	961		fullTGDs	75932			newNonFullTGDs	0		newFullTGDs	13179
nonFullTGDs	961		fullTGDs	76032			newNonFullTGDs	0		newFullTGDs	13079
nonFullTGDs	961		fullTGDs	76132			newNonFullTGDs	0		newFullTGDs	12979
nonFullTGDs	961		fullTGDs	76223			newNonFullTGDs	0		newFullTGDs	12894
nonFullTGDs	961		fullTGDs	76313			newNonFullTGDs	0		newFullTGDs	12812
nonFullTGDs	961		fullTGDs	76413			newNonFullTGDs	0		newFullTGDs	12712
nonFullTGDs	961		fullTGDs	76513			newNonFullTGDs	0		newFullTGDs	12612
nonFullTGDs	961		fullTGDs	76612			newNonFullTGDs	0		newFullTGDs	12516
nonFullTGDs	961		fullTGDs	76706			newNonFullTGDs	0		newFullTGDs	12431
nonFullTGDs	961		fullTGDs	76798			newNonFullTGDs	0		newFullTGDs	12345
nonFullTGDs	961		fullTGDs	76888			newNonFullTGDs	0		newFullTGDs	12261
nonFullTGDs	961		fullTGDs	76982			newNonFullTGDs	0		newFullTGDs	12175
nonFullTGDs	961		fullTGDs	77081			newNonFullTGDs	0		newFullTGDs	12079
nonFullTGDs	961		fullTGDs	77181			newNonFullTGDs	0		newFullTGDs	11979
nonFullTGDs	961		fullTGDs	77280			newNonFullTGDs	0		newFullTGDs	11883
nonFullTGDs	961		fullTGDs	77378			newNonFullTGDs	0		newFullTGDs	11788
nonFullTGDs	961		fullTGDs	77478			newNonFullTGDs	0		newFullTGDs	11688
nonFullTGDs	961		fullTGDs	77577			newNonFullTGDs	0		newFullTGDs	11592
nonFullTGDs	961		fullTGDs	77677			newNonFullTGDs	0		newFullTGDs	11492
nonFullTGDs	961		fullTGDs	77777			newNonFullTGDs	0		newFullTGDs	11392
nonFullTGDs	961		fullTGDs	77874			newNonFullTGDs	0		newFullTGDs	11301
nonFullTGDs	961		fullTGDs	77970			newNonFullTGDs	0		newFullTGDs	11208
nonFullTGDs	961		fullTGDs	78070			newNonFullTGDs	0		newFullTGDs	11108
nonFullTGDs	961		fullTGDs	78168			newNonFullTGDs	0		newFullTGDs	11016
nonFullTGDs	961		fullTGDs	78267			newNonFullTGDs	0		newFullTGDs	10917
nonFullTGDs	961		fullTGDs	78364			newNonFullTGDs	0		newFullTGDs	10829
nonFullTGDs	961		fullTGDs	78463			newNonFullTGDs	0		newFullTGDs	10733
nonFullTGDs	961		fullTGDs	78562			newNonFullTGDs	0		newFullTGDs	10634
nonFullTGDs	961		fullTGDs	78657			newNonFullTGDs	0		newFullTGDs	10542
nonFullTGDs	961		fullTGDs	78757			newNonFullTGDs	0		newFullTGDs	10442
nonFullTGDs	961		fullTGDs	78853			newNonFullTGDs	0		newFullTGDs	10349
nonFullTGDs	961		fullTGDs	78946			newNonFullTGDs	0		newFullTGDs	10262
nonFullTGDs	961		fullTGDs	79046			newNonFullTGDs	0		newFullTGDs	10162
nonFullTGDs	961		fullTGDs	79144			newNonFullTGDs	0		newFullTGDs	10064
nonFullTGDs	961		fullTGDs	79244			newNonFullTGDs	0		newFullTGDs	9964
nonFullTGDs	961		fullTGDs	79344			newNonFullTGDs	0		newFullTGDs	9864
nonFullTGDs	961		fullTGDs	79443			newNonFullTGDs	0		newFullTGDs	9768
nonFullTGDs	961		fullTGDs	79541			newNonFullTGDs	0		newFullTGDs	9676
nonFullTGDs	961		fullTGDs	79640			newNonFullTGDs	0		newFullTGDs	9577
nonFullTGDs	961		fullTGDs	79740			newNonFullTGDs	0		newFullTGDs	9477
nonFullTGDs	961		fullTGDs	79839			newNonFullTGDs	0		newFullTGDs	9381
nonFullTGDs	961		fullTGDs	79938			newNonFullTGDs	0		newFullTGDs	9282
nonFullTGDs	961		fullTGDs	80037			newNonFullTGDs	0		newFullTGDs	9186
nonFullTGDs	961		fullTGDs	80136			newNonFullTGDs	0		newFullTGDs	9090
nonFullTGDs	961		fullTGDs	80233			newNonFullTGDs	0		newFullTGDs	8996
nonFullTGDs	961		fullTGDs	80331			newNonFullTGDs	0		newFullTGDs	8901
nonFullTGDs	961		fullTGDs	80430			newNonFullTGDs	0		newFullTGDs	8805
nonFullTGDs	961		fullTGDs	80530			newNonFullTGDs	0		newFullTGDs	8705
nonFullTGDs	961		fullTGDs	80626			newNonFullTGDs	0		newFullTGDs	8612
nonFullTGDs	961		fullTGDs	80721			newNonFullTGDs	0		newFullTGDs	8520
nonFullTGDs	961		fullTGDs	80815			newNonFullTGDs	0		newFullTGDs	8432
nonFullTGDs	961		fullTGDs	80915			newNonFullTGDs	0		newFullTGDs	8332
nonFullTGDs	961		fullTGDs	81015			newNonFullTGDs	0		newFullTGDs	8232
nonFullTGDs	961		fullTGDs	81110			newNonFullTGDs	0		newFullTGDs	8143
nonFullTGDs	961		fullTGDs	81210			newNonFullTGDs	0		newFullTGDs	8043
nonFullTGDs	961		fullTGDs	81309			newNonFullTGDs	0		newFullTGDs	7944
nonFullTGDs	961		fullTGDs	81409			newNonFullTGDs	0		newFullTGDs	7844
nonFullTGDs	961		fullTGDs	81508			newNonFullTGDs	0		newFullTGDs	7745
nonFullTGDs	961		fullTGDs	81605			newNonFullTGDs	0		newFullTGDs	7648
nonFullTGDs	961		fullTGDs	81703			newNonFullTGDs	0		newFullTGDs	7550
nonFullTGDs	961		fullTGDs	81794			newNonFullTGDs	0		newFullTGDs	7468
nonFullTGDs	961		fullTGDs	81894			newNonFullTGDs	0		newFullTGDs	7368
nonFullTGDs	961		fullTGDs	81993			newNonFullTGDs	0		newFullTGDs	7272
nonFullTGDs	961		fullTGDs	82092			newNonFullTGDs	0		newFullTGDs	7176
nonFullTGDs	961		fullTGDs	82190			newNonFullTGDs	0		newFullTGDs	7081
nonFullTGDs	961		fullTGDs	82290			newNonFullTGDs	0		newFullTGDs	6981
nonFullTGDs	961		fullTGDs	82390			newNonFullTGDs	0		newFullTGDs	6881
nonFullTGDs	961		fullTGDs	82489			newNonFullTGDs	0		newFullTGDs	6785
nonFullTGDs	961		fullTGDs	82589			newNonFullTGDs	0		newFullTGDs	6685
nonFullTGDs	961		fullTGDs	82689			newNonFullTGDs	0		newFullTGDs	6585
nonFullTGDs	961		fullTGDs	82788			newNonFullTGDs	0		newFullTGDs	6489
nonFullTGDs	961		fullTGDs	82888			newNonFullTGDs	0		newFullTGDs	6389
nonFullTGDs	961		fullTGDs	82985			newNonFullTGDs	0		newFullTGDs	6301
nonFullTGDs	961		fullTGDs	83085			newNonFullTGDs	0		newFullTGDs	6201
nonFullTGDs	961		fullTGDs	83185			newNonFullTGDs	0		newFullTGDs	6101
nonFullTGDs	961		fullTGDs	83285			newNonFullTGDs	0		newFullTGDs	6001
nonFullTGDs	961		fullTGDs	83384			newNonFullTGDs	0		newFullTGDs	5902
nonFullTGDs	961		fullTGDs	83482			newNonFullTGDs	0		newFullTGDs	5810
nonFullTGDs	961		fullTGDs	83580			newNonFullTGDs	0		newFullTGDs	5715
nonFullTGDs	961		fullTGDs	83680			newNonFullTGDs	0		newFullTGDs	5615
nonFullTGDs	961		fullTGDs	83780			newNonFullTGDs	0		newFullTGDs	5515
nonFullTGDs	961		fullTGDs	83880			newNonFullTGDs	0		newFullTGDs	5415
nonFullTGDs	961		fullTGDs	83979			newNonFullTGDs	0		newFullTGDs	5316
nonFullTGDs	961		fullTGDs	84079			newNonFullTGDs	0		newFullTGDs	5216
nonFullTGDs	961		fullTGDs	84175			newNonFullTGDs	0		newFullTGDs	5126
nonFullTGDs	961		fullTGDs	84271			newNonFullTGDs	0		newFullTGDs	5031
nonFullTGDs	961		fullTGDs	84366			newNonFullTGDs	0		newFullTGDs	4940
nonFullTGDs	961		fullTGDs	84460			newNonFullTGDs	0		newFullTGDs	4849
nonFullTGDs	961		fullTGDs	84557			newNonFullTGDs	0		newFullTGDs	4753
nonFullTGDs	961		fullTGDs	84655			newNonFullTGDs	0		newFullTGDs	4655
nonFullTGDs	961		fullTGDs	84749			newNonFullTGDs	0		newFullTGDs	4567
nonFullTGDs	961		fullTGDs	84847			newNonFullTGDs	0		newFullTGDs	4470
nonFullTGDs	961		fullTGDs	84944			newNonFullTGDs	0		newFullTGDs	4373
nonFullTGDs	961		fullTGDs	85040			newNonFullTGDs	0		newFullTGDs	4283
nonFullTGDs	961		fullTGDs	85139			newNonFullTGDs	0		newFullTGDs	4184
nonFullTGDs	961		fullTGDs	85238			newNonFullTGDs	0		newFullTGDs	4088
nonFullTGDs	961		fullTGDs	85338			newNonFullTGDs	0		newFullTGDs	3988
nonFullTGDs	961		fullTGDs	85438			newNonFullTGDs	0		newFullTGDs	3888
nonFullTGDs	961		fullTGDs	85538			newNonFullTGDs	0		newFullTGDs	3788
nonFullTGDs	961		fullTGDs	85638			newNonFullTGDs	0		newFullTGDs	3688
nonFullTGDs	961		fullTGDs	85738			newNonFullTGDs	0		newFullTGDs	3588
nonFullTGDs	961		fullTGDs	85836			newNonFullTGDs	0		newFullTGDs	3490
nonFullTGDs	961		fullTGDs	85934			newNonFullTGDs	0		newFullTGDs	3395
nonFullTGDs	961		fullTGDs	86034			newNonFullTGDs	0		newFullTGDs	3295
nonFullTGDs	961		fullTGDs	86130			newNonFullTGDs	0		newFullTGDs	3202
nonFullTGDs	961		fullTGDs	86230			newNonFullTGDs	0		newFullTGDs	3102
nonFullTGDs	961		fullTGDs	86330			newNonFullTGDs	0		newFullTGDs	3002
nonFullTGDs	961		fullTGDs	86430			newNonFullTGDs	0		newFullTGDs	2902
nonFullTGDs	961		fullTGDs	86530			newNonFullTGDs	0		newFullTGDs	2802
nonFullTGDs	961		fullTGDs	86626			newNonFullTGDs	0		newFullTGDs	2712
nonFullTGDs	961		fullTGDs	86726			newNonFullTGDs	0		newFullTGDs	2612
nonFullTGDs	961		fullTGDs	86825			newNonFullTGDs	0		newFullTGDs	2516
nonFullTGDs	961		fullTGDs	86923			newNonFullTGDs	0		newFullTGDs	2421
nonFullTGDs	961		fullTGDs	87022			newNonFullTGDs	0		newFullTGDs	2322
nonFullTGDs	961		fullTGDs	87117			newNonFullTGDs	0		newFullTGDs	2233
nonFullTGDs	961		fullTGDs	87211			newNonFullTGDs	0		newFullTGDs	2142
nonFullTGDs	961		fullTGDs	87303			newNonFullTGDs	0		newFullTGDs	2057
nonFullTGDs	961		fullTGDs	87403			newNonFullTGDs	0		newFullTGDs	1957
nonFullTGDs	961		fullTGDs	87503			newNonFullTGDs	0		newFullTGDs	1857
nonFullTGDs	961		fullTGDs	87602			newNonFullTGDs	0		newFullTGDs	1758
nonFullTGDs	961		fullTGDs	87702			newNonFullTGDs	0		newFullTGDs	1658
nonFullTGDs	961		fullTGDs	87802			newNonFullTGDs	0		newFullTGDs	1558
nonFullTGDs	961		fullTGDs	87902			newNonFullTGDs	0		newFullTGDs	1458
nonFullTGDs	961		fullTGDs	88002			newNonFullTGDs	0		newFullTGDs	1358
nonFullTGDs	961		fullTGDs	88102			newNonFullTGDs	0		newFullTGDs	1258
nonFullTGDs	961		fullTGDs	88201			newNonFullTGDs	0		newFullTGDs	1162
nonFullTGDs	961		fullTGDs	88300			newNonFullTGDs	0		newFullTGDs	1066
nonFullTGDs	961		fullTGDs	88400			newNonFullTGDs	0		newFullTGDs	966
nonFullTGDs	961		fullTGDs	88500			newNonFullTGDs	0		newFullTGDs	866
nonFullTGDs	961		fullTGDs	88600			newNonFullTGDs	0		newFullTGDs	766
nonFullTGDs	961		fullTGDs	88699			newNonFullTGDs	0		newFullTGDs	667
nonFullTGDs	961		fullTGDs	88799			newNonFullTGDs	0		newFullTGDs	567
nonFullTGDs	961		fullTGDs	88899			newNonFullTGDs	0		newFullTGDs	467
nonFullTGDs	961		fullTGDs	88996			newNonFullTGDs	0		newFullTGDs	376
nonFullTGDs	961		fullTGDs	89096			newNonFullTGDs	0		newFullTGDs	276
nonFullTGDs	961		fullTGDs	89194			newNonFullTGDs	0		newFullTGDs	178
nonFullTGDs	961		fullTGDs	89285			newNonFullTGDs	0		newFullTGDs	96
Nov 12, 2021 6:41:52 AM uk.ac.ox.cs.gsat.SaturationStatistics log
INFO: # initial TGDs: 700 , 958
Nov 12, 2021 6:41:52 AM uk.ac.ox.cs.gsat.SaturationStatistics log
INFO: SkSat total time : 25045 ms = 25.05 s
Nov 12, 2021 6:41:52 AM uk.ac.ox.cs.gsat.SaturationStatistics log
INFO: Subsumed elements : 1555
Nov 12, 2021 6:41:52 AM uk.ac.ox.cs.gsat.SaturationStatistics log
INFO: Filter discarded elements : 105323445
Nov 12, 2021 6:41:52 AM uk.ac.ox.cs.gsat.SaturationStatistics log
INFO: subsumption time: 21714 ms = 21.71 s
Nov 12, 2021 6:41:52 AM uk.ac.ox.cs.gsat.SaturationStatistics log
INFO: forward subsumption time: 11846 ms = 11.85 s
Nov 12, 2021 6:41:52 AM uk.ac.ox.cs.gsat.SaturationStatistics log
INFO: backward subsumption time: 9868 ms = 9.87 s
Nov 12, 2021 6:41:52 AM uk.ac.ox.cs.gsat.SaturationStatistics log
INFO: Derived full/non full TGDs: 90547 , 3
Nov 12, 2021 6:41:52 AM uk.ac.ox.cs.gsat.SaturationStatistics log
INFO: discarded tautology count: 308
Nov 12, 2021 6:41:52 AM uk.ac.ox.cs.gsat.EvolveStatistics log
INFO: Stop because subsumed: 1555
Nov 12, 2021 6:41:52 AM uk.ac.ox.cs.gsat.EvolveStatistics log
INFO: evolved equals to current: 0
Nov 12, 2021 6:41:52 AM uk.ac.ox.cs.gsat.EvolveStatistics log
INFO: evolved time: 1000 ms = 1.00 s
Nov 12, 2021 6:41:52 AM uk.ac.ox.cs.gsat.EvolveStatistics log
INFO: evolve count: 90872
Nov 12, 2021 6:41:52 AM uk.ac.ox.cs.gsat.SkolemStatistics log
INFO: maximum number of Skolem atoms in body: 1
Nov 12, 2021 6:41:52 AM uk.ac.ox.cs.gsat.SkolemStatistics log
INFO: left derived TGD with Skolem in the body: 0
Nov 12, 2021 6:41:52 AM uk.ac.ox.cs.gsat.SkolemStatistics log
INFO: right derived TGD with Skolem in the body: 88992
Nov 12, 2021 6:41:52 AM uk.ac.ox.cs.gsat.SkolemStatistics log
INFO: derived TGD with more than two Skolem atoms in the body: 0
Nov 12, 2021 6:41:52 AM uk.ac.ox.cs.gsat.AbstractSaturation run
INFO: ouptput full TGDs not contained in the input: 1555
Nov 12, 2021 6:41:52 AM uk.ac.ox.cs.gsat.App executeAllSteps
INFO: Rewriting completed!
Full TGD saturation: (2255 dependecies)
Nov 12, 2021 6:41:52 AM uk.ac.ox.cs.gsat.App executeAllSteps
INFO: Writing the saturation in the Datalog file 00575.rul
