Starting Saturation...
Executing from DLGP files
SLF4J: Failed to load class "org.slf4j.impl.StaticLoggerBinder".
SLF4J: Defaulting to no-operation (NOP) logger implementation
SLF4J: See http://www.slf4j.org/codes.html#StaticLoggerBinder for further details.
# Rules: 54555; # Atoms: 0; # AtomSets: 0; # Queries: 0; # Constraints: 0
Full TGD saturation algorithm: hyperresolution Sat
Running HyperSat...
Dec 06, 2021 3:45:47 PM uk.ac.ox.cs.gsat.AbstractSaturation run
INFO: HyperSat discarded rules : 0/54555 = 0.000%
HyperSat discarded rules : 0/54555 = 0.000%
Dec 06, 2021 3:45:49 PM uk.ac.ox.cs.gsat.AbstractSaturation run
INFO: Subsumption method : tree_predicate
length of the formulas: 2.1419613
number of bags: 58
length of the formulas: 2.1419613
number of bags: 58
Dec 06, 2021 3:55:52 PM uk.ac.ox.cs.gsat.SaturationStatistics log
INFO: # initial TGDs: 30697 , 59236
Dec 06, 2021 3:55:52 PM uk.ac.ox.cs.gsat.SaturationStatistics log
INFO: HyperSat total time : 605388 ms = 605.39 s
Dec 06, 2021 3:55:52 PM uk.ac.ox.cs.gsat.SaturationStatistics log
INFO: Subsumed elements : 9093
Dec 06, 2021 3:55:52 PM uk.ac.ox.cs.gsat.SaturationStatistics log
INFO: Filter discarded elements : 814961
Dec 06, 2021 3:55:52 PM uk.ac.ox.cs.gsat.SaturationStatistics log
INFO: subsumption time: 5832 ms = 5.83 s
Dec 06, 2021 3:55:52 PM uk.ac.ox.cs.gsat.SaturationStatistics log
INFO: forward subsumption time: 1961 ms = 1.96 s
Dec 06, 2021 3:55:52 PM uk.ac.ox.cs.gsat.SaturationStatistics log
INFO: backward subsumption time: 3871 ms = 3.87 s
Dec 06, 2021 3:55:52 PM uk.ac.ox.cs.gsat.SaturationStatistics log
INFO: Derived full/non full TGDs: 36463 , 75966
Dec 06, 2021 3:55:52 PM uk.ac.ox.cs.gsat.SaturationStatistics log
INFO: discarded tautology count: 872
Dec 06, 2021 3:55:52 PM uk.ac.ox.cs.gsat.SaturationStatistics log
INFO: !!! TIME OUT !!!
Dec 06, 2021 3:55:52 PM uk.ac.ox.cs.gsat.HyperResolutionStatistics log
INFO: hyperresolution time: 593491 ms = 593.49 s
Dec 06, 2021 3:55:52 PM uk.ac.ox.cs.gsat.HyperResolutionStatistics log
INFO: hyperresolution count: 86436324
Dec 06, 2021 3:55:52 PM uk.ac.ox.cs.gsat.HyperResolutionStatistics log
INFO: hyperresolution failure count: 86323887
Dec 06, 2021 3:55:52 PM uk.ac.ox.cs.gsat.AbstractSaturation run
INFO: ouptput full TGDs not contained in the input: 34203
Dec 06, 2021 3:55:52 PM uk.ac.ox.cs.gsat.App executeAllSteps
INFO: Rewriting completed!
Full TGD saturation: (64900 dependecies)
Dec 06, 2021 3:55:52 PM uk.ac.ox.cs.gsat.App executeAllSteps
INFO: Writing the saturation in the Datalog file 00026.rul
