Starting Saturation...
Executing from DLGP files
SLF4J: Failed to load class "org.slf4j.impl.StaticLoggerBinder".
SLF4J: Defaulting to no-operation (NOP) logger implementation
SLF4J: See http://www.slf4j.org/codes.html#StaticLoggerBinder for further details.
# Rules: 6136; # Atoms: 0; # AtomSets: 0; # Queries: 0; # Constraints: 0
Full TGD saturation algorithm: hyperresolution Sat
Running HyperSat...
Dec 06, 2021 4:08:43 PM uk.ac.ox.cs.gsat.AbstractSaturation run
INFO: HyperSat discarded rules : 0/6136 = 0.000%
HyperSat discarded rules : 0/6136 = 0.000%
Dec 06, 2021 4:08:44 PM uk.ac.ox.cs.gsat.AbstractSaturation run
INFO: Subsumption method : tree_predicate
length of the formulas: 2.0996294
number of bags: 21
length of the formulas: 2.0996294
number of bags: 21
Dec 06, 2021 4:08:59 PM uk.ac.ox.cs.gsat.SaturationStatistics log
INFO: # initial TGDs: 4130 , 5586
Dec 06, 2021 4:08:59 PM uk.ac.ox.cs.gsat.SaturationStatistics log
INFO: HyperSat total time : 15852 ms = 15.85 s
Dec 06, 2021 4:08:59 PM uk.ac.ox.cs.gsat.SaturationStatistics log
INFO: Subsumed elements : 39527
Dec 06, 2021 4:08:59 PM uk.ac.ox.cs.gsat.SaturationStatistics log
INFO: Filter discarded elements : 889924
Dec 06, 2021 4:08:59 PM uk.ac.ox.cs.gsat.SaturationStatistics log
INFO: subsumption time: 1134 ms = 1.13 s
Dec 06, 2021 4:08:59 PM uk.ac.ox.cs.gsat.SaturationStatistics log
INFO: forward subsumption time: 579 ms = 0.58 s
Dec 06, 2021 4:08:59 PM uk.ac.ox.cs.gsat.SaturationStatistics log
INFO: backward subsumption time: 555 ms = 0.55 s
Dec 06, 2021 4:08:59 PM uk.ac.ox.cs.gsat.SaturationStatistics log
INFO: Derived full/non full TGDs: 2886 , 100927
Dec 06, 2021 4:08:59 PM uk.ac.ox.cs.gsat.SaturationStatistics log
INFO: discarded tautology count: 397
Dec 06, 2021 4:08:59 PM uk.ac.ox.cs.gsat.HyperResolutionStatistics log
INFO: hyperresolution time: 13547 ms = 13.55 s
Dec 06, 2021 4:08:59 PM uk.ac.ox.cs.gsat.HyperResolutionStatistics log
INFO: hyperresolution count: 1516430
Dec 06, 2021 4:08:59 PM uk.ac.ox.cs.gsat.HyperResolutionStatistics log
INFO: hyperresolution failure count: 1412470
Dec 06, 2021 4:08:59 PM uk.ac.ox.cs.gsat.AbstractSaturation run
INFO: ouptput full TGDs not contained in the input: 2481
Dec 06, 2021 4:08:59 PM uk.ac.ox.cs.gsat.App executeAllSteps
INFO: Rewriting completed!
Full TGD saturation: (6611 dependecies)
Dec 06, 2021 4:08:59 PM uk.ac.ox.cs.gsat.App executeAllSteps
INFO: Writing the saturation in the Datalog file 00032.rul
