Starting Saturation...
Executing from DLGP files
SLF4J: Failed to load class "org.slf4j.impl.StaticLoggerBinder".
SLF4J: Defaulting to no-operation (NOP) logger implementation
SLF4J: See http://www.slf4j.org/codes.html#StaticLoggerBinder for further details.
# Rules: 3647; # Atoms: 0; # AtomSets: 0; # Queries: 0; # Constraints: 0
Full TGD saturation algorithm: hyperresolution Sat
Running HyperSat...
Dec 06, 2021 7:01:50 PM uk.ac.ox.cs.gsat.AbstractSaturation run
INFO: HyperSat discarded rules : 0/3647 = 0.000%
HyperSat discarded rules : 0/3647 = 0.000%
Dec 06, 2021 7:01:50 PM uk.ac.ox.cs.gsat.AbstractSaturation run
INFO: Subsumption method : tree_predicate
length of the formulas: 2.102801
number of bags: 13
length of the formulas: 2.102801
number of bags: 13
Dec 06, 2021 7:01:54 PM uk.ac.ox.cs.gsat.SaturationStatistics log
INFO: # initial TGDs: 3235 , 442
Dec 06, 2021 7:01:54 PM uk.ac.ox.cs.gsat.SaturationStatistics log
INFO: HyperSat total time : 3650 ms = 3.65 s
Dec 06, 2021 7:01:54 PM uk.ac.ox.cs.gsat.SaturationStatistics log
INFO: Subsumed elements : 825
Dec 06, 2021 7:01:54 PM uk.ac.ox.cs.gsat.SaturationStatistics log
INFO: Filter discarded elements : 1804198
Dec 06, 2021 7:01:54 PM uk.ac.ox.cs.gsat.SaturationStatistics log
INFO: subsumption time: 487 ms = 0.49 s
Dec 06, 2021 7:01:54 PM uk.ac.ox.cs.gsat.SaturationStatistics log
INFO: forward subsumption time: 327 ms = 0.33 s
Dec 06, 2021 7:01:54 PM uk.ac.ox.cs.gsat.SaturationStatistics log
INFO: backward subsumption time: 160 ms = 0.16 s
Dec 06, 2021 7:01:54 PM uk.ac.ox.cs.gsat.SaturationStatistics log
INFO: Derived full/non full TGDs: 19013 , 2441
Dec 06, 2021 7:01:54 PM uk.ac.ox.cs.gsat.SaturationStatistics log
INFO: discarded tautology count: 191
Dec 06, 2021 7:01:54 PM uk.ac.ox.cs.gsat.HyperResolutionStatistics log
INFO: hyperresolution time: 2613 ms = 2.61 s
Dec 06, 2021 7:01:54 PM uk.ac.ox.cs.gsat.HyperResolutionStatistics log
INFO: hyperresolution count: 105601
Dec 06, 2021 7:01:54 PM uk.ac.ox.cs.gsat.HyperResolutionStatistics log
INFO: hyperresolution failure count: 84147
Dec 06, 2021 7:01:54 PM uk.ac.ox.cs.gsat.AbstractSaturation run
INFO: ouptput full TGDs not contained in the input: 18432
Dec 06, 2021 7:01:54 PM uk.ac.ox.cs.gsat.App executeAllSteps
INFO: Rewriting completed!
Full TGD saturation: (21667 dependecies)
Dec 06, 2021 7:01:54 PM uk.ac.ox.cs.gsat.App executeAllSteps
INFO: Writing the saturation in the Datalog file 00353.rul
