Starting Saturation...
Executing from DLGP files
SLF4J: Failed to load class "org.slf4j.impl.StaticLoggerBinder".
SLF4J: Defaulting to no-operation (NOP) logger implementation
SLF4J: See http://www.slf4j.org/codes.html#StaticLoggerBinder for further details.
# Rules: 2293; # Atoms: 0; # AtomSets: 0; # Queries: 0; # Constraints: 0
Full TGD saturation algorithm: hyperresolution Sat
Running HyperSat...
Dec 06, 2021 8:29:38 PM uk.ac.ox.cs.gsat.AbstractSaturation run
INFO: HyperSat discarded rules : 0/2293 = 0.000%
HyperSat discarded rules : 0/2293 = 0.000%
Dec 06, 2021 8:29:38 PM uk.ac.ox.cs.gsat.AbstractSaturation run
INFO: Subsumption method : tree_predicate
length of the formulas: 2.0397396
number of bags: 13
length of the formulas: 2.0397396
number of bags: 13
Dec 06, 2021 8:29:41 PM uk.ac.ox.cs.gsat.SaturationStatistics log
INFO: # initial TGDs: 1463 , 1456
Dec 06, 2021 8:29:41 PM uk.ac.ox.cs.gsat.SaturationStatistics log
INFO: HyperSat total time : 2450 ms = 2.45 s
Dec 06, 2021 8:29:41 PM uk.ac.ox.cs.gsat.SaturationStatistics log
INFO: Subsumed elements : 203
Dec 06, 2021 8:29:41 PM uk.ac.ox.cs.gsat.SaturationStatistics log
INFO: Filter discarded elements : 32149
Dec 06, 2021 8:29:41 PM uk.ac.ox.cs.gsat.SaturationStatistics log
INFO: subsumption time: 88 ms = 0.09 s
Dec 06, 2021 8:29:41 PM uk.ac.ox.cs.gsat.SaturationStatistics log
INFO: forward subsumption time: 64 ms = 0.06 s
Dec 06, 2021 8:29:41 PM uk.ac.ox.cs.gsat.SaturationStatistics log
INFO: backward subsumption time: 24 ms = 0.02 s
Dec 06, 2021 8:29:41 PM uk.ac.ox.cs.gsat.SaturationStatistics log
INFO: Derived full/non full TGDs: 789 , 3462
Dec 06, 2021 8:29:41 PM uk.ac.ox.cs.gsat.SaturationStatistics log
INFO: discarded tautology count: 58
Dec 06, 2021 8:29:41 PM uk.ac.ox.cs.gsat.HyperResolutionStatistics log
INFO: hyperresolution time: 2080 ms = 2.08 s
Dec 06, 2021 8:29:41 PM uk.ac.ox.cs.gsat.HyperResolutionStatistics log
INFO: hyperresolution count: 653438
Dec 06, 2021 8:29:41 PM uk.ac.ox.cs.gsat.HyperResolutionStatistics log
INFO: hyperresolution failure count: 649187
Dec 06, 2021 8:29:41 PM uk.ac.ox.cs.gsat.AbstractSaturation run
INFO: ouptput full TGDs not contained in the input: 656
Dec 06, 2021 8:29:41 PM uk.ac.ox.cs.gsat.App executeAllSteps
INFO: Rewriting completed!
Full TGD saturation: (2119 dependecies)
Dec 06, 2021 8:29:41 PM uk.ac.ox.cs.gsat.App executeAllSteps
INFO: Writing the saturation in the Datalog file 00424.rul
