Starting Saturation...
Executing from DLGP files
SLF4J: Failed to load class "org.slf4j.impl.StaticLoggerBinder".
SLF4J: Defaulting to no-operation (NOP) logger implementation
SLF4J: See http://www.slf4j.org/codes.html#StaticLoggerBinder for further details.
# Rules: 77145; # Atoms: 0; # AtomSets: 0; # Queries: 0; # Constraints: 0
Full TGD saturation algorithm: hyperresolution Sat
Running HyperSat...
Dec 06, 2021 11:28:51 PM uk.ac.ox.cs.gsat.AbstractSaturation run
INFO: HyperSat discarded rules : 0/77145 = 0.000%
HyperSat discarded rules : 0/77145 = 0.000%
Dec 06, 2021 11:28:53 PM uk.ac.ox.cs.gsat.AbstractSaturation run
INFO: Subsumption method : tree_predicate
length of the formulas: 2.0064542
number of bags: 79
length of the formulas: 2.0064542
number of bags: 79
Dec 06, 2021 11:29:10 PM uk.ac.ox.cs.gsat.SaturationStatistics log
INFO: # initial TGDs: 57494 , 39188
Dec 06, 2021 11:29:10 PM uk.ac.ox.cs.gsat.SaturationStatistics log
INFO: HyperSat total time : 19052 ms = 19.05 s
Dec 06, 2021 11:29:10 PM uk.ac.ox.cs.gsat.SaturationStatistics log
INFO: Subsumed elements : 85828
Dec 06, 2021 11:29:10 PM uk.ac.ox.cs.gsat.SaturationStatistics log
INFO: Filter discarded elements : 465959
Dec 06, 2021 11:29:10 PM uk.ac.ox.cs.gsat.SaturationStatistics log
INFO: subsumption time: 4682 ms = 4.68 s
Dec 06, 2021 11:29:10 PM uk.ac.ox.cs.gsat.SaturationStatistics log
INFO: forward subsumption time: 3696 ms = 3.70 s
Dec 06, 2021 11:29:10 PM uk.ac.ox.cs.gsat.SaturationStatistics log
INFO: backward subsumption time: 986 ms = 0.99 s
Dec 06, 2021 11:29:10 PM uk.ac.ox.cs.gsat.SaturationStatistics log
INFO: Derived full/non full TGDs: 3155 , 358305
Dec 06, 2021 11:29:10 PM uk.ac.ox.cs.gsat.SaturationStatistics log
INFO: discarded tautology count: 314
Dec 06, 2021 11:29:10 PM uk.ac.ox.cs.gsat.HyperResolutionStatistics log
INFO: hyperresolution time: 8357 ms = 8.36 s
Dec 06, 2021 11:29:10 PM uk.ac.ox.cs.gsat.HyperResolutionStatistics log
INFO: hyperresolution count: 743450
Dec 06, 2021 11:29:10 PM uk.ac.ox.cs.gsat.HyperResolutionStatistics log
INFO: hyperresolution failure count: 381987
Dec 06, 2021 11:29:10 PM uk.ac.ox.cs.gsat.AbstractSaturation run
INFO: ouptput full TGDs not contained in the input: 2703
Dec 06, 2021 11:29:10 PM uk.ac.ox.cs.gsat.App executeAllSteps
INFO: Rewriting completed!
Full TGD saturation: (60197 dependecies)
Dec 06, 2021 11:29:10 PM uk.ac.ox.cs.gsat.App executeAllSteps
INFO: Writing the saturation in the Datalog file 00572.rul
