Starting Saturation...
Executing from DLGP files
SLF4J: Failed to load class "org.slf4j.impl.StaticLoggerBinder".
SLF4J: Defaulting to no-operation (NOP) logger implementation
SLF4J: See http://www.slf4j.org/codes.html#StaticLoggerBinder for further details.
# Rules: 3685; # Atoms: 0; # AtomSets: 0; # Queries: 0; # Constraints: 0
Full TGD saturation algorithm: hyperresolution Sat
Running HyperSat...
Dec 06, 2021 11:33:31 PM uk.ac.ox.cs.gsat.AbstractSaturation run
INFO: HyperSat discarded rules : 0/3685 = 0.000%
HyperSat discarded rules : 0/3685 = 0.000%
Dec 06, 2021 11:33:32 PM uk.ac.ox.cs.gsat.AbstractSaturation run
INFO: Subsumption method : tree_predicate
length of the formulas: 1.9998269
number of bags: 19
length of the formulas: 1.9998269
number of bags: 19
Dec 06, 2021 11:33:32 PM uk.ac.ox.cs.gsat.SaturationStatistics log
INFO: # initial TGDs: 1594 , 4182
Dec 06, 2021 11:33:32 PM uk.ac.ox.cs.gsat.SaturationStatistics log
INFO: HyperSat total time : 855 ms = 0.85 s
Dec 06, 2021 11:33:32 PM uk.ac.ox.cs.gsat.SaturationStatistics log
INFO: Subsumed elements : 35
Dec 06, 2021 11:33:32 PM uk.ac.ox.cs.gsat.SaturationStatistics log
INFO: Filter discarded elements : 24105
Dec 06, 2021 11:33:32 PM uk.ac.ox.cs.gsat.SaturationStatistics log
INFO: subsumption time: 90 ms = 0.09 s
Dec 06, 2021 11:33:32 PM uk.ac.ox.cs.gsat.SaturationStatistics log
INFO: forward subsumption time: 64 ms = 0.06 s
Dec 06, 2021 11:33:32 PM uk.ac.ox.cs.gsat.SaturationStatistics log
INFO: backward subsumption time: 26 ms = 0.03 s
Dec 06, 2021 11:33:32 PM uk.ac.ox.cs.gsat.SaturationStatistics log
INFO: Derived full/non full TGDs: 0 , 6923
Dec 06, 2021 11:33:32 PM uk.ac.ox.cs.gsat.SaturationStatistics log
INFO: discarded tautology count: 0
Dec 06, 2021 11:33:32 PM uk.ac.ox.cs.gsat.HyperResolutionStatistics log
INFO: hyperresolution time: 230 ms = 0.23 s
Dec 06, 2021 11:33:32 PM uk.ac.ox.cs.gsat.HyperResolutionStatistics log
INFO: hyperresolution count: 6923
Dec 06, 2021 11:33:32 PM uk.ac.ox.cs.gsat.HyperResolutionStatistics log
INFO: hyperresolution failure count: 0
Dec 06, 2021 11:33:32 PM uk.ac.ox.cs.gsat.AbstractSaturation run
INFO: ouptput full TGDs not contained in the input: 0
Dec 06, 2021 11:33:32 PM uk.ac.ox.cs.gsat.App executeAllSteps
INFO: Rewriting completed!
Full TGD saturation: (1594 dependecies)
Dec 06, 2021 11:33:32 PM uk.ac.ox.cs.gsat.App executeAllSteps
INFO: Writing the saturation in the Datalog file 00645.rul
