Starting Saturation...
Executing from DLGP files
SLF4J: Failed to load class "org.slf4j.impl.StaticLoggerBinder".
SLF4J: Defaulting to no-operation (NOP) logger implementation
SLF4J: See http://www.slf4j.org/codes.html#StaticLoggerBinder for further details.
# Rules: 3583; # Atoms: 0; # AtomSets: 0; # Queries: 0; # Constraints: 0
Full TGD saturation algorithm: hyperresolution Sat
Running HyperSat...
Dec 07, 2021 12:05:57 AM uk.ac.ox.cs.gsat.AbstractSaturation run
INFO: HyperSat discarded rules : 0/3583 = 0.000%
HyperSat discarded rules : 0/3583 = 0.000%
Dec 07, 2021 12:05:57 AM uk.ac.ox.cs.gsat.AbstractSaturation run
INFO: Subsumption method : tree_predicate
length of the formulas: 2.1776888
number of bags: 15
length of the formulas: 2.1776888
number of bags: 15
Dec 07, 2021 12:06:14 AM uk.ac.ox.cs.gsat.SaturationStatistics log
INFO: # initial TGDs: 1662 , 3842
Dec 07, 2021 12:06:14 AM uk.ac.ox.cs.gsat.SaturationStatistics log
INFO: HyperSat total time : 17088 ms = 17.09 s
Dec 07, 2021 12:06:14 AM uk.ac.ox.cs.gsat.SaturationStatistics log
INFO: Subsumed elements : 3
Dec 07, 2021 12:06:14 AM uk.ac.ox.cs.gsat.SaturationStatistics log
INFO: Filter discarded elements : 132244
Dec 07, 2021 12:06:14 AM uk.ac.ox.cs.gsat.SaturationStatistics log
INFO: subsumption time: 116 ms = 0.12 s
Dec 07, 2021 12:06:14 AM uk.ac.ox.cs.gsat.SaturationStatistics log
INFO: forward subsumption time: 64 ms = 0.06 s
Dec 07, 2021 12:06:14 AM uk.ac.ox.cs.gsat.SaturationStatistics log
INFO: backward subsumption time: 52 ms = 0.05 s
Dec 07, 2021 12:06:14 AM uk.ac.ox.cs.gsat.SaturationStatistics log
INFO: Derived full/non full TGDs: 3583 , 170
Dec 07, 2021 12:06:14 AM uk.ac.ox.cs.gsat.SaturationStatistics log
INFO: discarded tautology count: 489
Dec 07, 2021 12:06:14 AM uk.ac.ox.cs.gsat.HyperResolutionStatistics log
INFO: hyperresolution time: 16520 ms = 16.52 s
Dec 07, 2021 12:06:14 AM uk.ac.ox.cs.gsat.HyperResolutionStatistics log
INFO: hyperresolution count: 26091784
Dec 07, 2021 12:06:14 AM uk.ac.ox.cs.gsat.HyperResolutionStatistics log
INFO: hyperresolution failure count: 26088031
Dec 07, 2021 12:06:14 AM uk.ac.ox.cs.gsat.AbstractSaturation run
INFO: ouptput full TGDs not contained in the input: 3094
Dec 07, 2021 12:06:14 AM uk.ac.ox.cs.gsat.App executeAllSteps
INFO: Rewriting completed!
Full TGD saturation: (4756 dependecies)
Dec 07, 2021 12:06:14 AM uk.ac.ox.cs.gsat.App executeAllSteps
INFO: Writing the saturation in the Datalog file 00676.rul
