Starting Saturation...
Executing from DLGP files
SLF4J: Failed to load class "org.slf4j.impl.StaticLoggerBinder".
SLF4J: Defaulting to no-operation (NOP) logger implementation
SLF4J: See http://www.slf4j.org/codes.html#StaticLoggerBinder for further details.
# Rules: 141103; # Atoms: 0; # AtomSets: 0; # Queries: 0; # Constraints: 0
Full TGD saturation algorithm: Skolem Sat
Running SkSat...
Nov 15, 2021 5:47:27 PM uk.ac.ox.cs.gsat.AbstractSaturation run
INFO: SkSat discarded rules : 0/141103 = 0.000%
SkSat discarded rules : 0/141103 = 0.000%
Nov 15, 2021 5:47:51 PM uk.ac.ox.cs.gsat.AbstractSaturation run
INFO: Subsumption method : tree_predicate
length of the formulas: 4.819586
number of bags: 9
length of the formulas: 4.819586
number of bags: 9
nonFullTGDs	0		fullTGDs	392489			newNonFullTGDs	374857		newFullTGDs	0
nonFullTGDs	100		fullTGDs	392489			newNonFullTGDs	374788		newFullTGDs	15957
nonFullTGDs	200		fullTGDs	392489			newNonFullTGDs	374692		newFullTGDs	46276
nonFullTGDs	300		fullTGDs	392489			newNonFullTGDs	374601		newFullTGDs	46915
nonFullTGDs	400		fullTGDs	392489			newNonFullTGDs	374517		newFullTGDs	62493
Nov 15, 2021 5:58:41 PM uk.ac.ox.cs.gsat.SaturationStatistics log
INFO: # initial TGDs: 392489 , 374857
Nov 15, 2021 5:58:41 PM uk.ac.ox.cs.gsat.SaturationStatistics log
INFO: SkSat total time : 673228 ms = 673.23 s
Nov 15, 2021 5:58:41 PM uk.ac.ox.cs.gsat.SaturationStatistics log
INFO: Subsumed elements : 36
Nov 15, 2021 5:58:41 PM uk.ac.ox.cs.gsat.SaturationStatistics log
INFO: Filter discarded elements : 1777190857
Nov 15, 2021 5:58:41 PM uk.ac.ox.cs.gsat.SaturationStatistics log
INFO: subsumption time: 617662 ms = 617.66 s
Nov 15, 2021 5:58:41 PM uk.ac.ox.cs.gsat.SaturationStatistics log
INFO: forward subsumption time: 570236 ms = 570.24 s
Nov 15, 2021 5:58:41 PM uk.ac.ox.cs.gsat.SaturationStatistics log
INFO: backward subsumption time: 47426 ms = 47.43 s
Nov 15, 2021 5:58:41 PM uk.ac.ox.cs.gsat.SaturationStatistics log
INFO: Derived full/non full TGDs: 77412 , 73
Nov 15, 2021 5:58:41 PM uk.ac.ox.cs.gsat.SaturationStatistics log
INFO: discarded tautology count: 0
Nov 15, 2021 5:58:41 PM uk.ac.ox.cs.gsat.SaturationStatistics log
INFO: !!! TIME OUT !!!
Nov 15, 2021 5:58:41 PM uk.ac.ox.cs.gsat.EvolveStatistics log
INFO: Stop because subsumed: 0
Nov 15, 2021 5:58:41 PM uk.ac.ox.cs.gsat.EvolveStatistics log
INFO: evolved equals to current: 0
Nov 15, 2021 5:58:41 PM uk.ac.ox.cs.gsat.EvolveStatistics log
INFO: evolved time: 3671 ms = 3.67 s
Nov 15, 2021 5:58:41 PM uk.ac.ox.cs.gsat.EvolveStatistics log
INFO: evolve count: 77485
Nov 15, 2021 5:58:41 PM uk.ac.ox.cs.gsat.SkolemStatistics log
INFO: maximum number of Skolem atoms in body: 10
Nov 15, 2021 5:58:41 PM uk.ac.ox.cs.gsat.SkolemStatistics log
INFO: left derived TGD with Skolem in the body: 0
Nov 15, 2021 5:58:41 PM uk.ac.ox.cs.gsat.SkolemStatistics log
INFO: right derived TGD with Skolem in the body: 77412
Nov 15, 2021 5:58:41 PM uk.ac.ox.cs.gsat.SkolemStatistics log
INFO: derived TGD with more than two Skolem atoms in the body: 77026
Nov 15, 2021 5:58:41 PM uk.ac.ox.cs.gsat.AbstractSaturation run
INFO: ouptput full TGDs not contained in the input: 0
Nov 15, 2021 5:58:41 PM uk.ac.ox.cs.gsat.App executeAllSteps
INFO: Rewriting completed!
Full TGD saturation: (392489 dependecies)
Nov 15, 2021 5:58:41 PM uk.ac.ox.cs.gsat.App executeAllSteps
INFO: Writing the saturation in the Datalog file 00045.rul
