Starting Saturation...
Executing from DLGP files
SLF4J: Failed to load class "org.slf4j.impl.StaticLoggerBinder".
SLF4J: Defaulting to no-operation (NOP) logger implementation
SLF4J: See http://www.slf4j.org/codes.html#StaticLoggerBinder for further details.
# Rules: 73; # Atoms: 0; # AtomSets: 0; # Queries: 0; # Constraints: 0
Full TGD saturation algorithm: Skolem Sat
Running SkSat...
Nov 15, 2021 6:23:28 PM uk.ac.ox.cs.gsat.AbstractSaturation run
INFO: SkSat discarded rules : 0/73 = 0.000%
SkSat discarded rules : 0/73 = 0.000%
Nov 15, 2021 6:23:28 PM uk.ac.ox.cs.gsat.AbstractSaturation run
INFO: Subsumption method : tree_predicate
length of the formulas: 5.420833
number of bags: 1
length of the formulas: 5.420833
number of bags: 1
nonFullTGDs	0		fullTGDs	185			newNonFullTGDs	55		newFullTGDs	0
nonFullTGDs	61		fullTGDs	200			newNonFullTGDs	0		newFullTGDs	10
Nov 15, 2021 6:23:28 PM uk.ac.ox.cs.gsat.SaturationStatistics log
INFO: # initial TGDs: 185 , 55
Nov 15, 2021 6:23:28 PM uk.ac.ox.cs.gsat.SaturationStatistics log
INFO: SkSat total time : 182 ms = 0.18 s
Nov 15, 2021 6:23:28 PM uk.ac.ox.cs.gsat.SaturationStatistics log
INFO: Subsumed elements : 78
Nov 15, 2021 6:23:28 PM uk.ac.ox.cs.gsat.SaturationStatistics log
INFO: Filter discarded elements : 24967
Nov 15, 2021 6:23:28 PM uk.ac.ox.cs.gsat.SaturationStatistics log
INFO: subsumption time: 14 ms = 0.01 s
Nov 15, 2021 6:23:28 PM uk.ac.ox.cs.gsat.SaturationStatistics log
INFO: forward subsumption time: 6 ms = 0.01 s
Nov 15, 2021 6:23:28 PM uk.ac.ox.cs.gsat.SaturationStatistics log
INFO: backward subsumption time: 8 ms = 0.01 s
Nov 15, 2021 6:23:28 PM uk.ac.ox.cs.gsat.SaturationStatistics log
INFO: Derived full/non full TGDs: 157 , 18
Nov 15, 2021 6:23:28 PM uk.ac.ox.cs.gsat.SaturationStatistics log
INFO: discarded tautology count: 53
Nov 15, 2021 6:23:28 PM uk.ac.ox.cs.gsat.EvolveStatistics log
INFO: Stop because subsumed: 84
Nov 15, 2021 6:23:28 PM uk.ac.ox.cs.gsat.EvolveStatistics log
INFO: evolved equals to current: 0
Nov 15, 2021 6:23:28 PM uk.ac.ox.cs.gsat.EvolveStatistics log
INFO: evolved time: 35 ms = 0.03 s
Nov 15, 2021 6:23:28 PM uk.ac.ox.cs.gsat.EvolveStatistics log
INFO: evolve count: 203
Nov 15, 2021 6:23:28 PM uk.ac.ox.cs.gsat.SkolemStatistics log
INFO: maximum number of Skolem atoms in body: 7
Nov 15, 2021 6:23:28 PM uk.ac.ox.cs.gsat.SkolemStatistics log
INFO: left derived TGD with Skolem in the body: 0
Nov 15, 2021 6:23:28 PM uk.ac.ox.cs.gsat.SkolemStatistics log
INFO: right derived TGD with Skolem in the body: 157
Nov 15, 2021 6:23:28 PM uk.ac.ox.cs.gsat.SkolemStatistics log
INFO: derived TGD with more than two Skolem atoms in the body: 119
Nov 15, 2021 6:23:28 PM uk.ac.ox.cs.gsat.AbstractSaturation run
INFO: ouptput full TGDs not contained in the input: 0
Nov 15, 2021 6:23:28 PM uk.ac.ox.cs.gsat.App executeAllSteps
INFO: Rewriting completed!
Full TGD saturation: (185 dependecies)
Nov 15, 2021 6:23:28 PM uk.ac.ox.cs.gsat.App executeAllSteps
INFO: Writing the saturation in the Datalog file 00063.rul
