Starting Saturation...
Executing from DLGP files
SLF4J: Failed to load class "org.slf4j.impl.StaticLoggerBinder".
SLF4J: Defaulting to no-operation (NOP) logger implementation
SLF4J: See http://www.slf4j.org/codes.html#StaticLoggerBinder for further details.
# Rules: 17; # Atoms: 0; # AtomSets: 0; # Queries: 0; # Constraints: 0
Full TGD saturation algorithm: Skolem Sat
Running SkSat...
Nov 15, 2021 6:58:19 PM uk.ac.ox.cs.gsat.AbstractSaturation run
INFO: SkSat discarded rules : 0/17 = 0.000%
SkSat discarded rules : 0/17 = 0.000%
Nov 15, 2021 6:58:19 PM uk.ac.ox.cs.gsat.AbstractSaturation run
INFO: Subsumption method : tree_predicate
length of the formulas: 5.3809524
number of bags: 1
length of the formulas: 5.3809524
number of bags: 1
nonFullTGDs	0		fullTGDs	37			newNonFullTGDs	26		newFullTGDs	0
Nov 15, 2021 6:58:19 PM uk.ac.ox.cs.gsat.SaturationStatistics log
INFO: # initial TGDs: 37 , 26
Nov 15, 2021 6:58:19 PM uk.ac.ox.cs.gsat.SaturationStatistics log
INFO: SkSat total time : 121 ms = 0.12 s
Nov 15, 2021 6:58:19 PM uk.ac.ox.cs.gsat.SaturationStatistics log
INFO: Subsumed elements : 35
Nov 15, 2021 6:58:19 PM uk.ac.ox.cs.gsat.SaturationStatistics log
INFO: Filter discarded elements : 2514
Nov 15, 2021 6:58:19 PM uk.ac.ox.cs.gsat.SaturationStatistics log
INFO: subsumption time: 7 ms = 0.01 s
Nov 15, 2021 6:58:19 PM uk.ac.ox.cs.gsat.SaturationStatistics log
INFO: forward subsumption time: 4 ms = 0.00 s
Nov 15, 2021 6:58:19 PM uk.ac.ox.cs.gsat.SaturationStatistics log
INFO: backward subsumption time: 2 ms = 0.00 s
Nov 15, 2021 6:58:19 PM uk.ac.ox.cs.gsat.SaturationStatistics log
INFO: Derived full/non full TGDs: 44 , 6
Nov 15, 2021 6:58:19 PM uk.ac.ox.cs.gsat.SaturationStatistics log
INFO: discarded tautology count: 1
Nov 15, 2021 6:58:19 PM uk.ac.ox.cs.gsat.EvolveStatistics log
INFO: Stop because subsumed: 41
Nov 15, 2021 6:58:19 PM uk.ac.ox.cs.gsat.EvolveStatistics log
INFO: evolved equals to current: 0
Nov 15, 2021 6:58:19 PM uk.ac.ox.cs.gsat.EvolveStatistics log
INFO: evolved time: 19 ms = 0.02 s
Nov 15, 2021 6:58:19 PM uk.ac.ox.cs.gsat.EvolveStatistics log
INFO: evolve count: 61
Nov 15, 2021 6:58:19 PM uk.ac.ox.cs.gsat.SkolemStatistics log
INFO: maximum number of Skolem atoms in body: 6
Nov 15, 2021 6:58:19 PM uk.ac.ox.cs.gsat.SkolemStatistics log
INFO: left derived TGD with Skolem in the body: 0
Nov 15, 2021 6:58:19 PM uk.ac.ox.cs.gsat.SkolemStatistics log
INFO: right derived TGD with Skolem in the body: 44
Nov 15, 2021 6:58:19 PM uk.ac.ox.cs.gsat.SkolemStatistics log
INFO: derived TGD with more than two Skolem atoms in the body: 36
Nov 15, 2021 6:58:19 PM uk.ac.ox.cs.gsat.AbstractSaturation run
INFO: ouptput full TGDs not contained in the input: 0
Nov 15, 2021 6:58:19 PM uk.ac.ox.cs.gsat.App executeAllSteps
INFO: Rewriting completed!
Full TGD saturation: (37 dependecies)
Nov 15, 2021 6:58:19 PM uk.ac.ox.cs.gsat.App executeAllSteps
INFO: Writing the saturation in the Datalog file 00215.rul
