Starting Saturation...
Executing from DLGP files
SLF4J: Failed to load class "org.slf4j.impl.StaticLoggerBinder".
SLF4J: Defaulting to no-operation (NOP) logger implementation
SLF4J: See http://www.slf4j.org/codes.html#StaticLoggerBinder for further details.
# Rules: 318; # Atoms: 0; # AtomSets: 0; # Queries: 0; # Constraints: 0
Full TGD saturation algorithm: Skolem Sat
Running SkSat...
Nov 16, 2021 12:05:58 AM uk.ac.ox.cs.gsat.AbstractSaturation run
INFO: SkSat discarded rules : 0/318 = 0.000%
SkSat discarded rules : 0/318 = 0.000%
Nov 16, 2021 12:05:59 AM uk.ac.ox.cs.gsat.AbstractSaturation run
INFO: Subsumption method : tree_predicate
length of the formulas: 5.311312
number of bags: 2
length of the formulas: 5.311312
number of bags: 2
nonFullTGDs	0		fullTGDs	531			newNonFullTGDs	574		newFullTGDs	0
nonFullTGDs	100		fullTGDs	531			newNonFullTGDs	474		newFullTGDs	2093
nonFullTGDs	200		fullTGDs	531			newNonFullTGDs	374		newFullTGDs	3780
nonFullTGDs	300		fullTGDs	531			newNonFullTGDs	274		newFullTGDs	5546
nonFullTGDs	400		fullTGDs	531			newNonFullTGDs	174		newFullTGDs	7262
nonFullTGDs	500		fullTGDs	531			newNonFullTGDs	74		newFullTGDs	8671
nonFullTGDs	574		fullTGDs	544			newNonFullTGDs	0		newFullTGDs	9932
nonFullTGDs	574		fullTGDs	594			newNonFullTGDs	0		newFullTGDs	9882
nonFullTGDs	574		fullTGDs	644			newNonFullTGDs	0		newFullTGDs	9832
nonFullTGDs	574		fullTGDs	694			newNonFullTGDs	0		newFullTGDs	9782
nonFullTGDs	574		fullTGDs	744			newNonFullTGDs	0		newFullTGDs	9732
nonFullTGDs	574		fullTGDs	794			newNonFullTGDs	0		newFullTGDs	9682
nonFullTGDs	574		fullTGDs	844			newNonFullTGDs	0		newFullTGDs	9632
nonFullTGDs	574		fullTGDs	894			newNonFullTGDs	0		newFullTGDs	9582
nonFullTGDs	574		fullTGDs	944			newNonFullTGDs	0		newFullTGDs	9532
nonFullTGDs	574		fullTGDs	994			newNonFullTGDs	0		newFullTGDs	9482
nonFullTGDs	574		fullTGDs	1044			newNonFullTGDs	0		newFullTGDs	9432
nonFullTGDs	574		fullTGDs	1094			newNonFullTGDs	0		newFullTGDs	9382
nonFullTGDs	574		fullTGDs	1144			newNonFullTGDs	0		newFullTGDs	9332
nonFullTGDs	574		fullTGDs	1194			newNonFullTGDs	0		newFullTGDs	9282
nonFullTGDs	574		fullTGDs	1244			newNonFullTGDs	0		newFullTGDs	9232
nonFullTGDs	574		fullTGDs	1294			newNonFullTGDs	0		newFullTGDs	9182
nonFullTGDs	574		fullTGDs	1344			newNonFullTGDs	0		newFullTGDs	9132
nonFullTGDs	574		fullTGDs	1394			newNonFullTGDs	0		newFullTGDs	9082
nonFullTGDs	574		fullTGDs	1444			newNonFullTGDs	0		newFullTGDs	9032
nonFullTGDs	574		fullTGDs	1494			newNonFullTGDs	0		newFullTGDs	8982
nonFullTGDs	574		fullTGDs	1544			newNonFullTGDs	0		newFullTGDs	8932
nonFullTGDs	574		fullTGDs	1594			newNonFullTGDs	0		newFullTGDs	8882
nonFullTGDs	574		fullTGDs	1644			newNonFullTGDs	0		newFullTGDs	8832
nonFullTGDs	574		fullTGDs	1694			newNonFullTGDs	0		newFullTGDs	8782
nonFullTGDs	574		fullTGDs	1744			newNonFullTGDs	0		newFullTGDs	8732
nonFullTGDs	574		fullTGDs	1794			newNonFullTGDs	0		newFullTGDs	8682
nonFullTGDs	574		fullTGDs	1844			newNonFullTGDs	0		newFullTGDs	8632
nonFullTGDs	574		fullTGDs	1894			newNonFullTGDs	0		newFullTGDs	8582
nonFullTGDs	574		fullTGDs	1944			newNonFullTGDs	0		newFullTGDs	8532
nonFullTGDs	574		fullTGDs	1994			newNonFullTGDs	0		newFullTGDs	8482
nonFullTGDs	574		fullTGDs	2044			newNonFullTGDs	0		newFullTGDs	8432
nonFullTGDs	574		fullTGDs	2094			newNonFullTGDs	0		newFullTGDs	8382
nonFullTGDs	574		fullTGDs	2144			newNonFullTGDs	0		newFullTGDs	8332
nonFullTGDs	574		fullTGDs	2194			newNonFullTGDs	0		newFullTGDs	8282
nonFullTGDs	574		fullTGDs	2244			newNonFullTGDs	0		newFullTGDs	8232
nonFullTGDs	574		fullTGDs	2294			newNonFullTGDs	0		newFullTGDs	8182
nonFullTGDs	574		fullTGDs	2344			newNonFullTGDs	0		newFullTGDs	8132
nonFullTGDs	574		fullTGDs	2394			newNonFullTGDs	0		newFullTGDs	8082
nonFullTGDs	574		fullTGDs	2444			newNonFullTGDs	0		newFullTGDs	8032
nonFullTGDs	574		fullTGDs	2494			newNonFullTGDs	0		newFullTGDs	7982
nonFullTGDs	574		fullTGDs	2544			newNonFullTGDs	0		newFullTGDs	7932
nonFullTGDs	574		fullTGDs	2594			newNonFullTGDs	0		newFullTGDs	7882
nonFullTGDs	574		fullTGDs	2644			newNonFullTGDs	0		newFullTGDs	7832
nonFullTGDs	574		fullTGDs	2694			newNonFullTGDs	0		newFullTGDs	7782
nonFullTGDs	574		fullTGDs	2744			newNonFullTGDs	0		newFullTGDs	7732
nonFullTGDs	574		fullTGDs	2794			newNonFullTGDs	0		newFullTGDs	7682
nonFullTGDs	574		fullTGDs	2844			newNonFullTGDs	0		newFullTGDs	7632
nonFullTGDs	574		fullTGDs	2894			newNonFullTGDs	0		newFullTGDs	7582
nonFullTGDs	574		fullTGDs	2944			newNonFullTGDs	0		newFullTGDs	7532
nonFullTGDs	574		fullTGDs	2994			newNonFullTGDs	0		newFullTGDs	7482
nonFullTGDs	574		fullTGDs	3044			newNonFullTGDs	0		newFullTGDs	7432
nonFullTGDs	574		fullTGDs	3094			newNonFullTGDs	0		newFullTGDs	7382
nonFullTGDs	574		fullTGDs	3144			newNonFullTGDs	0		newFullTGDs	7332
nonFullTGDs	574		fullTGDs	3194			newNonFullTGDs	0		newFullTGDs	7282
nonFullTGDs	574		fullTGDs	3244			newNonFullTGDs	0		newFullTGDs	7232
nonFullTGDs	574		fullTGDs	3294			newNonFullTGDs	0		newFullTGDs	7182
nonFullTGDs	574		fullTGDs	3344			newNonFullTGDs	0		newFullTGDs	7132
nonFullTGDs	574		fullTGDs	3394			newNonFullTGDs	0		newFullTGDs	7082
nonFullTGDs	574		fullTGDs	3444			newNonFullTGDs	0		newFullTGDs	7032
nonFullTGDs	574		fullTGDs	3477			newNonFullTGDs	0		newFullTGDs	6999
nonFullTGDs	574		fullTGDs	3521			newNonFullTGDs	0		newFullTGDs	6955
nonFullTGDs	574		fullTGDs	3560			newNonFullTGDs	0		newFullTGDs	6916
nonFullTGDs	574		fullTGDs	3610			newNonFullTGDs	0		newFullTGDs	6866
nonFullTGDs	574		fullTGDs	3655			newNonFullTGDs	0		newFullTGDs	6821
nonFullTGDs	574		fullTGDs	3703			newNonFullTGDs	0		newFullTGDs	6773
nonFullTGDs	574		fullTGDs	3742			newNonFullTGDs	0		newFullTGDs	6734
nonFullTGDs	574		fullTGDs	3785			newNonFullTGDs	0		newFullTGDs	6691
nonFullTGDs	574		fullTGDs	3835			newNonFullTGDs	0		newFullTGDs	6641
nonFullTGDs	574		fullTGDs	3885			newNonFullTGDs	0		newFullTGDs	6591
nonFullTGDs	574		fullTGDs	3935			newNonFullTGDs	0		newFullTGDs	6541
nonFullTGDs	574		fullTGDs	3985			newNonFullTGDs	0		newFullTGDs	6491
nonFullTGDs	574		fullTGDs	4024			newNonFullTGDs	0		newFullTGDs	6452
nonFullTGDs	574		fullTGDs	4051			newNonFullTGDs	0		newFullTGDs	6425
nonFullTGDs	574		fullTGDs	4077			newNonFullTGDs	0		newFullTGDs	6399
nonFullTGDs	574		fullTGDs	4119			newNonFullTGDs	0		newFullTGDs	6357
nonFullTGDs	574		fullTGDs	4167			newNonFullTGDs	0		newFullTGDs	6309
nonFullTGDs	574		fullTGDs	4208			newNonFullTGDs	0		newFullTGDs	6268
nonFullTGDs	574		fullTGDs	4238			newNonFullTGDs	0		newFullTGDs	6238
nonFullTGDs	574		fullTGDs	4274			newNonFullTGDs	0		newFullTGDs	6202
nonFullTGDs	574		fullTGDs	4300			newNonFullTGDs	0		newFullTGDs	6176
nonFullTGDs	574		fullTGDs	4344			newNonFullTGDs	0		newFullTGDs	6132
nonFullTGDs	574		fullTGDs	4394			newNonFullTGDs	0		newFullTGDs	6082
nonFullTGDs	574		fullTGDs	4442			newNonFullTGDs	0		newFullTGDs	6034
nonFullTGDs	574		fullTGDs	4492			newNonFullTGDs	0		newFullTGDs	5984
nonFullTGDs	574		fullTGDs	4542			newNonFullTGDs	0		newFullTGDs	5934
nonFullTGDs	574		fullTGDs	4587			newNonFullTGDs	0		newFullTGDs	5889
nonFullTGDs	574		fullTGDs	4631			newNonFullTGDs	0		newFullTGDs	5845
nonFullTGDs	574		fullTGDs	4678			newNonFullTGDs	0		newFullTGDs	5798
nonFullTGDs	574		fullTGDs	4721			newNonFullTGDs	0		newFullTGDs	5755
nonFullTGDs	574		fullTGDs	4758			newNonFullTGDs	0		newFullTGDs	5718
nonFullTGDs	574		fullTGDs	4808			newNonFullTGDs	0		newFullTGDs	5668
nonFullTGDs	574		fullTGDs	4858			newNonFullTGDs	0		newFullTGDs	5618
nonFullTGDs	574		fullTGDs	4908			newNonFullTGDs	0		newFullTGDs	5568
nonFullTGDs	574		fullTGDs	4948			newNonFullTGDs	0		newFullTGDs	5528
nonFullTGDs	574		fullTGDs	4981			newNonFullTGDs	0		newFullTGDs	5495
nonFullTGDs	574		fullTGDs	5021			newNonFullTGDs	0		newFullTGDs	5455
nonFullTGDs	574		fullTGDs	5070			newNonFullTGDs	0		newFullTGDs	5406
nonFullTGDs	574		fullTGDs	5120			newNonFullTGDs	0		newFullTGDs	5356
nonFullTGDs	574		fullTGDs	5170			newNonFullTGDs	0		newFullTGDs	5306
nonFullTGDs	574		fullTGDs	5220			newNonFullTGDs	0		newFullTGDs	5256
nonFullTGDs	574		fullTGDs	5270			newNonFullTGDs	0		newFullTGDs	5206
nonFullTGDs	574		fullTGDs	5312			newNonFullTGDs	0		newFullTGDs	5164
nonFullTGDs	574		fullTGDs	5347			newNonFullTGDs	0		newFullTGDs	5129
nonFullTGDs	574		fullTGDs	5380			newNonFullTGDs	0		newFullTGDs	5096
nonFullTGDs	574		fullTGDs	5430			newNonFullTGDs	0		newFullTGDs	5046
nonFullTGDs	574		fullTGDs	5480			newNonFullTGDs	0		newFullTGDs	4996
nonFullTGDs	574		fullTGDs	5523			newNonFullTGDs	0		newFullTGDs	4953
nonFullTGDs	574		fullTGDs	5565			newNonFullTGDs	0		newFullTGDs	4911
nonFullTGDs	574		fullTGDs	5608			newNonFullTGDs	0		newFullTGDs	4868
nonFullTGDs	574		fullTGDs	5649			newNonFullTGDs	0		newFullTGDs	4827
nonFullTGDs	574		fullTGDs	5694			newNonFullTGDs	0		newFullTGDs	4782
nonFullTGDs	574		fullTGDs	5744			newNonFullTGDs	0		newFullTGDs	4732
nonFullTGDs	574		fullTGDs	5794			newNonFullTGDs	0		newFullTGDs	4682
nonFullTGDs	574		fullTGDs	5838			newNonFullTGDs	0		newFullTGDs	4638
nonFullTGDs	574		fullTGDs	5888			newNonFullTGDs	0		newFullTGDs	4588
nonFullTGDs	574		fullTGDs	5936			newNonFullTGDs	0		newFullTGDs	4540
nonFullTGDs	574		fullTGDs	5986			newNonFullTGDs	0		newFullTGDs	4490
nonFullTGDs	574		fullTGDs	6030			newNonFullTGDs	0		newFullTGDs	4446
nonFullTGDs	574		fullTGDs	6059			newNonFullTGDs	0		newFullTGDs	4417
nonFullTGDs	574		fullTGDs	6092			newNonFullTGDs	0		newFullTGDs	4384
nonFullTGDs	574		fullTGDs	6142			newNonFullTGDs	0		newFullTGDs	4334
nonFullTGDs	574		fullTGDs	6192			newNonFullTGDs	0		newFullTGDs	4284
nonFullTGDs	574		fullTGDs	6219			newNonFullTGDs	0		newFullTGDs	4257
nonFullTGDs	574		fullTGDs	6251			newNonFullTGDs	0		newFullTGDs	4225
nonFullTGDs	574		fullTGDs	6301			newNonFullTGDs	0		newFullTGDs	4175
nonFullTGDs	574		fullTGDs	6351			newNonFullTGDs	0		newFullTGDs	4125
nonFullTGDs	574		fullTGDs	6384			newNonFullTGDs	0		newFullTGDs	4092
nonFullTGDs	574		fullTGDs	6409			newNonFullTGDs	0		newFullTGDs	4067
nonFullTGDs	574		fullTGDs	6434			newNonFullTGDs	0		newFullTGDs	4042
nonFullTGDs	574		fullTGDs	6459			newNonFullTGDs	0		newFullTGDs	4017
nonFullTGDs	574		fullTGDs	6487			newNonFullTGDs	0		newFullTGDs	3989
nonFullTGDs	574		fullTGDs	6521			newNonFullTGDs	0		newFullTGDs	3955
nonFullTGDs	574		fullTGDs	6553			newNonFullTGDs	0		newFullTGDs	3923
nonFullTGDs	574		fullTGDs	6577			newNonFullTGDs	0		newFullTGDs	3899
nonFullTGDs	574		fullTGDs	6602			newNonFullTGDs	0		newFullTGDs	3874
nonFullTGDs	574		fullTGDs	6627			newNonFullTGDs	0		newFullTGDs	3849
nonFullTGDs	574		fullTGDs	6652			newNonFullTGDs	0		newFullTGDs	3824
nonFullTGDs	574		fullTGDs	6677			newNonFullTGDs	0		newFullTGDs	3799
nonFullTGDs	574		fullTGDs	6702			newNonFullTGDs	0		newFullTGDs	3774
nonFullTGDs	574		fullTGDs	6727			newNonFullTGDs	0		newFullTGDs	3749
nonFullTGDs	574		fullTGDs	6753			newNonFullTGDs	0		newFullTGDs	3723
nonFullTGDs	574		fullTGDs	6778			newNonFullTGDs	0		newFullTGDs	3698
nonFullTGDs	574		fullTGDs	6803			newNonFullTGDs	0		newFullTGDs	3673
nonFullTGDs	574		fullTGDs	6828			newNonFullTGDs	0		newFullTGDs	3648
nonFullTGDs	574		fullTGDs	6853			newNonFullTGDs	0		newFullTGDs	3623
nonFullTGDs	574		fullTGDs	6878			newNonFullTGDs	0		newFullTGDs	3598
nonFullTGDs	574		fullTGDs	6903			newNonFullTGDs	0		newFullTGDs	3573
nonFullTGDs	574		fullTGDs	6928			newNonFullTGDs	0		newFullTGDs	3548
nonFullTGDs	574		fullTGDs	6953			newNonFullTGDs	0		newFullTGDs	3523
nonFullTGDs	574		fullTGDs	6978			newNonFullTGDs	0		newFullTGDs	3498
nonFullTGDs	574		fullTGDs	7003			newNonFullTGDs	0		newFullTGDs	3473
nonFullTGDs	574		fullTGDs	7028			newNonFullTGDs	0		newFullTGDs	3448
nonFullTGDs	574		fullTGDs	7053			newNonFullTGDs	0		newFullTGDs	3423
nonFullTGDs	574		fullTGDs	7078			newNonFullTGDs	0		newFullTGDs	3398
nonFullTGDs	574		fullTGDs	7103			newNonFullTGDs	0		newFullTGDs	3373
nonFullTGDs	574		fullTGDs	7128			newNonFullTGDs	0		newFullTGDs	3348
nonFullTGDs	574		fullTGDs	7145			newNonFullTGDs	0		newFullTGDs	3331
nonFullTGDs	574		fullTGDs	7157			newNonFullTGDs	0		newFullTGDs	3319
nonFullTGDs	574		fullTGDs	7169			newNonFullTGDs	0		newFullTGDs	3307
nonFullTGDs	574		fullTGDs	7180			newNonFullTGDs	0		newFullTGDs	3296
nonFullTGDs	574		fullTGDs	7191			newNonFullTGDs	0		newFullTGDs	3285
nonFullTGDs	574		fullTGDs	7202			newNonFullTGDs	0		newFullTGDs	3274
nonFullTGDs	574		fullTGDs	7214			newNonFullTGDs	0		newFullTGDs	3262
nonFullTGDs	574		fullTGDs	7225			newNonFullTGDs	0		newFullTGDs	3251
nonFullTGDs	574		fullTGDs	7237			newNonFullTGDs	0		newFullTGDs	3239
nonFullTGDs	574		fullTGDs	7248			newNonFullTGDs	0		newFullTGDs	3228
nonFullTGDs	574		fullTGDs	7260			newNonFullTGDs	0		newFullTGDs	3216
nonFullTGDs	574		fullTGDs	7270			newNonFullTGDs	0		newFullTGDs	3206
nonFullTGDs	574		fullTGDs	7281			newNonFullTGDs	0		newFullTGDs	3195
nonFullTGDs	574		fullTGDs	7292			newNonFullTGDs	0		newFullTGDs	3184
nonFullTGDs	574		fullTGDs	7303			newNonFullTGDs	0		newFullTGDs	3173
nonFullTGDs	574		fullTGDs	7314			newNonFullTGDs	0		newFullTGDs	3162
nonFullTGDs	574		fullTGDs	7326			newNonFullTGDs	0		newFullTGDs	3150
nonFullTGDs	574		fullTGDs	7337			newNonFullTGDs	0		newFullTGDs	3139
nonFullTGDs	574		fullTGDs	7348			newNonFullTGDs	0		newFullTGDs	3128
nonFullTGDs	574		fullTGDs	7363			newNonFullTGDs	0		newFullTGDs	3113
nonFullTGDs	574		fullTGDs	7376			newNonFullTGDs	0		newFullTGDs	3100
nonFullTGDs	574		fullTGDs	7387			newNonFullTGDs	0		newFullTGDs	3089
nonFullTGDs	574		fullTGDs	7398			newNonFullTGDs	0		newFullTGDs	3078
nonFullTGDs	574		fullTGDs	7410			newNonFullTGDs	0		newFullTGDs	3066
nonFullTGDs	574		fullTGDs	7421			newNonFullTGDs	0		newFullTGDs	3055
nonFullTGDs	574		fullTGDs	7432			newNonFullTGDs	0		newFullTGDs	3044
nonFullTGDs	574		fullTGDs	7443			newNonFullTGDs	0		newFullTGDs	3033
nonFullTGDs	574		fullTGDs	7454			newNonFullTGDs	0		newFullTGDs	3022
nonFullTGDs	574		fullTGDs	7465			newNonFullTGDs	0		newFullTGDs	3011
nonFullTGDs	574		fullTGDs	7476			newNonFullTGDs	0		newFullTGDs	3000
nonFullTGDs	574		fullTGDs	7487			newNonFullTGDs	0		newFullTGDs	2989
nonFullTGDs	574		fullTGDs	7498			newNonFullTGDs	0		newFullTGDs	2978
nonFullTGDs	574		fullTGDs	7509			newNonFullTGDs	0		newFullTGDs	2967
nonFullTGDs	574		fullTGDs	7520			newNonFullTGDs	0		newFullTGDs	2956
nonFullTGDs	574		fullTGDs	7531			newNonFullTGDs	0		newFullTGDs	2945
nonFullTGDs	574		fullTGDs	7542			newNonFullTGDs	0		newFullTGDs	2934
nonFullTGDs	574		fullTGDs	7560			newNonFullTGDs	0		newFullTGDs	2916
nonFullTGDs	574		fullTGDs	7571			newNonFullTGDs	0		newFullTGDs	2905
nonFullTGDs	574		fullTGDs	7582			newNonFullTGDs	0		newFullTGDs	2894
nonFullTGDs	574		fullTGDs	7593			newNonFullTGDs	0		newFullTGDs	2883
nonFullTGDs	574		fullTGDs	7604			newNonFullTGDs	0		newFullTGDs	2872
nonFullTGDs	574		fullTGDs	7615			newNonFullTGDs	0		newFullTGDs	2861
nonFullTGDs	574		fullTGDs	7635			newNonFullTGDs	0		newFullTGDs	2841
nonFullTGDs	574		fullTGDs	7651			newNonFullTGDs	0		newFullTGDs	2825
nonFullTGDs	574		fullTGDs	7662			newNonFullTGDs	0		newFullTGDs	2814
nonFullTGDs	574		fullTGDs	7673			newNonFullTGDs	0		newFullTGDs	2803
nonFullTGDs	574		fullTGDs	7685			newNonFullTGDs	0		newFullTGDs	2791
nonFullTGDs	574		fullTGDs	7696			newNonFullTGDs	0		newFullTGDs	2780
nonFullTGDs	574		fullTGDs	7707			newNonFullTGDs	0		newFullTGDs	2769
nonFullTGDs	574		fullTGDs	7718			newNonFullTGDs	0		newFullTGDs	2758
nonFullTGDs	574		fullTGDs	7729			newNonFullTGDs	0		newFullTGDs	2747
nonFullTGDs	574		fullTGDs	7740			newNonFullTGDs	0		newFullTGDs	2736
nonFullTGDs	574		fullTGDs	7751			newNonFullTGDs	0		newFullTGDs	2725
nonFullTGDs	574		fullTGDs	7762			newNonFullTGDs	0		newFullTGDs	2714
nonFullTGDs	574		fullTGDs	7773			newNonFullTGDs	0		newFullTGDs	2703
nonFullTGDs	574		fullTGDs	7784			newNonFullTGDs	0		newFullTGDs	2692
nonFullTGDs	574		fullTGDs	7798			newNonFullTGDs	0		newFullTGDs	2678
nonFullTGDs	574		fullTGDs	7812			newNonFullTGDs	0		newFullTGDs	2664
nonFullTGDs	574		fullTGDs	7828			newNonFullTGDs	0		newFullTGDs	2648
nonFullTGDs	574		fullTGDs	7839			newNonFullTGDs	0		newFullTGDs	2637
nonFullTGDs	574		fullTGDs	7850			newNonFullTGDs	0		newFullTGDs	2626
nonFullTGDs	574		fullTGDs	7861			newNonFullTGDs	0		newFullTGDs	2615
nonFullTGDs	574		fullTGDs	7872			newNonFullTGDs	0		newFullTGDs	2604
nonFullTGDs	574		fullTGDs	7883			newNonFullTGDs	0		newFullTGDs	2593
nonFullTGDs	574		fullTGDs	7895			newNonFullTGDs	0		newFullTGDs	2581
nonFullTGDs	574		fullTGDs	7918			newNonFullTGDs	0		newFullTGDs	2558
nonFullTGDs	574		fullTGDs	7939			newNonFullTGDs	0		newFullTGDs	2537
nonFullTGDs	574		fullTGDs	7952			newNonFullTGDs	0		newFullTGDs	2524
nonFullTGDs	574		fullTGDs	7963			newNonFullTGDs	0		newFullTGDs	2513
nonFullTGDs	574		fullTGDs	7974			newNonFullTGDs	0		newFullTGDs	2502
nonFullTGDs	574		fullTGDs	7985			newNonFullTGDs	0		newFullTGDs	2491
nonFullTGDs	574		fullTGDs	7996			newNonFullTGDs	0		newFullTGDs	2480
nonFullTGDs	574		fullTGDs	8007			newNonFullTGDs	0		newFullTGDs	2469
nonFullTGDs	574		fullTGDs	8019			newNonFullTGDs	0		newFullTGDs	2457
nonFullTGDs	574		fullTGDs	8030			newNonFullTGDs	0		newFullTGDs	2446
nonFullTGDs	574		fullTGDs	8041			newNonFullTGDs	0		newFullTGDs	2435
nonFullTGDs	574		fullTGDs	8052			newNonFullTGDs	0		newFullTGDs	2424
nonFullTGDs	574		fullTGDs	8063			newNonFullTGDs	0		newFullTGDs	2413
nonFullTGDs	574		fullTGDs	8074			newNonFullTGDs	0		newFullTGDs	2402
nonFullTGDs	574		fullTGDs	8085			newNonFullTGDs	0		newFullTGDs	2391
nonFullTGDs	574		fullTGDs	8096			newNonFullTGDs	0		newFullTGDs	2380
nonFullTGDs	574		fullTGDs	8107			newNonFullTGDs	0		newFullTGDs	2369
nonFullTGDs	574		fullTGDs	8119			newNonFullTGDs	0		newFullTGDs	2357
nonFullTGDs	574		fullTGDs	8130			newNonFullTGDs	0		newFullTGDs	2346
nonFullTGDs	574		fullTGDs	8141			newNonFullTGDs	0		newFullTGDs	2335
nonFullTGDs	574		fullTGDs	8152			newNonFullTGDs	0		newFullTGDs	2324
nonFullTGDs	574		fullTGDs	8163			newNonFullTGDs	0		newFullTGDs	2313
nonFullTGDs	574		fullTGDs	8174			newNonFullTGDs	0		newFullTGDs	2302
nonFullTGDs	574		fullTGDs	8185			newNonFullTGDs	0		newFullTGDs	2291
nonFullTGDs	574		fullTGDs	8196			newNonFullTGDs	0		newFullTGDs	2280
nonFullTGDs	574		fullTGDs	8207			newNonFullTGDs	0		newFullTGDs	2269
nonFullTGDs	574		fullTGDs	8219			newNonFullTGDs	0		newFullTGDs	2257
nonFullTGDs	574		fullTGDs	8230			newNonFullTGDs	0		newFullTGDs	2246
nonFullTGDs	574		fullTGDs	8241			newNonFullTGDs	0		newFullTGDs	2235
nonFullTGDs	574		fullTGDs	8252			newNonFullTGDs	0		newFullTGDs	2224
nonFullTGDs	574		fullTGDs	8263			newNonFullTGDs	0		newFullTGDs	2213
nonFullTGDs	574		fullTGDs	8274			newNonFullTGDs	0		newFullTGDs	2202
nonFullTGDs	574		fullTGDs	8285			newNonFullTGDs	0		newFullTGDs	2191
nonFullTGDs	574		fullTGDs	8296			newNonFullTGDs	0		newFullTGDs	2180
nonFullTGDs	574		fullTGDs	8307			newNonFullTGDs	0		newFullTGDs	2169
nonFullTGDs	574		fullTGDs	8319			newNonFullTGDs	0		newFullTGDs	2157
nonFullTGDs	574		fullTGDs	8330			newNonFullTGDs	0		newFullTGDs	2146
nonFullTGDs	574		fullTGDs	8341			newNonFullTGDs	0		newFullTGDs	2135
nonFullTGDs	574		fullTGDs	8352			newNonFullTGDs	0		newFullTGDs	2124
nonFullTGDs	574		fullTGDs	8363			newNonFullTGDs	0		newFullTGDs	2113
nonFullTGDs	574		fullTGDs	8374			newNonFullTGDs	0		newFullTGDs	2102
nonFullTGDs	574		fullTGDs	8385			newNonFullTGDs	0		newFullTGDs	2091
nonFullTGDs	574		fullTGDs	8396			newNonFullTGDs	0		newFullTGDs	2080
nonFullTGDs	574		fullTGDs	8407			newNonFullTGDs	0		newFullTGDs	2069
nonFullTGDs	574		fullTGDs	8419			newNonFullTGDs	0		newFullTGDs	2057
nonFullTGDs	574		fullTGDs	8430			newNonFullTGDs	0		newFullTGDs	2046
nonFullTGDs	574		fullTGDs	8441			newNonFullTGDs	0		newFullTGDs	2035
nonFullTGDs	574		fullTGDs	8452			newNonFullTGDs	0		newFullTGDs	2024
nonFullTGDs	574		fullTGDs	8463			newNonFullTGDs	0		newFullTGDs	2013
nonFullTGDs	574		fullTGDs	8474			newNonFullTGDs	0		newFullTGDs	2002
nonFullTGDs	574		fullTGDs	8485			newNonFullTGDs	0		newFullTGDs	1991
nonFullTGDs	574		fullTGDs	8496			newNonFullTGDs	0		newFullTGDs	1980
nonFullTGDs	574		fullTGDs	8507			newNonFullTGDs	0		newFullTGDs	1969
nonFullTGDs	574		fullTGDs	8519			newNonFullTGDs	0		newFullTGDs	1957
nonFullTGDs	574		fullTGDs	8530			newNonFullTGDs	0		newFullTGDs	1946
nonFullTGDs	574		fullTGDs	8541			newNonFullTGDs	0		newFullTGDs	1935
nonFullTGDs	574		fullTGDs	8552			newNonFullTGDs	0		newFullTGDs	1924
nonFullTGDs	574		fullTGDs	8563			newNonFullTGDs	0		newFullTGDs	1913
nonFullTGDs	574		fullTGDs	8574			newNonFullTGDs	0		newFullTGDs	1902
nonFullTGDs	574		fullTGDs	8585			newNonFullTGDs	0		newFullTGDs	1891
nonFullTGDs	574		fullTGDs	8596			newNonFullTGDs	0		newFullTGDs	1880
nonFullTGDs	574		fullTGDs	8607			newNonFullTGDs	0		newFullTGDs	1869
nonFullTGDs	574		fullTGDs	8618			newNonFullTGDs	0		newFullTGDs	1858
nonFullTGDs	574		fullTGDs	8629			newNonFullTGDs	0		newFullTGDs	1847
nonFullTGDs	574		fullTGDs	8640			newNonFullTGDs	0		newFullTGDs	1836
nonFullTGDs	574		fullTGDs	8651			newNonFullTGDs	0		newFullTGDs	1825
nonFullTGDs	574		fullTGDs	8662			newNonFullTGDs	0		newFullTGDs	1814
nonFullTGDs	574		fullTGDs	8673			newNonFullTGDs	0		newFullTGDs	1803
nonFullTGDs	574		fullTGDs	8684			newNonFullTGDs	0		newFullTGDs	1792
nonFullTGDs	574		fullTGDs	8695			newNonFullTGDs	0		newFullTGDs	1781
nonFullTGDs	574		fullTGDs	8706			newNonFullTGDs	0		newFullTGDs	1770
nonFullTGDs	574		fullTGDs	8717			newNonFullTGDs	0		newFullTGDs	1759
nonFullTGDs	574		fullTGDs	8728			newNonFullTGDs	0		newFullTGDs	1748
nonFullTGDs	574		fullTGDs	8739			newNonFullTGDs	0		newFullTGDs	1737
nonFullTGDs	574		fullTGDs	8751			newNonFullTGDs	0		newFullTGDs	1725
nonFullTGDs	574		fullTGDs	8762			newNonFullTGDs	0		newFullTGDs	1714
nonFullTGDs	574		fullTGDs	8773			newNonFullTGDs	0		newFullTGDs	1703
nonFullTGDs	574		fullTGDs	8784			newNonFullTGDs	0		newFullTGDs	1692
nonFullTGDs	574		fullTGDs	8795			newNonFullTGDs	0		newFullTGDs	1681
nonFullTGDs	574		fullTGDs	8806			newNonFullTGDs	0		newFullTGDs	1670
nonFullTGDs	574		fullTGDs	8817			newNonFullTGDs	0		newFullTGDs	1659
nonFullTGDs	574		fullTGDs	8828			newNonFullTGDs	0		newFullTGDs	1648
nonFullTGDs	574		fullTGDs	8839			newNonFullTGDs	0		newFullTGDs	1637
nonFullTGDs	574		fullTGDs	8850			newNonFullTGDs	0		newFullTGDs	1626
nonFullTGDs	574		fullTGDs	8861			newNonFullTGDs	0		newFullTGDs	1615
nonFullTGDs	574		fullTGDs	8872			newNonFullTGDs	0		newFullTGDs	1604
nonFullTGDs	574		fullTGDs	8883			newNonFullTGDs	0		newFullTGDs	1593
nonFullTGDs	574		fullTGDs	8894			newNonFullTGDs	0		newFullTGDs	1582
nonFullTGDs	574		fullTGDs	8906			newNonFullTGDs	0		newFullTGDs	1570
nonFullTGDs	574		fullTGDs	8917			newNonFullTGDs	0		newFullTGDs	1559
nonFullTGDs	574		fullTGDs	8928			newNonFullTGDs	0		newFullTGDs	1548
nonFullTGDs	574		fullTGDs	8939			newNonFullTGDs	0		newFullTGDs	1537
nonFullTGDs	574		fullTGDs	8950			newNonFullTGDs	0		newFullTGDs	1526
nonFullTGDs	574		fullTGDs	8961			newNonFullTGDs	0		newFullTGDs	1515
nonFullTGDs	574		fullTGDs	8972			newNonFullTGDs	0		newFullTGDs	1504
nonFullTGDs	574		fullTGDs	8983			newNonFullTGDs	0		newFullTGDs	1493
nonFullTGDs	574		fullTGDs	8994			newNonFullTGDs	0		newFullTGDs	1482
nonFullTGDs	574		fullTGDs	9005			newNonFullTGDs	0		newFullTGDs	1471
nonFullTGDs	574		fullTGDs	9016			newNonFullTGDs	0		newFullTGDs	1460
nonFullTGDs	574		fullTGDs	9027			newNonFullTGDs	0		newFullTGDs	1449
nonFullTGDs	574		fullTGDs	9038			newNonFullTGDs	0		newFullTGDs	1438
nonFullTGDs	574		fullTGDs	9049			newNonFullTGDs	0		newFullTGDs	1427
nonFullTGDs	574		fullTGDs	9060			newNonFullTGDs	0		newFullTGDs	1416
nonFullTGDs	574		fullTGDs	9071			newNonFullTGDs	0		newFullTGDs	1405
nonFullTGDs	574		fullTGDs	9082			newNonFullTGDs	0		newFullTGDs	1394
nonFullTGDs	574		fullTGDs	9093			newNonFullTGDs	0		newFullTGDs	1383
nonFullTGDs	574		fullTGDs	9104			newNonFullTGDs	0		newFullTGDs	1372
nonFullTGDs	574		fullTGDs	9115			newNonFullTGDs	0		newFullTGDs	1361
nonFullTGDs	574		fullTGDs	9126			newNonFullTGDs	0		newFullTGDs	1350
nonFullTGDs	574		fullTGDs	9137			newNonFullTGDs	0		newFullTGDs	1339
nonFullTGDs	574		fullTGDs	9149			newNonFullTGDs	0		newFullTGDs	1327
nonFullTGDs	574		fullTGDs	9160			newNonFullTGDs	0		newFullTGDs	1316
nonFullTGDs	574		fullTGDs	9171			newNonFullTGDs	0		newFullTGDs	1305
nonFullTGDs	574		fullTGDs	9182			newNonFullTGDs	0		newFullTGDs	1294
nonFullTGDs	574		fullTGDs	9193			newNonFullTGDs	0		newFullTGDs	1283
nonFullTGDs	574		fullTGDs	9204			newNonFullTGDs	0		newFullTGDs	1272
nonFullTGDs	574		fullTGDs	9215			newNonFullTGDs	0		newFullTGDs	1261
nonFullTGDs	574		fullTGDs	9226			newNonFullTGDs	0		newFullTGDs	1250
nonFullTGDs	574		fullTGDs	9237			newNonFullTGDs	0		newFullTGDs	1239
nonFullTGDs	574		fullTGDs	9248			newNonFullTGDs	0		newFullTGDs	1228
nonFullTGDs	574		fullTGDs	9259			newNonFullTGDs	0		newFullTGDs	1217
nonFullTGDs	574		fullTGDs	9270			newNonFullTGDs	0		newFullTGDs	1206
nonFullTGDs	574		fullTGDs	9281			newNonFullTGDs	0		newFullTGDs	1195
nonFullTGDs	574		fullTGDs	9292			newNonFullTGDs	0		newFullTGDs	1184
nonFullTGDs	574		fullTGDs	9303			newNonFullTGDs	0		newFullTGDs	1173
nonFullTGDs	574		fullTGDs	9314			newNonFullTGDs	0		newFullTGDs	1162
nonFullTGDs	574		fullTGDs	9325			newNonFullTGDs	0		newFullTGDs	1151
nonFullTGDs	574		fullTGDs	9336			newNonFullTGDs	0		newFullTGDs	1140
nonFullTGDs	574		fullTGDs	9347			newNonFullTGDs	0		newFullTGDs	1129
nonFullTGDs	574		fullTGDs	9358			newNonFullTGDs	0		newFullTGDs	1118
nonFullTGDs	574		fullTGDs	9369			newNonFullTGDs	0		newFullTGDs	1107
nonFullTGDs	574		fullTGDs	9380			newNonFullTGDs	0		newFullTGDs	1096
nonFullTGDs	574		fullTGDs	9391			newNonFullTGDs	0		newFullTGDs	1085
nonFullTGDs	574		fullTGDs	9402			newNonFullTGDs	0		newFullTGDs	1074
nonFullTGDs	574		fullTGDs	9413			newNonFullTGDs	0		newFullTGDs	1063
nonFullTGDs	574		fullTGDs	9424			newNonFullTGDs	0		newFullTGDs	1052
nonFullTGDs	574		fullTGDs	9435			newNonFullTGDs	0		newFullTGDs	1041
nonFullTGDs	574		fullTGDs	9446			newNonFullTGDs	0		newFullTGDs	1030
nonFullTGDs	574		fullTGDs	9457			newNonFullTGDs	0		newFullTGDs	1019
nonFullTGDs	574		fullTGDs	9468			newNonFullTGDs	0		newFullTGDs	1008
nonFullTGDs	574		fullTGDs	9479			newNonFullTGDs	0		newFullTGDs	997
nonFullTGDs	574		fullTGDs	9490			newNonFullTGDs	0		newFullTGDs	986
nonFullTGDs	574		fullTGDs	9501			newNonFullTGDs	0		newFullTGDs	975
nonFullTGDs	574		fullTGDs	9512			newNonFullTGDs	0		newFullTGDs	964
nonFullTGDs	574		fullTGDs	9523			newNonFullTGDs	0		newFullTGDs	953
nonFullTGDs	574		fullTGDs	9534			newNonFullTGDs	0		newFullTGDs	942
nonFullTGDs	574		fullTGDs	9545			newNonFullTGDs	0		newFullTGDs	931
nonFullTGDs	574		fullTGDs	9556			newNonFullTGDs	0		newFullTGDs	920
nonFullTGDs	574		fullTGDs	9567			newNonFullTGDs	0		newFullTGDs	909
nonFullTGDs	574		fullTGDs	9578			newNonFullTGDs	0		newFullTGDs	898
nonFullTGDs	574		fullTGDs	9590			newNonFullTGDs	0		newFullTGDs	886
nonFullTGDs	574		fullTGDs	9601			newNonFullTGDs	0		newFullTGDs	875
nonFullTGDs	574		fullTGDs	9612			newNonFullTGDs	0		newFullTGDs	864
nonFullTGDs	574		fullTGDs	9623			newNonFullTGDs	0		newFullTGDs	853
nonFullTGDs	574		fullTGDs	9634			newNonFullTGDs	0		newFullTGDs	842
nonFullTGDs	574		fullTGDs	9645			newNonFullTGDs	0		newFullTGDs	831
nonFullTGDs	574		fullTGDs	9656			newNonFullTGDs	0		newFullTGDs	820
nonFullTGDs	574		fullTGDs	9667			newNonFullTGDs	0		newFullTGDs	809
nonFullTGDs	574		fullTGDs	9678			newNonFullTGDs	0		newFullTGDs	798
nonFullTGDs	574		fullTGDs	9689			newNonFullTGDs	0		newFullTGDs	787
nonFullTGDs	574		fullTGDs	9700			newNonFullTGDs	0		newFullTGDs	776
nonFullTGDs	574		fullTGDs	9711			newNonFullTGDs	0		newFullTGDs	765
nonFullTGDs	574		fullTGDs	9722			newNonFullTGDs	0		newFullTGDs	754
nonFullTGDs	574		fullTGDs	9733			newNonFullTGDs	0		newFullTGDs	743
nonFullTGDs	574		fullTGDs	9744			newNonFullTGDs	0		newFullTGDs	732
nonFullTGDs	574		fullTGDs	9755			newNonFullTGDs	0		newFullTGDs	721
nonFullTGDs	574		fullTGDs	9766			newNonFullTGDs	0		newFullTGDs	710
nonFullTGDs	574		fullTGDs	9777			newNonFullTGDs	0		newFullTGDs	699
nonFullTGDs	574		fullTGDs	9788			newNonFullTGDs	0		newFullTGDs	688
nonFullTGDs	574		fullTGDs	9800			newNonFullTGDs	0		newFullTGDs	676
nonFullTGDs	574		fullTGDs	9811			newNonFullTGDs	0		newFullTGDs	665
nonFullTGDs	574		fullTGDs	9822			newNonFullTGDs	0		newFullTGDs	654
nonFullTGDs	574		fullTGDs	9833			newNonFullTGDs	0		newFullTGDs	643
nonFullTGDs	574		fullTGDs	9844			newNonFullTGDs	0		newFullTGDs	632
nonFullTGDs	574		fullTGDs	9855			newNonFullTGDs	0		newFullTGDs	621
nonFullTGDs	574		fullTGDs	9866			newNonFullTGDs	0		newFullTGDs	610
nonFullTGDs	574		fullTGDs	9877			newNonFullTGDs	0		newFullTGDs	599
nonFullTGDs	574		fullTGDs	9888			newNonFullTGDs	0		newFullTGDs	588
nonFullTGDs	574		fullTGDs	9899			newNonFullTGDs	0		newFullTGDs	577
nonFullTGDs	574		fullTGDs	9910			newNonFullTGDs	0		newFullTGDs	566
nonFullTGDs	574		fullTGDs	9921			newNonFullTGDs	0		newFullTGDs	555
nonFullTGDs	574		fullTGDs	9932			newNonFullTGDs	0		newFullTGDs	544
nonFullTGDs	574		fullTGDs	9943			newNonFullTGDs	0		newFullTGDs	533
nonFullTGDs	574		fullTGDs	9955			newNonFullTGDs	0		newFullTGDs	521
nonFullTGDs	574		fullTGDs	9966			newNonFullTGDs	0		newFullTGDs	510
nonFullTGDs	574		fullTGDs	9977			newNonFullTGDs	0		newFullTGDs	499
nonFullTGDs	574		fullTGDs	9988			newNonFullTGDs	0		newFullTGDs	488
nonFullTGDs	574		fullTGDs	9999			newNonFullTGDs	0		newFullTGDs	477
nonFullTGDs	574		fullTGDs	10010			newNonFullTGDs	0		newFullTGDs	466
nonFullTGDs	574		fullTGDs	10021			newNonFullTGDs	0		newFullTGDs	455
nonFullTGDs	574		fullTGDs	10032			newNonFullTGDs	0		newFullTGDs	444
nonFullTGDs	574		fullTGDs	10043			newNonFullTGDs	0		newFullTGDs	433
nonFullTGDs	574		fullTGDs	10054			newNonFullTGDs	0		newFullTGDs	422
nonFullTGDs	574		fullTGDs	10065			newNonFullTGDs	0		newFullTGDs	411
nonFullTGDs	574		fullTGDs	10076			newNonFullTGDs	0		newFullTGDs	400
nonFullTGDs	574		fullTGDs	10087			newNonFullTGDs	0		newFullTGDs	389
nonFullTGDs	574		fullTGDs	10099			newNonFullTGDs	0		newFullTGDs	377
nonFullTGDs	574		fullTGDs	10110			newNonFullTGDs	0		newFullTGDs	366
nonFullTGDs	574		fullTGDs	10121			newNonFullTGDs	0		newFullTGDs	355
nonFullTGDs	574		fullTGDs	10132			newNonFullTGDs	0		newFullTGDs	344
nonFullTGDs	574		fullTGDs	10143			newNonFullTGDs	0		newFullTGDs	333
nonFullTGDs	574		fullTGDs	10154			newNonFullTGDs	0		newFullTGDs	322
nonFullTGDs	574		fullTGDs	10165			newNonFullTGDs	0		newFullTGDs	311
nonFullTGDs	574		fullTGDs	10176			newNonFullTGDs	0		newFullTGDs	300
nonFullTGDs	574		fullTGDs	10187			newNonFullTGDs	0		newFullTGDs	289
nonFullTGDs	574		fullTGDs	10198			newNonFullTGDs	0		newFullTGDs	278
nonFullTGDs	574		fullTGDs	10209			newNonFullTGDs	0		newFullTGDs	267
nonFullTGDs	574		fullTGDs	10220			newNonFullTGDs	0		newFullTGDs	256
nonFullTGDs	574		fullTGDs	10231			newNonFullTGDs	0		newFullTGDs	245
nonFullTGDs	574		fullTGDs	10242			newNonFullTGDs	0		newFullTGDs	234
nonFullTGDs	574		fullTGDs	10254			newNonFullTGDs	0		newFullTGDs	222
nonFullTGDs	574		fullTGDs	10265			newNonFullTGDs	0		newFullTGDs	211
nonFullTGDs	574		fullTGDs	10276			newNonFullTGDs	0		newFullTGDs	200
nonFullTGDs	574		fullTGDs	10287			newNonFullTGDs	0		newFullTGDs	189
nonFullTGDs	574		fullTGDs	10298			newNonFullTGDs	0		newFullTGDs	178
nonFullTGDs	574		fullTGDs	10309			newNonFullTGDs	0		newFullTGDs	167
nonFullTGDs	574		fullTGDs	10320			newNonFullTGDs	0		newFullTGDs	156
nonFullTGDs	574		fullTGDs	10331			newNonFullTGDs	0		newFullTGDs	145
nonFullTGDs	574		fullTGDs	10342			newNonFullTGDs	0		newFullTGDs	134
nonFullTGDs	574		fullTGDs	10354			newNonFullTGDs	0		newFullTGDs	122
nonFullTGDs	574		fullTGDs	10365			newNonFullTGDs	0		newFullTGDs	111
nonFullTGDs	574		fullTGDs	10376			newNonFullTGDs	0		newFullTGDs	100
nonFullTGDs	574		fullTGDs	10387			newNonFullTGDs	0		newFullTGDs	89
nonFullTGDs	574		fullTGDs	10398			newNonFullTGDs	0		newFullTGDs	78
nonFullTGDs	574		fullTGDs	10409			newNonFullTGDs	0		newFullTGDs	67
nonFullTGDs	574		fullTGDs	10420			newNonFullTGDs	0		newFullTGDs	56
nonFullTGDs	574		fullTGDs	10431			newNonFullTGDs	0		newFullTGDs	45
nonFullTGDs	574		fullTGDs	10442			newNonFullTGDs	0		newFullTGDs	34
nonFullTGDs	574		fullTGDs	10453			newNonFullTGDs	0		newFullTGDs	23
nonFullTGDs	574		fullTGDs	10464			newNonFullTGDs	0		newFullTGDs	12
nonFullTGDs	574		fullTGDs	10475			newNonFullTGDs	0		newFullTGDs	1
Nov 16, 2021 12:06:48 AM uk.ac.ox.cs.gsat.SaturationStatistics log
INFO: # initial TGDs: 531 , 574
Nov 16, 2021 12:06:48 AM uk.ac.ox.cs.gsat.SaturationStatistics log
INFO: SkSat total time : 49081 ms = 49.08 s
Nov 16, 2021 12:06:48 AM uk.ac.ox.cs.gsat.SaturationStatistics log
INFO: Subsumed elements : 35186
Nov 16, 2021 12:06:48 AM uk.ac.ox.cs.gsat.SaturationStatistics log
INFO: Filter discarded elements : 403244596
Nov 16, 2021 12:06:48 AM uk.ac.ox.cs.gsat.SaturationStatistics log
INFO: subsumption time: 42052 ms = 42.05 s
Nov 16, 2021 12:06:48 AM uk.ac.ox.cs.gsat.SaturationStatistics log
INFO: forward subsumption time: 25928 ms = 25.93 s
Nov 16, 2021 12:06:48 AM uk.ac.ox.cs.gsat.SaturationStatistics log
INFO: backward subsumption time: 16124 ms = 16.12 s
Nov 16, 2021 12:06:48 AM uk.ac.ox.cs.gsat.SaturationStatistics log
INFO: Derived full/non full TGDs: 45583 , 0
Nov 16, 2021 12:06:48 AM uk.ac.ox.cs.gsat.SaturationStatistics log
INFO: discarded tautology count: 452
Nov 16, 2021 12:06:48 AM uk.ac.ox.cs.gsat.EvolveStatistics log
INFO: Stop because subsumed: 35186
Nov 16, 2021 12:06:48 AM uk.ac.ox.cs.gsat.EvolveStatistics log
INFO: evolved equals to current: 0
Nov 16, 2021 12:06:48 AM uk.ac.ox.cs.gsat.EvolveStatistics log
INFO: evolved time: 3768 ms = 3.77 s
Nov 16, 2021 12:06:48 AM uk.ac.ox.cs.gsat.EvolveStatistics log
INFO: evolve count: 466641
Nov 16, 2021 12:06:48 AM uk.ac.ox.cs.gsat.SkolemStatistics log
INFO: maximum number of Skolem atoms in body: 9
Nov 16, 2021 12:06:48 AM uk.ac.ox.cs.gsat.SkolemStatistics log
INFO: left derived TGD with Skolem in the body: 0
Nov 16, 2021 12:06:48 AM uk.ac.ox.cs.gsat.SkolemStatistics log
INFO: right derived TGD with Skolem in the body: 45447
Nov 16, 2021 12:06:48 AM uk.ac.ox.cs.gsat.SkolemStatistics log
INFO: derived TGD with more than two Skolem atoms in the body: 35498
Nov 16, 2021 12:06:48 AM uk.ac.ox.cs.gsat.AbstractSaturation run
INFO: ouptput full TGDs not contained in the input: 136
Nov 16, 2021 12:06:48 AM uk.ac.ox.cs.gsat.App executeAllSteps
INFO: Rewriting completed!
Full TGD saturation: (667 dependecies)
Nov 16, 2021 12:06:48 AM uk.ac.ox.cs.gsat.App executeAllSteps
INFO: Writing the saturation in the Datalog file 00388.rul
