Starting Saturation...
Executing from DLGP files
SLF4J: Failed to load class "org.slf4j.impl.StaticLoggerBinder".
SLF4J: Defaulting to no-operation (NOP) logger implementation
SLF4J: See http://www.slf4j.org/codes.html#StaticLoggerBinder for further details.
# Rules: 53; # Atoms: 0; # AtomSets: 0; # Queries: 0; # Constraints: 0
Full TGD saturation algorithm: Skolem Sat
Running SkSat...
Nov 16, 2021 2:12:53 AM uk.ac.ox.cs.gsat.AbstractSaturation run
INFO: SkSat discarded rules : 0/53 = 0.000%
SkSat discarded rules : 0/53 = 0.000%
Nov 16, 2021 2:12:53 AM uk.ac.ox.cs.gsat.AbstractSaturation run
INFO: Subsumption method : tree_predicate
length of the formulas: 3.804054
number of bags: 1
length of the formulas: 3.804054
number of bags: 1
nonFullTGDs	0		fullTGDs	134			newNonFullTGDs	14		newFullTGDs	0
nonFullTGDs	38		fullTGDs	156			newNonFullTGDs	0		newFullTGDs	10
Nov 16, 2021 2:12:54 AM uk.ac.ox.cs.gsat.SaturationStatistics log
INFO: # initial TGDs: 134 , 14
Nov 16, 2021 2:12:54 AM uk.ac.ox.cs.gsat.SaturationStatistics log
INFO: SkSat total time : 141 ms = 0.14 s
Nov 16, 2021 2:12:54 AM uk.ac.ox.cs.gsat.SaturationStatistics log
INFO: Subsumed elements : 60
Nov 16, 2021 2:12:54 AM uk.ac.ox.cs.gsat.SaturationStatistics log
INFO: Filter discarded elements : 18908
Nov 16, 2021 2:12:54 AM uk.ac.ox.cs.gsat.SaturationStatistics log
INFO: subsumption time: 15 ms = 0.01 s
Nov 16, 2021 2:12:54 AM uk.ac.ox.cs.gsat.SaturationStatistics log
INFO: forward subsumption time: 8 ms = 0.01 s
Nov 16, 2021 2:12:54 AM uk.ac.ox.cs.gsat.SaturationStatistics log
INFO: backward subsumption time: 7 ms = 0.01 s
Nov 16, 2021 2:12:54 AM uk.ac.ox.cs.gsat.SaturationStatistics log
INFO: Derived full/non full TGDs: 93 , 40
Nov 16, 2021 2:12:54 AM uk.ac.ox.cs.gsat.SaturationStatistics log
INFO: discarded tautology count: 0
Nov 16, 2021 2:12:54 AM uk.ac.ox.cs.gsat.EvolveStatistics log
INFO: Stop because subsumed: 81
Nov 16, 2021 2:12:54 AM uk.ac.ox.cs.gsat.EvolveStatistics log
INFO: evolved equals to current: 0
Nov 16, 2021 2:12:54 AM uk.ac.ox.cs.gsat.EvolveStatistics log
INFO: evolved time: 18 ms = 0.02 s
Nov 16, 2021 2:12:54 AM uk.ac.ox.cs.gsat.EvolveStatistics log
INFO: evolve count: 138
Nov 16, 2021 2:12:54 AM uk.ac.ox.cs.gsat.SkolemStatistics log
INFO: maximum number of Skolem atoms in body: 4
Nov 16, 2021 2:12:54 AM uk.ac.ox.cs.gsat.SkolemStatistics log
INFO: left derived TGD with Skolem in the body: 0
Nov 16, 2021 2:12:54 AM uk.ac.ox.cs.gsat.SkolemStatistics log
INFO: right derived TGD with Skolem in the body: 93
Nov 16, 2021 2:12:54 AM uk.ac.ox.cs.gsat.SkolemStatistics log
INFO: derived TGD with more than two Skolem atoms in the body: 54
Nov 16, 2021 2:12:54 AM uk.ac.ox.cs.gsat.AbstractSaturation run
INFO: ouptput full TGDs not contained in the input: 0
Nov 16, 2021 2:12:54 AM uk.ac.ox.cs.gsat.App executeAllSteps
INFO: Rewriting completed!
Full TGD saturation: (134 dependecies)
Nov 16, 2021 2:12:54 AM uk.ac.ox.cs.gsat.App executeAllSteps
INFO: Writing the saturation in the Datalog file 00405.rul
