Starting Saturation...
Executing from DLGP files
SLF4J: Failed to load class "org.slf4j.impl.StaticLoggerBinder".
SLF4J: Defaulting to no-operation (NOP) logger implementation
SLF4J: See http://www.slf4j.org/codes.html#StaticLoggerBinder for further details.
# Rules: 1989; # Atoms: 0; # AtomSets: 0; # Queries: 0; # Constraints: 0
Full TGD saturation algorithm: Skolem Sat
Running SkSat...
Nov 16, 2021 3:27:28 AM uk.ac.ox.cs.gsat.AbstractSaturation run
INFO: SkSat discarded rules : 0/1989 = 0.000%
SkSat discarded rules : 0/1989 = 0.000%
Nov 16, 2021 3:27:28 AM uk.ac.ox.cs.gsat.AbstractSaturation run
INFO: Subsumption method : tree_predicate
length of the formulas: 5.3902855
number of bags: 3
length of the formulas: 5.3902855
number of bags: 3
nonFullTGDs	0		fullTGDs	3822			newNonFullTGDs	4372		newFullTGDs	0
nonFullTGDs	100		fullTGDs	3822			newNonFullTGDs	4272		newFullTGDs	10296
nonFullTGDs	200		fullTGDs	3822			newNonFullTGDs	4174		newFullTGDs	20350
nonFullTGDs	300		fullTGDs	3822			newNonFullTGDs	4077		newFullTGDs	24950
nonFullTGDs	400		fullTGDs	3822			newNonFullTGDs	3977		newFullTGDs	33537
nonFullTGDs	500		fullTGDs	3822			newNonFullTGDs	3883		newFullTGDs	47376
nonFullTGDs	600		fullTGDs	3822			newNonFullTGDs	3783		newFullTGDs	61768
nonFullTGDs	700		fullTGDs	3822			newNonFullTGDs	3686		newFullTGDs	65067
nonFullTGDs	800		fullTGDs	3822			newNonFullTGDs	3587		newFullTGDs	70264
nonFullTGDs	900		fullTGDs	3822			newNonFullTGDs	3490		newFullTGDs	78942
nonFullTGDs	1000		fullTGDs	3822			newNonFullTGDs	3399		newFullTGDs	89486
Nov 16, 2021 3:37:34 AM uk.ac.ox.cs.gsat.SaturationStatistics log
INFO: # initial TGDs: 3822 , 4372
Nov 16, 2021 3:37:34 AM uk.ac.ox.cs.gsat.SaturationStatistics log
INFO: SkSat total time : 605822 ms = 605.82 s
Nov 16, 2021 3:37:34 AM uk.ac.ox.cs.gsat.SaturationStatistics log
INFO: Subsumed elements : 54
Nov 16, 2021 3:37:34 AM uk.ac.ox.cs.gsat.SaturationStatistics log
INFO: Filter discarded elements : 2644960609
Nov 16, 2021 3:37:34 AM uk.ac.ox.cs.gsat.SaturationStatistics log
INFO: subsumption time: 597557 ms = 597.56 s
Nov 16, 2021 3:37:34 AM uk.ac.ox.cs.gsat.SaturationStatistics log
INFO: forward subsumption time: 384414 ms = 384.41 s
Nov 16, 2021 3:37:34 AM uk.ac.ox.cs.gsat.SaturationStatistics log
INFO: backward subsumption time: 213143 ms = 213.14 s
Nov 16, 2021 3:37:34 AM uk.ac.ox.cs.gsat.SaturationStatistics log
INFO: Derived full/non full TGDs: 94706 , 27
Nov 16, 2021 3:37:34 AM uk.ac.ox.cs.gsat.SaturationStatistics log
INFO: discarded tautology count: 411
Nov 16, 2021 3:37:34 AM uk.ac.ox.cs.gsat.SaturationStatistics log
INFO: !!! TIME OUT !!!
Nov 16, 2021 3:37:34 AM uk.ac.ox.cs.gsat.EvolveStatistics log
INFO: Stop because subsumed: 0
Nov 16, 2021 3:37:34 AM uk.ac.ox.cs.gsat.EvolveStatistics log
INFO: evolved equals to current: 0
Nov 16, 2021 3:37:34 AM uk.ac.ox.cs.gsat.EvolveStatistics log
INFO: evolved time: 4104 ms = 4.10 s
Nov 16, 2021 3:37:34 AM uk.ac.ox.cs.gsat.EvolveStatistics log
INFO: evolve count: 94733
Nov 16, 2021 3:37:34 AM uk.ac.ox.cs.gsat.SkolemStatistics log
INFO: maximum number of Skolem atoms in body: 8
Nov 16, 2021 3:37:34 AM uk.ac.ox.cs.gsat.SkolemStatistics log
INFO: left derived TGD with Skolem in the body: 0
Nov 16, 2021 3:37:34 AM uk.ac.ox.cs.gsat.SkolemStatistics log
INFO: right derived TGD with Skolem in the body: 94706
Nov 16, 2021 3:37:34 AM uk.ac.ox.cs.gsat.SkolemStatistics log
INFO: derived TGD with more than two Skolem atoms in the body: 94638
Nov 16, 2021 3:37:34 AM uk.ac.ox.cs.gsat.AbstractSaturation run
INFO: ouptput full TGDs not contained in the input: 0
Nov 16, 2021 3:37:34 AM uk.ac.ox.cs.gsat.App executeAllSteps
INFO: Rewriting completed!
Full TGD saturation: (3822 dependecies)
Nov 16, 2021 3:37:34 AM uk.ac.ox.cs.gsat.App executeAllSteps
INFO: Writing the saturation in the Datalog file 00421.rul
