Starting Saturation...
Executing from DLGP files
SLF4J: Failed to load class "org.slf4j.impl.StaticLoggerBinder".
SLF4J: Defaulting to no-operation (NOP) logger implementation
SLF4J: See http://www.slf4j.org/codes.html#StaticLoggerBinder for further details.
# Rules: 620; # Atoms: 0; # AtomSets: 0; # Queries: 0; # Constraints: 0
Full TGD saturation algorithm: Skolem Sat
Running SkSat...
Nov 16, 2021 9:05:31 AM uk.ac.ox.cs.gsat.AbstractSaturation run
INFO: SkSat discarded rules : 0/620 = 0.000%
SkSat discarded rules : 0/620 = 0.000%
Nov 16, 2021 9:05:31 AM uk.ac.ox.cs.gsat.AbstractSaturation run
INFO: Subsumption method : tree_predicate
length of the formulas: 4.5116496
number of bags: 3
length of the formulas: 4.5116496
number of bags: 3
nonFullTGDs	0		fullTGDs	1120			newNonFullTGDs	4202		newFullTGDs	0
nonFullTGDs	100		fullTGDs	1120			newNonFullTGDs	4107		newFullTGDs	157
nonFullTGDs	200		fullTGDs	1120			newNonFullTGDs	4007		newFullTGDs	211
nonFullTGDs	300		fullTGDs	1120			newNonFullTGDs	3907		newFullTGDs	306
nonFullTGDs	400		fullTGDs	1120			newNonFullTGDs	3815		newFullTGDs	418
nonFullTGDs	500		fullTGDs	1120			newNonFullTGDs	3715		newFullTGDs	507
nonFullTGDs	600		fullTGDs	1120			newNonFullTGDs	3615		newFullTGDs	613
nonFullTGDs	700		fullTGDs	1120			newNonFullTGDs	3520		newFullTGDs	794
nonFullTGDs	800		fullTGDs	1120			newNonFullTGDs	3420		newFullTGDs	905
nonFullTGDs	900		fullTGDs	1120			newNonFullTGDs	3325		newFullTGDs	1052
nonFullTGDs	1000		fullTGDs	1120			newNonFullTGDs	3230		newFullTGDs	1119
nonFullTGDs	1100		fullTGDs	1120			newNonFullTGDs	3133		newFullTGDs	1221
nonFullTGDs	1200		fullTGDs	1120			newNonFullTGDs	3038		newFullTGDs	1328
nonFullTGDs	1300		fullTGDs	1120			newNonFullTGDs	2943		newFullTGDs	1423
nonFullTGDs	1400		fullTGDs	1120			newNonFullTGDs	2846		newFullTGDs	1492
nonFullTGDs	1500		fullTGDs	1120			newNonFullTGDs	2746		newFullTGDs	1661
nonFullTGDs	1600		fullTGDs	1120			newNonFullTGDs	2651		newFullTGDs	1724
nonFullTGDs	1700		fullTGDs	1120			newNonFullTGDs	2556		newFullTGDs	1789
nonFullTGDs	1800		fullTGDs	1120			newNonFullTGDs	2459		newFullTGDs	1885
nonFullTGDs	1900		fullTGDs	1120			newNonFullTGDs	2364		newFullTGDs	1986
nonFullTGDs	2000		fullTGDs	1120			newNonFullTGDs	2271		newFullTGDs	2154
nonFullTGDs	2100		fullTGDs	1120			newNonFullTGDs	2176		newFullTGDs	2249
nonFullTGDs	2200		fullTGDs	1120			newNonFullTGDs	2076		newFullTGDs	2325
nonFullTGDs	2300		fullTGDs	1120			newNonFullTGDs	1981		newFullTGDs	2509
nonFullTGDs	2400		fullTGDs	1120			newNonFullTGDs	1884		newFullTGDs	2544
nonFullTGDs	2500		fullTGDs	1120			newNonFullTGDs	1784		newFullTGDs	2757
nonFullTGDs	2600		fullTGDs	1120			newNonFullTGDs	1699		newFullTGDs	2840
nonFullTGDs	2700		fullTGDs	1120			newNonFullTGDs	1604		newFullTGDs	3004
nonFullTGDs	2800		fullTGDs	1120			newNonFullTGDs	1510		newFullTGDs	3139
nonFullTGDs	2900		fullTGDs	1120			newNonFullTGDs	1413		newFullTGDs	3204
nonFullTGDs	3000		fullTGDs	1120			newNonFullTGDs	1313		newFullTGDs	3276
nonFullTGDs	3100		fullTGDs	1120			newNonFullTGDs	1223		newFullTGDs	3384
nonFullTGDs	3200		fullTGDs	1120			newNonFullTGDs	1135		newFullTGDs	3461
nonFullTGDs	3300		fullTGDs	1120			newNonFullTGDs	1040		newFullTGDs	3542
nonFullTGDs	3400		fullTGDs	1120			newNonFullTGDs	945		newFullTGDs	3582
nonFullTGDs	3500		fullTGDs	1120			newNonFullTGDs	856		newFullTGDs	3715
nonFullTGDs	3600		fullTGDs	1120			newNonFullTGDs	766		newFullTGDs	3832
nonFullTGDs	3700		fullTGDs	1120			newNonFullTGDs	666		newFullTGDs	3903
nonFullTGDs	3800		fullTGDs	1120			newNonFullTGDs	569		newFullTGDs	4009
nonFullTGDs	3900		fullTGDs	1120			newNonFullTGDs	469		newFullTGDs	4167
nonFullTGDs	4000		fullTGDs	1120			newNonFullTGDs	369		newFullTGDs	4253
nonFullTGDs	4100		fullTGDs	1120			newNonFullTGDs	269		newFullTGDs	4348
nonFullTGDs	4200		fullTGDs	1120			newNonFullTGDs	174		newFullTGDs	4510
nonFullTGDs	4300		fullTGDs	1120			newNonFullTGDs	74		newFullTGDs	4603
nonFullTGDs	4387		fullTGDs	1133			newNonFullTGDs	0		newFullTGDs	4627
nonFullTGDs	4430		fullTGDs	1181			newNonFullTGDs	0		newFullTGDs	4603
nonFullTGDs	4453		fullTGDs	1220			newNonFullTGDs	3		newFullTGDs	4593
nonFullTGDs	4484		fullTGDs	1252			newNonFullTGDs	0		newFullTGDs	4574
nonFullTGDs	4524		fullTGDs	1293			newNonFullTGDs	0		newFullTGDs	4551
nonFullTGDs	4553		fullTGDs	1325			newNonFullTGDs	0		newFullTGDs	4530
nonFullTGDs	4580		fullTGDs	1353			newNonFullTGDs	0		newFullTGDs	4510
nonFullTGDs	4607		fullTGDs	1388			newNonFullTGDs	1		newFullTGDs	4496
nonFullTGDs	4622		fullTGDs	1416			newNonFullTGDs	0		newFullTGDs	4480
nonFullTGDs	4641		fullTGDs	1442			newNonFullTGDs	0		newFullTGDs	4465
nonFullTGDs	4667		fullTGDs	1471			newNonFullTGDs	0		newFullTGDs	4451
nonFullTGDs	4690		fullTGDs	1496			newNonFullTGDs	0		newFullTGDs	4435
nonFullTGDs	4706		fullTGDs	1524			newNonFullTGDs	0		newFullTGDs	4417
nonFullTGDs	4725		fullTGDs	1548			newNonFullTGDs	0		newFullTGDs	4405
nonFullTGDs	4751		fullTGDs	1588			newNonFullTGDs	0		newFullTGDs	4386
nonFullTGDs	4767		fullTGDs	1617			newNonFullTGDs	0		newFullTGDs	4367
nonFullTGDs	4783		fullTGDs	1648			newNonFullTGDs	0		newFullTGDs	4346
nonFullTGDs	4800		fullTGDs	1674			newNonFullTGDs	1		newFullTGDs	4326
nonFullTGDs	4814		fullTGDs	1702			newNonFullTGDs	0		newFullTGDs	4318
nonFullTGDs	4836		fullTGDs	1731			newNonFullTGDs	0		newFullTGDs	4300
nonFullTGDs	4855		fullTGDs	1764			newNonFullTGDs	1		newFullTGDs	4286
nonFullTGDs	4882		fullTGDs	1791			newNonFullTGDs	0		newFullTGDs	4270
nonFullTGDs	4902		fullTGDs	1823			newNonFullTGDs	1		newFullTGDs	4246
nonFullTGDs	4929		fullTGDs	1853			newNonFullTGDs	0		newFullTGDs	4229
nonFullTGDs	4950		fullTGDs	1879			newNonFullTGDs	1		newFullTGDs	4209
nonFullTGDs	4968		fullTGDs	1912			newNonFullTGDs	0		newFullTGDs	4188
nonFullTGDs	4986		fullTGDs	1936			newNonFullTGDs	0		newFullTGDs	4171
nonFullTGDs	5011		fullTGDs	1966			newNonFullTGDs	0		newFullTGDs	4156
nonFullTGDs	5030		fullTGDs	1991			newNonFullTGDs	0		newFullTGDs	4148
nonFullTGDs	5054		fullTGDs	2021			newNonFullTGDs	0		newFullTGDs	4137
nonFullTGDs	5073		fullTGDs	2056			newNonFullTGDs	0		newFullTGDs	4124
nonFullTGDs	5101		fullTGDs	2089			newNonFullTGDs	1		newFullTGDs	4102
nonFullTGDs	5121		fullTGDs	2116			newNonFullTGDs	1		newFullTGDs	4082
nonFullTGDs	5143		fullTGDs	2145			newNonFullTGDs	0		newFullTGDs	4063
nonFullTGDs	5157		fullTGDs	2171			newNonFullTGDs	0		newFullTGDs	4047
nonFullTGDs	5178		fullTGDs	2201			newNonFullTGDs	1		newFullTGDs	4022
nonFullTGDs	5200		fullTGDs	2225			newNonFullTGDs	0		newFullTGDs	4004
nonFullTGDs	5217		fullTGDs	2254			newNonFullTGDs	0		newFullTGDs	3996
nonFullTGDs	5241		fullTGDs	2283			newNonFullTGDs	0		newFullTGDs	3978
nonFullTGDs	5266		fullTGDs	2310			newNonFullTGDs	0		newFullTGDs	3960
nonFullTGDs	5290		fullTGDs	2338			newNonFullTGDs	1		newFullTGDs	3944
nonFullTGDs	5306		fullTGDs	2359			newNonFullTGDs	0		newFullTGDs	3927
nonFullTGDs	5323		fullTGDs	2388			newNonFullTGDs	1		newFullTGDs	3912
nonFullTGDs	5338		fullTGDs	2413			newNonFullTGDs	0		newFullTGDs	3904
nonFullTGDs	5354		fullTGDs	2441			newNonFullTGDs	0		newFullTGDs	3892
nonFullTGDs	5373		fullTGDs	2469			newNonFullTGDs	0		newFullTGDs	3877
nonFullTGDs	5394		fullTGDs	2497			newNonFullTGDs	0		newFullTGDs	3864
nonFullTGDs	5408		fullTGDs	2520			newNonFullTGDs	1		newFullTGDs	3845
nonFullTGDs	5431		fullTGDs	2547			newNonFullTGDs	0		newFullTGDs	3835
nonFullTGDs	5450		fullTGDs	2575			newNonFullTGDs	1		newFullTGDs	3815
nonFullTGDs	5470		fullTGDs	2602			newNonFullTGDs	0		newFullTGDs	3805
nonFullTGDs	5491		fullTGDs	2634			newNonFullTGDs	0		newFullTGDs	3799
nonFullTGDs	5514		fullTGDs	2661			newNonFullTGDs	0		newFullTGDs	3794
nonFullTGDs	5522		fullTGDs	2683			newNonFullTGDs	0		newFullTGDs	3787
nonFullTGDs	5533		fullTGDs	2708			newNonFullTGDs	1		newFullTGDs	3771
nonFullTGDs	5552		fullTGDs	2729			newNonFullTGDs	0		newFullTGDs	3762
nonFullTGDs	5560		fullTGDs	2745			newNonFullTGDs	0		newFullTGDs	3754
nonFullTGDs	5575		fullTGDs	2770			newNonFullTGDs	0		newFullTGDs	3735
nonFullTGDs	5589		fullTGDs	2791			newNonFullTGDs	0		newFullTGDs	3719
nonFullTGDs	5597		fullTGDs	2811			newNonFullTGDs	0		newFullTGDs	3709
nonFullTGDs	5605		fullTGDs	2832			newNonFullTGDs	0		newFullTGDs	3702
nonFullTGDs	5608		fullTGDs	2857			newNonFullTGDs	0		newFullTGDs	3693
nonFullTGDs	5615		fullTGDs	2887			newNonFullTGDs	0		newFullTGDs	3681
nonFullTGDs	5634		fullTGDs	2912			newNonFullTGDs	0		newFullTGDs	3662
nonFullTGDs	5652		fullTGDs	2939			newNonFullTGDs	0		newFullTGDs	3646
nonFullTGDs	5669		fullTGDs	2966			newNonFullTGDs	0		newFullTGDs	3629
nonFullTGDs	5683		fullTGDs	2990			newNonFullTGDs	0		newFullTGDs	3613
nonFullTGDs	5704		fullTGDs	3023			newNonFullTGDs	3		newFullTGDs	3595
nonFullTGDs	5719		fullTGDs	3042			newNonFullTGDs	0		newFullTGDs	3579
nonFullTGDs	5728		fullTGDs	3058			newNonFullTGDs	0		newFullTGDs	3576
nonFullTGDs	5737		fullTGDs	3072			newNonFullTGDs	0		newFullTGDs	3570
nonFullTGDs	5750		fullTGDs	3104			newNonFullTGDs	0		newFullTGDs	3551
nonFullTGDs	5764		fullTGDs	3121			newNonFullTGDs	0		newFullTGDs	3544
nonFullTGDs	5775		fullTGDs	3139			newNonFullTGDs	0		newFullTGDs	3536
nonFullTGDs	5787		fullTGDs	3156			newNonFullTGDs	0		newFullTGDs	3537
nonFullTGDs	5794		fullTGDs	3181			newNonFullTGDs	0		newFullTGDs	3523
nonFullTGDs	5800		fullTGDs	3208			newNonFullTGDs	0		newFullTGDs	3510
nonFullTGDs	5803		fullTGDs	3224			newNonFullTGDs	0		newFullTGDs	3569
nonFullTGDs	5813		fullTGDs	3252			newNonFullTGDs	0		newFullTGDs	3558
nonFullTGDs	5831		fullTGDs	3276			newNonFullTGDs	0		newFullTGDs	3539
nonFullTGDs	5832		fullTGDs	3294			newNonFullTGDs	0		newFullTGDs	3522
nonFullTGDs	5839		fullTGDs	3323			newNonFullTGDs	0		newFullTGDs	3511
nonFullTGDs	5854		fullTGDs	3358			newNonFullTGDs	0		newFullTGDs	3496
nonFullTGDs	5867		fullTGDs	3382			newNonFullTGDs	0		newFullTGDs	3481
nonFullTGDs	5885		fullTGDs	3407			newNonFullTGDs	0		newFullTGDs	3464
nonFullTGDs	5900		fullTGDs	3426			newNonFullTGDs	0		newFullTGDs	3457
nonFullTGDs	5907		fullTGDs	3453			newNonFullTGDs	0		newFullTGDs	3441
nonFullTGDs	5924		fullTGDs	3478			newNonFullTGDs	0		newFullTGDs	3442
nonFullTGDs	5940		fullTGDs	3504			newNonFullTGDs	0		newFullTGDs	3430
nonFullTGDs	5959		fullTGDs	3530			newNonFullTGDs	0		newFullTGDs	3413
nonFullTGDs	5975		fullTGDs	3558			newNonFullTGDs	0		newFullTGDs	3403
nonFullTGDs	5985		fullTGDs	3575			newNonFullTGDs	0		newFullTGDs	3398
nonFullTGDs	6000		fullTGDs	3601			newNonFullTGDs	0		newFullTGDs	3396
nonFullTGDs	6016		fullTGDs	3634			newNonFullTGDs	0		newFullTGDs	3385
nonFullTGDs	6035		fullTGDs	3667			newNonFullTGDs	1		newFullTGDs	3386
nonFullTGDs	6050		fullTGDs	3690			newNonFullTGDs	0		newFullTGDs	3394
nonFullTGDs	6062		fullTGDs	3726			newNonFullTGDs	0		newFullTGDs	3374
nonFullTGDs	6079		fullTGDs	3752			newNonFullTGDs	0		newFullTGDs	3369
nonFullTGDs	6088		fullTGDs	3776			newNonFullTGDs	0		newFullTGDs	3354
nonFullTGDs	6096		fullTGDs	3804			newNonFullTGDs	0		newFullTGDs	3344
nonFullTGDs	6107		fullTGDs	3832			newNonFullTGDs	0		newFullTGDs	3360
nonFullTGDs	6112		fullTGDs	3864			newNonFullTGDs	2		newFullTGDs	3349
nonFullTGDs	6124		fullTGDs	3908			newNonFullTGDs	0		newFullTGDs	3340
nonFullTGDs	6139		fullTGDs	3937			newNonFullTGDs	0		newFullTGDs	3332
nonFullTGDs	6152		fullTGDs	3963			newNonFullTGDs	0		newFullTGDs	3329
nonFullTGDs	6155		fullTGDs	3992			newNonFullTGDs	0		newFullTGDs	3333
nonFullTGDs	6164		fullTGDs	4031			newNonFullTGDs	0		newFullTGDs	3325
nonFullTGDs	6178		fullTGDs	4065			newNonFullTGDs	0		newFullTGDs	3314
nonFullTGDs	6195		fullTGDs	4099			newNonFullTGDs	0		newFullTGDs	3308
nonFullTGDs	6205		fullTGDs	4156			newNonFullTGDs	0		newFullTGDs	3316
nonFullTGDs	6220		fullTGDs	4189			newNonFullTGDs	0		newFullTGDs	3336
nonFullTGDs	6228		fullTGDs	4244			newNonFullTGDs	0		newFullTGDs	3305
nonFullTGDs	6240		fullTGDs	4280			newNonFullTGDs	0		newFullTGDs	3304
nonFullTGDs	6247		fullTGDs	4300			newNonFullTGDs	0		newFullTGDs	3293
nonFullTGDs	6263		fullTGDs	4343			newNonFullTGDs	0		newFullTGDs	3310
nonFullTGDs	6271		fullTGDs	4392			newNonFullTGDs	1		newFullTGDs	3293
nonFullTGDs	6282		fullTGDs	4444			newNonFullTGDs	0		newFullTGDs	3299
nonFullTGDs	6290		fullTGDs	4472			newNonFullTGDs	0		newFullTGDs	3288
nonFullTGDs	6296		fullTGDs	4488			newNonFullTGDs	0		newFullTGDs	3282
nonFullTGDs	6296		fullTGDs	4503			newNonFullTGDs	0		newFullTGDs	3267
nonFullTGDs	6297		fullTGDs	4522			newNonFullTGDs	0		newFullTGDs	3276
nonFullTGDs	6303		fullTGDs	4549			newNonFullTGDs	0		newFullTGDs	3254
nonFullTGDs	6305		fullTGDs	4564			newNonFullTGDs	0		newFullTGDs	3240
nonFullTGDs	6311		fullTGDs	4581			newNonFullTGDs	0		newFullTGDs	3308
nonFullTGDs	6323		fullTGDs	4599			newNonFullTGDs	1		newFullTGDs	3293
nonFullTGDs	6329		fullTGDs	4616			newNonFullTGDs	0		newFullTGDs	3286
nonFullTGDs	6335		fullTGDs	4635			newNonFullTGDs	0		newFullTGDs	3356
nonFullTGDs	6337		fullTGDs	4656			newNonFullTGDs	0		newFullTGDs	3343
nonFullTGDs	6341		fullTGDs	4674			newNonFullTGDs	1		newFullTGDs	3487
nonFullTGDs	6345		fullTGDs	4682			newNonFullTGDs	0		newFullTGDs	3562
nonFullTGDs	6349		fullTGDs	4702			newNonFullTGDs	0		newFullTGDs	3542
nonFullTGDs	6358		fullTGDs	4723			newNonFullTGDs	0		newFullTGDs	3529
nonFullTGDs	6358		fullTGDs	4739			newNonFullTGDs	0		newFullTGDs	3513
nonFullTGDs	6364		fullTGDs	4765			newNonFullTGDs	0		newFullTGDs	3572
nonFullTGDs	6366		fullTGDs	4786			newNonFullTGDs	0		newFullTGDs	3626
nonFullTGDs	6370		fullTGDs	4798			newNonFullTGDs	0		newFullTGDs	3625
nonFullTGDs	6376		fullTGDs	4831			newNonFullTGDs	0		newFullTGDs	3614
nonFullTGDs	6381		fullTGDs	4858			newNonFullTGDs	0		newFullTGDs	3767
nonFullTGDs	6383		fullTGDs	4873			newNonFullTGDs	0		newFullTGDs	3752
nonFullTGDs	6393		fullTGDs	4895			newNonFullTGDs	1		newFullTGDs	3739
nonFullTGDs	6398		fullTGDs	4913			newNonFullTGDs	0		newFullTGDs	3738
nonFullTGDs	6403		fullTGDs	4928			newNonFullTGDs	0		newFullTGDs	3731
nonFullTGDs	6405		fullTGDs	4949			newNonFullTGDs	0		newFullTGDs	3717
nonFullTGDs	6414		fullTGDs	4969			newNonFullTGDs	0		newFullTGDs	3702
nonFullTGDs	6424		fullTGDs	4989			newNonFullTGDs	0		newFullTGDs	3688
nonFullTGDs	6430		fullTGDs	5005			newNonFullTGDs	0		newFullTGDs	3680
nonFullTGDs	6433		fullTGDs	5015			newNonFullTGDs	0		newFullTGDs	3682
nonFullTGDs	6439		fullTGDs	5041			newNonFullTGDs	0		newFullTGDs	3671
nonFullTGDs	6444		fullTGDs	5055			newNonFullTGDs	0		newFullTGDs	3743
nonFullTGDs	6448		fullTGDs	5080			newNonFullTGDs	0		newFullTGDs	3729
nonFullTGDs	6456		fullTGDs	5099			newNonFullTGDs	0		newFullTGDs	3722
nonFullTGDs	6462		fullTGDs	5132			newNonFullTGDs	0		newFullTGDs	3712
nonFullTGDs	6470		fullTGDs	5147			newNonFullTGDs	0		newFullTGDs	3720
nonFullTGDs	6474		fullTGDs	5174			newNonFullTGDs	0		newFullTGDs	3710
nonFullTGDs	6480		fullTGDs	5206			newNonFullTGDs	0		newFullTGDs	3695
nonFullTGDs	6485		fullTGDs	5238			newNonFullTGDs	0		newFullTGDs	3689
nonFullTGDs	6490		fullTGDs	5273			newNonFullTGDs	0		newFullTGDs	3681
nonFullTGDs	6496		fullTGDs	5300			newNonFullTGDs	0		newFullTGDs	3675
nonFullTGDs	6502		fullTGDs	5320			newNonFullTGDs	0		newFullTGDs	3662
nonFullTGDs	6509		fullTGDs	5343			newNonFullTGDs	0		newFullTGDs	3650
nonFullTGDs	6509		fullTGDs	5357			newNonFullTGDs	0		newFullTGDs	3636
nonFullTGDs	6509		fullTGDs	5371			newNonFullTGDs	0		newFullTGDs	3622
nonFullTGDs	6509		fullTGDs	5386			newNonFullTGDs	0		newFullTGDs	3607
nonFullTGDs	6509		fullTGDs	5400			newNonFullTGDs	0		newFullTGDs	3593
nonFullTGDs	6515		fullTGDs	5415			newNonFullTGDs	0		newFullTGDs	3585
nonFullTGDs	6523		fullTGDs	5438			newNonFullTGDs	0		newFullTGDs	3572
nonFullTGDs	6525		fullTGDs	5451			newNonFullTGDs	0		newFullTGDs	3559
nonFullTGDs	6526		fullTGDs	5465			newNonFullTGDs	0		newFullTGDs	3545
nonFullTGDs	6531		fullTGDs	5497			newNonFullTGDs	0		newFullTGDs	3536
nonFullTGDs	6532		fullTGDs	5511			newNonFullTGDs	0		newFullTGDs	3522
nonFullTGDs	6536		fullTGDs	5541			newNonFullTGDs	0		newFullTGDs	3517
nonFullTGDs	6538		fullTGDs	5561			newNonFullTGDs	0		newFullTGDs	3568
nonFullTGDs	6542		fullTGDs	5573			newNonFullTGDs	0		newFullTGDs	3627
nonFullTGDs	6542		fullTGDs	5588			newNonFullTGDs	0		newFullTGDs	3612
nonFullTGDs	6542		fullTGDs	5602			newNonFullTGDs	0		newFullTGDs	3598
nonFullTGDs	6542		fullTGDs	5616			newNonFullTGDs	0		newFullTGDs	3584
nonFullTGDs	6542		fullTGDs	5631			newNonFullTGDs	0		newFullTGDs	3569
nonFullTGDs	6542		fullTGDs	5646			newNonFullTGDs	0		newFullTGDs	3554
nonFullTGDs	6542		fullTGDs	5660			newNonFullTGDs	0		newFullTGDs	3540
nonFullTGDs	6542		fullTGDs	5674			newNonFullTGDs	0		newFullTGDs	3526
nonFullTGDs	6542		fullTGDs	5689			newNonFullTGDs	0		newFullTGDs	3511
nonFullTGDs	6549		fullTGDs	5706			newNonFullTGDs	4		newFullTGDs	3513
nonFullTGDs	6567		fullTGDs	5742			newNonFullTGDs	4		newFullTGDs	3503
nonFullTGDs	6582		fullTGDs	5773			newNonFullTGDs	0		newFullTGDs	3498
nonFullTGDs	6598		fullTGDs	5815			newNonFullTGDs	0		newFullTGDs	3497
nonFullTGDs	6615		fullTGDs	5845			newNonFullTGDs	0		newFullTGDs	3492
nonFullTGDs	6629		fullTGDs	5869			newNonFullTGDs	0		newFullTGDs	3488
nonFullTGDs	6643		fullTGDs	5912			newNonFullTGDs	0		newFullTGDs	3484
nonFullTGDs	6661		fullTGDs	5945			newNonFullTGDs	0		newFullTGDs	3482
nonFullTGDs	6677		fullTGDs	5980			newNonFullTGDs	7		newFullTGDs	3475
nonFullTGDs	6693		fullTGDs	6021			newNonFullTGDs	0		newFullTGDs	3475
nonFullTGDs	6707		fullTGDs	6045			newNonFullTGDs	3		newFullTGDs	3489
nonFullTGDs	6719		fullTGDs	6091			newNonFullTGDs	0		newFullTGDs	3470
nonFullTGDs	6728		fullTGDs	6120			newNonFullTGDs	0		newFullTGDs	3465
nonFullTGDs	6738		fullTGDs	6140			newNonFullTGDs	1		newFullTGDs	3456
nonFullTGDs	6755		fullTGDs	6191			newNonFullTGDs	0		newFullTGDs	3464
nonFullTGDs	6766		fullTGDs	6219			newNonFullTGDs	0		newFullTGDs	3454
nonFullTGDs	6788		fullTGDs	6249			newNonFullTGDs	0		newFullTGDs	3495
nonFullTGDs	6798		fullTGDs	6299			newNonFullTGDs	0		newFullTGDs	3461
nonFullTGDs	6806		fullTGDs	6356			newNonFullTGDs	0		newFullTGDs	3455
nonFullTGDs	6817		fullTGDs	6390			newNonFullTGDs	0		newFullTGDs	3447
nonFullTGDs	6827		fullTGDs	6418			newNonFullTGDs	0		newFullTGDs	3439
nonFullTGDs	6843		fullTGDs	6440			newNonFullTGDs	0		newFullTGDs	3435
nonFullTGDs	6860		fullTGDs	6471			newNonFullTGDs	0		newFullTGDs	3437
nonFullTGDs	6861		fullTGDs	6492			newNonFullTGDs	0		newFullTGDs	3416
nonFullTGDs	6861		fullTGDs	6507			newNonFullTGDs	0		newFullTGDs	3401
nonFullTGDs	6861		fullTGDs	6521			newNonFullTGDs	0		newFullTGDs	3387
nonFullTGDs	6862		fullTGDs	6534			newNonFullTGDs	0		newFullTGDs	3374
nonFullTGDs	6864		fullTGDs	6565			newNonFullTGDs	0		newFullTGDs	3365
nonFullTGDs	6864		fullTGDs	6580			newNonFullTGDs	0		newFullTGDs	3350
nonFullTGDs	6864		fullTGDs	6597			newNonFullTGDs	0		newFullTGDs	3333
nonFullTGDs	6864		fullTGDs	6611			newNonFullTGDs	0		newFullTGDs	3319
nonFullTGDs	6865		fullTGDs	6626			newNonFullTGDs	1		newFullTGDs	3302
nonFullTGDs	6868		fullTGDs	6656			newNonFullTGDs	0		newFullTGDs	3294
nonFullTGDs	6868		fullTGDs	6675			newNonFullTGDs	0		newFullTGDs	3280
nonFullTGDs	6871		fullTGDs	6691			newNonFullTGDs	0		newFullTGDs	3267
nonFullTGDs	6871		fullTGDs	6705			newNonFullTGDs	0		newFullTGDs	3253
nonFullTGDs	6871		fullTGDs	6720			newNonFullTGDs	0		newFullTGDs	3238
nonFullTGDs	6871		fullTGDs	6734			newNonFullTGDs	0		newFullTGDs	3224
nonFullTGDs	6871		fullTGDs	6748			newNonFullTGDs	0		newFullTGDs	3210
nonFullTGDs	6875		fullTGDs	6776			newNonFullTGDs	0		newFullTGDs	3204
nonFullTGDs	6879		fullTGDs	6807			newNonFullTGDs	0		newFullTGDs	3194
nonFullTGDs	6883		fullTGDs	6833			newNonFullTGDs	0		newFullTGDs	3192
nonFullTGDs	6886		fullTGDs	6867			newNonFullTGDs	0		newFullTGDs	3182
nonFullTGDs	6889		fullTGDs	6892			newNonFullTGDs	0		newFullTGDs	3169
nonFullTGDs	6896		fullTGDs	6906			newNonFullTGDs	0		newFullTGDs	3234
nonFullTGDs	6900		fullTGDs	6923			newNonFullTGDs	0		newFullTGDs	3290
nonFullTGDs	6905		fullTGDs	6953			newNonFullTGDs	0		newFullTGDs	3290
nonFullTGDs	6910		fullTGDs	6983			newNonFullTGDs	0		newFullTGDs	3282
nonFullTGDs	6910		fullTGDs	6998			newNonFullTGDs	0		newFullTGDs	3267
nonFullTGDs	6910		fullTGDs	7012			newNonFullTGDs	0		newFullTGDs	3253
nonFullTGDs	6910		fullTGDs	7026			newNonFullTGDs	0		newFullTGDs	3239
nonFullTGDs	6910		fullTGDs	7041			newNonFullTGDs	0		newFullTGDs	3224
nonFullTGDs	6910		fullTGDs	7055			newNonFullTGDs	0		newFullTGDs	3210
nonFullTGDs	6913		fullTGDs	7084			newNonFullTGDs	0		newFullTGDs	3203
nonFullTGDs	6917		fullTGDs	7114			newNonFullTGDs	0		newFullTGDs	3195
nonFullTGDs	6921		fullTGDs	7141			newNonFullTGDs	0		newFullTGDs	3190
nonFullTGDs	6926		fullTGDs	7170			newNonFullTGDs	0		newFullTGDs	3183
nonFullTGDs	6930		fullTGDs	7199			newNonFullTGDs	0		newFullTGDs	3176
nonFullTGDs	6934		fullTGDs	7208			newNonFullTGDs	0		newFullTGDs	3171
nonFullTGDs	6941		fullTGDs	7230			newNonFullTGDs	0		newFullTGDs	3160
nonFullTGDs	6952		fullTGDs	7263			newNonFullTGDs	0		newFullTGDs	3153
nonFullTGDs	6961		fullTGDs	7280			newNonFullTGDs	0		newFullTGDs	3142
nonFullTGDs	6965		fullTGDs	7295			newNonFullTGDs	0		newFullTGDs	3135
nonFullTGDs	6969		fullTGDs	7312			newNonFullTGDs	0		newFullTGDs	3120
nonFullTGDs	6969		fullTGDs	7326			newNonFullTGDs	0		newFullTGDs	3106
nonFullTGDs	6969		fullTGDs	7340			newNonFullTGDs	0		newFullTGDs	3092
nonFullTGDs	6969		fullTGDs	7355			newNonFullTGDs	0		newFullTGDs	3077
nonFullTGDs	6969		fullTGDs	7369			newNonFullTGDs	0		newFullTGDs	3063
nonFullTGDs	6969		fullTGDs	7383			newNonFullTGDs	0		newFullTGDs	3049
nonFullTGDs	6969		fullTGDs	7398			newNonFullTGDs	0		newFullTGDs	3034
nonFullTGDs	6970		fullTGDs	7413			newNonFullTGDs	0		newFullTGDs	3030
nonFullTGDs	6976		fullTGDs	7445			newNonFullTGDs	0		newFullTGDs	3011
nonFullTGDs	6978		fullTGDs	7467			newNonFullTGDs	0		newFullTGDs	3068
nonFullTGDs	6981		fullTGDs	7485			newNonFullTGDs	0		newFullTGDs	3061
nonFullTGDs	6986		fullTGDs	7505			newNonFullTGDs	0		newFullTGDs	3117
nonFullTGDs	6991		fullTGDs	7524			newNonFullTGDs	0		newFullTGDs	3177
nonFullTGDs	6993		fullTGDs	7547			newNonFullTGDs	0		newFullTGDs	3163
nonFullTGDs	6995		fullTGDs	7567			newNonFullTGDs	0		newFullTGDs	3221
nonFullTGDs	7001		fullTGDs	7579			newNonFullTGDs	0		newFullTGDs	3217
nonFullTGDs	7011		fullTGDs	7603			newNonFullTGDs	0		newFullTGDs	3208
nonFullTGDs	7021		fullTGDs	7623			newNonFullTGDs	0		newFullTGDs	3211
nonFullTGDs	7027		fullTGDs	7642			newNonFullTGDs	0		newFullTGDs	3205
nonFullTGDs	7032		fullTGDs	7657			newNonFullTGDs	0		newFullTGDs	3190
nonFullTGDs	7033		fullTGDs	7674			newNonFullTGDs	0		newFullTGDs	3174
nonFullTGDs	7033		fullTGDs	7688			newNonFullTGDs	0		newFullTGDs	3160
nonFullTGDs	7033		fullTGDs	7703			newNonFullTGDs	0		newFullTGDs	3145
nonFullTGDs	7034		fullTGDs	7716			newNonFullTGDs	0		newFullTGDs	3132
nonFullTGDs	7039		fullTGDs	7751			newNonFullTGDs	0		newFullTGDs	3130
nonFullTGDs	7042		fullTGDs	7776			newNonFullTGDs	0		newFullTGDs	3121
nonFullTGDs	7046		fullTGDs	7816			newNonFullTGDs	0		newFullTGDs	3114
nonFullTGDs	7058		fullTGDs	7851			newNonFullTGDs	0		newFullTGDs	3110
nonFullTGDs	7062		fullTGDs	7882			newNonFullTGDs	0		newFullTGDs	3103
nonFullTGDs	7066		fullTGDs	7914			newNonFullTGDs	0		newFullTGDs	3101
nonFullTGDs	7072		fullTGDs	7940			newNonFullTGDs	0		newFullTGDs	3098
nonFullTGDs	7078		fullTGDs	7968			newNonFullTGDs	0		newFullTGDs	3088
nonFullTGDs	7082		fullTGDs	7987			newNonFullTGDs	0		newFullTGDs	3160
nonFullTGDs	7086		fullTGDs	8010			newNonFullTGDs	0		newFullTGDs	3236
nonFullTGDs	7087		fullTGDs	8032			newNonFullTGDs	0		newFullTGDs	3225
nonFullTGDs	7091		fullTGDs	8050			newNonFullTGDs	0		newFullTGDs	3214
nonFullTGDs	7097		fullTGDs	8058			newNonFullTGDs	0		newFullTGDs	3214
nonFullTGDs	7099		fullTGDs	8081			newNonFullTGDs	0		newFullTGDs	3199
nonFullTGDs	7099		fullTGDs	8095			newNonFullTGDs	0		newFullTGDs	3185
nonFullTGDs	7099		fullTGDs	8110			newNonFullTGDs	0		newFullTGDs	3170
nonFullTGDs	7109		fullTGDs	8134			newNonFullTGDs	0		newFullTGDs	3171
nonFullTGDs	7112		fullTGDs	8162			newNonFullTGDs	0		newFullTGDs	3238
nonFullTGDs	7122		fullTGDs	8183			newNonFullTGDs	0		newFullTGDs	3232
nonFullTGDs	7128		fullTGDs	8205			newNonFullTGDs	0		newFullTGDs	3221
nonFullTGDs	7133		fullTGDs	8231			newNonFullTGDs	0		newFullTGDs	3219
nonFullTGDs	7137		fullTGDs	8256			newNonFullTGDs	0		newFullTGDs	3210
nonFullTGDs	7149		fullTGDs	8287			newNonFullTGDs	0		newFullTGDs	3204
nonFullTGDs	7158		fullTGDs	8300			newNonFullTGDs	0		newFullTGDs	3190
nonFullTGDs	7158		fullTGDs	8314			newNonFullTGDs	0		newFullTGDs	3176
nonFullTGDs	7163		fullTGDs	8343			newNonFullTGDs	0		newFullTGDs	3169
nonFullTGDs	7167		fullTGDs	8381			newNonFullTGDs	0		newFullTGDs	3164
nonFullTGDs	7174		fullTGDs	8401			newNonFullTGDs	0		newFullTGDs	3156
nonFullTGDs	7181		fullTGDs	8421			newNonFullTGDs	0		newFullTGDs	3141
nonFullTGDs	7181		fullTGDs	8436			newNonFullTGDs	0		newFullTGDs	3130
nonFullTGDs	7181		fullTGDs	8450			newNonFullTGDs	0		newFullTGDs	3116
nonFullTGDs	7181		fullTGDs	8465			newNonFullTGDs	0		newFullTGDs	3101
nonFullTGDs	7181		fullTGDs	8479			newNonFullTGDs	0		newFullTGDs	3087
nonFullTGDs	7182		fullTGDs	8493			newNonFullTGDs	0		newFullTGDs	3073
nonFullTGDs	7185		fullTGDs	8511			newNonFullTGDs	0		newFullTGDs	3064
nonFullTGDs	7185		fullTGDs	8524			newNonFullTGDs	0		newFullTGDs	3051
nonFullTGDs	7185		fullTGDs	8539			newNonFullTGDs	0		newFullTGDs	3036
nonFullTGDs	7185		fullTGDs	8553			newNonFullTGDs	0		newFullTGDs	3022
nonFullTGDs	7185		fullTGDs	8567			newNonFullTGDs	0		newFullTGDs	3008
nonFullTGDs	7185		fullTGDs	8581			newNonFullTGDs	0		newFullTGDs	2994
nonFullTGDs	7185		fullTGDs	8596			newNonFullTGDs	0		newFullTGDs	2979
nonFullTGDs	7185		fullTGDs	8610			newNonFullTGDs	0		newFullTGDs	2965
nonFullTGDs	7185		fullTGDs	8624			newNonFullTGDs	0		newFullTGDs	2951
nonFullTGDs	7185		fullTGDs	8639			newNonFullTGDs	0		newFullTGDs	2936
nonFullTGDs	7185		fullTGDs	8653			newNonFullTGDs	0		newFullTGDs	2922
nonFullTGDs	7185		fullTGDs	8667			newNonFullTGDs	0		newFullTGDs	2908
nonFullTGDs	7185		fullTGDs	8681			newNonFullTGDs	0		newFullTGDs	2894
nonFullTGDs	7185		fullTGDs	8696			newNonFullTGDs	0		newFullTGDs	2879
nonFullTGDs	7186		fullTGDs	8708			newNonFullTGDs	0		newFullTGDs	2865
nonFullTGDs	7188		fullTGDs	8739			newNonFullTGDs	0		newFullTGDs	2856
nonFullTGDs	7188		fullTGDs	8753			newNonFullTGDs	0		newFullTGDs	2842
nonFullTGDs	7188		fullTGDs	8768			newNonFullTGDs	0		newFullTGDs	2827
nonFullTGDs	7188		fullTGDs	8782			newNonFullTGDs	0		newFullTGDs	2813
nonFullTGDs	7191		fullTGDs	8808			newNonFullTGDs	0		newFullTGDs	2811
nonFullTGDs	7191		fullTGDs	8828			newNonFullTGDs	0		newFullTGDs	2791
nonFullTGDs	7191		fullTGDs	8843			newNonFullTGDs	0		newFullTGDs	2776
nonFullTGDs	7191		fullTGDs	8857			newNonFullTGDs	0		newFullTGDs	2762
nonFullTGDs	7195		fullTGDs	8885			newNonFullTGDs	0		newFullTGDs	2756
nonFullTGDs	7196		fullTGDs	8908			newNonFullTGDs	0		newFullTGDs	2744
nonFullTGDs	7196		fullTGDs	8922			newNonFullTGDs	0		newFullTGDs	2730
nonFullTGDs	7199		fullTGDs	8936			newNonFullTGDs	0		newFullTGDs	2716
nonFullTGDs	7199		fullTGDs	8950			newNonFullTGDs	0		newFullTGDs	2702
nonFullTGDs	7199		fullTGDs	8965			newNonFullTGDs	0		newFullTGDs	2687
nonFullTGDs	7204		fullTGDs	8984			newNonFullTGDs	0		newFullTGDs	2676
nonFullTGDs	7204		fullTGDs	8999			newNonFullTGDs	0		newFullTGDs	2661
nonFullTGDs	7205		fullTGDs	9013			newNonFullTGDs	0		newFullTGDs	2650
nonFullTGDs	7206		fullTGDs	9029			newNonFullTGDs	0		newFullTGDs	2634
nonFullTGDs	7208		fullTGDs	9050			newNonFullTGDs	0		newFullTGDs	2622
nonFullTGDs	7212		fullTGDs	9078			newNonFullTGDs	0		newFullTGDs	2615
nonFullTGDs	7219		fullTGDs	9109			newNonFullTGDs	0		newFullTGDs	2622
nonFullTGDs	7226		fullTGDs	9123			newNonFullTGDs	0		newFullTGDs	2637
nonFullTGDs	7241		fullTGDs	9144			newNonFullTGDs	0		newFullTGDs	2616
nonFullTGDs	7246		fullTGDs	9175			newNonFullTGDs	0		newFullTGDs	2608
nonFullTGDs	7250		fullTGDs	9205			newNonFullTGDs	0		newFullTGDs	2612
nonFullTGDs	7254		fullTGDs	9237			newNonFullTGDs	0		newFullTGDs	2602
nonFullTGDs	7257		fullTGDs	9270			newNonFullTGDs	0		newFullTGDs	2593
nonFullTGDs	7263		fullTGDs	9303			newNonFullTGDs	0		newFullTGDs	2593
nonFullTGDs	7266		fullTGDs	9339			newNonFullTGDs	0		newFullTGDs	2579
nonFullTGDs	7271		fullTGDs	9372			newNonFullTGDs	0		newFullTGDs	2579
nonFullTGDs	7274		fullTGDs	9408			newNonFullTGDs	0		newFullTGDs	2575
nonFullTGDs	7277		fullTGDs	9441			newNonFullTGDs	0		newFullTGDs	2564
nonFullTGDs	7281		fullTGDs	9470			newNonFullTGDs	0		newFullTGDs	2557
nonFullTGDs	7285		fullTGDs	9508			newNonFullTGDs	0		newFullTGDs	2552
nonFullTGDs	7288		fullTGDs	9538			newNonFullTGDs	0		newFullTGDs	2545
nonFullTGDs	7292		fullTGDs	9567			newNonFullTGDs	1		newFullTGDs	2538
nonFullTGDs	7301		fullTGDs	9599			newNonFullTGDs	0		newFullTGDs	2539
nonFullTGDs	7303		fullTGDs	9620			newNonFullTGDs	0		newFullTGDs	2529
nonFullTGDs	7306		fullTGDs	9649			newNonFullTGDs	0		newFullTGDs	2522
nonFullTGDs	7311		fullTGDs	9677			newNonFullTGDs	0		newFullTGDs	2526
nonFullTGDs	7314		fullTGDs	9716			newNonFullTGDs	0		newFullTGDs	2513
nonFullTGDs	7317		fullTGDs	9757			newNonFullTGDs	0		newFullTGDs	2505
nonFullTGDs	7322		fullTGDs	9779			newNonFullTGDs	0		newFullTGDs	2496
nonFullTGDs	7322		fullTGDs	9793			newNonFullTGDs	0		newFullTGDs	2482
nonFullTGDs	7322		fullTGDs	9807			newNonFullTGDs	0		newFullTGDs	2468
nonFullTGDs	7322		fullTGDs	9822			newNonFullTGDs	0		newFullTGDs	2453
nonFullTGDs	7322		fullTGDs	9836			newNonFullTGDs	0		newFullTGDs	2439
nonFullTGDs	7322		fullTGDs	9850			newNonFullTGDs	0		newFullTGDs	2425
nonFullTGDs	7322		fullTGDs	9865			newNonFullTGDs	0		newFullTGDs	2410
nonFullTGDs	7322		fullTGDs	9879			newNonFullTGDs	0		newFullTGDs	2396
nonFullTGDs	7322		fullTGDs	9893			newNonFullTGDs	0		newFullTGDs	2382
nonFullTGDs	7330		fullTGDs	9907			newNonFullTGDs	1		newFullTGDs	2377
nonFullTGDs	7339		fullTGDs	9921			newNonFullTGDs	0		newFullTGDs	2375
nonFullTGDs	7343		fullTGDs	9939			newNonFullTGDs	0		newFullTGDs	2442
nonFullTGDs	7348		fullTGDs	9969			newNonFullTGDs	0		newFullTGDs	2435
nonFullTGDs	7350		fullTGDs	9990			newNonFullTGDs	0		newFullTGDs	2425
nonFullTGDs	7350		fullTGDs	10005			newNonFullTGDs	0		newFullTGDs	2410
nonFullTGDs	7350		fullTGDs	10019			newNonFullTGDs	0		newFullTGDs	2396
nonFullTGDs	7355		fullTGDs	10033			newNonFullTGDs	0		newFullTGDs	2385
nonFullTGDs	7355		fullTGDs	10048			newNonFullTGDs	0		newFullTGDs	2370
nonFullTGDs	7358		fullTGDs	10063			newNonFullTGDs	0		newFullTGDs	2363
nonFullTGDs	7361		fullTGDs	10080			newNonFullTGDs	0		newFullTGDs	2349
nonFullTGDs	7365		fullTGDs	10089			newNonFullTGDs	0		newFullTGDs	2421
nonFullTGDs	7368		fullTGDs	10124			newNonFullTGDs	0		newFullTGDs	2404
nonFullTGDs	7374		fullTGDs	10143			newNonFullTGDs	0		newFullTGDs	2402
nonFullTGDs	7380		fullTGDs	10160			newNonFullTGDs	0		newFullTGDs	2474
nonFullTGDs	7383		fullTGDs	10182			newNonFullTGDs	0		newFullTGDs	2461
nonFullTGDs	7385		fullTGDs	10200			newNonFullTGDs	1		newFullTGDs	2526
nonFullTGDs	7395		fullTGDs	10233			newNonFullTGDs	0		newFullTGDs	2526
nonFullTGDs	7405		fullTGDs	10264			newNonFullTGDs	0		newFullTGDs	2520
nonFullTGDs	7418		fullTGDs	10287			newNonFullTGDs	0		newFullTGDs	2513
nonFullTGDs	7432		fullTGDs	10323			newNonFullTGDs	0		newFullTGDs	2510
nonFullTGDs	7447		fullTGDs	10362			newNonFullTGDs	1		newFullTGDs	2514
nonFullTGDs	7459		fullTGDs	10392			newNonFullTGDs	0		newFullTGDs	2508
nonFullTGDs	7476		fullTGDs	10414			newNonFullTGDs	0		newFullTGDs	2529
nonFullTGDs	7485		fullTGDs	10449			newNonFullTGDs	0		newFullTGDs	2498
nonFullTGDs	7499		fullTGDs	10490			newNonFullTGDs	4		newFullTGDs	2498
nonFullTGDs	7515		fullTGDs	10527			newNonFullTGDs	0		newFullTGDs	2490
nonFullTGDs	7523		fullTGDs	10552			newNonFullTGDs	0		newFullTGDs	2487
nonFullTGDs	7534		fullTGDs	10594			newNonFullTGDs	0		newFullTGDs	2483
nonFullTGDs	7543		fullTGDs	10612			newNonFullTGDs	0		newFullTGDs	2506
nonFullTGDs	7552		fullTGDs	10645			newNonFullTGDs	0		newFullTGDs	2475
nonFullTGDs	7565		fullTGDs	10699			newNonFullTGDs	0		newFullTGDs	2480
nonFullTGDs	7576		fullTGDs	10731			newNonFullTGDs	0		newFullTGDs	2472
nonFullTGDs	7586		fullTGDs	10788			newNonFullTGDs	0		newFullTGDs	2476
nonFullTGDs	7598		fullTGDs	10821			newNonFullTGDs	3		newFullTGDs	2492
nonFullTGDs	7605		fullTGDs	10875			newNonFullTGDs	0		newFullTGDs	2467
nonFullTGDs	7616		fullTGDs	10899			newNonFullTGDs	0		newFullTGDs	2460
nonFullTGDs	7624		fullTGDs	10962			newNonFullTGDs	0		newFullTGDs	2467
nonFullTGDs	7635		fullTGDs	10992			newNonFullTGDs	0		newFullTGDs	2458
nonFullTGDs	7649		fullTGDs	11024			newNonFullTGDs	0		newFullTGDs	2461
nonFullTGDs	7658		fullTGDs	11071			newNonFullTGDs	0		newFullTGDs	2452
nonFullTGDs	7666		fullTGDs	11081			newNonFullTGDs	0		newFullTGDs	2443
nonFullTGDs	7669		fullTGDs	11100			newNonFullTGDs	0		newFullTGDs	2424
nonFullTGDs	7675		fullTGDs	11125			newNonFullTGDs	0		newFullTGDs	2423
nonFullTGDs	7680		fullTGDs	11137			newNonFullTGDs	0		newFullTGDs	2411
nonFullTGDs	7684		fullTGDs	11169			newNonFullTGDs	0		newFullTGDs	2413
nonFullTGDs	7686		fullTGDs	11201			newNonFullTGDs	0		newFullTGDs	2426
nonFullTGDs	7700		fullTGDs	11223			newNonFullTGDs	0		newFullTGDs	2404
nonFullTGDs	7700		fullTGDs	11241			newNonFullTGDs	0		newFullTGDs	2386
nonFullTGDs	7704		fullTGDs	11271			newNonFullTGDs	0		newFullTGDs	2386
nonFullTGDs	7708		fullTGDs	11311			newNonFullTGDs	0		newFullTGDs	2376
nonFullTGDs	7712		fullTGDs	11343			newNonFullTGDs	0		newFullTGDs	2366
nonFullTGDs	7715		fullTGDs	11382			newNonFullTGDs	0		newFullTGDs	2360
nonFullTGDs	7720		fullTGDs	11413			newNonFullTGDs	0		newFullTGDs	2358
nonFullTGDs	7724		fullTGDs	11456			newNonFullTGDs	0		newFullTGDs	2348
nonFullTGDs	7727		fullTGDs	11476			newNonFullTGDs	0		newFullTGDs	2412
nonFullTGDs	7728		fullTGDs	11501			newNonFullTGDs	0		newFullTGDs	2398
nonFullTGDs	7731		fullTGDs	11520			newNonFullTGDs	0		newFullTGDs	2398
nonFullTGDs	7736		fullTGDs	11540			newNonFullTGDs	0		newFullTGDs	2393
nonFullTGDs	7740		fullTGDs	11574			newNonFullTGDs	0		newFullTGDs	2384
nonFullTGDs	7741		fullTGDs	11588			newNonFullTGDs	0		newFullTGDs	2370
nonFullTGDs	7741		fullTGDs	11603			newNonFullTGDs	0		newFullTGDs	2355
nonFullTGDs	7741		fullTGDs	11617			newNonFullTGDs	0		newFullTGDs	2341
nonFullTGDs	7748		fullTGDs	11640			newNonFullTGDs	0		newFullTGDs	2337
nonFullTGDs	7752		fullTGDs	11667			newNonFullTGDs	0		newFullTGDs	2326
nonFullTGDs	7754		fullTGDs	11696			newNonFullTGDs	1		newFullTGDs	2314
nonFullTGDs	7758		fullTGDs	11713			newNonFullTGDs	0		newFullTGDs	2312
nonFullTGDs	7762		fullTGDs	11750			newNonFullTGDs	0		newFullTGDs	2299
nonFullTGDs	7766		fullTGDs	11764			newNonFullTGDs	0		newFullTGDs	2293
nonFullTGDs	7773		fullTGDs	11783			newNonFullTGDs	1		newFullTGDs	2288
nonFullTGDs	7776		fullTGDs	11797			newNonFullTGDs	0		newFullTGDs	2274
nonFullTGDs	7776		fullTGDs	11811			newNonFullTGDs	0		newFullTGDs	2260
nonFullTGDs	7776		fullTGDs	11821			newNonFullTGDs	0		newFullTGDs	2250
nonFullTGDs	7776		fullTGDs	11852			newNonFullTGDs	0		newFullTGDs	2306
nonFullTGDs	7779		fullTGDs	11913			newNonFullTGDs	0		newFullTGDs	2279
nonFullTGDs	7779		fullTGDs	11951			newNonFullTGDs	0		newFullTGDs	2241
nonFullTGDs	7779		fullTGDs	11966			newNonFullTGDs	0		newFullTGDs	2227
nonFullTGDs	7782		fullTGDs	11996			newNonFullTGDs	0		newFullTGDs	2220
nonFullTGDs	7784		fullTGDs	12010			newNonFullTGDs	0		newFullTGDs	2208
nonFullTGDs	7784		fullTGDs	12025			newNonFullTGDs	0		newFullTGDs	2193
nonFullTGDs	7784		fullTGDs	12039			newNonFullTGDs	0		newFullTGDs	2179
nonFullTGDs	7788		fullTGDs	12049			newNonFullTGDs	0		newFullTGDs	2169
nonFullTGDs	7788		fullTGDs	12063			newNonFullTGDs	0		newFullTGDs	2155
nonFullTGDs	7788		fullTGDs	12078			newNonFullTGDs	0		newFullTGDs	2140
nonFullTGDs	7788		fullTGDs	12104			newNonFullTGDs	0		newFullTGDs	2201
nonFullTGDs	7788		fullTGDs	12170			newNonFullTGDs	0		newFullTGDs	2164
nonFullTGDs	7788		fullTGDs	12216			newNonFullTGDs	0		newFullTGDs	2205
nonFullTGDs	7788		fullTGDs	12282			newNonFullTGDs	0		newFullTGDs	2168
nonFullTGDs	7788		fullTGDs	12322			newNonFullTGDs	0		newFullTGDs	2128
nonFullTGDs	7788		fullTGDs	12336			newNonFullTGDs	0		newFullTGDs	2114
nonFullTGDs	7789		fullTGDs	12350			newNonFullTGDs	0		newFullTGDs	2111
nonFullTGDs	7791		fullTGDs	12380			newNonFullTGDs	0		newFullTGDs	2092
nonFullTGDs	7791		fullTGDs	12396			newNonFullTGDs	0		newFullTGDs	2077
nonFullTGDs	7791		fullTGDs	12410			newNonFullTGDs	0		newFullTGDs	2063
nonFullTGDs	7791		fullTGDs	12424			newNonFullTGDs	0		newFullTGDs	2049
nonFullTGDs	7792		fullTGDs	12437			newNonFullTGDs	0		newFullTGDs	2036
nonFullTGDs	7798		fullTGDs	12455			newNonFullTGDs	1		newFullTGDs	2027
nonFullTGDs	7801		fullTGDs	12466			newNonFullTGDs	0		newFullTGDs	2017
nonFullTGDs	7801		fullTGDs	12480			newNonFullTGDs	0		newFullTGDs	2003
nonFullTGDs	7802		fullTGDs	12496			newNonFullTGDs	0		newFullTGDs	2074
nonFullTGDs	7802		fullTGDs	12552			newNonFullTGDs	0		newFullTGDs	2045
nonFullTGDs	7802		fullTGDs	12608			newNonFullTGDs	0		newFullTGDs	1989
nonFullTGDs	7803		fullTGDs	12619			newNonFullTGDs	0		newFullTGDs	1990
nonFullTGDs	7805		fullTGDs	12648			newNonFullTGDs	0		newFullTGDs	1972
nonFullTGDs	7805		fullTGDs	12665			newNonFullTGDs	0		newFullTGDs	1964
nonFullTGDs	7808		fullTGDs	12694			newNonFullTGDs	0		newFullTGDs	1957
nonFullTGDs	7812		fullTGDs	12723			newNonFullTGDs	0		newFullTGDs	1950
nonFullTGDs	7816		fullTGDs	12745			newNonFullTGDs	0		newFullTGDs	1950
nonFullTGDs	7819		fullTGDs	12781			newNonFullTGDs	0		newFullTGDs	1936
nonFullTGDs	7821		fullTGDs	12802			newNonFullTGDs	0		newFullTGDs	2004
nonFullTGDs	7821		fullTGDs	12864			newNonFullTGDs	0		newFullTGDs	1969
nonFullTGDs	7821		fullTGDs	12907			newNonFullTGDs	0		newFullTGDs	1926
nonFullTGDs	7821		fullTGDs	12959			newNonFullTGDs	0		newFullTGDs	1990
nonFullTGDs	7821		fullTGDs	13021			newNonFullTGDs	0		newFullTGDs	1928
nonFullTGDs	7821		fullTGDs	13033			newNonFullTGDs	0		newFullTGDs	1916
nonFullTGDs	7823		fullTGDs	13044			newNonFullTGDs	0		newFullTGDs	1918
nonFullTGDs	7827		fullTGDs	13086			newNonFullTGDs	0		newFullTGDs	1909
nonFullTGDs	7829		fullTGDs	13104			newNonFullTGDs	0		newFullTGDs	1891
nonFullTGDs	7832		fullTGDs	13133			newNonFullTGDs	0		newFullTGDs	1884
nonFullTGDs	7835		fullTGDs	13162			newNonFullTGDs	0		newFullTGDs	1876
nonFullTGDs	7839		fullTGDs	13177			newNonFullTGDs	0		newFullTGDs	1941
nonFullTGDs	7839		fullTGDs	13188			newNonFullTGDs	0		newFullTGDs	1930
nonFullTGDs	7842		fullTGDs	13210			newNonFullTGDs	0		newFullTGDs	1930
nonFullTGDs	7842		fullTGDs	13227			newNonFullTGDs	0		newFullTGDs	1913
nonFullTGDs	7845		fullTGDs	13238			newNonFullTGDs	0		newFullTGDs	1902
nonFullTGDs	7847		fullTGDs	13258			newNonFullTGDs	0		newFullTGDs	1892
nonFullTGDs	7848		fullTGDs	13271			newNonFullTGDs	0		newFullTGDs	1880
nonFullTGDs	7849		fullTGDs	13286			newNonFullTGDs	1		newFullTGDs	1865
nonFullTGDs	7853		fullTGDs	13301			newNonFullTGDs	0		newFullTGDs	1935
nonFullTGDs	7854		fullTGDs	13322			newNonFullTGDs	0		newFullTGDs	1925
nonFullTGDs	7854		fullTGDs	13336			newNonFullTGDs	0		newFullTGDs	1911
nonFullTGDs	7854		fullTGDs	13351			newNonFullTGDs	0		newFullTGDs	1896
nonFullTGDs	7855		fullTGDs	13363			newNonFullTGDs	1		newFullTGDs	1887
nonFullTGDs	7858		fullTGDs	13377			newNonFullTGDs	0		newFullTGDs	1873
nonFullTGDs	7860		fullTGDs	13398			newNonFullTGDs	0		newFullTGDs	1863
nonFullTGDs	7864		fullTGDs	13437			newNonFullTGDs	0		newFullTGDs	1857
nonFullTGDs	7867		fullTGDs	13463			newNonFullTGDs	0		newFullTGDs	1851
nonFullTGDs	7870		fullTGDs	13492			newNonFullTGDs	0		newFullTGDs	1844
nonFullTGDs	7870		fullTGDs	13505			newNonFullTGDs	0		newFullTGDs	1834
nonFullTGDs	7874		fullTGDs	13522			newNonFullTGDs	0		newFullTGDs	1833
nonFullTGDs	7877		fullTGDs	13540			newNonFullTGDs	0		newFullTGDs	1823
nonFullTGDs	7880		fullTGDs	13557			newNonFullTGDs	0		newFullTGDs	1816
nonFullTGDs	7884		fullTGDs	13574			newNonFullTGDs	0		newFullTGDs	1806
nonFullTGDs	7886		fullTGDs	13600			newNonFullTGDs	0		newFullTGDs	1884
nonFullTGDs	7886		fullTGDs	13656			newNonFullTGDs	0		newFullTGDs	1855
nonFullTGDs	7886		fullTGDs	13712			newNonFullTGDs	0		newFullTGDs	1799
nonFullTGDs	7888		fullTGDs	13731			newNonFullTGDs	1		newFullTGDs	1791
nonFullTGDs	7892		fullTGDs	13769			newNonFullTGDs	0		newFullTGDs	1786
nonFullTGDs	7895		fullTGDs	13803			newNonFullTGDs	0		newFullTGDs	1861
nonFullTGDs	7901		fullTGDs	13850			newNonFullTGDs	0		newFullTGDs	1850
nonFullTGDs	7898		fullTGDs	13908			newNonFullTGDs	0		newFullTGDs	1784
nonFullTGDs	7903		fullTGDs	13956			newNonFullTGDs	0		newFullTGDs	1861
nonFullTGDs	7901		fullTGDs	14017			newNonFullTGDs	0		newFullTGDs	1796
nonFullTGDs	7904		fullTGDs	14040			newNonFullTGDs	0		newFullTGDs	1781
nonFullTGDs	7907		fullTGDs	14064			newNonFullTGDs	0		newFullTGDs	1765
nonFullTGDs	7912		fullTGDs	14087			newNonFullTGDs	1		newFullTGDs	1758
nonFullTGDs	7916		fullTGDs	14122			newNonFullTGDs	0		newFullTGDs	1752
nonFullTGDs	7923		fullTGDs	14134			newNonFullTGDs	0		newFullTGDs	1746
nonFullTGDs	7929		fullTGDs	14153			newNonFullTGDs	0		newFullTGDs	1741
nonFullTGDs	7937		fullTGDs	14173			newNonFullTGDs	0		newFullTGDs	1733
nonFullTGDs	7941		fullTGDs	14211			newNonFullTGDs	0		newFullTGDs	1726
nonFullTGDs	7948		fullTGDs	14239			newNonFullTGDs	0		newFullTGDs	1722
nonFullTGDs	7952		fullTGDs	14263			newNonFullTGDs	0		newFullTGDs	1715
nonFullTGDs	7957		fullTGDs	14284			newNonFullTGDs	0		newFullTGDs	1710
nonFullTGDs	7961		fullTGDs	14314			newNonFullTGDs	0		newFullTGDs	1696
nonFullTGDs	7966		fullTGDs	14352			newNonFullTGDs	0		newFullTGDs	1691
nonFullTGDs	7970		fullTGDs	14382			newNonFullTGDs	0		newFullTGDs	1683
nonFullTGDs	7972		fullTGDs	14404			newNonFullTGDs	0		newFullTGDs	1677
nonFullTGDs	7972		fullTGDs	14415			newNonFullTGDs	0		newFullTGDs	1666
nonFullTGDs	7975		fullTGDs	14447			newNonFullTGDs	0		newFullTGDs	1659
nonFullTGDs	7975		fullTGDs	14459			newNonFullTGDs	0		newFullTGDs	1646
nonFullTGDs	7975		fullTGDs	14514			newNonFullTGDs	0		newFullTGDs	1705
nonFullTGDs	7975		fullTGDs	14571			newNonFullTGDs	0		newFullTGDs	1648
nonFullTGDs	7975		fullTGDs	14583			newNonFullTGDs	0		newFullTGDs	1636
nonFullTGDs	7976		fullTGDs	14602			newNonFullTGDs	0		newFullTGDs	1624
nonFullTGDs	7981		fullTGDs	14617			newNonFullTGDs	0		newFullTGDs	1617
nonFullTGDs	7989		fullTGDs	14627			newNonFullTGDs	0		newFullTGDs	1607
nonFullTGDs	7996		fullTGDs	14638			newNonFullTGDs	0		newFullTGDs	1596
nonFullTGDs	7996		fullTGDs	14652			newNonFullTGDs	0		newFullTGDs	1582
nonFullTGDs	7996		fullTGDs	14667			newNonFullTGDs	0		newFullTGDs	1567
nonFullTGDs	7996		fullTGDs	14680			newNonFullTGDs	0		newFullTGDs	1554
nonFullTGDs	7998		fullTGDs	14700			newNonFullTGDs	0		newFullTGDs	1545
nonFullTGDs	7999		fullTGDs	14720			newNonFullTGDs	0		newFullTGDs	1536
nonFullTGDs	8002		fullTGDs	14749			newNonFullTGDs	0		newFullTGDs	1526
nonFullTGDs	8005		fullTGDs	14779			newNonFullTGDs	0		newFullTGDs	1515
nonFullTGDs	8005		fullTGDs	14793			newNonFullTGDs	0		newFullTGDs	1501
nonFullTGDs	8005		fullTGDs	14807			newNonFullTGDs	0		newFullTGDs	1487
nonFullTGDs	8007		fullTGDs	14826			newNonFullTGDs	0		newFullTGDs	1479
nonFullTGDs	8008		fullTGDs	14878			newNonFullTGDs	0		newFullTGDs	1549
nonFullTGDs	8008		fullTGDs	14940			newNonFullTGDs	0		newFullTGDs	1487
nonFullTGDs	8009		fullTGDs	14970			newNonFullTGDs	0		newFullTGDs	1468
nonFullTGDs	8013		fullTGDs	14998			newNonFullTGDs	0		newFullTGDs	1462
nonFullTGDs	8017		fullTGDs	15036			newNonFullTGDs	0		newFullTGDs	1457
nonFullTGDs	8020		fullTGDs	15065			newNonFullTGDs	0		newFullTGDs	1449
nonFullTGDs	8023		fullTGDs	15095			newNonFullTGDs	0		newFullTGDs	1439
nonFullTGDs	8026		fullTGDs	15124			newNonFullTGDs	0		newFullTGDs	1432
nonFullTGDs	8026		fullTGDs	15134			newNonFullTGDs	0		newFullTGDs	1419
nonFullTGDs	8030		fullTGDs	15175			newNonFullTGDs	1		newFullTGDs	1413
nonFullTGDs	8032		fullTGDs	15194			newNonFullTGDs	0		newFullTGDs	1407
nonFullTGDs	8035		fullTGDs	15223			newNonFullTGDs	0		newFullTGDs	1400
nonFullTGDs	8036		fullTGDs	15236			newNonFullTGDs	0		newFullTGDs	1399
nonFullTGDs	8040		fullTGDs	15265			newNonFullTGDs	0		newFullTGDs	1392
nonFullTGDs	8041		fullTGDs	15294			newNonFullTGDs	0		newFullTGDs	1377
nonFullTGDs	8043		fullTGDs	15312			newNonFullTGDs	0		newFullTGDs	1370
nonFullTGDs	8047		fullTGDs	15348			newNonFullTGDs	0		newFullTGDs	1367
nonFullTGDs	8050		fullTGDs	15380			newNonFullTGDs	0		newFullTGDs	1357
nonFullTGDs	8053		fullTGDs	15409			newNonFullTGDs	0		newFullTGDs	1350
nonFullTGDs	8056		fullTGDs	15438			newNonFullTGDs	0		newFullTGDs	1342
nonFullTGDs	8059		fullTGDs	15467			newNonFullTGDs	0		newFullTGDs	1335
nonFullTGDs	8063		fullTGDs	15506			newNonFullTGDs	0		newFullTGDs	1329
nonFullTGDs	8067		fullTGDs	15524			newNonFullTGDs	0		newFullTGDs	1332
nonFullTGDs	8068		fullTGDs	15554			newNonFullTGDs	0		newFullTGDs	1313
nonFullTGDs	8068		fullTGDs	15567			newNonFullTGDs	0		newFullTGDs	1300
nonFullTGDs	8071		fullTGDs	15596			newNonFullTGDs	0		newFullTGDs	1293
nonFullTGDs	8073		fullTGDs	15610			newNonFullTGDs	0		newFullTGDs	1290
nonFullTGDs	8074		fullTGDs	15635			newNonFullTGDs	0		newFullTGDs	1276
nonFullTGDs	8076		fullTGDs	15648			newNonFullTGDs	0		newFullTGDs	1274
nonFullTGDs	8080		fullTGDs	15684			newNonFullTGDs	0		newFullTGDs	1271
nonFullTGDs	8083		fullTGDs	15721			newNonFullTGDs	0		newFullTGDs	1256
nonFullTGDs	8086		fullTGDs	15750			newNonFullTGDs	0		newFullTGDs	1249
nonFullTGDs	8089		fullTGDs	15779			newNonFullTGDs	0		newFullTGDs	1242
nonFullTGDs	8094		fullTGDs	15807			newNonFullTGDs	0		newFullTGDs	1247
nonFullTGDs	8098		fullTGDs	15855			newNonFullTGDs	0		newFullTGDs	1232
nonFullTGDs	8102		fullTGDs	15894			newNonFullTGDs	0		newFullTGDs	1226
nonFullTGDs	8106		fullTGDs	15913			newNonFullTGDs	0		newFullTGDs	1205
nonFullTGDs	8106		fullTGDs	15927			newNonFullTGDs	0		newFullTGDs	1191
nonFullTGDs	8106		fullTGDs	15941			newNonFullTGDs	0		newFullTGDs	1177
nonFullTGDs	8108		fullTGDs	15962			newNonFullTGDs	0		newFullTGDs	1167
nonFullTGDs	8111		fullTGDs	15992			newNonFullTGDs	0		newFullTGDs	1159
nonFullTGDs	8115		fullTGDs	16031			newNonFullTGDs	0		newFullTGDs	1153
nonFullTGDs	8118		fullTGDs	16061			newNonFullTGDs	0		newFullTGDs	1145
nonFullTGDs	8119		fullTGDs	16073			newNonFullTGDs	0		newFullTGDs	1132
nonFullTGDs	8119		fullTGDs	16083			newNonFullTGDs	0		newFullTGDs	1122
nonFullTGDs	8122		fullTGDs	16112			newNonFullTGDs	0		newFullTGDs	1115
nonFullTGDs	8126		fullTGDs	16143			newNonFullTGDs	0		newFullTGDs	1117
nonFullTGDs	8129		fullTGDs	16170			newNonFullTGDs	0		newFullTGDs	1112
nonFullTGDs	8133		fullTGDs	16204			newNonFullTGDs	0		newFullTGDs	1100
nonFullTGDs	8137		fullTGDs	16246			newNonFullTGDs	0		newFullTGDs	1091
nonFullTGDs	8143		fullTGDs	16261			newNonFullTGDs	0		newFullTGDs	1084
nonFullTGDs	8149		fullTGDs	16274			newNonFullTGDs	0		newFullTGDs	1078
nonFullTGDs	8153		fullTGDs	16288			newNonFullTGDs	0		newFullTGDs	1078
nonFullTGDs	8158		fullTGDs	16305			newNonFullTGDs	0		newFullTGDs	1068
nonFullTGDs	8162		fullTGDs	16344			newNonFullTGDs	0		newFullTGDs	1062
nonFullTGDs	8169		fullTGDs	16360			newNonFullTGDs	0		newFullTGDs	1057
nonFullTGDs	8171		fullTGDs	16391			newNonFullTGDs	0		newFullTGDs	1042
nonFullTGDs	8177		fullTGDs	16413			newNonFullTGDs	0		newFullTGDs	1036
nonFullTGDs	8187		fullTGDs	16428			newNonFullTGDs	3		newFullTGDs	1044
nonFullTGDs	8197		fullTGDs	16452			newNonFullTGDs	0		newFullTGDs	1032
nonFullTGDs	8204		fullTGDs	16477			newNonFullTGDs	0		newFullTGDs	1027
nonFullTGDs	8210		fullTGDs	16503			newNonFullTGDs	0		newFullTGDs	1023
nonFullTGDs	8216		fullTGDs	16527			newNonFullTGDs	0		newFullTGDs	1021
nonFullTGDs	8221		fullTGDs	16561			newNonFullTGDs	0		newFullTGDs	1023
nonFullTGDs	8222		fullTGDs	16588			newNonFullTGDs	0		newFullTGDs	1006
nonFullTGDs	8227		fullTGDs	16606			newNonFullTGDs	0		newFullTGDs	998
nonFullTGDs	8231		fullTGDs	16627			newNonFullTGDs	0		newFullTGDs	985
nonFullTGDs	8234		fullTGDs	16656			newNonFullTGDs	0		newFullTGDs	978
nonFullTGDs	8235		fullTGDs	16690			newNonFullTGDs	0		newFullTGDs	1037
nonFullTGDs	8236		fullTGDs	16742			newNonFullTGDs	0		newFullTGDs	1034
nonFullTGDs	8237		fullTGDs	16768			newNonFullTGDs	0		newFullTGDs	996
nonFullTGDs	8237		fullTGDs	16795			newNonFullTGDs	0		newFullTGDs	969
nonFullTGDs	8240		fullTGDs	16825			newNonFullTGDs	0		newFullTGDs	963
nonFullTGDs	8243		fullTGDs	16856			newNonFullTGDs	0		newFullTGDs	954
nonFullTGDs	8247		fullTGDs	16893			newNonFullTGDs	0		newFullTGDs	950
nonFullTGDs	8251		fullTGDs	16914			newNonFullTGDs	0		newFullTGDs	952
nonFullTGDs	8255		fullTGDs	16953			newNonFullTGDs	0		newFullTGDs	947
nonFullTGDs	8258		fullTGDs	16993			newNonFullTGDs	0		newFullTGDs	1013
nonFullTGDs	8260		fullTGDs	17044			newNonFullTGDs	0		newFullTGDs	1000
nonFullTGDs	8260		fullTGDs	17099			newNonFullTGDs	0		newFullTGDs	970
nonFullTGDs	8261		fullTGDs	17121			newNonFullTGDs	0		newFullTGDs	928
nonFullTGDs	8261		fullTGDs	17134			newNonFullTGDs	0		newFullTGDs	918
nonFullTGDs	8263		fullTGDs	17154			newNonFullTGDs	0		newFullTGDs	909
nonFullTGDs	8264		fullTGDs	17174			newNonFullTGDs	0		newFullTGDs	900
nonFullTGDs	8267		fullTGDs	17203			newNonFullTGDs	0		newFullTGDs	893
nonFullTGDs	8270		fullTGDs	17232			newNonFullTGDs	0		newFullTGDs	884
nonFullTGDs	8273		fullTGDs	17261			newNonFullTGDs	0		newFullTGDs	877
nonFullTGDs	8273		fullTGDs	17271			newNonFullTGDs	0		newFullTGDs	867
nonFullTGDs	8277		fullTGDs	17301			newNonFullTGDs	0		newFullTGDs	870
nonFullTGDs	8279		fullTGDs	17329			newNonFullTGDs	1		newFullTGDs	853
nonFullTGDs	8282		fullTGDs	17362			newNonFullTGDs	0		newFullTGDs	874
nonFullTGDs	8282		fullTGDs	17382			newNonFullTGDs	0		newFullTGDs	854
nonFullTGDs	8285		fullTGDs	17414			newNonFullTGDs	0		newFullTGDs	844
nonFullTGDs	8288		fullTGDs	17443			newNonFullTGDs	1		newFullTGDs	837
nonFullTGDs	8293		fullTGDs	17474			newNonFullTGDs	0		newFullTGDs	836
nonFullTGDs	8297		fullTGDs	17510			newNonFullTGDs	0		newFullTGDs	833
nonFullTGDs	8298		fullTGDs	17551			newNonFullTGDs	0		newFullTGDs	884
nonFullTGDs	8299		fullTGDs	17591			newNonFullTGDs	0		newFullTGDs	886
nonFullTGDs	8300		fullTGDs	17619			newNonFullTGDs	0		newFullTGDs	851
nonFullTGDs	8301		fullTGDs	17654			newNonFullTGDs	0		newFullTGDs	816
nonFullTGDs	8304		fullTGDs	17693			newNonFullTGDs	1		newFullTGDs	810
nonFullTGDs	8309		fullTGDs	17726			newNonFullTGDs	0		newFullTGDs	810
nonFullTGDs	8311		fullTGDs	17749			newNonFullTGDs	0		newFullTGDs	798
nonFullTGDs	8315		fullTGDs	17788			newNonFullTGDs	0		newFullTGDs	792
nonFullTGDs	8318		fullTGDs	17816			newNonFullTGDs	0		newFullTGDs	786
nonFullTGDs	8321		fullTGDs	17837			newNonFullTGDs	0		newFullTGDs	791
nonFullTGDs	8322		fullTGDs	17868			newNonFullTGDs	0		newFullTGDs	771
nonFullTGDs	8324		fullTGDs	17891			newNonFullTGDs	0		newFullTGDs	766
nonFullTGDs	8326		fullTGDs	17900			newNonFullTGDs	0		newFullTGDs	768
nonFullTGDs	8329		fullTGDs	17938			newNonFullTGDs	0		newFullTGDs	750
nonFullTGDs	8333		fullTGDs	17977			newNonFullTGDs	0		newFullTGDs	744
nonFullTGDs	8336		fullTGDs	18004			newNonFullTGDs	0		newFullTGDs	740
nonFullTGDs	8339		fullTGDs	18035			newNonFullTGDs	0		newFullTGDs	731
nonFullTGDs	8343		fullTGDs	18074			newNonFullTGDs	0		newFullTGDs	725
nonFullTGDs	8346		fullTGDs	18095			newNonFullTGDs	0		newFullTGDs	726
nonFullTGDs	8349		fullTGDs	18132			newNonFullTGDs	1		newFullTGDs	711
nonFullTGDs	8351		fullTGDs	18154			newNonFullTGDs	0		newFullTGDs	707
nonFullTGDs	8355		fullTGDs	18193			newNonFullTGDs	0		newFullTGDs	701
nonFullTGDs	8357		fullTGDs	18212			newNonFullTGDs	1		newFullTGDs	693
nonFullTGDs	8362		fullTGDs	18244			newNonFullTGDs	0		newFullTGDs	695
nonFullTGDs	8364		fullTGDs	18272			newNonFullTGDs	0		newFullTGDs	688
nonFullTGDs	8366		fullTGDs	18298			newNonFullTGDs	0		newFullTGDs	673
nonFullTGDs	8370		fullTGDs	18335			newNonFullTGDs	0		newFullTGDs	669
nonFullTGDs	8373		fullTGDs	18366			newNonFullTGDs	0		newFullTGDs	660
nonFullTGDs	8376		fullTGDs	18395			newNonFullTGDs	0		newFullTGDs	653
nonFullTGDs	8381		fullTGDs	18423			newNonFullTGDs	0		newFullTGDs	658
nonFullTGDs	8384		fullTGDs	18459			newNonFullTGDs	0		newFullTGDs	644
nonFullTGDs	8387		fullTGDs	18487			newNonFullTGDs	0		newFullTGDs	640
nonFullTGDs	8389		fullTGDs	18500			newNonFullTGDs	0		newFullTGDs	626
nonFullTGDs	8391		fullTGDs	18518			newNonFullTGDs	0		newFullTGDs	618
nonFullTGDs	8394		fullTGDs	18527			newNonFullTGDs	0		newFullTGDs	609
nonFullTGDs	8398		fullTGDs	18553			newNonFullTGDs	0		newFullTGDs	600
nonFullTGDs	8402		fullTGDs	18578			newNonFullTGDs	0		newFullTGDs	593
nonFullTGDs	8405		fullTGDs	18608			newNonFullTGDs	0		newFullTGDs	584
nonFullTGDs	8408		fullTGDs	18637			newNonFullTGDs	0		newFullTGDs	577
nonFullTGDs	8408		fullTGDs	18672			newNonFullTGDs	0		newFullTGDs	654
nonFullTGDs	8409		fullTGDs	18735			newNonFullTGDs	0		newFullTGDs	592
nonFullTGDs	8409		fullTGDs	18761			newNonFullTGDs	0		newFullTGDs	566
nonFullTGDs	8409		fullTGDs	18771			newNonFullTGDs	0		newFullTGDs	556
nonFullTGDs	8409		fullTGDs	18781			newNonFullTGDs	0		newFullTGDs	546
nonFullTGDs	8409		fullTGDs	18791			newNonFullTGDs	0		newFullTGDs	536
nonFullTGDs	8409		fullTGDs	18801			newNonFullTGDs	0		newFullTGDs	526
nonFullTGDs	8412		fullTGDs	18829			newNonFullTGDs	0		newFullTGDs	520
nonFullTGDs	8412		fullTGDs	18839			newNonFullTGDs	0		newFullTGDs	510
nonFullTGDs	8412		fullTGDs	18849			newNonFullTGDs	0		newFullTGDs	499
nonFullTGDs	8412		fullTGDs	18859			newNonFullTGDs	0		newFullTGDs	489
nonFullTGDs	8412		fullTGDs	18869			newNonFullTGDs	0		newFullTGDs	479
nonFullTGDs	8414		fullTGDs	18887			newNonFullTGDs	0		newFullTGDs	472
nonFullTGDs	8416		fullTGDs	18917			newNonFullTGDs	0		newFullTGDs	464
nonFullTGDs	8421		fullTGDs	18950			newNonFullTGDs	0		newFullTGDs	464
nonFullTGDs	8424		fullTGDs	18980			newNonFullTGDs	0		newFullTGDs	457
nonFullTGDs	8424		fullTGDs	19019			newNonFullTGDs	0		newFullTGDs	529
nonFullTGDs	8424		fullTGDs	19083			newNonFullTGDs	0		newFullTGDs	465
nonFullTGDs	8424		fullTGDs	19105			newNonFullTGDs	0		newFullTGDs	443
nonFullTGDs	8424		fullTGDs	19115			newNonFullTGDs	0		newFullTGDs	433
nonFullTGDs	8424		fullTGDs	19125			newNonFullTGDs	0		newFullTGDs	423
nonFullTGDs	8424		fullTGDs	19135			newNonFullTGDs	0		newFullTGDs	413
nonFullTGDs	8424		fullTGDs	19145			newNonFullTGDs	0		newFullTGDs	403
nonFullTGDs	8424		fullTGDs	19155			newNonFullTGDs	0		newFullTGDs	393
nonFullTGDs	8427		fullTGDs	19186			newNonFullTGDs	0		newFullTGDs	385
nonFullTGDs	8430		fullTGDs	19214			newNonFullTGDs	0		newFullTGDs	379
nonFullTGDs	8430		fullTGDs	19224			newNonFullTGDs	0		newFullTGDs	369
nonFullTGDs	8430		fullTGDs	19289			newNonFullTGDs	0		newFullTGDs	450
nonFullTGDs	8430		fullTGDs	19355			newNonFullTGDs	0		newFullTGDs	464
nonFullTGDs	8430		fullTGDs	19404			newNonFullTGDs	0		newFullTGDs	439
nonFullTGDs	8430		fullTGDs	19457			newNonFullTGDs	0		newFullTGDs	394
nonFullTGDs	8430		fullTGDs	19487			newNonFullTGDs	0		newFullTGDs	364
nonFullTGDs	8430		fullTGDs	19497			newNonFullTGDs	0		newFullTGDs	354
nonFullTGDs	8430		fullTGDs	19507			newNonFullTGDs	0		newFullTGDs	344
nonFullTGDs	8430		fullTGDs	19517			newNonFullTGDs	0		newFullTGDs	334
nonFullTGDs	8430		fullTGDs	19527			newNonFullTGDs	0		newFullTGDs	324
nonFullTGDs	8431		fullTGDs	19541			newNonFullTGDs	0		newFullTGDs	321
nonFullTGDs	8433		fullTGDs	19566			newNonFullTGDs	0		newFullTGDs	307
nonFullTGDs	8436		fullTGDs	19594			newNonFullTGDs	0		newFullTGDs	301
nonFullTGDs	8440		fullTGDs	19631			newNonFullTGDs	0		newFullTGDs	297
nonFullTGDs	8444		fullTGDs	19661			newNonFullTGDs	0		newFullTGDs	289
nonFullTGDs	8448		fullTGDs	19700			newNonFullTGDs	0		newFullTGDs	283
nonFullTGDs	8451		fullTGDs	19728			newNonFullTGDs	0		newFullTGDs	277
nonFullTGDs	8451		fullTGDs	19738			newNonFullTGDs	0		newFullTGDs	267
nonFullTGDs	8452		fullTGDs	19767			newNonFullTGDs	0		newFullTGDs	324
nonFullTGDs	8455		fullTGDs	19825			newNonFullTGDs	0		newFullTGDs	295
nonFullTGDs	8455		fullTGDs	19863			newNonFullTGDs	0		newFullTGDs	257
nonFullTGDs	8455		fullTGDs	19873			newNonFullTGDs	0		newFullTGDs	247
nonFullTGDs	8455		fullTGDs	19883			newNonFullTGDs	0		newFullTGDs	237
nonFullTGDs	8455		fullTGDs	19893			newNonFullTGDs	0		newFullTGDs	227
nonFullTGDs	8455		fullTGDs	19903			newNonFullTGDs	0		newFullTGDs	217
nonFullTGDs	8455		fullTGDs	19913			newNonFullTGDs	0		newFullTGDs	207
nonFullTGDs	8455		fullTGDs	19923			newNonFullTGDs	0		newFullTGDs	197
nonFullTGDs	8455		fullTGDs	19937			newNonFullTGDs	0		newFullTGDs	266
nonFullTGDs	8455		fullTGDs	19991			newNonFullTGDs	0		newFullTGDs	266
nonFullTGDs	8455		fullTGDs	20026			newNonFullTGDs	0		newFullTGDs	222
nonFullTGDs	8455		fullTGDs	20065			newNonFullTGDs	0		newFullTGDs	183
nonFullTGDs	8455		fullTGDs	20074			newNonFullTGDs	0		newFullTGDs	174
nonFullTGDs	8455		fullTGDs	20084			newNonFullTGDs	0		newFullTGDs	164
nonFullTGDs	8455		fullTGDs	20108			newNonFullTGDs	0		newFullTGDs	224
nonFullTGDs	8455		fullTGDs	20173			newNonFullTGDs	0		newFullTGDs	186
nonFullTGDs	8455		fullTGDs	20207			newNonFullTGDs	0		newFullTGDs	152
nonFullTGDs	8455		fullTGDs	20217			newNonFullTGDs	0		newFullTGDs	142
nonFullTGDs	8455		fullTGDs	20227			newNonFullTGDs	0		newFullTGDs	132
nonFullTGDs	8455		fullTGDs	20237			newNonFullTGDs	0		newFullTGDs	122
nonFullTGDs	8455		fullTGDs	20247			newNonFullTGDs	0		newFullTGDs	112
nonFullTGDs	8455		fullTGDs	20257			newNonFullTGDs	0		newFullTGDs	102
nonFullTGDs	8455		fullTGDs	20267			newNonFullTGDs	0		newFullTGDs	92
nonFullTGDs	8455		fullTGDs	20277			newNonFullTGDs	0		newFullTGDs	82
nonFullTGDs	8455		fullTGDs	20287			newNonFullTGDs	0		newFullTGDs	72
nonFullTGDs	8455		fullTGDs	20297			newNonFullTGDs	0		newFullTGDs	62
nonFullTGDs	8455		fullTGDs	20307			newNonFullTGDs	0		newFullTGDs	52
nonFullTGDs	8455		fullTGDs	20317			newNonFullTGDs	0		newFullTGDs	42
nonFullTGDs	8455		fullTGDs	20327			newNonFullTGDs	0		newFullTGDs	32
nonFullTGDs	8455		fullTGDs	20337			newNonFullTGDs	0		newFullTGDs	22
nonFullTGDs	8455		fullTGDs	20347			newNonFullTGDs	0		newFullTGDs	12
nonFullTGDs	8455		fullTGDs	20357			newNonFullTGDs	0		newFullTGDs	2
Nov 16, 2021 9:06:32 AM uk.ac.ox.cs.gsat.SaturationStatistics log
INFO: # initial TGDs: 1120 , 4202
Nov 16, 2021 9:06:32 AM uk.ac.ox.cs.gsat.SaturationStatistics log
INFO: SkSat total time : 61598 ms = 61.60 s
Nov 16, 2021 9:06:32 AM uk.ac.ox.cs.gsat.SaturationStatistics log
INFO: Subsumed elements : 98152
Nov 16, 2021 9:06:32 AM uk.ac.ox.cs.gsat.SaturationStatistics log
INFO: Filter discarded elements : 280319395
Nov 16, 2021 9:06:32 AM uk.ac.ox.cs.gsat.SaturationStatistics log
INFO: subsumption time: 38670 ms = 38.67 s
Nov 16, 2021 9:06:32 AM uk.ac.ox.cs.gsat.SaturationStatistics log
INFO: forward subsumption time: 27758 ms = 27.76 s
Nov 16, 2021 9:06:32 AM uk.ac.ox.cs.gsat.SaturationStatistics log
INFO: backward subsumption time: 10912 ms = 10.91 s
Nov 16, 2021 9:06:32 AM uk.ac.ox.cs.gsat.SaturationStatistics log
INFO: Derived full/non full TGDs: 101196 , 20968
Nov 16, 2021 9:06:32 AM uk.ac.ox.cs.gsat.SaturationStatistics log
INFO: discarded tautology count: 520
Nov 16, 2021 9:06:32 AM uk.ac.ox.cs.gsat.EvolveStatistics log
INFO: Stop because subsumed: 57541
Nov 16, 2021 9:06:32 AM uk.ac.ox.cs.gsat.EvolveStatistics log
INFO: evolved equals to current: 0
Nov 16, 2021 9:06:32 AM uk.ac.ox.cs.gsat.EvolveStatistics log
INFO: evolved time: 8890 ms = 8.89 s
Nov 16, 2021 9:06:32 AM uk.ac.ox.cs.gsat.EvolveStatistics log
INFO: evolve count: 2546461
Nov 16, 2021 9:06:32 AM uk.ac.ox.cs.gsat.SkolemStatistics log
INFO: maximum number of Skolem atoms in body: 12
Nov 16, 2021 9:06:32 AM uk.ac.ox.cs.gsat.SkolemStatistics log
INFO: left derived TGD with Skolem in the body: 0
Nov 16, 2021 9:06:32 AM uk.ac.ox.cs.gsat.SkolemStatistics log
INFO: right derived TGD with Skolem in the body: 100746
Nov 16, 2021 9:06:32 AM uk.ac.ox.cs.gsat.SkolemStatistics log
INFO: derived TGD with more than two Skolem atoms in the body: 77611
Nov 16, 2021 9:06:32 AM uk.ac.ox.cs.gsat.AbstractSaturation run
INFO: ouptput full TGDs not contained in the input: 430
Nov 16, 2021 9:06:32 AM uk.ac.ox.cs.gsat.App executeAllSteps
INFO: Rewriting completed!
Full TGD saturation: (1550 dependecies)
Nov 16, 2021 9:06:32 AM uk.ac.ox.cs.gsat.App executeAllSteps
INFO: Writing the saturation in the Datalog file 00511.rul
