Starting Saturation...
Executing from DLGP files
SLF4J: Failed to load class "org.slf4j.impl.StaticLoggerBinder".
SLF4J: Defaulting to no-operation (NOP) logger implementation
SLF4J: See http://www.slf4j.org/codes.html#StaticLoggerBinder for further details.
# Rules: 280; # Atoms: 0; # AtomSets: 0; # Queries: 0; # Constraints: 0
Full TGD saturation algorithm: Skolem Sat
Running SkSat...
Nov 16, 2021 12:39:24 PM uk.ac.ox.cs.gsat.AbstractSaturation run
INFO: SkSat discarded rules : 0/280 = 0.000%
SkSat discarded rules : 0/280 = 0.000%
Nov 16, 2021 12:39:25 PM uk.ac.ox.cs.gsat.AbstractSaturation run
INFO: Subsumption method : tree_predicate
length of the formulas: 4.4994617
number of bags: 2
length of the formulas: 4.4994617
number of bags: 2
nonFullTGDs	0		fullTGDs	901			newNonFullTGDs	28		newFullTGDs	0
nonFullTGDs	53		fullTGDs	929			newNonFullTGDs	0		newFullTGDs	13
Nov 16, 2021 12:39:25 PM uk.ac.ox.cs.gsat.SaturationStatistics log
INFO: # initial TGDs: 901 , 28
Nov 16, 2021 12:39:25 PM uk.ac.ox.cs.gsat.SaturationStatistics log
INFO: SkSat total time : 223 ms = 0.22 s
Nov 16, 2021 12:39:25 PM uk.ac.ox.cs.gsat.SaturationStatistics log
INFO: Subsumed elements : 88
Nov 16, 2021 12:39:25 PM uk.ac.ox.cs.gsat.SaturationStatistics log
INFO: Filter discarded elements : 47341
Nov 16, 2021 12:39:25 PM uk.ac.ox.cs.gsat.SaturationStatistics log
INFO: subsumption time: 20 ms = 0.02 s
Nov 16, 2021 12:39:25 PM uk.ac.ox.cs.gsat.SaturationStatistics log
INFO: forward subsumption time: 6 ms = 0.01 s
Nov 16, 2021 12:39:25 PM uk.ac.ox.cs.gsat.SaturationStatistics log
INFO: backward subsumption time: 14 ms = 0.01 s
Nov 16, 2021 12:39:25 PM uk.ac.ox.cs.gsat.SaturationStatistics log
INFO: Derived full/non full TGDs: 138 , 42
Nov 16, 2021 12:39:25 PM uk.ac.ox.cs.gsat.SaturationStatistics log
INFO: discarded tautology count: 0
Nov 16, 2021 12:39:25 PM uk.ac.ox.cs.gsat.EvolveStatistics log
INFO: Stop because subsumed: 114
Nov 16, 2021 12:39:25 PM uk.ac.ox.cs.gsat.EvolveStatistics log
INFO: evolved equals to current: 0
Nov 16, 2021 12:39:25 PM uk.ac.ox.cs.gsat.EvolveStatistics log
INFO: evolved time: 17 ms = 0.02 s
Nov 16, 2021 12:39:25 PM uk.ac.ox.cs.gsat.EvolveStatistics log
INFO: evolve count: 188
Nov 16, 2021 12:39:25 PM uk.ac.ox.cs.gsat.SkolemStatistics log
INFO: maximum number of Skolem atoms in body: 5
Nov 16, 2021 12:39:25 PM uk.ac.ox.cs.gsat.SkolemStatistics log
INFO: left derived TGD with Skolem in the body: 0
Nov 16, 2021 12:39:25 PM uk.ac.ox.cs.gsat.SkolemStatistics log
INFO: right derived TGD with Skolem in the body: 138
Nov 16, 2021 12:39:25 PM uk.ac.ox.cs.gsat.SkolemStatistics log
INFO: derived TGD with more than two Skolem atoms in the body: 88
Nov 16, 2021 12:39:25 PM uk.ac.ox.cs.gsat.AbstractSaturation run
INFO: ouptput full TGDs not contained in the input: 0
Nov 16, 2021 12:39:25 PM uk.ac.ox.cs.gsat.App executeAllSteps
INFO: Rewriting completed!
Full TGD saturation: (901 dependecies)
Nov 16, 2021 12:39:25 PM uk.ac.ox.cs.gsat.App executeAllSteps
INFO: Writing the saturation in the Datalog file 00580.rul
