Starting Saturation...
Executing from DLGP files
SLF4J: Failed to load class "org.slf4j.impl.StaticLoggerBinder".
SLF4J: Defaulting to no-operation (NOP) logger implementation
SLF4J: See http://www.slf4j.org/codes.html#StaticLoggerBinder for further details.
# Rules: 678; # Atoms: 0; # AtomSets: 0; # Queries: 0; # Constraints: 0
Full TGD saturation algorithm: Skolem Sat
Running SkSat...
Nov 16, 2021 5:55:12 PM uk.ac.ox.cs.gsat.AbstractSaturation run
INFO: SkSat discarded rules : 0/678 = 0.000%
SkSat discarded rules : 0/678 = 0.000%
Nov 16, 2021 5:55:12 PM uk.ac.ox.cs.gsat.AbstractSaturation run
INFO: Subsumption method : tree_predicate
length of the formulas: 4.6487794
number of bags: 3
length of the formulas: 4.6487794
number of bags: 3
nonFullTGDs	0		fullTGDs	1200			newNonFullTGDs	3962		newFullTGDs	0
nonFullTGDs	100		fullTGDs	1200			newNonFullTGDs	3862		newFullTGDs	1970
nonFullTGDs	200		fullTGDs	1200			newNonFullTGDs	3762		newFullTGDs	3717
nonFullTGDs	300		fullTGDs	1200			newNonFullTGDs	3662		newFullTGDs	8862
nonFullTGDs	400		fullTGDs	1200			newNonFullTGDs	3562		newFullTGDs	10507
nonFullTGDs	500		fullTGDs	1200			newNonFullTGDs	3462		newFullTGDs	11833
nonFullTGDs	600		fullTGDs	1200			newNonFullTGDs	3362		newFullTGDs	13478
nonFullTGDs	700		fullTGDs	1200			newNonFullTGDs	3262		newFullTGDs	18292
nonFullTGDs	800		fullTGDs	1200			newNonFullTGDs	3162		newFullTGDs	21509
nonFullTGDs	900		fullTGDs	1200			newNonFullTGDs	3062		newFullTGDs	23256
nonFullTGDs	1000		fullTGDs	1200			newNonFullTGDs	2962		newFullTGDs	26380
nonFullTGDs	1100		fullTGDs	1200			newNonFullTGDs	2862		newFullTGDs	28760
nonFullTGDs	1200		fullTGDs	1200			newNonFullTGDs	2762		newFullTGDs	31160
nonFullTGDs	1300		fullTGDs	1200			newNonFullTGDs	2662		newFullTGDs	33133
nonFullTGDs	1400		fullTGDs	1200			newNonFullTGDs	2562		newFullTGDs	36762
nonFullTGDs	1500		fullTGDs	1200			newNonFullTGDs	2462		newFullTGDs	39678
nonFullTGDs	1600		fullTGDs	1200			newNonFullTGDs	2362		newFullTGDs	42573
nonFullTGDs	1700		fullTGDs	1200			newNonFullTGDs	2262		newFullTGDs	45159
nonFullTGDs	1800		fullTGDs	1200			newNonFullTGDs	2162		newFullTGDs	47120
nonFullTGDs	1900		fullTGDs	1200			newNonFullTGDs	2062		newFullTGDs	48966
nonFullTGDs	2000		fullTGDs	1200			newNonFullTGDs	1962		newFullTGDs	50923
nonFullTGDs	2100		fullTGDs	1200			newNonFullTGDs	1862		newFullTGDs	52240
nonFullTGDs	2200		fullTGDs	1200			newNonFullTGDs	1762		newFullTGDs	56288
nonFullTGDs	2300		fullTGDs	1200			newNonFullTGDs	1662		newFullTGDs	58449
nonFullTGDs	2400		fullTGDs	1200			newNonFullTGDs	1562		newFullTGDs	60395
nonFullTGDs	2500		fullTGDs	1200			newNonFullTGDs	1462		newFullTGDs	63521
nonFullTGDs	2600		fullTGDs	1200			newNonFullTGDs	1362		newFullTGDs	65790
nonFullTGDs	2700		fullTGDs	1200			newNonFullTGDs	1262		newFullTGDs	68167
nonFullTGDs	2800		fullTGDs	1200			newNonFullTGDs	1162		newFullTGDs	69899
nonFullTGDs	2900		fullTGDs	1200			newNonFullTGDs	1062		newFullTGDs	71013
nonFullTGDs	3000		fullTGDs	1200			newNonFullTGDs	962		newFullTGDs	73992
nonFullTGDs	3100		fullTGDs	1200			newNonFullTGDs	862		newFullTGDs	76892
nonFullTGDs	3200		fullTGDs	1200			newNonFullTGDs	762		newFullTGDs	78728
nonFullTGDs	3300		fullTGDs	1200			newNonFullTGDs	662		newFullTGDs	81210
nonFullTGDs	3400		fullTGDs	1200			newNonFullTGDs	562		newFullTGDs	83273
nonFullTGDs	3500		fullTGDs	1200			newNonFullTGDs	462		newFullTGDs	85028
nonFullTGDs	3600		fullTGDs	1200			newNonFullTGDs	362		newFullTGDs	88671
nonFullTGDs	3700		fullTGDs	1200			newNonFullTGDs	262		newFullTGDs	90930
nonFullTGDs	3800		fullTGDs	1200			newNonFullTGDs	162		newFullTGDs	94152
nonFullTGDs	3900		fullTGDs	1200			newNonFullTGDs	62		newFullTGDs	96204
nonFullTGDs	3974		fullTGDs	1213			newNonFullTGDs	0		newFullTGDs	96857
nonFullTGDs	4003		fullTGDs	1246			newNonFullTGDs	0		newFullTGDs	96836
nonFullTGDs	4031		fullTGDs	1280			newNonFullTGDs	1		newFullTGDs	96805
nonFullTGDs	4064		fullTGDs	1313			newNonFullTGDs	0		newFullTGDs	96790
nonFullTGDs	4076		fullTGDs	1346			newNonFullTGDs	0		newFullTGDs	96760
nonFullTGDs	4076		fullTGDs	1380			newNonFullTGDs	0		newFullTGDs	96726
nonFullTGDs	4076		fullTGDs	1413			newNonFullTGDs	0		newFullTGDs	96693
nonFullTGDs	4076		fullTGDs	1446			newNonFullTGDs	0		newFullTGDs	96660
nonFullTGDs	4076		fullTGDs	1480			newNonFullTGDs	0		newFullTGDs	96626
nonFullTGDs	4076		fullTGDs	1513			newNonFullTGDs	0		newFullTGDs	96593
nonFullTGDs	4076		fullTGDs	1546			newNonFullTGDs	0		newFullTGDs	96560
nonFullTGDs	4080		fullTGDs	1580			newNonFullTGDs	0		newFullTGDs	96529
nonFullTGDs	4089		fullTGDs	1613			newNonFullTGDs	0		newFullTGDs	96496
nonFullTGDs	4089		fullTGDs	1647			newNonFullTGDs	0		newFullTGDs	96462
nonFullTGDs	4089		fullTGDs	1680			newNonFullTGDs	0		newFullTGDs	96429
nonFullTGDs	4089		fullTGDs	1713			newNonFullTGDs	0		newFullTGDs	96396
nonFullTGDs	4089		fullTGDs	1747			newNonFullTGDs	0		newFullTGDs	96362
nonFullTGDs	4089		fullTGDs	1780			newNonFullTGDs	0		newFullTGDs	96329
nonFullTGDs	4089		fullTGDs	1813			newNonFullTGDs	0		newFullTGDs	96296
nonFullTGDs	4089		fullTGDs	1847			newNonFullTGDs	0		newFullTGDs	96262
nonFullTGDs	4089		fullTGDs	1880			newNonFullTGDs	0		newFullTGDs	96229
nonFullTGDs	4089		fullTGDs	1913			newNonFullTGDs	0		newFullTGDs	96196
nonFullTGDs	4089		fullTGDs	1947			newNonFullTGDs	0		newFullTGDs	96162
nonFullTGDs	4089		fullTGDs	1980			newNonFullTGDs	0		newFullTGDs	96129
nonFullTGDs	4101		fullTGDs	2013			newNonFullTGDs	0		newFullTGDs	96099
nonFullTGDs	4111		fullTGDs	2047			newNonFullTGDs	0		newFullTGDs	96068
nonFullTGDs	4111		fullTGDs	2080			newNonFullTGDs	0		newFullTGDs	96035
nonFullTGDs	4111		fullTGDs	2113			newNonFullTGDs	0		newFullTGDs	96002
nonFullTGDs	4111		fullTGDs	2147			newNonFullTGDs	0		newFullTGDs	95968
nonFullTGDs	4111		fullTGDs	2180			newNonFullTGDs	0		newFullTGDs	95935
nonFullTGDs	4111		fullTGDs	2213			newNonFullTGDs	0		newFullTGDs	95902
nonFullTGDs	4111		fullTGDs	2247			newNonFullTGDs	0		newFullTGDs	95868
nonFullTGDs	4111		fullTGDs	2280			newNonFullTGDs	0		newFullTGDs	95835
nonFullTGDs	4111		fullTGDs	2313			newNonFullTGDs	0		newFullTGDs	95802
nonFullTGDs	4111		fullTGDs	2347			newNonFullTGDs	0		newFullTGDs	95768
nonFullTGDs	4111		fullTGDs	2380			newNonFullTGDs	0		newFullTGDs	95735
nonFullTGDs	4118		fullTGDs	2413			newNonFullTGDs	0		newFullTGDs	95705
nonFullTGDs	4122		fullTGDs	2447			newNonFullTGDs	0		newFullTGDs	95671
nonFullTGDs	4122		fullTGDs	2480			newNonFullTGDs	0		newFullTGDs	95638
nonFullTGDs	4122		fullTGDs	2513			newNonFullTGDs	0		newFullTGDs	95605
nonFullTGDs	4122		fullTGDs	2547			newNonFullTGDs	0		newFullTGDs	95571
nonFullTGDs	4122		fullTGDs	2580			newNonFullTGDs	0		newFullTGDs	95538
nonFullTGDs	4122		fullTGDs	2613			newNonFullTGDs	0		newFullTGDs	95505
nonFullTGDs	4122		fullTGDs	2647			newNonFullTGDs	0		newFullTGDs	95471
nonFullTGDs	4122		fullTGDs	2680			newNonFullTGDs	0		newFullTGDs	95438
nonFullTGDs	4122		fullTGDs	2713			newNonFullTGDs	0		newFullTGDs	95405
nonFullTGDs	4122		fullTGDs	2747			newNonFullTGDs	0		newFullTGDs	95371
nonFullTGDs	4122		fullTGDs	2780			newNonFullTGDs	0		newFullTGDs	95338
nonFullTGDs	4122		fullTGDs	2813			newNonFullTGDs	0		newFullTGDs	95305
nonFullTGDs	4122		fullTGDs	2847			newNonFullTGDs	0		newFullTGDs	95271
nonFullTGDs	4122		fullTGDs	2880			newNonFullTGDs	0		newFullTGDs	95238
nonFullTGDs	4122		fullTGDs	2913			newNonFullTGDs	0		newFullTGDs	95205
nonFullTGDs	4122		fullTGDs	2947			newNonFullTGDs	0		newFullTGDs	95171
nonFullTGDs	4122		fullTGDs	2980			newNonFullTGDs	0		newFullTGDs	95138
nonFullTGDs	4122		fullTGDs	3013			newNonFullTGDs	0		newFullTGDs	95105
nonFullTGDs	4122		fullTGDs	3047			newNonFullTGDs	0		newFullTGDs	95071
nonFullTGDs	4122		fullTGDs	3080			newNonFullTGDs	0		newFullTGDs	95038
nonFullTGDs	4122		fullTGDs	3113			newNonFullTGDs	0		newFullTGDs	95005
nonFullTGDs	4122		fullTGDs	3147			newNonFullTGDs	0		newFullTGDs	94971
nonFullTGDs	4122		fullTGDs	3180			newNonFullTGDs	0		newFullTGDs	94938
nonFullTGDs	4122		fullTGDs	3213			newNonFullTGDs	0		newFullTGDs	94905
nonFullTGDs	4122		fullTGDs	3247			newNonFullTGDs	0		newFullTGDs	94871
nonFullTGDs	4122		fullTGDs	3280			newNonFullTGDs	0		newFullTGDs	94838
nonFullTGDs	4122		fullTGDs	3313			newNonFullTGDs	0		newFullTGDs	94805
nonFullTGDs	4126		fullTGDs	3347			newNonFullTGDs	0		newFullTGDs	94774
nonFullTGDs	4126		fullTGDs	3380			newNonFullTGDs	0		newFullTGDs	94741
nonFullTGDs	4138		fullTGDs	3414			newNonFullTGDs	0		newFullTGDs	94713
nonFullTGDs	4138		fullTGDs	3447			newNonFullTGDs	0		newFullTGDs	94680
nonFullTGDs	4141		fullTGDs	3481			newNonFullTGDs	1		newFullTGDs	94649
nonFullTGDs	4143		fullTGDs	3514			newNonFullTGDs	0		newFullTGDs	94616
nonFullTGDs	4143		fullTGDs	3547			newNonFullTGDs	0		newFullTGDs	94583
nonFullTGDs	4150		fullTGDs	3580			newNonFullTGDs	0		newFullTGDs	94553
nonFullTGDs	4152		fullTGDs	3614			newNonFullTGDs	0		newFullTGDs	94519
nonFullTGDs	4152		fullTGDs	3647			newNonFullTGDs	0		newFullTGDs	94486
nonFullTGDs	4152		fullTGDs	3680			newNonFullTGDs	0		newFullTGDs	94453
nonFullTGDs	4152		fullTGDs	3714			newNonFullTGDs	0		newFullTGDs	94419
nonFullTGDs	4152		fullTGDs	3747			newNonFullTGDs	0		newFullTGDs	94386
nonFullTGDs	4163		fullTGDs	3780			newNonFullTGDs	0		newFullTGDs	94359
nonFullTGDs	4163		fullTGDs	3814			newNonFullTGDs	0		newFullTGDs	94325
nonFullTGDs	4168		fullTGDs	3847			newNonFullTGDs	0		newFullTGDs	94295
nonFullTGDs	4169		fullTGDs	3880			newNonFullTGDs	0		newFullTGDs	94262
nonFullTGDs	4176		fullTGDs	3914			newNonFullTGDs	0		newFullTGDs	94231
nonFullTGDs	4178		fullTGDs	3947			newNonFullTGDs	0		newFullTGDs	94198
nonFullTGDs	4179		fullTGDs	3980			newNonFullTGDs	0		newFullTGDs	94165
nonFullTGDs	4179		fullTGDs	4014			newNonFullTGDs	0		newFullTGDs	94131
nonFullTGDs	4179		fullTGDs	4047			newNonFullTGDs	0		newFullTGDs	94098
nonFullTGDs	4179		fullTGDs	4080			newNonFullTGDs	0		newFullTGDs	94065
nonFullTGDs	4179		fullTGDs	4114			newNonFullTGDs	0		newFullTGDs	94031
nonFullTGDs	4179		fullTGDs	4147			newNonFullTGDs	0		newFullTGDs	93998
nonFullTGDs	4179		fullTGDs	4180			newNonFullTGDs	0		newFullTGDs	93965
nonFullTGDs	4179		fullTGDs	4214			newNonFullTGDs	0		newFullTGDs	93931
nonFullTGDs	4179		fullTGDs	4247			newNonFullTGDs	0		newFullTGDs	93898
nonFullTGDs	4188		fullTGDs	4280			newNonFullTGDs	0		newFullTGDs	93868
nonFullTGDs	4188		fullTGDs	4314			newNonFullTGDs	0		newFullTGDs	93834
nonFullTGDs	4188		fullTGDs	4347			newNonFullTGDs	0		newFullTGDs	93801
nonFullTGDs	4188		fullTGDs	4380			newNonFullTGDs	0		newFullTGDs	93768
nonFullTGDs	4188		fullTGDs	4414			newNonFullTGDs	0		newFullTGDs	93734
nonFullTGDs	4191		fullTGDs	4447			newNonFullTGDs	0		newFullTGDs	93701
nonFullTGDs	4196		fullTGDs	4481			newNonFullTGDs	1		newFullTGDs	93673
nonFullTGDs	4214		fullTGDs	4514			newNonFullTGDs	0		newFullTGDs	93643
nonFullTGDs	4214		fullTGDs	4547			newNonFullTGDs	0		newFullTGDs	93610
nonFullTGDs	4214		fullTGDs	4581			newNonFullTGDs	0		newFullTGDs	93576
nonFullTGDs	4214		fullTGDs	4614			newNonFullTGDs	0		newFullTGDs	93543
nonFullTGDs	4214		fullTGDs	4647			newNonFullTGDs	0		newFullTGDs	93510
nonFullTGDs	4214		fullTGDs	4681			newNonFullTGDs	0		newFullTGDs	93476
nonFullTGDs	4233		fullTGDs	4714			newNonFullTGDs	0		newFullTGDs	93449
nonFullTGDs	4233		fullTGDs	4747			newNonFullTGDs	0		newFullTGDs	93416
nonFullTGDs	4233		fullTGDs	4781			newNonFullTGDs	0		newFullTGDs	93382
nonFullTGDs	4233		fullTGDs	4814			newNonFullTGDs	0		newFullTGDs	93349
nonFullTGDs	4233		fullTGDs	4847			newNonFullTGDs	0		newFullTGDs	93316
nonFullTGDs	4234		fullTGDs	4881			newNonFullTGDs	0		newFullTGDs	93282
nonFullTGDs	4236		fullTGDs	4914			newNonFullTGDs	0		newFullTGDs	93249
nonFullTGDs	4236		fullTGDs	4947			newNonFullTGDs	0		newFullTGDs	93216
nonFullTGDs	4236		fullTGDs	4981			newNonFullTGDs	0		newFullTGDs	93182
nonFullTGDs	4236		fullTGDs	5014			newNonFullTGDs	0		newFullTGDs	93149
nonFullTGDs	4236		fullTGDs	5047			newNonFullTGDs	0		newFullTGDs	93116
nonFullTGDs	4238		fullTGDs	5081			newNonFullTGDs	0		newFullTGDs	93082
nonFullTGDs	4238		fullTGDs	5114			newNonFullTGDs	0		newFullTGDs	93049
nonFullTGDs	4238		fullTGDs	5147			newNonFullTGDs	0		newFullTGDs	93016
nonFullTGDs	4238		fullTGDs	5181			newNonFullTGDs	0		newFullTGDs	92982
nonFullTGDs	4238		fullTGDs	5214			newNonFullTGDs	0		newFullTGDs	92949
nonFullTGDs	4238		fullTGDs	5247			newNonFullTGDs	0		newFullTGDs	92916
nonFullTGDs	4264		fullTGDs	5281			newNonFullTGDs	0		newFullTGDs	92891
nonFullTGDs	4293		fullTGDs	5314			newNonFullTGDs	0		newFullTGDs	92873
nonFullTGDs	4324		fullTGDs	5348			newNonFullTGDs	0		newFullTGDs	92851
nonFullTGDs	4326		fullTGDs	5381			newNonFullTGDs	0		newFullTGDs	92818
nonFullTGDs	4326		fullTGDs	5415			newNonFullTGDs	0		newFullTGDs	92784
nonFullTGDs	4326		fullTGDs	5448			newNonFullTGDs	0		newFullTGDs	92751
nonFullTGDs	4326		fullTGDs	5481			newNonFullTGDs	0		newFullTGDs	92718
nonFullTGDs	4326		fullTGDs	5515			newNonFullTGDs	0		newFullTGDs	92684
nonFullTGDs	4326		fullTGDs	5548			newNonFullTGDs	0		newFullTGDs	92651
nonFullTGDs	4326		fullTGDs	5581			newNonFullTGDs	0		newFullTGDs	92618
nonFullTGDs	4326		fullTGDs	5615			newNonFullTGDs	0		newFullTGDs	92584
nonFullTGDs	4330		fullTGDs	5647			newNonFullTGDs	0		newFullTGDs	92552
nonFullTGDs	4330		fullTGDs	5680			newNonFullTGDs	0		newFullTGDs	92519
nonFullTGDs	4330		fullTGDs	5713			newNonFullTGDs	0		newFullTGDs	92486
nonFullTGDs	4330		fullTGDs	5747			newNonFullTGDs	0		newFullTGDs	92452
nonFullTGDs	4330		fullTGDs	5780			newNonFullTGDs	0		newFullTGDs	92419
nonFullTGDs	4330		fullTGDs	5813			newNonFullTGDs	0		newFullTGDs	92386
nonFullTGDs	4330		fullTGDs	5847			newNonFullTGDs	0		newFullTGDs	92352
nonFullTGDs	4330		fullTGDs	5880			newNonFullTGDs	0		newFullTGDs	92319
nonFullTGDs	4330		fullTGDs	5913			newNonFullTGDs	0		newFullTGDs	92286
nonFullTGDs	4339		fullTGDs	5943			newNonFullTGDs	0		newFullTGDs	92265
nonFullTGDs	4356		fullTGDs	5974			newNonFullTGDs	0		newFullTGDs	92246
nonFullTGDs	4356		fullTGDs	6007			newNonFullTGDs	0		newFullTGDs	92213
nonFullTGDs	4356		fullTGDs	6040			newNonFullTGDs	0		newFullTGDs	92180
nonFullTGDs	4356		fullTGDs	6074			newNonFullTGDs	0		newFullTGDs	92146
nonFullTGDs	4356		fullTGDs	6107			newNonFullTGDs	0		newFullTGDs	92113
nonFullTGDs	4357		fullTGDs	6140			newNonFullTGDs	0		newFullTGDs	92080
nonFullTGDs	4357		fullTGDs	6173			newNonFullTGDs	0		newFullTGDs	92047
nonFullTGDs	4359		fullTGDs	6207			newNonFullTGDs	0		newFullTGDs	92017
nonFullTGDs	4366		fullTGDs	6238			newNonFullTGDs	0		newFullTGDs	91991
nonFullTGDs	4366		fullTGDs	6271			newNonFullTGDs	0		newFullTGDs	91958
nonFullTGDs	4366		fullTGDs	6305			newNonFullTGDs	0		newFullTGDs	91924
nonFullTGDs	4366		fullTGDs	6338			newNonFullTGDs	0		newFullTGDs	91891
nonFullTGDs	4372		fullTGDs	6371			newNonFullTGDs	0		newFullTGDs	91861
nonFullTGDs	4376		fullTGDs	6405			newNonFullTGDs	0		newFullTGDs	91827
nonFullTGDs	4376		fullTGDs	6438			newNonFullTGDs	0		newFullTGDs	91794
nonFullTGDs	4376		fullTGDs	6471			newNonFullTGDs	0		newFullTGDs	91761
nonFullTGDs	4376		fullTGDs	6505			newNonFullTGDs	0		newFullTGDs	91727
nonFullTGDs	4376		fullTGDs	6538			newNonFullTGDs	0		newFullTGDs	91694
nonFullTGDs	4376		fullTGDs	6571			newNonFullTGDs	0		newFullTGDs	91661
nonFullTGDs	4376		fullTGDs	6605			newNonFullTGDs	0		newFullTGDs	91627
nonFullTGDs	4376		fullTGDs	6638			newNonFullTGDs	0		newFullTGDs	91594
nonFullTGDs	4378		fullTGDs	6671			newNonFullTGDs	0		newFullTGDs	91561
nonFullTGDs	4378		fullTGDs	6705			newNonFullTGDs	0		newFullTGDs	91527
nonFullTGDs	4378		fullTGDs	6738			newNonFullTGDs	0		newFullTGDs	91494
nonFullTGDs	4378		fullTGDs	6771			newNonFullTGDs	0		newFullTGDs	91461
nonFullTGDs	4378		fullTGDs	6805			newNonFullTGDs	0		newFullTGDs	91427
nonFullTGDs	4378		fullTGDs	6838			newNonFullTGDs	0		newFullTGDs	91394
nonFullTGDs	4378		fullTGDs	6871			newNonFullTGDs	0		newFullTGDs	91361
nonFullTGDs	4378		fullTGDs	6905			newNonFullTGDs	0		newFullTGDs	91327
nonFullTGDs	4382		fullTGDs	6938			newNonFullTGDs	0		newFullTGDs	91294
nonFullTGDs	4382		fullTGDs	6971			newNonFullTGDs	0		newFullTGDs	91261
nonFullTGDs	4385		fullTGDs	7005			newNonFullTGDs	0		newFullTGDs	91230
nonFullTGDs	4387		fullTGDs	7038			newNonFullTGDs	0		newFullTGDs	91197
nonFullTGDs	4387		fullTGDs	7071			newNonFullTGDs	0		newFullTGDs	91164
nonFullTGDs	4387		fullTGDs	7105			newNonFullTGDs	0		newFullTGDs	91130
nonFullTGDs	4387		fullTGDs	7138			newNonFullTGDs	0		newFullTGDs	91097
nonFullTGDs	4387		fullTGDs	7171			newNonFullTGDs	0		newFullTGDs	91064
nonFullTGDs	4387		fullTGDs	7205			newNonFullTGDs	0		newFullTGDs	91030
nonFullTGDs	4388		fullTGDs	7238			newNonFullTGDs	0		newFullTGDs	90997
nonFullTGDs	4389		fullTGDs	7271			newNonFullTGDs	0		newFullTGDs	90964
nonFullTGDs	4391		fullTGDs	7305			newNonFullTGDs	0		newFullTGDs	90930
nonFullTGDs	4391		fullTGDs	7338			newNonFullTGDs	0		newFullTGDs	90897
nonFullTGDs	4391		fullTGDs	7371			newNonFullTGDs	0		newFullTGDs	90864
nonFullTGDs	4391		fullTGDs	7405			newNonFullTGDs	0		newFullTGDs	90830
nonFullTGDs	4391		fullTGDs	7438			newNonFullTGDs	0		newFullTGDs	90797
nonFullTGDs	4391		fullTGDs	7471			newNonFullTGDs	0		newFullTGDs	90764
nonFullTGDs	4392		fullTGDs	7505			newNonFullTGDs	0		newFullTGDs	90730
nonFullTGDs	4392		fullTGDs	7538			newNonFullTGDs	0		newFullTGDs	90697
nonFullTGDs	4393		fullTGDs	7571			newNonFullTGDs	0		newFullTGDs	90664
nonFullTGDs	4393		fullTGDs	7604			newNonFullTGDs	0		newFullTGDs	90631
nonFullTGDs	4393		fullTGDs	7637			newNonFullTGDs	0		newFullTGDs	90598
nonFullTGDs	4393		fullTGDs	7671			newNonFullTGDs	0		newFullTGDs	90564
nonFullTGDs	4393		fullTGDs	7704			newNonFullTGDs	0		newFullTGDs	90531
nonFullTGDs	4393		fullTGDs	7737			newNonFullTGDs	0		newFullTGDs	90498
nonFullTGDs	4393		fullTGDs	7771			newNonFullTGDs	0		newFullTGDs	90464
nonFullTGDs	4393		fullTGDs	7804			newNonFullTGDs	0		newFullTGDs	90431
nonFullTGDs	4393		fullTGDs	7837			newNonFullTGDs	0		newFullTGDs	90398
nonFullTGDs	4393		fullTGDs	7871			newNonFullTGDs	0		newFullTGDs	90364
nonFullTGDs	4393		fullTGDs	7904			newNonFullTGDs	0		newFullTGDs	90331
nonFullTGDs	4393		fullTGDs	7937			newNonFullTGDs	0		newFullTGDs	90298
nonFullTGDs	4393		fullTGDs	7971			newNonFullTGDs	0		newFullTGDs	90264
nonFullTGDs	4393		fullTGDs	8004			newNonFullTGDs	0		newFullTGDs	90231
nonFullTGDs	4393		fullTGDs	8037			newNonFullTGDs	0		newFullTGDs	90198
nonFullTGDs	4393		fullTGDs	8071			newNonFullTGDs	0		newFullTGDs	90164
nonFullTGDs	4393		fullTGDs	8104			newNonFullTGDs	0		newFullTGDs	90131
nonFullTGDs	4393		fullTGDs	8137			newNonFullTGDs	0		newFullTGDs	90098
nonFullTGDs	4393		fullTGDs	8171			newNonFullTGDs	0		newFullTGDs	90064
nonFullTGDs	4393		fullTGDs	8204			newNonFullTGDs	0		newFullTGDs	90031
nonFullTGDs	4393		fullTGDs	8237			newNonFullTGDs	0		newFullTGDs	89998
nonFullTGDs	4393		fullTGDs	8271			newNonFullTGDs	0		newFullTGDs	89964
nonFullTGDs	4393		fullTGDs	8304			newNonFullTGDs	0		newFullTGDs	89931
nonFullTGDs	4393		fullTGDs	8337			newNonFullTGDs	0		newFullTGDs	89898
nonFullTGDs	4393		fullTGDs	8371			newNonFullTGDs	0		newFullTGDs	89864
nonFullTGDs	4393		fullTGDs	8404			newNonFullTGDs	0		newFullTGDs	89831
nonFullTGDs	4393		fullTGDs	8437			newNonFullTGDs	0		newFullTGDs	89798
nonFullTGDs	4393		fullTGDs	8471			newNonFullTGDs	0		newFullTGDs	89764
nonFullTGDs	4393		fullTGDs	8504			newNonFullTGDs	0		newFullTGDs	89731
nonFullTGDs	4393		fullTGDs	8537			newNonFullTGDs	0		newFullTGDs	89698
nonFullTGDs	4393		fullTGDs	8571			newNonFullTGDs	0		newFullTGDs	89664
nonFullTGDs	4393		fullTGDs	8604			newNonFullTGDs	0		newFullTGDs	89631
nonFullTGDs	4393		fullTGDs	8637			newNonFullTGDs	0		newFullTGDs	89598
nonFullTGDs	4393		fullTGDs	8671			newNonFullTGDs	0		newFullTGDs	89564
nonFullTGDs	4393		fullTGDs	8704			newNonFullTGDs	0		newFullTGDs	89531
nonFullTGDs	4393		fullTGDs	8737			newNonFullTGDs	0		newFullTGDs	89498
nonFullTGDs	4393		fullTGDs	8771			newNonFullTGDs	0		newFullTGDs	89464
nonFullTGDs	4393		fullTGDs	8804			newNonFullTGDs	0		newFullTGDs	89431
nonFullTGDs	4393		fullTGDs	8837			newNonFullTGDs	0		newFullTGDs	89398
nonFullTGDs	4393		fullTGDs	8871			newNonFullTGDs	0		newFullTGDs	89364
nonFullTGDs	4393		fullTGDs	8904			newNonFullTGDs	0		newFullTGDs	89331
nonFullTGDs	4393		fullTGDs	8937			newNonFullTGDs	0		newFullTGDs	89298
nonFullTGDs	4393		fullTGDs	8971			newNonFullTGDs	0		newFullTGDs	89264
nonFullTGDs	4393		fullTGDs	9004			newNonFullTGDs	0		newFullTGDs	89231
nonFullTGDs	4393		fullTGDs	9037			newNonFullTGDs	0		newFullTGDs	89198
nonFullTGDs	4393		fullTGDs	9071			newNonFullTGDs	0		newFullTGDs	89164
nonFullTGDs	4393		fullTGDs	9104			newNonFullTGDs	0		newFullTGDs	89131
nonFullTGDs	4393		fullTGDs	9137			newNonFullTGDs	0		newFullTGDs	89098
nonFullTGDs	4393		fullTGDs	9171			newNonFullTGDs	0		newFullTGDs	89064
nonFullTGDs	4393		fullTGDs	9204			newNonFullTGDs	0		newFullTGDs	89031
nonFullTGDs	4393		fullTGDs	9237			newNonFullTGDs	0		newFullTGDs	88998
nonFullTGDs	4393		fullTGDs	9271			newNonFullTGDs	0		newFullTGDs	88964
nonFullTGDs	4393		fullTGDs	9304			newNonFullTGDs	0		newFullTGDs	88931
nonFullTGDs	4393		fullTGDs	9337			newNonFullTGDs	0		newFullTGDs	88898
nonFullTGDs	4393		fullTGDs	9371			newNonFullTGDs	0		newFullTGDs	88864
nonFullTGDs	4393		fullTGDs	9404			newNonFullTGDs	0		newFullTGDs	88831
nonFullTGDs	4393		fullTGDs	9437			newNonFullTGDs	0		newFullTGDs	88798
nonFullTGDs	4393		fullTGDs	9471			newNonFullTGDs	0		newFullTGDs	88764
nonFullTGDs	4393		fullTGDs	9504			newNonFullTGDs	0		newFullTGDs	88731
nonFullTGDs	4393		fullTGDs	9537			newNonFullTGDs	0		newFullTGDs	88698
nonFullTGDs	4393		fullTGDs	9571			newNonFullTGDs	0		newFullTGDs	88664
nonFullTGDs	4393		fullTGDs	9604			newNonFullTGDs	0		newFullTGDs	88631
nonFullTGDs	4393		fullTGDs	9637			newNonFullTGDs	0		newFullTGDs	88598
nonFullTGDs	4393		fullTGDs	9671			newNonFullTGDs	0		newFullTGDs	88564
nonFullTGDs	4393		fullTGDs	9704			newNonFullTGDs	0		newFullTGDs	88531
nonFullTGDs	4393		fullTGDs	9737			newNonFullTGDs	0		newFullTGDs	88498
nonFullTGDs	4397		fullTGDs	9771			newNonFullTGDs	0		newFullTGDs	88467
nonFullTGDs	4397		fullTGDs	9804			newNonFullTGDs	0		newFullTGDs	88434
nonFullTGDs	4397		fullTGDs	9837			newNonFullTGDs	0		newFullTGDs	88401
nonFullTGDs	4397		fullTGDs	9871			newNonFullTGDs	0		newFullTGDs	88367
nonFullTGDs	4397		fullTGDs	9904			newNonFullTGDs	0		newFullTGDs	88334
nonFullTGDs	4397		fullTGDs	9937			newNonFullTGDs	0		newFullTGDs	88301
nonFullTGDs	4399		fullTGDs	9971			newNonFullTGDs	0		newFullTGDs	88267
nonFullTGDs	4399		fullTGDs	10004			newNonFullTGDs	0		newFullTGDs	88234
nonFullTGDs	4399		fullTGDs	10037			newNonFullTGDs	0		newFullTGDs	88201
nonFullTGDs	4399		fullTGDs	10071			newNonFullTGDs	0		newFullTGDs	88167
nonFullTGDs	4399		fullTGDs	10104			newNonFullTGDs	0		newFullTGDs	88134
nonFullTGDs	4399		fullTGDs	10137			newNonFullTGDs	0		newFullTGDs	88101
nonFullTGDs	4399		fullTGDs	10171			newNonFullTGDs	0		newFullTGDs	88067
nonFullTGDs	4399		fullTGDs	10204			newNonFullTGDs	0		newFullTGDs	88034
nonFullTGDs	4399		fullTGDs	10237			newNonFullTGDs	0		newFullTGDs	88001
nonFullTGDs	4401		fullTGDs	10271			newNonFullTGDs	0		newFullTGDs	87967
nonFullTGDs	4406		fullTGDs	10304			newNonFullTGDs	0		newFullTGDs	87937
nonFullTGDs	4406		fullTGDs	10337			newNonFullTGDs	0		newFullTGDs	87904
nonFullTGDs	4406		fullTGDs	10371			newNonFullTGDs	0		newFullTGDs	87870
nonFullTGDs	4406		fullTGDs	10404			newNonFullTGDs	0		newFullTGDs	87837
nonFullTGDs	4406		fullTGDs	10437			newNonFullTGDs	0		newFullTGDs	87804
nonFullTGDs	4406		fullTGDs	10471			newNonFullTGDs	0		newFullTGDs	87770
nonFullTGDs	4406		fullTGDs	10504			newNonFullTGDs	0		newFullTGDs	87737
nonFullTGDs	4406		fullTGDs	10537			newNonFullTGDs	0		newFullTGDs	87704
nonFullTGDs	4406		fullTGDs	10571			newNonFullTGDs	0		newFullTGDs	87670
nonFullTGDs	4406		fullTGDs	10604			newNonFullTGDs	0		newFullTGDs	87637
nonFullTGDs	4406		fullTGDs	10637			newNonFullTGDs	0		newFullTGDs	87604
nonFullTGDs	4411		fullTGDs	10671			newNonFullTGDs	0		newFullTGDs	87573
nonFullTGDs	4417		fullTGDs	10704			newNonFullTGDs	0		newFullTGDs	87543
nonFullTGDs	4417		fullTGDs	10737			newNonFullTGDs	0		newFullTGDs	87510
nonFullTGDs	4417		fullTGDs	10771			newNonFullTGDs	0		newFullTGDs	87476
nonFullTGDs	4417		fullTGDs	10804			newNonFullTGDs	0		newFullTGDs	87443
nonFullTGDs	4417		fullTGDs	10837			newNonFullTGDs	0		newFullTGDs	87410
nonFullTGDs	4417		fullTGDs	10871			newNonFullTGDs	0		newFullTGDs	87376
nonFullTGDs	4417		fullTGDs	10904			newNonFullTGDs	0		newFullTGDs	87343
nonFullTGDs	4417		fullTGDs	10937			newNonFullTGDs	0		newFullTGDs	87310
nonFullTGDs	4417		fullTGDs	10971			newNonFullTGDs	0		newFullTGDs	87276
nonFullTGDs	4417		fullTGDs	11004			newNonFullTGDs	0		newFullTGDs	87243
nonFullTGDs	4417		fullTGDs	11037			newNonFullTGDs	0		newFullTGDs	87210
nonFullTGDs	4417		fullTGDs	11071			newNonFullTGDs	0		newFullTGDs	87176
nonFullTGDs	4417		fullTGDs	11104			newNonFullTGDs	0		newFullTGDs	87143
nonFullTGDs	4417		fullTGDs	11137			newNonFullTGDs	0		newFullTGDs	87110
nonFullTGDs	4417		fullTGDs	11171			newNonFullTGDs	0		newFullTGDs	87076
nonFullTGDs	4417		fullTGDs	11204			newNonFullTGDs	0		newFullTGDs	87043
nonFullTGDs	4417		fullTGDs	11237			newNonFullTGDs	0		newFullTGDs	87010
nonFullTGDs	4417		fullTGDs	11271			newNonFullTGDs	0		newFullTGDs	86976
nonFullTGDs	4417		fullTGDs	11304			newNonFullTGDs	0		newFullTGDs	86943
nonFullTGDs	4417		fullTGDs	11337			newNonFullTGDs	0		newFullTGDs	86910
nonFullTGDs	4421		fullTGDs	11371			newNonFullTGDs	0		newFullTGDs	86879
nonFullTGDs	4421		fullTGDs	11404			newNonFullTGDs	0		newFullTGDs	86846
nonFullTGDs	4421		fullTGDs	11437			newNonFullTGDs	0		newFullTGDs	86813
nonFullTGDs	4421		fullTGDs	11471			newNonFullTGDs	0		newFullTGDs	86779
nonFullTGDs	4421		fullTGDs	11504			newNonFullTGDs	0		newFullTGDs	86746
nonFullTGDs	4421		fullTGDs	11537			newNonFullTGDs	0		newFullTGDs	86713
nonFullTGDs	4421		fullTGDs	11571			newNonFullTGDs	0		newFullTGDs	86679
nonFullTGDs	4423		fullTGDs	11604			newNonFullTGDs	0		newFullTGDs	86646
nonFullTGDs	4429		fullTGDs	11637			newNonFullTGDs	0		newFullTGDs	86616
nonFullTGDs	4431		fullTGDs	11671			newNonFullTGDs	0		newFullTGDs	86582
nonFullTGDs	4432		fullTGDs	11704			newNonFullTGDs	0		newFullTGDs	86549
nonFullTGDs	4437		fullTGDs	11737			newNonFullTGDs	0		newFullTGDs	86519
nonFullTGDs	4437		fullTGDs	11771			newNonFullTGDs	0		newFullTGDs	86485
nonFullTGDs	4441		fullTGDs	11804			newNonFullTGDs	0		newFullTGDs	86455
nonFullTGDs	4448		fullTGDs	11837			newNonFullTGDs	0		newFullTGDs	86425
nonFullTGDs	4449		fullTGDs	11871			newNonFullTGDs	0		newFullTGDs	86391
nonFullTGDs	4460		fullTGDs	11901			newNonFullTGDs	0		newFullTGDs	86373
nonFullTGDs	4466		fullTGDs	11934			newNonFullTGDs	0		newFullTGDs	86340
nonFullTGDs	4466		fullTGDs	11968			newNonFullTGDs	0		newFullTGDs	86306
nonFullTGDs	4466		fullTGDs	12001			newNonFullTGDs	0		newFullTGDs	86273
nonFullTGDs	4466		fullTGDs	12034			newNonFullTGDs	0		newFullTGDs	86240
nonFullTGDs	4466		fullTGDs	12068			newNonFullTGDs	0		newFullTGDs	86206
nonFullTGDs	4466		fullTGDs	12101			newNonFullTGDs	0		newFullTGDs	86173
nonFullTGDs	4466		fullTGDs	12134			newNonFullTGDs	0		newFullTGDs	86140
nonFullTGDs	4466		fullTGDs	12168			newNonFullTGDs	0		newFullTGDs	86106
nonFullTGDs	4469		fullTGDs	12201			newNonFullTGDs	0		newFullTGDs	86073
nonFullTGDs	4469		fullTGDs	12234			newNonFullTGDs	0		newFullTGDs	86040
nonFullTGDs	4469		fullTGDs	12268			newNonFullTGDs	0		newFullTGDs	86006
nonFullTGDs	4469		fullTGDs	12301			newNonFullTGDs	0		newFullTGDs	85973
nonFullTGDs	4469		fullTGDs	12334			newNonFullTGDs	0		newFullTGDs	85940
nonFullTGDs	4469		fullTGDs	12368			newNonFullTGDs	0		newFullTGDs	85906
nonFullTGDs	4469		fullTGDs	12401			newNonFullTGDs	0		newFullTGDs	85873
nonFullTGDs	4469		fullTGDs	12434			newNonFullTGDs	0		newFullTGDs	85840
nonFullTGDs	4476		fullTGDs	12468			newNonFullTGDs	0		newFullTGDs	85809
nonFullTGDs	4479		fullTGDs	12501			newNonFullTGDs	0		newFullTGDs	85776
nonFullTGDs	4479		fullTGDs	12535			newNonFullTGDs	0		newFullTGDs	85742
nonFullTGDs	4479		fullTGDs	12568			newNonFullTGDs	0		newFullTGDs	85709
nonFullTGDs	4479		fullTGDs	12601			newNonFullTGDs	0		newFullTGDs	85676
nonFullTGDs	4479		fullTGDs	12635			newNonFullTGDs	0		newFullTGDs	85642
nonFullTGDs	4479		fullTGDs	12668			newNonFullTGDs	0		newFullTGDs	85609
nonFullTGDs	4479		fullTGDs	12701			newNonFullTGDs	0		newFullTGDs	85576
nonFullTGDs	4479		fullTGDs	12735			newNonFullTGDs	0		newFullTGDs	85542
nonFullTGDs	4498		fullTGDs	12768			newNonFullTGDs	0		newFullTGDs	85515
nonFullTGDs	4498		fullTGDs	12802			newNonFullTGDs	0		newFullTGDs	85481
nonFullTGDs	4498		fullTGDs	12835			newNonFullTGDs	0		newFullTGDs	85448
nonFullTGDs	4498		fullTGDs	12868			newNonFullTGDs	0		newFullTGDs	85415
nonFullTGDs	4498		fullTGDs	12902			newNonFullTGDs	0		newFullTGDs	85381
nonFullTGDs	4498		fullTGDs	12935			newNonFullTGDs	0		newFullTGDs	85348
nonFullTGDs	4498		fullTGDs	12968			newNonFullTGDs	0		newFullTGDs	85315
nonFullTGDs	4498		fullTGDs	13002			newNonFullTGDs	0		newFullTGDs	85281
nonFullTGDs	4498		fullTGDs	13035			newNonFullTGDs	0		newFullTGDs	85248
nonFullTGDs	4498		fullTGDs	13068			newNonFullTGDs	0		newFullTGDs	85215
nonFullTGDs	4498		fullTGDs	13102			newNonFullTGDs	0		newFullTGDs	85181
nonFullTGDs	4498		fullTGDs	13135			newNonFullTGDs	0		newFullTGDs	85148
nonFullTGDs	4498		fullTGDs	13168			newNonFullTGDs	0		newFullTGDs	85115
nonFullTGDs	4498		fullTGDs	13202			newNonFullTGDs	0		newFullTGDs	85081
nonFullTGDs	4502		fullTGDs	13235			newNonFullTGDs	0		newFullTGDs	85051
nonFullTGDs	4502		fullTGDs	13268			newNonFullTGDs	0		newFullTGDs	85018
nonFullTGDs	4511		fullTGDs	13302			newNonFullTGDs	0		newFullTGDs	84987
nonFullTGDs	4511		fullTGDs	13335			newNonFullTGDs	0		newFullTGDs	84954
nonFullTGDs	4511		fullTGDs	13368			newNonFullTGDs	0		newFullTGDs	84921
nonFullTGDs	4516		fullTGDs	13402			newNonFullTGDs	0		newFullTGDs	84887
nonFullTGDs	4516		fullTGDs	13435			newNonFullTGDs	0		newFullTGDs	84854
nonFullTGDs	4516		fullTGDs	13468			newNonFullTGDs	0		newFullTGDs	84821
nonFullTGDs	4516		fullTGDs	13502			newNonFullTGDs	0		newFullTGDs	84787
nonFullTGDs	4516		fullTGDs	13535			newNonFullTGDs	0		newFullTGDs	84754
nonFullTGDs	4519		fullTGDs	13568			newNonFullTGDs	0		newFullTGDs	84721
nonFullTGDs	4519		fullTGDs	13602			newNonFullTGDs	0		newFullTGDs	84687
nonFullTGDs	4519		fullTGDs	13635			newNonFullTGDs	0		newFullTGDs	84654
nonFullTGDs	4522		fullTGDs	13669			newNonFullTGDs	1		newFullTGDs	84623
nonFullTGDs	4523		fullTGDs	13702			newNonFullTGDs	0		newFullTGDs	84590
nonFullTGDs	4523		fullTGDs	13735			newNonFullTGDs	0		newFullTGDs	84557
nonFullTGDs	4523		fullTGDs	13768			newNonFullTGDs	0		newFullTGDs	84524
nonFullTGDs	4523		fullTGDs	13802			newNonFullTGDs	0		newFullTGDs	84490
nonFullTGDs	4524		fullTGDs	13835			newNonFullTGDs	0		newFullTGDs	84457
nonFullTGDs	4524		fullTGDs	13868			newNonFullTGDs	0		newFullTGDs	84424
nonFullTGDs	4524		fullTGDs	13902			newNonFullTGDs	0		newFullTGDs	84390
nonFullTGDs	4541		fullTGDs	13932			newNonFullTGDs	1		newFullTGDs	84372
nonFullTGDs	4543		fullTGDs	13964			newNonFullTGDs	0		newFullTGDs	84340
nonFullTGDs	4543		fullTGDs	13998			newNonFullTGDs	0		newFullTGDs	84306
nonFullTGDs	4543		fullTGDs	14031			newNonFullTGDs	0		newFullTGDs	84273
nonFullTGDs	4543		fullTGDs	14064			newNonFullTGDs	0		newFullTGDs	84240
nonFullTGDs	4543		fullTGDs	14098			newNonFullTGDs	0		newFullTGDs	84206
nonFullTGDs	4543		fullTGDs	14131			newNonFullTGDs	0		newFullTGDs	84173
nonFullTGDs	4545		fullTGDs	14164			newNonFullTGDs	0		newFullTGDs	84140
nonFullTGDs	4545		fullTGDs	14197			newNonFullTGDs	0		newFullTGDs	84107
nonFullTGDs	4550		fullTGDs	14230			newNonFullTGDs	0		newFullTGDs	84074
nonFullTGDs	4559		fullTGDs	14264			newNonFullTGDs	0		newFullTGDs	84046
nonFullTGDs	4561		fullTGDs	14296			newNonFullTGDs	0		newFullTGDs	84014
nonFullTGDs	4570		fullTGDs	14325			newNonFullTGDs	0		newFullTGDs	83994
nonFullTGDs	4583		fullTGDs	14356			newNonFullTGDs	0		newFullTGDs	83975
nonFullTGDs	4584		fullTGDs	14389			newNonFullTGDs	0		newFullTGDs	83942
nonFullTGDs	4584		fullTGDs	14422			newNonFullTGDs	0		newFullTGDs	83909
nonFullTGDs	4584		fullTGDs	14456			newNonFullTGDs	0		newFullTGDs	83875
nonFullTGDs	4584		fullTGDs	14489			newNonFullTGDs	0		newFullTGDs	83842
nonFullTGDs	4584		fullTGDs	14522			newNonFullTGDs	0		newFullTGDs	83809
nonFullTGDs	4584		fullTGDs	14556			newNonFullTGDs	0		newFullTGDs	83775
nonFullTGDs	4584		fullTGDs	14589			newNonFullTGDs	0		newFullTGDs	83742
nonFullTGDs	4584		fullTGDs	14622			newNonFullTGDs	0		newFullTGDs	83709
nonFullTGDs	4584		fullTGDs	14656			newNonFullTGDs	0		newFullTGDs	83675
nonFullTGDs	4587		fullTGDs	14689			newNonFullTGDs	0		newFullTGDs	83645
nonFullTGDs	4601		fullTGDs	14722			newNonFullTGDs	0		newFullTGDs	83615
nonFullTGDs	4601		fullTGDs	14756			newNonFullTGDs	0		newFullTGDs	83581
nonFullTGDs	4601		fullTGDs	14789			newNonFullTGDs	0		newFullTGDs	83548
nonFullTGDs	4601		fullTGDs	14822			newNonFullTGDs	0		newFullTGDs	83515
nonFullTGDs	4601		fullTGDs	14856			newNonFullTGDs	0		newFullTGDs	83481
nonFullTGDs	4612		fullTGDs	14889			newNonFullTGDs	0		newFullTGDs	83451
nonFullTGDs	4612		fullTGDs	14922			newNonFullTGDs	0		newFullTGDs	83418
nonFullTGDs	4612		fullTGDs	14956			newNonFullTGDs	0		newFullTGDs	83384
nonFullTGDs	4612		fullTGDs	14989			newNonFullTGDs	0		newFullTGDs	83351
nonFullTGDs	4621		fullTGDs	15023			newNonFullTGDs	0		newFullTGDs	83320
nonFullTGDs	4621		fullTGDs	15056			newNonFullTGDs	0		newFullTGDs	83287
nonFullTGDs	4622		fullTGDs	15090			newNonFullTGDs	1		newFullTGDs	83253
nonFullTGDs	4636		fullTGDs	15120			newNonFullTGDs	0		newFullTGDs	83235
nonFullTGDs	4655		fullTGDs	15145			newNonFullTGDs	0		newFullTGDs	83228
nonFullTGDs	4666		fullTGDs	15174			newNonFullTGDs	0		newFullTGDs	83208
nonFullTGDs	4666		fullTGDs	15207			newNonFullTGDs	0		newFullTGDs	83175
nonFullTGDs	4666		fullTGDs	15241			newNonFullTGDs	0		newFullTGDs	83141
nonFullTGDs	4666		fullTGDs	15274			newNonFullTGDs	0		newFullTGDs	83108
nonFullTGDs	4666		fullTGDs	15307			newNonFullTGDs	0		newFullTGDs	83075
nonFullTGDs	4666		fullTGDs	15341			newNonFullTGDs	0		newFullTGDs	83041
nonFullTGDs	4666		fullTGDs	15374			newNonFullTGDs	0		newFullTGDs	83008
nonFullTGDs	4666		fullTGDs	15407			newNonFullTGDs	0		newFullTGDs	82975
nonFullTGDs	4669		fullTGDs	15440			newNonFullTGDs	0		newFullTGDs	82942
nonFullTGDs	4669		fullTGDs	15473			newNonFullTGDs	0		newFullTGDs	82909
nonFullTGDs	4669		fullTGDs	15506			newNonFullTGDs	0		newFullTGDs	82876
nonFullTGDs	4669		fullTGDs	15540			newNonFullTGDs	0		newFullTGDs	82842
nonFullTGDs	4669		fullTGDs	15573			newNonFullTGDs	0		newFullTGDs	82809
nonFullTGDs	4669		fullTGDs	15606			newNonFullTGDs	0		newFullTGDs	82776
nonFullTGDs	4669		fullTGDs	15640			newNonFullTGDs	0		newFullTGDs	82742
nonFullTGDs	4669		fullTGDs	15673			newNonFullTGDs	0		newFullTGDs	82709
nonFullTGDs	4669		fullTGDs	15706			newNonFullTGDs	0		newFullTGDs	82676
nonFullTGDs	4669		fullTGDs	15740			newNonFullTGDs	0		newFullTGDs	82642
nonFullTGDs	4669		fullTGDs	15773			newNonFullTGDs	0		newFullTGDs	82609
nonFullTGDs	4669		fullTGDs	15806			newNonFullTGDs	0		newFullTGDs	82576
nonFullTGDs	4669		fullTGDs	15840			newNonFullTGDs	0		newFullTGDs	82542
nonFullTGDs	4669		fullTGDs	15873			newNonFullTGDs	0		newFullTGDs	82509
nonFullTGDs	4669		fullTGDs	15906			newNonFullTGDs	0		newFullTGDs	82476
nonFullTGDs	4669		fullTGDs	15940			newNonFullTGDs	0		newFullTGDs	82442
nonFullTGDs	4669		fullTGDs	15973			newNonFullTGDs	0		newFullTGDs	82409
nonFullTGDs	4669		fullTGDs	16006			newNonFullTGDs	0		newFullTGDs	82376
nonFullTGDs	4669		fullTGDs	16040			newNonFullTGDs	0		newFullTGDs	82342
nonFullTGDs	4689		fullTGDs	16070			newNonFullTGDs	0		newFullTGDs	82327
nonFullTGDs	4694		fullTGDs	16092			newNonFullTGDs	0		newFullTGDs	82305
nonFullTGDs	4694		fullTGDs	16112			newNonFullTGDs	0		newFullTGDs	82285
nonFullTGDs	4694		fullTGDs	16132			newNonFullTGDs	0		newFullTGDs	82265
nonFullTGDs	4694		fullTGDs	16152			newNonFullTGDs	0		newFullTGDs	82245
nonFullTGDs	4694		fullTGDs	16172			newNonFullTGDs	0		newFullTGDs	82225
nonFullTGDs	4694		fullTGDs	16192			newNonFullTGDs	0		newFullTGDs	82205
nonFullTGDs	4694		fullTGDs	16220			newNonFullTGDs	0		newFullTGDs	82177
nonFullTGDs	4694		fullTGDs	16254			newNonFullTGDs	0		newFullTGDs	82143
nonFullTGDs	4694		fullTGDs	16287			newNonFullTGDs	0		newFullTGDs	82110
nonFullTGDs	4694		fullTGDs	16320			newNonFullTGDs	0		newFullTGDs	82077
nonFullTGDs	4694		fullTGDs	16354			newNonFullTGDs	0		newFullTGDs	82043
nonFullTGDs	4694		fullTGDs	16387			newNonFullTGDs	0		newFullTGDs	82010
nonFullTGDs	4694		fullTGDs	16420			newNonFullTGDs	0		newFullTGDs	81977
nonFullTGDs	4699		fullTGDs	16451			newNonFullTGDs	3		newFullTGDs	81955
nonFullTGDs	4717		fullTGDs	16479			newNonFullTGDs	4		newFullTGDs	81944
nonFullTGDs	4721		fullTGDs	16502			newNonFullTGDs	0		newFullTGDs	81922
nonFullTGDs	4721		fullTGDs	16522			newNonFullTGDs	0		newFullTGDs	81902
nonFullTGDs	4721		fullTGDs	16542			newNonFullTGDs	0		newFullTGDs	81882
nonFullTGDs	4721		fullTGDs	16562			newNonFullTGDs	0		newFullTGDs	81862
nonFullTGDs	4721		fullTGDs	16582			newNonFullTGDs	0		newFullTGDs	81842
nonFullTGDs	4721		fullTGDs	16602			newNonFullTGDs	0		newFullTGDs	81822
nonFullTGDs	4721		fullTGDs	16622			newNonFullTGDs	0		newFullTGDs	81802
nonFullTGDs	4721		fullTGDs	16642			newNonFullTGDs	0		newFullTGDs	81782
nonFullTGDs	4721		fullTGDs	16662			newNonFullTGDs	0		newFullTGDs	81762
nonFullTGDs	4723		fullTGDs	16684			newNonFullTGDs	1		newFullTGDs	81744
nonFullTGDs	4724		fullTGDs	16707			newNonFullTGDs	0		newFullTGDs	81725
nonFullTGDs	4724		fullTGDs	16727			newNonFullTGDs	0		newFullTGDs	81705
nonFullTGDs	4724		fullTGDs	16747			newNonFullTGDs	0		newFullTGDs	81685
nonFullTGDs	4724		fullTGDs	16767			newNonFullTGDs	0		newFullTGDs	81665
nonFullTGDs	4724		fullTGDs	16787			newNonFullTGDs	0		newFullTGDs	81645
nonFullTGDs	4724		fullTGDs	16807			newNonFullTGDs	0		newFullTGDs	81625
nonFullTGDs	4724		fullTGDs	16827			newNonFullTGDs	0		newFullTGDs	81605
nonFullTGDs	4724		fullTGDs	16852			newNonFullTGDs	0		newFullTGDs	81580
nonFullTGDs	4724		fullTGDs	16885			newNonFullTGDs	0		newFullTGDs	81547
nonFullTGDs	4724		fullTGDs	16919			newNonFullTGDs	0		newFullTGDs	81513
nonFullTGDs	4724		fullTGDs	16952			newNonFullTGDs	0		newFullTGDs	81480
nonFullTGDs	4728		fullTGDs	16985			newNonFullTGDs	0		newFullTGDs	81450
nonFullTGDs	4728		fullTGDs	17019			newNonFullTGDs	0		newFullTGDs	81416
nonFullTGDs	4728		fullTGDs	17052			newNonFullTGDs	0		newFullTGDs	81383
nonFullTGDs	4728		fullTGDs	17085			newNonFullTGDs	0		newFullTGDs	81350
nonFullTGDs	4728		fullTGDs	17119			newNonFullTGDs	0		newFullTGDs	81316
nonFullTGDs	4734		fullTGDs	17152			newNonFullTGDs	0		newFullTGDs	81286
nonFullTGDs	4736		fullTGDs	17185			newNonFullTGDs	0		newFullTGDs	81253
nonFullTGDs	4736		fullTGDs	17219			newNonFullTGDs	0		newFullTGDs	81219
nonFullTGDs	4736		fullTGDs	17252			newNonFullTGDs	0		newFullTGDs	81186
nonFullTGDs	4736		fullTGDs	17285			newNonFullTGDs	0		newFullTGDs	81153
nonFullTGDs	4736		fullTGDs	17319			newNonFullTGDs	0		newFullTGDs	81119
nonFullTGDs	4736		fullTGDs	17352			newNonFullTGDs	0		newFullTGDs	81086
nonFullTGDs	4736		fullTGDs	17385			newNonFullTGDs	0		newFullTGDs	81053
nonFullTGDs	4736		fullTGDs	17419			newNonFullTGDs	0		newFullTGDs	81019
nonFullTGDs	4736		fullTGDs	17452			newNonFullTGDs	0		newFullTGDs	80986
nonFullTGDs	4736		fullTGDs	17485			newNonFullTGDs	0		newFullTGDs	80953
nonFullTGDs	4736		fullTGDs	17519			newNonFullTGDs	0		newFullTGDs	80919
nonFullTGDs	4736		fullTGDs	17552			newNonFullTGDs	0		newFullTGDs	80886
nonFullTGDs	4736		fullTGDs	17585			newNonFullTGDs	0		newFullTGDs	80853
nonFullTGDs	4737		fullTGDs	17619			newNonFullTGDs	0		newFullTGDs	80819
nonFullTGDs	4737		fullTGDs	17652			newNonFullTGDs	0		newFullTGDs	80786
nonFullTGDs	4745		fullTGDs	17685			newNonFullTGDs	0		newFullTGDs	80753
nonFullTGDs	4745		fullTGDs	17709			newNonFullTGDs	0		newFullTGDs	80729
nonFullTGDs	4745		fullTGDs	17729			newNonFullTGDs	0		newFullTGDs	80709
nonFullTGDs	4745		fullTGDs	17749			newNonFullTGDs	0		newFullTGDs	80689
nonFullTGDs	4745		fullTGDs	17769			newNonFullTGDs	0		newFullTGDs	80669
nonFullTGDs	4745		fullTGDs	17789			newNonFullTGDs	0		newFullTGDs	80649
nonFullTGDs	4745		fullTGDs	17809			newNonFullTGDs	0		newFullTGDs	80629
nonFullTGDs	4745		fullTGDs	17829			newNonFullTGDs	0		newFullTGDs	80609
nonFullTGDs	4745		fullTGDs	17849			newNonFullTGDs	0		newFullTGDs	80589
nonFullTGDs	4745		fullTGDs	17869			newNonFullTGDs	0		newFullTGDs	80569
nonFullTGDs	4745		fullTGDs	17889			newNonFullTGDs	0		newFullTGDs	80549
nonFullTGDs	4745		fullTGDs	17915			newNonFullTGDs	0		newFullTGDs	80523
nonFullTGDs	4745		fullTGDs	17948			newNonFullTGDs	0		newFullTGDs	80490
nonFullTGDs	4745		fullTGDs	17977			newNonFullTGDs	0		newFullTGDs	80461
nonFullTGDs	4746		fullTGDs	18004			newNonFullTGDs	0		newFullTGDs	80434
nonFullTGDs	4746		fullTGDs	18038			newNonFullTGDs	0		newFullTGDs	80400
nonFullTGDs	4746		fullTGDs	18061			newNonFullTGDs	0		newFullTGDs	80377
nonFullTGDs	4748		fullTGDs	18084			newNonFullTGDs	0		newFullTGDs	80358
nonFullTGDs	4750		fullTGDs	18106			newNonFullTGDs	0		newFullTGDs	80340
nonFullTGDs	4754		fullTGDs	18134			newNonFullTGDs	0		newFullTGDs	80324
nonFullTGDs	4754		fullTGDs	18154			newNonFullTGDs	0		newFullTGDs	80304
nonFullTGDs	4754		fullTGDs	18174			newNonFullTGDs	0		newFullTGDs	80284
nonFullTGDs	4754		fullTGDs	18194			newNonFullTGDs	0		newFullTGDs	80264
nonFullTGDs	4754		fullTGDs	18214			newNonFullTGDs	0		newFullTGDs	80244
nonFullTGDs	4754		fullTGDs	18234			newNonFullTGDs	0		newFullTGDs	80224
nonFullTGDs	4754		fullTGDs	18254			newNonFullTGDs	0		newFullTGDs	80204
nonFullTGDs	4754		fullTGDs	18274			newNonFullTGDs	0		newFullTGDs	80184
nonFullTGDs	4754		fullTGDs	18294			newNonFullTGDs	0		newFullTGDs	80164
nonFullTGDs	4754		fullTGDs	18314			newNonFullTGDs	0		newFullTGDs	80144
nonFullTGDs	4754		fullTGDs	18334			newNonFullTGDs	0		newFullTGDs	80124
nonFullTGDs	4754		fullTGDs	18354			newNonFullTGDs	0		newFullTGDs	80104
nonFullTGDs	4754		fullTGDs	18374			newNonFullTGDs	0		newFullTGDs	80084
nonFullTGDs	4754		fullTGDs	18394			newNonFullTGDs	0		newFullTGDs	80064
nonFullTGDs	4754		fullTGDs	18414			newNonFullTGDs	0		newFullTGDs	80044
nonFullTGDs	4754		fullTGDs	18434			newNonFullTGDs	0		newFullTGDs	80024
nonFullTGDs	4754		fullTGDs	18456			newNonFullTGDs	0		newFullTGDs	80002
nonFullTGDs	4754		fullTGDs	18483			newNonFullTGDs	0		newFullTGDs	79975
nonFullTGDs	4754		fullTGDs	18516			newNonFullTGDs	0		newFullTGDs	79942
nonFullTGDs	4754		fullTGDs	18544			newNonFullTGDs	0		newFullTGDs	79914
nonFullTGDs	4754		fullTGDs	18573			newNonFullTGDs	0		newFullTGDs	79885
nonFullTGDs	4754		fullTGDs	18604			newNonFullTGDs	0		newFullTGDs	79854
nonFullTGDs	4754		fullTGDs	18632			newNonFullTGDs	0		newFullTGDs	79826
nonFullTGDs	4754		fullTGDs	18658			newNonFullTGDs	0		newFullTGDs	79800
nonFullTGDs	4754		fullTGDs	18684			newNonFullTGDs	0		newFullTGDs	79774
nonFullTGDs	4754		fullTGDs	18717			newNonFullTGDs	0		newFullTGDs	79741
nonFullTGDs	4754		fullTGDs	18742			newNonFullTGDs	0		newFullTGDs	79716
nonFullTGDs	4754		fullTGDs	18776			newNonFullTGDs	0		newFullTGDs	79682
nonFullTGDs	4754		fullTGDs	18802			newNonFullTGDs	0		newFullTGDs	79656
nonFullTGDs	4754		fullTGDs	18829			newNonFullTGDs	0		newFullTGDs	79629
nonFullTGDs	4754		fullTGDs	18860			newNonFullTGDs	0		newFullTGDs	79598
nonFullTGDs	4754		fullTGDs	18886			newNonFullTGDs	0		newFullTGDs	79572
nonFullTGDs	4754		fullTGDs	18916			newNonFullTGDs	0		newFullTGDs	79542
nonFullTGDs	4754		fullTGDs	18942			newNonFullTGDs	0		newFullTGDs	79516
nonFullTGDs	4754		fullTGDs	18969			newNonFullTGDs	0		newFullTGDs	79489
nonFullTGDs	4754		fullTGDs	18994			newNonFullTGDs	0		newFullTGDs	79464
nonFullTGDs	4754		fullTGDs	19021			newNonFullTGDs	0		newFullTGDs	79437
nonFullTGDs	4754		fullTGDs	19053			newNonFullTGDs	0		newFullTGDs	79405
nonFullTGDs	4754		fullTGDs	19086			newNonFullTGDs	0		newFullTGDs	79372
nonFullTGDs	4754		fullTGDs	19120			newNonFullTGDs	0		newFullTGDs	79338
nonFullTGDs	4754		fullTGDs	19152			newNonFullTGDs	0		newFullTGDs	79306
nonFullTGDs	4754		fullTGDs	19184			newNonFullTGDs	0		newFullTGDs	79274
nonFullTGDs	4754		fullTGDs	19218			newNonFullTGDs	0		newFullTGDs	79240
nonFullTGDs	4754		fullTGDs	19244			newNonFullTGDs	0		newFullTGDs	79214
nonFullTGDs	4754		fullTGDs	19269			newNonFullTGDs	0		newFullTGDs	79189
nonFullTGDs	4754		fullTGDs	19295			newNonFullTGDs	0		newFullTGDs	79163
nonFullTGDs	4754		fullTGDs	19322			newNonFullTGDs	0		newFullTGDs	79136
nonFullTGDs	4754		fullTGDs	19356			newNonFullTGDs	0		newFullTGDs	79102
nonFullTGDs	4754		fullTGDs	19388			newNonFullTGDs	0		newFullTGDs	79070
nonFullTGDs	4754		fullTGDs	19422			newNonFullTGDs	0		newFullTGDs	79036
nonFullTGDs	4754		fullTGDs	19453			newNonFullTGDs	0		newFullTGDs	79005
nonFullTGDs	4754		fullTGDs	19482			newNonFullTGDs	0		newFullTGDs	78976
nonFullTGDs	4754		fullTGDs	19512			newNonFullTGDs	0		newFullTGDs	78946
nonFullTGDs	4754		fullTGDs	19536			newNonFullTGDs	0		newFullTGDs	78922
nonFullTGDs	4754		fullTGDs	19566			newNonFullTGDs	0		newFullTGDs	78892
nonFullTGDs	4754		fullTGDs	19599			newNonFullTGDs	0		newFullTGDs	78859
nonFullTGDs	4754		fullTGDs	19632			newNonFullTGDs	0		newFullTGDs	78826
nonFullTGDs	4754		fullTGDs	19664			newNonFullTGDs	0		newFullTGDs	78794
nonFullTGDs	4754		fullTGDs	19693			newNonFullTGDs	0		newFullTGDs	78765
nonFullTGDs	4754		fullTGDs	19721			newNonFullTGDs	0		newFullTGDs	78737
nonFullTGDs	4754		fullTGDs	19753			newNonFullTGDs	0		newFullTGDs	78705
nonFullTGDs	4754		fullTGDs	19786			newNonFullTGDs	0		newFullTGDs	78672
nonFullTGDs	4754		fullTGDs	19820			newNonFullTGDs	0		newFullTGDs	78638
nonFullTGDs	4755		fullTGDs	19846			newNonFullTGDs	0		newFullTGDs	78612
nonFullTGDs	4755		fullTGDs	19879			newNonFullTGDs	0		newFullTGDs	78579
nonFullTGDs	4755		fullTGDs	19913			newNonFullTGDs	0		newFullTGDs	78545
nonFullTGDs	4755		fullTGDs	19946			newNonFullTGDs	0		newFullTGDs	78512
nonFullTGDs	4755		fullTGDs	19978			newNonFullTGDs	0		newFullTGDs	78480
nonFullTGDs	4755		fullTGDs	20009			newNonFullTGDs	0		newFullTGDs	78449
nonFullTGDs	4755		fullTGDs	20042			newNonFullTGDs	0		newFullTGDs	78416
nonFullTGDs	4755		fullTGDs	20075			newNonFullTGDs	0		newFullTGDs	78383
nonFullTGDs	4755		fullTGDs	20107			newNonFullTGDs	0		newFullTGDs	78351
nonFullTGDs	4755		fullTGDs	20138			newNonFullTGDs	0		newFullTGDs	78320
nonFullTGDs	4755		fullTGDs	20171			newNonFullTGDs	0		newFullTGDs	78287
nonFullTGDs	4755		fullTGDs	20205			newNonFullTGDs	0		newFullTGDs	78253
nonFullTGDs	4755		fullTGDs	20238			newNonFullTGDs	0		newFullTGDs	78220
nonFullTGDs	4755		fullTGDs	20271			newNonFullTGDs	0		newFullTGDs	78187
nonFullTGDs	4755		fullTGDs	20305			newNonFullTGDs	0		newFullTGDs	78153
nonFullTGDs	4764		fullTGDs	20335			newNonFullTGDs	0		newFullTGDs	78132
nonFullTGDs	4764		fullTGDs	20368			newNonFullTGDs	0		newFullTGDs	78099
nonFullTGDs	4764		fullTGDs	20401			newNonFullTGDs	0		newFullTGDs	78066
nonFullTGDs	4764		fullTGDs	20435			newNonFullTGDs	0		newFullTGDs	78032
nonFullTGDs	4764		fullTGDs	20468			newNonFullTGDs	0		newFullTGDs	77999
nonFullTGDs	4764		fullTGDs	20501			newNonFullTGDs	0		newFullTGDs	77966
nonFullTGDs	4764		fullTGDs	20535			newNonFullTGDs	0		newFullTGDs	77932
nonFullTGDs	4766		fullTGDs	20568			newNonFullTGDs	0		newFullTGDs	77899
nonFullTGDs	4766		fullTGDs	20601			newNonFullTGDs	0		newFullTGDs	77866
nonFullTGDs	4766		fullTGDs	20635			newNonFullTGDs	0		newFullTGDs	77832
nonFullTGDs	4766		fullTGDs	20668			newNonFullTGDs	0		newFullTGDs	77799
nonFullTGDs	4766		fullTGDs	20701			newNonFullTGDs	0		newFullTGDs	77766
nonFullTGDs	4766		fullTGDs	20735			newNonFullTGDs	0		newFullTGDs	77732
nonFullTGDs	4766		fullTGDs	20768			newNonFullTGDs	0		newFullTGDs	77699
nonFullTGDs	4766		fullTGDs	20801			newNonFullTGDs	0		newFullTGDs	77666
nonFullTGDs	4766		fullTGDs	20835			newNonFullTGDs	0		newFullTGDs	77632
nonFullTGDs	4766		fullTGDs	20868			newNonFullTGDs	0		newFullTGDs	77599
nonFullTGDs	4766		fullTGDs	20901			newNonFullTGDs	0		newFullTGDs	77566
nonFullTGDs	4768		fullTGDs	20935			newNonFullTGDs	0		newFullTGDs	77532
nonFullTGDs	4768		fullTGDs	20968			newNonFullTGDs	0		newFullTGDs	77499
nonFullTGDs	4768		fullTGDs	21001			newNonFullTGDs	0		newFullTGDs	77466
nonFullTGDs	4768		fullTGDs	21035			newNonFullTGDs	0		newFullTGDs	77432
nonFullTGDs	4768		fullTGDs	21068			newNonFullTGDs	0		newFullTGDs	77399
nonFullTGDs	4768		fullTGDs	21101			newNonFullTGDs	0		newFullTGDs	77366
nonFullTGDs	4768		fullTGDs	21135			newNonFullTGDs	0		newFullTGDs	77332
nonFullTGDs	4768		fullTGDs	21168			newNonFullTGDs	0		newFullTGDs	77299
nonFullTGDs	4768		fullTGDs	21201			newNonFullTGDs	0		newFullTGDs	77266
nonFullTGDs	4768		fullTGDs	21235			newNonFullTGDs	0		newFullTGDs	77232
nonFullTGDs	4768		fullTGDs	21268			newNonFullTGDs	0		newFullTGDs	77199
nonFullTGDs	4768		fullTGDs	21301			newNonFullTGDs	0		newFullTGDs	77166
nonFullTGDs	4768		fullTGDs	21335			newNonFullTGDs	0		newFullTGDs	77132
nonFullTGDs	4768		fullTGDs	21368			newNonFullTGDs	0		newFullTGDs	77099
nonFullTGDs	4768		fullTGDs	21401			newNonFullTGDs	0		newFullTGDs	77066
nonFullTGDs	4768		fullTGDs	21435			newNonFullTGDs	0		newFullTGDs	77032
nonFullTGDs	4768		fullTGDs	21468			newNonFullTGDs	0		newFullTGDs	76999
nonFullTGDs	4768		fullTGDs	21501			newNonFullTGDs	0		newFullTGDs	76966
nonFullTGDs	4768		fullTGDs	21535			newNonFullTGDs	0		newFullTGDs	76932
nonFullTGDs	4768		fullTGDs	21568			newNonFullTGDs	0		newFullTGDs	76899
nonFullTGDs	4768		fullTGDs	21601			newNonFullTGDs	0		newFullTGDs	76866
nonFullTGDs	4768		fullTGDs	21635			newNonFullTGDs	0		newFullTGDs	76832
nonFullTGDs	4768		fullTGDs	21668			newNonFullTGDs	0		newFullTGDs	76799
nonFullTGDs	4768		fullTGDs	21701			newNonFullTGDs	0		newFullTGDs	76766
nonFullTGDs	4772		fullTGDs	21735			newNonFullTGDs	0		newFullTGDs	76735
nonFullTGDs	4772		fullTGDs	21768			newNonFullTGDs	0		newFullTGDs	76702
nonFullTGDs	4773		fullTGDs	21801			newNonFullTGDs	0		newFullTGDs	76669
nonFullTGDs	4774		fullTGDs	21835			newNonFullTGDs	0		newFullTGDs	76635
nonFullTGDs	4774		fullTGDs	21868			newNonFullTGDs	0		newFullTGDs	76602
nonFullTGDs	4774		fullTGDs	21901			newNonFullTGDs	0		newFullTGDs	76569
nonFullTGDs	4780		fullTGDs	21935			newNonFullTGDs	0		newFullTGDs	76538
nonFullTGDs	4780		fullTGDs	21968			newNonFullTGDs	0		newFullTGDs	76505
nonFullTGDs	4786		fullTGDs	22001			newNonFullTGDs	0		newFullTGDs	76475
nonFullTGDs	4790		fullTGDs	22023			newNonFullTGDs	0		newFullTGDs	76453
nonFullTGDs	4791		fullTGDs	22043			newNonFullTGDs	0		newFullTGDs	76433
nonFullTGDs	4791		fullTGDs	22063			newNonFullTGDs	0		newFullTGDs	76413
nonFullTGDs	4791		fullTGDs	22083			newNonFullTGDs	0		newFullTGDs	76393
nonFullTGDs	4791		fullTGDs	22103			newNonFullTGDs	0		newFullTGDs	76373
nonFullTGDs	4792		fullTGDs	22122			newNonFullTGDs	0		newFullTGDs	76354
nonFullTGDs	4792		fullTGDs	22142			newNonFullTGDs	0		newFullTGDs	76334
nonFullTGDs	4796		fullTGDs	22166			newNonFullTGDs	0		newFullTGDs	76318
nonFullTGDs	4796		fullTGDs	22186			newNonFullTGDs	0		newFullTGDs	76298
nonFullTGDs	4796		fullTGDs	22206			newNonFullTGDs	0		newFullTGDs	76278
nonFullTGDs	4796		fullTGDs	22226			newNonFullTGDs	0		newFullTGDs	76258
nonFullTGDs	4796		fullTGDs	22257			newNonFullTGDs	0		newFullTGDs	76227
nonFullTGDs	4799		fullTGDs	22289			newNonFullTGDs	0		newFullTGDs	76195
nonFullTGDs	4799		fullTGDs	22323			newNonFullTGDs	0		newFullTGDs	76161
nonFullTGDs	4799		fullTGDs	22356			newNonFullTGDs	0		newFullTGDs	76128
nonFullTGDs	4799		fullTGDs	22389			newNonFullTGDs	0		newFullTGDs	76095
nonFullTGDs	4799		fullTGDs	22423			newNonFullTGDs	0		newFullTGDs	76061
nonFullTGDs	4805		fullTGDs	22453			newNonFullTGDs	2		newFullTGDs	76040
nonFullTGDs	4807		fullTGDs	22476			newNonFullTGDs	0		newFullTGDs	76017
nonFullTGDs	4807		fullTGDs	22496			newNonFullTGDs	0		newFullTGDs	75997
nonFullTGDs	4807		fullTGDs	22516			newNonFullTGDs	0		newFullTGDs	75977
nonFullTGDs	4807		fullTGDs	22536			newNonFullTGDs	0		newFullTGDs	75957
nonFullTGDs	4807		fullTGDs	22556			newNonFullTGDs	0		newFullTGDs	75937
nonFullTGDs	4807		fullTGDs	22576			newNonFullTGDs	0		newFullTGDs	75917
nonFullTGDs	4816		fullTGDs	22599			newNonFullTGDs	0		newFullTGDs	75903
nonFullTGDs	4816		fullTGDs	22619			newNonFullTGDs	0		newFullTGDs	75883
nonFullTGDs	4825		fullTGDs	22641			newNonFullTGDs	0		newFullTGDs	75870
nonFullTGDs	4834		fullTGDs	22671			newNonFullTGDs	0		newFullTGDs	75849
nonFullTGDs	4834		fullTGDs	22704			newNonFullTGDs	0		newFullTGDs	75816
nonFullTGDs	4834		fullTGDs	22737			newNonFullTGDs	0		newFullTGDs	75783
nonFullTGDs	4834		fullTGDs	22771			newNonFullTGDs	0		newFullTGDs	75749
nonFullTGDs	4834		fullTGDs	22804			newNonFullTGDs	0		newFullTGDs	75716
nonFullTGDs	4839		fullTGDs	22837			newNonFullTGDs	0		newFullTGDs	75686
nonFullTGDs	4839		fullTGDs	22871			newNonFullTGDs	0		newFullTGDs	75652
nonFullTGDs	4839		fullTGDs	22904			newNonFullTGDs	0		newFullTGDs	75619
nonFullTGDs	4839		fullTGDs	22937			newNonFullTGDs	0		newFullTGDs	75586
nonFullTGDs	4839		fullTGDs	22971			newNonFullTGDs	0		newFullTGDs	75552
nonFullTGDs	4839		fullTGDs	23004			newNonFullTGDs	0		newFullTGDs	75519
nonFullTGDs	4839		fullTGDs	23037			newNonFullTGDs	0		newFullTGDs	75486
nonFullTGDs	4839		fullTGDs	23071			newNonFullTGDs	0		newFullTGDs	75452
nonFullTGDs	4839		fullTGDs	23104			newNonFullTGDs	0		newFullTGDs	75419
nonFullTGDs	4839		fullTGDs	23137			newNonFullTGDs	0		newFullTGDs	75386
nonFullTGDs	4839		fullTGDs	23171			newNonFullTGDs	0		newFullTGDs	75352
nonFullTGDs	4839		fullTGDs	23204			newNonFullTGDs	0		newFullTGDs	75319
nonFullTGDs	4839		fullTGDs	23237			newNonFullTGDs	0		newFullTGDs	75286
nonFullTGDs	4839		fullTGDs	23271			newNonFullTGDs	0		newFullTGDs	75252
nonFullTGDs	4839		fullTGDs	23304			newNonFullTGDs	0		newFullTGDs	75219
nonFullTGDs	4839		fullTGDs	23337			newNonFullTGDs	0		newFullTGDs	75186
nonFullTGDs	4839		fullTGDs	23371			newNonFullTGDs	0		newFullTGDs	75152
nonFullTGDs	4839		fullTGDs	23404			newNonFullTGDs	0		newFullTGDs	75119
nonFullTGDs	4846		fullTGDs	23437			newNonFullTGDs	0		newFullTGDs	75089
nonFullTGDs	4846		fullTGDs	23471			newNonFullTGDs	0		newFullTGDs	75055
nonFullTGDs	4846		fullTGDs	23504			newNonFullTGDs	0		newFullTGDs	75022
nonFullTGDs	4846		fullTGDs	23537			newNonFullTGDs	0		newFullTGDs	74989
nonFullTGDs	4846		fullTGDs	23571			newNonFullTGDs	0		newFullTGDs	74955
nonFullTGDs	4846		fullTGDs	23604			newNonFullTGDs	0		newFullTGDs	74922
nonFullTGDs	4846		fullTGDs	23637			newNonFullTGDs	0		newFullTGDs	74889
nonFullTGDs	4846		fullTGDs	23671			newNonFullTGDs	0		newFullTGDs	74855
nonFullTGDs	4846		fullTGDs	23704			newNonFullTGDs	0		newFullTGDs	74822
nonFullTGDs	4846		fullTGDs	23737			newNonFullTGDs	0		newFullTGDs	74789
nonFullTGDs	4846		fullTGDs	23771			newNonFullTGDs	0		newFullTGDs	74755
nonFullTGDs	4846		fullTGDs	23804			newNonFullTGDs	0		newFullTGDs	74722
nonFullTGDs	4846		fullTGDs	23837			newNonFullTGDs	0		newFullTGDs	74689
nonFullTGDs	4846		fullTGDs	23871			newNonFullTGDs	0		newFullTGDs	74655
nonFullTGDs	4846		fullTGDs	23904			newNonFullTGDs	0		newFullTGDs	74622
nonFullTGDs	4846		fullTGDs	23937			newNonFullTGDs	0		newFullTGDs	74589
nonFullTGDs	4846		fullTGDs	23971			newNonFullTGDs	0		newFullTGDs	74555
nonFullTGDs	4847		fullTGDs	24004			newNonFullTGDs	0		newFullTGDs	74522
nonFullTGDs	4854		fullTGDs	24037			newNonFullTGDs	0		newFullTGDs	74492
nonFullTGDs	4854		fullTGDs	24070			newNonFullTGDs	0		newFullTGDs	74459
nonFullTGDs	4856		fullTGDs	24103			newNonFullTGDs	0		newFullTGDs	74426
nonFullTGDs	4856		fullTGDs	24136			newNonFullTGDs	0		newFullTGDs	74393
nonFullTGDs	4856		fullTGDs	24170			newNonFullTGDs	0		newFullTGDs	74359
nonFullTGDs	4856		fullTGDs	24203			newNonFullTGDs	0		newFullTGDs	74326
nonFullTGDs	4856		fullTGDs	24236			newNonFullTGDs	0		newFullTGDs	74293
nonFullTGDs	4856		fullTGDs	24270			newNonFullTGDs	0		newFullTGDs	74259
nonFullTGDs	4856		fullTGDs	24303			newNonFullTGDs	0		newFullTGDs	74226
nonFullTGDs	4856		fullTGDs	24336			newNonFullTGDs	0		newFullTGDs	74193
nonFullTGDs	4857		fullTGDs	24370			newNonFullTGDs	0		newFullTGDs	74159
nonFullTGDs	4857		fullTGDs	24403			newNonFullTGDs	0		newFullTGDs	74126
nonFullTGDs	4857		fullTGDs	24436			newNonFullTGDs	0		newFullTGDs	74093
nonFullTGDs	4865		fullTGDs	24470			newNonFullTGDs	0		newFullTGDs	74062
nonFullTGDs	4865		fullTGDs	24503			newNonFullTGDs	0		newFullTGDs	74029
nonFullTGDs	4865		fullTGDs	24537			newNonFullTGDs	0		newFullTGDs	73995
nonFullTGDs	4868		fullTGDs	24570			newNonFullTGDs	0		newFullTGDs	73962
nonFullTGDs	4875		fullTGDs	24604			newNonFullTGDs	1		newFullTGDs	73931
nonFullTGDs	4877		fullTGDs	24637			newNonFullTGDs	0		newFullTGDs	73898
nonFullTGDs	4877		fullTGDs	24670			newNonFullTGDs	0		newFullTGDs	73865
nonFullTGDs	4877		fullTGDs	24704			newNonFullTGDs	0		newFullTGDs	73831
nonFullTGDs	4877		fullTGDs	24737			newNonFullTGDs	0		newFullTGDs	73798
nonFullTGDs	4878		fullTGDs	24770			newNonFullTGDs	0		newFullTGDs	73765
nonFullTGDs	4883		fullTGDs	24803			newNonFullTGDs	0		newFullTGDs	73735
nonFullTGDs	4883		fullTGDs	24836			newNonFullTGDs	0		newFullTGDs	73702
nonFullTGDs	4883		fullTGDs	24870			newNonFullTGDs	0		newFullTGDs	73668
nonFullTGDs	4883		fullTGDs	24903			newNonFullTGDs	0		newFullTGDs	73635
nonFullTGDs	4883		fullTGDs	24936			newNonFullTGDs	0		newFullTGDs	73602
nonFullTGDs	4903		fullTGDs	24968			newNonFullTGDs	0		newFullTGDs	73582
nonFullTGDs	4926		fullTGDs	24998			newNonFullTGDs	0		newFullTGDs	73567
nonFullTGDs	4926		fullTGDs	25018			newNonFullTGDs	0		newFullTGDs	73547
nonFullTGDs	4926		fullTGDs	25038			newNonFullTGDs	0		newFullTGDs	73527
nonFullTGDs	4926		fullTGDs	25058			newNonFullTGDs	0		newFullTGDs	73507
nonFullTGDs	4926		fullTGDs	25078			newNonFullTGDs	0		newFullTGDs	73487
nonFullTGDs	4926		fullTGDs	25098			newNonFullTGDs	0		newFullTGDs	73467
nonFullTGDs	4926		fullTGDs	25118			newNonFullTGDs	0		newFullTGDs	73447
nonFullTGDs	4930		fullTGDs	25138			newNonFullTGDs	0		newFullTGDs	73431
nonFullTGDs	4932		fullTGDs	25160			newNonFullTGDs	0		newFullTGDs	73413
nonFullTGDs	4932		fullTGDs	25180			newNonFullTGDs	0		newFullTGDs	73393
nonFullTGDs	4932		fullTGDs	25200			newNonFullTGDs	0		newFullTGDs	73373
nonFullTGDs	4941		fullTGDs	25223			newNonFullTGDs	0		newFullTGDs	73359
nonFullTGDs	4950		fullTGDs	25247			newNonFullTGDs	0		newFullTGDs	73344
nonFullTGDs	4967		fullTGDs	25275			newNonFullTGDs	0		newFullTGDs	73334
nonFullTGDs	4985		fullTGDs	25302			newNonFullTGDs	0		newFullTGDs	73325
nonFullTGDs	4985		fullTGDs	25322			newNonFullTGDs	0		newFullTGDs	73305
nonFullTGDs	4985		fullTGDs	25342			newNonFullTGDs	0		newFullTGDs	73285
nonFullTGDs	4985		fullTGDs	25362			newNonFullTGDs	0		newFullTGDs	73265
nonFullTGDs	4985		fullTGDs	25382			newNonFullTGDs	0		newFullTGDs	73245
nonFullTGDs	4985		fullTGDs	25402			newNonFullTGDs	0		newFullTGDs	73225
nonFullTGDs	4985		fullTGDs	25422			newNonFullTGDs	0		newFullTGDs	73205
nonFullTGDs	4986		fullTGDs	25446			newNonFullTGDs	0		newFullTGDs	73185
nonFullTGDs	5003		fullTGDs	25470			newNonFullTGDs	0		newFullTGDs	73175
Nov 16, 2021 6:05:12 PM uk.ac.ox.cs.gsat.SaturationStatistics log
INFO: # initial TGDs: 1200 , 3962
Nov 16, 2021 6:05:12 PM uk.ac.ox.cs.gsat.SaturationStatistics log
INFO: SkSat total time : 600091 ms = 600.09 s
Nov 16, 2021 6:05:12 PM uk.ac.ox.cs.gsat.SaturationStatistics log
INFO: Subsumed elements : 52966
Nov 16, 2021 6:05:12 PM uk.ac.ox.cs.gsat.SaturationStatistics log
INFO: Filter discarded elements : 3008184855
Nov 16, 2021 6:05:12 PM uk.ac.ox.cs.gsat.SaturationStatistics log
INFO: subsumption time: 552087 ms = 552.09 s
Nov 16, 2021 6:05:12 PM uk.ac.ox.cs.gsat.SaturationStatistics log
INFO: forward subsumption time: 264303 ms = 264.30 s
Nov 16, 2021 6:05:12 PM uk.ac.ox.cs.gsat.SaturationStatistics log
INFO: backward subsumption time: 287784 ms = 287.78 s
Nov 16, 2021 6:05:12 PM uk.ac.ox.cs.gsat.SaturationStatistics log
INFO: Derived full/non full TGDs: 150471 , 1519
Nov 16, 2021 6:05:12 PM uk.ac.ox.cs.gsat.SaturationStatistics log
INFO: discarded tautology count: 538
Nov 16, 2021 6:05:12 PM uk.ac.ox.cs.gsat.SaturationStatistics log
INFO: !!! TIME OUT !!!
Nov 16, 2021 6:05:12 PM uk.ac.ox.cs.gsat.EvolveStatistics log
INFO: Stop because subsumed: 52982
Nov 16, 2021 6:05:12 PM uk.ac.ox.cs.gsat.EvolveStatistics log
INFO: evolved equals to current: 0
Nov 16, 2021 6:05:12 PM uk.ac.ox.cs.gsat.EvolveStatistics log
INFO: evolved time: 12318 ms = 12.32 s
Nov 16, 2021 6:05:12 PM uk.ac.ox.cs.gsat.EvolveStatistics log
INFO: evolve count: 4090135
Nov 16, 2021 6:05:12 PM uk.ac.ox.cs.gsat.SkolemStatistics log
INFO: maximum number of Skolem atoms in body: 8
Nov 16, 2021 6:05:12 PM uk.ac.ox.cs.gsat.SkolemStatistics log
INFO: left derived TGD with Skolem in the body: 0
Nov 16, 2021 6:05:12 PM uk.ac.ox.cs.gsat.SkolemStatistics log
INFO: right derived TGD with Skolem in the body: 150369
Nov 16, 2021 6:05:12 PM uk.ac.ox.cs.gsat.SkolemStatistics log
INFO: derived TGD with more than two Skolem atoms in the body: 126081
Nov 16, 2021 6:05:12 PM uk.ac.ox.cs.gsat.AbstractSaturation run
INFO: ouptput full TGDs not contained in the input: 66
Nov 16, 2021 6:05:12 PM uk.ac.ox.cs.gsat.App executeAllSteps
INFO: Rewriting completed!
Full TGD saturation: (1266 dependecies)
Nov 16, 2021 6:05:12 PM uk.ac.ox.cs.gsat.App executeAllSteps
INFO: Writing the saturation in the Datalog file 00706.rul
