Starting Saturation...
Executing from DLGP files
SLF4J: Failed to load class "org.slf4j.impl.StaticLoggerBinder".
SLF4J: Defaulting to no-operation (NOP) logger implementation
SLF4J: See http://www.slf4j.org/codes.html#StaticLoggerBinder for further details.
# Rules: 428; # Atoms: 0; # AtomSets: 0; # Queries: 0; # Constraints: 0
Full TGD saturation algorithm: Skolem Sat
Running SkSat...
Nov 17, 2021 3:07:32 AM uk.ac.ox.cs.gsat.AbstractSaturation run
INFO: SkSat discarded rules : 0/428 = 0.000%
SkSat discarded rules : 0/428 = 0.000%
Nov 17, 2021 3:07:32 AM uk.ac.ox.cs.gsat.AbstractSaturation run
INFO: Subsumption method : tree_predicate
length of the formulas: 4.490365
number of bags: 3
length of the formulas: 4.490365
number of bags: 3
nonFullTGDs	0		fullTGDs	1022			newNonFullTGDs	1417		newFullTGDs	0
nonFullTGDs	100		fullTGDs	1022			newNonFullTGDs	1317		newFullTGDs	352
nonFullTGDs	200		fullTGDs	1022			newNonFullTGDs	1217		newFullTGDs	712
nonFullTGDs	300		fullTGDs	1022			newNonFullTGDs	1117		newFullTGDs	1032
nonFullTGDs	400		fullTGDs	1022			newNonFullTGDs	1017		newFullTGDs	1343
nonFullTGDs	500		fullTGDs	1022			newNonFullTGDs	917		newFullTGDs	1742
nonFullTGDs	600		fullTGDs	1022			newNonFullTGDs	817		newFullTGDs	2271
nonFullTGDs	700		fullTGDs	1022			newNonFullTGDs	717		newFullTGDs	2569
nonFullTGDs	800		fullTGDs	1022			newNonFullTGDs	617		newFullTGDs	2959
nonFullTGDs	900		fullTGDs	1022			newNonFullTGDs	517		newFullTGDs	3487
nonFullTGDs	1000		fullTGDs	1022			newNonFullTGDs	417		newFullTGDs	3780
nonFullTGDs	1100		fullTGDs	1022			newNonFullTGDs	317		newFullTGDs	3966
nonFullTGDs	1200		fullTGDs	1022			newNonFullTGDs	217		newFullTGDs	4146
nonFullTGDs	1300		fullTGDs	1022			newNonFullTGDs	117		newFullTGDs	4642
nonFullTGDs	1400		fullTGDs	1022			newNonFullTGDs	17		newFullTGDs	5068
nonFullTGDs	1437		fullTGDs	1044			newNonFullTGDs	0		newFullTGDs	5152
nonFullTGDs	1461		fullTGDs	1070			newNonFullTGDs	0		newFullTGDs	5140
nonFullTGDs	1488		fullTGDs	1097			newNonFullTGDs	0		newFullTGDs	5134
nonFullTGDs	1513		fullTGDs	1123			newNonFullTGDs	1		newFullTGDs	5128
nonFullTGDs	1540		fullTGDs	1149			newNonFullTGDs	0		newFullTGDs	5123
nonFullTGDs	1561		fullTGDs	1177			newNonFullTGDs	0		newFullTGDs	5103
nonFullTGDs	1584		fullTGDs	1205			newNonFullTGDs	1		newFullTGDs	5082
nonFullTGDs	1585		fullTGDs	1243			newNonFullTGDs	0		newFullTGDs	5059
nonFullTGDs	1587		fullTGDs	1281			newNonFullTGDs	0		newFullTGDs	5044
nonFullTGDs	1595		fullTGDs	1316			newNonFullTGDs	0		newFullTGDs	5023
nonFullTGDs	1604		fullTGDs	1354			newNonFullTGDs	1		newFullTGDs	4999
nonFullTGDs	1638		fullTGDs	1387			newNonFullTGDs	1		newFullTGDs	4966
nonFullTGDs	1649		fullTGDs	1424			newNonFullTGDs	0		newFullTGDs	4943
nonFullTGDs	1656		fullTGDs	1452			newNonFullTGDs	0		newFullTGDs	4933
nonFullTGDs	1673		fullTGDs	1469			newNonFullTGDs	0		newFullTGDs	4924
nonFullTGDs	1690		fullTGDs	1486			newNonFullTGDs	0		newFullTGDs	4914
nonFullTGDs	1706		fullTGDs	1504			newNonFullTGDs	1		newFullTGDs	4910
nonFullTGDs	1723		fullTGDs	1521			newNonFullTGDs	0		newFullTGDs	4901
nonFullTGDs	1738		fullTGDs	1538			newNonFullTGDs	0		newFullTGDs	4891
nonFullTGDs	1754		fullTGDs	1555			newNonFullTGDs	0		newFullTGDs	4882
nonFullTGDs	1769		fullTGDs	1573			newNonFullTGDs	0		newFullTGDs	4872
nonFullTGDs	1784		fullTGDs	1593			newNonFullTGDs	1		newFullTGDs	4860
nonFullTGDs	1775		fullTGDs	1616			newNonFullTGDs	0		newFullTGDs	4845
nonFullTGDs	1791		fullTGDs	1634			newNonFullTGDs	0		newFullTGDs	4841
nonFullTGDs	1807		fullTGDs	1652			newNonFullTGDs	1		newFullTGDs	4831
nonFullTGDs	1819		fullTGDs	1670			newNonFullTGDs	0		newFullTGDs	4821
nonFullTGDs	1834		fullTGDs	1687			newNonFullTGDs	0		newFullTGDs	4812
nonFullTGDs	1852		fullTGDs	1711			newNonFullTGDs	0		newFullTGDs	4802
nonFullTGDs	1868		fullTGDs	1732			newNonFullTGDs	0		newFullTGDs	4793
nonFullTGDs	1882		fullTGDs	1760			newNonFullTGDs	0		newFullTGDs	4780
nonFullTGDs	1902		fullTGDs	1780			newNonFullTGDs	0		newFullTGDs	4769
nonFullTGDs	1921		fullTGDs	1804			newNonFullTGDs	0		newFullTGDs	4750
nonFullTGDs	1941		fullTGDs	1841			newNonFullTGDs	0		newFullTGDs	4743
nonFullTGDs	1956		fullTGDs	1872			newNonFullTGDs	1		newFullTGDs	4740
nonFullTGDs	1975		fullTGDs	1900			newNonFullTGDs	1		newFullTGDs	4732
nonFullTGDs	1992		fullTGDs	1927			newNonFullTGDs	1		newFullTGDs	4728
nonFullTGDs	2011		fullTGDs	1961			newNonFullTGDs	6		newFullTGDs	4718
nonFullTGDs	2030		fullTGDs	1993			newNonFullTGDs	0		newFullTGDs	4715
nonFullTGDs	2052		fullTGDs	2027			newNonFullTGDs	1		newFullTGDs	4709
nonFullTGDs	2066		fullTGDs	2050			newNonFullTGDs	0		newFullTGDs	4698
nonFullTGDs	2081		fullTGDs	2068			newNonFullTGDs	0		newFullTGDs	4681
nonFullTGDs	2098		fullTGDs	2089			newNonFullTGDs	0		newFullTGDs	4670
nonFullTGDs	2114		fullTGDs	2107			newNonFullTGDs	1		newFullTGDs	4661
nonFullTGDs	2128		fullTGDs	2125			newNonFullTGDs	0		newFullTGDs	4655
nonFullTGDs	2142		fullTGDs	2141			newNonFullTGDs	0		newFullTGDs	4653
nonFullTGDs	2156		fullTGDs	2156			newNonFullTGDs	0		newFullTGDs	4646
nonFullTGDs	2171		fullTGDs	2171			newNonFullTGDs	0		newFullTGDs	4639
nonFullTGDs	2185		fullTGDs	2187			newNonFullTGDs	0		newFullTGDs	4631
nonFullTGDs	2198		fullTGDs	2207			newNonFullTGDs	0		newFullTGDs	4630
nonFullTGDs	2213		fullTGDs	2227			newNonFullTGDs	0		newFullTGDs	4620
nonFullTGDs	2222		fullTGDs	2251			newNonFullTGDs	0		newFullTGDs	4611
nonFullTGDs	2222		fullTGDs	2265			newNonFullTGDs	0		newFullTGDs	4597
nonFullTGDs	2222		fullTGDs	2280			newNonFullTGDs	0		newFullTGDs	4582
nonFullTGDs	2222		fullTGDs	2294			newNonFullTGDs	0		newFullTGDs	4568
nonFullTGDs	2222		fullTGDs	2309			newNonFullTGDs	0		newFullTGDs	4553
nonFullTGDs	2222		fullTGDs	2324			newNonFullTGDs	0		newFullTGDs	4536
nonFullTGDs	2225		fullTGDs	2354			newNonFullTGDs	0		newFullTGDs	4521
nonFullTGDs	2230		fullTGDs	2380			newNonFullTGDs	0		newFullTGDs	4506
nonFullTGDs	2226		fullTGDs	2407			newNonFullTGDs	0		newFullTGDs	4493
nonFullTGDs	2239		fullTGDs	2424			newNonFullTGDs	0		newFullTGDs	4479
nonFullTGDs	2252		fullTGDs	2442			newNonFullTGDs	0		newFullTGDs	4478
nonFullTGDs	2266		fullTGDs	2458			newNonFullTGDs	0		newFullTGDs	4471
nonFullTGDs	2279		fullTGDs	2475			newNonFullTGDs	0		newFullTGDs	4470
nonFullTGDs	2293		fullTGDs	2490			newNonFullTGDs	0		newFullTGDs	4457
nonFullTGDs	2299		fullTGDs	2506			newNonFullTGDs	0		newFullTGDs	4442
nonFullTGDs	2299		fullTGDs	2520			newNonFullTGDs	0		newFullTGDs	4422
nonFullTGDs	2299		fullTGDs	2535			newNonFullTGDs	0		newFullTGDs	4407
nonFullTGDs	2299		fullTGDs	2550			newNonFullTGDs	0		newFullTGDs	4392
nonFullTGDs	2307		fullTGDs	2566			newNonFullTGDs	0		newFullTGDs	4384
nonFullTGDs	2321		fullTGDs	2581			newNonFullTGDs	0		newFullTGDs	4377
nonFullTGDs	2329		fullTGDs	2596			newNonFullTGDs	0		newFullTGDs	4363
nonFullTGDs	2329		fullTGDs	2610			newNonFullTGDs	0		newFullTGDs	4347
nonFullTGDs	2331		fullTGDs	2636			newNonFullTGDs	0		newFullTGDs	4336
nonFullTGDs	2340		fullTGDs	2652			newNonFullTGDs	1		newFullTGDs	4326
nonFullTGDs	2356		fullTGDs	2673			newNonFullTGDs	0		newFullTGDs	4311
nonFullTGDs	2368		fullTGDs	2697			newNonFullTGDs	0		newFullTGDs	4297
nonFullTGDs	2380		fullTGDs	2713			newNonFullTGDs	0		newFullTGDs	4289
nonFullTGDs	2394		fullTGDs	2728			newNonFullTGDs	0		newFullTGDs	4282
nonFullTGDs	2396		fullTGDs	2742			newNonFullTGDs	0		newFullTGDs	4268
nonFullTGDs	2406		fullTGDs	2760			newNonFullTGDs	0		newFullTGDs	4251
nonFullTGDs	2411		fullTGDs	2778			newNonFullTGDs	1		newFullTGDs	4232
nonFullTGDs	2417		fullTGDs	2806			newNonFullTGDs	1		newFullTGDs	4221
nonFullTGDs	2423		fullTGDs	2865			newNonFullTGDs	0		newFullTGDs	4219
nonFullTGDs	2428		fullTGDs	2918			newNonFullTGDs	1		newFullTGDs	4210
nonFullTGDs	2434		fullTGDs	2977			newNonFullTGDs	0		newFullTGDs	4208
nonFullTGDs	2437		fullTGDs	3017			newNonFullTGDs	0		newFullTGDs	4197
nonFullTGDs	2439		fullTGDs	3046			newNonFullTGDs	0		newFullTGDs	4190
nonFullTGDs	2444		fullTGDs	3092			newNonFullTGDs	0		newFullTGDs	4181
nonFullTGDs	2447		fullTGDs	3144			newNonFullTGDs	0		newFullTGDs	4180
nonFullTGDs	2451		fullTGDs	3154			newNonFullTGDs	0		newFullTGDs	4174
nonFullTGDs	2455		fullTGDs	3142			newNonFullTGDs	0		newFullTGDs	4174
nonFullTGDs	2464		fullTGDs	3130			newNonFullTGDs	0		newFullTGDs	4157
nonFullTGDs	2471		fullTGDs	3149			newNonFullTGDs	0		newFullTGDs	4142
nonFullTGDs	2474		fullTGDs	3164			newNonFullTGDs	0		newFullTGDs	4129
nonFullTGDs	2485		fullTGDs	3180			newNonFullTGDs	0		newFullTGDs	4121
nonFullTGDs	2493		fullTGDs	3218			newNonFullTGDs	0		newFullTGDs	4113
nonFullTGDs	2505		fullTGDs	3233			newNonFullTGDs	0		newFullTGDs	4106
nonFullTGDs	2514		fullTGDs	3249			newNonFullTGDs	0		newFullTGDs	4093
nonFullTGDs	2519		fullTGDs	3265			newNonFullTGDs	0		newFullTGDs	4079
nonFullTGDs	2520		fullTGDs	3326			newNonFullTGDs	0		newFullTGDs	4073
nonFullTGDs	2524		fullTGDs	3312			newNonFullTGDs	0		newFullTGDs	4064
nonFullTGDs	2525		fullTGDs	3325			newNonFullTGDs	0		newFullTGDs	4051
nonFullTGDs	2525		fullTGDs	3338			newNonFullTGDs	0		newFullTGDs	4038
nonFullTGDs	2525		fullTGDs	3351			newNonFullTGDs	0		newFullTGDs	4025
nonFullTGDs	2540		fullTGDs	3369			newNonFullTGDs	0		newFullTGDs	4012
nonFullTGDs	2551		fullTGDs	3388			newNonFullTGDs	0		newFullTGDs	3998
nonFullTGDs	2551		fullTGDs	3410			newNonFullTGDs	0		newFullTGDs	3987
nonFullTGDs	2551		fullTGDs	3432			newNonFullTGDs	0		newFullTGDs	3976
nonFullTGDs	2551		fullTGDs	3453			newNonFullTGDs	0		newFullTGDs	3963
nonFullTGDs	2559		fullTGDs	3471			newNonFullTGDs	0		newFullTGDs	3946
nonFullTGDs	2571		fullTGDs	3491			newNonFullTGDs	0		newFullTGDs	3934
nonFullTGDs	2572		fullTGDs	3509			newNonFullTGDs	0		newFullTGDs	3923
nonFullTGDs	2572		fullTGDs	3522			newNonFullTGDs	0		newFullTGDs	3910
nonFullTGDs	2572		fullTGDs	3534			newNonFullTGDs	0		newFullTGDs	3898
nonFullTGDs	2573		fullTGDs	3548			newNonFullTGDs	0		newFullTGDs	3890
nonFullTGDs	2577		fullTGDs	3578			newNonFullTGDs	0		newFullTGDs	3885
nonFullTGDs	2582		fullTGDs	3603			newNonFullTGDs	0		newFullTGDs	3871
nonFullTGDs	2586		fullTGDs	3646			newNonFullTGDs	0		newFullTGDs	3872
nonFullTGDs	2590		fullTGDs	3678			newNonFullTGDs	0		newFullTGDs	3856
nonFullTGDs	2602		fullTGDs	3702			newNonFullTGDs	0		newFullTGDs	3849
nonFullTGDs	2605		fullTGDs	3731			newNonFullTGDs	0		newFullTGDs	3835
nonFullTGDs	2608		fullTGDs	3748			newNonFullTGDs	0		newFullTGDs	3823
nonFullTGDs	2608		fullTGDs	3767			newNonFullTGDs	0		newFullTGDs	3807
nonFullTGDs	2608		fullTGDs	3787			newNonFullTGDs	0		newFullTGDs	3793
nonFullTGDs	2608		fullTGDs	3806			newNonFullTGDs	0		newFullTGDs	3775
nonFullTGDs	2612		fullTGDs	3844			newNonFullTGDs	0		newFullTGDs	3767
nonFullTGDs	2623		fullTGDs	3859			newNonFullTGDs	0		newFullTGDs	3754
nonFullTGDs	2633		fullTGDs	3875			newNonFullTGDs	0		newFullTGDs	3741
nonFullTGDs	2637		fullTGDs	3894			newNonFullTGDs	0		newFullTGDs	3728
nonFullTGDs	2639		fullTGDs	3915			newNonFullTGDs	1		newFullTGDs	3715
nonFullTGDs	2640		fullTGDs	3929			newNonFullTGDs	0		newFullTGDs	3707
nonFullTGDs	2640		fullTGDs	3942			newNonFullTGDs	0		newFullTGDs	3694
nonFullTGDs	2640		fullTGDs	3954			newNonFullTGDs	0		newFullTGDs	3682
nonFullTGDs	2643		fullTGDs	3970			newNonFullTGDs	0		newFullTGDs	3667
nonFullTGDs	2648		fullTGDs	3989			newNonFullTGDs	0		newFullTGDs	3655
nonFullTGDs	2650		fullTGDs	4004			newNonFullTGDs	0		newFullTGDs	3643
nonFullTGDs	2650		fullTGDs	4017			newNonFullTGDs	0		newFullTGDs	3630
nonFullTGDs	2650		fullTGDs	4030			newNonFullTGDs	0		newFullTGDs	3617
nonFullTGDs	2650		fullTGDs	4042			newNonFullTGDs	0		newFullTGDs	3605
nonFullTGDs	2650		fullTGDs	4056			newNonFullTGDs	0		newFullTGDs	3607
nonFullTGDs	2650		fullTGDs	4078			newNonFullTGDs	0		newFullTGDs	3585
nonFullTGDs	2650		fullTGDs	4104			newNonFullTGDs	0		newFullTGDs	3591
nonFullTGDs	2650		fullTGDs	4131			newNonFullTGDs	0		newFullTGDs	3580
nonFullTGDs	2650		fullTGDs	4148			newNonFullTGDs	0		newFullTGDs	3563
nonFullTGDs	2652		fullTGDs	4162			newNonFullTGDs	0		newFullTGDs	3549
nonFullTGDs	2661		fullTGDs	4183			newNonFullTGDs	0		newFullTGDs	3539
nonFullTGDs	2661		fullTGDs	4197			newNonFullTGDs	0		newFullTGDs	3525
nonFullTGDs	2673		fullTGDs	4212			newNonFullTGDs	0		newFullTGDs	3513
nonFullTGDs	2674		fullTGDs	4236			newNonFullTGDs	0		newFullTGDs	3511
nonFullTGDs	2674		fullTGDs	4249			newNonFullTGDs	0		newFullTGDs	3498
nonFullTGDs	2674		fullTGDs	4261			newNonFullTGDs	0		newFullTGDs	3486
nonFullTGDs	2674		fullTGDs	4284			newNonFullTGDs	0		newFullTGDs	3479
nonFullTGDs	2674		fullTGDs	4302			newNonFullTGDs	0		newFullTGDs	3477
nonFullTGDs	2674		fullTGDs	4321			newNonFullTGDs	0		newFullTGDs	3455
nonFullTGDs	2674		fullTGDs	4333			newNonFullTGDs	0		newFullTGDs	3443
nonFullTGDs	2674		fullTGDs	4346			newNonFullTGDs	0		newFullTGDs	3430
nonFullTGDs	2674		fullTGDs	4358			newNonFullTGDs	0		newFullTGDs	3418
nonFullTGDs	2674		fullTGDs	4371			newNonFullTGDs	0		newFullTGDs	3405
nonFullTGDs	2674		fullTGDs	4383			newNonFullTGDs	0		newFullTGDs	3393
nonFullTGDs	2674		fullTGDs	4396			newNonFullTGDs	0		newFullTGDs	3380
nonFullTGDs	2674		fullTGDs	4408			newNonFullTGDs	0		newFullTGDs	3368
nonFullTGDs	2674		fullTGDs	4421			newNonFullTGDs	0		newFullTGDs	3355
nonFullTGDs	2674		fullTGDs	4434			newNonFullTGDs	0		newFullTGDs	3342
nonFullTGDs	2677		fullTGDs	4448			newNonFullTGDs	0		newFullTGDs	3329
nonFullTGDs	2677		fullTGDs	4475			newNonFullTGDs	0		newFullTGDs	3325
nonFullTGDs	2677		fullTGDs	4504			newNonFullTGDs	0		newFullTGDs	3332
nonFullTGDs	2677		fullTGDs	4532			newNonFullTGDs	0		newFullTGDs	3320
nonFullTGDs	2677		fullTGDs	4563			newNonFullTGDs	0		newFullTGDs	3315
nonFullTGDs	2678		fullTGDs	4591			newNonFullTGDs	0		newFullTGDs	3310
nonFullTGDs	2678		fullTGDs	4606			newNonFullTGDs	0		newFullTGDs	3287
nonFullTGDs	2688		fullTGDs	4622			newNonFullTGDs	1		newFullTGDs	3272
nonFullTGDs	2689		fullTGDs	4637			newNonFullTGDs	0		newFullTGDs	3254
nonFullTGDs	2689		fullTGDs	4650			newNonFullTGDs	0		newFullTGDs	3241
nonFullTGDs	2689		fullTGDs	4663			newNonFullTGDs	0		newFullTGDs	3228
nonFullTGDs	2689		fullTGDs	4675			newNonFullTGDs	0		newFullTGDs	3216
nonFullTGDs	2689		fullTGDs	4688			newNonFullTGDs	0		newFullTGDs	3203
nonFullTGDs	2689		fullTGDs	4700			newNonFullTGDs	0		newFullTGDs	3191
nonFullTGDs	2689		fullTGDs	4713			newNonFullTGDs	0		newFullTGDs	3178
nonFullTGDs	2689		fullTGDs	4725			newNonFullTGDs	0		newFullTGDs	3166
nonFullTGDs	2689		fullTGDs	4738			newNonFullTGDs	0		newFullTGDs	3153
nonFullTGDs	2689		fullTGDs	4762			newNonFullTGDs	0		newFullTGDs	3145
nonFullTGDs	2689		fullTGDs	4775			newNonFullTGDs	0		newFullTGDs	3132
nonFullTGDs	2689		fullTGDs	4787			newNonFullTGDs	0		newFullTGDs	3120
nonFullTGDs	2689		fullTGDs	4800			newNonFullTGDs	0		newFullTGDs	3107
nonFullTGDs	2689		fullTGDs	4812			newNonFullTGDs	0		newFullTGDs	3095
nonFullTGDs	2691		fullTGDs	4826			newNonFullTGDs	0		newFullTGDs	3082
nonFullTGDs	2701		fullTGDs	4840			newNonFullTGDs	0		newFullTGDs	3069
nonFullTGDs	2701		fullTGDs	4853			newNonFullTGDs	0		newFullTGDs	3056
nonFullTGDs	2701		fullTGDs	4866			newNonFullTGDs	0		newFullTGDs	3043
nonFullTGDs	2701		fullTGDs	4878			newNonFullTGDs	0		newFullTGDs	3031
nonFullTGDs	2701		fullTGDs	4891			newNonFullTGDs	0		newFullTGDs	3018
nonFullTGDs	2701		fullTGDs	4903			newNonFullTGDs	0		newFullTGDs	3006
nonFullTGDs	2701		fullTGDs	4916			newNonFullTGDs	0		newFullTGDs	2993
nonFullTGDs	2701		fullTGDs	4929			newNonFullTGDs	0		newFullTGDs	2980
nonFullTGDs	2706		fullTGDs	4941			newNonFullTGDs	0		newFullTGDs	2970
nonFullTGDs	2711		fullTGDs	4956			newNonFullTGDs	0		newFullTGDs	2958
nonFullTGDs	2721		fullTGDs	4971			newNonFullTGDs	0		newFullTGDs	2944
nonFullTGDs	2728		fullTGDs	4983			newNonFullTGDs	0		newFullTGDs	2934
nonFullTGDs	2730		fullTGDs	4998			newNonFullTGDs	0		newFullTGDs	2922
nonFullTGDs	2735		fullTGDs	5013			newNonFullTGDs	0		newFullTGDs	2912
nonFullTGDs	2744		fullTGDs	5027			newNonFullTGDs	0		newFullTGDs	2899
nonFullTGDs	2744		fullTGDs	5040			newNonFullTGDs	0		newFullTGDs	2886
nonFullTGDs	2753		fullTGDs	5058			newNonFullTGDs	0		newFullTGDs	2874
nonFullTGDs	2757		fullTGDs	5079			newNonFullTGDs	0		newFullTGDs	2863
nonFullTGDs	2763		fullTGDs	5093			newNonFullTGDs	0		newFullTGDs	2854
nonFullTGDs	2770		fullTGDs	5106			newNonFullTGDs	0		newFullTGDs	2847
nonFullTGDs	2773		fullTGDs	5122			newNonFullTGDs	0		newFullTGDs	2840
nonFullTGDs	2773		fullTGDs	5135			newNonFullTGDs	0		newFullTGDs	2828
nonFullTGDs	2774		fullTGDs	5149			newNonFullTGDs	0		newFullTGDs	2814
nonFullTGDs	2774		fullTGDs	5161			newNonFullTGDs	0		newFullTGDs	2802
nonFullTGDs	2774		fullTGDs	5174			newNonFullTGDs	0		newFullTGDs	2789
nonFullTGDs	2774		fullTGDs	5186			newNonFullTGDs	0		newFullTGDs	2777
nonFullTGDs	2774		fullTGDs	5199			newNonFullTGDs	0		newFullTGDs	2764
nonFullTGDs	2774		fullTGDs	5211			newNonFullTGDs	0		newFullTGDs	2752
nonFullTGDs	2774		fullTGDs	5224			newNonFullTGDs	0		newFullTGDs	2739
nonFullTGDs	2774		fullTGDs	5236			newNonFullTGDs	0		newFullTGDs	2727
nonFullTGDs	2774		fullTGDs	5249			newNonFullTGDs	0		newFullTGDs	2714
nonFullTGDs	2776		fullTGDs	5260			newNonFullTGDs	0		newFullTGDs	2703
nonFullTGDs	2784		fullTGDs	5278			newNonFullTGDs	0		newFullTGDs	2691
nonFullTGDs	2790		fullTGDs	5295			newNonFullTGDs	0		newFullTGDs	2682
nonFullTGDs	2796		fullTGDs	5309			newNonFullTGDs	0		newFullTGDs	2674
nonFullTGDs	2797		fullTGDs	5332			newNonFullTGDs	0		newFullTGDs	2665
nonFullTGDs	2802		fullTGDs	5348			newNonFullTGDs	0		newFullTGDs	2656
nonFullTGDs	2807		fullTGDs	5364			newNonFullTGDs	0		newFullTGDs	2650
nonFullTGDs	2810		fullTGDs	5383			newNonFullTGDs	0		newFullTGDs	2643
nonFullTGDs	2813		fullTGDs	5402			newNonFullTGDs	0		newFullTGDs	2636
nonFullTGDs	2822		fullTGDs	5413			newNonFullTGDs	1		newFullTGDs	2626
nonFullTGDs	2828		fullTGDs	5426			newNonFullTGDs	0		newFullTGDs	2620
nonFullTGDs	2833		fullTGDs	5442			newNonFullTGDs	0		newFullTGDs	2613
nonFullTGDs	2836		fullTGDs	5464			newNonFullTGDs	0		newFullTGDs	2608
nonFullTGDs	2843		fullTGDs	5476			newNonFullTGDs	0		newFullTGDs	2597
nonFullTGDs	2849		fullTGDs	5489			newNonFullTGDs	0		newFullTGDs	2590
nonFullTGDs	2856		fullTGDs	5503			newNonFullTGDs	0		newFullTGDs	2581
nonFullTGDs	2859		fullTGDs	5523			newNonFullTGDs	0		newFullTGDs	2575
nonFullTGDs	2865		fullTGDs	5534			newNonFullTGDs	0		newFullTGDs	2568
nonFullTGDs	2869		fullTGDs	5549			newNonFullTGDs	0		newFullTGDs	2558
nonFullTGDs	2876		fullTGDs	5563			newNonFullTGDs	0		newFullTGDs	2550
nonFullTGDs	2882		fullTGDs	5576			newNonFullTGDs	0		newFullTGDs	2543
nonFullTGDs	2888		fullTGDs	5595			newNonFullTGDs	0		newFullTGDs	2536
nonFullTGDs	2891		fullTGDs	5610			newNonFullTGDs	0		newFullTGDs	2530
nonFullTGDs	2896		fullTGDs	5629			newNonFullTGDs	0		newFullTGDs	2521
nonFullTGDs	2901		fullTGDs	5641			newNonFullTGDs	0		newFullTGDs	2518
nonFullTGDs	2901		fullTGDs	5663			newNonFullTGDs	0		newFullTGDs	2502
nonFullTGDs	2904		fullTGDs	5676			newNonFullTGDs	0		newFullTGDs	2496
nonFullTGDs	2904		fullTGDs	5688			newNonFullTGDs	0		newFullTGDs	2484
nonFullTGDs	2904		fullTGDs	5701			newNonFullTGDs	0		newFullTGDs	2470
nonFullTGDs	2904		fullTGDs	5713			newNonFullTGDs	0		newFullTGDs	2458
nonFullTGDs	2904		fullTGDs	5726			newNonFullTGDs	0		newFullTGDs	2445
nonFullTGDs	2904		fullTGDs	5738			newNonFullTGDs	0		newFullTGDs	2433
nonFullTGDs	2904		fullTGDs	5751			newNonFullTGDs	0		newFullTGDs	2420
nonFullTGDs	2904		fullTGDs	5763			newNonFullTGDs	0		newFullTGDs	2408
nonFullTGDs	2904		fullTGDs	5776			newNonFullTGDs	0		newFullTGDs	2395
nonFullTGDs	2904		fullTGDs	5789			newNonFullTGDs	0		newFullTGDs	2382
nonFullTGDs	2904		fullTGDs	5801			newNonFullTGDs	0		newFullTGDs	2370
nonFullTGDs	2904		fullTGDs	5814			newNonFullTGDs	0		newFullTGDs	2357
nonFullTGDs	2904		fullTGDs	5826			newNonFullTGDs	0		newFullTGDs	2345
nonFullTGDs	2904		fullTGDs	5839			newNonFullTGDs	0		newFullTGDs	2332
nonFullTGDs	2904		fullTGDs	5851			newNonFullTGDs	0		newFullTGDs	2320
nonFullTGDs	2907		fullTGDs	5866			newNonFullTGDs	1		newFullTGDs	2306
nonFullTGDs	2917		fullTGDs	5885			newNonFullTGDs	0		newFullTGDs	2296
nonFullTGDs	2919		fullTGDs	5907			newNonFullTGDs	0		newFullTGDs	2288
nonFullTGDs	2919		fullTGDs	5921			newNonFullTGDs	0		newFullTGDs	2275
nonFullTGDs	2923		fullTGDs	5933			newNonFullTGDs	0		newFullTGDs	2265
nonFullTGDs	2924		fullTGDs	5953			newNonFullTGDs	0		newFullTGDs	2264
nonFullTGDs	2932		fullTGDs	5989			newNonFullTGDs	1		newFullTGDs	2283
nonFullTGDs	2947		fullTGDs	6050			newNonFullTGDs	1		newFullTGDs	2282
nonFullTGDs	2962		fullTGDs	6111			newNonFullTGDs	1		newFullTGDs	2281
nonFullTGDs	2957		fullTGDs	6137			newNonFullTGDs	0		newFullTGDs	2270
nonFullTGDs	2955		fullTGDs	6166			newNonFullTGDs	0		newFullTGDs	2250
nonFullTGDs	2955		fullTGDs	6198			newNonFullTGDs	0		newFullTGDs	2248
nonFullTGDs	2955		fullTGDs	6228			newNonFullTGDs	0		newFullTGDs	2248
nonFullTGDs	2967		fullTGDs	6281			newNonFullTGDs	0		newFullTGDs	2261
nonFullTGDs	2976		fullTGDs	6331			newNonFullTGDs	0		newFullTGDs	2253
nonFullTGDs	2974		fullTGDs	6362			newNonFullTGDs	0		newFullTGDs	2246
nonFullTGDs	2972		fullTGDs	6393			newNonFullTGDs	0		newFullTGDs	2239
nonFullTGDs	2979		fullTGDs	6427			newNonFullTGDs	0		newFullTGDs	2256
nonFullTGDs	2987		fullTGDs	6486			newNonFullTGDs	0		newFullTGDs	2236
nonFullTGDs	2983		fullTGDs	6507			newNonFullTGDs	0		newFullTGDs	2233
nonFullTGDs	2998		fullTGDs	6547			newNonFullTGDs	0		newFullTGDs	2233
nonFullTGDs	3000		fullTGDs	6601			newNonFullTGDs	0		newFullTGDs	2244
nonFullTGDs	3003		fullTGDs	6619			newNonFullTGDs	1		newFullTGDs	2286
nonFullTGDs	3014		fullTGDs	6688			newNonFullTGDs	0		newFullTGDs	2241
nonFullTGDs	3027		fullTGDs	6758			newNonFullTGDs	0		newFullTGDs	2228
nonFullTGDs	3025		fullTGDs	6764			newNonFullTGDs	1		newFullTGDs	2241
nonFullTGDs	3033		fullTGDs	6829			newNonFullTGDs	0		newFullTGDs	2231
nonFullTGDs	3041		fullTGDs	6863			newNonFullTGDs	0		newFullTGDs	2223
nonFullTGDs	3132		fullTGDs	6865			newNonFullTGDs	0		newFullTGDs	2498
nonFullTGDs	3132		fullTGDs	6965			newNonFullTGDs	0		newFullTGDs	2398
nonFullTGDs	3132		fullTGDs	7050			newNonFullTGDs	0		newFullTGDs	2310
nonFullTGDs	3138		fullTGDs	7083			newNonFullTGDs	0		newFullTGDs	2298
nonFullTGDs	3144		fullTGDs	7117			newNonFullTGDs	0		newFullTGDs	2286
nonFullTGDs	3150		fullTGDs	7148			newNonFullTGDs	0		newFullTGDs	2275
nonFullTGDs	3156		fullTGDs	7183			newNonFullTGDs	0		newFullTGDs	2263
nonFullTGDs	3162		fullTGDs	7213			newNonFullTGDs	0		newFullTGDs	2252
nonFullTGDs	3168		fullTGDs	7249			newNonFullTGDs	0		newFullTGDs	2240
nonFullTGDs	3174		fullTGDs	7285			newNonFullTGDs	0		newFullTGDs	2228
nonFullTGDs	3196		fullTGDs	7313			newNonFullTGDs	13		newFullTGDs	2292
nonFullTGDs	3222		fullTGDs	7387			newNonFullTGDs	0		newFullTGDs	2242
nonFullTGDs	3225		fullTGDs	7462			newNonFullTGDs	0		newFullTGDs	2240
nonFullTGDs	3227		fullTGDs	7457			newNonFullTGDs	0		newFullTGDs	2229
nonFullTGDs	3228		fullTGDs	7506			newNonFullTGDs	0		newFullTGDs	2256
nonFullTGDs	3228		fullTGDs	7527			newNonFullTGDs	1		newFullTGDs	2212
nonFullTGDs	3283		fullTGDs	7543			newNonFullTGDs	26		newFullTGDs	2666
nonFullTGDs	3309		fullTGDs	7617			newNonFullTGDs	0		newFullTGDs	2610
nonFullTGDs	3309		fullTGDs	7717			newNonFullTGDs	0		newFullTGDs	2510
nonFullTGDs	3309		fullTGDs	7817			newNonFullTGDs	0		newFullTGDs	2410
nonFullTGDs	3309		fullTGDs	7917			newNonFullTGDs	0		newFullTGDs	2310
nonFullTGDs	3313		fullTGDs	7955			newNonFullTGDs	1		newFullTGDs	2278
nonFullTGDs	3319		fullTGDs	7990			newNonFullTGDs	0		newFullTGDs	2267
nonFullTGDs	3325		fullTGDs	8020			newNonFullTGDs	0		newFullTGDs	2255
nonFullTGDs	3331		fullTGDs	8037			newNonFullTGDs	0		newFullTGDs	2244
nonFullTGDs	3337		fullTGDs	8059			newNonFullTGDs	0		newFullTGDs	2234
nonFullTGDs	3343		fullTGDs	8075			newNonFullTGDs	0		newFullTGDs	2224
nonFullTGDs	3349		fullTGDs	8105			newNonFullTGDs	0		newFullTGDs	2213
nonFullTGDs	3383		fullTGDs	8161			newNonFullTGDs	0		newFullTGDs	2242
nonFullTGDs	3384		fullTGDs	8202			newNonFullTGDs	0		newFullTGDs	2322
nonFullTGDs	3384		fullTGDs	8302			newNonFullTGDs	0		newFullTGDs	2222
nonFullTGDs	3381		fullTGDs	8249			newNonFullTGDs	0		newFullTGDs	2211
nonFullTGDs	3375		fullTGDs	8295			newNonFullTGDs	0		newFullTGDs	2244
nonFullTGDs	3373		fullTGDs	8297			newNonFullTGDs	0		newFullTGDs	2207
nonFullTGDs	3366		fullTGDs	8300			newNonFullTGDs	0		newFullTGDs	2266
nonFullTGDs	3363		fullTGDs	8321			newNonFullTGDs	0		newFullTGDs	2207
nonFullTGDs	3363		fullTGDs	8340			newNonFullTGDs	0		newFullTGDs	2193
nonFullTGDs	3358		fullTGDs	8365			newNonFullTGDs	0		newFullTGDs	2186
nonFullTGDs	3356		fullTGDs	8382			newNonFullTGDs	0		newFullTGDs	2173
nonFullTGDs	3340		fullTGDs	8413			newNonFullTGDs	0		newFullTGDs	2228
nonFullTGDs	3341		fullTGDs	8493			newNonFullTGDs	0		newFullTGDs	2165
nonFullTGDs	3342		fullTGDs	8591			newNonFullTGDs	0		newFullTGDs	2170
nonFullTGDs	3344		fullTGDs	8649			newNonFullTGDs	0		newFullTGDs	2170
nonFullTGDs	3344		fullTGDs	8713			newNonFullTGDs	0		newFullTGDs	2157
nonFullTGDs	3346		fullTGDs	8743			newNonFullTGDs	0		newFullTGDs	2186
nonFullTGDs	3346		fullTGDs	8829			newNonFullTGDs	0		newFullTGDs	2149
nonFullTGDs	3336		fullTGDs	8569			newNonFullTGDs	0		newFullTGDs	2204
nonFullTGDs	3336		fullTGDs	8635			newNonFullTGDs	0		newFullTGDs	2139
nonFullTGDs	3338		fullTGDs	8647			newNonFullTGDs	0		newFullTGDs	2128
nonFullTGDs	3345		fullTGDs	8660			newNonFullTGDs	0		newFullTGDs	2119
nonFullTGDs	3347		fullTGDs	8707			newNonFullTGDs	0		newFullTGDs	2122
nonFullTGDs	3345		fullTGDs	8719			newNonFullTGDs	0		newFullTGDs	2113
nonFullTGDs	3347		fullTGDs	8739			newNonFullTGDs	0		newFullTGDs	2110
nonFullTGDs	3349		fullTGDs	8780			newNonFullTGDs	0		newFullTGDs	2179
nonFullTGDs	3349		fullTGDs	8859			newNonFullTGDs	0		newFullTGDs	2100
nonFullTGDs	3354		fullTGDs	8880			newNonFullTGDs	0		newFullTGDs	2105
nonFullTGDs	3353		fullTGDs	8877			newNonFullTGDs	0		newFullTGDs	2097
nonFullTGDs	3354		fullTGDs	8908			newNonFullTGDs	0		newFullTGDs	2085
nonFullTGDs	3354		fullTGDs	8921			newNonFullTGDs	0		newFullTGDs	2072
nonFullTGDs	3355		fullTGDs	8918			newNonFullTGDs	0		newFullTGDs	2089
nonFullTGDs	3357		fullTGDs	8952			newNonFullTGDs	0		newFullTGDs	2099
nonFullTGDs	3359		fullTGDs	8976			newNonFullTGDs	0		newFullTGDs	2095
nonFullTGDs	3361		fullTGDs	9024			newNonFullTGDs	0		newFullTGDs	2109
nonFullTGDs	3362		fullTGDs	9098			newNonFullTGDs	0		newFullTGDs	2072
nonFullTGDs	3375		fullTGDs	9151			newNonFullTGDs	0		newFullTGDs	2110
nonFullTGDs	3376		fullTGDs	9240			newNonFullTGDs	0		newFullTGDs	2124
nonFullTGDs	3376		fullTGDs	9332			newNonFullTGDs	0		newFullTGDs	2071
nonFullTGDs	3391		fullTGDs	9382			newNonFullTGDs	0		newFullTGDs	2133
nonFullTGDs	3392		fullTGDs	9471			newNonFullTGDs	0		newFullTGDs	2159
nonFullTGDs	3392		fullTGDs	9571			newNonFullTGDs	0		newFullTGDs	2089
nonFullTGDs	3396		fullTGDs	9619			newNonFullTGDs	0		newFullTGDs	2054
nonFullTGDs	3407		fullTGDs	9655			newNonFullTGDs	0		newFullTGDs	2063
nonFullTGDs	3414		fullTGDs	9691			newNonFullTGDs	0		newFullTGDs	2056
nonFullTGDs	3475		fullTGDs	9696			newNonFullTGDs	0		newFullTGDs	2642
nonFullTGDs	3475		fullTGDs	9796			newNonFullTGDs	0		newFullTGDs	2542
nonFullTGDs	3475		fullTGDs	9896			newNonFullTGDs	0		newFullTGDs	2442
nonFullTGDs	3475		fullTGDs	9996			newNonFullTGDs	0		newFullTGDs	2342
nonFullTGDs	3475		fullTGDs	10090			newNonFullTGDs	0		newFullTGDs	2284
nonFullTGDs	3475		fullTGDs	10190			newNonFullTGDs	0		newFullTGDs	2184
nonFullTGDs	3476		fullTGDs	10273			newNonFullTGDs	0		newFullTGDs	2104
nonFullTGDs	3481		fullTGDs	10295			newNonFullTGDs	0		newFullTGDs	2094
nonFullTGDs	3485		fullTGDs	10309			newNonFullTGDs	0		newFullTGDs	2077
nonFullTGDs	3489		fullTGDs	10330			newNonFullTGDs	1		newFullTGDs	2062
nonFullTGDs	3494		fullTGDs	10343			newNonFullTGDs	0		newFullTGDs	2049
nonFullTGDs	3496		fullTGDs	10400			newNonFullTGDs	0		newFullTGDs	2054
nonFullTGDs	3517		fullTGDs	10462			newNonFullTGDs	0		newFullTGDs	2070
nonFullTGDs	3518		fullTGDs	10439			newNonFullTGDs	0		newFullTGDs	2041
nonFullTGDs	3533		fullTGDs	10457			newNonFullTGDs	0		newFullTGDs	2078
nonFullTGDs	3534		fullTGDs	10444			newNonFullTGDs	0		newFullTGDs	2158
nonFullTGDs	3534		fullTGDs	10544			newNonFullTGDs	0		newFullTGDs	2082
nonFullTGDs	3534		fullTGDs	10600			newNonFullTGDs	0		newFullTGDs	2045
nonFullTGDs	3535		fullTGDs	10583			newNonFullTGDs	0		newFullTGDs	2109
nonFullTGDs	3535		fullTGDs	10683			newNonFullTGDs	0		newFullTGDs	2047
nonFullTGDs	3547		fullTGDs	10749			newNonFullTGDs	1		newFullTGDs	2069
nonFullTGDs	3536		fullTGDs	10664			newNonFullTGDs	0		newFullTGDs	2056
nonFullTGDs	3547		fullTGDs	10733			newNonFullTGDs	0		newFullTGDs	2099
nonFullTGDs	3545		fullTGDs	10718			newNonFullTGDs	1		newFullTGDs	2171
nonFullTGDs	3550		fullTGDs	10797			newNonFullTGDs	0		newFullTGDs	2056
nonFullTGDs	3550		fullTGDs	10847			newNonFullTGDs	0		newFullTGDs	2037
nonFullTGDs	3564		fullTGDs	10861			newNonFullTGDs	0		newFullTGDs	2068
nonFullTGDs	3564		fullTGDs	10959			newNonFullTGDs	0		newFullTGDs	2030
nonFullTGDs	3578		fullTGDs	10981			newNonFullTGDs	0		newFullTGDs	2065
nonFullTGDs	3579		fullTGDs	11068			newNonFullTGDs	0		newFullTGDs	2063
nonFullTGDs	3579		fullTGDs	11089			newNonFullTGDs	0		newFullTGDs	2077
nonFullTGDs	3579		fullTGDs	11121			newNonFullTGDs	0		newFullTGDs	2039
nonFullTGDs	3580		fullTGDs	11126			newNonFullTGDs	0		newFullTGDs	2036
nonFullTGDs	3589		fullTGDs	11088			newNonFullTGDs	0		newFullTGDs	2039
nonFullTGDs	3598		fullTGDs	11058			newNonFullTGDs	0		newFullTGDs	2022
nonFullTGDs	3590		fullTGDs	11033			newNonFullTGDs	0		newFullTGDs	2025
nonFullTGDs	3601		fullTGDs	11077			newNonFullTGDs	1		newFullTGDs	2087
nonFullTGDs	3606		fullTGDs	11138			newNonFullTGDs	0		newFullTGDs	2092
nonFullTGDs	3603		fullTGDs	11170			newNonFullTGDs	0		newFullTGDs	2075
nonFullTGDs	3603		fullTGDs	11231			newNonFullTGDs	0		newFullTGDs	2051
nonFullTGDs	3610		fullTGDs	11280			newNonFullTGDs	0		newFullTGDs	2054
nonFullTGDs	3614		fullTGDs	11327			newNonFullTGDs	0		newFullTGDs	2010
nonFullTGDs	3614		fullTGDs	11340			newNonFullTGDs	0		newFullTGDs	1997
nonFullTGDs	3614		fullTGDs	11352			newNonFullTGDs	0		newFullTGDs	1985
nonFullTGDs	3615		fullTGDs	11365			newNonFullTGDs	0		newFullTGDs	1972
nonFullTGDs	3615		fullTGDs	11378			newNonFullTGDs	0		newFullTGDs	1959
nonFullTGDs	3615		fullTGDs	11390			newNonFullTGDs	0		newFullTGDs	1947
nonFullTGDs	3615		fullTGDs	11403			newNonFullTGDs	0		newFullTGDs	1934
nonFullTGDs	3615		fullTGDs	11415			newNonFullTGDs	0		newFullTGDs	1922
nonFullTGDs	3615		fullTGDs	11428			newNonFullTGDs	0		newFullTGDs	1909
nonFullTGDs	3617		fullTGDs	11441			newNonFullTGDs	0		newFullTGDs	1899
nonFullTGDs	3620		fullTGDs	11503			newNonFullTGDs	0		newFullTGDs	1921
nonFullTGDs	3621		fullTGDs	11557			newNonFullTGDs	0		newFullTGDs	1929
nonFullTGDs	3622		fullTGDs	11609			newNonFullTGDs	0		newFullTGDs	2049
nonFullTGDs	3622		fullTGDs	11709			newNonFullTGDs	0		newFullTGDs	2012
nonFullTGDs	3622		fullTGDs	11770			newNonFullTGDs	0		newFullTGDs	1960
nonFullTGDs	3623		fullTGDs	11843			newNonFullTGDs	0		newFullTGDs	1975
nonFullTGDs	3623		fullTGDs	11936			newNonFullTGDs	0		newFullTGDs	1936
nonFullTGDs	3623		fullTGDs	11980			newNonFullTGDs	0		newFullTGDs	1893
nonFullTGDs	3625		fullTGDs	12032			newNonFullTGDs	0		newFullTGDs	1945
nonFullTGDs	3625		fullTGDs	12087			newNonFullTGDs	0		newFullTGDs	1891
nonFullTGDs	3626		fullTGDs	12146			newNonFullTGDs	0		newFullTGDs	1900
nonFullTGDs	3627		fullTGDs	12188			newNonFullTGDs	0		newFullTGDs	1927
nonFullTGDs	3627		fullTGDs	12221			newNonFullTGDs	0		newFullTGDs	1894
nonFullTGDs	3628		fullTGDs	12230			newNonFullTGDs	0		newFullTGDs	1950
nonFullTGDs	3629		fullTGDs	12312			newNonFullTGDs	0		newFullTGDs	1892
nonFullTGDs	3632		fullTGDs	12321			newNonFullTGDs	0		newFullTGDs	1886
nonFullTGDs	3634		fullTGDs	12295			newNonFullTGDs	0		newFullTGDs	1914
nonFullTGDs	3654		fullTGDs	11582			newNonFullTGDs	55		newFullTGDs	3056
nonFullTGDs	3714		fullTGDs	11596			newNonFullTGDs	0		newFullTGDs	3158
nonFullTGDs	3714		fullTGDs	11696			newNonFullTGDs	0		newFullTGDs	3058
nonFullTGDs	3714		fullTGDs	11796			newNonFullTGDs	0		newFullTGDs	2958
nonFullTGDs	3639		fullTGDs	11603			newNonFullTGDs	0		newFullTGDs	2972
nonFullTGDs	3639		fullTGDs	11703			newNonFullTGDs	0		newFullTGDs	2872
nonFullTGDs	3639		fullTGDs	11803			newNonFullTGDs	0		newFullTGDs	2772
nonFullTGDs	3639		fullTGDs	11903			newNonFullTGDs	0		newFullTGDs	2672
nonFullTGDs	3639		fullTGDs	12003			newNonFullTGDs	0		newFullTGDs	2572
nonFullTGDs	3656		fullTGDs	12086			newNonFullTGDs	0		newFullTGDs	2623
nonFullTGDs	3663		fullTGDs	12066			newNonFullTGDs	0		newFullTGDs	2680
nonFullTGDs	3624		fullTGDs	11749			newNonFullTGDs	0		newFullTGDs	3320
nonFullTGDs	3580		fullTGDs	11239			newNonFullTGDs	0		newFullTGDs	3417
nonFullTGDs	3572		fullTGDs	11147			newNonFullTGDs	0		newFullTGDs	3410
nonFullTGDs	3428		fullTGDs	10659			newNonFullTGDs	0		newFullTGDs	3568
nonFullTGDs	3436		fullTGDs	10639			newNonFullTGDs	0		newFullTGDs	3612
nonFullTGDs	3446		fullTGDs	10616			newNonFullTGDs	0		newFullTGDs	3649
nonFullTGDs	3456		fullTGDs	10701			newNonFullTGDs	0		newFullTGDs	3619
nonFullTGDs	3362		fullTGDs	10276			newNonFullTGDs	1		newFullTGDs	3745
nonFullTGDs	3331		fullTGDs	9922			newNonFullTGDs	1		newFullTGDs	3693
nonFullTGDs	3332		fullTGDs	9960			newNonFullTGDs	0		newFullTGDs	3609
nonFullTGDs	3308		fullTGDs	9540			newNonFullTGDs	0		newFullTGDs	3566
nonFullTGDs	3308		fullTGDs	9621			newNonFullTGDs	0		newFullTGDs	3485
nonFullTGDs	3308		fullTGDs	9711			newNonFullTGDs	0		newFullTGDs	3395
nonFullTGDs	3308		fullTGDs	9789			newNonFullTGDs	0		newFullTGDs	3317
nonFullTGDs	3308		fullTGDs	9856			newNonFullTGDs	0		newFullTGDs	3250
nonFullTGDs	3308		fullTGDs	9906			newNonFullTGDs	0		newFullTGDs	3200
nonFullTGDs	3308		fullTGDs	9956			newNonFullTGDs	0		newFullTGDs	3150
nonFullTGDs	3308		fullTGDs	10017			newNonFullTGDs	0		newFullTGDs	3086
nonFullTGDs	3308		fullTGDs	10100			newNonFullTGDs	0		newFullTGDs	2996
nonFullTGDs	3308		fullTGDs	10161			newNonFullTGDs	0		newFullTGDs	2914
nonFullTGDs	3308		fullTGDs	10238			newNonFullTGDs	0		newFullTGDs	2849
nonFullTGDs	3308		fullTGDs	10302			newNonFullTGDs	0		newFullTGDs	2785
nonFullTGDs	3308		fullTGDs	10352			newNonFullTGDs	0		newFullTGDs	2735
nonFullTGDs	3308		fullTGDs	10384			newNonFullTGDs	0		newFullTGDs	2675
nonFullTGDs	3308		fullTGDs	10408			newNonFullTGDs	0		newFullTGDs	2633
nonFullTGDs	3308		fullTGDs	10424			newNonFullTGDs	0		newFullTGDs	2547
nonFullTGDs	3308		fullTGDs	10424			newNonFullTGDs	0		newFullTGDs	2505
nonFullTGDs	3308		fullTGDs	10470			newNonFullTGDs	0		newFullTGDs	2455
nonFullTGDs	3309		fullTGDs	10499			newNonFullTGDs	0		newFullTGDs	2426
nonFullTGDs	3321		fullTGDs	10561			newNonFullTGDs	0		newFullTGDs	2386
nonFullTGDs	3326		fullTGDs	10603			newNonFullTGDs	0		newFullTGDs	2346
nonFullTGDs	3326		fullTGDs	10652			newNonFullTGDs	0		newFullTGDs	2315
nonFullTGDs	3326		fullTGDs	10686			newNonFullTGDs	0		newFullTGDs	2241
nonFullTGDs	3326		fullTGDs	10719			newNonFullTGDs	0		newFullTGDs	2141
nonFullTGDs	3326		fullTGDs	10752			newNonFullTGDs	0		newFullTGDs	2103
nonFullTGDs	3326		fullTGDs	10786			newNonFullTGDs	0		newFullTGDs	2069
nonFullTGDs	3326		fullTGDs	10758			newNonFullTGDs	0		newFullTGDs	2041
nonFullTGDs	3326		fullTGDs	10806			newNonFullTGDs	0		newFullTGDs	2016
nonFullTGDs	3326		fullTGDs	10813			newNonFullTGDs	0		newFullTGDs	1994
nonFullTGDs	3326		fullTGDs	10838			newNonFullTGDs	0		newFullTGDs	1969
nonFullTGDs	3326		fullTGDs	10863			newNonFullTGDs	0		newFullTGDs	1944
nonFullTGDs	3326		fullTGDs	10757			newNonFullTGDs	0		newFullTGDs	1924
nonFullTGDs	3326		fullTGDs	10777			newNonFullTGDs	0		newFullTGDs	1904
nonFullTGDs	3326		fullTGDs	10797			newNonFullTGDs	0		newFullTGDs	1884
nonFullTGDs	3326		fullTGDs	10814			newNonFullTGDs	0		newFullTGDs	1874
nonFullTGDs	3326		fullTGDs	10830			newNonFullTGDs	0		newFullTGDs	1866
nonFullTGDs	3327		fullTGDs	10844			newNonFullTGDs	0		newFullTGDs	1856
nonFullTGDs	3329		fullTGDs	10855			newNonFullTGDs	0		newFullTGDs	1846
nonFullTGDs	3340		fullTGDs	10870			newNonFullTGDs	0		newFullTGDs	1835
nonFullTGDs	3345		fullTGDs	10685			newNonFullTGDs	0		newFullTGDs	1992
nonFullTGDs	3345		fullTGDs	10785			newNonFullTGDs	0		newFullTGDs	1892
nonFullTGDs	3346		fullTGDs	10826			newNonFullTGDs	0		newFullTGDs	1912
nonFullTGDs	3346		fullTGDs	10917			newNonFullTGDs	0		newFullTGDs	1821
nonFullTGDs	3349		fullTGDs	10847			newNonFullTGDs	0		newFullTGDs	1822
nonFullTGDs	3352		fullTGDs	10839			newNonFullTGDs	0		newFullTGDs	1816
nonFullTGDs	3371		fullTGDs	10839			newNonFullTGDs	0		newFullTGDs	2104
nonFullTGDs	3373		fullTGDs	10933			newNonFullTGDs	0		newFullTGDs	2010
nonFullTGDs	3373		fullTGDs	11020			newNonFullTGDs	0		newFullTGDs	1923
nonFullTGDs	3373		fullTGDs	11079			newNonFullTGDs	0		newFullTGDs	1836
nonFullTGDs	3373		fullTGDs	11063			newNonFullTGDs	0		newFullTGDs	1810
nonFullTGDs	3392		fullTGDs	11081			newNonFullTGDs	0		newFullTGDs	1992
nonFullTGDs	3392		fullTGDs	11175			newNonFullTGDs	0		newFullTGDs	1898
nonFullTGDs	3392		fullTGDs	11231			newNonFullTGDs	0		newFullTGDs	1816
nonFullTGDs	3392		fullTGDs	11228			newNonFullTGDs	0		newFullTGDs	1803
nonFullTGDs	3394		fullTGDs	11194			newNonFullTGDs	0		newFullTGDs	1819
nonFullTGDs	3395		fullTGDs	11207			newNonFullTGDs	0		newFullTGDs	1817
nonFullTGDs	3412		fullTGDs	11243			newNonFullTGDs	0		newFullTGDs	2083
nonFullTGDs	3413		fullTGDs	11334			newNonFullTGDs	0		newFullTGDs	1998
nonFullTGDs	3413		fullTGDs	11428			newNonFullTGDs	0		newFullTGDs	1904
nonFullTGDs	3413		fullTGDs	11470			newNonFullTGDs	0		newFullTGDs	1817
nonFullTGDs	3413		fullTGDs	11426			newNonFullTGDs	0		newFullTGDs	1789
nonFullTGDs	3432		fullTGDs	11439			newNonFullTGDs	0		newFullTGDs	1991
nonFullTGDs	3432		fullTGDs	11527			newNonFullTGDs	0		newFullTGDs	1903
nonFullTGDs	3432		fullTGDs	11593			newNonFullTGDs	0		newFullTGDs	1817
nonFullTGDs	3432		fullTGDs	11594			newNonFullTGDs	0		newFullTGDs	1784
nonFullTGDs	3434		fullTGDs	11642			newNonFullTGDs	0		newFullTGDs	1781
nonFullTGDs	3453		fullTGDs	11704			newNonFullTGDs	0		newFullTGDs	2076
nonFullTGDs	3453		fullTGDs	11796			newNonFullTGDs	0		newFullTGDs	1984
nonFullTGDs	3453		fullTGDs	11888			newNonFullTGDs	0		newFullTGDs	1892
nonFullTGDs	3453		fullTGDs	11929			newNonFullTGDs	0		newFullTGDs	1805
nonFullTGDs	3453		fullTGDs	11912			newNonFullTGDs	0		newFullTGDs	1779
nonFullTGDs	3472		fullTGDs	11935			newNonFullTGDs	0		newFullTGDs	1992
nonFullTGDs	3472		fullTGDs	12023			newNonFullTGDs	0		newFullTGDs	1904
nonFullTGDs	3472		fullTGDs	12095			newNonFullTGDs	0		newFullTGDs	1817
nonFullTGDs	3473		fullTGDs	12075			newNonFullTGDs	0		newFullTGDs	1792
nonFullTGDs	3464		fullTGDs	12104			newNonFullTGDs	0		newFullTGDs	1770
nonFullTGDs	3481		fullTGDs	12129			newNonFullTGDs	1		newFullTGDs	2081
nonFullTGDs	3482		fullTGDs	12220			newNonFullTGDs	0		newFullTGDs	1996
nonFullTGDs	3482		fullTGDs	12315			newNonFullTGDs	0		newFullTGDs	1901
nonFullTGDs	3482		fullTGDs	12402			newNonFullTGDs	0		newFullTGDs	1813
nonFullTGDs	3482		fullTGDs	12375			newNonFullTGDs	0		newFullTGDs	1770
nonFullTGDs	3501		fullTGDs	12356			newNonFullTGDs	0		newFullTGDs	2019
nonFullTGDs	3501		fullTGDs	12454			newNonFullTGDs	0		newFullTGDs	1921
nonFullTGDs	3501		fullTGDs	12534			newNonFullTGDs	0		newFullTGDs	1841
nonFullTGDs	3501		fullTGDs	12545			newNonFullTGDs	0		newFullTGDs	1766
nonFullTGDs	3506		fullTGDs	12549			newNonFullTGDs	0		newFullTGDs	1756
nonFullTGDs	3496		fullTGDs	12567			newNonFullTGDs	0		newFullTGDs	1748
nonFullTGDs	3498		fullTGDs	12512			newNonFullTGDs	0		newFullTGDs	1768
nonFullTGDs	3498		fullTGDs	12551			newNonFullTGDs	0		newFullTGDs	1735
nonFullTGDs	3498		fullTGDs	12566			newNonFullTGDs	0		newFullTGDs	1727
nonFullTGDs	3491		fullTGDs	12473			newNonFullTGDs	0		newFullTGDs	1734
nonFullTGDs	3483		fullTGDs	12362			newNonFullTGDs	0		newFullTGDs	1728
nonFullTGDs	3473		fullTGDs	12316			newNonFullTGDs	0		newFullTGDs	1715
nonFullTGDs	3238		fullTGDs	10916			newNonFullTGDs	3		newFullTGDs	2057
nonFullTGDs	3241		fullTGDs	10899			newNonFullTGDs	0		newFullTGDs	1996
nonFullTGDs	3241		fullTGDs	10887			newNonFullTGDs	0		newFullTGDs	1904
nonFullTGDs	3241		fullTGDs	10861			newNonFullTGDs	0		newFullTGDs	1813
nonFullTGDs	3241		fullTGDs	10764			newNonFullTGDs	0		newFullTGDs	1732
nonFullTGDs	3229		fullTGDs	10584			newNonFullTGDs	0		newFullTGDs	1714
nonFullTGDs	3013		fullTGDs	9478			newNonFullTGDs	0		newFullTGDs	1942
nonFullTGDs	3013		fullTGDs	9410			newNonFullTGDs	0		newFullTGDs	1854
nonFullTGDs	3013		fullTGDs	9370			newNonFullTGDs	0		newFullTGDs	1764
nonFullTGDs	3013		fullTGDs	9316			newNonFullTGDs	0		newFullTGDs	1707
nonFullTGDs	3016		fullTGDs	9331			newNonFullTGDs	0		newFullTGDs	1698
nonFullTGDs	3016		fullTGDs	9347			newNonFullTGDs	0		newFullTGDs	1689
nonFullTGDs	3016		fullTGDs	9363			newNonFullTGDs	0		newFullTGDs	1681
nonFullTGDs	3019		fullTGDs	9377			newNonFullTGDs	0		newFullTGDs	1672
nonFullTGDs	3028		fullTGDs	9388			newNonFullTGDs	0		newFullTGDs	1663
nonFullTGDs	3036		fullTGDs	9400			newNonFullTGDs	0		newFullTGDs	1654
nonFullTGDs	3039		fullTGDs	9415			newNonFullTGDs	0		newFullTGDs	1641
nonFullTGDs	3046		fullTGDs	9430			newNonFullTGDs	1		newFullTGDs	1626
nonFullTGDs	3054		fullTGDs	9444			newNonFullTGDs	0		newFullTGDs	1613
nonFullTGDs	3058		fullTGDs	9456			newNonFullTGDs	0		newFullTGDs	1602
nonFullTGDs	3061		fullTGDs	9467			newNonFullTGDs	0		newFullTGDs	1592
nonFullTGDs	3063		fullTGDs	9479			newNonFullTGDs	0		newFullTGDs	1581
nonFullTGDs	3063		fullTGDs	9493			newNonFullTGDs	0		newFullTGDs	1570
nonFullTGDs	3063		fullTGDs	9506			newNonFullTGDs	0		newFullTGDs	1557
nonFullTGDs	3063		fullTGDs	9518			newNonFullTGDs	0		newFullTGDs	1545
nonFullTGDs	3063		fullTGDs	9531			newNonFullTGDs	0		newFullTGDs	1533
nonFullTGDs	3073		fullTGDs	9546			newNonFullTGDs	0		newFullTGDs	1520
nonFullTGDs	3078		fullTGDs	9565			newNonFullTGDs	0		newFullTGDs	1511
nonFullTGDs	3087		fullTGDs	9577			newNonFullTGDs	0		newFullTGDs	1501
nonFullTGDs	3087		fullTGDs	9594			newNonFullTGDs	0		newFullTGDs	1493
nonFullTGDs	3087		fullTGDs	9610			newNonFullTGDs	0		newFullTGDs	1484
nonFullTGDs	3087		fullTGDs	9624			newNonFullTGDs	0		newFullTGDs	1472
nonFullTGDs	3087		fullTGDs	9636			newNonFullTGDs	0		newFullTGDs	1461
nonFullTGDs	3087		fullTGDs	9647			newNonFullTGDs	0		newFullTGDs	1450
nonFullTGDs	3087		fullTGDs	9657			newNonFullTGDs	0		newFullTGDs	1440
nonFullTGDs	3087		fullTGDs	9669			newNonFullTGDs	0		newFullTGDs	1430
nonFullTGDs	3087		fullTGDs	9682			newNonFullTGDs	0		newFullTGDs	1420
nonFullTGDs	3087		fullTGDs	9695			newNonFullTGDs	0		newFullTGDs	1411
nonFullTGDs	3087		fullTGDs	9708			newNonFullTGDs	0		newFullTGDs	1402
nonFullTGDs	3087		fullTGDs	9721			newNonFullTGDs	0		newFullTGDs	1389
nonFullTGDs	3087		fullTGDs	9734			newNonFullTGDs	0		newFullTGDs	1376
nonFullTGDs	3087		fullTGDs	9744			newNonFullTGDs	0		newFullTGDs	1367
nonFullTGDs	3087		fullTGDs	9757			newNonFullTGDs	0		newFullTGDs	1356
nonFullTGDs	3091		fullTGDs	9770			newNonFullTGDs	0		newFullTGDs	1345
nonFullTGDs	3103		fullTGDs	9785			newNonFullTGDs	0		newFullTGDs	1338
nonFullTGDs	3114		fullTGDs	9800			newNonFullTGDs	0		newFullTGDs	1326
nonFullTGDs	3118		fullTGDs	9814			newNonFullTGDs	0		newFullTGDs	1315
nonFullTGDs	3118		fullTGDs	9826			newNonFullTGDs	0		newFullTGDs	1305
nonFullTGDs	3118		fullTGDs	9839			newNonFullTGDs	0		newFullTGDs	1292
nonFullTGDs	3118		fullTGDs	9851			newNonFullTGDs	0		newFullTGDs	1276
nonFullTGDs	3118		fullTGDs	9864			newNonFullTGDs	0		newFullTGDs	1264
nonFullTGDs	3120		fullTGDs	9875			newNonFullTGDs	0		newFullTGDs	1254
nonFullTGDs	3122		fullTGDs	9887			newNonFullTGDs	1		newFullTGDs	1245
nonFullTGDs	3128		fullTGDs	9896			newNonFullTGDs	0		newFullTGDs	1236
nonFullTGDs	3128		fullTGDs	9909			newNonFullTGDs	0		newFullTGDs	1223
nonFullTGDs	3128		fullTGDs	9922			newNonFullTGDs	0		newFullTGDs	1210
nonFullTGDs	3128		fullTGDs	9934			newNonFullTGDs	0		newFullTGDs	1199
nonFullTGDs	3128		fullTGDs	9949			newNonFullTGDs	0		newFullTGDs	1189
nonFullTGDs	3128		fullTGDs	9964			newNonFullTGDs	0		newFullTGDs	1180
nonFullTGDs	3132		fullTGDs	9977			newNonFullTGDs	0		newFullTGDs	1170
nonFullTGDs	3133		fullTGDs	9991			newNonFullTGDs	0		newFullTGDs	1156
nonFullTGDs	3137		fullTGDs	10003			newNonFullTGDs	0		newFullTGDs	1146
nonFullTGDs	3142		fullTGDs	10016			newNonFullTGDs	0		newFullTGDs	1138
nonFullTGDs	3149		fullTGDs	10027			newNonFullTGDs	0		newFullTGDs	1129
nonFullTGDs	3149		fullTGDs	10038			newNonFullTGDs	0		newFullTGDs	1119
nonFullTGDs	3149		fullTGDs	10048			newNonFullTGDs	0		newFullTGDs	1109
nonFullTGDs	3149		fullTGDs	10058			newNonFullTGDs	0		newFullTGDs	1099
nonFullTGDs	3150		fullTGDs	10068			newNonFullTGDs	0		newFullTGDs	1089
nonFullTGDs	3150		fullTGDs	10079			newNonFullTGDs	0		newFullTGDs	1079
nonFullTGDs	3151		fullTGDs	10093			newNonFullTGDs	0		newFullTGDs	1060
nonFullTGDs	3152		fullTGDs	10106			newNonFullTGDs	0		newFullTGDs	1048
nonFullTGDs	3152		fullTGDs	10121			newNonFullTGDs	0		newFullTGDs	1039
nonFullTGDs	3152		fullTGDs	10135			newNonFullTGDs	0		newFullTGDs	1029
nonFullTGDs	3152		fullTGDs	10149			newNonFullTGDs	0		newFullTGDs	1020
nonFullTGDs	3152		fullTGDs	10161			newNonFullTGDs	0		newFullTGDs	1010
nonFullTGDs	3152		fullTGDs	10175			newNonFullTGDs	0		newFullTGDs	999
nonFullTGDs	3152		fullTGDs	10188			newNonFullTGDs	0		newFullTGDs	989
nonFullTGDs	3156		fullTGDs	10202			newNonFullTGDs	0		newFullTGDs	978
nonFullTGDs	3163		fullTGDs	10212			newNonFullTGDs	0		newFullTGDs	969
nonFullTGDs	3163		fullTGDs	10225			newNonFullTGDs	0		newFullTGDs	959
nonFullTGDs	3163		fullTGDs	10237			newNonFullTGDs	0		newFullTGDs	947
nonFullTGDs	3163		fullTGDs	10249			newNonFullTGDs	0		newFullTGDs	935
nonFullTGDs	3163		fullTGDs	10261			newNonFullTGDs	0		newFullTGDs	923
nonFullTGDs	3163		fullTGDs	10273			newNonFullTGDs	0		newFullTGDs	911
nonFullTGDs	3163		fullTGDs	10284			newNonFullTGDs	0		newFullTGDs	900
nonFullTGDs	3168		fullTGDs	10297			newNonFullTGDs	0		newFullTGDs	890
nonFullTGDs	3169		fullTGDs	10311			newNonFullTGDs	0		newFullTGDs	877
nonFullTGDs	3172		fullTGDs	10324			newNonFullTGDs	0		newFullTGDs	868
nonFullTGDs	3172		fullTGDs	10339			newNonFullTGDs	0		newFullTGDs	857
nonFullTGDs	3178		fullTGDs	10352			newNonFullTGDs	0		newFullTGDs	847
nonFullTGDs	3184		fullTGDs	10365			newNonFullTGDs	0		newFullTGDs	836
nonFullTGDs	3190		fullTGDs	10376			newNonFullTGDs	0		newFullTGDs	826
nonFullTGDs	3192		fullTGDs	10388			newNonFullTGDs	0		newFullTGDs	816
nonFullTGDs	3200		fullTGDs	10399			newNonFullTGDs	0		newFullTGDs	806
nonFullTGDs	3204		fullTGDs	10412			newNonFullTGDs	0		newFullTGDs	796
nonFullTGDs	3204		fullTGDs	10425			newNonFullTGDs	0		newFullTGDs	788
nonFullTGDs	3204		fullTGDs	10439			newNonFullTGDs	0		newFullTGDs	780
nonFullTGDs	3204		fullTGDs	10453			newNonFullTGDs	0		newFullTGDs	770
nonFullTGDs	3204		fullTGDs	10466			newNonFullTGDs	0		newFullTGDs	760
nonFullTGDs	3204		fullTGDs	10480			newNonFullTGDs	0		newFullTGDs	749
nonFullTGDs	3204		fullTGDs	10494			newNonFullTGDs	0		newFullTGDs	740
nonFullTGDs	3204		fullTGDs	10507			newNonFullTGDs	0		newFullTGDs	729
nonFullTGDs	3204		fullTGDs	10520			newNonFullTGDs	0		newFullTGDs	719
nonFullTGDs	3204		fullTGDs	10534			newNonFullTGDs	0		newFullTGDs	711
nonFullTGDs	3204		fullTGDs	10548			newNonFullTGDs	0		newFullTGDs	700
nonFullTGDs	3210		fullTGDs	10561			newNonFullTGDs	1		newFullTGDs	690
nonFullTGDs	3212		fullTGDs	10572			newNonFullTGDs	0		newFullTGDs	681
nonFullTGDs	3218		fullTGDs	10584			newNonFullTGDs	0		newFullTGDs	672
nonFullTGDs	3226		fullTGDs	10595			newNonFullTGDs	0		newFullTGDs	662
nonFullTGDs	3233		fullTGDs	10606			newNonFullTGDs	0		newFullTGDs	652
nonFullTGDs	3241		fullTGDs	10618			newNonFullTGDs	0		newFullTGDs	644
nonFullTGDs	3245		fullTGDs	10629			newNonFullTGDs	0		newFullTGDs	636
nonFullTGDs	3253		fullTGDs	10642			newNonFullTGDs	0		newFullTGDs	626
nonFullTGDs	3253		fullTGDs	10651			newNonFullTGDs	0		newFullTGDs	616
nonFullTGDs	3255		fullTGDs	10663			newNonFullTGDs	0		newFullTGDs	607
nonFullTGDs	3255		fullTGDs	10676			newNonFullTGDs	0		newFullTGDs	596
nonFullTGDs	3256		fullTGDs	10689			newNonFullTGDs	1		newFullTGDs	584
nonFullTGDs	3260		fullTGDs	10704			newNonFullTGDs	0		newFullTGDs	574
nonFullTGDs	3260		fullTGDs	10724			newNonFullTGDs	0		newFullTGDs	562
nonFullTGDs	3260		fullTGDs	10738			newNonFullTGDs	0		newFullTGDs	549
nonFullTGDs	3260		fullTGDs	10750			newNonFullTGDs	0		newFullTGDs	537
nonFullTGDs	3260		fullTGDs	10764			newNonFullTGDs	0		newFullTGDs	527
nonFullTGDs	3260		fullTGDs	10777			newNonFullTGDs	0		newFullTGDs	518
nonFullTGDs	3260		fullTGDs	10790			newNonFullTGDs	0		newFullTGDs	505
nonFullTGDs	3260		fullTGDs	10804			newNonFullTGDs	0		newFullTGDs	497
nonFullTGDs	3260		fullTGDs	10819			newNonFullTGDs	0		newFullTGDs	486
nonFullTGDs	3260		fullTGDs	10832			newNonFullTGDs	0		newFullTGDs	478
nonFullTGDs	3260		fullTGDs	10848			newNonFullTGDs	0		newFullTGDs	466
nonFullTGDs	3260		fullTGDs	10861			newNonFullTGDs	0		newFullTGDs	454
nonFullTGDs	3260		fullTGDs	10873			newNonFullTGDs	0		newFullTGDs	443
nonFullTGDs	3262		fullTGDs	10884			newNonFullTGDs	0		newFullTGDs	433
nonFullTGDs	3262		fullTGDs	10895			newNonFullTGDs	0		newFullTGDs	424
nonFullTGDs	3262		fullTGDs	10906			newNonFullTGDs	0		newFullTGDs	415
nonFullTGDs	3263		fullTGDs	10918			newNonFullTGDs	0		newFullTGDs	405
nonFullTGDs	3266		fullTGDs	10929			newNonFullTGDs	0		newFullTGDs	395
nonFullTGDs	3274		fullTGDs	10940			newNonFullTGDs	0		newFullTGDs	386
nonFullTGDs	3274		fullTGDs	10953			newNonFullTGDs	0		newFullTGDs	377
nonFullTGDs	3274		fullTGDs	10963			newNonFullTGDs	0		newFullTGDs	367
nonFullTGDs	3274		fullTGDs	10976			newNonFullTGDs	0		newFullTGDs	358
nonFullTGDs	3275		fullTGDs	10987			newNonFullTGDs	0		newFullTGDs	349
nonFullTGDs	3276		fullTGDs	10998			newNonFullTGDs	0		newFullTGDs	339
nonFullTGDs	3276		fullTGDs	11008			newNonFullTGDs	0		newFullTGDs	329
nonFullTGDs	3279		fullTGDs	11020			newNonFullTGDs	0		newFullTGDs	319
nonFullTGDs	3284		fullTGDs	11033			newNonFullTGDs	0		newFullTGDs	310
nonFullTGDs	3290		fullTGDs	11044			newNonFullTGDs	0		newFullTGDs	301
nonFullTGDs	3295		fullTGDs	11058			newNonFullTGDs	0		newFullTGDs	291
nonFullTGDs	3295		fullTGDs	11069			newNonFullTGDs	0		newFullTGDs	282
nonFullTGDs	3295		fullTGDs	11081			newNonFullTGDs	0		newFullTGDs	272
nonFullTGDs	3295		fullTGDs	11091			newNonFullTGDs	0		newFullTGDs	262
nonFullTGDs	3296		fullTGDs	11102			newNonFullTGDs	0		newFullTGDs	252
nonFullTGDs	3301		fullTGDs	11113			newNonFullTGDs	0		newFullTGDs	244
nonFullTGDs	3306		fullTGDs	11124			newNonFullTGDs	0		newFullTGDs	235
nonFullTGDs	3306		fullTGDs	11135			newNonFullTGDs	0		newFullTGDs	226
nonFullTGDs	3307		fullTGDs	11148			newNonFullTGDs	0		newFullTGDs	216
nonFullTGDs	3313		fullTGDs	11158			newNonFullTGDs	0		newFullTGDs	206
nonFullTGDs	3314		fullTGDs	11169			newNonFullTGDs	1		newFullTGDs	196
nonFullTGDs	3322		fullTGDs	11181			newNonFullTGDs	0		newFullTGDs	187
nonFullTGDs	3330		fullTGDs	11192			newNonFullTGDs	0		newFullTGDs	177
nonFullTGDs	3330		fullTGDs	11202			newNonFullTGDs	0		newFullTGDs	169
nonFullTGDs	3330		fullTGDs	11212			newNonFullTGDs	0		newFullTGDs	159
nonFullTGDs	3330		fullTGDs	11222			newNonFullTGDs	0		newFullTGDs	149
nonFullTGDs	3331		fullTGDs	11232			newNonFullTGDs	0		newFullTGDs	139
nonFullTGDs	3331		fullTGDs	11242			newNonFullTGDs	0		newFullTGDs	129
nonFullTGDs	3332		fullTGDs	11255			newNonFullTGDs	0		newFullTGDs	121
nonFullTGDs	3335		fullTGDs	11266			newNonFullTGDs	0		newFullTGDs	111
nonFullTGDs	3335		fullTGDs	11276			newNonFullTGDs	0		newFullTGDs	102
nonFullTGDs	3336		fullTGDs	11287			newNonFullTGDs	0		newFullTGDs	92
nonFullTGDs	3336		fullTGDs	11297			newNonFullTGDs	0		newFullTGDs	82
nonFullTGDs	3337		fullTGDs	11308			newNonFullTGDs	1		newFullTGDs	72
nonFullTGDs	3342		fullTGDs	11319			newNonFullTGDs	0		newFullTGDs	63
nonFullTGDs	3351		fullTGDs	11332			newNonFullTGDs	1		newFullTGDs	53
nonFullTGDs	3352		fullTGDs	11342			newNonFullTGDs	0		newFullTGDs	44
nonFullTGDs	3352		fullTGDs	11352			newNonFullTGDs	0		newFullTGDs	34
nonFullTGDs	3352		fullTGDs	11362			newNonFullTGDs	0		newFullTGDs	24
nonFullTGDs	3352		fullTGDs	11372			newNonFullTGDs	0		newFullTGDs	14
nonFullTGDs	3352		fullTGDs	11382			newNonFullTGDs	0		newFullTGDs	4
Nov 17, 2021 3:08:38 AM uk.ac.ox.cs.gsat.SaturationStatistics log
INFO: # initial TGDs: 1022 , 1417
Nov 17, 2021 3:08:38 AM uk.ac.ox.cs.gsat.SaturationStatistics log
INFO: SkSat total time : 65848 ms = 65.85 s
Nov 17, 2021 3:08:38 AM uk.ac.ox.cs.gsat.SaturationStatistics log
INFO: Subsumed elements : 486440
Nov 17, 2021 3:08:38 AM uk.ac.ox.cs.gsat.SaturationStatistics log
INFO: Filter discarded elements : 365411763
Nov 17, 2021 3:08:38 AM uk.ac.ox.cs.gsat.SaturationStatistics log
INFO: subsumption time: 44831 ms = 44.83 s
Nov 17, 2021 3:08:38 AM uk.ac.ox.cs.gsat.SaturationStatistics log
INFO: forward subsumption time: 34184 ms = 34.18 s
Nov 17, 2021 3:08:38 AM uk.ac.ox.cs.gsat.SaturationStatistics log
INFO: backward subsumption time: 10647 ms = 10.65 s
Nov 17, 2021 3:08:38 AM uk.ac.ox.cs.gsat.SaturationStatistics log
INFO: Derived full/non full TGDs: 316446 , 182473
Nov 17, 2021 3:08:38 AM uk.ac.ox.cs.gsat.SaturationStatistics log
INFO: discarded tautology count: 180
Nov 17, 2021 3:08:38 AM uk.ac.ox.cs.gsat.EvolveStatistics log
INFO: Stop because subsumed: 56360
Nov 17, 2021 3:08:38 AM uk.ac.ox.cs.gsat.EvolveStatistics log
INFO: evolved equals to current: 0
Nov 17, 2021 3:08:38 AM uk.ac.ox.cs.gsat.EvolveStatistics log
INFO: evolved time: 9265 ms = 9.26 s
Nov 17, 2021 3:08:38 AM uk.ac.ox.cs.gsat.EvolveStatistics log
INFO: evolve count: 871357
Nov 17, 2021 3:08:38 AM uk.ac.ox.cs.gsat.SkolemStatistics log
INFO: maximum number of Skolem atoms in body: 9
Nov 17, 2021 3:08:38 AM uk.ac.ox.cs.gsat.SkolemStatistics log
INFO: left derived TGD with Skolem in the body: 0
Nov 17, 2021 3:08:38 AM uk.ac.ox.cs.gsat.SkolemStatistics log
INFO: right derived TGD with Skolem in the body: 312643
Nov 17, 2021 3:08:38 AM uk.ac.ox.cs.gsat.SkolemStatistics log
INFO: derived TGD with more than two Skolem atoms in the body: 190129
Nov 17, 2021 3:08:38 AM uk.ac.ox.cs.gsat.AbstractSaturation run
INFO: ouptput full TGDs not contained in the input: 3774
Nov 17, 2021 3:08:38 AM uk.ac.ox.cs.gsat.App executeAllSteps
INFO: Rewriting completed!
Full TGD saturation: (4796 dependecies)
Nov 17, 2021 3:08:38 AM uk.ac.ox.cs.gsat.App executeAllSteps
INFO: Writing the saturation in the Datalog file 00783.rul
