Starting Saturation...
Executing from DLGP files
SLF4J: Failed to load class "org.slf4j.impl.StaticLoggerBinder".
SLF4J: Defaulting to no-operation (NOP) logger implementation
SLF4J: See http://www.slf4j.org/codes.html#StaticLoggerBinder for further details.
# Rules: 89705; # Atoms: 0; # AtomSets: 0; # Queries: 0; # Constraints: 0
Full TGD saturation algorithm: hyperresolution Sat
Running HyperSat...
Dec 05, 2021 1:33:11 AM uk.ac.ox.cs.gsat.AbstractSaturation run
INFO: HyperSat discarded rules : 0/89705 = 0.000%
HyperSat discarded rules : 0/89705 = 0.000%
Dec 05, 2021 1:33:12 AM uk.ac.ox.cs.gsat.AbstractSaturation run
INFO: Subsumption method : tree_predicate
length of the formulas: 2.155774
number of bags: 58
length of the formulas: 2.155774
number of bags: 58
Dec 05, 2021 1:43:31 AM uk.ac.ox.cs.gsat.SaturationStatistics log
INFO: # initial TGDs: 67437 , 28638
Dec 05, 2021 1:43:31 AM uk.ac.ox.cs.gsat.SaturationStatistics log
INFO: HyperSat total time : 620639 ms = 620.64 s
Dec 05, 2021 1:43:31 AM uk.ac.ox.cs.gsat.SaturationStatistics log
INFO: Subsumed elements : 8245
Dec 05, 2021 1:43:31 AM uk.ac.ox.cs.gsat.SaturationStatistics log
INFO: Filter discarded elements : 349862
Dec 05, 2021 1:43:31 AM uk.ac.ox.cs.gsat.SaturationStatistics log
INFO: subsumption time: 18794 ms = 18.79 s
Dec 05, 2021 1:43:31 AM uk.ac.ox.cs.gsat.SaturationStatistics log
INFO: forward subsumption time: 18314 ms = 18.31 s
Dec 05, 2021 1:43:31 AM uk.ac.ox.cs.gsat.SaturationStatistics log
INFO: backward subsumption time: 480 ms = 0.48 s
Dec 05, 2021 1:43:31 AM uk.ac.ox.cs.gsat.SaturationStatistics log
INFO: Derived full/non full TGDs: 11529 , 26656
Dec 05, 2021 1:43:31 AM uk.ac.ox.cs.gsat.SaturationStatistics log
INFO: discarded tautology count: 649
Dec 05, 2021 1:43:31 AM uk.ac.ox.cs.gsat.SaturationStatistics log
INFO: !!! TIME OUT !!!
Dec 05, 2021 1:43:31 AM uk.ac.ox.cs.gsat.HyperResolutionStatistics log
INFO: hyperresolution time: 579154 ms = 579.15 s
Dec 05, 2021 1:43:31 AM uk.ac.ox.cs.gsat.HyperResolutionStatistics log
INFO: hyperresolution count: 92426509
Dec 05, 2021 1:43:31 AM uk.ac.ox.cs.gsat.HyperResolutionStatistics log
INFO: hyperresolution failure count: 92388178
Dec 05, 2021 1:43:31 AM uk.ac.ox.cs.gsat.AbstractSaturation run
INFO: ouptput full TGDs not contained in the input: 9906
Dec 05, 2021 1:43:31 AM uk.ac.ox.cs.gsat.App executeAllSteps
INFO: Rewriting completed!
Full TGD saturation: (77343 dependecies)
Dec 05, 2021 1:43:31 AM uk.ac.ox.cs.gsat.App executeAllSteps
INFO: Writing the saturation in the Datalog file 00041.rul
