Starting Saturation...
Executing from DLGP files
SLF4J: Failed to load class "org.slf4j.impl.StaticLoggerBinder".
SLF4J: Defaulting to no-operation (NOP) logger implementation
SLF4J: See http://www.slf4j.org/codes.html#StaticLoggerBinder for further details.
# Rules: 1058; # Atoms: 0; # AtomSets: 0; # Queries: 0; # Constraints: 0
Full TGD saturation algorithm: hyperresolution Sat
Running HyperSat...
Dec 05, 2021 3:13:52 AM uk.ac.ox.cs.gsat.AbstractSaturation run
INFO: HyperSat discarded rules : 0/1058 = 0.000%
HyperSat discarded rules : 0/1058 = 0.000%
Dec 05, 2021 3:13:52 AM uk.ac.ox.cs.gsat.AbstractSaturation run
INFO: Subsumption method : tree_predicate
length of the formulas: 2.0379188
number of bags: 8
length of the formulas: 2.0379188
number of bags: 8
Dec 05, 2021 3:13:53 AM uk.ac.ox.cs.gsat.SaturationStatistics log
INFO: # initial TGDs: 961 , 173
Dec 05, 2021 3:13:53 AM uk.ac.ox.cs.gsat.SaturationStatistics log
INFO: HyperSat total time : 585 ms = 0.59 s
Dec 05, 2021 3:13:53 AM uk.ac.ox.cs.gsat.SaturationStatistics log
INFO: Subsumed elements : 2289
Dec 05, 2021 3:13:53 AM uk.ac.ox.cs.gsat.SaturationStatistics log
INFO: Filter discarded elements : 17944
Dec 05, 2021 3:13:53 AM uk.ac.ox.cs.gsat.SaturationStatistics log
INFO: subsumption time: 47 ms = 0.05 s
Dec 05, 2021 3:13:53 AM uk.ac.ox.cs.gsat.SaturationStatistics log
INFO: forward subsumption time: 33 ms = 0.03 s
Dec 05, 2021 3:13:53 AM uk.ac.ox.cs.gsat.SaturationStatistics log
INFO: backward subsumption time: 14 ms = 0.01 s
Dec 05, 2021 3:13:53 AM uk.ac.ox.cs.gsat.SaturationStatistics log
INFO: Derived full/non full TGDs: 583 , 3249
Dec 05, 2021 3:13:53 AM uk.ac.ox.cs.gsat.SaturationStatistics log
INFO: discarded tautology count: 38
Dec 05, 2021 3:13:53 AM uk.ac.ox.cs.gsat.HyperResolutionStatistics log
INFO: hyperresolution time: 323 ms = 0.32 s
Dec 05, 2021 3:13:53 AM uk.ac.ox.cs.gsat.HyperResolutionStatistics log
INFO: hyperresolution count: 11434
Dec 05, 2021 3:13:53 AM uk.ac.ox.cs.gsat.HyperResolutionStatistics log
INFO: hyperresolution failure count: 7518
Dec 05, 2021 3:13:53 AM uk.ac.ox.cs.gsat.AbstractSaturation run
INFO: ouptput full TGDs not contained in the input: 130
Dec 05, 2021 3:13:53 AM uk.ac.ox.cs.gsat.App executeAllSteps
INFO: Rewriting completed!
Full TGD saturation: (1089 dependecies)
Dec 05, 2021 3:13:53 AM uk.ac.ox.cs.gsat.App executeAllSteps
INFO: Writing the saturation in the Datalog file 00283.rul
