Starting Saturation...
Executing from DLGP files
SLF4J: Failed to load class "org.slf4j.impl.StaticLoggerBinder".
SLF4J: Defaulting to no-operation (NOP) logger implementation
SLF4J: See http://www.slf4j.org/codes.html#StaticLoggerBinder for further details.
# Rules: 46940; # Atoms: 0; # AtomSets: 0; # Queries: 0; # Constraints: 0
Full TGD saturation algorithm: hyperresolution Sat
Running HyperSat...
Dec 05, 2021 3:24:31 AM uk.ac.ox.cs.gsat.AbstractSaturation run
INFO: HyperSat discarded rules : 0/46940 = 0.000%
HyperSat discarded rules : 0/46940 = 0.000%
Dec 05, 2021 3:24:33 AM uk.ac.ox.cs.gsat.AbstractSaturation run
INFO: Subsumption method : tree_predicate
length of the formulas: 2.0
number of bags: 63
length of the formulas: 2.0
number of bags: 63
Dec 05, 2021 3:24:38 AM uk.ac.ox.cs.gsat.SaturationStatistics log
INFO: # initial TGDs: 32979 , 27922
Dec 05, 2021 3:24:39 AM uk.ac.ox.cs.gsat.SaturationStatistics log
INFO: HyperSat total time : 7060 ms = 7.06 s
Dec 05, 2021 3:24:39 AM uk.ac.ox.cs.gsat.SaturationStatistics log
INFO: Subsumed elements : 42301
Dec 05, 2021 3:24:39 AM uk.ac.ox.cs.gsat.SaturationStatistics log
INFO: Filter discarded elements : 489007
Dec 05, 2021 3:24:39 AM uk.ac.ox.cs.gsat.SaturationStatistics log
INFO: subsumption time: 1372 ms = 1.37 s
Dec 05, 2021 3:24:39 AM uk.ac.ox.cs.gsat.SaturationStatistics log
INFO: forward subsumption time: 1090 ms = 1.09 s
Dec 05, 2021 3:24:39 AM uk.ac.ox.cs.gsat.SaturationStatistics log
INFO: backward subsumption time: 282 ms = 0.28 s
Dec 05, 2021 3:24:39 AM uk.ac.ox.cs.gsat.SaturationStatistics log
INFO: Derived full/non full TGDs: 13961 , 122789
Dec 05, 2021 3:24:39 AM uk.ac.ox.cs.gsat.SaturationStatistics log
INFO: discarded tautology count: 0
Dec 05, 2021 3:24:39 AM uk.ac.ox.cs.gsat.HyperResolutionStatistics log
INFO: hyperresolution time: 2253 ms = 2.25 s
Dec 05, 2021 3:24:39 AM uk.ac.ox.cs.gsat.HyperResolutionStatistics log
INFO: hyperresolution count: 136750
Dec 05, 2021 3:24:39 AM uk.ac.ox.cs.gsat.HyperResolutionStatistics log
INFO: hyperresolution failure count: 0
Dec 05, 2021 3:24:39 AM uk.ac.ox.cs.gsat.AbstractSaturation run
INFO: ouptput full TGDs not contained in the input: 6409
Dec 05, 2021 3:24:39 AM uk.ac.ox.cs.gsat.App executeAllSteps
INFO: Rewriting completed!
Full TGD saturation: (39388 dependecies)
Dec 05, 2021 3:24:39 AM uk.ac.ox.cs.gsat.App executeAllSteps
INFO: Writing the saturation in the Datalog file 00286.rul
