Starting Saturation...
Executing from DLGP files
SLF4J: Failed to load class "org.slf4j.impl.StaticLoggerBinder".
SLF4J: Defaulting to no-operation (NOP) logger implementation
SLF4J: See http://www.slf4j.org/codes.html#StaticLoggerBinder for further details.
# Rules: 135392; # Atoms: 0; # AtomSets: 0; # Queries: 0; # Constraints: 0
Full TGD saturation algorithm: hyperresolution Sat
Running HyperSat...
Dec 05, 2021 4:55:03 AM uk.ac.ox.cs.gsat.AbstractSaturation run
INFO: HyperSat discarded rules : 0/135392 = 0.000%
HyperSat discarded rules : 0/135392 = 0.000%
Dec 05, 2021 4:55:06 AM uk.ac.ox.cs.gsat.AbstractSaturation run
INFO: Subsumption method : tree_predicate
length of the formulas: 2.0168452
number of bags: 105
length of the formulas: 2.0168452
number of bags: 105
Dec 05, 2021 4:56:56 AM uk.ac.ox.cs.gsat.SaturationStatistics log
INFO: # initial TGDs: 90904 , 88494
Dec 05, 2021 4:56:56 AM uk.ac.ox.cs.gsat.SaturationStatistics log
INFO: HyperSat total time : 113040 ms = 113.04 s
Dec 05, 2021 4:56:56 AM uk.ac.ox.cs.gsat.SaturationStatistics log
INFO: Subsumed elements : 285
Dec 05, 2021 4:56:56 AM uk.ac.ox.cs.gsat.SaturationStatistics log
INFO: Filter discarded elements : 1876212
Dec 05, 2021 4:56:56 AM uk.ac.ox.cs.gsat.SaturationStatistics log
INFO: subsumption time: 18533 ms = 18.53 s
Dec 05, 2021 4:56:56 AM uk.ac.ox.cs.gsat.SaturationStatistics log
INFO: forward subsumption time: 13334 ms = 13.33 s
Dec 05, 2021 4:56:56 AM uk.ac.ox.cs.gsat.SaturationStatistics log
INFO: backward subsumption time: 5199 ms = 5.20 s
Dec 05, 2021 4:56:56 AM uk.ac.ox.cs.gsat.SaturationStatistics log
INFO: Derived full/non full TGDs: 30449 , 482532
Dec 05, 2021 4:56:56 AM uk.ac.ox.cs.gsat.SaturationStatistics log
INFO: discarded tautology count: 1512
Dec 05, 2021 4:56:56 AM uk.ac.ox.cs.gsat.HyperResolutionStatistics log
INFO: hyperresolution time: 81734 ms = 81.73 s
Dec 05, 2021 4:56:56 AM uk.ac.ox.cs.gsat.HyperResolutionStatistics log
INFO: hyperresolution count: 782183
Dec 05, 2021 4:56:56 AM uk.ac.ox.cs.gsat.HyperResolutionStatistics log
INFO: hyperresolution failure count: 269202
Dec 05, 2021 4:56:56 AM uk.ac.ox.cs.gsat.AbstractSaturation run
INFO: ouptput full TGDs not contained in the input: 28652
Dec 05, 2021 4:56:56 AM uk.ac.ox.cs.gsat.App executeAllSteps
INFO: Rewriting completed!
Full TGD saturation: (119556 dependecies)
Dec 05, 2021 4:56:56 AM uk.ac.ox.cs.gsat.App executeAllSteps
INFO: Writing the saturation in the Datalog file 00437.rul
