Starting Saturation...
Executing from DLGP files
SLF4J: Failed to load class "org.slf4j.impl.StaticLoggerBinder".
SLF4J: Defaulting to no-operation (NOP) logger implementation
SLF4J: See http://www.slf4j.org/codes.html#StaticLoggerBinder for further details.
# Rules: 3113; # Atoms: 0; # AtomSets: 0; # Queries: 0; # Constraints: 0
Full TGD saturation algorithm: hyperresolution Sat
Running HyperSat...
Dec 05, 2021 7:49:17 AM uk.ac.ox.cs.gsat.AbstractSaturation run
INFO: HyperSat discarded rules : 0/3113 = 0.000%
HyperSat discarded rules : 0/3113 = 0.000%
Dec 05, 2021 7:49:17 AM uk.ac.ox.cs.gsat.AbstractSaturation run
INFO: Subsumption method : tree_predicate
length of the formulas: 2.1216173
number of bags: 12
length of the formulas: 2.1216173
number of bags: 12
Dec 05, 2021 7:49:21 AM uk.ac.ox.cs.gsat.SaturationStatistics log
INFO: # initial TGDs: 2703 , 438
Dec 05, 2021 7:49:21 AM uk.ac.ox.cs.gsat.SaturationStatistics log
INFO: HyperSat total time : 3817 ms = 3.82 s
Dec 05, 2021 7:49:21 AM uk.ac.ox.cs.gsat.SaturationStatistics log
INFO: Subsumed elements : 823
Dec 05, 2021 7:49:21 AM uk.ac.ox.cs.gsat.SaturationStatistics log
INFO: Filter discarded elements : 2058356
Dec 05, 2021 7:49:21 AM uk.ac.ox.cs.gsat.SaturationStatistics log
INFO: subsumption time: 523 ms = 0.52 s
Dec 05, 2021 7:49:21 AM uk.ac.ox.cs.gsat.SaturationStatistics log
INFO: forward subsumption time: 350 ms = 0.35 s
Dec 05, 2021 7:49:21 AM uk.ac.ox.cs.gsat.SaturationStatistics log
INFO: backward subsumption time: 173 ms = 0.17 s
Dec 05, 2021 7:49:21 AM uk.ac.ox.cs.gsat.SaturationStatistics log
INFO: Derived full/non full TGDs: 19013 , 1340
Dec 05, 2021 7:49:21 AM uk.ac.ox.cs.gsat.SaturationStatistics log
INFO: discarded tautology count: 191
Dec 05, 2021 7:49:21 AM uk.ac.ox.cs.gsat.HyperResolutionStatistics log
INFO: hyperresolution time: 2830 ms = 2.83 s
Dec 05, 2021 7:49:21 AM uk.ac.ox.cs.gsat.HyperResolutionStatistics log
INFO: hyperresolution count: 104500
Dec 05, 2021 7:49:21 AM uk.ac.ox.cs.gsat.HyperResolutionStatistics log
INFO: hyperresolution failure count: 84147
Dec 05, 2021 7:49:21 AM uk.ac.ox.cs.gsat.AbstractSaturation run
INFO: ouptput full TGDs not contained in the input: 18432
Dec 05, 2021 7:49:21 AM uk.ac.ox.cs.gsat.App executeAllSteps
INFO: Rewriting completed!
Full TGD saturation: (21135 dependecies)
Dec 05, 2021 7:49:21 AM uk.ac.ox.cs.gsat.App executeAllSteps
INFO: Writing the saturation in the Datalog file 00595.rul
