Starting Saturation...
Executing from DLGP files
SLF4J: Failed to load class "org.slf4j.impl.StaticLoggerBinder".
SLF4J: Defaulting to no-operation (NOP) logger implementation
SLF4J: See http://www.slf4j.org/codes.html#StaticLoggerBinder for further details.
# Rules: 75060; # Atoms: 0; # AtomSets: 0; # Queries: 0; # Constraints: 0
Full TGD saturation algorithm: hyperresolution Sat
Running HyperSat...
Dec 05, 2021 8:25:31 AM uk.ac.ox.cs.gsat.AbstractSaturation run
INFO: HyperSat discarded rules : 0/75060 = 0.000%
HyperSat discarded rules : 0/75060 = 0.000%
Dec 05, 2021 8:25:32 AM uk.ac.ox.cs.gsat.AbstractSaturation run
INFO: Subsumption method : tree_predicate
length of the formulas: 2.012861
number of bags: 74
length of the formulas: 2.012861
number of bags: 74
Dec 05, 2021 8:25:48 AM uk.ac.ox.cs.gsat.SaturationStatistics log
INFO: # initial TGDs: 62185 , 25366
Dec 05, 2021 8:25:48 AM uk.ac.ox.cs.gsat.SaturationStatistics log
INFO: HyperSat total time : 17446 ms = 17.45 s
Dec 05, 2021 8:25:48 AM uk.ac.ox.cs.gsat.SaturationStatistics log
INFO: Subsumed elements : 40121
Dec 05, 2021 8:25:48 AM uk.ac.ox.cs.gsat.SaturationStatistics log
INFO: Filter discarded elements : 628468
Dec 05, 2021 8:25:48 AM uk.ac.ox.cs.gsat.SaturationStatistics log
INFO: subsumption time: 3300 ms = 3.30 s
Dec 05, 2021 8:25:48 AM uk.ac.ox.cs.gsat.SaturationStatistics log
INFO: forward subsumption time: 2192 ms = 2.19 s
Dec 05, 2021 8:25:48 AM uk.ac.ox.cs.gsat.SaturationStatistics log
INFO: backward subsumption time: 1108 ms = 1.11 s
Dec 05, 2021 8:25:48 AM uk.ac.ox.cs.gsat.SaturationStatistics log
INFO: Derived full/non full TGDs: 20474 , 154937
Dec 05, 2021 8:25:48 AM uk.ac.ox.cs.gsat.SaturationStatistics log
INFO: discarded tautology count: 563
Dec 05, 2021 8:25:48 AM uk.ac.ox.cs.gsat.HyperResolutionStatistics log
INFO: hyperresolution time: 9843 ms = 9.84 s
Dec 05, 2021 8:25:48 AM uk.ac.ox.cs.gsat.HyperResolutionStatistics log
INFO: hyperresolution count: 317156
Dec 05, 2021 8:25:48 AM uk.ac.ox.cs.gsat.HyperResolutionStatistics log
INFO: hyperresolution failure count: 141745
Dec 05, 2021 8:25:48 AM uk.ac.ox.cs.gsat.AbstractSaturation run
INFO: ouptput full TGDs not contained in the input: 19368
Dec 05, 2021 8:25:48 AM uk.ac.ox.cs.gsat.App executeAllSteps
INFO: Rewriting completed!
Full TGD saturation: (81553 dependecies)
Dec 05, 2021 8:25:48 AM uk.ac.ox.cs.gsat.App executeAllSteps
INFO: Writing the saturation in the Datalog file 00684.rul
