Starting Saturation...
Executing from DLGP files
SLF4J: Failed to load class "org.slf4j.impl.StaticLoggerBinder".
SLF4J: Defaulting to no-operation (NOP) logger implementation
SLF4J: See http://www.slf4j.org/codes.html#StaticLoggerBinder for further details.
# Rules: 388; # Atoms: 0; # AtomSets: 0; # Queries: 0; # Constraints: 0
Full TGD saturation algorithm: hyperresolution Sat
Running HyperSat...
Dec 05, 2021 8:30:00 AM uk.ac.ox.cs.gsat.AbstractSaturation run
INFO: HyperSat discarded rules : 0/388 = 0.000%
HyperSat discarded rules : 0/388 = 0.000%
Dec 05, 2021 8:30:00 AM uk.ac.ox.cs.gsat.AbstractSaturation run
INFO: Subsumption method : tree_predicate
length of the formulas: 2.09772
number of bags: 7
length of the formulas: 2.09772
number of bags: 7
Dec 05, 2021 8:30:01 AM uk.ac.ox.cs.gsat.SaturationStatistics log
INFO: # initial TGDs: 195 , 726
Dec 05, 2021 8:30:01 AM uk.ac.ox.cs.gsat.SaturationStatistics log
INFO: HyperSat total time : 1036 ms = 1.04 s
Dec 05, 2021 8:30:01 AM uk.ac.ox.cs.gsat.SaturationStatistics log
INFO: Subsumed elements : 669
Dec 05, 2021 8:30:01 AM uk.ac.ox.cs.gsat.SaturationStatistics log
INFO: Filter discarded elements : 134083
Dec 05, 2021 8:30:01 AM uk.ac.ox.cs.gsat.SaturationStatistics log
INFO: subsumption time: 124 ms = 0.12 s
Dec 05, 2021 8:30:01 AM uk.ac.ox.cs.gsat.SaturationStatistics log
INFO: forward subsumption time: 86 ms = 0.09 s
Dec 05, 2021 8:30:01 AM uk.ac.ox.cs.gsat.SaturationStatistics log
INFO: backward subsumption time: 38 ms = 0.04 s
Dec 05, 2021 8:30:01 AM uk.ac.ox.cs.gsat.SaturationStatistics log
INFO: Derived full/non full TGDs: 168 , 6607
Dec 05, 2021 8:30:01 AM uk.ac.ox.cs.gsat.SaturationStatistics log
INFO: discarded tautology count: 90
Dec 05, 2021 8:30:01 AM uk.ac.ox.cs.gsat.HyperResolutionStatistics log
INFO: hyperresolution time: 669 ms = 0.67 s
Dec 05, 2021 8:30:01 AM uk.ac.ox.cs.gsat.HyperResolutionStatistics log
INFO: hyperresolution count: 21723
Dec 05, 2021 8:30:01 AM uk.ac.ox.cs.gsat.HyperResolutionStatistics log
INFO: hyperresolution failure count: 14948
Dec 05, 2021 8:30:01 AM uk.ac.ox.cs.gsat.AbstractSaturation run
INFO: ouptput full TGDs not contained in the input: 0
Dec 05, 2021 8:30:01 AM uk.ac.ox.cs.gsat.App executeAllSteps
INFO: Rewriting completed!
Full TGD saturation: (195 dependecies)
Dec 05, 2021 8:30:01 AM uk.ac.ox.cs.gsat.App executeAllSteps
INFO: Writing the saturation in the Datalog file 00714.rul
