Starting Saturation...
Executing from DLGP files
SLF4J: Failed to load class "org.slf4j.impl.StaticLoggerBinder".
SLF4J: Defaulting to no-operation (NOP) logger implementation
SLF4J: See http://www.slf4j.org/codes.html#StaticLoggerBinder for further details.
# Rules: 1775; # Atoms: 0; # AtomSets: 0; # Queries: 0; # Constraints: 0
Full TGD saturation algorithm: hyperresolution Sat
Running HyperSat...
Dec 05, 2021 8:31:19 AM uk.ac.ox.cs.gsat.AbstractSaturation run
INFO: HyperSat discarded rules : 0/1775 = 0.000%
HyperSat discarded rules : 0/1775 = 0.000%
Dec 05, 2021 8:31:19 AM uk.ac.ox.cs.gsat.AbstractSaturation run
INFO: Subsumption method : tree_predicate
length of the formulas: 2.0561235
number of bags: 16
length of the formulas: 2.0561235
number of bags: 16
Dec 05, 2021 8:31:28 AM uk.ac.ox.cs.gsat.SaturationStatistics log
INFO: # initial TGDs: 947 , 3650
Dec 05, 2021 8:31:28 AM uk.ac.ox.cs.gsat.SaturationStatistics log
INFO: HyperSat total time : 8858 ms = 8.86 s
Dec 05, 2021 8:31:28 AM uk.ac.ox.cs.gsat.SaturationStatistics log
INFO: Subsumed elements : 3253
Dec 05, 2021 8:31:28 AM uk.ac.ox.cs.gsat.SaturationStatistics log
INFO: Filter discarded elements : 1417487
Dec 05, 2021 8:31:28 AM uk.ac.ox.cs.gsat.SaturationStatistics log
INFO: subsumption time: 1616 ms = 1.62 s
Dec 05, 2021 8:31:28 AM uk.ac.ox.cs.gsat.SaturationStatistics log
INFO: forward subsumption time: 1143 ms = 1.14 s
Dec 05, 2021 8:31:28 AM uk.ac.ox.cs.gsat.SaturationStatistics log
INFO: backward subsumption time: 473 ms = 0.47 s
Dec 05, 2021 8:31:28 AM uk.ac.ox.cs.gsat.SaturationStatistics log
INFO: Derived full/non full TGDs: 474 , 92586
Dec 05, 2021 8:31:28 AM uk.ac.ox.cs.gsat.SaturationStatistics log
INFO: discarded tautology count: 258
Dec 05, 2021 8:31:28 AM uk.ac.ox.cs.gsat.HyperResolutionStatistics log
INFO: hyperresolution time: 4816 ms = 4.82 s
Dec 05, 2021 8:31:28 AM uk.ac.ox.cs.gsat.HyperResolutionStatistics log
INFO: hyperresolution count: 465613
Dec 05, 2021 8:31:28 AM uk.ac.ox.cs.gsat.HyperResolutionStatistics log
INFO: hyperresolution failure count: 372553
Dec 05, 2021 8:31:28 AM uk.ac.ox.cs.gsat.AbstractSaturation run
INFO: ouptput full TGDs not contained in the input: 0
Dec 05, 2021 8:31:28 AM uk.ac.ox.cs.gsat.App executeAllSteps
INFO: Rewriting completed!
Full TGD saturation: (947 dependecies)
Dec 05, 2021 8:31:28 AM uk.ac.ox.cs.gsat.App executeAllSteps
INFO: Writing the saturation in the Datalog file 00724.rul
