Starting Saturation...
Executing from DLGP files
SLF4J: Failed to load class "org.slf4j.impl.StaticLoggerBinder".
SLF4J: Defaulting to no-operation (NOP) logger implementation
SLF4J: See http://www.slf4j.org/codes.html#StaticLoggerBinder for further details.
# Rules: 1966; # Atoms: 0; # AtomSets: 0; # Queries: 0; # Constraints: 0
Full TGD saturation algorithm: Skolem Sat
Running SkSat...
Nov 21, 2021 6:48:07 AM uk.ac.ox.cs.gsat.AbstractSaturation run
INFO: SkSat discarded rules : 0/1966 = 0.000%
SkSat discarded rules : 0/1966 = 0.000%
Nov 21, 2021 6:48:07 AM uk.ac.ox.cs.gsat.AbstractSaturation run
INFO: Subsumption method : disabled
nonFullTGDs	0		fullTGDs	1297			newNonFullTGDs	1336		newFullTGDs	0
nonFullTGDs	100		fullTGDs	1297			newNonFullTGDs	1236		newFullTGDs	3614
nonFullTGDs	200		fullTGDs	1297			newNonFullTGDs	1136		newFullTGDs	9666
nonFullTGDs	300		fullTGDs	1297			newNonFullTGDs	1036		newFullTGDs	11942
nonFullTGDs	400		fullTGDs	1297			newNonFullTGDs	936		newFullTGDs	14482
nonFullTGDs	500		fullTGDs	1297			newNonFullTGDs	836		newFullTGDs	18317
nonFullTGDs	600		fullTGDs	1297			newNonFullTGDs	736		newFullTGDs	22171
nonFullTGDs	700		fullTGDs	1297			newNonFullTGDs	636		newFullTGDs	27934
nonFullTGDs	800		fullTGDs	1297			newNonFullTGDs	536		newFullTGDs	32243
nonFullTGDs	900		fullTGDs	1297			newNonFullTGDs	436		newFullTGDs	36287
nonFullTGDs	1000		fullTGDs	1297			newNonFullTGDs	336		newFullTGDs	40105
nonFullTGDs	1100		fullTGDs	1297			newNonFullTGDs	236		newFullTGDs	45371
nonFullTGDs	1200		fullTGDs	1297			newNonFullTGDs	136		newFullTGDs	50805
nonFullTGDs	1300		fullTGDs	1297			newNonFullTGDs	36		newFullTGDs	55414
nonFullTGDs	1336		fullTGDs	1361			newNonFullTGDs	0		newFullTGDs	57084
nonFullTGDs	1336		fullTGDs	1461			newNonFullTGDs	0		newFullTGDs	56984
nonFullTGDs	1336		fullTGDs	1561			newNonFullTGDs	0		newFullTGDs	56884
nonFullTGDs	1336		fullTGDs	1661			newNonFullTGDs	0		newFullTGDs	56784
nonFullTGDs	1336		fullTGDs	1761			newNonFullTGDs	0		newFullTGDs	56685
nonFullTGDs	1336		fullTGDs	1861			newNonFullTGDs	0		newFullTGDs	56587
nonFullTGDs	1336		fullTGDs	1961			newNonFullTGDs	0		newFullTGDs	56487
nonFullTGDs	1336		fullTGDs	2061			newNonFullTGDs	0		newFullTGDs	56389
nonFullTGDs	1336		fullTGDs	2161			newNonFullTGDs	0		newFullTGDs	56289
nonFullTGDs	1336		fullTGDs	2261			newNonFullTGDs	0		newFullTGDs	56189
nonFullTGDs	1336		fullTGDs	2361			newNonFullTGDs	0		newFullTGDs	56089
nonFullTGDs	1336		fullTGDs	2461			newNonFullTGDs	0		newFullTGDs	55989
nonFullTGDs	1336		fullTGDs	2561			newNonFullTGDs	0		newFullTGDs	55891
nonFullTGDs	1336		fullTGDs	2661			newNonFullTGDs	0		newFullTGDs	55791
nonFullTGDs	1336		fullTGDs	2761			newNonFullTGDs	0		newFullTGDs	55701
nonFullTGDs	1336		fullTGDs	2861			newNonFullTGDs	0		newFullTGDs	55608
nonFullTGDs	1336		fullTGDs	2961			newNonFullTGDs	0		newFullTGDs	55510
nonFullTGDs	1336		fullTGDs	3061			newNonFullTGDs	0		newFullTGDs	55412
nonFullTGDs	1336		fullTGDs	3161			newNonFullTGDs	0		newFullTGDs	55313
nonFullTGDs	1336		fullTGDs	3261			newNonFullTGDs	0		newFullTGDs	55213
nonFullTGDs	1336		fullTGDs	3361			newNonFullTGDs	0		newFullTGDs	55113
nonFullTGDs	1336		fullTGDs	3461			newNonFullTGDs	0		newFullTGDs	55013
nonFullTGDs	1336		fullTGDs	3561			newNonFullTGDs	0		newFullTGDs	54913
nonFullTGDs	1336		fullTGDs	3661			newNonFullTGDs	0		newFullTGDs	54813
nonFullTGDs	1336		fullTGDs	3761			newNonFullTGDs	0		newFullTGDs	54713
nonFullTGDs	1336		fullTGDs	3861			newNonFullTGDs	0		newFullTGDs	54613
nonFullTGDs	1336		fullTGDs	3961			newNonFullTGDs	0		newFullTGDs	54513
nonFullTGDs	1336		fullTGDs	4061			newNonFullTGDs	0		newFullTGDs	54413
nonFullTGDs	1336		fullTGDs	4161			newNonFullTGDs	0		newFullTGDs	54313
nonFullTGDs	1336		fullTGDs	4261			newNonFullTGDs	0		newFullTGDs	54213
nonFullTGDs	1336		fullTGDs	4361			newNonFullTGDs	0		newFullTGDs	54113
nonFullTGDs	1336		fullTGDs	4461			newNonFullTGDs	0		newFullTGDs	54014
nonFullTGDs	1336		fullTGDs	4561			newNonFullTGDs	0		newFullTGDs	53914
nonFullTGDs	1336		fullTGDs	4661			newNonFullTGDs	0		newFullTGDs	53814
nonFullTGDs	1336		fullTGDs	4761			newNonFullTGDs	0		newFullTGDs	53714
nonFullTGDs	1336		fullTGDs	4861			newNonFullTGDs	0		newFullTGDs	53614
nonFullTGDs	1336		fullTGDs	4961			newNonFullTGDs	0		newFullTGDs	53515
nonFullTGDs	1336		fullTGDs	5061			newNonFullTGDs	0		newFullTGDs	53416
nonFullTGDs	1336		fullTGDs	5161			newNonFullTGDs	0		newFullTGDs	53320
nonFullTGDs	1336		fullTGDs	5261			newNonFullTGDs	0		newFullTGDs	53225
nonFullTGDs	1336		fullTGDs	5361			newNonFullTGDs	0		newFullTGDs	53125
nonFullTGDs	1336		fullTGDs	5461			newNonFullTGDs	0		newFullTGDs	53025
nonFullTGDs	1336		fullTGDs	5561			newNonFullTGDs	0		newFullTGDs	52925
nonFullTGDs	1336		fullTGDs	5661			newNonFullTGDs	0		newFullTGDs	52825
nonFullTGDs	1336		fullTGDs	5761			newNonFullTGDs	0		newFullTGDs	52725
nonFullTGDs	1336		fullTGDs	5861			newNonFullTGDs	0		newFullTGDs	52625
nonFullTGDs	1336		fullTGDs	5961			newNonFullTGDs	0		newFullTGDs	52525
nonFullTGDs	1336		fullTGDs	6061			newNonFullTGDs	0		newFullTGDs	52425
nonFullTGDs	1336		fullTGDs	6161			newNonFullTGDs	0		newFullTGDs	52325
nonFullTGDs	1336		fullTGDs	6261			newNonFullTGDs	0		newFullTGDs	52225
nonFullTGDs	1336		fullTGDs	6361			newNonFullTGDs	0		newFullTGDs	52125
nonFullTGDs	1336		fullTGDs	6461			newNonFullTGDs	0		newFullTGDs	52025
nonFullTGDs	1336		fullTGDs	6561			newNonFullTGDs	0		newFullTGDs	51925
nonFullTGDs	1336		fullTGDs	6661			newNonFullTGDs	0		newFullTGDs	51825
nonFullTGDs	1336		fullTGDs	6761			newNonFullTGDs	0		newFullTGDs	51727
nonFullTGDs	1336		fullTGDs	6861			newNonFullTGDs	0		newFullTGDs	51630
nonFullTGDs	1336		fullTGDs	6961			newNonFullTGDs	0		newFullTGDs	51531
nonFullTGDs	1336		fullTGDs	7061			newNonFullTGDs	0		newFullTGDs	51431
nonFullTGDs	1336		fullTGDs	7161			newNonFullTGDs	0		newFullTGDs	51331
nonFullTGDs	1336		fullTGDs	7261			newNonFullTGDs	0		newFullTGDs	51231
nonFullTGDs	1336		fullTGDs	7361			newNonFullTGDs	0		newFullTGDs	51133
nonFullTGDs	1336		fullTGDs	7461			newNonFullTGDs	0		newFullTGDs	51035
nonFullTGDs	1336		fullTGDs	7561			newNonFullTGDs	0		newFullTGDs	50935
nonFullTGDs	1336		fullTGDs	7661			newNonFullTGDs	0		newFullTGDs	50835
nonFullTGDs	1336		fullTGDs	7761			newNonFullTGDs	0		newFullTGDs	50735
nonFullTGDs	1336		fullTGDs	7861			newNonFullTGDs	0		newFullTGDs	50640
nonFullTGDs	1336		fullTGDs	7961			newNonFullTGDs	0		newFullTGDs	50540
nonFullTGDs	1336		fullTGDs	8061			newNonFullTGDs	0		newFullTGDs	50440
nonFullTGDs	1336		fullTGDs	8161			newNonFullTGDs	0		newFullTGDs	50340
nonFullTGDs	1336		fullTGDs	8261			newNonFullTGDs	0		newFullTGDs	50240
nonFullTGDs	1336		fullTGDs	8361			newNonFullTGDs	0		newFullTGDs	50140
nonFullTGDs	1336		fullTGDs	8461			newNonFullTGDs	0		newFullTGDs	50042
nonFullTGDs	1336		fullTGDs	8561			newNonFullTGDs	0		newFullTGDs	49942
nonFullTGDs	1336		fullTGDs	8661			newNonFullTGDs	0		newFullTGDs	49842
nonFullTGDs	1336		fullTGDs	8761			newNonFullTGDs	0		newFullTGDs	49742
nonFullTGDs	1336		fullTGDs	8861			newNonFullTGDs	0		newFullTGDs	49646
nonFullTGDs	1336		fullTGDs	8961			newNonFullTGDs	0		newFullTGDs	49547
nonFullTGDs	1336		fullTGDs	9061			newNonFullTGDs	0		newFullTGDs	49447
nonFullTGDs	1336		fullTGDs	9161			newNonFullTGDs	0		newFullTGDs	49348
nonFullTGDs	1336		fullTGDs	9261			newNonFullTGDs	0		newFullTGDs	49248
nonFullTGDs	1336		fullTGDs	9361			newNonFullTGDs	0		newFullTGDs	49148
nonFullTGDs	1336		fullTGDs	9461			newNonFullTGDs	0		newFullTGDs	49048
nonFullTGDs	1336		fullTGDs	9561			newNonFullTGDs	0		newFullTGDs	48948
nonFullTGDs	1336		fullTGDs	9661			newNonFullTGDs	0		newFullTGDs	48848
nonFullTGDs	1336		fullTGDs	9761			newNonFullTGDs	0		newFullTGDs	48749
nonFullTGDs	1336		fullTGDs	9861			newNonFullTGDs	0		newFullTGDs	48649
nonFullTGDs	1336		fullTGDs	9961			newNonFullTGDs	0		newFullTGDs	48549
nonFullTGDs	1336		fullTGDs	10061			newNonFullTGDs	0		newFullTGDs	48449
nonFullTGDs	1336		fullTGDs	10161			newNonFullTGDs	0		newFullTGDs	48349
nonFullTGDs	1336		fullTGDs	10261			newNonFullTGDs	0		newFullTGDs	48249
nonFullTGDs	1336		fullTGDs	10361			newNonFullTGDs	0		newFullTGDs	48149
nonFullTGDs	1336		fullTGDs	10461			newNonFullTGDs	0		newFullTGDs	48049
nonFullTGDs	1336		fullTGDs	10561			newNonFullTGDs	0		newFullTGDs	47949
nonFullTGDs	1336		fullTGDs	10661			newNonFullTGDs	0		newFullTGDs	47849
nonFullTGDs	1336		fullTGDs	10761			newNonFullTGDs	0		newFullTGDs	47749
nonFullTGDs	1336		fullTGDs	10861			newNonFullTGDs	0		newFullTGDs	47649
nonFullTGDs	1336		fullTGDs	10961			newNonFullTGDs	0		newFullTGDs	47554
nonFullTGDs	1336		fullTGDs	11061			newNonFullTGDs	0		newFullTGDs	47455
nonFullTGDs	1336		fullTGDs	11161			newNonFullTGDs	0		newFullTGDs	47360
nonFullTGDs	1336		fullTGDs	11261			newNonFullTGDs	0		newFullTGDs	47264
nonFullTGDs	1336		fullTGDs	11361			newNonFullTGDs	0		newFullTGDs	47166
nonFullTGDs	1336		fullTGDs	11461			newNonFullTGDs	0		newFullTGDs	47068
nonFullTGDs	1336		fullTGDs	11561			newNonFullTGDs	0		newFullTGDs	46968
nonFullTGDs	1336		fullTGDs	11661			newNonFullTGDs	0		newFullTGDs	46872
nonFullTGDs	1336		fullTGDs	11761			newNonFullTGDs	0		newFullTGDs	46772
nonFullTGDs	1336		fullTGDs	11861			newNonFullTGDs	0		newFullTGDs	46672
nonFullTGDs	1336		fullTGDs	11961			newNonFullTGDs	0		newFullTGDs	46572
nonFullTGDs	1336		fullTGDs	12061			newNonFullTGDs	0		newFullTGDs	46472
nonFullTGDs	1336		fullTGDs	12161			newNonFullTGDs	0		newFullTGDs	46372
nonFullTGDs	1336		fullTGDs	12261			newNonFullTGDs	0		newFullTGDs	46272
nonFullTGDs	1336		fullTGDs	12361			newNonFullTGDs	0		newFullTGDs	46172
nonFullTGDs	1336		fullTGDs	12461			newNonFullTGDs	0		newFullTGDs	46072
nonFullTGDs	1336		fullTGDs	12561			newNonFullTGDs	0		newFullTGDs	45972
nonFullTGDs	1336		fullTGDs	12661			newNonFullTGDs	0		newFullTGDs	45872
nonFullTGDs	1336		fullTGDs	12761			newNonFullTGDs	0		newFullTGDs	45777
nonFullTGDs	1336		fullTGDs	12861			newNonFullTGDs	0		newFullTGDs	45683
nonFullTGDs	1336		fullTGDs	12961			newNonFullTGDs	0		newFullTGDs	45589
nonFullTGDs	1336		fullTGDs	13061			newNonFullTGDs	0		newFullTGDs	45496
nonFullTGDs	1336		fullTGDs	13161			newNonFullTGDs	0		newFullTGDs	45397
nonFullTGDs	1336		fullTGDs	13261			newNonFullTGDs	0		newFullTGDs	45301
nonFullTGDs	1336		fullTGDs	13361			newNonFullTGDs	0		newFullTGDs	45207
nonFullTGDs	1336		fullTGDs	13461			newNonFullTGDs	0		newFullTGDs	45114
nonFullTGDs	1336		fullTGDs	13561			newNonFullTGDs	0		newFullTGDs	45018
nonFullTGDs	1336		fullTGDs	13661			newNonFullTGDs	0		newFullTGDs	44918
nonFullTGDs	1336		fullTGDs	13761			newNonFullTGDs	0		newFullTGDs	44820
nonFullTGDs	1336		fullTGDs	13861			newNonFullTGDs	0		newFullTGDs	44721
nonFullTGDs	1336		fullTGDs	13961			newNonFullTGDs	0		newFullTGDs	44622
nonFullTGDs	1336		fullTGDs	14061			newNonFullTGDs	0		newFullTGDs	44525
nonFullTGDs	1336		fullTGDs	14161			newNonFullTGDs	0		newFullTGDs	44425
nonFullTGDs	1336		fullTGDs	14261			newNonFullTGDs	0		newFullTGDs	44326
nonFullTGDs	1336		fullTGDs	14361			newNonFullTGDs	0		newFullTGDs	44226
nonFullTGDs	1336		fullTGDs	14461			newNonFullTGDs	0		newFullTGDs	44126
nonFullTGDs	1336		fullTGDs	14561			newNonFullTGDs	0		newFullTGDs	44027
nonFullTGDs	1336		fullTGDs	14661			newNonFullTGDs	0		newFullTGDs	43928
nonFullTGDs	1336		fullTGDs	14761			newNonFullTGDs	0		newFullTGDs	43828
nonFullTGDs	1336		fullTGDs	14861			newNonFullTGDs	0		newFullTGDs	43731
nonFullTGDs	1336		fullTGDs	14961			newNonFullTGDs	0		newFullTGDs	43631
nonFullTGDs	1336		fullTGDs	15061			newNonFullTGDs	0		newFullTGDs	43531
nonFullTGDs	1336		fullTGDs	15161			newNonFullTGDs	0		newFullTGDs	43431
nonFullTGDs	1336		fullTGDs	15261			newNonFullTGDs	0		newFullTGDs	43331
nonFullTGDs	1336		fullTGDs	15361			newNonFullTGDs	0		newFullTGDs	43231
nonFullTGDs	1336		fullTGDs	15461			newNonFullTGDs	0		newFullTGDs	43131
nonFullTGDs	1336		fullTGDs	15561			newNonFullTGDs	0		newFullTGDs	43031
nonFullTGDs	1336		fullTGDs	15661			newNonFullTGDs	0		newFullTGDs	42931
nonFullTGDs	1336		fullTGDs	15761			newNonFullTGDs	0		newFullTGDs	42832
nonFullTGDs	1336		fullTGDs	15861			newNonFullTGDs	0		newFullTGDs	42732
nonFullTGDs	1336		fullTGDs	15961			newNonFullTGDs	0		newFullTGDs	42632
nonFullTGDs	1336		fullTGDs	16061			newNonFullTGDs	0		newFullTGDs	42532
nonFullTGDs	1336		fullTGDs	16161			newNonFullTGDs	0		newFullTGDs	42432
nonFullTGDs	1336		fullTGDs	16261			newNonFullTGDs	0		newFullTGDs	42336
nonFullTGDs	1336		fullTGDs	16361			newNonFullTGDs	0		newFullTGDs	42237
nonFullTGDs	1336		fullTGDs	16461			newNonFullTGDs	0		newFullTGDs	42140
nonFullTGDs	1336		fullTGDs	16561			newNonFullTGDs	0		newFullTGDs	42043
nonFullTGDs	1336		fullTGDs	16661			newNonFullTGDs	0		newFullTGDs	41947
nonFullTGDs	1336		fullTGDs	16761			newNonFullTGDs	0		newFullTGDs	41847
nonFullTGDs	1336		fullTGDs	16861			newNonFullTGDs	0		newFullTGDs	41747
nonFullTGDs	1336		fullTGDs	16961			newNonFullTGDs	0		newFullTGDs	41647
nonFullTGDs	1336		fullTGDs	17061			newNonFullTGDs	0		newFullTGDs	41547
nonFullTGDs	1336		fullTGDs	17161			newNonFullTGDs	0		newFullTGDs	41447
nonFullTGDs	1336		fullTGDs	17261			newNonFullTGDs	0		newFullTGDs	41347
nonFullTGDs	1336		fullTGDs	17361			newNonFullTGDs	0		newFullTGDs	41247
nonFullTGDs	1336		fullTGDs	17461			newNonFullTGDs	0		newFullTGDs	41147
nonFullTGDs	1336		fullTGDs	17561			newNonFullTGDs	0		newFullTGDs	41047
nonFullTGDs	1336		fullTGDs	17661			newNonFullTGDs	0		newFullTGDs	40947
nonFullTGDs	1336		fullTGDs	17761			newNonFullTGDs	0		newFullTGDs	40847
nonFullTGDs	1336		fullTGDs	17861			newNonFullTGDs	0		newFullTGDs	40747
nonFullTGDs	1336		fullTGDs	17961			newNonFullTGDs	0		newFullTGDs	40647
nonFullTGDs	1336		fullTGDs	18061			newNonFullTGDs	0		newFullTGDs	40547
nonFullTGDs	1336		fullTGDs	18161			newNonFullTGDs	0		newFullTGDs	40447
nonFullTGDs	1336		fullTGDs	18261			newNonFullTGDs	0		newFullTGDs	40347
nonFullTGDs	1336		fullTGDs	18361			newNonFullTGDs	0		newFullTGDs	40247
nonFullTGDs	1336		fullTGDs	18461			newNonFullTGDs	0		newFullTGDs	40147
nonFullTGDs	1336		fullTGDs	18561			newNonFullTGDs	0		newFullTGDs	40048
nonFullTGDs	1336		fullTGDs	18661			newNonFullTGDs	0		newFullTGDs	39948
nonFullTGDs	1336		fullTGDs	18761			newNonFullTGDs	0		newFullTGDs	39848
nonFullTGDs	1336		fullTGDs	18861			newNonFullTGDs	0		newFullTGDs	39748
nonFullTGDs	1336		fullTGDs	18961			newNonFullTGDs	0		newFullTGDs	39648
nonFullTGDs	1336		fullTGDs	19061			newNonFullTGDs	0		newFullTGDs	39548
nonFullTGDs	1336		fullTGDs	19161			newNonFullTGDs	0		newFullTGDs	39448
nonFullTGDs	1336		fullTGDs	19261			newNonFullTGDs	0		newFullTGDs	39348
nonFullTGDs	1336		fullTGDs	19361			newNonFullTGDs	0		newFullTGDs	39248
nonFullTGDs	1336		fullTGDs	19461			newNonFullTGDs	0		newFullTGDs	39148
nonFullTGDs	1336		fullTGDs	19561			newNonFullTGDs	0		newFullTGDs	39048
nonFullTGDs	1336		fullTGDs	19661			newNonFullTGDs	0		newFullTGDs	38948
nonFullTGDs	1336		fullTGDs	19761			newNonFullTGDs	0		newFullTGDs	38848
nonFullTGDs	1336		fullTGDs	19861			newNonFullTGDs	0		newFullTGDs	38748
nonFullTGDs	1336		fullTGDs	19961			newNonFullTGDs	0		newFullTGDs	38648
nonFullTGDs	1336		fullTGDs	20061			newNonFullTGDs	0		newFullTGDs	38548
nonFullTGDs	1336		fullTGDs	20161			newNonFullTGDs	0		newFullTGDs	38448
nonFullTGDs	1336		fullTGDs	20261			newNonFullTGDs	0		newFullTGDs	38348
nonFullTGDs	1336		fullTGDs	20361			newNonFullTGDs	0		newFullTGDs	38248
nonFullTGDs	1336		fullTGDs	20461			newNonFullTGDs	0		newFullTGDs	38148
nonFullTGDs	1336		fullTGDs	20561			newNonFullTGDs	0		newFullTGDs	38048
nonFullTGDs	1336		fullTGDs	20661			newNonFullTGDs	0		newFullTGDs	37948
nonFullTGDs	1336		fullTGDs	20761			newNonFullTGDs	0		newFullTGDs	37848
nonFullTGDs	1336		fullTGDs	20861			newNonFullTGDs	0		newFullTGDs	37748
nonFullTGDs	1336		fullTGDs	20961			newNonFullTGDs	0		newFullTGDs	37648
nonFullTGDs	1336		fullTGDs	21061			newNonFullTGDs	0		newFullTGDs	37548
nonFullTGDs	1336		fullTGDs	21161			newNonFullTGDs	0		newFullTGDs	37448
nonFullTGDs	1336		fullTGDs	21261			newNonFullTGDs	0		newFullTGDs	37348
nonFullTGDs	1336		fullTGDs	21361			newNonFullTGDs	0		newFullTGDs	37248
nonFullTGDs	1336		fullTGDs	21461			newNonFullTGDs	0		newFullTGDs	37148
nonFullTGDs	1336		fullTGDs	21561			newNonFullTGDs	0		newFullTGDs	37048
nonFullTGDs	1336		fullTGDs	21661			newNonFullTGDs	0		newFullTGDs	36948
nonFullTGDs	1336		fullTGDs	21761			newNonFullTGDs	0		newFullTGDs	36848
nonFullTGDs	1336		fullTGDs	21861			newNonFullTGDs	0		newFullTGDs	36748
nonFullTGDs	1336		fullTGDs	21961			newNonFullTGDs	0		newFullTGDs	36648
nonFullTGDs	1336		fullTGDs	22061			newNonFullTGDs	0		newFullTGDs	36548
nonFullTGDs	1336		fullTGDs	22161			newNonFullTGDs	0		newFullTGDs	36448
nonFullTGDs	1336		fullTGDs	22261			newNonFullTGDs	0		newFullTGDs	36348
nonFullTGDs	1336		fullTGDs	22361			newNonFullTGDs	0		newFullTGDs	36248
nonFullTGDs	1336		fullTGDs	22461			newNonFullTGDs	0		newFullTGDs	36148
nonFullTGDs	1336		fullTGDs	22561			newNonFullTGDs	0		newFullTGDs	36048
nonFullTGDs	1336		fullTGDs	22661			newNonFullTGDs	0		newFullTGDs	35948
nonFullTGDs	1336		fullTGDs	22761			newNonFullTGDs	0		newFullTGDs	35848
nonFullTGDs	1336		fullTGDs	22861			newNonFullTGDs	0		newFullTGDs	35748
nonFullTGDs	1336		fullTGDs	22961			newNonFullTGDs	0		newFullTGDs	35648
nonFullTGDs	1336		fullTGDs	23061			newNonFullTGDs	0		newFullTGDs	35548
nonFullTGDs	1336		fullTGDs	23161			newNonFullTGDs	0		newFullTGDs	35448
nonFullTGDs	1336		fullTGDs	23261			newNonFullTGDs	0		newFullTGDs	35348
nonFullTGDs	1336		fullTGDs	23361			newNonFullTGDs	0		newFullTGDs	35248
nonFullTGDs	1336		fullTGDs	23461			newNonFullTGDs	0		newFullTGDs	35148
nonFullTGDs	1336		fullTGDs	23561			newNonFullTGDs	0		newFullTGDs	35048
nonFullTGDs	1336		fullTGDs	23661			newNonFullTGDs	0		newFullTGDs	34948
nonFullTGDs	1336		fullTGDs	23761			newNonFullTGDs	0		newFullTGDs	34848
nonFullTGDs	1336		fullTGDs	23861			newNonFullTGDs	0		newFullTGDs	34748
nonFullTGDs	1336		fullTGDs	23961			newNonFullTGDs	0		newFullTGDs	34648
nonFullTGDs	1336		fullTGDs	24061			newNonFullTGDs	0		newFullTGDs	34548
nonFullTGDs	1336		fullTGDs	24161			newNonFullTGDs	0		newFullTGDs	34448
nonFullTGDs	1336		fullTGDs	24261			newNonFullTGDs	0		newFullTGDs	34348
nonFullTGDs	1336		fullTGDs	24361			newNonFullTGDs	0		newFullTGDs	34248
nonFullTGDs	1336		fullTGDs	24461			newNonFullTGDs	0		newFullTGDs	34148
nonFullTGDs	1336		fullTGDs	24561			newNonFullTGDs	0		newFullTGDs	34048
nonFullTGDs	1336		fullTGDs	24661			newNonFullTGDs	0		newFullTGDs	33948
nonFullTGDs	1336		fullTGDs	24761			newNonFullTGDs	0		newFullTGDs	33848
nonFullTGDs	1336		fullTGDs	24861			newNonFullTGDs	0		newFullTGDs	33748
nonFullTGDs	1336		fullTGDs	24961			newNonFullTGDs	0		newFullTGDs	33648
nonFullTGDs	1336		fullTGDs	25061			newNonFullTGDs	0		newFullTGDs	33548
nonFullTGDs	1336		fullTGDs	25161			newNonFullTGDs	0		newFullTGDs	33448
nonFullTGDs	1336		fullTGDs	25261			newNonFullTGDs	0		newFullTGDs	33348
nonFullTGDs	1336		fullTGDs	25361			newNonFullTGDs	0		newFullTGDs	33248
nonFullTGDs	1336		fullTGDs	25461			newNonFullTGDs	0		newFullTGDs	33148
nonFullTGDs	1336		fullTGDs	25561			newNonFullTGDs	0		newFullTGDs	33048
nonFullTGDs	1336		fullTGDs	25661			newNonFullTGDs	0		newFullTGDs	32948
nonFullTGDs	1336		fullTGDs	25761			newNonFullTGDs	0		newFullTGDs	32848
nonFullTGDs	1336		fullTGDs	25861			newNonFullTGDs	0		newFullTGDs	32748
nonFullTGDs	1336		fullTGDs	25961			newNonFullTGDs	0		newFullTGDs	32648
nonFullTGDs	1336		fullTGDs	26061			newNonFullTGDs	0		newFullTGDs	32548
nonFullTGDs	1336		fullTGDs	26161			newNonFullTGDs	0		newFullTGDs	32448
nonFullTGDs	1336		fullTGDs	26261			newNonFullTGDs	0		newFullTGDs	32348
nonFullTGDs	1336		fullTGDs	26361			newNonFullTGDs	0		newFullTGDs	32248
nonFullTGDs	1336		fullTGDs	26461			newNonFullTGDs	0		newFullTGDs	32148
nonFullTGDs	1336		fullTGDs	26561			newNonFullTGDs	0		newFullTGDs	32048
nonFullTGDs	1336		fullTGDs	26661			newNonFullTGDs	0		newFullTGDs	31948
nonFullTGDs	1336		fullTGDs	26761			newNonFullTGDs	0		newFullTGDs	31848
nonFullTGDs	1336		fullTGDs	26861			newNonFullTGDs	0		newFullTGDs	31748
nonFullTGDs	1336		fullTGDs	26961			newNonFullTGDs	0		newFullTGDs	31648
nonFullTGDs	1336		fullTGDs	27061			newNonFullTGDs	0		newFullTGDs	31548
nonFullTGDs	1336		fullTGDs	27161			newNonFullTGDs	0		newFullTGDs	31448
nonFullTGDs	1336		fullTGDs	27261			newNonFullTGDs	0		newFullTGDs	31348
nonFullTGDs	1336		fullTGDs	27361			newNonFullTGDs	0		newFullTGDs	31248
nonFullTGDs	1336		fullTGDs	27461			newNonFullTGDs	0		newFullTGDs	31148
nonFullTGDs	1336		fullTGDs	27561			newNonFullTGDs	0		newFullTGDs	31048
nonFullTGDs	1336		fullTGDs	27661			newNonFullTGDs	0		newFullTGDs	30948
nonFullTGDs	1336		fullTGDs	27761			newNonFullTGDs	0		newFullTGDs	30848
nonFullTGDs	1336		fullTGDs	27861			newNonFullTGDs	0		newFullTGDs	30748
nonFullTGDs	1336		fullTGDs	27961			newNonFullTGDs	0		newFullTGDs	30648
nonFullTGDs	1336		fullTGDs	28061			newNonFullTGDs	0		newFullTGDs	30548
nonFullTGDs	1336		fullTGDs	28161			newNonFullTGDs	0		newFullTGDs	30448
nonFullTGDs	1336		fullTGDs	28261			newNonFullTGDs	0		newFullTGDs	30348
nonFullTGDs	1336		fullTGDs	28361			newNonFullTGDs	0		newFullTGDs	30248
nonFullTGDs	1336		fullTGDs	28461			newNonFullTGDs	0		newFullTGDs	30148
nonFullTGDs	1336		fullTGDs	28561			newNonFullTGDs	0		newFullTGDs	30048
nonFullTGDs	1336		fullTGDs	28661			newNonFullTGDs	0		newFullTGDs	29948
nonFullTGDs	1336		fullTGDs	28761			newNonFullTGDs	0		newFullTGDs	29848
nonFullTGDs	1336		fullTGDs	28861			newNonFullTGDs	0		newFullTGDs	29748
nonFullTGDs	1336		fullTGDs	28961			newNonFullTGDs	0		newFullTGDs	29648
nonFullTGDs	1336		fullTGDs	29061			newNonFullTGDs	0		newFullTGDs	29548
nonFullTGDs	1336		fullTGDs	29161			newNonFullTGDs	0		newFullTGDs	29448
nonFullTGDs	1336		fullTGDs	29261			newNonFullTGDs	0		newFullTGDs	29348
nonFullTGDs	1336		fullTGDs	29361			newNonFullTGDs	0		newFullTGDs	29248
nonFullTGDs	1336		fullTGDs	29461			newNonFullTGDs	0		newFullTGDs	29148
nonFullTGDs	1336		fullTGDs	29561			newNonFullTGDs	0		newFullTGDs	29048
nonFullTGDs	1336		fullTGDs	29661			newNonFullTGDs	0		newFullTGDs	28948
nonFullTGDs	1336		fullTGDs	29761			newNonFullTGDs	0		newFullTGDs	28848
nonFullTGDs	1336		fullTGDs	29861			newNonFullTGDs	0		newFullTGDs	28748
nonFullTGDs	1336		fullTGDs	29961			newNonFullTGDs	0		newFullTGDs	28648
nonFullTGDs	1336		fullTGDs	30061			newNonFullTGDs	0		newFullTGDs	28548
nonFullTGDs	1336		fullTGDs	30161			newNonFullTGDs	0		newFullTGDs	28448
nonFullTGDs	1336		fullTGDs	30261			newNonFullTGDs	0		newFullTGDs	28348
nonFullTGDs	1336		fullTGDs	30361			newNonFullTGDs	0		newFullTGDs	28248
nonFullTGDs	1336		fullTGDs	30461			newNonFullTGDs	0		newFullTGDs	28148
nonFullTGDs	1336		fullTGDs	30561			newNonFullTGDs	0		newFullTGDs	28048
nonFullTGDs	1336		fullTGDs	30661			newNonFullTGDs	0		newFullTGDs	27948
nonFullTGDs	1336		fullTGDs	30761			newNonFullTGDs	0		newFullTGDs	27848
nonFullTGDs	1336		fullTGDs	30861			newNonFullTGDs	0		newFullTGDs	27748
nonFullTGDs	1336		fullTGDs	30961			newNonFullTGDs	0		newFullTGDs	27648
nonFullTGDs	1336		fullTGDs	31061			newNonFullTGDs	0		newFullTGDs	27548
nonFullTGDs	1336		fullTGDs	31161			newNonFullTGDs	0		newFullTGDs	27448
nonFullTGDs	1336		fullTGDs	31261			newNonFullTGDs	0		newFullTGDs	27348
nonFullTGDs	1336		fullTGDs	31361			newNonFullTGDs	0		newFullTGDs	27248
nonFullTGDs	1336		fullTGDs	31461			newNonFullTGDs	0		newFullTGDs	27148
nonFullTGDs	1336		fullTGDs	31561			newNonFullTGDs	0		newFullTGDs	27048
nonFullTGDs	1336		fullTGDs	31661			newNonFullTGDs	0		newFullTGDs	26948
nonFullTGDs	1336		fullTGDs	31761			newNonFullTGDs	0		newFullTGDs	26848
nonFullTGDs	1336		fullTGDs	31861			newNonFullTGDs	0		newFullTGDs	26748
nonFullTGDs	1336		fullTGDs	31961			newNonFullTGDs	0		newFullTGDs	26648
nonFullTGDs	1336		fullTGDs	32061			newNonFullTGDs	0		newFullTGDs	26548
nonFullTGDs	1336		fullTGDs	32161			newNonFullTGDs	0		newFullTGDs	26448
nonFullTGDs	1336		fullTGDs	32261			newNonFullTGDs	0		newFullTGDs	26348
nonFullTGDs	1336		fullTGDs	32361			newNonFullTGDs	0		newFullTGDs	26248
nonFullTGDs	1336		fullTGDs	32461			newNonFullTGDs	0		newFullTGDs	26148
nonFullTGDs	1336		fullTGDs	32561			newNonFullTGDs	0		newFullTGDs	26048
nonFullTGDs	1336		fullTGDs	32661			newNonFullTGDs	0		newFullTGDs	25948
nonFullTGDs	1336		fullTGDs	32761			newNonFullTGDs	0		newFullTGDs	25848
nonFullTGDs	1336		fullTGDs	32861			newNonFullTGDs	0		newFullTGDs	25748
nonFullTGDs	1336		fullTGDs	32961			newNonFullTGDs	0		newFullTGDs	25648
nonFullTGDs	1336		fullTGDs	33061			newNonFullTGDs	0		newFullTGDs	25548
nonFullTGDs	1336		fullTGDs	33161			newNonFullTGDs	0		newFullTGDs	25448
nonFullTGDs	1336		fullTGDs	33261			newNonFullTGDs	0		newFullTGDs	25348
nonFullTGDs	1336		fullTGDs	33361			newNonFullTGDs	0		newFullTGDs	25248
nonFullTGDs	1336		fullTGDs	33461			newNonFullTGDs	0		newFullTGDs	25148
nonFullTGDs	1336		fullTGDs	33561			newNonFullTGDs	0		newFullTGDs	25048
nonFullTGDs	1336		fullTGDs	33661			newNonFullTGDs	0		newFullTGDs	24948
nonFullTGDs	1336		fullTGDs	33761			newNonFullTGDs	0		newFullTGDs	24848
nonFullTGDs	1336		fullTGDs	33861			newNonFullTGDs	0		newFullTGDs	24748
nonFullTGDs	1336		fullTGDs	33961			newNonFullTGDs	0		newFullTGDs	24648
nonFullTGDs	1336		fullTGDs	34061			newNonFullTGDs	0		newFullTGDs	24548
nonFullTGDs	1336		fullTGDs	34161			newNonFullTGDs	0		newFullTGDs	24448
nonFullTGDs	1336		fullTGDs	34261			newNonFullTGDs	0		newFullTGDs	24348
nonFullTGDs	1336		fullTGDs	34361			newNonFullTGDs	0		newFullTGDs	24248
nonFullTGDs	1336		fullTGDs	34461			newNonFullTGDs	0		newFullTGDs	24148
nonFullTGDs	1336		fullTGDs	34561			newNonFullTGDs	0		newFullTGDs	24048
nonFullTGDs	1336		fullTGDs	34661			newNonFullTGDs	0		newFullTGDs	23948
nonFullTGDs	1336		fullTGDs	34761			newNonFullTGDs	0		newFullTGDs	23848
nonFullTGDs	1336		fullTGDs	34861			newNonFullTGDs	0		newFullTGDs	23748
nonFullTGDs	1336		fullTGDs	34961			newNonFullTGDs	0		newFullTGDs	23648
nonFullTGDs	1336		fullTGDs	35061			newNonFullTGDs	0		newFullTGDs	23548
nonFullTGDs	1336		fullTGDs	35161			newNonFullTGDs	0		newFullTGDs	23448
nonFullTGDs	1336		fullTGDs	35261			newNonFullTGDs	0		newFullTGDs	23348
nonFullTGDs	1336		fullTGDs	35361			newNonFullTGDs	0		newFullTGDs	23248
nonFullTGDs	1336		fullTGDs	35461			newNonFullTGDs	0		newFullTGDs	23148
nonFullTGDs	1336		fullTGDs	35561			newNonFullTGDs	0		newFullTGDs	23048
nonFullTGDs	1336		fullTGDs	35661			newNonFullTGDs	0		newFullTGDs	22948
nonFullTGDs	1336		fullTGDs	35761			newNonFullTGDs	0		newFullTGDs	22848
nonFullTGDs	1336		fullTGDs	35861			newNonFullTGDs	0		newFullTGDs	22748
nonFullTGDs	1336		fullTGDs	35961			newNonFullTGDs	0		newFullTGDs	22648
nonFullTGDs	1336		fullTGDs	36061			newNonFullTGDs	0		newFullTGDs	22548
nonFullTGDs	1336		fullTGDs	36161			newNonFullTGDs	0		newFullTGDs	22448
nonFullTGDs	1336		fullTGDs	36261			newNonFullTGDs	0		newFullTGDs	22348
nonFullTGDs	1336		fullTGDs	36361			newNonFullTGDs	0		newFullTGDs	22248
nonFullTGDs	1336		fullTGDs	36461			newNonFullTGDs	0		newFullTGDs	22148
nonFullTGDs	1336		fullTGDs	36561			newNonFullTGDs	0		newFullTGDs	22048
nonFullTGDs	1336		fullTGDs	36661			newNonFullTGDs	0		newFullTGDs	21948
nonFullTGDs	1336		fullTGDs	36761			newNonFullTGDs	0		newFullTGDs	21848
nonFullTGDs	1336		fullTGDs	36861			newNonFullTGDs	0		newFullTGDs	21748
nonFullTGDs	1336		fullTGDs	36961			newNonFullTGDs	0		newFullTGDs	21648
nonFullTGDs	1336		fullTGDs	37061			newNonFullTGDs	0		newFullTGDs	21548
nonFullTGDs	1336		fullTGDs	37161			newNonFullTGDs	0		newFullTGDs	21448
nonFullTGDs	1336		fullTGDs	37261			newNonFullTGDs	0		newFullTGDs	21348
nonFullTGDs	1336		fullTGDs	37361			newNonFullTGDs	0		newFullTGDs	21248
nonFullTGDs	1336		fullTGDs	37461			newNonFullTGDs	0		newFullTGDs	21148
nonFullTGDs	1336		fullTGDs	37561			newNonFullTGDs	0		newFullTGDs	21048
nonFullTGDs	1336		fullTGDs	37661			newNonFullTGDs	0		newFullTGDs	20948
nonFullTGDs	1336		fullTGDs	37761			newNonFullTGDs	0		newFullTGDs	20848
nonFullTGDs	1336		fullTGDs	37861			newNonFullTGDs	0		newFullTGDs	20748
nonFullTGDs	1336		fullTGDs	37961			newNonFullTGDs	0		newFullTGDs	20648
nonFullTGDs	1336		fullTGDs	38061			newNonFullTGDs	0		newFullTGDs	20548
nonFullTGDs	1336		fullTGDs	38161			newNonFullTGDs	0		newFullTGDs	20448
nonFullTGDs	1336		fullTGDs	38261			newNonFullTGDs	0		newFullTGDs	20348
nonFullTGDs	1336		fullTGDs	38361			newNonFullTGDs	0		newFullTGDs	20248
nonFullTGDs	1336		fullTGDs	38461			newNonFullTGDs	0		newFullTGDs	20148
nonFullTGDs	1336		fullTGDs	38561			newNonFullTGDs	0		newFullTGDs	20048
nonFullTGDs	1336		fullTGDs	38661			newNonFullTGDs	0		newFullTGDs	19948
nonFullTGDs	1336		fullTGDs	38761			newNonFullTGDs	0		newFullTGDs	19848
nonFullTGDs	1336		fullTGDs	38861			newNonFullTGDs	0		newFullTGDs	19748
nonFullTGDs	1336		fullTGDs	38961			newNonFullTGDs	0		newFullTGDs	19648
nonFullTGDs	1336		fullTGDs	39061			newNonFullTGDs	0		newFullTGDs	19548
nonFullTGDs	1336		fullTGDs	39161			newNonFullTGDs	0		newFullTGDs	19448
nonFullTGDs	1336		fullTGDs	39261			newNonFullTGDs	0		newFullTGDs	19348
nonFullTGDs	1336		fullTGDs	39361			newNonFullTGDs	0		newFullTGDs	19248
nonFullTGDs	1336		fullTGDs	39461			newNonFullTGDs	0		newFullTGDs	19148
nonFullTGDs	1336		fullTGDs	39561			newNonFullTGDs	0		newFullTGDs	19048
nonFullTGDs	1336		fullTGDs	39661			newNonFullTGDs	0		newFullTGDs	18948
nonFullTGDs	1336		fullTGDs	39761			newNonFullTGDs	0		newFullTGDs	18848
nonFullTGDs	1336		fullTGDs	39861			newNonFullTGDs	0		newFullTGDs	18748
nonFullTGDs	1336		fullTGDs	39961			newNonFullTGDs	0		newFullTGDs	18648
nonFullTGDs	1336		fullTGDs	40061			newNonFullTGDs	0		newFullTGDs	18548
nonFullTGDs	1336		fullTGDs	40161			newNonFullTGDs	0		newFullTGDs	18448
nonFullTGDs	1336		fullTGDs	40261			newNonFullTGDs	0		newFullTGDs	18348
nonFullTGDs	1336		fullTGDs	40361			newNonFullTGDs	0		newFullTGDs	18248
nonFullTGDs	1336		fullTGDs	40461			newNonFullTGDs	0		newFullTGDs	18148
nonFullTGDs	1336		fullTGDs	40561			newNonFullTGDs	0		newFullTGDs	18048
nonFullTGDs	1336		fullTGDs	40661			newNonFullTGDs	0		newFullTGDs	17948
nonFullTGDs	1336		fullTGDs	40761			newNonFullTGDs	0		newFullTGDs	17848
nonFullTGDs	1336		fullTGDs	40861			newNonFullTGDs	0		newFullTGDs	17748
nonFullTGDs	1336		fullTGDs	40961			newNonFullTGDs	0		newFullTGDs	17648
nonFullTGDs	1336		fullTGDs	41061			newNonFullTGDs	0		newFullTGDs	17548
nonFullTGDs	1336		fullTGDs	41161			newNonFullTGDs	0		newFullTGDs	17448
nonFullTGDs	1336		fullTGDs	41261			newNonFullTGDs	0		newFullTGDs	17348
nonFullTGDs	1336		fullTGDs	41361			newNonFullTGDs	0		newFullTGDs	17248
nonFullTGDs	1336		fullTGDs	41461			newNonFullTGDs	0		newFullTGDs	17148
nonFullTGDs	1336		fullTGDs	41561			newNonFullTGDs	0		newFullTGDs	17048
nonFullTGDs	1336		fullTGDs	41661			newNonFullTGDs	0		newFullTGDs	16948
nonFullTGDs	1336		fullTGDs	41761			newNonFullTGDs	0		newFullTGDs	16848
nonFullTGDs	1336		fullTGDs	41861			newNonFullTGDs	0		newFullTGDs	16748
nonFullTGDs	1336		fullTGDs	41961			newNonFullTGDs	0		newFullTGDs	16648
nonFullTGDs	1336		fullTGDs	42061			newNonFullTGDs	0		newFullTGDs	16548
nonFullTGDs	1336		fullTGDs	42161			newNonFullTGDs	0		newFullTGDs	16448
nonFullTGDs	1336		fullTGDs	42261			newNonFullTGDs	0		newFullTGDs	16348
nonFullTGDs	1336		fullTGDs	42361			newNonFullTGDs	0		newFullTGDs	16248
nonFullTGDs	1336		fullTGDs	42461			newNonFullTGDs	0		newFullTGDs	16148
nonFullTGDs	1336		fullTGDs	42561			newNonFullTGDs	0		newFullTGDs	16048
nonFullTGDs	1336		fullTGDs	42661			newNonFullTGDs	0		newFullTGDs	15948
nonFullTGDs	1336		fullTGDs	42761			newNonFullTGDs	0		newFullTGDs	15848
nonFullTGDs	1336		fullTGDs	42861			newNonFullTGDs	0		newFullTGDs	15748
nonFullTGDs	1336		fullTGDs	42961			newNonFullTGDs	0		newFullTGDs	15648
nonFullTGDs	1336		fullTGDs	43061			newNonFullTGDs	0		newFullTGDs	15548
nonFullTGDs	1336		fullTGDs	43161			newNonFullTGDs	0		newFullTGDs	15448
nonFullTGDs	1336		fullTGDs	43261			newNonFullTGDs	0		newFullTGDs	15348
nonFullTGDs	1336		fullTGDs	43361			newNonFullTGDs	0		newFullTGDs	15248
nonFullTGDs	1336		fullTGDs	43461			newNonFullTGDs	0		newFullTGDs	15148
nonFullTGDs	1336		fullTGDs	43561			newNonFullTGDs	0		newFullTGDs	15048
nonFullTGDs	1336		fullTGDs	43661			newNonFullTGDs	0		newFullTGDs	14948
nonFullTGDs	1336		fullTGDs	43761			newNonFullTGDs	0		newFullTGDs	14848
nonFullTGDs	1336		fullTGDs	43861			newNonFullTGDs	0		newFullTGDs	14748
nonFullTGDs	1336		fullTGDs	43961			newNonFullTGDs	0		newFullTGDs	14648
nonFullTGDs	1336		fullTGDs	44061			newNonFullTGDs	0		newFullTGDs	14548
nonFullTGDs	1336		fullTGDs	44161			newNonFullTGDs	0		newFullTGDs	14448
nonFullTGDs	1336		fullTGDs	44261			newNonFullTGDs	0		newFullTGDs	14349
nonFullTGDs	1336		fullTGDs	44361			newNonFullTGDs	0		newFullTGDs	14249
nonFullTGDs	1336		fullTGDs	44461			newNonFullTGDs	0		newFullTGDs	14149
nonFullTGDs	1336		fullTGDs	44561			newNonFullTGDs	0		newFullTGDs	14049
nonFullTGDs	1336		fullTGDs	44661			newNonFullTGDs	0		newFullTGDs	13949
nonFullTGDs	1336		fullTGDs	44761			newNonFullTGDs	0		newFullTGDs	13849
nonFullTGDs	1336		fullTGDs	44861			newNonFullTGDs	0		newFullTGDs	13749
nonFullTGDs	1336		fullTGDs	44961			newNonFullTGDs	0		newFullTGDs	13649
nonFullTGDs	1336		fullTGDs	45061			newNonFullTGDs	0		newFullTGDs	13549
nonFullTGDs	1336		fullTGDs	45161			newNonFullTGDs	0		newFullTGDs	13449
nonFullTGDs	1336		fullTGDs	45261			newNonFullTGDs	0		newFullTGDs	13349
nonFullTGDs	1336		fullTGDs	45361			newNonFullTGDs	0		newFullTGDs	13249
nonFullTGDs	1336		fullTGDs	45461			newNonFullTGDs	0		newFullTGDs	13149
nonFullTGDs	1336		fullTGDs	45561			newNonFullTGDs	0		newFullTGDs	13049
nonFullTGDs	1336		fullTGDs	45661			newNonFullTGDs	0		newFullTGDs	12949
nonFullTGDs	1336		fullTGDs	45761			newNonFullTGDs	0		newFullTGDs	12849
nonFullTGDs	1336		fullTGDs	45861			newNonFullTGDs	0		newFullTGDs	12749
nonFullTGDs	1336		fullTGDs	45961			newNonFullTGDs	0		newFullTGDs	12649
nonFullTGDs	1336		fullTGDs	46061			newNonFullTGDs	0		newFullTGDs	12549
nonFullTGDs	1336		fullTGDs	46161			newNonFullTGDs	0		newFullTGDs	12449
nonFullTGDs	1336		fullTGDs	46261			newNonFullTGDs	0		newFullTGDs	12349
nonFullTGDs	1336		fullTGDs	46361			newNonFullTGDs	0		newFullTGDs	12249
nonFullTGDs	1336		fullTGDs	46461			newNonFullTGDs	0		newFullTGDs	12149
nonFullTGDs	1336		fullTGDs	46561			newNonFullTGDs	0		newFullTGDs	12049
nonFullTGDs	1336		fullTGDs	46661			newNonFullTGDs	0		newFullTGDs	11949
nonFullTGDs	1336		fullTGDs	46761			newNonFullTGDs	0		newFullTGDs	11850
nonFullTGDs	1336		fullTGDs	46861			newNonFullTGDs	0		newFullTGDs	11750
nonFullTGDs	1336		fullTGDs	46961			newNonFullTGDs	0		newFullTGDs	11650
nonFullTGDs	1336		fullTGDs	47061			newNonFullTGDs	0		newFullTGDs	11550
nonFullTGDs	1336		fullTGDs	47161			newNonFullTGDs	0		newFullTGDs	11450
nonFullTGDs	1336		fullTGDs	47261			newNonFullTGDs	0		newFullTGDs	11350
nonFullTGDs	1336		fullTGDs	47361			newNonFullTGDs	0		newFullTGDs	11250
nonFullTGDs	1336		fullTGDs	47461			newNonFullTGDs	0		newFullTGDs	11150
nonFullTGDs	1336		fullTGDs	47561			newNonFullTGDs	0		newFullTGDs	11050
nonFullTGDs	1336		fullTGDs	47661			newNonFullTGDs	0		newFullTGDs	10950
nonFullTGDs	1336		fullTGDs	47761			newNonFullTGDs	0		newFullTGDs	10850
nonFullTGDs	1336		fullTGDs	47861			newNonFullTGDs	0		newFullTGDs	10750
nonFullTGDs	1336		fullTGDs	47961			newNonFullTGDs	0		newFullTGDs	10650
nonFullTGDs	1336		fullTGDs	48061			newNonFullTGDs	0		newFullTGDs	10550
nonFullTGDs	1336		fullTGDs	48161			newNonFullTGDs	0		newFullTGDs	10450
nonFullTGDs	1336		fullTGDs	48261			newNonFullTGDs	0		newFullTGDs	10350
nonFullTGDs	1336		fullTGDs	48361			newNonFullTGDs	0		newFullTGDs	10250
nonFullTGDs	1336		fullTGDs	48461			newNonFullTGDs	0		newFullTGDs	10150
nonFullTGDs	1336		fullTGDs	48561			newNonFullTGDs	0		newFullTGDs	10050
nonFullTGDs	1336		fullTGDs	48661			newNonFullTGDs	0		newFullTGDs	9950
nonFullTGDs	1336		fullTGDs	48761			newNonFullTGDs	0		newFullTGDs	9850
nonFullTGDs	1336		fullTGDs	48861			newNonFullTGDs	0		newFullTGDs	9750
nonFullTGDs	1336		fullTGDs	48961			newNonFullTGDs	0		newFullTGDs	9650
nonFullTGDs	1336		fullTGDs	49061			newNonFullTGDs	0		newFullTGDs	9550
nonFullTGDs	1336		fullTGDs	49161			newNonFullTGDs	0		newFullTGDs	9450
nonFullTGDs	1336		fullTGDs	49261			newNonFullTGDs	0		newFullTGDs	9350
nonFullTGDs	1336		fullTGDs	49361			newNonFullTGDs	0		newFullTGDs	9250
nonFullTGDs	1336		fullTGDs	49461			newNonFullTGDs	0		newFullTGDs	9150
nonFullTGDs	1336		fullTGDs	49561			newNonFullTGDs	0		newFullTGDs	9050
nonFullTGDs	1336		fullTGDs	49661			newNonFullTGDs	0		newFullTGDs	8951
nonFullTGDs	1336		fullTGDs	49761			newNonFullTGDs	0		newFullTGDs	8851
nonFullTGDs	1336		fullTGDs	49861			newNonFullTGDs	0		newFullTGDs	8751
nonFullTGDs	1336		fullTGDs	49961			newNonFullTGDs	0		newFullTGDs	8651
nonFullTGDs	1336		fullTGDs	50061			newNonFullTGDs	0		newFullTGDs	8551
nonFullTGDs	1336		fullTGDs	50161			newNonFullTGDs	0		newFullTGDs	8451
nonFullTGDs	1336		fullTGDs	50261			newNonFullTGDs	0		newFullTGDs	8351
nonFullTGDs	1336		fullTGDs	50361			newNonFullTGDs	0		newFullTGDs	8251
nonFullTGDs	1336		fullTGDs	50461			newNonFullTGDs	0		newFullTGDs	8151
nonFullTGDs	1336		fullTGDs	50561			newNonFullTGDs	0		newFullTGDs	8051
nonFullTGDs	1336		fullTGDs	50661			newNonFullTGDs	0		newFullTGDs	7953
nonFullTGDs	1336		fullTGDs	50761			newNonFullTGDs	0		newFullTGDs	7855
nonFullTGDs	1336		fullTGDs	50861			newNonFullTGDs	0		newFullTGDs	7756
nonFullTGDs	1336		fullTGDs	50961			newNonFullTGDs	0		newFullTGDs	7656
nonFullTGDs	1336		fullTGDs	51061			newNonFullTGDs	0		newFullTGDs	7556
nonFullTGDs	1336		fullTGDs	51161			newNonFullTGDs	0		newFullTGDs	7456
nonFullTGDs	1336		fullTGDs	51261			newNonFullTGDs	0		newFullTGDs	7356
nonFullTGDs	1336		fullTGDs	51361			newNonFullTGDs	0		newFullTGDs	7256
nonFullTGDs	1336		fullTGDs	51461			newNonFullTGDs	0		newFullTGDs	7156
nonFullTGDs	1336		fullTGDs	51561			newNonFullTGDs	0		newFullTGDs	7056
nonFullTGDs	1336		fullTGDs	51661			newNonFullTGDs	0		newFullTGDs	6956
nonFullTGDs	1336		fullTGDs	51761			newNonFullTGDs	0		newFullTGDs	6856
nonFullTGDs	1336		fullTGDs	51861			newNonFullTGDs	0		newFullTGDs	6756
nonFullTGDs	1336		fullTGDs	51961			newNonFullTGDs	0		newFullTGDs	6656
nonFullTGDs	1336		fullTGDs	52061			newNonFullTGDs	0		newFullTGDs	6556
nonFullTGDs	1336		fullTGDs	52161			newNonFullTGDs	0		newFullTGDs	6456
nonFullTGDs	1336		fullTGDs	52261			newNonFullTGDs	0		newFullTGDs	6356
nonFullTGDs	1336		fullTGDs	52361			newNonFullTGDs	0		newFullTGDs	6256
nonFullTGDs	1336		fullTGDs	52461			newNonFullTGDs	0		newFullTGDs	6156
nonFullTGDs	1336		fullTGDs	52561			newNonFullTGDs	0		newFullTGDs	6056
nonFullTGDs	1336		fullTGDs	52661			newNonFullTGDs	0		newFullTGDs	5956
nonFullTGDs	1336		fullTGDs	52761			newNonFullTGDs	0		newFullTGDs	5856
nonFullTGDs	1336		fullTGDs	52861			newNonFullTGDs	0		newFullTGDs	5756
nonFullTGDs	1336		fullTGDs	52961			newNonFullTGDs	0		newFullTGDs	5656
nonFullTGDs	1336		fullTGDs	53061			newNonFullTGDs	0		newFullTGDs	5556
nonFullTGDs	1336		fullTGDs	53161			newNonFullTGDs	0		newFullTGDs	5456
nonFullTGDs	1336		fullTGDs	53261			newNonFullTGDs	0		newFullTGDs	5356
nonFullTGDs	1336		fullTGDs	53361			newNonFullTGDs	0		newFullTGDs	5256
nonFullTGDs	1336		fullTGDs	53461			newNonFullTGDs	0		newFullTGDs	5156
nonFullTGDs	1336		fullTGDs	53561			newNonFullTGDs	0		newFullTGDs	5056
nonFullTGDs	1336		fullTGDs	53661			newNonFullTGDs	0		newFullTGDs	4956
nonFullTGDs	1336		fullTGDs	53761			newNonFullTGDs	0		newFullTGDs	4856
nonFullTGDs	1336		fullTGDs	53861			newNonFullTGDs	0		newFullTGDs	4756
nonFullTGDs	1336		fullTGDs	53961			newNonFullTGDs	0		newFullTGDs	4656
nonFullTGDs	1336		fullTGDs	54061			newNonFullTGDs	0		newFullTGDs	4556
nonFullTGDs	1336		fullTGDs	54161			newNonFullTGDs	0		newFullTGDs	4456
nonFullTGDs	1336		fullTGDs	54261			newNonFullTGDs	0		newFullTGDs	4356
nonFullTGDs	1336		fullTGDs	54361			newNonFullTGDs	0		newFullTGDs	4256
nonFullTGDs	1336		fullTGDs	54461			newNonFullTGDs	0		newFullTGDs	4156
nonFullTGDs	1336		fullTGDs	54561			newNonFullTGDs	0		newFullTGDs	4059
nonFullTGDs	1336		fullTGDs	54661			newNonFullTGDs	0		newFullTGDs	3959
nonFullTGDs	1336		fullTGDs	54761			newNonFullTGDs	0		newFullTGDs	3859
nonFullTGDs	1336		fullTGDs	54861			newNonFullTGDs	0		newFullTGDs	3759
nonFullTGDs	1336		fullTGDs	54961			newNonFullTGDs	0		newFullTGDs	3659
nonFullTGDs	1336		fullTGDs	55061			newNonFullTGDs	0		newFullTGDs	3559
nonFullTGDs	1336		fullTGDs	55161			newNonFullTGDs	0		newFullTGDs	3459
nonFullTGDs	1336		fullTGDs	55261			newNonFullTGDs	0		newFullTGDs	3359
nonFullTGDs	1336		fullTGDs	55361			newNonFullTGDs	0		newFullTGDs	3259
nonFullTGDs	1336		fullTGDs	55461			newNonFullTGDs	0		newFullTGDs	3159
nonFullTGDs	1336		fullTGDs	55561			newNonFullTGDs	0		newFullTGDs	3059
nonFullTGDs	1336		fullTGDs	55661			newNonFullTGDs	0		newFullTGDs	2959
nonFullTGDs	1336		fullTGDs	55761			newNonFullTGDs	0		newFullTGDs	2859
nonFullTGDs	1336		fullTGDs	55861			newNonFullTGDs	0		newFullTGDs	2759
nonFullTGDs	1336		fullTGDs	55961			newNonFullTGDs	0		newFullTGDs	2659
nonFullTGDs	1336		fullTGDs	56061			newNonFullTGDs	0		newFullTGDs	2559
nonFullTGDs	1336		fullTGDs	56161			newNonFullTGDs	0		newFullTGDs	2459
nonFullTGDs	1336		fullTGDs	56261			newNonFullTGDs	0		newFullTGDs	2359
nonFullTGDs	1336		fullTGDs	56361			newNonFullTGDs	0		newFullTGDs	2259
nonFullTGDs	1336		fullTGDs	56461			newNonFullTGDs	0		newFullTGDs	2159
nonFullTGDs	1336		fullTGDs	56561			newNonFullTGDs	0		newFullTGDs	2064
nonFullTGDs	1336		fullTGDs	56661			newNonFullTGDs	0		newFullTGDs	1967
nonFullTGDs	1336		fullTGDs	56761			newNonFullTGDs	0		newFullTGDs	1867
nonFullTGDs	1336		fullTGDs	56861			newNonFullTGDs	0		newFullTGDs	1767
nonFullTGDs	1336		fullTGDs	56961			newNonFullTGDs	0		newFullTGDs	1667
nonFullTGDs	1336		fullTGDs	57061			newNonFullTGDs	0		newFullTGDs	1569
nonFullTGDs	1336		fullTGDs	57161			newNonFullTGDs	0		newFullTGDs	1469
nonFullTGDs	1336		fullTGDs	57261			newNonFullTGDs	0		newFullTGDs	1370
nonFullTGDs	1336		fullTGDs	57361			newNonFullTGDs	0		newFullTGDs	1270
nonFullTGDs	1336		fullTGDs	57461			newNonFullTGDs	0		newFullTGDs	1170
nonFullTGDs	1336		fullTGDs	57561			newNonFullTGDs	0		newFullTGDs	1070
nonFullTGDs	1336		fullTGDs	57661			newNonFullTGDs	0		newFullTGDs	970
nonFullTGDs	1336		fullTGDs	57761			newNonFullTGDs	0		newFullTGDs	870
nonFullTGDs	1336		fullTGDs	57861			newNonFullTGDs	0		newFullTGDs	770
nonFullTGDs	1336		fullTGDs	57961			newNonFullTGDs	0		newFullTGDs	670
nonFullTGDs	1336		fullTGDs	58061			newNonFullTGDs	0		newFullTGDs	573
nonFullTGDs	1336		fullTGDs	58161			newNonFullTGDs	0		newFullTGDs	473
nonFullTGDs	1336		fullTGDs	58261			newNonFullTGDs	0		newFullTGDs	373
nonFullTGDs	1336		fullTGDs	58361			newNonFullTGDs	0		newFullTGDs	273
nonFullTGDs	1336		fullTGDs	58461			newNonFullTGDs	0		newFullTGDs	173
nonFullTGDs	1336		fullTGDs	58561			newNonFullTGDs	0		newFullTGDs	73
Nov 21, 2021 6:48:09 AM uk.ac.ox.cs.gsat.SaturationStatistics log
INFO: # initial TGDs: 1297 , 1336
Nov 21, 2021 6:48:09 AM uk.ac.ox.cs.gsat.SaturationStatistics log
INFO: SkSat total time : 2450 ms = 2.45 s
Nov 21, 2021 6:48:09 AM uk.ac.ox.cs.gsat.SaturationStatistics log
INFO: Subsumed elements : 0
Nov 21, 2021 6:48:09 AM uk.ac.ox.cs.gsat.SaturationStatistics log
INFO: Filter discarded elements : 0
Nov 21, 2021 6:48:09 AM uk.ac.ox.cs.gsat.SaturationStatistics log
INFO: subsumption time: 4 ms = 0.00 s
Nov 21, 2021 6:48:09 AM uk.ac.ox.cs.gsat.SaturationStatistics log
INFO: forward subsumption time: 2 ms = 0.00 s
Nov 21, 2021 6:48:09 AM uk.ac.ox.cs.gsat.SaturationStatistics log
INFO: backward subsumption time: 2 ms = 0.00 s
Nov 21, 2021 6:48:09 AM uk.ac.ox.cs.gsat.SaturationStatistics log
INFO: Derived full/non full TGDs: 57980 , 0
Nov 21, 2021 6:48:09 AM uk.ac.ox.cs.gsat.SaturationStatistics log
INFO: discarded tautology count: 643
Nov 21, 2021 6:48:09 AM uk.ac.ox.cs.gsat.EvolveStatistics log
INFO: Stop because subsumed: 189
Nov 21, 2021 6:48:09 AM uk.ac.ox.cs.gsat.EvolveStatistics log
INFO: evolved equals to current: 0
Nov 21, 2021 6:48:09 AM uk.ac.ox.cs.gsat.EvolveStatistics log
INFO: evolved time: 786 ms = 0.79 s
Nov 21, 2021 6:48:09 AM uk.ac.ox.cs.gsat.EvolveStatistics log
INFO: evolve count: 57980
Nov 21, 2021 6:48:09 AM uk.ac.ox.cs.gsat.SkolemStatistics log
INFO: maximum number of Skolem atoms in body: 1
Nov 21, 2021 6:48:09 AM uk.ac.ox.cs.gsat.SkolemStatistics log
INFO: left derived TGD with Skolem in the body: 0
Nov 21, 2021 6:48:09 AM uk.ac.ox.cs.gsat.SkolemStatistics log
INFO: right derived TGD with Skolem in the body: 57791
Nov 21, 2021 6:48:09 AM uk.ac.ox.cs.gsat.SkolemStatistics log
INFO: derived TGD with more than two Skolem atoms in the body: 0
Nov 21, 2021 6:48:09 AM uk.ac.ox.cs.gsat.AbstractSaturation run
INFO: ouptput full TGDs not contained in the input: 189
Nov 21, 2021 6:48:09 AM uk.ac.ox.cs.gsat.App executeAllSteps
INFO: Rewriting completed!
Full TGD saturation: (1486 dependecies)
Nov 21, 2021 6:48:09 AM uk.ac.ox.cs.gsat.App executeAllSteps
INFO: Writing the saturation in the Datalog file 00373.rul
