Starting Saturation...
Executing from DLGP files
SLF4J: Failed to load class "org.slf4j.impl.StaticLoggerBinder".
SLF4J: Defaulting to no-operation (NOP) logger implementation
SLF4J: See http://www.slf4j.org/codes.html#StaticLoggerBinder for further details.
# Rules: 3113; # Atoms: 0; # AtomSets: 0; # Queries: 0; # Constraints: 0
Full TGD saturation algorithm: Skolem Sat
Running SkSat...
Nov 21, 2021 10:14:12 AM uk.ac.ox.cs.gsat.AbstractSaturation run
INFO: SkSat discarded rules : 0/3113 = 0.000%
SkSat discarded rules : 0/3113 = 0.000%
Nov 21, 2021 10:14:12 AM uk.ac.ox.cs.gsat.AbstractSaturation run
INFO: Subsumption method : disabled
nonFullTGDs	0		fullTGDs	2703			newNonFullTGDs	438		newFullTGDs	0
nonFullTGDs	81		fullTGDs	2703			newNonFullTGDs	414		newFullTGDs	860
nonFullTGDs	155		fullTGDs	2703			newNonFullTGDs	388		newFullTGDs	2008
nonFullTGDs	232		fullTGDs	2703			newNonFullTGDs	365		newFullTGDs	2962
nonFullTGDs	309		fullTGDs	2703			newNonFullTGDs	340		newFullTGDs	4110
nonFullTGDs	387		fullTGDs	2703			newNonFullTGDs	314		newFullTGDs	5065
nonFullTGDs	463		fullTGDs	2703			newNonFullTGDs	288		newFullTGDs	6211
nonFullTGDs	541		fullTGDs	2703			newNonFullTGDs	263		newFullTGDs	7262
nonFullTGDs	617		fullTGDs	2703			newNonFullTGDs	238		newFullTGDs	8408
nonFullTGDs	692		fullTGDs	2703			newNonFullTGDs	213		newFullTGDs	9650
nonFullTGDs	767		fullTGDs	2703			newNonFullTGDs	188		newFullTGDs	10796
nonFullTGDs	842		fullTGDs	2703			newNonFullTGDs	163		newFullTGDs	12037
nonFullTGDs	917		fullTGDs	2703			newNonFullTGDs	138		newFullTGDs	13182
nonFullTGDs	1000		fullTGDs	2703			newNonFullTGDs	114		newFullTGDs	13851
nonFullTGDs	1081		fullTGDs	2703			newNonFullTGDs	88		newFullTGDs	14615
nonFullTGDs	1157		fullTGDs	2703			newNonFullTGDs	62		newFullTGDs	15762
nonFullTGDs	1235		fullTGDs	2703			newNonFullTGDs	37		newFullTGDs	16813
nonFullTGDs	1309		fullTGDs	2703			newNonFullTGDs	12		newFullTGDs	18054
nonFullTGDs	1345		fullTGDs	2752			newNonFullTGDs	0		newFullTGDs	18578
nonFullTGDs	1345		fullTGDs	2852			newNonFullTGDs	0		newFullTGDs	18478
nonFullTGDs	1345		fullTGDs	2944			newNonFullTGDs	0		newFullTGDs	18604
nonFullTGDs	1345		fullTGDs	3044			newNonFullTGDs	0		newFullTGDs	18504
nonFullTGDs	1345		fullTGDs	3144			newNonFullTGDs	0		newFullTGDs	18624
nonFullTGDs	1345		fullTGDs	3244			newNonFullTGDs	0		newFullTGDs	18524
nonFullTGDs	1345		fullTGDs	3344			newNonFullTGDs	0		newFullTGDs	18644
nonFullTGDs	1345		fullTGDs	3444			newNonFullTGDs	0		newFullTGDs	18544
nonFullTGDs	1345		fullTGDs	3544			newNonFullTGDs	0		newFullTGDs	18444
nonFullTGDs	1345		fullTGDs	3644			newNonFullTGDs	0		newFullTGDs	18564
nonFullTGDs	1345		fullTGDs	3744			newNonFullTGDs	0		newFullTGDs	18464
nonFullTGDs	1345		fullTGDs	3844			newNonFullTGDs	0		newFullTGDs	18584
nonFullTGDs	1345		fullTGDs	3944			newNonFullTGDs	0		newFullTGDs	18484
nonFullTGDs	1345		fullTGDs	4044			newNonFullTGDs	0		newFullTGDs	18604
nonFullTGDs	1345		fullTGDs	4144			newNonFullTGDs	0		newFullTGDs	18504
nonFullTGDs	1345		fullTGDs	4244			newNonFullTGDs	0		newFullTGDs	18624
nonFullTGDs	1345		fullTGDs	4344			newNonFullTGDs	0		newFullTGDs	18524
nonFullTGDs	1345		fullTGDs	4444			newNonFullTGDs	0		newFullTGDs	18425
nonFullTGDs	1345		fullTGDs	4544			newNonFullTGDs	0		newFullTGDs	18544
nonFullTGDs	1345		fullTGDs	4644			newNonFullTGDs	0		newFullTGDs	18444
nonFullTGDs	1345		fullTGDs	4744			newNonFullTGDs	0		newFullTGDs	18564
nonFullTGDs	1345		fullTGDs	4844			newNonFullTGDs	0		newFullTGDs	18464
nonFullTGDs	1345		fullTGDs	4944			newNonFullTGDs	0		newFullTGDs	18584
nonFullTGDs	1345		fullTGDs	5044			newNonFullTGDs	0		newFullTGDs	18484
nonFullTGDs	1345		fullTGDs	5144			newNonFullTGDs	0		newFullTGDs	18604
nonFullTGDs	1345		fullTGDs	5244			newNonFullTGDs	0		newFullTGDs	18504
nonFullTGDs	1345		fullTGDs	5344			newNonFullTGDs	0		newFullTGDs	18624
nonFullTGDs	1345		fullTGDs	5444			newNonFullTGDs	0		newFullTGDs	18524
nonFullTGDs	1345		fullTGDs	5544			newNonFullTGDs	0		newFullTGDs	18424
nonFullTGDs	1345		fullTGDs	5644			newNonFullTGDs	0		newFullTGDs	18544
nonFullTGDs	1345		fullTGDs	5744			newNonFullTGDs	0		newFullTGDs	18444
nonFullTGDs	1345		fullTGDs	5844			newNonFullTGDs	0		newFullTGDs	18564
nonFullTGDs	1345		fullTGDs	5944			newNonFullTGDs	0		newFullTGDs	18464
nonFullTGDs	1345		fullTGDs	6044			newNonFullTGDs	0		newFullTGDs	18584
nonFullTGDs	1345		fullTGDs	6144			newNonFullTGDs	0		newFullTGDs	18484
nonFullTGDs	1345		fullTGDs	6244			newNonFullTGDs	0		newFullTGDs	18604
nonFullTGDs	1345		fullTGDs	6344			newNonFullTGDs	0		newFullTGDs	18504
nonFullTGDs	1345		fullTGDs	6444			newNonFullTGDs	0		newFullTGDs	18624
nonFullTGDs	1345		fullTGDs	6544			newNonFullTGDs	0		newFullTGDs	18524
nonFullTGDs	1345		fullTGDs	6644			newNonFullTGDs	0		newFullTGDs	18424
nonFullTGDs	1345		fullTGDs	6744			newNonFullTGDs	0		newFullTGDs	18544
nonFullTGDs	1345		fullTGDs	6844			newNonFullTGDs	0		newFullTGDs	18444
nonFullTGDs	1345		fullTGDs	6944			newNonFullTGDs	0		newFullTGDs	18564
nonFullTGDs	1345		fullTGDs	7044			newNonFullTGDs	0		newFullTGDs	18464
nonFullTGDs	1345		fullTGDs	7144			newNonFullTGDs	0		newFullTGDs	18584
nonFullTGDs	1345		fullTGDs	7244			newNonFullTGDs	0		newFullTGDs	18484
nonFullTGDs	1345		fullTGDs	7344			newNonFullTGDs	0		newFullTGDs	18604
nonFullTGDs	1345		fullTGDs	7444			newNonFullTGDs	0		newFullTGDs	18504
nonFullTGDs	1345		fullTGDs	7544			newNonFullTGDs	0		newFullTGDs	18624
nonFullTGDs	1345		fullTGDs	7644			newNonFullTGDs	0		newFullTGDs	18524
nonFullTGDs	1345		fullTGDs	7744			newNonFullTGDs	0		newFullTGDs	18424
nonFullTGDs	1345		fullTGDs	7844			newNonFullTGDs	0		newFullTGDs	18544
nonFullTGDs	1345		fullTGDs	7944			newNonFullTGDs	0		newFullTGDs	18444
nonFullTGDs	1345		fullTGDs	8044			newNonFullTGDs	0		newFullTGDs	18564
nonFullTGDs	1345		fullTGDs	8144			newNonFullTGDs	0		newFullTGDs	18464
nonFullTGDs	1345		fullTGDs	8244			newNonFullTGDs	0		newFullTGDs	18584
nonFullTGDs	1345		fullTGDs	8344			newNonFullTGDs	0		newFullTGDs	18484
nonFullTGDs	1345		fullTGDs	8444			newNonFullTGDs	0		newFullTGDs	18604
nonFullTGDs	1345		fullTGDs	8543			newNonFullTGDs	0		newFullTGDs	18505
nonFullTGDs	1345		fullTGDs	8643			newNonFullTGDs	0		newFullTGDs	18406
nonFullTGDs	1345		fullTGDs	8743			newNonFullTGDs	0		newFullTGDs	18525
nonFullTGDs	1345		fullTGDs	8843			newNonFullTGDs	0		newFullTGDs	18425
nonFullTGDs	1345		fullTGDs	8943			newNonFullTGDs	0		newFullTGDs	18545
nonFullTGDs	1345		fullTGDs	9043			newNonFullTGDs	0		newFullTGDs	18445
nonFullTGDs	1345		fullTGDs	9143			newNonFullTGDs	0		newFullTGDs	18565
nonFullTGDs	1345		fullTGDs	9243			newNonFullTGDs	0		newFullTGDs	18465
nonFullTGDs	1345		fullTGDs	9343			newNonFullTGDs	0		newFullTGDs	18585
nonFullTGDs	1345		fullTGDs	9443			newNonFullTGDs	0		newFullTGDs	18485
nonFullTGDs	1345		fullTGDs	9543			newNonFullTGDs	0		newFullTGDs	18605
nonFullTGDs	1345		fullTGDs	9643			newNonFullTGDs	0		newFullTGDs	18505
nonFullTGDs	1345		fullTGDs	9743			newNonFullTGDs	0		newFullTGDs	18405
nonFullTGDs	1345		fullTGDs	9843			newNonFullTGDs	0		newFullTGDs	18525
nonFullTGDs	1345		fullTGDs	9943			newNonFullTGDs	0		newFullTGDs	18425
nonFullTGDs	1345		fullTGDs	10043			newNonFullTGDs	0		newFullTGDs	18545
nonFullTGDs	1345		fullTGDs	10143			newNonFullTGDs	0		newFullTGDs	18445
nonFullTGDs	1345		fullTGDs	10243			newNonFullTGDs	0		newFullTGDs	18565
nonFullTGDs	1345		fullTGDs	10343			newNonFullTGDs	0		newFullTGDs	18465
nonFullTGDs	1345		fullTGDs	10443			newNonFullTGDs	0		newFullTGDs	18585
nonFullTGDs	1345		fullTGDs	10543			newNonFullTGDs	0		newFullTGDs	18485
nonFullTGDs	1345		fullTGDs	10643			newNonFullTGDs	0		newFullTGDs	18605
nonFullTGDs	1345		fullTGDs	10743			newNonFullTGDs	0		newFullTGDs	18505
nonFullTGDs	1345		fullTGDs	10843			newNonFullTGDs	0		newFullTGDs	18405
nonFullTGDs	1345		fullTGDs	10943			newNonFullTGDs	0		newFullTGDs	18525
nonFullTGDs	1345		fullTGDs	11043			newNonFullTGDs	0		newFullTGDs	18425
nonFullTGDs	1345		fullTGDs	11143			newNonFullTGDs	0		newFullTGDs	18545
nonFullTGDs	1345		fullTGDs	11243			newNonFullTGDs	0		newFullTGDs	18445
nonFullTGDs	1345		fullTGDs	11343			newNonFullTGDs	0		newFullTGDs	18565
nonFullTGDs	1345		fullTGDs	11443			newNonFullTGDs	0		newFullTGDs	18465
nonFullTGDs	1345		fullTGDs	11543			newNonFullTGDs	0		newFullTGDs	18585
nonFullTGDs	1345		fullTGDs	11643			newNonFullTGDs	0		newFullTGDs	18485
nonFullTGDs	1345		fullTGDs	11743			newNonFullTGDs	0		newFullTGDs	18605
nonFullTGDs	1345		fullTGDs	11843			newNonFullTGDs	0		newFullTGDs	18505
nonFullTGDs	1345		fullTGDs	11943			newNonFullTGDs	0		newFullTGDs	18405
nonFullTGDs	1345		fullTGDs	12043			newNonFullTGDs	0		newFullTGDs	18525
nonFullTGDs	1345		fullTGDs	12143			newNonFullTGDs	0		newFullTGDs	18425
nonFullTGDs	1345		fullTGDs	12243			newNonFullTGDs	0		newFullTGDs	18545
nonFullTGDs	1345		fullTGDs	12343			newNonFullTGDs	0		newFullTGDs	18445
nonFullTGDs	1345		fullTGDs	12443			newNonFullTGDs	0		newFullTGDs	18565
nonFullTGDs	1345		fullTGDs	12543			newNonFullTGDs	0		newFullTGDs	18465
nonFullTGDs	1345		fullTGDs	12643			newNonFullTGDs	0		newFullTGDs	18585
nonFullTGDs	1345		fullTGDs	12742			newNonFullTGDs	0		newFullTGDs	18486
nonFullTGDs	1345		fullTGDs	12841			newNonFullTGDs	0		newFullTGDs	18387
nonFullTGDs	1345		fullTGDs	12941			newNonFullTGDs	0		newFullTGDs	18507
nonFullTGDs	1345		fullTGDs	13041			newNonFullTGDs	0		newFullTGDs	18407
nonFullTGDs	1345		fullTGDs	13141			newNonFullTGDs	0		newFullTGDs	18527
nonFullTGDs	1345		fullTGDs	13241			newNonFullTGDs	0		newFullTGDs	18427
nonFullTGDs	1345		fullTGDs	13341			newNonFullTGDs	0		newFullTGDs	18547
nonFullTGDs	1345		fullTGDs	13441			newNonFullTGDs	0		newFullTGDs	18447
nonFullTGDs	1345		fullTGDs	13541			newNonFullTGDs	0		newFullTGDs	18567
nonFullTGDs	1345		fullTGDs	13641			newNonFullTGDs	0		newFullTGDs	18467
nonFullTGDs	1345		fullTGDs	13741			newNonFullTGDs	0		newFullTGDs	18587
nonFullTGDs	1345		fullTGDs	13841			newNonFullTGDs	0		newFullTGDs	18487
nonFullTGDs	1345		fullTGDs	13941			newNonFullTGDs	0		newFullTGDs	18387
nonFullTGDs	1345		fullTGDs	14041			newNonFullTGDs	0		newFullTGDs	18507
nonFullTGDs	1345		fullTGDs	14141			newNonFullTGDs	0		newFullTGDs	18407
nonFullTGDs	1345		fullTGDs	14241			newNonFullTGDs	0		newFullTGDs	18527
nonFullTGDs	1345		fullTGDs	14341			newNonFullTGDs	0		newFullTGDs	18427
nonFullTGDs	1345		fullTGDs	14441			newNonFullTGDs	0		newFullTGDs	18547
nonFullTGDs	1345		fullTGDs	14541			newNonFullTGDs	0		newFullTGDs	18447
nonFullTGDs	1345		fullTGDs	14641			newNonFullTGDs	0		newFullTGDs	18567
nonFullTGDs	1345		fullTGDs	14741			newNonFullTGDs	0		newFullTGDs	18467
nonFullTGDs	1345		fullTGDs	14841			newNonFullTGDs	0		newFullTGDs	18587
nonFullTGDs	1345		fullTGDs	14941			newNonFullTGDs	0		newFullTGDs	18487
nonFullTGDs	1345		fullTGDs	15041			newNonFullTGDs	0		newFullTGDs	18387
nonFullTGDs	1345		fullTGDs	15141			newNonFullTGDs	0		newFullTGDs	18507
nonFullTGDs	1345		fullTGDs	15241			newNonFullTGDs	0		newFullTGDs	18407
nonFullTGDs	1345		fullTGDs	15341			newNonFullTGDs	0		newFullTGDs	18527
nonFullTGDs	1345		fullTGDs	15441			newNonFullTGDs	0		newFullTGDs	18427
nonFullTGDs	1345		fullTGDs	15541			newNonFullTGDs	0		newFullTGDs	18547
nonFullTGDs	1345		fullTGDs	15641			newNonFullTGDs	0		newFullTGDs	18447
nonFullTGDs	1345		fullTGDs	15741			newNonFullTGDs	0		newFullTGDs	18567
nonFullTGDs	1345		fullTGDs	15841			newNonFullTGDs	0		newFullTGDs	18467
nonFullTGDs	1345		fullTGDs	15941			newNonFullTGDs	0		newFullTGDs	18587
nonFullTGDs	1345		fullTGDs	16041			newNonFullTGDs	0		newFullTGDs	18487
nonFullTGDs	1345		fullTGDs	16141			newNonFullTGDs	0		newFullTGDs	18387
nonFullTGDs	1345		fullTGDs	16241			newNonFullTGDs	0		newFullTGDs	18507
nonFullTGDs	1345		fullTGDs	16341			newNonFullTGDs	0		newFullTGDs	18407
nonFullTGDs	1345		fullTGDs	16441			newNonFullTGDs	0		newFullTGDs	18527
nonFullTGDs	1345		fullTGDs	16541			newNonFullTGDs	0		newFullTGDs	18427
nonFullTGDs	1345		fullTGDs	16641			newNonFullTGDs	0		newFullTGDs	18547
nonFullTGDs	1345		fullTGDs	16741			newNonFullTGDs	0		newFullTGDs	18447
nonFullTGDs	1345		fullTGDs	16841			newNonFullTGDs	0		newFullTGDs	18567
nonFullTGDs	1345		fullTGDs	16941			newNonFullTGDs	0		newFullTGDs	18467
nonFullTGDs	1345		fullTGDs	17041			newNonFullTGDs	0		newFullTGDs	18368
nonFullTGDs	1345		fullTGDs	17141			newNonFullTGDs	0		newFullTGDs	18487
nonFullTGDs	1345		fullTGDs	17241			newNonFullTGDs	0		newFullTGDs	18387
nonFullTGDs	1345		fullTGDs	17341			newNonFullTGDs	0		newFullTGDs	18507
nonFullTGDs	1345		fullTGDs	17441			newNonFullTGDs	0		newFullTGDs	18407
nonFullTGDs	1345		fullTGDs	17541			newNonFullTGDs	0		newFullTGDs	18527
nonFullTGDs	1345		fullTGDs	17641			newNonFullTGDs	0		newFullTGDs	18427
nonFullTGDs	1345		fullTGDs	17741			newNonFullTGDs	0		newFullTGDs	18547
nonFullTGDs	1345		fullTGDs	17841			newNonFullTGDs	0		newFullTGDs	18447
nonFullTGDs	1345		fullTGDs	17941			newNonFullTGDs	0		newFullTGDs	18567
nonFullTGDs	1345		fullTGDs	18041			newNonFullTGDs	0		newFullTGDs	18467
nonFullTGDs	1345		fullTGDs	18141			newNonFullTGDs	0		newFullTGDs	18367
nonFullTGDs	1345		fullTGDs	18241			newNonFullTGDs	0		newFullTGDs	18487
nonFullTGDs	1345		fullTGDs	18341			newNonFullTGDs	0		newFullTGDs	18387
nonFullTGDs	1345		fullTGDs	18441			newNonFullTGDs	0		newFullTGDs	18507
nonFullTGDs	1345		fullTGDs	18541			newNonFullTGDs	0		newFullTGDs	18407
nonFullTGDs	1345		fullTGDs	18641			newNonFullTGDs	0		newFullTGDs	18527
nonFullTGDs	1345		fullTGDs	18741			newNonFullTGDs	0		newFullTGDs	18427
nonFullTGDs	1345		fullTGDs	18841			newNonFullTGDs	0		newFullTGDs	18547
nonFullTGDs	1345		fullTGDs	18941			newNonFullTGDs	0		newFullTGDs	18447
nonFullTGDs	1345		fullTGDs	19041			newNonFullTGDs	0		newFullTGDs	18567
nonFullTGDs	1345		fullTGDs	19141			newNonFullTGDs	0		newFullTGDs	18467
nonFullTGDs	1345		fullTGDs	19241			newNonFullTGDs	0		newFullTGDs	18367
nonFullTGDs	1345		fullTGDs	19341			newNonFullTGDs	0		newFullTGDs	18487
nonFullTGDs	1345		fullTGDs	19441			newNonFullTGDs	0		newFullTGDs	18387
nonFullTGDs	1345		fullTGDs	19541			newNonFullTGDs	0		newFullTGDs	18507
nonFullTGDs	1345		fullTGDs	19641			newNonFullTGDs	0		newFullTGDs	18407
nonFullTGDs	1345		fullTGDs	19741			newNonFullTGDs	0		newFullTGDs	18527
nonFullTGDs	1345		fullTGDs	19841			newNonFullTGDs	0		newFullTGDs	18427
nonFullTGDs	1345		fullTGDs	19941			newNonFullTGDs	0		newFullTGDs	18547
nonFullTGDs	1345		fullTGDs	20041			newNonFullTGDs	0		newFullTGDs	18447
nonFullTGDs	1345		fullTGDs	20141			newNonFullTGDs	0		newFullTGDs	18567
nonFullTGDs	1345		fullTGDs	20241			newNonFullTGDs	0		newFullTGDs	18467
nonFullTGDs	1345		fullTGDs	20341			newNonFullTGDs	0		newFullTGDs	18367
nonFullTGDs	1345		fullTGDs	20441			newNonFullTGDs	0		newFullTGDs	18487
nonFullTGDs	1345		fullTGDs	20541			newNonFullTGDs	0		newFullTGDs	18387
nonFullTGDs	1345		fullTGDs	20641			newNonFullTGDs	0		newFullTGDs	18507
nonFullTGDs	1345		fullTGDs	20741			newNonFullTGDs	0		newFullTGDs	18407
nonFullTGDs	1345		fullTGDs	20841			newNonFullTGDs	0		newFullTGDs	18527
nonFullTGDs	1345		fullTGDs	20941			newNonFullTGDs	0		newFullTGDs	18427
nonFullTGDs	1345		fullTGDs	21041			newNonFullTGDs	0		newFullTGDs	18547
nonFullTGDs	1345		fullTGDs	21141			newNonFullTGDs	0		newFullTGDs	18447
nonFullTGDs	1345		fullTGDs	21241			newNonFullTGDs	0		newFullTGDs	18567
nonFullTGDs	1345		fullTGDs	21341			newNonFullTGDs	0		newFullTGDs	18467
nonFullTGDs	1345		fullTGDs	21441			newNonFullTGDs	0		newFullTGDs	18367
nonFullTGDs	1345		fullTGDs	21541			newNonFullTGDs	0		newFullTGDs	18487
nonFullTGDs	1345		fullTGDs	21641			newNonFullTGDs	0		newFullTGDs	18387
nonFullTGDs	1345		fullTGDs	21741			newNonFullTGDs	0		newFullTGDs	18507
nonFullTGDs	1345		fullTGDs	21841			newNonFullTGDs	0		newFullTGDs	18407
nonFullTGDs	1345		fullTGDs	21941			newNonFullTGDs	0		newFullTGDs	18527
nonFullTGDs	1345		fullTGDs	22041			newNonFullTGDs	0		newFullTGDs	18427
nonFullTGDs	1345		fullTGDs	22141			newNonFullTGDs	0		newFullTGDs	18547
nonFullTGDs	1345		fullTGDs	22241			newNonFullTGDs	0		newFullTGDs	18447
nonFullTGDs	1345		fullTGDs	22341			newNonFullTGDs	0		newFullTGDs	18347
nonFullTGDs	1345		fullTGDs	22441			newNonFullTGDs	0		newFullTGDs	18467
nonFullTGDs	1345		fullTGDs	22541			newNonFullTGDs	0		newFullTGDs	18367
nonFullTGDs	1345		fullTGDs	22641			newNonFullTGDs	0		newFullTGDs	18487
nonFullTGDs	1345		fullTGDs	22741			newNonFullTGDs	0		newFullTGDs	18387
nonFullTGDs	1345		fullTGDs	22841			newNonFullTGDs	0		newFullTGDs	18507
nonFullTGDs	1345		fullTGDs	22941			newNonFullTGDs	0		newFullTGDs	18407
nonFullTGDs	1345		fullTGDs	23041			newNonFullTGDs	0		newFullTGDs	18527
nonFullTGDs	1345		fullTGDs	23141			newNonFullTGDs	0		newFullTGDs	18427
nonFullTGDs	1345		fullTGDs	23241			newNonFullTGDs	0		newFullTGDs	18547
nonFullTGDs	1345		fullTGDs	23341			newNonFullTGDs	0		newFullTGDs	18447
nonFullTGDs	1345		fullTGDs	23441			newNonFullTGDs	0		newFullTGDs	18347
nonFullTGDs	1345		fullTGDs	23541			newNonFullTGDs	0		newFullTGDs	18467
nonFullTGDs	1345		fullTGDs	23641			newNonFullTGDs	0		newFullTGDs	18367
nonFullTGDs	1345		fullTGDs	23740			newNonFullTGDs	0		newFullTGDs	18488
nonFullTGDs	1345		fullTGDs	23840			newNonFullTGDs	0		newFullTGDs	18388
nonFullTGDs	1345		fullTGDs	23940			newNonFullTGDs	0		newFullTGDs	18508
nonFullTGDs	1345		fullTGDs	24039			newNonFullTGDs	0		newFullTGDs	18409
nonFullTGDs	1345		fullTGDs	24139			newNonFullTGDs	0		newFullTGDs	18529
nonFullTGDs	1345		fullTGDs	24239			newNonFullTGDs	0		newFullTGDs	18429
nonFullTGDs	1345		fullTGDs	24339			newNonFullTGDs	0		newFullTGDs	18549
nonFullTGDs	1345		fullTGDs	24439			newNonFullTGDs	0		newFullTGDs	18449
nonFullTGDs	1345		fullTGDs	24539			newNonFullTGDs	0		newFullTGDs	18349
nonFullTGDs	1345		fullTGDs	24639			newNonFullTGDs	0		newFullTGDs	18469
nonFullTGDs	1345		fullTGDs	24739			newNonFullTGDs	0		newFullTGDs	18369
nonFullTGDs	1345		fullTGDs	24839			newNonFullTGDs	0		newFullTGDs	18489
nonFullTGDs	1345		fullTGDs	24939			newNonFullTGDs	0		newFullTGDs	18389
nonFullTGDs	1345		fullTGDs	25039			newNonFullTGDs	0		newFullTGDs	18509
nonFullTGDs	1345		fullTGDs	25139			newNonFullTGDs	0		newFullTGDs	18409
nonFullTGDs	1345		fullTGDs	25239			newNonFullTGDs	0		newFullTGDs	18529
nonFullTGDs	1345		fullTGDs	25339			newNonFullTGDs	0		newFullTGDs	18429
nonFullTGDs	1345		fullTGDs	25439			newNonFullTGDs	0		newFullTGDs	18330
nonFullTGDs	1345		fullTGDs	25539			newNonFullTGDs	0		newFullTGDs	18449
nonFullTGDs	1345		fullTGDs	25639			newNonFullTGDs	0		newFullTGDs	18349
nonFullTGDs	1345		fullTGDs	25739			newNonFullTGDs	0		newFullTGDs	18469
nonFullTGDs	1345		fullTGDs	25839			newNonFullTGDs	0		newFullTGDs	18369
nonFullTGDs	1345		fullTGDs	25939			newNonFullTGDs	0		newFullTGDs	18489
nonFullTGDs	1345		fullTGDs	26039			newNonFullTGDs	0		newFullTGDs	18389
nonFullTGDs	1345		fullTGDs	26139			newNonFullTGDs	0		newFullTGDs	18509
nonFullTGDs	1345		fullTGDs	26239			newNonFullTGDs	0		newFullTGDs	18409
nonFullTGDs	1345		fullTGDs	26339			newNonFullTGDs	0		newFullTGDs	18529
nonFullTGDs	1345		fullTGDs	26439			newNonFullTGDs	0		newFullTGDs	18429
nonFullTGDs	1345		fullTGDs	26539			newNonFullTGDs	0		newFullTGDs	18329
nonFullTGDs	1345		fullTGDs	26639			newNonFullTGDs	0		newFullTGDs	18449
nonFullTGDs	1345		fullTGDs	26739			newNonFullTGDs	0		newFullTGDs	18349
nonFullTGDs	1345		fullTGDs	26839			newNonFullTGDs	0		newFullTGDs	18469
nonFullTGDs	1345		fullTGDs	26939			newNonFullTGDs	0		newFullTGDs	18369
nonFullTGDs	1345		fullTGDs	27039			newNonFullTGDs	0		newFullTGDs	18489
nonFullTGDs	1345		fullTGDs	27139			newNonFullTGDs	0		newFullTGDs	18389
nonFullTGDs	1345		fullTGDs	27239			newNonFullTGDs	0		newFullTGDs	18509
nonFullTGDs	1345		fullTGDs	27339			newNonFullTGDs	0		newFullTGDs	18409
nonFullTGDs	1345		fullTGDs	27439			newNonFullTGDs	0		newFullTGDs	18529
nonFullTGDs	1345		fullTGDs	27539			newNonFullTGDs	0		newFullTGDs	18429
nonFullTGDs	1345		fullTGDs	27639			newNonFullTGDs	0		newFullTGDs	18329
nonFullTGDs	1345		fullTGDs	27739			newNonFullTGDs	0		newFullTGDs	18449
nonFullTGDs	1345		fullTGDs	27839			newNonFullTGDs	0		newFullTGDs	18349
nonFullTGDs	1345		fullTGDs	27939			newNonFullTGDs	0		newFullTGDs	18469
nonFullTGDs	1345		fullTGDs	28039			newNonFullTGDs	0		newFullTGDs	18369
nonFullTGDs	1345		fullTGDs	28139			newNonFullTGDs	0		newFullTGDs	18489
nonFullTGDs	1345		fullTGDs	28239			newNonFullTGDs	0		newFullTGDs	18389
nonFullTGDs	1345		fullTGDs	28339			newNonFullTGDs	0		newFullTGDs	18509
nonFullTGDs	1345		fullTGDs	28439			newNonFullTGDs	0		newFullTGDs	18409
nonFullTGDs	1345		fullTGDs	28539			newNonFullTGDs	0		newFullTGDs	18529
nonFullTGDs	1345		fullTGDs	28639			newNonFullTGDs	0		newFullTGDs	18429
nonFullTGDs	1345		fullTGDs	28739			newNonFullTGDs	0		newFullTGDs	18329
nonFullTGDs	1345		fullTGDs	28839			newNonFullTGDs	0		newFullTGDs	18449
nonFullTGDs	1345		fullTGDs	28939			newNonFullTGDs	0		newFullTGDs	18349
nonFullTGDs	1345		fullTGDs	29039			newNonFullTGDs	0		newFullTGDs	18469
nonFullTGDs	1345		fullTGDs	29139			newNonFullTGDs	0		newFullTGDs	18369
nonFullTGDs	1345		fullTGDs	29239			newNonFullTGDs	0		newFullTGDs	18489
nonFullTGDs	1345		fullTGDs	29339			newNonFullTGDs	0		newFullTGDs	18389
nonFullTGDs	1345		fullTGDs	29439			newNonFullTGDs	0		newFullTGDs	18509
nonFullTGDs	1345		fullTGDs	29539			newNonFullTGDs	0		newFullTGDs	18409
nonFullTGDs	1345		fullTGDs	29639			newNonFullTGDs	0		newFullTGDs	18529
nonFullTGDs	1345		fullTGDs	29739			newNonFullTGDs	0		newFullTGDs	18429
nonFullTGDs	1345		fullTGDs	29839			newNonFullTGDs	0		newFullTGDs	18329
nonFullTGDs	1345		fullTGDs	29939			newNonFullTGDs	0		newFullTGDs	18449
nonFullTGDs	1345		fullTGDs	30039			newNonFullTGDs	0		newFullTGDs	18349
nonFullTGDs	1345		fullTGDs	30139			newNonFullTGDs	0		newFullTGDs	18469
nonFullTGDs	1345		fullTGDs	30239			newNonFullTGDs	0		newFullTGDs	18369
nonFullTGDs	1345		fullTGDs	30339			newNonFullTGDs	0		newFullTGDs	18489
nonFullTGDs	1345		fullTGDs	30439			newNonFullTGDs	0		newFullTGDs	18389
nonFullTGDs	1345		fullTGDs	30539			newNonFullTGDs	0		newFullTGDs	18509
nonFullTGDs	1345		fullTGDs	30639			newNonFullTGDs	0		newFullTGDs	18409
nonFullTGDs	1345		fullTGDs	30739			newNonFullTGDs	0		newFullTGDs	18309
nonFullTGDs	1345		fullTGDs	30839			newNonFullTGDs	0		newFullTGDs	18429
nonFullTGDs	1345		fullTGDs	30939			newNonFullTGDs	0		newFullTGDs	18329
nonFullTGDs	1345		fullTGDs	31039			newNonFullTGDs	0		newFullTGDs	18449
nonFullTGDs	1345		fullTGDs	31139			newNonFullTGDs	0		newFullTGDs	18349
nonFullTGDs	1345		fullTGDs	31239			newNonFullTGDs	0		newFullTGDs	18469
nonFullTGDs	1345		fullTGDs	31339			newNonFullTGDs	0		newFullTGDs	18369
nonFullTGDs	1345		fullTGDs	31439			newNonFullTGDs	0		newFullTGDs	18489
nonFullTGDs	1345		fullTGDs	31539			newNonFullTGDs	0		newFullTGDs	18389
nonFullTGDs	1345		fullTGDs	31639			newNonFullTGDs	0		newFullTGDs	18509
nonFullTGDs	1345		fullTGDs	31739			newNonFullTGDs	0		newFullTGDs	18409
nonFullTGDs	1345		fullTGDs	31839			newNonFullTGDs	0		newFullTGDs	18309
nonFullTGDs	1345		fullTGDs	31939			newNonFullTGDs	0		newFullTGDs	18429
nonFullTGDs	1345		fullTGDs	32039			newNonFullTGDs	0		newFullTGDs	18329
nonFullTGDs	1345		fullTGDs	32139			newNonFullTGDs	0		newFullTGDs	18449
nonFullTGDs	1345		fullTGDs	32239			newNonFullTGDs	0		newFullTGDs	18349
nonFullTGDs	1345		fullTGDs	32339			newNonFullTGDs	0		newFullTGDs	18469
nonFullTGDs	1345		fullTGDs	32439			newNonFullTGDs	0		newFullTGDs	18369
nonFullTGDs	1345		fullTGDs	32538			newNonFullTGDs	0		newFullTGDs	18490
nonFullTGDs	1345		fullTGDs	32638			newNonFullTGDs	0		newFullTGDs	18390
nonFullTGDs	1345		fullTGDs	32738			newNonFullTGDs	0		newFullTGDs	18510
nonFullTGDs	1345		fullTGDs	32838			newNonFullTGDs	0		newFullTGDs	18410
nonFullTGDs	1345		fullTGDs	32938			newNonFullTGDs	0		newFullTGDs	18310
nonFullTGDs	1345		fullTGDs	33038			newNonFullTGDs	0		newFullTGDs	18430
nonFullTGDs	1345		fullTGDs	33138			newNonFullTGDs	0		newFullTGDs	18330
nonFullTGDs	1345		fullTGDs	33238			newNonFullTGDs	0		newFullTGDs	18450
nonFullTGDs	1345		fullTGDs	33338			newNonFullTGDs	0		newFullTGDs	18350
nonFullTGDs	1345		fullTGDs	33438			newNonFullTGDs	0		newFullTGDs	18470
nonFullTGDs	1345		fullTGDs	33538			newNonFullTGDs	0		newFullTGDs	18370
nonFullTGDs	1345		fullTGDs	33638			newNonFullTGDs	0		newFullTGDs	18490
nonFullTGDs	1345		fullTGDs	33738			newNonFullTGDs	0		newFullTGDs	18390
nonFullTGDs	1345		fullTGDs	33838			newNonFullTGDs	0		newFullTGDs	18510
nonFullTGDs	1345		fullTGDs	33938			newNonFullTGDs	0		newFullTGDs	18410
nonFullTGDs	1345		fullTGDs	34038			newNonFullTGDs	0		newFullTGDs	18310
nonFullTGDs	1345		fullTGDs	34138			newNonFullTGDs	0		newFullTGDs	18430
nonFullTGDs	1345		fullTGDs	34238			newNonFullTGDs	0		newFullTGDs	18330
nonFullTGDs	1345		fullTGDs	34338			newNonFullTGDs	0		newFullTGDs	18450
nonFullTGDs	1345		fullTGDs	34438			newNonFullTGDs	0		newFullTGDs	18350
nonFullTGDs	1345		fullTGDs	34538			newNonFullTGDs	0		newFullTGDs	18470
nonFullTGDs	1345		fullTGDs	34638			newNonFullTGDs	0		newFullTGDs	18370
nonFullTGDs	1345		fullTGDs	34738			newNonFullTGDs	0		newFullTGDs	18490
nonFullTGDs	1345		fullTGDs	34838			newNonFullTGDs	0		newFullTGDs	18390
nonFullTGDs	1345		fullTGDs	34938			newNonFullTGDs	0		newFullTGDs	18290
nonFullTGDs	1345		fullTGDs	35038			newNonFullTGDs	0		newFullTGDs	18239
nonFullTGDs	1345		fullTGDs	35138			newNonFullTGDs	0		newFullTGDs	18189
nonFullTGDs	1345		fullTGDs	35238			newNonFullTGDs	0		newFullTGDs	18139
nonFullTGDs	1345		fullTGDs	35338			newNonFullTGDs	0		newFullTGDs	18089
nonFullTGDs	1345		fullTGDs	35438			newNonFullTGDs	0		newFullTGDs	18039
nonFullTGDs	1345		fullTGDs	35538			newNonFullTGDs	0		newFullTGDs	17989
nonFullTGDs	1345		fullTGDs	35638			newNonFullTGDs	0		newFullTGDs	17939
nonFullTGDs	1345		fullTGDs	35738			newNonFullTGDs	0		newFullTGDs	17889
nonFullTGDs	1345		fullTGDs	35838			newNonFullTGDs	0		newFullTGDs	17839
nonFullTGDs	1345		fullTGDs	35938			newNonFullTGDs	0		newFullTGDs	17804
nonFullTGDs	1345		fullTGDs	36038			newNonFullTGDs	0		newFullTGDs	17773
nonFullTGDs	1345		fullTGDs	36138			newNonFullTGDs	0		newFullTGDs	17723
nonFullTGDs	1345		fullTGDs	36238			newNonFullTGDs	0		newFullTGDs	17673
nonFullTGDs	1345		fullTGDs	36338			newNonFullTGDs	0		newFullTGDs	17625
nonFullTGDs	1345		fullTGDs	36438			newNonFullTGDs	0		newFullTGDs	17578
nonFullTGDs	1345		fullTGDs	36538			newNonFullTGDs	0		newFullTGDs	17528
nonFullTGDs	1345		fullTGDs	36638			newNonFullTGDs	0		newFullTGDs	17486
nonFullTGDs	1345		fullTGDs	36738			newNonFullTGDs	0		newFullTGDs	17436
nonFullTGDs	1345		fullTGDs	36838			newNonFullTGDs	0		newFullTGDs	17386
nonFullTGDs	1345		fullTGDs	36938			newNonFullTGDs	0		newFullTGDs	17336
nonFullTGDs	1345		fullTGDs	37038			newNonFullTGDs	0		newFullTGDs	17289
nonFullTGDs	1345		fullTGDs	37138			newNonFullTGDs	0		newFullTGDs	17242
nonFullTGDs	1345		fullTGDs	37238			newNonFullTGDs	0		newFullTGDs	17192
nonFullTGDs	1345		fullTGDs	37338			newNonFullTGDs	0		newFullTGDs	17142
nonFullTGDs	1345		fullTGDs	37438			newNonFullTGDs	0		newFullTGDs	17092
nonFullTGDs	1345		fullTGDs	37538			newNonFullTGDs	0		newFullTGDs	17042
nonFullTGDs	1345		fullTGDs	37638			newNonFullTGDs	0		newFullTGDs	16992
nonFullTGDs	1345		fullTGDs	37738			newNonFullTGDs	0		newFullTGDs	16942
nonFullTGDs	1345		fullTGDs	37838			newNonFullTGDs	0		newFullTGDs	16895
nonFullTGDs	1345		fullTGDs	37938			newNonFullTGDs	0		newFullTGDs	16861
nonFullTGDs	1345		fullTGDs	38037			newNonFullTGDs	0		newFullTGDs	16812
nonFullTGDs	1345		fullTGDs	38134			newNonFullTGDs	0		newFullTGDs	16778
nonFullTGDs	1345		fullTGDs	38234			newNonFullTGDs	0		newFullTGDs	16751
nonFullTGDs	1345		fullTGDs	38334			newNonFullTGDs	0		newFullTGDs	16696
nonFullTGDs	1345		fullTGDs	38434			newNonFullTGDs	0		newFullTGDs	16648
nonFullTGDs	1345		fullTGDs	38534			newNonFullTGDs	0		newFullTGDs	16612
nonFullTGDs	1345		fullTGDs	38634			newNonFullTGDs	0		newFullTGDs	16564
nonFullTGDs	1345		fullTGDs	38734			newNonFullTGDs	0		newFullTGDs	16528
nonFullTGDs	1345		fullTGDs	38834			newNonFullTGDs	0		newFullTGDs	16491
nonFullTGDs	1345		fullTGDs	38934			newNonFullTGDs	0		newFullTGDs	16462
nonFullTGDs	1345		fullTGDs	39034			newNonFullTGDs	0		newFullTGDs	16408
nonFullTGDs	1345		fullTGDs	39133			newNonFullTGDs	0		newFullTGDs	16372
nonFullTGDs	1345		fullTGDs	39232			newNonFullTGDs	0		newFullTGDs	16325
nonFullTGDs	1345		fullTGDs	39330			newNonFullTGDs	0		newFullTGDs	16505
nonFullTGDs	1345		fullTGDs	39430			newNonFullTGDs	0		newFullTGDs	16405
nonFullTGDs	1345		fullTGDs	39530			newNonFullTGDs	0		newFullTGDs	16305
nonFullTGDs	1345		fullTGDs	39630			newNonFullTGDs	0		newFullTGDs	16253
nonFullTGDs	1345		fullTGDs	39730			newNonFullTGDs	0		newFullTGDs	16203
nonFullTGDs	1345		fullTGDs	39830			newNonFullTGDs	0		newFullTGDs	16179
nonFullTGDs	1345		fullTGDs	39930			newNonFullTGDs	0		newFullTGDs	16119
nonFullTGDs	1345		fullTGDs	40030			newNonFullTGDs	0		newFullTGDs	16241
nonFullTGDs	1345		fullTGDs	40130			newNonFullTGDs	0		newFullTGDs	16141
nonFullTGDs	1345		fullTGDs	40230			newNonFullTGDs	0		newFullTGDs	16081
nonFullTGDs	1345		fullTGDs	40330			newNonFullTGDs	0		newFullTGDs	16046
nonFullTGDs	1345		fullTGDs	40430			newNonFullTGDs	0		newFullTGDs	16000
nonFullTGDs	1345		fullTGDs	40530			newNonFullTGDs	0		newFullTGDs	15962
nonFullTGDs	1345		fullTGDs	40630			newNonFullTGDs	0		newFullTGDs	15916
nonFullTGDs	1345		fullTGDs	40730			newNonFullTGDs	0		newFullTGDs	15878
nonFullTGDs	1345		fullTGDs	40830			newNonFullTGDs	0		newFullTGDs	16018
nonFullTGDs	1345		fullTGDs	40930			newNonFullTGDs	0		newFullTGDs	15918
nonFullTGDs	1345		fullTGDs	41030			newNonFullTGDs	0		newFullTGDs	15839
nonFullTGDs	1345		fullTGDs	41130			newNonFullTGDs	0		newFullTGDs	15792
nonFullTGDs	1345		fullTGDs	41230			newNonFullTGDs	0		newFullTGDs	15757
nonFullTGDs	1345		fullTGDs	41330			newNonFullTGDs	0		newFullTGDs	15719
nonFullTGDs	1345		fullTGDs	41430			newNonFullTGDs	0		newFullTGDs	15681
nonFullTGDs	1345		fullTGDs	41530			newNonFullTGDs	0		newFullTGDs	15646
nonFullTGDs	1345		fullTGDs	41630			newNonFullTGDs	0		newFullTGDs	15609
nonFullTGDs	1345		fullTGDs	41730			newNonFullTGDs	0		newFullTGDs	15560
nonFullTGDs	1345		fullTGDs	41830			newNonFullTGDs	0		newFullTGDs	15530
nonFullTGDs	1345		fullTGDs	41930			newNonFullTGDs	0		newFullTGDs	15477
nonFullTGDs	1345		fullTGDs	42030			newNonFullTGDs	0		newFullTGDs	15644
nonFullTGDs	1345		fullTGDs	42130			newNonFullTGDs	0		newFullTGDs	15544
nonFullTGDs	1345		fullTGDs	42230			newNonFullTGDs	0		newFullTGDs	15448
nonFullTGDs	1345		fullTGDs	42330			newNonFullTGDs	0		newFullTGDs	15401
nonFullTGDs	1345		fullTGDs	42430			newNonFullTGDs	0		newFullTGDs	15365
nonFullTGDs	1345		fullTGDs	42530			newNonFullTGDs	0		newFullTGDs	15318
nonFullTGDs	1345		fullTGDs	42630			newNonFullTGDs	0		newFullTGDs	15282
nonFullTGDs	1345		fullTGDs	42730			newNonFullTGDs	0		newFullTGDs	15233
nonFullTGDs	1345		fullTGDs	42830			newNonFullTGDs	0		newFullTGDs	15375
nonFullTGDs	1345		fullTGDs	42930			newNonFullTGDs	0		newFullTGDs	15275
nonFullTGDs	1345		fullTGDs	43030			newNonFullTGDs	0		newFullTGDs	15194
nonFullTGDs	1345		fullTGDs	43130			newNonFullTGDs	0		newFullTGDs	15147
nonFullTGDs	1345		fullTGDs	43230			newNonFullTGDs	0		newFullTGDs	15110
nonFullTGDs	1345		fullTGDs	43330			newNonFullTGDs	0		newFullTGDs	15076
nonFullTGDs	1345		fullTGDs	43429			newNonFullTGDs	0		newFullTGDs	15036
nonFullTGDs	1345		fullTGDs	43529			newNonFullTGDs	0		newFullTGDs	15006
nonFullTGDs	1345		fullTGDs	43629			newNonFullTGDs	0		newFullTGDs	14952
nonFullTGDs	1345		fullTGDs	43729			newNonFullTGDs	0		newFullTGDs	14906
nonFullTGDs	1345		fullTGDs	43829			newNonFullTGDs	0		newFullTGDs	14868
nonFullTGDs	1345		fullTGDs	43929			newNonFullTGDs	0		newFullTGDs	14832
nonFullTGDs	1345		fullTGDs	44029			newNonFullTGDs	0		newFullTGDs	14807
nonFullTGDs	1345		fullTGDs	44129			newNonFullTGDs	0		newFullTGDs	14945
nonFullTGDs	1345		fullTGDs	44229			newNonFullTGDs	0		newFullTGDs	14845
nonFullTGDs	1345		fullTGDs	44329			newNonFullTGDs	0		newFullTGDs	14756
nonFullTGDs	1345		fullTGDs	44429			newNonFullTGDs	0		newFullTGDs	14709
nonFullTGDs	1345		fullTGDs	44529			newNonFullTGDs	0		newFullTGDs	14673
nonFullTGDs	1345		fullTGDs	44629			newNonFullTGDs	0		newFullTGDs	14638
nonFullTGDs	1345		fullTGDs	44729			newNonFullTGDs	0		newFullTGDs	14765
nonFullTGDs	1345		fullTGDs	44829			newNonFullTGDs	0		newFullTGDs	14665
nonFullTGDs	1345		fullTGDs	44929			newNonFullTGDs	0		newFullTGDs	14601
nonFullTGDs	1345		fullTGDs	45029			newNonFullTGDs	0		newFullTGDs	14563
nonFullTGDs	1345		fullTGDs	45129			newNonFullTGDs	0		newFullTGDs	14513
nonFullTGDs	1345		fullTGDs	45229			newNonFullTGDs	0		newFullTGDs	14478
nonFullTGDs	1345		fullTGDs	45329			newNonFullTGDs	0		newFullTGDs	14447
nonFullTGDs	1345		fullTGDs	45429			newNonFullTGDs	0		newFullTGDs	14583
nonFullTGDs	1345		fullTGDs	45529			newNonFullTGDs	0		newFullTGDs	14483
nonFullTGDs	1345		fullTGDs	45629			newNonFullTGDs	0		newFullTGDs	14403
nonFullTGDs	1345		fullTGDs	45729			newNonFullTGDs	0		newFullTGDs	14368
nonFullTGDs	1345		fullTGDs	45829			newNonFullTGDs	0		newFullTGDs	14317
nonFullTGDs	1345		fullTGDs	45929			newNonFullTGDs	0		newFullTGDs	14270
nonFullTGDs	1345		fullTGDs	46029			newNonFullTGDs	0		newFullTGDs	14408
nonFullTGDs	1345		fullTGDs	46129			newNonFullTGDs	0		newFullTGDs	14308
nonFullTGDs	1345		fullTGDs	46229			newNonFullTGDs	0		newFullTGDs	14231
nonFullTGDs	1345		fullTGDs	46329			newNonFullTGDs	0		newFullTGDs	14186
nonFullTGDs	1345		fullTGDs	46429			newNonFullTGDs	0		newFullTGDs	14351
nonFullTGDs	1345		fullTGDs	46529			newNonFullTGDs	0		newFullTGDs	14251
nonFullTGDs	1345		fullTGDs	46629			newNonFullTGDs	0		newFullTGDs	14156
nonFullTGDs	1345		fullTGDs	46729			newNonFullTGDs	0		newFullTGDs	14127
nonFullTGDs	1345		fullTGDs	46829			newNonFullTGDs	0		newFullTGDs	14072
nonFullTGDs	1345		fullTGDs	46929			newNonFullTGDs	0		newFullTGDs	14036
nonFullTGDs	1345		fullTGDs	47029			newNonFullTGDs	0		newFullTGDs	13999
nonFullTGDs	1345		fullTGDs	47129			newNonFullTGDs	0		newFullTGDs	14126
nonFullTGDs	1345		fullTGDs	47229			newNonFullTGDs	0		newFullTGDs	14026
nonFullTGDs	1345		fullTGDs	47329			newNonFullTGDs	0		newFullTGDs	13963
nonFullTGDs	1345		fullTGDs	47429			newNonFullTGDs	0		newFullTGDs	13935
nonFullTGDs	1345		fullTGDs	47529			newNonFullTGDs	0		newFullTGDs	13881
nonFullTGDs	1345		fullTGDs	47629			newNonFullTGDs	0		newFullTGDs	14038
nonFullTGDs	1345		fullTGDs	47728			newNonFullTGDs	0		newFullTGDs	13939
nonFullTGDs	1345		fullTGDs	47826			newNonFullTGDs	0		newFullTGDs	13854
nonFullTGDs	1345		fullTGDs	47925			newNonFullTGDs	0		newFullTGDs	13807
nonFullTGDs	1345		fullTGDs	48018			newNonFullTGDs	0		newFullTGDs	13764
nonFullTGDs	1345		fullTGDs	48118			newNonFullTGDs	0		newFullTGDs	13716
nonFullTGDs	1345		fullTGDs	48218			newNonFullTGDs	0		newFullTGDs	13669
nonFullTGDs	1345		fullTGDs	48318			newNonFullTGDs	0		newFullTGDs	13632
nonFullTGDs	1345		fullTGDs	48418			newNonFullTGDs	0		newFullTGDs	13596
nonFullTGDs	1345		fullTGDs	48518			newNonFullTGDs	0		newFullTGDs	13549
nonFullTGDs	1345		fullTGDs	48618			newNonFullTGDs	0		newFullTGDs	13511
nonFullTGDs	1345		fullTGDs	48718			newNonFullTGDs	0		newFullTGDs	13464
nonFullTGDs	1345		fullTGDs	48818			newNonFullTGDs	0		newFullTGDs	13425
nonFullTGDs	1345		fullTGDs	48918			newNonFullTGDs	0		newFullTGDs	13408
nonFullTGDs	1345		fullTGDs	49018			newNonFullTGDs	0		newFullTGDs	13546
nonFullTGDs	1345		fullTGDs	49118			newNonFullTGDs	0		newFullTGDs	13446
nonFullTGDs	1345		fullTGDs	49218			newNonFullTGDs	0		newFullTGDs	13360
nonFullTGDs	1345		fullTGDs	49318			newNonFullTGDs	0		newFullTGDs	13314
nonFullTGDs	1345		fullTGDs	49418			newNonFullTGDs	0		newFullTGDs	13275
nonFullTGDs	1345		fullTGDs	49512			newNonFullTGDs	0		newFullTGDs	13451
nonFullTGDs	1345		fullTGDs	49612			newNonFullTGDs	0		newFullTGDs	13351
nonFullTGDs	1345		fullTGDs	49712			newNonFullTGDs	0		newFullTGDs	13251
nonFullTGDs	1345		fullTGDs	49812			newNonFullTGDs	0		newFullTGDs	13194
nonFullTGDs	1345		fullTGDs	49912			newNonFullTGDs	0		newFullTGDs	13159
nonFullTGDs	1345		fullTGDs	50012			newNonFullTGDs	0		newFullTGDs	13112
nonFullTGDs	1345		fullTGDs	50112			newNonFullTGDs	0		newFullTGDs	13067
nonFullTGDs	1345		fullTGDs	50212			newNonFullTGDs	0		newFullTGDs	13245
nonFullTGDs	1345		fullTGDs	50312			newNonFullTGDs	0		newFullTGDs	13145
nonFullTGDs	1345		fullTGDs	50412			newNonFullTGDs	0		newFullTGDs	13045
nonFullTGDs	1345		fullTGDs	50512			newNonFullTGDs	0		newFullTGDs	12991
nonFullTGDs	1345		fullTGDs	50612			newNonFullTGDs	0		newFullTGDs	12941
nonFullTGDs	1345		fullTGDs	50712			newNonFullTGDs	0		newFullTGDs	12894
nonFullTGDs	1345		fullTGDs	50812			newNonFullTGDs	0		newFullTGDs	12848
nonFullTGDs	1345		fullTGDs	50912			newNonFullTGDs	0		newFullTGDs	12798
nonFullTGDs	1345		fullTGDs	51012			newNonFullTGDs	0		newFullTGDs	12750
nonFullTGDs	1345		fullTGDs	51112			newNonFullTGDs	0		newFullTGDs	12714
nonFullTGDs	1345		fullTGDs	51212			newNonFullTGDs	0		newFullTGDs	12667
nonFullTGDs	1345		fullTGDs	51312			newNonFullTGDs	0		newFullTGDs	12824
nonFullTGDs	1345		fullTGDs	51412			newNonFullTGDs	0		newFullTGDs	12724
nonFullTGDs	1345		fullTGDs	51512			newNonFullTGDs	0		newFullTGDs	12627
nonFullTGDs	1345		fullTGDs	51612			newNonFullTGDs	0		newFullTGDs	12581
nonFullTGDs	1345		fullTGDs	51712			newNonFullTGDs	0		newFullTGDs	12543
nonFullTGDs	1345		fullTGDs	51812			newNonFullTGDs	0		newFullTGDs	12497
nonFullTGDs	1345		fullTGDs	51912			newNonFullTGDs	0		newFullTGDs	12459
nonFullTGDs	1345		fullTGDs	52012			newNonFullTGDs	0		newFullTGDs	12423
nonFullTGDs	1345		fullTGDs	52112			newNonFullTGDs	0		newFullTGDs	12376
nonFullTGDs	1345		fullTGDs	52212			newNonFullTGDs	0		newFullTGDs	12338
nonFullTGDs	1345		fullTGDs	52312			newNonFullTGDs	0		newFullTGDs	12291
nonFullTGDs	1345		fullTGDs	52412			newNonFullTGDs	0		newFullTGDs	12245
nonFullTGDs	1345		fullTGDs	52512			newNonFullTGDs	0		newFullTGDs	12206
nonFullTGDs	1345		fullTGDs	52612			newNonFullTGDs	0		newFullTGDs	12158
nonFullTGDs	1345		fullTGDs	52712			newNonFullTGDs	0		newFullTGDs	12120
nonFullTGDs	1345		fullTGDs	52812			newNonFullTGDs	0		newFullTGDs	12085
nonFullTGDs	1345		fullTGDs	52912			newNonFullTGDs	0		newFullTGDs	12037
nonFullTGDs	1345		fullTGDs	53012			newNonFullTGDs	0		newFullTGDs	11999
nonFullTGDs	1345		fullTGDs	53112			newNonFullTGDs	0		newFullTGDs	11966
nonFullTGDs	1345		fullTGDs	53212			newNonFullTGDs	0		newFullTGDs	11928
nonFullTGDs	1345		fullTGDs	53312			newNonFullTGDs	0		newFullTGDs	11900
nonFullTGDs	1345		fullTGDs	53412			newNonFullTGDs	0		newFullTGDs	11862
nonFullTGDs	1345		fullTGDs	53512			newNonFullTGDs	0		newFullTGDs	11811
nonFullTGDs	1345		fullTGDs	53612			newNonFullTGDs	0		newFullTGDs	11774
nonFullTGDs	1345		fullTGDs	53712			newNonFullTGDs	0		newFullTGDs	11738
nonFullTGDs	1345		fullTGDs	53812			newNonFullTGDs	0		newFullTGDs	11691
nonFullTGDs	1345		fullTGDs	53912			newNonFullTGDs	0		newFullTGDs	11818
nonFullTGDs	1345		fullTGDs	54012			newNonFullTGDs	0		newFullTGDs	11718
nonFullTGDs	1345		fullTGDs	54112			newNonFullTGDs	0		newFullTGDs	11654
nonFullTGDs	1345		fullTGDs	54212			newNonFullTGDs	0		newFullTGDs	11617
nonFullTGDs	1345		fullTGDs	54312			newNonFullTGDs	0		newFullTGDs	11570
nonFullTGDs	1345		fullTGDs	54412			newNonFullTGDs	0		newFullTGDs	11520
nonFullTGDs	1345		fullTGDs	54512			newNonFullTGDs	0		newFullTGDs	11474
nonFullTGDs	1345		fullTGDs	54612			newNonFullTGDs	0		newFullTGDs	11436
nonFullTGDs	1345		fullTGDs	54712			newNonFullTGDs	0		newFullTGDs	11399
nonFullTGDs	1345		fullTGDs	54812			newNonFullTGDs	0		newFullTGDs	11369
nonFullTGDs	1345		fullTGDs	54912			newNonFullTGDs	0		newFullTGDs	11317
nonFullTGDs	1345		fullTGDs	55012			newNonFullTGDs	0		newFullTGDs	11267
nonFullTGDs	1345		fullTGDs	55112			newNonFullTGDs	0		newFullTGDs	11240
nonFullTGDs	1345		fullTGDs	55212			newNonFullTGDs	0		newFullTGDs	11185
nonFullTGDs	1345		fullTGDs	55312			newNonFullTGDs	0		newFullTGDs	11146
nonFullTGDs	1345		fullTGDs	55412			newNonFullTGDs	0		newFullTGDs	11270
nonFullTGDs	1345		fullTGDs	55512			newNonFullTGDs	0		newFullTGDs	11170
nonFullTGDs	1345		fullTGDs	55612			newNonFullTGDs	0		newFullTGDs	11109
nonFullTGDs	1345		fullTGDs	55712			newNonFullTGDs	0		newFullTGDs	11072
nonFullTGDs	1345		fullTGDs	55812			newNonFullTGDs	0		newFullTGDs	11025
nonFullTGDs	1345		fullTGDs	55912			newNonFullTGDs	0		newFullTGDs	10987
nonFullTGDs	1345		fullTGDs	56012			newNonFullTGDs	0		newFullTGDs	10940
nonFullTGDs	1345		fullTGDs	56112			newNonFullTGDs	0		newFullTGDs	11080
nonFullTGDs	1345		fullTGDs	56212			newNonFullTGDs	0		newFullTGDs	10980
nonFullTGDs	1345		fullTGDs	56312			newNonFullTGDs	0		newFullTGDs	10901
nonFullTGDs	1345		fullTGDs	56412			newNonFullTGDs	0		newFullTGDs	10852
nonFullTGDs	1345		fullTGDs	56512			newNonFullTGDs	0		newFullTGDs	10804
nonFullTGDs	1345		fullTGDs	56612			newNonFullTGDs	0		newFullTGDs	10766
nonFullTGDs	1345		fullTGDs	56712			newNonFullTGDs	0		newFullTGDs	10730
nonFullTGDs	1345		fullTGDs	56812			newNonFullTGDs	0		newFullTGDs	10684
nonFullTGDs	1345		fullTGDs	56912			newNonFullTGDs	0		newFullTGDs	10648
nonFullTGDs	1345		fullTGDs	57012			newNonFullTGDs	0		newFullTGDs	10609
nonFullTGDs	1345		fullTGDs	57112			newNonFullTGDs	0		newFullTGDs	10574
nonFullTGDs	1345		fullTGDs	57212			newNonFullTGDs	0		newFullTGDs	10528
nonFullTGDs	1345		fullTGDs	57312			newNonFullTGDs	0		newFullTGDs	10490
nonFullTGDs	1345		fullTGDs	57412			newNonFullTGDs	0		newFullTGDs	10454
nonFullTGDs	1345		fullTGDs	57512			newNonFullTGDs	0		newFullTGDs	10407
nonFullTGDs	1345		fullTGDs	57612			newNonFullTGDs	0		newFullTGDs	10369
nonFullTGDs	1345		fullTGDs	57712			newNonFullTGDs	0		newFullTGDs	10489
nonFullTGDs	1345		fullTGDs	57812			newNonFullTGDs	0		newFullTGDs	10389
nonFullTGDs	1345		fullTGDs	57912			newNonFullTGDs	0		newFullTGDs	10330
nonFullTGDs	1345		fullTGDs	58012			newNonFullTGDs	0		newFullTGDs	10294
nonFullTGDs	1345		fullTGDs	58112			newNonFullTGDs	0		newFullTGDs	10263
nonFullTGDs	1345		fullTGDs	58212			newNonFullTGDs	0		newFullTGDs	10223
nonFullTGDs	1345		fullTGDs	58312			newNonFullTGDs	0		newFullTGDs	10372
nonFullTGDs	1345		fullTGDs	58412			newNonFullTGDs	0		newFullTGDs	10272
nonFullTGDs	1345		fullTGDs	58512			newNonFullTGDs	0		newFullTGDs	10184
nonFullTGDs	1345		fullTGDs	58612			newNonFullTGDs	0		newFullTGDs	10152
nonFullTGDs	1345		fullTGDs	58712			newNonFullTGDs	0		newFullTGDs	10098
nonFullTGDs	1345		fullTGDs	58812			newNonFullTGDs	0		newFullTGDs	10244
nonFullTGDs	1345		fullTGDs	58912			newNonFullTGDs	0		newFullTGDs	10144
nonFullTGDs	1345		fullTGDs	59012			newNonFullTGDs	0		newFullTGDs	10059
nonFullTGDs	1345		fullTGDs	59112			newNonFullTGDs	0		newFullTGDs	10031
nonFullTGDs	1345		fullTGDs	59212			newNonFullTGDs	0		newFullTGDs	9976
nonFullTGDs	1345		fullTGDs	59312			newNonFullTGDs	0		newFullTGDs	9928
nonFullTGDs	1345		fullTGDs	59412			newNonFullTGDs	0		newFullTGDs	9880
nonFullTGDs	1345		fullTGDs	59512			newNonFullTGDs	0		newFullTGDs	9842
nonFullTGDs	1345		fullTGDs	59612			newNonFullTGDs	0		newFullTGDs	9795
nonFullTGDs	1345		fullTGDs	59712			newNonFullTGDs	0		newFullTGDs	9951
nonFullTGDs	1345		fullTGDs	59812			newNonFullTGDs	0		newFullTGDs	9851
nonFullTGDs	1345		fullTGDs	59912			newNonFullTGDs	0		newFullTGDs	9755
nonFullTGDs	1345		fullTGDs	60012			newNonFullTGDs	0		newFullTGDs	9708
nonFullTGDs	1345		fullTGDs	60112			newNonFullTGDs	0		newFullTGDs	9658
nonFullTGDs	1345		fullTGDs	60212			newNonFullTGDs	0		newFullTGDs	9608
nonFullTGDs	1345		fullTGDs	60312			newNonFullTGDs	0		newFullTGDs	9558
nonFullTGDs	1345		fullTGDs	60412			newNonFullTGDs	0		newFullTGDs	9511
nonFullTGDs	1345		fullTGDs	60511			newNonFullTGDs	0		newFullTGDs	9469
nonFullTGDs	1345		fullTGDs	60608			newNonFullTGDs	0		newFullTGDs	9434
nonFullTGDs	1345		fullTGDs	60707			newNonFullTGDs	0		newFullTGDs	9392
nonFullTGDs	1345		fullTGDs	60807			newNonFullTGDs	0		newFullTGDs	9553
nonFullTGDs	1345		fullTGDs	60907			newNonFullTGDs	0		newFullTGDs	9453
nonFullTGDs	1345		fullTGDs	61006			newNonFullTGDs	0		newFullTGDs	9354
nonFullTGDs	1345		fullTGDs	61095			newNonFullTGDs	0		newFullTGDs	9312
nonFullTGDs	1345		fullTGDs	61187			newNonFullTGDs	0		newFullTGDs	9279
nonFullTGDs	1345		fullTGDs	61286			newNonFullTGDs	0		newFullTGDs	9433
nonFullTGDs	1345		fullTGDs	61386			newNonFullTGDs	0		newFullTGDs	9333
nonFullTGDs	1345		fullTGDs	61486			newNonFullTGDs	0		newFullTGDs	9249
nonFullTGDs	1345		fullTGDs	61586			newNonFullTGDs	0		newFullTGDs	9200
nonFullTGDs	1345		fullTGDs	61686			newNonFullTGDs	0		newFullTGDs	9348
nonFullTGDs	1345		fullTGDs	61786			newNonFullTGDs	0		newFullTGDs	9248
nonFullTGDs	1345		fullTGDs	61886			newNonFullTGDs	0		newFullTGDs	9159
nonFullTGDs	1345		fullTGDs	61986			newNonFullTGDs	0		newFullTGDs	9112
nonFullTGDs	1345		fullTGDs	62086			newNonFullTGDs	0		newFullTGDs	9065
nonFullTGDs	1345		fullTGDs	62186			newNonFullTGDs	0		newFullTGDs	9015
nonFullTGDs	1345		fullTGDs	62286			newNonFullTGDs	0		newFullTGDs	8965
nonFullTGDs	1345		fullTGDs	62385			newNonFullTGDs	0		newFullTGDs	8916
nonFullTGDs	1345		fullTGDs	62484			newNonFullTGDs	0		newFullTGDs	8867
nonFullTGDs	1345		fullTGDs	62584			newNonFullTGDs	0		newFullTGDs	8817
nonFullTGDs	1345		fullTGDs	62683			newNonFullTGDs	0		newFullTGDs	8771
nonFullTGDs	1345		fullTGDs	62783			newNonFullTGDs	0		newFullTGDs	8736
nonFullTGDs	1345		fullTGDs	62883			newNonFullTGDs	0		newFullTGDs	8700
nonFullTGDs	1345		fullTGDs	62982			newNonFullTGDs	0		newFullTGDs	8666
nonFullTGDs	1345		fullTGDs	63081			newNonFullTGDs	0		newFullTGDs	8626
nonFullTGDs	1345		fullTGDs	63181			newNonFullTGDs	0		newFullTGDs	8576
nonFullTGDs	1345		fullTGDs	63280			newNonFullTGDs	0		newFullTGDs	8527
nonFullTGDs	1345		fullTGDs	63379			newNonFullTGDs	0		newFullTGDs	8491
nonFullTGDs	1345		fullTGDs	63479			newNonFullTGDs	0		newFullTGDs	8441
nonFullTGDs	1345		fullTGDs	63578			newNonFullTGDs	0		newFullTGDs	8392
nonFullTGDs	1345		fullTGDs	63678			newNonFullTGDs	0		newFullTGDs	8342
nonFullTGDs	1345		fullTGDs	63777			newNonFullTGDs	0		newFullTGDs	8293
nonFullTGDs	1345		fullTGDs	63876			newNonFullTGDs	0		newFullTGDs	8243
nonFullTGDs	1345		fullTGDs	63975			newNonFullTGDs	0		newFullTGDs	8194
nonFullTGDs	1345		fullTGDs	64075			newNonFullTGDs	0		newFullTGDs	8144
nonFullTGDs	1345		fullTGDs	64174			newNonFullTGDs	0		newFullTGDs	8095
nonFullTGDs	1345		fullTGDs	64274			newNonFullTGDs	0		newFullTGDs	8045
nonFullTGDs	1345		fullTGDs	64373			newNonFullTGDs	0		newFullTGDs	7996
nonFullTGDs	1345		fullTGDs	64473			newNonFullTGDs	0		newFullTGDs	7964
nonFullTGDs	1345		fullTGDs	64573			newNonFullTGDs	0		newFullTGDs	7937
nonFullTGDs	1345		fullTGDs	64673			newNonFullTGDs	0		newFullTGDs	7909
nonFullTGDs	1345		fullTGDs	64772			newNonFullTGDs	0		newFullTGDs	7879
nonFullTGDs	1345		fullTGDs	64872			newNonFullTGDs	0		newFullTGDs	7874
nonFullTGDs	1345		fullTGDs	64972			newNonFullTGDs	0		newFullTGDs	7828
nonFullTGDs	1345		fullTGDs	65072			newNonFullTGDs	0		newFullTGDs	7791
nonFullTGDs	1345		fullTGDs	65172			newNonFullTGDs	0		newFullTGDs	7754
nonFullTGDs	1345		fullTGDs	65271			newNonFullTGDs	0		newFullTGDs	7704
nonFullTGDs	1345		fullTGDs	65371			newNonFullTGDs	0		newFullTGDs	7654
nonFullTGDs	1345		fullTGDs	65470			newNonFullTGDs	0		newFullTGDs	7605
nonFullTGDs	1345		fullTGDs	65570			newNonFullTGDs	0		newFullTGDs	7558
nonFullTGDs	1345		fullTGDs	65670			newNonFullTGDs	0		newFullTGDs	7520
nonFullTGDs	1345		fullTGDs	65770			newNonFullTGDs	0		newFullTGDs	7484
nonFullTGDs	1345		fullTGDs	65870			newNonFullTGDs	0		newFullTGDs	7434
nonFullTGDs	1345		fullTGDs	65969			newNonFullTGDs	0		newFullTGDs	7385
nonFullTGDs	1345		fullTGDs	66069			newNonFullTGDs	0		newFullTGDs	7335
nonFullTGDs	1345		fullTGDs	66168			newNonFullTGDs	0		newFullTGDs	7286
nonFullTGDs	1345		fullTGDs	66267			newNonFullTGDs	0		newFullTGDs	7237
nonFullTGDs	1345		fullTGDs	66367			newNonFullTGDs	0		newFullTGDs	7187
nonFullTGDs	1345		fullTGDs	66466			newNonFullTGDs	0		newFullTGDs	7138
nonFullTGDs	1345		fullTGDs	66565			newNonFullTGDs	0		newFullTGDs	7109
nonFullTGDs	1345		fullTGDs	66665			newNonFullTGDs	0		newFullTGDs	7071
nonFullTGDs	1345		fullTGDs	66765			newNonFullTGDs	0		newFullTGDs	7017
nonFullTGDs	1345		fullTGDs	66865			newNonFullTGDs	0		newFullTGDs	6967
nonFullTGDs	1345		fullTGDs	66965			newNonFullTGDs	0		newFullTGDs	6917
nonFullTGDs	1345		fullTGDs	67064			newNonFullTGDs	0		newFullTGDs	6868
nonFullTGDs	1345		fullTGDs	67164			newNonFullTGDs	0		newFullTGDs	6819
nonFullTGDs	1345		fullTGDs	67264			newNonFullTGDs	0		newFullTGDs	6769
nonFullTGDs	1345		fullTGDs	67364			newNonFullTGDs	0		newFullTGDs	6719
nonFullTGDs	1345		fullTGDs	67463			newNonFullTGDs	0		newFullTGDs	6670
nonFullTGDs	1345		fullTGDs	67561			newNonFullTGDs	0		newFullTGDs	6621
nonFullTGDs	1345		fullTGDs	67661			newNonFullTGDs	0		newFullTGDs	6585
nonFullTGDs	1345		fullTGDs	67761			newNonFullTGDs	0		newFullTGDs	6549
nonFullTGDs	1345		fullTGDs	67861			newNonFullTGDs	0		newFullTGDs	6705
nonFullTGDs	1345		fullTGDs	67961			newNonFullTGDs	0		newFullTGDs	6605
nonFullTGDs	1345		fullTGDs	68061			newNonFullTGDs	0		newFullTGDs	6509
nonFullTGDs	1345		fullTGDs	68161			newNonFullTGDs	0		newFullTGDs	6474
nonFullTGDs	1345		fullTGDs	68261			newNonFullTGDs	0		newFullTGDs	6425
nonFullTGDs	1345		fullTGDs	68360			newNonFullTGDs	0		newFullTGDs	6585
nonFullTGDs	1345		fullTGDs	68460			newNonFullTGDs	0		newFullTGDs	6485
nonFullTGDs	1345		fullTGDs	68560			newNonFullTGDs	0		newFullTGDs	6385
nonFullTGDs	1345		fullTGDs	68660			newNonFullTGDs	0		newFullTGDs	6350
nonFullTGDs	1345		fullTGDs	68760			newNonFullTGDs	0		newFullTGDs	6301
nonFullTGDs	1345		fullTGDs	68860			newNonFullTGDs	0		newFullTGDs	6422
nonFullTGDs	1345		fullTGDs	68960			newNonFullTGDs	0		newFullTGDs	6322
nonFullTGDs	1345		fullTGDs	69060			newNonFullTGDs	0		newFullTGDs	6283
nonFullTGDs	1345		fullTGDs	69160			newNonFullTGDs	0		newFullTGDs	6227
nonFullTGDs	1345		fullTGDs	69260			newNonFullTGDs	0		newFullTGDs	6193
nonFullTGDs	1345		fullTGDs	69360			newNonFullTGDs	0		newFullTGDs	6142
nonFullTGDs	1345		fullTGDs	69460			newNonFullTGDs	0		newFullTGDs	6092
nonFullTGDs	1345		fullTGDs	69559			newNonFullTGDs	0		newFullTGDs	6043
nonFullTGDs	1345		fullTGDs	69659			newNonFullTGDs	0		newFullTGDs	5993
nonFullTGDs	1345		fullTGDs	69758			newNonFullTGDs	0		newFullTGDs	5944
nonFullTGDs	1345		fullTGDs	69858			newNonFullTGDs	0		newFullTGDs	5917
nonFullTGDs	1345		fullTGDs	69958			newNonFullTGDs	0		newFullTGDs	5859
nonFullTGDs	1345		fullTGDs	70057			newNonFullTGDs	0		newFullTGDs	5810
nonFullTGDs	1345		fullTGDs	70157			newNonFullTGDs	0		newFullTGDs	5774
nonFullTGDs	1345		fullTGDs	70257			newNonFullTGDs	0		newFullTGDs	5739
nonFullTGDs	1345		fullTGDs	70356			newNonFullTGDs	0		newFullTGDs	5690
nonFullTGDs	1345		fullTGDs	70456			newNonFullTGDs	0		newFullTGDs	5835
nonFullTGDs	1345		fullTGDs	70556			newNonFullTGDs	0		newFullTGDs	5735
nonFullTGDs	1345		fullTGDs	70656			newNonFullTGDs	0		newFullTGDs	5651
nonFullTGDs	1345		fullTGDs	70756			newNonFullTGDs	0		newFullTGDs	5614
nonFullTGDs	1345		fullTGDs	70856			newNonFullTGDs	0		newFullTGDs	5567
nonFullTGDs	1345		fullTGDs	70956			newNonFullTGDs	0		newFullTGDs	5530
nonFullTGDs	1345		fullTGDs	71056			newNonFullTGDs	0		newFullTGDs	5480
nonFullTGDs	1345		fullTGDs	71156			newNonFullTGDs	0		newFullTGDs	5430
nonFullTGDs	1345		fullTGDs	71255			newNonFullTGDs	0		newFullTGDs	5381
nonFullTGDs	1345		fullTGDs	71355			newNonFullTGDs	0		newFullTGDs	5331
nonFullTGDs	1345		fullTGDs	71455			newNonFullTGDs	0		newFullTGDs	5457
nonFullTGDs	1345		fullTGDs	71555			newNonFullTGDs	0		newFullTGDs	5357
nonFullTGDs	1345		fullTGDs	71655			newNonFullTGDs	0		newFullTGDs	5310
nonFullTGDs	1345		fullTGDs	71755			newNonFullTGDs	0		newFullTGDs	5257
nonFullTGDs	1345		fullTGDs	71855			newNonFullTGDs	0		newFullTGDs	5210
nonFullTGDs	1345		fullTGDs	71955			newNonFullTGDs	0		newFullTGDs	5171
nonFullTGDs	1345		fullTGDs	72055			newNonFullTGDs	0		newFullTGDs	5136
nonFullTGDs	1345		fullTGDs	72155			newNonFullTGDs	0		newFullTGDs	5088
nonFullTGDs	1345		fullTGDs	72255			newNonFullTGDs	0		newFullTGDs	5050
nonFullTGDs	1345		fullTGDs	72355			newNonFullTGDs	0		newFullTGDs	5195
nonFullTGDs	1345		fullTGDs	72455			newNonFullTGDs	0		newFullTGDs	5095
nonFullTGDs	1345		fullTGDs	72555			newNonFullTGDs	0		newFullTGDs	5012
nonFullTGDs	1345		fullTGDs	72655			newNonFullTGDs	0		newFullTGDs	4975
nonFullTGDs	1345		fullTGDs	72755			newNonFullTGDs	0		newFullTGDs	4929
nonFullTGDs	1345		fullTGDs	72855			newNonFullTGDs	0		newFullTGDs	4891
nonFullTGDs	1345		fullTGDs	72955			newNonFullTGDs	0		newFullTGDs	4856
nonFullTGDs	1345		fullTGDs	73055			newNonFullTGDs	0		newFullTGDs	4806
nonFullTGDs	1345		fullTGDs	73154			newNonFullTGDs	0		newFullTGDs	4776
nonFullTGDs	1345		fullTGDs	73254			newNonFullTGDs	0		newFullTGDs	4718
nonFullTGDs	1345		fullTGDs	73353			newNonFullTGDs	0		newFullTGDs	4669
nonFullTGDs	1345		fullTGDs	73453			newNonFullTGDs	0		newFullTGDs	4633
nonFullTGDs	1345		fullTGDs	73553			newNonFullTGDs	0		newFullTGDs	4584
nonFullTGDs	1345		fullTGDs	73652			newNonFullTGDs	0		newFullTGDs	4535
nonFullTGDs	1345		fullTGDs	73752			newNonFullTGDs	0		newFullTGDs	4485
nonFullTGDs	1345		fullTGDs	73851			newNonFullTGDs	0		newFullTGDs	4436
nonFullTGDs	1345		fullTGDs	73951			newNonFullTGDs	0		newFullTGDs	4386
nonFullTGDs	1345		fullTGDs	74051			newNonFullTGDs	0		newFullTGDs	4336
nonFullTGDs	1345		fullTGDs	74150			newNonFullTGDs	0		newFullTGDs	4287
nonFullTGDs	1345		fullTGDs	74250			newNonFullTGDs	0		newFullTGDs	4439
nonFullTGDs	1345		fullTGDs	74350			newNonFullTGDs	0		newFullTGDs	4339
nonFullTGDs	1345		fullTGDs	74450			newNonFullTGDs	0		newFullTGDs	4247
nonFullTGDs	1345		fullTGDs	74550			newNonFullTGDs	0		newFullTGDs	4214
nonFullTGDs	1345		fullTGDs	74650			newNonFullTGDs	0		newFullTGDs	4163
nonFullTGDs	1345		fullTGDs	74750			newNonFullTGDs	0		newFullTGDs	4282
nonFullTGDs	1345		fullTGDs	74850			newNonFullTGDs	0		newFullTGDs	4182
nonFullTGDs	1345		fullTGDs	74950			newNonFullTGDs	0		newFullTGDs	4126
nonFullTGDs	1345		fullTGDs	75050			newNonFullTGDs	0		newFullTGDs	4087
nonFullTGDs	1345		fullTGDs	75150			newNonFullTGDs	0		newFullTGDs	4223
nonFullTGDs	1345		fullTGDs	75250			newNonFullTGDs	0		newFullTGDs	4123
nonFullTGDs	1345		fullTGDs	75350			newNonFullTGDs	0		newFullTGDs	4051
nonFullTGDs	1345		fullTGDs	75450			newNonFullTGDs	0		newFullTGDs	4013
nonFullTGDs	1345		fullTGDs	75550			newNonFullTGDs	0		newFullTGDs	3979
nonFullTGDs	1345		fullTGDs	75650			newNonFullTGDs	0		newFullTGDs	3926
nonFullTGDs	1345		fullTGDs	75749			newNonFullTGDs	0		newFullTGDs	3877
nonFullTGDs	1345		fullTGDs	75849			newNonFullTGDs	0		newFullTGDs	4001
nonFullTGDs	1345		fullTGDs	75949			newNonFullTGDs	0		newFullTGDs	3901
nonFullTGDs	1345		fullTGDs	76049			newNonFullTGDs	0		newFullTGDs	3840
nonFullTGDs	1345		fullTGDs	76149			newNonFullTGDs	0		newFullTGDs	3801
nonFullTGDs	1345		fullTGDs	76249			newNonFullTGDs	0		newFullTGDs	3765
nonFullTGDs	1345		fullTGDs	76349			newNonFullTGDs	0		newFullTGDs	3732
nonFullTGDs	1345		fullTGDs	76449			newNonFullTGDs	0		newFullTGDs	3885
nonFullTGDs	1345		fullTGDs	76549			newNonFullTGDs	0		newFullTGDs	3785
nonFullTGDs	1345		fullTGDs	76649			newNonFullTGDs	0		newFullTGDs	3689
nonFullTGDs	1345		fullTGDs	76749			newNonFullTGDs	0		newFullTGDs	3659
nonFullTGDs	1345		fullTGDs	76849			newNonFullTGDs	0		newFullTGDs	3605
nonFullTGDs	1345		fullTGDs	76949			newNonFullTGDs	0		newFullTGDs	3569
nonFullTGDs	1345		fullTGDs	77049			newNonFullTGDs	0		newFullTGDs	3533
nonFullTGDs	1345		fullTGDs	77149			newNonFullTGDs	0		newFullTGDs	3484
nonFullTGDs	1345		fullTGDs	77248			newNonFullTGDs	0		newFullTGDs	3434
nonFullTGDs	1345		fullTGDs	77348			newNonFullTGDs	0		newFullTGDs	3384
nonFullTGDs	1345		fullTGDs	77447			newNonFullTGDs	0		newFullTGDs	3335
nonFullTGDs	1345		fullTGDs	77547			newNonFullTGDs	0		newFullTGDs	3285
nonFullTGDs	1345		fullTGDs	77646			newNonFullTGDs	0		newFullTGDs	3236
nonFullTGDs	1345		fullTGDs	77746			newNonFullTGDs	0		newFullTGDs	3188
nonFullTGDs	1345		fullTGDs	77846			newNonFullTGDs	0		newFullTGDs	3151
nonFullTGDs	1345		fullTGDs	77946			newNonFullTGDs	0		newFullTGDs	3113
nonFullTGDs	1345		fullTGDs	78046			newNonFullTGDs	0		newFullTGDs	3063
nonFullTGDs	1345		fullTGDs	78145			newNonFullTGDs	0		newFullTGDs	3014
nonFullTGDs	1345		fullTGDs	78245			newNonFullTGDs	0		newFullTGDs	2978
nonFullTGDs	1345		fullTGDs	78345			newNonFullTGDs	0		newFullTGDs	2942
nonFullTGDs	1345		fullTGDs	78445			newNonFullTGDs	0		newFullTGDs	2903
nonFullTGDs	1345		fullTGDs	78545			newNonFullTGDs	0		newFullTGDs	3029
nonFullTGDs	1345		fullTGDs	78645			newNonFullTGDs	0		newFullTGDs	2929
nonFullTGDs	1345		fullTGDs	78745			newNonFullTGDs	0		newFullTGDs	2866
nonFullTGDs	1345		fullTGDs	78845			newNonFullTGDs	0		newFullTGDs	2829
nonFullTGDs	1345		fullTGDs	78945			newNonFullTGDs	0		newFullTGDs	2970
nonFullTGDs	1345		fullTGDs	79045			newNonFullTGDs	0		newFullTGDs	2870
nonFullTGDs	1345		fullTGDs	79145			newNonFullTGDs	0		newFullTGDs	2790
nonFullTGDs	1345		fullTGDs	79245			newNonFullTGDs	0		newFullTGDs	2755
nonFullTGDs	1345		fullTGDs	79345			newNonFullTGDs	0		newFullTGDs	2704
nonFullTGDs	1345		fullTGDs	79445			newNonFullTGDs	0		newFullTGDs	2654
nonFullTGDs	1345		fullTGDs	79544			newNonFullTGDs	0		newFullTGDs	2605
nonFullTGDs	1345		fullTGDs	79644			newNonFullTGDs	0		newFullTGDs	2749
nonFullTGDs	1345		fullTGDs	79744			newNonFullTGDs	0		newFullTGDs	2649
nonFullTGDs	1345		fullTGDs	79844			newNonFullTGDs	0		newFullTGDs	2567
nonFullTGDs	1345		fullTGDs	79944			newNonFullTGDs	0		newFullTGDs	2531
nonFullTGDs	1345		fullTGDs	80044			newNonFullTGDs	0		newFullTGDs	2483
nonFullTGDs	1345		fullTGDs	80144			newNonFullTGDs	0		newFullTGDs	2445
nonFullTGDs	1345		fullTGDs	80244			newNonFullTGDs	0		newFullTGDs	2575
nonFullTGDs	1345		fullTGDs	80344			newNonFullTGDs	0		newFullTGDs	2475
nonFullTGDs	1345		fullTGDs	80444			newNonFullTGDs	0		newFullTGDs	2408
nonFullTGDs	1345		fullTGDs	80544			newNonFullTGDs	0		newFullTGDs	2371
nonFullTGDs	1345		fullTGDs	80644			newNonFullTGDs	0		newFullTGDs	2336
nonFullTGDs	1345		fullTGDs	80744			newNonFullTGDs	0		newFullTGDs	2297
nonFullTGDs	1345		fullTGDs	80844			newNonFullTGDs	0		newFullTGDs	2435
nonFullTGDs	1345		fullTGDs	80944			newNonFullTGDs	0		newFullTGDs	2335
nonFullTGDs	1345		fullTGDs	81044			newNonFullTGDs	0		newFullTGDs	2259
nonFullTGDs	1345		fullTGDs	81144			newNonFullTGDs	0		newFullTGDs	2222
nonFullTGDs	1345		fullTGDs	81244			newNonFullTGDs	0		newFullTGDs	2173
nonFullTGDs	1345		fullTGDs	81344			newNonFullTGDs	0		newFullTGDs	2123
nonFullTGDs	1345		fullTGDs	81443			newNonFullTGDs	0		newFullTGDs	2074
nonFullTGDs	1345		fullTGDs	81543			newNonFullTGDs	0		newFullTGDs	2038
nonFullTGDs	1345		fullTGDs	81643			newNonFullTGDs	0		newFullTGDs	2002
nonFullTGDs	1345		fullTGDs	81743			newNonFullTGDs	0		newFullTGDs	2170
nonFullTGDs	1345		fullTGDs	81843			newNonFullTGDs	0		newFullTGDs	2070
nonFullTGDs	1345		fullTGDs	81943			newNonFullTGDs	0		newFullTGDs	1970
nonFullTGDs	1345		fullTGDs	82043			newNonFullTGDs	0		newFullTGDs	1932
nonFullTGDs	1345		fullTGDs	82143			newNonFullTGDs	0		newFullTGDs	1878
nonFullTGDs	1345		fullTGDs	82242			newNonFullTGDs	0		newFullTGDs	1836
nonFullTGDs	1345		fullTGDs	82341			newNonFullTGDs	0		newFullTGDs	1795
nonFullTGDs	1345		fullTGDs	82440			newNonFullTGDs	0		newFullTGDs	1760
nonFullTGDs	1345		fullTGDs	82537			newNonFullTGDs	0		newFullTGDs	1713
nonFullTGDs	1345		fullTGDs	82636			newNonFullTGDs	0		newFullTGDs	1664
nonFullTGDs	1345		fullTGDs	82736			newNonFullTGDs	0		newFullTGDs	1635
nonFullTGDs	1345		fullTGDs	82836			newNonFullTGDs	0		newFullTGDs	1580
nonFullTGDs	1345		fullTGDs	82936			newNonFullTGDs	0		newFullTGDs	1541
nonFullTGDs	1345		fullTGDs	83036			newNonFullTGDs	0		newFullTGDs	1492
nonFullTGDs	1345		fullTGDs	83135			newNonFullTGDs	0		newFullTGDs	1443
nonFullTGDs	1345		fullTGDs	83235			newNonFullTGDs	0		newFullTGDs	1408
nonFullTGDs	1345		fullTGDs	83335			newNonFullTGDs	0		newFullTGDs	1372
nonFullTGDs	1345		fullTGDs	83435			newNonFullTGDs	0		newFullTGDs	1502
nonFullTGDs	1345		fullTGDs	83535			newNonFullTGDs	0		newFullTGDs	1402
nonFullTGDs	1345		fullTGDs	83635			newNonFullTGDs	0		newFullTGDs	1335
nonFullTGDs	1345		fullTGDs	83735			newNonFullTGDs	0		newFullTGDs	1296
nonFullTGDs	1345		fullTGDs	83835			newNonFullTGDs	0		newFullTGDs	1248
nonFullTGDs	1345		fullTGDs	83934			newNonFullTGDs	0		newFullTGDs	1217
nonFullTGDs	1345		fullTGDs	84034			newNonFullTGDs	0		newFullTGDs	1163
nonFullTGDs	1345		fullTGDs	84133			newNonFullTGDs	0		newFullTGDs	1114
nonFullTGDs	1345		fullTGDs	84232			newNonFullTGDs	0		newFullTGDs	1067
nonFullTGDs	1345		fullTGDs	84332			newNonFullTGDs	0		newFullTGDs	1031
nonFullTGDs	1345		fullTGDs	84432			newNonFullTGDs	0		newFullTGDs	1183
nonFullTGDs	1345		fullTGDs	84532			newNonFullTGDs	0		newFullTGDs	1083
nonFullTGDs	1345		fullTGDs	84632			newNonFullTGDs	0		newFullTGDs	993
nonFullTGDs	1345		fullTGDs	84732			newNonFullTGDs	0		newFullTGDs	955
nonFullTGDs	1345		fullTGDs	84832			newNonFullTGDs	0		newFullTGDs	908
nonFullTGDs	1345		fullTGDs	84932			newNonFullTGDs	0		newFullTGDs	859
nonFullTGDs	1345		fullTGDs	85032			newNonFullTGDs	0		newFullTGDs	809
nonFullTGDs	1345		fullTGDs	85131			newNonFullTGDs	0		newFullTGDs	760
nonFullTGDs	1345		fullTGDs	85231			newNonFullTGDs	0		newFullTGDs	711
nonFullTGDs	1345		fullTGDs	85331			newNonFullTGDs	0		newFullTGDs	661
nonFullTGDs	1345		fullTGDs	85430			newNonFullTGDs	0		newFullTGDs	613
nonFullTGDs	1345		fullTGDs	85530			newNonFullTGDs	0		newFullTGDs	563
nonFullTGDs	1345		fullTGDs	85630			newNonFullTGDs	0		newFullTGDs	527
nonFullTGDs	1345		fullTGDs	85730			newNonFullTGDs	0		newFullTGDs	483
nonFullTGDs	1345		fullTGDs	85830			newNonFullTGDs	0		newFullTGDs	662
nonFullTGDs	1345		fullTGDs	85930			newNonFullTGDs	0		newFullTGDs	562
nonFullTGDs	1345		fullTGDs	86030			newNonFullTGDs	0		newFullTGDs	462
nonFullTGDs	1345		fullTGDs	86130			newNonFullTGDs	0		newFullTGDs	424
nonFullTGDs	1345		fullTGDs	86230			newNonFullTGDs	0		newFullTGDs	369
nonFullTGDs	1345		fullTGDs	86330			newNonFullTGDs	0		newFullTGDs	334
nonFullTGDs	1345		fullTGDs	86430			newNonFullTGDs	0		newFullTGDs	488
nonFullTGDs	1345		fullTGDs	86530			newNonFullTGDs	0		newFullTGDs	388
nonFullTGDs	1345		fullTGDs	86630			newNonFullTGDs	0		newFullTGDs	294
nonFullTGDs	1345		fullTGDs	86730			newNonFullTGDs	0		newFullTGDs	258
nonFullTGDs	1345		fullTGDs	86830			newNonFullTGDs	0		newFullTGDs	211
nonFullTGDs	1345		fullTGDs	86925			newNonFullTGDs	0		newFullTGDs	163
nonFullTGDs	1345		fullTGDs	87024			newNonFullTGDs	0		newFullTGDs	126
nonFullTGDs	1345		fullTGDs	87122			newNonFullTGDs	0		newFullTGDs	283
nonFullTGDs	1345		fullTGDs	87222			newNonFullTGDs	0		newFullTGDs	183
nonFullTGDs	1345		fullTGDs	87322			newNonFullTGDs	0		newFullTGDs	86
nonFullTGDs	1345		fullTGDs	87422			newNonFullTGDs	0		newFullTGDs	50
nonFullTGDs	1345		fullTGDs	87522			newNonFullTGDs	0		newFullTGDs	4
Nov 21, 2021 10:14:14 AM uk.ac.ox.cs.gsat.SaturationStatistics log
INFO: # initial TGDs: 2703 , 438
Nov 21, 2021 10:14:14 AM uk.ac.ox.cs.gsat.SaturationStatistics log
INFO: SkSat total time : 2249 ms = 2.25 s
Nov 21, 2021 10:14:14 AM uk.ac.ox.cs.gsat.SaturationStatistics log
INFO: Subsumed elements : 0
Nov 21, 2021 10:14:14 AM uk.ac.ox.cs.gsat.SaturationStatistics log
INFO: Filter discarded elements : 0
Nov 21, 2021 10:14:14 AM uk.ac.ox.cs.gsat.SaturationStatistics log
INFO: subsumption time: 7 ms = 0.01 s
Nov 21, 2021 10:14:14 AM uk.ac.ox.cs.gsat.SaturationStatistics log
INFO: forward subsumption time: 3 ms = 0.00 s
Nov 21, 2021 10:14:14 AM uk.ac.ox.cs.gsat.SaturationStatistics log
INFO: backward subsumption time: 4 ms = 0.00 s
Nov 21, 2021 10:14:14 AM uk.ac.ox.cs.gsat.SaturationStatistics log
INFO: Derived full/non full TGDs: 85307 , 1348
Nov 21, 2021 10:14:14 AM uk.ac.ox.cs.gsat.SaturationStatistics log
INFO: discarded tautology count: 191
Nov 21, 2021 10:14:14 AM uk.ac.ox.cs.gsat.EvolveStatistics log
INFO: Stop because subsumed: 18461
Nov 21, 2021 10:14:14 AM uk.ac.ox.cs.gsat.EvolveStatistics log
INFO: evolved equals to current: 0
Nov 21, 2021 10:14:14 AM uk.ac.ox.cs.gsat.EvolveStatistics log
INFO: evolved time: 1087 ms = 1.09 s
Nov 21, 2021 10:14:14 AM uk.ac.ox.cs.gsat.EvolveStatistics log
INFO: evolve count: 86655
Nov 21, 2021 10:14:14 AM uk.ac.ox.cs.gsat.SkolemStatistics log
INFO: maximum number of Skolem atoms in body: 1
Nov 21, 2021 10:14:14 AM uk.ac.ox.cs.gsat.SkolemStatistics log
INFO: left derived TGD with Skolem in the body: 0
Nov 21, 2021 10:14:14 AM uk.ac.ox.cs.gsat.SkolemStatistics log
INFO: right derived TGD with Skolem in the body: 66485
Nov 21, 2021 10:14:14 AM uk.ac.ox.cs.gsat.SkolemStatistics log
INFO: derived TGD with more than two Skolem atoms in the body: 0
Nov 21, 2021 10:14:14 AM uk.ac.ox.cs.gsat.AbstractSaturation run
INFO: ouptput full TGDs not contained in the input: 18625
Nov 21, 2021 10:14:14 AM uk.ac.ox.cs.gsat.App executeAllSteps
INFO: Rewriting completed!
Full TGD saturation: (21328 dependecies)
Nov 21, 2021 10:14:14 AM uk.ac.ox.cs.gsat.App executeAllSteps
INFO: Writing the saturation in the Datalog file 00595.rul
