Starting Saturation...
Executing from DLGP files
SLF4J: Failed to load class "org.slf4j.impl.StaticLoggerBinder".
SLF4J: Defaulting to no-operation (NOP) logger implementation
SLF4J: See http://www.slf4j.org/codes.html#StaticLoggerBinder for further details.
# Rules: 24028; # Atoms: 0; # AtomSets: 0; # Queries: 0; # Constraints: 0
Full TGD saturation algorithm: Skolem Sat
Running SkSat...
Nov 21, 2021 10:30:40 AM uk.ac.ox.cs.gsat.AbstractSaturation run
INFO: SkSat discarded rules : 0/24028 = 0.000%
SkSat discarded rules : 0/24028 = 0.000%
Nov 21, 2021 10:30:41 AM uk.ac.ox.cs.gsat.AbstractSaturation run
INFO: Subsumption method : disabled
nonFullTGDs	0		fullTGDs	13597			newNonFullTGDs	13346		newFullTGDs	0
nonFullTGDs	80		fullTGDs	13597			newNonFullTGDs	13330		newFullTGDs	16144
nonFullTGDs	157		fullTGDs	13597			newNonFullTGDs	13308		newFullTGDs	34225
nonFullTGDs	239		fullTGDs	13597			newNonFullTGDs	13288		newFullTGDs	46499
nonFullTGDs	322		fullTGDs	13597			newNonFullTGDs	13264		newFullTGDs	62743
nonFullTGDs	397		fullTGDs	13597			newNonFullTGDs	13250		newFullTGDs	72867
nonFullTGDs	474		fullTGDs	13597			newNonFullTGDs	13236		newFullTGDs	86995
nonFullTGDs	543		fullTGDs	13597			newNonFullTGDs	13217		newFullTGDs	93203
nonFullTGDs	625		fullTGDs	13597			newNonFullTGDs	13192		newFullTGDs	111354
nonFullTGDs	702		fullTGDs	13597			newNonFullTGDs	13168		newFullTGDs	117909
nonFullTGDs	773		fullTGDs	13597			newNonFullTGDs	13159		newFullTGDs	118128
nonFullTGDs	844		fullTGDs	13597			newNonFullTGDs	13147		newFullTGDs	124308
nonFullTGDs	920		fullTGDs	13597			newNonFullTGDs	13126		newFullTGDs	134520
nonFullTGDs	999		fullTGDs	13597			newNonFullTGDs	13090		newFullTGDs	154609
nonFullTGDs	1068		fullTGDs	13597			newNonFullTGDs	13074		newFullTGDs	164731
nonFullTGDs	1148		fullTGDs	13597			newNonFullTGDs	13055		newFullTGDs	170880
nonFullTGDs	1227		fullTGDs	13597			newNonFullTGDs	13037		newFullTGDs	181081
nonFullTGDs	1301		fullTGDs	13597			newNonFullTGDs	13020		newFullTGDs	195154
nonFullTGDs	1376		fullTGDs	13597			newNonFullTGDs	13005		newFullTGDs	205418
nonFullTGDs	1449		fullTGDs	13597			newNonFullTGDs	12987		newFullTGDs	219553
nonFullTGDs	1533		fullTGDs	13597			newNonFullTGDs	12965		newFullTGDs	235652
nonFullTGDs	1608		fullTGDs	13597			newNonFullTGDs	12953		newFullTGDs	245714
nonFullTGDs	1680		fullTGDs	13597			newNonFullTGDs	12940		newFullTGDs	251766
nonFullTGDs	1758		fullTGDs	13597			newNonFullTGDs	12919		newFullTGDs	263989
nonFullTGDs	1840		fullTGDs	13597			newNonFullTGDs	12898		newFullTGDs	276053
nonFullTGDs	1915		fullTGDs	13597			newNonFullTGDs	12880		newFullTGDs	292129
nonFullTGDs	1992		fullTGDs	13597			newNonFullTGDs	12862		newFullTGDs	308208
nonFullTGDs	2067		fullTGDs	13597			newNonFullTGDs	12849		newFullTGDs	322264
nonFullTGDs	2143		fullTGDs	13597			newNonFullTGDs	12833		newFullTGDs	340405
nonFullTGDs	2212		fullTGDs	13597			newNonFullTGDs	12818		newFullTGDs	350465
nonFullTGDs	2290		fullTGDs	13597			newNonFullTGDs	12805		newFullTGDs	366527
nonFullTGDs	2364		fullTGDs	13597			newNonFullTGDs	12784		newFullTGDs	386615
nonFullTGDs	2448		fullTGDs	13597			newNonFullTGDs	12758		newFullTGDs	400791
nonFullTGDs	2519		fullTGDs	13597			newNonFullTGDs	12744		newFullTGDs	412848
nonFullTGDs	2598		fullTGDs	13597			newNonFullTGDs	12722		newFullTGDs	424994
nonFullTGDs	2676		fullTGDs	13597			newNonFullTGDs	12705		newFullTGDs	439139
nonFullTGDs	2756		fullTGDs	13597			newNonFullTGDs	12683		newFullTGDs	453284
nonFullTGDs	2830		fullTGDs	13597			newNonFullTGDs	12667		newFullTGDs	465357
nonFullTGDs	2913		fullTGDs	13597			newNonFullTGDs	12643		newFullTGDs	473709
nonFullTGDs	2996		fullTGDs	13597			newNonFullTGDs	12624		newFullTGDs	491782
nonFullTGDs	3069		fullTGDs	13597			newNonFullTGDs	12610		newFullTGDs	503909
nonFullTGDs	3145		fullTGDs	13597			newNonFullTGDs	12589		newFullTGDs	514327
nonFullTGDs	3224		fullTGDs	13597			newNonFullTGDs	12574		newFullTGDs	526527
nonFullTGDs	3301		fullTGDs	13597			newNonFullTGDs	12557		newFullTGDs	536783
nonFullTGDs	3382		fullTGDs	13597			newNonFullTGDs	12536		newFullTGDs	549009
nonFullTGDs	3461		fullTGDs	13597			newNonFullTGDs	12518		newFullTGDs	563145
nonFullTGDs	3536		fullTGDs	13597			newNonFullTGDs	12501		newFullTGDs	579217
nonFullTGDs	3617		fullTGDs	13597			newNonFullTGDs	12483		newFullTGDs	593702
nonFullTGDs	3692		fullTGDs	13597			newNonFullTGDs	12459		newFullTGDs	604043
nonFullTGDs	3769		fullTGDs	13597			newNonFullTGDs	12439		newFullTGDs	612186
nonFullTGDs	3843		fullTGDs	13597			newNonFullTGDs	12431		newFullTGDs	622383
nonFullTGDs	3916		fullTGDs	13597			newNonFullTGDs	12416		newFullTGDs	626410
nonFullTGDs	3979		fullTGDs	13597			newNonFullTGDs	12407		newFullTGDs	630453
nonFullTGDs	4054		fullTGDs	13597			newNonFullTGDs	12397		newFullTGDs	638700
nonFullTGDs	4130		fullTGDs	13597			newNonFullTGDs	12381		newFullTGDs	654759
nonFullTGDs	4200		fullTGDs	13597			newNonFullTGDs	12374		newFullTGDs	660786
nonFullTGDs	4267		fullTGDs	13597			newNonFullTGDs	12356		newFullTGDs	672991
nonFullTGDs	4349		fullTGDs	13597			newNonFullTGDs	12347		newFullTGDs	685028
nonFullTGDs	4426		fullTGDs	13597			newNonFullTGDs	12335		newFullTGDs	689062
nonFullTGDs	4498		fullTGDs	13597			newNonFullTGDs	12320		newFullTGDs	705160
nonFullTGDs	4569		fullTGDs	13597			newNonFullTGDs	12308		newFullTGDs	713342
nonFullTGDs	4645		fullTGDs	13597			newNonFullTGDs	12300		newFullTGDs	721595
nonFullTGDs	4715		fullTGDs	13597			newNonFullTGDs	12284		newFullTGDs	727700
nonFullTGDs	4789		fullTGDs	13597			newNonFullTGDs	12281		newFullTGDs	735744
nonFullTGDs	4861		fullTGDs	13597			newNonFullTGDs	12257		newFullTGDs	743945
nonFullTGDs	4935		fullTGDs	13597			newNonFullTGDs	12242		newFullTGDs	746207
nonFullTGDs	5002		fullTGDs	13597			newNonFullTGDs	12227		newFullTGDs	754408
nonFullTGDs	5073		fullTGDs	13597			newNonFullTGDs	12208		newFullTGDs	770483
nonFullTGDs	5147		fullTGDs	13597			newNonFullTGDs	12203		newFullTGDs	780593
nonFullTGDs	5219		fullTGDs	13597			newNonFullTGDs	12184		newFullTGDs	784647
nonFullTGDs	5300		fullTGDs	13597			newNonFullTGDs	12168		newFullTGDs	792790
nonFullTGDs	5376		fullTGDs	13597			newNonFullTGDs	12157		newFullTGDs	792889
nonFullTGDs	5450		fullTGDs	13597			newNonFullTGDs	12147		newFullTGDs	796925
nonFullTGDs	5525		fullTGDs	13597			newNonFullTGDs	12134		newFullTGDs	802958
nonFullTGDs	5593		fullTGDs	13597			newNonFullTGDs	12121		newFullTGDs	817014
nonFullTGDs	5667		fullTGDs	13597			newNonFullTGDs	12102		newFullTGDs	839086
nonFullTGDs	5743		fullTGDs	13597			newNonFullTGDs	12089		newFullTGDs	855150
nonFullTGDs	5818		fullTGDs	13597			newNonFullTGDs	12072		newFullTGDs	863210
nonFullTGDs	5906		fullTGDs	13597			newNonFullTGDs	12065		newFullTGDs	867220
nonFullTGDs	5991		fullTGDs	13597			newNonFullTGDs	12057		newFullTGDs	871238
nonFullTGDs	6063		fullTGDs	13597			newNonFullTGDs	12040		newFullTGDs	885290
nonFullTGDs	6135		fullTGDs	13597			newNonFullTGDs	12023		newFullTGDs	897505
nonFullTGDs	6209		fullTGDs	13597			newNonFullTGDs	12007		newFullTGDs	907694
nonFullTGDs	6283		fullTGDs	13597			newNonFullTGDs	11991		newFullTGDs	923758
nonFullTGDs	6356		fullTGDs	13597			newNonFullTGDs	11981		newFullTGDs	933875
nonFullTGDs	6419		fullTGDs	13597			newNonFullTGDs	11968		newFullTGDs	941922
nonFullTGDs	6485		fullTGDs	13597			newNonFullTGDs	11954		newFullTGDs	949981
nonFullTGDs	6555		fullTGDs	13597			newNonFullTGDs	11946		newFullTGDs	962098
nonFullTGDs	6621		fullTGDs	13597			newNonFullTGDs	11934		newFullTGDs	972130
nonFullTGDs	6693		fullTGDs	13597			newNonFullTGDs	11916		newFullTGDs	982401
nonFullTGDs	6771		fullTGDs	13597			newNonFullTGDs	11902		newFullTGDs	1000472
nonFullTGDs	6842		fullTGDs	13597			newNonFullTGDs	11891		newFullTGDs	1012524
nonFullTGDs	6910		fullTGDs	13597			newNonFullTGDs	11875		newFullTGDs	1024581
nonFullTGDs	6979		fullTGDs	13597			newNonFullTGDs	11865		newFullTGDs	1040700
nonFullTGDs	7049		fullTGDs	13597			newNonFullTGDs	11848		newFullTGDs	1046824
nonFullTGDs	7121		fullTGDs	13597			newNonFullTGDs	11840		newFullTGDs	1050933
nonFullTGDs	7183		fullTGDs	13597			newNonFullTGDs	11831		newFullTGDs	1056960
nonFullTGDs	7254		fullTGDs	13597			newNonFullTGDs	11824		newFullTGDs	1067070
nonFullTGDs	7326		fullTGDs	13597			newNonFullTGDs	11807		newFullTGDs	1077142
nonFullTGDs	7403		fullTGDs	13597			newNonFullTGDs	11789		newFullTGDs	1093211
nonFullTGDs	7482		fullTGDs	13597			newNonFullTGDs	11780		newFullTGDs	1101337
nonFullTGDs	7555		fullTGDs	13597			newNonFullTGDs	11764		newFullTGDs	1103376
nonFullTGDs	7637		fullTGDs	13597			newNonFullTGDs	11755		newFullTGDs	1109386
nonFullTGDs	7713		fullTGDs	13597			newNonFullTGDs	11734		newFullTGDs	1123536
nonFullTGDs	7789		fullTGDs	13597			newNonFullTGDs	11721		newFullTGDs	1141606
nonFullTGDs	7865		fullTGDs	13597			newNonFullTGDs	11707		newFullTGDs	1151661
nonFullTGDs	7942		fullTGDs	13597			newNonFullTGDs	11693		newFullTGDs	1161778
nonFullTGDs	8024		fullTGDs	13597			newNonFullTGDs	11681		newFullTGDs	1167805
nonFullTGDs	8100		fullTGDs	13597			newNonFullTGDs	11662		newFullTGDs	1179876
nonFullTGDs	8174		fullTGDs	13597			newNonFullTGDs	11648		newFullTGDs	1193938
nonFullTGDs	8248		fullTGDs	13597			newNonFullTGDs	11634		newFullTGDs	1208001
nonFullTGDs	8329		fullTGDs	13597			newNonFullTGDs	11624		newFullTGDs	1220055
nonFullTGDs	8408		fullTGDs	13597			newNonFullTGDs	11618		newFullTGDs	1222072
nonFullTGDs	8485		fullTGDs	13597			newNonFullTGDs	11596		newFullTGDs	1232104
nonFullTGDs	8569		fullTGDs	13597			newNonFullTGDs	11586		newFullTGDs	1242138
nonFullTGDs	8642		fullTGDs	13597			newNonFullTGDs	11569		newFullTGDs	1256209
nonFullTGDs	8717		fullTGDs	13597			newNonFullTGDs	11554		newFullTGDs	1270270
nonFullTGDs	8795		fullTGDs	13597			newNonFullTGDs	11538		newFullTGDs	1286338
nonFullTGDs	8874		fullTGDs	13597			newNonFullTGDs	11528		newFullTGDs	1300388
nonFullTGDs	8952		fullTGDs	13597			newNonFullTGDs	11507		newFullTGDs	1316464
nonFullTGDs	9032		fullTGDs	13597			newNonFullTGDs	11490		newFullTGDs	1332533
nonFullTGDs	9109		fullTGDs	13597			newNonFullTGDs	11473		newFullTGDs	1350610
nonFullTGDs	9188		fullTGDs	13597			newNonFullTGDs	11458		newFullTGDs	1364666
nonFullTGDs	9260		fullTGDs	13597			newNonFullTGDs	11448		newFullTGDs	1376712
nonFullTGDs	9339		fullTGDs	13597			newNonFullTGDs	11430		newFullTGDs	1392787
nonFullTGDs	9403		fullTGDs	13597			newNonFullTGDs	11422		newFullTGDs	1398886
nonFullTGDs	9483		fullTGDs	13597			newNonFullTGDs	11413		newFullTGDs	1408920
nonFullTGDs	9562		fullTGDs	13597			newNonFullTGDs	11394		newFullTGDs	1427075
nonFullTGDs	9640		fullTGDs	13597			newNonFullTGDs	11392		newFullTGDs	1439137
nonFullTGDs	9698		fullTGDs	13597			newNonFullTGDs	11388		newFullTGDs	1441211
nonFullTGDs	9765		fullTGDs	13597			newNonFullTGDs	11370		newFullTGDs	1445302
nonFullTGDs	9842		fullTGDs	13597			newNonFullTGDs	11363		newFullTGDs	1451335
nonFullTGDs	9922		fullTGDs	13597			newNonFullTGDs	11356		newFullTGDs	1453352
nonFullTGDs	10000		fullTGDs	13597			newNonFullTGDs	11349		newFullTGDs	1453352
nonFullTGDs	10082		fullTGDs	13597			newNonFullTGDs	11339		newFullTGDs	1453352
nonFullTGDs	10165		fullTGDs	13597			newNonFullTGDs	11331		newFullTGDs	1453352
nonFullTGDs	10244		fullTGDs	13597			newNonFullTGDs	11309		newFullTGDs	1467551
nonFullTGDs	10317		fullTGDs	13597			newNonFullTGDs	11296		newFullTGDs	1479677
nonFullTGDs	10395		fullTGDs	13597			newNonFullTGDs	11280		newFullTGDs	1491804
nonFullTGDs	10477		fullTGDs	13597			newNonFullTGDs	11262		newFullTGDs	1509957
nonFullTGDs	10544		fullTGDs	13597			newNonFullTGDs	11257		newFullTGDs	1515990
nonFullTGDs	10615		fullTGDs	13597			newNonFullTGDs	11241		newFullTGDs	1518096
nonFullTGDs	10694		fullTGDs	13597			newNonFullTGDs	11232		newFullTGDs	1530222
nonFullTGDs	10765		fullTGDs	13597			newNonFullTGDs	11217		newFullTGDs	1536261
nonFullTGDs	10847		fullTGDs	13597			newNonFullTGDs	11203		newFullTGDs	1544384
nonFullTGDs	10932		fullTGDs	13597			newNonFullTGDs	11196		newFullTGDs	1544384
nonFullTGDs	11014		fullTGDs	13597			newNonFullTGDs	11183		newFullTGDs	1544384
nonFullTGDs	11100		fullTGDs	13597			newNonFullTGDs	11177		newFullTGDs	1544384
nonFullTGDs	11183		fullTGDs	13597			newNonFullTGDs	11169		newFullTGDs	1544384
nonFullTGDs	11261		fullTGDs	13597			newNonFullTGDs	11154		newFullTGDs	1550410
nonFullTGDs	11338		fullTGDs	13597			newNonFullTGDs	11140		newFullTGDs	1562667
nonFullTGDs	11415		fullTGDs	13597			newNonFullTGDs	11122		newFullTGDs	1578747
nonFullTGDs	11493		fullTGDs	13597			newNonFullTGDs	11102		newFullTGDs	1589157
nonFullTGDs	11570		fullTGDs	13597			newNonFullTGDs	11091		newFullTGDs	1601284
nonFullTGDs	11644		fullTGDs	13597			newNonFullTGDs	11070		newFullTGDs	1611483
nonFullTGDs	11724		fullTGDs	13597			newNonFullTGDs	11051		newFullTGDs	1625757
nonFullTGDs	11803		fullTGDs	13597			newNonFullTGDs	11030		newFullTGDs	1639973
nonFullTGDs	11883		fullTGDs	13597			newNonFullTGDs	11016		newFullTGDs	1658056
nonFullTGDs	11964		fullTGDs	13597			newNonFullTGDs	10997		newFullTGDs	1670329
nonFullTGDs	12033		fullTGDs	13597			newNonFullTGDs	10977		newFullTGDs	1680471
nonFullTGDs	12103		fullTGDs	13597			newNonFullTGDs	10965		newFullTGDs	1692590
nonFullTGDs	12179		fullTGDs	13597			newNonFullTGDs	10947		newFullTGDs	1702918
nonFullTGDs	12255		fullTGDs	13597			newNonFullTGDs	10929		newFullTGDs	1717003
nonFullTGDs	12326		fullTGDs	13597			newNonFullTGDs	10914		newFullTGDs	1723387
nonFullTGDs	12405		fullTGDs	13597			newNonFullTGDs	10905		newFullTGDs	1739452
nonFullTGDs	12474		fullTGDs	13597			newNonFullTGDs	10884		newFullTGDs	1749585
nonFullTGDs	12556		fullTGDs	13597			newNonFullTGDs	10865		newFullTGDs	1763737
nonFullTGDs	12634		fullTGDs	13597			newNonFullTGDs	10846		newFullTGDs	1773879
nonFullTGDs	12716		fullTGDs	13597			newNonFullTGDs	10828		newFullTGDs	1781950
nonFullTGDs	12794		fullTGDs	13597			newNonFullTGDs	10811		newFullTGDs	1788022
nonFullTGDs	12880		fullTGDs	13597			newNonFullTGDs	10790		newFullTGDs	1806121
nonFullTGDs	12960		fullTGDs	13597			newNonFullTGDs	10769		newFullTGDs	1820336
nonFullTGDs	13041		fullTGDs	13597			newNonFullTGDs	10750		newFullTGDs	1838423
nonFullTGDs	13121		fullTGDs	13597			newNonFullTGDs	10729		newFullTGDs	1854498
nonFullTGDs	13203		fullTGDs	13597			newNonFullTGDs	10708		newFullTGDs	1866716
nonFullTGDs	13275		fullTGDs	13597			newNonFullTGDs	10693		newFullTGDs	1880982
nonFullTGDs	13353		fullTGDs	13597			newNonFullTGDs	10673		newFullTGDs	1893135
nonFullTGDs	13436		fullTGDs	13597			newNonFullTGDs	10648		newFullTGDs	1915254
nonFullTGDs	13518		fullTGDs	13597			newNonFullTGDs	10624		newFullTGDs	1937359
nonFullTGDs	13595		fullTGDs	13597			newNonFullTGDs	10612		newFullTGDs	1951425
nonFullTGDs	13663		fullTGDs	13597			newNonFullTGDs	10598		newFullTGDs	1961478
nonFullTGDs	13732		fullTGDs	13597			newNonFullTGDs	10580		newFullTGDs	1971543
nonFullTGDs	13804		fullTGDs	13597			newNonFullTGDs	10567		newFullTGDs	1985606
nonFullTGDs	13876		fullTGDs	13597			newNonFullTGDs	10548		newFullTGDs	1997814
nonFullTGDs	13945		fullTGDs	13597			newNonFullTGDs	10534		newFullTGDs	2011876
nonFullTGDs	14021		fullTGDs	13597			newNonFullTGDs	10520		newFullTGDs	2028002
nonFullTGDs	14102		fullTGDs	13597			newNonFullTGDs	10505		newFullTGDs	2044074
nonFullTGDs	14175		fullTGDs	13597			newNonFullTGDs	10483		newFullTGDs	2052229
nonFullTGDs	14256		fullTGDs	13597			newNonFullTGDs	10474		newFullTGDs	2062269
nonFullTGDs	14320		fullTGDs	13597			newNonFullTGDs	10469		newFullTGDs	2068296
nonFullTGDs	14392		fullTGDs	13597			newNonFullTGDs	10447		newFullTGDs	2086377
nonFullTGDs	14471		fullTGDs	13597			newNonFullTGDs	10427		newFullTGDs	2108476
nonFullTGDs	14546		fullTGDs	13597			newNonFullTGDs	10407		newFullTGDs	2124556
nonFullTGDs	14624		fullTGDs	13597			newNonFullTGDs	10393		newFullTGDs	2142617
nonFullTGDs	14691		fullTGDs	13597			newNonFullTGDs	10379		newFullTGDs	2154683
nonFullTGDs	14758		fullTGDs	13597			newNonFullTGDs	10366		newFullTGDs	2166737
nonFullTGDs	14828		fullTGDs	13597			newNonFullTGDs	10356		newFullTGDs	2180788
nonFullTGDs	14890		fullTGDs	13597			newNonFullTGDs	10341		newFullTGDs	2190837
nonFullTGDs	14970		fullTGDs	13597			newNonFullTGDs	10325		newFullTGDs	2207045
nonFullTGDs	15047		fullTGDs	13597			newNonFullTGDs	10307		newFullTGDs	2215315
nonFullTGDs	15113		fullTGDs	13597			newNonFullTGDs	10299		newFullTGDs	2225424
nonFullTGDs	15187		fullTGDs	13597			newNonFullTGDs	10279		newFullTGDs	2241492
nonFullTGDs	15264		fullTGDs	13597			newNonFullTGDs	10264		newFullTGDs	2245674
nonFullTGDs	15342		fullTGDs	13597			newNonFullTGDs	10247		newFullTGDs	2259819
nonFullTGDs	15417		fullTGDs	13597			newNonFullTGDs	10230		newFullTGDs	2267954
nonFullTGDs	15491		fullTGDs	13597			newNonFullTGDs	10210		newFullTGDs	2282096
nonFullTGDs	15557		fullTGDs	13597			newNonFullTGDs	10200		newFullTGDs	2290140
nonFullTGDs	15636		fullTGDs	13597			newNonFullTGDs	10183		newFullTGDs	2308283
nonFullTGDs	15709		fullTGDs	13597			newNonFullTGDs	10164		newFullTGDs	2320423
nonFullTGDs	15782		fullTGDs	13597			newNonFullTGDs	10151		newFullTGDs	2338489
nonFullTGDs	15863		fullTGDs	13597			newNonFullTGDs	10133		newFullTGDs	2350697
nonFullTGDs	15935		fullTGDs	13597			newNonFullTGDs	10115		newFullTGDs	2354960
nonFullTGDs	16018		fullTGDs	13597			newNonFullTGDs	10095		newFullTGDs	2361127
nonFullTGDs	16096		fullTGDs	13597			newNonFullTGDs	10078		newFullTGDs	2379290
nonFullTGDs	16170		fullTGDs	13597			newNonFullTGDs	10063		newFullTGDs	2393532
nonFullTGDs	16251		fullTGDs	13597			newNonFullTGDs	10052		newFullTGDs	2399650
nonFullTGDs	16326		fullTGDs	13597			newNonFullTGDs	10038		newFullTGDs	2401651
nonFullTGDs	16405		fullTGDs	13597			newNonFullTGDs	10016		newFullTGDs	2413803
nonFullTGDs	16489		fullTGDs	13597			newNonFullTGDs	9999		newFullTGDs	2435934
nonFullTGDs	16572		fullTGDs	13597			newNonFullTGDs	9973		newFullTGDs	2448312
nonFullTGDs	16647		fullTGDs	13597			newNonFullTGDs	9958		newFullTGDs	2460438
nonFullTGDs	16717		fullTGDs	13597			newNonFullTGDs	9943		newFullTGDs	2472563
nonFullTGDs	16790		fullTGDs	13597			newNonFullTGDs	9926		newFullTGDs	2482833
nonFullTGDs	16858		fullTGDs	13597			newNonFullTGDs	9913		newFullTGDs	2494894
nonFullTGDs	16936		fullTGDs	13597			newNonFullTGDs	9894		newFullTGDs	2507021
nonFullTGDs	17013		fullTGDs	13597			newNonFullTGDs	9876		newFullTGDs	2523087
nonFullTGDs	17090		fullTGDs	13597			newNonFullTGDs	9859		newFullTGDs	2541168
nonFullTGDs	17164		fullTGDs	13597			newNonFullTGDs	9843		newFullTGDs	2557240
nonFullTGDs	17239		fullTGDs	13597			newNonFullTGDs	9824		newFullTGDs	2575425
nonFullTGDs	17309		fullTGDs	13597			newNonFullTGDs	9816		newFullTGDs	2587468
nonFullTGDs	17381		fullTGDs	13597			newNonFullTGDs	9805		newFullTGDs	2593519
nonFullTGDs	17450		fullTGDs	13597			newNonFullTGDs	9785		newFullTGDs	2605657
nonFullTGDs	17529		fullTGDs	13597			newNonFullTGDs	9764		newFullTGDs	2619883
nonFullTGDs	17610		fullTGDs	13597			newNonFullTGDs	9745		newFullTGDs	2638043
nonFullTGDs	17680		fullTGDs	13597			newNonFullTGDs	9728		newFullTGDs	2652105
nonFullTGDs	17759		fullTGDs	13597			newNonFullTGDs	9717		newFullTGDs	2662177
nonFullTGDs	17832		fullTGDs	13597			newNonFullTGDs	9701		newFullTGDs	2676240
nonFullTGDs	17895		fullTGDs	13597			newNonFullTGDs	9693		newFullTGDs	2682267
nonFullTGDs	17967		fullTGDs	13597			newNonFullTGDs	9678		newFullTGDs	2694392
nonFullTGDs	18040		fullTGDs	13597			newNonFullTGDs	9660		newFullTGDs	2704666
nonFullTGDs	18116		fullTGDs	13597			newNonFullTGDs	9647		newFullTGDs	2716793
nonFullTGDs	18189		fullTGDs	13597			newNonFullTGDs	9631		newFullTGDs	2730921
nonFullTGDs	18265		fullTGDs	13597			newNonFullTGDs	9614		newFullTGDs	2745050
nonFullTGDs	18342		fullTGDs	13597			newNonFullTGDs	9594		newFullTGDs	2759138
nonFullTGDs	18419		fullTGDs	13597			newNonFullTGDs	9576		newFullTGDs	2773292
nonFullTGDs	18490		fullTGDs	13597			newNonFullTGDs	9566		newFullTGDs	2787344
nonFullTGDs	18560		fullTGDs	13597			newNonFullTGDs	9550		newFullTGDs	2799478
nonFullTGDs	18632		fullTGDs	13597			newNonFullTGDs	9537		newFullTGDs	2809585
nonFullTGDs	18706		fullTGDs	13597			newNonFullTGDs	9519		newFullTGDs	2827670
nonFullTGDs	18780		fullTGDs	13597			newNonFullTGDs	9500		newFullTGDs	2837803
nonFullTGDs	18857		fullTGDs	13597			newNonFullTGDs	9495		newFullTGDs	2853851
nonFullTGDs	18926		fullTGDs	13597			newNonFullTGDs	9468		newFullTGDs	2863982
nonFullTGDs	19002		fullTGDs	13597			newNonFullTGDs	9452		newFullTGDs	2874182
nonFullTGDs	19071		fullTGDs	13597			newNonFullTGDs	9437		newFullTGDs	2886304
nonFullTGDs	19153		fullTGDs	13597			newNonFullTGDs	9422		newFullTGDs	2904448
nonFullTGDs	19233		fullTGDs	13597			newNonFullTGDs	9401		newFullTGDs	2922529
nonFullTGDs	19314		fullTGDs	13597			newNonFullTGDs	9379		newFullTGDs	2934883
nonFullTGDs	19388		fullTGDs	13597			newNonFullTGDs	9364		newFullTGDs	2947081
nonFullTGDs	19465		fullTGDs	13597			newNonFullTGDs	9347		newFullTGDs	2959346
nonFullTGDs	19545		fullTGDs	13597			newNonFullTGDs	9326		newFullTGDs	2973634
nonFullTGDs	19627		fullTGDs	13597			newNonFullTGDs	9307		newFullTGDs	2991782
nonFullTGDs	19707		fullTGDs	13597			newNonFullTGDs	9288		newFullTGDs	3005908
nonFullTGDs	19786		fullTGDs	13597			newNonFullTGDs	9276		newFullTGDs	3016107
nonFullTGDs	19864		fullTGDs	13597			newNonFullTGDs	9256		newFullTGDs	3028315
nonFullTGDs	19941		fullTGDs	13597			newNonFullTGDs	9236		newFullTGDs	3046465
nonFullTGDs	20020		fullTGDs	13597			newNonFullTGDs	9219		newFullTGDs	3062542
nonFullTGDs	20097		fullTGDs	13597			newNonFullTGDs	9203		newFullTGDs	3080620
nonFullTGDs	20168		fullTGDs	13597			newNonFullTGDs	9186		newFullTGDs	3092681
nonFullTGDs	20238		fullTGDs	13597			newNonFullTGDs	9176		newFullTGDs	3102727
nonFullTGDs	20314		fullTGDs	13597			newNonFullTGDs	9169		newFullTGDs	3108754
nonFullTGDs	20390		fullTGDs	13597			newNonFullTGDs	9151		newFullTGDs	3124832
nonFullTGDs	20461		fullTGDs	13597			newNonFullTGDs	9141		newFullTGDs	3136896
nonFullTGDs	20531		fullTGDs	13597			newNonFullTGDs	9124		newFullTGDs	3149023
nonFullTGDs	20606		fullTGDs	13597			newNonFullTGDs	9116		newFullTGDs	3161076
nonFullTGDs	20680		fullTGDs	13597			newNonFullTGDs	9099		newFullTGDs	3165124
nonFullTGDs	20756		fullTGDs	13597			newNonFullTGDs	9082		newFullTGDs	3179189
nonFullTGDs	20833		fullTGDs	13597			newNonFullTGDs	9069		newFullTGDs	3193249
nonFullTGDs	20911		fullTGDs	13597			newNonFullTGDs	9051		newFullTGDs	3205449
nonFullTGDs	20993		fullTGDs	13597			newNonFullTGDs	9031		newFullTGDs	3215597
nonFullTGDs	21073		fullTGDs	13597			newNonFullTGDs	9012		newFullTGDs	3235754
nonFullTGDs	21151		fullTGDs	13597			newNonFullTGDs	8990		newFullTGDs	3249830
nonFullTGDs	21220		fullTGDs	13597			newNonFullTGDs	8981		newFullTGDs	3255856
nonFullTGDs	21285		fullTGDs	13597			newNonFullTGDs	8962		newFullTGDs	3275945
nonFullTGDs	21354		fullTGDs	13597			newNonFullTGDs	8953		newFullTGDs	3287989
nonFullTGDs	21424		fullTGDs	13597			newNonFullTGDs	8938		newFullTGDs	3300049
nonFullTGDs	21499		fullTGDs	13597			newNonFullTGDs	8928		newFullTGDs	3314110
nonFullTGDs	21563		fullTGDs	13597			newNonFullTGDs	8912		newFullTGDs	3324163
nonFullTGDs	21634		fullTGDs	13597			newNonFullTGDs	8901		newFullTGDs	3338218
nonFullTGDs	21700		fullTGDs	13597			newNonFullTGDs	8889		newFullTGDs	3350269
nonFullTGDs	21767		fullTGDs	13597			newNonFullTGDs	8880		newFullTGDs	3362323
nonFullTGDs	21835		fullTGDs	13597			newNonFullTGDs	8864		newFullTGDs	3374377
nonFullTGDs	21909		fullTGDs	13597			newNonFullTGDs	8844		newFullTGDs	3392461
nonFullTGDs	21981		fullTGDs	13597			newNonFullTGDs	8833		newFullTGDs	3408512
nonFullTGDs	22056		fullTGDs	13597			newNonFullTGDs	8814		newFullTGDs	3424591
nonFullTGDs	22124		fullTGDs	13597			newNonFullTGDs	8800		newFullTGDs	3438652
nonFullTGDs	22200		fullTGDs	13597			newNonFullTGDs	8778		newFullTGDs	3458750
nonFullTGDs	22280		fullTGDs	13597			newNonFullTGDs	8763		newFullTGDs	3476831
nonFullTGDs	22352		fullTGDs	13597			newNonFullTGDs	8741		newFullTGDs	3490910
nonFullTGDs	22428		fullTGDs	13597			newNonFullTGDs	8723		newFullTGDs	3508994
nonFullTGDs	22505		fullTGDs	13597			newNonFullTGDs	8703		newFullTGDs	3531084
nonFullTGDs	22577		fullTGDs	13597			newNonFullTGDs	8687		newFullTGDs	3547155
nonFullTGDs	22655		fullTGDs	13597			newNonFullTGDs	8671		newFullTGDs	3563222
nonFullTGDs	22737		fullTGDs	13597			newNonFullTGDs	8645		newFullTGDs	3579330
nonFullTGDs	22813		fullTGDs	13597			newNonFullTGDs	8629		newFullTGDs	3597453
nonFullTGDs	22884		fullTGDs	13597			newNonFullTGDs	8612		newFullTGDs	3611516
nonFullTGDs	22957		fullTGDs	13597			newNonFullTGDs	8599		newFullTGDs	3621705
nonFullTGDs	23031		fullTGDs	13597			newNonFullTGDs	8582		newFullTGDs	3635777
nonFullTGDs	23102		fullTGDs	13597			newNonFullTGDs	8566		newFullTGDs	3651848
nonFullTGDs	23172		fullTGDs	13597			newNonFullTGDs	8556		newFullTGDs	3663901
nonFullTGDs	23240		fullTGDs	13597			newNonFullTGDs	8540		newFullTGDs	3677963
nonFullTGDs	23318		fullTGDs	13597			newNonFullTGDs	8525		newFullTGDs	3694031
nonFullTGDs	23389		fullTGDs	13597			newNonFullTGDs	8513		newFullTGDs	3706095
nonFullTGDs	23455		fullTGDs	13597			newNonFullTGDs	8497		newFullTGDs	3718157
nonFullTGDs	23521		fullTGDs	13597			newNonFullTGDs	8487		newFullTGDs	3732204
nonFullTGDs	23598		fullTGDs	13597			newNonFullTGDs	8475		newFullTGDs	3748280
nonFullTGDs	23664		fullTGDs	13597			newNonFullTGDs	8456		newFullTGDs	3758333
nonFullTGDs	23733		fullTGDs	13597			newNonFullTGDs	8444		newFullTGDs	3770384
nonFullTGDs	23810		fullTGDs	13597			newNonFullTGDs	8422		newFullTGDs	3784674
nonFullTGDs	23887		fullTGDs	13597			newNonFullTGDs	8401		newFullTGDs	3799021
nonFullTGDs	23971		fullTGDs	13597			newNonFullTGDs	8383		newFullTGDs	3815296
nonFullTGDs	24048		fullTGDs	13597			newNonFullTGDs	8355		newFullTGDs	3827603
nonFullTGDs	24127		fullTGDs	13597			newNonFullTGDs	8341		newFullTGDs	3831984
nonFullTGDs	24202		fullTGDs	13597			newNonFullTGDs	8318		newFullTGDs	3842321
nonFullTGDs	24277		fullTGDs	13597			newNonFullTGDs	8298		newFullTGDs	3854740
nonFullTGDs	24355		fullTGDs	13597			newNonFullTGDs	8280		newFullTGDs	3866950
nonFullTGDs	24427		fullTGDs	13597			newNonFullTGDs	8263		newFullTGDs	3873350
nonFullTGDs	24501		fullTGDs	13597			newNonFullTGDs	8249		newFullTGDs	3881597
nonFullTGDs	24580		fullTGDs	13597			newNonFullTGDs	8236		newFullTGDs	3895864
nonFullTGDs	24660		fullTGDs	13597			newNonFullTGDs	8215		newFullTGDs	3911944
nonFullTGDs	24738		fullTGDs	13597			newNonFullTGDs	8196		newFullTGDs	3928021
nonFullTGDs	24821		fullTGDs	13597			newNonFullTGDs	8171		newFullTGDs	3950191
nonFullTGDs	24896		fullTGDs	13597			newNonFullTGDs	8154		newFullTGDs	3968268
nonFullTGDs	24981		fullTGDs	13597			newNonFullTGDs	8128		newFullTGDs	3978440
nonFullTGDs	25054		fullTGDs	13597			newNonFullTGDs	8121		newFullTGDs	3988475
nonFullTGDs	25127		fullTGDs	13597			newNonFullTGDs	8101		newFullTGDs	4000670
nonFullTGDs	25206		fullTGDs	13597			newNonFullTGDs	8084		newFullTGDs	4018742
nonFullTGDs	25282		fullTGDs	13597			newNonFullTGDs	8069		newFullTGDs	4034807
nonFullTGDs	25354		fullTGDs	13597			newNonFullTGDs	8055		newFullTGDs	4043059
nonFullTGDs	25428		fullTGDs	13597			newNonFullTGDs	8040		newFullTGDs	4049303
nonFullTGDs	25508		fullTGDs	13597			newNonFullTGDs	8022		newFullTGDs	4065513
nonFullTGDs	25581		fullTGDs	13597			newNonFullTGDs	8008		newFullTGDs	4079561
nonFullTGDs	25648		fullTGDs	13597			newNonFullTGDs	7994		newFullTGDs	4091625
nonFullTGDs	25721		fullTGDs	13597			newNonFullTGDs	7980		newFullTGDs	4107681
nonFullTGDs	25794		fullTGDs	13597			newNonFullTGDs	7964		newFullTGDs	4125749
nonFullTGDs	25870		fullTGDs	13597			newNonFullTGDs	7942		newFullTGDs	4145845
nonFullTGDs	25943		fullTGDs	13597			newNonFullTGDs	7920		newFullTGDs	4165943
nonFullTGDs	26019		fullTGDs	13597			newNonFullTGDs	7908		newFullTGDs	4182001
nonFullTGDs	26097		fullTGDs	13597			newNonFullTGDs	7889		newFullTGDs	4198065
nonFullTGDs	26172		fullTGDs	13597			newNonFullTGDs	7872		newFullTGDs	4216137
nonFullTGDs	26248		fullTGDs	13597			newNonFullTGDs	7857		newFullTGDs	4232201
nonFullTGDs	26319		fullTGDs	13597			newNonFullTGDs	7845		newFullTGDs	4244322
nonFullTGDs	26387		fullTGDs	13597			newNonFullTGDs	7836		newFullTGDs	4254362
nonFullTGDs	26454		fullTGDs	13597			newNonFullTGDs	7820		newFullTGDs	4264410
nonFullTGDs	26528		fullTGDs	13597			newNonFullTGDs	7806		newFullTGDs	4280468
nonFullTGDs	26606		fullTGDs	13597			newNonFullTGDs	7791		newFullTGDs	4294597
nonFullTGDs	26679		fullTGDs	13597			newNonFullTGDs	7776		newFullTGDs	4308653
nonFullTGDs	26754		fullTGDs	13597			newNonFullTGDs	7762		newFullTGDs	4324717
nonFullTGDs	26826		fullTGDs	13597			newNonFullTGDs	7747		newFullTGDs	4338773
nonFullTGDs	26896		fullTGDs	13597			newNonFullTGDs	7735		newFullTGDs	4350821
nonFullTGDs	26963		fullTGDs	13597			newNonFullTGDs	7731		newFullTGDs	4358853
nonFullTGDs	27034		fullTGDs	13597			newNonFullTGDs	7710		newFullTGDs	4372917
nonFullTGDs	27114		fullTGDs	13597			newNonFullTGDs	7692		newFullTGDs	4392989
nonFullTGDs	27194		fullTGDs	13597			newNonFullTGDs	7676		newFullTGDs	4411061
nonFullTGDs	27273		fullTGDs	13597			newNonFullTGDs	7658		newFullTGDs	4427125
nonFullTGDs	27352		fullTGDs	13597			newNonFullTGDs	7637		newFullTGDs	4447213
nonFullTGDs	27425		fullTGDs	13597			newNonFullTGDs	7622		newFullTGDs	4463269
nonFullTGDs	27498		fullTGDs	13597			newNonFullTGDs	7606		newFullTGDs	4477333
nonFullTGDs	27574		fullTGDs	13597			newNonFullTGDs	7593		newFullTGDs	4493389
nonFullTGDs	27653		fullTGDs	13597			newNonFullTGDs	7571		newFullTGDs	4513469
nonFullTGDs	27733		fullTGDs	13597			newNonFullTGDs	7554		newFullTGDs	4533549
nonFullTGDs	27810		fullTGDs	13597			newNonFullTGDs	7540		newFullTGDs	4549613
nonFullTGDs	27884		fullTGDs	13597			newNonFullTGDs	7524		newFullTGDs	4563669
nonFullTGDs	27961		fullTGDs	13597			newNonFullTGDs	7506		newFullTGDs	4579733
nonFullTGDs	28041		fullTGDs	13597			newNonFullTGDs	7489		newFullTGDs	4595805
nonFullTGDs	28109		fullTGDs	13597			newNonFullTGDs	7478		newFullTGDs	4607845
nonFullTGDs	28177		fullTGDs	13597			newNonFullTGDs	7470		newFullTGDs	4617885
nonFullTGDs	28247		fullTGDs	13597			newNonFullTGDs	7453		newFullTGDs	4631941
nonFullTGDs	28320		fullTGDs	13597			newNonFullTGDs	7438		newFullTGDs	4648005
nonFullTGDs	28394		fullTGDs	13597			newNonFullTGDs	7420		newFullTGDs	4666077
nonFullTGDs	28475		fullTGDs	13597			newNonFullTGDs	7404		newFullTGDs	4684149
nonFullTGDs	28552		fullTGDs	13597			newNonFullTGDs	7386		newFullTGDs	4700213
nonFullTGDs	28625		fullTGDs	13597			newNonFullTGDs	7372		newFullTGDs	4714269
nonFullTGDs	28705		fullTGDs	13597			newNonFullTGDs	7354		newFullTGDs	4732341
nonFullTGDs	28782		fullTGDs	13597			newNonFullTGDs	7342		newFullTGDs	4744462
nonFullTGDs	28859		fullTGDs	13597			newNonFullTGDs	7324		newFullTGDs	4762526
nonFullTGDs	28932		fullTGDs	13597			newNonFullTGDs	7314		newFullTGDs	4774574
nonFullTGDs	29008		fullTGDs	13597			newNonFullTGDs	7301		newFullTGDs	4784622
nonFullTGDs	29086		fullTGDs	13597			newNonFullTGDs	7287		newFullTGDs	4796671
nonFullTGDs	29161		fullTGDs	13597			newNonFullTGDs	7277		newFullTGDs	4806711
nonFullTGDs	29238		fullTGDs	13597			newNonFullTGDs	7268		newFullTGDs	4818759
nonFullTGDs	29313		fullTGDs	13597			newNonFullTGDs	7258		newFullTGDs	4828799
nonFullTGDs	29390		fullTGDs	13597			newNonFullTGDs	7242		newFullTGDs	4842855
nonFullTGDs	29467		fullTGDs	13597			newNonFullTGDs	7228		newFullTGDs	4856912
nonFullTGDs	29535		fullTGDs	13597			newNonFullTGDs	7220		newFullTGDs	4864948
nonFullTGDs	29609		fullTGDs	13597			newNonFullTGDs	7205		newFullTGDs	4879017
nonFullTGDs	29684		fullTGDs	13597			newNonFullTGDs	7191		newFullTGDs	4893090
nonFullTGDs	29754		fullTGDs	13597			newNonFullTGDs	7178		newFullTGDs	4901139
nonFullTGDs	29825		fullTGDs	13597			newNonFullTGDs	7166		newFullTGDs	4913203
nonFullTGDs	29903		fullTGDs	13597			newNonFullTGDs	7146		newFullTGDs	4929277
nonFullTGDs	29976		fullTGDs	13597			newNonFullTGDs	7137		newFullTGDs	4941326
nonFullTGDs	30054		fullTGDs	13597			newNonFullTGDs	7116		newFullTGDs	4959407
nonFullTGDs	30129		fullTGDs	13597			newNonFullTGDs	7098		newFullTGDs	4977479
nonFullTGDs	30205		fullTGDs	13597			newNonFullTGDs	7084		newFullTGDs	4989536
nonFullTGDs	30279		fullTGDs	13597			newNonFullTGDs	7069		newFullTGDs	4997726
nonFullTGDs	30350		fullTGDs	13597			newNonFullTGDs	7055		newFullTGDs	5006038
nonFullTGDs	30426		fullTGDs	13597			newNonFullTGDs	7046		newFullTGDs	5016152
nonFullTGDs	30501		fullTGDs	13597			newNonFullTGDs	7031		newFullTGDs	5026200
nonFullTGDs	30583		fullTGDs	13597			newNonFullTGDs	7015		newFullTGDs	5034446
nonFullTGDs	30654		fullTGDs	13597			newNonFullTGDs	6999		newFullTGDs	5040771
nonFullTGDs	30731		fullTGDs	13597			newNonFullTGDs	6980		newFullTGDs	5048968
nonFullTGDs	30802		fullTGDs	13597			newNonFullTGDs	6969		newFullTGDs	5059027
nonFullTGDs	30878		fullTGDs	13597			newNonFullTGDs	6950		newFullTGDs	5067284
nonFullTGDs	30955		fullTGDs	13597			newNonFullTGDs	6937		newFullTGDs	5071528
nonFullTGDs	31033		fullTGDs	13597			newNonFullTGDs	6919		newFullTGDs	5087601
nonFullTGDs	31106		fullTGDs	13597			newNonFullTGDs	6901		newFullTGDs	5103679
nonFullTGDs	31180		fullTGDs	13597			newNonFullTGDs	6886		newFullTGDs	5119752
nonFullTGDs	31255		fullTGDs	13597			newNonFullTGDs	6869		newFullTGDs	5133822
nonFullTGDs	31327		fullTGDs	13597			newNonFullTGDs	6855		newFullTGDs	5147884
nonFullTGDs	31396		fullTGDs	13597			newNonFullTGDs	6842		newFullTGDs	5160001
nonFullTGDs	31472		fullTGDs	13597			newNonFullTGDs	6826		newFullTGDs	5172136
nonFullTGDs	31542		fullTGDs	13597			newNonFullTGDs	6817		newFullTGDs	5184182
nonFullTGDs	31611		fullTGDs	13597			newNonFullTGDs	6805		newFullTGDs	5194235
nonFullTGDs	31680		fullTGDs	13597			newNonFullTGDs	6794		newFullTGDs	5206280
nonFullTGDs	31754		fullTGDs	13597			newNonFullTGDs	6778		newFullTGDs	5222362
nonFullTGDs	31826		fullTGDs	13597			newNonFullTGDs	6756		newFullTGDs	5238515
nonFullTGDs	31907		fullTGDs	13597			newNonFullTGDs	6740		newFullTGDs	5244632
nonFullTGDs	31982		fullTGDs	13597			newNonFullTGDs	6725		newFullTGDs	5258760
nonFullTGDs	32059		fullTGDs	13597			newNonFullTGDs	6717		newFullTGDs	5272831
nonFullTGDs	32132		fullTGDs	13597			newNonFullTGDs	6703		newFullTGDs	5280885
nonFullTGDs	32205		fullTGDs	13597			newNonFullTGDs	6675		newFullTGDs	5293038
nonFullTGDs	32274		fullTGDs	13597			newNonFullTGDs	6665		newFullTGDs	5305156
nonFullTGDs	32341		fullTGDs	13597			newNonFullTGDs	6660		newFullTGDs	5315193
nonFullTGDs	32404		fullTGDs	13597			newNonFullTGDs	6649		newFullTGDs	5321236
nonFullTGDs	32467		fullTGDs	13597			newNonFullTGDs	6638		newFullTGDs	5333282
nonFullTGDs	32534		fullTGDs	13597			newNonFullTGDs	6626		newFullTGDs	5341326
nonFullTGDs	32612		fullTGDs	13597			newNonFullTGDs	6607		newFullTGDs	5357416
nonFullTGDs	32685		fullTGDs	13597			newNonFullTGDs	6597		newFullTGDs	5367452
nonFullTGDs	32759		fullTGDs	13597			newNonFullTGDs	6581		newFullTGDs	5383525
nonFullTGDs	32833		fullTGDs	13597			newNonFullTGDs	6568		newFullTGDs	5389593
nonFullTGDs	32910		fullTGDs	13597			newNonFullTGDs	6549		newFullTGDs	5401796
nonFullTGDs	32987		fullTGDs	13597			newNonFullTGDs	6529		newFullTGDs	5412062
nonFullTGDs	33064		fullTGDs	13597			newNonFullTGDs	6518		newFullTGDs	5422174
nonFullTGDs	33133		fullTGDs	13597			newNonFullTGDs	6499		newFullTGDs	5430454
nonFullTGDs	33211		fullTGDs	13597			newNonFullTGDs	6478		newFullTGDs	5448607
nonFullTGDs	33292		fullTGDs	13597			newNonFullTGDs	6460		newFullTGDs	5460878
nonFullTGDs	33365		fullTGDs	13597			newNonFullTGDs	6448		newFullTGDs	5472928
nonFullTGDs	33442		fullTGDs	13597			newNonFullTGDs	6435		newFullTGDs	5489062
nonFullTGDs	33505		fullTGDs	13597			newNonFullTGDs	6424		newFullTGDs	5495097
nonFullTGDs	33580		fullTGDs	13597			newNonFullTGDs	6408		newFullTGDs	5509306
nonFullTGDs	33649		fullTGDs	13597			newNonFullTGDs	6398		newFullTGDs	5521351
nonFullTGDs	33723		fullTGDs	13597			newNonFullTGDs	6381		newFullTGDs	5531472
nonFullTGDs	33799		fullTGDs	13597			newNonFullTGDs	6365		newFullTGDs	5549536
nonFullTGDs	33872		fullTGDs	13597			newNonFullTGDs	6352		newFullTGDs	5561592
nonFullTGDs	33944		fullTGDs	13597			newNonFullTGDs	6337		newFullTGDs	5575648
nonFullTGDs	34018		fullTGDs	13597			newNonFullTGDs	6327		newFullTGDs	5587696
nonFullTGDs	34088		fullTGDs	13597			newNonFullTGDs	6311		newFullTGDs	5599752
nonFullTGDs	34166		fullTGDs	13597			newNonFullTGDs	6297		newFullTGDs	5615808
nonFullTGDs	34246		fullTGDs	13597			newNonFullTGDs	6282		newFullTGDs	5629864
nonFullTGDs	34326		fullTGDs	13597			newNonFullTGDs	6268		newFullTGDs	5645928
nonFullTGDs	34396		fullTGDs	13597			newNonFullTGDs	6260		newFullTGDs	5655960
nonFullTGDs	34465		fullTGDs	13597			newNonFullTGDs	6246		newFullTGDs	5666010
nonFullTGDs	34537		fullTGDs	13597			newNonFullTGDs	6231		newFullTGDs	5676205
nonFullTGDs	34612		fullTGDs	13597			newNonFullTGDs	6225		newFullTGDs	5682221
nonFullTGDs	34687		fullTGDs	13597			newNonFullTGDs	6215		newFullTGDs	5692261
nonFullTGDs	34762		fullTGDs	13597			newNonFullTGDs	6205		newFullTGDs	5702301
nonFullTGDs	34837		fullTGDs	13597			newNonFullTGDs	6195		newFullTGDs	5712341
nonFullTGDs	34912		fullTGDs	13597			newNonFullTGDs	6185		newFullTGDs	5722381
nonFullTGDs	34987		fullTGDs	13597			newNonFullTGDs	6175		newFullTGDs	5732421
nonFullTGDs	35066		fullTGDs	13597			newNonFullTGDs	6157		newFullTGDs	5744676
nonFullTGDs	35147		fullTGDs	13597			newNonFullTGDs	6135		newFullTGDs	5753017
nonFullTGDs	35226		fullTGDs	13597			newNonFullTGDs	6120		newFullTGDs	5769219
nonFullTGDs	35300		fullTGDs	13597			newNonFullTGDs	6105		newFullTGDs	5779432
nonFullTGDs	35379		fullTGDs	13597			newNonFullTGDs	6079		newFullTGDs	5789513
nonFullTGDs	35457		fullTGDs	13597			newNonFullTGDs	6066		newFullTGDs	5795628
nonFullTGDs	35520		fullTGDs	13597			newNonFullTGDs	6058		newFullTGDs	5803660
nonFullTGDs	35583		fullTGDs	13597			newNonFullTGDs	6053		newFullTGDs	5809684
nonFullTGDs	35645		fullTGDs	13597			newNonFullTGDs	6046		newFullTGDs	5815708
nonFullTGDs	35709		fullTGDs	13597			newNonFullTGDs	6047		newFullTGDs	5821732
nonFullTGDs	35765		fullTGDs	13597			newNonFullTGDs	6043		newFullTGDs	5825748
nonFullTGDs	35820		fullTGDs	13597			newNonFullTGDs	6037		newFullTGDs	5829764
nonFullTGDs	35888		fullTGDs	13597			newNonFullTGDs	6022		newFullTGDs	5839804
nonFullTGDs	35951		fullTGDs	13597			newNonFullTGDs	6014		newFullTGDs	5847836
nonFullTGDs	36014		fullTGDs	13597			newNonFullTGDs	6004		newFullTGDs	5853868
nonFullTGDs	36079		fullTGDs	13597			newNonFullTGDs	6005		newFullTGDs	5861892
nonFullTGDs	36140		fullTGDs	13597			newNonFullTGDs	5994		newFullTGDs	5867916
nonFullTGDs	36206		fullTGDs	13597			newNonFullTGDs	5988		newFullTGDs	5875948
nonFullTGDs	36267		fullTGDs	13597			newNonFullTGDs	5978		newFullTGDs	5879972
nonFullTGDs	36330		fullTGDs	13597			newNonFullTGDs	5980		newFullTGDs	5885988
nonFullTGDs	36386		fullTGDs	13597			newNonFullTGDs	5976		newFullTGDs	5890004
nonFullTGDs	36442		fullTGDs	13597			newNonFullTGDs	5972		newFullTGDs	5894020
nonFullTGDs	36505		fullTGDs	13597			newNonFullTGDs	5967		newFullTGDs	5900044
nonFullTGDs	36570		fullTGDs	13597			newNonFullTGDs	5960		newFullTGDs	5906068
nonFullTGDs	36635		fullTGDs	13597			newNonFullTGDs	5954		newFullTGDs	5912092
nonFullTGDs	36696		fullTGDs	13597			newNonFullTGDs	5944		newFullTGDs	5918116
nonFullTGDs	36759		fullTGDs	13597			newNonFullTGDs	5937		newFullTGDs	5922140
nonFullTGDs	36832		fullTGDs	13597			newNonFullTGDs	5930		newFullTGDs	5930165
nonFullTGDs	36906		fullTGDs	13597			newNonFullTGDs	5915		newFullTGDs	5940228
nonFullTGDs	36986		fullTGDs	13597			newNonFullTGDs	5894		newFullTGDs	5960301
nonFullTGDs	37066		fullTGDs	13597			newNonFullTGDs	5875		newFullTGDs	5978381
nonFullTGDs	37146		fullTGDs	13597			newNonFullTGDs	5859		newFullTGDs	5996445
nonFullTGDs	37218		fullTGDs	13597			newNonFullTGDs	5844		newFullTGDs	6010501
nonFullTGDs	37289		fullTGDs	13597			newNonFullTGDs	5834		newFullTGDs	6022549
nonFullTGDs	37360		fullTGDs	13597			newNonFullTGDs	5820		newFullTGDs	6034597
nonFullTGDs	37428		fullTGDs	13597			newNonFullTGDs	5811		newFullTGDs	6044637
nonFullTGDs	37494		fullTGDs	13597			newNonFullTGDs	5799		newFullTGDs	6054685
nonFullTGDs	37566		fullTGDs	13597			newNonFullTGDs	5785		newFullTGDs	6070741
nonFullTGDs	37637		fullTGDs	13597			newNonFullTGDs	5772		newFullTGDs	6082798
nonFullTGDs	37717		fullTGDs	13597			newNonFullTGDs	5750		newFullTGDs	6106931
nonFullTGDs	37789		fullTGDs	13597			newNonFullTGDs	5734		newFullTGDs	6124997
nonFullTGDs	37868		fullTGDs	13597			newNonFullTGDs	5723		newFullTGDs	6135038
nonFullTGDs	37950		fullTGDs	13597			newNonFullTGDs	5705		newFullTGDs	6153117
nonFullTGDs	38015		fullTGDs	13597			newNonFullTGDs	5694		newFullTGDs	6163158
nonFullTGDs	38084		fullTGDs	13597			newNonFullTGDs	5687		newFullTGDs	6175202
nonFullTGDs	38149		fullTGDs	13597			newNonFullTGDs	5678		newFullTGDs	6181236
nonFullTGDs	38217		fullTGDs	13597			newNonFullTGDs	5668		newFullTGDs	6193282
nonFullTGDs	38279		fullTGDs	13597			newNonFullTGDs	5659		newFullTGDs	6201318
nonFullTGDs	38340		fullTGDs	13597			newNonFullTGDs	5650		newFullTGDs	6209354
nonFullTGDs	38412		fullTGDs	13597			newNonFullTGDs	5642		newFullTGDs	6219396
nonFullTGDs	38486		fullTGDs	13597			newNonFullTGDs	5626		newFullTGDs	6233455
nonFullTGDs	38551		fullTGDs	13597			newNonFullTGDs	5612		newFullTGDs	6239514
nonFullTGDs	38627		fullTGDs	13597			newNonFullTGDs	5600		newFullTGDs	6251641
nonFullTGDs	38704		fullTGDs	13597			newNonFullTGDs	5591		newFullTGDs	6251722
nonFullTGDs	38783		fullTGDs	13597			newNonFullTGDs	5576		newFullTGDs	6263762
nonFullTGDs	38863		fullTGDs	13597			newNonFullTGDs	5566		newFullTGDs	6277818
nonFullTGDs	38939		fullTGDs	13597			newNonFullTGDs	5542		newFullTGDs	6295904
nonFullTGDs	39012		fullTGDs	13597			newNonFullTGDs	5522		newFullTGDs	6311975
nonFullTGDs	39085		fullTGDs	13597			newNonFullTGDs	5509		newFullTGDs	6326037
nonFullTGDs	39158		fullTGDs	13597			newNonFullTGDs	5492		newFullTGDs	6338165
nonFullTGDs	39236		fullTGDs	13597			newNonFullTGDs	5474		newFullTGDs	6350373
nonFullTGDs	39315		fullTGDs	13597			newNonFullTGDs	5462		newFullTGDs	6366421
nonFullTGDs	39385		fullTGDs	13597			newNonFullTGDs	5446		newFullTGDs	6372691
nonFullTGDs	39465		fullTGDs	13597			newNonFullTGDs	5427		newFullTGDs	6390910
nonFullTGDs	39542		fullTGDs	13597			newNonFullTGDs	5408		newFullTGDs	6403108
nonFullTGDs	39623		fullTGDs	13597			newNonFullTGDs	5389		newFullTGDs	6421193
nonFullTGDs	39701		fullTGDs	13597			newNonFullTGDs	5371		newFullTGDs	6439265
nonFullTGDs	39776		fullTGDs	13597			newNonFullTGDs	5354		newFullTGDs	6455330
nonFullTGDs	39842		fullTGDs	13597			newNonFullTGDs	5343		newFullTGDs	6467386
nonFullTGDs	39916		fullTGDs	13597			newNonFullTGDs	5327		newFullTGDs	6481506
nonFullTGDs	39993		fullTGDs	13597			newNonFullTGDs	5310		newFullTGDs	6495570
nonFullTGDs	40063		fullTGDs	13597			newNonFullTGDs	5299		newFullTGDs	6507618
nonFullTGDs	40138		fullTGDs	13597			newNonFullTGDs	5286		newFullTGDs	6523674
nonFullTGDs	40209		fullTGDs	13597			newNonFullTGDs	5276		newFullTGDs	6535723
nonFullTGDs	40273		fullTGDs	13597			newNonFullTGDs	5263		newFullTGDs	6543763
nonFullTGDs	40344		fullTGDs	13597			newNonFullTGDs	5250		newFullTGDs	6557811
nonFullTGDs	40416		fullTGDs	13597			newNonFullTGDs	5243		newFullTGDs	6565851
nonFullTGDs	40495		fullTGDs	13597			newNonFullTGDs	5228		newFullTGDs	6581916
nonFullTGDs	40570		fullTGDs	13597			newNonFullTGDs	5209		newFullTGDs	6593976
nonFullTGDs	40648		fullTGDs	13597			newNonFullTGDs	5184		newFullTGDs	6614077
nonFullTGDs	40726		fullTGDs	13597			newNonFullTGDs	5163		newFullTGDs	6626496
nonFullTGDs	40794		fullTGDs	13597			newNonFullTGDs	5148		newFullTGDs	6636619
nonFullTGDs	40859		fullTGDs	13597			newNonFullTGDs	5138		newFullTGDs	6644661
nonFullTGDs	40931		fullTGDs	13597			newNonFullTGDs	5128		newFullTGDs	6656704
nonFullTGDs	41001		fullTGDs	13597			newNonFullTGDs	5120		newFullTGDs	6668758
nonFullTGDs	41074		fullTGDs	13597			newNonFullTGDs	5099		newFullTGDs	6678828
nonFullTGDs	41145		fullTGDs	13597			newNonFullTGDs	5083		newFullTGDs	6689089
nonFullTGDs	41218		fullTGDs	13597			newNonFullTGDs	5069		newFullTGDs	6703213
nonFullTGDs	41290		fullTGDs	13597			newNonFullTGDs	5055		newFullTGDs	6717354
nonFullTGDs	41363		fullTGDs	13597			newNonFullTGDs	5038		newFullTGDs	6731410
nonFullTGDs	41432		fullTGDs	13597			newNonFullTGDs	5024		newFullTGDs	6745466
nonFullTGDs	41505		fullTGDs	13597			newNonFullTGDs	5017		newFullTGDs	6755506
nonFullTGDs	41571		fullTGDs	13597			newNonFullTGDs	5004		newFullTGDs	6765546
nonFullTGDs	41639		fullTGDs	13597			newNonFullTGDs	4992		newFullTGDs	6777594
nonFullTGDs	41712		fullTGDs	13597			newNonFullTGDs	4978		newFullTGDs	6791650
nonFullTGDs	41782		fullTGDs	13597			newNonFullTGDs	4964		newFullTGDs	6803706
nonFullTGDs	41857		fullTGDs	13597			newNonFullTGDs	4956		newFullTGDs	6815746
nonFullTGDs	41926		fullTGDs	13597			newNonFullTGDs	4943		newFullTGDs	6827794
nonFullTGDs	41998		fullTGDs	13597			newNonFullTGDs	4929		newFullTGDs	6839850
nonFullTGDs	42071		fullTGDs	13597			newNonFullTGDs	4914		newFullTGDs	6855906
nonFullTGDs	42149		fullTGDs	13597			newNonFullTGDs	4897		newFullTGDs	6873978
nonFullTGDs	42215		fullTGDs	13597			newNonFullTGDs	4887		newFullTGDs	6884018
nonFullTGDs	42287		fullTGDs	13597			newNonFullTGDs	4871		newFullTGDs	6898074
nonFullTGDs	42360		fullTGDs	13597			newNonFullTGDs	4859		newFullTGDs	6914133
nonFullTGDs	42441		fullTGDs	13597			newNonFullTGDs	4836		newFullTGDs	6930283
nonFullTGDs	42520		fullTGDs	13597			newNonFullTGDs	4816		newFullTGDs	6948360
nonFullTGDs	42594		fullTGDs	13597			newNonFullTGDs	4798		newFullTGDs	6952641
nonFullTGDs	42667		fullTGDs	13597			newNonFullTGDs	4781		newFullTGDs	6956991
nonFullTGDs	42739		fullTGDs	13597			newNonFullTGDs	4770		newFullTGDs	6967320
nonFullTGDs	42808		fullTGDs	13597			newNonFullTGDs	4758		newFullTGDs	6977511
nonFullTGDs	42876		fullTGDs	13597			newNonFullTGDs	4746		newFullTGDs	6985554
nonFullTGDs	42947		fullTGDs	13597			newNonFullTGDs	4737		newFullTGDs	6995598
nonFullTGDs	43016		fullTGDs	13597			newNonFullTGDs	4725		newFullTGDs	7003703
Nov 21, 2021 10:40:43 AM uk.ac.ox.cs.gsat.SaturationStatistics log
INFO: # initial TGDs: 13597 , 13346
Nov 21, 2021 10:40:43 AM uk.ac.ox.cs.gsat.SaturationStatistics log
INFO: SkSat total time : 602821 ms = 602.82 s
Nov 21, 2021 10:40:43 AM uk.ac.ox.cs.gsat.SaturationStatistics log
INFO: Subsumed elements : 0
Nov 21, 2021 10:40:43 AM uk.ac.ox.cs.gsat.SaturationStatistics log
INFO: Filter discarded elements : 0
Nov 21, 2021 10:40:43 AM uk.ac.ox.cs.gsat.SaturationStatistics log
INFO: subsumption time: 713 ms = 0.71 s
Nov 21, 2021 10:40:43 AM uk.ac.ox.cs.gsat.SaturationStatistics log
INFO: forward subsumption time: 197 ms = 0.20 s
Nov 21, 2021 10:40:43 AM uk.ac.ox.cs.gsat.SaturationStatistics log
INFO: backward subsumption time: 516 ms = 0.52 s
Nov 21, 2021 10:40:43 AM uk.ac.ox.cs.gsat.SaturationStatistics log
INFO: Derived full/non full TGDs: 7007264 , 49998
Nov 21, 2021 10:40:43 AM uk.ac.ox.cs.gsat.SaturationStatistics log
INFO: discarded tautology count: 1553
Nov 21, 2021 10:40:43 AM uk.ac.ox.cs.gsat.SaturationStatistics log
INFO: !!! TIME OUT !!!
Nov 21, 2021 10:40:43 AM uk.ac.ox.cs.gsat.EvolveStatistics log
INFO: Stop because subsumed: 0
Nov 21, 2021 10:40:43 AM uk.ac.ox.cs.gsat.EvolveStatistics log
INFO: evolved equals to current: 0
Nov 21, 2021 10:40:43 AM uk.ac.ox.cs.gsat.EvolveStatistics log
INFO: evolved time: 179767 ms = 179.77 s
Nov 21, 2021 10:40:43 AM uk.ac.ox.cs.gsat.EvolveStatistics log
INFO: evolve count: 7061628
Nov 21, 2021 10:40:43 AM uk.ac.ox.cs.gsat.SkolemStatistics log
INFO: maximum number of Skolem atoms in body: 1
Nov 21, 2021 10:40:43 AM uk.ac.ox.cs.gsat.SkolemStatistics log
INFO: left derived TGD with Skolem in the body: 0
Nov 21, 2021 10:40:43 AM uk.ac.ox.cs.gsat.SkolemStatistics log
INFO: right derived TGD with Skolem in the body: 7007264
Nov 21, 2021 10:40:43 AM uk.ac.ox.cs.gsat.SkolemStatistics log
INFO: derived TGD with more than two Skolem atoms in the body: 0
Nov 21, 2021 10:40:43 AM uk.ac.ox.cs.gsat.AbstractSaturation run
INFO: ouptput full TGDs not contained in the input: 0
Nov 21, 2021 10:40:43 AM uk.ac.ox.cs.gsat.App executeAllSteps
INFO: Rewriting completed!
Full TGD saturation: (13597 dependecies)
Nov 21, 2021 10:40:43 AM uk.ac.ox.cs.gsat.App executeAllSteps
INFO: Writing the saturation in the Datalog file 00660.rul
