Starting Saturation...
Executing from DLGP files
SLF4J: Failed to load class "org.slf4j.impl.StaticLoggerBinder".
SLF4J: Defaulting to no-operation (NOP) logger implementation
SLF4J: See http://www.slf4j.org/codes.html#StaticLoggerBinder for further details.
# Rules: 10550; # Atoms: 0; # AtomSets: 0; # Queries: 0; # Constraints: 0
Full TGD saturation algorithm: Skolem Sat
Running SkSat...
Nov 21, 2021 10:56:04 AM uk.ac.ox.cs.gsat.AbstractSaturation run
INFO: SkSat discarded rules : 0/10550 = 0.000%
SkSat discarded rules : 0/10550 = 0.000%
Nov 21, 2021 10:56:05 AM uk.ac.ox.cs.gsat.AbstractSaturation run
INFO: Subsumption method : disabled
nonFullTGDs	0		fullTGDs	2842			newNonFullTGDs	15416		newFullTGDs	0
nonFullTGDs	99		fullTGDs	2842			newNonFullTGDs	15351		newFullTGDs	0
nonFullTGDs	199		fullTGDs	2842			newNonFullTGDs	15290		newFullTGDs	0
nonFullTGDs	299		fullTGDs	2842			newNonFullTGDs	15223		newFullTGDs	0
nonFullTGDs	399		fullTGDs	2842			newNonFullTGDs	15158		newFullTGDs	0
nonFullTGDs	499		fullTGDs	2842			newNonFullTGDs	15093		newFullTGDs	0
nonFullTGDs	599		fullTGDs	2842			newNonFullTGDs	15021		newFullTGDs	0
nonFullTGDs	698		fullTGDs	2842			newNonFullTGDs	14946		newFullTGDs	0
nonFullTGDs	797		fullTGDs	2842			newNonFullTGDs	14884		newFullTGDs	0
nonFullTGDs	897		fullTGDs	2842			newNonFullTGDs	14814		newFullTGDs	0
nonFullTGDs	997		fullTGDs	2842			newNonFullTGDs	14748		newFullTGDs	0
nonFullTGDs	1095		fullTGDs	2842			newNonFullTGDs	14691		newFullTGDs	0
nonFullTGDs	1195		fullTGDs	2842			newNonFullTGDs	14626		newFullTGDs	0
nonFullTGDs	1295		fullTGDs	2842			newNonFullTGDs	14561		newFullTGDs	0
nonFullTGDs	1391		fullTGDs	2842			newNonFullTGDs	14506		newFullTGDs	0
nonFullTGDs	1491		fullTGDs	2842			newNonFullTGDs	14442		newFullTGDs	0
nonFullTGDs	1591		fullTGDs	2842			newNonFullTGDs	14379		newFullTGDs	0
nonFullTGDs	1690		fullTGDs	2842			newNonFullTGDs	14316		newFullTGDs	0
nonFullTGDs	1790		fullTGDs	2842			newNonFullTGDs	14246		newFullTGDs	0
nonFullTGDs	1889		fullTGDs	2842			newNonFullTGDs	14177		newFullTGDs	0
nonFullTGDs	1989		fullTGDs	2842			newNonFullTGDs	14111		newFullTGDs	0
nonFullTGDs	2089		fullTGDs	2842			newNonFullTGDs	14051		newFullTGDs	0
nonFullTGDs	2189		fullTGDs	2842			newNonFullTGDs	13981		newFullTGDs	0
nonFullTGDs	2289		fullTGDs	2842			newNonFullTGDs	13921		newFullTGDs	0
nonFullTGDs	2389		fullTGDs	2842			newNonFullTGDs	13851		newFullTGDs	0
nonFullTGDs	2488		fullTGDs	2842			newNonFullTGDs	13791		newFullTGDs	0
nonFullTGDs	2588		fullTGDs	2842			newNonFullTGDs	13727		newFullTGDs	0
nonFullTGDs	2688		fullTGDs	2842			newNonFullTGDs	13652		newFullTGDs	0
nonFullTGDs	2788		fullTGDs	2842			newNonFullTGDs	13581		newFullTGDs	0
nonFullTGDs	2888		fullTGDs	2842			newNonFullTGDs	13521		newFullTGDs	0
nonFullTGDs	2988		fullTGDs	2842			newNonFullTGDs	13455		newFullTGDs	0
nonFullTGDs	3088		fullTGDs	2842			newNonFullTGDs	13384		newFullTGDs	0
nonFullTGDs	3188		fullTGDs	2842			newNonFullTGDs	13318		newFullTGDs	0
nonFullTGDs	3288		fullTGDs	2842			newNonFullTGDs	13248		newFullTGDs	0
nonFullTGDs	3388		fullTGDs	2842			newNonFullTGDs	13176		newFullTGDs	0
nonFullTGDs	3488		fullTGDs	2842			newNonFullTGDs	13108		newFullTGDs	0
nonFullTGDs	3587		fullTGDs	2842			newNonFullTGDs	13050		newFullTGDs	0
nonFullTGDs	3685		fullTGDs	2842			newNonFullTGDs	12992		newFullTGDs	0
nonFullTGDs	3783		fullTGDs	2842			newNonFullTGDs	12935		newFullTGDs	0
nonFullTGDs	3883		fullTGDs	2842			newNonFullTGDs	12865		newFullTGDs	0
nonFullTGDs	3983		fullTGDs	2842			newNonFullTGDs	12803		newFullTGDs	0
nonFullTGDs	4083		fullTGDs	2842			newNonFullTGDs	12745		newFullTGDs	0
nonFullTGDs	4182		fullTGDs	2842			newNonFullTGDs	12683		newFullTGDs	0
nonFullTGDs	4282		fullTGDs	2842			newNonFullTGDs	12618		newFullTGDs	0
nonFullTGDs	4382		fullTGDs	2842			newNonFullTGDs	12541		newFullTGDs	0
nonFullTGDs	4480		fullTGDs	2842			newNonFullTGDs	12486		newFullTGDs	0
nonFullTGDs	4578		fullTGDs	2842			newNonFullTGDs	12430		newFullTGDs	0
nonFullTGDs	4676		fullTGDs	2842			newNonFullTGDs	12361		newFullTGDs	0
nonFullTGDs	4776		fullTGDs	2842			newNonFullTGDs	12296		newFullTGDs	0
nonFullTGDs	4876		fullTGDs	2842			newNonFullTGDs	12236		newFullTGDs	0
nonFullTGDs	4976		fullTGDs	2842			newNonFullTGDs	12167		newFullTGDs	0
nonFullTGDs	5076		fullTGDs	2842			newNonFullTGDs	12124		newFullTGDs	0
nonFullTGDs	5176		fullTGDs	2842			newNonFullTGDs	12071		newFullTGDs	0
nonFullTGDs	5276		fullTGDs	2842			newNonFullTGDs	12010		newFullTGDs	0
nonFullTGDs	5376		fullTGDs	2842			newNonFullTGDs	11938		newFullTGDs	0
nonFullTGDs	5476		fullTGDs	2842			newNonFullTGDs	11875		newFullTGDs	0
nonFullTGDs	5576		fullTGDs	2842			newNonFullTGDs	11812		newFullTGDs	0
nonFullTGDs	5676		fullTGDs	2842			newNonFullTGDs	11740		newFullTGDs	0
nonFullTGDs	5776		fullTGDs	2842			newNonFullTGDs	11675		newFullTGDs	0
nonFullTGDs	5876		fullTGDs	2842			newNonFullTGDs	11627		newFullTGDs	0
nonFullTGDs	5976		fullTGDs	2842			newNonFullTGDs	11566		newFullTGDs	0
nonFullTGDs	6073		fullTGDs	2842			newNonFullTGDs	11512		newFullTGDs	0
nonFullTGDs	6173		fullTGDs	2842			newNonFullTGDs	11445		newFullTGDs	0
nonFullTGDs	6269		fullTGDs	2842			newNonFullTGDs	11395		newFullTGDs	0
nonFullTGDs	6369		fullTGDs	2842			newNonFullTGDs	11324		newFullTGDs	0
nonFullTGDs	6469		fullTGDs	2842			newNonFullTGDs	11260		newFullTGDs	0
nonFullTGDs	6567		fullTGDs	2842			newNonFullTGDs	11192		newFullTGDs	0
nonFullTGDs	6667		fullTGDs	2842			newNonFullTGDs	11132		newFullTGDs	0
nonFullTGDs	6767		fullTGDs	2842			newNonFullTGDs	11072		newFullTGDs	0
nonFullTGDs	6867		fullTGDs	2842			newNonFullTGDs	11010		newFullTGDs	0
nonFullTGDs	6967		fullTGDs	2842			newNonFullTGDs	10948		newFullTGDs	0
nonFullTGDs	7066		fullTGDs	2842			newNonFullTGDs	10887		newFullTGDs	0
nonFullTGDs	7166		fullTGDs	2842			newNonFullTGDs	10839		newFullTGDs	0
nonFullTGDs	7266		fullTGDs	2842			newNonFullTGDs	10779		newFullTGDs	0
nonFullTGDs	7366		fullTGDs	2842			newNonFullTGDs	10706		newFullTGDs	0
nonFullTGDs	7466		fullTGDs	2842			newNonFullTGDs	10642		newFullTGDs	0
nonFullTGDs	7566		fullTGDs	2842			newNonFullTGDs	10579		newFullTGDs	0
nonFullTGDs	7666		fullTGDs	2842			newNonFullTGDs	10511		newFullTGDs	0
nonFullTGDs	7766		fullTGDs	2842			newNonFullTGDs	10447		newFullTGDs	0
nonFullTGDs	7866		fullTGDs	2842			newNonFullTGDs	10383		newFullTGDs	0
nonFullTGDs	7966		fullTGDs	2842			newNonFullTGDs	10325		newFullTGDs	0
nonFullTGDs	8066		fullTGDs	2842			newNonFullTGDs	10266		newFullTGDs	0
nonFullTGDs	8166		fullTGDs	2842			newNonFullTGDs	10206		newFullTGDs	0
nonFullTGDs	8266		fullTGDs	2842			newNonFullTGDs	10140		newFullTGDs	0
nonFullTGDs	8366		fullTGDs	2842			newNonFullTGDs	10096		newFullTGDs	0
nonFullTGDs	8466		fullTGDs	2842			newNonFullTGDs	10030		newFullTGDs	0
nonFullTGDs	8566		fullTGDs	2842			newNonFullTGDs	9967		newFullTGDs	0
nonFullTGDs	8666		fullTGDs	2842			newNonFullTGDs	9903		newFullTGDs	0
nonFullTGDs	8766		fullTGDs	2842			newNonFullTGDs	9840		newFullTGDs	0
nonFullTGDs	8866		fullTGDs	2842			newNonFullTGDs	9772		newFullTGDs	0
nonFullTGDs	8966		fullTGDs	2842			newNonFullTGDs	9701		newFullTGDs	0
nonFullTGDs	9066		fullTGDs	2842			newNonFullTGDs	9640		newFullTGDs	0
nonFullTGDs	9166		fullTGDs	2842			newNonFullTGDs	9593		newFullTGDs	0
nonFullTGDs	9266		fullTGDs	2842			newNonFullTGDs	9527		newFullTGDs	0
nonFullTGDs	9364		fullTGDs	2842			newNonFullTGDs	9464		newFullTGDs	0
nonFullTGDs	9464		fullTGDs	2842			newNonFullTGDs	9401		newFullTGDs	0
nonFullTGDs	9564		fullTGDs	2842			newNonFullTGDs	9337		newFullTGDs	0
nonFullTGDs	9662		fullTGDs	2842			newNonFullTGDs	9272		newFullTGDs	0
nonFullTGDs	9762		fullTGDs	2842			newNonFullTGDs	9209		newFullTGDs	0
nonFullTGDs	9862		fullTGDs	2842			newNonFullTGDs	9145		newFullTGDs	0
nonFullTGDs	9962		fullTGDs	2842			newNonFullTGDs	9076		newFullTGDs	0
nonFullTGDs	10062		fullTGDs	2842			newNonFullTGDs	9005		newFullTGDs	0
nonFullTGDs	10162		fullTGDs	2842			newNonFullTGDs	8932		newFullTGDs	0
nonFullTGDs	10262		fullTGDs	2842			newNonFullTGDs	8861		newFullTGDs	0
nonFullTGDs	10362		fullTGDs	2842			newNonFullTGDs	8800		newFullTGDs	0
nonFullTGDs	10461		fullTGDs	2842			newNonFullTGDs	8734		newFullTGDs	0
nonFullTGDs	10555		fullTGDs	2842			newNonFullTGDs	8681		newFullTGDs	0
nonFullTGDs	10654		fullTGDs	2842			newNonFullTGDs	8615		newFullTGDs	0
nonFullTGDs	10754		fullTGDs	2842			newNonFullTGDs	8545		newFullTGDs	0
nonFullTGDs	10854		fullTGDs	2842			newNonFullTGDs	8469		newFullTGDs	0
nonFullTGDs	10954		fullTGDs	2842			newNonFullTGDs	8408		newFullTGDs	0
nonFullTGDs	11054		fullTGDs	2842			newNonFullTGDs	8359		newFullTGDs	0
nonFullTGDs	11154		fullTGDs	2842			newNonFullTGDs	8312		newFullTGDs	0
nonFullTGDs	11254		fullTGDs	2842			newNonFullTGDs	8265		newFullTGDs	0
nonFullTGDs	11354		fullTGDs	2842			newNonFullTGDs	8215		newFullTGDs	0
nonFullTGDs	11454		fullTGDs	2842			newNonFullTGDs	8142		newFullTGDs	0
nonFullTGDs	11554		fullTGDs	2842			newNonFullTGDs	8083		newFullTGDs	0
nonFullTGDs	11654		fullTGDs	2842			newNonFullTGDs	8011		newFullTGDs	0
nonFullTGDs	11754		fullTGDs	2842			newNonFullTGDs	7946		newFullTGDs	0
nonFullTGDs	11854		fullTGDs	2842			newNonFullTGDs	7880		newFullTGDs	0
nonFullTGDs	11954		fullTGDs	2842			newNonFullTGDs	7816		newFullTGDs	0
nonFullTGDs	12052		fullTGDs	2842			newNonFullTGDs	7750		newFullTGDs	0
nonFullTGDs	12148		fullTGDs	2842			newNonFullTGDs	7687		newFullTGDs	0
nonFullTGDs	12248		fullTGDs	2842			newNonFullTGDs	7617		newFullTGDs	0
nonFullTGDs	12344		fullTGDs	2842			newNonFullTGDs	7563		newFullTGDs	0
nonFullTGDs	12444		fullTGDs	2842			newNonFullTGDs	7497		newFullTGDs	0
nonFullTGDs	12540		fullTGDs	2842			newNonFullTGDs	7442		newFullTGDs	0
nonFullTGDs	12634		fullTGDs	2842			newNonFullTGDs	7397		newFullTGDs	0
nonFullTGDs	12730		fullTGDs	2842			newNonFullTGDs	7346		newFullTGDs	0
nonFullTGDs	12830		fullTGDs	2842			newNonFullTGDs	7292		newFullTGDs	0
nonFullTGDs	12930		fullTGDs	2842			newNonFullTGDs	7245		newFullTGDs	0
nonFullTGDs	13030		fullTGDs	2842			newNonFullTGDs	7193		newFullTGDs	0
nonFullTGDs	13130		fullTGDs	2842			newNonFullTGDs	7121		newFullTGDs	0
nonFullTGDs	13230		fullTGDs	2842			newNonFullTGDs	7065		newFullTGDs	0
nonFullTGDs	13330		fullTGDs	2842			newNonFullTGDs	7005		newFullTGDs	0
nonFullTGDs	13430		fullTGDs	2842			newNonFullTGDs	6940		newFullTGDs	0
nonFullTGDs	13530		fullTGDs	2842			newNonFullTGDs	6871		newFullTGDs	0
nonFullTGDs	13630		fullTGDs	2842			newNonFullTGDs	6790		newFullTGDs	0
nonFullTGDs	13730		fullTGDs	2842			newNonFullTGDs	6731		newFullTGDs	0
nonFullTGDs	13830		fullTGDs	2842			newNonFullTGDs	6661		newFullTGDs	0
nonFullTGDs	13930		fullTGDs	2842			newNonFullTGDs	6594		newFullTGDs	0
nonFullTGDs	14030		fullTGDs	2842			newNonFullTGDs	6520		newFullTGDs	0
nonFullTGDs	14130		fullTGDs	2842			newNonFullTGDs	6450		newFullTGDs	0
nonFullTGDs	14228		fullTGDs	2842			newNonFullTGDs	6385		newFullTGDs	0
nonFullTGDs	14326		fullTGDs	2842			newNonFullTGDs	6326		newFullTGDs	0
nonFullTGDs	14418		fullTGDs	2842			newNonFullTGDs	6287		newFullTGDs	0
nonFullTGDs	14511		fullTGDs	2842			newNonFullTGDs	6233		newFullTGDs	0
nonFullTGDs	14611		fullTGDs	2842			newNonFullTGDs	6161		newFullTGDs	0
nonFullTGDs	14711		fullTGDs	2842			newNonFullTGDs	6084		newFullTGDs	0
nonFullTGDs	14809		fullTGDs	2842			newNonFullTGDs	6010		newFullTGDs	0
nonFullTGDs	14909		fullTGDs	2842			newNonFullTGDs	5934		newFullTGDs	0
nonFullTGDs	15009		fullTGDs	2842			newNonFullTGDs	5863		newFullTGDs	0
nonFullTGDs	15109		fullTGDs	2842			newNonFullTGDs	5789		newFullTGDs	0
nonFullTGDs	15209		fullTGDs	2842			newNonFullTGDs	5711		newFullTGDs	0
nonFullTGDs	15309		fullTGDs	2842			newNonFullTGDs	5643		newFullTGDs	0
nonFullTGDs	15409		fullTGDs	2842			newNonFullTGDs	5574		newFullTGDs	0
nonFullTGDs	15509		fullTGDs	2842			newNonFullTGDs	5515		newFullTGDs	0
nonFullTGDs	15609		fullTGDs	2842			newNonFullTGDs	5452		newFullTGDs	0
nonFullTGDs	15709		fullTGDs	2842			newNonFullTGDs	5391		newFullTGDs	0
nonFullTGDs	15809		fullTGDs	2842			newNonFullTGDs	5330		newFullTGDs	0
nonFullTGDs	15909		fullTGDs	2842			newNonFullTGDs	5261		newFullTGDs	0
nonFullTGDs	16009		fullTGDs	2842			newNonFullTGDs	5197		newFullTGDs	0
nonFullTGDs	16109		fullTGDs	2842			newNonFullTGDs	5130		newFullTGDs	0
nonFullTGDs	16209		fullTGDs	2842			newNonFullTGDs	5059		newFullTGDs	0
nonFullTGDs	16309		fullTGDs	2842			newNonFullTGDs	4986		newFullTGDs	0
nonFullTGDs	16409		fullTGDs	2842			newNonFullTGDs	4917		newFullTGDs	0
nonFullTGDs	16509		fullTGDs	2842			newNonFullTGDs	4848		newFullTGDs	0
nonFullTGDs	16609		fullTGDs	2842			newNonFullTGDs	4776		newFullTGDs	0
nonFullTGDs	16709		fullTGDs	2842			newNonFullTGDs	4701		newFullTGDs	0
nonFullTGDs	16809		fullTGDs	2842			newNonFullTGDs	4633		newFullTGDs	0
nonFullTGDs	16909		fullTGDs	2842			newNonFullTGDs	4557		newFullTGDs	0
nonFullTGDs	17009		fullTGDs	2842			newNonFullTGDs	4493		newFullTGDs	0
nonFullTGDs	17109		fullTGDs	2842			newNonFullTGDs	4433		newFullTGDs	0
nonFullTGDs	17209		fullTGDs	2842			newNonFullTGDs	4363		newFullTGDs	0
nonFullTGDs	17309		fullTGDs	2842			newNonFullTGDs	4283		newFullTGDs	0
nonFullTGDs	17409		fullTGDs	2842			newNonFullTGDs	4211		newFullTGDs	0
nonFullTGDs	17507		fullTGDs	2842			newNonFullTGDs	4134		newFullTGDs	0
nonFullTGDs	17607		fullTGDs	2842			newNonFullTGDs	4055		newFullTGDs	0
nonFullTGDs	17707		fullTGDs	2842			newNonFullTGDs	3991		newFullTGDs	0
nonFullTGDs	17807		fullTGDs	2842			newNonFullTGDs	3925		newFullTGDs	0
nonFullTGDs	17907		fullTGDs	2842			newNonFullTGDs	3858		newFullTGDs	0
nonFullTGDs	18005		fullTGDs	2842			newNonFullTGDs	3793		newFullTGDs	0
nonFullTGDs	18105		fullTGDs	2842			newNonFullTGDs	3727		newFullTGDs	0
nonFullTGDs	18203		fullTGDs	2842			newNonFullTGDs	3643		newFullTGDs	0
nonFullTGDs	18303		fullTGDs	2842			newNonFullTGDs	3563		newFullTGDs	0
nonFullTGDs	18403		fullTGDs	2842			newNonFullTGDs	3503		newFullTGDs	0
nonFullTGDs	18503		fullTGDs	2842			newNonFullTGDs	3440		newFullTGDs	0
nonFullTGDs	18603		fullTGDs	2842			newNonFullTGDs	3362		newFullTGDs	0
nonFullTGDs	18703		fullTGDs	2842			newNonFullTGDs	3273		newFullTGDs	0
nonFullTGDs	18803		fullTGDs	2842			newNonFullTGDs	3191		newFullTGDs	0
nonFullTGDs	18903		fullTGDs	2842			newNonFullTGDs	3097		newFullTGDs	0
nonFullTGDs	19003		fullTGDs	2842			newNonFullTGDs	3006		newFullTGDs	0
nonFullTGDs	19103		fullTGDs	2842			newNonFullTGDs	2909		newFullTGDs	0
nonFullTGDs	19203		fullTGDs	2842			newNonFullTGDs	2812		newFullTGDs	0
nonFullTGDs	19303		fullTGDs	2842			newNonFullTGDs	2727		newFullTGDs	0
nonFullTGDs	19403		fullTGDs	2842			newNonFullTGDs	2657		newFullTGDs	0
nonFullTGDs	19503		fullTGDs	2842			newNonFullTGDs	2588		newFullTGDs	0
nonFullTGDs	19602		fullTGDs	2842			newNonFullTGDs	2530		newFullTGDs	0
nonFullTGDs	19701		fullTGDs	2842			newNonFullTGDs	2458		newFullTGDs	0
nonFullTGDs	19801		fullTGDs	2842			newNonFullTGDs	2360		newFullTGDs	0
nonFullTGDs	19899		fullTGDs	2842			newNonFullTGDs	2298		newFullTGDs	0
nonFullTGDs	19999		fullTGDs	2842			newNonFullTGDs	2228		newFullTGDs	0
nonFullTGDs	20099		fullTGDs	2842			newNonFullTGDs	2159		newFullTGDs	0
nonFullTGDs	20199		fullTGDs	2842			newNonFullTGDs	2092		newFullTGDs	0
nonFullTGDs	20299		fullTGDs	2842			newNonFullTGDs	2023		newFullTGDs	0
nonFullTGDs	20399		fullTGDs	2842			newNonFullTGDs	1953		newFullTGDs	0
nonFullTGDs	20499		fullTGDs	2842			newNonFullTGDs	1871		newFullTGDs	0
nonFullTGDs	20599		fullTGDs	2842			newNonFullTGDs	1802		newFullTGDs	0
nonFullTGDs	20698		fullTGDs	2842			newNonFullTGDs	1735		newFullTGDs	0
nonFullTGDs	20798		fullTGDs	2842			newNonFullTGDs	1670		newFullTGDs	0
nonFullTGDs	20892		fullTGDs	2842			newNonFullTGDs	1613		newFullTGDs	0
nonFullTGDs	20992		fullTGDs	2842			newNonFullTGDs	1531		newFullTGDs	0
nonFullTGDs	21092		fullTGDs	2842			newNonFullTGDs	1460		newFullTGDs	0
nonFullTGDs	21192		fullTGDs	2842			newNonFullTGDs	1389		newFullTGDs	0
nonFullTGDs	21292		fullTGDs	2842			newNonFullTGDs	1308		newFullTGDs	0
nonFullTGDs	21392		fullTGDs	2842			newNonFullTGDs	1243		newFullTGDs	0
nonFullTGDs	21492		fullTGDs	2842			newNonFullTGDs	1163		newFullTGDs	0
nonFullTGDs	21590		fullTGDs	2842			newNonFullTGDs	1096		newFullTGDs	0
nonFullTGDs	21690		fullTGDs	2842			newNonFullTGDs	1019		newFullTGDs	0
nonFullTGDs	21790		fullTGDs	2842			newNonFullTGDs	947		newFullTGDs	0
nonFullTGDs	21890		fullTGDs	2842			newNonFullTGDs	859		newFullTGDs	0
nonFullTGDs	21990		fullTGDs	2842			newNonFullTGDs	774		newFullTGDs	0
nonFullTGDs	22090		fullTGDs	2842			newNonFullTGDs	684		newFullTGDs	0
nonFullTGDs	22190		fullTGDs	2842			newNonFullTGDs	607		newFullTGDs	0
nonFullTGDs	22288		fullTGDs	2842			newNonFullTGDs	544		newFullTGDs	0
nonFullTGDs	22386		fullTGDs	2842			newNonFullTGDs	472		newFullTGDs	0
nonFullTGDs	22486		fullTGDs	2842			newNonFullTGDs	395		newFullTGDs	0
nonFullTGDs	22586		fullTGDs	2842			newNonFullTGDs	315		newFullTGDs	0
nonFullTGDs	22686		fullTGDs	2842			newNonFullTGDs	239		newFullTGDs	0
nonFullTGDs	22782		fullTGDs	2842			newNonFullTGDs	176		newFullTGDs	0
nonFullTGDs	22878		fullTGDs	2842			newNonFullTGDs	118		newFullTGDs	0
nonFullTGDs	22978		fullTGDs	2842			newNonFullTGDs	43		newFullTGDs	0
Nov 21, 2021 10:56:05 AM uk.ac.ox.cs.gsat.SaturationStatistics log
INFO: # initial TGDs: 2842 , 15416
Nov 21, 2021 10:56:05 AM uk.ac.ox.cs.gsat.SaturationStatistics log
INFO: SkSat total time : 1121 ms = 1.12 s
Nov 21, 2021 10:56:05 AM uk.ac.ox.cs.gsat.SaturationStatistics log
INFO: Subsumed elements : 0
Nov 21, 2021 10:56:05 AM uk.ac.ox.cs.gsat.SaturationStatistics log
INFO: Filter discarded elements : 0
Nov 21, 2021 10:56:05 AM uk.ac.ox.cs.gsat.SaturationStatistics log
INFO: subsumption time: 1 ms = 0.00 s
Nov 21, 2021 10:56:05 AM uk.ac.ox.cs.gsat.SaturationStatistics log
INFO: forward subsumption time: 0 ms = 0.00 s
Nov 21, 2021 10:56:05 AM uk.ac.ox.cs.gsat.SaturationStatistics log
INFO: backward subsumption time: 1 ms = 0.00 s
Nov 21, 2021 10:56:05 AM uk.ac.ox.cs.gsat.SaturationStatistics log
INFO: Derived full/non full TGDs: 0 , 7744
Nov 21, 2021 10:56:05 AM uk.ac.ox.cs.gsat.SaturationStatistics log
INFO: discarded tautology count: 0
Nov 21, 2021 10:56:05 AM uk.ac.ox.cs.gsat.EvolveStatistics log
INFO: Stop because subsumed: 0
Nov 21, 2021 10:56:05 AM uk.ac.ox.cs.gsat.EvolveStatistics log
INFO: evolved equals to current: 0
Nov 21, 2021 10:56:05 AM uk.ac.ox.cs.gsat.EvolveStatistics log
INFO: evolved time: 157 ms = 0.16 s
Nov 21, 2021 10:56:05 AM uk.ac.ox.cs.gsat.EvolveStatistics log
INFO: evolve count: 15446
Nov 21, 2021 10:56:05 AM uk.ac.ox.cs.gsat.SkolemStatistics log
INFO: maximum number of Skolem atoms in body: 0
Nov 21, 2021 10:56:05 AM uk.ac.ox.cs.gsat.SkolemStatistics log
INFO: left derived TGD with Skolem in the body: 0
Nov 21, 2021 10:56:05 AM uk.ac.ox.cs.gsat.SkolemStatistics log
INFO: right derived TGD with Skolem in the body: 0
Nov 21, 2021 10:56:05 AM uk.ac.ox.cs.gsat.SkolemStatistics log
INFO: derived TGD with more than two Skolem atoms in the body: 0
Nov 21, 2021 10:56:05 AM uk.ac.ox.cs.gsat.AbstractSaturation run
INFO: ouptput full TGDs not contained in the input: 0
Nov 21, 2021 10:56:05 AM uk.ac.ox.cs.gsat.App executeAllSteps
INFO: Rewriting completed!
Full TGD saturation: (2842 dependecies)
Nov 21, 2021 10:56:05 AM uk.ac.ox.cs.gsat.App executeAllSteps
INFO: Writing the saturation in the Datalog file 00697.rul
