Starting Saturation...
Executing from DLGP files
SLF4J: Failed to load class "org.slf4j.impl.StaticLoggerBinder".
SLF4J: Defaulting to no-operation (NOP) logger implementation
SLF4J: See http://www.slf4j.org/codes.html#StaticLoggerBinder for further details.
# Rules: 388; # Atoms: 0; # AtomSets: 0; # Queries: 0; # Constraints: 0
Full TGD saturation algorithm: Skolem Sat
Running SkSat...
Nov 21, 2021 10:58:16 AM uk.ac.ox.cs.gsat.AbstractSaturation run
INFO: SkSat discarded rules : 0/388 = 0.000%
SkSat discarded rules : 0/388 = 0.000%
Nov 21, 2021 10:58:17 AM uk.ac.ox.cs.gsat.AbstractSaturation run
INFO: Subsumption method : disabled
nonFullTGDs	0		fullTGDs	195			newNonFullTGDs	726		newFullTGDs	0
nonFullTGDs	74		fullTGDs	195			newNonFullTGDs	690		newFullTGDs	516
nonFullTGDs	147		fullTGDs	195			newNonFullTGDs	647		newFullTGDs	993
nonFullTGDs	222		fullTGDs	195			newNonFullTGDs	604		newFullTGDs	1470
nonFullTGDs	295		fullTGDs	195			newNonFullTGDs	568		newFullTGDs	1923
nonFullTGDs	369		fullTGDs	195			newNonFullTGDs	528		newFullTGDs	2400
nonFullTGDs	442		fullTGDs	195			newNonFullTGDs	487		newFullTGDs	2928
nonFullTGDs	516		fullTGDs	195			newNonFullTGDs	446		newFullTGDs	3621
nonFullTGDs	591		fullTGDs	195			newNonFullTGDs	405		newFullTGDs	4035
nonFullTGDs	665		fullTGDs	195			newNonFullTGDs	364		newFullTGDs	4449
nonFullTGDs	739		fullTGDs	195			newNonFullTGDs	325		newFullTGDs	4863
nonFullTGDs	812		fullTGDs	195			newNonFullTGDs	286		newFullTGDs	5277
nonFullTGDs	885		fullTGDs	195			newNonFullTGDs	247		newFullTGDs	5691
nonFullTGDs	958		fullTGDs	195			newNonFullTGDs	208		newFullTGDs	6270
nonFullTGDs	1034		fullTGDs	195			newNonFullTGDs	162		newFullTGDs	6965
nonFullTGDs	1109		fullTGDs	195			newNonFullTGDs	112		newFullTGDs	8215
nonFullTGDs	1184		fullTGDs	195			newNonFullTGDs	62		newFullTGDs	9366
nonFullTGDs	1259		fullTGDs	195			newNonFullTGDs	12		newFullTGDs	10341
nonFullTGDs	1278		fullTGDs	229			newNonFullTGDs	0		newFullTGDs	10463
nonFullTGDs	1281		fullTGDs	323			newNonFullTGDs	0		newFullTGDs	10369
nonFullTGDs	1283		fullTGDs	419			newNonFullTGDs	0		newFullTGDs	10273
nonFullTGDs	1283		fullTGDs	519			newNonFullTGDs	0		newFullTGDs	10173
nonFullTGDs	1285		fullTGDs	615			newNonFullTGDs	0		newFullTGDs	10077
nonFullTGDs	1286		fullTGDs	713			newNonFullTGDs	0		newFullTGDs	9979
nonFullTGDs	1288		fullTGDs	809			newNonFullTGDs	0		newFullTGDs	9883
nonFullTGDs	1289		fullTGDs	907			newNonFullTGDs	0		newFullTGDs	9785
nonFullTGDs	1291		fullTGDs	1003			newNonFullTGDs	0		newFullTGDs	9689
nonFullTGDs	1294		fullTGDs	1097			newNonFullTGDs	0		newFullTGDs	9595
nonFullTGDs	1294		fullTGDs	1197			newNonFullTGDs	0		newFullTGDs	9495
nonFullTGDs	1296		fullTGDs	1293			newNonFullTGDs	0		newFullTGDs	9399
nonFullTGDs	1297		fullTGDs	1391			newNonFullTGDs	0		newFullTGDs	9301
nonFullTGDs	1299		fullTGDs	1487			newNonFullTGDs	0		newFullTGDs	9205
nonFullTGDs	1299		fullTGDs	1587			newNonFullTGDs	1		newFullTGDs	9105
nonFullTGDs	1300		fullTGDs	1685			newNonFullTGDs	0		newFullTGDs	9007
nonFullTGDs	1302		fullTGDs	1781			newNonFullTGDs	0		newFullTGDs	8911
nonFullTGDs	1304		fullTGDs	1877			newNonFullTGDs	0		newFullTGDs	8815
nonFullTGDs	1305		fullTGDs	1975			newNonFullTGDs	0		newFullTGDs	8717
nonFullTGDs	1307		fullTGDs	2071			newNonFullTGDs	0		newFullTGDs	8621
nonFullTGDs	1309		fullTGDs	2167			newNonFullTGDs	0		newFullTGDs	8525
nonFullTGDs	1310		fullTGDs	2265			newNonFullTGDs	0		newFullTGDs	8427
nonFullTGDs	1313		fullTGDs	2359			newNonFullTGDs	0		newFullTGDs	8333
nonFullTGDs	1314		fullTGDs	2457			newNonFullTGDs	0		newFullTGDs	8235
nonFullTGDs	1317		fullTGDs	2551			newNonFullTGDs	0		newFullTGDs	8141
nonFullTGDs	1318		fullTGDs	2649			newNonFullTGDs	0		newFullTGDs	8043
nonFullTGDs	1320		fullTGDs	2745			newNonFullTGDs	1		newFullTGDs	7947
nonFullTGDs	1324		fullTGDs	2837			newNonFullTGDs	0		newFullTGDs	7855
nonFullTGDs	1324		fullTGDs	2937			newNonFullTGDs	0		newFullTGDs	7755
nonFullTGDs	1325		fullTGDs	3035			newNonFullTGDs	0		newFullTGDs	7657
nonFullTGDs	1326		fullTGDs	3133			newNonFullTGDs	0		newFullTGDs	7559
nonFullTGDs	1326		fullTGDs	3233			newNonFullTGDs	0		newFullTGDs	7459
nonFullTGDs	1326		fullTGDs	3333			newNonFullTGDs	0		newFullTGDs	7359
nonFullTGDs	1326		fullTGDs	3433			newNonFullTGDs	0		newFullTGDs	7259
nonFullTGDs	1326		fullTGDs	3533			newNonFullTGDs	0		newFullTGDs	7159
nonFullTGDs	1326		fullTGDs	3633			newNonFullTGDs	0		newFullTGDs	7059
nonFullTGDs	1326		fullTGDs	3733			newNonFullTGDs	0		newFullTGDs	6959
nonFullTGDs	1326		fullTGDs	3833			newNonFullTGDs	0		newFullTGDs	6859
nonFullTGDs	1326		fullTGDs	3933			newNonFullTGDs	0		newFullTGDs	6759
nonFullTGDs	1326		fullTGDs	4033			newNonFullTGDs	0		newFullTGDs	6659
nonFullTGDs	1326		fullTGDs	4133			newNonFullTGDs	0		newFullTGDs	6559
nonFullTGDs	1326		fullTGDs	4233			newNonFullTGDs	0		newFullTGDs	6459
nonFullTGDs	1326		fullTGDs	4333			newNonFullTGDs	0		newFullTGDs	6359
nonFullTGDs	1326		fullTGDs	4433			newNonFullTGDs	0		newFullTGDs	6259
nonFullTGDs	1326		fullTGDs	4533			newNonFullTGDs	0		newFullTGDs	6159
nonFullTGDs	1326		fullTGDs	4633			newNonFullTGDs	0		newFullTGDs	6059
nonFullTGDs	1326		fullTGDs	4733			newNonFullTGDs	0		newFullTGDs	5959
nonFullTGDs	1326		fullTGDs	4833			newNonFullTGDs	0		newFullTGDs	5859
nonFullTGDs	1326		fullTGDs	4933			newNonFullTGDs	0		newFullTGDs	5759
nonFullTGDs	1326		fullTGDs	5033			newNonFullTGDs	0		newFullTGDs	5659
nonFullTGDs	1326		fullTGDs	5133			newNonFullTGDs	0		newFullTGDs	5559
nonFullTGDs	1326		fullTGDs	5233			newNonFullTGDs	0		newFullTGDs	5459
nonFullTGDs	1326		fullTGDs	5333			newNonFullTGDs	0		newFullTGDs	5359
nonFullTGDs	1326		fullTGDs	5433			newNonFullTGDs	0		newFullTGDs	5259
nonFullTGDs	1326		fullTGDs	5533			newNonFullTGDs	0		newFullTGDs	5159
nonFullTGDs	1332		fullTGDs	5621			newNonFullTGDs	0		newFullTGDs	5071
nonFullTGDs	1335		fullTGDs	5715			newNonFullTGDs	0		newFullTGDs	4977
nonFullTGDs	1337		fullTGDs	5811			newNonFullTGDs	0		newFullTGDs	4881
nonFullTGDs	1340		fullTGDs	5905			newNonFullTGDs	1		newFullTGDs	4787
nonFullTGDs	1352		fullTGDs	5981			newNonFullTGDs	0		newFullTGDs	4711
nonFullTGDs	1354		fullTGDs	6077			newNonFullTGDs	0		newFullTGDs	4615
nonFullTGDs	1356		fullTGDs	6173			newNonFullTGDs	0		newFullTGDs	4519
nonFullTGDs	1358		fullTGDs	6269			newNonFullTGDs	0		newFullTGDs	4423
nonFullTGDs	1360		fullTGDs	6365			newNonFullTGDs	0		newFullTGDs	4327
nonFullTGDs	1363		fullTGDs	6459			newNonFullTGDs	0		newFullTGDs	4233
nonFullTGDs	1366		fullTGDs	6553			newNonFullTGDs	0		newFullTGDs	4139
nonFullTGDs	1367		fullTGDs	6651			newNonFullTGDs	0		newFullTGDs	4041
nonFullTGDs	1368		fullTGDs	6749			newNonFullTGDs	0		newFullTGDs	3943
nonFullTGDs	1369		fullTGDs	6847			newNonFullTGDs	0		newFullTGDs	3845
nonFullTGDs	1369		fullTGDs	6947			newNonFullTGDs	0		newFullTGDs	3745
nonFullTGDs	1369		fullTGDs	7047			newNonFullTGDs	0		newFullTGDs	3645
nonFullTGDs	1371		fullTGDs	7143			newNonFullTGDs	0		newFullTGDs	3549
nonFullTGDs	1372		fullTGDs	7241			newNonFullTGDs	0		newFullTGDs	3451
nonFullTGDs	1372		fullTGDs	7341			newNonFullTGDs	0		newFullTGDs	3351
nonFullTGDs	1372		fullTGDs	7441			newNonFullTGDs	0		newFullTGDs	3251
nonFullTGDs	1373		fullTGDs	7539			newNonFullTGDs	0		newFullTGDs	3153
nonFullTGDs	1376		fullTGDs	7633			newNonFullTGDs	0		newFullTGDs	3059
nonFullTGDs	1376		fullTGDs	7733			newNonFullTGDs	0		newFullTGDs	2959
nonFullTGDs	1377		fullTGDs	7831			newNonFullTGDs	0		newFullTGDs	2861
nonFullTGDs	1378		fullTGDs	7929			newNonFullTGDs	0		newFullTGDs	2763
nonFullTGDs	1379		fullTGDs	8027			newNonFullTGDs	0		newFullTGDs	2665
nonFullTGDs	1379		fullTGDs	8127			newNonFullTGDs	0		newFullTGDs	2565
nonFullTGDs	1379		fullTGDs	8227			newNonFullTGDs	0		newFullTGDs	2465
nonFullTGDs	1379		fullTGDs	8327			newNonFullTGDs	0		newFullTGDs	2365
nonFullTGDs	1379		fullTGDs	8427			newNonFullTGDs	0		newFullTGDs	2265
nonFullTGDs	1379		fullTGDs	8527			newNonFullTGDs	0		newFullTGDs	2165
nonFullTGDs	1379		fullTGDs	8627			newNonFullTGDs	0		newFullTGDs	2065
nonFullTGDs	1379		fullTGDs	8727			newNonFullTGDs	0		newFullTGDs	1965
nonFullTGDs	1379		fullTGDs	8827			newNonFullTGDs	0		newFullTGDs	1865
nonFullTGDs	1379		fullTGDs	8927			newNonFullTGDs	0		newFullTGDs	1765
nonFullTGDs	1379		fullTGDs	9027			newNonFullTGDs	0		newFullTGDs	1665
nonFullTGDs	1379		fullTGDs	9127			newNonFullTGDs	0		newFullTGDs	1565
nonFullTGDs	1379		fullTGDs	9227			newNonFullTGDs	0		newFullTGDs	1465
nonFullTGDs	1379		fullTGDs	9327			newNonFullTGDs	0		newFullTGDs	1365
nonFullTGDs	1379		fullTGDs	9427			newNonFullTGDs	0		newFullTGDs	1265
nonFullTGDs	1379		fullTGDs	9527			newNonFullTGDs	0		newFullTGDs	1165
nonFullTGDs	1379		fullTGDs	9627			newNonFullTGDs	0		newFullTGDs	1065
nonFullTGDs	1379		fullTGDs	9727			newNonFullTGDs	0		newFullTGDs	965
nonFullTGDs	1379		fullTGDs	9827			newNonFullTGDs	0		newFullTGDs	865
nonFullTGDs	1379		fullTGDs	9927			newNonFullTGDs	0		newFullTGDs	765
nonFullTGDs	1379		fullTGDs	10027			newNonFullTGDs	0		newFullTGDs	665
nonFullTGDs	1379		fullTGDs	10127			newNonFullTGDs	0		newFullTGDs	565
nonFullTGDs	1379		fullTGDs	10227			newNonFullTGDs	0		newFullTGDs	465
nonFullTGDs	1379		fullTGDs	10327			newNonFullTGDs	0		newFullTGDs	365
nonFullTGDs	1379		fullTGDs	10427			newNonFullTGDs	0		newFullTGDs	265
nonFullTGDs	1379		fullTGDs	10527			newNonFullTGDs	0		newFullTGDs	165
nonFullTGDs	1379		fullTGDs	10627			newNonFullTGDs	0		newFullTGDs	65
Nov 21, 2021 10:58:17 AM uk.ac.ox.cs.gsat.SaturationStatistics log
INFO: # initial TGDs: 195 , 726
Nov 21, 2021 10:58:17 AM uk.ac.ox.cs.gsat.SaturationStatistics log
INFO: SkSat total time : 753 ms = 0.75 s
Nov 21, 2021 10:58:17 AM uk.ac.ox.cs.gsat.SaturationStatistics log
INFO: Subsumed elements : 0
Nov 21, 2021 10:58:17 AM uk.ac.ox.cs.gsat.SaturationStatistics log
INFO: Filter discarded elements : 0
Nov 21, 2021 10:58:17 AM uk.ac.ox.cs.gsat.SaturationStatistics log
INFO: subsumption time: 1 ms = 0.00 s
Nov 21, 2021 10:58:17 AM uk.ac.ox.cs.gsat.SaturationStatistics log
INFO: forward subsumption time: 0 ms = 0.00 s
Nov 21, 2021 10:58:17 AM uk.ac.ox.cs.gsat.SaturationStatistics log
INFO: backward subsumption time: 1 ms = 0.00 s
Nov 21, 2021 10:58:17 AM uk.ac.ox.cs.gsat.SaturationStatistics log
INFO: Derived full/non full TGDs: 10665 , 1203
Nov 21, 2021 10:58:17 AM uk.ac.ox.cs.gsat.SaturationStatistics log
INFO: discarded tautology count: 90
Nov 21, 2021 10:58:17 AM uk.ac.ox.cs.gsat.EvolveStatistics log
INFO: Stop because subsumed: 103
Nov 21, 2021 10:58:17 AM uk.ac.ox.cs.gsat.EvolveStatistics log
INFO: evolved equals to current: 0
Nov 21, 2021 10:58:17 AM uk.ac.ox.cs.gsat.EvolveStatistics log
INFO: evolved time: 329 ms = 0.33 s
Nov 21, 2021 10:58:17 AM uk.ac.ox.cs.gsat.EvolveStatistics log
INFO: evolve count: 17272
Nov 21, 2021 10:58:17 AM uk.ac.ox.cs.gsat.SkolemStatistics log
INFO: maximum number of Skolem atoms in body: 1
Nov 21, 2021 10:58:17 AM uk.ac.ox.cs.gsat.SkolemStatistics log
INFO: left derived TGD with Skolem in the body: 0
Nov 21, 2021 10:58:17 AM uk.ac.ox.cs.gsat.SkolemStatistics log
INFO: right derived TGD with Skolem in the body: 10587
Nov 21, 2021 10:58:17 AM uk.ac.ox.cs.gsat.SkolemStatistics log
INFO: derived TGD with more than two Skolem atoms in the body: 0
Nov 21, 2021 10:58:17 AM uk.ac.ox.cs.gsat.AbstractSaturation run
INFO: ouptput full TGDs not contained in the input: 0
Nov 21, 2021 10:58:17 AM uk.ac.ox.cs.gsat.App executeAllSteps
INFO: Rewriting completed!
Full TGD saturation: (195 dependecies)
Nov 21, 2021 10:58:17 AM uk.ac.ox.cs.gsat.App executeAllSteps
INFO: Writing the saturation in the Datalog file 00714.rul
