Starting Saturation...
Executing from DLGP files
SLF4J: Failed to load class "org.slf4j.impl.StaticLoggerBinder".
SLF4J: Defaulting to no-operation (NOP) logger implementation
SLF4J: See http://www.slf4j.org/codes.html#StaticLoggerBinder for further details.
# Rules: 793; # Atoms: 0; # AtomSets: 0; # Queries: 0; # Constraints: 0
Full TGD saturation algorithm: Skolem Sat
Running SkSat...
Nov 21, 2021 11:00:30 AM uk.ac.ox.cs.gsat.AbstractSaturation run
INFO: SkSat discarded rules : 0/793 = 0.000%
SkSat discarded rules : 0/793 = 0.000%
Nov 21, 2021 11:00:30 AM uk.ac.ox.cs.gsat.AbstractSaturation run
INFO: Subsumption method : disabled
nonFullTGDs	0		fullTGDs	391			newNonFullTGDs	1560		newFullTGDs	0
nonFullTGDs	73		fullTGDs	391			newNonFullTGDs	1525		newFullTGDs	803
nonFullTGDs	147		fullTGDs	391			newNonFullTGDs	1483		newFullTGDs	1355
nonFullTGDs	223		fullTGDs	391			newNonFullTGDs	1441		newFullTGDs	2089
nonFullTGDs	296		fullTGDs	391			newNonFullTGDs	1406		newFullTGDs	2710
nonFullTGDs	370		fullTGDs	391			newNonFullTGDs	1362		newFullTGDs	3262
nonFullTGDs	444		fullTGDs	391			newNonFullTGDs	1325		newFullTGDs	3883
nonFullTGDs	521		fullTGDs	391			newNonFullTGDs	1278		newFullTGDs	4435
nonFullTGDs	597		fullTGDs	391			newNonFullTGDs	1235		newFullTGDs	4987
nonFullTGDs	674		fullTGDs	391			newNonFullTGDs	1186		newFullTGDs	5470
nonFullTGDs	748		fullTGDs	391			newNonFullTGDs	1149		newFullTGDs	6091
nonFullTGDs	820		fullTGDs	391			newNonFullTGDs	1112		newFullTGDs	6712
nonFullTGDs	893		fullTGDs	391			newNonFullTGDs	1074		newFullTGDs	7537
nonFullTGDs	966		fullTGDs	391			newNonFullTGDs	1035		newFullTGDs	8566
nonFullTGDs	1041		fullTGDs	391			newNonFullTGDs	993		newFullTGDs	9799
nonFullTGDs	1114		fullTGDs	391			newNonFullTGDs	954		newFullTGDs	10828
nonFullTGDs	1187		fullTGDs	391			newNonFullTGDs	917		newFullTGDs	11449
nonFullTGDs	1260		fullTGDs	391			newNonFullTGDs	881		newFullTGDs	12274
nonFullTGDs	1333		fullTGDs	391			newNonFullTGDs	841		newFullTGDs	13099
nonFullTGDs	1407		fullTGDs	391			newNonFullTGDs	800		newFullTGDs	13651
nonFullTGDs	1481		fullTGDs	391			newNonFullTGDs	759		newFullTGDs	14294
nonFullTGDs	1555		fullTGDs	391			newNonFullTGDs	720		newFullTGDs	14915
nonFullTGDs	1630		fullTGDs	391			newNonFullTGDs	678		newFullTGDs	15558
nonFullTGDs	1703		fullTGDs	391			newNonFullTGDs	640		newFullTGDs	16383
nonFullTGDs	1776		fullTGDs	391			newNonFullTGDs	603		newFullTGDs	17004
nonFullTGDs	1849		fullTGDs	391			newNonFullTGDs	565		newFullTGDs	17829
nonFullTGDs	1923		fullTGDs	391			newNonFullTGDs	528		newFullTGDs	18541
nonFullTGDs	1998		fullTGDs	391			newNonFullTGDs	482		newFullTGDs	19410
nonFullTGDs	2075		fullTGDs	391			newNonFullTGDs	436		newFullTGDs	20075
nonFullTGDs	2151		fullTGDs	391			newNonFullTGDs	392		newFullTGDs	20809
nonFullTGDs	2229		fullTGDs	391			newNonFullTGDs	341		newFullTGDs	21314
nonFullTGDs	2306		fullTGDs	391			newNonFullTGDs	290		newFullTGDs	22871
nonFullTGDs	2381		fullTGDs	391			newNonFullTGDs	240		newFullTGDs	25121
nonFullTGDs	2456		fullTGDs	391			newNonFullTGDs	190		newFullTGDs	27371
nonFullTGDs	2531		fullTGDs	391			newNonFullTGDs	140		newFullTGDs	29621
nonFullTGDs	2606		fullTGDs	391			newNonFullTGDs	90		newFullTGDs	31367
nonFullTGDs	2681		fullTGDs	391			newNonFullTGDs	40		newFullTGDs	33092
nonFullTGDs	2741		fullTGDs	391			newNonFullTGDs	0		newFullTGDs	34452
nonFullTGDs	2742		fullTGDs	440			newNonFullTGDs	0		newFullTGDs	34354
nonFullTGDs	2743		fullTGDs	538			newNonFullTGDs	0		newFullTGDs	34256
nonFullTGDs	2744		fullTGDs	636			newNonFullTGDs	0		newFullTGDs	34158
nonFullTGDs	2745		fullTGDs	735			newNonFullTGDs	1		newFullTGDs	34059
nonFullTGDs	2745		fullTGDs	834			newNonFullTGDs	0		newFullTGDs	33960
nonFullTGDs	2747		fullTGDs	930			newNonFullTGDs	0		newFullTGDs	33864
nonFullTGDs	2748		fullTGDs	1028			newNonFullTGDs	0		newFullTGDs	33766
nonFullTGDs	2750		fullTGDs	1124			newNonFullTGDs	0		newFullTGDs	33670
nonFullTGDs	2751		fullTGDs	1222			newNonFullTGDs	0		newFullTGDs	33572
nonFullTGDs	2751		fullTGDs	1322			newNonFullTGDs	0		newFullTGDs	33472
nonFullTGDs	2753		fullTGDs	1418			newNonFullTGDs	0		newFullTGDs	33376
nonFullTGDs	2755		fullTGDs	1514			newNonFullTGDs	0		newFullTGDs	33280
nonFullTGDs	2756		fullTGDs	1612			newNonFullTGDs	0		newFullTGDs	33182
nonFullTGDs	2756		fullTGDs	1712			newNonFullTGDs	0		newFullTGDs	33082
nonFullTGDs	2757		fullTGDs	1810			newNonFullTGDs	0		newFullTGDs	32984
nonFullTGDs	2759		fullTGDs	1906			newNonFullTGDs	0		newFullTGDs	32888
nonFullTGDs	2760		fullTGDs	2004			newNonFullTGDs	0		newFullTGDs	32790
nonFullTGDs	2761		fullTGDs	2102			newNonFullTGDs	0		newFullTGDs	32692
nonFullTGDs	2763		fullTGDs	2198			newNonFullTGDs	0		newFullTGDs	32596
nonFullTGDs	2765		fullTGDs	2294			newNonFullTGDs	0		newFullTGDs	32500
nonFullTGDs	2767		fullTGDs	2390			newNonFullTGDs	0		newFullTGDs	32404
nonFullTGDs	2768		fullTGDs	2488			newNonFullTGDs	0		newFullTGDs	32306
nonFullTGDs	2769		fullTGDs	2586			newNonFullTGDs	0		newFullTGDs	32208
nonFullTGDs	2771		fullTGDs	2682			newNonFullTGDs	0		newFullTGDs	32112
nonFullTGDs	2771		fullTGDs	2782			newNonFullTGDs	0		newFullTGDs	32012
nonFullTGDs	2772		fullTGDs	2880			newNonFullTGDs	0		newFullTGDs	31914
nonFullTGDs	2773		fullTGDs	2978			newNonFullTGDs	0		newFullTGDs	31816
nonFullTGDs	2774		fullTGDs	3076			newNonFullTGDs	0		newFullTGDs	31718
nonFullTGDs	2776		fullTGDs	3172			newNonFullTGDs	0		newFullTGDs	31622
nonFullTGDs	2777		fullTGDs	3270			newNonFullTGDs	0		newFullTGDs	31524
nonFullTGDs	2780		fullTGDs	3364			newNonFullTGDs	0		newFullTGDs	31430
nonFullTGDs	2782		fullTGDs	3460			newNonFullTGDs	0		newFullTGDs	31334
nonFullTGDs	2782		fullTGDs	3560			newNonFullTGDs	0		newFullTGDs	31234
nonFullTGDs	2783		fullTGDs	3658			newNonFullTGDs	0		newFullTGDs	31136
nonFullTGDs	2783		fullTGDs	3758			newNonFullTGDs	0		newFullTGDs	31036
nonFullTGDs	2784		fullTGDs	3856			newNonFullTGDs	0		newFullTGDs	30938
nonFullTGDs	2784		fullTGDs	3956			newNonFullTGDs	0		newFullTGDs	30838
nonFullTGDs	2784		fullTGDs	4056			newNonFullTGDs	0		newFullTGDs	30738
nonFullTGDs	2786		fullTGDs	4152			newNonFullTGDs	0		newFullTGDs	30642
nonFullTGDs	2786		fullTGDs	4252			newNonFullTGDs	0		newFullTGDs	30542
nonFullTGDs	2787		fullTGDs	4350			newNonFullTGDs	0		newFullTGDs	30444
nonFullTGDs	2787		fullTGDs	4450			newNonFullTGDs	0		newFullTGDs	30344
nonFullTGDs	2787		fullTGDs	4550			newNonFullTGDs	0		newFullTGDs	30244
nonFullTGDs	2787		fullTGDs	4650			newNonFullTGDs	0		newFullTGDs	30144
nonFullTGDs	2788		fullTGDs	4748			newNonFullTGDs	0		newFullTGDs	30046
nonFullTGDs	2788		fullTGDs	4848			newNonFullTGDs	0		newFullTGDs	29946
nonFullTGDs	2789		fullTGDs	4946			newNonFullTGDs	0		newFullTGDs	29848
nonFullTGDs	2790		fullTGDs	5044			newNonFullTGDs	0		newFullTGDs	29750
nonFullTGDs	2791		fullTGDs	5142			newNonFullTGDs	0		newFullTGDs	29652
nonFullTGDs	2792		fullTGDs	5240			newNonFullTGDs	0		newFullTGDs	29554
nonFullTGDs	2792		fullTGDs	5340			newNonFullTGDs	0		newFullTGDs	29454
nonFullTGDs	2793		fullTGDs	5438			newNonFullTGDs	0		newFullTGDs	29356
nonFullTGDs	2794		fullTGDs	5536			newNonFullTGDs	0		newFullTGDs	29258
nonFullTGDs	2796		fullTGDs	5632			newNonFullTGDs	0		newFullTGDs	29162
nonFullTGDs	2797		fullTGDs	5730			newNonFullTGDs	0		newFullTGDs	29064
nonFullTGDs	2798		fullTGDs	5828			newNonFullTGDs	0		newFullTGDs	28966
nonFullTGDs	2800		fullTGDs	5924			newNonFullTGDs	0		newFullTGDs	28870
nonFullTGDs	2801		fullTGDs	6022			newNonFullTGDs	0		newFullTGDs	28772
nonFullTGDs	2802		fullTGDs	6120			newNonFullTGDs	0		newFullTGDs	28674
nonFullTGDs	2802		fullTGDs	6220			newNonFullTGDs	0		newFullTGDs	28574
nonFullTGDs	2802		fullTGDs	6320			newNonFullTGDs	0		newFullTGDs	28474
nonFullTGDs	2803		fullTGDs	6418			newNonFullTGDs	0		newFullTGDs	28376
nonFullTGDs	2805		fullTGDs	6514			newNonFullTGDs	0		newFullTGDs	28280
nonFullTGDs	2807		fullTGDs	6610			newNonFullTGDs	0		newFullTGDs	28184
nonFullTGDs	2808		fullTGDs	6708			newNonFullTGDs	0		newFullTGDs	28086
nonFullTGDs	2810		fullTGDs	6804			newNonFullTGDs	0		newFullTGDs	27990
nonFullTGDs	2811		fullTGDs	6902			newNonFullTGDs	0		newFullTGDs	27892
nonFullTGDs	2815		fullTGDs	6995			newNonFullTGDs	1		newFullTGDs	27799
nonFullTGDs	2815		fullTGDs	7094			newNonFullTGDs	0		newFullTGDs	27700
nonFullTGDs	2817		fullTGDs	7190			newNonFullTGDs	0		newFullTGDs	27604
nonFullTGDs	2818		fullTGDs	7288			newNonFullTGDs	0		newFullTGDs	27506
nonFullTGDs	2819		fullTGDs	7386			newNonFullTGDs	0		newFullTGDs	27408
nonFullTGDs	2821		fullTGDs	7482			newNonFullTGDs	0		newFullTGDs	27312
nonFullTGDs	2821		fullTGDs	7582			newNonFullTGDs	0		newFullTGDs	27212
nonFullTGDs	2822		fullTGDs	7680			newNonFullTGDs	1		newFullTGDs	27114
nonFullTGDs	2824		fullTGDs	7776			newNonFullTGDs	0		newFullTGDs	27018
nonFullTGDs	2825		fullTGDs	7874			newNonFullTGDs	0		newFullTGDs	26920
nonFullTGDs	2826		fullTGDs	7972			newNonFullTGDs	0		newFullTGDs	26822
nonFullTGDs	2826		fullTGDs	8072			newNonFullTGDs	0		newFullTGDs	26722
nonFullTGDs	2828		fullTGDs	8168			newNonFullTGDs	0		newFullTGDs	26626
nonFullTGDs	2829		fullTGDs	8266			newNonFullTGDs	0		newFullTGDs	26528
nonFullTGDs	2830		fullTGDs	8364			newNonFullTGDs	0		newFullTGDs	26430
nonFullTGDs	2830		fullTGDs	8464			newNonFullTGDs	0		newFullTGDs	26330
nonFullTGDs	2831		fullTGDs	8562			newNonFullTGDs	0		newFullTGDs	26232
nonFullTGDs	2833		fullTGDs	8658			newNonFullTGDs	0		newFullTGDs	26136
nonFullTGDs	2835		fullTGDs	8755			newNonFullTGDs	1		newFullTGDs	26039
nonFullTGDs	2836		fullTGDs	8852			newNonFullTGDs	0		newFullTGDs	25942
nonFullTGDs	2838		fullTGDs	8948			newNonFullTGDs	0		newFullTGDs	25846
nonFullTGDs	2840		fullTGDs	9044			newNonFullTGDs	0		newFullTGDs	25750
nonFullTGDs	2840		fullTGDs	9144			newNonFullTGDs	0		newFullTGDs	25650
nonFullTGDs	2841		fullTGDs	9242			newNonFullTGDs	0		newFullTGDs	25552
nonFullTGDs	2841		fullTGDs	9342			newNonFullTGDs	0		newFullTGDs	25452
nonFullTGDs	2842		fullTGDs	9440			newNonFullTGDs	0		newFullTGDs	25354
nonFullTGDs	2842		fullTGDs	9540			newNonFullTGDs	0		newFullTGDs	25254
nonFullTGDs	2843		fullTGDs	9638			newNonFullTGDs	0		newFullTGDs	25156
nonFullTGDs	2843		fullTGDs	9738			newNonFullTGDs	0		newFullTGDs	25056
nonFullTGDs	2843		fullTGDs	9838			newNonFullTGDs	0		newFullTGDs	24956
nonFullTGDs	2844		fullTGDs	9936			newNonFullTGDs	0		newFullTGDs	24858
nonFullTGDs	2845		fullTGDs	10034			newNonFullTGDs	0		newFullTGDs	24760
nonFullTGDs	2845		fullTGDs	10134			newNonFullTGDs	0		newFullTGDs	24660
nonFullTGDs	2846		fullTGDs	10232			newNonFullTGDs	0		newFullTGDs	24562
nonFullTGDs	2847		fullTGDs	10330			newNonFullTGDs	0		newFullTGDs	24464
nonFullTGDs	2847		fullTGDs	10430			newNonFullTGDs	0		newFullTGDs	24364
nonFullTGDs	2847		fullTGDs	10530			newNonFullTGDs	0		newFullTGDs	24264
nonFullTGDs	2847		fullTGDs	10630			newNonFullTGDs	0		newFullTGDs	24164
nonFullTGDs	2847		fullTGDs	10730			newNonFullTGDs	0		newFullTGDs	24064
nonFullTGDs	2847		fullTGDs	10830			newNonFullTGDs	0		newFullTGDs	23964
nonFullTGDs	2847		fullTGDs	10930			newNonFullTGDs	0		newFullTGDs	23864
nonFullTGDs	2847		fullTGDs	11030			newNonFullTGDs	0		newFullTGDs	23764
nonFullTGDs	2847		fullTGDs	11130			newNonFullTGDs	0		newFullTGDs	23664
nonFullTGDs	2847		fullTGDs	11230			newNonFullTGDs	0		newFullTGDs	23564
nonFullTGDs	2847		fullTGDs	11330			newNonFullTGDs	0		newFullTGDs	23464
nonFullTGDs	2847		fullTGDs	11430			newNonFullTGDs	0		newFullTGDs	23364
nonFullTGDs	2847		fullTGDs	11530			newNonFullTGDs	0		newFullTGDs	23264
nonFullTGDs	2847		fullTGDs	11630			newNonFullTGDs	0		newFullTGDs	23164
nonFullTGDs	2847		fullTGDs	11730			newNonFullTGDs	0		newFullTGDs	23064
nonFullTGDs	2847		fullTGDs	11830			newNonFullTGDs	0		newFullTGDs	22964
nonFullTGDs	2847		fullTGDs	11930			newNonFullTGDs	0		newFullTGDs	22864
nonFullTGDs	2847		fullTGDs	12030			newNonFullTGDs	0		newFullTGDs	22764
nonFullTGDs	2847		fullTGDs	12130			newNonFullTGDs	0		newFullTGDs	22664
nonFullTGDs	2847		fullTGDs	12230			newNonFullTGDs	0		newFullTGDs	22564
nonFullTGDs	2847		fullTGDs	12330			newNonFullTGDs	0		newFullTGDs	22464
nonFullTGDs	2847		fullTGDs	12430			newNonFullTGDs	0		newFullTGDs	22364
nonFullTGDs	2847		fullTGDs	12530			newNonFullTGDs	0		newFullTGDs	22264
nonFullTGDs	2847		fullTGDs	12630			newNonFullTGDs	0		newFullTGDs	22164
nonFullTGDs	2847		fullTGDs	12730			newNonFullTGDs	0		newFullTGDs	22064
nonFullTGDs	2847		fullTGDs	12830			newNonFullTGDs	0		newFullTGDs	21964
nonFullTGDs	2847		fullTGDs	12930			newNonFullTGDs	0		newFullTGDs	21864
nonFullTGDs	2847		fullTGDs	13030			newNonFullTGDs	0		newFullTGDs	21764
nonFullTGDs	2847		fullTGDs	13130			newNonFullTGDs	0		newFullTGDs	21664
nonFullTGDs	2847		fullTGDs	13230			newNonFullTGDs	0		newFullTGDs	21564
nonFullTGDs	2847		fullTGDs	13330			newNonFullTGDs	0		newFullTGDs	21464
nonFullTGDs	2847		fullTGDs	13430			newNonFullTGDs	0		newFullTGDs	21364
nonFullTGDs	2847		fullTGDs	13530			newNonFullTGDs	0		newFullTGDs	21264
nonFullTGDs	2847		fullTGDs	13630			newNonFullTGDs	0		newFullTGDs	21164
nonFullTGDs	2847		fullTGDs	13730			newNonFullTGDs	0		newFullTGDs	21064
nonFullTGDs	2847		fullTGDs	13830			newNonFullTGDs	0		newFullTGDs	20964
nonFullTGDs	2847		fullTGDs	13930			newNonFullTGDs	0		newFullTGDs	20864
nonFullTGDs	2847		fullTGDs	14030			newNonFullTGDs	0		newFullTGDs	20764
nonFullTGDs	2847		fullTGDs	14130			newNonFullTGDs	0		newFullTGDs	20664
nonFullTGDs	2847		fullTGDs	14230			newNonFullTGDs	0		newFullTGDs	20564
nonFullTGDs	2847		fullTGDs	14330			newNonFullTGDs	0		newFullTGDs	20464
nonFullTGDs	2847		fullTGDs	14430			newNonFullTGDs	0		newFullTGDs	20364
nonFullTGDs	2847		fullTGDs	14530			newNonFullTGDs	0		newFullTGDs	20264
nonFullTGDs	2847		fullTGDs	14630			newNonFullTGDs	0		newFullTGDs	20164
nonFullTGDs	2847		fullTGDs	14730			newNonFullTGDs	0		newFullTGDs	20064
nonFullTGDs	2847		fullTGDs	14830			newNonFullTGDs	0		newFullTGDs	19964
nonFullTGDs	2847		fullTGDs	14930			newNonFullTGDs	0		newFullTGDs	19864
nonFullTGDs	2847		fullTGDs	15030			newNonFullTGDs	0		newFullTGDs	19764
nonFullTGDs	2847		fullTGDs	15130			newNonFullTGDs	0		newFullTGDs	19664
nonFullTGDs	2847		fullTGDs	15230			newNonFullTGDs	0		newFullTGDs	19564
nonFullTGDs	2847		fullTGDs	15330			newNonFullTGDs	0		newFullTGDs	19464
nonFullTGDs	2847		fullTGDs	15430			newNonFullTGDs	0		newFullTGDs	19364
nonFullTGDs	2847		fullTGDs	15530			newNonFullTGDs	0		newFullTGDs	19264
nonFullTGDs	2847		fullTGDs	15630			newNonFullTGDs	0		newFullTGDs	19164
nonFullTGDs	2847		fullTGDs	15730			newNonFullTGDs	0		newFullTGDs	19064
nonFullTGDs	2847		fullTGDs	15830			newNonFullTGDs	0		newFullTGDs	18964
nonFullTGDs	2847		fullTGDs	15930			newNonFullTGDs	0		newFullTGDs	18864
nonFullTGDs	2847		fullTGDs	16030			newNonFullTGDs	0		newFullTGDs	18764
nonFullTGDs	2847		fullTGDs	16130			newNonFullTGDs	0		newFullTGDs	18664
nonFullTGDs	2847		fullTGDs	16230			newNonFullTGDs	0		newFullTGDs	18564
nonFullTGDs	2847		fullTGDs	16330			newNonFullTGDs	0		newFullTGDs	18464
nonFullTGDs	2847		fullTGDs	16430			newNonFullTGDs	0		newFullTGDs	18364
nonFullTGDs	2847		fullTGDs	16530			newNonFullTGDs	0		newFullTGDs	18264
nonFullTGDs	2847		fullTGDs	16630			newNonFullTGDs	0		newFullTGDs	18164
nonFullTGDs	2847		fullTGDs	16730			newNonFullTGDs	0		newFullTGDs	18064
nonFullTGDs	2847		fullTGDs	16830			newNonFullTGDs	0		newFullTGDs	17964
nonFullTGDs	2847		fullTGDs	16930			newNonFullTGDs	0		newFullTGDs	17864
nonFullTGDs	2847		fullTGDs	17030			newNonFullTGDs	0		newFullTGDs	17764
nonFullTGDs	2847		fullTGDs	17130			newNonFullTGDs	0		newFullTGDs	17664
nonFullTGDs	2847		fullTGDs	17230			newNonFullTGDs	0		newFullTGDs	17564
nonFullTGDs	2847		fullTGDs	17330			newNonFullTGDs	0		newFullTGDs	17464
nonFullTGDs	2847		fullTGDs	17430			newNonFullTGDs	0		newFullTGDs	17364
nonFullTGDs	2847		fullTGDs	17530			newNonFullTGDs	0		newFullTGDs	17264
nonFullTGDs	2847		fullTGDs	17630			newNonFullTGDs	0		newFullTGDs	17164
nonFullTGDs	2850		fullTGDs	17724			newNonFullTGDs	0		newFullTGDs	17070
nonFullTGDs	2854		fullTGDs	17817			newNonFullTGDs	1		newFullTGDs	16977
nonFullTGDs	2859		fullTGDs	17906			newNonFullTGDs	0		newFullTGDs	16888
nonFullTGDs	2865		fullTGDs	17994			newNonFullTGDs	1		newFullTGDs	16800
nonFullTGDs	2876		fullTGDs	18072			newNonFullTGDs	0		newFullTGDs	16722
nonFullTGDs	2884		fullTGDs	18156			newNonFullTGDs	0		newFullTGDs	16638
nonFullTGDs	2886		fullTGDs	18252			newNonFullTGDs	0		newFullTGDs	16542
nonFullTGDs	2888		fullTGDs	18348			newNonFullTGDs	0		newFullTGDs	16446
nonFullTGDs	2893		fullTGDs	18438			newNonFullTGDs	0		newFullTGDs	16356
nonFullTGDs	2894		fullTGDs	18536			newNonFullTGDs	0		newFullTGDs	16258
nonFullTGDs	2895		fullTGDs	18634			newNonFullTGDs	0		newFullTGDs	16160
nonFullTGDs	2895		fullTGDs	18734			newNonFullTGDs	0		newFullTGDs	16060
nonFullTGDs	2895		fullTGDs	18834			newNonFullTGDs	0		newFullTGDs	15960
nonFullTGDs	2895		fullTGDs	18934			newNonFullTGDs	0		newFullTGDs	15860
nonFullTGDs	2895		fullTGDs	19034			newNonFullTGDs	0		newFullTGDs	15760
nonFullTGDs	2898		fullTGDs	19128			newNonFullTGDs	0		newFullTGDs	15666
nonFullTGDs	2907		fullTGDs	19210			newNonFullTGDs	0		newFullTGDs	15584
nonFullTGDs	2912		fullTGDs	19300			newNonFullTGDs	0		newFullTGDs	15494
nonFullTGDs	2916		fullTGDs	19392			newNonFullTGDs	0		newFullTGDs	15402
nonFullTGDs	2924		fullTGDs	19476			newNonFullTGDs	0		newFullTGDs	15318
nonFullTGDs	2924		fullTGDs	19576			newNonFullTGDs	0		newFullTGDs	15218
nonFullTGDs	2925		fullTGDs	19674			newNonFullTGDs	0		newFullTGDs	15120
nonFullTGDs	2927		fullTGDs	19770			newNonFullTGDs	0		newFullTGDs	15024
nonFullTGDs	2928		fullTGDs	19868			newNonFullTGDs	0		newFullTGDs	14926
nonFullTGDs	2929		fullTGDs	19966			newNonFullTGDs	0		newFullTGDs	14828
nonFullTGDs	2930		fullTGDs	20064			newNonFullTGDs	0		newFullTGDs	14730
nonFullTGDs	2930		fullTGDs	20164			newNonFullTGDs	0		newFullTGDs	14630
nonFullTGDs	2931		fullTGDs	20262			newNonFullTGDs	0		newFullTGDs	14532
nonFullTGDs	2935		fullTGDs	20354			newNonFullTGDs	0		newFullTGDs	14440
nonFullTGDs	2938		fullTGDs	20448			newNonFullTGDs	0		newFullTGDs	14346
nonFullTGDs	2942		fullTGDs	20541			newNonFullTGDs	1		newFullTGDs	14253
nonFullTGDs	2943		fullTGDs	20638			newNonFullTGDs	0		newFullTGDs	14156
nonFullTGDs	2944		fullTGDs	20736			newNonFullTGDs	0		newFullTGDs	14058
nonFullTGDs	2945		fullTGDs	20834			newNonFullTGDs	0		newFullTGDs	13960
nonFullTGDs	2945		fullTGDs	20934			newNonFullTGDs	0		newFullTGDs	13860
nonFullTGDs	2946		fullTGDs	21032			newNonFullTGDs	0		newFullTGDs	13762
nonFullTGDs	2948		fullTGDs	21128			newNonFullTGDs	0		newFullTGDs	13666
nonFullTGDs	2952		fullTGDs	21220			newNonFullTGDs	0		newFullTGDs	13574
nonFullTGDs	2955		fullTGDs	21314			newNonFullTGDs	0		newFullTGDs	13480
nonFullTGDs	2957		fullTGDs	21410			newNonFullTGDs	0		newFullTGDs	13384
nonFullTGDs	2957		fullTGDs	21510			newNonFullTGDs	0		newFullTGDs	13284
nonFullTGDs	2958		fullTGDs	21608			newNonFullTGDs	0		newFullTGDs	13186
nonFullTGDs	2959		fullTGDs	21706			newNonFullTGDs	0		newFullTGDs	13088
nonFullTGDs	2959		fullTGDs	21806			newNonFullTGDs	0		newFullTGDs	12988
nonFullTGDs	2959		fullTGDs	21906			newNonFullTGDs	0		newFullTGDs	12888
nonFullTGDs	2959		fullTGDs	22006			newNonFullTGDs	0		newFullTGDs	12788
nonFullTGDs	2959		fullTGDs	22106			newNonFullTGDs	0		newFullTGDs	12688
nonFullTGDs	2959		fullTGDs	22206			newNonFullTGDs	0		newFullTGDs	12588
nonFullTGDs	2959		fullTGDs	22306			newNonFullTGDs	0		newFullTGDs	12488
nonFullTGDs	2960		fullTGDs	22404			newNonFullTGDs	0		newFullTGDs	12390
nonFullTGDs	2961		fullTGDs	22502			newNonFullTGDs	0		newFullTGDs	12292
nonFullTGDs	2961		fullTGDs	22602			newNonFullTGDs	0		newFullTGDs	12192
nonFullTGDs	2961		fullTGDs	22702			newNonFullTGDs	0		newFullTGDs	12092
nonFullTGDs	2964		fullTGDs	22796			newNonFullTGDs	0		newFullTGDs	11998
nonFullTGDs	2968		fullTGDs	22888			newNonFullTGDs	0		newFullTGDs	11906
nonFullTGDs	2968		fullTGDs	22988			newNonFullTGDs	0		newFullTGDs	11806
nonFullTGDs	2968		fullTGDs	23088			newNonFullTGDs	0		newFullTGDs	11706
nonFullTGDs	2969		fullTGDs	23186			newNonFullTGDs	0		newFullTGDs	11608
nonFullTGDs	2969		fullTGDs	23286			newNonFullTGDs	0		newFullTGDs	11508
nonFullTGDs	2969		fullTGDs	23386			newNonFullTGDs	0		newFullTGDs	11408
nonFullTGDs	2969		fullTGDs	23486			newNonFullTGDs	0		newFullTGDs	11308
nonFullTGDs	2969		fullTGDs	23586			newNonFullTGDs	0		newFullTGDs	11208
nonFullTGDs	2970		fullTGDs	23684			newNonFullTGDs	0		newFullTGDs	11110
nonFullTGDs	2970		fullTGDs	23784			newNonFullTGDs	0		newFullTGDs	11010
nonFullTGDs	2973		fullTGDs	23878			newNonFullTGDs	0		newFullTGDs	10916
nonFullTGDs	2974		fullTGDs	23976			newNonFullTGDs	0		newFullTGDs	10818
nonFullTGDs	2975		fullTGDs	24074			newNonFullTGDs	0		newFullTGDs	10720
nonFullTGDs	2976		fullTGDs	24172			newNonFullTGDs	0		newFullTGDs	10622
nonFullTGDs	2977		fullTGDs	24270			newNonFullTGDs	0		newFullTGDs	10524
nonFullTGDs	2977		fullTGDs	24370			newNonFullTGDs	0		newFullTGDs	10424
nonFullTGDs	2978		fullTGDs	24468			newNonFullTGDs	0		newFullTGDs	10326
nonFullTGDs	2979		fullTGDs	24566			newNonFullTGDs	0		newFullTGDs	10228
nonFullTGDs	2980		fullTGDs	24664			newNonFullTGDs	0		newFullTGDs	10130
nonFullTGDs	2980		fullTGDs	24764			newNonFullTGDs	0		newFullTGDs	10030
nonFullTGDs	2980		fullTGDs	24864			newNonFullTGDs	0		newFullTGDs	9930
nonFullTGDs	2981		fullTGDs	24962			newNonFullTGDs	0		newFullTGDs	9832
nonFullTGDs	2983		fullTGDs	25058			newNonFullTGDs	0		newFullTGDs	9736
nonFullTGDs	2983		fullTGDs	25158			newNonFullTGDs	0		newFullTGDs	9636
nonFullTGDs	2983		fullTGDs	25258			newNonFullTGDs	0		newFullTGDs	9536
nonFullTGDs	2983		fullTGDs	25358			newNonFullTGDs	0		newFullTGDs	9436
nonFullTGDs	2983		fullTGDs	25458			newNonFullTGDs	0		newFullTGDs	9336
nonFullTGDs	2983		fullTGDs	25558			newNonFullTGDs	0		newFullTGDs	9236
nonFullTGDs	2983		fullTGDs	25658			newNonFullTGDs	0		newFullTGDs	9136
nonFullTGDs	2983		fullTGDs	25758			newNonFullTGDs	0		newFullTGDs	9036
nonFullTGDs	2983		fullTGDs	25858			newNonFullTGDs	0		newFullTGDs	8936
nonFullTGDs	2983		fullTGDs	25958			newNonFullTGDs	0		newFullTGDs	8836
nonFullTGDs	2983		fullTGDs	26058			newNonFullTGDs	0		newFullTGDs	8736
nonFullTGDs	2983		fullTGDs	26158			newNonFullTGDs	0		newFullTGDs	8636
nonFullTGDs	2983		fullTGDs	26258			newNonFullTGDs	0		newFullTGDs	8536
nonFullTGDs	2983		fullTGDs	26358			newNonFullTGDs	0		newFullTGDs	8436
nonFullTGDs	2983		fullTGDs	26458			newNonFullTGDs	0		newFullTGDs	8336
nonFullTGDs	2983		fullTGDs	26558			newNonFullTGDs	0		newFullTGDs	8236
nonFullTGDs	2983		fullTGDs	26658			newNonFullTGDs	0		newFullTGDs	8136
nonFullTGDs	2983		fullTGDs	26758			newNonFullTGDs	0		newFullTGDs	8036
nonFullTGDs	2983		fullTGDs	26858			newNonFullTGDs	0		newFullTGDs	7936
nonFullTGDs	2983		fullTGDs	26958			newNonFullTGDs	0		newFullTGDs	7836
nonFullTGDs	2983		fullTGDs	27058			newNonFullTGDs	0		newFullTGDs	7736
nonFullTGDs	2983		fullTGDs	27158			newNonFullTGDs	0		newFullTGDs	7636
nonFullTGDs	2983		fullTGDs	27258			newNonFullTGDs	0		newFullTGDs	7536
nonFullTGDs	2983		fullTGDs	27358			newNonFullTGDs	0		newFullTGDs	7436
nonFullTGDs	2983		fullTGDs	27458			newNonFullTGDs	0		newFullTGDs	7336
nonFullTGDs	2983		fullTGDs	27558			newNonFullTGDs	0		newFullTGDs	7236
nonFullTGDs	2983		fullTGDs	27658			newNonFullTGDs	0		newFullTGDs	7136
nonFullTGDs	2983		fullTGDs	27758			newNonFullTGDs	0		newFullTGDs	7036
nonFullTGDs	2983		fullTGDs	27858			newNonFullTGDs	0		newFullTGDs	6936
nonFullTGDs	2983		fullTGDs	27958			newNonFullTGDs	0		newFullTGDs	6836
nonFullTGDs	2983		fullTGDs	28058			newNonFullTGDs	0		newFullTGDs	6736
nonFullTGDs	2983		fullTGDs	28158			newNonFullTGDs	0		newFullTGDs	6636
nonFullTGDs	2983		fullTGDs	28258			newNonFullTGDs	0		newFullTGDs	6536
nonFullTGDs	2983		fullTGDs	28358			newNonFullTGDs	0		newFullTGDs	6436
nonFullTGDs	2983		fullTGDs	28458			newNonFullTGDs	0		newFullTGDs	6336
nonFullTGDs	2983		fullTGDs	28558			newNonFullTGDs	0		newFullTGDs	6236
nonFullTGDs	2983		fullTGDs	28658			newNonFullTGDs	0		newFullTGDs	6136
nonFullTGDs	2983		fullTGDs	28758			newNonFullTGDs	0		newFullTGDs	6036
nonFullTGDs	2983		fullTGDs	28858			newNonFullTGDs	0		newFullTGDs	5936
nonFullTGDs	2983		fullTGDs	28958			newNonFullTGDs	0		newFullTGDs	5836
nonFullTGDs	2983		fullTGDs	29058			newNonFullTGDs	0		newFullTGDs	5736
nonFullTGDs	2983		fullTGDs	29158			newNonFullTGDs	0		newFullTGDs	5636
nonFullTGDs	2983		fullTGDs	29258			newNonFullTGDs	0		newFullTGDs	5536
nonFullTGDs	2983		fullTGDs	29358			newNonFullTGDs	0		newFullTGDs	5436
nonFullTGDs	2983		fullTGDs	29458			newNonFullTGDs	0		newFullTGDs	5336
nonFullTGDs	2983		fullTGDs	29558			newNonFullTGDs	0		newFullTGDs	5236
nonFullTGDs	2983		fullTGDs	29658			newNonFullTGDs	0		newFullTGDs	5136
nonFullTGDs	2983		fullTGDs	29758			newNonFullTGDs	0		newFullTGDs	5036
nonFullTGDs	2983		fullTGDs	29858			newNonFullTGDs	0		newFullTGDs	4936
nonFullTGDs	2983		fullTGDs	29958			newNonFullTGDs	0		newFullTGDs	4836
nonFullTGDs	2983		fullTGDs	30058			newNonFullTGDs	0		newFullTGDs	4736
nonFullTGDs	2983		fullTGDs	30158			newNonFullTGDs	0		newFullTGDs	4636
nonFullTGDs	2983		fullTGDs	30258			newNonFullTGDs	0		newFullTGDs	4536
nonFullTGDs	2983		fullTGDs	30358			newNonFullTGDs	0		newFullTGDs	4436
nonFullTGDs	2983		fullTGDs	30458			newNonFullTGDs	0		newFullTGDs	4336
nonFullTGDs	2983		fullTGDs	30558			newNonFullTGDs	0		newFullTGDs	4236
nonFullTGDs	2983		fullTGDs	30658			newNonFullTGDs	0		newFullTGDs	4136
nonFullTGDs	2983		fullTGDs	30758			newNonFullTGDs	0		newFullTGDs	4036
nonFullTGDs	2983		fullTGDs	30858			newNonFullTGDs	0		newFullTGDs	3936
nonFullTGDs	2983		fullTGDs	30958			newNonFullTGDs	0		newFullTGDs	3836
nonFullTGDs	2983		fullTGDs	31058			newNonFullTGDs	0		newFullTGDs	3736
nonFullTGDs	2983		fullTGDs	31158			newNonFullTGDs	0		newFullTGDs	3636
nonFullTGDs	2983		fullTGDs	31258			newNonFullTGDs	0		newFullTGDs	3536
nonFullTGDs	2983		fullTGDs	31358			newNonFullTGDs	0		newFullTGDs	3436
nonFullTGDs	2983		fullTGDs	31458			newNonFullTGDs	0		newFullTGDs	3336
nonFullTGDs	2983		fullTGDs	31558			newNonFullTGDs	0		newFullTGDs	3236
nonFullTGDs	2983		fullTGDs	31658			newNonFullTGDs	0		newFullTGDs	3136
nonFullTGDs	2983		fullTGDs	31758			newNonFullTGDs	0		newFullTGDs	3036
nonFullTGDs	2983		fullTGDs	31858			newNonFullTGDs	0		newFullTGDs	2936
nonFullTGDs	2983		fullTGDs	31958			newNonFullTGDs	0		newFullTGDs	2836
nonFullTGDs	2983		fullTGDs	32058			newNonFullTGDs	0		newFullTGDs	2736
nonFullTGDs	2983		fullTGDs	32158			newNonFullTGDs	0		newFullTGDs	2636
nonFullTGDs	2983		fullTGDs	32258			newNonFullTGDs	0		newFullTGDs	2536
nonFullTGDs	2983		fullTGDs	32358			newNonFullTGDs	0		newFullTGDs	2436
nonFullTGDs	2983		fullTGDs	32458			newNonFullTGDs	0		newFullTGDs	2336
nonFullTGDs	2983		fullTGDs	32558			newNonFullTGDs	0		newFullTGDs	2236
nonFullTGDs	2983		fullTGDs	32658			newNonFullTGDs	0		newFullTGDs	2136
nonFullTGDs	2983		fullTGDs	32758			newNonFullTGDs	0		newFullTGDs	2036
nonFullTGDs	2983		fullTGDs	32858			newNonFullTGDs	0		newFullTGDs	1936
nonFullTGDs	2983		fullTGDs	32958			newNonFullTGDs	0		newFullTGDs	1836
nonFullTGDs	2983		fullTGDs	33058			newNonFullTGDs	0		newFullTGDs	1736
nonFullTGDs	2983		fullTGDs	33158			newNonFullTGDs	0		newFullTGDs	1636
nonFullTGDs	2983		fullTGDs	33258			newNonFullTGDs	0		newFullTGDs	1536
nonFullTGDs	2983		fullTGDs	33358			newNonFullTGDs	0		newFullTGDs	1436
nonFullTGDs	2983		fullTGDs	33458			newNonFullTGDs	0		newFullTGDs	1336
nonFullTGDs	2983		fullTGDs	33558			newNonFullTGDs	0		newFullTGDs	1236
nonFullTGDs	2983		fullTGDs	33658			newNonFullTGDs	0		newFullTGDs	1136
nonFullTGDs	2983		fullTGDs	33758			newNonFullTGDs	0		newFullTGDs	1036
nonFullTGDs	2983		fullTGDs	33858			newNonFullTGDs	0		newFullTGDs	936
nonFullTGDs	2983		fullTGDs	33958			newNonFullTGDs	0		newFullTGDs	836
nonFullTGDs	2983		fullTGDs	34058			newNonFullTGDs	0		newFullTGDs	736
nonFullTGDs	2983		fullTGDs	34158			newNonFullTGDs	0		newFullTGDs	636
nonFullTGDs	2983		fullTGDs	34258			newNonFullTGDs	0		newFullTGDs	536
nonFullTGDs	2983		fullTGDs	34358			newNonFullTGDs	0		newFullTGDs	436
nonFullTGDs	2983		fullTGDs	34458			newNonFullTGDs	0		newFullTGDs	336
nonFullTGDs	2983		fullTGDs	34558			newNonFullTGDs	0		newFullTGDs	236
nonFullTGDs	2983		fullTGDs	34658			newNonFullTGDs	0		newFullTGDs	136
nonFullTGDs	2983		fullTGDs	34758			newNonFullTGDs	0		newFullTGDs	36
Nov 21, 2021 11:00:32 AM uk.ac.ox.cs.gsat.SaturationStatistics log
INFO: # initial TGDs: 391 , 1560
Nov 21, 2021 11:00:32 AM uk.ac.ox.cs.gsat.SaturationStatistics log
INFO: SkSat total time : 2030 ms = 2.03 s
Nov 21, 2021 11:00:32 AM uk.ac.ox.cs.gsat.SaturationStatistics log
INFO: Subsumed elements : 0
Nov 21, 2021 11:00:32 AM uk.ac.ox.cs.gsat.SaturationStatistics log
INFO: Filter discarded elements : 0
Nov 21, 2021 11:00:32 AM uk.ac.ox.cs.gsat.SaturationStatistics log
INFO: subsumption time: 70 ms = 0.07 s
Nov 21, 2021 11:00:32 AM uk.ac.ox.cs.gsat.SaturationStatistics log
INFO: forward subsumption time: 1 ms = 0.00 s
Nov 21, 2021 11:00:32 AM uk.ac.ox.cs.gsat.SaturationStatistics log
INFO: backward subsumption time: 69 ms = 0.07 s
Nov 21, 2021 11:00:32 AM uk.ac.ox.cs.gsat.SaturationStatistics log
INFO: Derived full/non full TGDs: 34701 , 2604
Nov 21, 2021 11:00:32 AM uk.ac.ox.cs.gsat.SaturationStatistics log
INFO: discarded tautology count: 160
Nov 21, 2021 11:00:32 AM uk.ac.ox.cs.gsat.EvolveStatistics log
INFO: Stop because subsumed: 242
Nov 21, 2021 11:00:32 AM uk.ac.ox.cs.gsat.EvolveStatistics log
INFO: evolved equals to current: 0
Nov 21, 2021 11:00:32 AM uk.ac.ox.cs.gsat.EvolveStatistics log
INFO: evolved time: 814 ms = 0.81 s
Nov 21, 2021 11:00:32 AM uk.ac.ox.cs.gsat.EvolveStatistics log
INFO: evolve count: 59622
Nov 21, 2021 11:00:32 AM uk.ac.ox.cs.gsat.SkolemStatistics log
INFO: maximum number of Skolem atoms in body: 1
Nov 21, 2021 11:00:32 AM uk.ac.ox.cs.gsat.SkolemStatistics log
INFO: left derived TGD with Skolem in the body: 0
Nov 21, 2021 11:00:32 AM uk.ac.ox.cs.gsat.SkolemStatistics log
INFO: right derived TGD with Skolem in the body: 34563
Nov 21, 2021 11:00:32 AM uk.ac.ox.cs.gsat.SkolemStatistics log
INFO: derived TGD with more than two Skolem atoms in the body: 0
Nov 21, 2021 11:00:32 AM uk.ac.ox.cs.gsat.AbstractSaturation run
INFO: ouptput full TGDs not contained in the input: 0
Nov 21, 2021 11:00:32 AM uk.ac.ox.cs.gsat.App executeAllSteps
INFO: Rewriting completed!
Full TGD saturation: (391 dependecies)
Nov 21, 2021 11:00:32 AM uk.ac.ox.cs.gsat.App executeAllSteps
INFO: Writing the saturation in the Datalog file 00732.rul
