Starting Saturation...
Executing from DLGP files
SLF4J: Failed to load class "org.slf4j.impl.StaticLoggerBinder".
SLF4J: Defaulting to no-operation (NOP) logger implementation
SLF4J: See http://www.slf4j.org/codes.html#StaticLoggerBinder for further details.
# Rules: 659; # Atoms: 0; # AtomSets: 0; # Queries: 0; # Constraints: 0
Full TGD saturation algorithm: Skolem Sat
Running SkSat...
Nov 21, 2021 11:57:07 AM uk.ac.ox.cs.gsat.AbstractSaturation run
INFO: SkSat discarded rules : 0/659 = 0.000%
SkSat discarded rules : 0/659 = 0.000%
Nov 21, 2021 11:57:07 AM uk.ac.ox.cs.gsat.AbstractSaturation run
INFO: Subsumption method : disabled
nonFullTGDs	0		fullTGDs	653			newNonFullTGDs	12		newFullTGDs	0
nonFullTGDs	83		fullTGDs	653			newNonFullTGDs	64		newFullTGDs	13
nonFullTGDs	169		fullTGDs	653			newNonFullTGDs	48		newFullTGDs	25
nonFullTGDs	257		fullTGDs	653			newNonFullTGDs	37		newFullTGDs	41
nonFullTGDs	343		fullTGDs	653			newNonFullTGDs	24		newFullTGDs	45
nonFullTGDs	429		fullTGDs	653			newNonFullTGDs	10		newFullTGDs	57
nonFullTGDs	502		fullTGDs	661			newNonFullTGDs	3		newFullTGDs	65
nonFullTGDs	549		fullTGDs	673			newNonFullTGDs	0		newFullTGDs	75
nonFullTGDs	604		fullTGDs	686			newNonFullTGDs	0		newFullTGDs	84
nonFullTGDs	655		fullTGDs	695			newNonFullTGDs	0		newFullTGDs	101
nonFullTGDs	713		fullTGDs	700			newNonFullTGDs	3		newFullTGDs	128
nonFullTGDs	762		fullTGDs	707			newNonFullTGDs	1		newFullTGDs	145
nonFullTGDs	797		fullTGDs	730			newNonFullTGDs	2		newFullTGDs	136
nonFullTGDs	805		fullTGDs	771			newNonFullTGDs	3		newFullTGDs	95
nonFullTGDs	828		fullTGDs	790			newNonFullTGDs	2		newFullTGDs	76
nonFullTGDs	851		fullTGDs	811			newNonFullTGDs	5		newFullTGDs	55
nonFullTGDs	867		fullTGDs	838			newNonFullTGDs	0		newFullTGDs	28
Nov 21, 2021 11:57:07 AM uk.ac.ox.cs.gsat.SaturationStatistics log
INFO: # initial TGDs: 653 , 12
Nov 21, 2021 11:57:07 AM uk.ac.ox.cs.gsat.SaturationStatistics log
INFO: SkSat total time : 191 ms = 0.19 s
Nov 21, 2021 11:57:07 AM uk.ac.ox.cs.gsat.SaturationStatistics log
INFO: Subsumed elements : 0
Nov 21, 2021 11:57:07 AM uk.ac.ox.cs.gsat.SaturationStatistics log
INFO: Filter discarded elements : 0
Nov 21, 2021 11:57:07 AM uk.ac.ox.cs.gsat.SaturationStatistics log
INFO: subsumption time: 0 ms = 0.00 s
Nov 21, 2021 11:57:07 AM uk.ac.ox.cs.gsat.SaturationStatistics log
INFO: forward subsumption time: 0 ms = 0.00 s
Nov 21, 2021 11:57:07 AM uk.ac.ox.cs.gsat.SaturationStatistics log
INFO: backward subsumption time: 0 ms = 0.00 s
Nov 21, 2021 11:57:07 AM uk.ac.ox.cs.gsat.SaturationStatistics log
INFO: Derived full/non full TGDs: 216 , 1703
Nov 21, 2021 11:57:07 AM uk.ac.ox.cs.gsat.SaturationStatistics log
INFO: discarded tautology count: 0
Nov 21, 2021 11:57:07 AM uk.ac.ox.cs.gsat.EvolveStatistics log
INFO: Stop because subsumed: 181
Nov 21, 2021 11:57:07 AM uk.ac.ox.cs.gsat.EvolveStatistics log
INFO: evolved equals to current: 0
Nov 21, 2021 11:57:07 AM uk.ac.ox.cs.gsat.EvolveStatistics log
INFO: evolved time: 56 ms = 0.06 s
Nov 21, 2021 11:57:07 AM uk.ac.ox.cs.gsat.EvolveStatistics log
INFO: evolve count: 2244
Nov 21, 2021 11:57:07 AM uk.ac.ox.cs.gsat.SkolemStatistics log
INFO: maximum number of Skolem atoms in body: 1
Nov 21, 2021 11:57:07 AM uk.ac.ox.cs.gsat.SkolemStatistics log
INFO: left derived TGD with Skolem in the body: 0
Nov 21, 2021 11:57:07 AM uk.ac.ox.cs.gsat.SkolemStatistics log
INFO: right derived TGD with Skolem in the body: 210
Nov 21, 2021 11:57:07 AM uk.ac.ox.cs.gsat.SkolemStatistics log
INFO: derived TGD with more than two Skolem atoms in the body: 0
Nov 21, 2021 11:57:07 AM uk.ac.ox.cs.gsat.AbstractSaturation run
INFO: ouptput full TGDs not contained in the input: 3
Nov 21, 2021 11:57:07 AM uk.ac.ox.cs.gsat.App executeAllSteps
INFO: Rewriting completed!
Full TGD saturation: (656 dependecies)
Nov 21, 2021 11:57:07 AM uk.ac.ox.cs.gsat.App executeAllSteps
INFO: Writing the saturation in the Datalog file 00772.rul
