Starting the KAON2 Executor (from OWL)...
KAON2 Start
Started..
Initial axioms in the ontology: 4
Completed!
Finished!
KAON2 End; # rules: 5
KAON2 total time : 254 ms = 0.25 s
Full TGD saturation: (5 dependecies)

====================
May 11, 2021 3:19:07 PM uk.ac.ox.cs.gsat.Configuration initialize
WARNING: Could not open configuration file.
May 11, 2021 3:19:07 PM uk.ac.ox.cs.gsat.Configuration initialize
WARNING: java.io.FileNotFoundException: config.properties (No such file or directory)
May 11, 2021 3:19:07 PM uk.ac.ox.cs.gsat.Configuration initialize
WARNING: Falling back to defaults.
May 11, 2021 3:19:07 PM uk.ac.ox.cs.gsat.Configuration initialize
WARNING: Could not open configuration file.
May 11, 2021 3:19:07 PM uk.ac.ox.cs.gsat.Configuration initialize
WARNING: java.io.FileNotFoundException: config.properties (No such file or directory)
May 11, 2021 3:19:07 PM uk.ac.ox.cs.gsat.Configuration initialize
WARNING: Falling back to defaults.
xsd:uriReference(GSAT_U1):-<http://www.daml.org/2002/09/milservices/milservices-ont#Service>(GSAT_U2),<http://www.daml.org/2002/09/milservices/milservices-ont#homePage>(GSAT_U2,GSAT_U1).
xsd:string(GSAT_U1):-<http://www.daml.org/2002/09/milservices/milservices-ont#Service>(GSAT_U2),<http://www.daml.org/2002/09/milservices/milservices-ont#fullName>(GSAT_U2,GSAT_U1).
<http://www.daml.org/2001/09/countries/fips-10-4-ont#Country>(GSAT_U1):-<http://www.daml.org/2002/09/milservices/milservices-ont#Service>(GSAT_U2),<http://www.daml.org/2002/09/milservices/milservices-ont#country>(GSAT_U2,GSAT_U1).
xsd:string(GSAT_U1):-<http://www.daml.org/2002/09/milservices/milservices-ont#Service>(GSAT_U2),<http://www.daml.org/2002/09/milservices/milservices-ont#abbreviation>(GSAT_U2,GSAT_U1).
:-xsd:string(GSAT_U1),kaon2:ifTrue("isdataconstant($1) && ! hasdatatype("http://www.w3.org/2001/XMLSchema#string",$1)",GSAT_U1).
====================
