Starting the KAON2 Executor (from OWL)...
KAON2 Start
Started..
Initial axioms in the ontology: 28
Completed!
Finished!
KAON2 End; # rules: 24
KAON2 total time : 283 ms = 0.28 s
Full TGD saturation: (24 dependecies)

====================
May 11, 2021 3:19:20 PM uk.ac.ox.cs.gsat.Configuration initialize
WARNING: Could not open configuration file.
May 11, 2021 3:19:20 PM uk.ac.ox.cs.gsat.Configuration initialize
WARNING: java.io.FileNotFoundException: config.properties (No such file or directory)
May 11, 2021 3:19:20 PM uk.ac.ox.cs.gsat.Configuration initialize
WARNING: Falling back to defaults.
May 11, 2021 3:19:20 PM uk.ac.ox.cs.gsat.Configuration initialize
WARNING: Could not open configuration file.
May 11, 2021 3:19:20 PM uk.ac.ox.cs.gsat.Configuration initialize
WARNING: java.io.FileNotFoundException: config.properties (No such file or directory)
May 11, 2021 3:19:20 PM uk.ac.ox.cs.gsat.Configuration initialize
WARNING: Falling back to defaults.
<http://www.daml.org/2003/01/movienight/movienight-ont#Member>(GSAT_U1):-<http://www.daml.org/2003/01/movienight/movienight-ont#seatingCapacity>(GSAT_U1,GSAT_U2).
<http://org.semanticweb.owlapi/error#Error1>(GSAT_U1):-<http://www.daml.org/2003/01/movienight/movienight-ont#MovieNight>(GSAT_U1).
<http://www.daml.org/2003/01/movienight/movienight-ont#MovieNight>(GSAT_U1):-<http://www.daml.org/2003/01/movienight/movienight-ont#hostedBy>(GSAT_U1,GSAT_U2).
<http://www.daml.org/2003/01/movienight/movienight-ont#Member>(GSAT_U1):-<http://www.daml.org/2003/01/movienight/movienight-ont#hasAudio>(GSAT_U1,GSAT_U2).
<http://www.daml.org/2003/01/movienight/movienight-ont#Movie>(GSAT_U1):-<http://www.daml.org/2003/01/movienight/movienight-ont#imdbLink>(GSAT_U1,GSAT_U2).
<http://www.daml.org/2003/01/movienight/movienight-ont#Member>(GSAT_U1):-<http://www.daml.org/2003/01/movienight/movienight-ont#hasTV>(GSAT_U1,GSAT_U2).
<http://www.daml.org/2003/01/movienight/movienight-ont#MovieNight>(GSAT_U1):-<http://www.daml.org/2003/01/movienight/movienight-ont#hasNomination>(GSAT_U1,GSAT_U2).
<http://www.daml.org/2003/01/movienight/movienight-ont#Member>(GSAT_U1):-<http://www.daml.org/2003/01/movienight/movienight-ont#hasMovie>(GSAT_U1,GSAT_U2).
<http://www.daml.org/2003/01/movienight/movienight-ont#Member>(GSAT_U1):-<http://www.daml.org/2003/01/movienight/movienight-ont#hostedBy>(GSAT_U2,GSAT_U1).
xsd:dateTime(GSAT_U1):-<http://www.daml.org/2003/01/movienight/movienight-ont#date>(GSAT_U2,GSAT_U1).
<http://www.daml.org/2003/01/movienight/movienight-ont#NominatedMovie>(GSAT_U1):-<http://www.daml.org/2003/01/movienight/movienight-ont#votedBy>(GSAT_U1,GSAT_U2).
<http://www.daml.org/2003/01/movienight/movienight-ont#Movie>(GSAT_U1):-<http://www.daml.org/2003/01/movienight/movienight-ont#NominatedMovie>(GSAT_U1).
<http://www.daml.org/2003/01/movienight/movienight-ont#Member>(GSAT_U1):-<http://www.daml.org/2003/01/movienight/movienight-ont#votedBy>(GSAT_U2,GSAT_U1).
xsd:uriReference(GSAT_U1):-<http://www.daml.org/2003/01/movienight/movienight-ont#imdbLink>(GSAT_U2,GSAT_U1).
xsd:nonNegativeInteger(GSAT_U1):-<http://www.daml.org/2003/01/movienight/movienight-ont#seatingCapacity>(GSAT_U2,GSAT_U1).
<http://www.daml.org/2003/01/movienight/movienight-ont#MovieNight>(GSAT_U1):-<http://www.daml.org/2003/01/movienight/movienight-ont#date>(GSAT_U1,GSAT_U2).
<http://www.daml.org/2003/01/movienight/movienight-ont#Movie>(GSAT_U1):-<http://www.daml.org/2003/01/movienight/movienight-ont#hasNomination>(GSAT_U2,GSAT_U1).
<http://www.daml.org/2003/01/movienight/movienight-ont#Television>(GSAT_U1):-<http://www.daml.org/2003/01/movienight/movienight-ont#hasTV>(GSAT_U2,GSAT_U1).
<http://www.daml.org/2003/01/movienight/movienight-ont#Movie>(GSAT_U1):-<http://www.daml.org/2003/01/movienight/movienight-ont#hasMovie>(GSAT_U2,GSAT_U1).
<http://www.daml.org/2003/01/movienight/movienight-ont#MovieNight>(GSAT_U1):-<http://www.daml.org/2003/01/movienight/movienight-ont#primaryMovie>(GSAT_U1,GSAT_U2).
<http://www.daml.org/2003/01/movienight/movienight-ont#Movie>(GSAT_U1):-<http://www.daml.org/2003/01/movienight/movienight-ont#primaryMovie>(GSAT_U2,GSAT_U1).
<http://www.daml.org/2003/01/movienight/movienight-ont#AudioSystem>(GSAT_U1):-<http://www.daml.org/2003/01/movienight/movienight-ont#hasAudio>(GSAT_U2,GSAT_U1).
:-xsd:dateTime(GSAT_U1),kaon2:ifTrue("isdataconstant($1) && ! hasdatatype("http://www.w3.org/2001/XMLSchema#dateTime",$1)",GSAT_U1).
:-xsd:nonNegativeInteger(GSAT_U1),kaon2:ifTrue("isdataconstant($1) && ! hasdatatype("http://www.w3.org/2001/XMLSchema#nonNegativeInteger",$1)",GSAT_U1).
====================
