Starting the KAON2 Executor (from OWL)...
KAON2 Start
Started..
Initial axioms in the ontology: 104
Completed!
Finished!
KAON2 End; # rules: 107
KAON2 total time : 1652 ms = 1.65 s
Full TGD saturation: (107 dependecies)

====================
May 11, 2021 3:20:01 PM uk.ac.ox.cs.gsat.Configuration initialize
WARNING: Could not open configuration file.
May 11, 2021 3:20:01 PM uk.ac.ox.cs.gsat.Configuration initialize
WARNING: java.io.FileNotFoundException: config.properties (No such file or directory)
May 11, 2021 3:20:01 PM uk.ac.ox.cs.gsat.Configuration initialize
WARNING: Falling back to defaults.
May 11, 2021 3:20:01 PM uk.ac.ox.cs.gsat.Configuration initialize
WARNING: Could not open configuration file.
May 11, 2021 3:20:01 PM uk.ac.ox.cs.gsat.Configuration initialize
WARNING: java.io.FileNotFoundException: config.properties (No such file or directory)
May 11, 2021 3:20:01 PM uk.ac.ox.cs.gsat.Configuration initialize
WARNING: Falling back to defaults.
rdfs:subPropertyOf(GSAT_U1,GSAT_U2):-<http://www.daml.org/2001/03/daml+oil#samePropertyAs>(GSAT_U1,GSAT_U2).
<http://www.daml.ri.cmu.edu/ont/homework/cmu-ri-labgroup-ont#hasMember>(GSAT_U1,GSAT_U2):-<http://www.cs.ox.ac.uk/isg/ontologies/UID/00252.owl#isMemberOfLab>(GSAT_U2,GSAT_U1).
<http://www.cs.ox.ac.uk/isg/ontologies/UID/00252.owl#isMemberOfLab>(GSAT_U1,GSAT_U2):-<http://www.daml.ri.cmu.edu/ont/homework/cmu-ri-labgroup-ont#hasMember>(GSAT_U2,GSAT_U1).
<http://www.daml.ri.cmu.edu/ont/homework/cmu-ri-project-ont#hasAuthor>(GSAT_U1,GSAT_U2):-<http://www.cs.ox.ac.uk/isg/ontologies/UID/00252.owl#hasPaper>(GSAT_U2,GSAT_U1).
<http://www.cs.ox.ac.uk/isg/ontologies/UID/00252.owl#hasPaper>(GSAT_U1,GSAT_U2):-<http://www.daml.ri.cmu.edu/ont/homework/cmu-ri-project-ont#hasAuthor>(GSAT_U2,GSAT_U1).
rdfs:subClassOf(GSAT_U1,GSAT_U2):-<http://www.daml.org/2001/03/daml+oil#sameClassAs>(GSAT_U1,GSAT_U2).
<http://www.daml.ri.cmu.edu/ont/homework/cmu-ri-project-ont#hasMember>(GSAT_U1,GSAT_U2):-<http://www.cs.ox.ac.uk/isg/ontologies/UID/00252.owl#isMemberOfProject>(GSAT_U2,GSAT_U1).
<http://www.cs.ox.ac.uk/isg/ontologies/UID/00252.owl#isMemberOfProject>(GSAT_U1,GSAT_U2):-<http://www.daml.ri.cmu.edu/ont/homework/cmu-ri-project-ont#hasMember>(GSAT_U2,GSAT_U1).
rdfs:Resource(GSAT_U1):-rdfs:Class(GSAT_U1).
rdfs:Resource(GSAT_U1):-rdf:first(GSAT_U2,GSAT_U1).
<http://www.daml.ri.cmu.edu/ont/homework/cmu-ri-labgroup-ont#Lab>(GSAT_U1):-<http://www.cs.ox.ac.uk/isg/ontologies/UID/00252.owl#isMemberOfLab>(GSAT_U2,GSAT_U1).
<http://www.daml.org/2001/03/daml+oil#List>(GSAT_U1):-<http://www.daml.org/2001/03/daml+oil#rest>(GSAT_U2,GSAT_U1).
<http://www.daml.org/2001/03/daml+oil#List>(GSAT_U1):-<http://www.daml.org/2001/03/daml+oil#rest>(GSAT_U1,GSAT_U2).
rdf:Property(GSAT_U1):-rdfs:ContainerMembershipProperty(GSAT_U1).
<http://www.daml.ri.cmu.edu/ont/homework/cmu-ri-project-ont#Project>(GSAT_U1):-<http://www.cs.ox.ac.uk/isg/ontologies/UID/00252.owl#isMemberOfProject>(GSAT_U2,GSAT_U1).
rdfs:Class(GSAT_U1):-rdfs:subClassOf(GSAT_U2,GSAT_U1).
rdfs:Class(GSAT_U1):-rdfs:subClassOf(GSAT_U1,GSAT_U2).
rdf:Statement(GSAT_U1):-rdf:subject(GSAT_U1,GSAT_U2).
<http://www.cs.ox.ac.uk/isg/ontologies/UID/00252.owl#Member>(GSAT_U1):-<http://www.cs.ox.ac.uk/isg/ontologies/UID/00252.owl#isMemberOfLab>(GSAT_U1,GSAT_U2).
rdfs:Resource(GSAT_U1):-rdf:object(GSAT_U2,GSAT_U1).
<http://www.daml.org/2001/03/daml+oil#List>(GSAT_U1):-<http://www.daml.org/2001/03/daml+oil#oneOf>(GSAT_U2,GSAT_U1).
<http://www.w3.org/2000/10/XMLSchema#nonNegativeInteger>(GSAT_U1):-<http://www.daml.org/2001/03/daml+oil#minCardinalityQ>(GSAT_U2,GSAT_U1).
owl:Class(GSAT_U1):-<http://www.daml.org/2001/03/daml+oil#intersectionOf>(GSAT_U1,GSAT_U2).
owl:Restriction(GSAT_U1):-<http://www.daml.org/2001/03/daml+oil#hasClass>(GSAT_U1,GSAT_U2).
owl:ObjectProperty(GSAT_U1):-<http://www.daml.org/2001/03/daml+oil#inverseOf>(GSAT_U2,GSAT_U1).
owl:ObjectProperty(GSAT_U1):-<http://www.daml.org/2001/03/daml+oil#inverseOf>(GSAT_U1,GSAT_U2).
rdfs:Class(GSAT_U1):-<http://www.daml.org/2001/03/daml+oil#hasClassQ>(GSAT_U2,GSAT_U1).
owl:Restriction(GSAT_U1):-<http://www.daml.org/2001/03/daml+oil#minCardinality>(GSAT_U1,GSAT_U2).
owl:Class(GSAT_U1):-<http://www.daml.org/2001/03/daml+oil#disjointUnionOf>(GSAT_U1,GSAT_U2).
rdfs:Resource(GSAT_U1):-rdf:Statement(GSAT_U1).
<http://www.cs.ox.ac.uk/isg/ontologies/UID/00252.owl#Member>(GSAT_U1):-<http://www.cs.ox.ac.uk/isg/ontologies/UID/00252.owl#hasMainURL>(GSAT_U1,GSAT_U2).
owl:Restriction(GSAT_U1):-<http://www.daml.org/2001/03/daml+oil#toClass>(GSAT_U1,GSAT_U2).
rdf:Property(GSAT_U1):-rdfs:subPropertyOf(GSAT_U2,GSAT_U1).
rdf:Property(GSAT_U1):-rdfs:subPropertyOf(GSAT_U1,GSAT_U2).
<http://www.w3.org/2000/10/XMLSchema#nonNegativeInteger>(GSAT_U1):-<http://www.daml.org/2001/03/daml+oil#maxCardinality>(GSAT_U2,GSAT_U1).
owl:Restriction(GSAT_U1):-<http://www.daml.org/2001/03/daml+oil#onProperty>(GSAT_U1,GSAT_U2).
rdfs:Class(GSAT_U1):-rdfs:domain(GSAT_U2,GSAT_U1).
owl:Restriction(GSAT_U1):-<http://www.daml.org/2001/03/daml+oil#cardinalityQ>(GSAT_U1,GSAT_U2).
<http://www.cs.ox.ac.uk/isg/ontologies/UID/00252.owl#Literal>(GSAT_U1):-<http://www.cs.ox.ac.uk/isg/ontologies/UID/00252.owl#hasEmail>(GSAT_U2,GSAT_U1).
rdf:Property(GSAT_U1):-rdfs:range(GSAT_U1,GSAT_U2).
rdf:List(GSAT_U1):-rdf:first(GSAT_U1,GSAT_U2).
rdfs:Class(GSAT_U1):-<http://www.daml.org/2001/03/daml+oil#Datatype>(GSAT_U1).
<http://www.cs.ox.ac.uk/isg/ontologies/UID/00252.owl#Member>(GSAT_U1):-<http://www.cs.ox.ac.uk/isg/ontologies/UID/00252.owl#hasHomeURL>(GSAT_U1,GSAT_U2).
rdfs:Resource(GSAT_U1):-rdf:List(GSAT_U1).
owl:Class(GSAT_U1):-<http://www.daml.org/2001/03/daml+oil#complementOf>(GSAT_U2,GSAT_U1).
owl:Class(GSAT_U1):-<http://www.daml.org/2001/03/daml+oil#complementOf>(GSAT_U1,GSAT_U2).
rdf:Property(GSAT_U1):-<http://www.daml.org/2001/03/daml+oil#onProperty>(GSAT_U2,GSAT_U1).
rdfs:Class(GSAT_U1):-<http://www.daml.org/2001/03/daml+oil#hasClass>(GSAT_U2,GSAT_U1).
owl:Class(GSAT_U1):-<http://www.daml.org/2001/03/daml+oil#sameClassAs>(GSAT_U2,GSAT_U1).
owl:Class(GSAT_U1):-<http://www.daml.org/2001/03/daml+oil#sameClassAs>(GSAT_U1,GSAT_U2).
rdfs:Class(GSAT_U1):-rdfs:Datatype(GSAT_U1).
owl:Class(GSAT_U1):-<http://www.daml.org/2001/03/daml+oil#disjointWith>(GSAT_U2,GSAT_U1).
owl:Class(GSAT_U1):-<http://www.daml.org/2001/03/daml+oil#disjointWith>(GSAT_U1,GSAT_U2).
rdfs:Container(GSAT_U1):-rdf:Seq(GSAT_U1).
<http://www.cs.ox.ac.uk/isg/ontologies/UID/00252.owl#Member>(GSAT_U1):-<http://www.cs.ox.ac.uk/isg/ontologies/UID/00252.owl#hasJobType>(GSAT_U1,GSAT_U2).
<http://www.cs.ox.ac.uk/isg/ontologies/UID/00252.owl#Member>(GSAT_U1):-<http://www.cs.ox.ac.uk/isg/ontologies/UID/00252.owl#isMemberOfProject>(GSAT_U1,GSAT_U2).
<http://www.cs.ox.ac.uk/isg/ontologies/UID/00252.owl#Literal>(GSAT_U1):-<http://www.cs.ox.ac.uk/isg/ontologies/UID/00252.owl#hasHomeURL>(GSAT_U2,GSAT_U1).
owl:Restriction(GSAT_U1):-<http://www.daml.org/2001/03/daml+oil#maxCardinality>(GSAT_U1,GSAT_U2).
rdfs:Resource(GSAT_U1):-rdfs:member(GSAT_U1,GSAT_U2).
rdfs:Resource(GSAT_U1):-rdfs:member(GSAT_U2,GSAT_U1).
owl:Restriction(GSAT_U1):-<http://www.daml.org/2001/03/daml+oil#hasClassQ>(GSAT_U1,GSAT_U2).
rdfs:Class(GSAT_U1):-<http://www.daml.org/2001/03/daml+oil#toClass>(GSAT_U2,GSAT_U1).
rdfs:Class(GSAT_U1):-rdfs:range(GSAT_U2,GSAT_U1).
rdf:Statement(GSAT_U1):-rdf:predicate(GSAT_U1,GSAT_U2).
<http://www.w3.org/2000/10/XMLSchema#nonNegativeInteger>(GSAT_U1):-<http://www.daml.org/2001/03/daml+oil#cardinalityQ>(GSAT_U2,GSAT_U1).
<http://www.cs.ox.ac.uk/isg/ontologies/UID/00252.owl#Literal>(GSAT_U1):-<http://www.cs.ox.ac.uk/isg/ontologies/UID/00252.owl#hasName>(GSAT_U2,GSAT_U1).
<http://www.daml.org/2001/03/daml+oil#List>(GSAT_U1):-<http://www.daml.org/2001/03/daml+oil#disjointUnionOf>(GSAT_U2,GSAT_U1).
<http://www.daml.org/2001/03/daml+oil#List>(GSAT_U1):-<http://www.daml.org/2001/03/daml+oil#unionOf>(GSAT_U2,GSAT_U1).
owl:ObjectProperty(GSAT_U1):-<http://www.daml.org/2001/03/daml+oil#TransitiveProperty>(GSAT_U1).
<http://www.cs.ox.ac.uk/isg/ontologies/UID/00252.owl#Member>(GSAT_U1):-<http://www.cs.ox.ac.uk/isg/ontologies/UID/00252.owl#hasName>(GSAT_U1,GSAT_U2).
rdfs:Class(GSAT_U1):-rdf:type(GSAT_U2,GSAT_U1).
rdf:Property(GSAT_U1):-<http://www.daml.org/2001/03/daml+oil#UniqueProperty>(GSAT_U1).
rdfs:Resource(GSAT_U1):-rdf:predicate(GSAT_U2,GSAT_U1).
rdf:Seq(GSAT_U1):-<http://www.daml.org/2001/03/daml+oil#List>(GSAT_U1).
rdfs:Resource(GSAT_U1):-rdf:subject(GSAT_U2,GSAT_U1).
owl:Class(GSAT_U1):-<http://www.daml.org/2001/03/daml+oil#Restriction>(GSAT_U1).
<http://www.w3.org/2000/10/XMLSchema#nonNegativeInteger>(GSAT_U1):-<http://www.daml.org/2001/03/daml+oil#maxCardinalityQ>(GSAT_U2,GSAT_U1).
<http://www.daml.org/2001/03/daml+oil#List>(GSAT_U1):-<http://www.daml.org/2001/03/daml+oil#intersectionOf>(GSAT_U2,GSAT_U1).
owl:Class(GSAT_U1):-<http://www.daml.org/2001/03/daml+oil#oneOf>(GSAT_U1,GSAT_U2).
rdfs:Container(GSAT_U1):-rdf:Bag(GSAT_U1).
rdfs:Resource(GSAT_U1):-rdf:value(GSAT_U1,GSAT_U2).
rdfs:Resource(GSAT_U1):-rdf:value(GSAT_U2,GSAT_U1).
rdf:Property(GSAT_U1):-<http://www.daml.org/2001/03/daml+oil#ObjectProperty>(GSAT_U1).
owl:Restriction(GSAT_U1):-<http://www.daml.org/2001/03/daml+oil#cardinality>(GSAT_U1,GSAT_U2).
rdf:List(GSAT_U1):-rdf:rest(GSAT_U1,GSAT_U2).
rdf:List(GSAT_U1):-rdf:rest(GSAT_U2,GSAT_U1).
rdfs:Resource(GSAT_U1):-rdfs:Container(GSAT_U1).
rdf:Statement(GSAT_U1):-rdf:object(GSAT_U1,GSAT_U2).
rdf:Property(GSAT_U1):-<http://www.daml.org/2001/03/daml+oil#DatatypeProperty>(GSAT_U1).
owl:Class(GSAT_U1):-<http://www.daml.org/2001/03/daml+oil#unionOf>(GSAT_U1,GSAT_U2).
rdfs:Resource(GSAT_U1):-rdf:type(GSAT_U1,GSAT_U2).
<http://www.cs.ox.ac.uk/isg/ontologies/UID/00252.owl#Member>(GSAT_U1):-<http://www.cs.ox.ac.uk/isg/ontologies/UID/00252.owl#hasJobTitle>(GSAT_U1,GSAT_U2).
<http://www.w3.org/2000/10/XMLSchema#nonNegativeInteger>(GSAT_U1):-<http://www.daml.org/2001/03/daml+oil#cardinality>(GSAT_U2,GSAT_U1).
rdfs:Resource(GSAT_U1):-rdf:Property(GSAT_U1).
owl:Restriction(GSAT_U1):-<http://www.daml.org/2001/03/daml+oil#minCardinalityQ>(GSAT_U1,GSAT_U2).
<http://www.cs.ox.ac.uk/isg/ontologies/UID/00252.owl#Literal>(GSAT_U1):-<http://www.cs.ox.ac.uk/isg/ontologies/UID/00252.owl#hasMainURL>(GSAT_U2,GSAT_U1).
<http://www.cs.ox.ac.uk/isg/ontologies/UID/00252.owl#Member>(GSAT_U1):-<http://www.cs.ox.ac.uk/isg/ontologies/UID/00252.owl#hasEmail>(GSAT_U1,GSAT_U2).
rdf:Property(GSAT_U1):-rdfs:domain(GSAT_U1,GSAT_U2).
<http://www.w3.org/2000/10/XMLSchema#nonNegativeInteger>(GSAT_U1):-<http://www.daml.org/2001/03/daml+oil#minCardinality>(GSAT_U2,GSAT_U1).
rdfs:Class(GSAT_U1):-<http://www.daml.org/2001/03/daml+oil#Class>(GSAT_U1).
owl:Restriction(GSAT_U1):-<http://www.daml.org/2001/03/daml+oil#maxCardinalityQ>(GSAT_U1,GSAT_U2).
<http://www.daml.ri.cmu.edu/ont/homework/cmu-ri-employmenttypes-ont#RI_Employment_Categories>(GSAT_U1):-<http://www.cs.ox.ac.uk/isg/ontologies/UID/00252.owl#hasJobType>(GSAT_U2,GSAT_U1).
<http://www.daml.ri.cmu.edu/ont/homework/cmu-ri-publications-ont#Bibtex_Entry>(GSAT_U1):-<http://www.cs.ox.ac.uk/isg/ontologies/UID/00252.owl#hasPaper>(GSAT_U2,GSAT_U1).
owl:ObjectProperty(GSAT_U1):-<http://www.daml.org/2001/03/daml+oil#UnambiguousProperty>(GSAT_U1).
<http://www.cs.ox.ac.uk/isg/ontologies/UID/00252.owl#Literal>(GSAT_U1):-<http://www.cs.ox.ac.uk/isg/ontologies/UID/00252.owl#hasJobTitle>(GSAT_U2,GSAT_U1).
<http://www.cs.ox.ac.uk/isg/ontologies/UID/00252.owl#Member>(GSAT_U1):-<http://www.cs.ox.ac.uk/isg/ontologies/UID/00252.owl#hasPaper>(GSAT_U1,GSAT_U2).
rdfs:Container(GSAT_U1):-rdf:Alt(GSAT_U1).
====================
