Starting the KAON2 Executor (from OWL)...
KAON2 Start
Started..
Initial axioms in the ontology: 223
Completed!
Finished!
KAON2 End; # rules: 230
KAON2 total time : 348 ms = 0.35 s
Full TGD saturation: (230 dependecies)

====================
May 11, 2021 3:33:46 PM uk.ac.ox.cs.gsat.Configuration initialize
WARNING: Could not open configuration file.
May 11, 2021 3:33:46 PM uk.ac.ox.cs.gsat.Configuration initialize
WARNING: java.io.FileNotFoundException: config.properties (No such file or directory)
May 11, 2021 3:33:46 PM uk.ac.ox.cs.gsat.Configuration initialize
WARNING: Falling back to defaults.
May 11, 2021 3:33:46 PM uk.ac.ox.cs.gsat.Configuration initialize
WARNING: Could not open configuration file.
May 11, 2021 3:33:46 PM uk.ac.ox.cs.gsat.Configuration initialize
WARNING: java.io.FileNotFoundException: config.properties (No such file or directory)
May 11, 2021 3:33:46 PM uk.ac.ox.cs.gsat.Configuration initialize
WARNING: Falling back to defaults.
<http://www.w3.org/2004/02/wsa/ServiceModel.owl#Provider_Agent>(GSAT_U1):-<http://www.w3.org/2004/02/wsa/Provider_Entity>(GSAT_U2),<http://www.w3.org/2004/02/wsa/PolicyModel.owl#owner>(GSAT_U2,GSAT_U1).
<http://www.w3.org/2004/02/wsa/ServiceModel.owl#Requester_Agent>(GSAT_U1):-<http://www.w3.org/2004/02/wsa/Requester_Entity>(GSAT_U2),<http://www.w3.org/2004/02/wsa/PolicyModel.owl#owner>(GSAT_U2,GSAT_U1).
<http://www.w3.org/2004/02/wsa/ServiceModel.owl#has_owner>(GSAT_U1,GSAT_U2):-<http://www.w3.org/2004/02/wsa/PolicyModel.owl#owner>(GSAT_U2,GSAT_U1).
<http://www.w3.org/2004/02/wsa/PolicyModel.owl#owner>(GSAT_U1,GSAT_U2):-<http://www.w3.org/2004/02/wsa/ServiceModel.owl#has_owner>(GSAT_U2,GSAT_U1).
<http://www.w3.org/2004/02/wsa/ServiceModel.owl#service_semantics_of>(GSAT_U1,GSAT_U2):-<http://www.w3.org/2004/02/wsa/ServiceModel.owl#service_semantics>(GSAT_U2,GSAT_U1).
<http://www.w3.org/2004/02/wsa/ServiceModel.owl#service_semantics>(GSAT_U1,GSAT_U2):-<http://www.w3.org/2004/02/wsa/ServiceModel.owl#service_semantics_of>(GSAT_U2,GSAT_U1).
<http://www.w3.org/2004/02/wsa/MessageModel.owl#originator_of>(GSAT_U1,GSAT_U2):-<http://www.w3.org/2004/02/wsa/MessageModel.owl#message_sender>(GSAT_U2,GSAT_U1).
<http://www.w3.org/2004/02/wsa/MessageModel.owl#message_sender>(GSAT_U1,GSAT_U2):-<http://www.w3.org/2004/02/wsa/MessageModel.owl#originator_of>(GSAT_U2,GSAT_U1).
<http://www.w3.org/2004/02/wsa/MessageModel.owl#contains_address>(GSAT_U1,GSAT_U2):-<http://www.w3.org/2004/02/wsa/MessageModel.owl#contained_in_msg_env>(GSAT_U2,GSAT_U1).
<http://www.w3.org/2004/02/wsa/MessageModel.owl#contained_in_msg_env>(GSAT_U1,GSAT_U2):-<http://www.w3.org/2004/02/wsa/MessageModel.owl#contains_address>(GSAT_U2,GSAT_U1).
<http://www.w3.org/2004/02/wsa/MessageModel.owl#me_message_header_of>(GSAT_U1,GSAT_U2):-<http://www.w3.org/2004/02/wsa/MessageModel.owl#me_message_header>(GSAT_U2,GSAT_U1).
<http://www.w3.org/2004/02/wsa/MessageModel.owl#me_message_header>(GSAT_U1,GSAT_U2):-<http://www.w3.org/2004/02/wsa/MessageModel.owl#me_message_header_of>(GSAT_U2,GSAT_U1).
<http://www.w3.org/2004/02/wsa/MessageModel.owl#recipient>(GSAT_U1,GSAT_U2):-<http://www.w3.org/2004/02/wsa/MessageModel.owl#message_recipient>(GSAT_U2,GSAT_U1).
<http://www.w3.org/2004/02/wsa/MessageModel.owl#message_recipient>(GSAT_U1,GSAT_U2):-<http://www.w3.org/2004/02/wsa/MessageModel.owl#recipient>(GSAT_U2,GSAT_U1).
<http://www.w3.org/2004/02/wsa/PolicyModel.owl#describes>(GSAT_U1,GSAT_U2):-<http://www.w3.org/2004/02/wsa/PolicyModel.owl#describedBy>(GSAT_U2,GSAT_U1).
<http://www.w3.org/2004/02/wsa/PolicyModel.owl#describedBy>(GSAT_U1,GSAT_U2):-<http://www.w3.org/2004/02/wsa/PolicyModel.owl#describes>(GSAT_U2,GSAT_U1).
<http://www.w3.org/2004/02/wsa/ServiceModel.owl#service_description_of>(GSAT_U1,GSAT_U2):-<http://www.w3.org/2004/02/wsa/ServiceModel.owl#service_description>(GSAT_U2,GSAT_U1).
<http://www.w3.org/2004/02/wsa/ServiceModel.owl#service_description>(GSAT_U1,GSAT_U2):-<http://www.w3.org/2004/02/wsa/ServiceModel.owl#service_description_of>(GSAT_U2,GSAT_U1).
<http://www.w3.org/2004/02/wsa/MessageModel.owl#contains_msg_body>(GSAT_U1,GSAT_U2):-<http://www.w3.org/2004/02/wsa/MessageModel.owl#contained_by>(GSAT_U2,GSAT_U1).
<http://www.w3.org/2004/02/wsa/MessageModel.owl#contained_by>(GSAT_U1,GSAT_U2):-<http://www.w3.org/2004/02/wsa/MessageModel.owl#contains_msg_body>(GSAT_U2,GSAT_U1).
<http://www.w3.org/2004/02/wsa/ResourceModel.owl#represented_by>(GSAT_U1,GSAT_U2):-<http://www.w3.org/2004/02/wsa/ResourceModel.owl#representation>(GSAT_U2,GSAT_U1).
<http://www.w3.org/2004/02/wsa/ResourceModel.owl#representation>(GSAT_U1,GSAT_U2):-<http://www.w3.org/2004/02/wsa/ResourceModel.owl#represented_by>(GSAT_U2,GSAT_U1).
<http://www.w3.org/2004/02/wsa/ServiceModel.owl#sd_service_semantics_of>(GSAT_U1,GSAT_U2):-<http://www.w3.org/2004/02/wsa/ServiceModel.owl#sd_service_semantics>(GSAT_U2,GSAT_U1).
<http://www.w3.org/2004/02/wsa/ServiceModel.owl#sd_service_semantics>(GSAT_U1,GSAT_U2):-<http://www.w3.org/2004/02/wsa/ServiceModel.owl#sd_service_semantics_of>(GSAT_U2,GSAT_U1).
<http://www.w3.org/2004/02/wsa/ServiceModel.owl#used_by>(GSAT_U1,GSAT_U2):-<http://www.w3.org/2004/02/wsa/ServiceModel.owl#request_service>(GSAT_U2,GSAT_U1).
<http://www.w3.org/2004/02/wsa/ServiceModel.owl#request_service>(GSAT_U1,GSAT_U2):-<http://www.w3.org/2004/02/wsa/ServiceModel.owl#used_by>(GSAT_U2,GSAT_U1).
<http://www.w3.org/2004/02/wsa/ServiceModel.owl#realized_by>(GSAT_U1,GSAT_U2):-<http://www.w3.org/2004/02/wsa/ServiceModel.owl#realize_service>(GSAT_U2,GSAT_U1).
<http://www.w3.org/2004/02/wsa/ServiceModel.owl#realize_service>(GSAT_U1,GSAT_U2):-<http://www.w3.org/2004/02/wsa/ServiceModel.owl#realized_by>(GSAT_U2,GSAT_U1).
<http://www.w3.org/2004/02/wsa/ResourceModel.owl#identify>(GSAT_U1,GSAT_U2):-<http://www.w3.org/2004/02/wsa/ResourceModel.owl#identifier>(GSAT_U2,GSAT_U1).
<http://www.w3.org/2004/02/wsa/ResourceModel.owl#identifier>(GSAT_U1,GSAT_U2):-<http://www.w3.org/2004/02/wsa/ResourceModel.owl#identify>(GSAT_U2,GSAT_U1).
<http://www.w3.org/2004/02/wsa/ServiceModel.owl#Agent>(GSAT_U1):-<http://www.w3.org/2004/02/wsa/MessageModel.owl#Message_Receiver>(GSAT_U1).
<http://www.w3.org/2004/02/wsa/MessageModel.owl#Message_Body>(GSAT_U1):-<http://www.w3.org/2004/02/wsa/MessageModel.owl#message_body>(GSAT_U2,GSAT_U1).
<http://www.w3.org/2004/02/wsa/ServiceModel.owl#Service_Interface>(GSAT_U1):-<http://www.w3.org/2004/02/wsa/ServiceModel.owl#sd_service_interface>(GSAT_U2,GSAT_U1).
<http://www.w3.org/2004/02/wsa/ServiceModel.owl#Service>(GSAT_U1):-<http://www.w3.org/2004/02/wsa/ServiceModel.owl#service_semantics>(GSAT_U1,GSAT_U2).
<http://www.w3.org/2004/02/wsa/MessageModel.owl#Message>(GSAT_U1):-<http://www.w3.org/2004/02/wsa/MessageModel.owl#message_header>(GSAT_U1,GSAT_U2).
<http://www.w3.org/2004/02/wsa/PolicyModel.owl#Policy>(GSAT_U1):-<http://www.w3.org/2004/02/wsa/MessageModel.owl#Delivery_Policy>(GSAT_U1).
<http://www.w3.org/2004/02/wsa/ResourceModel.owl#Representation>(GSAT_U1):-<http://www.w3.org/2004/02/wsa/ResourceModel.owl#representation>(GSAT_U1,GSAT_U2).
<http://www.w3.org/2004/02/wsa/ServiceModel.owl#Service_Task>(GSAT_U1):-<http://www.w3.org/2004/02/wsa/ServiceModel.owl#Service_Role>(GSAT_U1).
<http://www.w3.org/2004/02/wsa/ServiceModel.owl#Requester_Agent>(GSAT_U1):-<http://www.w3.org/2004/02/wsa/ServiceModel.owl#ra_acts_on_behalf>(GSAT_U1,GSAT_U2).
<http://www.w3.org/2004/02/wsa/PolicyModel.owl#Person_or_Organization>(GSAT_U1):-<http://www.w3.org/2004/02/wsa/ServiceModel.owl#owned_by>(GSAT_U2,GSAT_U1).
<http://www.w3.org/2004/02/wsa/MessageModel.owl#Message>(GSAT_U1):-<http://www.w3.org/2004/02/wsa/MessageModel.owl#has_identifier>(GSAT_U1,GSAT_U2).
<http://www.w3.org/2004/02/wsa/ResourceModel.owl#Identifier>(GSAT_U1):-<http://www.w3.org/2004/02/wsa/MessageModel.owl#correlation_id>(GSAT_U2,GSAT_U1).
<http://www.w3.org/2004/02/wsa/MessageModel.owl#Delivery_Policy>(GSAT_U1):-<http://www.w3.org/2004/02/wsa/MessageModel.owl#constrains>(GSAT_U1,GSAT_U2).
<http://www.w3.org/2004/02/wsa/ServiceModel.owl#Service_Task>(GSAT_U1):-<http://www.w3.org/2004/02/wsa/ServiceModel.owl#associated_with>(GSAT_U2,GSAT_U1).
<http://www.w3.org/2004/02/wsa/Extensions.owl#Message_Semantics>(GSAT_U1):-<http://www.w3.org/2004/02/wsa/ServiceModel.owl#preserves>(GSAT_U2,GSAT_U1).
<http://www.w3.org/2004/02/wsa/PolicyModel.owl#Policy_Guard>(GSAT_U1):-<http://www.w3.org/2004/02/wsa/PolicyModel.owl#Permission_Guard>(GSAT_U1).
<http://www.w3.org/2004/02/wsa/ServiceModel.owl#Service_Role>(GSAT_U1):-<http://www.w3.org/2004/02/wsa/ServiceModel.owl#sr_defined_by>(GSAT_U1,GSAT_U2).
<http://www.w3.org/2004/02/wsa/ServiceModel.owl#Service_Description>(GSAT_U1):-<http://www.w3.org/2004/02/wsa/ServiceModel.owl#sd_expressed_in>(GSAT_U1,GSAT_U2).
<http://www.w3.org/2004/02/wsa/PolicyModel.owl#Policy>(GSAT_U1):-<http://www.w3.org/2004/02/wsa/ResourceModel.owl#governed_by>(GSAT_U2,GSAT_U1).
<http://www.w3.org/2004/02/wsa/ServiceModel.owl#Service_Interface>(GSAT_U1):-<http://www.w3.org/2004/02/wsa/ServiceModel.owl#define>(GSAT_U1,GSAT_U2).
<http://www.w3.org/2004/02/wsa/ServiceModel.owl#Service_Semantics>(GSAT_U1):-<http://www.w3.org/2004/02/wsa/ServiceModel.owl#sd_service_semantics>(GSAT_U2,GSAT_U1).
<http://www.w3.org/2004/02/wsa/MessageModel.owl#Message>(GSAT_U1):-<http://www.w3.org/2004/02/wsa/MessageModel.owl#message_sender>(GSAT_U1,GSAT_U2).
<http://www.w3.org/2004/02/wsa/MessageModel.owl#Message_Sender>(GSAT_U1):-<http://www.w3.org/2004/02/wsa/MessageModel.owl#message_sender>(GSAT_U2,GSAT_U1).
<http://www.w3.org/2004/02/wsa/ServiceModel.owl#Service>(GSAT_U1):-<http://www.w3.org/2004/02/wsa/ServiceModel.owl#perform_task>(GSAT_U1,GSAT_U2).
<http://www.w3.org/2004/02/wsa/MessageModel.owl#Message_Transport>(GSAT_U1):-<http://www.w3.org/2004/02/wsa/Extensions.owl#constrainedBy>(GSAT_U2,GSAT_U1).
<http://www.w3.org/2004/02/wsa/PolicyModel.owl#Permission_Guard>(GSAT_U1):-<http://www.w3.org/2004/02/wsa/PolicyModel.owl#control>(GSAT_U1,GSAT_U2).
<http://www.w3.org/2004/02/wsa/ServiceModel.owl#Agent>(GSAT_U1):-<http://www.w3.org/2004/02/wsa/ServiceModel.owl#request_service>(GSAT_U1,GSAT_U2).
<http://www.w3.org/2004/02/wsa/ServiceModel.owl#Goal_State>(GSAT_U1):-<http://www.w3.org/2004/02/wsa/ServiceModel.owl#desired_goal_state>(GSAT_U1,GSAT_U2).
<http://www.w3.org/2004/02/wsa/PolicyModel.owl#Person_or_Organization>(GSAT_U1):-<http://www.w3.org/2004/02/wsa/ServiceModel.owl#provided_by>(GSAT_U2,GSAT_U1).
<http://www.w3.org/2004/02/wsa/ServiceModel.owl#Agent>(GSAT_U1):-<http://www.w3.org/2004/02/wsa/ServiceModel.owl#Provider_Agent>(GSAT_U1).
<http://www.w3.org/2004/02/wsa/ServiceModel.owl#Service_Role>(GSAT_U1):-<http://www.w3.org/2004/02/wsa/MessageModel.owl#service_role>(GSAT_U2,GSAT_U1).
<http://www.w3.org/2004/02/wsa/ResourceModel.owl#Resource_Description>(GSAT_U1):-<http://www.w3.org/2004/02/wsa/ResourceModel.owl#publish>(GSAT_U2,GSAT_U1).
<http://www.w3.org/2004/02/wsa/ServiceModel.owl#Capability>(GSAT_U1):-<http://www.w3.org/2004/02/wsa/PolicyModel.owl#capability>(GSAT_U2,GSAT_U1).
<http://www.w3.org/2004/02/wsa/PolicyModel.owl#Policy_Guard>(GSAT_U1):-<http://www.w3.org/2004/02/wsa/PolicyModel.owl#Audit_Guard>(GSAT_U1).
<http://www.w3.org/2004/02/wsa/Extensions.owl#State>(GSAT_U1):-<http://www.w3.org/2004/02/wsa/Goal_State>(GSAT_U1).
<http://www.w3.org/2004/02/wsa/MessageModel.owl#Message_Header>(GSAT_U1):-<http://www.w3.org/2004/02/wsa/MessageModel.owl#me_message_header>(GSAT_U2,GSAT_U1).
<http://www.w3.org/2004/02/wsa/MessageModel.owl#Message_Envelope>(GSAT_U1):-<http://www.w3.org/2004/02/wsa/MessageModel.owl#contained_in_msg_env>(GSAT_U2,GSAT_U1).
<http://www.w3.org/2004/02/wsa/PolicyModel.owl#Policy>(GSAT_U1):-<http://www.w3.org/2004/02/wsa/ServiceModel.owl#policy>(GSAT_U2,GSAT_U1).
<http://www.w3.org/2004/02/wsa/MessageModel.owl#Message_Exchange_Pattern>(GSAT_U1):-<http://www.w3.org/2004/02/wsa/MessageModel.owl#realize_correlation>(GSAT_U1,GSAT_U2).
<http://www.w3.org/2004/02/wsa/ServiceModel.owl#Service>(GSAT_U1):-<http://www.w3.org/2004/02/wsa/ServiceModel.owl#policy>(GSAT_U1,GSAT_U2).
<http://www.w3.org/2004/02/wsa/MessageModel.owl#Delivery_Policy>(GSAT_U1):-<http://www.w3.org/2004/02/wsa/MessageModel.owl#expressedIn>(GSAT_U1,GSAT_U2).
<http://www.w3.org/2004/02/wsa/ServiceModel.owl#Service>(GSAT_U1):-<http://www.w3.org/2004/02/wsa/ServiceModel.owl#owned_by>(GSAT_U1,GSAT_U2).
<http://www.w3.org/2004/02/wsa/ServiceModel.owl#Service_Semantics>(GSAT_U1):-<http://www.w3.org/2004/02/wsa/ServiceModel.owl#service_semantics>(GSAT_U2,GSAT_U1).
<http://www.w3.org/2004/02/wsa/Extensions.owl#Service_Invocation>(GSAT_U1):-<http://www.w3.org/2004/02/wsa/MessageModel.owl#describe_service_invocation>(GSAT_U2,GSAT_U1).
<http://www.w3.org/2004/02/wsa/MessageModel.owl#Message_Transport>(GSAT_U1):-<http://www.w3.org/2004/02/wsa/MessageModel.owl#message_transport>(GSAT_U2,GSAT_U1).
<http://www.w3.org/2004/02/wsa/MessageModel.owl#Message>(GSAT_U1):-<http://www.w3.org/2004/02/wsa/MessageModel.owl#message_transport>(GSAT_U1,GSAT_U2).
<http://www.w3.org/2004/02/wsa/ServiceModel.owl#Requester_Entity>(GSAT_U1):-<http://www.w3.org/2004/02/wsa/ServiceModel.owl#ra_acts_on_behalf>(GSAT_U2,GSAT_U1).
<http://www.w3.org/2004/02/wsa/ServiceModel.owl#Capability>(GSAT_U1):-<http://www.w3.org/2004/02/wsa/ServiceModel.owl#has_capability>(GSAT_U2,GSAT_U1).
<http://www.w3.org/2004/02/wsa/ServiceModel.owl#Service>(GSAT_U1):-<http://www.w3.org/2004/02/wsa/Service>(GSAT_U1).
<http://www.w3.org/2004/02/wsa/MessageModel.owl#Message_Transport>(GSAT_U1):-<http://www.w3.org/2004/02/wsa/MessageModel.owl#constrained_by>(GSAT_U1,GSAT_U2).
<http://www.w3.org/2004/02/wsa/ResourceModel.owl#Discovery_Service>(GSAT_U1):-<http://www.w3.org/2004/02/wsa/ResourceModel.owl#search>(GSAT_U1,GSAT_U2).
<http://www.w3.org/2004/02/wsa/MessageModel.owl#Message_Envelope>(GSAT_U1):-<http://www.w3.org/2004/02/wsa/MessageModel.owl#me_message_header>(GSAT_U1,GSAT_U2).
<http://www.w3.org/2004/02/wsa/PolicyModel.owl#Audit_Guard>(GSAT_U1):-<http://www.w3.org/2004/02/wsa/PolicyModel.owl#monitor>(GSAT_U1,GSAT_U2).
<http://www.w3.org/2004/02/wsa/MessageModel.owl#Message_Exchange_Pattern>(GSAT_U1):-<http://www.w3.org/2004/02/wsa/MessageModel.owl#realize_mep>(GSAT_U2,GSAT_U1).
<http://www.w3.org/2004/02/wsa/PolicyModel.owl#Policy>(GSAT_U1):-<http://www.w3.org/2004/02/wsa/PolicyModel.owl#scopeOf>(GSAT_U2,GSAT_U1).
<http://www.w3.org/2004/02/wsa/MessageModel.owl#Message>(GSAT_U1):-<http://www.w3.org/2004/02/wsa/MessageModel.owl#associated_policy>(GSAT_U1,GSAT_U2).
<http://www.w3.org/2004/02/wsa/MessageModel.owl#Message_Exchange_Pattern>(GSAT_U1):-<http://www.w3.org/2004/02/wsa/MessageModel.owl#describe_service_invocation>(GSAT_U1,GSAT_U2).
<http://www.w3.org/2004/02/wsa/Extensions.owl#Semantics>(GSAT_U1):-<http://www.w3.org/2004/02/wsa/Extensions.owl#Message_Semantics>(GSAT_U1).
<http://www.w3.org/2004/02/wsa/PolicyModel.owl#Policy_Description>(GSAT_U1):-<http://www.w3.org/2004/02/wsa/PolicyModel.owl#describedBy>(GSAT_U2,GSAT_U1).
<http://www.w3.org/2004/02/wsa/ServiceModel.owl#Service_Role>(GSAT_U1):-<http://www.w3.org/2004/02/wsa/ServiceModel.owl#has_role>(GSAT_U2,GSAT_U1).
<http://www.w3.org/2004/02/wsa/ResourceModel.owl#Resource>(GSAT_U1):-<http://www.w3.org/2004/02/wsa/ServiceModel.owl#Agent>(GSAT_U1).
<http://www.w3.org/2004/02/wsa/PolicyModel.owl#Permission>(GSAT_U1):-<http://www.w3.org/2004/02/wsa/PolicyModel.owl#enforce>(GSAT_U2,GSAT_U1).
<http://www.w3.org/2004/02/wsa/ServiceModel.owl#Service_Interface>(GSAT_U1):-<http://www.w3.org/2004/02/wsa/ServiceModel.owl#uses>(GSAT_U2,GSAT_U1).
<http://www.w3.org/2004/02/wsa/MessageModel.owl#Message_Envelope>(GSAT_U1):-<http://www.w3.org/2004/02/wsa/MessageModel.owl#contained_by>(GSAT_U2,GSAT_U1).
<http://www.w3.org/2004/02/wsa/ServiceModel.owl#Service_Semantics>(GSAT_U1):-<http://www.w3.org/2004/02/wsa/ServiceModel.owl#ss_described_in>(GSAT_U1,GSAT_U2).
<http://www.w3.org/2004/02/wsa/ServiceModel.owl#Action>(GSAT_U1):-<http://www.w3.org/2004/02/wsa/ServiceModel.owl#SendingAction>(GSAT_U1).
<http://www.w3.org/2004/02/wsa/Extensions.owl#URI>(GSAT_U1):-<http://www.w3.org/2004/02/wsa/MessageModel.owl#realizedBy>(GSAT_U2,GSAT_U1).
<http://www.w3.org/2004/02/wsa/ServiceModel.owl#Service>(GSAT_U1):-<http://www.w3.org/2004/02/wsa/ServiceModel.owl#realize_service>(GSAT_U2,GSAT_U1).
<http://www.w3.org/2004/02/wsa/PolicyModel.owl#Policy>(GSAT_U1):-<http://www.w3.org/2004/02/wsa/PolicyModel.owl#Obligation>(GSAT_U1).
<http://www.w3.org/2004/02/wsa/ServiceModel.owl#Service_Description>(GSAT_U1):-<http://www.w3.org/2004/02/wsa/ServiceModel.owl#sd_service_semantics>(GSAT_U1,GSAT_U2).
<http://www.w3.org/2004/02/wsa/Extensions.owl#State>(GSAT_U1):-<http://www.w3.org/2004/02/wsa/PolicyModel.owl#enable_state>(GSAT_U2,GSAT_U1).
<http://www.w3.org/2004/02/wsa/PolicyModel.owl#Policy>(GSAT_U1):-<http://www.w3.org/2004/02/wsa/PolicyModel.owl#capability>(GSAT_U1,GSAT_U2).
<http://www.w3.org/2004/02/wsa/ServiceModel.owl#Action>(GSAT_U1):-<http://www.w3.org/2004/02/wsa/PolicyModel.owl#enable_action>(GSAT_U2,GSAT_U1).
<http://www.w3.org/2004/02/wsa/PolicyModel.owl#Person_or_Organization>(GSAT_U1):-<http://www.w3.org/2004/02/wsa/ServiceModel.owl#sr_defined_by>(GSAT_U2,GSAT_U1).
<http://www.w3.org/2004/02/wsa/ServiceModel.owl#Service>(GSAT_U1):-<http://www.w3.org/2004/02/wsa/ServiceModel.owl#service_identifier>(GSAT_U1,GSAT_U2).
<http://www.w3.org/2004/02/wsa/ServiceModel.owl#Service>(GSAT_U1):-<http://www.w3.org/2004/02/wsa/ServiceModel.owl#service_role>(GSAT_U1,GSAT_U2).
<http://www.w3.org/2004/02/wsa/ServiceModel.owl#Service_Task>(GSAT_U1):-<http://www.w3.org/2004/02/wsa/ServiceModel.owl#st_service_interface>(GSAT_U1,GSAT_U2).
<http://www.w3.org/2004/02/wsa/MessageModel.owl#Message>(GSAT_U1):-<http://www.w3.org/2004/02/wsa/MessageModel.owl#part_of_sequence>(GSAT_U1,GSAT_U2).
<http://www.w3.org/2004/02/wsa/PolicyModel.owl#Domain>(GSAT_U1):-<http://www.w3.org/2004/02/wsa/PolicyModel.owl#member_of>(GSAT_U2,GSAT_U1).
<http://www.w3.org/2004/02/wsa/Extensions.owl#Language>(GSAT_U1):-<http://www.w3.org/2004/02/wsa/Extensions.owl#ChoreographyDescriptionLanguage>(GSAT_U1).
<http://www.w3.org/2004/02/wsa/Extensions.owl#Capability_Semantics>(GSAT_U1):-<http://www.w3.org/2004/02/wsa/ServiceModel.owl#capability_semantics>(GSAT_U2,GSAT_U1).
<http://www.w3.org/2004/02/wsa/ServiceModel.owl#Service_Interface>(GSAT_U1):-<http://www.w3.org/2004/02/wsa/ServiceModel.owl#st_service_interface>(GSAT_U2,GSAT_U1).
<http://www.w3.org/2004/02/wsa/Extensions.owl#PolicyDescriptionLanguage>(GSAT_U1):-<http://www.w3.org/2004/02/wsa/MessageModel.owl#expressedIn>(GSAT_U2,GSAT_U1).
<http://www.w3.org/2004/02/wsa/ResourceModel.owl#Discovery_Service>(GSAT_U1):-<http://www.w3.org/2004/02/wsa/ResourceModel.owl#publish>(GSAT_U1,GSAT_U2).
<http://www.w3.org/2004/02/wsa/Extensions.owl#ServiceDescriptionLanguage>(GSAT_U1):-<http://www.w3.org/2004/02/wsa/MessageModel.owl#describedUsing>(GSAT_U2,GSAT_U1).
<http://www.w3.org/2004/02/wsa/MessageModel.owl#Message>(GSAT_U1):-<http://www.w3.org/2004/02/wsa/MessageModel.owl#describedUsing>(GSAT_U1,GSAT_U2).
<http://www.w3.org/2004/02/wsa/ServiceModel.owl#Agent>(GSAT_U1):-<http://www.w3.org/2004/02/wsa/ServiceModel.owl#realize_service>(GSAT_U1,GSAT_U2).
<http://www.w3.org/2004/02/wsa/ServiceModel.owl#Capability>(GSAT_U1):-<http://www.w3.org/2004/02/wsa/ServiceModel.owl#capability_semantics>(GSAT_U1,GSAT_U2).
<http://www.w3.org/2004/02/wsa/MessageModel.owl#Message>(GSAT_U1):-<http://www.w3.org/2004/02/wsa/MessageModel.owl#correlation_id>(GSAT_U1,GSAT_U2).
<http://www.w3.org/2004/02/wsa/MessageModel.owl#Message_Transport>(GSAT_U1):-<http://www.w3.org/2004/02/wsa/MessageModel.owl#constrains>(GSAT_U2,GSAT_U1).
<http://www.w3.org/2004/02/wsa/PolicyModel.owl#Policy>(GSAT_U1):-<http://www.w3.org/2004/02/wsa/PolicyModel.owl#has_identifier>(GSAT_U1,GSAT_U2).
<http://www.w3.org/2004/02/wsa/ResourceModel.owl#Identifier>(GSAT_U1):-<http://www.w3.org/2004/02/wsa/ResourceModel.owl#identify>(GSAT_U1,GSAT_U2).
<http://www.w3.org/2004/02/wsa/ServiceModel.owl#Service_Task>(GSAT_U1):-<http://www.w3.org/2004/02/wsa/ServiceModel.owl#perform_task>(GSAT_U2,GSAT_U1).
<http://www.w3.org/2004/02/wsa/ResourceModel.owl#Resource>(GSAT_U1):-<http://www.w3.org/2004/02/wsa/PolicyModel.owl#monitor>(GSAT_U2,GSAT_U1).
<http://www.w3.org/2004/02/wsa/ServiceModel.owl#Action>(GSAT_U1):-<http://www.w3.org/2004/02/wsa/ServiceModel.owl#result>(GSAT_U1,GSAT_U2).
<http://www.w3.org/2004/02/wsa/MessageModel.owl#Message_Reliability>(GSAT_U1):-<http://www.w3.org/2004/02/wsa/MessageModel.owl#realized_by>(GSAT_U1,GSAT_U2).
<http://www.w3.org/2004/02/wsa/ServiceModel.owl#Action>(GSAT_U1):-<http://www.w3.org/2004/02/wsa/ServiceModel.owl#Service_Task>(GSAT_U1).
<http://www.w3.org/2004/02/wsa/MessageModel.owl#Message_Header>(GSAT_U1):-<http://www.w3.org/2004/02/wsa/MessageModel.owl#message_header>(GSAT_U2,GSAT_U1).
<http://www.w3.org/2004/02/wsa/ServiceModel.owl#Service>(GSAT_U1):-<http://www.w3.org/2004/02/wsa/ServiceModel.owl#service_interface>(GSAT_U1,GSAT_U2).
<http://www.w3.org/2004/02/wsa/ResourceModel.owl#Resource_Description>(GSAT_U1):-<http://www.w3.org/2004/02/wsa/ResourceModel.owl#search>(GSAT_U2,GSAT_U1).
<http://www.w3.org/2004/02/wsa/Extensions.owl#ChoreographyDescriptionLanguage>(GSAT_U1):-<http://www.w3.org/2004/02/wsa/ServiceModel.owl#expressedIn>(GSAT_U2,GSAT_U1).
<http://www.w3.org/2004/02/wsa/ResourceModel.owl#Identifier>(GSAT_U1):-<http://www.w3.org/2004/02/wsa/MessageModel.owl#mep_identifier>(GSAT_U2,GSAT_U1).
<http://www.w3.org/2004/02/wsa/MessageModel.owl#Message>(GSAT_U1):-<http://www.w3.org/2004/02/wsa/ServiceModel.owl#define>(GSAT_U2,GSAT_U1).
<http://www.w3.org/2004/02/wsa/PolicyModel.owl#Person_or_Organization>(GSAT_U1):-<http://www.w3.org/2004/02/wsa/ServiceModel.owl#desired_goal_state>(GSAT_U2,GSAT_U1).
<http://www.w3.org/2004/02/wsa/ResourceModel.owl#Discovery>(GSAT_U1):-<http://www.w3.org/2004/02/wsa/ResourceModel.owl#performed_by>(GSAT_U1,GSAT_U2).
<http://www.w3.org/2004/02/wsa/PolicyModel.owl#Person_or_Organization>(GSAT_U1):-<http://www.w3.org/2004/02/wsa/ServiceModel.owl#Requester_Entity>(GSAT_U1).
<http://www.w3.org/2004/02/wsa/MessageModel.owl#Message_Body>(GSAT_U1):-<http://www.w3.org/2004/02/wsa/MessageModel.owl#content>(GSAT_U1,GSAT_U2).
<http://www.w3.org/2004/02/wsa/ResourceModel.owl#Identifier>(GSAT_U1):-<http://www.w3.org/2004/02/wsa/ServiceModel.owl#service_identifier>(GSAT_U2,GSAT_U1).
<http://www.w3.org/2004/02/wsa/MessageModel.owl#Message_Reliability>(GSAT_U1):-<http://www.w3.org/2004/02/wsa/MessageModel.owl#reliability_realized_by>(GSAT_U1,GSAT_U2).
<http://www.w3.org/2004/02/wsa/MessageModel.owl#Message>(GSAT_U1):-<http://www.w3.org/2004/02/wsa/MessageModel.owl#message_body>(GSAT_U1,GSAT_U2).
<http://www.w3.org/2004/02/wsa/ServiceModel.owl#Service_Description>(GSAT_U1):-<http://www.w3.org/2004/02/wsa/ServiceModel.owl#service_description>(GSAT_U2,GSAT_U1).
<http://www.w3.org/2004/02/wsa/ServiceModel.owl#Agent>(GSAT_U1):-<http://www.w3.org/2004/02/wsa/ServiceModel.owl#advertised_by>(GSAT_U1,GSAT_U2).
<http://www.w3.org/2004/02/wsa/PolicyModel.owl#Permission>(GSAT_U1):-<http://www.w3.org/2004/02/wsa/PolicyModel.owl#enable_state>(GSAT_U1,GSAT_U2).
<http://www.w3.org/2004/02/wsa/MessageModel.owl#Message_Header>(GSAT_U1):-<http://www.w3.org/2004/02/wsa/MessageModel.owl#service_role>(GSAT_U1,GSAT_U2).
<http://www.w3.org/2004/02/wsa/PolicyModel.owl#Person_or_Organization>(GSAT_U1):-<http://www.w3.org/2004/02/wsa/PolicyModel.owl#member_of>(GSAT_U1,GSAT_U2).
<http://www.w3.org/2004/02/wsa/MessageModel.owl#Message>(GSAT_U1):-<http://www.w3.org/2004/02/wsa/MessageModel.owl#message_recipient>(GSAT_U1,GSAT_U2).
<http://www.w3.org/2004/02/wsa/MessageModel.owl#Delivery_Policy>(GSAT_U1):-<http://www.w3.org/2004/02/wsa/MessageModel.owl#constrained_by>(GSAT_U2,GSAT_U1).
<http://www.w3.org/2004/02/wsa/MessageModel.owl#Message_Envelope>(GSAT_U1):-<http://www.w3.org/2004/02/wsa/MessageModel.owl#message_envelope>(GSAT_U2,GSAT_U1).
<http://www.w3.org/2004/02/wsa/ServiceModel.owl#Service>(GSAT_U1):-<http://www.w3.org/2004/02/wsa/ServiceModel.owl#offers>(GSAT_U2,GSAT_U1).
<http://www.w3.org/2004/02/wsa/ServiceModel.owl#Provider_Entity>(GSAT_U1):-<http://www.w3.org/2004/02/wsa/ServiceModel.owl#pa_acts_on_behalf>(GSAT_U2,GSAT_U1).
<http://www.w3.org/2004/02/wsa/MessageModel.owl#Message_Body>(GSAT_U1):-<http://www.w3.org/2004/02/wsa/MessageModel.owl#contained_by>(GSAT_U1,GSAT_U2).
<http://www.w3.org/2004/02/wsa/Extensions.owl#Language>(GSAT_U1):-<http://www.w3.org/2004/02/wsa/Extensions.owl#PolicyDescriptionLanguage>(GSAT_U1).
<http://www.w3.org/2004/02/wsa/Extensions.owl#Semantics>(GSAT_U1):-<http://www.w3.org/2004/02/wsa/Extensions.owl#Capability_Semantics>(GSAT_U1).
<http://www.w3.org/2004/02/wsa/PolicyModel.owl#Policy>(GSAT_U1):-<http://www.w3.org/2004/02/wsa/PolicyModel.owl#Permission>(GSAT_U1).
rdf:List(GSAT_U1):-<http://www.w3.org/2004/02/wsa/PolicyModel.owl#Domain>(GSAT_U1).
<http://www.w3.org/2004/02/wsa/ServiceModel.owl#Provider_Agent>(GSAT_U1):-<http://www.w3.org/2004/02/wsa/ServiceModel.owl#pa_acts_on_behalf>(GSAT_U1,GSAT_U2).
<http://www.w3.org/2004/02/wsa/MessageModel.owl#Message>(GSAT_U1):-<http://www.w3.org/2004/02/wsa/Message>(GSAT_U1).
<http://www.w3.org/2004/02/wsa/MessageModel.owl#Message>(GSAT_U1):-<http://www.w3.org/2004/02/wsa/MessageModel.owl#message_envelope>(GSAT_U1,GSAT_U2).
<http://www.w3.org/2004/02/wsa/ResourceModel.owl#Resource>(GSAT_U1):-<http://www.w3.org/2004/02/wsa/ResourceModel.owl#representation>(GSAT_U2,GSAT_U1).
<http://www.w3.org/2004/02/wsa/MessageModel.owl#Message_Receiver>(GSAT_U1):-<http://www.w3.org/2004/02/wsa/MessageModel.owl#message_recipient>(GSAT_U2,GSAT_U1).
<http://www.w3.org/2004/02/wsa/PolicyModel.owl#Person_or_Organization>(GSAT_U1):-<http://www.w3.org/2004/02/wsa/PolicyModel.owl#owner>(GSAT_U1,GSAT_U2).
<http://www.w3.org/2004/02/wsa/ServiceModel.owl#Provider_Entity>(GSAT_U1):-<http://www.w3.org/2004/02/wsa/ServiceModel.owl#offers>(GSAT_U1,GSAT_U2).
<http://www.w3.org/2004/02/wsa/ServiceModel.owl#Action>(GSAT_U1):-<http://www.w3.org/2004/02/wsa/ServiceModel.owl#ProcessingAction>(GSAT_U1).
<http://www.w3.org/2004/02/wsa/PolicyModel.owl#Policy_Guard>(GSAT_U1):-<http://www.w3.org/2004/02/wsa/PolicyModel.owl#has_a>(GSAT_U1,GSAT_U2).
<http://www.w3.org/2004/02/wsa/ServiceModel.owl#Choreography>(GSAT_U1):-<http://www.w3.org/2004/02/wsa/ServiceModel.owl#expressedIn>(GSAT_U1,GSAT_U2).
<http://www.w3.org/2004/02/wsa/PolicyModel.owl#Domain>(GSAT_U1):-<http://www.w3.org/2004/02/wsa/PolicyModel.owl#scopeOf>(GSAT_U1,GSAT_U2).
<http://www.w3.org/2004/02/wsa/ServiceModel.owl#Service_Role>(GSAT_U1):-<http://www.w3.org/2004/02/wsa/ServiceModel.owl#associated_with>(GSAT_U1,GSAT_U2).
<http://www.w3.org/2004/02/wsa/PolicyModel.owl#Policy>(GSAT_U1):-<http://www.w3.org/2004/02/wsa/PolicyModel.owl#describedBy>(GSAT_U1,GSAT_U2).
<http://www.w3.org/2004/02/wsa/ResourceModel.owl#Identifier>(GSAT_U1):-<http://www.w3.org/2004/02/wsa/ResourceModel.owl#realized_by>(GSAT_U1,GSAT_U2).
<http://www.w3.org/2004/02/wsa/ResourceModel.owl#Discovery>(GSAT_U1):-<http://www.w3.org/2004/02/wsa/ResourceModel.owl#discovery_realized_by>(GSAT_U1,GSAT_U2).
<http://www.w3.org/2004/02/wsa/ServiceModel.owl#Service_Intermediary>(GSAT_U1):-<http://www.w3.org/2004/02/wsa/ServiceModel.owl#has_role>(GSAT_U1,GSAT_U2).
<http://www.w3.org/2004/02/wsa/MessageModel.owl#Delivery_Policy>(GSAT_U1):-<http://www.w3.org/2004/02/wsa/MessageModel.owl#associated_policy>(GSAT_U2,GSAT_U1).
<http://www.w3.org/2004/02/wsa/Extensions.owl#Language>(GSAT_U1):-<http://www.w3.org/2004/02/wsa/Extensions.owl#ServiceDescriptionLanguage>(GSAT_U1).
<http://www.w3.org/2004/02/wsa/MessageModel.owl#Address>(GSAT_U1):-<http://www.w3.org/2004/02/wsa/MessageModel.owl#contained_in_msg_env>(GSAT_U1,GSAT_U2).
<http://www.w3.org/2004/02/wsa/Extensions.owl#ServiceSemanticsDescriptionLanguage>(GSAT_U1):-<http://www.w3.org/2004/02/wsa/ServiceModel.owl#ss_described_in>(GSAT_U2,GSAT_U1).
<http://www.w3.org/2004/02/wsa/PolicyModel.owl#Permission_Guard>(GSAT_U1):-<http://www.w3.org/2004/02/wsa/PolicyModel.owl#enforce>(GSAT_U1,GSAT_U2).
<http://www.w3.org/2004/02/wsa/ResourceModel.owl#Resource_Description>(GSAT_U1):-<http://www.w3.org/2004/02/wsa/ResourceModel.owl#resource_description>(GSAT_U2,GSAT_U1).
<http://www.w3.org/2004/02/wsa/ServiceModel.owl#Service_Interface>(GSAT_U1):-<http://www.w3.org/2004/02/wsa/ServiceModel.owl#service_interface>(GSAT_U2,GSAT_U1).
<http://www.w3.org/2004/02/wsa/ServiceModel.owl#Service>(GSAT_U1):-<http://www.w3.org/2004/02/wsa/ResourceModel.owl#Discovery_Service>(GSAT_U1).
<http://www.w3.org/2004/02/wsa/ResourceModel.owl#Resource>(GSAT_U1):-<http://www.w3.org/2004/02/wsa/PolicyModel.owl#control>(GSAT_U2,GSAT_U1).
<http://www.w3.org/2004/02/wsa/ResourceModel.owl#Identifier>(GSAT_U1):-<http://www.w3.org/2004/02/wsa/MessageModel.owl#has_identifier>(GSAT_U2,GSAT_U1).
<http://www.w3.org/2004/02/wsa/Extensions.owl#Computational_Resource>(GSAT_U1):-<http://www.w3.org/2004/02/wsa/ServiceModel.owl#Agent>(GSAT_U1).
<http://www.w3.org/2004/02/wsa/ServiceModel.owl#Capability>(GSAT_U1):-<http://www.w3.org/2004/02/wsa/ServiceModel.owl#has_identifier>(GSAT_U1,GSAT_U2).
<http://www.w3.org/2004/02/wsa/ResourceModel.owl#Identifier>(GSAT_U1):-<http://www.w3.org/2004/02/wsa/PolicyModel.owl#has_identifier>(GSAT_U2,GSAT_U1).
<http://www.w3.org/2004/02/wsa/ResourceModel.owl#Resource>(GSAT_U1):-<http://www.w3.org/2004/02/wsa/ServiceModel.owl#Service>(GSAT_U1).
<http://www.w3.org/2004/02/wsa/ServiceModel.owl#Service>(GSAT_U1):-<http://www.w3.org/2004/02/wsa/ServiceModel.owl#request_service>(GSAT_U2,GSAT_U1).
<http://www.w3.org/2004/02/wsa/ServiceModel.owl#Service_Description>(GSAT_U1):-<http://www.w3.org/2004/02/wsa/ServiceModel.owl#sd_service_interface>(GSAT_U1,GSAT_U2).
<http://www.w3.org/2004/02/wsa/ResourceModel.owl#Resource>(GSAT_U1):-<http://www.w3.org/2004/02/wsa/ResourceModel.owl#resource_description>(GSAT_U1,GSAT_U2).
<http://www.w3.org/2004/02/wsa/ServiceModel.owl#Service_Intermediary>(GSAT_U1):-<http://www.w3.org/2004/02/wsa/ServiceModel.owl#preserves>(GSAT_U1,GSAT_U2).
<http://www.w3.org/2004/02/wsa/MessageModel.owl#Message_Sequence>(GSAT_U1):-<http://www.w3.org/2004/02/wsa/MessageModel.owl#realize_mep>(GSAT_U1,GSAT_U2).
<http://www.w3.org/2004/02/wsa/ServiceModel.owl#Service_Description>(GSAT_U1):-<http://www.w3.org/2004/02/wsa/ServiceModel.owl#has_capability>(GSAT_U1,GSAT_U2).
<http://www.w3.org/2004/02/wsa/PolicyModel.owl#Person_or_Organization>(GSAT_U1):-<http://www.w3.org/2004/02/wsa/ResourceModel.owl#owned_by>(GSAT_U2,GSAT_U1).
<http://www.w3.org/2004/02/wsa/ServiceModel.owl#Service>(GSAT_U1):-<http://www.w3.org/2004/02/wsa/ServiceModel.owl#Service_Intermediary>(GSAT_U1).
<http://www.w3.org/2004/02/wsa/ServiceModel.owl#Choreography>(GSAT_U1):-<http://www.w3.org/2004/02/wsa/ServiceModel.owl#uses>(GSAT_U1,GSAT_U2).
<http://www.w3.org/2004/02/wsa/MessageModel.owl#Message_Receiver>(GSAT_U1):-<http://www.w3.org/2004/02/wsa/ServiceModel.owlService_Intermediary>(GSAT_U1).
<http://www.w3.org/2004/02/wsa/ServiceModel.owl#Agent>(GSAT_U1):-<http://www.w3.org/2004/02/wsa/MessageModel.owl#Message_Sender>(GSAT_U1).
<http://www.w3.org/2004/02/wsa/ServiceModel.owl#Agent>(GSAT_U1):-<http://www.w3.org/2004/02/wsa/PolicyModel.owl#owner>(GSAT_U2,GSAT_U1).
<http://www.w3.org/2004/02/wsa/MessageModel.owl#Message_Exchange_Pattern>(GSAT_U1):-<http://www.w3.org/2004/02/wsa/MessageModel.owl#mep_identifier>(GSAT_U1,GSAT_U2).
<http://www.w3.org/2004/02/wsa/MessageModel.owl#Message_Sender>(GSAT_U1):-<http://www.w3.org/2004/02/wsa/ServiceModel.owlService_Intermediary>(GSAT_U1).
<http://www.w3.org/2004/02/wsa/Extensions.owl#NetworkAddress>(GSAT_U1):-<http://www.w3.org/2004/02/wsa/Extensions.owl#constrainedBy>(GSAT_U1,GSAT_U2).
<http://www.w3.org/2004/02/wsa/ResourceModel.owl#Discovery_Service>(GSAT_U1):-<http://www.w3.org/2004/02/wsa/ResourceModel.owl#discovery_realized_by>(GSAT_U2,GSAT_U1).
<http://www.w3.org/2004/02/wsa/Extensions.owl#Body_Content>(GSAT_U1):-<http://www.w3.org/2004/02/wsa/MessageModel.owl#content>(GSAT_U2,GSAT_U1).
<http://www.w3.org/2004/02/wsa/ResourceModel.owl#Identifier>(GSAT_U1):-<http://www.w3.org/2004/02/wsa/ServiceModel.owl#has_identifier>(GSAT_U2,GSAT_U1).
<http://www.w3.org/2004/02/wsa/ServiceModel.owl#Action>(GSAT_U1):-<http://www.w3.org/2004/02/wsa/PolicyModel.owl#constraints_action>(GSAT_U2,GSAT_U1).
<http://www.w3.org/2004/02/wsa/Extensions.owl#Language>(GSAT_U1):-<http://www.w3.org/2004/02/wsa/Extensions.owl#ServiceSemanticsDescriptionLanguage>(GSAT_U1).
<http://www.w3.org/2004/02/wsa/ServiceModel.owl#Agent>(GSAT_U1):-<http://www.w3.org/2004/02/wsa/ServiceModel.owl#Requester_Agent>(GSAT_U1).
xsd:uriReference(GSAT_U1):-<http://www.w3.org/2004/02/wsa/ResourceModel.owl#realized_by>(GSAT_U2,GSAT_U1).
<http://www.w3.org/2004/02/wsa/Extensions.owl#ServiceDescriptionLanguage>(GSAT_U1):-<http://www.w3.org/2004/02/wsa/ServiceModel.owl#sd_expressed_in>(GSAT_U2,GSAT_U1).
<http://www.w3.org/2004/02/wsa/ServiceModel.owl#Agent>(GSAT_U1):-<http://www.w3.org/2004/02/wsa/ResourceModel.owl#used_by>(GSAT_U2,GSAT_U1).
<http://www.w3.org/2004/02/wsa/ServiceModel.owl#Capability>(GSAT_U1):-<http://www.w3.org/2004/02/wsa/ServiceModel.owl#required_by>(GSAT_U2,GSAT_U1).
<http://www.w3.org/2004/02/wsa/ResourceModel.owl#Resource>(GSAT_U1):-<http://www.w3.org/2004/02/wsa/ResourceModel.owl#identify>(GSAT_U2,GSAT_U1).
<http://www.w3.org/2004/02/wsa/ResourceModel.owl#Resource>(GSAT_U1):-<http://www.w3.org/2004/02/wsa/ResourceModel.owl#governed_by>(GSAT_U1,GSAT_U2).
<http://www.w3.org/2004/02/wsa/MessageModel.owl#Address>(GSAT_U1):-<http://www.w3.org/2004/02/wsa/MessageModel.owl#realizedBy>(GSAT_U1,GSAT_U2).
<http://www.w3.org/2004/02/wsa/ResourceModel.owl#Resource>(GSAT_U1):-<http://www.w3.org/2004/02/wsa/ResourceModel.owl#owned_by>(GSAT_U1,GSAT_U2).
<http://www.w3.org/2004/02/wsa/ServiceModel.owl#Goal_State>(GSAT_U1):-<http://www.w3.org/2004/02/wsa/ServiceModel.owl#result>(GSAT_U2,GSAT_U1).
<http://www.w3.org/2004/02/wsa/PolicyModel.owl#Policy>(GSAT_U1):-<http://www.w3.org/2004/02/wsa/PolicyModel.owl#constraints_action>(GSAT_U1,GSAT_U2).
<http://www.w3.org/2004/02/wsa/ServiceModel.owl#Service>(GSAT_U1):-<http://www.w3.org/2004/02/wsa/ServiceModel.owl#service_description>(GSAT_U1,GSAT_U2).
<http://www.w3.org/2004/02/wsa/MessageModel.owl#Message_Transport>(GSAT_U1):-<http://www.w3.org/2004/02/wsa/MessageModel.owl#realized_by>(GSAT_U2,GSAT_U1).
<http://www.w3.org/2004/02/wsa/ResourceModel.owl#Discovery_Service>(GSAT_U1):-<http://www.w3.org/2004/02/wsa/ResourceModel.owl#used_by>(GSAT_U1,GSAT_U2).
<http://www.w3.org/2004/02/wsa/ServiceModel.owl#Service_Role>(GSAT_U1):-<http://www.w3.org/2004/02/wsa/ServiceModel.owl#service_role>(GSAT_U2,GSAT_U1).
<http://www.w3.org/2004/02/wsa/PolicyModel.owl#Permission>(GSAT_U1):-<http://www.w3.org/2004/02/wsa/PolicyModel.owl#enable_action>(GSAT_U1,GSAT_U2).
<http://www.w3.org/2004/02/wsa/PolicyModel.owl#Person_or_Organization>(GSAT_U1):-<http://www.w3.org/2004/02/wsa/PolicyModel.owl#has_a>(GSAT_U2,GSAT_U1).
<http://www.w3.org/2004/02/wsa/ServiceModel.owl#Service>(GSAT_U1):-<http://www.w3.org/2004/02/wsa/ServiceModel.owl#provided_by>(GSAT_U1,GSAT_U2).
<http://www.w3.org/2004/02/wsa/Extensions.owl#NetworkAddress>(GSAT_U1):-<http://www.w3.org/2004/02/wsa/Extensions.owl#URI>(GSAT_U1).
<http://www.w3.org/2004/02/wsa/MessageModel.owl#Message_Correlation>(GSAT_U1):-<http://www.w3.org/2004/02/wsa/MessageModel.owl#realize_correlation>(GSAT_U2,GSAT_U1).
<http://www.w3.org/2004/02/wsa/MessageModel.owl#Message_Sequence>(GSAT_U1):-<http://www.w3.org/2004/02/wsa/MessageModel.owl#part_of_sequence>(GSAT_U2,GSAT_U1).
<http://www.w3.org/2004/02/wsa/PolicyModel.owl#Person_or_Organization>(GSAT_U1):-<http://www.w3.org/2004/02/wsa/ServiceModel.owl#Provider_Entity>(GSAT_U1).
<http://www.w3.org/2004/02/wsa/ServiceModel.owl#Capability>(GSAT_U1):-<http://www.w3.org/2004/02/wsa/ServiceModel.owl#advertised_by>(GSAT_U2,GSAT_U1).
<http://www.w3.org/2004/02/wsa/ServiceModel.owl#Agent>(GSAT_U1):-<http://www.w3.org/2004/02/wsa/ResourceModel.owl#performed_by>(GSAT_U2,GSAT_U1).
<http://www.w3.org/2004/02/wsa/ServiceModel.owl#Agent>(GSAT_U1):-<http://www.w3.org/2004/02/wsa/ServiceModel.owl#required_by>(GSAT_U1,GSAT_U2).
====================
