Starting the KAON2 Executor (from OWL)...
KAON2 Start
Started..
Initial axioms in the ontology: 50
Completed!
Finished!
KAON2 End; # rules: 54
KAON2 total time : 334 ms = 0.33 s
Full TGD saturation: (54 dependecies)

====================
May 11, 2021 5:55:42 PM uk.ac.ox.cs.gsat.Configuration initialize
WARNING: Could not open configuration file.
May 11, 2021 5:55:42 PM uk.ac.ox.cs.gsat.Configuration initialize
WARNING: java.io.FileNotFoundException: config.properties (No such file or directory)
May 11, 2021 5:55:42 PM uk.ac.ox.cs.gsat.Configuration initialize
WARNING: Falling back to defaults.
May 11, 2021 5:55:42 PM uk.ac.ox.cs.gsat.Configuration initialize
WARNING: Could not open configuration file.
May 11, 2021 5:55:42 PM uk.ac.ox.cs.gsat.Configuration initialize
WARNING: java.io.FileNotFoundException: config.properties (No such file or directory)
May 11, 2021 5:55:42 PM uk.ac.ox.cs.gsat.Configuration initialize
WARNING: Falling back to defaults.
<http://purl.org/obo/owl/GO#GO_0048555>(GSAT_U1):-<http://purl.org/obo/owl/GO#GO_0005634>(GSAT_U1),<http://purl.org/obo/owl/OBO_REL#part_of>(GSAT_U1,GSAT_U2),<http://purl.org/obo/owl/CL#CL_0000280>(GSAT_U2).
<http://purl.org/obo/owl/GO#GO_0042105>(GSAT_U1):-<http://purl.org/obo/owl/GO#GO_0043235>(GSAT_U1),<http://purl.org/obo/owl/OBO_REL#part_of>(GSAT_U1,GSAT_U2),<http://purl.org/obo/owl/CL#CL_0000789>(GSAT_U2).
<http://purl.org/obo/owl/GO#GO_0043073>(GSAT_U1):-<http://purl.org/obo/owl/GO#GO_0005634>(GSAT_U1),<http://purl.org/obo/owl/OBO_REL#part_of>(GSAT_U1,GSAT_U2),<http://purl.org/obo/owl/CL#CL_0000586>(GSAT_U2).
<http://purl.org/obo/owl/GO#GO_0042629>(GSAT_U1):-<http://purl.org/obo/owl/GO#GO_0005764>(GSAT_U1),<http://purl.org/obo/owl/OBO_REL#part_of>(GSAT_U1,GSAT_U2),<http://purl.org/obo/owl/CL#CL_0000097>(GSAT_U2).
<http://purl.org/obo/owl/GO#GO_0042582>(GSAT_U1):-<http://purl.org/obo/owl/GO#GO_0030141>(GSAT_U1),<http://purl.org/obo/owl/OBO_REL#part_of>(GSAT_U1,GSAT_U2),<http://purl.org/obo/owl/CL#CL_0000775>(GSAT_U2).
<http://purl.org/obo/owl/GO#GO_0045495>(GSAT_U1):-<http://purl.org/obo/owl/GO#GO_0005737>(GSAT_U1),<http://purl.org/obo/owl/OBO_REL#part_of>(GSAT_U1,GSAT_U2),<http://purl.org/obo/owl/CL#CL_0000023>(GSAT_U2).
<http://purl.org/obo/owl/GO#GO_0030446>(GSAT_U1):-<http://purl.org/obo/owl/GO#GO_0005618>(GSAT_U1),<http://purl.org/obo/owl/OBO_REL#part_of>(GSAT_U1,GSAT_U2),<http://purl.org/obo/owl/CL#CL_0000286>(GSAT_U2).
<http://purl.org/obo/owl/GO#GO_0001674>(GSAT_U1):-<http://purl.org/obo/owl/GO#GO_0005634>(GSAT_U1),<http://purl.org/obo/owl/OBO_REL#part_of>(GSAT_U1,GSAT_U2),<http://purl.org/obo/owl/CL#CL_0000021>(GSAT_U2).
<http://purl.org/obo/owl/GO#GO_0043079>(GSAT_U1):-<http://purl.org/obo/owl/GO#GO_0005634>(GSAT_U1),<http://purl.org/obo/owl/OBO_REL#part_of>(GSAT_U1,GSAT_U2),<http://purl.org/obo/owl/CL#CL_0000537>(GSAT_U2).
<http://purl.org/obo/owl/GO#GO_0019815>(GSAT_U1):-<http://purl.org/obo/owl/GO#GO_0043235>(GSAT_U1),<http://purl.org/obo/owl/OBO_REL#part_of>(GSAT_U1,GSAT_U2),<http://purl.org/obo/owl/CL#CL_0000236>(GSAT_U2).
<http://purl.org/obo/owl/GO#GO_0048556>(GSAT_U1):-<http://purl.org/obo/owl/GO#GO_0005634>(GSAT_U1),<http://purl.org/obo/owl/OBO_REL#part_of>(GSAT_U1,GSAT_U2),<http://purl.org/obo/owl/CL#CL_0000248>(GSAT_U2).
<http://purl.org/obo/owl/GO#GO_0043076>(GSAT_U1):-<http://purl.org/obo/owl/GO#GO_0005634>(GSAT_U1),<http://purl.org/obo/owl/OBO_REL#part_of>(GSAT_U1,GSAT_U2),<http://purl.org/obo/owl/CL#CL_0000320>(GSAT_U2).
<http://purl.org/obo/owl/GO#GO_0032166>(GSAT_U1):-<http://purl.org/obo/owl/GO#GO_0032160>(GSAT_U1),<http://purl.org/obo/owl/OBO_REL#part_of>(GSAT_U1,GSAT_U2),<http://purl.org/obo/owl/CL#CL_0000726>(GSAT_U2).
<http://purl.org/obo/owl/GO#GO_0043591>(GSAT_U1):-<http://purl.org/obo/owl/GO#GO_0030312>(GSAT_U1),<http://purl.org/obo/owl/OBO_REL#part_of>(GSAT_U1,GSAT_U2),<http://purl.org/obo/owl/CL#CL_0000563>(GSAT_U2).
<http://purl.org/obo/owl/GO#GO_0042106>(GSAT_U1):-<http://purl.org/obo/owl/GO#GO_0043235>(GSAT_U1),<http://purl.org/obo/owl/OBO_REL#part_of>(GSAT_U1,GSAT_U2),<http://purl.org/obo/owl/CL#CL_0000798>(GSAT_U2).
<http://purl.org/obo/owl/GO#GO_0042585>(GSAT_U1):-<http://purl.org/obo/owl/GO#GO_0005634>(GSAT_U1),<http://purl.org/obo/owl/OBO_REL#part_of>(GSAT_U1,GSAT_U2),<http://purl.org/obo/owl/CL#CL_0000654>(GSAT_U2).
<http://purl.org/obo/owl/GO#GO_0001673>(GSAT_U1):-<http://purl.org/obo/owl/GO#GO_0005634>(GSAT_U1),<http://purl.org/obo/owl/OBO_REL#part_of>(GSAT_U1,GSAT_U2),<http://purl.org/obo/owl/CL#CL_0000015>(GSAT_U2).
<http://purl.org/obo/owl/GO#GO_0042827>(GSAT_U1):-<http://purl.org/obo/owl/GO#GO_0030141>(GSAT_U1),<http://purl.org/obo/owl/OBO_REL#part_of>(GSAT_U1,GSAT_U2),<http://purl.org/obo/owl/CL#CL_0000233>(GSAT_U2).
<http://purl.org/obo/owl/GO#GO_0031160>(GSAT_U1):-<http://purl.org/obo/owl/GO#GO_0005618>(GSAT_U1),<http://purl.org/obo/owl/OBO_REL#part_of>(GSAT_U1,GSAT_U2),<http://purl.org/obo/owl/CL#CL_0000522>(GSAT_U2).
<http://purl.org/obo/owl/GO#GO_0030485>(GSAT_U1):-<http://purl.org/obo/owl/GO#GO_0043292>(GSAT_U1),<http://purl.org/obo/owl/OBO_REL#part_of>(GSAT_U1,GSAT_U2),<http://purl.org/obo/owl/CL#CL_0000192>(GSAT_U2).
<http://purl.org/obo/owl/GO#GO_0043005>(GSAT_U1):-<http://purl.org/obo/owl/GO#GO_0042995>(GSAT_U1),<http://purl.org/obo/owl/OBO_REL#part_of>(GSAT_U1,GSAT_U2),<http://purl.org/obo/owl/CL#CL_0000540>(GSAT_U2).
<http://purl.org/obo/owl/GO#GO_0014704>(GSAT_U1):-<http://purl.org/obo/owl/GO#GO_0005911>(GSAT_U1),<http://purl.org/obo/owl/OBO_REL#part_of>(GSAT_U1,GSAT_U2),<http://purl.org/obo/owl/CL#CL_0000746>(GSAT_U2).
<http://purl.org/obo/owl/GO#GO_0042101>(GSAT_U1):-<http://purl.org/obo/owl/GO#GO_0043235>(GSAT_U1),<http://purl.org/obo/owl/OBO_REL#part_of>(GSAT_U1,GSAT_U2),<http://purl.org/obo/owl/CL#CL_0000084>(GSAT_U2).
<http://purl.org/obo/owl/GO#GO_0016528>(GSAT_U1):-q0(GSAT_U1),<http://purl.org/obo/owl/GO#GO_0005737>(GSAT_U1).
q0(GSAT_U1):-q1(GSAT_U1).
q0(GSAT_U1):-<http://purl.org/obo/owl/OBO_REL#part_of>(GSAT_U1,GSAT_U2),<http://purl.org/obo/owl/CL#CL_0000187>(GSAT_U2).
<http://purl.org/obo/owl/GO#GO_0042383>(GSAT_U1):-<http://purl.org/obo/owl/GO#GO_0005886>(GSAT_U1),q0(GSAT_U1).
<http://purl.org/obo/owl/GO#GO_0005737>(GSAT_U1):-<http://purl.org/obo/owl/GO#GO_0045495>(GSAT_U1).
<http://purl.org/obo/owl/GO#GO_0005634>(GSAT_U1):-<http://purl.org/obo/owl/GO#GO_0048555>(GSAT_U1).
<http://purl.org/obo/owl/GO#GO_0005634>(GSAT_U1):-<http://purl.org/obo/owl/GO#GO_0001674>(GSAT_U1).
<http://purl.org/obo/owl/GO#GO_0043235>(GSAT_U1):-<http://purl.org/obo/owl/GO#GO_0042106>(GSAT_U1).
<http://purl.org/obo/owl/GO#GO_0030312>(GSAT_U1):-<http://purl.org/obo/owl/GO#GO_0043591>(GSAT_U1).
<http://purl.org/obo/owl/GO#GO_0043235>(GSAT_U1):-<http://purl.org/obo/owl/GO#GO_0019815>(GSAT_U1).
<http://purl.org/obo/owl/GO#GO_0005618>(GSAT_U1):-<http://purl.org/obo/owl/GO#GO_0031160>(GSAT_U1).
<http://purl.org/obo/owl/GO#GO_0030141>(GSAT_U1):-<http://purl.org/obo/owl/GO#GO_0042827>(GSAT_U1).
<http://purl.org/obo/owl/GO#GO_0032160>(GSAT_U1):-<http://purl.org/obo/owl/GO#GO_0032166>(GSAT_U1).
<http://purl.org/obo/owl/GO#GO_0042995>(GSAT_U1):-<http://purl.org/obo/owl/GO#GO_0043005>(GSAT_U1).
<http://purl.org/obo/owl/GO#GO_0005634>(GSAT_U1):-<http://purl.org/obo/owl/GO#GO_0048556>(GSAT_U1).
<http://purl.org/obo/owl/GO#GO_0005618>(GSAT_U1):-<http://purl.org/obo/owl/GO#GO_0030446>(GSAT_U1).
<http://purl.org/obo/owl/GO#GO_0043235>(GSAT_U1):-<http://purl.org/obo/owl/GO#GO_0042101>(GSAT_U1).
<http://purl.org/obo/owl/GO#GO_0005764>(GSAT_U1):-<http://purl.org/obo/owl/GO#GO_0042629>(GSAT_U1).
<http://purl.org/obo/owl/GO#GO_0005634>(GSAT_U1):-<http://purl.org/obo/owl/GO#GO_0001673>(GSAT_U1).
<http://purl.org/obo/owl/GO#GO_0043235>(GSAT_U1):-<http://purl.org/obo/owl/GO#GO_0042105>(GSAT_U1).
<http://purl.org/obo/owl/GO#GO_0005911>(GSAT_U1):-<http://purl.org/obo/owl/GO#GO_0014704>(GSAT_U1).
<http://purl.org/obo/owl/GO#GO_0030141>(GSAT_U1):-<http://purl.org/obo/owl/GO#GO_0042582>(GSAT_U1).
<http://purl.org/obo/owl/GO#GO_0005634>(GSAT_U1):-<http://purl.org/obo/owl/GO#GO_0043076>(GSAT_U1).
<http://purl.org/obo/owl/GO#GO_0005634>(GSAT_U1):-<http://purl.org/obo/owl/GO#GO_0043073>(GSAT_U1).
<http://purl.org/obo/owl/GO#GO_0043292>(GSAT_U1):-<http://purl.org/obo/owl/GO#GO_0030485>(GSAT_U1).
<http://purl.org/obo/owl/GO#GO_0005634>(GSAT_U1):-<http://purl.org/obo/owl/GO#GO_0042585>(GSAT_U1).
<http://purl.org/obo/owl/GO#GO_0005737>(GSAT_U1):-<http://purl.org/obo/owl/GO#GO_0016528>(GSAT_U1).
q1(GSAT_U1):-<http://purl.org/obo/owl/GO#GO_0016528>(GSAT_U1).
<http://purl.org/obo/owl/GO#GO_0005634>(GSAT_U1):-<http://purl.org/obo/owl/GO#GO_0043079>(GSAT_U1).
<http://purl.org/obo/owl/GO#GO_0005886>(GSAT_U1):-<http://purl.org/obo/owl/GO#GO_0042383>(GSAT_U1).
q1(GSAT_U1):-<http://purl.org/obo/owl/GO#GO_0042383>(GSAT_U1).
====================
