Starting the KAON2 Executor (from OWL)...
KAON2 Start
Started..
Initial axioms in the ontology: 273
Completed!
Finished!
KAON2 End; # rules: 405
KAON2 total time : 680 ms = 0.68 s
Full TGD saturation: (405 dependecies)

====================
May 11, 2021 11:57:19 PM uk.ac.ox.cs.gsat.Configuration initialize
WARNING: Could not open configuration file.
May 11, 2021 11:57:19 PM uk.ac.ox.cs.gsat.Configuration initialize
WARNING: java.io.FileNotFoundException: config.properties (No such file or directory)
May 11, 2021 11:57:19 PM uk.ac.ox.cs.gsat.Configuration initialize
WARNING: Falling back to defaults.
May 11, 2021 11:57:19 PM uk.ac.ox.cs.gsat.Configuration initialize
WARNING: Could not open configuration file.
May 11, 2021 11:57:19 PM uk.ac.ox.cs.gsat.Configuration initialize
WARNING: java.io.FileNotFoundException: config.properties (No such file or directory)
May 11, 2021 11:57:19 PM uk.ac.ox.cs.gsat.Configuration initialize
WARNING: Falling back to defaults.
<http://purl.obolibrary.org/obo/BFO_0000053_some_http://purl.obolibrary.org/obo/PATO_0000642>(GSAT_U1):-q18(GSAT_U1).
<http://purl.obolibrary.org/obo/BFO_0000053_some_http://purl.obolibrary.org/obo/PATO_0000642>(GSAT_U1):-q20(GSAT_U1).
<http://purl.obolibrary.org/obo/BFO_0000053_some_http://purl.obolibrary.org/obo/PATO_0000642>(GSAT_U1):-q49(GSAT_U1).
<http://purl.obolibrary.org/obo/BFO_0000053_some_http://purl.obolibrary.org/obo/PATO_0000642>(GSAT_U1):-q63(GSAT_U1).
<http://purl.obolibrary.org/obo/BFO_0000053_some_http://purl.obolibrary.org/obo/PATO_0000642>(GSAT_U1):-q71(GSAT_U1).
<http://purl.obolibrary.org/obo/BFO_0000053_some_http://purl.obolibrary.org/obo/PATO_0000642>(GSAT_U1):-<http://purl.obolibrary.org/obo/BFO_0000053>(GSAT_U1,GSAT_U2),<http://purl.obolibrary.org/obo/PATO_0000642>(GSAT_U2).
<http://purl.obolibrary.org/obo/BFO_0000053_some_http://purl.obolibrary.org/obo/TAO_0001561>(GSAT_U1):-<http://purl.obolibrary.org/obo/BFO_0000053>(GSAT_U1,GSAT_U2),<http://purl.obolibrary.org/obo/TAO_0001561>(GSAT_U2).
<http://purl.obolibrary.org/obo/BFO_0000050_some_http://purl.obolibrary.org/obo/TAO_0002064>(GSAT_U1):-<http://purl.obolibrary.org/obo/BFO_0000050>(GSAT_U1,GSAT_U2),<http://purl.obolibrary.org/obo/TAO_0002064>(GSAT_U2).
<http://purl.obolibrary.org/obo/BFO_0000053_some_http://purl.obolibrary.org/obo/TAO_0001805>(GSAT_U1):-<http://purl.obolibrary.org/obo/BFO_0000053>(GSAT_U1,GSAT_U2),<http://purl.obolibrary.org/obo/TAO_0001805>(GSAT_U2).
<http://purl.obolibrary.org/obo/BFO_0000053_some_http://purl.obolibrary.org/obo/TAO_0000595>(GSAT_U1):-<http://purl.obolibrary.org/obo/BFO_0000053>(GSAT_U1,GSAT_U2),<http://purl.obolibrary.org/obo/TAO_0000595>(GSAT_U2).
<http://purl.obolibrary.org/obo/BFO_0000053_some_http://purl.obolibrary.org/obo/TAO_0000557>(GSAT_U1):-<http://purl.obolibrary.org/obo/BFO_0000053>(GSAT_U1,GSAT_U2),<http://purl.obolibrary.org/obo/TAO_0000557>(GSAT_U2).
<http://purl.obolibrary.org/obo/BFO_0000053_some_http://purl.obolibrary.org/obo/TAO_0002065>(GSAT_U1):-<http://purl.obolibrary.org/obo/BFO_0000053>(GSAT_U1,GSAT_U2),<http://purl.obolibrary.org/obo/TAO_0002065>(GSAT_U2).
<http://purl.obolibrary.org/obo/BFO_0000053_some_http://purl.obolibrary.org/obo/PATO_0000592>(GSAT_U1):-q73(GSAT_U1).
<http://purl.obolibrary.org/obo/BFO_0000053_some_http://purl.obolibrary.org/obo/PATO_0000592>(GSAT_U1):-q91(GSAT_U1).
<http://purl.obolibrary.org/obo/BFO_0000053_some_http://purl.obolibrary.org/obo/PATO_0000592>(GSAT_U1):-<http://purl.obolibrary.org/obo/BFO_0000053>(GSAT_U1,GSAT_U2),<http://purl.obolibrary.org/obo/PATO_0000592>(GSAT_U2).
<http://purl.obolibrary.org/obo/BFO_0000050_some_http://purl.obolibrary.org/obo/TAO_0001160>(GSAT_U1):-q3(GSAT_U1).
<http://purl.obolibrary.org/obo/BFO_0000050_some_http://purl.obolibrary.org/obo/TAO_0001160>(GSAT_U1):-q40(GSAT_U1).
<http://purl.obolibrary.org/obo/BFO_0000050_some_http://purl.obolibrary.org/obo/TAO_0001160>(GSAT_U1):-q98(GSAT_U1).
<http://purl.obolibrary.org/obo/BFO_0000050_some_http://purl.obolibrary.org/obo/TAO_0001160>(GSAT_U1):-<http://purl.obolibrary.org/obo/BFO_0000050>(GSAT_U1,GSAT_U2),<http://purl.obolibrary.org/obo/TAO_0001160>(GSAT_U2).
<http://purl.obolibrary.org/obo/BFO_0000050_some_http://purl.obolibrary.org/obo/BSPO_0000072>(GSAT_U1):-<http://purl.obolibrary.org/obo/BFO_0000050>(GSAT_U1,GSAT_U2),<http://purl.obolibrary.org/obo/BSPO_0000072>(GSAT_U2).
<http://purl.obolibrary.org/obo/BFO_0000050_some_http://purl.obolibrary.org/obo/TAO_0001248>(GSAT_U1):-<http://purl.obolibrary.org/obo/BFO_0000050>(GSAT_U1,GSAT_U2),<http://purl.obolibrary.org/obo/TAO_0001248>(GSAT_U2).
<http://purl.obolibrary.org/obo/BFO_0000053_some_http://purl.obolibrary.org/obo/PATO_0001961>(GSAT_U1):-q74(GSAT_U1).
<http://purl.obolibrary.org/obo/BFO_0000053_some_http://purl.obolibrary.org/obo/PATO_0001961>(GSAT_U1):-q76(GSAT_U1).
<http://purl.obolibrary.org/obo/BFO_0000053_some_http://purl.obolibrary.org/obo/PATO_0001961>(GSAT_U1):-<http://purl.obolibrary.org/obo/BFO_0000053>(GSAT_U1,GSAT_U2),<http://purl.obolibrary.org/obo/PATO_0001961>(GSAT_U2).
<http://purl.obolibrary.org/obo/BFO_0000050_some_http://purl.obolibrary.org/obo/TAO_0000595>(GSAT_U1):-<http://purl.obolibrary.org/obo/BFO_0000050>(GSAT_U1,GSAT_U2),<http://purl.obolibrary.org/obo/TAO_0000595>(GSAT_U2).
<http://purl.obolibrary.org/obo/BFO_0000053_some_http://purl.obolibrary.org/obo/PATO_0000573>(GSAT_U1):-q79(GSAT_U1).
<http://purl.obolibrary.org/obo/BFO_0000053_some_http://purl.obolibrary.org/obo/PATO_0000573>(GSAT_U1):-q96(GSAT_U1).
<http://purl.obolibrary.org/obo/BFO_0000053_some_http://purl.obolibrary.org/obo/PATO_0000573>(GSAT_U1):-<http://purl.obolibrary.org/obo/BFO_0000053>(GSAT_U1,GSAT_U2),<http://purl.obolibrary.org/obo/PATO_0000573>(GSAT_U2).
<http://purl.obolibrary.org/obo/BFO_0000050_some_http://purl.obolibrary.org/obo/TAO_0000486>(GSAT_U1):-q9(GSAT_U1).
<http://purl.obolibrary.org/obo/BFO_0000050_some_http://purl.obolibrary.org/obo/TAO_0000486>(GSAT_U1):-q11(GSAT_U1).
<http://purl.obolibrary.org/obo/BFO_0000050_some_http://purl.obolibrary.org/obo/TAO_0000486>(GSAT_U1):-<http://purl.obolibrary.org/obo/BFO_0000050>(GSAT_U1,GSAT_U2),<http://purl.obolibrary.org/obo/TAO_0000486>(GSAT_U2).
<http://purl.obolibrary.org/obo/BFO_0000050_some_http://purl.obolibrary.org/obo/TAO_0000734>(GSAT_U1):-q31(GSAT_U1).
<http://purl.obolibrary.org/obo/BFO_0000050_some_http://purl.obolibrary.org/obo/TAO_0000734>(GSAT_U1):-q99(GSAT_U1).
<http://purl.obolibrary.org/obo/BFO_0000050_some_http://purl.obolibrary.org/obo/TAO_0000734>(GSAT_U1):-<http://purl.obolibrary.org/obo/BFO_0000050>(GSAT_U1,GSAT_U2),<http://purl.obolibrary.org/obo/TAO_0000734>(GSAT_U2).
<http://purl.obolibrary.org/obo/BFO_0000050_some_http://purl.obolibrary.org/obo/TAO_0001630>(GSAT_U1):-<http://purl.obolibrary.org/obo/BFO_0000050>(GSAT_U1,GSAT_U2),<http://purl.obolibrary.org/obo/TAO_0001630>(GSAT_U2).
<http://purl.obolibrary.org/obo/BFO_0000053_some_http://purl.obolibrary.org/obo/TAO_0000486>(GSAT_U1):-<http://purl.obolibrary.org/obo/BFO_0000053>(GSAT_U1,GSAT_U2),<http://purl.obolibrary.org/obo/TAO_0000486>(GSAT_U2).
<http://purl.obolibrary.org/obo/BFO_0000050_some_http://purl.obolibrary.org/obo/TAO_0001807>(GSAT_U1):-<http://purl.obolibrary.org/obo/BFO_0000050>(GSAT_U1,GSAT_U2),<http://purl.obolibrary.org/obo/TAO_0001807>(GSAT_U2).
<http://purl.obolibrary.org/obo/BFO_0000050_some_http://purl.obolibrary.org/obo/TAO_0001669>(GSAT_U1):-<http://purl.obolibrary.org/obo/BFO_0000050>(GSAT_U1,GSAT_U2),<http://purl.obolibrary.org/obo/TAO_0001669>(GSAT_U2).
<http://purl.obolibrary.org/obo/BFO_0000050_some_http://purl.obolibrary.org/obo/TAO_0000422>(GSAT_U1):-<http://purl.obolibrary.org/obo/BFO_0000050>(GSAT_U1,GSAT_U2),<http://purl.obolibrary.org/obo/TAO_0000422>(GSAT_U2).
<http://purl.obolibrary.org/obo/BFO_0000050_some_http://purl.obolibrary.org/obo/TAO_0001806>(GSAT_U1):-<http://purl.obolibrary.org/obo/BFO_0000050>(GSAT_U1,GSAT_U2),<http://purl.obolibrary.org/obo/TAO_0001806>(GSAT_U2).
<http://purl.obolibrary.org/obo/BFO_0000050_some_http://purl.obolibrary.org/obo/TAO_0000672>(GSAT_U1):-q5(GSAT_U1).
<http://purl.obolibrary.org/obo/BFO_0000050_some_http://purl.obolibrary.org/obo/TAO_0000672>(GSAT_U1):-q28(GSAT_U1).
<http://purl.obolibrary.org/obo/BFO_0000050_some_http://purl.obolibrary.org/obo/TAO_0000672>(GSAT_U1):-<http://purl.obolibrary.org/obo/BFO_0000050>(GSAT_U1,GSAT_U2),<http://purl.obolibrary.org/obo/TAO_0000672>(GSAT_U2).
<http://purl.obolibrary.org/obo/BFO_0000053_some_http://purl.obolibrary.org/obo/PATO_0000141>(GSAT_U1):-q23(GSAT_U1).
<http://purl.obolibrary.org/obo/BFO_0000053_some_http://purl.obolibrary.org/obo/PATO_0000141>(GSAT_U1):-q48(GSAT_U1).
<http://purl.obolibrary.org/obo/BFO_0000053_some_http://purl.obolibrary.org/obo/PATO_0000141>(GSAT_U1):-q58(GSAT_U1).
<http://purl.obolibrary.org/obo/BFO_0000053_some_http://purl.obolibrary.org/obo/PATO_0000141>(GSAT_U1):-q80(GSAT_U1).
<http://purl.obolibrary.org/obo/BFO_0000053_some_http://purl.obolibrary.org/obo/PATO_0000141>(GSAT_U1):-<http://purl.obolibrary.org/obo/BFO_0000053>(GSAT_U1,GSAT_U2),<http://purl.obolibrary.org/obo/PATO_0000141>(GSAT_U2).
<http://purl.obolibrary.org/obo/BFO_0000053_some_http://purl.obolibrary.org/obo/PATO_0000070>(GSAT_U1):-q14(GSAT_U1).
<http://purl.obolibrary.org/obo/BFO_0000053_some_http://purl.obolibrary.org/obo/PATO_0000070>(GSAT_U1):-q15(GSAT_U1).
<http://purl.obolibrary.org/obo/BFO_0000053_some_http://purl.obolibrary.org/obo/PATO_0000070>(GSAT_U1):-q38(GSAT_U1).
<http://purl.obolibrary.org/obo/BFO_0000053_some_http://purl.obolibrary.org/obo/PATO_0000070>(GSAT_U1):-q83(GSAT_U1).
<http://purl.obolibrary.org/obo/BFO_0000053_some_http://purl.obolibrary.org/obo/PATO_0000070>(GSAT_U1):-<http://purl.obolibrary.org/obo/BFO_0000053>(GSAT_U1,GSAT_U2),<http://purl.obolibrary.org/obo/PATO_0000070>(GSAT_U2).
<http://purl.obolibrary.org/obo/BFO_0000053_some_http://purl.obolibrary.org/obo/BSPO_0000060>(GSAT_U1):-<http://purl.obolibrary.org/obo/BFO_0000053>(GSAT_U1,GSAT_U2),<http://purl.obolibrary.org/obo/BSPO_0000060>(GSAT_U2).
<http://purl.obolibrary.org/obo/BFO_0000053_some_http://purl.obolibrary.org/obo/PATO_0000410>(GSAT_U1):-q30(GSAT_U1).
<http://purl.obolibrary.org/obo/BFO_0000053_some_http://purl.obolibrary.org/obo/PATO_0000410>(GSAT_U1):-q53(GSAT_U1).
<http://purl.obolibrary.org/obo/BFO_0000053_some_http://purl.obolibrary.org/obo/PATO_0000410>(GSAT_U1):-<http://purl.obolibrary.org/obo/BFO_0000053>(GSAT_U1,GSAT_U2),<http://purl.obolibrary.org/obo/PATO_0000410>(GSAT_U2).
<http://purl.obolibrary.org/obo/BFO_0000050_some_http://purl.obolibrary.org/obo/TAO_0001625>(GSAT_U1):-<http://purl.obolibrary.org/obo/BFO_0000050>(GSAT_U1,GSAT_U2),<http://purl.obolibrary.org/obo/TAO_0001625>(GSAT_U2).
<http://purl.obolibrary.org/obo/BFO_0000050_some_http://purl.obolibrary.org/obo/TAO_0001336>(GSAT_U1):-q30(GSAT_U1).
<http://purl.obolibrary.org/obo/BFO_0000050_some_http://purl.obolibrary.org/obo/TAO_0001336>(GSAT_U1):-q90(GSAT_U1).
<http://purl.obolibrary.org/obo/BFO_0000050_some_http://purl.obolibrary.org/obo/TAO_0001336>(GSAT_U1):-q100(GSAT_U1).
<http://purl.obolibrary.org/obo/BFO_0000050_some_http://purl.obolibrary.org/obo/TAO_0001336>(GSAT_U1):-<http://purl.obolibrary.org/obo/BFO_0000050>(GSAT_U1,GSAT_U2),<http://purl.obolibrary.org/obo/TAO_0001336>(GSAT_U2).
<http://purl.obolibrary.org/obo/BFO_0000050_some_http://purl.obolibrary.org/obo/TAO_0000561>(GSAT_U1):-q1(GSAT_U1).
<http://purl.obolibrary.org/obo/BFO_0000050_some_http://purl.obolibrary.org/obo/TAO_0000561>(GSAT_U1):-q47(GSAT_U1).
<http://purl.obolibrary.org/obo/BFO_0000050_some_http://purl.obolibrary.org/obo/TAO_0000561>(GSAT_U1):-<http://purl.obolibrary.org/obo/BFO_0000050>(GSAT_U1,GSAT_U2),<http://purl.obolibrary.org/obo/TAO_0000561>(GSAT_U2).
<http://purl.obolibrary.org/obo/BFO_0000053_some_http://purl.obolibrary.org/obo/PATO_0002124>(GSAT_U1):-q27(GSAT_U1).
<http://purl.obolibrary.org/obo/BFO_0000053_some_http://purl.obolibrary.org/obo/PATO_0002124>(GSAT_U1):-q100(GSAT_U1).
<http://purl.obolibrary.org/obo/BFO_0000053_some_http://purl.obolibrary.org/obo/PATO_0002124>(GSAT_U1):-<http://purl.obolibrary.org/obo/BFO_0000053>(GSAT_U1,GSAT_U2),<http://purl.obolibrary.org/obo/PATO_0002124>(GSAT_U2).
<http://purl.obolibrary.org/obo/BFO_0000050_some_http://purl.obolibrary.org/obo/TAO_0001561>(GSAT_U1):-<http://purl.obolibrary.org/obo/BFO_0000050>(GSAT_U1,GSAT_U2),<http://purl.obolibrary.org/obo/TAO_0001561>(GSAT_U2).
<http://purl.obolibrary.org/obo/BFO_0000053_some_http://purl.obolibrary.org/obo/PATO_0000462>(GSAT_U1):-q0(GSAT_U1).
<http://purl.obolibrary.org/obo/BFO_0000053_some_http://purl.obolibrary.org/obo/PATO_0000462>(GSAT_U1):-q4(GSAT_U1).
<http://purl.obolibrary.org/obo/BFO_0000053_some_http://purl.obolibrary.org/obo/PATO_0000462>(GSAT_U1):-q6(GSAT_U1).
<http://purl.obolibrary.org/obo/BFO_0000053_some_http://purl.obolibrary.org/obo/PATO_0000462>(GSAT_U1):-q10(GSAT_U1).
<http://purl.obolibrary.org/obo/BFO_0000053_some_http://purl.obolibrary.org/obo/PATO_0000462>(GSAT_U1):-q16(GSAT_U1).
<http://purl.obolibrary.org/obo/BFO_0000053_some_http://purl.obolibrary.org/obo/PATO_0000462>(GSAT_U1):-q17(GSAT_U1).
<http://purl.obolibrary.org/obo/BFO_0000053_some_http://purl.obolibrary.org/obo/PATO_0000462>(GSAT_U1):-q41(GSAT_U1).
<http://purl.obolibrary.org/obo/BFO_0000053_some_http://purl.obolibrary.org/obo/PATO_0000462>(GSAT_U1):-q42(GSAT_U1).
<http://purl.obolibrary.org/obo/BFO_0000053_some_http://purl.obolibrary.org/obo/PATO_0000462>(GSAT_U1):-q46(GSAT_U1).
<http://purl.obolibrary.org/obo/BFO_0000053_some_http://purl.obolibrary.org/obo/PATO_0000462>(GSAT_U1):-q52(GSAT_U1).
<http://purl.obolibrary.org/obo/BFO_0000053_some_http://purl.obolibrary.org/obo/PATO_0000462>(GSAT_U1):-q67(GSAT_U1).
<http://purl.obolibrary.org/obo/BFO_0000053_some_http://purl.obolibrary.org/obo/PATO_0000462>(GSAT_U1):-q69(GSAT_U1).
<http://purl.obolibrary.org/obo/BFO_0000053_some_http://purl.obolibrary.org/obo/PATO_0000462>(GSAT_U1):-q78(GSAT_U1).
<http://purl.obolibrary.org/obo/BFO_0000053_some_http://purl.obolibrary.org/obo/PATO_0000462>(GSAT_U1):-q84(GSAT_U1).
<http://purl.obolibrary.org/obo/BFO_0000053_some_http://purl.obolibrary.org/obo/PATO_0000462>(GSAT_U1):-q86(GSAT_U1).
<http://purl.obolibrary.org/obo/BFO_0000053_some_http://purl.obolibrary.org/obo/PATO_0000462>(GSAT_U1):-q90(GSAT_U1).
<http://purl.obolibrary.org/obo/BFO_0000053_some_http://purl.obolibrary.org/obo/PATO_0000462>(GSAT_U1):-q92(GSAT_U1).
<http://purl.obolibrary.org/obo/BFO_0000053_some_http://purl.obolibrary.org/obo/PATO_0000462>(GSAT_U1):-q98(GSAT_U1).
<http://purl.obolibrary.org/obo/BFO_0000053_some_http://purl.obolibrary.org/obo/PATO_0000462>(GSAT_U1):-<http://purl.obolibrary.org/obo/BFO_0000053>(GSAT_U1,GSAT_U2),<http://purl.obolibrary.org/obo/PATO_0000462>(GSAT_U2).
<http://purl.obolibrary.org/obo/BFO_0000050_some_http://purl.obolibrary.org/obo/TAO_0002065>(GSAT_U1):-<http://purl.obolibrary.org/obo/BFO_0000050>(GSAT_U1,GSAT_U2),<http://purl.obolibrary.org/obo/TAO_0002065>(GSAT_U2).
<http://purl.obolibrary.org/obo/BFO_0000053_some_http://purl.obolibrary.org/obo/PATO_0000117>(GSAT_U1):-q35(GSAT_U1).
<http://purl.obolibrary.org/obo/BFO_0000053_some_http://purl.obolibrary.org/obo/PATO_0000117>(GSAT_U1):-<http://purl.obolibrary.org/obo/BFO_0000053>(GSAT_U1,GSAT_U2),<http://purl.obolibrary.org/obo/PATO_0000117>(GSAT_U2).
<http://purl.obolibrary.org/obo/BFO_0000050_some_http://purl.obolibrary.org/obo/TAO_0000438>(GSAT_U1):-<http://purl.obolibrary.org/obo/BFO_0000050>(GSAT_U1,GSAT_U2),<http://purl.obolibrary.org/obo/TAO_0000438>(GSAT_U2).
<http://purl.obolibrary.org/obo/BFO_0000050_some_http://purl.obolibrary.org/obo/TAO_0001795>(GSAT_U1):-<http://purl.obolibrary.org/obo/BFO_0000050>(GSAT_U1,GSAT_U2),<http://purl.obolibrary.org/obo/TAO_0001795>(GSAT_U2).
<http://purl.obolibrary.org/obo/BFO_0000050_some_http://purl.obolibrary.org/obo/TAO_0002051>(GSAT_U1):-<http://purl.obolibrary.org/obo/BFO_0000050>(GSAT_U1,GSAT_U2),<http://purl.obolibrary.org/obo/TAO_0002051>(GSAT_U2).
<http://purl.obolibrary.org/obo/BFO_0000050_some_http://purl.obolibrary.org/obo/TAO_0001560>(GSAT_U1):-<http://purl.obolibrary.org/obo/BFO_0000050>(GSAT_U1,GSAT_U2),<http://purl.obolibrary.org/obo/TAO_0001560>(GSAT_U2).
<http://purl.obolibrary.org/obo/BFO_0000050_some_http://purl.obolibrary.org/obo/BSPO_0000672>(GSAT_U1):-<http://purl.obolibrary.org/obo/BFO_0000050>(GSAT_U1,GSAT_U2),<http://purl.obolibrary.org/obo/BSPO_0000672>(GSAT_U2).
<http://purl.obolibrary.org/obo/BFO_0000050_some_http://purl.obolibrary.org/obo/TAO_0001606>(GSAT_U1):-<http://purl.obolibrary.org/obo/BFO_0000050>(GSAT_U1,GSAT_U2),<http://purl.obolibrary.org/obo/TAO_0001606>(GSAT_U2).
<http://purl.obolibrary.org/obo/BFO_0000050_some_http://purl.obolibrary.org/obo/BSPO_0000060>(GSAT_U1):-<http://purl.obolibrary.org/obo/BFO_0000050>(GSAT_U1,GSAT_U2),<http://purl.obolibrary.org/obo/BSPO_0000060>(GSAT_U2).
<http://purl.obolibrary.org/obo/BFO_0000050_some_http://purl.obolibrary.org/obo/TAO_0001547>(GSAT_U1):-<http://purl.obolibrary.org/obo/BFO_0000050>(GSAT_U1,GSAT_U2),<http://purl.obolibrary.org/obo/TAO_0001547>(GSAT_U2).
<http://purl.obolibrary.org/obo/BFO_0000050_some_http://purl.obolibrary.org/obo/TAO_0000557>(GSAT_U1):-q52(GSAT_U1).
<http://purl.obolibrary.org/obo/BFO_0000050_some_http://purl.obolibrary.org/obo/TAO_0000557>(GSAT_U1):-q55(GSAT_U1).
<http://purl.obolibrary.org/obo/BFO_0000050_some_http://purl.obolibrary.org/obo/TAO_0000557>(GSAT_U1):-q79(GSAT_U1).
<http://purl.obolibrary.org/obo/BFO_0000050_some_http://purl.obolibrary.org/obo/TAO_0000557>(GSAT_U1):-q89(GSAT_U1).
<http://purl.obolibrary.org/obo/BFO_0000050_some_http://purl.obolibrary.org/obo/TAO_0000557>(GSAT_U1):-<http://purl.obolibrary.org/obo/BFO_0000050>(GSAT_U1,GSAT_U2),<http://purl.obolibrary.org/obo/TAO_0000557>(GSAT_U2).
<http://purl.obolibrary.org/obo/BFO_0000050_some_http://purl.obolibrary.org/obo/TAO_0001607>(GSAT_U1):-<http://purl.obolibrary.org/obo/BFO_0000050>(GSAT_U1,GSAT_U2),<http://purl.obolibrary.org/obo/TAO_0001607>(GSAT_U2).
<http://purl.obolibrary.org/obo/BFO_0000050_some_http://purl.obolibrary.org/obo/TAO_0001633>(GSAT_U1):-<http://purl.obolibrary.org/obo/BFO_0000050>(GSAT_U1,GSAT_U2),<http://purl.obolibrary.org/obo/TAO_0001633>(GSAT_U2).
<http://purl.obolibrary.org/obo/BFO_0000050_some_http://purl.obolibrary.org/obo/TAO_0001805>(GSAT_U1):-<http://purl.obolibrary.org/obo/BFO_0000050>(GSAT_U1,GSAT_U2),<http://purl.obolibrary.org/obo/TAO_0001805>(GSAT_U2).
<http://purl.obolibrary.org/obo/BFO_0000053_some_http://purl.obolibrary.org/obo/PATO_0000467>(GSAT_U1):-q2(GSAT_U1).
<http://purl.obolibrary.org/obo/BFO_0000053_some_http://purl.obolibrary.org/obo/PATO_0000467>(GSAT_U1):-q12(GSAT_U1).
<http://purl.obolibrary.org/obo/BFO_0000053_some_http://purl.obolibrary.org/obo/PATO_0000467>(GSAT_U1):-q29(GSAT_U1).
<http://purl.obolibrary.org/obo/BFO_0000053_some_http://purl.obolibrary.org/obo/PATO_0000467>(GSAT_U1):-q40(GSAT_U1).
<http://purl.obolibrary.org/obo/BFO_0000053_some_http://purl.obolibrary.org/obo/PATO_0000467>(GSAT_U1):-q51(GSAT_U1).
<http://purl.obolibrary.org/obo/BFO_0000053_some_http://purl.obolibrary.org/obo/PATO_0000467>(GSAT_U1):-q54(GSAT_U1).
<http://purl.obolibrary.org/obo/BFO_0000053_some_http://purl.obolibrary.org/obo/PATO_0000467>(GSAT_U1):-q56(GSAT_U1).
<http://purl.obolibrary.org/obo/BFO_0000053_some_http://purl.obolibrary.org/obo/PATO_0000467>(GSAT_U1):-q59(GSAT_U1).
<http://purl.obolibrary.org/obo/BFO_0000053_some_http://purl.obolibrary.org/obo/PATO_0000467>(GSAT_U1):-q62(GSAT_U1).
<http://purl.obolibrary.org/obo/BFO_0000053_some_http://purl.obolibrary.org/obo/PATO_0000467>(GSAT_U1):-q85(GSAT_U1).
<http://purl.obolibrary.org/obo/BFO_0000053_some_http://purl.obolibrary.org/obo/PATO_0000467>(GSAT_U1):-q93(GSAT_U1).
<http://purl.obolibrary.org/obo/BFO_0000053_some_http://purl.obolibrary.org/obo/PATO_0000467>(GSAT_U1):-q95(GSAT_U1).
<http://purl.obolibrary.org/obo/BFO_0000053_some_http://purl.obolibrary.org/obo/PATO_0000467>(GSAT_U1):-q97(GSAT_U1).
<http://purl.obolibrary.org/obo/BFO_0000053_some_http://purl.obolibrary.org/obo/PATO_0000467>(GSAT_U1):-<http://purl.obolibrary.org/obo/BFO_0000053>(GSAT_U1,GSAT_U2),<http://purl.obolibrary.org/obo/PATO_0000467>(GSAT_U2).
<http://purl.obolibrary.org/obo/BFO_0000050_some_http://purl.obolibrary.org/obo/BSPO_0000686>(GSAT_U1):-q4(GSAT_U1).
<http://purl.obolibrary.org/obo/BFO_0000050_some_http://purl.obolibrary.org/obo/BSPO_0000686>(GSAT_U1):-q85(GSAT_U1).
<http://purl.obolibrary.org/obo/BFO_0000050_some_http://purl.obolibrary.org/obo/BSPO_0000686>(GSAT_U1):-<http://purl.obolibrary.org/obo/BFO_0000050>(GSAT_U1,GSAT_U2),<http://purl.obolibrary.org/obo/BSPO_0000686>(GSAT_U2).
<http://purl.obolibrary.org/obo/BFO_0000050_some_http://purl.obolibrary.org/obo/TAO_0001799>(GSAT_U1):-<http://purl.obolibrary.org/obo/BFO_0000050>(GSAT_U1,GSAT_U2),<http://purl.obolibrary.org/obo/TAO_0001799>(GSAT_U2).
<http://purl.obolibrary.org/obo/BFO_0000053_some_http://purl.obolibrary.org/obo/PATO_0000574>(GSAT_U1):-q55(GSAT_U1).
<http://purl.obolibrary.org/obo/BFO_0000053_some_http://purl.obolibrary.org/obo/PATO_0000574>(GSAT_U1):-q64(GSAT_U1).
<http://purl.obolibrary.org/obo/BFO_0000053_some_http://purl.obolibrary.org/obo/PATO_0000574>(GSAT_U1):-<http://purl.obolibrary.org/obo/BFO_0000053>(GSAT_U1,GSAT_U2),<http://purl.obolibrary.org/obo/PATO_0000574>(GSAT_U2).
<http://purl.obolibrary.org/obo/BFO_0000053_some_http://purl.obolibrary.org/obo/PATO_0000591>(GSAT_U1):-q39(GSAT_U1).
<http://purl.obolibrary.org/obo/BFO_0000053_some_http://purl.obolibrary.org/obo/PATO_0000591>(GSAT_U1):-q66(GSAT_U1).
<http://purl.obolibrary.org/obo/BFO_0000053_some_http://purl.obolibrary.org/obo/PATO_0000591>(GSAT_U1):-<http://purl.obolibrary.org/obo/BFO_0000053>(GSAT_U1,GSAT_U2),<http://purl.obolibrary.org/obo/PATO_0000591>(GSAT_U2).
<http://purl.obolibrary.org/obo/BFO_0000050_some_http://purl.obolibrary.org/obo/TAO_0001562>(GSAT_U1):-q44(GSAT_U1).
<http://purl.obolibrary.org/obo/BFO_0000050_some_http://purl.obolibrary.org/obo/TAO_0001562>(GSAT_U1):-q70(GSAT_U1).
<http://purl.obolibrary.org/obo/BFO_0000050_some_http://purl.obolibrary.org/obo/TAO_0001562>(GSAT_U1):-<http://purl.obolibrary.org/obo/BFO_0000050>(GSAT_U1,GSAT_U2),<http://purl.obolibrary.org/obo/TAO_0001562>(GSAT_U2).
<http://purl.obolibrary.org/obo/BFO_0000053_some_http://purl.obolibrary.org/obo/PATO_0000140>(GSAT_U1):-q7(GSAT_U1).
<http://purl.obolibrary.org/obo/BFO_0000053_some_http://purl.obolibrary.org/obo/PATO_0000140>(GSAT_U1):-q25(GSAT_U1).
<http://purl.obolibrary.org/obo/BFO_0000053_some_http://purl.obolibrary.org/obo/PATO_0000140>(GSAT_U1):-q44(GSAT_U1).
<http://purl.obolibrary.org/obo/BFO_0000053_some_http://purl.obolibrary.org/obo/PATO_0000140>(GSAT_U1):-<http://purl.obolibrary.org/obo/BFO_0000053>(GSAT_U1,GSAT_U2),<http://purl.obolibrary.org/obo/PATO_0000140>(GSAT_U2).
<http://purl.obolibrary.org/obo/BFO_0000053_some_http://purl.obolibrary.org/obo/PATO_0001633>(GSAT_U1):-q87(GSAT_U1).
<http://purl.obolibrary.org/obo/BFO_0000053_some_http://purl.obolibrary.org/obo/PATO_0001633>(GSAT_U1):-<http://purl.obolibrary.org/obo/BFO_0000053>(GSAT_U1,GSAT_U2),<http://purl.obolibrary.org/obo/PATO_0001633>(GSAT_U2).
<http://purl.obolibrary.org/obo/BFO_0000050_some_http://purl.obolibrary.org/obo/TAO_0001824>(GSAT_U1):-<http://purl.obolibrary.org/obo/BFO_0000050>(GSAT_U1,GSAT_U2),<http://purl.obolibrary.org/obo/TAO_0001824>(GSAT_U2).
<http://purl.obolibrary.org/obo/BFO_0000053_some_http://purl.obolibrary.org/obo/TAO_0000422>(GSAT_U1):-<http://purl.obolibrary.org/obo/BFO_0000053>(GSAT_U1,GSAT_U2),<http://purl.obolibrary.org/obo/TAO_0000422>(GSAT_U2).
<http://purl.obolibrary.org/obo/BFO_0000050_some_http://purl.obolibrary.org/obo/TAO_0001739>(GSAT_U1):-<http://purl.obolibrary.org/obo/BFO_0000050>(GSAT_U1,GSAT_U2),<http://purl.obolibrary.org/obo/TAO_0001739>(GSAT_U2).
<http://purl.obolibrary.org/obo/BFO_0000050_some_http://purl.obolibrary.org/obo/TAO_0000364>(GSAT_U1):-<http://purl.obolibrary.org/obo/BFO_0000050>(GSAT_U1,GSAT_U2),<http://purl.obolibrary.org/obo/TAO_0000364>(GSAT_U2).
<http://purl.obolibrary.org/obo/BFO_0000050_some_http://purl.obolibrary.org/obo/TAO_0000660>(GSAT_U1):-<http://purl.obolibrary.org/obo/BFO_0000050>(GSAT_U1,GSAT_U2),<http://purl.obolibrary.org/obo/TAO_0000660>(GSAT_U2).
<http://purl.obolibrary.org/obo/BFO_0000053_some_http://purl.obolibrary.org/obo/TAO_0000586>(GSAT_U1):-<http://purl.obolibrary.org/obo/BFO_0000053>(GSAT_U1,GSAT_U2),<http://purl.obolibrary.org/obo/TAO_0000586>(GSAT_U2).
<http://purl.obolibrary.org/obo/BFO_0000050_some_http://purl.obolibrary.org/obo/TAO_0001834>(GSAT_U1):-<http://purl.obolibrary.org/obo/BFO_0000050>(GSAT_U1,GSAT_U2),<http://purl.obolibrary.org/obo/TAO_0001834>(GSAT_U2).
<http://purl.obolibrary.org/obo/BFO_0000053_some_http://purl.obolibrary.org/obo/PATO_0001505>(GSAT_U1):-q32(GSAT_U1).
<http://purl.obolibrary.org/obo/BFO_0000053_some_http://purl.obolibrary.org/obo/PATO_0001505>(GSAT_U1):-q60(GSAT_U1).
<http://purl.obolibrary.org/obo/BFO_0000053_some_http://purl.obolibrary.org/obo/PATO_0001505>(GSAT_U1):-q65(GSAT_U1).
<http://purl.obolibrary.org/obo/BFO_0000053_some_http://purl.obolibrary.org/obo/PATO_0001505>(GSAT_U1):-q94(GSAT_U1).
<http://purl.obolibrary.org/obo/BFO_0000053_some_http://purl.obolibrary.org/obo/PATO_0001505>(GSAT_U1):-<http://purl.obolibrary.org/obo/BFO_0000053>(GSAT_U1,GSAT_U2),<http://purl.obolibrary.org/obo/PATO_0001505>(GSAT_U2).
<http://purl.obolibrary.org/obo/BFO_0000050_some_http://purl.obolibrary.org/obo/TAO_0000586>(GSAT_U1):-<http://purl.obolibrary.org/obo/BFO_0000050>(GSAT_U1,GSAT_U2),<http://purl.obolibrary.org/obo/TAO_0000586>(GSAT_U2).
<http://purl.obolibrary.org/obo/BFO_0000050_some_http://purl.obolibrary.org/obo/TAO_0000103>(GSAT_U1):-<http://purl.obolibrary.org/obo/BFO_0000050>(GSAT_U1,GSAT_U2),<http://purl.obolibrary.org/obo/TAO_0000103>(GSAT_U2).
<http://purl.obolibrary.org/obo/BFO_0000051>(GSAT_U1,GSAT_U2):-<http://purl.obolibrary.org/obo/RO_0002180>(GSAT_U1,GSAT_U2).
<http://purl.obolibrary.org/obo/BFO_0000051>(GSAT_U1,GSAT_U2):-<http://purl.obolibrary.org/obo/BFO_0000050>(GSAT_U2,GSAT_U1).
<http://purl.obolibrary.org/obo/BFO_0000050>(GSAT_U1,GSAT_U2):-<http://purl.obolibrary.org/obo/BFO_0000051>(GSAT_U2,GSAT_U1).
<http://purl.obolibrary.org/obo/BFO_0000053>(GSAT_U1,GSAT_U2):-<http://purl.obolibrary.org/obo/BFO_0000052>(GSAT_U2,GSAT_U1).
<http://purl.obolibrary.org/obo/BFO_0000052>(GSAT_U1,GSAT_U2):-<http://purl.obolibrary.org/obo/BFO_0000053>(GSAT_U2,GSAT_U1).
<http://purl.obolibrary.org/obo/TAO_0002051>(GSAT_U1):-q0(GSAT_U1).
<http://purl.obolibrary.org/obo/BFO_0000004>(GSAT_U1):-q0(GSAT_U1).
<http://purl.obolibrary.org/obo/BFO_0000003>(GSAT_U1):-<http://purl.obolibrary.org/obo/BFO_0000056>(GSAT_U2,GSAT_U1).
q1(GSAT_U1):-<http://purl.obolibrary.org/obo/BFO_0000050_some_http://purl.obolibrary.org/obo/TAO_0000561>(GSAT_U1).
<http://kb.phenoscape.org/uuid/207bc359-566b-454b-abc7-6374b4eb034e-114>(GSAT_U1):-<http://kb.phenoscape.org/uuid/207bc359-566b-454b-abc7-6374b4eb034e-109>(GSAT_U1).
q2(GSAT_U1):-<http://purl.obolibrary.org/obo/BFO_0000053_some_http://purl.obolibrary.org/obo/PATO_0000467>(GSAT_U1).
<http://purl.obolibrary.org/obo/BFO_0000004>(GSAT_U1):-q2(GSAT_U1).
q3(GSAT_U1):-<http://purl.obolibrary.org/obo/BFO_0000050_some_http://purl.obolibrary.org/obo/TAO_0001160>(GSAT_U1).
<http://purl.obolibrary.org/obo/BFO_0000001>(GSAT_U1):-<http://purl.obolibrary.org/obo/BFO_0000003>(GSAT_U1).
<http://purl.obolibrary.org/obo/BFO_0000004>(GSAT_U1):-<http://purl.obolibrary.org/obo/BFO_0000053_some_http://purl.obolibrary.org/obo/TAO_0000586>(GSAT_U1).
<http://purl.obolibrary.org/obo/TAO_0001834>(GSAT_U1):-q4(GSAT_U1).
<http://purl.obolibrary.org/obo/BFO_0000004>(GSAT_U1):-q4(GSAT_U1).
<http://purl.obolibrary.org/obo/BSPO_0000686>(GSAT_U1):-q5(GSAT_U1).
<http://purl.obolibrary.org/obo/GO_0016020>(GSAT_U1):-<http://purl.obolibrary.org/obo/GO_0042734>(GSAT_U1).
<http://kb.phenoscape.org/uuid/207bc359-566b-454b-abc7-6374b4eb034e-286>(GSAT_U1):-<http://kb.phenoscape.org/uuid/207bc359-566b-454b-abc7-6374b4eb034e-281>(GSAT_U1).
q6(GSAT_U1):-<http://purl.obolibrary.org/obo/BFO_0000053_some_http://purl.obolibrary.org/obo/PATO_0000462>(GSAT_U1).
<http://purl.obolibrary.org/obo/BFO_0000004>(GSAT_U1):-q6(GSAT_U1).
<http://purl.obolibrary.org/obo/TAO_0000486>(GSAT_U1):-q7(GSAT_U1).
<http://purl.obolibrary.org/obo/BFO_0000004>(GSAT_U1):-q7(GSAT_U1).
<http://purl.obolibrary.org/obo/PATO_0000140>(GSAT_U1):-q8(GSAT_U1).
<http://purl.obolibrary.org/obo/BSPO_0000060>(GSAT_U1):-q9(GSAT_U1).
<http://purl.obolibrary.org/obo/TAO_0001739>(GSAT_U1):-q10(GSAT_U1).
<http://purl.obolibrary.org/obo/BFO_0000004>(GSAT_U1):-q10(GSAT_U1).
<http://kb.phenoscape.org/uuid/207bc359-566b-454b-abc7-6374b4eb034e-349>(GSAT_U1):-<http://kb.phenoscape.org/uuid/207bc359-566b-454b-abc7-6374b4eb034e-342>(GSAT_U1).
q11(GSAT_U1):-<http://purl.obolibrary.org/obo/BFO_0000050_some_http://purl.obolibrary.org/obo/TAO_0000486>(GSAT_U1).
<http://purl.obolibrary.org/obo/TAO_0001606>(GSAT_U1):-q12(GSAT_U1).
<http://purl.obolibrary.org/obo/BFO_0000004>(GSAT_U1):-q12(GSAT_U1).
<http://purl.obolibrary.org/obo/BFO_0000004>(GSAT_U1):-<http://purl.obolibrary.org/obo/BFO_0000040>(GSAT_U1).
q13(GSAT_U1):-<http://kb.phenoscape.org/uuid/207bc359-566b-454b-abc7-6374b4eb034e-281>(GSAT_U1).
<http://purl.obolibrary.org/obo/TAO_0000364>(GSAT_U1):-q14(GSAT_U1).
<http://purl.obolibrary.org/obo/BFO_0000004>(GSAT_U1):-q14(GSAT_U1).
<http://purl.obolibrary.org/obo/CARO_0000006>(GSAT_U1):-<http://purl.obolibrary.org/obo/CARO_0000003>(GSAT_U1).
q15(GSAT_U1):-<http://purl.obolibrary.org/obo/BFO_0000053_some_http://purl.obolibrary.org/obo/PATO_0000070>(GSAT_U1).
<http://purl.obolibrary.org/obo/BFO_0000004>(GSAT_U1):-q15(GSAT_U1).
<http://kb.phenoscape.org/uuid/207bc359-566b-454b-abc7-6374b4eb034e-310>(GSAT_U1):-<http://kb.phenoscape.org/uuid/207bc359-566b-454b-abc7-6374b4eb034e-305>(GSAT_U1).
<http://purl.obolibrary.org/obo/TAO_0001547>(GSAT_U1):-q16(GSAT_U1).
<http://purl.obolibrary.org/obo/BFO_0000004>(GSAT_U1):-q16(GSAT_U1).
<http://purl.obolibrary.org/obo/TAO_0001795>(GSAT_U1):-q17(GSAT_U1).
<http://purl.obolibrary.org/obo/BFO_0000004>(GSAT_U1):-q17(GSAT_U1).
<http://purl.obolibrary.org/obo/BFO_0000004>(GSAT_U1):-<http://purl.obolibrary.org/obo/RO_0002202>(GSAT_U2,GSAT_U1).
<http://purl.obolibrary.org/obo/BFO_0000004>(GSAT_U1):-<http://purl.obolibrary.org/obo/RO_0002202>(GSAT_U1,GSAT_U2).
<http://purl.obolibrary.org/obo/CARO_0000003>(GSAT_U1):-<http://purl.obolibrary.org/obo/CARO_0010000>(GSAT_U1).
<http://purl.obolibrary.org/obo/TAO_0000438>(GSAT_U1):-q18(GSAT_U1).
<http://purl.obolibrary.org/obo/BFO_0000004>(GSAT_U1):-q18(GSAT_U1).
<http://purl.obolibrary.org/obo/PATO_0000642>(GSAT_U1):-q19(GSAT_U1).
q13(GSAT_U1):-<http://kb.phenoscape.org/uuid/207bc359-566b-454b-abc7-6374b4eb034e-286>(GSAT_U1).
<http://purl.obolibrary.org/obo/TAO_0001669>(GSAT_U1):-q20(GSAT_U1).
<http://purl.obolibrary.org/obo/BFO_0000004>(GSAT_U1):-q20(GSAT_U1).
<http://purl.obolibrary.org/obo/PATO_0000642>(GSAT_U1):-q21(GSAT_U1).
<http://purl.obolibrary.org/obo/GO_0043005>(GSAT_U1):-<http://purl.obolibrary.org/obo/GO_0030425>(GSAT_U1).
q22(GSAT_U1):-<http://kb.phenoscape.org/uuid/207bc359-566b-454b-abc7-6374b4eb034e-85>(GSAT_U1).
<http://purl.obolibrary.org/obo/TAO_0001630>(GSAT_U1):-q23(GSAT_U1).
<http://purl.obolibrary.org/obo/BFO_0000004>(GSAT_U1):-q23(GSAT_U1).
<http://purl.obolibrary.org/obo/PATO_0000141>(GSAT_U1):-q24(GSAT_U1).
<http://purl.obolibrary.org/obo/TAO_0000486>(GSAT_U1):-q25(GSAT_U1).
<http://purl.obolibrary.org/obo/BFO_0000004>(GSAT_U1):-q25(GSAT_U1).
<http://purl.obolibrary.org/obo/PATO_0000140>(GSAT_U1):-q26(GSAT_U1).
q27(GSAT_U1):-<http://purl.obolibrary.org/obo/BFO_0000053_some_http://purl.obolibrary.org/obo/PATO_0002124>(GSAT_U1).
<http://purl.obolibrary.org/obo/BFO_0000004>(GSAT_U1):-q27(GSAT_U1).
q28(GSAT_U1):-<http://purl.obolibrary.org/obo/BFO_0000050_some_http://purl.obolibrary.org/obo/TAO_0000672>(GSAT_U1).
<http://purl.obolibrary.org/obo/GO_0044464>(GSAT_U1):-<http://purl.obolibrary.org/obo/GO_0016020>(GSAT_U1).
<http://purl.obolibrary.org/obo/TAO_0001607>(GSAT_U1):-q29(GSAT_U1).
<http://purl.obolibrary.org/obo/BFO_0000004>(GSAT_U1):-q29(GSAT_U1).
<http://purl.obolibrary.org/obo/TAO_0001834>(GSAT_U1):-q30(GSAT_U1).
<http://purl.obolibrary.org/obo/BFO_0000004>(GSAT_U1):-q30(GSAT_U1).
<http://purl.obolibrary.org/obo/TAO_0001336>(GSAT_U1):-q31(GSAT_U1).
<http://purl.obolibrary.org/obo/TAO_0000438>(GSAT_U1):-q32(GSAT_U1).
<http://purl.obolibrary.org/obo/BFO_0000004>(GSAT_U1):-q32(GSAT_U1).
<http://purl.obolibrary.org/obo/PATO_0001505>(GSAT_U1):-q33(GSAT_U1).
<http://kb.phenoscape.org/uuid/207bc359-566b-454b-abc7-6374b4eb034e-243>(GSAT_U1):-<http://kb.phenoscape.org/uuid/207bc359-566b-454b-abc7-6374b4eb034e-237>(GSAT_U1).
q34(GSAT_U1):-<http://kb.phenoscape.org/uuid/207bc359-566b-454b-abc7-6374b4eb034e-237>(GSAT_U1).
<http://purl.obolibrary.org/obo/TAO_0002065>(GSAT_U1):-q35(GSAT_U1).
<http://purl.obolibrary.org/obo/BFO_0000004>(GSAT_U1):-q35(GSAT_U1).
<http://purl.obolibrary.org/obo/PATO_0000117>(GSAT_U1):-q36(GSAT_U1).
<http://purl.obolibrary.org/obo/BFO_0000004>(GSAT_U1):-<http://purl.obolibrary.org/obo/BFO_0000053_some_http://purl.obolibrary.org/obo/PATO_0000140>(GSAT_U1).
q37(GSAT_U1):-<http://kb.phenoscape.org/uuid/207bc359-566b-454b-abc7-6374b4eb034e-109>(GSAT_U1).
<http://purl.obolibrary.org/obo/TAO_0000103>(GSAT_U1):-q38(GSAT_U1).
<http://purl.obolibrary.org/obo/BFO_0000004>(GSAT_U1):-q38(GSAT_U1).
<http://purl.obolibrary.org/obo/GO_0043005>(GSAT_U1):-<http://purl.obolibrary.org/obo/GO_0030424>(GSAT_U1).
q39(GSAT_U1):-<http://purl.obolibrary.org/obo/BFO_0000053_some_http://purl.obolibrary.org/obo/PATO_0000591>(GSAT_U1).
<http://purl.obolibrary.org/obo/BFO_0000004>(GSAT_U1):-q39(GSAT_U1).
<http://purl.obolibrary.org/obo/BFO_0000002>(GSAT_U1):-<http://purl.obolibrary.org/obo/BFO_0000004>(GSAT_U1).
<http://purl.obolibrary.org/obo/TAO_0001834>(GSAT_U1):-q40(GSAT_U1).
<http://purl.obolibrary.org/obo/BFO_0000004>(GSAT_U1):-q40(GSAT_U1).
q37(GSAT_U1):-<http://kb.phenoscape.org/uuid/207bc359-566b-454b-abc7-6374b4eb034e-114>(GSAT_U1).
<http://purl.obolibrary.org/obo/TAO_0001606>(GSAT_U1):-q41(GSAT_U1).
<http://purl.obolibrary.org/obo/BFO_0000004>(GSAT_U1):-q41(GSAT_U1).
<http://purl.obolibrary.org/obo/TAO_0001607>(GSAT_U1):-q42(GSAT_U1).
<http://purl.obolibrary.org/obo/BFO_0000004>(GSAT_U1):-q42(GSAT_U1).
<http://purl.obolibrary.org/obo/BSPO_0000672>(GSAT_U1):-q44(GSAT_U1).
<http://purl.obolibrary.org/obo/BFO_0000004>(GSAT_U1):-q44(GSAT_U1).
<http://purl.obolibrary.org/obo/PATO_0000140>(GSAT_U1):-q45(GSAT_U1).
<http://purl.obolibrary.org/obo/TAO_0001625>(GSAT_U1):-q46(GSAT_U1).
<http://purl.obolibrary.org/obo/BFO_0000004>(GSAT_U1):-q46(GSAT_U1).
<http://purl.obolibrary.org/obo/BSPO_0000072>(GSAT_U1):-q47(GSAT_U1).
<http://purl.obolibrary.org/obo/CARO_0000003>(GSAT_U1):-<http://purl.obolibrary.org/obo/CARO_0000014>(GSAT_U1).
<http://kb.phenoscape.org/uuid/207bc359-566b-454b-abc7-6374b4eb034e-79>(GSAT_U1):-<http://kb.phenoscape.org/uuid/207bc359-566b-454b-abc7-6374b4eb034e-85>(GSAT_U1).
q48(GSAT_U1):-<http://purl.obolibrary.org/obo/BFO_0000053_some_http://purl.obolibrary.org/obo/PATO_0000141>(GSAT_U1).
<http://purl.obolibrary.org/obo/BFO_0000004>(GSAT_U1):-q48(GSAT_U1).
<http://purl.obolibrary.org/obo/BFO_0000004>(GSAT_U1):-<http://purl.obolibrary.org/obo/BFO_0000053_some_http://purl.obolibrary.org/obo/PATO_0000141>(GSAT_U1).
<http://kb.phenoscape.org/uuid/207bc359-566b-454b-abc7-6374b4eb034e-21>(GSAT_U1):-<http://kb.phenoscape.org/uuid/207bc359-566b-454b-abc7-6374b4eb034e-16>(GSAT_U1).
<http://kb.phenoscape.org/uuid/207bc359-566b-454b-abc7-6374b4eb034e-281>(GSAT_U1):-<http://kb.phenoscape.org/uuid/207bc359-566b-454b-abc7-6374b4eb034e-286>(GSAT_U1).
<http://kb.phenoscape.org/uuid/207bc359-566b-454b-abc7-6374b4eb034e-16>(GSAT_U1):-<http://kb.phenoscape.org/uuid/207bc359-566b-454b-abc7-6374b4eb034e-21>(GSAT_U1).
<http://kb.phenoscape.org/uuid/207bc359-566b-454b-abc7-6374b4eb034e-85>(GSAT_U1):-<http://kb.phenoscape.org/uuid/207bc359-566b-454b-abc7-6374b4eb034e-79>(GSAT_U1).
<http://purl.obolibrary.org/obo/TAO_0001669>(GSAT_U1):-q49(GSAT_U1).
<http://purl.obolibrary.org/obo/BFO_0000004>(GSAT_U1):-q49(GSAT_U1).
<http://purl.obolibrary.org/obo/PATO_0000642>(GSAT_U1):-q50(GSAT_U1).
<http://purl.obolibrary.org/obo/TAO_0001547>(GSAT_U1):-q51(GSAT_U1).
<http://purl.obolibrary.org/obo/BFO_0000004>(GSAT_U1):-q51(GSAT_U1).
<http://purl.obolibrary.org/obo/GO_0044464>(GSAT_U1):-<http://purl.obolibrary.org/obo/GO_0042995>(GSAT_U1).
<http://purl.obolibrary.org/obo/CARO_0000014>(GSAT_U1):-<http://purl.obolibrary.org/obo/GO_0044464>(GSAT_U1).
<http://purl.obolibrary.org/obo/TAO_0001336>(GSAT_U1):-q52(GSAT_U1).
<http://purl.obolibrary.org/obo/BFO_0000004>(GSAT_U1):-q52(GSAT_U1).
<http://kb.phenoscape.org/uuid/207bc359-566b-454b-abc7-6374b4eb034e-195>(GSAT_U1):-<http://kb.phenoscape.org/uuid/207bc359-566b-454b-abc7-6374b4eb034e-185>(GSAT_U1).
q53(GSAT_U1):-<http://purl.obolibrary.org/obo/BFO_0000053_some_http://purl.obolibrary.org/obo/PATO_0000410>(GSAT_U1).
<http://purl.obolibrary.org/obo/BFO_0000004>(GSAT_U1):-q53(GSAT_U1).
<http://purl.obolibrary.org/obo/CARO_0000014>(GSAT_U1):-<http://purl.obolibrary.org/obo/GO_0044456>(GSAT_U1).
<http://purl.obolibrary.org/obo/BFO_0000004>(GSAT_U1):-<http://purl.obolibrary.org/obo/BFO_0000053_some_http://purl.obolibrary.org/obo/PATO_0001961>(GSAT_U1).
<http://purl.obolibrary.org/obo/BFO_0000004>(GSAT_U1):-<http://purl.obolibrary.org/obo/BFO_0000053_some_http://purl.obolibrary.org/obo/TAO_0002065>(GSAT_U1).
<http://purl.obolibrary.org/obo/TAO_0001625>(GSAT_U1):-q54(GSAT_U1).
<http://purl.obolibrary.org/obo/BFO_0000004>(GSAT_U1):-q54(GSAT_U1).
<http://purl.obolibrary.org/obo/TAO_0001336>(GSAT_U1):-q55(GSAT_U1).
<http://purl.obolibrary.org/obo/BFO_0000004>(GSAT_U1):-q55(GSAT_U1).
<http://purl.obolibrary.org/obo/TAO_0001824>(GSAT_U1):-q56(GSAT_U1).
<http://purl.obolibrary.org/obo/BFO_0000004>(GSAT_U1):-q56(GSAT_U1).
<http://kb.phenoscape.org/uuid/207bc359-566b-454b-abc7-6374b4eb034e-342>(GSAT_U1):-<http://kb.phenoscape.org/uuid/207bc359-566b-454b-abc7-6374b4eb034e-349>(GSAT_U1).
<http://purl.obolibrary.org/obo/BFO_0000004>(GSAT_U1):-<http://purl.obolibrary.org/obo/BFO_0000052>(GSAT_U2,GSAT_U1).
q57(GSAT_U1):-<http://kb.phenoscape.org/uuid/207bc359-566b-454b-abc7-6374b4eb034e-185>(GSAT_U1).
<http://purl.obolibrary.org/obo/TAO_0001248>(GSAT_U1):-q58(GSAT_U1).
<http://purl.obolibrary.org/obo/BFO_0000004>(GSAT_U1):-q58(GSAT_U1).
<http://purl.obolibrary.org/obo/TAO_0001806>(GSAT_U1):-q59(GSAT_U1).
<http://purl.obolibrary.org/obo/BFO_0000004>(GSAT_U1):-q59(GSAT_U1).
<http://purl.obolibrary.org/obo/TAO_0001561>(GSAT_U1):-q60(GSAT_U1).
<http://purl.obolibrary.org/obo/BFO_0000004>(GSAT_U1):-q60(GSAT_U1).
<http://purl.obolibrary.org/obo/PATO_0001505>(GSAT_U1):-q61(GSAT_U1).
<http://purl.obolibrary.org/obo/BFO_0000004>(GSAT_U1):-<http://purl.obolibrary.org/obo/BFO_0000053_some_http://purl.obolibrary.org/obo/PATO_0000117>(GSAT_U1).
<http://purl.obolibrary.org/obo/TAO_0001807>(GSAT_U1):-q62(GSAT_U1).
<http://purl.obolibrary.org/obo/BFO_0000004>(GSAT_U1):-q62(GSAT_U1).
<http://purl.obolibrary.org/obo/TAO_0002064>(GSAT_U1):-q63(GSAT_U1).
<http://purl.obolibrary.org/obo/BFO_0000004>(GSAT_U1):-q63(GSAT_U1).
<http://purl.obolibrary.org/obo/BFO_0000004>(GSAT_U1):-<http://purl.obolibrary.org/obo/BFO_0000053_some_http://purl.obolibrary.org/obo/TAO_0000486>(GSAT_U1).
q64(GSAT_U1):-<http://purl.obolibrary.org/obo/BFO_0000053_some_http://purl.obolibrary.org/obo/PATO_0000574>(GSAT_U1).
<http://purl.obolibrary.org/obo/BFO_0000004>(GSAT_U1):-q64(GSAT_U1).
<http://purl.obolibrary.org/obo/TAO_0002064>(GSAT_U1):-q65(GSAT_U1).
<http://purl.obolibrary.org/obo/BFO_0000004>(GSAT_U1):-q65(GSAT_U1).
<http://purl.obolibrary.org/obo/BFO_0000004>(GSAT_U1):-<http://purl.obolibrary.org/obo/BFO_0000053_some_http://purl.obolibrary.org/obo/BSPO_0000060>(GSAT_U1).
<http://purl.obolibrary.org/obo/TAO_0001633>(GSAT_U1):-q66(GSAT_U1).
<http://purl.obolibrary.org/obo/BFO_0000004>(GSAT_U1):-q66(GSAT_U1).
q43(GSAT_U1):-<http://kb.phenoscape.org/uuid/207bc359-566b-454b-abc7-6374b4eb034e-342>(GSAT_U1).
q22(GSAT_U1):-<http://kb.phenoscape.org/uuid/207bc359-566b-454b-abc7-6374b4eb034e-79>(GSAT_U1).
<http://purl.obolibrary.org/obo/TAO_0001806>(GSAT_U1):-q67(GSAT_U1).
<http://purl.obolibrary.org/obo/BFO_0000004>(GSAT_U1):-q67(GSAT_U1).
<http://purl.obolibrary.org/obo/BFO_0000004>(GSAT_U1):-<http://purl.obolibrary.org/obo/ENVO_0002036>(GSAT_U1).
q68(GSAT_U1):-<http://kb.phenoscape.org/uuid/207bc359-566b-454b-abc7-6374b4eb034e-16>(GSAT_U1).
<http://purl.obolibrary.org/obo/TAO_0001799>(GSAT_U1):-q69(GSAT_U1).
<http://purl.obolibrary.org/obo/BFO_0000004>(GSAT_U1):-q69(GSAT_U1).
q70(GSAT_U1):-<http://purl.obolibrary.org/obo/BFO_0000050_some_http://purl.obolibrary.org/obo/TAO_0001562>(GSAT_U1).
<http://purl.obolibrary.org/obo/TAO_0001561>(GSAT_U1):-q71(GSAT_U1).
<http://purl.obolibrary.org/obo/BFO_0000004>(GSAT_U1):-q71(GSAT_U1).
<http://purl.obolibrary.org/obo/PATO_0000642>(GSAT_U1):-q72(GSAT_U1).
<http://purl.obolibrary.org/obo/BFO_0000004>(GSAT_U1):-<http://purl.obolibrary.org/obo/BFO_0000053_some_http://purl.obolibrary.org/obo/PATO_0000070>(GSAT_U1).
q73(GSAT_U1):-<http://purl.obolibrary.org/obo/BFO_0000053_some_http://purl.obolibrary.org/obo/PATO_0000592>(GSAT_U1).
<http://purl.obolibrary.org/obo/BFO_0000004>(GSAT_U1):-q73(GSAT_U1).
<http://purl.obolibrary.org/obo/CARO_0001000>(GSAT_U1):-<http://purl.obolibrary.org/obo/CARO_0001001>(GSAT_U1).
<http://purl.obolibrary.org/obo/BFO_0000004>(GSAT_U1):-<http://purl.obolibrary.org/obo/BFO_0000053_some_http://purl.obolibrary.org/obo/PATO_0001505>(GSAT_U1).
q68(GSAT_U1):-<http://kb.phenoscape.org/uuid/207bc359-566b-454b-abc7-6374b4eb034e-21>(GSAT_U1).
<http://purl.obolibrary.org/obo/BFO_0000040>(GSAT_U1):-<http://purl.obolibrary.org/obo/CARO_0000006>(GSAT_U1).
<http://purl.obolibrary.org/obo/BFO_0000004>(GSAT_U1):-<http://purl.obolibrary.org/obo/BFO_0000053_some_http://purl.obolibrary.org/obo/TAO_0000595>(GSAT_U1).
<http://purl.obolibrary.org/obo/TAO_0002064>(GSAT_U1):-q74(GSAT_U1).
<http://purl.obolibrary.org/obo/BFO_0000004>(GSAT_U1):-q74(GSAT_U1).
<http://purl.obolibrary.org/obo/PATO_0001961>(GSAT_U1):-q75(GSAT_U1).
<http://purl.obolibrary.org/obo/TAO_0001560>(GSAT_U1):-q76(GSAT_U1).
<http://purl.obolibrary.org/obo/BFO_0000004>(GSAT_U1):-q76(GSAT_U1).
<http://purl.obolibrary.org/obo/PATO_0001961>(GSAT_U1):-q77(GSAT_U1).
<http://purl.obolibrary.org/obo/TAO_0001633>(GSAT_U1):-q78(GSAT_U1).
<http://purl.obolibrary.org/obo/BFO_0000004>(GSAT_U1):-q78(GSAT_U1).
<http://purl.obolibrary.org/obo/CL_0000000>(GSAT_U1):-<http://purl.obolibrary.org/obo/CL_0000540>(GSAT_U1).
<http://purl.obolibrary.org/obo/BFO_0000004>(GSAT_U1):-q79(GSAT_U1).
<http://purl.obolibrary.org/obo/BFO_0000004>(GSAT_U1):-q80(GSAT_U1).
<http://purl.obolibrary.org/obo/BFO_0000004>(GSAT_U1):-q83(GSAT_U1).
<http://purl.obolibrary.org/obo/BFO_0000004>(GSAT_U1):-q84(GSAT_U1).
<http://purl.obolibrary.org/obo/BFO_0000004>(GSAT_U1):-q85(GSAT_U1).
<http://purl.obolibrary.org/obo/BFO_0000004>(GSAT_U1):-q86(GSAT_U1).
<http://purl.obolibrary.org/obo/BFO_0000004>(GSAT_U1):-<http://purl.obolibrary.org/obo/BFO_0000053_some_http://purl.obolibrary.org/obo/TAO_0000557>(GSAT_U1).
<http://purl.obolibrary.org/obo/BFO_0000004>(GSAT_U1):-q87(GSAT_U1).
<http://purl.obolibrary.org/obo/BFO_0000004>(GSAT_U1):-q90(GSAT_U1).
<http://purl.obolibrary.org/obo/BFO_0000004>(GSAT_U1):-q91(GSAT_U1).
<http://purl.obolibrary.org/obo/BFO_0000004>(GSAT_U1):-q92(GSAT_U1).
<http://purl.obolibrary.org/obo/BFO_0000004>(GSAT_U1):-q93(GSAT_U1).
<http://purl.obolibrary.org/obo/BFO_0000004>(GSAT_U1):-q94(GSAT_U1).
<http://purl.obolibrary.org/obo/BFO_0000004>(GSAT_U1):-q95(GSAT_U1).
<http://purl.obolibrary.org/obo/BFO_0000004>(GSAT_U1):-<http://purl.obolibrary.org/obo/BFO_0000053_some_http://purl.obolibrary.org/obo/PATO_0001633>(GSAT_U1).
<http://purl.obolibrary.org/obo/BFO_0000004>(GSAT_U1):-q96(GSAT_U1).
<http://purl.obolibrary.org/obo/BFO_0000004>(GSAT_U1):-q97(GSAT_U1).
<http://purl.obolibrary.org/obo/BFO_0000004>(GSAT_U1):-q98(GSAT_U1).
<http://purl.obolibrary.org/obo/BFO_0000004>(GSAT_U1):-q100(GSAT_U1).
<http://purl.obolibrary.org/obo/BFO_0000004>(GSAT_U1):-<http://purl.obolibrary.org/obo/BFO_0000053_some_http://purl.obolibrary.org/obo/TAO_0000422>(GSAT_U1).
<http://purl.obolibrary.org/obo/BFO_0000004>(GSAT_U1):-<http://purl.obolibrary.org/obo/BFO_0000053_some_http://purl.obolibrary.org/obo/TAO_0001561>(GSAT_U1).
<http://purl.obolibrary.org/obo/BFO_0000004>(GSAT_U1):-<http://purl.obolibrary.org/obo/BFO_0000053>(GSAT_U1,GSAT_U2).
<http://kb.phenoscape.org/uuid/207bc359-566b-454b-abc7-6374b4eb034e-185>(GSAT_U1):-<http://kb.phenoscape.org/uuid/207bc359-566b-454b-abc7-6374b4eb034e-195>(GSAT_U1).
<http://purl.obolibrary.org/obo/TAO_0001336>(GSAT_U1):-q79(GSAT_U1).
<http://purl.obolibrary.org/obo/TAO_0001630>(GSAT_U1):-q80(GSAT_U1).
<http://purl.obolibrary.org/obo/PATO_0000141>(GSAT_U1):-q81(GSAT_U1).
<http://purl.obolibrary.org/obo/BFO_0000004>(GSAT_U1):-<http://purl.obolibrary.org/obo/BFO_0000053_some_http://purl.obolibrary.org/obo/PATO_0000642>(GSAT_U1).
<http://purl.obolibrary.org/obo/TAO_0000660>(GSAT_U1):-q83(GSAT_U1).
<http://purl.obolibrary.org/obo/TAO_0001807>(GSAT_U1):-q84(GSAT_U1).
<http://purl.obolibrary.org/obo/TAO_0001834>(GSAT_U1):-q85(GSAT_U1).
<http://purl.obolibrary.org/obo/BFO_0000004>(GSAT_U1):-<http://purl.obolibrary.org/obo/BFO_0000056>(GSAT_U1,GSAT_U2).
q34(GSAT_U1):-<http://kb.phenoscape.org/uuid/207bc359-566b-454b-abc7-6374b4eb034e-243>(GSAT_U1).
<http://purl.obolibrary.org/obo/TAO_0001824>(GSAT_U1):-q86(GSAT_U1).
<http://purl.obolibrary.org/obo/TAO_0002064>(GSAT_U1):-q87(GSAT_U1).
<http://purl.obolibrary.org/obo/PATO_0001633>(GSAT_U1):-q88(GSAT_U1).
q89(GSAT_U1):-<http://purl.obolibrary.org/obo/BFO_0000050_some_http://purl.obolibrary.org/obo/TAO_0000557>(GSAT_U1).
<http://purl.obolibrary.org/obo/BFO_0000004>(GSAT_U1):-<http://purl.obolibrary.org/obo/BFO_0000053_some_http://purl.obolibrary.org/obo/PATO_0000574>(GSAT_U1).
<http://purl.obolibrary.org/obo/TAO_0001834>(GSAT_U1):-q90(GSAT_U1).
<http://kb.phenoscape.org/uuid/207bc359-566b-454b-abc7-6374b4eb034e-109>(GSAT_U1):-<http://kb.phenoscape.org/uuid/207bc359-566b-454b-abc7-6374b4eb034e-114>(GSAT_U1).
<http://purl.obolibrary.org/obo/TAO_0001633>(GSAT_U1):-q91(GSAT_U1).
<http://purl.obolibrary.org/obo/BFO_0000004>(GSAT_U1):-<http://purl.obolibrary.org/obo/BFO_0000053_some_http://purl.obolibrary.org/obo/PATO_0000591>(GSAT_U1).
<http://purl.obolibrary.org/obo/BFO_0000004>(GSAT_U1):-<http://purl.obolibrary.org/obo/BFO_0000053_some_http://purl.obolibrary.org/obo/PATO_0000462>(GSAT_U1).
<http://purl.obolibrary.org/obo/TAO_0001248>(GSAT_U1):-q92(GSAT_U1).
<http://purl.obolibrary.org/obo/GO_0044456>(GSAT_U1):-<http://purl.obolibrary.org/obo/GO_0045211>(GSAT_U1).
<http://purl.obolibrary.org/obo/GO_0042995>(GSAT_U1):-<http://purl.obolibrary.org/obo/GO_0043005>(GSAT_U1).
<http://purl.obolibrary.org/obo/TAO_0002051>(GSAT_U1):-q93(GSAT_U1).
<http://purl.obolibrary.org/obo/BFO_0000004>(GSAT_U1):-<http://purl.obolibrary.org/obo/BFO_0000053_some_http://purl.obolibrary.org/obo/PATO_0000592>(GSAT_U1).
<http://purl.obolibrary.org/obo/CARO_0000003>(GSAT_U1):-<http://purl.obolibrary.org/obo/CARO_0001000>(GSAT_U1).
<http://purl.obolibrary.org/obo/BFO_0000001>(GSAT_U1):-<http://purl.obolibrary.org/obo/BFO_0000002>(GSAT_U1).
<http://purl.obolibrary.org/obo/TAO_0001560>(GSAT_U1):-q94(GSAT_U1).
<http://purl.obolibrary.org/obo/TAO_0001795>(GSAT_U1):-q95(GSAT_U1).
<http://purl.obolibrary.org/obo/GO_0016020>(GSAT_U1):-<http://purl.obolibrary.org/obo/GO_0045211>(GSAT_U1).
<http://purl.obolibrary.org/obo/CARO_0000014>(GSAT_U1):-<http://purl.obolibrary.org/obo/GO_0045202>(GSAT_U1).
<http://purl.obolibrary.org/obo/GO_0044456>(GSAT_U1):-<http://purl.obolibrary.org/obo/GO_0042734>(GSAT_U1).
q96(GSAT_U1):-<http://purl.obolibrary.org/obo/BFO_0000053_some_http://purl.obolibrary.org/obo/PATO_0000573>(GSAT_U1).
<http://purl.obolibrary.org/obo/TAO_0001739>(GSAT_U1):-q97(GSAT_U1).
<http://purl.obolibrary.org/obo/TAO_0001834>(GSAT_U1):-q98(GSAT_U1).
<http://purl.obolibrary.org/obo/BFO_0000003>(GSAT_U1):-<http://purl.obolibrary.org/obo/BFO_0000007>(GSAT_U1).
q99(GSAT_U1):-<http://purl.obolibrary.org/obo/BFO_0000050_some_http://purl.obolibrary.org/obo/TAO_0000734>(GSAT_U1).
q57(GSAT_U1):-<http://kb.phenoscape.org/uuid/207bc359-566b-454b-abc7-6374b4eb034e-195>(GSAT_U1).
<http://purl.obolibrary.org/obo/TAO_0001834>(GSAT_U1):-q100(GSAT_U1).
q82(GSAT_U1):-<http://kb.phenoscape.org/uuid/207bc359-566b-454b-abc7-6374b4eb034e-305>(GSAT_U1).
<http://purl.obolibrary.org/obo/BFO_0000004>(GSAT_U1):-<http://purl.obolibrary.org/obo/BFO_0000053_some_http://purl.obolibrary.org/obo/TAO_0001805>(GSAT_U1).
<http://kb.phenoscape.org/uuid/207bc359-566b-454b-abc7-6374b4eb034e-305>(GSAT_U1):-<http://kb.phenoscape.org/uuid/207bc359-566b-454b-abc7-6374b4eb034e-310>(GSAT_U1).
<http://purl.obolibrary.org/obo/CARO_0000003>(GSAT_U1):-<http://purl.obolibrary.org/obo/CL_0000000>(GSAT_U1).
<http://purl.obolibrary.org/obo/BFO_0000004>(GSAT_U1):-<http://purl.obolibrary.org/obo/BFO_0000053_some_http://purl.obolibrary.org/obo/PATO_0000467>(GSAT_U1).
<http://purl.obolibrary.org/obo/BFO_0000004>(GSAT_U1):-<http://purl.obolibrary.org/obo/RO_0002150>(GSAT_U2,GSAT_U1).
<http://purl.obolibrary.org/obo/BFO_0000004>(GSAT_U1):-<http://purl.obolibrary.org/obo/RO_0002150>(GSAT_U1,GSAT_U2).
<http://kb.phenoscape.org/uuid/207bc359-566b-454b-abc7-6374b4eb034e-237>(GSAT_U1):-<http://kb.phenoscape.org/uuid/207bc359-566b-454b-abc7-6374b4eb034e-243>(GSAT_U1).
====================
