Starting the KAON2 Executor (from OWL)...
KAON2 Start
Started..
Initial axioms in the ontology: 532
Completed!
Finished!
KAON2 End; # rules: 776
KAON2 total time : 1839 ms = 1.84 s
Full TGD saturation: (776 dependecies)

====================
May 11, 2021 11:57:26 PM uk.ac.ox.cs.gsat.Configuration initialize
WARNING: Could not open configuration file.
May 11, 2021 11:57:26 PM uk.ac.ox.cs.gsat.Configuration initialize
WARNING: java.io.FileNotFoundException: config.properties (No such file or directory)
May 11, 2021 11:57:26 PM uk.ac.ox.cs.gsat.Configuration initialize
WARNING: Falling back to defaults.
May 11, 2021 11:57:26 PM uk.ac.ox.cs.gsat.Configuration initialize
WARNING: Could not open configuration file.
May 11, 2021 11:57:26 PM uk.ac.ox.cs.gsat.Configuration initialize
WARNING: java.io.FileNotFoundException: config.properties (No such file or directory)
May 11, 2021 11:57:26 PM uk.ac.ox.cs.gsat.Configuration initialize
WARNING: Falling back to defaults.
<http://purl.obolibrary.org/obo/BFO_0000050_some_http://purl.obolibrary.org/obo/TAO_0000623>(GSAT_U1):-q62(GSAT_U1).
<http://purl.obolibrary.org/obo/BFO_0000050_some_http://purl.obolibrary.org/obo/TAO_0000623>(GSAT_U1):-q168(GSAT_U1).
<http://purl.obolibrary.org/obo/BFO_0000050_some_http://purl.obolibrary.org/obo/TAO_0000623>(GSAT_U1):-<http://purl.obolibrary.org/obo/BFO_0000050>(GSAT_U1,GSAT_U2),<http://purl.obolibrary.org/obo/TAO_0000623>(GSAT_U2).
<http://purl.obolibrary.org/obo/BFO_0000050_some_http://purl.obolibrary.org/obo/TAO_0002070>(GSAT_U1):-<http://purl.obolibrary.org/obo/BFO_0000050>(GSAT_U1,GSAT_U2),<http://purl.obolibrary.org/obo/TAO_0002070>(GSAT_U2).
<http://purl.obolibrary.org/obo/BFO_0000050_some_http://purl.obolibrary.org/obo/TAO_0000264>(GSAT_U1):-q14(GSAT_U1).
<http://purl.obolibrary.org/obo/BFO_0000050_some_http://purl.obolibrary.org/obo/TAO_0000264>(GSAT_U1):-q105(GSAT_U1).
<http://purl.obolibrary.org/obo/BFO_0000050_some_http://purl.obolibrary.org/obo/TAO_0000264>(GSAT_U1):-<http://purl.obolibrary.org/obo/BFO_0000050>(GSAT_U1,GSAT_U2),<http://purl.obolibrary.org/obo/TAO_0000264>(GSAT_U2).
<http://purl.obolibrary.org/obo/BFO_0000050_some_http://purl.obolibrary.org/obo/TAO_0000672>(GSAT_U1):-q69(GSAT_U1).
<http://purl.obolibrary.org/obo/BFO_0000050_some_http://purl.obolibrary.org/obo/TAO_0000672>(GSAT_U1):-q83(GSAT_U1).
<http://purl.obolibrary.org/obo/BFO_0000050_some_http://purl.obolibrary.org/obo/TAO_0000672>(GSAT_U1):-q126(GSAT_U1).
<http://purl.obolibrary.org/obo/BFO_0000050_some_http://purl.obolibrary.org/obo/TAO_0000672>(GSAT_U1):-q167(GSAT_U1).
<http://purl.obolibrary.org/obo/BFO_0000050_some_http://purl.obolibrary.org/obo/TAO_0000672>(GSAT_U1):-q186(GSAT_U1).
<http://purl.obolibrary.org/obo/BFO_0000050_some_http://purl.obolibrary.org/obo/TAO_0000672>(GSAT_U1):-<http://purl.obolibrary.org/obo/BFO_0000050>(GSAT_U1,GSAT_U2),<http://purl.obolibrary.org/obo/TAO_0000672>(GSAT_U2).
<http://purl.obolibrary.org/obo/BFO_0000053_some_http://purl.obolibrary.org/obo/TAO_0000368>(GSAT_U1):-<http://purl.obolibrary.org/obo/BFO_0000053>(GSAT_U1,GSAT_U2),<http://purl.obolibrary.org/obo/TAO_0000368>(GSAT_U2).
<http://purl.obolibrary.org/obo/BFO_0000050_some_http://purl.obolibrary.org/obo/TAO_0002038>(GSAT_U1):-<http://purl.obolibrary.org/obo/BFO_0000050>(GSAT_U1,GSAT_U2),<http://purl.obolibrary.org/obo/TAO_0002038>(GSAT_U2).
<http://purl.obolibrary.org/obo/BFO_0000053_some_http://purl.obolibrary.org/obo/PATO_0001875>(GSAT_U1):-q89(GSAT_U1).
<http://purl.obolibrary.org/obo/BFO_0000053_some_http://purl.obolibrary.org/obo/PATO_0001875>(GSAT_U1):-q140(GSAT_U1).
<http://purl.obolibrary.org/obo/BFO_0000053_some_http://purl.obolibrary.org/obo/PATO_0001875>(GSAT_U1):-<http://purl.obolibrary.org/obo/BFO_0000053>(GSAT_U1,GSAT_U2),<http://purl.obolibrary.org/obo/PATO_0001875>(GSAT_U2).
<http://purl.obolibrary.org/obo/BFO_0000050_some_http://purl.obolibrary.org/obo/TAO_0002074>(GSAT_U1):-<http://purl.obolibrary.org/obo/BFO_0000050>(GSAT_U1,GSAT_U2),<http://purl.obolibrary.org/obo/TAO_0002074>(GSAT_U2).
<http://purl.obolibrary.org/obo/BFO_0000053_some_http://purl.obolibrary.org/obo/TAO_0001968>(GSAT_U1):-<http://purl.obolibrary.org/obo/BFO_0000053>(GSAT_U1,GSAT_U2),<http://purl.obolibrary.org/obo/TAO_0001968>(GSAT_U2).
<http://purl.obolibrary.org/obo/BFO_0000050_some_http://purl.obolibrary.org/obo/TAO_0000332>(GSAT_U1):-q8(GSAT_U1).
<http://purl.obolibrary.org/obo/BFO_0000050_some_http://purl.obolibrary.org/obo/TAO_0000332>(GSAT_U1):-q17(GSAT_U1).
<http://purl.obolibrary.org/obo/BFO_0000050_some_http://purl.obolibrary.org/obo/TAO_0000332>(GSAT_U1):-<http://purl.obolibrary.org/obo/BFO_0000050>(GSAT_U1,GSAT_U2),<http://purl.obolibrary.org/obo/TAO_0000332>(GSAT_U2).
<http://purl.obolibrary.org/obo/BFO_0000053_some_http://purl.obolibrary.org/obo/TAO_0000627>(GSAT_U1):-<http://purl.obolibrary.org/obo/BFO_0000053>(GSAT_U1,GSAT_U2),<http://purl.obolibrary.org/obo/TAO_0000627>(GSAT_U2).
<http://purl.obolibrary.org/obo/BFO_0000053_some_http://purl.obolibrary.org/obo/PATO_0000462>(GSAT_U1):-q10(GSAT_U1).
<http://purl.obolibrary.org/obo/BFO_0000053_some_http://purl.obolibrary.org/obo/PATO_0000462>(GSAT_U1):-q16(GSAT_U1).
<http://purl.obolibrary.org/obo/BFO_0000053_some_http://purl.obolibrary.org/obo/PATO_0000462>(GSAT_U1):-q18(GSAT_U1).
<http://purl.obolibrary.org/obo/BFO_0000053_some_http://purl.obolibrary.org/obo/PATO_0000462>(GSAT_U1):-q20(GSAT_U1).
<http://purl.obolibrary.org/obo/BFO_0000053_some_http://purl.obolibrary.org/obo/PATO_0000462>(GSAT_U1):-q65(GSAT_U1).
<http://purl.obolibrary.org/obo/BFO_0000053_some_http://purl.obolibrary.org/obo/PATO_0000462>(GSAT_U1):-q76(GSAT_U1).
<http://purl.obolibrary.org/obo/BFO_0000053_some_http://purl.obolibrary.org/obo/PATO_0000462>(GSAT_U1):-q84(GSAT_U1).
<http://purl.obolibrary.org/obo/BFO_0000053_some_http://purl.obolibrary.org/obo/PATO_0000462>(GSAT_U1):-q95(GSAT_U1).
<http://purl.obolibrary.org/obo/BFO_0000053_some_http://purl.obolibrary.org/obo/PATO_0000462>(GSAT_U1):-q127(GSAT_U1).
<http://purl.obolibrary.org/obo/BFO_0000053_some_http://purl.obolibrary.org/obo/PATO_0000462>(GSAT_U1):-q148(GSAT_U1).
<http://purl.obolibrary.org/obo/BFO_0000053_some_http://purl.obolibrary.org/obo/PATO_0000462>(GSAT_U1):-q150(GSAT_U1).
<http://purl.obolibrary.org/obo/BFO_0000053_some_http://purl.obolibrary.org/obo/PATO_0000462>(GSAT_U1):-q169(GSAT_U1).
<http://purl.obolibrary.org/obo/BFO_0000053_some_http://purl.obolibrary.org/obo/PATO_0000462>(GSAT_U1):-q189(GSAT_U1).
<http://purl.obolibrary.org/obo/BFO_0000053_some_http://purl.obolibrary.org/obo/PATO_0000462>(GSAT_U1):-<http://purl.obolibrary.org/obo/BFO_0000053>(GSAT_U1,GSAT_U2),<http://purl.obolibrary.org/obo/PATO_0000462>(GSAT_U2).
<http://purl.obolibrary.org/obo/BFO_0000050_some_http://purl.obolibrary.org/obo/TAO_0001753>(GSAT_U1):-<http://purl.obolibrary.org/obo/BFO_0000050>(GSAT_U1,GSAT_U2),<http://purl.obolibrary.org/obo/TAO_0001753>(GSAT_U2).
<http://purl.obolibrary.org/obo/BFO_0000050_some_http://purl.obolibrary.org/obo/BSPO_0000080>(GSAT_U1):-<http://purl.obolibrary.org/obo/BFO_0000050>(GSAT_U1,GSAT_U2),<http://purl.obolibrary.org/obo/BSPO_0000080>(GSAT_U2).
<http://purl.obolibrary.org/obo/BFO_0000050_some_http://purl.obolibrary.org/obo/TAO_0000500>(GSAT_U1):-<http://purl.obolibrary.org/obo/BFO_0000050>(GSAT_U1,GSAT_U2),<http://purl.obolibrary.org/obo/TAO_0000500>(GSAT_U2).
<http://purl.obolibrary.org/obo/BFO_0000050_some_http://purl.obolibrary.org/obo/BSPO_0000680>(GSAT_U1):-<http://purl.obolibrary.org/obo/BFO_0000050>(GSAT_U1,GSAT_U2),<http://purl.obolibrary.org/obo/BSPO_0000680>(GSAT_U2).
<http://purl.obolibrary.org/obo/BFO_0000053_some_http://purl.obolibrary.org/obo/PATO_0001937>(GSAT_U1):-q90(GSAT_U1).
<http://purl.obolibrary.org/obo/BFO_0000053_some_http://purl.obolibrary.org/obo/PATO_0001937>(GSAT_U1):-q174(GSAT_U1).
<http://purl.obolibrary.org/obo/BFO_0000053_some_http://purl.obolibrary.org/obo/PATO_0001937>(GSAT_U1):-<http://purl.obolibrary.org/obo/BFO_0000053>(GSAT_U1,GSAT_U2),<http://purl.obolibrary.org/obo/PATO_0001937>(GSAT_U2).
<http://purl.obolibrary.org/obo/BFO_0000053_some_http://purl.obolibrary.org/obo/PATO_0001977>(GSAT_U1):-q92(GSAT_U1).
<http://purl.obolibrary.org/obo/BFO_0000053_some_http://purl.obolibrary.org/obo/PATO_0001977>(GSAT_U1):-q184(GSAT_U1).
<http://purl.obolibrary.org/obo/BFO_0000053_some_http://purl.obolibrary.org/obo/PATO_0001977>(GSAT_U1):-<http://purl.obolibrary.org/obo/BFO_0000053>(GSAT_U1,GSAT_U2),<http://purl.obolibrary.org/obo/PATO_0001977>(GSAT_U2).
<http://purl.obolibrary.org/obo/BFO_0000050_some_http://purl.obolibrary.org/obo/BSPO_0000072>(GSAT_U1):-q16(GSAT_U1).
<http://purl.obolibrary.org/obo/BFO_0000050_some_http://purl.obolibrary.org/obo/BSPO_0000072>(GSAT_U1):-q164(GSAT_U1).
<http://purl.obolibrary.org/obo/BFO_0000050_some_http://purl.obolibrary.org/obo/BSPO_0000072>(GSAT_U1):-<http://purl.obolibrary.org/obo/BFO_0000050>(GSAT_U1,GSAT_U2),<http://purl.obolibrary.org/obo/BSPO_0000072>(GSAT_U2).
<http://purl.obolibrary.org/obo/BFO_0000050_some_http://purl.obolibrary.org/obo/TAO_0000047>(GSAT_U1):-<http://purl.obolibrary.org/obo/BFO_0000050>(GSAT_U1,GSAT_U2),<http://purl.obolibrary.org/obo/TAO_0000047>(GSAT_U2).
<http://purl.obolibrary.org/obo/BFO_0000053_some_http://purl.obolibrary.org/obo/PATO_0001505>(GSAT_U1):-q63(GSAT_U1).
<http://purl.obolibrary.org/obo/BFO_0000053_some_http://purl.obolibrary.org/obo/PATO_0001505>(GSAT_U1):-q137(GSAT_U1).
<http://purl.obolibrary.org/obo/BFO_0000053_some_http://purl.obolibrary.org/obo/PATO_0001505>(GSAT_U1):-<http://purl.obolibrary.org/obo/BFO_0000053>(GSAT_U1,GSAT_U2),<http://purl.obolibrary.org/obo/PATO_0001505>(GSAT_U2).
<http://purl.obolibrary.org/obo/BFO_0000053_some_http://purl.obolibrary.org/obo/TAO_0001783>(GSAT_U1):-<http://purl.obolibrary.org/obo/BFO_0000053>(GSAT_U1,GSAT_U2),<http://purl.obolibrary.org/obo/TAO_0001783>(GSAT_U2).
<http://purl.obolibrary.org/obo/BFO_0000050_some_http://purl.obolibrary.org/obo/TAO_0001546>(GSAT_U1):-<http://purl.obolibrary.org/obo/BFO_0000050>(GSAT_U1,GSAT_U2),<http://purl.obolibrary.org/obo/TAO_0001546>(GSAT_U2).
<http://purl.obolibrary.org/obo/BFO_0000050_some_http://purl.obolibrary.org/obo/TAO_0001736>(GSAT_U1):-<http://purl.obolibrary.org/obo/BFO_0000050>(GSAT_U1,GSAT_U2),<http://purl.obolibrary.org/obo/TAO_0001736>(GSAT_U2).
<http://purl.obolibrary.org/obo/BFO_0000050_some_http://purl.obolibrary.org/obo/TAO_0002011>(GSAT_U1):-<http://purl.obolibrary.org/obo/BFO_0000050>(GSAT_U1,GSAT_U2),<http://purl.obolibrary.org/obo/TAO_0002011>(GSAT_U2).
<http://purl.obolibrary.org/obo/BFO_0000050_some_http://purl.obolibrary.org/obo/BSPO_0000026>(GSAT_U1):-<http://purl.obolibrary.org/obo/BFO_0000050>(GSAT_U1,GSAT_U2),<http://purl.obolibrary.org/obo/BSPO_0000026>(GSAT_U2).
<http://purl.obolibrary.org/obo/BFO_0000050_some_http://purl.obolibrary.org/obo/TAO_0000223>(GSAT_U1):-<http://purl.obolibrary.org/obo/BFO_0000050>(GSAT_U1,GSAT_U2),<http://purl.obolibrary.org/obo/TAO_0000223>(GSAT_U2).
<http://purl.obolibrary.org/obo/BFO_0000050_some_http://purl.obolibrary.org/obo/TAO_0001917>(GSAT_U1):-<http://purl.obolibrary.org/obo/BFO_0000050>(GSAT_U1,GSAT_U2),<http://purl.obolibrary.org/obo/TAO_0001917>(GSAT_U2).
<http://purl.obolibrary.org/obo/BFO_0000050_some_http://purl.obolibrary.org/obo/TAO_0001787>(GSAT_U1):-<http://purl.obolibrary.org/obo/BFO_0000050>(GSAT_U1,GSAT_U2),<http://purl.obolibrary.org/obo/TAO_0001787>(GSAT_U2).
<http://purl.obolibrary.org/obo/BFO_0000050_some_http://purl.obolibrary.org/obo/TAO_0001752>(GSAT_U1):-<http://purl.obolibrary.org/obo/BFO_0000050>(GSAT_U1,GSAT_U2),<http://purl.obolibrary.org/obo/TAO_0001752>(GSAT_U2).
<http://purl.obolibrary.org/obo/BFO_0000050_some_http://purl.obolibrary.org/obo/TAO_0001789>(GSAT_U1):-<http://purl.obolibrary.org/obo/BFO_0000050>(GSAT_U1,GSAT_U2),<http://purl.obolibrary.org/obo/TAO_0001789>(GSAT_U2).
<http://purl.obolibrary.org/obo/BFO_0000053_some_http://purl.obolibrary.org/obo/TAO_0002070>(GSAT_U1):-<http://purl.obolibrary.org/obo/BFO_0000053>(GSAT_U1,GSAT_U2),<http://purl.obolibrary.org/obo/TAO_0002070>(GSAT_U2).
<http://purl.obolibrary.org/obo/BFO_0000053_some_http://purl.obolibrary.org/obo/PATO_0000586>(GSAT_U1):-q69(GSAT_U1).
<http://purl.obolibrary.org/obo/BFO_0000053_some_http://purl.obolibrary.org/obo/PATO_0000586>(GSAT_U1):-q180(GSAT_U1).
<http://purl.obolibrary.org/obo/BFO_0000053_some_http://purl.obolibrary.org/obo/PATO_0000586>(GSAT_U1):-<http://purl.obolibrary.org/obo/BFO_0000053>(GSAT_U1,GSAT_U2),<http://purl.obolibrary.org/obo/PATO_0000586>(GSAT_U2).
<http://purl.obolibrary.org/obo/BFO_0000053_some_http://purl.obolibrary.org/obo/PATO_0000599>(GSAT_U1):-q19(GSAT_U1).
<http://purl.obolibrary.org/obo/BFO_0000053_some_http://purl.obolibrary.org/obo/PATO_0000599>(GSAT_U1):-q128(GSAT_U1).
<http://purl.obolibrary.org/obo/BFO_0000053_some_http://purl.obolibrary.org/obo/PATO_0000599>(GSAT_U1):-q153(GSAT_U1).
<http://purl.obolibrary.org/obo/BFO_0000053_some_http://purl.obolibrary.org/obo/PATO_0000599>(GSAT_U1):-q177(GSAT_U1).
<http://purl.obolibrary.org/obo/BFO_0000053_some_http://purl.obolibrary.org/obo/PATO_0000599>(GSAT_U1):-<http://purl.obolibrary.org/obo/BFO_0000053>(GSAT_U1,GSAT_U2),<http://purl.obolibrary.org/obo/PATO_0000599>(GSAT_U2).
<http://purl.obolibrary.org/obo/BFO_0000050_some_http://purl.obolibrary.org/obo/TAO_0002075>(GSAT_U1):-<http://purl.obolibrary.org/obo/BFO_0000050>(GSAT_U1,GSAT_U2),<http://purl.obolibrary.org/obo/TAO_0002075>(GSAT_U2).
<http://purl.obolibrary.org/obo/BFO_0000050_some_http://purl.obolibrary.org/obo/TAO_0000674>(GSAT_U1):-q51(GSAT_U1).
<http://purl.obolibrary.org/obo/BFO_0000050_some_http://purl.obolibrary.org/obo/TAO_0000674>(GSAT_U1):-q97(GSAT_U1).
<http://purl.obolibrary.org/obo/BFO_0000050_some_http://purl.obolibrary.org/obo/TAO_0000674>(GSAT_U1):-q173(GSAT_U1).
<http://purl.obolibrary.org/obo/BFO_0000050_some_http://purl.obolibrary.org/obo/TAO_0000674>(GSAT_U1):-<http://purl.obolibrary.org/obo/BFO_0000050>(GSAT_U1,GSAT_U2),<http://purl.obolibrary.org/obo/TAO_0000674>(GSAT_U2).
<http://purl.obolibrary.org/obo/BFO_0000050_some_http://purl.obolibrary.org/obo/TAO_0001604>(GSAT_U1):-q49(GSAT_U1).
<http://purl.obolibrary.org/obo/BFO_0000050_some_http://purl.obolibrary.org/obo/TAO_0001604>(GSAT_U1):-q77(GSAT_U1).
<http://purl.obolibrary.org/obo/BFO_0000050_some_http://purl.obolibrary.org/obo/TAO_0001604>(GSAT_U1):-<http://purl.obolibrary.org/obo/BFO_0000050>(GSAT_U1,GSAT_U2),<http://purl.obolibrary.org/obo/TAO_0001604>(GSAT_U2).
<http://purl.obolibrary.org/obo/BFO_0000050_some_http://purl.obolibrary.org/obo/TAO_0000368>(GSAT_U1):-<http://purl.obolibrary.org/obo/BFO_0000050>(GSAT_U1,GSAT_U2),<http://purl.obolibrary.org/obo/TAO_0000368>(GSAT_U2).
<http://purl.obolibrary.org/obo/BFO_0000050_some_http://purl.obolibrary.org/obo/TAO_0001683>(GSAT_U1):-<http://purl.obolibrary.org/obo/BFO_0000050>(GSAT_U1,GSAT_U2),<http://purl.obolibrary.org/obo/TAO_0001683>(GSAT_U2).
<http://purl.obolibrary.org/obo/BFO_0000050_some_http://purl.obolibrary.org/obo/TAO_0000578>(GSAT_U1):-<http://purl.obolibrary.org/obo/BFO_0000050>(GSAT_U1,GSAT_U2),<http://purl.obolibrary.org/obo/TAO_0000578>(GSAT_U2).
<http://purl.obolibrary.org/obo/BFO_0000053_some_http://purl.obolibrary.org/obo/PATO_0000375>(GSAT_U1):-q154(GSAT_U1).
<http://purl.obolibrary.org/obo/BFO_0000053_some_http://purl.obolibrary.org/obo/PATO_0000375>(GSAT_U1):-<http://purl.obolibrary.org/obo/BFO_0000053>(GSAT_U1,GSAT_U2),<http://purl.obolibrary.org/obo/PATO_0000375>(GSAT_U2).
<http://purl.obolibrary.org/obo/BFO_0000053_some_http://purl.obolibrary.org/obo/PATO_0000140>(GSAT_U1):-q40(GSAT_U1).
<http://purl.obolibrary.org/obo/BFO_0000053_some_http://purl.obolibrary.org/obo/PATO_0000140>(GSAT_U1):-q67(GSAT_U1).
<http://purl.obolibrary.org/obo/BFO_0000053_some_http://purl.obolibrary.org/obo/PATO_0000140>(GSAT_U1):-q119(GSAT_U1).
<http://purl.obolibrary.org/obo/BFO_0000053_some_http://purl.obolibrary.org/obo/PATO_0000140>(GSAT_U1):-q123(GSAT_U1).
<http://purl.obolibrary.org/obo/BFO_0000053_some_http://purl.obolibrary.org/obo/PATO_0000140>(GSAT_U1):-q146(GSAT_U1).
<http://purl.obolibrary.org/obo/BFO_0000053_some_http://purl.obolibrary.org/obo/PATO_0000140>(GSAT_U1):-q157(GSAT_U1).
<http://purl.obolibrary.org/obo/BFO_0000053_some_http://purl.obolibrary.org/obo/PATO_0000140>(GSAT_U1):-<http://purl.obolibrary.org/obo/BFO_0000053>(GSAT_U1,GSAT_U2),<http://purl.obolibrary.org/obo/PATO_0000140>(GSAT_U2).
<http://purl.obolibrary.org/obo/BFO_0000053_some_http://purl.obolibrary.org/obo/PATO_0000141>(GSAT_U1):-q3(GSAT_U1).
<http://purl.obolibrary.org/obo/BFO_0000053_some_http://purl.obolibrary.org/obo/PATO_0000141>(GSAT_U1):-q6(GSAT_U1).
<http://purl.obolibrary.org/obo/BFO_0000053_some_http://purl.obolibrary.org/obo/PATO_0000141>(GSAT_U1):-q9(GSAT_U1).
<http://purl.obolibrary.org/obo/BFO_0000053_some_http://purl.obolibrary.org/obo/PATO_0000141>(GSAT_U1):-q26(GSAT_U1).
<http://purl.obolibrary.org/obo/BFO_0000053_some_http://purl.obolibrary.org/obo/PATO_0000141>(GSAT_U1):-q36(GSAT_U1).
<http://purl.obolibrary.org/obo/BFO_0000053_some_http://purl.obolibrary.org/obo/PATO_0000141>(GSAT_U1):-q45(GSAT_U1).
<http://purl.obolibrary.org/obo/BFO_0000053_some_http://purl.obolibrary.org/obo/PATO_0000141>(GSAT_U1):-q48(GSAT_U1).
<http://purl.obolibrary.org/obo/BFO_0000053_some_http://purl.obolibrary.org/obo/PATO_0000141>(GSAT_U1):-q58(GSAT_U1).
<http://purl.obolibrary.org/obo/BFO_0000053_some_http://purl.obolibrary.org/obo/PATO_0000141>(GSAT_U1):-q73(GSAT_U1).
<http://purl.obolibrary.org/obo/BFO_0000053_some_http://purl.obolibrary.org/obo/PATO_0000141>(GSAT_U1):-q93(GSAT_U1).
<http://purl.obolibrary.org/obo/BFO_0000053_some_http://purl.obolibrary.org/obo/PATO_0000141>(GSAT_U1):-q99(GSAT_U1).
<http://purl.obolibrary.org/obo/BFO_0000053_some_http://purl.obolibrary.org/obo/PATO_0000141>(GSAT_U1):-q102(GSAT_U1).
<http://purl.obolibrary.org/obo/BFO_0000053_some_http://purl.obolibrary.org/obo/PATO_0000141>(GSAT_U1):-q112(GSAT_U1).
<http://purl.obolibrary.org/obo/BFO_0000053_some_http://purl.obolibrary.org/obo/PATO_0000141>(GSAT_U1):-q129(GSAT_U1).
<http://purl.obolibrary.org/obo/BFO_0000053_some_http://purl.obolibrary.org/obo/PATO_0000141>(GSAT_U1):-q142(GSAT_U1).
<http://purl.obolibrary.org/obo/BFO_0000053_some_http://purl.obolibrary.org/obo/PATO_0000141>(GSAT_U1):-q166(GSAT_U1).
<http://purl.obolibrary.org/obo/BFO_0000053_some_http://purl.obolibrary.org/obo/PATO_0000141>(GSAT_U1):-q179(GSAT_U1).
<http://purl.obolibrary.org/obo/BFO_0000053_some_http://purl.obolibrary.org/obo/PATO_0000141>(GSAT_U1):-<http://purl.obolibrary.org/obo/BFO_0000053>(GSAT_U1,GSAT_U2),<http://purl.obolibrary.org/obo/PATO_0000141>(GSAT_U2).
<http://purl.obolibrary.org/obo/BFO_0000053_some_http://purl.obolibrary.org/obo/TAO_0002038>(GSAT_U1):-<http://purl.obolibrary.org/obo/BFO_0000053>(GSAT_U1,GSAT_U2),<http://purl.obolibrary.org/obo/TAO_0002038>(GSAT_U2).
<http://purl.obolibrary.org/obo/BFO_0000050_some_http://purl.obolibrary.org/obo/TAO_0000311>(GSAT_U1):-<http://purl.obolibrary.org/obo/BFO_0000050>(GSAT_U1,GSAT_U2),<http://purl.obolibrary.org/obo/TAO_0000311>(GSAT_U2).
<http://purl.obolibrary.org/obo/BFO_0000053_some_http://purl.obolibrary.org/obo/PATO_0000595>(GSAT_U1):-q79(GSAT_U1).
<http://purl.obolibrary.org/obo/BFO_0000053_some_http://purl.obolibrary.org/obo/PATO_0000595>(GSAT_U1):-q159(GSAT_U1).
<http://purl.obolibrary.org/obo/BFO_0000053_some_http://purl.obolibrary.org/obo/PATO_0000595>(GSAT_U1):-<http://purl.obolibrary.org/obo/BFO_0000053>(GSAT_U1,GSAT_U2),<http://purl.obolibrary.org/obo/PATO_0000595>(GSAT_U2).
<http://purl.obolibrary.org/obo/BFO_0000050_some_http://purl.obolibrary.org/obo/TAO_0001783>(GSAT_U1):-<http://purl.obolibrary.org/obo/BFO_0000050>(GSAT_U1,GSAT_U2),<http://purl.obolibrary.org/obo/TAO_0001783>(GSAT_U2).
<http://purl.obolibrary.org/obo/BFO_0000050_some_http://purl.obolibrary.org/obo/TAO_0000737>(GSAT_U1):-q56(GSAT_U1).
<http://purl.obolibrary.org/obo/BFO_0000050_some_http://purl.obolibrary.org/obo/TAO_0000737>(GSAT_U1):-q65(GSAT_U1).
<http://purl.obolibrary.org/obo/BFO_0000050_some_http://purl.obolibrary.org/obo/TAO_0000737>(GSAT_U1):-q170(GSAT_U1).
<http://purl.obolibrary.org/obo/BFO_0000050_some_http://purl.obolibrary.org/obo/TAO_0000737>(GSAT_U1):-<http://purl.obolibrary.org/obo/BFO_0000050>(GSAT_U1,GSAT_U2),<http://purl.obolibrary.org/obo/TAO_0000737>(GSAT_U2).
<http://purl.obolibrary.org/obo/BFO_0000053_some_http://purl.obolibrary.org/obo/PATO_0000467>(GSAT_U1):-q42(GSAT_U1).
<http://purl.obolibrary.org/obo/BFO_0000053_some_http://purl.obolibrary.org/obo/PATO_0000467>(GSAT_U1):-q56(GSAT_U1).
<http://purl.obolibrary.org/obo/BFO_0000053_some_http://purl.obolibrary.org/obo/PATO_0000467>(GSAT_U1):-q61(GSAT_U1).
<http://purl.obolibrary.org/obo/BFO_0000053_some_http://purl.obolibrary.org/obo/PATO_0000467>(GSAT_U1):-q132(GSAT_U1).
<http://purl.obolibrary.org/obo/BFO_0000053_some_http://purl.obolibrary.org/obo/PATO_0000467>(GSAT_U1):-q156(GSAT_U1).
<http://purl.obolibrary.org/obo/BFO_0000053_some_http://purl.obolibrary.org/obo/PATO_0000467>(GSAT_U1):-q163(GSAT_U1).
<http://purl.obolibrary.org/obo/BFO_0000053_some_http://purl.obolibrary.org/obo/PATO_0000467>(GSAT_U1):-q164(GSAT_U1).
<http://purl.obolibrary.org/obo/BFO_0000053_some_http://purl.obolibrary.org/obo/PATO_0000467>(GSAT_U1):-q175(GSAT_U1).
<http://purl.obolibrary.org/obo/BFO_0000053_some_http://purl.obolibrary.org/obo/PATO_0000467>(GSAT_U1):-q176(GSAT_U1).
<http://purl.obolibrary.org/obo/BFO_0000053_some_http://purl.obolibrary.org/obo/PATO_0000467>(GSAT_U1):-q181(GSAT_U1).
<http://purl.obolibrary.org/obo/BFO_0000053_some_http://purl.obolibrary.org/obo/PATO_0000467>(GSAT_U1):-<http://purl.obolibrary.org/obo/BFO_0000053>(GSAT_U1,GSAT_U2),<http://purl.obolibrary.org/obo/PATO_0000467>(GSAT_U2).
<http://purl.obolibrary.org/obo/BFO_0000050_some_http://purl.obolibrary.org/obo/BSPO_0000084>(GSAT_U1):-q61(GSAT_U1).
<http://purl.obolibrary.org/obo/BFO_0000050_some_http://purl.obolibrary.org/obo/BSPO_0000084>(GSAT_U1):-q148(GSAT_U1).
<http://purl.obolibrary.org/obo/BFO_0000050_some_http://purl.obolibrary.org/obo/BSPO_0000084>(GSAT_U1):-<http://purl.obolibrary.org/obo/BFO_0000050>(GSAT_U1,GSAT_U2),<http://purl.obolibrary.org/obo/BSPO_0000084>(GSAT_U2).
<http://purl.obolibrary.org/obo/BFO_0000050_some_http://purl.obolibrary.org/obo/TAO_0002024>(GSAT_U1):-<http://purl.obolibrary.org/obo/BFO_0000050>(GSAT_U1,GSAT_U2),<http://purl.obolibrary.org/obo/TAO_0002024>(GSAT_U2).
<http://purl.obolibrary.org/obo/BFO_0000053_some_http://purl.obolibrary.org/obo/PATO_0002044>(GSAT_U1):-q27(GSAT_U1).
<http://purl.obolibrary.org/obo/BFO_0000053_some_http://purl.obolibrary.org/obo/PATO_0002044>(GSAT_U1):-q149(GSAT_U1).
<http://purl.obolibrary.org/obo/BFO_0000053_some_http://purl.obolibrary.org/obo/PATO_0002044>(GSAT_U1):-<http://purl.obolibrary.org/obo/BFO_0000053>(GSAT_U1,GSAT_U2),<http://purl.obolibrary.org/obo/PATO_0002044>(GSAT_U2).
<http://purl.obolibrary.org/obo/BFO_0000053_some_http://purl.obolibrary.org/obo/PATO_0000407>(GSAT_U1):-q24(GSAT_U1).
<http://purl.obolibrary.org/obo/BFO_0000053_some_http://purl.obolibrary.org/obo/PATO_0000407>(GSAT_U1):-q32(GSAT_U1).
<http://purl.obolibrary.org/obo/BFO_0000053_some_http://purl.obolibrary.org/obo/PATO_0000407>(GSAT_U1):-<http://purl.obolibrary.org/obo/BFO_0000053>(GSAT_U1,GSAT_U2),<http://purl.obolibrary.org/obo/PATO_0000407>(GSAT_U2).
<http://purl.obolibrary.org/obo/BFO_0000050_some_http://purl.obolibrary.org/obo/TAO_0000627>(GSAT_U1):-<http://purl.obolibrary.org/obo/BFO_0000050>(GSAT_U1,GSAT_U2),<http://purl.obolibrary.org/obo/TAO_0000627>(GSAT_U2).
<http://purl.obolibrary.org/obo/BFO_0000053_some_http://purl.obolibrary.org/obo/PATO_0000574>(GSAT_U1):-q33(GSAT_U1).
<http://purl.obolibrary.org/obo/BFO_0000053_some_http://purl.obolibrary.org/obo/PATO_0000574>(GSAT_U1):-q97(GSAT_U1).
<http://purl.obolibrary.org/obo/BFO_0000053_some_http://purl.obolibrary.org/obo/PATO_0000574>(GSAT_U1):-q135(GSAT_U1).
<http://purl.obolibrary.org/obo/BFO_0000053_some_http://purl.obolibrary.org/obo/PATO_0000574>(GSAT_U1):-<http://purl.obolibrary.org/obo/BFO_0000053>(GSAT_U1,GSAT_U2),<http://purl.obolibrary.org/obo/PATO_0000574>(GSAT_U2).
<http://purl.obolibrary.org/obo/BFO_0000053_some_http://purl.obolibrary.org/obo/TAO_0001971>(GSAT_U1):-<http://purl.obolibrary.org/obo/BFO_0000053>(GSAT_U1,GSAT_U2),<http://purl.obolibrary.org/obo/TAO_0001971>(GSAT_U2).
<http://purl.obolibrary.org/obo/BFO_0000053_some_http://purl.obolibrary.org/obo/TAO_0000047>(GSAT_U1):-<http://purl.obolibrary.org/obo/BFO_0000053>(GSAT_U1,GSAT_U2),<http://purl.obolibrary.org/obo/TAO_0000047>(GSAT_U2).
<http://purl.obolibrary.org/obo/BFO_0000053_some_http://purl.obolibrary.org/obo/TAO_0001969>(GSAT_U1):-<http://purl.obolibrary.org/obo/BFO_0000053>(GSAT_U1,GSAT_U2),<http://purl.obolibrary.org/obo/TAO_0001969>(GSAT_U2).
<http://purl.obolibrary.org/obo/BFO_0000053_some_http://purl.obolibrary.org/obo/TAO_0000264>(GSAT_U1):-<http://purl.obolibrary.org/obo/BFO_0000053>(GSAT_U1,GSAT_U2),<http://purl.obolibrary.org/obo/TAO_0000264>(GSAT_U2).
<http://purl.obolibrary.org/obo/BFO_0000050_some_http://purl.obolibrary.org/obo/TAO_0001709>(GSAT_U1):-<http://purl.obolibrary.org/obo/BFO_0000050>(GSAT_U1,GSAT_U2),<http://purl.obolibrary.org/obo/TAO_0001709>(GSAT_U2).
<http://purl.obolibrary.org/obo/BFO_0000050_some_http://purl.obolibrary.org/obo/TAO_0001501>(GSAT_U1):-<http://purl.obolibrary.org/obo/BFO_0000050>(GSAT_U1,GSAT_U2),<http://purl.obolibrary.org/obo/TAO_0001501>(GSAT_U2).
<http://purl.obolibrary.org/obo/BFO_0000050_some_http://purl.obolibrary.org/obo/TAO_0000594>(GSAT_U1):-<http://purl.obolibrary.org/obo/BFO_0000050>(GSAT_U1,GSAT_U2),<http://purl.obolibrary.org/obo/TAO_0000594>(GSAT_U2).
<http://purl.obolibrary.org/obo/BFO_0000053_some_http://purl.obolibrary.org/obo/TAO_0001604>(GSAT_U1):-<http://purl.obolibrary.org/obo/BFO_0000053>(GSAT_U1,GSAT_U2),<http://purl.obolibrary.org/obo/TAO_0001604>(GSAT_U2).
<http://purl.obolibrary.org/obo/BFO_0000053_some_http://purl.obolibrary.org/obo/PATO_0000060>(GSAT_U1):-q75(GSAT_U1).
<http://purl.obolibrary.org/obo/BFO_0000053_some_http://purl.obolibrary.org/obo/PATO_0000060>(GSAT_U1):-q185(GSAT_U1).
<http://purl.obolibrary.org/obo/BFO_0000053_some_http://purl.obolibrary.org/obo/PATO_0000060>(GSAT_U1):-<http://purl.obolibrary.org/obo/BFO_0000053>(GSAT_U1,GSAT_U2),<http://purl.obolibrary.org/obo/PATO_0000060>(GSAT_U2).
<http://purl.obolibrary.org/obo/BFO_0000053_some_http://purl.obolibrary.org/obo/TAO_0000672>(GSAT_U1):-<http://purl.obolibrary.org/obo/BFO_0000053>(GSAT_U1,GSAT_U2),<http://purl.obolibrary.org/obo/TAO_0000672>(GSAT_U2).
<http://purl.obolibrary.org/obo/BFO_0000050_some_http://purl.obolibrary.org/obo/TAO_0001969>(GSAT_U1):-<http://purl.obolibrary.org/obo/BFO_0000050>(GSAT_U1,GSAT_U2),<http://purl.obolibrary.org/obo/TAO_0001969>(GSAT_U2).
<http://purl.obolibrary.org/obo/BFO_0000050_some_http://purl.obolibrary.org/obo/TAO_0000657>(GSAT_U1):-<http://purl.obolibrary.org/obo/BFO_0000050>(GSAT_U1,GSAT_U2),<http://purl.obolibrary.org/obo/TAO_0000657>(GSAT_U2).
<http://purl.obolibrary.org/obo/BFO_0000053_some_http://purl.obolibrary.org/obo/PATO_0000122>(GSAT_U1):-q110(GSAT_U1).
<http://purl.obolibrary.org/obo/BFO_0000053_some_http://purl.obolibrary.org/obo/PATO_0000122>(GSAT_U1):-<http://purl.obolibrary.org/obo/BFO_0000053>(GSAT_U1,GSAT_U2),<http://purl.obolibrary.org/obo/PATO_0000122>(GSAT_U2).
<http://purl.obolibrary.org/obo/BFO_0000053_some_http://purl.obolibrary.org/obo/PATO_0000600>(GSAT_U1):-q28(GSAT_U1).
<http://purl.obolibrary.org/obo/BFO_0000053_some_http://purl.obolibrary.org/obo/PATO_0000600>(GSAT_U1):-q38(GSAT_U1).
<http://purl.obolibrary.org/obo/BFO_0000053_some_http://purl.obolibrary.org/obo/PATO_0000600>(GSAT_U1):-q52(GSAT_U1).
<http://purl.obolibrary.org/obo/BFO_0000053_some_http://purl.obolibrary.org/obo/PATO_0000600>(GSAT_U1):-q131(GSAT_U1).
<http://purl.obolibrary.org/obo/BFO_0000053_some_http://purl.obolibrary.org/obo/PATO_0000600>(GSAT_U1):-q139(GSAT_U1).
<http://purl.obolibrary.org/obo/BFO_0000053_some_http://purl.obolibrary.org/obo/PATO_0000600>(GSAT_U1):-q151(GSAT_U1).
<http://purl.obolibrary.org/obo/BFO_0000053_some_http://purl.obolibrary.org/obo/PATO_0000600>(GSAT_U1):-q158(GSAT_U1).
<http://purl.obolibrary.org/obo/BFO_0000053_some_http://purl.obolibrary.org/obo/PATO_0000600>(GSAT_U1):-<http://purl.obolibrary.org/obo/BFO_0000053>(GSAT_U1,GSAT_U2),<http://purl.obolibrary.org/obo/PATO_0000600>(GSAT_U2).
<http://purl.obolibrary.org/obo/BFO_0000050_some_http://purl.obolibrary.org/obo/BSPO_0000079>(GSAT_U1):-q76(GSAT_U1).
<http://purl.obolibrary.org/obo/BFO_0000050_some_http://purl.obolibrary.org/obo/BSPO_0000079>(GSAT_U1):-q176(GSAT_U1).
<http://purl.obolibrary.org/obo/BFO_0000050_some_http://purl.obolibrary.org/obo/BSPO_0000079>(GSAT_U1):-<http://purl.obolibrary.org/obo/BFO_0000050>(GSAT_U1,GSAT_U2),<http://purl.obolibrary.org/obo/BSPO_0000079>(GSAT_U2).
<http://purl.obolibrary.org/obo/BFO_0000050_some_http://purl.obolibrary.org/obo/TAO_0002058>(GSAT_U1):-<http://purl.obolibrary.org/obo/BFO_0000050>(GSAT_U1,GSAT_U2),<http://purl.obolibrary.org/obo/TAO_0002058>(GSAT_U2).
<http://purl.obolibrary.org/obo/BFO_0000053_some_http://purl.obolibrary.org/obo/PATO_0000642>(GSAT_U1):-q54(GSAT_U1).
<http://purl.obolibrary.org/obo/BFO_0000053_some_http://purl.obolibrary.org/obo/PATO_0000642>(GSAT_U1):-q160(GSAT_U1).
<http://purl.obolibrary.org/obo/BFO_0000053_some_http://purl.obolibrary.org/obo/PATO_0000642>(GSAT_U1):-<http://purl.obolibrary.org/obo/BFO_0000053>(GSAT_U1,GSAT_U2),<http://purl.obolibrary.org/obo/PATO_0000642>(GSAT_U2).
<http://purl.obolibrary.org/obo/BFO_0000050_some_http://purl.obolibrary.org/obo/BSPO_0000071>(GSAT_U1):-q13(GSAT_U1).
<http://purl.obolibrary.org/obo/BFO_0000050_some_http://purl.obolibrary.org/obo/BSPO_0000071>(GSAT_U1):-q20(GSAT_U1).
<http://purl.obolibrary.org/obo/BFO_0000050_some_http://purl.obolibrary.org/obo/BSPO_0000071>(GSAT_U1):-q95(GSAT_U1).
<http://purl.obolibrary.org/obo/BFO_0000050_some_http://purl.obolibrary.org/obo/BSPO_0000071>(GSAT_U1):-q149(GSAT_U1).
<http://purl.obolibrary.org/obo/BFO_0000050_some_http://purl.obolibrary.org/obo/BSPO_0000071>(GSAT_U1):-q163(GSAT_U1).
<http://purl.obolibrary.org/obo/BFO_0000050_some_http://purl.obolibrary.org/obo/BSPO_0000071>(GSAT_U1):-q171(GSAT_U1).
<http://purl.obolibrary.org/obo/BFO_0000050_some_http://purl.obolibrary.org/obo/BSPO_0000071>(GSAT_U1):-<http://purl.obolibrary.org/obo/BFO_0000050>(GSAT_U1,GSAT_U2),<http://purl.obolibrary.org/obo/BSPO_0000071>(GSAT_U2).
<http://purl.obolibrary.org/obo/BFO_0000053_some_http://purl.obolibrary.org/obo/PATO_0000573>(GSAT_U1):-q7(GSAT_U1).
<http://purl.obolibrary.org/obo/BFO_0000053_some_http://purl.obolibrary.org/obo/PATO_0000573>(GSAT_U1):-q165(GSAT_U1).
<http://purl.obolibrary.org/obo/BFO_0000053_some_http://purl.obolibrary.org/obo/PATO_0000573>(GSAT_U1):-q173(GSAT_U1).
<http://purl.obolibrary.org/obo/BFO_0000053_some_http://purl.obolibrary.org/obo/PATO_0000573>(GSAT_U1):-<http://purl.obolibrary.org/obo/BFO_0000053>(GSAT_U1,GSAT_U2),<http://purl.obolibrary.org/obo/PATO_0000573>(GSAT_U2).
<http://purl.obolibrary.org/obo/BFO_0000053_some_http://purl.obolibrary.org/obo/TAO_0000332>(GSAT_U1):-<http://purl.obolibrary.org/obo/BFO_0000053>(GSAT_U1,GSAT_U2),<http://purl.obolibrary.org/obo/TAO_0000332>(GSAT_U2).
<http://purl.obolibrary.org/obo/BFO_0000053_some_http://purl.obolibrary.org/obo/TAO_0002024>(GSAT_U1):-<http://purl.obolibrary.org/obo/BFO_0000053>(GSAT_U1,GSAT_U2),<http://purl.obolibrary.org/obo/TAO_0002024>(GSAT_U2).
<http://purl.obolibrary.org/obo/BFO_0000053_some_http://purl.obolibrary.org/obo/TAO_0002074>(GSAT_U1):-<http://purl.obolibrary.org/obo/BFO_0000053>(GSAT_U1,GSAT_U2),<http://purl.obolibrary.org/obo/TAO_0002074>(GSAT_U2).
<http://purl.obolibrary.org/obo/BFO_0000053_some_http://purl.obolibrary.org/obo/PATO_0001883>(GSAT_U1):-q31(GSAT_U1).
<http://purl.obolibrary.org/obo/BFO_0000053_some_http://purl.obolibrary.org/obo/PATO_0001883>(GSAT_U1):-q104(GSAT_U1).
<http://purl.obolibrary.org/obo/BFO_0000053_some_http://purl.obolibrary.org/obo/PATO_0001883>(GSAT_U1):-<http://purl.obolibrary.org/obo/BFO_0000053>(GSAT_U1,GSAT_U2),<http://purl.obolibrary.org/obo/PATO_0001883>(GSAT_U2).
<http://purl.obolibrary.org/obo/BFO_0000053_some_http://purl.obolibrary.org/obo/PATO_0000117>(GSAT_U1):-q0(GSAT_U1).
<http://purl.obolibrary.org/obo/BFO_0000053_some_http://purl.obolibrary.org/obo/PATO_0000117>(GSAT_U1):-q81(GSAT_U1).
<http://purl.obolibrary.org/obo/BFO_0000053_some_http://purl.obolibrary.org/obo/PATO_0000117>(GSAT_U1):-q107(GSAT_U1).
<http://purl.obolibrary.org/obo/BFO_0000053_some_http://purl.obolibrary.org/obo/PATO_0000117>(GSAT_U1):-q144(GSAT_U1).
<http://purl.obolibrary.org/obo/BFO_0000053_some_http://purl.obolibrary.org/obo/PATO_0000117>(GSAT_U1):-q183(GSAT_U1).
<http://purl.obolibrary.org/obo/BFO_0000053_some_http://purl.obolibrary.org/obo/PATO_0000117>(GSAT_U1):-<http://purl.obolibrary.org/obo/BFO_0000053>(GSAT_U1,GSAT_U2),<http://purl.obolibrary.org/obo/PATO_0000117>(GSAT_U2).
<http://purl.obolibrary.org/obo/BFO_0000050_some_http://purl.obolibrary.org/obo/TAO_0001918>(GSAT_U1):-<http://purl.obolibrary.org/obo/BFO_0000050>(GSAT_U1,GSAT_U2),<http://purl.obolibrary.org/obo/TAO_0001918>(GSAT_U2).
<http://purl.obolibrary.org/obo/BFO_0000050_some_http://purl.obolibrary.org/obo/TAO_0001865>(GSAT_U1):-<http://purl.obolibrary.org/obo/BFO_0000050>(GSAT_U1,GSAT_U2),<http://purl.obolibrary.org/obo/TAO_0001865>(GSAT_U2).
<http://purl.obolibrary.org/obo/BFO_0000050_some_http://purl.obolibrary.org/obo/TAO_0000250>(GSAT_U1):-<http://purl.obolibrary.org/obo/BFO_0000050>(GSAT_U1,GSAT_U2),<http://purl.obolibrary.org/obo/TAO_0000250>(GSAT_U2).
<http://purl.obolibrary.org/obo/BFO_0000053_some_http://purl.obolibrary.org/obo/PATO_0001193>(GSAT_U1):-q13(GSAT_U1).
<http://purl.obolibrary.org/obo/BFO_0000053_some_http://purl.obolibrary.org/obo/PATO_0001193>(GSAT_U1):-q171(GSAT_U1).
<http://purl.obolibrary.org/obo/BFO_0000053_some_http://purl.obolibrary.org/obo/PATO_0001193>(GSAT_U1):-<http://purl.obolibrary.org/obo/BFO_0000053>(GSAT_U1,GSAT_U2),<http://purl.obolibrary.org/obo/PATO_0001193>(GSAT_U2).
<http://purl.obolibrary.org/obo/BFO_0000050_some_http://purl.obolibrary.org/obo/TAO_0002094>(GSAT_U1):-<http://purl.obolibrary.org/obo/BFO_0000050>(GSAT_U1,GSAT_U2),<http://purl.obolibrary.org/obo/TAO_0002094>(GSAT_U2).
<http://purl.obolibrary.org/obo/BFO_0000053_some_http://purl.obolibrary.org/obo/TAO_0000240>(GSAT_U1):-<http://purl.obolibrary.org/obo/BFO_0000053>(GSAT_U1,GSAT_U2),<http://purl.obolibrary.org/obo/TAO_0000240>(GSAT_U2).
<http://purl.obolibrary.org/obo/BFO_0000053_some_http://purl.obolibrary.org/obo/PATO_0001961>(GSAT_U1):-q87(GSAT_U1).
<http://purl.obolibrary.org/obo/BFO_0000053_some_http://purl.obolibrary.org/obo/PATO_0001961>(GSAT_U1):-q133(GSAT_U1).
<http://purl.obolibrary.org/obo/BFO_0000053_some_http://purl.obolibrary.org/obo/PATO_0001961>(GSAT_U1):-q187(GSAT_U1).
<http://purl.obolibrary.org/obo/BFO_0000053_some_http://purl.obolibrary.org/obo/PATO_0001961>(GSAT_U1):-<http://purl.obolibrary.org/obo/BFO_0000053>(GSAT_U1,GSAT_U2),<http://purl.obolibrary.org/obo/PATO_0001961>(GSAT_U2).
<http://purl.obolibrary.org/obo/BFO_0000050_some_http://purl.obolibrary.org/obo/TAO_0001834>(GSAT_U1):-<http://purl.obolibrary.org/obo/BFO_0000050>(GSAT_U1,GSAT_U2),<http://purl.obolibrary.org/obo/TAO_0001834>(GSAT_U2).
<http://purl.obolibrary.org/obo/BFO_0000050_some_http://purl.obolibrary.org/obo/TAO_0001971>(GSAT_U1):-<http://purl.obolibrary.org/obo/BFO_0000050>(GSAT_U1,GSAT_U2),<http://purl.obolibrary.org/obo/TAO_0001971>(GSAT_U2).
<http://purl.obolibrary.org/obo/BFO_0000053_some_http://purl.obolibrary.org/obo/TAO_0001546>(GSAT_U1):-<http://purl.obolibrary.org/obo/BFO_0000053>(GSAT_U1,GSAT_U2),<http://purl.obolibrary.org/obo/TAO_0001546>(GSAT_U2).
<http://purl.obolibrary.org/obo/BFO_0000053_some_http://purl.obolibrary.org/obo/PATO_0000025>(GSAT_U1):-q80(GSAT_U1).
<http://purl.obolibrary.org/obo/BFO_0000053_some_http://purl.obolibrary.org/obo/PATO_0000025>(GSAT_U1):-q162(GSAT_U1).
<http://purl.obolibrary.org/obo/BFO_0000053_some_http://purl.obolibrary.org/obo/PATO_0000025>(GSAT_U1):-<http://purl.obolibrary.org/obo/BFO_0000053>(GSAT_U1,GSAT_U2),<http://purl.obolibrary.org/obo/PATO_0000025>(GSAT_U2).
<http://purl.obolibrary.org/obo/BFO_0000050_some_http://purl.obolibrary.org/obo/TAO_0002044>(GSAT_U1):-<http://purl.obolibrary.org/obo/BFO_0000050>(GSAT_U1,GSAT_U2),<http://purl.obolibrary.org/obo/TAO_0002044>(GSAT_U2).
<http://purl.obolibrary.org/obo/BFO_0000050_some_http://purl.obolibrary.org/obo/TAO_0001740>(GSAT_U1):-<http://purl.obolibrary.org/obo/BFO_0000050>(GSAT_U1,GSAT_U2),<http://purl.obolibrary.org/obo/TAO_0001740>(GSAT_U2).
<http://purl.obolibrary.org/obo/BFO_0000053_some_http://purl.obolibrary.org/obo/PATO_0001867>(GSAT_U1):-q29(GSAT_U1).
<http://purl.obolibrary.org/obo/BFO_0000053_some_http://purl.obolibrary.org/obo/PATO_0001867>(GSAT_U1):-q136(GSAT_U1).
<http://purl.obolibrary.org/obo/BFO_0000053_some_http://purl.obolibrary.org/obo/PATO_0001867>(GSAT_U1):-<http://purl.obolibrary.org/obo/BFO_0000053>(GSAT_U1,GSAT_U2),<http://purl.obolibrary.org/obo/PATO_0001867>(GSAT_U2).
<http://purl.obolibrary.org/obo/BFO_0000050_some_http://purl.obolibrary.org/obo/TAO_0000240>(GSAT_U1):-<http://purl.obolibrary.org/obo/BFO_0000050>(GSAT_U1,GSAT_U2),<http://purl.obolibrary.org/obo/TAO_0000240>(GSAT_U2).
<http://purl.obolibrary.org/obo/BFO_0000050_some_http://purl.obolibrary.org/obo/TAO_0000184>(GSAT_U1):-q21(GSAT_U1).
<http://purl.obolibrary.org/obo/BFO_0000050_some_http://purl.obolibrary.org/obo/TAO_0000184>(GSAT_U1):-q96(GSAT_U1).
<http://purl.obolibrary.org/obo/BFO_0000050_some_http://purl.obolibrary.org/obo/TAO_0000184>(GSAT_U1):-<http://purl.obolibrary.org/obo/BFO_0000050>(GSAT_U1,GSAT_U2),<http://purl.obolibrary.org/obo/TAO_0000184>(GSAT_U2).
<http://purl.obolibrary.org/obo/BFO_0000050_some_http://purl.obolibrary.org/obo/TAO_0001968>(GSAT_U1):-<http://purl.obolibrary.org/obo/BFO_0000050>(GSAT_U1,GSAT_U2),<http://purl.obolibrary.org/obo/TAO_0001968>(GSAT_U2).
<http://purl.obolibrary.org/obo/BFO_0000050_some_http://purl.obolibrary.org/obo/TAO_0000661>(GSAT_U1):-<http://purl.obolibrary.org/obo/BFO_0000050>(GSAT_U1,GSAT_U2),<http://purl.obolibrary.org/obo/TAO_0000661>(GSAT_U2).
<http://purl.obolibrary.org/obo/BFO_0000053_some_http://purl.obolibrary.org/obo/PATO_0000052>(GSAT_U1):-q12(GSAT_U1).
<http://purl.obolibrary.org/obo/BFO_0000053_some_http://purl.obolibrary.org/obo/PATO_0000052>(GSAT_U1):-q23(GSAT_U1).
<http://purl.obolibrary.org/obo/BFO_0000053_some_http://purl.obolibrary.org/obo/PATO_0000052>(GSAT_U1):-q35(GSAT_U1).
<http://purl.obolibrary.org/obo/BFO_0000053_some_http://purl.obolibrary.org/obo/PATO_0000052>(GSAT_U1):-q43(GSAT_U1).
<http://purl.obolibrary.org/obo/BFO_0000053_some_http://purl.obolibrary.org/obo/PATO_0000052>(GSAT_U1):-q71(GSAT_U1).
<http://purl.obolibrary.org/obo/BFO_0000053_some_http://purl.obolibrary.org/obo/PATO_0000052>(GSAT_U1):-q86(GSAT_U1).
<http://purl.obolibrary.org/obo/BFO_0000053_some_http://purl.obolibrary.org/obo/PATO_0000052>(GSAT_U1):-q115(GSAT_U1).
<http://purl.obolibrary.org/obo/BFO_0000053_some_http://purl.obolibrary.org/obo/PATO_0000052>(GSAT_U1):-q121(GSAT_U1).
<http://purl.obolibrary.org/obo/BFO_0000053_some_http://purl.obolibrary.org/obo/PATO_0000052>(GSAT_U1):-q126(GSAT_U1).
<http://purl.obolibrary.org/obo/BFO_0000053_some_http://purl.obolibrary.org/obo/PATO_0000052>(GSAT_U1):-q130(GSAT_U1).
<http://purl.obolibrary.org/obo/BFO_0000053_some_http://purl.obolibrary.org/obo/PATO_0000052>(GSAT_U1):-<http://purl.obolibrary.org/obo/BFO_0000053>(GSAT_U1,GSAT_U2),<http://purl.obolibrary.org/obo/PATO_0000052>(GSAT_U2).
<http://purl.obolibrary.org/obo/BFO_0000053_some_http://purl.obolibrary.org/obo/TAO_0000594>(GSAT_U1):-<http://purl.obolibrary.org/obo/BFO_0000053>(GSAT_U1,GSAT_U2),<http://purl.obolibrary.org/obo/TAO_0000594>(GSAT_U2).
<http://purl.obolibrary.org/obo/BFO_0000053_some_http://purl.obolibrary.org/obo/PATO_0000374>(GSAT_U1):-q116(GSAT_U1).
<http://purl.obolibrary.org/obo/BFO_0000053_some_http://purl.obolibrary.org/obo/PATO_0000374>(GSAT_U1):-<http://purl.obolibrary.org/obo/BFO_0000053>(GSAT_U1,GSAT_U2),<http://purl.obolibrary.org/obo/PATO_0000374>(GSAT_U2).
<http://purl.obolibrary.org/obo/BFO_0000050_some_http://purl.obolibrary.org/obo/TAO_0002042>(GSAT_U1):-<http://purl.obolibrary.org/obo/BFO_0000050>(GSAT_U1,GSAT_U2),<http://purl.obolibrary.org/obo/TAO_0002042>(GSAT_U2).
<http://purl.obolibrary.org/obo/BFO_0000050_some_http://purl.obolibrary.org/obo/TAO_0000621>(GSAT_U1):-<http://purl.obolibrary.org/obo/BFO_0000050>(GSAT_U1,GSAT_U2),<http://purl.obolibrary.org/obo/TAO_0000621>(GSAT_U2).
<http://purl.obolibrary.org/obo/BFO_0000053_some_http://purl.obolibrary.org/obo/TAO_0002044>(GSAT_U1):-<http://purl.obolibrary.org/obo/BFO_0000053>(GSAT_U1,GSAT_U2),<http://purl.obolibrary.org/obo/TAO_0002044>(GSAT_U2).
<http://purl.obolibrary.org/obo/BFO_0000053_some_http://purl.obolibrary.org/obo/PATO_0000587>(GSAT_U1):-q60(GSAT_U1).
<http://purl.obolibrary.org/obo/BFO_0000053_some_http://purl.obolibrary.org/obo/PATO_0000587>(GSAT_U1):-q78(GSAT_U1).
<http://purl.obolibrary.org/obo/BFO_0000053_some_http://purl.obolibrary.org/obo/PATO_0000587>(GSAT_U1):-q167(GSAT_U1).
<http://purl.obolibrary.org/obo/BFO_0000053_some_http://purl.obolibrary.org/obo/PATO_0000587>(GSAT_U1):-<http://purl.obolibrary.org/obo/BFO_0000053>(GSAT_U1,GSAT_U2),<http://purl.obolibrary.org/obo/PATO_0000587>(GSAT_U2).
<http://purl.obolibrary.org/obo/BFO_0000050_some_http://purl.obolibrary.org/obo/TAO_0002071>(GSAT_U1):-<http://purl.obolibrary.org/obo/BFO_0000050>(GSAT_U1,GSAT_U2),<http://purl.obolibrary.org/obo/TAO_0002071>(GSAT_U2).
<http://purl.obolibrary.org/obo/BFO_0000053_some_http://purl.obolibrary.org/obo/TAO_0000661>(GSAT_U1):-<http://purl.obolibrary.org/obo/BFO_0000053>(GSAT_U1,GSAT_U2),<http://purl.obolibrary.org/obo/TAO_0000661>(GSAT_U2).
<http://purl.obolibrary.org/obo/BFO_0000053_some_http://purl.obolibrary.org/obo/TAO_0000250>(GSAT_U1):-<http://purl.obolibrary.org/obo/BFO_0000053>(GSAT_U1,GSAT_U2),<http://purl.obolibrary.org/obo/TAO_0000250>(GSAT_U2).
<http://purl.obolibrary.org/obo/BFO_0000050_some_http://purl.obolibrary.org/obo/TAO_0001419>(GSAT_U1):-q108(GSAT_U1).
<http://purl.obolibrary.org/obo/BFO_0000050_some_http://purl.obolibrary.org/obo/TAO_0001419>(GSAT_U1):-q183(GSAT_U1).
<http://purl.obolibrary.org/obo/BFO_0000050_some_http://purl.obolibrary.org/obo/TAO_0001419>(GSAT_U1):-<http://purl.obolibrary.org/obo/BFO_0000050>(GSAT_U1,GSAT_U2),<http://purl.obolibrary.org/obo/TAO_0001419>(GSAT_U2).
<http://purl.obolibrary.org/obo/BFO_0000053_some_http://purl.obolibrary.org/obo/PATO_0000406>(GSAT_U1):-q30(GSAT_U1).
<http://purl.obolibrary.org/obo/BFO_0000053_some_http://purl.obolibrary.org/obo/PATO_0000406>(GSAT_U1):-q50(GSAT_U1).
<http://purl.obolibrary.org/obo/BFO_0000053_some_http://purl.obolibrary.org/obo/PATO_0000406>(GSAT_U1):-q83(GSAT_U1).
<http://purl.obolibrary.org/obo/BFO_0000053_some_http://purl.obolibrary.org/obo/PATO_0000406>(GSAT_U1):-<http://purl.obolibrary.org/obo/BFO_0000053>(GSAT_U1,GSAT_U2),<http://purl.obolibrary.org/obo/PATO_0000406>(GSAT_U2).
<http://purl.obolibrary.org/obo/BFO_0000053_some_http://purl.obolibrary.org/obo/PATO_0002053>(GSAT_U1):-q114(GSAT_U1).
<http://purl.obolibrary.org/obo/BFO_0000053_some_http://purl.obolibrary.org/obo/PATO_0002053>(GSAT_U1):-q190(GSAT_U1).
<http://purl.obolibrary.org/obo/BFO_0000053_some_http://purl.obolibrary.org/obo/PATO_0002053>(GSAT_U1):-<http://purl.obolibrary.org/obo/BFO_0000053>(GSAT_U1,GSAT_U2),<http://purl.obolibrary.org/obo/PATO_0002053>(GSAT_U2).
<http://purl.obolibrary.org/obo/BFO_0000050_some_http://purl.obolibrary.org/obo/TAO_0001405>(GSAT_U1):-<http://purl.obolibrary.org/obo/BFO_0000050>(GSAT_U1,GSAT_U2),<http://purl.obolibrary.org/obo/TAO_0001405>(GSAT_U2).
<http://purl.obolibrary.org/obo/BFO_0000053_some_http://purl.obolibrary.org/obo/TAO_0000621>(GSAT_U1):-<http://purl.obolibrary.org/obo/BFO_0000053>(GSAT_U1,GSAT_U2),<http://purl.obolibrary.org/obo/TAO_0000621>(GSAT_U2).
<http://purl.obolibrary.org/obo/BFO_0000050_some_http://purl.obolibrary.org/obo/TAO_0000239>(GSAT_U1):-<http://purl.obolibrary.org/obo/BFO_0000050>(GSAT_U1,GSAT_U2),<http://purl.obolibrary.org/obo/TAO_0000239>(GSAT_U2).
<http://purl.obolibrary.org/obo/BFO_0000051>(GSAT_U1,GSAT_U2):-<http://purl.obolibrary.org/obo/BFO_0000050>(GSAT_U2,GSAT_U1).
<http://purl.obolibrary.org/obo/BFO_0000050>(GSAT_U1,GSAT_U2):-<http://purl.obolibrary.org/obo/BFO_0000051>(GSAT_U2,GSAT_U1).
<http://purl.obolibrary.org/obo/BFO_0000053>(GSAT_U1,GSAT_U2):-<http://purl.obolibrary.org/obo/BFO_0000052>(GSAT_U2,GSAT_U1).
<http://purl.obolibrary.org/obo/BFO_0000052>(GSAT_U1,GSAT_U2):-<http://purl.obolibrary.org/obo/BFO_0000053>(GSAT_U2,GSAT_U1).
<http://purl.obolibrary.org/obo/BFO_0000051>(GSAT_U1,GSAT_U2):-<http://purl.obolibrary.org/obo/RO_0002180>(GSAT_U1,GSAT_U2).
<http://purl.obolibrary.org/obo/TAO_0002071>(GSAT_U1):-q0(GSAT_U1).
<http://purl.obolibrary.org/obo/BFO_0000004>(GSAT_U1):-q0(GSAT_U1).
<http://purl.obolibrary.org/obo/PATO_0000117>(GSAT_U1):-q1(GSAT_U1).
<http://kb.phenoscape.org/uuid/0f5c6124-e3df-4048-b5f1-f0fd6a36cfce-346>(GSAT_U1):-<http://kb.phenoscape.org/uuid/0f5c6124-e3df-4048-b5f1-f0fd6a36cfce-337>(GSAT_U1).
<http://purl.obolibrary.org/obo/TAO_0000184>(GSAT_U1):-q3(GSAT_U1).
<http://purl.obolibrary.org/obo/BFO_0000004>(GSAT_U1):-q3(GSAT_U1).
<http://purl.obolibrary.org/obo/PATO_0000141>(GSAT_U1):-q4(GSAT_U1).
q5(GSAT_U1):-<http://kb.phenoscape.org/uuid/0f5c6124-e3df-4048-b5f1-f0fd6a36cfce-235>(GSAT_U1).
<http://purl.obolibrary.org/obo/TAO_0001740>(GSAT_U1):-q6(GSAT_U1).
<http://purl.obolibrary.org/obo/BFO_0000004>(GSAT_U1):-q6(GSAT_U1).
q7(GSAT_U1):-<http://purl.obolibrary.org/obo/BFO_0000053_some_http://purl.obolibrary.org/obo/PATO_0000573>(GSAT_U1).
<http://purl.obolibrary.org/obo/BFO_0000004>(GSAT_U1):-q7(GSAT_U1).
q8(GSAT_U1):-<http://purl.obolibrary.org/obo/BFO_0000050_some_http://purl.obolibrary.org/obo/TAO_0000332>(GSAT_U1).
q9(GSAT_U1):-<http://purl.obolibrary.org/obo/BFO_0000053_some_http://purl.obolibrary.org/obo/PATO_0000141>(GSAT_U1).
<http://purl.obolibrary.org/obo/BFO_0000004>(GSAT_U1):-q9(GSAT_U1).
<http://purl.obolibrary.org/obo/TAO_0001501>(GSAT_U1):-q10(GSAT_U1).
<http://purl.obolibrary.org/obo/BFO_0000004>(GSAT_U1):-q10(GSAT_U1).
<http://purl.obolibrary.org/obo/TAO_0002042>(GSAT_U1):-q12(GSAT_U1).
<http://purl.obolibrary.org/obo/BFO_0000004>(GSAT_U1):-q12(GSAT_U1).
<http://kb.phenoscape.org/uuid/0f5c6124-e3df-4048-b5f1-f0fd6a36cfce-412>(GSAT_U1):-<http://kb.phenoscape.org/uuid/0f5c6124-e3df-4048-b5f1-f0fd6a36cfce-423>(GSAT_U1).
<http://kb.phenoscape.org/uuid/0f5c6124-e3df-4048-b5f1-f0fd6a36cfce-633>(GSAT_U1):-<http://kb.phenoscape.org/uuid/0f5c6124-e3df-4048-b5f1-f0fd6a36cfce-628>(GSAT_U1).
<http://purl.obolibrary.org/obo/TAO_0001834>(GSAT_U1):-q13(GSAT_U1).
<http://purl.obolibrary.org/obo/BFO_0000004>(GSAT_U1):-q13(GSAT_U1).
<http://purl.obolibrary.org/obo/PATO_0001193>(GSAT_U1):-q15(GSAT_U1).
<http://purl.obolibrary.org/obo/BSPO_0000071>(GSAT_U1):-q14(GSAT_U1).
<http://kb.phenoscape.org/uuid/0f5c6124-e3df-4048-b5f1-f0fd6a36cfce-755>(GSAT_U1):-<http://kb.phenoscape.org/uuid/0f5c6124-e3df-4048-b5f1-f0fd6a36cfce-761>(GSAT_U1).
<http://purl.obolibrary.org/obo/TAO_0001834>(GSAT_U1):-q16(GSAT_U1).
<http://purl.obolibrary.org/obo/BFO_0000004>(GSAT_U1):-q16(GSAT_U1).
<http://purl.obolibrary.org/obo/BSPO_0000072>(GSAT_U1):-q17(GSAT_U1).
<http://purl.obolibrary.org/obo/TAO_0001683>(GSAT_U1):-q18(GSAT_U1).
<http://purl.obolibrary.org/obo/BFO_0000004>(GSAT_U1):-q18(GSAT_U1).
<http://purl.obolibrary.org/obo/CARO_0001000>(GSAT_U1):-<http://purl.obolibrary.org/obo/CARO_0001001>(GSAT_U1).
<http://kb.phenoscape.org/uuid/0f5c6124-e3df-4048-b5f1-f0fd6a36cfce-331>(GSAT_U1):-<http://kb.phenoscape.org/uuid/0f5c6124-e3df-4048-b5f1-f0fd6a36cfce-326>(GSAT_U1).
<http://kb.phenoscape.org/uuid/0f5c6124-e3df-4048-b5f1-f0fd6a36cfce-220>(GSAT_U1):-<http://kb.phenoscape.org/uuid/0f5c6124-e3df-4048-b5f1-f0fd6a36cfce-225>(GSAT_U1).
q19(GSAT_U1):-<http://purl.obolibrary.org/obo/BFO_0000053_some_http://purl.obolibrary.org/obo/PATO_0000599>(GSAT_U1).
<http://purl.obolibrary.org/obo/BFO_0000004>(GSAT_U1):-q19(GSAT_U1).
<http://kb.phenoscape.org/uuid/0f5c6124-e3df-4048-b5f1-f0fd6a36cfce-361>(GSAT_U1):-<http://kb.phenoscape.org/uuid/0f5c6124-e3df-4048-b5f1-f0fd6a36cfce-377>(GSAT_U1).
<http://purl.obolibrary.org/obo/TAO_0001834>(GSAT_U1):-q20(GSAT_U1).
<http://purl.obolibrary.org/obo/BFO_0000004>(GSAT_U1):-q20(GSAT_U1).
q21(GSAT_U1):-<http://purl.obolibrary.org/obo/BFO_0000050_some_http://purl.obolibrary.org/obo/TAO_0000184>(GSAT_U1).
q22(GSAT_U1):-<http://kb.phenoscape.org/uuid/0f5c6124-e3df-4048-b5f1-f0fd6a36cfce-794>(GSAT_U1).
<http://purl.obolibrary.org/obo/TAO_0000239>(GSAT_U1):-q23(GSAT_U1).
<http://purl.obolibrary.org/obo/BFO_0000004>(GSAT_U1):-q23(GSAT_U1).
<http://purl.obolibrary.org/obo/GO_0043005>(GSAT_U1):-<http://purl.obolibrary.org/obo/GO_0030425>(GSAT_U1).
<http://purl.obolibrary.org/obo/CARO_0000014>(GSAT_U1):-<http://purl.obolibrary.org/obo/GO_0044464>(GSAT_U1).
<http://purl.obolibrary.org/obo/TAO_0000223>(GSAT_U1):-q24(GSAT_U1).
<http://purl.obolibrary.org/obo/BFO_0000004>(GSAT_U1):-q24(GSAT_U1).
<http://kb.phenoscape.org/uuid/0f5c6124-e3df-4048-b5f1-f0fd6a36cfce-570>(GSAT_U1):-<http://kb.phenoscape.org/uuid/0f5c6124-e3df-4048-b5f1-f0fd6a36cfce-564>(GSAT_U1).
<http://kb.phenoscape.org/uuid/0f5c6124-e3df-4048-b5f1-f0fd6a36cfce-679>(GSAT_U1):-<http://kb.phenoscape.org/uuid/0f5c6124-e3df-4048-b5f1-f0fd6a36cfce-685>(GSAT_U1).
<http://kb.phenoscape.org/uuid/0f5c6124-e3df-4048-b5f1-f0fd6a36cfce-326>(GSAT_U1):-<http://kb.phenoscape.org/uuid/0f5c6124-e3df-4048-b5f1-f0fd6a36cfce-331>(GSAT_U1).
<http://purl.obolibrary.org/obo/TAO_0000500>(GSAT_U1):-q26(GSAT_U1).
<http://purl.obolibrary.org/obo/BFO_0000004>(GSAT_U1):-q26(GSAT_U1).
<http://purl.obolibrary.org/obo/GO_0044456>(GSAT_U1):-<http://purl.obolibrary.org/obo/GO_0045211>(GSAT_U1).
q27(GSAT_U1):-<http://purl.obolibrary.org/obo/BFO_0000053_some_http://purl.obolibrary.org/obo/PATO_0002044>(GSAT_U1).
<http://purl.obolibrary.org/obo/BFO_0000004>(GSAT_U1):-q27(GSAT_U1).
<http://kb.phenoscape.org/uuid/0f5c6124-e3df-4048-b5f1-f0fd6a36cfce-235>(GSAT_U1):-<http://kb.phenoscape.org/uuid/0f5c6124-e3df-4048-b5f1-f0fd6a36cfce-230>(GSAT_U1).
<http://purl.obolibrary.org/obo/BFO_0000004>(GSAT_U1):-<http://purl.obolibrary.org/obo/BFO_0000040>(GSAT_U1).
<http://purl.obolibrary.org/obo/BFO_0000004>(GSAT_U1):-<http://purl.obolibrary.org/obo/BFO_0000053_some_http://purl.obolibrary.org/obo/PATO_0001961>(GSAT_U1).
<http://kb.phenoscape.org/uuid/0f5c6124-e3df-4048-b5f1-f0fd6a36cfce-727>(GSAT_U1):-<http://kb.phenoscape.org/uuid/0f5c6124-e3df-4048-b5f1-f0fd6a36cfce-733>(GSAT_U1).
<http://purl.obolibrary.org/obo/BFO_0000004>(GSAT_U1):-q28(GSAT_U1).
<http://purl.obolibrary.org/obo/BFO_0000004>(GSAT_U1):-q29(GSAT_U1).
<http://purl.obolibrary.org/obo/BFO_0000004>(GSAT_U1):-q30(GSAT_U1).
<http://purl.obolibrary.org/obo/BFO_0000004>(GSAT_U1):-<http://purl.obolibrary.org/obo/BFO_0000053_some_http://purl.obolibrary.org/obo/TAO_0002038>(GSAT_U1).
<http://purl.obolibrary.org/obo/BFO_0000004>(GSAT_U1):-q31(GSAT_U1).
<http://purl.obolibrary.org/obo/BFO_0000004>(GSAT_U1):-q32(GSAT_U1).
<http://purl.obolibrary.org/obo/BFO_0000004>(GSAT_U1):-q33(GSAT_U1).
<http://purl.obolibrary.org/obo/BFO_0000004>(GSAT_U1):-q35(GSAT_U1).
<http://purl.obolibrary.org/obo/BFO_0000004>(GSAT_U1):-q36(GSAT_U1).
<http://purl.obolibrary.org/obo/BFO_0000004>(GSAT_U1):-<http://purl.obolibrary.org/obo/BFO_0000053_some_http://purl.obolibrary.org/obo/TAO_0000621>(GSAT_U1).
<http://purl.obolibrary.org/obo/BFO_0000004>(GSAT_U1):-q38(GSAT_U1).
<http://purl.obolibrary.org/obo/BFO_0000004>(GSAT_U1):-q40(GSAT_U1).
<http://purl.obolibrary.org/obo/BFO_0000004>(GSAT_U1):-q42(GSAT_U1).
<http://purl.obolibrary.org/obo/BFO_0000004>(GSAT_U1):-q43(GSAT_U1).
<http://purl.obolibrary.org/obo/BFO_0000004>(GSAT_U1):-q45(GSAT_U1).
<http://purl.obolibrary.org/obo/BFO_0000004>(GSAT_U1):-q48(GSAT_U1).
<http://purl.obolibrary.org/obo/BFO_0000004>(GSAT_U1):-q50(GSAT_U1).
<http://purl.obolibrary.org/obo/BFO_0000004>(GSAT_U1):-q52(GSAT_U1).
<http://purl.obolibrary.org/obo/BFO_0000004>(GSAT_U1):-q54(GSAT_U1).
<http://purl.obolibrary.org/obo/BFO_0000004>(GSAT_U1):-q56(GSAT_U1).
<http://purl.obolibrary.org/obo/BFO_0000004>(GSAT_U1):-q58(GSAT_U1).
<http://purl.obolibrary.org/obo/BFO_0000004>(GSAT_U1):-<http://purl.obolibrary.org/obo/BFO_0000053_some_http://purl.obolibrary.org/obo/TAO_0001971>(GSAT_U1).
<http://purl.obolibrary.org/obo/BFO_0000004>(GSAT_U1):-q60(GSAT_U1).
<http://purl.obolibrary.org/obo/BFO_0000004>(GSAT_U1):-q61(GSAT_U1).
<http://purl.obolibrary.org/obo/BFO_0000004>(GSAT_U1):-q63(GSAT_U1).
<http://purl.obolibrary.org/obo/BFO_0000004>(GSAT_U1):-q65(GSAT_U1).
<http://purl.obolibrary.org/obo/BFO_0000004>(GSAT_U1):-q67(GSAT_U1).
<http://purl.obolibrary.org/obo/BFO_0000004>(GSAT_U1):-q69(GSAT_U1).
<http://purl.obolibrary.org/obo/BFO_0000004>(GSAT_U1):-q71(GSAT_U1).
<http://purl.obolibrary.org/obo/BFO_0000004>(GSAT_U1):-q73(GSAT_U1).
<http://purl.obolibrary.org/obo/BFO_0000004>(GSAT_U1):-q75(GSAT_U1).
<http://purl.obolibrary.org/obo/BFO_0000004>(GSAT_U1):-q76(GSAT_U1).
<http://purl.obolibrary.org/obo/BFO_0000004>(GSAT_U1):-q78(GSAT_U1).
<http://purl.obolibrary.org/obo/BFO_0000004>(GSAT_U1):-q79(GSAT_U1).
<http://purl.obolibrary.org/obo/BFO_0000004>(GSAT_U1):-q80(GSAT_U1).
<http://purl.obolibrary.org/obo/BFO_0000004>(GSAT_U1):-q81(GSAT_U1).
<http://purl.obolibrary.org/obo/BFO_0000004>(GSAT_U1):-q83(GSAT_U1).
<http://purl.obolibrary.org/obo/BFO_0000004>(GSAT_U1):-q84(GSAT_U1).
<http://purl.obolibrary.org/obo/BFO_0000004>(GSAT_U1):-q86(GSAT_U1).
<http://purl.obolibrary.org/obo/BFO_0000004>(GSAT_U1):-q87(GSAT_U1).
<http://purl.obolibrary.org/obo/BFO_0000004>(GSAT_U1):-q89(GSAT_U1).
<http://purl.obolibrary.org/obo/BFO_0000004>(GSAT_U1):-q90(GSAT_U1).
<http://purl.obolibrary.org/obo/BFO_0000004>(GSAT_U1):-q92(GSAT_U1).
<http://purl.obolibrary.org/obo/BFO_0000004>(GSAT_U1):-q93(GSAT_U1).
<http://purl.obolibrary.org/obo/BFO_0000004>(GSAT_U1):-q95(GSAT_U1).
<http://purl.obolibrary.org/obo/BFO_0000004>(GSAT_U1):-q97(GSAT_U1).
<http://purl.obolibrary.org/obo/BFO_0000004>(GSAT_U1):-q99(GSAT_U1).
<http://purl.obolibrary.org/obo/BFO_0000004>(GSAT_U1):-q102(GSAT_U1).
<http://purl.obolibrary.org/obo/BFO_0000004>(GSAT_U1):-q104(GSAT_U1).
<http://purl.obolibrary.org/obo/BFO_0000004>(GSAT_U1):-q107(GSAT_U1).
<http://purl.obolibrary.org/obo/BFO_0000004>(GSAT_U1):-q110(GSAT_U1).
<http://purl.obolibrary.org/obo/BFO_0000004>(GSAT_U1):-q112(GSAT_U1).
<http://purl.obolibrary.org/obo/BFO_0000004>(GSAT_U1):-q114(GSAT_U1).
<http://purl.obolibrary.org/obo/BFO_0000004>(GSAT_U1):-q115(GSAT_U1).
<http://purl.obolibrary.org/obo/BFO_0000004>(GSAT_U1):-q116(GSAT_U1).
<http://purl.obolibrary.org/obo/BFO_0000004>(GSAT_U1):-q119(GSAT_U1).
<http://purl.obolibrary.org/obo/BFO_0000004>(GSAT_U1):-q121(GSAT_U1).
<http://purl.obolibrary.org/obo/BFO_0000004>(GSAT_U1):-q123(GSAT_U1).
<http://purl.obolibrary.org/obo/BFO_0000004>(GSAT_U1):-q126(GSAT_U1).
<http://purl.obolibrary.org/obo/BFO_0000004>(GSAT_U1):-q127(GSAT_U1).
<http://purl.obolibrary.org/obo/BFO_0000004>(GSAT_U1):-q128(GSAT_U1).
<http://purl.obolibrary.org/obo/BFO_0000004>(GSAT_U1):-q129(GSAT_U1).
<http://purl.obolibrary.org/obo/BFO_0000004>(GSAT_U1):-q130(GSAT_U1).
<http://purl.obolibrary.org/obo/BFO_0000004>(GSAT_U1):-q131(GSAT_U1).
<http://purl.obolibrary.org/obo/BFO_0000004>(GSAT_U1):-q132(GSAT_U1).
<http://purl.obolibrary.org/obo/BFO_0000004>(GSAT_U1):-q133(GSAT_U1).
<http://purl.obolibrary.org/obo/BFO_0000004>(GSAT_U1):-q135(GSAT_U1).
<http://purl.obolibrary.org/obo/BFO_0000004>(GSAT_U1):-q136(GSAT_U1).
<http://purl.obolibrary.org/obo/BFO_0000004>(GSAT_U1):-q137(GSAT_U1).
<http://purl.obolibrary.org/obo/BFO_0000004>(GSAT_U1):-q139(GSAT_U1).
<http://purl.obolibrary.org/obo/BFO_0000004>(GSAT_U1):-q140(GSAT_U1).
<http://purl.obolibrary.org/obo/BFO_0000004>(GSAT_U1):-q142(GSAT_U1).
<http://purl.obolibrary.org/obo/BFO_0000004>(GSAT_U1):-q144(GSAT_U1).
<http://purl.obolibrary.org/obo/BFO_0000004>(GSAT_U1):-q146(GSAT_U1).
<http://purl.obolibrary.org/obo/BFO_0000004>(GSAT_U1):-<http://purl.obolibrary.org/obo/BFO_0000053_some_http://purl.obolibrary.org/obo/PATO_0000642>(GSAT_U1).
<http://purl.obolibrary.org/obo/BFO_0000004>(GSAT_U1):-q148(GSAT_U1).
<http://purl.obolibrary.org/obo/BFO_0000004>(GSAT_U1):-q149(GSAT_U1).
<http://purl.obolibrary.org/obo/BFO_0000004>(GSAT_U1):-q150(GSAT_U1).
<http://purl.obolibrary.org/obo/BFO_0000004>(GSAT_U1):-q151(GSAT_U1).
<http://purl.obolibrary.org/obo/BFO_0000004>(GSAT_U1):-q153(GSAT_U1).
<http://purl.obolibrary.org/obo/BFO_0000004>(GSAT_U1):-<http://purl.obolibrary.org/obo/BFO_0000053_some_http://purl.obolibrary.org/obo/TAO_0001969>(GSAT_U1).
<http://purl.obolibrary.org/obo/BFO_0000004>(GSAT_U1):-q154(GSAT_U1).
<http://purl.obolibrary.org/obo/BFO_0000004>(GSAT_U1):-q156(GSAT_U1).
<http://purl.obolibrary.org/obo/BFO_0000004>(GSAT_U1):-q157(GSAT_U1).
<http://purl.obolibrary.org/obo/BFO_0000004>(GSAT_U1):-q158(GSAT_U1).
<http://purl.obolibrary.org/obo/BFO_0000004>(GSAT_U1):-q159(GSAT_U1).
<http://purl.obolibrary.org/obo/BFO_0000004>(GSAT_U1):-q160(GSAT_U1).
<http://purl.obolibrary.org/obo/BFO_0000004>(GSAT_U1):-q162(GSAT_U1).
<http://purl.obolibrary.org/obo/BFO_0000004>(GSAT_U1):-q163(GSAT_U1).
<http://purl.obolibrary.org/obo/BFO_0000004>(GSAT_U1):-q164(GSAT_U1).
<http://purl.obolibrary.org/obo/BFO_0000004>(GSAT_U1):-q165(GSAT_U1).
<http://purl.obolibrary.org/obo/BFO_0000004>(GSAT_U1):-q166(GSAT_U1).
<http://purl.obolibrary.org/obo/BFO_0000004>(GSAT_U1):-q167(GSAT_U1).
<http://purl.obolibrary.org/obo/BFO_0000004>(GSAT_U1):-q169(GSAT_U1).
<http://purl.obolibrary.org/obo/BFO_0000004>(GSAT_U1):-q171(GSAT_U1).
<http://purl.obolibrary.org/obo/BFO_0000004>(GSAT_U1):-q173(GSAT_U1).
<http://purl.obolibrary.org/obo/BFO_0000004>(GSAT_U1):-q174(GSAT_U1).
<http://purl.obolibrary.org/obo/BFO_0000004>(GSAT_U1):-q175(GSAT_U1).
<http://purl.obolibrary.org/obo/BFO_0000004>(GSAT_U1):-q176(GSAT_U1).
<http://purl.obolibrary.org/obo/BFO_0000004>(GSAT_U1):-<http://purl.obolibrary.org/obo/BFO_0000053_some_http://purl.obolibrary.org/obo/PATO_0001505>(GSAT_U1).
<http://purl.obolibrary.org/obo/BFO_0000004>(GSAT_U1):-q177(GSAT_U1).
<http://purl.obolibrary.org/obo/BFO_0000004>(GSAT_U1):-q179(GSAT_U1).
<http://purl.obolibrary.org/obo/BFO_0000004>(GSAT_U1):-q180(GSAT_U1).
<http://purl.obolibrary.org/obo/BFO_0000004>(GSAT_U1):-<http://purl.obolibrary.org/obo/BFO_0000053_some_http://purl.obolibrary.org/obo/TAO_0001783>(GSAT_U1).
<http://purl.obolibrary.org/obo/BFO_0000004>(GSAT_U1):-q181(GSAT_U1).
<http://purl.obolibrary.org/obo/BFO_0000004>(GSAT_U1):-q183(GSAT_U1).
<http://purl.obolibrary.org/obo/BFO_0000004>(GSAT_U1):-q184(GSAT_U1).
<http://purl.obolibrary.org/obo/BFO_0000004>(GSAT_U1):-q185(GSAT_U1).
<http://purl.obolibrary.org/obo/BFO_0000004>(GSAT_U1):-q187(GSAT_U1).
<http://purl.obolibrary.org/obo/BFO_0000004>(GSAT_U1):-q189(GSAT_U1).
<http://purl.obolibrary.org/obo/BFO_0000004>(GSAT_U1):-q190(GSAT_U1).
<http://purl.obolibrary.org/obo/BFO_0000004>(GSAT_U1):-<http://purl.obolibrary.org/obo/BFO_0000053>(GSAT_U1,GSAT_U2).
<http://purl.obolibrary.org/obo/BFO_0000004>(GSAT_U1):-<http://purl.obolibrary.org/obo/ENVO_0002036>(GSAT_U1).
<http://purl.obolibrary.org/obo/BFO_0000004>(GSAT_U1):-<http://purl.obolibrary.org/obo/BFO_0000053_some_http://purl.obolibrary.org/obo/PATO_0000375>(GSAT_U1).
<http://kb.phenoscape.org/uuid/0f5c6124-e3df-4048-b5f1-f0fd6a36cfce-633>(GSAT_U1):-<http://kb.phenoscape.org/uuid/0f5c6124-e3df-4048-b5f1-f0fd6a36cfce-638>(GSAT_U1).
<http://purl.obolibrary.org/obo/TAO_0000657>(GSAT_U1):-q28(GSAT_U1).
q29(GSAT_U1):-<http://purl.obolibrary.org/obo/BFO_0000053_some_http://purl.obolibrary.org/obo/PATO_0001867>(GSAT_U1).
<http://purl.obolibrary.org/obo/BFO_0000004>(GSAT_U1):-<http://purl.obolibrary.org/obo/BFO_0000056>(GSAT_U1,GSAT_U2).
q30(GSAT_U1):-<http://purl.obolibrary.org/obo/BFO_0000053_some_http://purl.obolibrary.org/obo/PATO_0000406>(GSAT_U1).
<http://kb.phenoscape.org/uuid/0f5c6124-e3df-4048-b5f1-f0fd6a36cfce-417>(GSAT_U1):-<http://kb.phenoscape.org/uuid/0f5c6124-e3df-4048-b5f1-f0fd6a36cfce-428>(GSAT_U1).
<http://purl.obolibrary.org/obo/TAO_0001604>(GSAT_U1):-q31(GSAT_U1).
<http://purl.obolibrary.org/obo/BFO_0000004>(GSAT_U1):-<http://purl.obolibrary.org/obo/RO_0002150>(GSAT_U1,GSAT_U2).
<http://purl.obolibrary.org/obo/BFO_0000004>(GSAT_U1):-<http://purl.obolibrary.org/obo/RO_0002150>(GSAT_U2,GSAT_U1).
q32(GSAT_U1):-<http://purl.obolibrary.org/obo/BFO_0000053_some_http://purl.obolibrary.org/obo/PATO_0000407>(GSAT_U1).
<http://purl.obolibrary.org/obo/TAO_0000264>(GSAT_U1):-q33(GSAT_U1).
<http://kb.phenoscape.org/uuid/0f5c6124-e3df-4048-b5f1-f0fd6a36cfce-628>(GSAT_U1):-<http://kb.phenoscape.org/uuid/0f5c6124-e3df-4048-b5f1-f0fd6a36cfce-633>(GSAT_U1).
<http://purl.obolibrary.org/obo/TAO_0001971>(GSAT_U1):-q35(GSAT_U1).
<http://kb.phenoscape.org/uuid/0f5c6124-e3df-4048-b5f1-f0fd6a36cfce-598>(GSAT_U1):-<http://kb.phenoscape.org/uuid/0f5c6124-e3df-4048-b5f1-f0fd6a36cfce-608>(GSAT_U1).
<http://purl.obolibrary.org/obo/TAO_0001683>(GSAT_U1):-q36(GSAT_U1).
<http://purl.obolibrary.org/obo/PATO_0000141>(GSAT_U1):-q37(GSAT_U1).
<http://kb.phenoscape.org/uuid/0f5c6124-e3df-4048-b5f1-f0fd6a36cfce-911>(GSAT_U1):-<http://kb.phenoscape.org/uuid/0f5c6124-e3df-4048-b5f1-f0fd6a36cfce-917>(GSAT_U1).
<http://purl.obolibrary.org/obo/BFO_0000004>(GSAT_U1):-<http://purl.obolibrary.org/obo/BFO_0000053_some_http://purl.obolibrary.org/obo/TAO_0002044>(GSAT_U1).
<http://purl.obolibrary.org/obo/BFO_0000004>(GSAT_U1):-<http://purl.obolibrary.org/obo/BFO_0000053_some_http://purl.obolibrary.org/obo/PATO_0000587>(GSAT_U1).
<http://purl.obolibrary.org/obo/TAO_0000223>(GSAT_U1):-q38(GSAT_U1).
q39(GSAT_U1):-<http://kb.phenoscape.org/uuid/0f5c6124-e3df-4048-b5f1-f0fd6a36cfce-377>(GSAT_U1).
<http://purl.obolibrary.org/obo/TAO_0000657>(GSAT_U1):-q40(GSAT_U1).
<http://purl.obolibrary.org/obo/PATO_0000140>(GSAT_U1):-q41(GSAT_U1).
<http://purl.obolibrary.org/obo/TAO_0001753>(GSAT_U1):-q42(GSAT_U1).
<http://purl.obolibrary.org/obo/TAO_0000674>(GSAT_U1):-q43(GSAT_U1).
<http://purl.obolibrary.org/obo/GO_0044464>(GSAT_U1):-<http://purl.obolibrary.org/obo/GO_0016020>(GSAT_U1).
<http://kb.phenoscape.org/uuid/0f5c6124-e3df-4048-b5f1-f0fd6a36cfce-703>(GSAT_U1):-<http://kb.phenoscape.org/uuid/0f5c6124-e3df-4048-b5f1-f0fd6a36cfce-714>(GSAT_U1).
q44(GSAT_U1):-<http://kb.phenoscape.org/uuid/0f5c6124-e3df-4048-b5f1-f0fd6a36cfce-911>(GSAT_U1).
<http://purl.obolibrary.org/obo/TAO_0001968>(GSAT_U1):-q45(GSAT_U1).
<http://purl.obolibrary.org/obo/PATO_0000141>(GSAT_U1):-q46(GSAT_U1).
<http://kb.phenoscape.org/uuid/0f5c6124-e3df-4048-b5f1-f0fd6a36cfce-477>(GSAT_U1):-<http://kb.phenoscape.org/uuid/0f5c6124-e3df-4048-b5f1-f0fd6a36cfce-472>(GSAT_U1).
<http://purl.obolibrary.org/obo/BFO_0000004>(GSAT_U1):-<http://purl.obolibrary.org/obo/BFO_0000053_some_http://purl.obolibrary.org/obo/PATO_0000599>(GSAT_U1).
q47(GSAT_U1):-<http://kb.phenoscape.org/uuid/0f5c6124-e3df-4048-b5f1-f0fd6a36cfce-582>(GSAT_U1).
<http://purl.obolibrary.org/obo/TAO_0002058>(GSAT_U1):-q48(GSAT_U1).
q49(GSAT_U1):-<http://purl.obolibrary.org/obo/BFO_0000050_some_http://purl.obolibrary.org/obo/TAO_0001604>(GSAT_U1).
<http://purl.obolibrary.org/obo/TAO_0001709>(GSAT_U1):-q50(GSAT_U1).
q51(GSAT_U1):-<http://purl.obolibrary.org/obo/BFO_0000050_some_http://purl.obolibrary.org/obo/TAO_0000674>(GSAT_U1).
<http://purl.obolibrary.org/obo/TAO_0002075>(GSAT_U1):-q52(GSAT_U1).
<http://purl.obolibrary.org/obo/PATO_0000600>(GSAT_U1):-q53(GSAT_U1).
<http://kb.phenoscape.org/uuid/0f5c6124-e3df-4048-b5f1-f0fd6a36cfce-577>(GSAT_U1):-<http://kb.phenoscape.org/uuid/0f5c6124-e3df-4048-b5f1-f0fd6a36cfce-564>(GSAT_U1).
<http://kb.phenoscape.org/uuid/0f5c6124-e3df-4048-b5f1-f0fd6a36cfce-924>(GSAT_U1):-<http://kb.phenoscape.org/uuid/0f5c6124-e3df-4048-b5f1-f0fd6a36cfce-917>(GSAT_U1).
<http://kb.phenoscape.org/uuid/0f5c6124-e3df-4048-b5f1-f0fd6a36cfce-789>(GSAT_U1):-<http://kb.phenoscape.org/uuid/0f5c6124-e3df-4048-b5f1-f0fd6a36cfce-794>(GSAT_U1).
<http://purl.obolibrary.org/obo/TAO_0001405>(GSAT_U1):-q54(GSAT_U1).
<http://purl.obolibrary.org/obo/PATO_0000642>(GSAT_U1):-q55(GSAT_U1).
<http://purl.obolibrary.org/obo/TAO_0001834>(GSAT_U1):-q56(GSAT_U1).
<http://purl.obolibrary.org/obo/TAO_0001736>(GSAT_U1):-q58(GSAT_U1).
<http://purl.obolibrary.org/obo/PATO_0000141>(GSAT_U1):-q59(GSAT_U1).
<http://purl.obolibrary.org/obo/TAO_0001604>(GSAT_U1):-q60(GSAT_U1).
<http://purl.obolibrary.org/obo/CARO_0000003>(GSAT_U1):-<http://purl.obolibrary.org/obo/CARO_0000014>(GSAT_U1).
<http://purl.obolibrary.org/obo/TAO_0001834>(GSAT_U1):-q61(GSAT_U1).
<http://purl.obolibrary.org/obo/BSPO_0000084>(GSAT_U1):-q62(GSAT_U1).
<http://purl.obolibrary.org/obo/TAO_0000578>(GSAT_U1):-q63(GSAT_U1).
<http://purl.obolibrary.org/obo/PATO_0001505>(GSAT_U1):-q64(GSAT_U1).
<http://purl.obolibrary.org/obo/TAO_0001834>(GSAT_U1):-q65(GSAT_U1).
<http://purl.obolibrary.org/obo/TAO_0001971>(GSAT_U1):-q67(GSAT_U1).
<http://purl.obolibrary.org/obo/PATO_0000140>(GSAT_U1):-q68(GSAT_U1).
<http://purl.obolibrary.org/obo/BFO_0000004>(GSAT_U1):-<http://purl.obolibrary.org/obo/BFO_0000053_some_http://purl.obolibrary.org/obo/TAO_0001546>(GSAT_U1).
<http://purl.obolibrary.org/obo/BSPO_0000080>(GSAT_U1):-q69(GSAT_U1).
q70(GSAT_U1):-<http://kb.phenoscape.org/uuid/0f5c6124-e3df-4048-b5f1-f0fd6a36cfce-644>(GSAT_U1).
<http://purl.obolibrary.org/obo/TAO_0001789>(GSAT_U1):-q71(GSAT_U1).
q72(GSAT_U1):-<http://kb.phenoscape.org/uuid/0f5c6124-e3df-4048-b5f1-f0fd6a36cfce-570>(GSAT_U1).
<http://purl.obolibrary.org/obo/TAO_0002058>(GSAT_U1):-q73(GSAT_U1).
<http://purl.obolibrary.org/obo/PATO_0000141>(GSAT_U1):-q74(GSAT_U1).
<http://kb.phenoscape.org/uuid/0f5c6124-e3df-4048-b5f1-f0fd6a36cfce-697>(GSAT_U1):-<http://kb.phenoscape.org/uuid/0f5c6124-e3df-4048-b5f1-f0fd6a36cfce-692>(GSAT_U1).
<http://purl.obolibrary.org/obo/BFO_0000004>(GSAT_U1):-<http://purl.obolibrary.org/obo/BFO_0000053_some_http://purl.obolibrary.org/obo/PATO_0001875>(GSAT_U1).
<http://purl.obolibrary.org/obo/TAO_0001709>(GSAT_U1):-q75(GSAT_U1).
<http://purl.obolibrary.org/obo/BFO_0000004>(GSAT_U1):-<http://purl.obolibrary.org/obo/BFO_0000053_some_http://purl.obolibrary.org/obo/TAO_0000250>(GSAT_U1).
<http://purl.obolibrary.org/obo/TAO_0001834>(GSAT_U1):-q76(GSAT_U1).
<http://purl.obolibrary.org/obo/BSPO_0000079>(GSAT_U1):-q77(GSAT_U1).
q78(GSAT_U1):-<http://purl.obolibrary.org/obo/BFO_0000053_some_http://purl.obolibrary.org/obo/PATO_0000587>(GSAT_U1).
<http://kb.phenoscape.org/uuid/0f5c6124-e3df-4048-b5f1-f0fd6a36cfce-230>(GSAT_U1):-<http://kb.phenoscape.org/uuid/0f5c6124-e3df-4048-b5f1-f0fd6a36cfce-225>(GSAT_U1).
q79(GSAT_U1):-<http://purl.obolibrary.org/obo/BFO_0000053_some_http://purl.obolibrary.org/obo/PATO_0000595>(GSAT_U1).
<http://purl.obolibrary.org/obo/BFO_0000004>(GSAT_U1):-<http://purl.obolibrary.org/obo/BFO_0000053_some_http://purl.obolibrary.org/obo/TAO_0002070>(GSAT_U1).
<http://purl.obolibrary.org/obo/TAO_0001683>(GSAT_U1):-q80(GSAT_U1).
q22(GSAT_U1):-<http://kb.phenoscape.org/uuid/0f5c6124-e3df-4048-b5f1-f0fd6a36cfce-789>(GSAT_U1).
q66(GSAT_U1):-<http://kb.phenoscape.org/uuid/0f5c6124-e3df-4048-b5f1-f0fd6a36cfce-608>(GSAT_U1).
<http://kb.phenoscape.org/uuid/0f5c6124-e3df-4048-b5f1-f0fd6a36cfce-225>(GSAT_U1):-<http://kb.phenoscape.org/uuid/0f5c6124-e3df-4048-b5f1-f0fd6a36cfce-230>(GSAT_U1).
<http://kb.phenoscape.org/uuid/0f5c6124-e3df-4048-b5f1-f0fd6a36cfce-366>(GSAT_U1):-<http://kb.phenoscape.org/uuid/0f5c6124-e3df-4048-b5f1-f0fd6a36cfce-372>(GSAT_U1).
<http://kb.phenoscape.org/uuid/0f5c6124-e3df-4048-b5f1-f0fd6a36cfce-577>(GSAT_U1):-<http://kb.phenoscape.org/uuid/0f5c6124-e3df-4048-b5f1-f0fd6a36cfce-582>(GSAT_U1).
<http://purl.obolibrary.org/obo/TAO_0002075>(GSAT_U1):-q81(GSAT_U1).
<http://purl.obolibrary.org/obo/PATO_0000117>(GSAT_U1):-q82(GSAT_U1).
<http://kb.phenoscape.org/uuid/0f5c6124-e3df-4048-b5f1-f0fd6a36cfce-668>(GSAT_U1):-<http://kb.phenoscape.org/uuid/0f5c6124-e3df-4048-b5f1-f0fd6a36cfce-663>(GSAT_U1).
<http://purl.obolibrary.org/obo/BSPO_0000680>(GSAT_U1):-q83(GSAT_U1).
<http://purl.obolibrary.org/obo/TAO_0000500>(GSAT_U1):-q84(GSAT_U1).
<http://kb.phenoscape.org/uuid/0f5c6124-e3df-4048-b5f1-f0fd6a36cfce-301>(GSAT_U1):-<http://kb.phenoscape.org/uuid/0f5c6124-e3df-4048-b5f1-f0fd6a36cfce-319>(GSAT_U1).
q72(GSAT_U1):-<http://kb.phenoscape.org/uuid/0f5c6124-e3df-4048-b5f1-f0fd6a36cfce-564>(GSAT_U1).
<http://kb.phenoscape.org/uuid/0f5c6124-e3df-4048-b5f1-f0fd6a36cfce-644>(GSAT_U1):-<http://kb.phenoscape.org/uuid/0f5c6124-e3df-4048-b5f1-f0fd6a36cfce-653>(GSAT_U1).
q70(GSAT_U1):-<http://kb.phenoscape.org/uuid/0f5c6124-e3df-4048-b5f1-f0fd6a36cfce-653>(GSAT_U1).
<http://kb.phenoscape.org/uuid/0f5c6124-e3df-4048-b5f1-f0fd6a36cfce-767>(GSAT_U1):-<http://kb.phenoscape.org/uuid/0f5c6124-e3df-4048-b5f1-f0fd6a36cfce-761>(GSAT_U1).
<http://purl.obolibrary.org/obo/BFO_0000001>(GSAT_U1):-<http://purl.obolibrary.org/obo/BFO_0000003>(GSAT_U1).
q85(GSAT_U1):-<http://kb.phenoscape.org/uuid/0f5c6124-e3df-4048-b5f1-f0fd6a36cfce-692>(GSAT_U1).
<http://purl.obolibrary.org/obo/TAO_0002094>(GSAT_U1):-q86(GSAT_U1).
<http://purl.obolibrary.org/obo/BFO_0000004>(GSAT_U1):-<http://purl.obolibrary.org/obo/BFO_0000053_some_http://purl.obolibrary.org/obo/PATO_0000407>(GSAT_U1).
<http://kb.phenoscape.org/uuid/0f5c6124-e3df-4048-b5f1-f0fd6a36cfce-594>(GSAT_U1):-<http://kb.phenoscape.org/uuid/0f5c6124-e3df-4048-b5f1-f0fd6a36cfce-604>(GSAT_U1).
<http://kb.phenoscape.org/uuid/0f5c6124-e3df-4048-b5f1-f0fd6a36cfce-794>(GSAT_U1):-<http://kb.phenoscape.org/uuid/0f5c6124-e3df-4048-b5f1-f0fd6a36cfce-789>(GSAT_U1).
<http://purl.obolibrary.org/obo/TAO_0000578>(GSAT_U1):-q87(GSAT_U1).
<http://purl.obolibrary.org/obo/PATO_0001961>(GSAT_U1):-q88(GSAT_U1).
<http://kb.phenoscape.org/uuid/0f5c6124-e3df-4048-b5f1-f0fd6a36cfce-604>(GSAT_U1):-<http://kb.phenoscape.org/uuid/0f5c6124-e3df-4048-b5f1-f0fd6a36cfce-594>(GSAT_U1).
<http://purl.obolibrary.org/obo/BFO_0000004>(GSAT_U1):-<http://purl.obolibrary.org/obo/BFO_0000053_some_http://purl.obolibrary.org/obo/PATO_0000060>(GSAT_U1).
q5(GSAT_U1):-<http://kb.phenoscape.org/uuid/0f5c6124-e3df-4048-b5f1-f0fd6a36cfce-220>(GSAT_U1).
q89(GSAT_U1):-<http://purl.obolibrary.org/obo/BFO_0000053_some_http://purl.obolibrary.org/obo/PATO_0001875>(GSAT_U1).
q90(GSAT_U1):-<http://purl.obolibrary.org/obo/BFO_0000053_some_http://purl.obolibrary.org/obo/PATO_0001937>(GSAT_U1).
q91(GSAT_U1):-<http://kb.phenoscape.org/uuid/0f5c6124-e3df-4048-b5f1-f0fd6a36cfce-337>(GSAT_U1).
<http://purl.obolibrary.org/obo/TAO_0000657>(GSAT_U1):-q92(GSAT_U1).
<http://purl.obolibrary.org/obo/BFO_0000004>(GSAT_U1):-<http://purl.obolibrary.org/obo/BFO_0000053_some_http://purl.obolibrary.org/obo/PATO_0000117>(GSAT_U1).
<http://purl.obolibrary.org/obo/TAO_0001683>(GSAT_U1):-q93(GSAT_U1).
<http://purl.obolibrary.org/obo/PATO_0000141>(GSAT_U1):-q94(GSAT_U1).
<http://purl.obolibrary.org/obo/TAO_0001834>(GSAT_U1):-q95(GSAT_U1).
<http://purl.obolibrary.org/obo/BSPO_0000071>(GSAT_U1):-q96(GSAT_U1).
<http://purl.obolibrary.org/obo/BSPO_0000026>(GSAT_U1):-q97(GSAT_U1).
q98(GSAT_U1):-<http://kb.phenoscape.org/uuid/0f5c6124-e3df-4048-b5f1-f0fd6a36cfce-720>(GSAT_U1).
<http://purl.obolibrary.org/obo/TAO_0002094>(GSAT_U1):-q99(GSAT_U1).
<http://purl.obolibrary.org/obo/PATO_0000141>(GSAT_U1):-q100(GSAT_U1).
q101(GSAT_U1):-<http://kb.phenoscape.org/uuid/0f5c6124-e3df-4048-b5f1-f0fd6a36cfce-423>(GSAT_U1).
<http://purl.obolibrary.org/obo/TAO_0001736>(GSAT_U1):-q102(GSAT_U1).
<http://purl.obolibrary.org/obo/PATO_0000141>(GSAT_U1):-q103(GSAT_U1).
q101(GSAT_U1):-<http://kb.phenoscape.org/uuid/0f5c6124-e3df-4048-b5f1-f0fd6a36cfce-412>(GSAT_U1).
q5(GSAT_U1):-<http://kb.phenoscape.org/uuid/0f5c6124-e3df-4048-b5f1-f0fd6a36cfce-230>(GSAT_U1).
q104(GSAT_U1):-<http://purl.obolibrary.org/obo/BFO_0000053_some_http://purl.obolibrary.org/obo/PATO_0001883>(GSAT_U1).
q105(GSAT_U1):-<http://purl.obolibrary.org/obo/BFO_0000050_some_http://purl.obolibrary.org/obo/TAO_0000264>(GSAT_U1).
q106(GSAT_U1):-<http://kb.phenoscape.org/uuid/0f5c6124-e3df-4048-b5f1-f0fd6a36cfce-331>(GSAT_U1).
<http://purl.obolibrary.org/obo/TAO_0000311>(GSAT_U1):-q107(GSAT_U1).
q108(GSAT_U1):-<http://purl.obolibrary.org/obo/BFO_0000050_some_http://purl.obolibrary.org/obo/TAO_0001419>(GSAT_U1).
<http://purl.obolibrary.org/obo/TAO_0002024>(GSAT_U1):-q110(GSAT_U1).
<http://purl.obolibrary.org/obo/PATO_0000122>(GSAT_U1):-q111(GSAT_U1).
<http://purl.obolibrary.org/obo/TAO_0001683>(GSAT_U1):-q112(GSAT_U1).
<http://purl.obolibrary.org/obo/PATO_0000141>(GSAT_U1):-q113(GSAT_U1).
<http://kb.phenoscape.org/uuid/0f5c6124-e3df-4048-b5f1-f0fd6a36cfce-692>(GSAT_U1):-<http://kb.phenoscape.org/uuid/0f5c6124-e3df-4048-b5f1-f0fd6a36cfce-697>(GSAT_U1).
<http://purl.obolibrary.org/obo/TAO_0000223>(GSAT_U1):-q114(GSAT_U1).
<http://purl.obolibrary.org/obo/TAO_0001604>(GSAT_U1):-q115(GSAT_U1).
<http://purl.obolibrary.org/obo/GO_0044464>(GSAT_U1):-<http://purl.obolibrary.org/obo/GO_0042995>(GSAT_U1).
q5(GSAT_U1):-<http://kb.phenoscape.org/uuid/0f5c6124-e3df-4048-b5f1-f0fd6a36cfce-225>(GSAT_U1).
<http://kb.phenoscape.org/uuid/0f5c6124-e3df-4048-b5f1-f0fd6a36cfce-708>(GSAT_U1):-<http://kb.phenoscape.org/uuid/0f5c6124-e3df-4048-b5f1-f0fd6a36cfce-714>(GSAT_U1).
<http://purl.obolibrary.org/obo/TAO_0000674>(GSAT_U1):-q116(GSAT_U1).
<http://purl.obolibrary.org/obo/PATO_0000374>(GSAT_U1):-q117(GSAT_U1).
<http://purl.obolibrary.org/obo/BFO_0000004>(GSAT_U1):-<http://purl.obolibrary.org/obo/BFO_0000053_some_http://purl.obolibrary.org/obo/TAO_0001968>(GSAT_U1).
q118(GSAT_U1):-<http://kb.phenoscape.org/uuid/0f5c6124-e3df-4048-b5f1-f0fd6a36cfce-472>(GSAT_U1).
<http://purl.obolibrary.org/obo/TAO_0000264>(GSAT_U1):-q119(GSAT_U1).
<http://purl.obolibrary.org/obo/TAO_0001787>(GSAT_U1):-q121(GSAT_U1).
q122(GSAT_U1):-<http://kb.phenoscape.org/uuid/0f5c6124-e3df-4048-b5f1-f0fd6a36cfce-291>(GSAT_U1).
<http://purl.obolibrary.org/obo/TAO_0000223>(GSAT_U1):-q123(GSAT_U1).
<http://purl.obolibrary.org/obo/PATO_0000140>(GSAT_U1):-q124(GSAT_U1).
<http://purl.obolibrary.org/obo/BFO_0000004>(GSAT_U1):-<http://purl.obolibrary.org/obo/BFO_0000053_some_http://purl.obolibrary.org/obo/TAO_0000368>(GSAT_U1).
q125(GSAT_U1):-<http://kb.phenoscape.org/uuid/0f5c6124-e3df-4048-b5f1-f0fd6a36cfce-389>(GSAT_U1).
<http://purl.obolibrary.org/obo/BSPO_0000080>(GSAT_U1):-q126(GSAT_U1).
<http://purl.obolibrary.org/obo/BFO_0000004>(GSAT_U1):-<http://purl.obolibrary.org/obo/BFO_0000053_some_http://purl.obolibrary.org/obo/TAO_0000264>(GSAT_U1).
<http://kb.phenoscape.org/uuid/0f5c6124-e3df-4048-b5f1-f0fd6a36cfce-423>(GSAT_U1):-<http://kb.phenoscape.org/uuid/0f5c6124-e3df-4048-b5f1-f0fd6a36cfce-412>(GSAT_U1).
<http://purl.obolibrary.org/obo/BFO_0000001>(GSAT_U1):-<http://purl.obolibrary.org/obo/BFO_0000002>(GSAT_U1).
q11(GSAT_U1):-<http://kb.phenoscape.org/uuid/0f5c6124-e3df-4048-b5f1-f0fd6a36cfce-638>(GSAT_U1).
<http://purl.obolibrary.org/obo/CARO_0000014>(GSAT_U1):-<http://purl.obolibrary.org/obo/GO_0044456>(GSAT_U1).
<http://purl.obolibrary.org/obo/GO_0016020>(GSAT_U1):-<http://purl.obolibrary.org/obo/GO_0045211>(GSAT_U1).
<http://purl.obolibrary.org/obo/TAO_0002011>(GSAT_U1):-q127(GSAT_U1).
<http://purl.obolibrary.org/obo/TAO_0000657>(GSAT_U1):-q128(GSAT_U1).
<http://purl.obolibrary.org/obo/TAO_0002071>(GSAT_U1):-q129(GSAT_U1).
q98(GSAT_U1):-<http://kb.phenoscape.org/uuid/0f5c6124-e3df-4048-b5f1-f0fd6a36cfce-733>(GSAT_U1).
q130(GSAT_U1):-<http://purl.obolibrary.org/obo/BFO_0000053_some_http://purl.obolibrary.org/obo/PATO_0000052>(GSAT_U1).
<http://kb.phenoscape.org/uuid/0f5c6124-e3df-4048-b5f1-f0fd6a36cfce-564>(GSAT_U1):-<http://kb.phenoscape.org/uuid/0f5c6124-e3df-4048-b5f1-f0fd6a36cfce-570>(GSAT_U1).
<http://kb.phenoscape.org/uuid/0f5c6124-e3df-4048-b5f1-f0fd6a36cfce-582>(GSAT_U1):-<http://kb.phenoscape.org/uuid/0f5c6124-e3df-4048-b5f1-f0fd6a36cfce-570>(GSAT_U1).
<http://kb.phenoscape.org/uuid/0f5c6124-e3df-4048-b5f1-f0fd6a36cfce-703>(GSAT_U1):-<http://kb.phenoscape.org/uuid/0f5c6124-e3df-4048-b5f1-f0fd6a36cfce-733>(GSAT_U1).
<http://purl.obolibrary.org/obo/TAO_0000578>(GSAT_U1):-q131(GSAT_U1).
<http://kb.phenoscape.org/uuid/0f5c6124-e3df-4048-b5f1-f0fd6a36cfce-582>(GSAT_U1):-<http://kb.phenoscape.org/uuid/0f5c6124-e3df-4048-b5f1-f0fd6a36cfce-564>(GSAT_U1).
<http://kb.phenoscape.org/uuid/0f5c6124-e3df-4048-b5f1-f0fd6a36cfce-230>(GSAT_U1):-<http://kb.phenoscape.org/uuid/0f5c6124-e3df-4048-b5f1-f0fd6a36cfce-235>(GSAT_U1).
q57(GSAT_U1):-<http://kb.phenoscape.org/uuid/0f5c6124-e3df-4048-b5f1-f0fd6a36cfce-428>(GSAT_U1).
<http://kb.phenoscape.org/uuid/0f5c6124-e3df-4048-b5f1-f0fd6a36cfce-405>(GSAT_U1):-<http://kb.phenoscape.org/uuid/0f5c6124-e3df-4048-b5f1-f0fd6a36cfce-389>(GSAT_U1).
<http://kb.phenoscape.org/uuid/0f5c6124-e3df-4048-b5f1-f0fd6a36cfce-291>(GSAT_U1):-<http://kb.phenoscape.org/uuid/0f5c6124-e3df-4048-b5f1-f0fd6a36cfce-301>(GSAT_U1).
<http://purl.obolibrary.org/obo/BFO_0000003>(GSAT_U1):-<http://purl.obolibrary.org/obo/BFO_0000056>(GSAT_U2,GSAT_U1).
<http://purl.obolibrary.org/obo/TAO_0001752>(GSAT_U1):-q132(GSAT_U1).
<http://purl.obolibrary.org/obo/TAO_0000594>(GSAT_U1):-q133(GSAT_U1).
<http://purl.obolibrary.org/obo/PATO_0001961>(GSAT_U1):-q134(GSAT_U1).
q109(GSAT_U1):-<http://kb.phenoscape.org/uuid/0f5c6124-e3df-4048-b5f1-f0fd6a36cfce-904>(GSAT_U1).
q135(GSAT_U1):-<http://purl.obolibrary.org/obo/BFO_0000053_some_http://purl.obolibrary.org/obo/PATO_0000574>(GSAT_U1).
<http://purl.obolibrary.org/obo/TAO_0000657>(GSAT_U1):-q136(GSAT_U1).
<http://kb.phenoscape.org/uuid/0f5c6124-e3df-4048-b5f1-f0fd6a36cfce-657>(GSAT_U1):-<http://kb.phenoscape.org/uuid/0f5c6124-e3df-4048-b5f1-f0fd6a36cfce-648>(GSAT_U1).
<http://kb.phenoscape.org/uuid/0f5c6124-e3df-4048-b5f1-f0fd6a36cfce-924>(GSAT_U1):-<http://kb.phenoscape.org/uuid/0f5c6124-e3df-4048-b5f1-f0fd6a36cfce-930>(GSAT_U1).
<http://purl.obolibrary.org/obo/BFO_0000004>(GSAT_U1):-<http://purl.obolibrary.org/obo/RO_0002202>(GSAT_U2,GSAT_U1).
<http://purl.obolibrary.org/obo/BFO_0000004>(GSAT_U1):-<http://purl.obolibrary.org/obo/RO_0002202>(GSAT_U1,GSAT_U2).
<http://kb.phenoscape.org/uuid/0f5c6124-e3df-4048-b5f1-f0fd6a36cfce-930>(GSAT_U1):-<http://kb.phenoscape.org/uuid/0f5c6124-e3df-4048-b5f1-f0fd6a36cfce-924>(GSAT_U1).
<http://purl.obolibrary.org/obo/BFO_0000004>(GSAT_U1):-<http://purl.obolibrary.org/obo/BFO_0000053_some_http://purl.obolibrary.org/obo/TAO_0000661>(GSAT_U1).
<http://kb.phenoscape.org/uuid/0f5c6124-e3df-4048-b5f1-f0fd6a36cfce-663>(GSAT_U1):-<http://kb.phenoscape.org/uuid/0f5c6124-e3df-4048-b5f1-f0fd6a36cfce-668>(GSAT_U1).
<http://purl.obolibrary.org/obo/CL_0000000>(GSAT_U1):-<http://purl.obolibrary.org/obo/CL_0000540>(GSAT_U1).
q25(GSAT_U1):-<http://kb.phenoscape.org/uuid/0f5c6124-e3df-4048-b5f1-f0fd6a36cfce-663>(GSAT_U1).
<http://purl.obolibrary.org/obo/TAO_0001405>(GSAT_U1):-q137(GSAT_U1).
<http://purl.obolibrary.org/obo/PATO_0001505>(GSAT_U1):-q138(GSAT_U1).
q91(GSAT_U1):-<http://kb.phenoscape.org/uuid/0f5c6124-e3df-4048-b5f1-f0fd6a36cfce-346>(GSAT_U1).
<http://purl.obolibrary.org/obo/TAO_0001865>(GSAT_U1):-q139(GSAT_U1).
<http://purl.obolibrary.org/obo/TAO_0000674>(GSAT_U1):-q140(GSAT_U1).
<http://purl.obolibrary.org/obo/BFO_0000004>(GSAT_U1):-<http://purl.obolibrary.org/obo/BFO_0000053_some_http://purl.obolibrary.org/obo/PATO_0001193>(GSAT_U1).
q39(GSAT_U1):-<http://kb.phenoscape.org/uuid/0f5c6124-e3df-4048-b5f1-f0fd6a36cfce-361>(GSAT_U1).
<http://purl.obolibrary.org/obo/BFO_0000002>(GSAT_U1):-<http://purl.obolibrary.org/obo/BFO_0000004>(GSAT_U1).
q141(GSAT_U1):-<http://kb.phenoscape.org/uuid/0f5c6124-e3df-4048-b5f1-f0fd6a36cfce-891>(GSAT_U1).
<http://purl.obolibrary.org/obo/TAO_0001969>(GSAT_U1):-q142(GSAT_U1).
<http://purl.obolibrary.org/obo/PATO_0000141>(GSAT_U1):-q143(GSAT_U1).
q144(GSAT_U1):-<http://purl.obolibrary.org/obo/BFO_0000053_some_http://purl.obolibrary.org/obo/PATO_0000117>(GSAT_U1).
q106(GSAT_U1):-<http://kb.phenoscape.org/uuid/0f5c6124-e3df-4048-b5f1-f0fd6a36cfce-326>(GSAT_U1).
<http://purl.obolibrary.org/obo/BFO_0000004>(GSAT_U1):-<http://purl.obolibrary.org/obo/BFO_0000053_some_http://purl.obolibrary.org/obo/PATO_0000467>(GSAT_U1).
<http://purl.obolibrary.org/obo/BFO_0000040>(GSAT_U1):-<http://purl.obolibrary.org/obo/CARO_0000006>(GSAT_U1).
q145(GSAT_U1):-<http://kb.phenoscape.org/uuid/0f5c6124-e3df-4048-b5f1-f0fd6a36cfce-372>(GSAT_U1).
<http://purl.obolibrary.org/obo/TAO_0000657>(GSAT_U1):-q146(GSAT_U1).
<http://purl.obolibrary.org/obo/PATO_0000140>(GSAT_U1):-q147(GSAT_U1).
<http://kb.phenoscape.org/uuid/0f5c6124-e3df-4048-b5f1-f0fd6a36cfce-638>(GSAT_U1):-<http://kb.phenoscape.org/uuid/0f5c6124-e3df-4048-b5f1-f0fd6a36cfce-633>(GSAT_U1).
q125(GSAT_U1):-<http://kb.phenoscape.org/uuid/0f5c6124-e3df-4048-b5f1-f0fd6a36cfce-405>(GSAT_U1).
<http://purl.obolibrary.org/obo/BFO_0000004>(GSAT_U1):-<http://purl.obolibrary.org/obo/BFO_0000053_some_http://purl.obolibrary.org/obo/PATO_0000140>(GSAT_U1).
q47(GSAT_U1):-<http://kb.phenoscape.org/uuid/0f5c6124-e3df-4048-b5f1-f0fd6a36cfce-577>(GSAT_U1).
<http://purl.obolibrary.org/obo/CARO_0000003>(GSAT_U1):-<http://purl.obolibrary.org/obo/CARO_0001000>(GSAT_U1).
<http://purl.obolibrary.org/obo/TAO_0001834>(GSAT_U1):-q148(GSAT_U1).
<http://purl.obolibrary.org/obo/BFO_0000003>(GSAT_U1):-<http://purl.obolibrary.org/obo/BFO_0000007>(GSAT_U1).
q141(GSAT_U1):-<http://kb.phenoscape.org/uuid/0f5c6124-e3df-4048-b5f1-f0fd6a36cfce-885>(GSAT_U1).
<http://purl.obolibrary.org/obo/TAO_0001834>(GSAT_U1):-q149(GSAT_U1).
<http://kb.phenoscape.org/uuid/0f5c6124-e3df-4048-b5f1-f0fd6a36cfce-428>(GSAT_U1):-<http://kb.phenoscape.org/uuid/0f5c6124-e3df-4048-b5f1-f0fd6a36cfce-417>(GSAT_U1).
q118(GSAT_U1):-<http://kb.phenoscape.org/uuid/0f5c6124-e3df-4048-b5f1-f0fd6a36cfce-477>(GSAT_U1).
<http://kb.phenoscape.org/uuid/0f5c6124-e3df-4048-b5f1-f0fd6a36cfce-653>(GSAT_U1):-<http://kb.phenoscape.org/uuid/0f5c6124-e3df-4048-b5f1-f0fd6a36cfce-644>(GSAT_U1).
<http://purl.obolibrary.org/obo/BFO_0000004>(GSAT_U1):-<http://purl.obolibrary.org/obo/BFO_0000053_some_http://purl.obolibrary.org/obo/PATO_0000595>(GSAT_U1).
q85(GSAT_U1):-<http://kb.phenoscape.org/uuid/0f5c6124-e3df-4048-b5f1-f0fd6a36cfce-697>(GSAT_U1).
<http://purl.obolibrary.org/obo/TAO_0001752>(GSAT_U1):-q150(GSAT_U1).
<http://kb.phenoscape.org/uuid/0f5c6124-e3df-4048-b5f1-f0fd6a36cfce-377>(GSAT_U1):-<http://kb.phenoscape.org/uuid/0f5c6124-e3df-4048-b5f1-f0fd6a36cfce-361>(GSAT_U1).
<http://purl.obolibrary.org/obo/BFO_0000004>(GSAT_U1):-<http://purl.obolibrary.org/obo/BFO_0000053_some_http://purl.obolibrary.org/obo/TAO_0000627>(GSAT_U1).
<http://kb.phenoscape.org/uuid/0f5c6124-e3df-4048-b5f1-f0fd6a36cfce-319>(GSAT_U1):-<http://kb.phenoscape.org/uuid/0f5c6124-e3df-4048-b5f1-f0fd6a36cfce-301>(GSAT_U1).
<http://purl.obolibrary.org/obo/BFO_0000004>(GSAT_U1):-<http://purl.obolibrary.org/obo/BFO_0000053_some_http://purl.obolibrary.org/obo/TAO_0000332>(GSAT_U1).
<http://kb.phenoscape.org/uuid/0f5c6124-e3df-4048-b5f1-f0fd6a36cfce-761>(GSAT_U1):-<http://kb.phenoscape.org/uuid/0f5c6124-e3df-4048-b5f1-f0fd6a36cfce-755>(GSAT_U1).
<http://purl.obolibrary.org/obo/GO_0044456>(GSAT_U1):-<http://purl.obolibrary.org/obo/GO_0042734>(GSAT_U1).
<http://purl.obolibrary.org/obo/BFO_0000004>(GSAT_U1):-<http://purl.obolibrary.org/obo/BFO_0000053_some_http://purl.obolibrary.org/obo/PATO_0000374>(GSAT_U1).
q44(GSAT_U1):-<http://kb.phenoscape.org/uuid/0f5c6124-e3df-4048-b5f1-f0fd6a36cfce-917>(GSAT_U1).
<http://purl.obolibrary.org/obo/BFO_0000004>(GSAT_U1):-<http://purl.obolibrary.org/obo/BFO_0000053_some_http://purl.obolibrary.org/obo/PATO_0000600>(GSAT_U1).
<http://purl.obolibrary.org/obo/TAO_0002071>(GSAT_U1):-q151(GSAT_U1).
<http://purl.obolibrary.org/obo/PATO_0000600>(GSAT_U1):-q152(GSAT_U1).
<http://purl.obolibrary.org/obo/TAO_0001865>(GSAT_U1):-q153(GSAT_U1).
<http://kb.phenoscape.org/uuid/0f5c6124-e3df-4048-b5f1-f0fd6a36cfce-904>(GSAT_U1):-<http://kb.phenoscape.org/uuid/0f5c6124-e3df-4048-b5f1-f0fd6a36cfce-898>(GSAT_U1).
<http://purl.obolibrary.org/obo/BFO_0000004>(GSAT_U1):-<http://purl.obolibrary.org/obo/BFO_0000053_some_http://purl.obolibrary.org/obo/PATO_0000052>(GSAT_U1).
<http://purl.obolibrary.org/obo/TAO_0000674>(GSAT_U1):-q154(GSAT_U1).
<http://purl.obolibrary.org/obo/PATO_0000375>(GSAT_U1):-q155(GSAT_U1).
<http://purl.obolibrary.org/obo/TAO_0001501>(GSAT_U1):-q156(GSAT_U1).
<http://kb.phenoscape.org/uuid/0f5c6124-e3df-4048-b5f1-f0fd6a36cfce-337>(GSAT_U1):-<http://kb.phenoscape.org/uuid/0f5c6124-e3df-4048-b5f1-f0fd6a36cfce-346>(GSAT_U1).
<http://kb.phenoscape.org/uuid/0f5c6124-e3df-4048-b5f1-f0fd6a36cfce-917>(GSAT_U1):-<http://kb.phenoscape.org/uuid/0f5c6124-e3df-4048-b5f1-f0fd6a36cfce-924>(GSAT_U1).
<http://kb.phenoscape.org/uuid/0f5c6124-e3df-4048-b5f1-f0fd6a36cfce-703>(GSAT_U1):-<http://kb.phenoscape.org/uuid/0f5c6124-e3df-4048-b5f1-f0fd6a36cfce-720>(GSAT_U1).
q122(GSAT_U1):-<http://kb.phenoscape.org/uuid/0f5c6124-e3df-4048-b5f1-f0fd6a36cfce-301>(GSAT_U1).
<http://kb.phenoscape.org/uuid/0f5c6124-e3df-4048-b5f1-f0fd6a36cfce-225>(GSAT_U1):-<http://kb.phenoscape.org/uuid/0f5c6124-e3df-4048-b5f1-f0fd6a36cfce-220>(GSAT_U1).
q157(GSAT_U1):-<http://purl.obolibrary.org/obo/BFO_0000053_some_http://purl.obolibrary.org/obo/PATO_0000140>(GSAT_U1).
<http://purl.obolibrary.org/obo/BFO_0000004>(GSAT_U1):-<http://purl.obolibrary.org/obo/BFO_0000053_some_http://purl.obolibrary.org/obo/TAO_0002024>(GSAT_U1).
q158(GSAT_U1):-<http://purl.obolibrary.org/obo/BFO_0000053_some_http://purl.obolibrary.org/obo/PATO_0000600>(GSAT_U1).
<http://purl.obolibrary.org/obo/TAO_0001753>(GSAT_U1):-q159(GSAT_U1).
q44(GSAT_U1):-<http://kb.phenoscape.org/uuid/0f5c6124-e3df-4048-b5f1-f0fd6a36cfce-924>(GSAT_U1).
<http://purl.obolibrary.org/obo/TAO_0002058>(GSAT_U1):-q160(GSAT_U1).
<http://purl.obolibrary.org/obo/PATO_0000642>(GSAT_U1):-q161(GSAT_U1).
<http://kb.phenoscape.org/uuid/0f5c6124-e3df-4048-b5f1-f0fd6a36cfce-708>(GSAT_U1):-<http://kb.phenoscape.org/uuid/0f5c6124-e3df-4048-b5f1-f0fd6a36cfce-703>(GSAT_U1).
<http://kb.phenoscape.org/uuid/0f5c6124-e3df-4048-b5f1-f0fd6a36cfce-727>(GSAT_U1):-<http://kb.phenoscape.org/uuid/0f5c6124-e3df-4048-b5f1-f0fd6a36cfce-720>(GSAT_U1).
<http://purl.obolibrary.org/obo/BFO_0000004>(GSAT_U1):-<http://purl.obolibrary.org/obo/BFO_0000053_some_http://purl.obolibrary.org/obo/PATO_0001883>(GSAT_U1).
<http://kb.phenoscape.org/uuid/0f5c6124-e3df-4048-b5f1-f0fd6a36cfce-301>(GSAT_U1):-<http://kb.phenoscape.org/uuid/0f5c6124-e3df-4048-b5f1-f0fd6a36cfce-291>(GSAT_U1).
<http://purl.obolibrary.org/obo/BFO_0000004>(GSAT_U1):-<http://purl.obolibrary.org/obo/BFO_0000053_some_http://purl.obolibrary.org/obo/TAO_0000047>(GSAT_U1).
q162(GSAT_U1):-<http://purl.obolibrary.org/obo/BFO_0000053_some_http://purl.obolibrary.org/obo/PATO_0000025>(GSAT_U1).
<http://purl.obolibrary.org/obo/TAO_0001834>(GSAT_U1):-q163(GSAT_U1).
<http://purl.obolibrary.org/obo/BFO_0000004>(GSAT_U1):-<http://purl.obolibrary.org/obo/BFO_0000053_some_http://purl.obolibrary.org/obo/TAO_0002074>(GSAT_U1).
<http://kb.phenoscape.org/uuid/0f5c6124-e3df-4048-b5f1-f0fd6a36cfce-685>(GSAT_U1):-<http://kb.phenoscape.org/uuid/0f5c6124-e3df-4048-b5f1-f0fd6a36cfce-679>(GSAT_U1).
<http://purl.obolibrary.org/obo/CARO_0000006>(GSAT_U1):-<http://purl.obolibrary.org/obo/CARO_0000003>(GSAT_U1).
<http://purl.obolibrary.org/obo/TAO_0001834>(GSAT_U1):-q164(GSAT_U1).
<http://purl.obolibrary.org/obo/GO_0042995>(GSAT_U1):-<http://purl.obolibrary.org/obo/GO_0043005>(GSAT_U1).
<http://purl.obolibrary.org/obo/TAO_0000264>(GSAT_U1):-q165(GSAT_U1).
<http://purl.obolibrary.org/obo/BFO_0000004>(GSAT_U1):-<http://purl.obolibrary.org/obo/BFO_0000053_some_http://purl.obolibrary.org/obo/PATO_0001937>(GSAT_U1).
<http://purl.obolibrary.org/obo/TAO_0002075>(GSAT_U1):-q166(GSAT_U1).
<http://kb.phenoscape.org/uuid/0f5c6124-e3df-4048-b5f1-f0fd6a36cfce-577>(GSAT_U1):-<http://kb.phenoscape.org/uuid/0f5c6124-e3df-4048-b5f1-f0fd6a36cfce-570>(GSAT_U1).
<http://purl.obolibrary.org/obo/CARO_0000014>(GSAT_U1):-<http://purl.obolibrary.org/obo/GO_0045202>(GSAT_U1).
<http://purl.obolibrary.org/obo/BFO_0000004>(GSAT_U1):-<http://purl.obolibrary.org/obo/BFO_0000053_some_http://purl.obolibrary.org/obo/PATO_0000573>(GSAT_U1).
<http://purl.obolibrary.org/obo/BFO_0000004>(GSAT_U1):-<http://purl.obolibrary.org/obo/BFO_0000053_some_http://purl.obolibrary.org/obo/PATO_0002053>(GSAT_U1).
<http://purl.obolibrary.org/obo/GO_0043005>(GSAT_U1):-<http://purl.obolibrary.org/obo/GO_0030424>(GSAT_U1).
<http://purl.obolibrary.org/obo/BSPO_0000080>(GSAT_U1):-q167(GSAT_U1).
<http://kb.phenoscape.org/uuid/0f5c6124-e3df-4048-b5f1-f0fd6a36cfce-372>(GSAT_U1):-<http://kb.phenoscape.org/uuid/0f5c6124-e3df-4048-b5f1-f0fd6a36cfce-366>(GSAT_U1).
q34(GSAT_U1):-<http://kb.phenoscape.org/uuid/0f5c6124-e3df-4048-b5f1-f0fd6a36cfce-604>(GSAT_U1).
<http://kb.phenoscape.org/uuid/0f5c6124-e3df-4048-b5f1-f0fd6a36cfce-389>(GSAT_U1):-<http://kb.phenoscape.org/uuid/0f5c6124-e3df-4048-b5f1-f0fd6a36cfce-405>(GSAT_U1).
<http://kb.phenoscape.org/uuid/0f5c6124-e3df-4048-b5f1-f0fd6a36cfce-761>(GSAT_U1):-<http://kb.phenoscape.org/uuid/0f5c6124-e3df-4048-b5f1-f0fd6a36cfce-767>(GSAT_U1).
q168(GSAT_U1):-<http://purl.obolibrary.org/obo/BFO_0000050_some_http://purl.obolibrary.org/obo/TAO_0000623>(GSAT_U1).
q98(GSAT_U1):-<http://kb.phenoscape.org/uuid/0f5c6124-e3df-4048-b5f1-f0fd6a36cfce-727>(GSAT_U1).
<http://purl.obolibrary.org/obo/BFO_0000004>(GSAT_U1):-<http://purl.obolibrary.org/obo/BFO_0000053_some_http://purl.obolibrary.org/obo/TAO_0000240>(GSAT_U1).
q169(GSAT_U1):-<http://purl.obolibrary.org/obo/BFO_0000053_some_http://purl.obolibrary.org/obo/PATO_0000462>(GSAT_U1).
<http://purl.obolibrary.org/obo/BFO_0000004>(GSAT_U1):-<http://purl.obolibrary.org/obo/BFO_0000052>(GSAT_U2,GSAT_U1).
q170(GSAT_U1):-<http://purl.obolibrary.org/obo/BFO_0000050_some_http://purl.obolibrary.org/obo/TAO_0000737>(GSAT_U1).
<http://kb.phenoscape.org/uuid/0f5c6124-e3df-4048-b5f1-f0fd6a36cfce-891>(GSAT_U1):-<http://kb.phenoscape.org/uuid/0f5c6124-e3df-4048-b5f1-f0fd6a36cfce-885>(GSAT_U1).
<http://purl.obolibrary.org/obo/BFO_0000004>(GSAT_U1):-<http://purl.obolibrary.org/obo/BFO_0000053_some_http://purl.obolibrary.org/obo/PATO_0000141>(GSAT_U1).
q2(GSAT_U1):-<http://kb.phenoscape.org/uuid/0f5c6124-e3df-4048-b5f1-f0fd6a36cfce-755>(GSAT_U1).
<http://kb.phenoscape.org/uuid/0f5c6124-e3df-4048-b5f1-f0fd6a36cfce-582>(GSAT_U1):-<http://kb.phenoscape.org/uuid/0f5c6124-e3df-4048-b5f1-f0fd6a36cfce-577>(GSAT_U1).
<http://purl.obolibrary.org/obo/TAO_0001834>(GSAT_U1):-q171(GSAT_U1).
<http://purl.obolibrary.org/obo/PATO_0001193>(GSAT_U1):-q172(GSAT_U1).
q2(GSAT_U1):-<http://kb.phenoscape.org/uuid/0f5c6124-e3df-4048-b5f1-f0fd6a36cfce-767>(GSAT_U1).
<http://purl.obolibrary.org/obo/BFO_0000004>(GSAT_U1):-<http://purl.obolibrary.org/obo/BFO_0000053_some_http://purl.obolibrary.org/obo/PATO_0000122>(GSAT_U1).
<http://purl.obolibrary.org/obo/BFO_0000004>(GSAT_U1):-<http://purl.obolibrary.org/obo/BFO_0000053_some_http://purl.obolibrary.org/obo/PATO_0000025>(GSAT_U1).
<http://kb.phenoscape.org/uuid/0f5c6124-e3df-4048-b5f1-f0fd6a36cfce-472>(GSAT_U1):-<http://kb.phenoscape.org/uuid/0f5c6124-e3df-4048-b5f1-f0fd6a36cfce-477>(GSAT_U1).
<http://kb.phenoscape.org/uuid/0f5c6124-e3df-4048-b5f1-f0fd6a36cfce-720>(GSAT_U1):-<http://kb.phenoscape.org/uuid/0f5c6124-e3df-4048-b5f1-f0fd6a36cfce-727>(GSAT_U1).
<http://purl.obolibrary.org/obo/BSPO_0000026>(GSAT_U1):-q173(GSAT_U1).
q145(GSAT_U1):-<http://kb.phenoscape.org/uuid/0f5c6124-e3df-4048-b5f1-f0fd6a36cfce-366>(GSAT_U1).
<http://purl.obolibrary.org/obo/TAO_0000223>(GSAT_U1):-q174(GSAT_U1).
q122(GSAT_U1):-<http://kb.phenoscape.org/uuid/0f5c6124-e3df-4048-b5f1-f0fd6a36cfce-319>(GSAT_U1).
<http://purl.obolibrary.org/obo/TAO_0002011>(GSAT_U1):-q175(GSAT_U1).
<http://purl.obolibrary.org/obo/BFO_0000004>(GSAT_U1):-<http://purl.obolibrary.org/obo/BFO_0000053_some_http://purl.obolibrary.org/obo/TAO_0000672>(GSAT_U1).
q98(GSAT_U1):-<http://kb.phenoscape.org/uuid/0f5c6124-e3df-4048-b5f1-f0fd6a36cfce-714>(GSAT_U1).
q44(GSAT_U1):-<http://kb.phenoscape.org/uuid/0f5c6124-e3df-4048-b5f1-f0fd6a36cfce-930>(GSAT_U1).
<http://purl.obolibrary.org/obo/TAO_0001834>(GSAT_U1):-q176(GSAT_U1).
<http://kb.phenoscape.org/uuid/0f5c6124-e3df-4048-b5f1-f0fd6a36cfce-898>(GSAT_U1):-<http://kb.phenoscape.org/uuid/0f5c6124-e3df-4048-b5f1-f0fd6a36cfce-904>(GSAT_U1).
<http://purl.obolibrary.org/obo/TAO_0000578>(GSAT_U1):-q177(GSAT_U1).
q178(GSAT_U1):-<http://kb.phenoscape.org/uuid/0f5c6124-e3df-4048-b5f1-f0fd6a36cfce-708>(GSAT_U1).
<http://purl.obolibrary.org/obo/TAO_0002094>(GSAT_U1):-q179(GSAT_U1).
q11(GSAT_U1):-<http://kb.phenoscape.org/uuid/0f5c6124-e3df-4048-b5f1-f0fd6a36cfce-628>(GSAT_U1).
<http://purl.obolibrary.org/obo/BFO_0000004>(GSAT_U1):-<http://purl.obolibrary.org/obo/BFO_0000053_some_http://purl.obolibrary.org/obo/TAO_0001604>(GSAT_U1).
<http://purl.obolibrary.org/obo/BFO_0000004>(GSAT_U1):-<http://purl.obolibrary.org/obo/BFO_0000053_some_http://purl.obolibrary.org/obo/PATO_0001867>(GSAT_U1).
<http://purl.obolibrary.org/obo/BFO_0000004>(GSAT_U1):-<http://purl.obolibrary.org/obo/BFO_0000053_some_http://purl.obolibrary.org/obo/PATO_0000586>(GSAT_U1).
<http://purl.obolibrary.org/obo/GO_0016020>(GSAT_U1):-<http://purl.obolibrary.org/obo/GO_0042734>(GSAT_U1).
<http://kb.phenoscape.org/uuid/0f5c6124-e3df-4048-b5f1-f0fd6a36cfce-720>(GSAT_U1):-<http://kb.phenoscape.org/uuid/0f5c6124-e3df-4048-b5f1-f0fd6a36cfce-714>(GSAT_U1).
q180(GSAT_U1):-<http://purl.obolibrary.org/obo/BFO_0000053_some_http://purl.obolibrary.org/obo/PATO_0000586>(GSAT_U1).
<http://kb.phenoscape.org/uuid/0f5c6124-e3df-4048-b5f1-f0fd6a36cfce-733>(GSAT_U1):-<http://kb.phenoscape.org/uuid/0f5c6124-e3df-4048-b5f1-f0fd6a36cfce-727>(GSAT_U1).
q120(GSAT_U1):-<http://kb.phenoscape.org/uuid/0f5c6124-e3df-4048-b5f1-f0fd6a36cfce-657>(GSAT_U1).
<http://kb.phenoscape.org/uuid/0f5c6124-e3df-4048-b5f1-f0fd6a36cfce-714>(GSAT_U1):-<http://kb.phenoscape.org/uuid/0f5c6124-e3df-4048-b5f1-f0fd6a36cfce-720>(GSAT_U1).
<http://purl.obolibrary.org/obo/BFO_0000004>(GSAT_U1):-<http://purl.obolibrary.org/obo/BFO_0000053_some_http://purl.obolibrary.org/obo/TAO_0000594>(GSAT_U1).
q181(GSAT_U1):-<http://purl.obolibrary.org/obo/BFO_0000053_some_http://purl.obolibrary.org/obo/PATO_0000467>(GSAT_U1).
<http://kb.phenoscape.org/uuid/0f5c6124-e3df-4048-b5f1-f0fd6a36cfce-708>(GSAT_U1):-<http://kb.phenoscape.org/uuid/0f5c6124-e3df-4048-b5f1-f0fd6a36cfce-720>(GSAT_U1).
q182(GSAT_U1):-<http://kb.phenoscape.org/uuid/0f5c6124-e3df-4048-b5f1-f0fd6a36cfce-679>(GSAT_U1).
<http://purl.obolibrary.org/obo/BSPO_0000071>(GSAT_U1):-q183(GSAT_U1).
<http://kb.phenoscape.org/uuid/0f5c6124-e3df-4048-b5f1-f0fd6a36cfce-708>(GSAT_U1):-<http://kb.phenoscape.org/uuid/0f5c6124-e3df-4048-b5f1-f0fd6a36cfce-733>(GSAT_U1).
<http://kb.phenoscape.org/uuid/0f5c6124-e3df-4048-b5f1-f0fd6a36cfce-703>(GSAT_U1):-<http://kb.phenoscape.org/uuid/0f5c6124-e3df-4048-b5f1-f0fd6a36cfce-708>(GSAT_U1).
q178(GSAT_U1):-<http://kb.phenoscape.org/uuid/0f5c6124-e3df-4048-b5f1-f0fd6a36cfce-703>(GSAT_U1).
q184(GSAT_U1):-<http://purl.obolibrary.org/obo/BFO_0000053_some_http://purl.obolibrary.org/obo/PATO_0001977>(GSAT_U1).
q185(GSAT_U1):-<http://purl.obolibrary.org/obo/BFO_0000053_some_http://purl.obolibrary.org/obo/PATO_0000060>(GSAT_U1).
<http://kb.phenoscape.org/uuid/0f5c6124-e3df-4048-b5f1-f0fd6a36cfce-608>(GSAT_U1):-<http://kb.phenoscape.org/uuid/0f5c6124-e3df-4048-b5f1-f0fd6a36cfce-598>(GSAT_U1).
q186(GSAT_U1):-<http://purl.obolibrary.org/obo/BFO_0000050_some_http://purl.obolibrary.org/obo/TAO_0000672>(GSAT_U1).
<http://kb.phenoscape.org/uuid/0f5c6124-e3df-4048-b5f1-f0fd6a36cfce-648>(GSAT_U1):-<http://kb.phenoscape.org/uuid/0f5c6124-e3df-4048-b5f1-f0fd6a36cfce-657>(GSAT_U1).
<http://kb.phenoscape.org/uuid/0f5c6124-e3df-4048-b5f1-f0fd6a36cfce-917>(GSAT_U1):-<http://kb.phenoscape.org/uuid/0f5c6124-e3df-4048-b5f1-f0fd6a36cfce-911>(GSAT_U1).
<http://purl.obolibrary.org/obo/TAO_0000594>(GSAT_U1):-q187(GSAT_U1).
<http://purl.obolibrary.org/obo/PATO_0001961>(GSAT_U1):-q188(GSAT_U1).
q182(GSAT_U1):-<http://kb.phenoscape.org/uuid/0f5c6124-e3df-4048-b5f1-f0fd6a36cfce-685>(GSAT_U1).
<http://purl.obolibrary.org/obo/CARO_0000003>(GSAT_U1):-<http://purl.obolibrary.org/obo/CL_0000000>(GSAT_U1).
<http://purl.obolibrary.org/obo/TAO_0001753>(GSAT_U1):-q189(GSAT_U1).
<http://purl.obolibrary.org/obo/CARO_0000003>(GSAT_U1):-<http://purl.obolibrary.org/obo/CARO_0010000>(GSAT_U1).
q190(GSAT_U1):-<http://purl.obolibrary.org/obo/BFO_0000053_some_http://purl.obolibrary.org/obo/PATO_0002053>(GSAT_U1).
<http://kb.phenoscape.org/uuid/0f5c6124-e3df-4048-b5f1-f0fd6a36cfce-885>(GSAT_U1):-<http://kb.phenoscape.org/uuid/0f5c6124-e3df-4048-b5f1-f0fd6a36cfce-891>(GSAT_U1).
====================
