Starting Saturation...
Executing from DLGP files
SLF4J: Failed to load class "org.slf4j.impl.StaticLoggerBinder".
SLF4J: Defaulting to no-operation (NOP) logger implementation
SLF4J: See http://www.slf4j.org/codes.html#StaticLoggerBinder for further details.
# Rules: 10; # Atoms: 0; # AtomSets: 0; # Queries: 0; # Constraints: 0
Full TGD saturation algorithm: Simple Sat
May 16, 2021 1:22:28 AM uk.ac.ox.cs.gsat.SimpleSat run
INFO: Simple Sat discarded rules : 0/10 = 0.000%
May 16, 2021 1:22:28 AM uk.ac.ox.cs.gsat.SimpleSat run
INFO: # initial TGDs: 7 , 3
May 16, 2021 1:22:28 AM uk.ac.ox.cs.gsat.SimpleSat run
INFO: Simple Sat width : 2
May 16, 2021 1:22:28 AM uk.ac.ox.cs.gsat.SimpleSat run
INFO: Simple Sat total time : 94 ms = 0.09 s
May 16, 2021 1:22:28 AM uk.ac.ox.cs.gsat.SimpleSat run
INFO: Subsumed elements : 20
May 16, 2021 1:22:28 AM uk.ac.ox.cs.gsat.SimpleSat run
INFO: Filter discarded elements : 0
May 16, 2021 1:22:28 AM uk.ac.ox.cs.gsat.SimpleSat run
INFO: Derived full/non full TGDs: 7 , 0
May 16, 2021 1:22:28 AM uk.ac.ox.cs.gsat.SimpleSat run
INFO: ouptput full TGDs not contained in the input: 4
May 16, 2021 1:22:28 AM uk.ac.ox.cs.gsat.App executeAllSteps
INFO: Rewriting completed!
Full TGD saturation: (11 dependecies)
=========================================
http://daml.umbc.edu/ontologies/ittalks/event#ends(GSat_u1,GSat_u2) → http://daml.umbc.edu/ontologies/ittalks/event#IntervalEvent(GSat_u1)
http://daml.umbc.edu/ontologies/ittalks/event#IntervalEvent(GSat_u1) → http://daml.umbc.edu/ontologies/ittalks/event#IntervalEvent(GSat_u1)
http://daml.umbc.edu/ontologies/ittalks/event#location(GSat_u1,GSat_u2) → http://daml.umbc.edu/ontologies/ittalks/event#IntervalEvent(GSat_u1)
http://daml.umbc.edu/ontologies/ittalks/event#begins(GSat_u2,GSat_u1) → http://daml.umbc.edu/ontologies/ittalks/event#Instant(GSat_u1)
http://daml.umbc.edu/ontologies/ittalks/event#begins(GSat_u1,GSat_u2) → http://daml.umbc.edu/ontologies/ittalks/event#Event(GSat_u1)
http://daml.umbc.edu/ontologies/ittalks/event#ends(GSat_u2,GSat_u1) → http://daml.umbc.edu/ontologies/ittalks/event#Instant(GSat_u1)
http://daml.umbc.edu/ontologies/ittalks/event#ends(GSat_u1,GSat_u2) → http://daml.umbc.edu/ontologies/ittalks/event#Event(GSat_u1)
http://daml.umbc.edu/ontologies/ittalks/event#IntervalEvent(GSat_u1) → http://daml.umbc.edu/ontologies/ittalks/event#Event(GSat_u1)
http://daml.umbc.edu/ontologies/ittalks/event#location(GSat_u2,GSat_u1) → http://daml.umbc.edu/ontologies/ittalks/event#Place(GSat_u1)
http://daml.umbc.edu/ontologies/ittalks/event#location(GSat_u1,GSat_u2) → http://daml.umbc.edu/ontologies/ittalks/event#Event(GSat_u1)
http://daml.umbc.edu/ontologies/ittalks/event#begins(GSat_u1,GSat_u2) → http://daml.umbc.edu/ontologies/ittalks/event#IntervalEvent(GSat_u1)
=========================================
