Starting Saturation...
Executing from DLGP files
SLF4J: Failed to load class "org.slf4j.impl.StaticLoggerBinder".
SLF4J: Defaulting to no-operation (NOP) logger implementation
SLF4J: See http://www.slf4j.org/codes.html#StaticLoggerBinder for further details.
# Rules: 8; # Atoms: 0; # AtomSets: 0; # Queries: 0; # Constraints: 0
Full TGD saturation algorithm: Simple Sat
May 16, 2021 2:50:06 AM uk.ac.ox.cs.gsat.SimpleSat run
INFO: Simple Sat discarded rules : 0/8 = 0.000%
May 16, 2021 2:50:06 AM uk.ac.ox.cs.gsat.SimpleSat run
INFO: # initial TGDs: 8 , 0
May 16, 2021 2:50:06 AM uk.ac.ox.cs.gsat.SimpleSat run
INFO: Simple Sat width : 2
May 16, 2021 2:50:06 AM uk.ac.ox.cs.gsat.SimpleSat run
INFO: Simple Sat total time : 84 ms = 0.08 s
May 16, 2021 2:50:06 AM uk.ac.ox.cs.gsat.SimpleSat run
INFO: Subsumed elements : 0
May 16, 2021 2:50:06 AM uk.ac.ox.cs.gsat.SimpleSat run
INFO: Filter discarded elements : 0
May 16, 2021 2:50:06 AM uk.ac.ox.cs.gsat.SimpleSat run
INFO: Derived full/non full TGDs: 0 , 0
May 16, 2021 2:50:06 AM uk.ac.ox.cs.gsat.SimpleSat run
INFO: ouptput full TGDs not contained in the input: 0
May 16, 2021 2:50:06 AM uk.ac.ox.cs.gsat.App executeAllSteps
INFO: Rewriting completed!
Full TGD saturation: (8 dependecies)
=========================================
http://www.daml.org/2002/10/units/units-ont#Prefix(GSat_u2) & http://www.daml.org/2002/10/units/units-ont#prefix(GSat_u2,GSat_u1) → http://www.daml.org/2002/10/units/units-ont#Prefix(GSat_u1)
http://www.daml.org/2002/10/units/units-ont#Prefix(GSat_u2) & http://www.daml.org/2002/10/units/units-ont#factor(GSat_u2,GSat_u1) → http://www.w3.org/2001/XMLSchema#double(GSat_u1)
http://www.daml.org/2002/10/units/units-ont#multiply(GSat_u2,GSat_u1) & http://www.daml.org/2002/10/units/units-ont#Unit(GSat_u2) → http://www.daml.org/2002/10/units/units-ont#Factor(GSat_u1)
http://www.daml.org/2002/10/units/units-ont#PrimitiveUnit(GSat_u1) → http://www.daml.org/2002/10/units/units-ont#Unit(GSat_u1)
http://www.daml.org/2002/10/units/units-ont#Unit(GSat_u1) → http://www.daml.org/2002/10/units/units-ont#Factor(GSat_u1)
http://www.daml.org/2002/10/units/units-ont#Constant(GSat_u2) & http://www.daml.org/2002/10/units/units-ont#value(GSat_u2,GSat_u1) → http://www.w3.org/2001/XMLSchema#double(GSat_u1)
http://www.daml.org/2002/10/units/units-ont#divide(GSat_u2,GSat_u1) & http://www.daml.org/2002/10/units/units-ont#Unit(GSat_u2) → http://www.daml.org/2002/10/units/units-ont#Factor(GSat_u1)
http://www.daml.org/2002/10/units/units-ont#Constant(GSat_u1) → http://www.daml.org/2002/10/units/units-ont#Factor(GSat_u1)
=========================================
