Starting Saturation...
Executing from DLGP files
SLF4J: Failed to load class "org.slf4j.impl.StaticLoggerBinder".
SLF4J: Defaulting to no-operation (NOP) logger implementation
SLF4J: See http://www.slf4j.org/codes.html#StaticLoggerBinder for further details.
# Rules: 82; # Atoms: 0; # AtomSets: 0; # Queries: 0; # Constraints: 0
Full TGD saturation algorithm: Simple Sat
May 16, 2021 4:06:10 AM uk.ac.ox.cs.gsat.SimpleSat run
INFO: Simple Sat discarded rules : 0/82 = 0.000%
May 16, 2021 4:06:10 AM uk.ac.ox.cs.gsat.SimpleSat run
INFO: # initial TGDs: 66 , 16
May 16, 2021 4:06:10 AM uk.ac.ox.cs.gsat.SimpleSat run
INFO: Simple Sat width : 2
May 16, 2021 4:06:10 AM uk.ac.ox.cs.gsat.SimpleSat run
INFO: Simple Sat total time : 283 ms = 0.28 s
May 16, 2021 4:06:10 AM uk.ac.ox.cs.gsat.SimpleSat run
INFO: Subsumed elements : 600
May 16, 2021 4:06:10 AM uk.ac.ox.cs.gsat.SimpleSat run
INFO: Filter discarded elements : 0
May 16, 2021 4:06:10 AM uk.ac.ox.cs.gsat.SimpleSat run
INFO: Derived full/non full TGDs: 56 , 0
May 16, 2021 4:06:10 AM uk.ac.ox.cs.gsat.SimpleSat run
INFO: ouptput full TGDs not contained in the input: 26
May 16, 2021 4:06:10 AM uk.ac.ox.cs.gsat.App executeAllSteps
INFO: Rewriting completed!
Full TGD saturation: (92 dependecies)
=========================================
file:/Users/zwang/Documents/SVN/TestOntologies/public/GardinerCorpus/gardiner-all/http___www.mindswap.org_~golbeck_web_www04photo.owl%23.txt#KeynoteSpeaker(GSat_u1) → http://xmlns.com/foaf/0.1/Person(GSat_u1)
file:/Users/zwang/Documents/SVN/TestOntologies/public/GardinerCorpus/gardiner-all/http___www.mindswap.org_~golbeck_web_www04photo.owl%23.txt#hasPresenter(GSat_u2,GSat_u1) → http://xmlns.com/foaf/0.1/Person(GSat_u1)
file:/Users/zwang/Documents/SVN/TestOntologies/public/GardinerCorpus/gardiner-all/http___www.mindswap.org_~golbeck_web_www04photo.owl%23.txt#hasEndDate(GSat_u2,GSat_u1) → http://www.w3.org/2001/XMLSchema#dateTime(GSat_u1)
file:/Users/zwang/Documents/SVN/TestOntologies/public/GardinerCorpus/gardiner-all/http___www.mindswap.org_~golbeck_web_www04photo.owl%23.txt#locationOf(GSat_u2,GSat_u1) → file:/Users/zwang/Documents/SVN/TestOntologies/public/GardinerCorpus/gardiner-all/http___www.mindswap.org_~golbeck_web_www04photo.owl%23.txt#Event(GSat_u1)
file:/Users/zwang/Documents/SVN/TestOntologies/public/GardinerCorpus/gardiner-all/http___www.mindswap.org_~golbeck_web_www04photo.owl%23.txt#hasLocation(GSat_u2,GSat_u1) → file:/Users/zwang/Documents/SVN/TestOntologies/public/GardinerCorpus/gardiner-all/http___www.mindswap.org_~golbeck_web_www04photo.owl%23.txt#Location(GSat_u1)
file:/Users/zwang/Documents/SVN/TestOntologies/public/GardinerCorpus/gardiner-all/http___www.mindswap.org_~golbeck_web_www04photo.owl%23.txt#hasPresenter(GSat_u1,GSat_u2) → file:/Users/zwang/Documents/SVN/TestOntologies/public/GardinerCorpus/gardiner-all/http___www.mindswap.org_~golbeck_web_www04photo.owl%23.txt#Presentation(GSat_u1)
file:/Users/zwang/Documents/SVN/TestOntologies/public/GardinerCorpus/gardiner-all/http___www.mindswap.org_~golbeck_web_www04photo.owl%23.txt#CommitteeMember(GSat_u1) → file:/Users/zwang/Documents/SVN/TestOntologies/public/GardinerCorpus/gardiner-all/http___www.mindswap.org_~golbeck_web_www04photo.owl%23.txt#Person(GSat_u1)
file:/Users/zwang/Documents/SVN/TestOntologies/public/GardinerCorpus/gardiner-all/http___www.mindswap.org_~golbeck_web_www04photo.owl%23.txt#hasEndTime(GSat_u2,GSat_u1) → http://www.w3.org/2001/XMLSchema#dateTime(GSat_u1)
file:/Users/zwang/Documents/SVN/TestOntologies/public/GardinerCorpus/gardiner-all/http___www.mindswap.org_~golbeck_web_www04photo.owl%23.txt#presenterOf(GSat_u2,GSat_u1) → file:/Users/zwang/Documents/SVN/TestOntologies/public/GardinerCorpus/gardiner-all/http___www.mindswap.org_~golbeck_web_www04photo.owl%23.txt#Event(GSat_u1)
file:/Users/zwang/Documents/SVN/TestOntologies/public/GardinerCorpus/gardiner-all/http___www.mindswap.org_~golbeck_web_www04photo.owl%23.txt#Presenter(GSat_u1) → file:/Users/zwang/Documents/SVN/TestOntologies/public/GardinerCorpus/gardiner-all/http___www.mindswap.org_~golbeck_web_www04photo.owl%23.txt#Presenter(GSat_u1)
file:/Users/zwang/Documents/SVN/TestOntologies/public/GardinerCorpus/gardiner-all/http___www.mindswap.org_~golbeck_web_www04photo.owl%23.txt#organizerOf(GSat_u2,GSat_u1) → file:/Users/zwang/Documents/SVN/TestOntologies/public/GardinerCorpus/gardiner-all/http___www.mindswap.org_~golbeck_web_www04photo.owl%23.txt#Event(GSat_u1)
file:/Users/zwang/Documents/SVN/TestOntologies/public/GardinerCorpus/gardiner-all/http___www.mindswap.org_~golbeck_web_www04photo.owl%23.txt#hasSubLocation(GSat_u2,GSat_u1) → file:/Users/zwang/Documents/SVN/TestOntologies/public/GardinerCorpus/gardiner-all/http___www.mindswap.org_~golbeck_web_www04photo.owl%23.txt#subLocationOf(GSat_u1,GSat_u2)
file:/Users/zwang/Documents/SVN/TestOntologies/public/GardinerCorpus/gardiner-all/http___www.mindswap.org_~golbeck_web_www04photo.owl%23.txt#subEventOf(GSat_u2,GSat_u1) → file:/Users/zwang/Documents/SVN/TestOntologies/public/GardinerCorpus/gardiner-all/http___www.mindswap.org_~golbeck_web_www04photo.owl%23.txt#Event(GSat_u1)
file:/Users/zwang/Documents/SVN/TestOntologies/public/GardinerCorpus/gardiner-all/http___www.mindswap.org_~golbeck_web_www04photo.owl%23.txt#Conference(GSat_u1) → file:/Users/zwang/Documents/SVN/TestOntologies/public/GardinerCorpus/gardiner-all/http___www.mindswap.org_~golbeck_web_www04photo.owl%23.txt#Event(GSat_u1)
file:/Users/zwang/Documents/SVN/TestOntologies/public/GardinerCorpus/gardiner-all/http___www.mindswap.org_~golbeck_web_www04photo.owl%23.txt#organizerOf(GSat_u1,GSat_u2) → file:/Users/zwang/Documents/SVN/TestOntologies/public/GardinerCorpus/gardiner-all/http___www.mindswap.org_~golbeck_web_www04photo.owl%23.txt#Person(GSat_u1)
file:/Users/zwang/Documents/SVN/TestOntologies/public/GardinerCorpus/gardiner-all/http___www.mindswap.org_~golbeck_web_www04photo.owl%23.txt#presenterOf(GSat_u1,GSat_u2) → file:/Users/zwang/Documents/SVN/TestOntologies/public/GardinerCorpus/gardiner-all/http___www.mindswap.org_~golbeck_web_www04photo.owl%23.txt#Attendee(GSat_u1)
file:/Users/zwang/Documents/SVN/TestOntologies/public/GardinerCorpus/gardiner-all/http___www.mindswap.org_~golbeck_web_www04photo.owl%23.txt#hasLocation(GSat_u1,GSat_u2) → file:/Users/zwang/Documents/SVN/TestOntologies/public/GardinerCorpus/gardiner-all/http___www.mindswap.org_~golbeck_web_www04photo.owl%23.txt#hasLocation(GSat_u1,GSat_u2)
file:/Users/zwang/Documents/SVN/TestOntologies/public/GardinerCorpus/gardiner-all/http___www.mindswap.org_~golbeck_web_www04photo.owl%23.txt#presenterOf(GSat_u1,GSat_u2) → http://xmlns.com/foaf/0.1/Person(GSat_u1)
file:/Users/zwang/Documents/SVN/TestOntologies/public/GardinerCorpus/gardiner-all/http___www.mindswap.org_~golbeck_web_www04photo.owl%23.txt#subLocationOf(GSat_u2,GSat_u1) → file:/Users/zwang/Documents/SVN/TestOntologies/public/GardinerCorpus/gardiner-all/http___www.mindswap.org_~golbeck_web_www04photo.owl%23.txt#hasSubLocation(GSat_u1,GSat_u2)
file:/Users/zwang/Documents/SVN/TestOntologies/public/GardinerCorpus/gardiner-all/http___www.mindswap.org_~golbeck_web_www04photo.owl%23.txt#hasEndTime(GSat_u1,GSat_u2) → file:/Users/zwang/Documents/SVN/TestOntologies/public/GardinerCorpus/gardiner-all/http___www.mindswap.org_~golbeck_web_www04photo.owl%23.txt#Event(GSat_u1)
file:/Users/zwang/Documents/SVN/TestOntologies/public/GardinerCorpus/gardiner-all/http___www.mindswap.org_~golbeck_web_www04photo.owl%23.txt#participantOf(GSat_u2,GSat_u1) → file:/Users/zwang/Documents/SVN/TestOntologies/public/GardinerCorpus/gardiner-all/http___www.mindswap.org_~golbeck_web_www04photo.owl%23.txt#Event(GSat_u1)
file:/Users/zwang/Documents/SVN/TestOntologies/public/GardinerCorpus/gardiner-all/http___www.mindswap.org_~golbeck_web_www04photo.owl%23.txt#hasMember(GSat_u1,GSat_u2) → file:/Users/zwang/Documents/SVN/TestOntologies/public/GardinerCorpus/gardiner-all/http___www.mindswap.org_~golbeck_web_www04photo.owl%23.txt#hasMember(GSat_u1,GSat_u2)
file:/Users/zwang/Documents/SVN/TestOntologies/public/GardinerCorpus/gardiner-all/http___www.mindswap.org_~golbeck_web_www04photo.owl%23.txt#Organization(GSat_u1) → file:/Users/zwang/Documents/SVN/TestOntologies/public/GardinerCorpus/gardiner-all/http___www.mindswap.org_~golbeck_web_www04photo.owl%23.txt#Group(GSat_u1)
file:/Users/zwang/Documents/SVN/TestOntologies/public/GardinerCorpus/gardiner-all/http___www.mindswap.org_~golbeck_web_www04photo.owl%23.txt#subLocationOf(GSat_u1,GSat_u2) → file:/Users/zwang/Documents/SVN/TestOntologies/public/GardinerCorpus/gardiner-all/http___www.mindswap.org_~golbeck_web_www04photo.owl%23.txt#Location(GSat_u1)
file:/Users/zwang/Documents/SVN/TestOntologies/public/GardinerCorpus/gardiner-all/http___www.mindswap.org_~golbeck_web_www04photo.owl%23.txt#KeynoteSpeaker(GSat_u1) → file:/Users/zwang/Documents/SVN/TestOntologies/public/GardinerCorpus/gardiner-all/http___www.mindswap.org_~golbeck_web_www04photo.owl%23.txt#Attendee(GSat_u1)
file:/Users/zwang/Documents/SVN/TestOntologies/public/GardinerCorpus/gardiner-all/http___www.mindswap.org_~golbeck_web_www04photo.owl%23.txt#hasLocation(GSat_u1,GSat_u2) → file:/Users/zwang/Documents/SVN/TestOntologies/public/GardinerCorpus/gardiner-all/http___www.mindswap.org_~golbeck_web_www04photo.owl%23.txt#Event(GSat_u1)
file:/Users/zwang/Documents/SVN/TestOntologies/public/GardinerCorpus/gardiner-all/http___www.mindswap.org_~golbeck_web_www04photo.owl%23.txt#memberOf(GSat_u2,GSat_u1) → file:/Users/zwang/Documents/SVN/TestOntologies/public/GardinerCorpus/gardiner-all/http___www.mindswap.org_~golbeck_web_www04photo.owl%23.txt#Group(GSat_u1)
file:/Users/zwang/Documents/SVN/TestOntologies/public/GardinerCorpus/gardiner-all/http___www.mindswap.org_~golbeck_web_www04photo.owl%23.txt#Presenter(GSat_u1) → file:/Users/zwang/Documents/SVN/TestOntologies/public/GardinerCorpus/gardiner-all/http___www.mindswap.org_~golbeck_web_www04photo.owl%23.txt#Attendee(GSat_u1)
file:/Users/zwang/Documents/SVN/TestOntologies/public/GardinerCorpus/gardiner-all/http___www.mindswap.org_~golbeck_web_www04photo.owl%23.txt#participantOf(GSat_u1,GSat_u2) → file:/Users/zwang/Documents/SVN/TestOntologies/public/GardinerCorpus/gardiner-all/http___www.mindswap.org_~golbeck_web_www04photo.owl%23.txt#participantOf(GSat_u1,GSat_u2)
file:/Users/zwang/Documents/SVN/TestOntologies/public/GardinerCorpus/gardiner-all/http___www.mindswap.org_~golbeck_web_www04photo.owl%23.txt#presenterOf(GSat_u2,GSat_u1) → file:/Users/zwang/Documents/SVN/TestOntologies/public/GardinerCorpus/gardiner-all/http___www.mindswap.org_~golbeck_web_www04photo.owl%23.txt#hasPresenter(GSat_u1,GSat_u2)
file:/Users/zwang/Documents/SVN/TestOntologies/public/GardinerCorpus/gardiner-all/http___www.mindswap.org_~golbeck_web_www04photo.owl%23.txt#hasSubEvent(GSat_u1,GSat_u2) → file:/Users/zwang/Documents/SVN/TestOntologies/public/GardinerCorpus/gardiner-all/http___www.mindswap.org_~golbeck_web_www04photo.owl%23.txt#Event(GSat_u1)
file:/Users/zwang/Documents/SVN/TestOntologies/public/GardinerCorpus/gardiner-all/http___www.mindswap.org_~golbeck_web_www04photo.owl%23.txt#hasMember(GSat_u2,GSat_u1) → http://xmlns.com/foaf/0.1/Person(GSat_u1)
file:/Users/zwang/Documents/SVN/TestOntologies/public/GardinerCorpus/gardiner-all/http___www.mindswap.org_~golbeck_web_www04photo.owl%23.txt#Committee(GSat_u1) → file:/Users/zwang/Documents/SVN/TestOntologies/public/GardinerCorpus/gardiner-all/http___www.mindswap.org_~golbeck_web_www04photo.owl%23.txt#Group(GSat_u1)
file:/Users/zwang/Documents/SVN/TestOntologies/public/GardinerCorpus/gardiner-all/http___www.mindswap.org_~golbeck_web_www04photo.owl%23.txt#KeynoteSpeaker(GSat_u1) → file:/Users/zwang/Documents/SVN/TestOntologies/public/GardinerCorpus/gardiner-all/http___www.mindswap.org_~golbeck_web_www04photo.owl%23.txt#Person(GSat_u1)
file:/Users/zwang/Documents/SVN/TestOntologies/public/GardinerCorpus/gardiner-all/http___www.mindswap.org_~golbeck_web_www04photo.owl%23.txt#hasSubLocation(GSat_u2,GSat_u1) → file:/Users/zwang/Documents/SVN/TestOntologies/public/GardinerCorpus/gardiner-all/http___www.mindswap.org_~golbeck_web_www04photo.owl%23.txt#Location(GSat_u1)
file:/Users/zwang/Documents/SVN/TestOntologies/public/GardinerCorpus/gardiner-all/http___www.mindswap.org_~golbeck_web_www04photo.owl%23.txt#subEventOf(GSat_u1,GSat_u2) → file:/Users/zwang/Documents/SVN/TestOntologies/public/GardinerCorpus/gardiner-all/http___www.mindswap.org_~golbeck_web_www04photo.owl%23.txt#Event(GSat_u1)
file:/Users/zwang/Documents/SVN/TestOntologies/public/GardinerCorpus/gardiner-all/http___www.mindswap.org_~golbeck_web_www04photo.owl%23.txt#hasParticipant(GSat_u2,GSat_u1) → file:/Users/zwang/Documents/SVN/TestOntologies/public/GardinerCorpus/gardiner-all/http___www.mindswap.org_~golbeck_web_www04photo.owl%23.txt#participantOf(GSat_u1,GSat_u2)
file:/Users/zwang/Documents/SVN/TestOntologies/public/GardinerCorpus/gardiner-all/http___www.mindswap.org_~golbeck_web_www04photo.owl%23.txt#presenterOf(GSat_u1,GSat_u2) → file:/Users/zwang/Documents/SVN/TestOntologies/public/GardinerCorpus/gardiner-all/http___www.mindswap.org_~golbeck_web_www04photo.owl%23.txt#Presenter(GSat_u1)
file:/Users/zwang/Documents/SVN/TestOntologies/public/GardinerCorpus/gardiner-all/http___www.mindswap.org_~golbeck_web_www04photo.owl%23.txt#hasMember(GSat_u1,GSat_u2) → file:/Users/zwang/Documents/SVN/TestOntologies/public/GardinerCorpus/gardiner-all/http___www.mindswap.org_~golbeck_web_www04photo.owl%23.txt#Group(GSat_u1)
file:/Users/zwang/Documents/SVN/TestOntologies/public/GardinerCorpus/gardiner-all/http___www.mindswap.org_~golbeck_web_www04photo.owl%23.txt#hasEndDate(GSat_u1,GSat_u2) → file:/Users/zwang/Documents/SVN/TestOntologies/public/GardinerCorpus/gardiner-all/http___www.mindswap.org_~golbeck_web_www04photo.owl%23.txt#Event(GSat_u1)
file:/Users/zwang/Documents/SVN/TestOntologies/public/GardinerCorpus/gardiner-all/http___www.mindswap.org_~golbeck_web_www04photo.owl%23.txt#Panel(GSat_u1) → file:/Users/zwang/Documents/SVN/TestOntologies/public/GardinerCorpus/gardiner-all/http___www.mindswap.org_~golbeck_web_www04photo.owl%23.txt#Group(GSat_u1)
file:/Users/zwang/Documents/SVN/TestOntologies/public/GardinerCorpus/gardiner-all/http___www.mindswap.org_~golbeck_web_www04photo.owl%23.txt#subLocationOf(GSat_u2,GSat_u1) → file:/Users/zwang/Documents/SVN/TestOntologies/public/GardinerCorpus/gardiner-all/http___www.mindswap.org_~golbeck_web_www04photo.owl%23.txt#Location(GSat_u1)
file:/Users/zwang/Documents/SVN/TestOntologies/public/GardinerCorpus/gardiner-all/http___www.mindswap.org_~golbeck_web_www04photo.owl%23.txt#KeynoteTalk(GSat_u1) → file:/Users/zwang/Documents/SVN/TestOntologies/public/GardinerCorpus/gardiner-all/http___www.mindswap.org_~golbeck_web_www04photo.owl%23.txt#Event(GSat_u1)
file:/Users/zwang/Documents/SVN/TestOntologies/public/GardinerCorpus/gardiner-all/http___www.mindswap.org_~golbeck_web_www04photo.owl%23.txt#memberOf(GSat_u1,GSat_u2) → http://xmlns.com/foaf/0.1/Person(GSat_u1)
file:/Users/zwang/Documents/SVN/TestOntologies/public/GardinerCorpus/gardiner-all/http___www.mindswap.org_~golbeck_web_www04photo.owl%23.txt#Chair(GSat_u1) → file:/Users/zwang/Documents/SVN/TestOntologies/public/GardinerCorpus/gardiner-all/http___www.mindswap.org_~golbeck_web_www04photo.owl%23.txt#Person(GSat_u1)
file:/Users/zwang/Documents/SVN/TestOntologies/public/GardinerCorpus/gardiner-all/http___www.mindswap.org_~golbeck_web_www04photo.owl%23.txt#hasSubEvent(GSat_u2,GSat_u1) → file:/Users/zwang/Documents/SVN/TestOntologies/public/GardinerCorpus/gardiner-all/http___www.mindswap.org_~golbeck_web_www04photo.owl%23.txt#Event(GSat_u1)
file:/Users/zwang/Documents/SVN/TestOntologies/public/GardinerCorpus/gardiner-all/http___www.mindswap.org_~golbeck_web_www04photo.owl%23.txt#SocialEvent(GSat_u1) → file:/Users/zwang/Documents/SVN/TestOntologies/public/GardinerCorpus/gardiner-all/http___www.mindswap.org_~golbeck_web_www04photo.owl%23.txt#Event(GSat_u1)
file:/Users/zwang/Documents/SVN/TestOntologies/public/GardinerCorpus/gardiner-all/http___www.mindswap.org_~golbeck_web_www04photo.owl%23.txt#memberOf(GSat_u1,GSat_u2) → file:/Users/zwang/Documents/SVN/TestOntologies/public/GardinerCorpus/gardiner-all/http___www.mindswap.org_~golbeck_web_www04photo.owl%23.txt#Person(GSat_u1)
file:/Users/zwang/Documents/SVN/TestOntologies/public/GardinerCorpus/gardiner-all/http___www.mindswap.org_~golbeck_web_www04photo.owl%23.txt#KeynoteTalk(GSat_u1) → file:/Users/zwang/Documents/SVN/TestOntologies/public/GardinerCorpus/gardiner-all/http___www.mindswap.org_~golbeck_web_www04photo.owl%23.txt#Presentation(GSat_u1)
file:/Users/zwang/Documents/SVN/TestOntologies/public/GardinerCorpus/gardiner-all/http___www.mindswap.org_~golbeck_web_www04photo.owl%23.txt#hasMember(GSat_u2,GSat_u1) → file:/Users/zwang/Documents/SVN/TestOntologies/public/GardinerCorpus/gardiner-all/http___www.mindswap.org_~golbeck_web_www04photo.owl%23.txt#Person(GSat_u1)
file:/Users/zwang/Documents/SVN/TestOntologies/public/GardinerCorpus/gardiner-all/http___www.mindswap.org_~golbeck_web_www04photo.owl%23.txt#Organization(GSat_u1) → http://xmlns.com/foaf/0.1/Organization(GSat_u1)
file:/Users/zwang/Documents/SVN/TestOntologies/public/GardinerCorpus/gardiner-all/http___www.mindswap.org_~golbeck_web_www04photo.owl%23.txt#subEventOf(GSat_u2,GSat_u1) → file:/Users/zwang/Documents/SVN/TestOntologies/public/GardinerCorpus/gardiner-all/http___www.mindswap.org_~golbeck_web_www04photo.owl%23.txt#hasSubEvent(GSat_u1,GSat_u2)
file:/Users/zwang/Documents/SVN/TestOntologies/public/GardinerCorpus/gardiner-all/http___www.mindswap.org_~golbeck_web_www04photo.owl%23.txt#organizerOf(GSat_u1,GSat_u2) → file:/Users/zwang/Documents/SVN/TestOntologies/public/GardinerCorpus/gardiner-all/http___www.mindswap.org_~golbeck_web_www04photo.owl%23.txt#organizerOf(GSat_u1,GSat_u2)
file:/Users/zwang/Documents/SVN/TestOntologies/public/GardinerCorpus/gardiner-all/http___www.mindswap.org_~golbeck_web_www04photo.owl%23.txt#hasSubEvent(GSat_u2,GSat_u1) → file:/Users/zwang/Documents/SVN/TestOntologies/public/GardinerCorpus/gardiner-all/http___www.mindswap.org_~golbeck_web_www04photo.owl%23.txt#subEventOf(GSat_u1,GSat_u2)
file:/Users/zwang/Documents/SVN/TestOntologies/public/GardinerCorpus/gardiner-all/http___www.mindswap.org_~golbeck_web_www04photo.owl%23.txt#participantOf(GSat_u1,GSat_u2) → http://xmlns.com/foaf/0.1/Person(GSat_u1)
file:/Users/zwang/Documents/SVN/TestOntologies/public/GardinerCorpus/gardiner-all/http___www.mindswap.org_~golbeck_web_www04photo.owl%23.txt#hasOrganizer(GSat_u1,GSat_u2) → file:/Users/zwang/Documents/SVN/TestOntologies/public/GardinerCorpus/gardiner-all/http___www.mindswap.org_~golbeck_web_www04photo.owl%23.txt#Event(GSat_u1)
file:/Users/zwang/Documents/SVN/TestOntologies/public/GardinerCorpus/gardiner-all/http___www.mindswap.org_~golbeck_web_www04photo.owl%23.txt#organizerOf(GSat_u2,GSat_u1) → file:/Users/zwang/Documents/SVN/TestOntologies/public/GardinerCorpus/gardiner-all/http___www.mindswap.org_~golbeck_web_www04photo.owl%23.txt#hasOrganizer(GSat_u1,GSat_u2)
file:/Users/zwang/Documents/SVN/TestOntologies/public/GardinerCorpus/gardiner-all/http___www.mindswap.org_~golbeck_web_www04photo.owl%23.txt#Presenter(GSat_u1) → http://xmlns.com/foaf/0.1/Person(GSat_u1)
file:/Users/zwang/Documents/SVN/TestOntologies/public/GardinerCorpus/gardiner-all/http___www.mindswap.org_~golbeck_web_www04photo.owl%23.txt#Attendee(GSat_u1) → file:/Users/zwang/Documents/SVN/TestOntologies/public/GardinerCorpus/gardiner-all/http___www.mindswap.org_~golbeck_web_www04photo.owl%23.txt#Person(GSat_u1)
file:/Users/zwang/Documents/SVN/TestOntologies/public/GardinerCorpus/gardiner-all/http___www.mindswap.org_~golbeck_web_www04photo.owl%23.txt#hasPresenter(GSat_u2,GSat_u1) → file:/Users/zwang/Documents/SVN/TestOntologies/public/GardinerCorpus/gardiner-all/http___www.mindswap.org_~golbeck_web_www04photo.owl%23.txt#presenterOf(GSat_u1,GSat_u2)
file:/Users/zwang/Documents/SVN/TestOntologies/public/GardinerCorpus/gardiner-all/http___www.mindswap.org_~golbeck_web_www04photo.owl%23.txt#hasStartDate(GSat_u1,GSat_u2) → file:/Users/zwang/Documents/SVN/TestOntologies/public/GardinerCorpus/gardiner-all/http___www.mindswap.org_~golbeck_web_www04photo.owl%23.txt#Event(GSat_u1)
file:/Users/zwang/Documents/SVN/TestOntologies/public/GardinerCorpus/gardiner-all/http___www.mindswap.org_~golbeck_web_www04photo.owl%23.txt#locationOf(GSat_u1,GSat_u2) → file:/Users/zwang/Documents/SVN/TestOntologies/public/GardinerCorpus/gardiner-all/http___www.mindswap.org_~golbeck_web_www04photo.owl%23.txt#Location(GSat_u1)
file:/Users/zwang/Documents/SVN/TestOntologies/public/GardinerCorpus/gardiner-all/http___www.mindswap.org_~golbeck_web_www04photo.owl%23.txt#locationOf(GSat_u2,GSat_u1) → file:/Users/zwang/Documents/SVN/TestOntologies/public/GardinerCorpus/gardiner-all/http___www.mindswap.org_~golbeck_web_www04photo.owl%23.txt#hasLocation(GSat_u1,GSat_u2)
file:/Users/zwang/Documents/SVN/TestOntologies/public/GardinerCorpus/gardiner-all/http___www.mindswap.org_~golbeck_web_www04photo.owl%23.txt#memberOf(GSat_u1,GSat_u2) → file:/Users/zwang/Documents/SVN/TestOntologies/public/GardinerCorpus/gardiner-all/http___www.mindswap.org_~golbeck_web_www04photo.owl%23.txt#memberOf(GSat_u1,GSat_u2)
file:/Users/zwang/Documents/SVN/TestOntologies/public/GardinerCorpus/gardiner-all/http___www.mindswap.org_~golbeck_web_www04photo.owl%23.txt#hasPresenter(GSat_u2,GSat_u1) → file:/Users/zwang/Documents/SVN/TestOntologies/public/GardinerCorpus/gardiner-all/http___www.mindswap.org_~golbeck_web_www04photo.owl%23.txt#Presenter(GSat_u1)
file:/Users/zwang/Documents/SVN/TestOntologies/public/GardinerCorpus/gardiner-all/http___www.mindswap.org_~golbeck_web_www04photo.owl%23.txt#hasStartTime(GSat_u2,GSat_u1) → http://www.w3.org/2001/XMLSchema#dateTime(GSat_u1)
file:/Users/zwang/Documents/SVN/TestOntologies/public/GardinerCorpus/gardiner-all/http___www.mindswap.org_~golbeck_web_www04photo.owl%23.txt#hasParticipant(GSat_u2,GSat_u1) → file:/Users/zwang/Documents/SVN/TestOntologies/public/GardinerCorpus/gardiner-all/http___www.mindswap.org_~golbeck_web_www04photo.owl%23.txt#Person(GSat_u1)
file:/Users/zwang/Documents/SVN/TestOntologies/public/GardinerCorpus/gardiner-all/http___www.mindswap.org_~golbeck_web_www04photo.owl%23.txt#hasOrganizer(GSat_u2,GSat_u1) → file:/Users/zwang/Documents/SVN/TestOntologies/public/GardinerCorpus/gardiner-all/http___www.mindswap.org_~golbeck_web_www04photo.owl%23.txt#Person(GSat_u1)
file:/Users/zwang/Documents/SVN/TestOntologies/public/GardinerCorpus/gardiner-all/http___www.mindswap.org_~golbeck_web_www04photo.owl%23.txt#KeynoteSpeaker(GSat_u1) → file:/Users/zwang/Documents/SVN/TestOntologies/public/GardinerCorpus/gardiner-all/http___www.mindswap.org_~golbeck_web_www04photo.owl%23.txt#Presenter(GSat_u1)
file:/Users/zwang/Documents/SVN/TestOntologies/public/GardinerCorpus/gardiner-all/http___www.mindswap.org_~golbeck_web_www04photo.owl%23.txt#hasMember(GSat_u2,GSat_u1) → file:/Users/zwang/Documents/SVN/TestOntologies/public/GardinerCorpus/gardiner-all/http___www.mindswap.org_~golbeck_web_www04photo.owl%23.txt#memberOf(GSat_u1,GSat_u2)
file:/Users/zwang/Documents/SVN/TestOntologies/public/GardinerCorpus/gardiner-all/http___www.mindswap.org_~golbeck_web_www04photo.owl%23.txt#hasPresenter(GSat_u1,GSat_u2) → file:/Users/zwang/Documents/SVN/TestOntologies/public/GardinerCorpus/gardiner-all/http___www.mindswap.org_~golbeck_web_www04photo.owl%23.txt#hasPresenter(GSat_u1,GSat_u2)
file:/Users/zwang/Documents/SVN/TestOntologies/public/GardinerCorpus/gardiner-all/http___www.mindswap.org_~golbeck_web_www04photo.owl%23.txt#participantOf(GSat_u2,GSat_u1) → file:/Users/zwang/Documents/SVN/TestOntologies/public/GardinerCorpus/gardiner-all/http___www.mindswap.org_~golbeck_web_www04photo.owl%23.txt#hasParticipant(GSat_u1,GSat_u2)
http://xmlns.com/foaf/0.1/Person(GSat_u1) → file:/Users/zwang/Documents/SVN/TestOntologies/public/GardinerCorpus/gardiner-all/http___www.mindswap.org_~golbeck_web_www04photo.owl%23.txt#Person(GSat_u1)
file:/Users/zwang/Documents/SVN/TestOntologies/public/GardinerCorpus/gardiner-all/http___www.mindswap.org_~golbeck_web_www04photo.owl%23.txt#organizerOf(GSat_u1,GSat_u2) → http://xmlns.com/foaf/0.1/Person(GSat_u1)
file:/Users/zwang/Documents/SVN/TestOntologies/public/GardinerCorpus/gardiner-all/http___www.mindswap.org_~golbeck_web_www04photo.owl%23.txt#presenterOf(GSat_u1,GSat_u2) → file:/Users/zwang/Documents/SVN/TestOntologies/public/GardinerCorpus/gardiner-all/http___www.mindswap.org_~golbeck_web_www04photo.owl%23.txt#Person(GSat_u1)
file:/Users/zwang/Documents/SVN/TestOntologies/public/GardinerCorpus/gardiner-all/http___www.mindswap.org_~golbeck_web_www04photo.owl%23.txt#Presentation(GSat_u1) → file:/Users/zwang/Documents/SVN/TestOntologies/public/GardinerCorpus/gardiner-all/http___www.mindswap.org_~golbeck_web_www04photo.owl%23.txt#Event(GSat_u1)
file:/Users/zwang/Documents/SVN/TestOntologies/public/GardinerCorpus/gardiner-all/http___www.mindswap.org_~golbeck_web_www04photo.owl%23.txt#hasPresenter(GSat_u1,GSat_u2) → file:/Users/zwang/Documents/SVN/TestOntologies/public/GardinerCorpus/gardiner-all/http___www.mindswap.org_~golbeck_web_www04photo.owl%23.txt#Event(GSat_u1)
file:/Users/zwang/Documents/SVN/TestOntologies/public/GardinerCorpus/gardiner-all/http___www.mindswap.org_~golbeck_web_www04photo.owl%23.txt#hasStartTime(GSat_u1,GSat_u2) → file:/Users/zwang/Documents/SVN/TestOntologies/public/GardinerCorpus/gardiner-all/http___www.mindswap.org_~golbeck_web_www04photo.owl%23.txt#Event(GSat_u1)
file:/Users/zwang/Documents/SVN/TestOntologies/public/GardinerCorpus/gardiner-all/http___www.mindswap.org_~golbeck_web_www04photo.owl%23.txt#Person(GSat_u1) → http://xmlns.com/foaf/0.1/Person(GSat_u1)
file:/Users/zwang/Documents/SVN/TestOntologies/public/GardinerCorpus/gardiner-all/http___www.mindswap.org_~golbeck_web_www04photo.owl%23.txt#hasPresenter(GSat_u2,GSat_u1) → file:/Users/zwang/Documents/SVN/TestOntologies/public/GardinerCorpus/gardiner-all/http___www.mindswap.org_~golbeck_web_www04photo.owl%23.txt#Attendee(GSat_u1)
file:/Users/zwang/Documents/SVN/TestOntologies/public/GardinerCorpus/gardiner-all/http___www.mindswap.org_~golbeck_web_www04photo.owl%23.txt#participantOf(GSat_u1,GSat_u2) → file:/Users/zwang/Documents/SVN/TestOntologies/public/GardinerCorpus/gardiner-all/http___www.mindswap.org_~golbeck_web_www04photo.owl%23.txt#Person(GSat_u1)
file:/Users/zwang/Documents/SVN/TestOntologies/public/GardinerCorpus/gardiner-all/http___www.mindswap.org_~golbeck_web_www04photo.owl%23.txt#hasParticipant(GSat_u1,GSat_u2) → file:/Users/zwang/Documents/SVN/TestOntologies/public/GardinerCorpus/gardiner-all/http___www.mindswap.org_~golbeck_web_www04photo.owl%23.txt#Event(GSat_u1)
file:/Users/zwang/Documents/SVN/TestOntologies/public/GardinerCorpus/gardiner-all/http___www.mindswap.org_~golbeck_web_www04photo.owl%23.txt#hasLocation(GSat_u2,GSat_u1) → file:/Users/zwang/Documents/SVN/TestOntologies/public/GardinerCorpus/gardiner-all/http___www.mindswap.org_~golbeck_web_www04photo.owl%23.txt#locationOf(GSat_u1,GSat_u2)
file:/Users/zwang/Documents/SVN/TestOntologies/public/GardinerCorpus/gardiner-all/http___www.mindswap.org_~golbeck_web_www04photo.owl%23.txt#memberOf(GSat_u2,GSat_u1) → file:/Users/zwang/Documents/SVN/TestOntologies/public/GardinerCorpus/gardiner-all/http___www.mindswap.org_~golbeck_web_www04photo.owl%23.txt#hasMember(GSat_u1,GSat_u2)
file:/Users/zwang/Documents/SVN/TestOntologies/public/GardinerCorpus/gardiner-all/http___www.mindswap.org_~golbeck_web_www04photo.owl%23.txt#presenterOf(GSat_u1,GSat_u2) → file:/Users/zwang/Documents/SVN/TestOntologies/public/GardinerCorpus/gardiner-all/http___www.mindswap.org_~golbeck_web_www04photo.owl%23.txt#presenterOf(GSat_u1,GSat_u2)
file:/Users/zwang/Documents/SVN/TestOntologies/public/GardinerCorpus/gardiner-all/http___www.mindswap.org_~golbeck_web_www04photo.owl%23.txt#hasStartDate(GSat_u2,GSat_u1) → http://www.w3.org/2001/XMLSchema#dateTime(GSat_u1)
file:/Users/zwang/Documents/SVN/TestOntologies/public/GardinerCorpus/gardiner-all/http___www.mindswap.org_~golbeck_web_www04photo.owl%23.txt#Presentation(GSat_u1) → file:/Users/zwang/Documents/SVN/TestOntologies/public/GardinerCorpus/gardiner-all/http___www.mindswap.org_~golbeck_web_www04photo.owl%23.txt#Presentation(GSat_u1)
file:/Users/zwang/Documents/SVN/TestOntologies/public/GardinerCorpus/gardiner-all/http___www.mindswap.org_~golbeck_web_www04photo.owl%23.txt#Workshop(GSat_u1) → file:/Users/zwang/Documents/SVN/TestOntologies/public/GardinerCorpus/gardiner-all/http___www.mindswap.org_~golbeck_web_www04photo.owl%23.txt#Event(GSat_u1)
file:/Users/zwang/Documents/SVN/TestOntologies/public/GardinerCorpus/gardiner-all/http___www.mindswap.org_~golbeck_web_www04photo.owl%23.txt#hasSubLocation(GSat_u1,GSat_u2) → file:/Users/zwang/Documents/SVN/TestOntologies/public/GardinerCorpus/gardiner-all/http___www.mindswap.org_~golbeck_web_www04photo.owl%23.txt#Location(GSat_u1)
file:/Users/zwang/Documents/SVN/TestOntologies/public/GardinerCorpus/gardiner-all/http___www.mindswap.org_~golbeck_web_www04photo.owl%23.txt#presenterOf(GSat_u2,GSat_u1) → file:/Users/zwang/Documents/SVN/TestOntologies/public/GardinerCorpus/gardiner-all/http___www.mindswap.org_~golbeck_web_www04photo.owl%23.txt#Presentation(GSat_u1)
file:/Users/zwang/Documents/SVN/TestOntologies/public/GardinerCorpus/gardiner-all/http___www.mindswap.org_~golbeck_web_www04photo.owl%23.txt#hasPresenter(GSat_u2,GSat_u1) → file:/Users/zwang/Documents/SVN/TestOntologies/public/GardinerCorpus/gardiner-all/http___www.mindswap.org_~golbeck_web_www04photo.owl%23.txt#Person(GSat_u1)
file:/Users/zwang/Documents/SVN/TestOntologies/public/GardinerCorpus/gardiner-all/http___www.mindswap.org_~golbeck_web_www04photo.owl%23.txt#hasOrganizer(GSat_u2,GSat_u1) → file:/Users/zwang/Documents/SVN/TestOntologies/public/GardinerCorpus/gardiner-all/http___www.mindswap.org_~golbeck_web_www04photo.owl%23.txt#organizerOf(GSat_u1,GSat_u2)
=========================================
