Starting Saturation...
Executing from DLGP files
SLF4J: Failed to load class "org.slf4j.impl.StaticLoggerBinder".
SLF4J: Defaulting to no-operation (NOP) logger implementation
SLF4J: See http://www.slf4j.org/codes.html#StaticLoggerBinder for further details.
# Rules: 192; # Atoms: 0; # AtomSets: 0; # Queries: 0; # Constraints: 0
Full TGD saturation algorithm: Simple Sat
May 17, 2021 8:38:03 AM uk.ac.ox.cs.gsat.SimpleSat run
INFO: Simple Sat discarded rules : 0/192 = 0.000%
May 17, 2021 8:38:03 AM uk.ac.ox.cs.gsat.SimpleSat run
INFO: # initial TGDs: 114 , 78
May 17, 2021 8:38:03 AM uk.ac.ox.cs.gsat.SimpleSat run
INFO: Simple Sat width : 5
May 17, 2021 8:38:04 AM uk.ac.ox.cs.gsat.SimpleSat run
INFO: Simple Sat total time : 1188 ms = 1.19 s
May 17, 2021 8:38:04 AM uk.ac.ox.cs.gsat.SimpleSat run
INFO: Subsumed elements : 2148
May 17, 2021 8:38:04 AM uk.ac.ox.cs.gsat.SimpleSat run
INFO: Filter discarded elements : 0
May 17, 2021 8:38:04 AM uk.ac.ox.cs.gsat.SimpleSat run
INFO: Derived full/non full TGDs: 206 , 0
May 17, 2021 8:38:04 AM uk.ac.ox.cs.gsat.SimpleSat run
INFO: ouptput full TGDs not contained in the input: 137
May 17, 2021 8:38:04 AM uk.ac.ox.cs.gsat.App executeAllSteps
INFO: Rewriting completed!
Full TGD saturation: (251 dependecies)
=========================================
http://purl.obolibrary.org/obo/BFO_0000053(GSat_u2,GSat_u1) → http://purl.obolibrary.org/obo/BFO_0000052(GSat_u1,GSat_u2)
http://purl.obolibrary.org/obo/BFO_0000053_some_http://purl.obolibrary.org/obo/PATO_0001854(GSat_u1) → http://purl.obolibrary.org/obo/BFO_0000001(GSat_u1)
http://purl.obolibrary.org/obo/BFO_0000051(GSat_u2,GSat_u1) & http://purl.obolibrary.org/obo/TAO_0002283(GSat_u2) → http://purl.obolibrary.org/obo/BFO_0000050_some_http://purl.obolibrary.org/obo/TAO_0002283(GSat_u1)
http://purl.obolibrary.org/obo/TAO_0002283(GSat_u2) & http://purl.obolibrary.org/obo/BFO_0000050(GSat_u1,GSat_u2) → http://purl.obolibrary.org/obo/BFO_0000050_some_http://purl.obolibrary.org/obo/TAO_0002283(GSat_u1)
http://purl.obolibrary.org/obo/BFO_0000053(GSat_u1,GSat_u2) & http://purl.obolibrary.org/obo/TAO_0000158(GSat_u2) → http://purl.obolibrary.org/obo/BFO_0000053_some_http://purl.obolibrary.org/obo/TAO_0000158(GSat_u1)
http://purl.obolibrary.org/obo/TAO_0001546(GSat_u2) & http://purl.obolibrary.org/obo/RO_0002180(GSat_u2,GSat_u1) → http://purl.obolibrary.org/obo/BFO_0000050_some_http://purl.obolibrary.org/obo/TAO_0001546(GSat_u1)
http://purl.obolibrary.org/obo/BFO_0000053_some_http://purl.obolibrary.org/obo/PATO_0000052(GSat_u1) → http://purl.obolibrary.org/obo/BFO_0000004(GSat_u1)
http://purl.obolibrary.org/obo/BFO_0000050_some_http://purl.obolibrary.org/obo/TAO_0000250(GSat_u1) → http://purl.obolibrary.org/obo/BFO_0000050_some_http://purl.obolibrary.org/obo/TAO_0000250(GSat_u1)
http://purl.obolibrary.org/obo/BFO_0000052(GSat_u2,GSat_u1) & http://purl.obolibrary.org/obo/PATO_0001947(GSat_u2) → http://purl.obolibrary.org/obo/BFO_0000053_some_http://purl.obolibrary.org/obo/PATO_0001947(GSat_u1)
http://purl.obolibrary.org/obo/BFO_0000050(GSat_u1,GSat_u2) & http://purl.obolibrary.org/obo/TAO_0001392(GSat_u2) → http://purl.obolibrary.org/obo/BFO_0000050_some_http://purl.obolibrary.org/obo/TAO_0001392(GSat_u1)
http://purl.obolibrary.org/obo/BFO_0000053_some_http://purl.obolibrary.org/obo/PATO_0002235(GSat_u1) → http://purl.obolibrary.org/obo/BFO_0000053_some_http://purl.obolibrary.org/obo/PATO_0002235(GSat_u1)
http://purl.obolibrary.org/obo/BFO_0000050_some_http://purl.obolibrary.org/obo/BSPO_0000071(GSat_u1) → http://purl.obolibrary.org/obo/BFO_0000050_some_http://purl.obolibrary.org/obo/BSPO_0000071(GSat_u1)
http://purl.obolibrary.org/obo/BFO_0000053_some_http://purl.obolibrary.org/obo/PATO_0001505(GSat_u1) → http://purl.obolibrary.org/obo/BFO_0000053_some_http://purl.obolibrary.org/obo/PATO_0001505(GSat_u1)
http://purl.obolibrary.org/obo/TAO_0001834(GSat_u2) & http://purl.obolibrary.org/obo/RO_0002180(GSat_u2,GSat_u1) → http://purl.obolibrary.org/obo/BFO_0000050_some_http://purl.obolibrary.org/obo/TAO_0001834(GSat_u1)
http://purl.obolibrary.org/obo/BFO_0000053_some_http://purl.obolibrary.org/obo/PATO_0002276(GSat_u1) → http://purl.obolibrary.org/obo/BFO_0000001(GSat_u1)
http://purl.obolibrary.org/obo/PATO_0000462(GSat_u2) & http://purl.obolibrary.org/obo/BFO_0000052(GSat_u2,GSat_u1) → http://purl.obolibrary.org/obo/BFO_0000053_some_http://purl.obolibrary.org/obo/PATO_0000462(GSat_u1)
http://purl.obolibrary.org/obo/ENVO_0002036(GSat_u1) → http://purl.obolibrary.org/obo/BFO_0000004(GSat_u1)
http://purl.obolibrary.org/obo/BFO_0000052(GSat_u2,GSat_u1) & http://purl.obolibrary.org/obo/PATO_0000592(GSat_u2) → http://purl.obolibrary.org/obo/BFO_0000053_some_http://purl.obolibrary.org/obo/PATO_0000592(GSat_u1)
http://purl.obolibrary.org/obo/BFO_0000053_some_http://purl.obolibrary.org/obo/PATO_0000070(GSat_u1) → http://purl.obolibrary.org/obo/BFO_0000004(GSat_u1)
http://purl.obolibrary.org/obo/BFO_0000053_some_http://purl.obolibrary.org/obo/PATO_0000569(GSat_u1) → http://purl.obolibrary.org/obo/BFO_0000053_some_http://purl.obolibrary.org/obo/PATO_0000569(GSat_u1)
http://purl.obolibrary.org/obo/BFO_0000053_some_http://purl.obolibrary.org/obo/PATO_0002276(GSat_u1) → http://purl.obolibrary.org/obo/BFO_0000053_some_http://purl.obolibrary.org/obo/PATO_0002276(GSat_u1)
http://purl.obolibrary.org/obo/BFO_0000053(GSat_u1,GSat_u2) & http://purl.obolibrary.org/obo/PATO_0000586(GSat_u2) → http://purl.obolibrary.org/obo/BFO_0000053_some_http://purl.obolibrary.org/obo/PATO_0000586(GSat_u1)
http://purl.obolibrary.org/obo/BFO_0000052(GSat_u2,GSat_u1) & http://purl.obolibrary.org/obo/PATO_0000052(GSat_u2) → http://purl.obolibrary.org/obo/BFO_0000053_some_http://purl.obolibrary.org/obo/PATO_0000052(GSat_u1)
http://purl.obolibrary.org/obo/BFO_0000053_some_http://purl.obolibrary.org/obo/PATO_0000586(GSat_u1) → http://purl.obolibrary.org/obo/BFO_0000001(GSat_u1)
http://purl.obolibrary.org/obo/BSPO_0000067(GSat_u2) & http://purl.obolibrary.org/obo/BFO_0000050(GSat_u1,GSat_u2) → http://purl.obolibrary.org/obo/BFO_0000050_some_http://purl.obolibrary.org/obo/BSPO_0000067(GSat_u1)
http://purl.obolibrary.org/obo/BFO_0000051(GSat_u2,GSat_u1) & http://purl.obolibrary.org/obo/TAO_0001593(GSat_u2) → http://purl.obolibrary.org/obo/BFO_0000050_some_http://purl.obolibrary.org/obo/TAO_0001593(GSat_u1)
http://purl.obolibrary.org/obo/BFO_0000053_some_http://purl.obolibrary.org/obo/PATO_0000569(GSat_u1) → http://purl.obolibrary.org/obo/BFO_0000001(GSat_u1)
http://purl.obolibrary.org/obo/BFO_0000053_some_http://purl.obolibrary.org/obo/PATO_0001505(GSat_u1) → http://purl.obolibrary.org/obo/BFO_0000001(GSat_u1)
http://purl.obolibrary.org/obo/BFO_0000053(GSat_u1,GSat_u2) & http://purl.obolibrary.org/obo/PATO_0000052(GSat_u2) → http://purl.obolibrary.org/obo/BFO_0000053_some_http://purl.obolibrary.org/obo/PATO_0000052(GSat_u1)
http://purl.obolibrary.org/obo/BFO_0000051(GSat_u2,GSat_u1) & http://purl.obolibrary.org/obo/TAO_0001392(GSat_u2) → http://purl.obolibrary.org/obo/BFO_0000050_some_http://purl.obolibrary.org/obo/TAO_0001392(GSat_u1)
http://purl.obolibrary.org/obo/BFO_0000053_some_http://purl.obolibrary.org/obo/PATO_0001947(GSat_u1) → http://purl.obolibrary.org/obo/BFO_0000004(GSat_u1)
http://purl.obolibrary.org/obo/TAO_0001189(GSat_u2) & http://purl.obolibrary.org/obo/BFO_0000050(GSat_u1,GSat_u2) → http://purl.obolibrary.org/obo/BFO_0000050_some_http://purl.obolibrary.org/obo/TAO_0001189(GSat_u1)
http://purl.obolibrary.org/obo/GO_0044456(GSat_u1) → http://purl.obolibrary.org/obo/CARO_0000014(GSat_u1)
http://purl.obolibrary.org/obo/BFO_0000053(GSat_u1,GSat_u2) & http://purl.obolibrary.org/obo/PATO_0000117(GSat_u2) → http://purl.obolibrary.org/obo/BFO_0000053_some_http://purl.obolibrary.org/obo/PATO_0000117(GSat_u1)
http://kb.phenoscape.org/uuid/2a0abf54-ba96-4c91-bdf7-34e3c03581ab-158(GSat_u1) → http://kb.phenoscape.org/uuid/2a0abf54-ba96-4c91-bdf7-34e3c03581ab-163(GSat_u1)
http://purl.obolibrary.org/obo/BFO_0000053(GSat_u1,GSat_u2) → http://purl.obolibrary.org/obo/BFO_0000053(GSat_u1,GSat_u2)
http://purl.obolibrary.org/obo/BFO_0000056(GSat_u1,GSat_u2) → http://purl.obolibrary.org/obo/BFO_0000004(GSat_u1)
http://purl.obolibrary.org/obo/BFO_0000051(GSat_u2,GSat_u1) & http://purl.obolibrary.org/obo/TAO_0000250(GSat_u2) → http://purl.obolibrary.org/obo/BFO_0000050_some_http://purl.obolibrary.org/obo/TAO_0000250(GSat_u1)
http://purl.obolibrary.org/obo/PATO_0001854(GSat_u2) & http://purl.obolibrary.org/obo/BFO_0000053(GSat_u1,GSat_u2) → http://purl.obolibrary.org/obo/BFO_0000053_some_http://purl.obolibrary.org/obo/PATO_0001854(GSat_u1)
http://purl.obolibrary.org/obo/BFO_0000053(GSat_u1,GSat_u2) & http://purl.obolibrary.org/obo/PATO_0000140(GSat_u2) → http://purl.obolibrary.org/obo/BFO_0000053_some_http://purl.obolibrary.org/obo/PATO_0000140(GSat_u1)
http://purl.obolibrary.org/obo/BFO_0000050_some_http://purl.obolibrary.org/obo/TAO_0001548(GSat_u1) → http://purl.obolibrary.org/obo/BFO_0000050_some_http://purl.obolibrary.org/obo/TAO_0001548(GSat_u1)
http://purl.obolibrary.org/obo/BFO_0000050(GSat_u1,GSat_u2) & http://purl.obolibrary.org/obo/BSPO_0000066(GSat_u2) → http://purl.obolibrary.org/obo/BFO_0000050_some_http://purl.obolibrary.org/obo/BSPO_0000066(GSat_u1)
http://purl.obolibrary.org/obo/RO_0002180(GSat_u2,GSat_u1) & http://purl.obolibrary.org/obo/TAO_0000364(GSat_u2) → http://purl.obolibrary.org/obo/BFO_0000050_some_http://purl.obolibrary.org/obo/TAO_0000364(GSat_u1)
http://purl.obolibrary.org/obo/BFO_0000053_some_http://purl.obolibrary.org/obo/PATO_0000140(GSat_u1) → http://purl.obolibrary.org/obo/BFO_0000053_some_http://purl.obolibrary.org/obo/PATO_0000140(GSat_u1)
http://purl.obolibrary.org/obo/RO_0002150(GSat_u1,GSat_u2) → http://purl.obolibrary.org/obo/BFO_0000004(GSat_u1)
http://purl.obolibrary.org/obo/PATO_0001855(GSat_u2) & http://purl.obolibrary.org/obo/BFO_0000052(GSat_u2,GSat_u1) → http://purl.obolibrary.org/obo/BFO_0000053_some_http://purl.obolibrary.org/obo/PATO_0001855(GSat_u1)
http://purl.obolibrary.org/obo/BFO_0000053_some_http://purl.obolibrary.org/obo/PATO_0000570(GSat_u1) → http://purl.obolibrary.org/obo/BFO_0000053_some_http://purl.obolibrary.org/obo/PATO_0000570(GSat_u1)
http://purl.obolibrary.org/obo/TAO_0000158(GSat_u2) & http://purl.obolibrary.org/obo/BFO_0000050(GSat_u1,GSat_u2) → http://purl.obolibrary.org/obo/BFO_0000050_some_http://purl.obolibrary.org/obo/TAO_0000158(GSat_u1)
http://purl.obolibrary.org/obo/PATO_0001961(GSat_u2) & http://purl.obolibrary.org/obo/BFO_0000052(GSat_u2,GSat_u1) → http://purl.obolibrary.org/obo/BFO_0000053_some_http://purl.obolibrary.org/obo/PATO_0001961(GSat_u1)
http://purl.obolibrary.org/obo/BFO_0000053_some_http://purl.obolibrary.org/obo/PATO_0001854(GSat_u1) → http://purl.obolibrary.org/obo/BFO_0000053_some_http://purl.obolibrary.org/obo/PATO_0001854(GSat_u1)
http://purl.obolibrary.org/obo/BFO_0000053_some_http://purl.obolibrary.org/obo/PATO_0000569(GSat_u1) → http://purl.obolibrary.org/obo/BFO_0000004(GSat_u1)
http://purl.obolibrary.org/obo/RO_0002202(GSat_u1,GSat_u2) → http://purl.obolibrary.org/obo/BFO_0000004(GSat_u1)
http://purl.obolibrary.org/obo/BFO_0000053(GSat_u1,GSat_u2) & http://purl.obolibrary.org/obo/PATO_0001855(GSat_u2) → http://purl.obolibrary.org/obo/BFO_0000053_some_http://purl.obolibrary.org/obo/PATO_0001855(GSat_u1)
http://purl.obolibrary.org/obo/BFO_0000053_some_http://purl.obolibrary.org/obo/TAO_0000158(GSat_u1) → http://purl.obolibrary.org/obo/BFO_0000053_some_http://purl.obolibrary.org/obo/TAO_0000158(GSat_u1)
http://purl.obolibrary.org/obo/BFO_0000053(GSat_u1,GSat_u2) & http://purl.obolibrary.org/obo/PATO_0001961(GSat_u2) → http://purl.obolibrary.org/obo/BFO_0000053_some_http://purl.obolibrary.org/obo/PATO_0001961(GSat_u1)
http://purl.obolibrary.org/obo/TAO_0001593(GSat_u2) & http://purl.obolibrary.org/obo/BFO_0000050(GSat_u1,GSat_u2) → http://purl.obolibrary.org/obo/BFO_0000050_some_http://purl.obolibrary.org/obo/TAO_0001593(GSat_u1)
http://purl.obolibrary.org/obo/TAO_0001115(GSat_u2) & http://purl.obolibrary.org/obo/RO_0002180(GSat_u2,GSat_u1) → http://purl.obolibrary.org/obo/BFO_0000050_some_http://purl.obolibrary.org/obo/TAO_0001115(GSat_u1)
http://purl.obolibrary.org/obo/BFO_0000053_some_http://purl.obolibrary.org/obo/PATO_0000587(GSat_u1) → http://purl.obolibrary.org/obo/BFO_0000001(GSat_u1)
http://purl.obolibrary.org/obo/BFO_0000050(GSat_u1,GSat_u2) & http://purl.obolibrary.org/obo/TAO_0001548(GSat_u2) → http://purl.obolibrary.org/obo/BFO_0000050_some_http://purl.obolibrary.org/obo/TAO_0001548(GSat_u1)
http://purl.obolibrary.org/obo/TAO_0001191(GSat_u2) & http://purl.obolibrary.org/obo/BFO_0000050(GSat_u1,GSat_u2) → http://purl.obolibrary.org/obo/BFO_0000050_some_http://purl.obolibrary.org/obo/TAO_0001191(GSat_u1)
http://purl.obolibrary.org/obo/BFO_0000050_some_http://purl.obolibrary.org/obo/TAO_0001191(GSat_u1) → http://purl.obolibrary.org/obo/BFO_0000050_some_http://purl.obolibrary.org/obo/TAO_0001191(GSat_u1)
http://purl.obolibrary.org/obo/BFO_0000052(GSat_u2,GSat_u1) → http://purl.obolibrary.org/obo/BFO_0000004(GSat_u1)
http://purl.obolibrary.org/obo/BSPO_0000672(GSat_u2) & http://purl.obolibrary.org/obo/BFO_0000050(GSat_u1,GSat_u2) → http://purl.obolibrary.org/obo/BFO_0000050_some_http://purl.obolibrary.org/obo/BSPO_0000672(GSat_u1)
http://purl.obolibrary.org/obo/BFO_0000053_some_http://purl.obolibrary.org/obo/PATO_0002276(GSat_u1) → http://purl.obolibrary.org/obo/BFO_0000004(GSat_u1)
http://purl.obolibrary.org/obo/BFO_0000051(GSat_u2,GSat_u1) & http://purl.obolibrary.org/obo/BSPO_0000066(GSat_u2) → http://purl.obolibrary.org/obo/BFO_0000050_some_http://purl.obolibrary.org/obo/BSPO_0000066(GSat_u1)
http://purl.obolibrary.org/obo/BFO_0000007(GSat_u1) → http://purl.obolibrary.org/obo/BFO_0000003(GSat_u1)
http://purl.obolibrary.org/obo/BSPO_0000672(GSat_u2) & http://purl.obolibrary.org/obo/RO_0002180(GSat_u2,GSat_u1) → http://purl.obolibrary.org/obo/BFO_0000050_some_http://purl.obolibrary.org/obo/BSPO_0000672(GSat_u1)
http://purl.obolibrary.org/obo/BFO_0000050(GSat_u1,GSat_u2) → http://purl.obolibrary.org/obo/BFO_0000050(GSat_u1,GSat_u2)
http://purl.obolibrary.org/obo/BFO_0000050_some_http://purl.obolibrary.org/obo/TAO_0002214(GSat_u1) → http://purl.obolibrary.org/obo/BFO_0000050_some_http://purl.obolibrary.org/obo/TAO_0002214(GSat_u1)
http://purl.obolibrary.org/obo/BFO_0000051(GSat_u2,GSat_u1) → http://purl.obolibrary.org/obo/BFO_0000050(GSat_u1,GSat_u2)
http://purl.obolibrary.org/obo/GO_0030425(GSat_u1) → http://purl.obolibrary.org/obo/GO_0043005(GSat_u1)
http://purl.obolibrary.org/obo/BFO_0000050_some_http://purl.obolibrary.org/obo/BSPO_0000067(GSat_u1) → http://purl.obolibrary.org/obo/BFO_0000050_some_http://purl.obolibrary.org/obo/BSPO_0000067(GSat_u1)
http://purl.obolibrary.org/obo/BFO_0000053(GSat_u1,GSat_u2) & http://purl.obolibrary.org/obo/PATO_0000467(GSat_u2) → http://purl.obolibrary.org/obo/BFO_0000053_some_http://purl.obolibrary.org/obo/PATO_0000467(GSat_u1)
http://purl.obolibrary.org/obo/BFO_0000050_some_http://purl.obolibrary.org/obo/BSPO_0000672(GSat_u1) → http://purl.obolibrary.org/obo/BFO_0000050_some_http://purl.obolibrary.org/obo/BSPO_0000672(GSat_u1)
http://purl.obolibrary.org/obo/BFO_0000050_some_http://purl.obolibrary.org/obo/TAO_0002283(GSat_u1) → http://purl.obolibrary.org/obo/BFO_0000050_some_http://purl.obolibrary.org/obo/TAO_0002283(GSat_u1)
http://purl.obolibrary.org/obo/PATO_0000141(GSat_u2) & http://purl.obolibrary.org/obo/BFO_0000052(GSat_u2,GSat_u1) → http://purl.obolibrary.org/obo/BFO_0000053_some_http://purl.obolibrary.org/obo/PATO_0000141(GSat_u1)
http://purl.obolibrary.org/obo/TAO_0001983(GSat_u2) & http://purl.obolibrary.org/obo/RO_0002180(GSat_u2,GSat_u1) → http://purl.obolibrary.org/obo/BFO_0000050_some_http://purl.obolibrary.org/obo/TAO_0001983(GSat_u1)
http://purl.obolibrary.org/obo/BFO_0000050_some_http://purl.obolibrary.org/obo/BSPO_0000066(GSat_u1) → http://purl.obolibrary.org/obo/BFO_0000050_some_http://purl.obolibrary.org/obo/BSPO_0000066(GSat_u1)
http://purl.obolibrary.org/obo/BFO_0000052(GSat_u2,GSat_u1) & http://purl.obolibrary.org/obo/PATO_0000586(GSat_u2) → http://purl.obolibrary.org/obo/BFO_0000053_some_http://purl.obolibrary.org/obo/PATO_0000586(GSat_u1)
http://purl.obolibrary.org/obo/CARO_0000003(GSat_u1) → http://purl.obolibrary.org/obo/CARO_0000006(GSat_u1)
http://purl.obolibrary.org/obo/BFO_0000051(GSat_u2,GSat_u1) & http://purl.obolibrary.org/obo/BSPO_0000672(GSat_u2) → http://purl.obolibrary.org/obo/BFO_0000050_some_http://purl.obolibrary.org/obo/BSPO_0000672(GSat_u1)
http://kb.phenoscape.org/uuid/2a0abf54-ba96-4c91-bdf7-34e3c03581ab-53(GSat_u1) → http://kb.phenoscape.org/uuid/2a0abf54-ba96-4c91-bdf7-34e3c03581ab-59(GSat_u1)
http://purl.obolibrary.org/obo/CARO_0000006(GSat_u1) → http://purl.obolibrary.org/obo/BFO_0000040(GSat_u1)
http://kb.phenoscape.org/uuid/2a0abf54-ba96-4c91-bdf7-34e3c03581ab-163(GSat_u1) → http://kb.phenoscape.org/uuid/2a0abf54-ba96-4c91-bdf7-34e3c03581ab-158(GSat_u1)
http://purl.obolibrary.org/obo/RO_0002150(GSat_u2,GSat_u1) → http://purl.obolibrary.org/obo/BFO_0000004(GSat_u1)
http://purl.obolibrary.org/obo/BFO_0000053_some_http://purl.obolibrary.org/obo/PATO_0000467(GSat_u1) → http://purl.obolibrary.org/obo/BFO_0000004(GSat_u1)
http://kb.phenoscape.org/uuid/2a0abf54-ba96-4c91-bdf7-34e3c03581ab-158(GSat_u1) → http://kb.phenoscape.org/uuid/2a0abf54-ba96-4c91-bdf7-34e3c03581ab-153(GSat_u1)
http://purl.obolibrary.org/obo/BFO_0000051(GSat_u2,GSat_u1) & http://purl.obolibrary.org/obo/TAO_0001548(GSat_u2) → http://purl.obolibrary.org/obo/BFO_0000050_some_http://purl.obolibrary.org/obo/TAO_0001548(GSat_u1)
http://purl.obolibrary.org/obo/BFO_0000052(GSat_u2,GSat_u1) & http://purl.obolibrary.org/obo/TAO_0000158(GSat_u2) → http://purl.obolibrary.org/obo/BFO_0000053_some_http://purl.obolibrary.org/obo/TAO_0000158(GSat_u1)
http://purl.obolibrary.org/obo/RO_0002180(GSat_u2,GSat_u1) & http://purl.obolibrary.org/obo/BSPO_0000066(GSat_u2) → http://purl.obolibrary.org/obo/BFO_0000050_some_http://purl.obolibrary.org/obo/BSPO_0000066(GSat_u1)
http://purl.obolibrary.org/obo/BSPO_0000684(GSat_u2) & http://purl.obolibrary.org/obo/RO_0002180(GSat_u2,GSat_u1) → http://purl.obolibrary.org/obo/BFO_0000050_some_http://purl.obolibrary.org/obo/BSPO_0000684(GSat_u1)
http://purl.obolibrary.org/obo/BFO_0000051(GSat_u2,GSat_u1) & http://purl.obolibrary.org/obo/BSPO_0000684(GSat_u2) → http://purl.obolibrary.org/obo/BFO_0000050_some_http://purl.obolibrary.org/obo/BSPO_0000684(GSat_u1)
http://purl.obolibrary.org/obo/BFO_0000050_some_http://purl.obolibrary.org/obo/TAO_0001546(GSat_u1) → http://purl.obolibrary.org/obo/BFO_0000050_some_http://purl.obolibrary.org/obo/TAO_0001546(GSat_u1)
http://purl.obolibrary.org/obo/BFO_0000053_some_http://purl.obolibrary.org/obo/PATO_0000052(GSat_u1) → http://purl.obolibrary.org/obo/BFO_0000053_some_http://purl.obolibrary.org/obo/PATO_0000052(GSat_u1)
http://purl.obolibrary.org/obo/BFO_0000053_some_http://purl.obolibrary.org/obo/PATO_0000019(GSat_u1) → http://purl.obolibrary.org/obo/BFO_0000001(GSat_u1)
http://purl.obolibrary.org/obo/GO_0045211(GSat_u1) → http://purl.obolibrary.org/obo/GO_0044456(GSat_u1)
http://purl.obolibrary.org/obo/BFO_0000053_some_http://purl.obolibrary.org/obo/PATO_0000570(GSat_u1) → http://purl.obolibrary.org/obo/BFO_0000004(GSat_u1)
http://purl.obolibrary.org/obo/BFO_0000053_some_http://purl.obolibrary.org/obo/TAO_0000158(GSat_u1) → http://purl.obolibrary.org/obo/BFO_0000001(GSat_u1)
http://purl.obolibrary.org/obo/BFO_0000053(GSat_u1,GSat_u2) → http://purl.obolibrary.org/obo/BFO_0000002(GSat_u1)
http://purl.obolibrary.org/obo/BFO_0000051(GSat_u2,GSat_u1) & http://purl.obolibrary.org/obo/TAO_0001983(GSat_u2) → http://purl.obolibrary.org/obo/BFO_0000050_some_http://purl.obolibrary.org/obo/TAO_0001983(GSat_u1)
http://purl.obolibrary.org/obo/BFO_0000050_some_http://purl.obolibrary.org/obo/TAO_0001392(GSat_u1) → http://purl.obolibrary.org/obo/BFO_0000050_some_http://purl.obolibrary.org/obo/TAO_0001392(GSat_u1)
http://purl.obolibrary.org/obo/TAO_0001192(GSat_u2) & http://purl.obolibrary.org/obo/BFO_0000050(GSat_u1,GSat_u2) → http://purl.obolibrary.org/obo/BFO_0000050_some_http://purl.obolibrary.org/obo/TAO_0001192(GSat_u1)
http://purl.obolibrary.org/obo/BFO_0000053_some_http://purl.obolibrary.org/obo/PATO_0000117(GSat_u1) → http://purl.obolibrary.org/obo/BFO_0000053_some_http://purl.obolibrary.org/obo/PATO_0000117(GSat_u1)
http://purl.obolibrary.org/obo/BFO_0000053_some_http://purl.obolibrary.org/obo/PATO_0000070(GSat_u1) → http://purl.obolibrary.org/obo/BFO_0000053_some_http://purl.obolibrary.org/obo/PATO_0000070(GSat_u1)
http://purl.obolibrary.org/obo/BFO_0000053_some_http://purl.obolibrary.org/obo/PATO_0002235(GSat_u1) → http://purl.obolibrary.org/obo/BFO_0000001(GSat_u1)
http://purl.obolibrary.org/obo/BFO_0000050_some_http://purl.obolibrary.org/obo/BSPO_0000671(GSat_u1) → http://purl.obolibrary.org/obo/BFO_0000050_some_http://purl.obolibrary.org/obo/BSPO_0000671(GSat_u1)
http://purl.obolibrary.org/obo/BFO_0000051(GSat_u2,GSat_u1) & http://purl.obolibrary.org/obo/TAO_0001192(GSat_u2) → http://purl.obolibrary.org/obo/BFO_0000050_some_http://purl.obolibrary.org/obo/TAO_0001192(GSat_u1)
http://purl.obolibrary.org/obo/PATO_0000467(GSat_u2) & http://purl.obolibrary.org/obo/BFO_0000052(GSat_u2,GSat_u1) → http://purl.obolibrary.org/obo/BFO_0000053_some_http://purl.obolibrary.org/obo/PATO_0000467(GSat_u1)
http://purl.obolibrary.org/obo/BFO_0000053_some_http://purl.obolibrary.org/obo/PATO_0001854(GSat_u1) → http://purl.obolibrary.org/obo/BFO_0000004(GSat_u1)
http://purl.obolibrary.org/obo/GO_0030424(GSat_u1) → http://purl.obolibrary.org/obo/GO_0043005(GSat_u1)
http://purl.obolibrary.org/obo/CARO_0001000(GSat_u1) → http://purl.obolibrary.org/obo/CARO_0000003(GSat_u1)
http://purl.obolibrary.org/obo/BFO_0000053(GSat_u1,GSat_u2) & http://purl.obolibrary.org/obo/PATO_0002276(GSat_u2) → http://purl.obolibrary.org/obo/BFO_0000053_some_http://purl.obolibrary.org/obo/PATO_0002276(GSat_u1)
http://purl.obolibrary.org/obo/BFO_0000004(GSat_u1) → http://purl.obolibrary.org/obo/BFO_0000002(GSat_u1)
http://purl.obolibrary.org/obo/BFO_0000053_some_http://purl.obolibrary.org/obo/PATO_0001947(GSat_u1) → http://purl.obolibrary.org/obo/BFO_0000001(GSat_u1)
http://purl.obolibrary.org/obo/BFO_0000053_some_http://purl.obolibrary.org/obo/PATO_0000586(GSat_u1) → http://purl.obolibrary.org/obo/BFO_0000004(GSat_u1)
http://purl.obolibrary.org/obo/BSPO_0000684(GSat_u2) & http://purl.obolibrary.org/obo/BFO_0000050(GSat_u1,GSat_u2) → http://purl.obolibrary.org/obo/BFO_0000050_some_http://purl.obolibrary.org/obo/BSPO_0000684(GSat_u1)
http://purl.obolibrary.org/obo/BFO_0000053(GSat_u1,GSat_u2) & http://purl.obolibrary.org/obo/PATO_0000141(GSat_u2) → http://purl.obolibrary.org/obo/BFO_0000053_some_http://purl.obolibrary.org/obo/PATO_0000141(GSat_u1)
http://purl.obolibrary.org/obo/BFO_0000053(GSat_u1,GSat_u2) → http://purl.obolibrary.org/obo/BFO_0000004(GSat_u1)
http://purl.obolibrary.org/obo/BFO_0000051(GSat_u2,GSat_u1) & http://purl.obolibrary.org/obo/TAO_0001189(GSat_u2) → http://purl.obolibrary.org/obo/BFO_0000050_some_http://purl.obolibrary.org/obo/TAO_0001189(GSat_u1)
http://purl.obolibrary.org/obo/BFO_0000003(GSat_u1) → http://purl.obolibrary.org/obo/BFO_0000001(GSat_u1)
http://purl.obolibrary.org/obo/BFO_0000053_some_http://purl.obolibrary.org/obo/PATO_0001855(GSat_u1) → http://purl.obolibrary.org/obo/BFO_0000004(GSat_u1)
http://purl.obolibrary.org/obo/CARO_0010000(GSat_u1) → http://purl.obolibrary.org/obo/CARO_0000003(GSat_u1)
http://purl.obolibrary.org/obo/BFO_0000053_some_http://purl.obolibrary.org/obo/PATO_0000467(GSat_u1) → http://purl.obolibrary.org/obo/BFO_0000053_some_http://purl.obolibrary.org/obo/PATO_0000467(GSat_u1)
http://purl.obolibrary.org/obo/BFO_0000050(GSat_u2,GSat_u1) → http://purl.obolibrary.org/obo/BFO_0000051(GSat_u1,GSat_u2)
http://purl.obolibrary.org/obo/BFO_0000052(GSat_u2,GSat_u1) & http://purl.obolibrary.org/obo/PATO_0002276(GSat_u2) → http://purl.obolibrary.org/obo/BFO_0000053_some_http://purl.obolibrary.org/obo/PATO_0002276(GSat_u1)
http://purl.obolibrary.org/obo/TAO_0001192(GSat_u2) & http://purl.obolibrary.org/obo/RO_0002180(GSat_u2,GSat_u1) → http://purl.obolibrary.org/obo/BFO_0000050_some_http://purl.obolibrary.org/obo/TAO_0001192(GSat_u1)
http://purl.obolibrary.org/obo/BFO_0000053_some_http://purl.obolibrary.org/obo/PATO_0000141(GSat_u1) → http://purl.obolibrary.org/obo/BFO_0000053_some_http://purl.obolibrary.org/obo/PATO_0000141(GSat_u1)
http://purl.obolibrary.org/obo/BFO_0000053_some_http://purl.obolibrary.org/obo/PATO_0000141(GSat_u1) → http://purl.obolibrary.org/obo/BFO_0000001(GSat_u1)
http://purl.obolibrary.org/obo/GO_0042734(GSat_u1) → http://purl.obolibrary.org/obo/GO_0016020(GSat_u1)
http://purl.obolibrary.org/obo/TAO_0001834(GSat_u2) & http://purl.obolibrary.org/obo/BFO_0000050(GSat_u1,GSat_u2) → http://purl.obolibrary.org/obo/BFO_0000050_some_http://purl.obolibrary.org/obo/TAO_0001834(GSat_u1)
http://purl.obolibrary.org/obo/BFO_0000056(GSat_u2,GSat_u1) → http://purl.obolibrary.org/obo/BFO_0000003(GSat_u1)
http://purl.obolibrary.org/obo/BFO_0000053_some_http://purl.obolibrary.org/obo/PATO_0001947(GSat_u1) → http://purl.obolibrary.org/obo/BFO_0000053_some_http://purl.obolibrary.org/obo/PATO_0001947(GSat_u1)
http://purl.obolibrary.org/obo/BFO_0000053_some_http://purl.obolibrary.org/obo/PATO_0001961(GSat_u1) → http://purl.obolibrary.org/obo/BFO_0000004(GSat_u1)
http://purl.obolibrary.org/obo/BFO_0000050_some_http://purl.obolibrary.org/obo/TAO_0001983(GSat_u1) → http://purl.obolibrary.org/obo/BFO_0000050_some_http://purl.obolibrary.org/obo/TAO_0001983(GSat_u1)
http://kb.phenoscape.org/uuid/2a0abf54-ba96-4c91-bdf7-34e3c03581ab-153(GSat_u1) → http://kb.phenoscape.org/uuid/2a0abf54-ba96-4c91-bdf7-34e3c03581ab-158(GSat_u1)
http://purl.obolibrary.org/obo/TAO_0002283(GSat_u2) & http://purl.obolibrary.org/obo/RO_0002180(GSat_u2,GSat_u1) → http://purl.obolibrary.org/obo/BFO_0000050_some_http://purl.obolibrary.org/obo/TAO_0002283(GSat_u1)
http://purl.obolibrary.org/obo/BFO_0000050_some_http://purl.obolibrary.org/obo/TAO_0001593(GSat_u1) → http://purl.obolibrary.org/obo/BFO_0000050_some_http://purl.obolibrary.org/obo/TAO_0001593(GSat_u1)
http://purl.obolibrary.org/obo/CL_0000540(GSat_u1) → http://purl.obolibrary.org/obo/CL_0000000(GSat_u1)
http://purl.obolibrary.org/obo/TAO_0001115(GSat_u2) & http://purl.obolibrary.org/obo/BFO_0000050(GSat_u1,GSat_u2) → http://purl.obolibrary.org/obo/BFO_0000050_some_http://purl.obolibrary.org/obo/TAO_0001115(GSat_u1)
http://purl.obolibrary.org/obo/TAO_0001593(GSat_u2) & http://purl.obolibrary.org/obo/RO_0002180(GSat_u2,GSat_u1) → http://purl.obolibrary.org/obo/BFO_0000050_some_http://purl.obolibrary.org/obo/TAO_0001593(GSat_u1)
http://purl.obolibrary.org/obo/BFO_0000053(GSat_u1,GSat_u2) & http://purl.obolibrary.org/obo/PATO_0000570(GSat_u2) → http://purl.obolibrary.org/obo/BFO_0000053_some_http://purl.obolibrary.org/obo/PATO_0000570(GSat_u1)
http://purl.obolibrary.org/obo/BFO_0000053(GSat_u1,GSat_u2) & http://purl.obolibrary.org/obo/PATO_0001505(GSat_u2) → http://purl.obolibrary.org/obo/BFO_0000053_some_http://purl.obolibrary.org/obo/PATO_0001505(GSat_u1)
http://purl.obolibrary.org/obo/BFO_0000053_some_http://purl.obolibrary.org/obo/PATO_0000592(GSat_u1) → http://purl.obolibrary.org/obo/BFO_0000001(GSat_u1)
http://purl.obolibrary.org/obo/CL_0000000(GSat_u1) → http://purl.obolibrary.org/obo/CARO_0000003(GSat_u1)
http://purl.obolibrary.org/obo/GO_0045211(GSat_u1) → http://purl.obolibrary.org/obo/GO_0016020(GSat_u1)
http://purl.obolibrary.org/obo/BFO_0000053_some_http://purl.obolibrary.org/obo/PATO_0000587(GSat_u1) → http://purl.obolibrary.org/obo/BFO_0000004(GSat_u1)
http://purl.obolibrary.org/obo/BFO_0000052(GSat_u2,GSat_u1) & http://purl.obolibrary.org/obo/PATO_0002235(GSat_u2) → http://purl.obolibrary.org/obo/BFO_0000053_some_http://purl.obolibrary.org/obo/PATO_0002235(GSat_u1)
http://purl.obolibrary.org/obo/BFO_0000053_some_http://purl.obolibrary.org/obo/PATO_0001855(GSat_u1) → http://purl.obolibrary.org/obo/BFO_0000001(GSat_u1)
http://purl.obolibrary.org/obo/TAO_0001189(GSat_u2) & http://purl.obolibrary.org/obo/RO_0002180(GSat_u2,GSat_u1) → http://purl.obolibrary.org/obo/BFO_0000050_some_http://purl.obolibrary.org/obo/TAO_0001189(GSat_u1)
http://kb.phenoscape.org/uuid/2a0abf54-ba96-4c91-bdf7-34e3c03581ab-169(GSat_u1) → http://kb.phenoscape.org/uuid/2a0abf54-ba96-4c91-bdf7-34e3c03581ab-175(GSat_u1)
http://purl.obolibrary.org/obo/BSPO_0000067(GSat_u2) & http://purl.obolibrary.org/obo/RO_0002180(GSat_u2,GSat_u1) → http://purl.obolibrary.org/obo/BFO_0000050_some_http://purl.obolibrary.org/obo/BSPO_0000067(GSat_u1)
http://purl.obolibrary.org/obo/BFO_0000051(GSat_u2,GSat_u1) & http://purl.obolibrary.org/obo/TAO_0000660(GSat_u2) → http://purl.obolibrary.org/obo/BFO_0000050_some_http://purl.obolibrary.org/obo/TAO_0000660(GSat_u1)
http://purl.obolibrary.org/obo/BFO_0000051(GSat_u2,GSat_u1) & http://purl.obolibrary.org/obo/TAO_0001834(GSat_u2) → http://purl.obolibrary.org/obo/BFO_0000050_some_http://purl.obolibrary.org/obo/TAO_0001834(GSat_u1)
http://purl.obolibrary.org/obo/RO_0002180(GSat_u2,GSat_u1) & http://purl.obolibrary.org/obo/TAO_0000250(GSat_u2) → http://purl.obolibrary.org/obo/BFO_0000050_some_http://purl.obolibrary.org/obo/TAO_0000250(GSat_u1)
http://purl.obolibrary.org/obo/GO_0016020(GSat_u1) → http://purl.obolibrary.org/obo/GO_0044464(GSat_u1)
http://purl.obolibrary.org/obo/BFO_0000053(GSat_u1,GSat_u2) & http://purl.obolibrary.org/obo/PATO_0000070(GSat_u2) → http://purl.obolibrary.org/obo/BFO_0000053_some_http://purl.obolibrary.org/obo/PATO_0000070(GSat_u1)
http://purl.obolibrary.org/obo/BFO_0000051(GSat_u2,GSat_u1) & http://purl.obolibrary.org/obo/TAO_0000364(GSat_u2) → http://purl.obolibrary.org/obo/BFO_0000050_some_http://purl.obolibrary.org/obo/TAO_0000364(GSat_u1)
http://purl.obolibrary.org/obo/BFO_0000050_some_http://purl.obolibrary.org/obo/TAO_0001189(GSat_u1) → http://purl.obolibrary.org/obo/BFO_0000050_some_http://purl.obolibrary.org/obo/TAO_0001189(GSat_u1)
http://purl.obolibrary.org/obo/BFO_0000050_some_http://purl.obolibrary.org/obo/TAO_0000698(GSat_u1) → http://purl.obolibrary.org/obo/BFO_0000050_some_http://purl.obolibrary.org/obo/TAO_0000698(GSat_u1)
http://purl.obolibrary.org/obo/BFO_0000052(GSat_u2,GSat_u1) & http://purl.obolibrary.org/obo/PATO_0000587(GSat_u2) → http://purl.obolibrary.org/obo/BFO_0000053_some_http://purl.obolibrary.org/obo/PATO_0000587(GSat_u1)
http://purl.obolibrary.org/obo/BFO_0000051(GSat_u1,GSat_u2) → http://purl.obolibrary.org/obo/BFO_0000051(GSat_u1,GSat_u2)
http://purl.obolibrary.org/obo/TAO_0001392(GSat_u2) & http://purl.obolibrary.org/obo/RO_0002180(GSat_u2,GSat_u1) → http://purl.obolibrary.org/obo/BFO_0000050_some_http://purl.obolibrary.org/obo/TAO_0001392(GSat_u1)
http://purl.obolibrary.org/obo/BFO_0000052(GSat_u2,GSat_u1) → http://purl.obolibrary.org/obo/BFO_0000053(GSat_u1,GSat_u2)
http://purl.obolibrary.org/obo/PATO_0000117(GSat_u2) & http://purl.obolibrary.org/obo/BFO_0000052(GSat_u2,GSat_u1) → http://purl.obolibrary.org/obo/BFO_0000053_some_http://purl.obolibrary.org/obo/PATO_0000117(GSat_u1)
http://purl.obolibrary.org/obo/BFO_0000053_some_http://purl.obolibrary.org/obo/PATO_0000570(GSat_u1) → http://purl.obolibrary.org/obo/BFO_0000001(GSat_u1)
http://purl.obolibrary.org/obo/BFO_0000050_some_http://purl.obolibrary.org/obo/TAO_0000660(GSat_u1) → http://purl.obolibrary.org/obo/BFO_0000050_some_http://purl.obolibrary.org/obo/TAO_0000660(GSat_u1)
http://purl.obolibrary.org/obo/TAO_0001983(GSat_u2) & http://purl.obolibrary.org/obo/BFO_0000050(GSat_u1,GSat_u2) → http://purl.obolibrary.org/obo/BFO_0000050_some_http://purl.obolibrary.org/obo/TAO_0001983(GSat_u1)
http://kb.phenoscape.org/uuid/2a0abf54-ba96-4c91-bdf7-34e3c03581ab-175(GSat_u1) → http://kb.phenoscape.org/uuid/2a0abf54-ba96-4c91-bdf7-34e3c03581ab-169(GSat_u1)
http://purl.obolibrary.org/obo/TAO_0001546(GSat_u2) & http://purl.obolibrary.org/obo/BFO_0000050(GSat_u1,GSat_u2) → http://purl.obolibrary.org/obo/BFO_0000050_some_http://purl.obolibrary.org/obo/TAO_0001546(GSat_u1)
http://purl.obolibrary.org/obo/BFO_0000053_some_http://purl.obolibrary.org/obo/PATO_0002235(GSat_u1) → http://purl.obolibrary.org/obo/BFO_0000004(GSat_u1)
http://purl.obolibrary.org/obo/TAO_0001548(GSat_u2) & http://purl.obolibrary.org/obo/RO_0002180(GSat_u2,GSat_u1) → http://purl.obolibrary.org/obo/BFO_0000050_some_http://purl.obolibrary.org/obo/TAO_0001548(GSat_u1)
http://purl.obolibrary.org/obo/BFO_0000053(GSat_u1,GSat_u2) & http://purl.obolibrary.org/obo/PATO_0000587(GSat_u2) → http://purl.obolibrary.org/obo/BFO_0000053_some_http://purl.obolibrary.org/obo/PATO_0000587(GSat_u1)
http://purl.obolibrary.org/obo/BFO_0000052(GSat_u2,GSat_u1) & http://purl.obolibrary.org/obo/PATO_0000070(GSat_u2) → http://purl.obolibrary.org/obo/BFO_0000053_some_http://purl.obolibrary.org/obo/PATO_0000070(GSat_u1)
http://purl.obolibrary.org/obo/BFO_0000051(GSat_u2,GSat_u1) & http://purl.obolibrary.org/obo/TAO_0001115(GSat_u2) → http://purl.obolibrary.org/obo/BFO_0000050_some_http://purl.obolibrary.org/obo/TAO_0001115(GSat_u1)
http://purl.obolibrary.org/obo/BFO_0000053_some_http://purl.obolibrary.org/obo/PATO_0000587(GSat_u1) → http://purl.obolibrary.org/obo/BFO_0000053_some_http://purl.obolibrary.org/obo/PATO_0000587(GSat_u1)
http://purl.obolibrary.org/obo/BFO_0000051(GSat_u2,GSat_u1) & http://purl.obolibrary.org/obo/TAO_0002214(GSat_u2) → http://purl.obolibrary.org/obo/BFO_0000050_some_http://purl.obolibrary.org/obo/TAO_0002214(GSat_u1)
http://purl.obolibrary.org/obo/TAO_0001191(GSat_u2) & http://purl.obolibrary.org/obo/RO_0002180(GSat_u2,GSat_u1) → http://purl.obolibrary.org/obo/BFO_0000050_some_http://purl.obolibrary.org/obo/TAO_0001191(GSat_u1)
http://purl.obolibrary.org/obo/BFO_0000050_some_http://purl.obolibrary.org/obo/TAO_0000364(GSat_u1) → http://purl.obolibrary.org/obo/BFO_0000050_some_http://purl.obolibrary.org/obo/TAO_0000364(GSat_u1)
http://purl.obolibrary.org/obo/BFO_0000050(GSat_u1,GSat_u2) & http://purl.obolibrary.org/obo/TAO_0000364(GSat_u2) → http://purl.obolibrary.org/obo/BFO_0000050_some_http://purl.obolibrary.org/obo/TAO_0000364(GSat_u1)
http://purl.obolibrary.org/obo/BFO_0000053_some_http://purl.obolibrary.org/obo/PATO_0000019(GSat_u1) → http://purl.obolibrary.org/obo/BFO_0000053_some_http://purl.obolibrary.org/obo/PATO_0000019(GSat_u1)
http://purl.obolibrary.org/obo/BFO_0000053_some_http://purl.obolibrary.org/obo/PATO_0000019(GSat_u1) → http://purl.obolibrary.org/obo/BFO_0000004(GSat_u1)
http://purl.obolibrary.org/obo/CARO_0000014(GSat_u1) → http://purl.obolibrary.org/obo/CARO_0000003(GSat_u1)
http://purl.obolibrary.org/obo/BFO_0000051(GSat_u2,GSat_u1) & http://purl.obolibrary.org/obo/TAO_0001546(GSat_u2) → http://purl.obolibrary.org/obo/BFO_0000050_some_http://purl.obolibrary.org/obo/TAO_0001546(GSat_u1)
http://purl.obolibrary.org/obo/PATO_0001505(GSat_u2) & http://purl.obolibrary.org/obo/BFO_0000052(GSat_u2,GSat_u1) → http://purl.obolibrary.org/obo/BFO_0000053_some_http://purl.obolibrary.org/obo/PATO_0001505(GSat_u1)
http://purl.obolibrary.org/obo/BFO_0000053_some_http://purl.obolibrary.org/obo/PATO_0000140(GSat_u1) → http://purl.obolibrary.org/obo/BFO_0000004(GSat_u1)
http://purl.obolibrary.org/obo/BFO_0000050_some_http://purl.obolibrary.org/obo/BSPO_0000684(GSat_u1) → http://purl.obolibrary.org/obo/BFO_0000050_some_http://purl.obolibrary.org/obo/BSPO_0000684(GSat_u1)
http://purl.obolibrary.org/obo/BFO_0000053_some_http://purl.obolibrary.org/obo/PATO_0000117(GSat_u1) → http://purl.obolibrary.org/obo/BFO_0000004(GSat_u1)
http://purl.obolibrary.org/obo/BFO_0000053_some_http://purl.obolibrary.org/obo/PATO_0001855(GSat_u1) → http://purl.obolibrary.org/obo/BFO_0000053_some_http://purl.obolibrary.org/obo/PATO_0001855(GSat_u1)
http://purl.obolibrary.org/obo/BFO_0000050_some_http://purl.obolibrary.org/obo/TAO_0001834(GSat_u1) → http://purl.obolibrary.org/obo/BFO_0000050_some_http://purl.obolibrary.org/obo/TAO_0001834(GSat_u1)
http://purl.obolibrary.org/obo/BFO_0000053_some_http://purl.obolibrary.org/obo/PATO_0000462(GSat_u1) → http://purl.obolibrary.org/obo/BFO_0000001(GSat_u1)
http://purl.obolibrary.org/obo/BFO_0000052(GSat_u2,GSat_u1) & http://purl.obolibrary.org/obo/PATO_0000140(GSat_u2) → http://purl.obolibrary.org/obo/BFO_0000053_some_http://purl.obolibrary.org/obo/PATO_0000140(GSat_u1)
http://purl.obolibrary.org/obo/BFO_0000053(GSat_u1,GSat_u2) & http://purl.obolibrary.org/obo/PATO_0000462(GSat_u2) → http://purl.obolibrary.org/obo/BFO_0000053_some_http://purl.obolibrary.org/obo/PATO_0000462(GSat_u1)
http://purl.obolibrary.org/obo/TAO_0000158(GSat_u2) & http://purl.obolibrary.org/obo/RO_0002180(GSat_u2,GSat_u1) → http://purl.obolibrary.org/obo/BFO_0000050_some_http://purl.obolibrary.org/obo/TAO_0000158(GSat_u1)
http://purl.obolibrary.org/obo/GO_0043005(GSat_u1) → http://purl.obolibrary.org/obo/GO_0042995(GSat_u1)
http://purl.obolibrary.org/obo/BFO_0000051(GSat_u2,GSat_u1) & http://purl.obolibrary.org/obo/TAO_0000158(GSat_u2) → http://purl.obolibrary.org/obo/BFO_0000050_some_http://purl.obolibrary.org/obo/TAO_0000158(GSat_u1)
http://purl.obolibrary.org/obo/PATO_0000569(GSat_u2) & http://purl.obolibrary.org/obo/BFO_0000052(GSat_u2,GSat_u1) → http://purl.obolibrary.org/obo/BFO_0000053_some_http://purl.obolibrary.org/obo/PATO_0000569(GSat_u1)
http://purl.obolibrary.org/obo/BFO_0000053_some_http://purl.obolibrary.org/obo/PATO_0000586(GSat_u1) → http://purl.obolibrary.org/obo/BFO_0000053_some_http://purl.obolibrary.org/obo/PATO_0000586(GSat_u1)
http://purl.obolibrary.org/obo/CARO_0001001(GSat_u1) → http://purl.obolibrary.org/obo/CARO_0001000(GSat_u1)
http://purl.obolibrary.org/obo/BFO_0000053(GSat_u1,GSat_u2) → http://purl.obolibrary.org/obo/BFO_0000001(GSat_u1)
http://purl.obolibrary.org/obo/BFO_0000053_some_http://purl.obolibrary.org/obo/PATO_0000140(GSat_u1) → http://purl.obolibrary.org/obo/BFO_0000001(GSat_u1)
http://purl.obolibrary.org/obo/TAO_0000698(GSat_u2) & http://purl.obolibrary.org/obo/BFO_0000050(GSat_u1,GSat_u2) → http://purl.obolibrary.org/obo/BFO_0000050_some_http://purl.obolibrary.org/obo/TAO_0000698(GSat_u1)
http://purl.obolibrary.org/obo/BFO_0000050(GSat_u1,GSat_u2) & http://purl.obolibrary.org/obo/TAO_0002214(GSat_u2) → http://purl.obolibrary.org/obo/BFO_0000050_some_http://purl.obolibrary.org/obo/TAO_0002214(GSat_u1)
http://purl.obolibrary.org/obo/BSPO_0000071(GSat_u2) & http://purl.obolibrary.org/obo/RO_0002180(GSat_u2,GSat_u1) → http://purl.obolibrary.org/obo/BFO_0000050_some_http://purl.obolibrary.org/obo/BSPO_0000071(GSat_u1)
http://purl.obolibrary.org/obo/BFO_0000053_some_http://purl.obolibrary.org/obo/PATO_0000052(GSat_u1) → http://purl.obolibrary.org/obo/BFO_0000001(GSat_u1)
http://purl.obolibrary.org/obo/RO_0002202(GSat_u2,GSat_u1) → http://purl.obolibrary.org/obo/BFO_0000004(GSat_u1)
http://purl.obolibrary.org/obo/BFO_0000051(GSat_u2,GSat_u1) & http://purl.obolibrary.org/obo/TAO_0000698(GSat_u2) → http://purl.obolibrary.org/obo/BFO_0000050_some_http://purl.obolibrary.org/obo/TAO_0000698(GSat_u1)
http://purl.obolibrary.org/obo/BFO_0000053(GSat_u1,GSat_u2) & http://purl.obolibrary.org/obo/PATO_0000592(GSat_u2) → http://purl.obolibrary.org/obo/BFO_0000053_some_http://purl.obolibrary.org/obo/PATO_0000592(GSat_u1)
http://purl.obolibrary.org/obo/BFO_0000053_some_http://purl.obolibrary.org/obo/PATO_0000592(GSat_u1) → http://purl.obolibrary.org/obo/BFO_0000004(GSat_u1)
http://purl.obolibrary.org/obo/BFO_0000053_some_http://purl.obolibrary.org/obo/PATO_0000141(GSat_u1) → http://purl.obolibrary.org/obo/BFO_0000004(GSat_u1)
http://purl.obolibrary.org/obo/GO_0042995(GSat_u1) → http://purl.obolibrary.org/obo/GO_0044464(GSat_u1)
http://purl.obolibrary.org/obo/BFO_0000040(GSat_u1) → http://purl.obolibrary.org/obo/BFO_0000004(GSat_u1)
http://purl.obolibrary.org/obo/BFO_0000053(GSat_u1,GSat_u2) & http://purl.obolibrary.org/obo/PATO_0001947(GSat_u2) → http://purl.obolibrary.org/obo/BFO_0000053_some_http://purl.obolibrary.org/obo/PATO_0001947(GSat_u1)
http://purl.obolibrary.org/obo/BFO_0000053_some_http://purl.obolibrary.org/obo/PATO_0001961(GSat_u1) → http://purl.obolibrary.org/obo/BFO_0000001(GSat_u1)
http://purl.obolibrary.org/obo/BFO_0000050_some_http://purl.obolibrary.org/obo/TAO_0001192(GSat_u1) → http://purl.obolibrary.org/obo/BFO_0000050_some_http://purl.obolibrary.org/obo/TAO_0001192(GSat_u1)
http://purl.obolibrary.org/obo/TAO_0001191(GSat_u2) & http://purl.obolibrary.org/obo/BFO_0000051(GSat_u2,GSat_u1) → http://purl.obolibrary.org/obo/BFO_0000050_some_http://purl.obolibrary.org/obo/TAO_0001191(GSat_u1)
http://purl.obolibrary.org/obo/PATO_0001854(GSat_u2) & http://purl.obolibrary.org/obo/BFO_0000052(GSat_u2,GSat_u1) → http://purl.obolibrary.org/obo/BFO_0000053_some_http://purl.obolibrary.org/obo/PATO_0001854(GSat_u1)
http://purl.obolibrary.org/obo/PATO_0000570(GSat_u2) & http://purl.obolibrary.org/obo/BFO_0000052(GSat_u2,GSat_u1) → http://purl.obolibrary.org/obo/BFO_0000053_some_http://purl.obolibrary.org/obo/PATO_0000570(GSat_u1)
http://purl.obolibrary.org/obo/BFO_0000050_some_http://purl.obolibrary.org/obo/TAO_0000158(GSat_u1) → http://purl.obolibrary.org/obo/BFO_0000050_some_http://purl.obolibrary.org/obo/TAO_0000158(GSat_u1)
http://purl.obolibrary.org/obo/RO_0002180(GSat_u1,GSat_u2) → http://purl.obolibrary.org/obo/BFO_0000051(GSat_u1,GSat_u2)
http://purl.obolibrary.org/obo/BFO_0000053_some_http://purl.obolibrary.org/obo/PATO_0000462(GSat_u1) → http://purl.obolibrary.org/obo/BFO_0000004(GSat_u1)
http://purl.obolibrary.org/obo/BFO_0000053_some_http://purl.obolibrary.org/obo/PATO_0000117(GSat_u1) → http://purl.obolibrary.org/obo/BFO_0000001(GSat_u1)
http://purl.obolibrary.org/obo/TAO_0002214(GSat_u2) & http://purl.obolibrary.org/obo/RO_0002180(GSat_u2,GSat_u1) → http://purl.obolibrary.org/obo/BFO_0000050_some_http://purl.obolibrary.org/obo/TAO_0002214(GSat_u1)
http://purl.obolibrary.org/obo/BFO_0000002(GSat_u1) → http://purl.obolibrary.org/obo/BFO_0000001(GSat_u1)
http://purl.obolibrary.org/obo/BFO_0000052(GSat_u2,GSat_u1) & http://purl.obolibrary.org/obo/PATO_0000019(GSat_u2) → http://purl.obolibrary.org/obo/BFO_0000053_some_http://purl.obolibrary.org/obo/PATO_0000019(GSat_u1)
http://purl.obolibrary.org/obo/GO_0044464(GSat_u1) → http://purl.obolibrary.org/obo/CARO_0000014(GSat_u1)
http://purl.obolibrary.org/obo/BSPO_0000671(GSat_u2) & http://purl.obolibrary.org/obo/BFO_0000050(GSat_u1,GSat_u2) → http://purl.obolibrary.org/obo/BFO_0000050_some_http://purl.obolibrary.org/obo/BSPO_0000671(GSat_u1)
http://purl.obolibrary.org/obo/BFO_0000050(GSat_u1,GSat_u2) & http://purl.obolibrary.org/obo/TAO_0000660(GSat_u2) → http://purl.obolibrary.org/obo/BFO_0000050_some_http://purl.obolibrary.org/obo/TAO_0000660(GSat_u1)
http://kb.phenoscape.org/uuid/2a0abf54-ba96-4c91-bdf7-34e3c03581ab-59(GSat_u1) → http://kb.phenoscape.org/uuid/2a0abf54-ba96-4c91-bdf7-34e3c03581ab-53(GSat_u1)
http://kb.phenoscape.org/uuid/2a0abf54-ba96-4c91-bdf7-34e3c03581ab-46(GSat_u1) → http://kb.phenoscape.org/uuid/2a0abf54-ba96-4c91-bdf7-34e3c03581ab-40(GSat_u1)
http://purl.obolibrary.org/obo/GO_0045202(GSat_u1) → http://purl.obolibrary.org/obo/CARO_0000014(GSat_u1)
http://purl.obolibrary.org/obo/BSPO_0000071(GSat_u2) & http://purl.obolibrary.org/obo/BFO_0000050(GSat_u1,GSat_u2) → http://purl.obolibrary.org/obo/BFO_0000050_some_http://purl.obolibrary.org/obo/BSPO_0000071(GSat_u1)
http://purl.obolibrary.org/obo/BFO_0000050(GSat_u1,GSat_u2) & http://purl.obolibrary.org/obo/TAO_0000250(GSat_u2) → http://purl.obolibrary.org/obo/BFO_0000050_some_http://purl.obolibrary.org/obo/TAO_0000250(GSat_u1)
http://purl.obolibrary.org/obo/BFO_0000053_some_http://purl.obolibrary.org/obo/PATO_0000462(GSat_u1) → http://purl.obolibrary.org/obo/BFO_0000053_some_http://purl.obolibrary.org/obo/PATO_0000462(GSat_u1)
http://purl.obolibrary.org/obo/BFO_0000053_some_http://purl.obolibrary.org/obo/PATO_0000592(GSat_u1) → http://purl.obolibrary.org/obo/BFO_0000053_some_http://purl.obolibrary.org/obo/PATO_0000592(GSat_u1)
http://purl.obolibrary.org/obo/BFO_0000053(GSat_u1,GSat_u2) & http://purl.obolibrary.org/obo/PATO_0002235(GSat_u2) → http://purl.obolibrary.org/obo/BFO_0000053_some_http://purl.obolibrary.org/obo/PATO_0002235(GSat_u1)
http://purl.obolibrary.org/obo/BFO_0000053_some_http://purl.obolibrary.org/obo/PATO_0001505(GSat_u1) → http://purl.obolibrary.org/obo/BFO_0000004(GSat_u1)
http://purl.obolibrary.org/obo/BFO_0000053_some_http://purl.obolibrary.org/obo/PATO_0001961(GSat_u1) → http://purl.obolibrary.org/obo/BFO_0000053_some_http://purl.obolibrary.org/obo/PATO_0001961(GSat_u1)
http://purl.obolibrary.org/obo/GO_0042734(GSat_u1) → http://purl.obolibrary.org/obo/GO_0044456(GSat_u1)
http://purl.obolibrary.org/obo/BFO_0000053_some_http://purl.obolibrary.org/obo/PATO_0000467(GSat_u1) → http://purl.obolibrary.org/obo/BFO_0000001(GSat_u1)
http://purl.obolibrary.org/obo/BFO_0000051(GSat_u2,GSat_u1) & http://purl.obolibrary.org/obo/BSPO_0000671(GSat_u2) → http://purl.obolibrary.org/obo/BFO_0000050_some_http://purl.obolibrary.org/obo/BSPO_0000671(GSat_u1)
http://purl.obolibrary.org/obo/BFO_0000051(GSat_u2,GSat_u1) & http://purl.obolibrary.org/obo/BSPO_0000067(GSat_u2) → http://purl.obolibrary.org/obo/BFO_0000050_some_http://purl.obolibrary.org/obo/BSPO_0000067(GSat_u1)
http://purl.obolibrary.org/obo/BSPO_0000671(GSat_u2) & http://purl.obolibrary.org/obo/RO_0002180(GSat_u2,GSat_u1) → http://purl.obolibrary.org/obo/BFO_0000050_some_http://purl.obolibrary.org/obo/BSPO_0000671(GSat_u1)
http://kb.phenoscape.org/uuid/2a0abf54-ba96-4c91-bdf7-34e3c03581ab-40(GSat_u1) → http://kb.phenoscape.org/uuid/2a0abf54-ba96-4c91-bdf7-34e3c03581ab-46(GSat_u1)
http://purl.obolibrary.org/obo/BFO_0000053_some_http://purl.obolibrary.org/obo/TAO_0000158(GSat_u1) → http://purl.obolibrary.org/obo/BFO_0000004(GSat_u1)
http://purl.obolibrary.org/obo/BFO_0000051(GSat_u2,GSat_u1) & http://purl.obolibrary.org/obo/BSPO_0000071(GSat_u2) → http://purl.obolibrary.org/obo/BFO_0000050_some_http://purl.obolibrary.org/obo/BSPO_0000071(GSat_u1)
http://purl.obolibrary.org/obo/BFO_0000053_some_http://purl.obolibrary.org/obo/PATO_0000070(GSat_u1) → http://purl.obolibrary.org/obo/BFO_0000001(GSat_u1)
http://purl.obolibrary.org/obo/RO_0002180(GSat_u2,GSat_u1) & http://purl.obolibrary.org/obo/TAO_0000660(GSat_u2) → http://purl.obolibrary.org/obo/BFO_0000050_some_http://purl.obolibrary.org/obo/TAO_0000660(GSat_u1)
http://purl.obolibrary.org/obo/TAO_0000698(GSat_u2) & http://purl.obolibrary.org/obo/RO_0002180(GSat_u2,GSat_u1) → http://purl.obolibrary.org/obo/BFO_0000050_some_http://purl.obolibrary.org/obo/TAO_0000698(GSat_u1)
http://purl.obolibrary.org/obo/BFO_0000053(GSat_u1,GSat_u2) & http://purl.obolibrary.org/obo/PATO_0000019(GSat_u2) → http://purl.obolibrary.org/obo/BFO_0000053_some_http://purl.obolibrary.org/obo/PATO_0000019(GSat_u1)
http://purl.obolibrary.org/obo/BFO_0000050_some_http://purl.obolibrary.org/obo/TAO_0001115(GSat_u1) → http://purl.obolibrary.org/obo/BFO_0000050_some_http://purl.obolibrary.org/obo/TAO_0001115(GSat_u1)
http://purl.obolibrary.org/obo/BFO_0000053(GSat_u1,GSat_u2) & http://purl.obolibrary.org/obo/PATO_0000569(GSat_u2) → http://purl.obolibrary.org/obo/BFO_0000053_some_http://purl.obolibrary.org/obo/PATO_0000569(GSat_u1)
=========================================
