Starting Saturation...
Executing from DLGP files
SLF4J: Failed to load class "org.slf4j.impl.StaticLoggerBinder".
SLF4J: Defaulting to no-operation (NOP) logger implementation
SLF4J: See http://www.slf4j.org/codes.html#StaticLoggerBinder for further details.
# Rules: 1058; # Atoms: 0; # AtomSets: 0; # Queries: 0; # Constraints: 0
Full TGD saturation algorithm: Skolem Sat
Running SkSat...
Dec 07, 2021 12:23:49 PM uk.ac.ox.cs.gsat.AbstractSaturation run
INFO: SkSat discarded rules : 0/1058 = 0.000%
SkSat discarded rules : 0/1058 = 0.000%
Dec 07, 2021 12:23:49 PM uk.ac.ox.cs.gsat.AbstractSaturation run
INFO: Subsumption method : tree_predicate
length of the formulas: 2.0379188
number of bags: 8
length of the formulas: 2.0379188
number of bags: 8
nonFullTGDs	0		fullTGDs	961			newNonFullTGDs	173		newFullTGDs	0
nonFullTGDs	100		fullTGDs	961			newNonFullTGDs	177		newFullTGDs	80
nonFullTGDs	200		fullTGDs	961			newNonFullTGDs	178		newFullTGDs	145
nonFullTGDs	300		fullTGDs	961			newNonFullTGDs	193		newFullTGDs	187
nonFullTGDs	400		fullTGDs	961			newNonFullTGDs	173		newFullTGDs	255
nonFullTGDs	500		fullTGDs	961			newNonFullTGDs	163		newFullTGDs	339
nonFullTGDs	600		fullTGDs	961			newNonFullTGDs	174		newFullTGDs	390
nonFullTGDs	700		fullTGDs	961			newNonFullTGDs	209		newFullTGDs	440
nonFullTGDs	800		fullTGDs	959			newNonFullTGDs	200		newFullTGDs	509
nonFullTGDs	900		fullTGDs	959			newNonFullTGDs	186		newFullTGDs	568
nonFullTGDs	1000		fullTGDs	959			newNonFullTGDs	173		newFullTGDs	632
nonFullTGDs	1100		fullTGDs	959			newNonFullTGDs	164		newFullTGDs	709
nonFullTGDs	1200		fullTGDs	959			newNonFullTGDs	151		newFullTGDs	763
nonFullTGDs	1300		fullTGDs	959			newNonFullTGDs	102		newFullTGDs	778
nonFullTGDs	1400		fullTGDs	959			newNonFullTGDs	64		newFullTGDs	790
nonFullTGDs	1500		fullTGDs	959			newNonFullTGDs	16		newFullTGDs	793
nonFullTGDs	1539		fullTGDs	1020			newNonFullTGDs	12		newFullTGDs	735
nonFullTGDs	1551		fullTGDs	1092			newNonFullTGDs	0		newFullTGDs	663
nonFullTGDs	1551		fullTGDs	1190			newNonFullTGDs	0		newFullTGDs	565
nonFullTGDs	1551		fullTGDs	1290			newNonFullTGDs	0		newFullTGDs	465
nonFullTGDs	1551		fullTGDs	1389			newNonFullTGDs	0		newFullTGDs	366
nonFullTGDs	1551		fullTGDs	1484			newNonFullTGDs	0		newFullTGDs	271
nonFullTGDs	1550		fullTGDs	1578			newNonFullTGDs	0		newFullTGDs	177
nonFullTGDs	1550		fullTGDs	1672			newNonFullTGDs	0		newFullTGDs	83
nonFullTGDs	1550		fullTGDs	1771			newNonFullTGDs	0		newFullTGDs	13
Dec 07, 2021 12:23:49 PM uk.ac.ox.cs.gsat.SaturationStatistics log
INFO: # initial TGDs: 961 , 173
Dec 07, 2021 12:23:49 PM uk.ac.ox.cs.gsat.SaturationStatistics log
INFO: SkSat total time : 378 ms = 0.38 s
Dec 07, 2021 12:23:49 PM uk.ac.ox.cs.gsat.SaturationStatistics log
INFO: Subsumed elements : 2440
Dec 07, 2021 12:23:49 PM uk.ac.ox.cs.gsat.SaturationStatistics log
INFO: Filter discarded elements : 33827
Dec 07, 2021 12:23:49 PM uk.ac.ox.cs.gsat.SaturationStatistics log
INFO: subsumption time: 57 ms = 0.06 s
Dec 07, 2021 12:23:49 PM uk.ac.ox.cs.gsat.SaturationStatistics log
INFO: forward subsumption time: 40 ms = 0.04 s
Dec 07, 2021 12:23:49 PM uk.ac.ox.cs.gsat.SaturationStatistics log
INFO: backward subsumption time: 17 ms = 0.02 s
Dec 07, 2021 12:23:49 PM uk.ac.ox.cs.gsat.SaturationStatistics log
INFO: Derived full/non full TGDs: 1364 , 3337
Dec 07, 2021 12:23:49 PM uk.ac.ox.cs.gsat.SaturationStatistics log
INFO: discarded tautology count: 46
Dec 07, 2021 12:23:49 PM uk.ac.ox.cs.gsat.EvolveStatistics log
INFO: Stop because subsumed: 158
Dec 07, 2021 12:23:49 PM uk.ac.ox.cs.gsat.EvolveStatistics log
INFO: evolved equals to current: 0
Dec 07, 2021 12:23:49 PM uk.ac.ox.cs.gsat.EvolveStatistics log
INFO: evolved time: 95 ms = 0.10 s
Dec 07, 2021 12:23:49 PM uk.ac.ox.cs.gsat.EvolveStatistics log
INFO: evolve count: 4701
Dec 07, 2021 12:23:49 PM uk.ac.ox.cs.gsat.SkolemStatistics log
INFO: maximum number of Skolem atoms in body: 2
Dec 07, 2021 12:23:49 PM uk.ac.ox.cs.gsat.SkolemStatistics log
INFO: left derived TGD with Skolem in the body: 0
Dec 07, 2021 12:23:49 PM uk.ac.ox.cs.gsat.SkolemStatistics log
INFO: right derived TGD with Skolem in the body: 811
Dec 07, 2021 12:23:49 PM uk.ac.ox.cs.gsat.SkolemStatistics log
INFO: derived TGD with more than two Skolem atoms in the body: 21
Dec 07, 2021 12:23:49 PM uk.ac.ox.cs.gsat.AbstractSaturation run
INFO: ouptput full TGDs not contained in the input: 130
Dec 07, 2021 12:23:49 PM uk.ac.ox.cs.gsat.App executeAllSteps
INFO: Rewriting completed!
Full TGD saturation: (1089 dependecies)
Dec 07, 2021 12:23:49 PM uk.ac.ox.cs.gsat.App executeAllSteps
INFO: Writing the saturation in the Datalog file 00283.rul
