Starting Saturation...
Executing from DLGP files
SLF4J: Failed to load class "org.slf4j.impl.StaticLoggerBinder".
SLF4J: Defaulting to no-operation (NOP) logger implementation
SLF4J: See http://www.slf4j.org/codes.html#StaticLoggerBinder for further details.
# Rules: 2160; # Atoms: 0; # AtomSets: 0; # Queries: 0; # Constraints: 0
Full TGD saturation algorithm: Skolem Sat
Running SkSat...
Dec 07, 2021 6:16:19 PM uk.ac.ox.cs.gsat.AbstractSaturation run
INFO: SkSat discarded rules : 0/2160 = 0.000%
SkSat discarded rules : 0/2160 = 0.000%
Dec 07, 2021 6:16:20 PM uk.ac.ox.cs.gsat.AbstractSaturation run
INFO: Subsumption method : tree_predicate
length of the formulas: 2.0
number of bags: 12
length of the formulas: 2.0
number of bags: 12
nonFullTGDs	0		fullTGDs	1983			newNonFullTGDs	354		newFullTGDs	0
nonFullTGDs	100		fullTGDs	1983			newNonFullTGDs	316		newFullTGDs	0
nonFullTGDs	200		fullTGDs	1983			newNonFullTGDs	278		newFullTGDs	0
nonFullTGDs	300		fullTGDs	1983			newNonFullTGDs	241		newFullTGDs	0
nonFullTGDs	400		fullTGDs	1983			newNonFullTGDs	201		newFullTGDs	0
nonFullTGDs	500		fullTGDs	1983			newNonFullTGDs	164		newFullTGDs	0
nonFullTGDs	600		fullTGDs	1983			newNonFullTGDs	124		newFullTGDs	0
nonFullTGDs	700		fullTGDs	1983			newNonFullTGDs	84		newFullTGDs	0
nonFullTGDs	800		fullTGDs	1983			newNonFullTGDs	44		newFullTGDs	0
nonFullTGDs	900		fullTGDs	1983			newNonFullTGDs	10		newFullTGDs	0
Dec 07, 2021 6:16:20 PM uk.ac.ox.cs.gsat.SaturationStatistics log
INFO: # initial TGDs: 1983 , 354
Dec 07, 2021 6:16:20 PM uk.ac.ox.cs.gsat.SaturationStatistics log
INFO: SkSat total time : 251 ms = 0.25 s
Dec 07, 2021 6:16:20 PM uk.ac.ox.cs.gsat.SaturationStatistics log
INFO: Subsumed elements : 0
Dec 07, 2021 6:16:20 PM uk.ac.ox.cs.gsat.SaturationStatistics log
INFO: Filter discarded elements : 1376
Dec 07, 2021 6:16:20 PM uk.ac.ox.cs.gsat.SaturationStatistics log
INFO: subsumption time: 13 ms = 0.01 s
Dec 07, 2021 6:16:20 PM uk.ac.ox.cs.gsat.SaturationStatistics log
INFO: forward subsumption time: 8 ms = 0.01 s
Dec 07, 2021 6:16:20 PM uk.ac.ox.cs.gsat.SaturationStatistics log
INFO: backward subsumption time: 4 ms = 0.00 s
Dec 07, 2021 6:16:20 PM uk.ac.ox.cs.gsat.SaturationStatistics log
INFO: Derived full/non full TGDs: 0 , 577
Dec 07, 2021 6:16:20 PM uk.ac.ox.cs.gsat.SaturationStatistics log
INFO: discarded tautology count: 0
Dec 07, 2021 6:16:20 PM uk.ac.ox.cs.gsat.EvolveStatistics log
INFO: Stop because subsumed: 0
Dec 07, 2021 6:16:20 PM uk.ac.ox.cs.gsat.EvolveStatistics log
INFO: evolved equals to current: 0
Dec 07, 2021 6:16:20 PM uk.ac.ox.cs.gsat.EvolveStatistics log
INFO: evolved time: 14 ms = 0.01 s
Dec 07, 2021 6:16:20 PM uk.ac.ox.cs.gsat.EvolveStatistics log
INFO: evolve count: 577
Dec 07, 2021 6:16:20 PM uk.ac.ox.cs.gsat.SkolemStatistics log
INFO: maximum number of Skolem atoms in body: 0
Dec 07, 2021 6:16:20 PM uk.ac.ox.cs.gsat.SkolemStatistics log
INFO: left derived TGD with Skolem in the body: 0
Dec 07, 2021 6:16:20 PM uk.ac.ox.cs.gsat.SkolemStatistics log
INFO: right derived TGD with Skolem in the body: 0
Dec 07, 2021 6:16:20 PM uk.ac.ox.cs.gsat.SkolemStatistics log
INFO: derived TGD with more than two Skolem atoms in the body: 0
Dec 07, 2021 6:16:20 PM uk.ac.ox.cs.gsat.AbstractSaturation run
INFO: ouptput full TGDs not contained in the input: 0
Dec 07, 2021 6:16:20 PM uk.ac.ox.cs.gsat.App executeAllSteps
INFO: Rewriting completed!
Full TGD saturation: (1983 dependecies)
Dec 07, 2021 6:16:20 PM uk.ac.ox.cs.gsat.App executeAllSteps
INFO: Writing the saturation in the Datalog file 00600.rul
