Starting Saturation...
Executing from DLGP files
SLF4J: Failed to load class "org.slf4j.impl.StaticLoggerBinder".
SLF4J: Defaulting to no-operation (NOP) logger implementation
SLF4J: See http://www.slf4j.org/codes.html#StaticLoggerBinder for further details.
# Rules: 224; # Atoms: 0; # AtomSets: 0; # Queries: 0; # Constraints: 0
Full TGD saturation algorithm: Skolem Sat
Running SkSat...
Dec 07, 2021 7:01:15 PM uk.ac.ox.cs.gsat.AbstractSaturation run
INFO: SkSat discarded rules : 0/224 = 0.000%
SkSat discarded rules : 0/224 = 0.000%
Dec 07, 2021 7:01:15 PM uk.ac.ox.cs.gsat.AbstractSaturation run
INFO: Subsumption method : tree_predicate
length of the formulas: 2.086598
number of bags: 5
length of the formulas: 2.086598
number of bags: 5
nonFullTGDs	0		fullTGDs	127			newNonFullTGDs	358		newFullTGDs	0
nonFullTGDs	100		fullTGDs	127			newNonFullTGDs	545		newFullTGDs	352
nonFullTGDs	200		fullTGDs	127			newNonFullTGDs	730		newFullTGDs	626
nonFullTGDs	300		fullTGDs	127			newNonFullTGDs	940		newFullTGDs	812
nonFullTGDs	400		fullTGDs	127			newNonFullTGDs	1150		newFullTGDs	972
nonFullTGDs	500		fullTGDs	127			newNonFullTGDs	1391		newFullTGDs	1148
nonFullTGDs	600		fullTGDs	127			newNonFullTGDs	1490		newFullTGDs	1569
nonFullTGDs	700		fullTGDs	127			newNonFullTGDs	1419		newFullTGDs	2134
nonFullTGDs	800		fullTGDs	127			newNonFullTGDs	1319		newFullTGDs	2134
nonFullTGDs	900		fullTGDs	127			newNonFullTGDs	1219		newFullTGDs	2134
nonFullTGDs	1000		fullTGDs	127			newNonFullTGDs	1119		newFullTGDs	2134
nonFullTGDs	1100		fullTGDs	127			newNonFullTGDs	1019		newFullTGDs	2134
nonFullTGDs	1200		fullTGDs	127			newNonFullTGDs	919		newFullTGDs	2134
nonFullTGDs	1300		fullTGDs	127			newNonFullTGDs	819		newFullTGDs	2134
nonFullTGDs	1400		fullTGDs	127			newNonFullTGDs	719		newFullTGDs	2134
nonFullTGDs	1500		fullTGDs	127			newNonFullTGDs	619		newFullTGDs	2134
nonFullTGDs	1600		fullTGDs	127			newNonFullTGDs	519		newFullTGDs	2134
nonFullTGDs	1700		fullTGDs	127			newNonFullTGDs	419		newFullTGDs	2134
nonFullTGDs	1800		fullTGDs	127			newNonFullTGDs	319		newFullTGDs	2134
nonFullTGDs	1900		fullTGDs	127			newNonFullTGDs	219		newFullTGDs	2134
nonFullTGDs	2000		fullTGDs	127			newNonFullTGDs	119		newFullTGDs	2134
nonFullTGDs	2100		fullTGDs	127			newNonFullTGDs	19		newFullTGDs	2134
nonFullTGDs	2124		fullTGDs	201			newNonFullTGDs	0		newFullTGDs	2060
nonFullTGDs	2128		fullTGDs	297			newNonFullTGDs	0		newFullTGDs	1964
nonFullTGDs	2133		fullTGDs	388			newNonFullTGDs	0		newFullTGDs	1873
nonFullTGDs	2138		fullTGDs	482			newNonFullTGDs	0		newFullTGDs	1779
nonFullTGDs	2146		fullTGDs	574			newNonFullTGDs	0		newFullTGDs	1687
nonFullTGDs	2150		fullTGDs	670			newNonFullTGDs	0		newFullTGDs	1591
nonFullTGDs	2150		fullTGDs	770			newNonFullTGDs	0		newFullTGDs	1491
nonFullTGDs	2150		fullTGDs	870			newNonFullTGDs	0		newFullTGDs	1391
nonFullTGDs	2150		fullTGDs	970			newNonFullTGDs	0		newFullTGDs	1291
nonFullTGDs	2150		fullTGDs	1070			newNonFullTGDs	0		newFullTGDs	1191
nonFullTGDs	2151		fullTGDs	1167			newNonFullTGDs	0		newFullTGDs	1094
nonFullTGDs	2161		fullTGDs	1257			newNonFullTGDs	0		newFullTGDs	1004
nonFullTGDs	2168		fullTGDs	1350			newNonFullTGDs	0		newFullTGDs	911
nonFullTGDs	2173		fullTGDs	1445			newNonFullTGDs	0		newFullTGDs	816
nonFullTGDs	2174		fullTGDs	1544			newNonFullTGDs	0		newFullTGDs	717
nonFullTGDs	2175		fullTGDs	1643			newNonFullTGDs	0		newFullTGDs	618
nonFullTGDs	2176		fullTGDs	1740			newNonFullTGDs	0		newFullTGDs	521
nonFullTGDs	2176		fullTGDs	1839			newNonFullTGDs	0		newFullTGDs	422
nonFullTGDs	2176		fullTGDs	1939			newNonFullTGDs	0		newFullTGDs	322
nonFullTGDs	2176		fullTGDs	2039			newNonFullTGDs	0		newFullTGDs	222
nonFullTGDs	2176		fullTGDs	2139			newNonFullTGDs	0		newFullTGDs	122
nonFullTGDs	2176		fullTGDs	2239			newNonFullTGDs	0		newFullTGDs	22
Dec 07, 2021 7:01:16 PM uk.ac.ox.cs.gsat.SaturationStatistics log
INFO: # initial TGDs: 127 , 358
Dec 07, 2021 7:01:16 PM uk.ac.ox.cs.gsat.SaturationStatistics log
INFO: SkSat total time : 462 ms = 0.46 s
Dec 07, 2021 7:01:16 PM uk.ac.ox.cs.gsat.SaturationStatistics log
INFO: Subsumed elements : 320
Dec 07, 2021 7:01:16 PM uk.ac.ox.cs.gsat.SaturationStatistics log
INFO: Filter discarded elements : 124028
Dec 07, 2021 7:01:16 PM uk.ac.ox.cs.gsat.SaturationStatistics log
INFO: subsumption time: 105 ms = 0.10 s
Dec 07, 2021 7:01:16 PM uk.ac.ox.cs.gsat.SaturationStatistics log
INFO: forward subsumption time: 83 ms = 0.08 s
Dec 07, 2021 7:01:16 PM uk.ac.ox.cs.gsat.SaturationStatistics log
INFO: backward subsumption time: 22 ms = 0.02 s
Dec 07, 2021 7:01:16 PM uk.ac.ox.cs.gsat.SaturationStatistics log
INFO: Derived full/non full TGDs: 2208 , 2106
Dec 07, 2021 7:01:16 PM uk.ac.ox.cs.gsat.SaturationStatistics log
INFO: discarded tautology count: 42
Dec 07, 2021 7:01:16 PM uk.ac.ox.cs.gsat.EvolveStatistics log
INFO: Stop because subsumed: 69
Dec 07, 2021 7:01:16 PM uk.ac.ox.cs.gsat.EvolveStatistics log
INFO: evolved equals to current: 0
Dec 07, 2021 7:01:16 PM uk.ac.ox.cs.gsat.EvolveStatistics log
INFO: evolved time: 105 ms = 0.11 s
Dec 07, 2021 7:01:16 PM uk.ac.ox.cs.gsat.EvolveStatistics log
INFO: evolve count: 4314
Dec 07, 2021 7:01:16 PM uk.ac.ox.cs.gsat.SkolemStatistics log
INFO: maximum number of Skolem atoms in body: 1
Dec 07, 2021 7:01:16 PM uk.ac.ox.cs.gsat.SkolemStatistics log
INFO: left derived TGD with Skolem in the body: 0
Dec 07, 2021 7:01:16 PM uk.ac.ox.cs.gsat.SkolemStatistics log
INFO: right derived TGD with Skolem in the body: 2176
Dec 07, 2021 7:01:16 PM uk.ac.ox.cs.gsat.SkolemStatistics log
INFO: derived TGD with more than two Skolem atoms in the body: 0
Dec 07, 2021 7:01:16 PM uk.ac.ox.cs.gsat.AbstractSaturation run
INFO: ouptput full TGDs not contained in the input: 0
Dec 07, 2021 7:01:16 PM uk.ac.ox.cs.gsat.App executeAllSteps
INFO: Rewriting completed!
Full TGD saturation: (127 dependecies)
Dec 07, 2021 7:01:16 PM uk.ac.ox.cs.gsat.App executeAllSteps
INFO: Writing the saturation in the Datalog file 00718.rul
