Starting Saturation...
Executing from DLGP files
SLF4J: Failed to load class "org.slf4j.impl.StaticLoggerBinder".
SLF4J: Defaulting to no-operation (NOP) logger implementation
SLF4J: See http://www.slf4j.org/codes.html#StaticLoggerBinder for further details.
# Rules: 58089; # Atoms: 0; # AtomSets: 0; # Queries: 0; # Constraints: 1
Full TGD saturation algorithm: GSat
Running GSat...
avr. 09, 2021 6:46:40 PM uk.ac.ox.cs.gsat.GSat runGSat
INFOS: GSat discarded rules : 3533/58089 = 6.082%
GSat discarded rules : 3533/58089 = 6.082%
avr. 09, 2021 6:46:40 PM uk.ac.ox.cs.gsat.GSat runGSat
INFOS: Subsumption method : tree_atom
avr. 09, 2021 6:46:44 PM uk.ac.ox.cs.gsat.GSat runGSat
INFOS: # initial TGDs: 30698 , 23858
nonFullTGDs	0		fullTGDs	30698			newNonFullTGDs	23858		newFullTGDs	0
nonFullTGDs	42		fullTGDs	30698			newNonFullTGDs	24657		newFullTGDs	6
nonFullTGDs	116		fullTGDs	30698			newNonFullTGDs	24706		newFullTGDs	6
nonFullTGDs	206		fullTGDs	30698			newNonFullTGDs	24630		newFullTGDs	6
nonFullTGDs	294		fullTGDs	30698			newNonFullTGDs	24594		newFullTGDs	6
nonFullTGDs	381		fullTGDs	30698			newNonFullTGDs	24570		newFullTGDs	6
nonFullTGDs	475		fullTGDs	30698			newNonFullTGDs	24543		newFullTGDs	6
\n\n!!! TIME OUT !!!
