Starting Saturation...
Executing from DLGP files
SLF4J: Failed to load class "org.slf4j.impl.StaticLoggerBinder".
SLF4J: Defaulting to no-operation (NOP) logger implementation
SLF4J: See http://www.slf4j.org/codes.html#StaticLoggerBinder for further details.
# Rules: 95854; # Atoms: 0; # AtomSets: 0; # Queries: 0; # Constraints: 2478
Full TGD saturation algorithm: GSat
Running GSat...
avr. 09, 2021 8:33:30 PM uk.ac.ox.cs.gsat.GSat runGSat
INFOS: GSat discarded rules : 2481/95853 = 2.588%
GSat discarded rules : 2481/95853 = 2.588%
avr. 09, 2021 8:33:31 PM uk.ac.ox.cs.gsat.GSat runGSat
INFOS: Subsumption method : tree_atom
avr. 09, 2021 8:33:34 PM uk.ac.ox.cs.gsat.GSat runGSat
INFOS: # initial TGDs: 70655 , 14739
nonFullTGDs	0		fullTGDs	70655			newNonFullTGDs	14739		newFullTGDs	0
nonFullTGDs	6		fullTGDs	70655			newNonFullTGDs	14733		newFullTGDs	49
nonFullTGDs	12		fullTGDs	70655			newNonFullTGDs	14727		newFullTGDs	57
nonFullTGDs	19		fullTGDs	70655			newNonFullTGDs	14720		newFullTGDs	87
nonFullTGDs	27		fullTGDs	70655			newNonFullTGDs	14712		newFullTGDs	141
nonFullTGDs	37		fullTGDs	70655			newNonFullTGDs	14702		newFullTGDs	307
nonFullTGDs	43		fullTGDs	70655			newNonFullTGDs	14696		newFullTGDs	399
nonFullTGDs	50		fullTGDs	70655			newNonFullTGDs	14732		newFullTGDs	432
nonFullTGDs	133		fullTGDs	70655			newNonFullTGDs	15448		newFullTGDs	433
nonFullTGDs	233		fullTGDs	70655			newNonFullTGDs	15444		newFullTGDs	433
nonFullTGDs	333		fullTGDs	70655			newNonFullTGDs	15430		newFullTGDs	433
nonFullTGDs	377		fullTGDs	70655			newNonFullTGDs	15436		newFullTGDs	433
nonFullTGDs	424		fullTGDs	70655			newNonFullTGDs	15431		newFullTGDs	433
nonFullTGDs	477		fullTGDs	70655			newNonFullTGDs	15445		newFullTGDs	433
nonFullTGDs	577		fullTGDs	70655			newNonFullTGDs	15430		newFullTGDs	433
nonFullTGDs	629		fullTGDs	70655			newNonFullTGDs	15433		newFullTGDs	433
nonFullTGDs	691		fullTGDs	70655			newNonFullTGDs	15434		newFullTGDs	433
nonFullTGDs	752		fullTGDs	70655			newNonFullTGDs	15423		newFullTGDs	433
nonFullTGDs	821		fullTGDs	70655			newNonFullTGDs	15418		newFullTGDs	433
nonFullTGDs	912		fullTGDs	70655			newNonFullTGDs	15432		newFullTGDs	433
nonFullTGDs	1012		fullTGDs	70655			newNonFullTGDs	15435		newFullTGDs	433
nonFullTGDs	1112		fullTGDs	70655			newNonFullTGDs	15437		newFullTGDs	433
nonFullTGDs	1212		fullTGDs	70655			newNonFullTGDs	15424		newFullTGDs	433
nonFullTGDs	1312		fullTGDs	70655			newNonFullTGDs	15419		newFullTGDs	433
nonFullTGDs	1381		fullTGDs	70655			newNonFullTGDs	15431		newFullTGDs	433
nonFullTGDs	1429		fullTGDs	70655			newNonFullTGDs	15431		newFullTGDs	433
nonFullTGDs	1464		fullTGDs	70655			newNonFullTGDs	15417		newFullTGDs	433
\n\n!!! TIME OUT !!!
