Starting Saturation...
Executing from DLGP files
SLF4J: Failed to load class "org.slf4j.impl.StaticLoggerBinder".
SLF4J: Defaulting to no-operation (NOP) logger implementation
SLF4J: See http://www.slf4j.org/codes.html#StaticLoggerBinder for further details.
# Rules: 24391; # Atoms: 0; # AtomSets: 0; # Queries: 0; # Constraints: 218
Full TGD saturation algorithm: GSat
Running GSat...
avr. 10, 2021 2:25:51 AM uk.ac.ox.cs.gsat.GSat runGSat
INFOS: GSat discarded rules : 112/24391 = 0.459%
GSat discarded rules : 112/24391 = 0.459%
avr. 10, 2021 2:25:51 AM uk.ac.ox.cs.gsat.GSat runGSat
INFOS: Subsumption method : tree_atom
avr. 10, 2021 2:25:52 AM uk.ac.ox.cs.gsat.GSat runGSat
INFOS: # initial TGDs: 13815 , 6673
nonFullTGDs	0		fullTGDs	13815			newNonFullTGDs	6673		newFullTGDs	0
nonFullTGDs	13		fullTGDs	13815			newNonFullTGDs	6662		newFullTGDs	56
nonFullTGDs	75		fullTGDs	13815			newNonFullTGDs	7989		newFullTGDs	56
nonFullTGDs	175		fullTGDs	13815			newNonFullTGDs	7978		newFullTGDs	56
nonFullTGDs	275		fullTGDs	13815			newNonFullTGDs	7974		newFullTGDs	56
nonFullTGDs	375		fullTGDs	13815			newNonFullTGDs	7973		newFullTGDs	56
nonFullTGDs	475		fullTGDs	13815			newNonFullTGDs	7968		newFullTGDs	56
nonFullTGDs	575		fullTGDs	13815			newNonFullTGDs	7981		newFullTGDs	56
nonFullTGDs	675		fullTGDs	13815			newNonFullTGDs	7971		newFullTGDs	56
nonFullTGDs	775		fullTGDs	13815			newNonFullTGDs	7968		newFullTGDs	56
nonFullTGDs	875		fullTGDs	13815			newNonFullTGDs	7965		newFullTGDs	56
\n\n!!! TIME OUT !!!
