Starting Saturation...
Executing from DLGP files
SLF4J: Failed to load class "org.slf4j.impl.StaticLoggerBinder".
SLF4J: Defaulting to no-operation (NOP) logger implementation
SLF4J: See http://www.slf4j.org/codes.html#StaticLoggerBinder for further details.
# Rules: 21; # Atoms: 0; # AtomSets: 0; # Queries: 0; # Constraints: 0
Full TGD saturation algorithm: GSat
Running GSat...
avr. 26, 2021 5:36:49 PM uk.ac.ox.cs.gsat.EvolveBasedSat run
INFOS: GSat discarded rules : 0/21 = 0.000%
GSat discarded rules : 0/21 = 0.000%
avr. 26, 2021 5:36:49 PM uk.ac.ox.cs.gsat.EvolveBasedSat run
INFOS: Subsumption method : tree_atom
avr. 26, 2021 5:36:49 PM uk.ac.ox.cs.gsat.EvolveBasedSat run
INFOS: # initial TGDs: 21 , 0
avr. 26, 2021 5:36:49 PM uk.ac.ox.cs.gsat.EvolveBasedSat run
INFOS: GSat total time : 160 ms = 0.16 s
avr. 26, 2021 5:36:49 PM uk.ac.ox.cs.gsat.EvolveBasedSat run
INFOS: Subsumed elements : 0
avr. 26, 2021 5:36:49 PM uk.ac.ox.cs.gsat.EvolveBasedSat run
INFOS: Filter discarded elements : 0
avr. 26, 2021 5:36:49 PM uk.ac.ox.cs.gsat.EvolveBasedSat run
INFOS: Derived full/non full TGDs: 0 , 0
avr. 26, 2021 5:36:49 PM uk.ac.ox.cs.gsat.EvolveBasedSat run
INFOS: ouptput full TGDs not contained in the input: 0
avr. 26, 2021 5:36:49 PM uk.ac.ox.cs.gsat.App executeAllSteps
INFOS: Rewriting completed!
Full TGD saturation: (21 dependecies)
=========================================
researchrelatedProject(GSat_u2,GSat_u1) → projectProject(GSat_u1)
researchMiscellaneous(GSat_u1) → researchResearch(GSat_u1)
researchMobileComputing(GSat_u1) → researchResearch(GSat_u1)
researchSemanticWeb(GSat_u1) → researchResearch(GSat_u1)
researchKnowledgeRepresentationandReasoning(GSat_u1) → researchResearch(GSat_u1)
researchContextAwareComputing(GSat_u1) → researchResearch(GSat_u1)
researchSecurityTrustandPrivacy(GSat_u1) → researchResearch(GSat_u1)
researchrelatedProject(GSat_u1,GSat_u2) → researchResearch(GSat_u1)
researchPervasivecomputing(GSat_u1) → researchResearch(GSat_u1)
projectrelatedResearchArea(GSat_u2,GSat_u1) → researchrelatedProject(GSat_u1,GSat_u2)
researchMultiAgentSystems(GSat_u1) → researchResearch(GSat_u1)
researchMobileCommerce(GSat_u1) → researchResearch(GSat_u1)
researchWebservices(GSat_u1) → researchResearch(GSat_u1)
researchecommerce(GSat_u1) → researchResearch(GSat_u1)
researchLanguagetechnology(GSat_u1) → researchResearch(GSat_u1)
researchDataMining(GSat_u1) → researchResearch(GSat_u1)
researchrelatedProject(GSat_u2,GSat_u1) → projectrelatedResearchArea(GSat_u1,GSat_u2)
researchRFID(GSat_u1) → researchResearch(GSat_u1)
researchWebbasedinformationsystems(GSat_u1) → researchResearch(GSat_u1)
researchNetworkingandsystems(GSat_u1) → researchResearch(GSat_u1)
researchHighperformancecomputing(GSat_u1) → researchResearch(GSat_u1)
=========================================
