Starting Saturation...
Executing from DLGP files
SLF4J: Failed to load class "org.slf4j.impl.StaticLoggerBinder".
SLF4J: Defaulting to no-operation (NOP) logger implementation
SLF4J: See http://www.slf4j.org/codes.html#StaticLoggerBinder for further details.
# Rules: 216; # Atoms: 0; # AtomSets: 0; # Queries: 0; # Constraints: 0
Full TGD saturation algorithm: GSat
Running GSat...
avr. 26, 2021 5:40:47 PM uk.ac.ox.cs.gsat.EvolveBasedSat run
INFOS: GSat discarded rules : 0/216 = 0.000%
GSat discarded rules : 0/216 = 0.000%
avr. 26, 2021 5:40:47 PM uk.ac.ox.cs.gsat.EvolveBasedSat run
INFOS: Subsumption method : tree_atom
avr. 26, 2021 5:40:47 PM uk.ac.ox.cs.gsat.EvolveBasedSat run
INFOS: # initial TGDs: 216 , 0
avr. 26, 2021 5:40:47 PM uk.ac.ox.cs.gsat.EvolveBasedSat run
INFOS: GSat total time : 197 ms = 0.20 s
avr. 26, 2021 5:40:47 PM uk.ac.ox.cs.gsat.EvolveBasedSat run
INFOS: Subsumed elements : 0
avr. 26, 2021 5:40:47 PM uk.ac.ox.cs.gsat.EvolveBasedSat run
INFOS: Filter discarded elements : 0
avr. 26, 2021 5:40:47 PM uk.ac.ox.cs.gsat.EvolveBasedSat run
INFOS: Derived full/non full TGDs: 0 , 0
avr. 26, 2021 5:40:47 PM uk.ac.ox.cs.gsat.EvolveBasedSat run
INFOS: ouptput full TGDs not contained in the input: 0
avr. 26, 2021 5:40:47 PM uk.ac.ox.cs.gsat.App executeAllSteps
INFOS: Rewriting completed!
Full TGD saturation: (216 dependecies)
=========================================
ReinforcementLearning(GSat_u1) → KAThroughMachineLearning(GSat_u1)
memberOf(GSat_u2,GSat_u1) & Researcher(GSat_u2) → ResearchGroup(GSat_u1)
webpages(GSat_u2,GSat_u1) & ResearchTopic(GSat_u2) → xsdstring(GSat_u1)
Methodology(GSat_u1) → Validation_And_Verification(GSat_u1)
V_And_V_Of_MAS(GSat_u1) → Validation_And_Verification(GSat_u1)
Guideline(GSat_u1) → KAMethodology(GSat_u1)
Institute(GSat_u2) & hasParts(GSat_u2,GSat_u1) → ResearchGroup(GSat_u1)
Project(GSat_u2) & financedBy(GSat_u2,GSat_u1) → Organization(GSat_u1)
Organization(GSat_u2) & employs(GSat_u2,GSat_u1) → Person(GSat_u1)
SpecialIssueEvent(GSat_u1) → Event(GSat_u1)
University(GSat_u1) → Organization(GSat_u1)
relatedTopics(GSat_u2,GSat_u1) & ResearchTopic(GSat_u2) → ResearchTopic(GSat_u1)
firstPage(GSat_u2,GSat_u1) & ArticleInBook(GSat_u2) → xsdinteger(GSat_u1)
ConferencePaper(GSat_u2) & lastPage(GSat_u2,GSat_u1) → xsdinteger(GSat_u1)
OntologyLibrary(GSat_u1) → ComputerSupport(GSat_u1)
book(GSat_u2,GSat_u1) & ArticleInBook(GSat_u2) → Book(GSat_u1)
WorkshopPaper(GSat_u2) & lastPage(GSat_u2,GSat_u1) → xsdinteger(GSat_u1)
Book(GSat_u2) & Publisher(GSat_u2,GSat_u1) → Organization(GSat_u1)
Event(GSat_u2) & date(GSat_u2,GSat_u1) → xsdstring(GSat_u1)
AnomalyRepairAndKnowledgeRevision(GSat_u1) → Validation_And_Verification(GSat_u1)
name(GSat_u2,GSat_u1) & Organization(GSat_u2) → xsdstring(GSat_u1)
Project(GSat_u2) & title(GSat_u2,GSat_u1) → xsdstring(GSat_u1)
Person(GSat_u2) & phone(GSat_u2,GSat_u1) → xsdstring(GSat_u1)
series(GSat_u2,GSat_u1) & Workshop(GSat_u2) → xsdstring(GSat_u1)
KAMethodologies(GSat_u1) → ResearchTopic(GSat_u1)
volume(GSat_u2,GSat_u1) & Journal(GSat_u2) → xsdinteger(GSat_u1)
TechnicalStaff(GSat_u1) → AdministrativeStaff(GSat_u1)
PSMnotations(GSat_u1) → PSMs(GSat_u1)
ResearchGroup(GSat_u2) & member(GSat_u2,GSat_u1) → Researcher(GSat_u1)
programCommittee(GSat_u2,GSat_u1) & Event(GSat_u2) → Person(GSat_u1)
Researcher(GSat_u2) & cooperatesWith(GSat_u2,GSat_u1) → Researcher(GSat_u1)
KnowledgeElicitation(GSat_u1) → ResearchTopic(GSat_u1)
PSMLibrary(GSat_u1) → ComputerSupport(GSat_u1)
PSMlibraries(GSat_u1) → PSMs(GSat_u1)
EvaluationOfKA(GSat_u1) → ResearchTopic(GSat_u1)
DataMining(GSat_u1) → KAThroughMachineLearning(GSat_u1)
Person(GSat_u2) & email(GSat_u2,GSat_u1) → xsdstring(GSat_u1)
firstPage(GSat_u2,GSat_u1) & JournalArticle(GSat_u2) → xsdinteger(GSat_u1)
NLParser(GSat_u1) → ComputerSupport(GSat_u1)
Product(GSat_u2) & productFAQ(GSat_u2,GSat_u1) → xsdstring(GSat_u1)
ResearchTopic(GSat_u2) & products(GSat_u2,GSat_u1) → Product(GSat_u1)
ConferencePaper(GSat_u2) & proceedingsTitle(GSat_u2,GSat_u1) → xsdstring(GSat_u1)
Project(GSat_u2) & carriedOutBy(GSat_u2,GSat_u1) → Organization(GSat_u1)
Institute(GSat_u1) → Organization(GSat_u1)
ExecutableSpecificationLanguages(GSat_u1) → SpecificationLanguages(GSat_u1)
Publication(GSat_u1) → Object(GSat_u1)
Student(GSat_u2) & studiesAt(GSat_u2,GSat_u1) → University(GSat_u1)
PhDStudent(GSat_u1) → Researcher(GSat_u1)
SoftwareReuse(GSat_u1) → Reuse(GSat_u1)
fax(GSat_u2,GSat_u1) & Person(GSat_u2) → xsdstring(GSat_u1)
Conference(GSat_u2) & number(GSat_u2,GSat_u1) → xsdinteger(GSat_u1)
finances(GSat_u2,GSat_u1) & Organization(GSat_u2) → Project(GSat_u1)
Methodologies(GSat_u1) → Ontologies(GSat_u1)
AutomatedPSMGeneration(GSat_u1) → PSMs(GSat_u1)
SoftwareProject(GSat_u1) → DevelopmentProject(GSat_u1)
Project(GSat_u2) & member(GSat_u2,GSat_u1) → Employee(GSat_u1)
KnowledgeManagement(GSat_u1) → ResearchTopic(GSat_u1)
firstPage(GSat_u2,GSat_u1) & WorkshopPaper(GSat_u2) → xsdinteger(GSat_u1)
ResearchTopic(GSat_u2) & projects(GSat_u2,GSat_u1) → Project(GSat_u1)
isAbout(GSat_u2,GSat_u1) & Project(GSat_u2) → ResearchTopic(GSat_u1)
series(GSat_u2,GSat_u1) & Conference(GSat_u2) → xsdstring(GSat_u1)
PSMs(GSat_u1) → Reuse(GSat_u1)
Activity(GSat_u1) → Event(GSat_u1)
ConferencePaper(GSat_u1) → Article(GSat_u1)
SpecificationOfControlKnowledge(GSat_u1) → SpecificationLanguages(GSat_u1)
Project(GSat_u2) & projectInfo(GSat_u2,GSat_u1) → Publication(GSat_u1)
dateOfLastModification(GSat_u2,GSat_u1) & ResearchTopic(GSat_u2) → xsdstring(GSat_u1)
orgCommittee(GSat_u2,GSat_u1) & Event(GSat_u2) → Person(GSat_u1)
ElicitationTool(GSat_u1) → ComputerSupport(GSat_u1)
JournalArticle(GSat_u1) → Article(GSat_u1)
Project(GSat_u2) & product(GSat_u2,GSat_u1) → Product(GSat_u1)
subTopics(GSat_u2,GSat_u1) & ResearchTopic(GSat_u2) → ResearchTopic(GSat_u1)
productPublication(GSat_u2,GSat_u1) & Product(GSat_u2) → Publication(GSat_u1)
lastName(GSat_u2,GSat_u1) & Person(GSat_u2) → xsdstring(GSat_u1)
Book(GSat_u2) & containsArticle(GSat_u2,GSat_u1) → ArticleInBook(GSat_u1)
researchers(GSat_u2,GSat_u1) & ResearchTopic(GSat_u2) → Researcher(GSat_u1)
ResearchTopic(GSat_u2) & mailingLists(GSat_u2,GSat_u1) → xsdstring(GSat_u1)
PaperLibrary(GSat_u1) → KAMethodology(GSat_u1)
Meeting(GSat_u1) → Event(GSat_u1)
Book(GSat_u1) → Publication(GSat_u1)
firstPage(GSat_u2,GSat_u1) & ConferencePaper(GSat_u2) → xsdinteger(GSat_u1)
InternetTool(GSat_u1) → ComputerSupport(GSat_u1)
PSM(GSat_u1) → KAMethodology(GSat_u1)
location(GSat_u2,GSat_u1) & Event(GSat_u2) → xsdstring(GSat_u1)
TechnicalReport(GSat_u1) → Article(GSat_u1)
Employee(GSat_u1) → Person(GSat_u1)
researchGroups(GSat_u2,GSat_u1) & ResearchTopic(GSat_u2) → ResearchGroup(GSat_u1)
Editor(GSat_u1) → ComputerSupport(GSat_u1)
Enterprise(GSat_u1) → Organization(GSat_u1)
Organization(GSat_u2) & technicalReport(GSat_u2,GSat_u1) → TechnicalReport(GSat_u1)
describesProject(GSat_u2,GSat_u1) & Publication(GSat_u2) → Project(GSat_u1)
PhDStudent(GSat_u1) → Student(GSat_u1)
Article(GSat_u1) → Publication(GSat_u1)
KnowledgeBasedRefinement(GSat_u1) → KAThroughMachineLearning(GSat_u1)
Event(GSat_u1) → Object(GSat_u1)
Workshop(GSat_u1) → Event(GSat_u1)
journal(GSat_u2,GSat_u1) & JournalArticle(GSat_u2) → Journal(GSat_u1)
ResearchGroup(GSat_u1) → Organization(GSat_u1)
SupportToolsForFormalMethods(GSat_u1) → SpecificationLanguages(GSat_u1)
productName(GSat_u2,GSat_u1) & Product(GSat_u2) → xsdstring(GSat_u1)
address(GSat_u2,GSat_u1) & Person(GSat_u2) → xsdstring(GSat_u1)
Department(GSat_u1) → Organization(GSat_u1)
nationalFundingAgencies(GSat_u2,GSat_u1) & ResearchTopic(GSat_u2) → Organization(GSat_u1)
Lecturer(GSat_u1) → AcademicStaff(GSat_u1)
University(GSat_u2) & student(GSat_u2,GSat_u1) → Student(GSat_u1)
Secretary(GSat_u2) & secretaryOf(GSat_u2,GSat_u1) → ResearchGroup(GSat_u1)
Event(GSat_u2) & hasParts(GSat_u2,GSat_u1) → Event(GSat_u1)
AcademicStaff(GSat_u2) & editor(GSat_u2,GSat_u1) → Publication(GSat_u1)
SpecialIssuePublication(GSat_u1) → Journal(GSat_u1)
Product(GSat_u2) & productMailingList(GSat_u2,GSat_u1) → xsdstring(GSat_u1)
Journal(GSat_u2) & number(GSat_u2,GSat_u1) → xsdinteger(GSat_u1)
WorkshopPaper(GSat_u2) & workshop(GSat_u2,GSat_u1) → Workshop(GSat_u1)
ResearchTopic(GSat_u1) → Object(GSat_u1)
Project(GSat_u2) & head(GSat_u2,GSat_u1) → Employee(GSat_u1)
Ontologies(GSat_u1) → Reuse(GSat_u1)
author(GSat_u2,GSat_u1) & Publication(GSat_u2) → Person(GSat_u1)
Organization(GSat_u2) & carriesOut(GSat_u2,GSat_u1) → Project(GSat_u1)
ConferencePaper(GSat_u2) & conference(GSat_u2,GSat_u1) → Conference(GSat_u1)
PSMevaluation(GSat_u1) → PSMs(GSat_u1)
name(GSat_u2,GSat_u1) & Person(GSat_u2) → xsdstring(GSat_u1)
Validator(GSat_u1) → ComputerSupport(GSat_u1)
ResearchProject(GSat_u1) → Project(GSat_u1)
Object(GSat_u2) & keyword(GSat_u2,GSat_u1) → xsdstring(GSat_u1)
OnlinePublication(GSat_u1) → Publication(GSat_u1)
editor(GSat_u2,GSat_u1) & Journal(GSat_u2) → Person(GSat_u1)
ComputerSupport(GSat_u1) → Product(GSat_u1)
SoftwareApplications(GSat_u1) → Ontologies(GSat_u1)
Project(GSat_u1) → Object(GSat_u1)
Reuse(GSat_u1) → ResearchTopic(GSat_u1)
eventTitle(GSat_u2,GSat_u1) & Event(GSat_u2) → xsdstring(GSat_u1)
AdministrativeStaff(GSat_u1) → Employee(GSat_u1)
Organization(GSat_u2) & publishes(GSat_u2,GSat_u1) → Publication(GSat_u1)
CooperativeKnowledgeAcquisition(GSat_u1) → KAThroughMachineLearning(GSat_u1)
Employee(GSat_u2) & headOf(GSat_u2,GSat_u1) → Project(GSat_u1)
editor(GSat_u2,GSat_u1) & Book(GSat_u2) → Person(GSat_u1)
title(GSat_u2,GSat_u1) & Publication(GSat_u2) → xsdstring(GSat_u1)
supervisor(GSat_u2,GSat_u1) & PhDStudent(GSat_u2) → AcademicStaff(GSat_u1)
Workshop(GSat_u2) & number(GSat_u2,GSat_u1) → xsdinteger(GSat_u1)
KAMethodology(GSat_u1) → Product(GSat_u1)
Organization(GSat_u2) & develops(GSat_u2,GSat_u1) → Product(GSat_u1)
AcademicStaff(GSat_u1) → Employee(GSat_u1)
atEvent(GSat_u2,GSat_u1) & Event(GSat_u2) → Event(GSat_u1)
abstract(GSat_u2,GSat_u1) & Publication(GSat_u2) → xsdstring(GSat_u1)
Meeting(GSat_u2) & participant(GSat_u2,GSat_u1) → Person(GSat_u1)
SpecificationLanguages(GSat_u1) → ResearchTopic(GSat_u1)
Product(GSat_u1) → Object(GSat_u1)
Organization(GSat_u2) & location(GSat_u2,GSat_u1) → xsdstring(GSat_u1)
WebMediatedPSMSelection(GSat_u1) → PSMs(GSat_u1)
SpecificationLanguage(GSat_u1) → KAMethodology(GSat_u1)
AutomatedCodeGenerationFromSpecification(GSat_u1) → SpecificationLanguages(GSat_u1)
ResearchGroup(GSat_u2) & head(GSat_u2,GSat_u1) → Employee(GSat_u1)
headOfGroup(GSat_u2,GSat_u1) & Employee(GSat_u2) → ResearchGroup(GSat_u1)
AcademicStaff(GSat_u2) & supervises(GSat_u2,GSat_u1) → PhDStudent(GSat_u1)
ResearchTopic(GSat_u2) & journals(GSat_u2,GSat_u1) → Journal(GSat_u1)
Verifier(GSat_u1) → ComputerSupport(GSat_u1)
TheoreticalFoundations(GSat_u1) → Ontologies(GSat_u1)
Person(GSat_u2) & photo(GSat_u2,GSat_u1) → xsdstring(GSat_u1)
Person(GSat_u1) → Object(GSat_u1)
Researcher(GSat_u2) & researchInterest(GSat_u2,GSat_u1) → ResearchTopic(GSat_u1)
TechnicalReport(GSat_u2) & organization(GSat_u2,GSat_u1) → Organization(GSat_u1)
SpecificationMethodology(GSat_u1) → SpecificationLanguages(GSat_u1)
name(GSat_u2,GSat_u1) & ResearchTopic(GSat_u2) → xsdstring(GSat_u1)
Ontology(GSat_u1) → KAMethodology(GSat_u1)
KAThroughMachineLearning(GSat_u1) → ResearchTopic(GSat_u1)
Secretary(GSat_u1) → AdministrativeStaff(GSat_u1)
ArticleInBook(GSat_u1) → Article(GSat_u1)
Conference(GSat_u1) → Event(GSat_u1)
TransformationTool(GSat_u1) → ComputerSupport(GSat_u1)
Employee(GSat_u2) & worksAtProject(GSat_u2,GSat_u1) → Project(GSat_u1)
OnlinePublication(GSat_u2) & type(GSat_u2,GSat_u1) → xsdstring(GSat_u1)
KnowledgeDiscoveryInDatasets(GSat_u1) → KAThroughMachineLearning(GSat_u1)
publication(GSat_u2,GSat_u1) & Event(GSat_u2) → Publication(GSat_u1)
developedBy(GSat_u2,GSat_u1) & Product(GSat_u2) → Organization(GSat_u1)
Student(GSat_u1) → Person(GSat_u1)
AcademicStaff(GSat_u2) & publication(GSat_u2,GSat_u1) → Publication(GSat_u1)
Sysiphus_III_Experiment(GSat_u1) → PSMs(GSat_u1)
DevelopmentProject(GSat_u1) → Project(GSat_u1)
affiliation(GSat_u2,GSat_u1) & Employee(GSat_u2) → Organization(GSat_u1)
Researcher(GSat_u1) → AcademicStaff(GSat_u1)
OnlinePublication(GSat_u2) & onlineVersionOf(GSat_u2,GSat_u1) → Publication(GSat_u1)
CaseBaseReasoning(GSat_u1) → KAThroughMachineLearning(GSat_u1)
Organization(GSat_u1) → Object(GSat_u1)
LearningApprenticeSystems(GSat_u1) → KAThroughMachineLearning(GSat_u1)
Validation_And_Verification(GSat_u1) → ResearchTopic(GSat_u1)
ResearchTopic(GSat_u2) & events(GSat_u2,GSat_u1) → Event(GSat_u1)
ArticleInBook(GSat_u2) & lastPage(GSat_u2,GSat_u1) → xsdinteger(GSat_u1)
Journal(GSat_u1) → Publication(GSat_u1)
lastPage(GSat_u2,GSat_u1) & JournalArticle(GSat_u2) → xsdinteger(GSat_u1)
ResearchTopic(GSat_u2) & bibliographies(GSat_u2,GSat_u1) → Publication(GSat_u1)
AnomalyDetection(GSat_u1) → Validation_And_Verification(GSat_u1)
Meeting(GSat_u2) & date(GSat_u2,GSat_u1) → xsdstring(GSat_u1)
AcademicStaff(GSat_u2) & memberOfPC(GSat_u2,GSat_u1) → Event(GSat_u1)
ResearchTopic(GSat_u2) & authorOfOntology(GSat_u2,GSat_u1) → Researcher(GSat_u1)
ResearchTopic(GSat_u2) & internationalFundingAgencies(GSat_u2,GSat_u1) → Organization(GSat_u1)
Abduction(GSat_u1) → KAThroughMachineLearning(GSat_u1)
ResearchTopic(GSat_u2) & applicationAreas(GSat_u2,GSat_u1) → xsdstring(GSat_u1)
containsArticle(GSat_u2,GSat_u1) & Journal(GSat_u2) → JournalArticle(GSat_u1)
ResearchTopic(GSat_u2) & approaches(GSat_u2,GSat_u1) → xsdstring(GSat_u1)
WorkshopPaper(GSat_u2) & proceedingsTitle(GSat_u2,GSat_u1) → xsdstring(GSat_u1)
AcademicStaff(GSat_u2) & organizerOrChairOf(GSat_u2,GSat_u1) → Event(GSat_u1)
year(GSat_u2,GSat_u1) & Publication(GSat_u2) → xsdinteger(GSat_u1)
WorkshopPaper(GSat_u1) → Article(GSat_u1)
title(GSat_u2,GSat_u1) & Meeting(GSat_u2) → xsdstring(GSat_u1)
Person(GSat_u2) & middleInitial(GSat_u2,GSat_u1) → xsdstring(GSat_u1)
Publisher(GSat_u2,GSat_u1) & Journal(GSat_u2) → Organization(GSat_u1)
ResearchTopic(GSat_u2) & description(GSat_u2,GSat_u1) → xsdstring(GSat_u1)
productedBy(GSat_u2,GSat_u1) & Product(GSat_u2) → Project(GSat_u1)
University(GSat_u2) & hasParts(GSat_u2,GSat_u1) → Department(GSat_u1)
Formalisms(GSat_u1) → Validation_And_Verification(GSat_u1)
ImplementationEnvironment(GSat_u1) → ComputerSupport(GSat_u1)
TechnicalReport(GSat_u2) & number(GSat_u2,GSat_u1) → xsdinteger(GSat_u1)
Department(GSat_u2) & hasParts(GSat_u2,GSat_u1) → Institute(GSat_u1)
firstName(GSat_u2,GSat_u1) & Person(GSat_u2) → xsdstring(GSat_u1)
onlineVersion(GSat_u2,GSat_u1) & Publication(GSat_u2) → OnlinePublication(GSat_u1)
ModelingLanguage(GSat_u1) → KAMethodology(GSat_u1)
TechnicalReport(GSat_u2) & series(GSat_u2,GSat_u1) → xsdstring(GSat_u1)
=========================================
