Starting Saturation...
Executing from DLGP files
SLF4J: Failed to load class "org.slf4j.impl.StaticLoggerBinder".
SLF4J: Defaulting to no-operation (NOP) logger implementation
SLF4J: See http://www.slf4j.org/codes.html#StaticLoggerBinder for further details.
# Rules: 10; # Atoms: 0; # AtomSets: 0; # Queries: 0; # Constraints: 0
Full TGD saturation algorithm: GSat
Running GSat...
avr. 26, 2021 5:50:57 PM uk.ac.ox.cs.gsat.EvolveBasedSat run
INFOS: GSat discarded rules : 0/10 = 0.000%
GSat discarded rules : 0/10 = 0.000%
avr. 26, 2021 5:50:57 PM uk.ac.ox.cs.gsat.EvolveBasedSat run
INFOS: Subsumption method : tree_atom
avr. 26, 2021 5:50:57 PM uk.ac.ox.cs.gsat.EvolveBasedSat run
INFOS: # initial TGDs: 10 , 0
avr. 26, 2021 5:50:57 PM uk.ac.ox.cs.gsat.EvolveBasedSat run
INFOS: GSat total time : 124 ms = 0.12 s
avr. 26, 2021 5:50:57 PM uk.ac.ox.cs.gsat.EvolveBasedSat run
INFOS: Subsumed elements : 0
avr. 26, 2021 5:50:57 PM uk.ac.ox.cs.gsat.EvolveBasedSat run
INFOS: Filter discarded elements : 0
avr. 26, 2021 5:50:57 PM uk.ac.ox.cs.gsat.EvolveBasedSat run
INFOS: Derived full/non full TGDs: 0 , 0
avr. 26, 2021 5:50:57 PM uk.ac.ox.cs.gsat.EvolveBasedSat run
INFOS: ouptput full TGDs not contained in the input: 0
avr. 26, 2021 5:50:57 PM uk.ac.ox.cs.gsat.App executeAllSteps
INFOS: Rewriting completed!
Full TGD saturation: (10 dependecies)
=========================================
TemporalEntity(GSat_u1) → errorError1(GSat_u1)
Instant(GSat_u1) → TimeTemporalEntity(GSat_u1)
endOf(GSat_u2,GSat_u1) → TimeInstant(GSat_u1)
Interval(GSat_u1) → errorError3(GSat_u1)
inside(GSat_u2,GSat_u1) → TimeInstant(GSat_u1)
startOf(GSat_u2,GSat_u1) → TimeInstant(GSat_u1)
Interval(GSat_u1) → errorError4(GSat_u1)
Interval(GSat_u1) → TimeTemporalEntity(GSat_u1)
before(GSat_u2,GSat_u1) → TimeTemporalEntity(GSat_u1)
Interval(GSat_u1) → errorError2(GSat_u1)
=========================================
