Starting Saturation...
Executing from DLGP files
SLF4J: Failed to load class "org.slf4j.impl.StaticLoggerBinder".
SLF4J: Defaulting to no-operation (NOP) logger implementation
SLF4J: See http://www.slf4j.org/codes.html#StaticLoggerBinder for further details.
# Rules: 12; # Atoms: 0; # AtomSets: 0; # Queries: 0; # Constraints: 0
Full TGD saturation algorithm: GSat
Running GSat...
avr. 26, 2021 6:02:08 PM uk.ac.ox.cs.gsat.EvolveBasedSat run
INFOS: GSat discarded rules : 0/7 = 0.000%
GSat discarded rules : 0/7 = 0.000%
avr. 26, 2021 6:02:08 PM uk.ac.ox.cs.gsat.EvolveBasedSat run
INFOS: Subsumption method : tree_atom
avr. 26, 2021 6:02:08 PM uk.ac.ox.cs.gsat.EvolveBasedSat run
INFOS: # initial TGDs: 5 , 2
nonFullTGDs	0		fullTGDs	5			newNonFullTGDs	2		newFullTGDs	0
avr. 26, 2021 6:02:08 PM uk.ac.ox.cs.gsat.EvolveBasedSat run
INFOS: GSat total time : 173 ms = 0.17 s
avr. 26, 2021 6:02:08 PM uk.ac.ox.cs.gsat.EvolveBasedSat run
INFOS: Subsumed elements : 2
avr. 26, 2021 6:02:08 PM uk.ac.ox.cs.gsat.EvolveBasedSat run
INFOS: Filter discarded elements : 0
avr. 26, 2021 6:02:08 PM uk.ac.ox.cs.gsat.EvolveBasedSat run
INFOS: Derived full/non full TGDs: 0 , 2
avr. 26, 2021 6:02:08 PM uk.ac.ox.cs.gsat.EvolveBasedSat run
INFOS: ouptput full TGDs not contained in the input: 0
avr. 26, 2021 6:02:08 PM uk.ac.ox.cs.gsat.App executeAllSteps
INFOS: Rewriting completed!
Full TGD saturation: (5 dependecies)
=========================================
Symbol(GSat_u2) & description(GSat_u2,GSat_u1) → XMLSchemastring(GSat_u1)
Symbol(GSat_u2) & symbol(GSat_u2,GSat_u1) → XMLSchemastring(GSat_u1)
Symbol(GSat_u2) & name(GSat_u2,GSat_u1) → XMLSchemastring(GSat_u1)
Symbol(GSat_u2) & market(GSat_u2,GSat_u1) → Market(GSat_u1)
index(GSat_u2,GSat_u1) & Symbol(GSat_u2) → Index(GSat_u1)
=========================================
