Starting Saturation...
Executing from DLGP files
SLF4J: Failed to load class "org.slf4j.impl.StaticLoggerBinder".
SLF4J: Defaulting to no-operation (NOP) logger implementation
SLF4J: See http://www.slf4j.org/codes.html#StaticLoggerBinder for further details.
# Rules: 222; # Atoms: 0; # AtomSets: 0; # Queries: 0; # Constraints: 0
Full TGD saturation algorithm: GSat
Running GSat...
avr. 26, 2021 11:33:49 PM uk.ac.ox.cs.gsat.EvolveBasedSat run
INFOS: GSat discarded rules : 49/222 = 22.072%
GSat discarded rules : 49/222 = 22.072%
avr. 26, 2021 11:33:49 PM uk.ac.ox.cs.gsat.EvolveBasedSat run
INFOS: Subsumption method : tree_atom
avr. 26, 2021 11:33:49 PM uk.ac.ox.cs.gsat.EvolveBasedSat run
INFOS: # initial TGDs: 57 , 116
nonFullTGDs	0		fullTGDs	57			newNonFullTGDs	116		newFullTGDs	0
nonFullTGDs	100		fullTGDs	57			newNonFullTGDs	16		newFullTGDs	0
avr. 26, 2021 11:33:49 PM uk.ac.ox.cs.gsat.EvolveBasedSat run
INFOS: GSat total time : 255 ms = 0.25 s
avr. 26, 2021 11:33:49 PM uk.ac.ox.cs.gsat.EvolveBasedSat run
INFOS: Subsumed elements : 4
avr. 26, 2021 11:33:49 PM uk.ac.ox.cs.gsat.EvolveBasedSat run
INFOS: Filter discarded elements : 0
avr. 26, 2021 11:33:49 PM uk.ac.ox.cs.gsat.EvolveBasedSat run
INFOS: Derived full/non full TGDs: 0 , 4
avr. 26, 2021 11:33:49 PM uk.ac.ox.cs.gsat.EvolveBasedSat run
INFOS: ouptput full TGDs not contained in the input: 0
avr. 26, 2021 11:33:49 PM uk.ac.ox.cs.gsat.App executeAllSteps
INFOS: Rewriting completed!
Full TGD saturation: (57 dependecies)
=========================================
WBPhenotypeWBPhenotype_0001024(GSat_u1) → PATOPATO_0000051(GSat_u1)
WBPhenotypeWBPhenotype_0000692(GSat_u1) → PATOPATO_0000956(GSat_u1)
WBPhenotypeWBPhenotype_000155(GSat_u1) → PATOPATO_0000051(GSat_u1)
WBPhenotypeWBPhenotype_0001550(GSat_u1) → PATOPATO_0000051(GSat_u1)
WBPhenotypeWBPhenotype_0000758(GSat_u1) → PATOPATO_0000460(GSat_u1)
WBPhenotypeWBPhenotype_0000286(GSat_u1) → PATOPATO_0000937(GSat_u1)
WBPhenotypeWBPhenotype_0000034(GSat_u1) → PATOPATO_0001769(GSat_u1)
WBPhenotypeWBPhenotype_0000044(GSat_u1) → PATOPATO_0000117(GSat_u1)
WBPhenotypeWBPhenotype_0001558(GSat_u1) → PATOPATO_0000051(GSat_u1)
PATOPATO_0000460(GSat_u1) & WBlsWBls_0000040(GSat_u2) & oboinheres_in(GSat_u1,GSat_u2) → WBPhenotypeWBPhenotype_0000758(GSat_u1)
WBPhenotypeWBPhenotype_0000163(GSat_u1) → PATOPATO_0000964(GSat_u1)
WBPhenotypeWBPhenotype_0000411(GSat_u1) → PATOPATO_0001873(GSat_u1)
WBPhenotypeWBPhenotype_0000756(GSat_u1) → PATOPATO_0000460(GSat_u1)
WBPhenotypeWBPhenotype_0001562(GSat_u1) → PATOPATO_0000051(GSat_u1)
WBPhenotypeWBPhenotype_0001540(GSat_u1) → PATOPATO_0000050(GSat_u1)
WBPhenotypeWBPhenotype_0000050(GSat_u1) → PATOPATO_0000001(GSat_u1)
WBPhenotypeWBPhenotype_0001552(GSat_u1) → PATOPATO_0000051(GSat_u1)
WBPhenotypeWBPhenotype_0000840(GSat_u1) → PATOPATO_0000460(GSat_u1)
WBPhenotypeWBPhenotype_0001118(GSat_u1) → PATOPATO_0000140(GSat_u1)
WBPhenotypeWBPhenotype_0000118(GSat_u1) → PATOPATO_0000001(GSat_u1)
WBPhenotypeWBPhenotype_0000891(GSat_u1) → PATOPATO_0000964(GSat_u1)
WBPhenotypeWBPhenotype_0000757(GSat_u1) → PATOPATO_0000460(GSat_u1)
WBPhenotypeWBPhenotype_0000928(GSat_u1) → PATOPATO_0001912(GSat_u1)
WBPhenotypeWBPhenotype_0001176(GSat_u1) → PATOPATO_0000052(GSat_u1)
WBPhenotypeWBPhenotype_0001563(GSat_u1) → PATOPATO_0000051(GSat_u1)
WBPhenotypeWBPhenotype_0000784(GSat_u1) → PATOPATO_0000279(GSat_u1)
WBPhenotypeWBPhenotype_0000035(GSat_u1) → PATOPATO_0000051(GSat_u1)
WBPhenotypeWBPhenotype_0001556(GSat_u1) → PATOPATO_0000051(GSat_u1)
WBPhenotypeWBPhenotype_0001135(GSat_u1) → PATOPATO_0000051(GSat_u1)
WBPhenotypeWBPhenotype_0001003(GSat_u1) → PATOPATO_0000001(GSat_u1)
WBPhenotypeWBPhenotype_0001557(GSat_u1) → PATOPATO_0000051(GSat_u1)
WBPhenotypeWBPhenotype_0000484(GSat_u1) → PATOPATO_0000587(GSat_u1)
WBPhenotypeWBPhenotype_0000058(GSat_u1) → PATOPATO_0000001(GSat_u1)
WBPhenotypeWBPhenotype_0000162(GSat_u1) → PATOPATO_0000328(GSat_u1)
WBPhenotypeWBPhenotype_0001545(GSat_u1) → PATOPATO_0000051(GSat_u1)
WBPhenotypeWBPhenotype_0001551(GSat_u1) → PATOPATO_0000051(GSat_u1)
PATOPATO_0000460(GSat_u1) & WBlsWBls_0000037(GSat_u2) & oboinheres_in(GSat_u1,GSat_u2) → WBPhenotypeWBPhenotype_0000757(GSat_u1)
WBPhenotypeWBPhenotype_0000060(GSat_u1) → PATOPATO_0000001(GSat_u1)
WBlsWBls_0000003(GSat_u2) & PATOPATO_0001769(GSat_u1) & oboinheres_in(GSat_u1,GSat_u2) → WBPhenotypeWBPhenotype_0000034(GSat_u1)
WBPhenotypeWBPhenotype_0001136(GSat_u1) → PATOPATO_0000051(GSat_u1)
WBPhenotypeWBPhenotype_0000915(GSat_u1) → PATOPATO_0000328(GSat_u1)
WBPhenotypeWBPhenotype_0001293(GSat_u1) → PATOPATO_0001912(GSat_u1)
WBPhenotypeWBPhenotype_0000054(GSat_u1) → PATOPATO_0000001(GSat_u1)
WBPhenotypeWBPhenotype_0000117(GSat_u1) → PATOPATO_0000001(GSat_u1)
WBPhenotypeWBPhenotype_0000419(GSat_u1) → PATOPATO_0000001(GSat_u1)
WBPhenotypeWBPhenotype_0000825(GSat_u1) → PATOPATO_0000460(GSat_u1)
WBPhenotypeWBPhenotype_0000057(GSat_u1) → PATOPATO_0000001(GSat_u1)
WBPhenotypeWBPhenotype_0001100(GSat_u1) → PATOPATO_0000001(GSat_u1)
WBPhenotypeWBPhenotype_0000116(GSat_u1) → PATOPATO_0000001(GSat_u1)
WBPhenotypeWBPhenotype_0000929(GSat_u1) → PATOPATO_0001912(GSat_u1)
WBPhenotypeWBPhenotype_0000863(GSat_u1) → PATOPATO_0001834(GSat_u1)
WBPhenotypeWBPhenotype_0001559(GSat_u1) → PATOPATO_0000051(GSat_u1)
WBPhenotypeWBPhenotype_0001561(GSat_u1) → PATOPATO_0000051(GSat_u1)
WBPhenotypeWBPhenotype_0001178(GSat_u1) → PATOPATO_0000460(GSat_u1)
WBPhenotypeWBPhenotype_0001020(GSat_u1) → PATOPATO_0000001(GSat_u1)
WBPhenotypeWBPhenotype_0001137(GSat_u1) → PATOPATO_0000587(GSat_u1)
PATOPATO_0000460(GSat_u1) & oboinheres_in(GSat_u1,GSat_u2) & WBlsWBls_0000029(GSat_u2) → WBPhenotypeWBPhenotype_0000756(GSat_u1)
=========================================
