Starting Saturation...
Executing from DLGP files
SLF4J: Failed to load class "org.slf4j.impl.StaticLoggerBinder".
SLF4J: Defaulting to no-operation (NOP) logger implementation
SLF4J: See http://www.slf4j.org/codes.html#StaticLoggerBinder for further details.
# Rules: 934; # Atoms: 0; # AtomSets: 0; # Queries: 0; # Constraints: 0
Full TGD saturation algorithm: Skolem Sat
Running SkSat...
Dec 09, 2021 10:25:37 PM uk.ac.ox.cs.gsat.AbstractSaturation run
INFO: SkSat discarded rules : 0/934 = 0.000%
SkSat discarded rules : 0/934 = 0.000%
Dec 09, 2021 10:25:37 PM uk.ac.ox.cs.gsat.AbstractSaturation run
INFO: Subsumption method : tree_predicate
length of the formulas: 2.1421363
number of bags: 7
length of the formulas: 2.1421363
number of bags: 7
nonFullTGDs	0		fullTGDs	727			newNonFullTGDs	462		newFullTGDs	0
nonFullTGDs	100		fullTGDs	727			newNonFullTGDs	472		newFullTGDs	104
nonFullTGDs	200		fullTGDs	727			newNonFullTGDs	458		newFullTGDs	238
nonFullTGDs	300		fullTGDs	727			newNonFullTGDs	442		newFullTGDs	307
nonFullTGDs	400		fullTGDs	727			newNonFullTGDs	413		newFullTGDs	393
nonFullTGDs	500		fullTGDs	727			newNonFullTGDs	398		newFullTGDs	403
nonFullTGDs	600		fullTGDs	727			newNonFullTGDs	396		newFullTGDs	480
nonFullTGDs	700		fullTGDs	727			newNonFullTGDs	388		newFullTGDs	530
nonFullTGDs	800		fullTGDs	727			newNonFullTGDs	377		newFullTGDs	563
nonFullTGDs	900		fullTGDs	727			newNonFullTGDs	380		newFullTGDs	616
nonFullTGDs	1000		fullTGDs	727			newNonFullTGDs	364		newFullTGDs	814
nonFullTGDs	1100		fullTGDs	727			newNonFullTGDs	345		newFullTGDs	1067
nonFullTGDs	1200		fullTGDs	727			newNonFullTGDs	324		newFullTGDs	1334
nonFullTGDs	1300		fullTGDs	727			newNonFullTGDs	302		newFullTGDs	1616
nonFullTGDs	1400		fullTGDs	727			newNonFullTGDs	284		newFullTGDs	1815
nonFullTGDs	1500		fullTGDs	727			newNonFullTGDs	264		newFullTGDs	1995
nonFullTGDs	1600		fullTGDs	727			newNonFullTGDs	250		newFullTGDs	2162
nonFullTGDs	1700		fullTGDs	727			newNonFullTGDs	234		newFullTGDs	2302
nonFullTGDs	1800		fullTGDs	727			newNonFullTGDs	207		newFullTGDs	2394
nonFullTGDs	1900		fullTGDs	727			newNonFullTGDs	185		newFullTGDs	2394
nonFullTGDs	2000		fullTGDs	727			newNonFullTGDs	96		newFullTGDs	2394
nonFullTGDs	2100		fullTGDs	727			newNonFullTGDs	62		newFullTGDs	2394
nonFullTGDs	2200		fullTGDs	727			newNonFullTGDs	29		newFullTGDs	2397
nonFullTGDs	2239		fullTGDs	788			newNonFullTGDs	0		newFullTGDs	2336
nonFullTGDs	2239		fullTGDs	888			newNonFullTGDs	0		newFullTGDs	2236
nonFullTGDs	2239		fullTGDs	988			newNonFullTGDs	0		newFullTGDs	2136
nonFullTGDs	2239		fullTGDs	1088			newNonFullTGDs	0		newFullTGDs	2036
nonFullTGDs	2239		fullTGDs	1188			newNonFullTGDs	0		newFullTGDs	1936
nonFullTGDs	2239		fullTGDs	1288			newNonFullTGDs	0		newFullTGDs	1836
nonFullTGDs	2239		fullTGDs	1388			newNonFullTGDs	0		newFullTGDs	1736
nonFullTGDs	2239		fullTGDs	1488			newNonFullTGDs	0		newFullTGDs	1636
nonFullTGDs	2239		fullTGDs	1588			newNonFullTGDs	0		newFullTGDs	1536
nonFullTGDs	2239		fullTGDs	1676			newNonFullTGDs	0		newFullTGDs	1448
nonFullTGDs	2239		fullTGDs	1770			newNonFullTGDs	0		newFullTGDs	1354
nonFullTGDs	2239		fullTGDs	1868			newNonFullTGDs	0		newFullTGDs	1256
nonFullTGDs	2239		fullTGDs	1967			newNonFullTGDs	1		newFullTGDs	1157
nonFullTGDs	2241		fullTGDs	2029			newNonFullTGDs	0		newFullTGDs	1095
nonFullTGDs	2242		fullTGDs	2125			newNonFullTGDs	0		newFullTGDs	999
nonFullTGDs	2242		fullTGDs	2224			newNonFullTGDs	0		newFullTGDs	900
nonFullTGDs	2242		fullTGDs	2324			newNonFullTGDs	0		newFullTGDs	800
nonFullTGDs	2242		fullTGDs	2412			newNonFullTGDs	0		newFullTGDs	712
nonFullTGDs	2242		fullTGDs	2497			newNonFullTGDs	0		newFullTGDs	640
nonFullTGDs	2242		fullTGDs	2581			newNonFullTGDs	0		newFullTGDs	568
nonFullTGDs	2242		fullTGDs	2678			newNonFullTGDs	0		newFullTGDs	471
nonFullTGDs	2242		fullTGDs	2778			newNonFullTGDs	0		newFullTGDs	371
nonFullTGDs	2242		fullTGDs	2876			newNonFullTGDs	0		newFullTGDs	273
nonFullTGDs	2242		fullTGDs	2976			newNonFullTGDs	0		newFullTGDs	173
nonFullTGDs	2243		fullTGDs	3043			newNonFullTGDs	0		newFullTGDs	114
nonFullTGDs	2243		fullTGDs	3120			newNonFullTGDs	0		newFullTGDs	59
nonFullTGDs	2243		fullTGDs	3204			newNonFullTGDs	0		newFullTGDs	7
Dec 09, 2021 10:25:38 PM uk.ac.ox.cs.gsat.SaturationStatistics log
INFO: # initial TGDs: 727 , 462
Dec 09, 2021 10:25:38 PM uk.ac.ox.cs.gsat.SaturationStatistics log
INFO: SkSat total time : 739 ms = 0.74 s
Dec 09, 2021 10:25:38 PM uk.ac.ox.cs.gsat.SaturationStatistics log
INFO: Subsumed elements : 1450
Dec 09, 2021 10:25:38 PM uk.ac.ox.cs.gsat.SaturationStatistics log
INFO: Filter discarded elements : 189028
Dec 09, 2021 10:25:38 PM uk.ac.ox.cs.gsat.SaturationStatistics log
INFO: subsumption time: 219 ms = 0.22 s
Dec 09, 2021 10:25:38 PM uk.ac.ox.cs.gsat.SaturationStatistics log
INFO: forward subsumption time: 166 ms = 0.17 s
Dec 09, 2021 10:25:38 PM uk.ac.ox.cs.gsat.SaturationStatistics log
INFO: backward subsumption time: 53 ms = 0.05 s
Dec 09, 2021 10:25:38 PM uk.ac.ox.cs.gsat.SaturationStatistics log
INFO: Derived full/non full TGDs: 2845 , 2927
Dec 09, 2021 10:25:38 PM uk.ac.ox.cs.gsat.SaturationStatistics log
INFO: discarded tautology count: 55
Dec 09, 2021 10:25:38 PM uk.ac.ox.cs.gsat.EvolveStatistics log
INFO: Stop because subsumed: 216
Dec 09, 2021 10:25:38 PM uk.ac.ox.cs.gsat.EvolveStatistics log
INFO: evolved equals to current: 0
Dec 09, 2021 10:25:38 PM uk.ac.ox.cs.gsat.EvolveStatistics log
INFO: evolved time: 185 ms = 0.19 s
Dec 09, 2021 10:25:38 PM uk.ac.ox.cs.gsat.EvolveStatistics log
INFO: evolve count: 6398
Dec 09, 2021 10:25:38 PM uk.ac.ox.cs.gsat.SkolemStatistics log
INFO: maximum number of Skolem atoms in body: 3
Dec 09, 2021 10:25:38 PM uk.ac.ox.cs.gsat.SkolemStatistics log
INFO: left derived TGD with Skolem in the body: 0
Dec 09, 2021 10:25:38 PM uk.ac.ox.cs.gsat.SkolemStatistics log
INFO: right derived TGD with Skolem in the body: 2699
Dec 09, 2021 10:25:38 PM uk.ac.ox.cs.gsat.SkolemStatistics log
INFO: derived TGD with more than two Skolem atoms in the body: 334
Dec 09, 2021 10:25:38 PM uk.ac.ox.cs.gsat.AbstractSaturation run
INFO: ouptput full TGDs not contained in the input: 145
Dec 09, 2021 10:25:38 PM uk.ac.ox.cs.gsat.App executeAllSteps
INFO: Rewriting completed!
Full TGD saturation: (872 dependecies)
Dec 09, 2021 10:25:38 PM uk.ac.ox.cs.gsat.App executeAllSteps
INFO: Writing the saturation in the Datalog file 00506.rul
