Starting Saturation...
Executing from DLGP files
SLF4J: Failed to load class "org.slf4j.impl.StaticLoggerBinder".
SLF4J: Defaulting to no-operation (NOP) logger implementation
SLF4J: See http://www.slf4j.org/codes.html#StaticLoggerBinder for further details.
# Rules: 1396; # Atoms: 0; # AtomSets: 0; # Queries: 0; # Constraints: 0
Full TGD saturation algorithm: Skolem Sat
Running SkSat...
Dec 09, 2021 11:34:20 PM uk.ac.ox.cs.gsat.AbstractSaturation run
INFO: SkSat discarded rules : 0/1396 = 0.000%
SkSat discarded rules : 0/1396 = 0.000%
Dec 09, 2021 11:34:20 PM uk.ac.ox.cs.gsat.AbstractSaturation run
INFO: Subsumption method : tree_predicate
length of the formulas: 2.0
number of bags: 9
length of the formulas: 2.0
number of bags: 9
nonFullTGDs	0		fullTGDs	1357			newNonFullTGDs	78		newFullTGDs	0
nonFullTGDs	100		fullTGDs	1357			newNonFullTGDs	49		newFullTGDs	0
nonFullTGDs	200		fullTGDs	1357			newNonFullTGDs	17		newFullTGDs	0
Dec 09, 2021 11:34:20 PM uk.ac.ox.cs.gsat.SaturationStatistics log
INFO: # initial TGDs: 1357 , 78
Dec 09, 2021 11:34:20 PM uk.ac.ox.cs.gsat.SaturationStatistics log
INFO: SkSat total time : 204 ms = 0.20 s
Dec 09, 2021 11:34:20 PM uk.ac.ox.cs.gsat.SaturationStatistics log
INFO: Subsumed elements : 4
Dec 09, 2021 11:34:20 PM uk.ac.ox.cs.gsat.SaturationStatistics log
INFO: Filter discarded elements : 218
Dec 09, 2021 11:34:20 PM uk.ac.ox.cs.gsat.SaturationStatistics log
INFO: subsumption time: 9 ms = 0.01 s
Dec 09, 2021 11:34:20 PM uk.ac.ox.cs.gsat.SaturationStatistics log
INFO: forward subsumption time: 6 ms = 0.01 s
Dec 09, 2021 11:34:20 PM uk.ac.ox.cs.gsat.SaturationStatistics log
INFO: backward subsumption time: 3 ms = 0.00 s
Dec 09, 2021 11:34:20 PM uk.ac.ox.cs.gsat.SaturationStatistics log
INFO: Derived full/non full TGDs: 0 , 186
Dec 09, 2021 11:34:20 PM uk.ac.ox.cs.gsat.SaturationStatistics log
INFO: discarded tautology count: 0
Dec 09, 2021 11:34:20 PM uk.ac.ox.cs.gsat.EvolveStatistics log
INFO: Stop because subsumed: 0
Dec 09, 2021 11:34:20 PM uk.ac.ox.cs.gsat.EvolveStatistics log
INFO: evolved equals to current: 0
Dec 09, 2021 11:34:20 PM uk.ac.ox.cs.gsat.EvolveStatistics log
INFO: evolved time: 17 ms = 0.02 s
Dec 09, 2021 11:34:20 PM uk.ac.ox.cs.gsat.EvolveStatistics log
INFO: evolve count: 232
Dec 09, 2021 11:34:20 PM uk.ac.ox.cs.gsat.SkolemStatistics log
INFO: maximum number of Skolem atoms in body: 0
Dec 09, 2021 11:34:20 PM uk.ac.ox.cs.gsat.SkolemStatistics log
INFO: left derived TGD with Skolem in the body: 0
Dec 09, 2021 11:34:20 PM uk.ac.ox.cs.gsat.SkolemStatistics log
INFO: right derived TGD with Skolem in the body: 0
Dec 09, 2021 11:34:20 PM uk.ac.ox.cs.gsat.SkolemStatistics log
INFO: derived TGD with more than two Skolem atoms in the body: 0
Dec 09, 2021 11:34:20 PM uk.ac.ox.cs.gsat.AbstractSaturation run
INFO: ouptput full TGDs not contained in the input: 0
Dec 09, 2021 11:34:20 PM uk.ac.ox.cs.gsat.App executeAllSteps
INFO: Rewriting completed!
Full TGD saturation: (1357 dependecies)
Dec 09, 2021 11:34:20 PM uk.ac.ox.cs.gsat.App executeAllSteps
INFO: Writing the saturation in the Datalog file 00571.rul
