Starting Saturation...
Executing from DLGP files
SLF4J: Failed to load class "org.slf4j.impl.StaticLoggerBinder".
SLF4J: Defaulting to no-operation (NOP) logger implementation
SLF4J: See http://www.slf4j.org/codes.html#StaticLoggerBinder for further details.
# Rules: 3156; # Atoms: 0; # AtomSets: 0; # Queries: 0; # Constraints: 0
Full TGD saturation algorithm: Skolem Sat
Running SkSat...
Dec 09, 2021 11:40:40 PM uk.ac.ox.cs.gsat.AbstractSaturation run
INFO: SkSat discarded rules : 0/3156 = 0.000%
SkSat discarded rules : 0/3156 = 0.000%
Dec 09, 2021 11:40:40 PM uk.ac.ox.cs.gsat.AbstractSaturation run
INFO: Subsumption method : tree_predicate
length of the formulas: 2.1198244
number of bags: 12
length of the formulas: 2.1198244
number of bags: 12
nonFullTGDs	0		fullTGDs	2742			newNonFullTGDs	446		newFullTGDs	0
nonFullTGDs	100		fullTGDs	2742			newNonFullTGDs	414		newFullTGDs	1136
nonFullTGDs	200		fullTGDs	2742			newNonFullTGDs	383		newFullTGDs	2459
nonFullTGDs	300		fullTGDs	2742			newNonFullTGDs	344		newFullTGDs	3782
nonFullTGDs	400		fullTGDs	2742			newNonFullTGDs	312		newFullTGDs	5106
nonFullTGDs	500		fullTGDs	2742			newNonFullTGDs	279		newFullTGDs	6619
nonFullTGDs	600		fullTGDs	2742			newNonFullTGDs	246		newFullTGDs	7942
nonFullTGDs	700		fullTGDs	2742			newNonFullTGDs	213		newFullTGDs	9549
nonFullTGDs	800		fullTGDs	2742			newNonFullTGDs	180		newFullTGDs	11061
nonFullTGDs	900		fullTGDs	2742			newNonFullTGDs	146		newFullTGDs	12666
nonFullTGDs	1000		fullTGDs	2742			newNonFullTGDs	116		newFullTGDs	13612
nonFullTGDs	1100		fullTGDs	2742			newNonFullTGDs	84		newFullTGDs	14651
nonFullTGDs	1200		fullTGDs	2742			newNonFullTGDs	51		newFullTGDs	16164
nonFullTGDs	1300		fullTGDs	2742			newNonFullTGDs	18		newFullTGDs	17581
nonFullTGDs	1353		fullTGDs	2789			newNonFullTGDs	0		newFullTGDs	18385
nonFullTGDs	1353		fullTGDs	2889			newNonFullTGDs	0		newFullTGDs	18285
nonFullTGDs	1353		fullTGDs	2988			newNonFullTGDs	0		newFullTGDs	18405
nonFullTGDs	1353		fullTGDs	3088			newNonFullTGDs	0		newFullTGDs	18305
nonFullTGDs	1353		fullTGDs	3187			newNonFullTGDs	0		newFullTGDs	18425
nonFullTGDs	1353		fullTGDs	3287			newNonFullTGDs	0		newFullTGDs	18325
nonFullTGDs	1353		fullTGDs	3386			newNonFullTGDs	0		newFullTGDs	18445
nonFullTGDs	1353		fullTGDs	3486			newNonFullTGDs	0		newFullTGDs	18345
nonFullTGDs	1353		fullTGDs	3586			newNonFullTGDs	0		newFullTGDs	18245
nonFullTGDs	1353		fullTGDs	3685			newNonFullTGDs	0		newFullTGDs	18365
nonFullTGDs	1353		fullTGDs	3785			newNonFullTGDs	0		newFullTGDs	18265
nonFullTGDs	1353		fullTGDs	3884			newNonFullTGDs	0		newFullTGDs	18385
nonFullTGDs	1353		fullTGDs	3984			newNonFullTGDs	0		newFullTGDs	18285
nonFullTGDs	1353		fullTGDs	4083			newNonFullTGDs	0		newFullTGDs	18405
nonFullTGDs	1353		fullTGDs	4183			newNonFullTGDs	0		newFullTGDs	18305
nonFullTGDs	1353		fullTGDs	4282			newNonFullTGDs	0		newFullTGDs	18425
nonFullTGDs	1353		fullTGDs	4382			newNonFullTGDs	0		newFullTGDs	18325
nonFullTGDs	1353		fullTGDs	4481			newNonFullTGDs	0		newFullTGDs	18445
nonFullTGDs	1353		fullTGDs	4581			newNonFullTGDs	0		newFullTGDs	18345
nonFullTGDs	1353		fullTGDs	4681			newNonFullTGDs	0		newFullTGDs	18245
nonFullTGDs	1353		fullTGDs	4780			newNonFullTGDs	0		newFullTGDs	18365
nonFullTGDs	1353		fullTGDs	4880			newNonFullTGDs	0		newFullTGDs	18265
nonFullTGDs	1353		fullTGDs	4979			newNonFullTGDs	0		newFullTGDs	18385
nonFullTGDs	1353		fullTGDs	5079			newNonFullTGDs	0		newFullTGDs	18285
nonFullTGDs	1353		fullTGDs	5178			newNonFullTGDs	0		newFullTGDs	18405
nonFullTGDs	1353		fullTGDs	5278			newNonFullTGDs	0		newFullTGDs	18305
nonFullTGDs	1353		fullTGDs	5377			newNonFullTGDs	0		newFullTGDs	18425
nonFullTGDs	1353		fullTGDs	5477			newNonFullTGDs	0		newFullTGDs	18325
nonFullTGDs	1353		fullTGDs	5576			newNonFullTGDs	0		newFullTGDs	18445
nonFullTGDs	1353		fullTGDs	5676			newNonFullTGDs	0		newFullTGDs	18345
nonFullTGDs	1353		fullTGDs	5776			newNonFullTGDs	0		newFullTGDs	18245
nonFullTGDs	1353		fullTGDs	5875			newNonFullTGDs	0		newFullTGDs	18365
nonFullTGDs	1353		fullTGDs	5975			newNonFullTGDs	0		newFullTGDs	18265
nonFullTGDs	1353		fullTGDs	6074			newNonFullTGDs	0		newFullTGDs	18385
nonFullTGDs	1353		fullTGDs	6174			newNonFullTGDs	0		newFullTGDs	18285
nonFullTGDs	1353		fullTGDs	6273			newNonFullTGDs	0		newFullTGDs	18405
nonFullTGDs	1353		fullTGDs	6373			newNonFullTGDs	0		newFullTGDs	18305
nonFullTGDs	1353		fullTGDs	6472			newNonFullTGDs	0		newFullTGDs	18425
nonFullTGDs	1353		fullTGDs	6572			newNonFullTGDs	0		newFullTGDs	18325
nonFullTGDs	1353		fullTGDs	6672			newNonFullTGDs	0		newFullTGDs	18225
nonFullTGDs	1353		fullTGDs	6771			newNonFullTGDs	0		newFullTGDs	18345
nonFullTGDs	1353		fullTGDs	6871			newNonFullTGDs	0		newFullTGDs	18245
nonFullTGDs	1353		fullTGDs	6970			newNonFullTGDs	0		newFullTGDs	18365
nonFullTGDs	1353		fullTGDs	7070			newNonFullTGDs	0		newFullTGDs	18265
nonFullTGDs	1353		fullTGDs	7169			newNonFullTGDs	0		newFullTGDs	18385
nonFullTGDs	1353		fullTGDs	7269			newNonFullTGDs	0		newFullTGDs	18285
nonFullTGDs	1353		fullTGDs	7368			newNonFullTGDs	0		newFullTGDs	18405
nonFullTGDs	1353		fullTGDs	7468			newNonFullTGDs	0		newFullTGDs	18305
nonFullTGDs	1353		fullTGDs	7567			newNonFullTGDs	0		newFullTGDs	18425
nonFullTGDs	1353		fullTGDs	7667			newNonFullTGDs	0		newFullTGDs	18325
nonFullTGDs	1353		fullTGDs	7767			newNonFullTGDs	0		newFullTGDs	18225
nonFullTGDs	1353		fullTGDs	7866			newNonFullTGDs	0		newFullTGDs	18345
nonFullTGDs	1353		fullTGDs	7966			newNonFullTGDs	0		newFullTGDs	18245
nonFullTGDs	1353		fullTGDs	8065			newNonFullTGDs	0		newFullTGDs	18365
nonFullTGDs	1353		fullTGDs	8165			newNonFullTGDs	0		newFullTGDs	18265
nonFullTGDs	1353		fullTGDs	8264			newNonFullTGDs	0		newFullTGDs	18385
nonFullTGDs	1353		fullTGDs	8364			newNonFullTGDs	0		newFullTGDs	18285
nonFullTGDs	1353		fullTGDs	8463			newNonFullTGDs	0		newFullTGDs	18405
nonFullTGDs	1353		fullTGDs	8563			newNonFullTGDs	0		newFullTGDs	18305
nonFullTGDs	1353		fullTGDs	8662			newNonFullTGDs	0		newFullTGDs	18425
nonFullTGDs	1353		fullTGDs	8762			newNonFullTGDs	0		newFullTGDs	18325
nonFullTGDs	1353		fullTGDs	8862			newNonFullTGDs	0		newFullTGDs	18225
nonFullTGDs	1353		fullTGDs	8961			newNonFullTGDs	0		newFullTGDs	18345
nonFullTGDs	1353		fullTGDs	9061			newNonFullTGDs	0		newFullTGDs	18245
nonFullTGDs	1353		fullTGDs	9160			newNonFullTGDs	0		newFullTGDs	18365
nonFullTGDs	1353		fullTGDs	9260			newNonFullTGDs	0		newFullTGDs	18265
nonFullTGDs	1353		fullTGDs	9359			newNonFullTGDs	0		newFullTGDs	18385
nonFullTGDs	1353		fullTGDs	9459			newNonFullTGDs	0		newFullTGDs	18285
nonFullTGDs	1353		fullTGDs	9558			newNonFullTGDs	0		newFullTGDs	18405
nonFullTGDs	1353		fullTGDs	9658			newNonFullTGDs	0		newFullTGDs	18305
nonFullTGDs	1353		fullTGDs	9757			newNonFullTGDs	0		newFullTGDs	18425
nonFullTGDs	1353		fullTGDs	9857			newNonFullTGDs	0		newFullTGDs	18325
nonFullTGDs	1353		fullTGDs	9957			newNonFullTGDs	0		newFullTGDs	18225
nonFullTGDs	1353		fullTGDs	10056			newNonFullTGDs	0		newFullTGDs	18345
nonFullTGDs	1353		fullTGDs	10156			newNonFullTGDs	0		newFullTGDs	18245
nonFullTGDs	1353		fullTGDs	10225			newNonFullTGDs	0		newFullTGDs	18176
nonFullTGDs	1353		fullTGDs	10275			newNonFullTGDs	0		newFullTGDs	18126
nonFullTGDs	1353		fullTGDs	10325			newNonFullTGDs	0		newFullTGDs	18076
nonFullTGDs	1353		fullTGDs	10375			newNonFullTGDs	0		newFullTGDs	18026
nonFullTGDs	1353		fullTGDs	10425			newNonFullTGDs	0		newFullTGDs	17976
nonFullTGDs	1353		fullTGDs	10475			newNonFullTGDs	0		newFullTGDs	17926
nonFullTGDs	1353		fullTGDs	10525			newNonFullTGDs	0		newFullTGDs	17876
nonFullTGDs	1353		fullTGDs	10575			newNonFullTGDs	0		newFullTGDs	17826
nonFullTGDs	1353		fullTGDs	10625			newNonFullTGDs	0		newFullTGDs	17776
nonFullTGDs	1353		fullTGDs	10675			newNonFullTGDs	0		newFullTGDs	17726
nonFullTGDs	1353		fullTGDs	10725			newNonFullTGDs	0		newFullTGDs	17676
nonFullTGDs	1353		fullTGDs	10775			newNonFullTGDs	0		newFullTGDs	17626
nonFullTGDs	1353		fullTGDs	10825			newNonFullTGDs	0		newFullTGDs	17576
nonFullTGDs	1353		fullTGDs	10875			newNonFullTGDs	0		newFullTGDs	17526
nonFullTGDs	1353		fullTGDs	10925			newNonFullTGDs	0		newFullTGDs	17476
nonFullTGDs	1353		fullTGDs	10975			newNonFullTGDs	0		newFullTGDs	17426
nonFullTGDs	1353		fullTGDs	11025			newNonFullTGDs	0		newFullTGDs	17376
nonFullTGDs	1353		fullTGDs	11075			newNonFullTGDs	0		newFullTGDs	17326
nonFullTGDs	1353		fullTGDs	11125			newNonFullTGDs	0		newFullTGDs	17276
nonFullTGDs	1353		fullTGDs	11175			newNonFullTGDs	0		newFullTGDs	17226
nonFullTGDs	1353		fullTGDs	11225			newNonFullTGDs	0		newFullTGDs	17176
nonFullTGDs	1353		fullTGDs	11275			newNonFullTGDs	0		newFullTGDs	17126
nonFullTGDs	1353		fullTGDs	11325			newNonFullTGDs	0		newFullTGDs	17076
nonFullTGDs	1353		fullTGDs	11375			newNonFullTGDs	0		newFullTGDs	17026
nonFullTGDs	1353		fullTGDs	11425			newNonFullTGDs	0		newFullTGDs	16976
nonFullTGDs	1353		fullTGDs	11476			newNonFullTGDs	0		newFullTGDs	16926
nonFullTGDs	1353		fullTGDs	11535			newNonFullTGDs	0		newFullTGDs	16886
nonFullTGDs	1353		fullTGDs	11586			newNonFullTGDs	0		newFullTGDs	16837
nonFullTGDs	1353		fullTGDs	11636			newNonFullTGDs	0		newFullTGDs	16787
nonFullTGDs	1353		fullTGDs	11686			newNonFullTGDs	0		newFullTGDs	16737
nonFullTGDs	1353		fullTGDs	11777			newNonFullTGDs	0		newFullTGDs	16865
nonFullTGDs	1353		fullTGDs	11877			newNonFullTGDs	0		newFullTGDs	16765
nonFullTGDs	1353		fullTGDs	11948			newNonFullTGDs	0		newFullTGDs	16699
nonFullTGDs	1353		fullTGDs	12007			newNonFullTGDs	0		newFullTGDs	16859
nonFullTGDs	1353		fullTGDs	12107			newNonFullTGDs	0		newFullTGDs	16759
nonFullTGDs	1353		fullTGDs	12207			newNonFullTGDs	0		newFullTGDs	16659
nonFullTGDs	1353		fullTGDs	12261			newNonFullTGDs	0		newFullTGDs	16611
nonFullTGDs	1353		fullTGDs	12332			newNonFullTGDs	0		newFullTGDs	16759
nonFullTGDs	1353		fullTGDs	12432			newNonFullTGDs	0		newFullTGDs	16659
nonFullTGDs	1353		fullTGDs	12523			newNonFullTGDs	0		newFullTGDs	16574
nonFullTGDs	1353		fullTGDs	12573			newNonFullTGDs	0		newFullTGDs	16524
nonFullTGDs	1353		fullTGDs	12623			newNonFullTGDs	0		newFullTGDs	16474
nonFullTGDs	1353		fullTGDs	12718			newNonFullTGDs	0		newFullTGDs	16598
nonFullTGDs	1353		fullTGDs	12818			newNonFullTGDs	0		newFullTGDs	16498
nonFullTGDs	1353		fullTGDs	12886			newNonFullTGDs	0		newFullTGDs	16437
nonFullTGDs	1353		fullTGDs	12972			newNonFullTGDs	0		newFullTGDs	16570
nonFullTGDs	1353		fullTGDs	13072			newNonFullTGDs	0		newFullTGDs	16470
nonFullTGDs	1353		fullTGDs	13147			newNonFullTGDs	0		newFullTGDs	16397
nonFullTGDs	1353		fullTGDs	13211			newNonFullTGDs	0		newFullTGDs	16361
nonFullTGDs	1353		fullTGDs	13304			newNonFullTGDs	0		newFullTGDs	16488
nonFullTGDs	1353		fullTGDs	13404			newNonFullTGDs	0		newFullTGDs	16388
nonFullTGDs	1353		fullTGDs	13477			newNonFullTGDs	0		newFullTGDs	16339
nonFullTGDs	1353		fullTGDs	13535			newNonFullTGDs	0		newFullTGDs	16285
nonFullTGDs	1353		fullTGDs	13633			newNonFullTGDs	0		newFullTGDs	16406
nonFullTGDs	1353		fullTGDs	13733			newNonFullTGDs	0		newFullTGDs	16306
nonFullTGDs	1353		fullTGDs	13798			newNonFullTGDs	0		newFullTGDs	16248
nonFullTGDs	1353		fullTGDs	13853			newNonFullTGDs	0		newFullTGDs	16412
nonFullTGDs	1353		fullTGDs	13953			newNonFullTGDs	0		newFullTGDs	16312
nonFullTGDs	1353		fullTGDs	14053			newNonFullTGDs	0		newFullTGDs	16212
nonFullTGDs	1353		fullTGDs	14115			newNonFullTGDs	0		newFullTGDs	16180
nonFullTGDs	1353		fullTGDs	14172			newNonFullTGDs	0		newFullTGDs	16123
nonFullTGDs	1353		fullTGDs	14233			newNonFullTGDs	0		newFullTGDs	16287
nonFullTGDs	1353		fullTGDs	14333			newNonFullTGDs	0		newFullTGDs	16187
nonFullTGDs	1353		fullTGDs	14433			newNonFullTGDs	0		newFullTGDs	16087
nonFullTGDs	1353		fullTGDs	14488			newNonFullTGDs	0		newFullTGDs	16039
nonFullTGDs	1353		fullTGDs	14566			newNonFullTGDs	0		newFullTGDs	16180
nonFullTGDs	1353		fullTGDs	14666			newNonFullTGDs	0		newFullTGDs	16080
nonFullTGDs	1353		fullTGDs	14749			newNonFullTGDs	0		newFullTGDs	15999
nonFullTGDs	1353		fullTGDs	14812			newNonFullTGDs	0		newFullTGDs	15963
nonFullTGDs	1353		fullTGDs	14881			newNonFullTGDs	0		newFullTGDs	16113
nonFullTGDs	1353		fullTGDs	14981			newNonFullTGDs	0		newFullTGDs	16013
nonFullTGDs	1353		fullTGDs	15072			newNonFullTGDs	0		newFullTGDs	15923
nonFullTGDs	1353		fullTGDs	15128			newNonFullTGDs	0		newFullTGDs	15878
nonFullTGDs	1353		fullTGDs	15191			newNonFullTGDs	0		newFullTGDs	16056
nonFullTGDs	1353		fullTGDs	15291			newNonFullTGDs	0		newFullTGDs	15956
nonFullTGDs	1353		fullTGDs	15391			newNonFullTGDs	0		newFullTGDs	15856
nonFullTGDs	1353		fullTGDs	15451			newNonFullTGDs	0		newFullTGDs	15802
nonFullTGDs	1353		fullTGDs	15541			newNonFullTGDs	0		newFullTGDs	15931
nonFullTGDs	1353		fullTGDs	15641			newNonFullTGDs	0		newFullTGDs	15831
nonFullTGDs	1353		fullTGDs	15712			newNonFullTGDs	0		newFullTGDs	15763
nonFullTGDs	1353		fullTGDs	15769			newNonFullTGDs	0		newFullTGDs	15734
nonFullTGDs	1353		fullTGDs	15857			newNonFullTGDs	0		newFullTGDs	15865
nonFullTGDs	1353		fullTGDs	15957			newNonFullTGDs	0		newFullTGDs	15765
nonFullTGDs	1353		fullTGDs	16036			newNonFullTGDs	0		newFullTGDs	15687
nonFullTGDs	1353		fullTGDs	16091			newNonFullTGDs	0		newFullTGDs	15641
nonFullTGDs	1353		fullTGDs	16166			newNonFullTGDs	0		newFullTGDs	15785
nonFullTGDs	1353		fullTGDs	16266			newNonFullTGDs	0		newFullTGDs	15685
nonFullTGDs	1353		fullTGDs	16353			newNonFullTGDs	0		newFullTGDs	15604
nonFullTGDs	1353		fullTGDs	16426			newNonFullTGDs	0		newFullTGDs	15773
nonFullTGDs	1353		fullTGDs	16526			newNonFullTGDs	0		newFullTGDs	15673
nonFullTGDs	1353		fullTGDs	16624			newNonFullTGDs	0		newFullTGDs	15575
nonFullTGDs	1353		fullTGDs	16685			newNonFullTGDs	0		newFullTGDs	15536
nonFullTGDs	1353		fullTGDs	16752			newNonFullTGDs	0		newFullTGDs	15503
nonFullTGDs	1353		fullTGDs	16842			newNonFullTGDs	0		newFullTGDs	15641
nonFullTGDs	1353		fullTGDs	16942			newNonFullTGDs	0		newFullTGDs	15541
nonFullTGDs	1353		fullTGDs	17017			newNonFullTGDs	0		newFullTGDs	15468
nonFullTGDs	1353		fullTGDs	17085			newNonFullTGDs	0		newFullTGDs	15624
nonFullTGDs	1353		fullTGDs	17185			newNonFullTGDs	0		newFullTGDs	15524
nonFullTGDs	1353		fullTGDs	17281			newNonFullTGDs	0		newFullTGDs	15432
nonFullTGDs	1353		fullTGDs	17334			newNonFullTGDs	0		newFullTGDs	15385
nonFullTGDs	1353		fullTGDs	17388			newNonFullTGDs	0		newFullTGDs	15338
nonFullTGDs	1353		fullTGDs	17471			newNonFullTGDs	0		newFullTGDs	15474
nonFullTGDs	1353		fullTGDs	17571			newNonFullTGDs	0		newFullTGDs	15374
nonFullTGDs	1353		fullTGDs	17648			newNonFullTGDs	0		newFullTGDs	15299
nonFullTGDs	1353		fullTGDs	17705			newNonFullTGDs	0		newFullTGDs	15255
nonFullTGDs	1353		fullTGDs	17791			newNonFullTGDs	0		newFullTGDs	15388
nonFullTGDs	1353		fullTGDs	17891			newNonFullTGDs	0		newFullTGDs	15288
nonFullTGDs	1353		fullTGDs	17966			newNonFullTGDs	0		newFullTGDs	15216
nonFullTGDs	1353		fullTGDs	18019			newNonFullTGDs	0		newFullTGDs	15170
nonFullTGDs	1353		fullTGDs	18100			newNonFullTGDs	0		newFullTGDs	15308
nonFullTGDs	1353		fullTGDs	18200			newNonFullTGDs	0		newFullTGDs	15208
nonFullTGDs	1353		fullTGDs	18282			newNonFullTGDs	0		newFullTGDs	15133
nonFullTGDs	1353		fullTGDs	18335			newNonFullTGDs	0		newFullTGDs	15085
nonFullTGDs	1353		fullTGDs	18411			newNonFullTGDs	0		newFullTGDs	15228
nonFullTGDs	1353		fullTGDs	18511			newNonFullTGDs	0		newFullTGDs	15128
nonFullTGDs	1353		fullTGDs	18597			newNonFullTGDs	0		newFullTGDs	15048
nonFullTGDs	1353		fullTGDs	18664			newNonFullTGDs	0		newFullTGDs	15203
nonFullTGDs	1353		fullTGDs	18764			newNonFullTGDs	0		newFullTGDs	15103
nonFullTGDs	1353		fullTGDs	18858			newNonFullTGDs	0		newFullTGDs	15009
nonFullTGDs	1353		fullTGDs	18912			newNonFullTGDs	0		newFullTGDs	14963
nonFullTGDs	1353		fullTGDs	18964			newNonFullTGDs	0		newFullTGDs	14914
nonFullTGDs	1353		fullTGDs	19056			newNonFullTGDs	0		newFullTGDs	15041
nonFullTGDs	1353		fullTGDs	19156			newNonFullTGDs	0		newFullTGDs	14941
nonFullTGDs	1353		fullTGDs	19227			newNonFullTGDs	0		newFullTGDs	14877
nonFullTGDs	1353		fullTGDs	19295			newNonFullTGDs	0		newFullTGDs	15028
nonFullTGDs	1353		fullTGDs	19395			newNonFullTGDs	0		newFullTGDs	14928
nonFullTGDs	1353		fullTGDs	19487			newNonFullTGDs	0		newFullTGDs	14838
nonFullTGDs	1353		fullTGDs	19548			newNonFullTGDs	0		newFullTGDs	14808
nonFullTGDs	1353		fullTGDs	19636			newNonFullTGDs	0		newFullTGDs	14940
nonFullTGDs	1353		fullTGDs	19736			newNonFullTGDs	0		newFullTGDs	14840
nonFullTGDs	1353		fullTGDs	19815			newNonFullTGDs	0		newFullTGDs	14766
nonFullTGDs	1353		fullTGDs	19865			newNonFullTGDs	0		newFullTGDs	14716
nonFullTGDs	1353		fullTGDs	19946			newNonFullTGDs	0		newFullTGDs	14854
nonFullTGDs	1353		fullTGDs	20046			newNonFullTGDs	0		newFullTGDs	14754
nonFullTGDs	1353		fullTGDs	20126			newNonFullTGDs	0		newFullTGDs	14677
nonFullTGDs	1353		fullTGDs	20185			newNonFullTGDs	0		newFullTGDs	14837
nonFullTGDs	1353		fullTGDs	20285			newNonFullTGDs	0		newFullTGDs	14737
nonFullTGDs	1353		fullTGDs	20385			newNonFullTGDs	0		newFullTGDs	14637
nonFullTGDs	1353		fullTGDs	20439			newNonFullTGDs	0		newFullTGDs	14590
nonFullTGDs	1353		fullTGDs	20514			newNonFullTGDs	0		newFullTGDs	14734
nonFullTGDs	1353		fullTGDs	20614			newNonFullTGDs	0		newFullTGDs	14634
nonFullTGDs	1353		fullTGDs	20701			newNonFullTGDs	0		newFullTGDs	14552
nonFullTGDs	1353		fullTGDs	20752			newNonFullTGDs	0		newFullTGDs	14503
nonFullTGDs	1353		fullTGDs	20843			newNonFullTGDs	0		newFullTGDs	14631
nonFullTGDs	1353		fullTGDs	20943			newNonFullTGDs	0		newFullTGDs	14531
nonFullTGDs	1353		fullTGDs	21013			newNonFullTGDs	0		newFullTGDs	14464
nonFullTGDs	1353		fullTGDs	21064			newNonFullTGDs	0		newFullTGDs	14415
nonFullTGDs	1353		fullTGDs	21132			newNonFullTGDs	0		newFullTGDs	14383
nonFullTGDs	1353		fullTGDs	21185			newNonFullTGDs	0		newFullTGDs	14553
nonFullTGDs	1353		fullTGDs	21285			newNonFullTGDs	0		newFullTGDs	14453
nonFullTGDs	1353		fullTGDs	21385			newNonFullTGDs	0		newFullTGDs	14353
nonFullTGDs	1353		fullTGDs	21447			newNonFullTGDs	0		newFullTGDs	14298
nonFullTGDs	1353		fullTGDs	21500			newNonFullTGDs	0		newFullTGDs	14251
nonFullTGDs	1353		fullTGDs	21562			newNonFullTGDs	0		newFullTGDs	14212
nonFullTGDs	1353		fullTGDs	21640			newNonFullTGDs	0		newFullTGDs	14358
nonFullTGDs	1353		fullTGDs	21740			newNonFullTGDs	0		newFullTGDs	14258
nonFullTGDs	1353		fullTGDs	21827			newNonFullTGDs	0		newFullTGDs	14177
nonFullTGDs	1353		fullTGDs	21877			newNonFullTGDs	0		newFullTGDs	14128
nonFullTGDs	1353		fullTGDs	21929			newNonFullTGDs	0		newFullTGDs	14298
nonFullTGDs	1353		fullTGDs	22029			newNonFullTGDs	0		newFullTGDs	14198
nonFullTGDs	1353		fullTGDs	22129			newNonFullTGDs	0		newFullTGDs	14098
nonFullTGDs	1353		fullTGDs	22192			newNonFullTGDs	0		newFullTGDs	14042
nonFullTGDs	1353		fullTGDs	22273			newNonFullTGDs	0		newFullTGDs	14180
nonFullTGDs	1353		fullTGDs	22373			newNonFullTGDs	0		newFullTGDs	14080
nonFullTGDs	1353		fullTGDs	22454			newNonFullTGDs	0		newFullTGDs	14005
nonFullTGDs	1353		fullTGDs	22514			newNonFullTGDs	0		newFullTGDs	14164
nonFullTGDs	1353		fullTGDs	22614			newNonFullTGDs	0		newFullTGDs	14064
nonFullTGDs	1353		fullTGDs	22714			newNonFullTGDs	0		newFullTGDs	13964
nonFullTGDs	1353		fullTGDs	22767			newNonFullTGDs	0		newFullTGDs	13918
nonFullTGDs	1353		fullTGDs	22821			newNonFullTGDs	0		newFullTGDs	13871
nonFullTGDs	1353		fullTGDs	22873			newNonFullTGDs	0		newFullTGDs	13824
nonFullTGDs	1353		fullTGDs	22968			newNonFullTGDs	0		newFullTGDs	13948
nonFullTGDs	1353		fullTGDs	23068			newNonFullTGDs	0		newFullTGDs	13848
nonFullTGDs	1353		fullTGDs	23147			newNonFullTGDs	0		newFullTGDs	13798
nonFullTGDs	1353		fullTGDs	23201			newNonFullTGDs	0		newFullTGDs	13751
nonFullTGDs	1353		fullTGDs	23266			newNonFullTGDs	0		newFullTGDs	13716
nonFullTGDs	1353		fullTGDs	23332			newNonFullTGDs	0		newFullTGDs	13682
nonFullTGDs	1353		fullTGDs	23419			newNonFullTGDs	0		newFullTGDs	13814
nonFullTGDs	1353		fullTGDs	23519			newNonFullTGDs	0		newFullTGDs	13714
nonFullTGDs	1353		fullTGDs	23592			newNonFullTGDs	0		newFullTGDs	13643
nonFullTGDs	1353		fullTGDs	23663			newNonFullTGDs	0		newFullTGDs	13796
nonFullTGDs	1353		fullTGDs	23763			newNonFullTGDs	0		newFullTGDs	13696
nonFullTGDs	1353		fullTGDs	23855			newNonFullTGDs	0		newFullTGDs	13605
nonFullTGDs	1353		fullTGDs	23908			newNonFullTGDs	0		newFullTGDs	13558
nonFullTGDs	1353		fullTGDs	23997			newNonFullTGDs	0		newFullTGDs	13688
nonFullTGDs	1353		fullTGDs	24097			newNonFullTGDs	0		newFullTGDs	13588
nonFullTGDs	1353		fullTGDs	24170			newNonFullTGDs	0		newFullTGDs	13521
nonFullTGDs	1353		fullTGDs	24223			newNonFullTGDs	0		newFullTGDs	13473
nonFullTGDs	1353		fullTGDs	24305			newNonFullTGDs	0		newFullTGDs	13610
nonFullTGDs	1353		fullTGDs	24405			newNonFullTGDs	0		newFullTGDs	13510
nonFullTGDs	1353		fullTGDs	24486			newNonFullTGDs	0		newFullTGDs	13436
nonFullTGDs	1353		fullTGDs	24545			newNonFullTGDs	0		newFullTGDs	13596
nonFullTGDs	1353		fullTGDs	24645			newNonFullTGDs	0		newFullTGDs	13496
nonFullTGDs	1353		fullTGDs	24745			newNonFullTGDs	0		newFullTGDs	13396
nonFullTGDs	1353		fullTGDs	24801			newNonFullTGDs	0		newFullTGDs	13351
nonFullTGDs	1353		fullTGDs	24888			newNonFullTGDs	0		newFullTGDs	13483
nonFullTGDs	1353		fullTGDs	24988			newNonFullTGDs	0		newFullTGDs	13383
nonFullTGDs	1353		fullTGDs	25063			newNonFullTGDs	0		newFullTGDs	13314
nonFullTGDs	1353		fullTGDs	25128			newNonFullTGDs	0		newFullTGDs	13469
nonFullTGDs	1353		fullTGDs	25228			newNonFullTGDs	0		newFullTGDs	13369
nonFullTGDs	1353		fullTGDs	25325			newNonFullTGDs	0		newFullTGDs	13275
nonFullTGDs	1353		fullTGDs	25377			newNonFullTGDs	0		newFullTGDs	13227
nonFullTGDs	1353		fullTGDs	25458			newNonFullTGDs	0		newFullTGDs	13365
nonFullTGDs	1353		fullTGDs	25558			newNonFullTGDs	0		newFullTGDs	13265
nonFullTGDs	1353		fullTGDs	25638			newNonFullTGDs	0		newFullTGDs	13188
nonFullTGDs	1353		fullTGDs	25688			newNonFullTGDs	0		newFullTGDs	13138
nonFullTGDs	1353		fullTGDs	25766			newNonFullTGDs	0		newFullTGDs	13282
nonFullTGDs	1353		fullTGDs	25866			newNonFullTGDs	0		newFullTGDs	13182
nonFullTGDs	1353		fullTGDs	25952			newNonFullTGDs	0		newFullTGDs	13102
nonFullTGDs	1353		fullTGDs	26013			newNonFullTGDs	0		newFullTGDs	13063
nonFullTGDs	1353		fullTGDs	26108			newNonFullTGDs	0		newFullTGDs	13187
nonFullTGDs	1353		fullTGDs	26208			newNonFullTGDs	0		newFullTGDs	13087
nonFullTGDs	1353		fullTGDs	26276			newNonFullTGDs	0		newFullTGDs	13026
nonFullTGDs	1353		fullTGDs	26338			newNonFullTGDs	0		newFullTGDs	12989
nonFullTGDs	1353		fullTGDs	26408			newNonFullTGDs	0		newFullTGDs	13141
nonFullTGDs	1353		fullTGDs	26508			newNonFullTGDs	0		newFullTGDs	13041
nonFullTGDs	1353		fullTGDs	26600			newNonFullTGDs	0		newFullTGDs	12951
nonFullTGDs	1353		fullTGDs	26655			newNonFullTGDs	0		newFullTGDs	12906
nonFullTGDs	1353		fullTGDs	26716			newNonFullTGDs	0		newFullTGDs	12874
nonFullTGDs	1353		fullTGDs	26782			newNonFullTGDs	0		newFullTGDs	13027
nonFullTGDs	1353		fullTGDs	26882			newNonFullTGDs	0		newFullTGDs	12927
nonFullTGDs	1353		fullTGDs	26981			newNonFullTGDs	0		newFullTGDs	12831
nonFullTGDs	1353		fullTGDs	27037			newNonFullTGDs	0		newFullTGDs	12998
nonFullTGDs	1353		fullTGDs	27137			newNonFullTGDs	0		newFullTGDs	12898
nonFullTGDs	1353		fullTGDs	27237			newNonFullTGDs	0		newFullTGDs	12798
nonFullTGDs	1353		fullTGDs	27296			newNonFullTGDs	0		newFullTGDs	12746
nonFullTGDs	1353		fullTGDs	27384			newNonFullTGDs	0		newFullTGDs	12877
nonFullTGDs	1353		fullTGDs	27484			newNonFullTGDs	0		newFullTGDs	12777
nonFullTGDs	1353		fullTGDs	27559			newNonFullTGDs	0		newFullTGDs	12709
nonFullTGDs	1353		fullTGDs	27639			newNonFullTGDs	0		newFullTGDs	12848
nonFullTGDs	1353		fullTGDs	27739			newNonFullTGDs	0		newFullTGDs	12748
nonFullTGDs	1353		fullTGDs	27819			newNonFullTGDs	0		newFullTGDs	12669
nonFullTGDs	1353		fullTGDs	27872			newNonFullTGDs	0		newFullTGDs	12622
nonFullTGDs	1353		fullTGDs	27968			newNonFullTGDs	0		newFullTGDs	12745
nonFullTGDs	1353		fullTGDs	28068			newNonFullTGDs	0		newFullTGDs	12645
nonFullTGDs	1353		fullTGDs	28135			newNonFullTGDs	0		newFullTGDs	12586
nonFullTGDs	1353		fullTGDs	28187			newNonFullTGDs	0		newFullTGDs	12537
nonFullTGDs	1353		fullTGDs	28279			newNonFullTGDs	0		newFullTGDs	12664
nonFullTGDs	1353		fullTGDs	28379			newNonFullTGDs	0		newFullTGDs	12564
nonFullTGDs	1353		fullTGDs	28449			newNonFullTGDs	0		newFullTGDs	12500
nonFullTGDs	1353		fullTGDs	28499			newNonFullTGDs	0		newFullTGDs	12450
nonFullTGDs	1353		fullTGDs	28595			newNonFullTGDs	0		newFullTGDs	12573
nonFullTGDs	1353		fullTGDs	28695			newNonFullTGDs	0		newFullTGDs	12473
nonFullTGDs	1353		fullTGDs	28761			newNonFullTGDs	0		newFullTGDs	12411
nonFullTGDs	1353		fullTGDs	28855			newNonFullTGDs	0		newFullTGDs	12536
nonFullTGDs	1353		fullTGDs	28955			newNonFullTGDs	0		newFullTGDs	12436
nonFullTGDs	1353		fullTGDs	29024			newNonFullTGDs	0		newFullTGDs	12374
nonFullTGDs	1353		fullTGDs	29115			newNonFullTGDs	0		newFullTGDs	12502
nonFullTGDs	1353		fullTGDs	29215			newNonFullTGDs	0		newFullTGDs	12402
nonFullTGDs	1353		fullTGDs	29287			newNonFullTGDs	0		newFullTGDs	12337
nonFullTGDs	1353		fullTGDs	29348			newNonFullTGDs	0		newFullTGDs	12517
nonFullTGDs	1353		fullTGDs	29448			newNonFullTGDs	0		newFullTGDs	12417
nonFullTGDs	1353		fullTGDs	29548			newNonFullTGDs	0		newFullTGDs	12317
nonFullTGDs	1353		fullTGDs	29610			newNonFullTGDs	0		newFullTGDs	12261
nonFullTGDs	1353		fullTGDs	29691			newNonFullTGDs	0		newFullTGDs	12400
nonFullTGDs	1353		fullTGDs	29791			newNonFullTGDs	0		newFullTGDs	12300
nonFullTGDs	1353		fullTGDs	29873			newNonFullTGDs	0		newFullTGDs	12224
nonFullTGDs	1353		fullTGDs	29926			newNonFullTGDs	0		newFullTGDs	12176
nonFullTGDs	1353		fullTGDs	30019			newNonFullTGDs	0		newFullTGDs	12304
nonFullTGDs	1353		fullTGDs	30119			newNonFullTGDs	0		newFullTGDs	12204
nonFullTGDs	1353		fullTGDs	30190			newNonFullTGDs	0		newFullTGDs	12141
nonFullTGDs	1353		fullTGDs	30240			newNonFullTGDs	0		newFullTGDs	12091
nonFullTGDs	1353		fullTGDs	30311			newNonFullTGDs	0		newFullTGDs	12239
nonFullTGDs	1353		fullTGDs	30411			newNonFullTGDs	0		newFullTGDs	12139
nonFullTGDs	1353		fullTGDs	30503			newNonFullTGDs	0		newFullTGDs	12053
nonFullTGDs	1353		fullTGDs	30555			newNonFullTGDs	0		newFullTGDs	12006
nonFullTGDs	1353		fullTGDs	30624			newNonFullTGDs	0		newFullTGDs	12157
nonFullTGDs	1353		fullTGDs	30724			newNonFullTGDs	0		newFullTGDs	12057
nonFullTGDs	1353		fullTGDs	30818			newNonFullTGDs	0		newFullTGDs	11969
nonFullTGDs	1353		fullTGDs	30880			newNonFullTGDs	0		newFullTGDs	11930
nonFullTGDs	1353		fullTGDs	30935			newNonFullTGDs	0		newFullTGDs	11885
nonFullTGDs	1353		fullTGDs	31021			newNonFullTGDs	0		newFullTGDs	12040
nonFullTGDs	1353		fullTGDs	31121			newNonFullTGDs	0		newFullTGDs	11940
nonFullTGDs	1353		fullTGDs	31207			newNonFullTGDs	0		newFullTGDs	11859
nonFullTGDs	1353		fullTGDs	31261			newNonFullTGDs	0		newFullTGDs	11812
nonFullTGDs	1353		fullTGDs	31346			newNonFullTGDs	0		newFullTGDs	11946
nonFullTGDs	1353		fullTGDs	31446			newNonFullTGDs	0		newFullTGDs	11846
nonFullTGDs	1353		fullTGDs	31524			newNonFullTGDs	0		newFullTGDs	11775
nonFullTGDs	1353		fullTGDs	31601			newNonFullTGDs	0		newFullTGDs	11917
nonFullTGDs	1353		fullTGDs	31701			newNonFullTGDs	0		newFullTGDs	11817
nonFullTGDs	1353		fullTGDs	31787			newNonFullTGDs	0		newFullTGDs	11737
nonFullTGDs	1353		fullTGDs	31859			newNonFullTGDs	0		newFullTGDs	11884
nonFullTGDs	1353		fullTGDs	31959			newNonFullTGDs	0		newFullTGDs	11784
nonFullTGDs	1353		fullTGDs	32048			newNonFullTGDs	0		newFullTGDs	11698
nonFullTGDs	1353		fullTGDs	32099			newNonFullTGDs	0		newFullTGDs	11650
nonFullTGDs	1353		fullTGDs	32156			newNonFullTGDs	0		newFullTGDs	11814
nonFullTGDs	1353		fullTGDs	32256			newNonFullTGDs	0		newFullTGDs	11714
nonFullTGDs	1353		fullTGDs	32356			newNonFullTGDs	0		newFullTGDs	11614
nonFullTGDs	1353		fullTGDs	32414			newNonFullTGDs	0		newFullTGDs	11564
nonFullTGDs	1353		fullTGDs	32465			newNonFullTGDs	0		newFullTGDs	11516
nonFullTGDs	1353		fullTGDs	32565			newNonFullTGDs	0		newFullTGDs	11635
nonFullTGDs	1353		fullTGDs	32665			newNonFullTGDs	0		newFullTGDs	11535
nonFullTGDs	1353		fullTGDs	32728			newNonFullTGDs	0		newFullTGDs	11479
nonFullTGDs	1353		fullTGDs	32818			newNonFullTGDs	0		newFullTGDs	11610
nonFullTGDs	1353		fullTGDs	32918			newNonFullTGDs	0		newFullTGDs	11510
nonFullTGDs	1353		fullTGDs	32990			newNonFullTGDs	0		newFullTGDs	11440
nonFullTGDs	1353		fullTGDs	33043			newNonFullTGDs	0		newFullTGDs	11394
nonFullTGDs	1353		fullTGDs	33143			newNonFullTGDs	0		newFullTGDs	11513
nonFullTGDs	1353		fullTGDs	33243			newNonFullTGDs	0		newFullTGDs	11413
nonFullTGDs	1353		fullTGDs	33305			newNonFullTGDs	0		newFullTGDs	11355
nonFullTGDs	1353		fullTGDs	33358			newNonFullTGDs	0		newFullTGDs	11308
nonFullTGDs	1353		fullTGDs	33451			newNonFullTGDs	0		newFullTGDs	11434
nonFullTGDs	1353		fullTGDs	33551			newNonFullTGDs	0		newFullTGDs	11334
nonFullTGDs	1353		fullTGDs	33619			newNonFullTGDs	0		newFullTGDs	11270
nonFullTGDs	1353		fullTGDs	33685			newNonFullTGDs	0		newFullTGDs	11430
nonFullTGDs	1353		fullTGDs	33785			newNonFullTGDs	0		newFullTGDs	11330
nonFullTGDs	1353		fullTGDs	33882			newNonFullTGDs	0		newFullTGDs	11233
nonFullTGDs	1353		fullTGDs	33936			newNonFullTGDs	0		newFullTGDs	11187
nonFullTGDs	1353		fullTGDs	34008			newNonFullTGDs	0		newFullTGDs	11336
nonFullTGDs	1353		fullTGDs	34108			newNonFullTGDs	0		newFullTGDs	11236
nonFullTGDs	1353		fullTGDs	34200			newNonFullTGDs	0		newFullTGDs	11150
nonFullTGDs	1353		fullTGDs	34262			newNonFullTGDs	0		newFullTGDs	11308
nonFullTGDs	1353		fullTGDs	34362			newNonFullTGDs	0		newFullTGDs	11208
nonFullTGDs	1353		fullTGDs	34460			newNonFullTGDs	0		newFullTGDs	11110
nonFullTGDs	1353		fullTGDs	34513			newNonFullTGDs	0		newFullTGDs	11063
nonFullTGDs	1353		fullTGDs	34595			newNonFullTGDs	0		newFullTGDs	11200
nonFullTGDs	1353		fullTGDs	34695			newNonFullTGDs	0		newFullTGDs	11100
nonFullTGDs	1353		fullTGDs	34775			newNonFullTGDs	0		newFullTGDs	11026
nonFullTGDs	1353		fullTGDs	34856			newNonFullTGDs	0		newFullTGDs	11165
nonFullTGDs	1353		fullTGDs	34956			newNonFullTGDs	0		newFullTGDs	11065
nonFullTGDs	1353		fullTGDs	35036			newNonFullTGDs	0		newFullTGDs	10986
nonFullTGDs	1353		fullTGDs	35090			newNonFullTGDs	0		newFullTGDs	10940
nonFullTGDs	1353		fullTGDs	35189			newNonFullTGDs	0		newFullTGDs	11060
nonFullTGDs	1353		fullTGDs	35289			newNonFullTGDs	0		newFullTGDs	10960
nonFullTGDs	1353		fullTGDs	35352			newNonFullTGDs	0		newFullTGDs	10903
nonFullTGDs	1353		fullTGDs	35429			newNonFullTGDs	0		newFullTGDs	11045
nonFullTGDs	1353		fullTGDs	35529			newNonFullTGDs	0		newFullTGDs	10945
nonFullTGDs	1353		fullTGDs	35614			newNonFullTGDs	0		newFullTGDs	10864
nonFullTGDs	1353		fullTGDs	35665			newNonFullTGDs	0		newFullTGDs	10815
nonFullTGDs	1353		fullTGDs	35753			newNonFullTGDs	0		newFullTGDs	10946
nonFullTGDs	1353		fullTGDs	35853			newNonFullTGDs	0		newFullTGDs	10846
nonFullTGDs	1353		fullTGDs	35928			newNonFullTGDs	0		newFullTGDs	10778
nonFullTGDs	1353		fullTGDs	35996			newNonFullTGDs	0		newFullTGDs	10929
nonFullTGDs	1353		fullTGDs	36096			newNonFullTGDs	0		newFullTGDs	10829
nonFullTGDs	1353		fullTGDs	36188			newNonFullTGDs	0		newFullTGDs	10738
nonFullTGDs	1353		fullTGDs	36250			newNonFullTGDs	0		newFullTGDs	10702
nonFullTGDs	1353		fullTGDs	36315			newNonFullTGDs	0		newFullTGDs	10858
nonFullTGDs	1353		fullTGDs	36415			newNonFullTGDs	0		newFullTGDs	10758
nonFullTGDs	1353		fullTGDs	36513			newNonFullTGDs	0		newFullTGDs	10663
nonFullTGDs	1353		fullTGDs	36565			newNonFullTGDs	0		newFullTGDs	10615
nonFullTGDs	1353		fullTGDs	36618			newNonFullTGDs	0		newFullTGDs	10568
nonFullTGDs	1353		fullTGDs	36668			newNonFullTGDs	0		newFullTGDs	10518
nonFullTGDs	1353		fullTGDs	36718			newNonFullTGDs	0		newFullTGDs	10468
nonFullTGDs	1353		fullTGDs	36768			newNonFullTGDs	0		newFullTGDs	10418
nonFullTGDs	1353		fullTGDs	36818			newNonFullTGDs	0		newFullTGDs	10368
nonFullTGDs	1353		fullTGDs	36901			newNonFullTGDs	0		newFullTGDs	10504
nonFullTGDs	1353		fullTGDs	37001			newNonFullTGDs	0		newFullTGDs	10404
nonFullTGDs	1353		fullTGDs	37079			newNonFullTGDs	0		newFullTGDs	10329
nonFullTGDs	1353		fullTGDs	37129			newNonFullTGDs	0		newFullTGDs	10279
nonFullTGDs	1353		fullTGDs	37222			newNonFullTGDs	0		newFullTGDs	10405
nonFullTGDs	1353		fullTGDs	37322			newNonFullTGDs	0		newFullTGDs	10305
nonFullTGDs	1353		fullTGDs	37390			newNonFullTGDs	0		newFullTGDs	10240
nonFullTGDs	1353		fullTGDs	37482			newNonFullTGDs	0		newFullTGDs	10367
nonFullTGDs	1353		fullTGDs	37582			newNonFullTGDs	0		newFullTGDs	10267
nonFullTGDs	1353		fullTGDs	37652			newNonFullTGDs	0		newFullTGDs	10203
nonFullTGDs	1353		fullTGDs	37705			newNonFullTGDs	0		newFullTGDs	10156
nonFullTGDs	1353		fullTGDs	37793			newNonFullTGDs	0		newFullTGDs	10287
nonFullTGDs	1353		fullTGDs	37893			newNonFullTGDs	0		newFullTGDs	10187
nonFullTGDs	1353		fullTGDs	37969			newNonFullTGDs	0		newFullTGDs	10120
nonFullTGDs	1353		fullTGDs	38034			newNonFullTGDs	0		newFullTGDs	10085
nonFullTGDs	1353		fullTGDs	38097			newNonFullTGDs	0		newFullTGDs	10048
nonFullTGDs	1353		fullTGDs	38197			newNonFullTGDs	0		newFullTGDs	10167
nonFullTGDs	1353		fullTGDs	38297			newNonFullTGDs	0		newFullTGDs	10067
nonFullTGDs	1353		fullTGDs	38358			newNonFullTGDs	0		newFullTGDs	10009
nonFullTGDs	1353		fullTGDs	38411			newNonFullTGDs	0		newFullTGDs	9962
nonFullTGDs	1353		fullTGDs	38462			newNonFullTGDs	0		newFullTGDs	9912
nonFullTGDs	1353		fullTGDs	38512			newNonFullTGDs	0		newFullTGDs	9862
nonFullTGDs	1353		fullTGDs	38562			newNonFullTGDs	0		newFullTGDs	9812
nonFullTGDs	1353		fullTGDs	38612			newNonFullTGDs	0		newFullTGDs	9762
nonFullTGDs	1353		fullTGDs	38694			newNonFullTGDs	0		newFullTGDs	9899
nonFullTGDs	1353		fullTGDs	38794			newNonFullTGDs	0		newFullTGDs	9799
nonFullTGDs	1353		fullTGDs	38874			newNonFullTGDs	0		newFullTGDs	9724
nonFullTGDs	1353		fullTGDs	38924			newNonFullTGDs	0		newFullTGDs	9893
nonFullTGDs	1353		fullTGDs	39024			newNonFullTGDs	0		newFullTGDs	9793
nonFullTGDs	1353		fullTGDs	39124			newNonFullTGDs	0		newFullTGDs	9693
nonFullTGDs	1353		fullTGDs	39186			newNonFullTGDs	0		newFullTGDs	9636
nonFullTGDs	1353		fullTGDs	39236			newNonFullTGDs	0		newFullTGDs	9587
nonFullTGDs	1353		fullTGDs	39300			newNonFullTGDs	0		newFullTGDs	9551
nonFullTGDs	1353		fullTGDs	39351			newNonFullTGDs	0		newFullTGDs	9501
nonFullTGDs	1353		fullTGDs	39401			newNonFullTGDs	0		newFullTGDs	9452
nonFullTGDs	1353		fullTGDs	39451			newNonFullTGDs	0		newFullTGDs	9402
nonFullTGDs	1353		fullTGDs	39506			newNonFullTGDs	0		newFullTGDs	9356
nonFullTGDs	1353		fullTGDs	39570			newNonFullTGDs	0		newFullTGDs	9320
nonFullTGDs	1353		fullTGDs	39634			newNonFullTGDs	0		newFullTGDs	9285
nonFullTGDs	1353		fullTGDs	39699			newNonFullTGDs	0		newFullTGDs	9250
nonFullTGDs	1353		fullTGDs	39765			newNonFullTGDs	0		newFullTGDs	9215
nonFullTGDs	1353		fullTGDs	39815			newNonFullTGDs	0		newFullTGDs	9165
nonFullTGDs	1353		fullTGDs	39865			newNonFullTGDs	0		newFullTGDs	9115
nonFullTGDs	1353		fullTGDs	39915			newNonFullTGDs	0		newFullTGDs	9065
nonFullTGDs	1353		fullTGDs	39965			newNonFullTGDs	0		newFullTGDs	9015
nonFullTGDs	1353		fullTGDs	40015			newNonFullTGDs	0		newFullTGDs	8965
nonFullTGDs	1353		fullTGDs	40065			newNonFullTGDs	0		newFullTGDs	8915
nonFullTGDs	1353		fullTGDs	40115			newNonFullTGDs	0		newFullTGDs	8865
nonFullTGDs	1353		fullTGDs	40204			newNonFullTGDs	0		newFullTGDs	8995
nonFullTGDs	1353		fullTGDs	40304			newNonFullTGDs	0		newFullTGDs	8895
nonFullTGDs	1353		fullTGDs	40377			newNonFullTGDs	0		newFullTGDs	8828
nonFullTGDs	1353		fullTGDs	40428			newNonFullTGDs	0		newFullTGDs	8779
nonFullTGDs	1353		fullTGDs	40478			newNonFullTGDs	0		newFullTGDs	8729
nonFullTGDs	1353		fullTGDs	40539			newNonFullTGDs	0		newFullTGDs	8887
nonFullTGDs	1353		fullTGDs	40639			newNonFullTGDs	0		newFullTGDs	8787
nonFullTGDs	1353		fullTGDs	40738			newNonFullTGDs	0		newFullTGDs	8688
nonFullTGDs	1353		fullTGDs	40791			newNonFullTGDs	0		newFullTGDs	8642
nonFullTGDs	1353		fullTGDs	40841			newNonFullTGDs	0		newFullTGDs	8592
nonFullTGDs	1353		fullTGDs	40891			newNonFullTGDs	0		newFullTGDs	8542
nonFullTGDs	1353		fullTGDs	40941			newNonFullTGDs	0		newFullTGDs	8492
nonFullTGDs	1353		fullTGDs	40996			newNonFullTGDs	0		newFullTGDs	8447
nonFullTGDs	1353		fullTGDs	41069			newNonFullTGDs	0		newFullTGDs	8421
nonFullTGDs	1353		fullTGDs	41141			newNonFullTGDs	0		newFullTGDs	8393
nonFullTGDs	1353		fullTGDs	41214			newNonFullTGDs	0		newFullTGDs	8364
nonFullTGDs	1353		fullTGDs	41284			newNonFullTGDs	0		newFullTGDs	8335
nonFullTGDs	1353		fullTGDs	41359			newNonFullTGDs	0		newFullTGDs	8310
nonFullTGDs	1353		fullTGDs	41434			newNonFullTGDs	0		newFullTGDs	8285
nonFullTGDs	1353		fullTGDs	41488			newNonFullTGDs	0		newFullTGDs	8238
nonFullTGDs	1353		fullTGDs	41538			newNonFullTGDs	0		newFullTGDs	8188
nonFullTGDs	1353		fullTGDs	41588			newNonFullTGDs	0		newFullTGDs	8139
nonFullTGDs	1353		fullTGDs	41648			newNonFullTGDs	0		newFullTGDs	8298
nonFullTGDs	1353		fullTGDs	41748			newNonFullTGDs	0		newFullTGDs	8198
nonFullTGDs	1353		fullTGDs	41848			newNonFullTGDs	0		newFullTGDs	8098
nonFullTGDs	1353		fullTGDs	41901			newNonFullTGDs	0		newFullTGDs	8051
nonFullTGDs	1353		fullTGDs	41951			newNonFullTGDs	0		newFullTGDs	8001
nonFullTGDs	1353		fullTGDs	42001			newNonFullTGDs	0		newFullTGDs	7951
nonFullTGDs	1353		fullTGDs	42051			newNonFullTGDs	0		newFullTGDs	7901
nonFullTGDs	1353		fullTGDs	42101			newNonFullTGDs	0		newFullTGDs	7851
nonFullTGDs	1353		fullTGDs	42151			newNonFullTGDs	0		newFullTGDs	7801
nonFullTGDs	1353		fullTGDs	42201			newNonFullTGDs	0		newFullTGDs	7751
nonFullTGDs	1353		fullTGDs	42251			newNonFullTGDs	0		newFullTGDs	7701
nonFullTGDs	1353		fullTGDs	42301			newNonFullTGDs	0		newFullTGDs	7651
nonFullTGDs	1353		fullTGDs	42390			newNonFullTGDs	0		newFullTGDs	7781
nonFullTGDs	1353		fullTGDs	42490			newNonFullTGDs	0		newFullTGDs	7681
nonFullTGDs	1353		fullTGDs	42573			newNonFullTGDs	0		newFullTGDs	7626
nonFullTGDs	1353		fullTGDs	42625			newNonFullTGDs	0		newFullTGDs	7576
nonFullTGDs	1353		fullTGDs	42675			newNonFullTGDs	0		newFullTGDs	7526
nonFullTGDs	1353		fullTGDs	42726			newNonFullTGDs	0		newFullTGDs	7476
nonFullTGDs	1353		fullTGDs	42776			newNonFullTGDs	0		newFullTGDs	7426
nonFullTGDs	1353		fullTGDs	42826			newNonFullTGDs	0		newFullTGDs	7376
nonFullTGDs	1353		fullTGDs	42876			newNonFullTGDs	0		newFullTGDs	7326
nonFullTGDs	1353		fullTGDs	42926			newNonFullTGDs	0		newFullTGDs	7276
nonFullTGDs	1353		fullTGDs	42976			newNonFullTGDs	0		newFullTGDs	7226
nonFullTGDs	1353		fullTGDs	43039			newNonFullTGDs	0		newFullTGDs	7382
nonFullTGDs	1353		fullTGDs	43139			newNonFullTGDs	0		newFullTGDs	7282
nonFullTGDs	1353		fullTGDs	43236			newNonFullTGDs	0		newFullTGDs	7186
nonFullTGDs	1353		fullTGDs	43298			newNonFullTGDs	0		newFullTGDs	7149
nonFullTGDs	1353		fullTGDs	43349			newNonFullTGDs	0		newFullTGDs	7099
nonFullTGDs	1353		fullTGDs	43399			newNonFullTGDs	0		newFullTGDs	7049
nonFullTGDs	1353		fullTGDs	43449			newNonFullTGDs	0		newFullTGDs	7000
nonFullTGDs	1353		fullTGDs	43499			newNonFullTGDs	0		newFullTGDs	6950
nonFullTGDs	1353		fullTGDs	43549			newNonFullTGDs	0		newFullTGDs	6900
nonFullTGDs	1353		fullTGDs	43599			newNonFullTGDs	0		newFullTGDs	6850
nonFullTGDs	1353		fullTGDs	43649			newNonFullTGDs	0		newFullTGDs	6800
nonFullTGDs	1353		fullTGDs	43724			newNonFullTGDs	0		newFullTGDs	6944
nonFullTGDs	1353		fullTGDs	43824			newNonFullTGDs	0		newFullTGDs	6844
nonFullTGDs	1353		fullTGDs	43912			newNonFullTGDs	0		newFullTGDs	6762
nonFullTGDs	1353		fullTGDs	43963			newNonFullTGDs	0		newFullTGDs	6931
nonFullTGDs	1353		fullTGDs	44063			newNonFullTGDs	0		newFullTGDs	6831
nonFullTGDs	1353		fullTGDs	44163			newNonFullTGDs	0		newFullTGDs	6731
nonFullTGDs	1353		fullTGDs	44228			newNonFullTGDs	0		newFullTGDs	6695
nonFullTGDs	1353		fullTGDs	44289			newNonFullTGDs	0		newFullTGDs	6853
nonFullTGDs	1353		fullTGDs	44389			newNonFullTGDs	0		newFullTGDs	6753
nonFullTGDs	1353		fullTGDs	44489			newNonFullTGDs	0		newFullTGDs	6653
nonFullTGDs	1353		fullTGDs	44549			newNonFullTGDs	0		newFullTGDs	6600
nonFullTGDs	1353		fullTGDs	44645			newNonFullTGDs	0		newFullTGDs	6723
nonFullTGDs	1353		fullTGDs	44745			newNonFullTGDs	0		newFullTGDs	6623
nonFullTGDs	1353		fullTGDs	44812			newNonFullTGDs	0		newFullTGDs	6562
nonFullTGDs	1353		fullTGDs	44862			newNonFullTGDs	0		newFullTGDs	6513
nonFullTGDs	1353		fullTGDs	44961			newNonFullTGDs	0		newFullTGDs	6633
nonFullTGDs	1353		fullTGDs	45061			newNonFullTGDs	0		newFullTGDs	6533
nonFullTGDs	1353		fullTGDs	45125			newNonFullTGDs	0		newFullTGDs	6476
nonFullTGDs	1353		fullTGDs	45202			newNonFullTGDs	0		newFullTGDs	6618
nonFullTGDs	1353		fullTGDs	45302			newNonFullTGDs	0		newFullTGDs	6518
nonFullTGDs	1353		fullTGDs	45388			newNonFullTGDs	0		newFullTGDs	6438
nonFullTGDs	1353		fullTGDs	45443			newNonFullTGDs	0		newFullTGDs	6603
nonFullTGDs	1353		fullTGDs	45543			newNonFullTGDs	0		newFullTGDs	6503
nonFullTGDs	1353		fullTGDs	45643			newNonFullTGDs	0		newFullTGDs	6403
nonFullTGDs	1353		fullTGDs	45701			newNonFullTGDs	0		newFullTGDs	6352
nonFullTGDs	1353		fullTGDs	45762			newNonFullTGDs	0		newFullTGDs	6511
nonFullTGDs	1353		fullTGDs	45862			newNonFullTGDs	0		newFullTGDs	6411
nonFullTGDs	1353		fullTGDs	45961			newNonFullTGDs	0		newFullTGDs	6312
nonFullTGDs	1353		fullTGDs	46017			newNonFullTGDs	0		newFullTGDs	6268
nonFullTGDs	1353		fullTGDs	46088			newNonFullTGDs	0		newFullTGDs	6417
nonFullTGDs	1353		fullTGDs	46188			newNonFullTGDs	0		newFullTGDs	6317
nonFullTGDs	1353		fullTGDs	46277			newNonFullTGDs	0		newFullTGDs	6228
nonFullTGDs	1353		fullTGDs	46331			newNonFullTGDs	0		newFullTGDs	6182
nonFullTGDs	1353		fullTGDs	46403			newNonFullTGDs	0		newFullTGDs	6329
nonFullTGDs	1353		fullTGDs	46503			newNonFullTGDs	0		newFullTGDs	6229
nonFullTGDs	1353		fullTGDs	46591			newNonFullTGDs	0		newFullTGDs	6142
nonFullTGDs	1353		fullTGDs	46644			newNonFullTGDs	0		newFullTGDs	6095
nonFullTGDs	1353		fullTGDs	46694			newNonFullTGDs	0		newFullTGDs	6045
nonFullTGDs	1353		fullTGDs	46745			newNonFullTGDs	0		newFullTGDs	5995
nonFullTGDs	1353		fullTGDs	46795			newNonFullTGDs	0		newFullTGDs	5946
nonFullTGDs	1353		fullTGDs	46845			newNonFullTGDs	0		newFullTGDs	5896
nonFullTGDs	1353		fullTGDs	46908			newNonFullTGDs	0		newFullTGDs	5858
nonFullTGDs	1353		fullTGDs	46974			newNonFullTGDs	0		newFullTGDs	6016
nonFullTGDs	1353		fullTGDs	47074			newNonFullTGDs	0		newFullTGDs	5916
nonFullTGDs	1353		fullTGDs	47170			newNonFullTGDs	0		newFullTGDs	5821
nonFullTGDs	1353		fullTGDs	47223			newNonFullTGDs	0		newFullTGDs	5774
nonFullTGDs	1353		fullTGDs	47273			newNonFullTGDs	0		newFullTGDs	5724
nonFullTGDs	1353		fullTGDs	47323			newNonFullTGDs	0		newFullTGDs	5674
nonFullTGDs	1353		fullTGDs	47411			newNonFullTGDs	0		newFullTGDs	5805
nonFullTGDs	1353		fullTGDs	47511			newNonFullTGDs	0		newFullTGDs	5705
nonFullTGDs	1353		fullTGDs	47586			newNonFullTGDs	0		newFullTGDs	5637
nonFullTGDs	1353		fullTGDs	47652			newNonFullTGDs	0		newFullTGDs	5790
nonFullTGDs	1353		fullTGDs	47752			newNonFullTGDs	0		newFullTGDs	5690
nonFullTGDs	1353		fullTGDs	47847			newNonFullTGDs	0		newFullTGDs	5599
nonFullTGDs	1353		fullTGDs	47899			newNonFullTGDs	0		newFullTGDs	5550
nonFullTGDs	1353		fullTGDs	47949			newNonFullTGDs	0		newFullTGDs	5500
nonFullTGDs	1353		fullTGDs	48020			newNonFullTGDs	0		newFullTGDs	5648
nonFullTGDs	1353		fullTGDs	48120			newNonFullTGDs	0		newFullTGDs	5548
nonFullTGDs	1353		fullTGDs	48210			newNonFullTGDs	0		newFullTGDs	5462
nonFullTGDs	1353		fullTGDs	48264			newNonFullTGDs	0		newFullTGDs	5630
nonFullTGDs	1353		fullTGDs	48364			newNonFullTGDs	0		newFullTGDs	5530
nonFullTGDs	1353		fullTGDs	48464			newNonFullTGDs	0		newFullTGDs	5430
nonFullTGDs	1353		fullTGDs	48525			newNonFullTGDs	0		newFullTGDs	5376
nonFullTGDs	1353		fullTGDs	48605			newNonFullTGDs	0		newFullTGDs	5515
nonFullTGDs	1353		fullTGDs	48705			newNonFullTGDs	0		newFullTGDs	5415
nonFullTGDs	1353		fullTGDs	48787			newNonFullTGDs	0		newFullTGDs	5338
nonFullTGDs	1353		fullTGDs	48838			newNonFullTGDs	0		newFullTGDs	5289
nonFullTGDs	1353		fullTGDs	48931			newNonFullTGDs	0		newFullTGDs	5415
nonFullTGDs	1353		fullTGDs	49031			newNonFullTGDs	0		newFullTGDs	5315
nonFullTGDs	1353		fullTGDs	49101			newNonFullTGDs	0		newFullTGDs	5251
nonFullTGDs	1353		fullTGDs	49188			newNonFullTGDs	0		newFullTGDs	5384
nonFullTGDs	1353		fullTGDs	49288			newNonFullTGDs	0		newFullTGDs	5284
nonFullTGDs	1353		fullTGDs	49364			newNonFullTGDs	0		newFullTGDs	5215
nonFullTGDs	1353		fullTGDs	49415			newNonFullTGDs	0		newFullTGDs	5165
nonFullTGDs	1353		fullTGDs	49512			newNonFullTGDs	0		newFullTGDs	5287
nonFullTGDs	1353		fullTGDs	49612			newNonFullTGDs	0		newFullTGDs	5187
nonFullTGDs	1353		fullTGDs	49688			newNonFullTGDs	0		newFullTGDs	5138
nonFullTGDs	1353		fullTGDs	49738			newNonFullTGDs	0		newFullTGDs	5089
nonFullTGDs	1353		fullTGDs	49788			newNonFullTGDs	0		newFullTGDs	5039
nonFullTGDs	1353		fullTGDs	49838			newNonFullTGDs	0		newFullTGDs	4989
nonFullTGDs	1353		fullTGDs	49920			newNonFullTGDs	0		newFullTGDs	5126
nonFullTGDs	1353		fullTGDs	50020			newNonFullTGDs	0		newFullTGDs	5026
nonFullTGDs	1353		fullTGDs	50101			newNonFullTGDs	0		newFullTGDs	4952
nonFullTGDs	1353		fullTGDs	50181			newNonFullTGDs	0		newFullTGDs	5091
nonFullTGDs	1353		fullTGDs	50281			newNonFullTGDs	0		newFullTGDs	4991
nonFullTGDs	1353		fullTGDs	50364			newNonFullTGDs	0		newFullTGDs	4914
nonFullTGDs	1353		fullTGDs	50414			newNonFullTGDs	0		newFullTGDs	4865
nonFullTGDs	1353		fullTGDs	50464			newNonFullTGDs	0		newFullTGDs	4815
nonFullTGDs	1353		fullTGDs	50514			newNonFullTGDs	0		newFullTGDs	4765
nonFullTGDs	1353		fullTGDs	50613			newNonFullTGDs	0		newFullTGDs	4885
nonFullTGDs	1353		fullTGDs	50713			newNonFullTGDs	0		newFullTGDs	4785
nonFullTGDs	1353		fullTGDs	50777			newNonFullTGDs	0		newFullTGDs	4728
nonFullTGDs	1353		fullTGDs	50859			newNonFullTGDs	0		newFullTGDs	4865
nonFullTGDs	1353		fullTGDs	50959			newNonFullTGDs	0		newFullTGDs	4765
nonFullTGDs	1353		fullTGDs	51040			newNonFullTGDs	0		newFullTGDs	4690
nonFullTGDs	1353		fullTGDs	51090			newNonFullTGDs	0		newFullTGDs	4641
nonFullTGDs	1353		fullTGDs	51174			newNonFullTGDs	0		newFullTGDs	4777
nonFullTGDs	1353		fullTGDs	51274			newNonFullTGDs	0		newFullTGDs	4677
nonFullTGDs	1353		fullTGDs	51353			newNonFullTGDs	0		newFullTGDs	4604
nonFullTGDs	1353		fullTGDs	51404			newNonFullTGDs	0		newFullTGDs	4554
nonFullTGDs	1353		fullTGDs	51454			newNonFullTGDs	0		newFullTGDs	4504
nonFullTGDs	1353		fullTGDs	51504			newNonFullTGDs	0		newFullTGDs	4454
nonFullTGDs	1353		fullTGDs	51554			newNonFullTGDs	0		newFullTGDs	4404
nonFullTGDs	1353		fullTGDs	51615			newNonFullTGDs	0		newFullTGDs	4562
nonFullTGDs	1353		fullTGDs	51715			newNonFullTGDs	0		newFullTGDs	4462
nonFullTGDs	1353		fullTGDs	51813			newNonFullTGDs	0		newFullTGDs	4364
nonFullTGDs	1353		fullTGDs	51878			newNonFullTGDs	0		newFullTGDs	4328
nonFullTGDs	1353		fullTGDs	51941			newNonFullTGDs	0		newFullTGDs	4292
nonFullTGDs	1353		fullTGDs	52037			newNonFullTGDs	0		newFullTGDs	4415
nonFullTGDs	1353		fullTGDs	52137			newNonFullTGDs	0		newFullTGDs	4315
nonFullTGDs	1353		fullTGDs	52204			newNonFullTGDs	0		newFullTGDs	4255
nonFullTGDs	1353		fullTGDs	52255			newNonFullTGDs	0		newFullTGDs	4205
nonFullTGDs	1353		fullTGDs	52345			newNonFullTGDs	0		newFullTGDs	4334
nonFullTGDs	1353		fullTGDs	52445			newNonFullTGDs	0		newFullTGDs	4234
nonFullTGDs	1353		fullTGDs	52518			newNonFullTGDs	0		newFullTGDs	4168
nonFullTGDs	1353		fullTGDs	52568			newNonFullTGDs	0		newFullTGDs	4118
nonFullTGDs	1353		fullTGDs	52618			newNonFullTGDs	0		newFullTGDs	4068
nonFullTGDs	1353		fullTGDs	52706			newNonFullTGDs	0		newFullTGDs	4199
nonFullTGDs	1353		fullTGDs	52806			newNonFullTGDs	0		newFullTGDs	4099
nonFullTGDs	1353		fullTGDs	52881			newNonFullTGDs	0		newFullTGDs	4031
nonFullTGDs	1353		fullTGDs	52932			newNonFullTGDs	0		newFullTGDs	4200
nonFullTGDs	1353		fullTGDs	53032			newNonFullTGDs	0		newFullTGDs	4100
nonFullTGDs	1353		fullTGDs	53132			newNonFullTGDs	0		newFullTGDs	4000
nonFullTGDs	1353		fullTGDs	53194			newNonFullTGDs	0		newFullTGDs	3945
nonFullTGDs	1353		fullTGDs	53249			newNonFullTGDs	0		newFullTGDs	3900
nonFullTGDs	1353		fullTGDs	53332			newNonFullTGDs	0		newFullTGDs	4036
nonFullTGDs	1353		fullTGDs	53432			newNonFullTGDs	0		newFullTGDs	3936
nonFullTGDs	1353		fullTGDs	53512			newNonFullTGDs	0		newFullTGDs	3862
nonFullTGDs	1353		fullTGDs	53563			newNonFullTGDs	0		newFullTGDs	3813
nonFullTGDs	1353		fullTGDs	53621			newNonFullTGDs	0		newFullTGDs	3784
nonFullTGDs	1353		fullTGDs	53678			newNonFullTGDs	0		newFullTGDs	3728
nonFullTGDs	1353		fullTGDs	53771			newNonFullTGDs	0		newFullTGDs	3854
nonFullTGDs	1353		fullTGDs	53871			newNonFullTGDs	0		newFullTGDs	3754
nonFullTGDs	1353		fullTGDs	53941			newNonFullTGDs	0		newFullTGDs	3691
nonFullTGDs	1353		fullTGDs	54031			newNonFullTGDs	0		newFullTGDs	3820
nonFullTGDs	1353		fullTGDs	54131			newNonFullTGDs	0		newFullTGDs	3720
nonFullTGDs	1353		fullTGDs	54203			newNonFullTGDs	0		newFullTGDs	3654
nonFullTGDs	1353		fullTGDs	54254			newNonFullTGDs	0		newFullTGDs	3605
nonFullTGDs	1353		fullTGDs	54304			newNonFullTGDs	0		newFullTGDs	3555
nonFullTGDs	1353		fullTGDs	54354			newNonFullTGDs	0		newFullTGDs	3505
nonFullTGDs	1353		fullTGDs	54414			newNonFullTGDs	0		newFullTGDs	3664
nonFullTGDs	1353		fullTGDs	54514			newNonFullTGDs	0		newFullTGDs	3564
nonFullTGDs	1353		fullTGDs	54614			newNonFullTGDs	0		newFullTGDs	3464
nonFullTGDs	1353		fullTGDs	54667			newNonFullTGDs	0		newFullTGDs	3418
nonFullTGDs	1353		fullTGDs	54757			newNonFullTGDs	0		newFullTGDs	3547
nonFullTGDs	1353		fullTGDs	54857			newNonFullTGDs	0		newFullTGDs	3447
nonFullTGDs	1353		fullTGDs	54930			newNonFullTGDs	0		newFullTGDs	3380
nonFullTGDs	1353		fullTGDs	54980			newNonFullTGDs	0		newFullTGDs	3331
nonFullTGDs	1353		fullTGDs	55067			newNonFullTGDs	0		newFullTGDs	3463
nonFullTGDs	1353		fullTGDs	55167			newNonFullTGDs	0		newFullTGDs	3363
nonFullTGDs	1353		fullTGDs	55246			newNonFullTGDs	0		newFullTGDs	3312
nonFullTGDs	1353		fullTGDs	55307			newNonFullTGDs	0		newFullTGDs	3471
nonFullTGDs	1353		fullTGDs	55407			newNonFullTGDs	0		newFullTGDs	3371
nonFullTGDs	1353		fullTGDs	55507			newNonFullTGDs	0		newFullTGDs	3271
nonFullTGDs	1353		fullTGDs	55567			newNonFullTGDs	0		newFullTGDs	3218
nonFullTGDs	1353		fullTGDs	55628			newNonFullTGDs	0		newFullTGDs	3179
nonFullTGDs	1353		fullTGDs	55678			newNonFullTGDs	0		newFullTGDs	3129
nonFullTGDs	1353		fullTGDs	55728			newNonFullTGDs	0		newFullTGDs	3079
nonFullTGDs	1353		fullTGDs	55784			newNonFullTGDs	0		newFullTGDs	3242
nonFullTGDs	1353		fullTGDs	55884			newNonFullTGDs	0		newFullTGDs	3142
nonFullTGDs	1353		fullTGDs	55984			newNonFullTGDs	0		newFullTGDs	3042
nonFullTGDs	1353		fullTGDs	56041			newNonFullTGDs	0		newFullTGDs	2992
nonFullTGDs	1353		fullTGDs	56103			newNonFullTGDs	0		newFullTGDs	3150
nonFullTGDs	1353		fullTGDs	56203			newNonFullTGDs	0		newFullTGDs	3050
nonFullTGDs	1353		fullTGDs	56301			newNonFullTGDs	0		newFullTGDs	2952
nonFullTGDs	1353		fullTGDs	56355			newNonFullTGDs	0		newFullTGDs	2905
nonFullTGDs	1353		fullTGDs	56424			newNonFullTGDs	0		newFullTGDs	3055
nonFullTGDs	1353		fullTGDs	56524			newNonFullTGDs	0		newFullTGDs	2955
nonFullTGDs	1353		fullTGDs	56617			newNonFullTGDs	0		newFullTGDs	2868
nonFullTGDs	1353		fullTGDs	56668			newNonFullTGDs	0		newFullTGDs	2818
nonFullTGDs	1353		fullTGDs	56755			newNonFullTGDs	0		newFullTGDs	2950
nonFullTGDs	1353		fullTGDs	56855			newNonFullTGDs	0		newFullTGDs	2850
nonFullTGDs	1353		fullTGDs	56931			newNonFullTGDs	0		newFullTGDs	2781
nonFullTGDs	1353		fullTGDs	56988			newNonFullTGDs	0		newFullTGDs	2943
nonFullTGDs	1353		fullTGDs	57088			newNonFullTGDs	0		newFullTGDs	2843
nonFullTGDs	1353		fullTGDs	57188			newNonFullTGDs	0		newFullTGDs	2743
nonFullTGDs	1353		fullTGDs	57244			newNonFullTGDs	0		newFullTGDs	2694
nonFullTGDs	1353		fullTGDs	57322			newNonFullTGDs	0		newFullTGDs	2835
nonFullTGDs	1353		fullTGDs	57422			newNonFullTGDs	0		newFullTGDs	2735
nonFullTGDs	1353		fullTGDs	57506			newNonFullTGDs	0		newFullTGDs	2656
nonFullTGDs	1353		fullTGDs	57557			newNonFullTGDs	0		newFullTGDs	2607
nonFullTGDs	1353		fullTGDs	57652			newNonFullTGDs	0		newFullTGDs	2731
nonFullTGDs	1353		fullTGDs	57752			newNonFullTGDs	0		newFullTGDs	2631
nonFullTGDs	1353		fullTGDs	57819			newNonFullTGDs	0		newFullTGDs	2570
nonFullTGDs	1353		fullTGDs	57870			newNonFullTGDs	0		newFullTGDs	2520
nonFullTGDs	1353		fullTGDs	57952			newNonFullTGDs	0		newFullTGDs	2657
nonFullTGDs	1353		fullTGDs	58052			newNonFullTGDs	0		newFullTGDs	2557
nonFullTGDs	1353		fullTGDs	58133			newNonFullTGDs	0		newFullTGDs	2483
nonFullTGDs	1353		fullTGDs	58183			newNonFullTGDs	0		newFullTGDs	2434
nonFullTGDs	1353		fullTGDs	58275			newNonFullTGDs	0		newFullTGDs	2561
nonFullTGDs	1353		fullTGDs	58375			newNonFullTGDs	0		newFullTGDs	2461
nonFullTGDs	1353		fullTGDs	58446			newNonFullTGDs	0		newFullTGDs	2397
nonFullTGDs	1353		fullTGDs	58530			newNonFullTGDs	0		newFullTGDs	2532
nonFullTGDs	1353		fullTGDs	58630			newNonFullTGDs	0		newFullTGDs	2432
nonFullTGDs	1353		fullTGDs	58709			newNonFullTGDs	0		newFullTGDs	2359
nonFullTGDs	1353		fullTGDs	58770			newNonFullTGDs	0		newFullTGDs	2321
nonFullTGDs	1353		fullTGDs	58834			newNonFullTGDs	0		newFullTGDs	2285
nonFullTGDs	1353		fullTGDs	58887			newNonFullTGDs	0		newFullTGDs	2237
nonFullTGDs	1353		fullTGDs	58952			newNonFullTGDs	0		newFullTGDs	2203
nonFullTGDs	1353		fullTGDs	59031			newNonFullTGDs	0		newFullTGDs	2345
nonFullTGDs	1353		fullTGDs	59131			newNonFullTGDs	0		newFullTGDs	2245
nonFullTGDs	1353		fullTGDs	59216			newNonFullTGDs	0		newFullTGDs	2166
nonFullTGDs	1353		fullTGDs	59266			newNonFullTGDs	0		newFullTGDs	2117
nonFullTGDs	1353		fullTGDs	59335			newNonFullTGDs	0		newFullTGDs	2267
nonFullTGDs	1353		fullTGDs	59435			newNonFullTGDs	0		newFullTGDs	2167
nonFullTGDs	1353		fullTGDs	59529			newNonFullTGDs	0		newFullTGDs	2079
nonFullTGDs	1353		fullTGDs	59591			newNonFullTGDs	0		newFullTGDs	2042
nonFullTGDs	1353		fullTGDs	59672			newNonFullTGDs	0		newFullTGDs	2180
nonFullTGDs	1353		fullTGDs	59772			newNonFullTGDs	0		newFullTGDs	2080
nonFullTGDs	1353		fullTGDs	59854			newNonFullTGDs	0		newFullTGDs	2004
nonFullTGDs	1353		fullTGDs	59915			newNonFullTGDs	0		newFullTGDs	1966
nonFullTGDs	1353		fullTGDs	59996			newNonFullTGDs	0		newFullTGDs	2104
nonFullTGDs	1353		fullTGDs	60096			newNonFullTGDs	0		newFullTGDs	2004
nonFullTGDs	1353		fullTGDs	60178			newNonFullTGDs	0		newFullTGDs	1928
nonFullTGDs	1353		fullTGDs	60228			newNonFullTGDs	0		newFullTGDs	1879
nonFullTGDs	1353		fullTGDs	60278			newNonFullTGDs	0		newFullTGDs	1829
nonFullTGDs	1353		fullTGDs	60329			newNonFullTGDs	0		newFullTGDs	1780
nonFullTGDs	1353		fullTGDs	60389			newNonFullTGDs	0		newFullTGDs	1939
nonFullTGDs	1353		fullTGDs	60489			newNonFullTGDs	0		newFullTGDs	1839
nonFullTGDs	1353		fullTGDs	60589			newNonFullTGDs	0		newFullTGDs	1739
nonFullTGDs	1353		fullTGDs	60642			newNonFullTGDs	0		newFullTGDs	1693
nonFullTGDs	1353		fullTGDs	60692			newNonFullTGDs	0		newFullTGDs	1643
nonFullTGDs	1353		fullTGDs	60779			newNonFullTGDs	0		newFullTGDs	1775
nonFullTGDs	1353		fullTGDs	60879			newNonFullTGDs	0		newFullTGDs	1675
nonFullTGDs	1353		fullTGDs	60955			newNonFullTGDs	0		newFullTGDs	1605
nonFullTGDs	1353		fullTGDs	61007			newNonFullTGDs	0		newFullTGDs	1557
nonFullTGDs	1353		fullTGDs	61065			newNonFullTGDs	0		newFullTGDs	1517
nonFullTGDs	1353		fullTGDs	61119			newNonFullTGDs	0		newFullTGDs	1469
nonFullTGDs	1353		fullTGDs	61169			newNonFullTGDs	0		newFullTGDs	1420
nonFullTGDs	1353		fullTGDs	61220			newNonFullTGDs	0		newFullTGDs	1370
nonFullTGDs	1353		fullTGDs	61286			newNonFullTGDs	0		newFullTGDs	1523
nonFullTGDs	1353		fullTGDs	61386			newNonFullTGDs	0		newFullTGDs	1423
nonFullTGDs	1353		fullTGDs	61479			newNonFullTGDs	0		newFullTGDs	1330
nonFullTGDs	1353		fullTGDs	61533			newNonFullTGDs	0		newFullTGDs	1283
nonFullTGDs	1353		fullTGDs	61585			newNonFullTGDs	0		newFullTGDs	1235
nonFullTGDs	1353		fullTGDs	61637			newNonFullTGDs	0		newFullTGDs	1402
nonFullTGDs	1353		fullTGDs	61737			newNonFullTGDs	0		newFullTGDs	1302
nonFullTGDs	1353		fullTGDs	61837			newNonFullTGDs	0		newFullTGDs	1202
nonFullTGDs	1353		fullTGDs	61898			newNonFullTGDs	0		newFullTGDs	1148
nonFullTGDs	1353		fullTGDs	61949			newNonFullTGDs	0		newFullTGDs	1100
nonFullTGDs	1353		fullTGDs	62044			newNonFullTGDs	0		newFullTGDs	1224
nonFullTGDs	1353		fullTGDs	62144			newNonFullTGDs	0		newFullTGDs	1124
nonFullTGDs	1353		fullTGDs	62212			newNonFullTGDs	0		newFullTGDs	1063
nonFullTGDs	1353		fullTGDs	62282			newNonFullTGDs	0		newFullTGDs	1215
nonFullTGDs	1353		fullTGDs	62382			newNonFullTGDs	0		newFullTGDs	1115
nonFullTGDs	1353		fullTGDs	62475			newNonFullTGDs	0		newFullTGDs	1025
nonFullTGDs	1353		fullTGDs	62527			newNonFullTGDs	0		newFullTGDs	977
nonFullTGDs	1353		fullTGDs	62577			newNonFullTGDs	0		newFullTGDs	927
nonFullTGDs	1353		fullTGDs	62627			newNonFullTGDs	0		newFullTGDs	878
nonFullTGDs	1353		fullTGDs	62710			newNonFullTGDs	0		newFullTGDs	1014
nonFullTGDs	1353		fullTGDs	62810			newNonFullTGDs	0		newFullTGDs	914
nonFullTGDs	1353		fullTGDs	62890			newNonFullTGDs	0		newFullTGDs	840
nonFullTGDs	1353		fullTGDs	62940			newNonFullTGDs	0		newFullTGDs	791
nonFullTGDs	1353		fullTGDs	62992			newNonFullTGDs	0		newFullTGDs	743
nonFullTGDs	1353		fullTGDs	63043			newNonFullTGDs	0		newFullTGDs	694
nonFullTGDs	1353		fullTGDs	63093			newNonFullTGDs	0		newFullTGDs	644
nonFullTGDs	1353		fullTGDs	63143			newNonFullTGDs	0		newFullTGDs	594
nonFullTGDs	1353		fullTGDs	63194			newNonFullTGDs	0		newFullTGDs	545
nonFullTGDs	1353		fullTGDs	63244			newNonFullTGDs	0		newFullTGDs	495
nonFullTGDs	1353		fullTGDs	63329			newNonFullTGDs	0		newFullTGDs	629
nonFullTGDs	1353		fullTGDs	63429			newNonFullTGDs	0		newFullTGDs	529
nonFullTGDs	1353		fullTGDs	63507			newNonFullTGDs	0		newFullTGDs	457
nonFullTGDs	1353		fullTGDs	63559			newNonFullTGDs	0		newFullTGDs	627
nonFullTGDs	1353		fullTGDs	63659			newNonFullTGDs	0		newFullTGDs	527
nonFullTGDs	1353		fullTGDs	63759			newNonFullTGDs	0		newFullTGDs	427
nonFullTGDs	1353		fullTGDs	63821			newNonFullTGDs	0		newFullTGDs	372
nonFullTGDs	1353		fullTGDs	63877			newNonFullTGDs	0		newFullTGDs	327
nonFullTGDs	1353		fullTGDs	63939			newNonFullTGDs	0		newFullTGDs	289
nonFullTGDs	1353		fullTGDs	63993			newNonFullTGDs	0		newFullTGDs	243
nonFullTGDs	1353		fullTGDs	64046			newNonFullTGDs	0		newFullTGDs	412
nonFullTGDs	1353		fullTGDs	64146			newNonFullTGDs	0		newFullTGDs	312
nonFullTGDs	1353		fullTGDs	64246			newNonFullTGDs	0		newFullTGDs	212
nonFullTGDs	1353		fullTGDs	64318			newNonFullTGDs	0		newFullTGDs	168
nonFullTGDs	1353		fullTGDs	64370			newNonFullTGDs	0		newFullTGDs	120
nonFullTGDs	1353		fullTGDs	64420			newNonFullTGDs	0		newFullTGDs	70
nonFullTGDs	1353		fullTGDs	64470			newNonFullTGDs	0		newFullTGDs	20
Dec 09, 2021 11:40:45 PM uk.ac.ox.cs.gsat.SaturationStatistics log
INFO: # initial TGDs: 2742 , 446
Dec 09, 2021 11:40:45 PM uk.ac.ox.cs.gsat.SaturationStatistics log
INFO: SkSat total time : 5757 ms = 5.76 s
Dec 09, 2021 11:40:45 PM uk.ac.ox.cs.gsat.SaturationStatistics log
INFO: Subsumed elements : 19154
Dec 09, 2021 11:40:45 PM uk.ac.ox.cs.gsat.SaturationStatistics log
INFO: Filter discarded elements : 13635433
Dec 09, 2021 11:40:45 PM uk.ac.ox.cs.gsat.SaturationStatistics log
INFO: subsumption time: 3013 ms = 3.01 s
Dec 09, 2021 11:40:45 PM uk.ac.ox.cs.gsat.SaturationStatistics log
INFO: forward subsumption time: 1762 ms = 1.76 s
Dec 09, 2021 11:40:45 PM uk.ac.ox.cs.gsat.SaturationStatistics log
INFO: backward subsumption time: 1251 ms = 1.25 s
Dec 09, 2021 11:40:45 PM uk.ac.ox.cs.gsat.SaturationStatistics log
INFO: Derived full/non full TGDs: 80660 , 1340
Dec 09, 2021 11:40:45 PM uk.ac.ox.cs.gsat.SaturationStatistics log
INFO: discarded tautology count: 191
Dec 09, 2021 11:40:45 PM uk.ac.ox.cs.gsat.EvolveStatistics log
INFO: Stop because subsumed: 18260
Dec 09, 2021 11:40:45 PM uk.ac.ox.cs.gsat.EvolveStatistics log
INFO: evolved equals to current: 0
Dec 09, 2021 11:40:45 PM uk.ac.ox.cs.gsat.EvolveStatistics log
INFO: evolved time: 1206 ms = 1.21 s
Dec 09, 2021 11:40:45 PM uk.ac.ox.cs.gsat.EvolveStatistics log
INFO: evolve count: 82219
Dec 09, 2021 11:40:45 PM uk.ac.ox.cs.gsat.SkolemStatistics log
INFO: maximum number of Skolem atoms in body: 1
Dec 09, 2021 11:40:45 PM uk.ac.ox.cs.gsat.SkolemStatistics log
INFO: left derived TGD with Skolem in the body: 0
Dec 09, 2021 11:40:45 PM uk.ac.ox.cs.gsat.SkolemStatistics log
INFO: right derived TGD with Skolem in the body: 62031
Dec 09, 2021 11:40:45 PM uk.ac.ox.cs.gsat.SkolemStatistics log
INFO: derived TGD with more than two Skolem atoms in the body: 0
Dec 09, 2021 11:40:45 PM uk.ac.ox.cs.gsat.AbstractSaturation run
INFO: ouptput full TGDs not contained in the input: 18432
Dec 09, 2021 11:40:45 PM uk.ac.ox.cs.gsat.App executeAllSteps
INFO: Rewriting completed!
Full TGD saturation: (21174 dependecies)
Dec 09, 2021 11:40:45 PM uk.ac.ox.cs.gsat.App executeAllSteps
INFO: Writing the saturation in the Datalog file 00597.rul
