Starting Saturation...
Executing from DLGP files
SLF4J: Failed to load class "org.slf4j.impl.StaticLoggerBinder".
SLF4J: Defaulting to no-operation (NOP) logger implementation
SLF4J: See http://www.slf4j.org/codes.html#StaticLoggerBinder for further details.
# Rules: 226; # Atoms: 0; # AtomSets: 0; # Queries: 0; # Constraints: 0
Full TGD saturation algorithm: Skolem Sat
Running SkSat...
Dec 10, 2021 12:29:55 AM uk.ac.ox.cs.gsat.AbstractSaturation run
INFO: SkSat discarded rules : 0/226 = 0.000%
SkSat discarded rules : 0/226 = 0.000%
Dec 10, 2021 12:29:55 AM uk.ac.ox.cs.gsat.AbstractSaturation run
INFO: Subsumption method : tree_predicate
length of the formulas: 2.1032863
number of bags: 4
length of the formulas: 2.1032863
number of bags: 4
nonFullTGDs	0		fullTGDs	148			newNonFullTGDs	278		newFullTGDs	0
nonFullTGDs	100		fullTGDs	148			newNonFullTGDs	226		newFullTGDs	394
nonFullTGDs	200		fullTGDs	148			newNonFullTGDs	169		newFullTGDs	721
nonFullTGDs	300		fullTGDs	148			newNonFullTGDs	113		newFullTGDs	1046
nonFullTGDs	400		fullTGDs	148			newNonFullTGDs	53		newFullTGDs	1593
nonFullTGDs	480		fullTGDs	168			newNonFullTGDs	0		newFullTGDs	2103
nonFullTGDs	484		fullTGDs	264			newNonFullTGDs	0		newFullTGDs	2007
nonFullTGDs	487		fullTGDs	361			newNonFullTGDs	0		newFullTGDs	1910
nonFullTGDs	488		fullTGDs	460			newNonFullTGDs	0		newFullTGDs	1811
nonFullTGDs	491		fullTGDs	557			newNonFullTGDs	0		newFullTGDs	1714
nonFullTGDs	493		fullTGDs	655			newNonFullTGDs	0		newFullTGDs	1616
nonFullTGDs	496		fullTGDs	752			newNonFullTGDs	0		newFullTGDs	1519
nonFullTGDs	497		fullTGDs	851			newNonFullTGDs	0		newFullTGDs	1420
nonFullTGDs	497		fullTGDs	951			newNonFullTGDs	0		newFullTGDs	1320
nonFullTGDs	497		fullTGDs	1051			newNonFullTGDs	0		newFullTGDs	1220
nonFullTGDs	497		fullTGDs	1151			newNonFullTGDs	0		newFullTGDs	1120
nonFullTGDs	497		fullTGDs	1251			newNonFullTGDs	0		newFullTGDs	1020
nonFullTGDs	497		fullTGDs	1351			newNonFullTGDs	0		newFullTGDs	920
nonFullTGDs	497		fullTGDs	1451			newNonFullTGDs	0		newFullTGDs	820
nonFullTGDs	503		fullTGDs	1545			newNonFullTGDs	0		newFullTGDs	726
nonFullTGDs	507		fullTGDs	1641			newNonFullTGDs	0		newFullTGDs	630
nonFullTGDs	510		fullTGDs	1738			newNonFullTGDs	0		newFullTGDs	533
nonFullTGDs	513		fullTGDs	1835			newNonFullTGDs	0		newFullTGDs	436
nonFullTGDs	513		fullTGDs	1935			newNonFullTGDs	0		newFullTGDs	336
nonFullTGDs	513		fullTGDs	2035			newNonFullTGDs	0		newFullTGDs	236
nonFullTGDs	513		fullTGDs	2135			newNonFullTGDs	0		newFullTGDs	136
nonFullTGDs	513		fullTGDs	2235			newNonFullTGDs	0		newFullTGDs	36
Dec 10, 2021 12:29:55 AM uk.ac.ox.cs.gsat.SaturationStatistics log
INFO: # initial TGDs: 148 , 278
Dec 10, 2021 12:29:55 AM uk.ac.ox.cs.gsat.SaturationStatistics log
INFO: SkSat total time : 411 ms = 0.41 s
Dec 10, 2021 12:29:55 AM uk.ac.ox.cs.gsat.SaturationStatistics log
INFO: Subsumed elements : 243
Dec 10, 2021 12:29:55 AM uk.ac.ox.cs.gsat.SaturationStatistics log
INFO: Filter discarded elements : 160562
Dec 10, 2021 12:29:55 AM uk.ac.ox.cs.gsat.SaturationStatistics log
INFO: subsumption time: 86 ms = 0.09 s
Dec 10, 2021 12:29:55 AM uk.ac.ox.cs.gsat.SaturationStatistics log
INFO: forward subsumption time: 67 ms = 0.07 s
Dec 10, 2021 12:29:55 AM uk.ac.ox.cs.gsat.SaturationStatistics log
INFO: backward subsumption time: 19 ms = 0.02 s
Dec 10, 2021 12:29:55 AM uk.ac.ox.cs.gsat.SaturationStatistics log
INFO: Derived full/non full TGDs: 2209 , 436
Dec 10, 2021 12:29:55 AM uk.ac.ox.cs.gsat.SaturationStatistics log
INFO: discarded tautology count: 44
Dec 10, 2021 12:29:55 AM uk.ac.ox.cs.gsat.EvolveStatistics log
INFO: Stop because subsumed: 34
Dec 10, 2021 12:29:55 AM uk.ac.ox.cs.gsat.EvolveStatistics log
INFO: evolved equals to current: 0
Dec 10, 2021 12:29:55 AM uk.ac.ox.cs.gsat.EvolveStatistics log
INFO: evolved time: 106 ms = 0.11 s
Dec 10, 2021 12:29:55 AM uk.ac.ox.cs.gsat.EvolveStatistics log
INFO: evolve count: 3482
Dec 10, 2021 12:29:55 AM uk.ac.ox.cs.gsat.SkolemStatistics log
INFO: maximum number of Skolem atoms in body: 1
Dec 10, 2021 12:29:55 AM uk.ac.ox.cs.gsat.SkolemStatistics log
INFO: left derived TGD with Skolem in the body: 0
Dec 10, 2021 12:29:55 AM uk.ac.ox.cs.gsat.SkolemStatistics log
INFO: right derived TGD with Skolem in the body: 2167
Dec 10, 2021 12:29:55 AM uk.ac.ox.cs.gsat.SkolemStatistics log
INFO: derived TGD with more than two Skolem atoms in the body: 0
Dec 10, 2021 12:29:55 AM uk.ac.ox.cs.gsat.AbstractSaturation run
INFO: ouptput full TGDs not contained in the input: 0
Dec 10, 2021 12:29:55 AM uk.ac.ox.cs.gsat.App executeAllSteps
INFO: Rewriting completed!
Full TGD saturation: (148 dependecies)
Dec 10, 2021 12:29:55 AM uk.ac.ox.cs.gsat.App executeAllSteps
INFO: Writing the saturation in the Datalog file 00734.rul
