Starting Saturation...
Executing from DLGP files
SLF4J: Failed to load class "org.slf4j.impl.StaticLoggerBinder".
SLF4J: Defaulting to no-operation (NOP) logger implementation
SLF4J: See http://www.slf4j.org/codes.html#StaticLoggerBinder for further details.
# Rules: 766; # Atoms: 0; # AtomSets: 0; # Queries: 0; # Constraints: 0
Full TGD saturation algorithm: Skolem Sat
Running SkSat...
Dec 10, 2021 12:30:37 AM uk.ac.ox.cs.gsat.AbstractSaturation run
INFO: SkSat discarded rules : 0/766 = 0.000%
SkSat discarded rules : 0/766 = 0.000%
Dec 10, 2021 12:30:37 AM uk.ac.ox.cs.gsat.AbstractSaturation run
INFO: Subsumption method : tree_predicate
length of the formulas: 2.0849369
number of bags: 9
length of the formulas: 2.0849369
number of bags: 9
nonFullTGDs	0		fullTGDs	477			newNonFullTGDs	1030		newFullTGDs	0
nonFullTGDs	100		fullTGDs	477			newNonFullTGDs	978		newFullTGDs	1162
nonFullTGDs	200		fullTGDs	477			newNonFullTGDs	924		newFullTGDs	2098
nonFullTGDs	300		fullTGDs	477			newNonFullTGDs	870		newFullTGDs	2916
nonFullTGDs	400		fullTGDs	477			newNonFullTGDs	815		newFullTGDs	3675
nonFullTGDs	500		fullTGDs	477			newNonFullTGDs	764		newFullTGDs	4621
nonFullTGDs	600		fullTGDs	477			newNonFullTGDs	711		newFullTGDs	5557
nonFullTGDs	700		fullTGDs	477			newNonFullTGDs	656		newFullTGDs	6542
nonFullTGDs	800		fullTGDs	477			newNonFullTGDs	605		newFullTGDs	7370
nonFullTGDs	900		fullTGDs	477			newNonFullTGDs	556		newFullTGDs	8267
nonFullTGDs	1000		fullTGDs	477			newNonFullTGDs	496		newFullTGDs	8957
nonFullTGDs	1100		fullTGDs	477			newNonFullTGDs	444		newFullTGDs	9785
nonFullTGDs	1200		fullTGDs	477			newNonFullTGDs	387		newFullTGDs	10760
nonFullTGDs	1300		fullTGDs	477			newNonFullTGDs	338		newFullTGDs	11657
nonFullTGDs	1400		fullTGDs	477			newNonFullTGDs	282		newFullTGDs	12416
nonFullTGDs	1500		fullTGDs	477			newNonFullTGDs	220		newFullTGDs	13805
nonFullTGDs	1600		fullTGDs	477			newNonFullTGDs	154		newFullTGDs	15777
nonFullTGDs	1700		fullTGDs	477			newNonFullTGDs	87		newFullTGDs	17951
nonFullTGDs	1800		fullTGDs	477			newNonFullTGDs	20		newFullTGDs	20195
nonFullTGDs	1831		fullTGDs	546			newNonFullTGDs	0		newFullTGDs	20806
nonFullTGDs	1833		fullTGDs	644			newNonFullTGDs	0		newFullTGDs	20708
nonFullTGDs	1833		fullTGDs	744			newNonFullTGDs	0		newFullTGDs	20608
nonFullTGDs	1833		fullTGDs	844			newNonFullTGDs	0		newFullTGDs	20508
nonFullTGDs	1834		fullTGDs	943			newNonFullTGDs	0		newFullTGDs	20409
nonFullTGDs	1834		fullTGDs	1043			newNonFullTGDs	0		newFullTGDs	20309
nonFullTGDs	1835		fullTGDs	1142			newNonFullTGDs	0		newFullTGDs	20210
nonFullTGDs	1836		fullTGDs	1241			newNonFullTGDs	0		newFullTGDs	20111
nonFullTGDs	1837		fullTGDs	1340			newNonFullTGDs	0		newFullTGDs	20012
nonFullTGDs	1838		fullTGDs	1439			newNonFullTGDs	0		newFullTGDs	19913
nonFullTGDs	1840		fullTGDs	1537			newNonFullTGDs	0		newFullTGDs	19815
nonFullTGDs	1841		fullTGDs	1636			newNonFullTGDs	0		newFullTGDs	19716
nonFullTGDs	1842		fullTGDs	1735			newNonFullTGDs	0		newFullTGDs	19617
nonFullTGDs	1842		fullTGDs	1835			newNonFullTGDs	0		newFullTGDs	19517
nonFullTGDs	1843		fullTGDs	1934			newNonFullTGDs	0		newFullTGDs	19418
nonFullTGDs	1844		fullTGDs	2033			newNonFullTGDs	0		newFullTGDs	19319
nonFullTGDs	1845		fullTGDs	2132			newNonFullTGDs	0		newFullTGDs	19220
nonFullTGDs	1846		fullTGDs	2231			newNonFullTGDs	0		newFullTGDs	19121
nonFullTGDs	1847		fullTGDs	2330			newNonFullTGDs	0		newFullTGDs	19022
nonFullTGDs	1849		fullTGDs	2428			newNonFullTGDs	0		newFullTGDs	18924
nonFullTGDs	1850		fullTGDs	2527			newNonFullTGDs	0		newFullTGDs	18825
nonFullTGDs	1853		fullTGDs	2624			newNonFullTGDs	0		newFullTGDs	18728
nonFullTGDs	1855		fullTGDs	2722			newNonFullTGDs	0		newFullTGDs	18630
nonFullTGDs	1858		fullTGDs	2819			newNonFullTGDs	0		newFullTGDs	18533
nonFullTGDs	1858		fullTGDs	2919			newNonFullTGDs	0		newFullTGDs	18433
nonFullTGDs	1859		fullTGDs	3018			newNonFullTGDs	0		newFullTGDs	18334
nonFullTGDs	1860		fullTGDs	3117			newNonFullTGDs	0		newFullTGDs	18235
nonFullTGDs	1862		fullTGDs	3215			newNonFullTGDs	0		newFullTGDs	18137
nonFullTGDs	1863		fullTGDs	3314			newNonFullTGDs	0		newFullTGDs	18038
nonFullTGDs	1864		fullTGDs	3413			newNonFullTGDs	0		newFullTGDs	17939
nonFullTGDs	1866		fullTGDs	3511			newNonFullTGDs	0		newFullTGDs	17841
nonFullTGDs	1866		fullTGDs	3611			newNonFullTGDs	0		newFullTGDs	17741
nonFullTGDs	1867		fullTGDs	3710			newNonFullTGDs	0		newFullTGDs	17642
nonFullTGDs	1867		fullTGDs	3810			newNonFullTGDs	0		newFullTGDs	17542
nonFullTGDs	1869		fullTGDs	3908			newNonFullTGDs	0		newFullTGDs	17444
nonFullTGDs	1870		fullTGDs	4007			newNonFullTGDs	0		newFullTGDs	17345
nonFullTGDs	1871		fullTGDs	4106			newNonFullTGDs	0		newFullTGDs	17246
nonFullTGDs	1871		fullTGDs	4206			newNonFullTGDs	0		newFullTGDs	17146
nonFullTGDs	1871		fullTGDs	4306			newNonFullTGDs	0		newFullTGDs	17046
nonFullTGDs	1871		fullTGDs	4406			newNonFullTGDs	0		newFullTGDs	16946
nonFullTGDs	1872		fullTGDs	4505			newNonFullTGDs	0		newFullTGDs	16847
nonFullTGDs	1873		fullTGDs	4604			newNonFullTGDs	1		newFullTGDs	16748
nonFullTGDs	1875		fullTGDs	4702			newNonFullTGDs	0		newFullTGDs	16650
nonFullTGDs	1876		fullTGDs	4801			newNonFullTGDs	0		newFullTGDs	16551
nonFullTGDs	1878		fullTGDs	4899			newNonFullTGDs	0		newFullTGDs	16453
nonFullTGDs	1879		fullTGDs	4998			newNonFullTGDs	0		newFullTGDs	16354
nonFullTGDs	1881		fullTGDs	5096			newNonFullTGDs	0		newFullTGDs	16256
nonFullTGDs	1882		fullTGDs	5195			newNonFullTGDs	0		newFullTGDs	16157
nonFullTGDs	1884		fullTGDs	5293			newNonFullTGDs	0		newFullTGDs	16059
nonFullTGDs	1887		fullTGDs	5390			newNonFullTGDs	0		newFullTGDs	15962
nonFullTGDs	1888		fullTGDs	5489			newNonFullTGDs	0		newFullTGDs	15863
nonFullTGDs	1890		fullTGDs	5587			newNonFullTGDs	0		newFullTGDs	15765
nonFullTGDs	1892		fullTGDs	5685			newNonFullTGDs	0		newFullTGDs	15667
nonFullTGDs	1893		fullTGDs	5784			newNonFullTGDs	0		newFullTGDs	15568
nonFullTGDs	1895		fullTGDs	5882			newNonFullTGDs	0		newFullTGDs	15470
nonFullTGDs	1897		fullTGDs	5980			newNonFullTGDs	1		newFullTGDs	15372
nonFullTGDs	1898		fullTGDs	6079			newNonFullTGDs	0		newFullTGDs	15273
nonFullTGDs	1898		fullTGDs	6179			newNonFullTGDs	0		newFullTGDs	15173
nonFullTGDs	1899		fullTGDs	6278			newNonFullTGDs	0		newFullTGDs	15074
nonFullTGDs	1900		fullTGDs	6377			newNonFullTGDs	0		newFullTGDs	14975
nonFullTGDs	1902		fullTGDs	6475			newNonFullTGDs	0		newFullTGDs	14877
nonFullTGDs	1905		fullTGDs	6572			newNonFullTGDs	0		newFullTGDs	14780
nonFullTGDs	1907		fullTGDs	6670			newNonFullTGDs	0		newFullTGDs	14682
nonFullTGDs	1908		fullTGDs	6769			newNonFullTGDs	0		newFullTGDs	14583
nonFullTGDs	1909		fullTGDs	6868			newNonFullTGDs	1		newFullTGDs	14484
nonFullTGDs	1911		fullTGDs	6966			newNonFullTGDs	0		newFullTGDs	14386
nonFullTGDs	1911		fullTGDs	7066			newNonFullTGDs	0		newFullTGDs	14286
nonFullTGDs	1911		fullTGDs	7166			newNonFullTGDs	0		newFullTGDs	14186
nonFullTGDs	1911		fullTGDs	7266			newNonFullTGDs	0		newFullTGDs	14086
nonFullTGDs	1911		fullTGDs	7366			newNonFullTGDs	0		newFullTGDs	13986
nonFullTGDs	1911		fullTGDs	7466			newNonFullTGDs	0		newFullTGDs	13886
nonFullTGDs	1911		fullTGDs	7566			newNonFullTGDs	0		newFullTGDs	13786
nonFullTGDs	1911		fullTGDs	7666			newNonFullTGDs	0		newFullTGDs	13686
nonFullTGDs	1911		fullTGDs	7766			newNonFullTGDs	0		newFullTGDs	13586
nonFullTGDs	1911		fullTGDs	7866			newNonFullTGDs	0		newFullTGDs	13486
nonFullTGDs	1911		fullTGDs	7966			newNonFullTGDs	0		newFullTGDs	13386
nonFullTGDs	1911		fullTGDs	8066			newNonFullTGDs	0		newFullTGDs	13286
nonFullTGDs	1911		fullTGDs	8166			newNonFullTGDs	0		newFullTGDs	13186
nonFullTGDs	1911		fullTGDs	8266			newNonFullTGDs	0		newFullTGDs	13086
nonFullTGDs	1911		fullTGDs	8366			newNonFullTGDs	0		newFullTGDs	12986
nonFullTGDs	1911		fullTGDs	8466			newNonFullTGDs	0		newFullTGDs	12886
nonFullTGDs	1911		fullTGDs	8566			newNonFullTGDs	0		newFullTGDs	12786
nonFullTGDs	1911		fullTGDs	8666			newNonFullTGDs	0		newFullTGDs	12686
nonFullTGDs	1911		fullTGDs	8766			newNonFullTGDs	0		newFullTGDs	12586
nonFullTGDs	1911		fullTGDs	8866			newNonFullTGDs	0		newFullTGDs	12486
nonFullTGDs	1911		fullTGDs	8966			newNonFullTGDs	0		newFullTGDs	12386
nonFullTGDs	1911		fullTGDs	9066			newNonFullTGDs	0		newFullTGDs	12286
nonFullTGDs	1911		fullTGDs	9166			newNonFullTGDs	0		newFullTGDs	12186
nonFullTGDs	1911		fullTGDs	9266			newNonFullTGDs	0		newFullTGDs	12086
nonFullTGDs	1911		fullTGDs	9366			newNonFullTGDs	0		newFullTGDs	11986
nonFullTGDs	1911		fullTGDs	9466			newNonFullTGDs	0		newFullTGDs	11886
nonFullTGDs	1911		fullTGDs	9566			newNonFullTGDs	0		newFullTGDs	11786
nonFullTGDs	1911		fullTGDs	9666			newNonFullTGDs	0		newFullTGDs	11686
nonFullTGDs	1911		fullTGDs	9766			newNonFullTGDs	0		newFullTGDs	11586
nonFullTGDs	1911		fullTGDs	9866			newNonFullTGDs	0		newFullTGDs	11486
nonFullTGDs	1911		fullTGDs	9966			newNonFullTGDs	0		newFullTGDs	11386
nonFullTGDs	1911		fullTGDs	10066			newNonFullTGDs	0		newFullTGDs	11286
nonFullTGDs	1911		fullTGDs	10166			newNonFullTGDs	0		newFullTGDs	11186
nonFullTGDs	1911		fullTGDs	10266			newNonFullTGDs	0		newFullTGDs	11086
nonFullTGDs	1911		fullTGDs	10366			newNonFullTGDs	0		newFullTGDs	10986
nonFullTGDs	1911		fullTGDs	10466			newNonFullTGDs	0		newFullTGDs	10886
nonFullTGDs	1911		fullTGDs	10566			newNonFullTGDs	0		newFullTGDs	10786
nonFullTGDs	1911		fullTGDs	10666			newNonFullTGDs	0		newFullTGDs	10686
nonFullTGDs	1911		fullTGDs	10766			newNonFullTGDs	0		newFullTGDs	10586
nonFullTGDs	1911		fullTGDs	10866			newNonFullTGDs	0		newFullTGDs	10486
nonFullTGDs	1911		fullTGDs	10966			newNonFullTGDs	0		newFullTGDs	10386
nonFullTGDs	1911		fullTGDs	11066			newNonFullTGDs	0		newFullTGDs	10286
nonFullTGDs	1911		fullTGDs	11166			newNonFullTGDs	0		newFullTGDs	10186
nonFullTGDs	1912		fullTGDs	11265			newNonFullTGDs	0		newFullTGDs	10087
nonFullTGDs	1913		fullTGDs	11364			newNonFullTGDs	0		newFullTGDs	9988
nonFullTGDs	1916		fullTGDs	11461			newNonFullTGDs	0		newFullTGDs	9891
nonFullTGDs	1919		fullTGDs	11558			newNonFullTGDs	0		newFullTGDs	9794
nonFullTGDs	1922		fullTGDs	11655			newNonFullTGDs	0		newFullTGDs	9697
nonFullTGDs	1931		fullTGDs	11746			newNonFullTGDs	0		newFullTGDs	9606
nonFullTGDs	1934		fullTGDs	11843			newNonFullTGDs	0		newFullTGDs	9509
nonFullTGDs	1935		fullTGDs	11942			newNonFullTGDs	0		newFullTGDs	9410
nonFullTGDs	1937		fullTGDs	12040			newNonFullTGDs	0		newFullTGDs	9312
nonFullTGDs	1939		fullTGDs	12138			newNonFullTGDs	0		newFullTGDs	9214
nonFullTGDs	1939		fullTGDs	12238			newNonFullTGDs	0		newFullTGDs	9114
nonFullTGDs	1939		fullTGDs	12338			newNonFullTGDs	0		newFullTGDs	9014
nonFullTGDs	1939		fullTGDs	12438			newNonFullTGDs	0		newFullTGDs	8914
nonFullTGDs	1940		fullTGDs	12537			newNonFullTGDs	0		newFullTGDs	8815
nonFullTGDs	1941		fullTGDs	12636			newNonFullTGDs	0		newFullTGDs	8716
nonFullTGDs	1941		fullTGDs	12736			newNonFullTGDs	0		newFullTGDs	8616
nonFullTGDs	1942		fullTGDs	12835			newNonFullTGDs	0		newFullTGDs	8517
nonFullTGDs	1942		fullTGDs	12935			newNonFullTGDs	0		newFullTGDs	8417
nonFullTGDs	1943		fullTGDs	13034			newNonFullTGDs	0		newFullTGDs	8318
nonFullTGDs	1945		fullTGDs	13132			newNonFullTGDs	0		newFullTGDs	8220
nonFullTGDs	1945		fullTGDs	13232			newNonFullTGDs	0		newFullTGDs	8120
nonFullTGDs	1949		fullTGDs	13328			newNonFullTGDs	0		newFullTGDs	8024
nonFullTGDs	1952		fullTGDs	13425			newNonFullTGDs	0		newFullTGDs	7927
nonFullTGDs	1953		fullTGDs	13524			newNonFullTGDs	0		newFullTGDs	7828
nonFullTGDs	1955		fullTGDs	13622			newNonFullTGDs	0		newFullTGDs	7730
nonFullTGDs	1955		fullTGDs	13722			newNonFullTGDs	0		newFullTGDs	7630
nonFullTGDs	1957		fullTGDs	13820			newNonFullTGDs	0		newFullTGDs	7532
nonFullTGDs	1957		fullTGDs	13920			newNonFullTGDs	0		newFullTGDs	7432
nonFullTGDs	1958		fullTGDs	14019			newNonFullTGDs	0		newFullTGDs	7333
nonFullTGDs	1961		fullTGDs	14116			newNonFullTGDs	0		newFullTGDs	7236
nonFullTGDs	1964		fullTGDs	14213			newNonFullTGDs	0		newFullTGDs	7139
nonFullTGDs	1964		fullTGDs	14313			newNonFullTGDs	0		newFullTGDs	7039
nonFullTGDs	1966		fullTGDs	14411			newNonFullTGDs	0		newFullTGDs	6941
nonFullTGDs	1968		fullTGDs	14509			newNonFullTGDs	0		newFullTGDs	6843
nonFullTGDs	1969		fullTGDs	14608			newNonFullTGDs	0		newFullTGDs	6744
nonFullTGDs	1970		fullTGDs	14707			newNonFullTGDs	0		newFullTGDs	6645
nonFullTGDs	1970		fullTGDs	14807			newNonFullTGDs	0		newFullTGDs	6545
nonFullTGDs	1970		fullTGDs	14907			newNonFullTGDs	0		newFullTGDs	6445
nonFullTGDs	1971		fullTGDs	15006			newNonFullTGDs	0		newFullTGDs	6346
nonFullTGDs	1972		fullTGDs	15105			newNonFullTGDs	0		newFullTGDs	6247
nonFullTGDs	1973		fullTGDs	15204			newNonFullTGDs	0		newFullTGDs	6148
nonFullTGDs	1973		fullTGDs	15304			newNonFullTGDs	0		newFullTGDs	6048
nonFullTGDs	1976		fullTGDs	15401			newNonFullTGDs	0		newFullTGDs	5951
nonFullTGDs	1977		fullTGDs	15500			newNonFullTGDs	0		newFullTGDs	5852
nonFullTGDs	1977		fullTGDs	15600			newNonFullTGDs	0		newFullTGDs	5752
nonFullTGDs	1977		fullTGDs	15700			newNonFullTGDs	0		newFullTGDs	5652
nonFullTGDs	1977		fullTGDs	15800			newNonFullTGDs	0		newFullTGDs	5552
nonFullTGDs	1977		fullTGDs	15900			newNonFullTGDs	0		newFullTGDs	5452
nonFullTGDs	1978		fullTGDs	15999			newNonFullTGDs	0		newFullTGDs	5353
nonFullTGDs	1978		fullTGDs	16099			newNonFullTGDs	0		newFullTGDs	5253
nonFullTGDs	1980		fullTGDs	16197			newNonFullTGDs	0		newFullTGDs	5155
nonFullTGDs	1981		fullTGDs	16296			newNonFullTGDs	0		newFullTGDs	5056
nonFullTGDs	1983		fullTGDs	16394			newNonFullTGDs	0		newFullTGDs	4958
nonFullTGDs	1984		fullTGDs	16493			newNonFullTGDs	0		newFullTGDs	4859
nonFullTGDs	1986		fullTGDs	16591			newNonFullTGDs	0		newFullTGDs	4761
nonFullTGDs	1986		fullTGDs	16691			newNonFullTGDs	0		newFullTGDs	4661
nonFullTGDs	1987		fullTGDs	16790			newNonFullTGDs	0		newFullTGDs	4562
nonFullTGDs	1988		fullTGDs	16889			newNonFullTGDs	0		newFullTGDs	4463
nonFullTGDs	1988		fullTGDs	16989			newNonFullTGDs	0		newFullTGDs	4363
nonFullTGDs	1988		fullTGDs	17089			newNonFullTGDs	0		newFullTGDs	4263
nonFullTGDs	1988		fullTGDs	17189			newNonFullTGDs	0		newFullTGDs	4163
nonFullTGDs	1988		fullTGDs	17289			newNonFullTGDs	0		newFullTGDs	4063
nonFullTGDs	1989		fullTGDs	17388			newNonFullTGDs	0		newFullTGDs	3964
nonFullTGDs	1989		fullTGDs	17488			newNonFullTGDs	0		newFullTGDs	3864
nonFullTGDs	1991		fullTGDs	17586			newNonFullTGDs	0		newFullTGDs	3766
nonFullTGDs	1991		fullTGDs	17686			newNonFullTGDs	0		newFullTGDs	3666
nonFullTGDs	1991		fullTGDs	17786			newNonFullTGDs	0		newFullTGDs	3566
nonFullTGDs	1991		fullTGDs	17886			newNonFullTGDs	0		newFullTGDs	3466
nonFullTGDs	1991		fullTGDs	17986			newNonFullTGDs	0		newFullTGDs	3366
nonFullTGDs	1991		fullTGDs	18086			newNonFullTGDs	0		newFullTGDs	3266
nonFullTGDs	1991		fullTGDs	18186			newNonFullTGDs	0		newFullTGDs	3166
nonFullTGDs	1991		fullTGDs	18286			newNonFullTGDs	0		newFullTGDs	3066
nonFullTGDs	1991		fullTGDs	18386			newNonFullTGDs	0		newFullTGDs	2966
nonFullTGDs	1991		fullTGDs	18486			newNonFullTGDs	0		newFullTGDs	2866
nonFullTGDs	1991		fullTGDs	18586			newNonFullTGDs	0		newFullTGDs	2766
nonFullTGDs	1991		fullTGDs	18686			newNonFullTGDs	0		newFullTGDs	2666
nonFullTGDs	1991		fullTGDs	18786			newNonFullTGDs	0		newFullTGDs	2566
nonFullTGDs	1991		fullTGDs	18886			newNonFullTGDs	0		newFullTGDs	2466
nonFullTGDs	1991		fullTGDs	18986			newNonFullTGDs	0		newFullTGDs	2366
nonFullTGDs	1991		fullTGDs	19086			newNonFullTGDs	0		newFullTGDs	2266
nonFullTGDs	1991		fullTGDs	19186			newNonFullTGDs	0		newFullTGDs	2166
nonFullTGDs	1991		fullTGDs	19286			newNonFullTGDs	0		newFullTGDs	2066
nonFullTGDs	1991		fullTGDs	19386			newNonFullTGDs	0		newFullTGDs	1966
nonFullTGDs	1991		fullTGDs	19486			newNonFullTGDs	0		newFullTGDs	1866
nonFullTGDs	1991		fullTGDs	19586			newNonFullTGDs	0		newFullTGDs	1766
nonFullTGDs	1991		fullTGDs	19686			newNonFullTGDs	0		newFullTGDs	1666
nonFullTGDs	1991		fullTGDs	19786			newNonFullTGDs	0		newFullTGDs	1566
nonFullTGDs	1991		fullTGDs	19886			newNonFullTGDs	0		newFullTGDs	1466
nonFullTGDs	1991		fullTGDs	19986			newNonFullTGDs	0		newFullTGDs	1366
nonFullTGDs	1991		fullTGDs	20086			newNonFullTGDs	0		newFullTGDs	1266
nonFullTGDs	1991		fullTGDs	20186			newNonFullTGDs	0		newFullTGDs	1166
nonFullTGDs	1991		fullTGDs	20286			newNonFullTGDs	0		newFullTGDs	1066
nonFullTGDs	1991		fullTGDs	20386			newNonFullTGDs	0		newFullTGDs	966
nonFullTGDs	1991		fullTGDs	20486			newNonFullTGDs	0		newFullTGDs	866
nonFullTGDs	1991		fullTGDs	20586			newNonFullTGDs	0		newFullTGDs	766
nonFullTGDs	1991		fullTGDs	20686			newNonFullTGDs	0		newFullTGDs	666
nonFullTGDs	1991		fullTGDs	20786			newNonFullTGDs	0		newFullTGDs	566
nonFullTGDs	1991		fullTGDs	20886			newNonFullTGDs	0		newFullTGDs	466
nonFullTGDs	1991		fullTGDs	20986			newNonFullTGDs	0		newFullTGDs	366
nonFullTGDs	1991		fullTGDs	21086			newNonFullTGDs	0		newFullTGDs	266
nonFullTGDs	1991		fullTGDs	21186			newNonFullTGDs	0		newFullTGDs	166
nonFullTGDs	1991		fullTGDs	21286			newNonFullTGDs	0		newFullTGDs	66
Dec 10, 2021 12:30:39 AM uk.ac.ox.cs.gsat.SaturationStatistics log
INFO: # initial TGDs: 477 , 1030
Dec 10, 2021 12:30:39 AM uk.ac.ox.cs.gsat.SaturationStatistics log
INFO: SkSat total time : 2018 ms = 2.02 s
Dec 10, 2021 12:30:39 AM uk.ac.ox.cs.gsat.SaturationStatistics log
INFO: Subsumed elements : 938
Dec 10, 2021 12:30:39 AM uk.ac.ox.cs.gsat.SaturationStatistics log
INFO: Filter discarded elements : 1652696
Dec 10, 2021 12:30:39 AM uk.ac.ox.cs.gsat.SaturationStatistics log
INFO: subsumption time: 549 ms = 0.55 s
Dec 10, 2021 12:30:39 AM uk.ac.ox.cs.gsat.SaturationStatistics log
INFO: forward subsumption time: 444 ms = 0.44 s
Dec 10, 2021 12:30:39 AM uk.ac.ox.cs.gsat.SaturationStatistics log
INFO: backward subsumption time: 105 ms = 0.10 s
Dec 10, 2021 12:30:39 AM uk.ac.ox.cs.gsat.SaturationStatistics log
INFO: Derived full/non full TGDs: 21141 , 1761
Dec 10, 2021 12:30:39 AM uk.ac.ox.cs.gsat.SaturationStatistics log
INFO: discarded tautology count: 128
Dec 10, 2021 12:30:39 AM uk.ac.ox.cs.gsat.EvolveStatistics log
INFO: Stop because subsumed: 161
Dec 10, 2021 12:30:39 AM uk.ac.ox.cs.gsat.EvolveStatistics log
INFO: evolved equals to current: 0
Dec 10, 2021 12:30:39 AM uk.ac.ox.cs.gsat.EvolveStatistics log
INFO: evolved time: 563 ms = 0.56 s
Dec 10, 2021 12:30:39 AM uk.ac.ox.cs.gsat.EvolveStatistics log
INFO: evolve count: 32590
Dec 10, 2021 12:30:39 AM uk.ac.ox.cs.gsat.SkolemStatistics log
INFO: maximum number of Skolem atoms in body: 1
Dec 10, 2021 12:30:39 AM uk.ac.ox.cs.gsat.SkolemStatistics log
INFO: left derived TGD with Skolem in the body: 0
Dec 10, 2021 12:30:39 AM uk.ac.ox.cs.gsat.SkolemStatistics log
INFO: right derived TGD with Skolem in the body: 21003
Dec 10, 2021 12:30:39 AM uk.ac.ox.cs.gsat.SkolemStatistics log
INFO: derived TGD with more than two Skolem atoms in the body: 0
Dec 10, 2021 12:30:39 AM uk.ac.ox.cs.gsat.AbstractSaturation run
INFO: ouptput full TGDs not contained in the input: 0
Dec 10, 2021 12:30:39 AM uk.ac.ox.cs.gsat.App executeAllSteps
INFO: Rewriting completed!
Full TGD saturation: (477 dependecies)
Dec 10, 2021 12:30:39 AM uk.ac.ox.cs.gsat.App executeAllSteps
INFO: Writing the saturation in the Datalog file 00740.rul
