Starting Saturation...
Executing from DLGP files
SLF4J: Failed to load class "org.slf4j.impl.StaticLoggerBinder".
SLF4J: Defaulting to no-operation (NOP) logger implementation
SLF4J: See http://www.slf4j.org/codes.html#StaticLoggerBinder for further details.
# Rules: 639; # Atoms: 0; # AtomSets: 0; # Queries: 0; # Constraints: 0
Full TGD saturation algorithm: Skolem Sat
Running SkSat...
Dec 10, 2021 12:32:31 AM uk.ac.ox.cs.gsat.AbstractSaturation run
INFO: SkSat discarded rules : 0/639 = 0.000%
SkSat discarded rules : 0/639 = 0.000%
Dec 10, 2021 12:32:31 AM uk.ac.ox.cs.gsat.AbstractSaturation run
INFO: Subsumption method : tree_predicate
length of the formulas: 2.0826447
number of bags: 8
length of the formulas: 2.0826447
number of bags: 8
nonFullTGDs	0		fullTGDs	391			newNonFullTGDs	940		newFullTGDs	0
nonFullTGDs	100		fullTGDs	391			newNonFullTGDs	886		newFullTGDs	760
nonFullTGDs	200		fullTGDs	391			newNonFullTGDs	837		newFullTGDs	1306
nonFullTGDs	300		fullTGDs	391			newNonFullTGDs	781		newFullTGDs	2228
nonFullTGDs	400		fullTGDs	391			newNonFullTGDs	726		newFullTGDs	2988
nonFullTGDs	500		fullTGDs	391			newNonFullTGDs	669		newFullTGDs	3612
nonFullTGDs	600		fullTGDs	391			newNonFullTGDs	613		newFullTGDs	4074
nonFullTGDs	700		fullTGDs	391			newNonFullTGDs	558		newFullTGDs	4536
nonFullTGDs	800		fullTGDs	391			newNonFullTGDs	507		newFullTGDs	5176
nonFullTGDs	900		fullTGDs	391			newNonFullTGDs	451		newFullTGDs	6328
nonFullTGDs	1000		fullTGDs	391			newNonFullTGDs	399		newFullTGDs	6832
nonFullTGDs	1100		fullTGDs	391			newNonFullTGDs	346		newFullTGDs	7336
nonFullTGDs	1200		fullTGDs	391			newNonFullTGDs	285		newFullTGDs	8080
nonFullTGDs	1300		fullTGDs	391			newNonFullTGDs	230		newFullTGDs	8610
nonFullTGDs	1400		fullTGDs	391			newNonFullTGDs	164		newFullTGDs	10663
nonFullTGDs	1500		fullTGDs	391			newNonFullTGDs	97		newFullTGDs	12874
nonFullTGDs	1600		fullTGDs	391			newNonFullTGDs	30		newFullTGDs	14383
nonFullTGDs	1646		fullTGDs	445			newNonFullTGDs	0		newFullTGDs	14944
nonFullTGDs	1648		fullTGDs	543			newNonFullTGDs	0		newFullTGDs	14846
nonFullTGDs	1649		fullTGDs	642			newNonFullTGDs	0		newFullTGDs	14747
nonFullTGDs	1652		fullTGDs	739			newNonFullTGDs	0		newFullTGDs	14650
nonFullTGDs	1654		fullTGDs	837			newNonFullTGDs	0		newFullTGDs	14552
nonFullTGDs	1657		fullTGDs	934			newNonFullTGDs	0		newFullTGDs	14455
nonFullTGDs	1658		fullTGDs	1033			newNonFullTGDs	0		newFullTGDs	14356
nonFullTGDs	1659		fullTGDs	1132			newNonFullTGDs	0		newFullTGDs	14257
nonFullTGDs	1660		fullTGDs	1231			newNonFullTGDs	0		newFullTGDs	14158
nonFullTGDs	1661		fullTGDs	1330			newNonFullTGDs	0		newFullTGDs	14059
nonFullTGDs	1661		fullTGDs	1430			newNonFullTGDs	0		newFullTGDs	13959
nonFullTGDs	1662		fullTGDs	1529			newNonFullTGDs	0		newFullTGDs	13860
nonFullTGDs	1664		fullTGDs	1627			newNonFullTGDs	0		newFullTGDs	13762
nonFullTGDs	1665		fullTGDs	1726			newNonFullTGDs	0		newFullTGDs	13663
nonFullTGDs	1667		fullTGDs	1824			newNonFullTGDs	0		newFullTGDs	13565
nonFullTGDs	1667		fullTGDs	1924			newNonFullTGDs	0		newFullTGDs	13465
nonFullTGDs	1668		fullTGDs	2023			newNonFullTGDs	0		newFullTGDs	13366
nonFullTGDs	1671		fullTGDs	2120			newNonFullTGDs	1		newFullTGDs	13269
nonFullTGDs	1675		fullTGDs	2216			newNonFullTGDs	0		newFullTGDs	13173
nonFullTGDs	1677		fullTGDs	2314			newNonFullTGDs	0		newFullTGDs	13075
nonFullTGDs	1680		fullTGDs	2411			newNonFullTGDs	0		newFullTGDs	12978
nonFullTGDs	1682		fullTGDs	2509			newNonFullTGDs	0		newFullTGDs	12880
nonFullTGDs	1683		fullTGDs	2608			newNonFullTGDs	0		newFullTGDs	12781
nonFullTGDs	1686		fullTGDs	2705			newNonFullTGDs	0		newFullTGDs	12684
nonFullTGDs	1688		fullTGDs	2803			newNonFullTGDs	0		newFullTGDs	12586
nonFullTGDs	1688		fullTGDs	2903			newNonFullTGDs	0		newFullTGDs	12486
nonFullTGDs	1690		fullTGDs	3001			newNonFullTGDs	0		newFullTGDs	12388
nonFullTGDs	1690		fullTGDs	3101			newNonFullTGDs	0		newFullTGDs	12288
nonFullTGDs	1690		fullTGDs	3201			newNonFullTGDs	0		newFullTGDs	12188
nonFullTGDs	1690		fullTGDs	3301			newNonFullTGDs	0		newFullTGDs	12088
nonFullTGDs	1690		fullTGDs	3401			newNonFullTGDs	0		newFullTGDs	11988
nonFullTGDs	1693		fullTGDs	3498			newNonFullTGDs	0		newFullTGDs	11891
nonFullTGDs	1694		fullTGDs	3597			newNonFullTGDs	0		newFullTGDs	11792
nonFullTGDs	1698		fullTGDs	3693			newNonFullTGDs	0		newFullTGDs	11696
nonFullTGDs	1701		fullTGDs	3790			newNonFullTGDs	0		newFullTGDs	11599
nonFullTGDs	1704		fullTGDs	3887			newNonFullTGDs	0		newFullTGDs	11502
nonFullTGDs	1707		fullTGDs	3984			newNonFullTGDs	0		newFullTGDs	11405
nonFullTGDs	1709		fullTGDs	4082			newNonFullTGDs	0		newFullTGDs	11307
nonFullTGDs	1711		fullTGDs	4180			newNonFullTGDs	0		newFullTGDs	11209
nonFullTGDs	1712		fullTGDs	4279			newNonFullTGDs	0		newFullTGDs	11110
nonFullTGDs	1712		fullTGDs	4379			newNonFullTGDs	0		newFullTGDs	11010
nonFullTGDs	1712		fullTGDs	4479			newNonFullTGDs	0		newFullTGDs	10910
nonFullTGDs	1712		fullTGDs	4579			newNonFullTGDs	0		newFullTGDs	10810
nonFullTGDs	1712		fullTGDs	4679			newNonFullTGDs	0		newFullTGDs	10710
nonFullTGDs	1712		fullTGDs	4779			newNonFullTGDs	0		newFullTGDs	10610
nonFullTGDs	1712		fullTGDs	4879			newNonFullTGDs	0		newFullTGDs	10510
nonFullTGDs	1712		fullTGDs	4979			newNonFullTGDs	0		newFullTGDs	10410
nonFullTGDs	1712		fullTGDs	5079			newNonFullTGDs	0		newFullTGDs	10310
nonFullTGDs	1712		fullTGDs	5179			newNonFullTGDs	0		newFullTGDs	10210
nonFullTGDs	1712		fullTGDs	5279			newNonFullTGDs	0		newFullTGDs	10110
nonFullTGDs	1712		fullTGDs	5379			newNonFullTGDs	0		newFullTGDs	10010
nonFullTGDs	1712		fullTGDs	5479			newNonFullTGDs	0		newFullTGDs	9910
nonFullTGDs	1712		fullTGDs	5579			newNonFullTGDs	0		newFullTGDs	9810
nonFullTGDs	1712		fullTGDs	5679			newNonFullTGDs	0		newFullTGDs	9710
nonFullTGDs	1712		fullTGDs	5779			newNonFullTGDs	0		newFullTGDs	9610
nonFullTGDs	1712		fullTGDs	5879			newNonFullTGDs	0		newFullTGDs	9510
nonFullTGDs	1712		fullTGDs	5979			newNonFullTGDs	0		newFullTGDs	9410
nonFullTGDs	1712		fullTGDs	6079			newNonFullTGDs	0		newFullTGDs	9310
nonFullTGDs	1712		fullTGDs	6179			newNonFullTGDs	0		newFullTGDs	9210
nonFullTGDs	1712		fullTGDs	6279			newNonFullTGDs	0		newFullTGDs	9110
nonFullTGDs	1712		fullTGDs	6379			newNonFullTGDs	0		newFullTGDs	9010
nonFullTGDs	1712		fullTGDs	6479			newNonFullTGDs	0		newFullTGDs	8910
nonFullTGDs	1712		fullTGDs	6579			newNonFullTGDs	0		newFullTGDs	8810
nonFullTGDs	1712		fullTGDs	6679			newNonFullTGDs	0		newFullTGDs	8710
nonFullTGDs	1712		fullTGDs	6779			newNonFullTGDs	0		newFullTGDs	8610
nonFullTGDs	1712		fullTGDs	6879			newNonFullTGDs	0		newFullTGDs	8510
nonFullTGDs	1712		fullTGDs	6979			newNonFullTGDs	0		newFullTGDs	8410
nonFullTGDs	1712		fullTGDs	7079			newNonFullTGDs	0		newFullTGDs	8310
nonFullTGDs	1712		fullTGDs	7179			newNonFullTGDs	0		newFullTGDs	8210
nonFullTGDs	1712		fullTGDs	7279			newNonFullTGDs	0		newFullTGDs	8110
nonFullTGDs	1712		fullTGDs	7379			newNonFullTGDs	0		newFullTGDs	8010
nonFullTGDs	1712		fullTGDs	7479			newNonFullTGDs	0		newFullTGDs	7910
nonFullTGDs	1712		fullTGDs	7579			newNonFullTGDs	0		newFullTGDs	7810
nonFullTGDs	1712		fullTGDs	7679			newNonFullTGDs	0		newFullTGDs	7710
nonFullTGDs	1712		fullTGDs	7779			newNonFullTGDs	0		newFullTGDs	7610
nonFullTGDs	1713		fullTGDs	7878			newNonFullTGDs	0		newFullTGDs	7511
nonFullTGDs	1714		fullTGDs	7977			newNonFullTGDs	0		newFullTGDs	7412
nonFullTGDs	1719		fullTGDs	8072			newNonFullTGDs	0		newFullTGDs	7317
nonFullTGDs	1726		fullTGDs	8165			newNonFullTGDs	0		newFullTGDs	7224
nonFullTGDs	1731		fullTGDs	8260			newNonFullTGDs	0		newFullTGDs	7129
nonFullTGDs	1747		fullTGDs	8344			newNonFullTGDs	0		newFullTGDs	7045
nonFullTGDs	1755		fullTGDs	8436			newNonFullTGDs	0		newFullTGDs	6953
nonFullTGDs	1759		fullTGDs	8532			newNonFullTGDs	0		newFullTGDs	6857
nonFullTGDs	1759		fullTGDs	8632			newNonFullTGDs	0		newFullTGDs	6757
nonFullTGDs	1760		fullTGDs	8731			newNonFullTGDs	0		newFullTGDs	6658
nonFullTGDs	1760		fullTGDs	8831			newNonFullTGDs	0		newFullTGDs	6558
nonFullTGDs	1761		fullTGDs	8930			newNonFullTGDs	0		newFullTGDs	6459
nonFullTGDs	1762		fullTGDs	9029			newNonFullTGDs	0		newFullTGDs	6360
nonFullTGDs	1762		fullTGDs	9129			newNonFullTGDs	0		newFullTGDs	6260
nonFullTGDs	1765		fullTGDs	9226			newNonFullTGDs	0		newFullTGDs	6163
nonFullTGDs	1765		fullTGDs	9326			newNonFullTGDs	0		newFullTGDs	6063
nonFullTGDs	1766		fullTGDs	9425			newNonFullTGDs	0		newFullTGDs	5964
nonFullTGDs	1767		fullTGDs	9524			newNonFullTGDs	0		newFullTGDs	5865
nonFullTGDs	1770		fullTGDs	9621			newNonFullTGDs	0		newFullTGDs	5768
nonFullTGDs	1777		fullTGDs	9714			newNonFullTGDs	0		newFullTGDs	5675
nonFullTGDs	1781		fullTGDs	9810			newNonFullTGDs	0		newFullTGDs	5579
nonFullTGDs	1783		fullTGDs	9908			newNonFullTGDs	0		newFullTGDs	5481
nonFullTGDs	1783		fullTGDs	10008			newNonFullTGDs	0		newFullTGDs	5381
nonFullTGDs	1783		fullTGDs	10108			newNonFullTGDs	0		newFullTGDs	5281
nonFullTGDs	1783		fullTGDs	10208			newNonFullTGDs	0		newFullTGDs	5181
nonFullTGDs	1783		fullTGDs	10308			newNonFullTGDs	0		newFullTGDs	5081
nonFullTGDs	1783		fullTGDs	10408			newNonFullTGDs	0		newFullTGDs	4981
nonFullTGDs	1783		fullTGDs	10508			newNonFullTGDs	0		newFullTGDs	4881
nonFullTGDs	1783		fullTGDs	10608			newNonFullTGDs	0		newFullTGDs	4781
nonFullTGDs	1783		fullTGDs	10708			newNonFullTGDs	0		newFullTGDs	4681
nonFullTGDs	1783		fullTGDs	10808			newNonFullTGDs	0		newFullTGDs	4581
nonFullTGDs	1783		fullTGDs	10908			newNonFullTGDs	0		newFullTGDs	4481
nonFullTGDs	1783		fullTGDs	11008			newNonFullTGDs	0		newFullTGDs	4381
nonFullTGDs	1783		fullTGDs	11108			newNonFullTGDs	0		newFullTGDs	4281
nonFullTGDs	1783		fullTGDs	11208			newNonFullTGDs	0		newFullTGDs	4181
nonFullTGDs	1783		fullTGDs	11308			newNonFullTGDs	0		newFullTGDs	4081
nonFullTGDs	1783		fullTGDs	11408			newNonFullTGDs	0		newFullTGDs	3981
nonFullTGDs	1783		fullTGDs	11508			newNonFullTGDs	0		newFullTGDs	3881
nonFullTGDs	1783		fullTGDs	11608			newNonFullTGDs	0		newFullTGDs	3781
nonFullTGDs	1783		fullTGDs	11708			newNonFullTGDs	0		newFullTGDs	3681
nonFullTGDs	1783		fullTGDs	11808			newNonFullTGDs	0		newFullTGDs	3581
nonFullTGDs	1783		fullTGDs	11908			newNonFullTGDs	0		newFullTGDs	3481
nonFullTGDs	1783		fullTGDs	12008			newNonFullTGDs	0		newFullTGDs	3381
nonFullTGDs	1783		fullTGDs	12108			newNonFullTGDs	0		newFullTGDs	3281
nonFullTGDs	1783		fullTGDs	12208			newNonFullTGDs	0		newFullTGDs	3181
nonFullTGDs	1783		fullTGDs	12308			newNonFullTGDs	0		newFullTGDs	3081
nonFullTGDs	1783		fullTGDs	12408			newNonFullTGDs	0		newFullTGDs	2981
nonFullTGDs	1783		fullTGDs	12508			newNonFullTGDs	0		newFullTGDs	2881
nonFullTGDs	1783		fullTGDs	12608			newNonFullTGDs	0		newFullTGDs	2781
nonFullTGDs	1783		fullTGDs	12708			newNonFullTGDs	0		newFullTGDs	2681
nonFullTGDs	1783		fullTGDs	12808			newNonFullTGDs	0		newFullTGDs	2581
nonFullTGDs	1783		fullTGDs	12908			newNonFullTGDs	0		newFullTGDs	2481
nonFullTGDs	1783		fullTGDs	13008			newNonFullTGDs	0		newFullTGDs	2381
nonFullTGDs	1783		fullTGDs	13108			newNonFullTGDs	0		newFullTGDs	2281
nonFullTGDs	1783		fullTGDs	13208			newNonFullTGDs	0		newFullTGDs	2181
nonFullTGDs	1783		fullTGDs	13308			newNonFullTGDs	0		newFullTGDs	2081
nonFullTGDs	1783		fullTGDs	13408			newNonFullTGDs	0		newFullTGDs	1981
nonFullTGDs	1783		fullTGDs	13508			newNonFullTGDs	0		newFullTGDs	1881
nonFullTGDs	1783		fullTGDs	13608			newNonFullTGDs	0		newFullTGDs	1781
nonFullTGDs	1783		fullTGDs	13708			newNonFullTGDs	0		newFullTGDs	1681
nonFullTGDs	1783		fullTGDs	13808			newNonFullTGDs	0		newFullTGDs	1581
nonFullTGDs	1783		fullTGDs	13908			newNonFullTGDs	0		newFullTGDs	1481
nonFullTGDs	1783		fullTGDs	14008			newNonFullTGDs	0		newFullTGDs	1381
nonFullTGDs	1783		fullTGDs	14108			newNonFullTGDs	0		newFullTGDs	1281
nonFullTGDs	1783		fullTGDs	14208			newNonFullTGDs	0		newFullTGDs	1181
nonFullTGDs	1783		fullTGDs	14308			newNonFullTGDs	0		newFullTGDs	1081
nonFullTGDs	1783		fullTGDs	14408			newNonFullTGDs	0		newFullTGDs	981
nonFullTGDs	1783		fullTGDs	14508			newNonFullTGDs	0		newFullTGDs	881
nonFullTGDs	1783		fullTGDs	14608			newNonFullTGDs	0		newFullTGDs	781
nonFullTGDs	1783		fullTGDs	14708			newNonFullTGDs	0		newFullTGDs	681
nonFullTGDs	1783		fullTGDs	14808			newNonFullTGDs	0		newFullTGDs	581
nonFullTGDs	1783		fullTGDs	14908			newNonFullTGDs	0		newFullTGDs	481
nonFullTGDs	1783		fullTGDs	15008			newNonFullTGDs	0		newFullTGDs	381
nonFullTGDs	1783		fullTGDs	15108			newNonFullTGDs	0		newFullTGDs	281
nonFullTGDs	1783		fullTGDs	15208			newNonFullTGDs	0		newFullTGDs	181
nonFullTGDs	1783		fullTGDs	15308			newNonFullTGDs	0		newFullTGDs	81
Dec 10, 2021 12:32:33 AM uk.ac.ox.cs.gsat.SaturationStatistics log
INFO: # initial TGDs: 391 , 940
Dec 10, 2021 12:32:33 AM uk.ac.ox.cs.gsat.SaturationStatistics log
INFO: SkSat total time : 1605 ms = 1.60 s
Dec 10, 2021 12:32:33 AM uk.ac.ox.cs.gsat.SaturationStatistics log
INFO: Subsumed elements : 789
Dec 10, 2021 12:32:33 AM uk.ac.ox.cs.gsat.SaturationStatistics log
INFO: Filter discarded elements : 1113793
Dec 10, 2021 12:32:33 AM uk.ac.ox.cs.gsat.SaturationStatistics log
INFO: subsumption time: 366 ms = 0.37 s
Dec 10, 2021 12:32:33 AM uk.ac.ox.cs.gsat.SaturationStatistics log
INFO: forward subsumption time: 289 ms = 0.29 s
Dec 10, 2021 12:32:33 AM uk.ac.ox.cs.gsat.SaturationStatistics log
INFO: backward subsumption time: 77 ms = 0.08 s
Dec 10, 2021 12:32:33 AM uk.ac.ox.cs.gsat.SaturationStatistics log
INFO: Derived full/non full TGDs: 15192 , 1548
Dec 10, 2021 12:32:33 AM uk.ac.ox.cs.gsat.SaturationStatistics log
INFO: discarded tautology count: 110
Dec 10, 2021 12:32:33 AM uk.ac.ox.cs.gsat.EvolveStatistics log
INFO: Stop because subsumed: 138
Dec 10, 2021 12:32:33 AM uk.ac.ox.cs.gsat.EvolveStatistics log
INFO: evolved equals to current: 0
Dec 10, 2021 12:32:33 AM uk.ac.ox.cs.gsat.EvolveStatistics log
INFO: evolved time: 518 ms = 0.52 s
Dec 10, 2021 12:32:33 AM uk.ac.ox.cs.gsat.EvolveStatistics log
INFO: evolve count: 26305
Dec 10, 2021 12:32:33 AM uk.ac.ox.cs.gsat.SkolemStatistics log
INFO: maximum number of Skolem atoms in body: 1
Dec 10, 2021 12:32:33 AM uk.ac.ox.cs.gsat.SkolemStatistics log
INFO: left derived TGD with Skolem in the body: 0
Dec 10, 2021 12:32:33 AM uk.ac.ox.cs.gsat.SkolemStatistics log
INFO: right derived TGD with Skolem in the body: 15108
Dec 10, 2021 12:32:33 AM uk.ac.ox.cs.gsat.SkolemStatistics log
INFO: derived TGD with more than two Skolem atoms in the body: 0
Dec 10, 2021 12:32:33 AM uk.ac.ox.cs.gsat.AbstractSaturation run
INFO: ouptput full TGDs not contained in the input: 0
Dec 10, 2021 12:32:33 AM uk.ac.ox.cs.gsat.App executeAllSteps
INFO: Rewriting completed!
Full TGD saturation: (391 dependecies)
Dec 10, 2021 12:32:33 AM uk.ac.ox.cs.gsat.App executeAllSteps
INFO: Writing the saturation in the Datalog file 00751.rul
