Starting Saturation...
Executing from DLGP files
SLF4J: Failed to load class "org.slf4j.impl.StaticLoggerBinder".
SLF4J: Defaulting to no-operation (NOP) logger implementation
SLF4J: See http://www.slf4j.org/codes.html#StaticLoggerBinder for further details.
# Rules: 90005; # Atoms: 0; # AtomSets: 0; # Queries: 0; # Constraints: 0
Full TGD saturation algorithm: GSat
Running GSat...
Dec 02, 2021 11:50:05 PM uk.ac.ox.cs.gsat.AbstractSaturation run
INFO: GSat discarded rules : 0/90005 = 0.000%
GSat discarded rules : 0/90005 = 0.000%
Dec 02, 2021 11:50:06 PM uk.ac.ox.cs.gsat.AbstractSaturation run
INFO: Subsumption method : disabled
nonFullTGDs	0		fullTGDs	67545			newNonFullTGDs	14431		newFullTGDs	0
nonFullTGDs	100		fullTGDs	67545			newNonFullTGDs	15021		newFullTGDs	1090
nonFullTGDs	200		fullTGDs	67545			newNonFullTGDs	16665		newFullTGDs	3892
nonFullTGDs	300		fullTGDs	67545			newNonFullTGDs	17932		newFullTGDs	6714
nonFullTGDs	400		fullTGDs	67545			newNonFullTGDs	18639		newFullTGDs	9517
nonFullTGDs	500		fullTGDs	67545			newNonFullTGDs	18950		newFullTGDs	12318
nonFullTGDs	600		fullTGDs	67545			newNonFullTGDs	19764		newFullTGDs	15080
nonFullTGDs	700		fullTGDs	67545			newNonFullTGDs	21362		newFullTGDs	17780
nonFullTGDs	800		fullTGDs	67545			newNonFullTGDs	23206		newFullTGDs	20480
nonFullTGDs	900		fullTGDs	67545			newNonFullTGDs	24783		newFullTGDs	23180
nonFullTGDs	1000		fullTGDs	67545			newNonFullTGDs	26328		newFullTGDs	25880
nonFullTGDs	1100		fullTGDs	67545			newNonFullTGDs	27710		newFullTGDs	28580
nonFullTGDs	1200		fullTGDs	67545			newNonFullTGDs	29192		newFullTGDs	31280
nonFullTGDs	1300		fullTGDs	67545			newNonFullTGDs	30604		newFullTGDs	33980
nonFullTGDs	1400		fullTGDs	67545			newNonFullTGDs	31935		newFullTGDs	36680
nonFullTGDs	1500		fullTGDs	67545			newNonFullTGDs	33081		newFullTGDs	39380
nonFullTGDs	1600		fullTGDs	67545			newNonFullTGDs	34109		newFullTGDs	42080
nonFullTGDs	1700		fullTGDs	67545			newNonFullTGDs	35039		newFullTGDs	44780
nonFullTGDs	1800		fullTGDs	67545			newNonFullTGDs	35978		newFullTGDs	47480
nonFullTGDs	1900		fullTGDs	67545			newNonFullTGDs	36832		newFullTGDs	50180
nonFullTGDs	2000		fullTGDs	67545			newNonFullTGDs	37364		newFullTGDs	52880
nonFullTGDs	2100		fullTGDs	67545			newNonFullTGDs	37797		newFullTGDs	55580
nonFullTGDs	2200		fullTGDs	67545			newNonFullTGDs	38611		newFullTGDs	58280
nonFullTGDs	2300		fullTGDs	67545			newNonFullTGDs	39377		newFullTGDs	60980
nonFullTGDs	2400		fullTGDs	67545			newNonFullTGDs	40060		newFullTGDs	63736
nonFullTGDs	2500		fullTGDs	67545			newNonFullTGDs	40763		newFullTGDs	66536
nonFullTGDs	2600		fullTGDs	67545			newNonFullTGDs	41170		newFullTGDs	69336
nonFullTGDs	2700		fullTGDs	67545			newNonFullTGDs	41502		newFullTGDs	72136
nonFullTGDs	2800		fullTGDs	67545			newNonFullTGDs	41838		newFullTGDs	74886
nonFullTGDs	2900		fullTGDs	67545			newNonFullTGDs	42441		newFullTGDs	77586
nonFullTGDs	3000		fullTGDs	67545			newNonFullTGDs	42698		newFullTGDs	80296
nonFullTGDs	3100		fullTGDs	67545			newNonFullTGDs	42949		newFullTGDs	83015
nonFullTGDs	3200		fullTGDs	67545			newNonFullTGDs	43004		newFullTGDs	85715
nonFullTGDs	3300		fullTGDs	67545			newNonFullTGDs	43472		newFullTGDs	88415
nonFullTGDs	3400		fullTGDs	67545			newNonFullTGDs	43963		newFullTGDs	91115
nonFullTGDs	3500		fullTGDs	67545			newNonFullTGDs	44314		newFullTGDs	93815
nonFullTGDs	3600		fullTGDs	67545			newNonFullTGDs	44717		newFullTGDs	96515
nonFullTGDs	3700		fullTGDs	67545			newNonFullTGDs	45057		newFullTGDs	99215
nonFullTGDs	3800		fullTGDs	67545			newNonFullTGDs	45359		newFullTGDs	101915
nonFullTGDs	3900		fullTGDs	67545			newNonFullTGDs	45528		newFullTGDs	104615
nonFullTGDs	4000		fullTGDs	67545			newNonFullTGDs	45566		newFullTGDs	107315
nonFullTGDs	4100		fullTGDs	67545			newNonFullTGDs	45750		newFullTGDs	110015
nonFullTGDs	4200		fullTGDs	67545			newNonFullTGDs	45950		newFullTGDs	112715
nonFullTGDs	4300		fullTGDs	67545			newNonFullTGDs	46074		newFullTGDs	115415
nonFullTGDs	4400		fullTGDs	67545			newNonFullTGDs	46177		newFullTGDs	118115
nonFullTGDs	4500		fullTGDs	67545			newNonFullTGDs	46213		newFullTGDs	120815
nonFullTGDs	4600		fullTGDs	67545			newNonFullTGDs	46213		newFullTGDs	123515
nonFullTGDs	4700		fullTGDs	67545			newNonFullTGDs	46213		newFullTGDs	126215
nonFullTGDs	4800		fullTGDs	67545			newNonFullTGDs	46146		newFullTGDs	128915
nonFullTGDs	4900		fullTGDs	67545			newNonFullTGDs	46046		newFullTGDs	131615
nonFullTGDs	5000		fullTGDs	67545			newNonFullTGDs	45946		newFullTGDs	134315
nonFullTGDs	5100		fullTGDs	67545			newNonFullTGDs	46814		newFullTGDs	136979
nonFullTGDs	5200		fullTGDs	67545			newNonFullTGDs	48692		newFullTGDs	139599
nonFullTGDs	5300		fullTGDs	67545			newNonFullTGDs	50430		newFullTGDs	142218
nonFullTGDs	5400		fullTGDs	67545			newNonFullTGDs	51954		newFullTGDs	144832
nonFullTGDs	5500		fullTGDs	67545			newNonFullTGDs	53622		newFullTGDs	147446
nonFullTGDs	5600		fullTGDs	67545			newNonFullTGDs	55423		newFullTGDs	150064
nonFullTGDs	5700		fullTGDs	67545			newNonFullTGDs	56986		newFullTGDs	152685
nonFullTGDs	5800		fullTGDs	67545			newNonFullTGDs	58379		newFullTGDs	155299
nonFullTGDs	5900		fullTGDs	67545			newNonFullTGDs	59725		newFullTGDs	157912
nonFullTGDs	6000		fullTGDs	67545			newNonFullTGDs	61092		newFullTGDs	160528
nonFullTGDs	6100		fullTGDs	67545			newNonFullTGDs	62247		newFullTGDs	163140
nonFullTGDs	6200		fullTGDs	67545			newNonFullTGDs	63799		newFullTGDs	165754
nonFullTGDs	6300		fullTGDs	67545			newNonFullTGDs	65155		newFullTGDs	168367
nonFullTGDs	6400		fullTGDs	67545			newNonFullTGDs	66560		newFullTGDs	170980
nonFullTGDs	6500		fullTGDs	67545			newNonFullTGDs	68074		newFullTGDs	173599
nonFullTGDs	6600		fullTGDs	67545			newNonFullTGDs	69405		newFullTGDs	176219
nonFullTGDs	6700		fullTGDs	67545			newNonFullTGDs	70551		newFullTGDs	178833
nonFullTGDs	6800		fullTGDs	67545			newNonFullTGDs	71759		newFullTGDs	181447
nonFullTGDs	6900		fullTGDs	67545			newNonFullTGDs	72904		newFullTGDs	184061
nonFullTGDs	7000		fullTGDs	67545			newNonFullTGDs	74220		newFullTGDs	186674
nonFullTGDs	7100		fullTGDs	67545			newNonFullTGDs	75622		newFullTGDs	189288
nonFullTGDs	7200		fullTGDs	67545			newNonFullTGDs	77149		newFullTGDs	191907
nonFullTGDs	7300		fullTGDs	67545			newNonFullTGDs	78486		newFullTGDs	194527
nonFullTGDs	7400		fullTGDs	67545			newNonFullTGDs	79637		newFullTGDs	197141
nonFullTGDs	7500		fullTGDs	67545			newNonFullTGDs	80957		newFullTGDs	199755
nonFullTGDs	7600		fullTGDs	67545			newNonFullTGDs	82516		newFullTGDs	202375
nonFullTGDs	7700		fullTGDs	67545			newNonFullTGDs	83987		newFullTGDs	204998
nonFullTGDs	7800		fullTGDs	67545			newNonFullTGDs	85409		newFullTGDs	207619
nonFullTGDs	7900		fullTGDs	67545			newNonFullTGDs	86839		newFullTGDs	210240
nonFullTGDs	8000		fullTGDs	67545			newNonFullTGDs	88042		newFullTGDs	212857
nonFullTGDs	8100		fullTGDs	67545			newNonFullTGDs	89317		newFullTGDs	215476
nonFullTGDs	8200		fullTGDs	67545			newNonFullTGDs	90591		newFullTGDs	218092
nonFullTGDs	8300		fullTGDs	67545			newNonFullTGDs	91735		newFullTGDs	220709
nonFullTGDs	8400		fullTGDs	67545			newNonFullTGDs	92836		newFullTGDs	223323
nonFullTGDs	8500		fullTGDs	67545			newNonFullTGDs	94074		newFullTGDs	225941
nonFullTGDs	8600		fullTGDs	67545			newNonFullTGDs	95189		newFullTGDs	228562
nonFullTGDs	8700		fullTGDs	67545			newNonFullTGDs	96326		newFullTGDs	231181
nonFullTGDs	8800		fullTGDs	67545			newNonFullTGDs	97620		newFullTGDs	233811
nonFullTGDs	8900		fullTGDs	67545			newNonFullTGDs	98884		newFullTGDs	236447
nonFullTGDs	9000		fullTGDs	67545			newNonFullTGDs	99757		newFullTGDs	239079
nonFullTGDs	9100		fullTGDs	67545			newNonFullTGDs	100463		newFullTGDs	241707
nonFullTGDs	9200		fullTGDs	67545			newNonFullTGDs	101697		newFullTGDs	244331
nonFullTGDs	9300		fullTGDs	67545			newNonFullTGDs	102650		newFullTGDs	246949
nonFullTGDs	9400		fullTGDs	67545			newNonFullTGDs	103188		newFullTGDs	249561
nonFullTGDs	9500		fullTGDs	67545			newNonFullTGDs	103392		newFullTGDs	252173
nonFullTGDs	9600		fullTGDs	67545			newNonFullTGDs	103940		newFullTGDs	254789
nonFullTGDs	9700		fullTGDs	67545			newNonFullTGDs	104907		newFullTGDs	257403
nonFullTGDs	9800		fullTGDs	67545			newNonFullTGDs	105834		newFullTGDs	260010
nonFullTGDs	9900		fullTGDs	67545			newNonFullTGDs	106790		newFullTGDs	262624
nonFullTGDs	10000		fullTGDs	67545			newNonFullTGDs	107754		newFullTGDs	265237
nonFullTGDs	10100		fullTGDs	67545			newNonFullTGDs	108713		newFullTGDs	267843
nonFullTGDs	10200		fullTGDs	67545			newNonFullTGDs	109735		newFullTGDs	270465
nonFullTGDs	10300		fullTGDs	67545			newNonFullTGDs	110709		newFullTGDs	273083
nonFullTGDs	10400		fullTGDs	67545			newNonFullTGDs	111726		newFullTGDs	275703
nonFullTGDs	10500		fullTGDs	67545			newNonFullTGDs	112694		newFullTGDs	278317
nonFullTGDs	10600		fullTGDs	67545			newNonFullTGDs	113585		newFullTGDs	280924
nonFullTGDs	10700		fullTGDs	67545			newNonFullTGDs	114443		newFullTGDs	283537
nonFullTGDs	10800		fullTGDs	67545			newNonFullTGDs	115220		newFullTGDs	286144
nonFullTGDs	10900		fullTGDs	67545			newNonFullTGDs	115977		newFullTGDs	288756
nonFullTGDs	11000		fullTGDs	67545			newNonFullTGDs	116659		newFullTGDs	291363
nonFullTGDs	11100		fullTGDs	67545			newNonFullTGDs	117316		newFullTGDs	293976
nonFullTGDs	11200		fullTGDs	67545			newNonFullTGDs	117980		newFullTGDs	296582
nonFullTGDs	11300		fullTGDs	67545			newNonFullTGDs	118844		newFullTGDs	299196
nonFullTGDs	11400		fullTGDs	67545			newNonFullTGDs	119687		newFullTGDs	301810
nonFullTGDs	11500		fullTGDs	67545			newNonFullTGDs	120550		newFullTGDs	304423
nonFullTGDs	11600		fullTGDs	67545			newNonFullTGDs	121368		newFullTGDs	307031
nonFullTGDs	11700		fullTGDs	67545			newNonFullTGDs	122234		newFullTGDs	309644
nonFullTGDs	11800		fullTGDs	67545			newNonFullTGDs	123124		newFullTGDs	312257
nonFullTGDs	11900		fullTGDs	67545			newNonFullTGDs	124022		newFullTGDs	314877
nonFullTGDs	12000		fullTGDs	67545			newNonFullTGDs	124940		newFullTGDs	317497
nonFullTGDs	12100		fullTGDs	67545			newNonFullTGDs	125809		newFullTGDs	320110
nonFullTGDs	12200		fullTGDs	67545			newNonFullTGDs	126676		newFullTGDs	322724
nonFullTGDs	12300		fullTGDs	67545			newNonFullTGDs	127267		newFullTGDs	325329
nonFullTGDs	12400		fullTGDs	67545			newNonFullTGDs	127789		newFullTGDs	327943
nonFullTGDs	12500		fullTGDs	67545			newNonFullTGDs	128446		newFullTGDs	330549
nonFullTGDs	12600		fullTGDs	67545			newNonFullTGDs	129189		newFullTGDs	333163
nonFullTGDs	12700		fullTGDs	67545			newNonFullTGDs	129872		newFullTGDs	335768
nonFullTGDs	12800		fullTGDs	67545			newNonFullTGDs	130495		newFullTGDs	338383
nonFullTGDs	12900		fullTGDs	67545			newNonFullTGDs	131050		newFullTGDs	340988
nonFullTGDs	13000		fullTGDs	67545			newNonFullTGDs	131605		newFullTGDs	343601
nonFullTGDs	13100		fullTGDs	67545			newNonFullTGDs	132103		newFullTGDs	346208
nonFullTGDs	13200		fullTGDs	67545			newNonFullTGDs	132559		newFullTGDs	348814
nonFullTGDs	13300		fullTGDs	67545			newNonFullTGDs	132981		newFullTGDs	351427
nonFullTGDs	13400		fullTGDs	67545			newNonFullTGDs	133630		newFullTGDs	354059
nonFullTGDs	13500		fullTGDs	67545			newNonFullTGDs	134385		newFullTGDs	356698
nonFullTGDs	13600		fullTGDs	67545			newNonFullTGDs	135289		newFullTGDs	359326
nonFullTGDs	13700		fullTGDs	67545			newNonFullTGDs	136193		newFullTGDs	361954
nonFullTGDs	13800		fullTGDs	67545			newNonFullTGDs	136873		newFullTGDs	364582
nonFullTGDs	13900		fullTGDs	67545			newNonFullTGDs	137379		newFullTGDs	367210
nonFullTGDs	14000		fullTGDs	67545			newNonFullTGDs	137931		newFullTGDs	369835
nonFullTGDs	14100		fullTGDs	67545			newNonFullTGDs	138670		newFullTGDs	372448
nonFullTGDs	14200		fullTGDs	67545			newNonFullTGDs	139396		newFullTGDs	375055
nonFullTGDs	14300		fullTGDs	67545			newNonFullTGDs	140123		newFullTGDs	377669
nonFullTGDs	14400		fullTGDs	67545			newNonFullTGDs	140859		newFullTGDs	380282
nonFullTGDs	14500		fullTGDs	67545			newNonFullTGDs	141597		newFullTGDs	382893
nonFullTGDs	14600		fullTGDs	67545			newNonFullTGDs	142361		newFullTGDs	385515
nonFullTGDs	14700		fullTGDs	67545			newNonFullTGDs	143103		newFullTGDs	388129
nonFullTGDs	14800		fullTGDs	67545			newNonFullTGDs	143865		newFullTGDs	390748
nonFullTGDs	14900		fullTGDs	67545			newNonFullTGDs	144604		newFullTGDs	393362
nonFullTGDs	15000		fullTGDs	67545			newNonFullTGDs	145205		newFullTGDs	395969
nonFullTGDs	15100		fullTGDs	67545			newNonFullTGDs	145641		newFullTGDs	398582
nonFullTGDs	15200		fullTGDs	67545			newNonFullTGDs	146054		newFullTGDs	401189
nonFullTGDs	15300		fullTGDs	67545			newNonFullTGDs	146395		newFullTGDs	403796
nonFullTGDs	15400		fullTGDs	67545			newNonFullTGDs	146715		newFullTGDs	406408
nonFullTGDs	15500		fullTGDs	67545			newNonFullTGDs	147025		newFullTGDs	409013
nonFullTGDs	15600		fullTGDs	67545			newNonFullTGDs	147634		newFullTGDs	411623
nonFullTGDs	15700		fullTGDs	67545			newNonFullTGDs	148247		newFullTGDs	414232
nonFullTGDs	15800		fullTGDs	67545			newNonFullTGDs	148748		newFullTGDs	416837
nonFullTGDs	15900		fullTGDs	67545			newNonFullTGDs	149277		newFullTGDs	419452
nonFullTGDs	16000		fullTGDs	67545			newNonFullTGDs	149731		newFullTGDs	422057
nonFullTGDs	16100		fullTGDs	67545			newNonFullTGDs	150152		newFullTGDs	424671
nonFullTGDs	16200		fullTGDs	67545			newNonFullTGDs	150466		newFullTGDs	427276
nonFullTGDs	16300		fullTGDs	67545			newNonFullTGDs	150753		newFullTGDs	429881
nonFullTGDs	16400		fullTGDs	67545			newNonFullTGDs	151091		newFullTGDs	432495
nonFullTGDs	16500		fullTGDs	67545			newNonFullTGDs	151354		newFullTGDs	435100
nonFullTGDs	16600		fullTGDs	67545			newNonFullTGDs	151584		newFullTGDs	437705
nonFullTGDs	16700		fullTGDs	67545			newNonFullTGDs	151805		newFullTGDs	440319
nonFullTGDs	16800		fullTGDs	67545			newNonFullTGDs	152411		newFullTGDs	442933
nonFullTGDs	16900		fullTGDs	67545			newNonFullTGDs	153151		newFullTGDs	445549
nonFullTGDs	17000		fullTGDs	67545			newNonFullTGDs	153892		newFullTGDs	448165
nonFullTGDs	17100		fullTGDs	67545			newNonFullTGDs	154243		newFullTGDs	450777
nonFullTGDs	17200		fullTGDs	67545			newNonFullTGDs	154592		newFullTGDs	453393
nonFullTGDs	17300		fullTGDs	67545			newNonFullTGDs	155050		newFullTGDs	456001
nonFullTGDs	17400		fullTGDs	67545			newNonFullTGDs	155274		newFullTGDs	458609
nonFullTGDs	17500		fullTGDs	67545			newNonFullTGDs	155369		newFullTGDs	461221
nonFullTGDs	17600		fullTGDs	67545			newNonFullTGDs	156077		newFullTGDs	463862
nonFullTGDs	17700		fullTGDs	67545			newNonFullTGDs	156479		newFullTGDs	466502
nonFullTGDs	17800		fullTGDs	67545			newNonFullTGDs	156908		newFullTGDs	469136
nonFullTGDs	17900		fullTGDs	67545			newNonFullTGDs	157509		newFullTGDs	471750
nonFullTGDs	18000		fullTGDs	67545			newNonFullTGDs	158109		newFullTGDs	474358
nonFullTGDs	18100		fullTGDs	67545			newNonFullTGDs	158710		newFullTGDs	476970
nonFullTGDs	18200		fullTGDs	67545			newNonFullTGDs	159311		newFullTGDs	479583
nonFullTGDs	18300		fullTGDs	67545			newNonFullTGDs	159911		newFullTGDs	482191
nonFullTGDs	18400		fullTGDs	67545			newNonFullTGDs	160513		newFullTGDs	484810
nonFullTGDs	18500		fullTGDs	67545			newNonFullTGDs	161115		newFullTGDs	487431
nonFullTGDs	18600		fullTGDs	67545			newNonFullTGDs	161717		newFullTGDs	490050
nonFullTGDs	18700		fullTGDs	67545			newNonFullTGDs	162317		newFullTGDs	492660
nonFullTGDs	18800		fullTGDs	67545			newNonFullTGDs	162805		newFullTGDs	495276
nonFullTGDs	18900		fullTGDs	67545			newNonFullTGDs	163106		newFullTGDs	497889
nonFullTGDs	19000		fullTGDs	67545			newNonFullTGDs	163406		newFullTGDs	500496
nonFullTGDs	19100		fullTGDs	67545			newNonFullTGDs	163654		newFullTGDs	503101
nonFullTGDs	19200		fullTGDs	67545			newNonFullTGDs	163855		newFullTGDs	505714
nonFullTGDs	19300		fullTGDs	67545			newNonFullTGDs	164055		newFullTGDs	508320
nonFullTGDs	19400		fullTGDs	67545			newNonFullTGDs	164176		newFullTGDs	510931
nonFullTGDs	19500		fullTGDs	67545			newNonFullTGDs	164277		newFullTGDs	513544
nonFullTGDs	19600		fullTGDs	67545			newNonFullTGDs	164379		newFullTGDs	516150
nonFullTGDs	19700		fullTGDs	67545			newNonFullTGDs	164493		newFullTGDs	518754
nonFullTGDs	19800		fullTGDs	67545			newNonFullTGDs	164441		newFullTGDs	521360
nonFullTGDs	19900		fullTGDs	67545			newNonFullTGDs	164882		newFullTGDs	523971
nonFullTGDs	20000		fullTGDs	67545			newNonFullTGDs	165382		newFullTGDs	526584
nonFullTGDs	20100		fullTGDs	67545			newNonFullTGDs	165761		newFullTGDs	529189
nonFullTGDs	20200		fullTGDs	67545			newNonFullTGDs	166162		newFullTGDs	531803
nonFullTGDs	20300		fullTGDs	67545			newNonFullTGDs	166489		newFullTGDs	534408
nonFullTGDs	20400		fullTGDs	67545			newNonFullTGDs	166790		newFullTGDs	537023
nonFullTGDs	20500		fullTGDs	67545			newNonFullTGDs	166995		newFullTGDs	539628
nonFullTGDs	20600		fullTGDs	67545			newNonFullTGDs	167123		newFullTGDs	542233
nonFullTGDs	20700		fullTGDs	67545			newNonFullTGDs	167324		newFullTGDs	544845
nonFullTGDs	20800		fullTGDs	67545			newNonFullTGDs	167470		newFullTGDs	547452
nonFullTGDs	20900		fullTGDs	67545			newNonFullTGDs	167557		newFullTGDs	550056
nonFullTGDs	21000		fullTGDs	67545			newNonFullTGDs	167658		newFullTGDs	552669
nonFullTGDs	21100		fullTGDs	67545			newNonFullTGDs	167742		newFullTGDs	555276
nonFullTGDs	21200		fullTGDs	67545			newNonFullTGDs	167703		newFullTGDs	557880
nonFullTGDs	21300		fullTGDs	67545			newNonFullTGDs	167632		newFullTGDs	560484
nonFullTGDs	21400		fullTGDs	67545			newNonFullTGDs	167631		newFullTGDs	563096
nonFullTGDs	21500		fullTGDs	67545			newNonFullTGDs	167620		newFullTGDs	565704
nonFullTGDs	21600		fullTGDs	67545			newNonFullTGDs	167540		newFullTGDs	568309
nonFullTGDs	21700		fullTGDs	67545			newNonFullTGDs	167441		newFullTGDs	570921
nonFullTGDs	21800		fullTGDs	67545			newNonFullTGDs	167429		newFullTGDs	573545
nonFullTGDs	21900		fullTGDs	67545			newNonFullTGDs	167891		newFullTGDs	576168
nonFullTGDs	22000		fullTGDs	67545			newNonFullTGDs	168391		newFullTGDs	578782
nonFullTGDs	22100		fullTGDs	67545			newNonFullTGDs	168891		newFullTGDs	581392
nonFullTGDs	22200		fullTGDs	67545			newNonFullTGDs	169391		newFullTGDs	584002
nonFullTGDs	22300		fullTGDs	67545			newNonFullTGDs	169891		newFullTGDs	586615
nonFullTGDs	22400		fullTGDs	67545			newNonFullTGDs	170391		newFullTGDs	589229
nonFullTGDs	22500		fullTGDs	67545			newNonFullTGDs	170891		newFullTGDs	591848
nonFullTGDs	22600		fullTGDs	67545			newNonFullTGDs	171391		newFullTGDs	594468
nonFullTGDs	22700		fullTGDs	67545			newNonFullTGDs	171891		newFullTGDs	597082
nonFullTGDs	22800		fullTGDs	67545			newNonFullTGDs	172391		newFullTGDs	599695
nonFullTGDs	22900		fullTGDs	67545			newNonFullTGDs	172824		newFullTGDs	602301
nonFullTGDs	23000		fullTGDs	67545			newNonFullTGDs	173224		newFullTGDs	604916
nonFullTGDs	23100		fullTGDs	67545			newNonFullTGDs	173544		newFullTGDs	607521
nonFullTGDs	23200		fullTGDs	67545			newNonFullTGDs	173844		newFullTGDs	610135
nonFullTGDs	23300		fullTGDs	67545			newNonFullTGDs	174217		newFullTGDs	612749
nonFullTGDs	23400		fullTGDs	67545			newNonFullTGDs	174617		newFullTGDs	615362
nonFullTGDs	23500		fullTGDs	67545			newNonFullTGDs	175017		newFullTGDs	617968
nonFullTGDs	23600		fullTGDs	67545			newNonFullTGDs	175417		newFullTGDs	620583
nonFullTGDs	23700		fullTGDs	67545			newNonFullTGDs	175817		newFullTGDs	623196
nonFullTGDs	23800		fullTGDs	67545			newNonFullTGDs	176217		newFullTGDs	625810
nonFullTGDs	23900		fullTGDs	67545			newNonFullTGDs	176617		newFullTGDs	628429
nonFullTGDs	24000		fullTGDs	67545			newNonFullTGDs	177017		newFullTGDs	631042
nonFullTGDs	24100		fullTGDs	67545			newNonFullTGDs	177417		newFullTGDs	633662
nonFullTGDs	24200		fullTGDs	67545			newNonFullTGDs	177817		newFullTGDs	636276
nonFullTGDs	24300		fullTGDs	67545			newNonFullTGDs	178167		newFullTGDs	638890
nonFullTGDs	24400		fullTGDs	67545			newNonFullTGDs	178467		newFullTGDs	641504
nonFullTGDs	24500		fullTGDs	67545			newNonFullTGDs	178767		newFullTGDs	644111
nonFullTGDs	24600		fullTGDs	67545			newNonFullTGDs	179067		newFullTGDs	646724
nonFullTGDs	24700		fullTGDs	67545			newNonFullTGDs	179367		newFullTGDs	649337
nonFullTGDs	24800		fullTGDs	67545			newNonFullTGDs	179667		newFullTGDs	651944
nonFullTGDs	24900		fullTGDs	67545			newNonFullTGDs	179967		newFullTGDs	654563
nonFullTGDs	25000		fullTGDs	67545			newNonFullTGDs	180267		newFullTGDs	657184
nonFullTGDs	25100		fullTGDs	67545			newNonFullTGDs	180567		newFullTGDs	659803
nonFullTGDs	25200		fullTGDs	67545			newNonFullTGDs	180867		newFullTGDs	662417
nonFullTGDs	25300		fullTGDs	67545			newNonFullTGDs	181086		newFullTGDs	665030
nonFullTGDs	25400		fullTGDs	67545			newNonFullTGDs	181286		newFullTGDs	667642
nonFullTGDs	25500		fullTGDs	67545			newNonFullTGDs	181486		newFullTGDs	670249
nonFullTGDs	25600		fullTGDs	67545			newNonFullTGDs	181627		newFullTGDs	672854
nonFullTGDs	25700		fullTGDs	67545			newNonFullTGDs	181727		newFullTGDs	675468
nonFullTGDs	25800		fullTGDs	67545			newNonFullTGDs	181827		newFullTGDs	678073
nonFullTGDs	25900		fullTGDs	67545			newNonFullTGDs	181840		newFullTGDs	680684
nonFullTGDs	26000		fullTGDs	67545			newNonFullTGDs	181840		newFullTGDs	683297
nonFullTGDs	26100		fullTGDs	67545			newNonFullTGDs	181840		newFullTGDs	685903
nonFullTGDs	26200		fullTGDs	67545			newNonFullTGDs	181840		newFullTGDs	688507
nonFullTGDs	26300		fullTGDs	67545			newNonFullTGDs	181982		newFullTGDs	691117
nonFullTGDs	26400		fullTGDs	67545			newNonFullTGDs	182182		newFullTGDs	693731
nonFullTGDs	26500		fullTGDs	67545			newNonFullTGDs	182431		newFullTGDs	696337
nonFullTGDs	26600		fullTGDs	67545			newNonFullTGDs	182731		newFullTGDs	698950
nonFullTGDs	26700		fullTGDs	67545			newNonFullTGDs	182969		newFullTGDs	701556
nonFullTGDs	26800		fullTGDs	67545			newNonFullTGDs	183169		newFullTGDs	704170
nonFullTGDs	26900		fullTGDs	67545			newNonFullTGDs	183279		newFullTGDs	706775
nonFullTGDs	27000		fullTGDs	67545			newNonFullTGDs	183365		newFullTGDs	709380
nonFullTGDs	27100		fullTGDs	67545			newNonFullTGDs	183465		newFullTGDs	711993
nonFullTGDs	27200		fullTGDs	67545			newNonFullTGDs	183482		newFullTGDs	714599
nonFullTGDs	27300		fullTGDs	67545			newNonFullTGDs	183455		newFullTGDs	717204
nonFullTGDs	27400		fullTGDs	67545			newNonFullTGDs	183430		newFullTGDs	719808
nonFullTGDs	27500		fullTGDs	67545			newNonFullTGDs	183430		newFullTGDs	722423
nonFullTGDs	27600		fullTGDs	67545			newNonFullTGDs	183372		newFullTGDs	725028
nonFullTGDs	27700		fullTGDs	67545			newNonFullTGDs	183272		newFullTGDs	727635
nonFullTGDs	27800		fullTGDs	67545			newNonFullTGDs	183172		newFullTGDs	730247
nonFullTGDs	27900		fullTGDs	67545			newNonFullTGDs	183327		newFullTGDs	732861
nonFullTGDs	28000		fullTGDs	67545			newNonFullTGDs	183527		newFullTGDs	735474
nonFullTGDs	28100		fullTGDs	67545			newNonFullTGDs	183727		newFullTGDs	738080
nonFullTGDs	28200		fullTGDs	67545			newNonFullTGDs	183927		newFullTGDs	740695
nonFullTGDs	28300		fullTGDs	67545			newNonFullTGDs	184127		newFullTGDs	743308
nonFullTGDs	28400		fullTGDs	67545			newNonFullTGDs	184327		newFullTGDs	745921
nonFullTGDs	28500		fullTGDs	67545			newNonFullTGDs	184527		newFullTGDs	748541
nonFullTGDs	28600		fullTGDs	67545			newNonFullTGDs	184727		newFullTGDs	751158
nonFullTGDs	28700		fullTGDs	67545			newNonFullTGDs	184927		newFullTGDs	753774
nonFullTGDs	28800		fullTGDs	67545			newNonFullTGDs	185127		newFullTGDs	756388
nonFullTGDs	28900		fullTGDs	67545			newNonFullTGDs	185265		newFullTGDs	758994
nonFullTGDs	29000		fullTGDs	67545			newNonFullTGDs	185365		newFullTGDs	761607
nonFullTGDs	29100		fullTGDs	67545			newNonFullTGDs	185431		newFullTGDs	764214
nonFullTGDs	29200		fullTGDs	67545			newNonFullTGDs	185431		newFullTGDs	766826
nonFullTGDs	29300		fullTGDs	67545			newNonFullTGDs	185431		newFullTGDs	769433
nonFullTGDs	29400		fullTGDs	67545			newNonFullTGDs	185492		newFullTGDs	772038
nonFullTGDs	29500		fullTGDs	67545			newNonFullTGDs	185592		newFullTGDs	774652
nonFullTGDs	29600		fullTGDs	67545			newNonFullTGDs	185764		newFullTGDs	777257
nonFullTGDs	29700		fullTGDs	67545			newNonFullTGDs	185948		newFullTGDs	779872
nonFullTGDs	29800		fullTGDs	67545			newNonFullTGDs	186079		newFullTGDs	782477
Dec 03, 2021 12:00:05 AM uk.ac.ox.cs.gsat.SaturationStatistics log
INFO: # initial TGDs: 67545 , 14431
Dec 03, 2021 12:00:05 AM uk.ac.ox.cs.gsat.SaturationStatistics log
INFO: GSat total time : 600002 ms = 600.00 s
Dec 03, 2021 12:00:05 AM uk.ac.ox.cs.gsat.SaturationStatistics log
INFO: Subsumed elements : 0
Dec 03, 2021 12:00:05 AM uk.ac.ox.cs.gsat.SaturationStatistics log
INFO: Filter discarded elements : 0
Dec 03, 2021 12:00:05 AM uk.ac.ox.cs.gsat.SaturationStatistics log
INFO: subsumption time: 908 ms = 0.91 s
Dec 03, 2021 12:00:05 AM uk.ac.ox.cs.gsat.SaturationStatistics log
INFO: forward subsumption time: 884 ms = 0.88 s
Dec 03, 2021 12:00:05 AM uk.ac.ox.cs.gsat.SaturationStatistics log
INFO: backward subsumption time: 24 ms = 0.02 s
Dec 03, 2021 12:00:05 AM uk.ac.ox.cs.gsat.SaturationStatistics log
INFO: Derived full/non full TGDs: 893082 , 809337
Dec 03, 2021 12:00:05 AM uk.ac.ox.cs.gsat.SaturationStatistics log
INFO: discarded tautology count: 0
Dec 03, 2021 12:00:05 AM uk.ac.ox.cs.gsat.SaturationStatistics log
INFO: !!! TIME OUT !!!
Dec 03, 2021 12:00:05 AM uk.ac.ox.cs.gsat.EvolveStatistics log
INFO: Stop because subsumed: 53
Dec 03, 2021 12:00:05 AM uk.ac.ox.cs.gsat.EvolveStatistics log
INFO: evolved equals to current: 113573
Dec 03, 2021 12:00:05 AM uk.ac.ox.cs.gsat.EvolveStatistics log
INFO: evolved time: 447864 ms = 447.86 s
Dec 03, 2021 12:00:05 AM uk.ac.ox.cs.gsat.EvolveStatistics log
INFO: evolve count: 37135537
Dec 03, 2021 12:00:05 AM uk.ac.ox.cs.gsat.AbstractSaturation run
INFO: ouptput full TGDs not contained in the input: 783284
Dec 03, 2021 12:00:05 AM uk.ac.ox.cs.gsat.App executeAllSteps
INFO: Rewriting completed!
Full TGD saturation: (850829 dependecies)
Dec 03, 2021 12:00:05 AM uk.ac.ox.cs.gsat.App executeAllSteps
INFO: Writing the saturation in the Datalog file 00047.rul
