Starting Saturation...
Executing from DLGP files
SLF4J: Failed to load class "org.slf4j.impl.StaticLoggerBinder".
SLF4J: Defaulting to no-operation (NOP) logger implementation
SLF4J: See http://www.slf4j.org/codes.html#StaticLoggerBinder for further details.
# Rules: 14; # Atoms: 0; # AtomSets: 0; # Queries: 0; # Constraints: 0
Full TGD saturation algorithm: GSat
Running GSat...
Dec 03, 2021 12:39:28 AM uk.ac.ox.cs.gsat.AbstractSaturation run
INFO: GSat discarded rules : 0/14 = 0.000%
GSat discarded rules : 0/14 = 0.000%
Dec 03, 2021 12:39:28 AM uk.ac.ox.cs.gsat.AbstractSaturation run
INFO: Subsumption method : disabled
nonFullTGDs	0		fullTGDs	8			newNonFullTGDs	6		newFullTGDs	0
Dec 03, 2021 12:39:28 AM uk.ac.ox.cs.gsat.SaturationStatistics log
INFO: # initial TGDs: 8 , 6
Dec 03, 2021 12:39:28 AM uk.ac.ox.cs.gsat.SaturationStatistics log
INFO: GSat total time : 59 ms = 0.06 s
Dec 03, 2021 12:39:28 AM uk.ac.ox.cs.gsat.SaturationStatistics log
INFO: Subsumed elements : 0
Dec 03, 2021 12:39:28 AM uk.ac.ox.cs.gsat.SaturationStatistics log
INFO: Filter discarded elements : 0
Dec 03, 2021 12:39:28 AM uk.ac.ox.cs.gsat.SaturationStatistics log
INFO: subsumption time: 0 ms = 0.00 s
Dec 03, 2021 12:39:28 AM uk.ac.ox.cs.gsat.SaturationStatistics log
INFO: forward subsumption time: 0 ms = 0.00 s
Dec 03, 2021 12:39:28 AM uk.ac.ox.cs.gsat.SaturationStatistics log
INFO: backward subsumption time: 0 ms = 0.00 s
Dec 03, 2021 12:39:28 AM uk.ac.ox.cs.gsat.SaturationStatistics log
INFO: Derived full/non full TGDs: 0 , 2
Dec 03, 2021 12:39:28 AM uk.ac.ox.cs.gsat.SaturationStatistics log
INFO: discarded tautology count: 0
Dec 03, 2021 12:39:28 AM uk.ac.ox.cs.gsat.EvolveStatistics log
INFO: Stop because subsumed: 2
Dec 03, 2021 12:39:28 AM uk.ac.ox.cs.gsat.EvolveStatistics log
INFO: evolved equals to current: 2
Dec 03, 2021 12:39:28 AM uk.ac.ox.cs.gsat.EvolveStatistics log
INFO: evolved time: 7 ms = 0.01 s
Dec 03, 2021 12:39:28 AM uk.ac.ox.cs.gsat.EvolveStatistics log
INFO: evolve count: 11
Dec 03, 2021 12:39:28 AM uk.ac.ox.cs.gsat.AbstractSaturation run
INFO: ouptput full TGDs not contained in the input: 0
Dec 03, 2021 12:39:28 AM uk.ac.ox.cs.gsat.App executeAllSteps
INFO: Rewriting completed!
Full TGD saturation: (8 dependecies)
Dec 03, 2021 12:39:28 AM uk.ac.ox.cs.gsat.App executeAllSteps
INFO: Writing the saturation in the Datalog file 00218.rul
