Starting Saturation...
Executing from DLGP files
SLF4J: Failed to load class "org.slf4j.impl.StaticLoggerBinder".
SLF4J: Defaulting to no-operation (NOP) logger implementation
SLF4J: See http://www.slf4j.org/codes.html#StaticLoggerBinder for further details.
# Rules: 1980; # Atoms: 0; # AtomSets: 0; # Queries: 0; # Constraints: 0
Full TGD saturation algorithm: GSat
Running GSat...
Dec 03, 2021 3:28:57 AM uk.ac.ox.cs.gsat.AbstractSaturation run
INFO: GSat discarded rules : 0/1980 = 0.000%
GSat discarded rules : 0/1980 = 0.000%
Dec 03, 2021 3:28:57 AM uk.ac.ox.cs.gsat.AbstractSaturation run
INFO: Subsumption method : disabled
nonFullTGDs	0		fullTGDs	1286			newNonFullTGDs	694		newFullTGDs	0
nonFullTGDs	100		fullTGDs	1286			newNonFullTGDs	1793		newFullTGDs	1112
nonFullTGDs	200		fullTGDs	1286			newNonFullTGDs	2124		newFullTGDs	1451
nonFullTGDs	300		fullTGDs	1286			newNonFullTGDs	3103		newFullTGDs	2441
nonFullTGDs	400		fullTGDs	1286			newNonFullTGDs	3871		newFullTGDs	3211
nonFullTGDs	500		fullTGDs	1286			newNonFullTGDs	5538		newFullTGDs	4882
nonFullTGDs	600		fullTGDs	1286			newNonFullTGDs	6942		newFullTGDs	6305
nonFullTGDs	700		fullTGDs	1286			newNonFullTGDs	7650		newFullTGDs	7026
nonFullTGDs	800		fullTGDs	1286			newNonFullTGDs	14165		newFullTGDs	13602
nonFullTGDs	900		fullTGDs	1286			newNonFullTGDs	19399		newFullTGDs	19077
nonFullTGDs	1000		fullTGDs	1286			newNonFullTGDs	23802		newFullTGDs	23852
nonFullTGDs	1100		fullTGDs	1286			newNonFullTGDs	30281		newFullTGDs	30619
nonFullTGDs	1200		fullTGDs	1286			newNonFullTGDs	31599		newFullTGDs	32434
nonFullTGDs	1300		fullTGDs	1286			newNonFullTGDs	32629		newFullTGDs	34361
nonFullTGDs	1400		fullTGDs	1286			newNonFullTGDs	36183		newFullTGDs	38359
nonFullTGDs	1500		fullTGDs	1286			newNonFullTGDs	43212		newFullTGDs	45987
nonFullTGDs	1600		fullTGDs	1286			newNonFullTGDs	43856		newFullTGDs	47485
nonFullTGDs	1700		fullTGDs	1286			newNonFullTGDs	46924		newFullTGDs	53736
nonFullTGDs	1800		fullTGDs	1286			newNonFullTGDs	51862		newFullTGDs	61437
nonFullTGDs	1900		fullTGDs	1286			newNonFullTGDs	56923		newFullTGDs	69138
nonFullTGDs	2000		fullTGDs	1286			newNonFullTGDs	61190		newFullTGDs	76840
nonFullTGDs	2100		fullTGDs	1286			newNonFullTGDs	65268		newFullTGDs	83637
nonFullTGDs	2200		fullTGDs	1286			newNonFullTGDs	71264		newFullTGDs	90496
nonFullTGDs	2300		fullTGDs	1286			newNonFullTGDs	74971		newFullTGDs	95054
nonFullTGDs	2400		fullTGDs	1286			newNonFullTGDs	80638		newFullTGDs	101932
nonFullTGDs	2500		fullTGDs	1286			newNonFullTGDs	86764		newFullTGDs	109633
nonFullTGDs	2600		fullTGDs	1286			newNonFullTGDs	92069		newFullTGDs	116885
nonFullTGDs	2700		fullTGDs	1286			newNonFullTGDs	97708		newFullTGDs	124585
nonFullTGDs	2800		fullTGDs	1286			newNonFullTGDs	103455		newFullTGDs	132287
nonFullTGDs	2900		fullTGDs	1286			newNonFullTGDs	107964		newFullTGDs	138605
nonFullTGDs	3000		fullTGDs	1286			newNonFullTGDs	113040		newFullTGDs	146152
nonFullTGDs	3100		fullTGDs	1286			newNonFullTGDs	116100		newFullTGDs	152458
nonFullTGDs	3200		fullTGDs	1286			newNonFullTGDs	118613		newFullTGDs	156415
nonFullTGDs	3300		fullTGDs	1286			newNonFullTGDs	119006		newFullTGDs	157263
nonFullTGDs	3400		fullTGDs	1286			newNonFullTGDs	121986		newFullTGDs	161909
nonFullTGDs	3500		fullTGDs	1286			newNonFullTGDs	125140		newFullTGDs	166658
nonFullTGDs	3600		fullTGDs	1286			newNonFullTGDs	129387		newFullTGDs	174206
nonFullTGDs	3700		fullTGDs	1286			newNonFullTGDs	133048		newFullTGDs	181907
nonFullTGDs	3800		fullTGDs	1286			newNonFullTGDs	136723		newFullTGDs	189304
nonFullTGDs	3900		fullTGDs	1286			newNonFullTGDs	140742		newFullTGDs	195706
nonFullTGDs	4000		fullTGDs	1286			newNonFullTGDs	144293		newFullTGDs	202374
nonFullTGDs	4100		fullTGDs	1286			newNonFullTGDs	147038		newFullTGDs	208300
nonFullTGDs	4200		fullTGDs	1286			newNonFullTGDs	150764		newFullTGDs	215469
nonFullTGDs	4300		fullTGDs	1286			newNonFullTGDs	155447		newFullTGDs	223170
nonFullTGDs	4400		fullTGDs	1286			newNonFullTGDs	156438		newFullTGDs	226129
nonFullTGDs	4500		fullTGDs	1286			newNonFullTGDs	161062		newFullTGDs	233831
nonFullTGDs	4600		fullTGDs	1286			newNonFullTGDs	163519		newFullTGDs	240225
nonFullTGDs	4700		fullTGDs	1286			newNonFullTGDs	166964		newFullTGDs	247623
nonFullTGDs	4800		fullTGDs	1286			newNonFullTGDs	168427		newFullTGDs	251216
nonFullTGDs	4900		fullTGDs	1286			newNonFullTGDs	170915		newFullTGDs	255967
nonFullTGDs	5000		fullTGDs	1286			newNonFullTGDs	175127		newFullTGDs	263669
nonFullTGDs	5100		fullTGDs	1286			newNonFullTGDs	177802		newFullTGDs	271369
nonFullTGDs	5200		fullTGDs	1286			newNonFullTGDs	181661		newFullTGDs	279071
nonFullTGDs	5300		fullTGDs	1286			newNonFullTGDs	185118		newFullTGDs	286772
nonFullTGDs	5400		fullTGDs	1286			newNonFullTGDs	188250		newFullTGDs	293959
nonFullTGDs	5500		fullTGDs	1286			newNonFullTGDs	191387		newFullTGDs	301147
nonFullTGDs	5600		fullTGDs	1286			newNonFullTGDs	193809		newFullTGDs	307107
nonFullTGDs	5700		fullTGDs	1286			newNonFullTGDs	196493		newFullTGDs	313839
nonFullTGDs	5800		fullTGDs	1286			newNonFullTGDs	199079		newFullTGDs	321464
nonFullTGDs	5900		fullTGDs	1286			newNonFullTGDs	201701		newFullTGDs	329166
nonFullTGDs	6000		fullTGDs	1286			newNonFullTGDs	205157		newFullTGDs	336412
nonFullTGDs	6100		fullTGDs	1286			newNonFullTGDs	208206		newFullTGDs	343579
nonFullTGDs	6200		fullTGDs	1286			newNonFullTGDs	211850		newFullTGDs	351281
nonFullTGDs	6300		fullTGDs	1286			newNonFullTGDs	215289		newFullTGDs	358982
nonFullTGDs	6400		fullTGDs	1286			newNonFullTGDs	218433		newFullTGDs	366683
nonFullTGDs	6500		fullTGDs	1286			newNonFullTGDs	222543		newFullTGDs	374384
nonFullTGDs	6600		fullTGDs	1286			newNonFullTGDs	225565		newFullTGDs	382084
nonFullTGDs	6700		fullTGDs	1286			newNonFullTGDs	227768		newFullTGDs	388002
nonFullTGDs	6800		fullTGDs	1286			newNonFullTGDs	229290		newFullTGDs	394501
nonFullTGDs	6900		fullTGDs	1286			newNonFullTGDs	230567		newFullTGDs	398189
nonFullTGDs	7000		fullTGDs	1286			newNonFullTGDs	231985		newFullTGDs	403827
nonFullTGDs	7100		fullTGDs	1286			newNonFullTGDs	233077		newFullTGDs	409921
nonFullTGDs	7200		fullTGDs	1286			newNonFullTGDs	235870		newFullTGDs	416662
nonFullTGDs	7300		fullTGDs	1286			newNonFullTGDs	238651		newFullTGDs	422605
nonFullTGDs	7400		fullTGDs	1286			newNonFullTGDs	242198		newFullTGDs	430075
nonFullTGDs	7500		fullTGDs	1286			newNonFullTGDs	245300		newFullTGDs	437699
nonFullTGDs	7600		fullTGDs	1286			newNonFullTGDs	246256		newFullTGDs	443778
nonFullTGDs	7700		fullTGDs	1286			newNonFullTGDs	247214		newFullTGDs	451480
nonFullTGDs	7800		fullTGDs	1286			newNonFullTGDs	247880		newFullTGDs	459181
nonFullTGDs	7900		fullTGDs	1286			newNonFullTGDs	248494		newFullTGDs	466882
nonFullTGDs	8000		fullTGDs	1286			newNonFullTGDs	249024		newFullTGDs	474582
nonFullTGDs	8100		fullTGDs	1286			newNonFullTGDs	249504		newFullTGDs	482022
nonFullTGDs	8200		fullTGDs	1286			newNonFullTGDs	249658		newFullTGDs	489722
nonFullTGDs	8300		fullTGDs	1286			newNonFullTGDs	249678		newFullTGDs	496598
nonFullTGDs	8400		fullTGDs	1286			newNonFullTGDs	253766		newFullTGDs	503565
nonFullTGDs	8500		fullTGDs	1286			newNonFullTGDs	260068		newFullTGDs	511166
nonFullTGDs	8600		fullTGDs	1286			newNonFullTGDs	266320		newFullTGDs	518767
nonFullTGDs	8700		fullTGDs	1286			newNonFullTGDs	273278		newFullTGDs	526371
nonFullTGDs	8800		fullTGDs	1286			newNonFullTGDs	278988		newFullTGDs	533972
nonFullTGDs	8900		fullTGDs	1286			newNonFullTGDs	284011		newFullTGDs	541499
nonFullTGDs	9000		fullTGDs	1286			newNonFullTGDs	286863		newFullTGDs	549099
nonFullTGDs	9100		fullTGDs	1286			newNonFullTGDs	293407		newFullTGDs	556702
nonFullTGDs	9200		fullTGDs	1286			newNonFullTGDs	300509		newFullTGDs	564306
nonFullTGDs	9300		fullTGDs	1286			newNonFullTGDs	306909		newFullTGDs	571908
nonFullTGDs	9400		fullTGDs	1286			newNonFullTGDs	313066		newFullTGDs	579510
nonFullTGDs	9500		fullTGDs	1286			newNonFullTGDs	319308		newFullTGDs	587128
nonFullTGDs	9600		fullTGDs	1286			newNonFullTGDs	325234		newFullTGDs	594731
nonFullTGDs	9700		fullTGDs	1286			newNonFullTGDs	330797		newFullTGDs	602334
nonFullTGDs	9800		fullTGDs	1286			newNonFullTGDs	337604		newFullTGDs	609937
nonFullTGDs	9900		fullTGDs	1286			newNonFullTGDs	344286		newFullTGDs	617538
nonFullTGDs	10000		fullTGDs	1286			newNonFullTGDs	350859		newFullTGDs	625138
nonFullTGDs	10100		fullTGDs	1286			newNonFullTGDs	357237		newFullTGDs	632739
nonFullTGDs	10200		fullTGDs	1286			newNonFullTGDs	363760		newFullTGDs	640340
nonFullTGDs	10300		fullTGDs	1286			newNonFullTGDs	370078		newFullTGDs	647941
nonFullTGDs	10400		fullTGDs	1286			newNonFullTGDs	376684		newFullTGDs	655541
nonFullTGDs	10500		fullTGDs	1286			newNonFullTGDs	383630		newFullTGDs	663155
nonFullTGDs	10600		fullTGDs	1286			newNonFullTGDs	389577		newFullTGDs	670755
nonFullTGDs	10700		fullTGDs	1286			newNonFullTGDs	395135		newFullTGDs	678355
nonFullTGDs	10800		fullTGDs	1286			newNonFullTGDs	401792		newFullTGDs	685956
nonFullTGDs	10900		fullTGDs	1286			newNonFullTGDs	407810		newFullTGDs	693559
nonFullTGDs	11000		fullTGDs	1286			newNonFullTGDs	413847		newFullTGDs	701161
nonFullTGDs	11100		fullTGDs	1286			newNonFullTGDs	417298		newFullTGDs	708762
nonFullTGDs	11200		fullTGDs	1286			newNonFullTGDs	420919		newFullTGDs	715794
nonFullTGDs	11300		fullTGDs	1286			newNonFullTGDs	422127		newFullTGDs	717706
nonFullTGDs	11400		fullTGDs	1286			newNonFullTGDs	422696		newFullTGDs	719621
nonFullTGDs	11500		fullTGDs	1286			newNonFullTGDs	423710		newFullTGDs	721527
nonFullTGDs	11600		fullTGDs	1286			newNonFullTGDs	424401		newFullTGDs	723449
nonFullTGDs	11700		fullTGDs	1286			newNonFullTGDs	425040		newFullTGDs	725368
nonFullTGDs	11800		fullTGDs	1286			newNonFullTGDs	426460		newFullTGDs	727278
nonFullTGDs	11900		fullTGDs	1286			newNonFullTGDs	427445		newFullTGDs	729186
nonFullTGDs	12000		fullTGDs	1286			newNonFullTGDs	428030		newFullTGDs	731094
nonFullTGDs	12100		fullTGDs	1286			newNonFullTGDs	430670		newFullTGDs	735049
nonFullTGDs	12200		fullTGDs	1286			newNonFullTGDs	436683		newFullTGDs	742649
nonFullTGDs	12300		fullTGDs	1286			newNonFullTGDs	442289		newFullTGDs	750249
nonFullTGDs	12400		fullTGDs	1286			newNonFullTGDs	447569		newFullTGDs	757849
nonFullTGDs	12500		fullTGDs	1286			newNonFullTGDs	452558		newFullTGDs	765449
nonFullTGDs	12600		fullTGDs	1286			newNonFullTGDs	457096		newFullTGDs	773049
nonFullTGDs	12700		fullTGDs	1286			newNonFullTGDs	461615		newFullTGDs	780502
nonFullTGDs	12800		fullTGDs	1286			newNonFullTGDs	468156		newFullTGDs	788104
nonFullTGDs	12900		fullTGDs	1286			newNonFullTGDs	474442		newFullTGDs	795706
nonFullTGDs	13000		fullTGDs	1286			newNonFullTGDs	481280		newFullTGDs	803307
nonFullTGDs	13100		fullTGDs	1286			newNonFullTGDs	487932		newFullTGDs	810907
nonFullTGDs	13200		fullTGDs	1286			newNonFullTGDs	494263		newFullTGDs	818509
nonFullTGDs	13300		fullTGDs	1286			newNonFullTGDs	499965		newFullTGDs	826110
nonFullTGDs	13400		fullTGDs	1286			newNonFullTGDs	504962		newFullTGDs	833712
nonFullTGDs	13500		fullTGDs	1286			newNonFullTGDs	510680		newFullTGDs	841313
nonFullTGDs	13600		fullTGDs	1286			newNonFullTGDs	516039		newFullTGDs	848914
nonFullTGDs	13700		fullTGDs	1286			newNonFullTGDs	521417		newFullTGDs	856515
nonFullTGDs	13800		fullTGDs	1286			newNonFullTGDs	526357		newFullTGDs	864116
nonFullTGDs	13900		fullTGDs	1286			newNonFullTGDs	531590		newFullTGDs	871719
nonFullTGDs	14000		fullTGDs	1286			newNonFullTGDs	536912		newFullTGDs	879320
nonFullTGDs	14100		fullTGDs	1286			newNonFullTGDs	541851		newFullTGDs	886920
nonFullTGDs	14200		fullTGDs	1286			newNonFullTGDs	546634		newFullTGDs	894523
nonFullTGDs	14300		fullTGDs	1286			newNonFullTGDs	551852		newFullTGDs	902124
nonFullTGDs	14400		fullTGDs	1286			newNonFullTGDs	556913		newFullTGDs	909724
nonFullTGDs	14500		fullTGDs	1286			newNonFullTGDs	561537		newFullTGDs	917324
nonFullTGDs	14600		fullTGDs	1286			newNonFullTGDs	566601		newFullTGDs	924925
nonFullTGDs	14700		fullTGDs	1286			newNonFullTGDs	571389		newFullTGDs	932526
nonFullTGDs	14800		fullTGDs	1286			newNonFullTGDs	576381		newFullTGDs	940127
nonFullTGDs	14900		fullTGDs	1286			newNonFullTGDs	580941		newFullTGDs	947728
nonFullTGDs	15000		fullTGDs	1286			newNonFullTGDs	585317		newFullTGDs	955330
nonFullTGDs	15100		fullTGDs	1286			newNonFullTGDs	590020		newFullTGDs	962931
nonFullTGDs	15200		fullTGDs	1286			newNonFullTGDs	593529		newFullTGDs	970532
nonFullTGDs	15300		fullTGDs	1286			newNonFullTGDs	596972		newFullTGDs	978134
nonFullTGDs	15400		fullTGDs	1286			newNonFullTGDs	600221		newFullTGDs	985735
nonFullTGDs	15500		fullTGDs	1286			newNonFullTGDs	603586		newFullTGDs	993336
nonFullTGDs	15600		fullTGDs	1286			newNonFullTGDs	607337		newFullTGDs	1000938
nonFullTGDs	15700		fullTGDs	1286			newNonFullTGDs	613260		newFullTGDs	1008543
nonFullTGDs	15800		fullTGDs	1286			newNonFullTGDs	618762		newFullTGDs	1016145
nonFullTGDs	15900		fullTGDs	1286			newNonFullTGDs	624177		newFullTGDs	1023745
nonFullTGDs	16000		fullTGDs	1286			newNonFullTGDs	631249		newFullTGDs	1031348
nonFullTGDs	16100		fullTGDs	1286			newNonFullTGDs	638031		newFullTGDs	1038952
nonFullTGDs	16200		fullTGDs	1286			newNonFullTGDs	644399		newFullTGDs	1046555
nonFullTGDs	16300		fullTGDs	1286			newNonFullTGDs	651007		newFullTGDs	1054159
nonFullTGDs	16400		fullTGDs	1286			newNonFullTGDs	656927		newFullTGDs	1061763
nonFullTGDs	16500		fullTGDs	1286			newNonFullTGDs	661669		newFullTGDs	1069366
nonFullTGDs	16600		fullTGDs	1286			newNonFullTGDs	667029		newFullTGDs	1076968
nonFullTGDs	16700		fullTGDs	1286			newNonFullTGDs	671987		newFullTGDs	1084571
nonFullTGDs	16800		fullTGDs	1286			newNonFullTGDs	676912		newFullTGDs	1092173
nonFullTGDs	16900		fullTGDs	1286			newNonFullTGDs	681876		newFullTGDs	1099775
nonFullTGDs	17000		fullTGDs	1286			newNonFullTGDs	687192		newFullTGDs	1107377
nonFullTGDs	17100		fullTGDs	1286			newNonFullTGDs	692194		newFullTGDs	1114979
nonFullTGDs	17200		fullTGDs	1286			newNonFullTGDs	697026		newFullTGDs	1122580
nonFullTGDs	17300		fullTGDs	1286			newNonFullTGDs	701550		newFullTGDs	1130182
nonFullTGDs	17400		fullTGDs	1286			newNonFullTGDs	705698		newFullTGDs	1137785
nonFullTGDs	17500		fullTGDs	1286			newNonFullTGDs	710201		newFullTGDs	1145386
nonFullTGDs	17600		fullTGDs	1286			newNonFullTGDs	714472		newFullTGDs	1152988
nonFullTGDs	17700		fullTGDs	1286			newNonFullTGDs	718880		newFullTGDs	1160590
nonFullTGDs	17800		fullTGDs	1286			newNonFullTGDs	723398		newFullTGDs	1168192
nonFullTGDs	17900		fullTGDs	1286			newNonFullTGDs	727496		newFullTGDs	1175793
nonFullTGDs	18000		fullTGDs	1286			newNonFullTGDs	731651		newFullTGDs	1183393
nonFullTGDs	18100		fullTGDs	1286			newNonFullTGDs	735407		newFullTGDs	1190995
nonFullTGDs	18200		fullTGDs	1286			newNonFullTGDs	739572		newFullTGDs	1198599
nonFullTGDs	18300		fullTGDs	1286			newNonFullTGDs	743260		newFullTGDs	1206202
nonFullTGDs	18400		fullTGDs	1286			newNonFullTGDs	746926		newFullTGDs	1213806
nonFullTGDs	18500		fullTGDs	1286			newNonFullTGDs	750985		newFullTGDs	1221409
nonFullTGDs	18600		fullTGDs	1286			newNonFullTGDs	754796		newFullTGDs	1229010
nonFullTGDs	18700		fullTGDs	1286			newNonFullTGDs	758468		newFullTGDs	1236611
nonFullTGDs	18800		fullTGDs	1286			newNonFullTGDs	762214		newFullTGDs	1244212
nonFullTGDs	18900		fullTGDs	1286			newNonFullTGDs	766170		newFullTGDs	1251827
nonFullTGDs	19000		fullTGDs	1286			newNonFullTGDs	769921		newFullTGDs	1259429
nonFullTGDs	19100		fullTGDs	1286			newNonFullTGDs	773569		newFullTGDs	1267030
nonFullTGDs	19200		fullTGDs	1286			newNonFullTGDs	776087		newFullTGDs	1274633
nonFullTGDs	19300		fullTGDs	1286			newNonFullTGDs	778621		newFullTGDs	1282237
nonFullTGDs	19400		fullTGDs	1286			newNonFullTGDs	781933		newFullTGDs	1289839
nonFullTGDs	19500		fullTGDs	1286			newNonFullTGDs	784421		newFullTGDs	1297442
nonFullTGDs	19600		fullTGDs	1286			newNonFullTGDs	786397		newFullTGDs	1305045
nonFullTGDs	19700		fullTGDs	1286			newNonFullTGDs	788130		newFullTGDs	1312648
nonFullTGDs	19800		fullTGDs	1286			newNonFullTGDs	789678		newFullTGDs	1320252
nonFullTGDs	19900		fullTGDs	1286			newNonFullTGDs	791107		newFullTGDs	1327855
nonFullTGDs	20000		fullTGDs	1286			newNonFullTGDs	792248		newFullTGDs	1335458
nonFullTGDs	20100		fullTGDs	1286			newNonFullTGDs	794750		newFullTGDs	1343061
nonFullTGDs	20200		fullTGDs	1286			newNonFullTGDs	796261		newFullTGDs	1347941
nonFullTGDs	20300		fullTGDs	1286			newNonFullTGDs	796802		newFullTGDs	1349474
nonFullTGDs	20400		fullTGDs	1286			newNonFullTGDs	798051		newFullTGDs	1351384
nonFullTGDs	20500		fullTGDs	1286			newNonFullTGDs	798919		newFullTGDs	1353294
nonFullTGDs	20600		fullTGDs	1286			newNonFullTGDs	799511		newFullTGDs	1355200
nonFullTGDs	20700		fullTGDs	1286			newNonFullTGDs	800500		newFullTGDs	1357113
nonFullTGDs	20800		fullTGDs	1286			newNonFullTGDs	801078		newFullTGDs	1359022
nonFullTGDs	20900		fullTGDs	1286			newNonFullTGDs	802187		newFullTGDs	1360927
nonFullTGDs	21000		fullTGDs	1286			newNonFullTGDs	803130		newFullTGDs	1362832
nonFullTGDs	21100		fullTGDs	1286			newNonFullTGDs	803674		newFullTGDs	1364735
nonFullTGDs	21200		fullTGDs	1286			newNonFullTGDs	804748		newFullTGDs	1366639
nonFullTGDs	21300		fullTGDs	1286			newNonFullTGDs	805686		newFullTGDs	1368557
nonFullTGDs	21400		fullTGDs	1286			newNonFullTGDs	806757		newFullTGDs	1370465
nonFullTGDs	21500		fullTGDs	1286			newNonFullTGDs	807558		newFullTGDs	1372378
nonFullTGDs	21600		fullTGDs	1286			newNonFullTGDs	808393		newFullTGDs	1374283
nonFullTGDs	21700		fullTGDs	1286			newNonFullTGDs	809148		newFullTGDs	1376140
nonFullTGDs	21800		fullTGDs	1286			newNonFullTGDs	809908		newFullTGDs	1378031
nonFullTGDs	21900		fullTGDs	1286			newNonFullTGDs	810485		newFullTGDs	1379783
nonFullTGDs	22000		fullTGDs	1286			newNonFullTGDs	810790		newFullTGDs	1381612
nonFullTGDs	22100		fullTGDs	1286			newNonFullTGDs	811266		newFullTGDs	1383517
nonFullTGDs	22200		fullTGDs	1286			newNonFullTGDs	811873		newFullTGDs	1385427
nonFullTGDs	22300		fullTGDs	1286			newNonFullTGDs	814323		newFullTGDs	1389280
nonFullTGDs	22400		fullTGDs	1286			newNonFullTGDs	820842		newFullTGDs	1396884
nonFullTGDs	22500		fullTGDs	1286			newNonFullTGDs	826708		newFullTGDs	1404122
nonFullTGDs	22600		fullTGDs	1286			newNonFullTGDs	828579		newFullTGDs	1407304
nonFullTGDs	22700		fullTGDs	1286			newNonFullTGDs	833919		newFullTGDs	1414906
nonFullTGDs	22800		fullTGDs	1286			newNonFullTGDs	840296		newFullTGDs	1422509
nonFullTGDs	22900		fullTGDs	1286			newNonFullTGDs	847063		newFullTGDs	1430111
nonFullTGDs	23000		fullTGDs	1286			newNonFullTGDs	853527		newFullTGDs	1437713
nonFullTGDs	23100		fullTGDs	1286			newNonFullTGDs	859243		newFullTGDs	1445314
nonFullTGDs	23200		fullTGDs	1286			newNonFullTGDs	865020		newFullTGDs	1452916
nonFullTGDs	23300		fullTGDs	1286			newNonFullTGDs	870759		newFullTGDs	1460517
nonFullTGDs	23400		fullTGDs	1286			newNonFullTGDs	875656		newFullTGDs	1468118
nonFullTGDs	23500		fullTGDs	1286			newNonFullTGDs	880936		newFullTGDs	1475721
nonFullTGDs	23600		fullTGDs	1286			newNonFullTGDs	886245		newFullTGDs	1483323
nonFullTGDs	23700		fullTGDs	1286			newNonFullTGDs	891247		newFullTGDs	1490925
nonFullTGDs	23800		fullTGDs	1286			newNonFullTGDs	896381		newFullTGDs	1498525
nonFullTGDs	23900		fullTGDs	1286			newNonFullTGDs	901448		newFullTGDs	1506126
nonFullTGDs	24000		fullTGDs	1286			newNonFullTGDs	906387		newFullTGDs	1513762
nonFullTGDs	24100		fullTGDs	1286			newNonFullTGDs	910894		newFullTGDs	1521364
nonFullTGDs	24200		fullTGDs	1286			newNonFullTGDs	915637		newFullTGDs	1528967
nonFullTGDs	24300		fullTGDs	1286			newNonFullTGDs	920157		newFullTGDs	1536569
nonFullTGDs	24400		fullTGDs	1286			newNonFullTGDs	924093		newFullTGDs	1544170
nonFullTGDs	24500		fullTGDs	1286			newNonFullTGDs	927754		newFullTGDs	1551772
nonFullTGDs	24600		fullTGDs	1286			newNonFullTGDs	931746		newFullTGDs	1559374
nonFullTGDs	24700		fullTGDs	1286			newNonFullTGDs	933606		newFullTGDs	1566976
nonFullTGDs	24800		fullTGDs	1286			newNonFullTGDs	937653		newFullTGDs	1574579
nonFullTGDs	24900		fullTGDs	1286			newNonFullTGDs	942943		newFullTGDs	1582181
nonFullTGDs	25000		fullTGDs	1286			newNonFullTGDs	948413		newFullTGDs	1589781
nonFullTGDs	25100		fullTGDs	1286			newNonFullTGDs	955317		newFullTGDs	1597383
nonFullTGDs	25200		fullTGDs	1286			newNonFullTGDs	961909		newFullTGDs	1604985
nonFullTGDs	25300		fullTGDs	1286			newNonFullTGDs	968276		newFullTGDs	1612586
nonFullTGDs	25400		fullTGDs	1286			newNonFullTGDs	974676		newFullTGDs	1620190
nonFullTGDs	25500		fullTGDs	1286			newNonFullTGDs	980478		newFullTGDs	1627791
nonFullTGDs	25600		fullTGDs	1286			newNonFullTGDs	985107		newFullTGDs	1635393
nonFullTGDs	25700		fullTGDs	1286			newNonFullTGDs	990334		newFullTGDs	1642994
nonFullTGDs	25800		fullTGDs	1286			newNonFullTGDs	995072		newFullTGDs	1650596
nonFullTGDs	25900		fullTGDs	1286			newNonFullTGDs	999907		newFullTGDs	1658197
nonFullTGDs	26000		fullTGDs	1286			newNonFullTGDs	1004721		newFullTGDs	1665798
nonFullTGDs	26100		fullTGDs	1286			newNonFullTGDs	1010145		newFullTGDs	1673401
nonFullTGDs	26200		fullTGDs	1286			newNonFullTGDs	1014776		newFullTGDs	1681002
nonFullTGDs	26300		fullTGDs	1286			newNonFullTGDs	1019704		newFullTGDs	1688603
nonFullTGDs	26400		fullTGDs	1286			newNonFullTGDs	1023956		newFullTGDs	1696205
nonFullTGDs	26500		fullTGDs	1286			newNonFullTGDs	1028112		newFullTGDs	1703808
nonFullTGDs	26600		fullTGDs	1286			newNonFullTGDs	1032322		newFullTGDs	1711409
nonFullTGDs	26700		fullTGDs	1286			newNonFullTGDs	1036445		newFullTGDs	1719011
nonFullTGDs	26800		fullTGDs	1286			newNonFullTGDs	1040704		newFullTGDs	1726613
nonFullTGDs	26900		fullTGDs	1286			newNonFullTGDs	1045177		newFullTGDs	1734215
nonFullTGDs	27000		fullTGDs	1286			newNonFullTGDs	1049184		newFullTGDs	1741862
nonFullTGDs	27100		fullTGDs	1286			newNonFullTGDs	1053206		newFullTGDs	1749462
nonFullTGDs	27200		fullTGDs	1286			newNonFullTGDs	1056861		newFullTGDs	1757064
nonFullTGDs	27300		fullTGDs	1286			newNonFullTGDs	1060924		newFullTGDs	1764667
nonFullTGDs	27400		fullTGDs	1286			newNonFullTGDs	1064491		newFullTGDs	1772270
nonFullTGDs	27500		fullTGDs	1286			newNonFullTGDs	1068124		newFullTGDs	1779872
nonFullTGDs	27600		fullTGDs	1286			newNonFullTGDs	1072043		newFullTGDs	1787474
nonFullTGDs	27700		fullTGDs	1286			newNonFullTGDs	1075705		newFullTGDs	1795075
nonFullTGDs	27800		fullTGDs	1286			newNonFullTGDs	1079297		newFullTGDs	1802676
nonFullTGDs	27900		fullTGDs	1286			newNonFullTGDs	1082899		newFullTGDs	1810277
nonFullTGDs	28000		fullTGDs	1286			newNonFullTGDs	1086761		newFullTGDs	1817877
nonFullTGDs	28100		fullTGDs	1286			newNonFullTGDs	1090394		newFullTGDs	1825479
nonFullTGDs	28200		fullTGDs	1286			newNonFullTGDs	1093937		newFullTGDs	1833080
nonFullTGDs	28300		fullTGDs	1286			newNonFullTGDs	1096349		newFullTGDs	1840682
nonFullTGDs	28400		fullTGDs	1286			newNonFullTGDs	1098793		newFullTGDs	1848284
nonFullTGDs	28500		fullTGDs	1286			newNonFullTGDs	1102011		newFullTGDs	1855886
nonFullTGDs	28600		fullTGDs	1286			newNonFullTGDs	1104365		newFullTGDs	1863489
nonFullTGDs	28700		fullTGDs	1286			newNonFullTGDs	1106239		newFullTGDs	1871091
nonFullTGDs	28800		fullTGDs	1286			newNonFullTGDs	1107883		newFullTGDs	1878693
nonFullTGDs	28900		fullTGDs	1286			newNonFullTGDs	1109313		newFullTGDs	1886296
nonFullTGDs	29000		fullTGDs	1286			newNonFullTGDs	1110644		newFullTGDs	1893897
nonFullTGDs	29100		fullTGDs	1286			newNonFullTGDs	1111682		newFullTGDs	1901501
nonFullTGDs	29200		fullTGDs	1286			newNonFullTGDs	1114084		newFullTGDs	1909101
nonFullTGDs	29300		fullTGDs	1286			newNonFullTGDs	1115579		newFullTGDs	1914063
nonFullTGDs	29400		fullTGDs	1286			newNonFullTGDs	1116010		newFullTGDs	1915521
nonFullTGDs	29500		fullTGDs	1286			newNonFullTGDs	1116705		newFullTGDs	1917383
nonFullTGDs	29600		fullTGDs	1286			newNonFullTGDs	1117083		newFullTGDs	1919290
nonFullTGDs	29700		fullTGDs	1286			newNonFullTGDs	1118259		newFullTGDs	1921185
nonFullTGDs	29800		fullTGDs	1286			newNonFullTGDs	1123539		newFullTGDs	1928786
nonFullTGDs	29900		fullTGDs	1286			newNonFullTGDs	1127830		newFullTGDs	1936388
nonFullTGDs	30000		fullTGDs	1286			newNonFullTGDs	1133128		newFullTGDs	1943988
nonFullTGDs	30100		fullTGDs	1286			newNonFullTGDs	1137351		newFullTGDs	1951590
nonFullTGDs	30200		fullTGDs	1286			newNonFullTGDs	1141387		newFullTGDs	1959191
nonFullTGDs	30300		fullTGDs	1286			newNonFullTGDs	1145603		newFullTGDs	1966792
nonFullTGDs	30400		fullTGDs	1286			newNonFullTGDs	1149888		newFullTGDs	1974393
nonFullTGDs	30500		fullTGDs	1286			newNonFullTGDs	1153879		newFullTGDs	1981993
nonFullTGDs	30600		fullTGDs	1286			newNonFullTGDs	1157017		newFullTGDs	1989595
nonFullTGDs	30700		fullTGDs	1286			newNonFullTGDs	1159807		newFullTGDs	1997197
nonFullTGDs	30800		fullTGDs	1286			newNonFullTGDs	1162729		newFullTGDs	2004799
nonFullTGDs	30900		fullTGDs	1286			newNonFullTGDs	1165885		newFullTGDs	2012400
nonFullTGDs	31000		fullTGDs	1286			newNonFullTGDs	1168637		newFullTGDs	2020002
nonFullTGDs	31100		fullTGDs	1286			newNonFullTGDs	1171119		newFullTGDs	2027641
nonFullTGDs	31200		fullTGDs	1286			newNonFullTGDs	1173386		newFullTGDs	2035242
nonFullTGDs	31300		fullTGDs	1286			newNonFullTGDs	1175717		newFullTGDs	2042844
nonFullTGDs	31400		fullTGDs	1286			newNonFullTGDs	1177561		newFullTGDs	2050445
nonFullTGDs	31500		fullTGDs	1286			newNonFullTGDs	1179130		newFullTGDs	2058047
nonFullTGDs	31600		fullTGDs	1286			newNonFullTGDs	1180626		newFullTGDs	2065648
nonFullTGDs	31700		fullTGDs	1286			newNonFullTGDs	1181864		newFullTGDs	2073250
nonFullTGDs	31800		fullTGDs	1286			newNonFullTGDs	1185484		newFullTGDs	2080850
nonFullTGDs	31900		fullTGDs	1286			newNonFullTGDs	1190418		newFullTGDs	2088451
nonFullTGDs	32000		fullTGDs	1286			newNonFullTGDs	1195575		newFullTGDs	2096053
nonFullTGDs	32100		fullTGDs	1286			newNonFullTGDs	1199255		newFullTGDs	2103655
nonFullTGDs	32200		fullTGDs	1286			newNonFullTGDs	1204448		newFullTGDs	2111255
nonFullTGDs	32300		fullTGDs	1286			newNonFullTGDs	1208520		newFullTGDs	2118856
nonFullTGDs	32400		fullTGDs	1286			newNonFullTGDs	1212272		newFullTGDs	2126458
nonFullTGDs	32500		fullTGDs	1286			newNonFullTGDs	1215861		newFullTGDs	2134059
nonFullTGDs	32600		fullTGDs	1286			newNonFullTGDs	1220126		newFullTGDs	2141660
nonFullTGDs	32700		fullTGDs	1286			newNonFullTGDs	1223903		newFullTGDs	2149261
nonFullTGDs	32800		fullTGDs	1286			newNonFullTGDs	1227583		newFullTGDs	2156863
nonFullTGDs	32900		fullTGDs	1286			newNonFullTGDs	1231424		newFullTGDs	2164463
nonFullTGDs	33000		fullTGDs	1286			newNonFullTGDs	1234363		newFullTGDs	2172065
nonFullTGDs	33100		fullTGDs	1286			newNonFullTGDs	1236865		newFullTGDs	2179666
nonFullTGDs	33200		fullTGDs	1286			newNonFullTGDs	1239064		newFullTGDs	2187268
nonFullTGDs	33300		fullTGDs	1286			newNonFullTGDs	1241512		newFullTGDs	2194869
nonFullTGDs	33400		fullTGDs	1286			newNonFullTGDs	1243970		newFullTGDs	2202471
nonFullTGDs	33500		fullTGDs	1286			newNonFullTGDs	1246281		newFullTGDs	2210072
nonFullTGDs	33600		fullTGDs	1286			newNonFullTGDs	1248416		newFullTGDs	2217673
nonFullTGDs	33700		fullTGDs	1286			newNonFullTGDs	1250084		newFullTGDs	2225274
nonFullTGDs	33800		fullTGDs	1286			newNonFullTGDs	1251682		newFullTGDs	2232875
nonFullTGDs	33900		fullTGDs	1286			newNonFullTGDs	1253180		newFullTGDs	2240477
nonFullTGDs	34000		fullTGDs	1286			newNonFullTGDs	1254433		newFullTGDs	2248079
nonFullTGDs	34100		fullTGDs	1286			newNonFullTGDs	1255490		newFullTGDs	2255680
nonFullTGDs	34200		fullTGDs	1286			newNonFullTGDs	1256363		newFullTGDs	2263321
nonFullTGDs	34300		fullTGDs	1286			newNonFullTGDs	1257051		newFullTGDs	2270922
nonFullTGDs	34400		fullTGDs	1286			newNonFullTGDs	1257842		newFullTGDs	2278523
nonFullTGDs	34500		fullTGDs	1286			newNonFullTGDs	1263710		newFullTGDs	2286123
nonFullTGDs	34600		fullTGDs	1286			newNonFullTGDs	1269032		newFullTGDs	2293723
nonFullTGDs	34700		fullTGDs	1286			newNonFullTGDs	1273896		newFullTGDs	2301323
nonFullTGDs	34800		fullTGDs	1286			newNonFullTGDs	1277497		newFullTGDs	2308923
nonFullTGDs	34900		fullTGDs	1286			newNonFullTGDs	1282671		newFullTGDs	2316526
nonFullTGDs	35000		fullTGDs	1286			newNonFullTGDs	1287350		newFullTGDs	2324128
nonFullTGDs	35100		fullTGDs	1286			newNonFullTGDs	1292049		newFullTGDs	2331730
nonFullTGDs	35200		fullTGDs	1286			newNonFullTGDs	1296189		newFullTGDs	2339331
nonFullTGDs	35300		fullTGDs	1286			newNonFullTGDs	1300998		newFullTGDs	2346932
nonFullTGDs	35400		fullTGDs	1286			newNonFullTGDs	1305007		newFullTGDs	2354535
nonFullTGDs	35500		fullTGDs	1286			newNonFullTGDs	1308903		newFullTGDs	2362136
nonFullTGDs	35600		fullTGDs	1286			newNonFullTGDs	1312147		newFullTGDs	2369738
nonFullTGDs	35700		fullTGDs	1286			newNonFullTGDs	1316665		newFullTGDs	2377339
nonFullTGDs	35800		fullTGDs	1286			newNonFullTGDs	1320345		newFullTGDs	2384940
nonFullTGDs	35900		fullTGDs	1286			newNonFullTGDs	1323539		newFullTGDs	2392542
nonFullTGDs	36000		fullTGDs	1286			newNonFullTGDs	1327332		newFullTGDs	2400144
nonFullTGDs	36100		fullTGDs	1286			newNonFullTGDs	1330280		newFullTGDs	2407746
nonFullTGDs	36200		fullTGDs	1286			newNonFullTGDs	1332787		newFullTGDs	2415347
nonFullTGDs	36300		fullTGDs	1286			newNonFullTGDs	1335048		newFullTGDs	2422949
nonFullTGDs	36400		fullTGDs	1286			newNonFullTGDs	1337371		newFullTGDs	2430550
nonFullTGDs	36500		fullTGDs	1286			newNonFullTGDs	1339758		newFullTGDs	2438152
nonFullTGDs	36600		fullTGDs	1286			newNonFullTGDs	1342099		newFullTGDs	2445753
nonFullTGDs	36700		fullTGDs	1286			newNonFullTGDs	1344200		newFullTGDs	2453355
nonFullTGDs	36800		fullTGDs	1286			newNonFullTGDs	1345817		newFullTGDs	2460957
nonFullTGDs	36900		fullTGDs	1286			newNonFullTGDs	1347369		newFullTGDs	2468558
nonFullTGDs	37000		fullTGDs	1286			newNonFullTGDs	1348745		newFullTGDs	2476160
nonFullTGDs	37100		fullTGDs	1286			newNonFullTGDs	1350032		newFullTGDs	2483762
nonFullTGDs	37200		fullTGDs	1286			newNonFullTGDs	1351191		newFullTGDs	2491364
nonFullTGDs	37300		fullTGDs	1286			newNonFullTGDs	1352092		newFullTGDs	2498993
nonFullTGDs	37400		fullTGDs	1286			newNonFullTGDs	1352712		newFullTGDs	2506595
nonFullTGDs	37500		fullTGDs	1286			newNonFullTGDs	1353258		newFullTGDs	2514197
nonFullTGDs	37600		fullTGDs	1286			newNonFullTGDs	1353577		newFullTGDs	2521799
nonFullTGDs	37700		fullTGDs	1286			newNonFullTGDs	1357176		newFullTGDs	2529400
nonFullTGDs	37800		fullTGDs	1286			newNonFullTGDs	1362427		newFullTGDs	2537000
nonFullTGDs	37900		fullTGDs	1286			newNonFullTGDs	1366691		newFullTGDs	2544601
nonFullTGDs	38000		fullTGDs	1286			newNonFullTGDs	1371903		newFullTGDs	2552201
nonFullTGDs	38100		fullTGDs	1286			newNonFullTGDs	1376073		newFullTGDs	2559802
nonFullTGDs	38200		fullTGDs	1286			newNonFullTGDs	1380086		newFullTGDs	2567403
nonFullTGDs	38300		fullTGDs	1286			newNonFullTGDs	1384278		newFullTGDs	2575004
nonFullTGDs	38400		fullTGDs	1286			newNonFullTGDs	1388549		newFullTGDs	2582604
nonFullTGDs	38500		fullTGDs	1286			newNonFullTGDs	1392549		newFullTGDs	2590204
nonFullTGDs	38600		fullTGDs	1286			newNonFullTGDs	1395654		newFullTGDs	2597805
nonFullTGDs	38700		fullTGDs	1286			newNonFullTGDs	1398475		newFullTGDs	2605407
nonFullTGDs	38800		fullTGDs	1286			newNonFullTGDs	1401412		newFullTGDs	2613008
nonFullTGDs	38900		fullTGDs	1286			newNonFullTGDs	1404447		newFullTGDs	2620608
nonFullTGDs	39000		fullTGDs	1286			newNonFullTGDs	1407217		newFullTGDs	2628208
nonFullTGDs	39100		fullTGDs	1286			newNonFullTGDs	1409733		newFullTGDs	2635809
nonFullTGDs	39200		fullTGDs	1286			newNonFullTGDs	1411938		newFullTGDs	2643410
nonFullTGDs	39300		fullTGDs	1286			newNonFullTGDs	1414043		newFullTGDs	2651010
nonFullTGDs	39400		fullTGDs	1286			newNonFullTGDs	1415953		newFullTGDs	2658654
nonFullTGDs	39500		fullTGDs	1286			newNonFullTGDs	1417650		newFullTGDs	2666264
nonFullTGDs	39600		fullTGDs	1286			newNonFullTGDs	1419113		newFullTGDs	2673865
nonFullTGDs	39700		fullTGDs	1286			newNonFullTGDs	1420431		newFullTGDs	2681465
nonFullTGDs	39800		fullTGDs	1286			newNonFullTGDs	1421669		newFullTGDs	2689066
nonFullTGDs	39900		fullTGDs	1286			newNonFullTGDs	1427511		newFullTGDs	2696666
nonFullTGDs	40000		fullTGDs	1286			newNonFullTGDs	1432882		newFullTGDs	2704266
nonFullTGDs	40100		fullTGDs	1286			newNonFullTGDs	1437686		newFullTGDs	2711867
nonFullTGDs	40200		fullTGDs	1286			newNonFullTGDs	1441416		newFullTGDs	2719468
nonFullTGDs	40300		fullTGDs	1286			newNonFullTGDs	1446026		newFullTGDs	2727070
nonFullTGDs	40400		fullTGDs	1286			newNonFullTGDs	1452319		newFullTGDs	2734671
nonFullTGDs	40500		fullTGDs	1286			newNonFullTGDs	1458769		newFullTGDs	2742272
nonFullTGDs	40600		fullTGDs	1286			newNonFullTGDs	1465236		newFullTGDs	2749874
nonFullTGDs	40700		fullTGDs	1286			newNonFullTGDs	1471158		newFullTGDs	2757476
nonFullTGDs	40800		fullTGDs	1286			newNonFullTGDs	1476177		newFullTGDs	2765077
nonFullTGDs	40900		fullTGDs	1286			newNonFullTGDs	1481315		newFullTGDs	2772678
nonFullTGDs	41000		fullTGDs	1286			newNonFullTGDs	1485726		newFullTGDs	2780280
nonFullTGDs	41100		fullTGDs	1286			newNonFullTGDs	1490820		newFullTGDs	2787881
nonFullTGDs	41200		fullTGDs	1286			newNonFullTGDs	1495986		newFullTGDs	2795482
nonFullTGDs	41300		fullTGDs	1286			newNonFullTGDs	1500026		newFullTGDs	2803083
nonFullTGDs	41400		fullTGDs	1286			newNonFullTGDs	1505190		newFullTGDs	2810684
nonFullTGDs	41500		fullTGDs	1286			newNonFullTGDs	1510041		newFullTGDs	2818285
nonFullTGDs	41600		fullTGDs	1286			newNonFullTGDs	1514380		newFullTGDs	2825887
nonFullTGDs	41700		fullTGDs	1286			newNonFullTGDs	1518836		newFullTGDs	2833489
nonFullTGDs	41800		fullTGDs	1286			newNonFullTGDs	1523636		newFullTGDs	2841090
nonFullTGDs	41900		fullTGDs	1286			newNonFullTGDs	1528300		newFullTGDs	2848691
nonFullTGDs	42000		fullTGDs	1286			newNonFullTGDs	1532595		newFullTGDs	2856292
nonFullTGDs	42100		fullTGDs	1286			newNonFullTGDs	1536904		newFullTGDs	2863893
nonFullTGDs	42200		fullTGDs	1286			newNonFullTGDs	1541012		newFullTGDs	2871495
nonFullTGDs	42300		fullTGDs	1286			newNonFullTGDs	1544958		newFullTGDs	2879096
nonFullTGDs	42400		fullTGDs	1286			newNonFullTGDs	1549026		newFullTGDs	2886696
nonFullTGDs	42500		fullTGDs	1286			newNonFullTGDs	1553377		newFullTGDs	2894297
nonFullTGDs	42600		fullTGDs	1286			newNonFullTGDs	1557383		newFullTGDs	2901898
nonFullTGDs	42700		fullTGDs	1286			newNonFullTGDs	1561307		newFullTGDs	2909499
nonFullTGDs	42800		fullTGDs	1286			newNonFullTGDs	1565355		newFullTGDs	2917100
nonFullTGDs	42900		fullTGDs	1286			newNonFullTGDs	1569701		newFullTGDs	2924701
nonFullTGDs	43000		fullTGDs	1286			newNonFullTGDs	1573907		newFullTGDs	2932303
nonFullTGDs	43100		fullTGDs	1286			newNonFullTGDs	1577587		newFullTGDs	2939904
nonFullTGDs	43200		fullTGDs	1286			newNonFullTGDs	1580540		newFullTGDs	2947505
nonFullTGDs	43300		fullTGDs	1286			newNonFullTGDs	1584159		newFullTGDs	2955108
nonFullTGDs	43400		fullTGDs	1286			newNonFullTGDs	1587404		newFullTGDs	2962709
nonFullTGDs	43500		fullTGDs	1286			newNonFullTGDs	1589854		newFullTGDs	2970310
nonFullTGDs	43600		fullTGDs	1286			newNonFullTGDs	1592279		newFullTGDs	2977911
nonFullTGDs	43700		fullTGDs	1286			newNonFullTGDs	1594372		newFullTGDs	2985511
nonFullTGDs	43800		fullTGDs	1286			newNonFullTGDs	1596223		newFullTGDs	2993113
nonFullTGDs	43900		fullTGDs	1286			newNonFullTGDs	1597826		newFullTGDs	2998962
nonFullTGDs	44000		fullTGDs	1286			newNonFullTGDs	1600051		newFullTGDs	3003231
nonFullTGDs	44100		fullTGDs	1286			newNonFullTGDs	1605478		newFullTGDs	3010833
nonFullTGDs	44200		fullTGDs	1286			newNonFullTGDs	1611619		newFullTGDs	3018435
nonFullTGDs	44300		fullTGDs	1286			newNonFullTGDs	1617850		newFullTGDs	3026038
nonFullTGDs	44400		fullTGDs	1286			newNonFullTGDs	1623553		newFullTGDs	3033640
nonFullTGDs	44500		fullTGDs	1286			newNonFullTGDs	1629187		newFullTGDs	3041240
nonFullTGDs	44600		fullTGDs	1286			newNonFullTGDs	1634222		newFullTGDs	3048871
nonFullTGDs	44700		fullTGDs	1286			newNonFullTGDs	1639359		newFullTGDs	3056472
nonFullTGDs	44800		fullTGDs	1286			newNonFullTGDs	1644353		newFullTGDs	3064072
nonFullTGDs	44900		fullTGDs	1286			newNonFullTGDs	1649429		newFullTGDs	3071674
nonFullTGDs	45000		fullTGDs	1286			newNonFullTGDs	1654241		newFullTGDs	3079277
nonFullTGDs	45100		fullTGDs	1286			newNonFullTGDs	1658946		newFullTGDs	3086879
nonFullTGDs	45200		fullTGDs	1286			newNonFullTGDs	1663041		newFullTGDs	3094482
nonFullTGDs	45300		fullTGDs	1286			newNonFullTGDs	1668884		newFullTGDs	3102084
nonFullTGDs	45400		fullTGDs	1286			newNonFullTGDs	1674681		newFullTGDs	3109684
nonFullTGDs	45500		fullTGDs	1286			newNonFullTGDs	1680242		newFullTGDs	3117285
nonFullTGDs	45600		fullTGDs	1286			newNonFullTGDs	1686190		newFullTGDs	3124885
nonFullTGDs	45700		fullTGDs	1286			newNonFullTGDs	1688887		newFullTGDs	3128624
nonFullTGDs	45800		fullTGDs	1286			newNonFullTGDs	1691673		newFullTGDs	3134246
nonFullTGDs	45900		fullTGDs	1286			newNonFullTGDs	1695154		newFullTGDs	3141850
nonFullTGDs	46000		fullTGDs	1286			newNonFullTGDs	1699675		newFullTGDs	3149451
nonFullTGDs	46100		fullTGDs	1286			newNonFullTGDs	1702783		newFullTGDs	3157054
nonFullTGDs	46200		fullTGDs	1286			newNonFullTGDs	1709153		newFullTGDs	3164657
nonFullTGDs	46300		fullTGDs	1286			newNonFullTGDs	1715576		newFullTGDs	3172261
nonFullTGDs	46400		fullTGDs	1286			newNonFullTGDs	1721328		newFullTGDs	3179866
nonFullTGDs	46500		fullTGDs	1286			newNonFullTGDs	1726364		newFullTGDs	3187468
nonFullTGDs	46600		fullTGDs	1286			newNonFullTGDs	1731636		newFullTGDs	3195070
nonFullTGDs	46700		fullTGDs	1286			newNonFullTGDs	1736073		newFullTGDs	3202672
nonFullTGDs	46800		fullTGDs	1286			newNonFullTGDs	1741056		newFullTGDs	3210274
nonFullTGDs	46900		fullTGDs	1286			newNonFullTGDs	1745691		newFullTGDs	3217876
nonFullTGDs	47000		fullTGDs	1286			newNonFullTGDs	1750086		newFullTGDs	3225478
nonFullTGDs	47100		fullTGDs	1286			newNonFullTGDs	1754959		newFullTGDs	3233101
nonFullTGDs	47200		fullTGDs	1286			newNonFullTGDs	1759483		newFullTGDs	3240703
nonFullTGDs	47300		fullTGDs	1286			newNonFullTGDs	1763985		newFullTGDs	3248304
nonFullTGDs	47400		fullTGDs	1286			newNonFullTGDs	1768341		newFullTGDs	3255907
nonFullTGDs	47500		fullTGDs	1286			newNonFullTGDs	1772883		newFullTGDs	3263508
nonFullTGDs	47600		fullTGDs	1286			newNonFullTGDs	1777191		newFullTGDs	3271109
nonFullTGDs	47700		fullTGDs	1286			newNonFullTGDs	1781824		newFullTGDs	3278710
nonFullTGDs	47800		fullTGDs	1286			newNonFullTGDs	1786128		newFullTGDs	3286311
nonFullTGDs	47900		fullTGDs	1286			newNonFullTGDs	1790201		newFullTGDs	3293912
nonFullTGDs	48000		fullTGDs	1286			newNonFullTGDs	1794166		newFullTGDs	3301516
nonFullTGDs	48100		fullTGDs	1286			newNonFullTGDs	1798172		newFullTGDs	3309119
nonFullTGDs	48200		fullTGDs	1286			newNonFullTGDs	1802105		newFullTGDs	3316721
nonFullTGDs	48300		fullTGDs	1286			newNonFullTGDs	1806133		newFullTGDs	3324323
nonFullTGDs	48400		fullTGDs	1286			newNonFullTGDs	1810144		newFullTGDs	3331924
nonFullTGDs	48500		fullTGDs	1286			newNonFullTGDs	1813854		newFullTGDs	3339525
nonFullTGDs	48600		fullTGDs	1286			newNonFullTGDs	1818000		newFullTGDs	3347126
nonFullTGDs	48700		fullTGDs	1286			newNonFullTGDs	1822066		newFullTGDs	3354727
nonFullTGDs	48800		fullTGDs	1286			newNonFullTGDs	1826182		newFullTGDs	3362329
nonFullTGDs	48900		fullTGDs	1286			newNonFullTGDs	1829741		newFullTGDs	3369931
nonFullTGDs	49000		fullTGDs	1286			newNonFullTGDs	1832536		newFullTGDs	3377534
nonFullTGDs	49100		fullTGDs	1286			newNonFullTGDs	1836071		newFullTGDs	3385138
nonFullTGDs	49200		fullTGDs	1286			newNonFullTGDs	1839172		newFullTGDs	3392740
nonFullTGDs	49300		fullTGDs	1286			newNonFullTGDs	1841537		newFullTGDs	3400343
nonFullTGDs	49400		fullTGDs	1286			newNonFullTGDs	1843836		newFullTGDs	3407947
nonFullTGDs	49500		fullTGDs	1286			newNonFullTGDs	1845825		newFullTGDs	3415549
nonFullTGDs	49600		fullTGDs	1286			newNonFullTGDs	1847574		newFullTGDs	3423153
nonFullTGDs	49700		fullTGDs	1286			newNonFullTGDs	1850133		newFullTGDs	3430535
nonFullTGDs	49800		fullTGDs	1286			newNonFullTGDs	1855294		newFullTGDs	3438065
nonFullTGDs	49900		fullTGDs	1286			newNonFullTGDs	1861164		newFullTGDs	3445669
nonFullTGDs	50000		fullTGDs	1286			newNonFullTGDs	1867024		newFullTGDs	3453274
nonFullTGDs	50100		fullTGDs	1286			newNonFullTGDs	1872044		newFullTGDs	3460654
nonFullTGDs	50200		fullTGDs	1286			newNonFullTGDs	1876966		newFullTGDs	3468051
nonFullTGDs	50300		fullTGDs	1286			newNonFullTGDs	1882144		newFullTGDs	3475654
nonFullTGDs	50400		fullTGDs	1286			newNonFullTGDs	1886844		newFullTGDs	3483255
nonFullTGDs	50500		fullTGDs	1286			newNonFullTGDs	1891658		newFullTGDs	3490859
nonFullTGDs	50600		fullTGDs	1286			newNonFullTGDs	1896005		newFullTGDs	3498463
nonFullTGDs	50700		fullTGDs	1286			newNonFullTGDs	1900454		newFullTGDs	3506065
nonFullTGDs	50800		fullTGDs	1286			newNonFullTGDs	1905155		newFullTGDs	3513667
nonFullTGDs	50900		fullTGDs	1286			newNonFullTGDs	1910148		newFullTGDs	3521268
nonFullTGDs	51000		fullTGDs	1286			newNonFullTGDs	1916150		newFullTGDs	3528869
nonFullTGDs	51100		fullTGDs	1286			newNonFullTGDs	1921636		newFullTGDs	3536470
nonFullTGDs	51200		fullTGDs	1286			newNonFullTGDs	1926745		newFullTGDs	3544071
nonFullTGDs	51300		fullTGDs	1286			newNonFullTGDs	1932019		newFullTGDs	3551672
nonFullTGDs	51400		fullTGDs	1286			newNonFullTGDs	1936748		newFullTGDs	3559273
nonFullTGDs	51500		fullTGDs	1286			newNonFullTGDs	1941580		newFullTGDs	3566875
nonFullTGDs	51600		fullTGDs	1286			newNonFullTGDs	1946268		newFullTGDs	3574477
nonFullTGDs	51700		fullTGDs	1286			newNonFullTGDs	1951183		newFullTGDs	3582077
nonFullTGDs	51800		fullTGDs	1286			newNonFullTGDs	1956024		newFullTGDs	3589678
nonFullTGDs	51900		fullTGDs	1286			newNonFullTGDs	1960972		newFullTGDs	3597279
nonFullTGDs	52000		fullTGDs	1286			newNonFullTGDs	1965073		newFullTGDs	3604880
nonFullTGDs	52100		fullTGDs	1286			newNonFullTGDs	1969720		newFullTGDs	3612483
nonFullTGDs	52200		fullTGDs	1286			newNonFullTGDs	1973829		newFullTGDs	3620084
nonFullTGDs	52300		fullTGDs	1286			newNonFullTGDs	1977473		newFullTGDs	3627685
nonFullTGDs	52400		fullTGDs	1286			newNonFullTGDs	1981013		newFullTGDs	3635286
nonFullTGDs	52500		fullTGDs	1286			newNonFullTGDs	1984341		newFullTGDs	3642888
nonFullTGDs	52600		fullTGDs	1286			newNonFullTGDs	1988110		newFullTGDs	3650492
nonFullTGDs	52700		fullTGDs	1286			newNonFullTGDs	1992577		newFullTGDs	3658095
nonFullTGDs	52800		fullTGDs	1286			newNonFullTGDs	1997056		newFullTGDs	3665697
nonFullTGDs	52900		fullTGDs	1286			newNonFullTGDs	2002129		newFullTGDs	3673299
nonFullTGDs	53000		fullTGDs	1286			newNonFullTGDs	2007753		newFullTGDs	3680902
nonFullTGDs	53100		fullTGDs	1286			newNonFullTGDs	2013047		newFullTGDs	3688504
nonFullTGDs	53200		fullTGDs	1286			newNonFullTGDs	2017478		newFullTGDs	3696106
nonFullTGDs	53300		fullTGDs	1286			newNonFullTGDs	2022545		newFullTGDs	3703708
nonFullTGDs	53400		fullTGDs	1286			newNonFullTGDs	2027280		newFullTGDs	3711310
nonFullTGDs	53500		fullTGDs	1286			newNonFullTGDs	2032073		newFullTGDs	3718911
nonFullTGDs	53600		fullTGDs	1286			newNonFullTGDs	2036304		newFullTGDs	3726512
nonFullTGDs	53700		fullTGDs	1286			newNonFullTGDs	2040906		newFullTGDs	3734114
nonFullTGDs	53800		fullTGDs	1286			newNonFullTGDs	2045631		newFullTGDs	3741715
nonFullTGDs	53900		fullTGDs	1286			newNonFullTGDs	2049988		newFullTGDs	3749316
nonFullTGDs	54000		fullTGDs	1286			newNonFullTGDs	2054455		newFullTGDs	3756919
nonFullTGDs	54100		fullTGDs	1286			newNonFullTGDs	2058828		newFullTGDs	3764522
nonFullTGDs	54200		fullTGDs	1286			newNonFullTGDs	2063365		newFullTGDs	3772123
nonFullTGDs	54300		fullTGDs	1286			newNonFullTGDs	2067594		newFullTGDs	3779728
nonFullTGDs	54400		fullTGDs	1286			newNonFullTGDs	2071740		newFullTGDs	3787354
nonFullTGDs	54500		fullTGDs	1286			newNonFullTGDs	2076103		newFullTGDs	3794955
nonFullTGDs	54600		fullTGDs	1286			newNonFullTGDs	2080413		newFullTGDs	3802556
nonFullTGDs	54700		fullTGDs	1286			newNonFullTGDs	2084739		newFullTGDs	3810157
nonFullTGDs	54800		fullTGDs	1286			newNonFullTGDs	2088461		newFullTGDs	3817759
nonFullTGDs	54900		fullTGDs	1286			newNonFullTGDs	2092420		newFullTGDs	3825363
nonFullTGDs	55000		fullTGDs	1286			newNonFullTGDs	2096136		newFullTGDs	3832964
nonFullTGDs	55100		fullTGDs	1286			newNonFullTGDs	2099039		newFullTGDs	3840568
nonFullTGDs	55200		fullTGDs	1286			newNonFullTGDs	2101841		newFullTGDs	3848170
nonFullTGDs	55300		fullTGDs	1286			newNonFullTGDs	2104363		newFullTGDs	3855773
nonFullTGDs	55400		fullTGDs	1286			newNonFullTGDs	2106851		newFullTGDs	3863376
nonFullTGDs	55500		fullTGDs	1286			newNonFullTGDs	2109723		newFullTGDs	3869947
nonFullTGDs	55600		fullTGDs	1286			newNonFullTGDs	2112971		newFullTGDs	3877551
nonFullTGDs	55700		fullTGDs	1286			newNonFullTGDs	2117461		newFullTGDs	3885152
nonFullTGDs	55800		fullTGDs	1286			newNonFullTGDs	2121894		newFullTGDs	3892756
nonFullTGDs	55900		fullTGDs	1286			newNonFullTGDs	2124678		newFullTGDs	3900359
nonFullTGDs	56000		fullTGDs	1286			newNonFullTGDs	2130513		newFullTGDs	3907961
nonFullTGDs	56100		fullTGDs	1286			newNonFullTGDs	2135866		newFullTGDs	3915564
nonFullTGDs	56200		fullTGDs	1286			newNonFullTGDs	2140926		newFullTGDs	3923166
nonFullTGDs	56300		fullTGDs	1286			newNonFullTGDs	2145420		newFullTGDs	3930769
nonFullTGDs	56400		fullTGDs	1286			newNonFullTGDs	2150085		newFullTGDs	3938370
nonFullTGDs	56500		fullTGDs	1286			newNonFullTGDs	2154781		newFullTGDs	3945972
nonFullTGDs	56600		fullTGDs	1286			newNonFullTGDs	2159009		newFullTGDs	3953573
nonFullTGDs	56700		fullTGDs	1286			newNonFullTGDs	2164238		newFullTGDs	3961176
nonFullTGDs	56800		fullTGDs	1286			newNonFullTGDs	2168197		newFullTGDs	3968777
nonFullTGDs	56900		fullTGDs	1286			newNonFullTGDs	2172499		newFullTGDs	3976379
nonFullTGDs	57000		fullTGDs	1286			newNonFullTGDs	2177088		newFullTGDs	3983981
nonFullTGDs	57100		fullTGDs	1286			newNonFullTGDs	2181284		newFullTGDs	3991581
nonFullTGDs	57200		fullTGDs	1286			newNonFullTGDs	2185675		newFullTGDs	3999182
nonFullTGDs	57300		fullTGDs	1286			newNonFullTGDs	2189682		newFullTGDs	4006783
nonFullTGDs	57400		fullTGDs	1286			newNonFullTGDs	2193825		newFullTGDs	4014387
nonFullTGDs	57500		fullTGDs	1286			newNonFullTGDs	2197958		newFullTGDs	4021989
nonFullTGDs	57600		fullTGDs	1286			newNonFullTGDs	2201785		newFullTGDs	4029590
nonFullTGDs	57700		fullTGDs	1286			newNonFullTGDs	2206153		newFullTGDs	4037192
nonFullTGDs	57800		fullTGDs	1286			newNonFullTGDs	2210021		newFullTGDs	4044805
nonFullTGDs	57900		fullTGDs	1286			newNonFullTGDs	2213832		newFullTGDs	4052424
nonFullTGDs	58000		fullTGDs	1286			newNonFullTGDs	2217759		newFullTGDs	4060026
nonFullTGDs	58100		fullTGDs	1286			newNonFullTGDs	2221839		newFullTGDs	4067627
nonFullTGDs	58200		fullTGDs	1286			newNonFullTGDs	2226101		newFullTGDs	4075228
nonFullTGDs	58300		fullTGDs	1286			newNonFullTGDs	2229195		newFullTGDs	4082831
nonFullTGDs	58400		fullTGDs	1286			newNonFullTGDs	2232721		newFullTGDs	4090434
nonFullTGDs	58500		fullTGDs	1286			newNonFullTGDs	2235889		newFullTGDs	4098035
nonFullTGDs	58600		fullTGDs	1286			newNonFullTGDs	2238370		newFullTGDs	4105639
nonFullTGDs	58700		fullTGDs	1286			newNonFullTGDs	2240747		newFullTGDs	4113241
nonFullTGDs	58800		fullTGDs	1286			newNonFullTGDs	2242838		newFullTGDs	4120845
nonFullTGDs	58900		fullTGDs	1286			newNonFullTGDs	2244693		newFullTGDs	4128448
nonFullTGDs	59000		fullTGDs	1286			newNonFullTGDs	2247383		newFullTGDs	4136050
nonFullTGDs	59100		fullTGDs	1286			newNonFullTGDs	2249692		newFullTGDs	4143651
nonFullTGDs	59200		fullTGDs	1286			newNonFullTGDs	2252061		newFullTGDs	4151254
nonFullTGDs	59300		fullTGDs	1286			newNonFullTGDs	2253259		newFullTGDs	4158857
nonFullTGDs	59400		fullTGDs	1286			newNonFullTGDs	2256755		newFullTGDs	4166459
nonFullTGDs	59500		fullTGDs	1286			newNonFullTGDs	2258566		newFullTGDs	4174060
nonFullTGDs	59600		fullTGDs	1286			newNonFullTGDs	2261528		newFullTGDs	4181662
nonFullTGDs	59700		fullTGDs	1286			newNonFullTGDs	2264168		newFullTGDs	4189264
nonFullTGDs	59800		fullTGDs	1286			newNonFullTGDs	2267015		newFullTGDs	4196865
nonFullTGDs	59900		fullTGDs	1286			newNonFullTGDs	2268783		newFullTGDs	4204469
nonFullTGDs	60000		fullTGDs	1286			newNonFullTGDs	2274436		newFullTGDs	4212070
nonFullTGDs	60100		fullTGDs	1286			newNonFullTGDs	2278897		newFullTGDs	4219672
nonFullTGDs	60200		fullTGDs	1286			newNonFullTGDs	2284039		newFullTGDs	4227273
nonFullTGDs	60300		fullTGDs	1286			newNonFullTGDs	2288836		newFullTGDs	4234874
nonFullTGDs	60400		fullTGDs	1286			newNonFullTGDs	2293456		newFullTGDs	4242476
nonFullTGDs	60500		fullTGDs	1286			newNonFullTGDs	2298429		newFullTGDs	4250077
nonFullTGDs	60600		fullTGDs	1286			newNonFullTGDs	2302561		newFullTGDs	4257677
nonFullTGDs	60700		fullTGDs	1286			newNonFullTGDs	2307870		newFullTGDs	4265281
nonFullTGDs	60800		fullTGDs	1286			newNonFullTGDs	2311737		newFullTGDs	4272881
nonFullTGDs	60900		fullTGDs	1286			newNonFullTGDs	2316606		newFullTGDs	4280483
nonFullTGDs	61000		fullTGDs	1286			newNonFullTGDs	2320132		newFullTGDs	4288085
nonFullTGDs	61100		fullTGDs	1286			newNonFullTGDs	2324723		newFullTGDs	4295687
nonFullTGDs	61200		fullTGDs	1286			newNonFullTGDs	2328801		newFullTGDs	4303289
nonFullTGDs	61300		fullTGDs	1286			newNonFullTGDs	2332994		newFullTGDs	4310891
nonFullTGDs	61400		fullTGDs	1286			newNonFullTGDs	2337235		newFullTGDs	4318492
nonFullTGDs	61500		fullTGDs	1286			newNonFullTGDs	2340828		newFullTGDs	4326094
nonFullTGDs	61600		fullTGDs	1286			newNonFullTGDs	2344912		newFullTGDs	4333695
nonFullTGDs	61700		fullTGDs	1286			newNonFullTGDs	2349230		newFullTGDs	4341295
nonFullTGDs	61800		fullTGDs	1286			newNonFullTGDs	2352621		newFullTGDs	4348899
nonFullTGDs	61900		fullTGDs	1286			newNonFullTGDs	2356136		newFullTGDs	4356500
nonFullTGDs	62000		fullTGDs	1286			newNonFullTGDs	2360047		newFullTGDs	4364104
nonFullTGDs	62100		fullTGDs	1286			newNonFullTGDs	2363328		newFullTGDs	4371705
nonFullTGDs	62200		fullTGDs	1286			newNonFullTGDs	2367017		newFullTGDs	4379307
nonFullTGDs	62300		fullTGDs	1286			newNonFullTGDs	2370566		newFullTGDs	4386908
nonFullTGDs	62400		fullTGDs	1286			newNonFullTGDs	2373997		newFullTGDs	4394509
nonFullTGDs	62500		fullTGDs	1286			newNonFullTGDs	2377821		newFullTGDs	4402110
nonFullTGDs	62600		fullTGDs	1286			newNonFullTGDs	2381854		newFullTGDs	4409752
nonFullTGDs	62700		fullTGDs	1286			newNonFullTGDs	2385419		newFullTGDs	4417359
nonFullTGDs	62800		fullTGDs	1286			newNonFullTGDs	2388789		newFullTGDs	4424960
nonFullTGDs	62900		fullTGDs	1286			newNonFullTGDs	2391046		newFullTGDs	4432561
nonFullTGDs	63000		fullTGDs	1286			newNonFullTGDs	2393394		newFullTGDs	4440165
nonFullTGDs	63100		fullTGDs	1286			newNonFullTGDs	2396325		newFullTGDs	4447767
nonFullTGDs	63200		fullTGDs	1286			newNonFullTGDs	2398758		newFullTGDs	4455369
nonFullTGDs	63300		fullTGDs	1286			newNonFullTGDs	2400474		newFullTGDs	4462971
nonFullTGDs	63400		fullTGDs	1286			newNonFullTGDs	2401968		newFullTGDs	4470574
nonFullTGDs	63500		fullTGDs	1286			newNonFullTGDs	2403281		newFullTGDs	4478177
nonFullTGDs	63600		fullTGDs	1286			newNonFullTGDs	2404480		newFullTGDs	4485778
nonFullTGDs	63700		fullTGDs	1286			newNonFullTGDs	2405390		newFullTGDs	4493381
nonFullTGDs	63800		fullTGDs	1286			newNonFullTGDs	2407191		newFullTGDs	4500982
nonFullTGDs	63900		fullTGDs	1286			newNonFullTGDs	2409708		newFullTGDs	4508584
nonFullTGDs	64000		fullTGDs	1286			newNonFullTGDs	2413371		newFullTGDs	4516185
nonFullTGDs	64100		fullTGDs	1286			newNonFullTGDs	2419015		newFullTGDs	4523787
nonFullTGDs	64200		fullTGDs	1286			newNonFullTGDs	2424832		newFullTGDs	4531387
nonFullTGDs	64300		fullTGDs	1286			newNonFullTGDs	2429589		newFullTGDs	4538990
nonFullTGDs	64400		fullTGDs	1286			newNonFullTGDs	2432763		newFullTGDs	4546591
nonFullTGDs	64500		fullTGDs	1286			newNonFullTGDs	2435554		newFullTGDs	4553042
nonFullTGDs	64600		fullTGDs	1286			newNonFullTGDs	2438800		newFullTGDs	4560644
nonFullTGDs	64700		fullTGDs	1286			newNonFullTGDs	2443764		newFullTGDs	4568244
nonFullTGDs	64800		fullTGDs	1286			newNonFullTGDs	2448589		newFullTGDs	4575848
nonFullTGDs	64900		fullTGDs	1286			newNonFullTGDs	2453163		newFullTGDs	4583450
nonFullTGDs	65000		fullTGDs	1286			newNonFullTGDs	2458625		newFullTGDs	4591054
nonFullTGDs	65100		fullTGDs	1286			newNonFullTGDs	2463293		newFullTGDs	4598655
nonFullTGDs	65200		fullTGDs	1286			newNonFullTGDs	2468020		newFullTGDs	4606258
nonFullTGDs	65300		fullTGDs	1286			newNonFullTGDs	2472649		newFullTGDs	4613858
nonFullTGDs	65400		fullTGDs	1286			newNonFullTGDs	2477139		newFullTGDs	4621478
nonFullTGDs	65500		fullTGDs	1286			newNonFullTGDs	2481215		newFullTGDs	4629082
nonFullTGDs	65600		fullTGDs	1286			newNonFullTGDs	2486283		newFullTGDs	4636683
nonFullTGDs	65700		fullTGDs	1286			newNonFullTGDs	2489749		newFullTGDs	4644284
nonFullTGDs	65800		fullTGDs	1286			newNonFullTGDs	2491163		newFullTGDs	4651884
nonFullTGDs	65900		fullTGDs	1286			newNonFullTGDs	2493756		newFullTGDs	4659487
nonFullTGDs	66000		fullTGDs	1286			newNonFullTGDs	2494697		newFullTGDs	4667089
nonFullTGDs	66100		fullTGDs	1286			newNonFullTGDs	2497881		newFullTGDs	4674690
nonFullTGDs	66200		fullTGDs	1286			newNonFullTGDs	2499646		newFullTGDs	4682291
nonFullTGDs	66300		fullTGDs	1286			newNonFullTGDs	2503357		newFullTGDs	4689892
nonFullTGDs	66400		fullTGDs	1286			newNonFullTGDs	2505671		newFullTGDs	4697494
nonFullTGDs	66500		fullTGDs	1286			newNonFullTGDs	2507814		newFullTGDs	4705095
nonFullTGDs	66600		fullTGDs	1286			newNonFullTGDs	2509093		newFullTGDs	4712696
nonFullTGDs	66700		fullTGDs	1286			newNonFullTGDs	2512749		newFullTGDs	4720298
nonFullTGDs	66800		fullTGDs	1286			newNonFullTGDs	2516959		newFullTGDs	4727900
nonFullTGDs	66900		fullTGDs	1286			newNonFullTGDs	2521948		newFullTGDs	4735501
nonFullTGDs	67000		fullTGDs	1286			newNonFullTGDs	2527108		newFullTGDs	4743102
nonFullTGDs	67100		fullTGDs	1286			newNonFullTGDs	2531335		newFullTGDs	4750704
nonFullTGDs	67200		fullTGDs	1286			newNonFullTGDs	2536218		newFullTGDs	4758305
nonFullTGDs	67300		fullTGDs	1286			newNonFullTGDs	2539923		newFullTGDs	4765905
nonFullTGDs	67400		fullTGDs	1286			newNonFullTGDs	2545342		newFullTGDs	4773506
nonFullTGDs	67500		fullTGDs	1286			newNonFullTGDs	2549540		newFullTGDs	4781107
nonFullTGDs	67600		fullTGDs	1286			newNonFullTGDs	2554221		newFullTGDs	4788707
nonFullTGDs	67700		fullTGDs	1286			newNonFullTGDs	2558081		newFullTGDs	4796310
nonFullTGDs	67800		fullTGDs	1286			newNonFullTGDs	2562051		newFullTGDs	4803911
nonFullTGDs	67900		fullTGDs	1286			newNonFullTGDs	2565875		newFullTGDs	4811512
nonFullTGDs	68000		fullTGDs	1286			newNonFullTGDs	2569912		newFullTGDs	4819114
nonFullTGDs	68100		fullTGDs	1286			newNonFullTGDs	2573834		newFullTGDs	4826716
nonFullTGDs	68200		fullTGDs	1286			newNonFullTGDs	2577959		newFullTGDs	4834318
nonFullTGDs	68300		fullTGDs	1286			newNonFullTGDs	2581748		newFullTGDs	4841919
nonFullTGDs	68400		fullTGDs	1286			newNonFullTGDs	2585608		newFullTGDs	4849519
nonFullTGDs	68500		fullTGDs	1286			newNonFullTGDs	2589015		newFullTGDs	4857121
nonFullTGDs	68600		fullTGDs	1286			newNonFullTGDs	2592827		newFullTGDs	4864723
nonFullTGDs	68700		fullTGDs	1286			newNonFullTGDs	2596137		newFullTGDs	4872324
nonFullTGDs	68800		fullTGDs	1286			newNonFullTGDs	2599406		newFullTGDs	4879925
nonFullTGDs	68900		fullTGDs	1286			newNonFullTGDs	2603159		newFullTGDs	4887526
nonFullTGDs	69000		fullTGDs	1286			newNonFullTGDs	2606478		newFullTGDs	4895127
nonFullTGDs	69100		fullTGDs	1286			newNonFullTGDs	2609786		newFullTGDs	4902727
nonFullTGDs	69200		fullTGDs	1286			newNonFullTGDs	2613355		newFullTGDs	4910329
nonFullTGDs	69300		fullTGDs	1286			newNonFullTGDs	2617390		newFullTGDs	4917930
nonFullTGDs	69400		fullTGDs	1286			newNonFullTGDs	2621126		newFullTGDs	4925531
nonFullTGDs	69500		fullTGDs	1286			newNonFullTGDs	2624762		newFullTGDs	4933132
nonFullTGDs	69600		fullTGDs	1286			newNonFullTGDs	2627079		newFullTGDs	4940733
nonFullTGDs	69700		fullTGDs	1286			newNonFullTGDs	2629115		newFullTGDs	4948335
nonFullTGDs	69800		fullTGDs	1286			newNonFullTGDs	2631703		newFullTGDs	4955938
nonFullTGDs	69900		fullTGDs	1286			newNonFullTGDs	2634475		newFullTGDs	4963538
nonFullTGDs	70000		fullTGDs	1286			newNonFullTGDs	2635993		newFullTGDs	4971140
nonFullTGDs	70100		fullTGDs	1286			newNonFullTGDs	2637554		newFullTGDs	4978742
nonFullTGDs	70200		fullTGDs	1286			newNonFullTGDs	2638876		newFullTGDs	4986343
nonFullTGDs	70300		fullTGDs	1286			newNonFullTGDs	2639884		newFullTGDs	4993944
nonFullTGDs	70400		fullTGDs	1286			newNonFullTGDs	2640868		newFullTGDs	5001545
nonFullTGDs	70500		fullTGDs	1286			newNonFullTGDs	2641622		newFullTGDs	5009146
nonFullTGDs	70600		fullTGDs	1286			newNonFullTGDs	2644480		newFullTGDs	5016747
nonFullTGDs	70700		fullTGDs	1286			newNonFullTGDs	2647904		newFullTGDs	5024353
nonFullTGDs	70800		fullTGDs	1286			newNonFullTGDs	2651946		newFullTGDs	5031957
nonFullTGDs	70900		fullTGDs	1286			newNonFullTGDs	2655931		newFullTGDs	5039564
nonFullTGDs	71000		fullTGDs	1286			newNonFullTGDs	2661243		newFullTGDs	5047168
nonFullTGDs	71100		fullTGDs	1286			newNonFullTGDs	2666578		newFullTGDs	5054771
nonFullTGDs	71200		fullTGDs	1286			newNonFullTGDs	2671527		newFullTGDs	5062373
nonFullTGDs	71300		fullTGDs	1286			newNonFullTGDs	2676884		newFullTGDs	5069975
nonFullTGDs	71400		fullTGDs	1286			newNonFullTGDs	2682689		newFullTGDs	5077577
nonFullTGDs	71500		fullTGDs	1286			newNonFullTGDs	2688095		newFullTGDs	5085179
nonFullTGDs	71600		fullTGDs	1286			newNonFullTGDs	2692424		newFullTGDs	5092785
nonFullTGDs	71700		fullTGDs	1286			newNonFullTGDs	2697254		newFullTGDs	5100387
nonFullTGDs	71800		fullTGDs	1286			newNonFullTGDs	2702784		newFullTGDs	5107988
nonFullTGDs	71900		fullTGDs	1286			newNonFullTGDs	2707399		newFullTGDs	5115596
nonFullTGDs	72000		fullTGDs	1286			newNonFullTGDs	2711922		newFullTGDs	5123199
nonFullTGDs	72100		fullTGDs	1286			newNonFullTGDs	2714943		newFullTGDs	5130807
nonFullTGDs	72200		fullTGDs	1286			newNonFullTGDs	2718136		newFullTGDs	5138413
nonFullTGDs	72300		fullTGDs	1286			newNonFullTGDs	2721154		newFullTGDs	5146017
nonFullTGDs	72400		fullTGDs	1286			newNonFullTGDs	2724418		newFullTGDs	5153617
nonFullTGDs	72500		fullTGDs	1286			newNonFullTGDs	2729301		newFullTGDs	5161218
nonFullTGDs	72600		fullTGDs	1286			newNonFullTGDs	2734762		newFullTGDs	5168819
nonFullTGDs	72700		fullTGDs	1286			newNonFullTGDs	2740297		newFullTGDs	5176428
nonFullTGDs	72800		fullTGDs	1286			newNonFullTGDs	2746354		newFullTGDs	5184029
nonFullTGDs	72900		fullTGDs	1286			newNonFullTGDs	2750836		newFullTGDs	5191629
nonFullTGDs	73000		fullTGDs	1286			newNonFullTGDs	2756435		newFullTGDs	5199230
nonFullTGDs	73100		fullTGDs	1286			newNonFullTGDs	2761275		newFullTGDs	5206832
nonFullTGDs	73200		fullTGDs	1286			newNonFullTGDs	2765423		newFullTGDs	5214433
nonFullTGDs	73300		fullTGDs	1286			newNonFullTGDs	2768304		newFullTGDs	5221729
nonFullTGDs	73400		fullTGDs	1286			newNonFullTGDs	2773237		newFullTGDs	5229330
nonFullTGDs	73500		fullTGDs	1286			newNonFullTGDs	2777616		newFullTGDs	5236930
nonFullTGDs	73600		fullTGDs	1286			newNonFullTGDs	2781842		newFullTGDs	5244579
nonFullTGDs	73700		fullTGDs	1286			newNonFullTGDs	2785686		newFullTGDs	5252179
nonFullTGDs	73800		fullTGDs	1286			newNonFullTGDs	2789928		newFullTGDs	5259779
nonFullTGDs	73900		fullTGDs	1286			newNonFullTGDs	2793715		newFullTGDs	5267379
nonFullTGDs	74000		fullTGDs	1286			newNonFullTGDs	2797122		newFullTGDs	5274980
nonFullTGDs	74100		fullTGDs	1286			newNonFullTGDs	2800080		newFullTGDs	5282582
nonFullTGDs	74200		fullTGDs	1286			newNonFullTGDs	2802863		newFullTGDs	5290184
nonFullTGDs	74300		fullTGDs	1286			newNonFullTGDs	2805611		newFullTGDs	5297785
nonFullTGDs	74400		fullTGDs	1286			newNonFullTGDs	2808024		newFullTGDs	5305385
nonFullTGDs	74500		fullTGDs	1286			newNonFullTGDs	2810499		newFullTGDs	5312985
nonFullTGDs	74600		fullTGDs	1286			newNonFullTGDs	2812559		newFullTGDs	5320586
nonFullTGDs	74700		fullTGDs	1286			newNonFullTGDs	2814527		newFullTGDs	5328186
nonFullTGDs	74800		fullTGDs	1286			newNonFullTGDs	2816188		newFullTGDs	5335787
nonFullTGDs	74900		fullTGDs	1286			newNonFullTGDs	2817701		newFullTGDs	5343388
nonFullTGDs	75000		fullTGDs	1286			newNonFullTGDs	2819209		newFullTGDs	5350988
nonFullTGDs	75100		fullTGDs	1286			newNonFullTGDs	2822978		newFullTGDs	5358590
nonFullTGDs	75200		fullTGDs	1286			newNonFullTGDs	2826861		newFullTGDs	5366192
nonFullTGDs	75300		fullTGDs	1286			newNonFullTGDs	2831086		newFullTGDs	5373793
nonFullTGDs	75400		fullTGDs	1286			newNonFullTGDs	2835821		newFullTGDs	5381394
nonFullTGDs	75500		fullTGDs	1286			newNonFullTGDs	2840483		newFullTGDs	5388996
nonFullTGDs	75600		fullTGDs	1286			newNonFullTGDs	2845429		newFullTGDs	5396596
nonFullTGDs	75700		fullTGDs	1286			newNonFullTGDs	2849354		newFullTGDs	5404197
nonFullTGDs	75800		fullTGDs	1286			newNonFullTGDs	2853902		newFullTGDs	5411799
nonFullTGDs	75900		fullTGDs	1286			newNonFullTGDs	2858091		newFullTGDs	5419401
nonFullTGDs	76000		fullTGDs	1286			newNonFullTGDs	2862306		newFullTGDs	5427001
nonFullTGDs	76100		fullTGDs	1286			newNonFullTGDs	2866541		newFullTGDs	5434603
nonFullTGDs	76200		fullTGDs	1286			newNonFullTGDs	2870318		newFullTGDs	5442204
nonFullTGDs	76300		fullTGDs	1286			newNonFullTGDs	2874188		newFullTGDs	5449806
nonFullTGDs	76400		fullTGDs	1286			newNonFullTGDs	2877475		newFullTGDs	5457406
nonFullTGDs	76500		fullTGDs	1286			newNonFullTGDs	2880952		newFullTGDs	5465007
nonFullTGDs	76600		fullTGDs	1286			newNonFullTGDs	2885667		newFullTGDs	5472609
nonFullTGDs	76700		fullTGDs	1286			newNonFullTGDs	2889991		newFullTGDs	5480212
nonFullTGDs	76800		fullTGDs	1286			newNonFullTGDs	2893965		newFullTGDs	5487837
nonFullTGDs	76900		fullTGDs	1286			newNonFullTGDs	2897591		newFullTGDs	5495439
nonFullTGDs	77000		fullTGDs	1286			newNonFullTGDs	2900844		newFullTGDs	5503042
nonFullTGDs	77100		fullTGDs	1286			newNonFullTGDs	2903869		newFullTGDs	5510642
nonFullTGDs	77200		fullTGDs	1286			newNonFullTGDs	2907133		newFullTGDs	5518242
nonFullTGDs	77300		fullTGDs	1286			newNonFullTGDs	2910812		newFullTGDs	5525842
nonFullTGDs	77400		fullTGDs	1286			newNonFullTGDs	2914526		newFullTGDs	5533442
nonFullTGDs	77500		fullTGDs	1286			newNonFullTGDs	2918203		newFullTGDs	5541042
nonFullTGDs	77600		fullTGDs	1286			newNonFullTGDs	2921297		newFullTGDs	5548642
nonFullTGDs	77700		fullTGDs	1286			newNonFullTGDs	2923896		newFullTGDs	5556242
nonFullTGDs	77800		fullTGDs	1286			newNonFullTGDs	2925783		newFullTGDs	5563856
nonFullTGDs	77900		fullTGDs	1286			newNonFullTGDs	2926886		newFullTGDs	5568311
nonFullTGDs	78000		fullTGDs	1286			newNonFullTGDs	2927252		newFullTGDs	5569797
nonFullTGDs	78100		fullTGDs	1286			newNonFullTGDs	2927306		newFullTGDs	5570466
nonFullTGDs	78200		fullTGDs	1286			newNonFullTGDs	2927640		newFullTGDs	5572338
nonFullTGDs	78300		fullTGDs	1286			newNonFullTGDs	2928030		newFullTGDs	5574170
nonFullTGDs	78400		fullTGDs	1286			newNonFullTGDs	2930551		newFullTGDs	5581374
nonFullTGDs	78500		fullTGDs	1286			newNonFullTGDs	2931628		newFullTGDs	5588977
nonFullTGDs	78600		fullTGDs	1286			newNonFullTGDs	2933990		newFullTGDs	5596580
nonFullTGDs	78700		fullTGDs	1286			newNonFullTGDs	2934698		newFullTGDs	5604183
nonFullTGDs	78800		fullTGDs	1286			newNonFullTGDs	2937660		newFullTGDs	5611784
nonFullTGDs	78900		fullTGDs	1286			newNonFullTGDs	2939230		newFullTGDs	5619386
nonFullTGDs	79000		fullTGDs	1286			newNonFullTGDs	2942606		newFullTGDs	5626988
nonFullTGDs	79100		fullTGDs	1286			newNonFullTGDs	2944654		newFullTGDs	5634592
nonFullTGDs	79200		fullTGDs	1286			newNonFullTGDs	2946680		newFullTGDs	5642195
nonFullTGDs	79300		fullTGDs	1286			newNonFullTGDs	2947780		newFullTGDs	5649797
nonFullTGDs	79400		fullTGDs	1286			newNonFullTGDs	2951057		newFullTGDs	5657399
nonFullTGDs	79500		fullTGDs	1286			newNonFullTGDs	2952724		newFullTGDs	5665002
nonFullTGDs	79600		fullTGDs	1286			newNonFullTGDs	2954246		newFullTGDs	5672603
nonFullTGDs	79700		fullTGDs	1286			newNonFullTGDs	2957722		newFullTGDs	5680206
nonFullTGDs	79800		fullTGDs	1286			newNonFullTGDs	2962147		newFullTGDs	5687808
nonFullTGDs	79900		fullTGDs	1286			newNonFullTGDs	2966576		newFullTGDs	5695410
nonFullTGDs	80000		fullTGDs	1286			newNonFullTGDs	2971240		newFullTGDs	5703011
nonFullTGDs	80100		fullTGDs	1286			newNonFullTGDs	2975091		newFullTGDs	5710612
nonFullTGDs	80200		fullTGDs	1286			newNonFullTGDs	2980164		newFullTGDs	5718215
nonFullTGDs	80300		fullTGDs	1286			newNonFullTGDs	2983755		newFullTGDs	5725815
nonFullTGDs	80400		fullTGDs	1286			newNonFullTGDs	2988404		newFullTGDs	5733417
nonFullTGDs	80500		fullTGDs	1286			newNonFullTGDs	2991720		newFullTGDs	5741019
nonFullTGDs	80600		fullTGDs	1286			newNonFullTGDs	2996042		newFullTGDs	5748621
nonFullTGDs	80700		fullTGDs	1286			newNonFullTGDs	2999738		newFullTGDs	5756223
nonFullTGDs	80800		fullTGDs	1286			newNonFullTGDs	3003674		newFullTGDs	5763825
nonFullTGDs	80900		fullTGDs	1286			newNonFullTGDs	3007285		newFullTGDs	5771426
nonFullTGDs	81000		fullTGDs	1286			newNonFullTGDs	3011157		newFullTGDs	5779028
nonFullTGDs	81100		fullTGDs	1286			newNonFullTGDs	3014830		newFullTGDs	5786629
nonFullTGDs	81200		fullTGDs	1286			newNonFullTGDs	3018434		newFullTGDs	5794229
nonFullTGDs	81300		fullTGDs	1286			newNonFullTGDs	3021617		newFullTGDs	5801831
nonFullTGDs	81400		fullTGDs	1286			newNonFullTGDs	3025378		newFullTGDs	5809435
nonFullTGDs	81500		fullTGDs	1286			newNonFullTGDs	3028553		newFullTGDs	5817038
nonFullTGDs	81600		fullTGDs	1286			newNonFullTGDs	3031842		newFullTGDs	5824640
nonFullTGDs	81700		fullTGDs	1286			newNonFullTGDs	3035336		newFullTGDs	5832242
nonFullTGDs	81800		fullTGDs	1286			newNonFullTGDs	3038472		newFullTGDs	5839843
nonFullTGDs	81900		fullTGDs	1286			newNonFullTGDs	3041669		newFullTGDs	5847477
nonFullTGDs	82000		fullTGDs	1286			newNonFullTGDs	3044965		newFullTGDs	5855078
nonFullTGDs	82100		fullTGDs	1286			newNonFullTGDs	3048789		newFullTGDs	5862679
nonFullTGDs	82200		fullTGDs	1286			newNonFullTGDs	3052017		newFullTGDs	5870280
nonFullTGDs	82300		fullTGDs	1286			newNonFullTGDs	3055523		newFullTGDs	5877881
nonFullTGDs	82400		fullTGDs	1286			newNonFullTGDs	3058027		newFullTGDs	5885483
nonFullTGDs	82500		fullTGDs	1286			newNonFullTGDs	3060005		newFullTGDs	5893086
nonFullTGDs	82600		fullTGDs	1286			newNonFullTGDs	3062084		newFullTGDs	5900690
nonFullTGDs	82700		fullTGDs	1286			newNonFullTGDs	3065008		newFullTGDs	5908291
nonFullTGDs	82800		fullTGDs	1286			newNonFullTGDs	3066551		newFullTGDs	5915894
nonFullTGDs	82900		fullTGDs	1286			newNonFullTGDs	3068007		newFullTGDs	5923497
nonFullTGDs	83000		fullTGDs	1286			newNonFullTGDs	3069224		newFullTGDs	5931099
nonFullTGDs	83100		fullTGDs	1286			newNonFullTGDs	3070152		newFullTGDs	5938703
nonFullTGDs	83200		fullTGDs	1286			newNonFullTGDs	3071069		newFullTGDs	5946306
nonFullTGDs	83300		fullTGDs	1286			newNonFullTGDs	3071690		newFullTGDs	5953909
nonFullTGDs	83400		fullTGDs	1286			newNonFullTGDs	3074076		newFullTGDs	5961509
nonFullTGDs	83500		fullTGDs	1286			newNonFullTGDs	3076732		newFullTGDs	5968961
nonFullTGDs	83600		fullTGDs	1286			newNonFullTGDs	3080456		newFullTGDs	5976562
nonFullTGDs	83700		fullTGDs	1286			newNonFullTGDs	3084924		newFullTGDs	5984163
nonFullTGDs	83800		fullTGDs	1286			newNonFullTGDs	3088865		newFullTGDs	5991766
nonFullTGDs	83900		fullTGDs	1286			newNonFullTGDs	3093159		newFullTGDs	5999366
nonFullTGDs	84000		fullTGDs	1286			newNonFullTGDs	3097143		newFullTGDs	6006966
nonFullTGDs	84100		fullTGDs	1286			newNonFullTGDs	3101248		newFullTGDs	6014567
nonFullTGDs	84200		fullTGDs	1286			newNonFullTGDs	3105136		newFullTGDs	6022167
nonFullTGDs	84300		fullTGDs	1286			newNonFullTGDs	3109383		newFullTGDs	6029770
nonFullTGDs	84400		fullTGDs	1286			newNonFullTGDs	3113341		newFullTGDs	6037372
nonFullTGDs	84500		fullTGDs	1286			newNonFullTGDs	3116796		newFullTGDs	6044972
nonFullTGDs	84600		fullTGDs	1286			newNonFullTGDs	3119715		newFullTGDs	6052573
nonFullTGDs	84700		fullTGDs	1286			newNonFullTGDs	3122794		newFullTGDs	6060175
nonFullTGDs	84800		fullTGDs	1286			newNonFullTGDs	3126212		newFullTGDs	6067775
nonFullTGDs	84900		fullTGDs	1286			newNonFullTGDs	3129722		newFullTGDs	6075376
nonFullTGDs	85000		fullTGDs	1286			newNonFullTGDs	3134654		newFullTGDs	6082977
nonFullTGDs	85100		fullTGDs	1286			newNonFullTGDs	3139946		newFullTGDs	6090578
nonFullTGDs	85200		fullTGDs	1286			newNonFullTGDs	3145315		newFullTGDs	6098179
nonFullTGDs	85300		fullTGDs	1286			newNonFullTGDs	3150115		newFullTGDs	6105779
nonFullTGDs	85400		fullTGDs	1286			newNonFullTGDs	3154426		newFullTGDs	6113379
nonFullTGDs	85500		fullTGDs	1286			newNonFullTGDs	3159759		newFullTGDs	6120990
nonFullTGDs	85600		fullTGDs	1286			newNonFullTGDs	3163666		newFullTGDs	6128591
nonFullTGDs	85700		fullTGDs	1286			newNonFullTGDs	3166853		newFullTGDs	6136192
nonFullTGDs	85800		fullTGDs	1286			newNonFullTGDs	3168915		newFullTGDs	6142881
nonFullTGDs	85900		fullTGDs	1286			newNonFullTGDs	3169138		newFullTGDs	6144209
nonFullTGDs	86000		fullTGDs	1286			newNonFullTGDs	3169353		newFullTGDs	6146124
nonFullTGDs	86100		fullTGDs	1286			newNonFullTGDs	3169603		newFullTGDs	6148033
nonFullTGDs	86200		fullTGDs	1286			newNonFullTGDs	3172271		newFullTGDs	6155179
nonFullTGDs	86300		fullTGDs	1286			newNonFullTGDs	3175587		newFullTGDs	6162780
nonFullTGDs	86400		fullTGDs	1286			newNonFullTGDs	3178846		newFullTGDs	6170381
nonFullTGDs	86500		fullTGDs	1286			newNonFullTGDs	3182716		newFullTGDs	6177981
nonFullTGDs	86600		fullTGDs	1286			newNonFullTGDs	3187389		newFullTGDs	6185582
nonFullTGDs	86700		fullTGDs	1286			newNonFullTGDs	3192459		newFullTGDs	6193183
nonFullTGDs	86800		fullTGDs	1286			newNonFullTGDs	3197654		newFullTGDs	6200784
nonFullTGDs	86900		fullTGDs	1286			newNonFullTGDs	3202772		newFullTGDs	6208384
nonFullTGDs	87000		fullTGDs	1286			newNonFullTGDs	3206761		newFullTGDs	6215984
nonFullTGDs	87100		fullTGDs	1286			newNonFullTGDs	3211556		newFullTGDs	6223585
nonFullTGDs	87200		fullTGDs	1286			newNonFullTGDs	3216510		newFullTGDs	6231198
nonFullTGDs	87300		fullTGDs	1286			newNonFullTGDs	3220712		newFullTGDs	6238801
nonFullTGDs	87400		fullTGDs	1286			newNonFullTGDs	3223178		newFullTGDs	6246402
nonFullTGDs	87500		fullTGDs	1286			newNonFullTGDs	3225255		newFullTGDs	6252370
nonFullTGDs	87600		fullTGDs	1286			newNonFullTGDs	3227965		newFullTGDs	6257218
nonFullTGDs	87700		fullTGDs	1286			newNonFullTGDs	3232374		newFullTGDs	6264820
nonFullTGDs	87800		fullTGDs	1286			newNonFullTGDs	3236385		newFullTGDs	6272423
nonFullTGDs	87900		fullTGDs	1286			newNonFullTGDs	3240054		newFullTGDs	6280025
nonFullTGDs	88000		fullTGDs	1286			newNonFullTGDs	3243467		newFullTGDs	6287628
nonFullTGDs	88100		fullTGDs	1286			newNonFullTGDs	3246505		newFullTGDs	6295231
nonFullTGDs	88200		fullTGDs	1286			newNonFullTGDs	3249220		newFullTGDs	6302857
nonFullTGDs	88300		fullTGDs	1286			newNonFullTGDs	3253990		newFullTGDs	6310459
nonFullTGDs	88400		fullTGDs	1286			newNonFullTGDs	3258373		newFullTGDs	6318060
nonFullTGDs	88500		fullTGDs	1286			newNonFullTGDs	3262530		newFullTGDs	6325662
nonFullTGDs	88600		fullTGDs	1286			newNonFullTGDs	3266429		newFullTGDs	6333264
nonFullTGDs	88700		fullTGDs	1286			newNonFullTGDs	3269997		newFullTGDs	6340866
nonFullTGDs	88800		fullTGDs	1286			newNonFullTGDs	3273505		newFullTGDs	6348468
nonFullTGDs	88900		fullTGDs	1286			newNonFullTGDs	3276379		newFullTGDs	6356070
nonFullTGDs	89000		fullTGDs	1286			newNonFullTGDs	3279175		newFullTGDs	6363672
nonFullTGDs	89100		fullTGDs	1286			newNonFullTGDs	3281585		newFullTGDs	6371274
nonFullTGDs	89200		fullTGDs	1286			newNonFullTGDs	3283847		newFullTGDs	6378904
nonFullTGDs	89300		fullTGDs	1286			newNonFullTGDs	3286424		newFullTGDs	6386504
nonFullTGDs	89400		fullTGDs	1286			newNonFullTGDs	3289212		newFullTGDs	6394104
nonFullTGDs	89500		fullTGDs	1286			newNonFullTGDs	3292398		newFullTGDs	6401704
nonFullTGDs	89600		fullTGDs	1286			newNonFullTGDs	3295944		newFullTGDs	6409304
nonFullTGDs	89700		fullTGDs	1286			newNonFullTGDs	3299143		newFullTGDs	6416904
nonFullTGDs	89800		fullTGDs	1286			newNonFullTGDs	3301656		newFullTGDs	6424504
nonFullTGDs	89900		fullTGDs	1286			newNonFullTGDs	3303443		newFullTGDs	6432115
nonFullTGDs	90000		fullTGDs	1286			newNonFullTGDs	3306029		newFullTGDs	6439716
nonFullTGDs	90100		fullTGDs	1286			newNonFullTGDs	3310526		newFullTGDs	6447317
nonFullTGDs	90200		fullTGDs	1286			newNonFullTGDs	3314684		newFullTGDs	6454919
nonFullTGDs	90300		fullTGDs	1286			newNonFullTGDs	3318427		newFullTGDs	6462520
nonFullTGDs	90400		fullTGDs	1286			newNonFullTGDs	3322117		newFullTGDs	6470121
nonFullTGDs	90500		fullTGDs	1286			newNonFullTGDs	3325267		newFullTGDs	6477723
nonFullTGDs	90600		fullTGDs	1286			newNonFullTGDs	3328193		newFullTGDs	6485355
nonFullTGDs	90700		fullTGDs	1286			newNonFullTGDs	3330864		newFullTGDs	6492956
nonFullTGDs	90800		fullTGDs	1286			newNonFullTGDs	3333314		newFullTGDs	6500556
nonFullTGDs	90900		fullTGDs	1286			newNonFullTGDs	3335697		newFullTGDs	6508156
nonFullTGDs	91000		fullTGDs	1286			newNonFullTGDs	3338953		newFullTGDs	6515756
nonFullTGDs	91100		fullTGDs	1286			newNonFullTGDs	3340812		newFullTGDs	6523356
nonFullTGDs	91200		fullTGDs	1286			newNonFullTGDs	3344418		newFullTGDs	6530956
nonFullTGDs	91300		fullTGDs	1286			newNonFullTGDs	3348290		newFullTGDs	6538556
nonFullTGDs	91400		fullTGDs	1286			newNonFullTGDs	3351655		newFullTGDs	6546005
nonFullTGDs	91500		fullTGDs	1286			newNonFullTGDs	3355367		newFullTGDs	6553607
nonFullTGDs	91600		fullTGDs	1286			newNonFullTGDs	3359563		newFullTGDs	6561207
nonFullTGDs	91700		fullTGDs	1286			newNonFullTGDs	3363543		newFullTGDs	6568809
nonFullTGDs	91800		fullTGDs	1286			newNonFullTGDs	3367288		newFullTGDs	6576409
nonFullTGDs	91900		fullTGDs	1286			newNonFullTGDs	3371271		newFullTGDs	6584010
nonFullTGDs	92000		fullTGDs	1286			newNonFullTGDs	3375065		newFullTGDs	6591610
nonFullTGDs	92100		fullTGDs	1286			newNonFullTGDs	3378660		newFullTGDs	6599212
nonFullTGDs	92200		fullTGDs	1286			newNonFullTGDs	3382035		newFullTGDs	6606812
nonFullTGDs	92300		fullTGDs	1286			newNonFullTGDs	3385719		newFullTGDs	6614342
nonFullTGDs	92400		fullTGDs	1286			newNonFullTGDs	3389637		newFullTGDs	6621942
nonFullTGDs	92500		fullTGDs	1286			newNonFullTGDs	3393575		newFullTGDs	6628899
nonFullTGDs	92600		fullTGDs	1286			newNonFullTGDs	3399055		newFullTGDs	6636499
nonFullTGDs	92700		fullTGDs	1286			newNonFullTGDs	3404066		newFullTGDs	6644099
nonFullTGDs	92800		fullTGDs	1286			newNonFullTGDs	3408576		newFullTGDs	6651699
nonFullTGDs	92900		fullTGDs	1286			newNonFullTGDs	3412708		newFullTGDs	6659300
nonFullTGDs	93000		fullTGDs	1286			newNonFullTGDs	3416590		newFullTGDs	6666901
nonFullTGDs	93100		fullTGDs	1286			newNonFullTGDs	3421175		newFullTGDs	6674501
nonFullTGDs	93200		fullTGDs	1286			newNonFullTGDs	3424371		newFullTGDs	6682102
nonFullTGDs	93300		fullTGDs	1286			newNonFullTGDs	3428403		newFullTGDs	6689702
nonFullTGDs	93400		fullTGDs	1286			newNonFullTGDs	3432613		newFullTGDs	6697302
nonFullTGDs	93500		fullTGDs	1286			newNonFullTGDs	3436171		newFullTGDs	6704902
nonFullTGDs	93600		fullTGDs	1286			newNonFullTGDs	3439546		newFullTGDs	6712502
nonFullTGDs	93700		fullTGDs	1286			newNonFullTGDs	3443175		newFullTGDs	6720102
nonFullTGDs	93800		fullTGDs	1286			newNonFullTGDs	3445832		newFullTGDs	6727702
nonFullTGDs	93900		fullTGDs	1286			newNonFullTGDs	3448380		newFullTGDs	6735302
nonFullTGDs	94000		fullTGDs	1286			newNonFullTGDs	3450402		newFullTGDs	6742903
nonFullTGDs	94100		fullTGDs	1286			newNonFullTGDs	3452505		newFullTGDs	6750504
nonFullTGDs	94200		fullTGDs	1286			newNonFullTGDs	3454701		newFullTGDs	6758104
nonFullTGDs	94300		fullTGDs	1286			newNonFullTGDs	3457096		newFullTGDs	6765704
nonFullTGDs	94400		fullTGDs	1286			newNonFullTGDs	3459112		newFullTGDs	6773304
nonFullTGDs	94500		fullTGDs	1286			newNonFullTGDs	3460910		newFullTGDs	6780904
nonFullTGDs	94600		fullTGDs	1286			newNonFullTGDs	3462229		newFullTGDs	6788506
nonFullTGDs	94700		fullTGDs	1286			newNonFullTGDs	3463591		newFullTGDs	6796107
nonFullTGDs	94800		fullTGDs	1286			newNonFullTGDs	3464704		newFullTGDs	6803773
nonFullTGDs	94900		fullTGDs	1286			newNonFullTGDs	3465674		newFullTGDs	6811374
nonFullTGDs	95000		fullTGDs	1286			newNonFullTGDs	3466691		newFullTGDs	6818974
nonFullTGDs	95100		fullTGDs	1286			newNonFullTGDs	3467483		newFullTGDs	6826574
nonFullTGDs	95200		fullTGDs	1286			newNonFullTGDs	3467982		newFullTGDs	6834174
nonFullTGDs	95300		fullTGDs	1286			newNonFullTGDs	3468329		newFullTGDs	6841775
nonFullTGDs	95400		fullTGDs	1286			newNonFullTGDs	3468534		newFullTGDs	6849376
nonFullTGDs	95500		fullTGDs	1286			newNonFullTGDs	3468576		newFullTGDs	6856977
nonFullTGDs	95600		fullTGDs	1286			newNonFullTGDs	3470204		newFullTGDs	6864578
nonFullTGDs	95700		fullTGDs	1286			newNonFullTGDs	3474484		newFullTGDs	6872183
nonFullTGDs	95800		fullTGDs	1286			newNonFullTGDs	3478613		newFullTGDs	6879786
nonFullTGDs	95900		fullTGDs	1286			newNonFullTGDs	3482340		newFullTGDs	6887390
nonFullTGDs	96000		fullTGDs	1286			newNonFullTGDs	3485788		newFullTGDs	6894994
nonFullTGDs	96100		fullTGDs	1286			newNonFullTGDs	3488963		newFullTGDs	6902598
nonFullTGDs	96200		fullTGDs	1286			newNonFullTGDs	3491702		newFullTGDs	6910201
nonFullTGDs	96300		fullTGDs	1286			newNonFullTGDs	3496383		newFullTGDs	6917355
nonFullTGDs	96400		fullTGDs	1286			newNonFullTGDs	3500608		newFullTGDs	6924955
nonFullTGDs	96500		fullTGDs	1286			newNonFullTGDs	3504771		newFullTGDs	6932568
nonFullTGDs	96600		fullTGDs	1286			newNonFullTGDs	3508826		newFullTGDs	6940222
nonFullTGDs	96700		fullTGDs	1286			newNonFullTGDs	3512747		newFullTGDs	6947823
nonFullTGDs	96800		fullTGDs	1286			newNonFullTGDs	3517031		newFullTGDs	6955423
nonFullTGDs	96900		fullTGDs	1286			newNonFullTGDs	3520071		newFullTGDs	6963023
nonFullTGDs	97000		fullTGDs	1286			newNonFullTGDs	3524436		newFullTGDs	6970623
nonFullTGDs	97100		fullTGDs	1286			newNonFullTGDs	3528272		newFullTGDs	6978223
nonFullTGDs	97200		fullTGDs	1286			newNonFullTGDs	3531911		newFullTGDs	6985823
nonFullTGDs	97300		fullTGDs	1286			newNonFullTGDs	3534626		newFullTGDs	6993423
nonFullTGDs	97400		fullTGDs	1286			newNonFullTGDs	3537067		newFullTGDs	7001023
nonFullTGDs	97500		fullTGDs	1286			newNonFullTGDs	3539455		newFullTGDs	7008624
nonFullTGDs	97600		fullTGDs	1286			newNonFullTGDs	3541797		newFullTGDs	7016224
nonFullTGDs	97700		fullTGDs	1286			newNonFullTGDs	3544309		newFullTGDs	7023824
nonFullTGDs	97800		fullTGDs	1286			newNonFullTGDs	3546420		newFullTGDs	7031424
nonFullTGDs	97900		fullTGDs	1286			newNonFullTGDs	3548380		newFullTGDs	7039024
nonFullTGDs	98000		fullTGDs	1286			newNonFullTGDs	3550028		newFullTGDs	7046624
nonFullTGDs	98100		fullTGDs	1286			newNonFullTGDs	3551512		newFullTGDs	7054224
nonFullTGDs	98200		fullTGDs	1286			newNonFullTGDs	3552942		newFullTGDs	7061824
nonFullTGDs	98300		fullTGDs	1286			newNonFullTGDs	3554119		newFullTGDs	7069424
nonFullTGDs	98400		fullTGDs	1286			newNonFullTGDs	3555000		newFullTGDs	7077025
nonFullTGDs	98500		fullTGDs	1286			newNonFullTGDs	3555827		newFullTGDs	7084625
nonFullTGDs	98600		fullTGDs	1286			newNonFullTGDs	3556403		newFullTGDs	7092225
nonFullTGDs	98700		fullTGDs	1286			newNonFullTGDs	3560155		newFullTGDs	7099827
nonFullTGDs	98800		fullTGDs	1286			newNonFullTGDs	3564913		newFullTGDs	7107429
nonFullTGDs	98900		fullTGDs	1286			newNonFullTGDs	3570158		newFullTGDs	7115031
nonFullTGDs	99000		fullTGDs	1286			newNonFullTGDs	3573674		newFullTGDs	7122633
nonFullTGDs	99100		fullTGDs	1286			newNonFullTGDs	3578909		newFullTGDs	7130236
nonFullTGDs	99200		fullTGDs	1286			newNonFullTGDs	3582838		newFullTGDs	7137838
nonFullTGDs	99300		fullTGDs	1286			newNonFullTGDs	3586576		newFullTGDs	7145440
nonFullTGDs	99400		fullTGDs	1286			newNonFullTGDs	3590191		newFullTGDs	7153041
nonFullTGDs	99500		fullTGDs	1286			newNonFullTGDs	3594414		newFullTGDs	7160645
nonFullTGDs	99600		fullTGDs	1286			newNonFullTGDs	3598145		newFullTGDs	7168248
nonFullTGDs	99700		fullTGDs	1286			newNonFullTGDs	3601727		newFullTGDs	7175851
nonFullTGDs	99800		fullTGDs	1286			newNonFullTGDs	3605313		newFullTGDs	7183455
nonFullTGDs	99900		fullTGDs	1286			newNonFullTGDs	3608442		newFullTGDs	7191057
nonFullTGDs	100000		fullTGDs	1286			newNonFullTGDs	3611109		newFullTGDs	7198659
nonFullTGDs	100100		fullTGDs	1286			newNonFullTGDs	3613340		newFullTGDs	7206260
nonFullTGDs	100200		fullTGDs	1286			newNonFullTGDs	3615641		newFullTGDs	7213862
nonFullTGDs	100300		fullTGDs	1286			newNonFullTGDs	3618047		newFullTGDs	7221464
nonFullTGDs	100400		fullTGDs	1286			newNonFullTGDs	3620501		newFullTGDs	7229068
nonFullTGDs	100500		fullTGDs	1286			newNonFullTGDs	3622560		newFullTGDs	7236670
nonFullTGDs	100600		fullTGDs	1286			newNonFullTGDs	3624747		newFullTGDs	7244273
nonFullTGDs	100700		fullTGDs	1286			newNonFullTGDs	3626234		newFullTGDs	7251875
nonFullTGDs	100800		fullTGDs	1286			newNonFullTGDs	3627518		newFullTGDs	7259477
nonFullTGDs	100900		fullTGDs	1286			newNonFullTGDs	3628702		newFullTGDs	7267086
nonFullTGDs	101000		fullTGDs	1286			newNonFullTGDs	3629748		newFullTGDs	7274688
nonFullTGDs	101100		fullTGDs	1286			newNonFullTGDs	3630761		newFullTGDs	7282290
nonFullTGDs	101200		fullTGDs	1286			newNonFullTGDs	3631541		newFullTGDs	7289893
nonFullTGDs	101300		fullTGDs	1286			newNonFullTGDs	3632062		newFullTGDs	7297494
nonFullTGDs	101400		fullTGDs	1286			newNonFullTGDs	3632470		newFullTGDs	7305097
nonFullTGDs	101500		fullTGDs	1286			newNonFullTGDs	3632672		newFullTGDs	7312699
nonFullTGDs	101600		fullTGDs	1286			newNonFullTGDs	3634035		newFullTGDs	7320301
nonFullTGDs	101700		fullTGDs	1286			newNonFullTGDs	3636299		newFullTGDs	7327901
nonFullTGDs	101800		fullTGDs	1286			newNonFullTGDs	3638840		newFullTGDs	7335501
nonFullTGDs	101900		fullTGDs	1286			newNonFullTGDs	3641861		newFullTGDs	7343101
nonFullTGDs	102000		fullTGDs	1286			newNonFullTGDs	3644887		newFullTGDs	7350701
nonFullTGDs	102100		fullTGDs	1286			newNonFullTGDs	3647076		newFullTGDs	7358310
nonFullTGDs	102200		fullTGDs	1286			newNonFullTGDs	3648277		newFullTGDs	7365064
nonFullTGDs	102300		fullTGDs	1286			newNonFullTGDs	3648388		newFullTGDs	7366977
nonFullTGDs	102400		fullTGDs	1286			newNonFullTGDs	3649003		newFullTGDs	7369740
nonFullTGDs	102500		fullTGDs	1286			newNonFullTGDs	3651183		newFullTGDs	7377341
nonFullTGDs	102600		fullTGDs	1286			newNonFullTGDs	3653585		newFullTGDs	7384943
nonFullTGDs	102700		fullTGDs	1286			newNonFullTGDs	3655819		newFullTGDs	7392545
nonFullTGDs	102800		fullTGDs	1286			newNonFullTGDs	3657262		newFullTGDs	7400145
nonFullTGDs	102900		fullTGDs	1286			newNonFullTGDs	3659230		newFullTGDs	7407747
nonFullTGDs	103000		fullTGDs	1286			newNonFullTGDs	3661217		newFullTGDs	7415349
nonFullTGDs	103100		fullTGDs	1286			newNonFullTGDs	3663523		newFullTGDs	7422950
nonFullTGDs	103200		fullTGDs	1286			newNonFullTGDs	3664727		newFullTGDs	7430553
nonFullTGDs	103300		fullTGDs	1286			newNonFullTGDs	3668412		newFullTGDs	7438154
nonFullTGDs	103400		fullTGDs	1286			newNonFullTGDs	3669861		newFullTGDs	7445756
nonFullTGDs	103500		fullTGDs	1286			newNonFullTGDs	3672330		newFullTGDs	7453357
nonFullTGDs	103600		fullTGDs	1286			newNonFullTGDs	3674577		newFullTGDs	7460959
nonFullTGDs	103700		fullTGDs	1286			newNonFullTGDs	3677628		newFullTGDs	7468560
nonFullTGDs	103800		fullTGDs	1286			newNonFullTGDs	3680980		newFullTGDs	7476162
nonFullTGDs	103900		fullTGDs	1286			newNonFullTGDs	3685684		newFullTGDs	7483763
nonFullTGDs	104000		fullTGDs	1286			newNonFullTGDs	3689625		newFullTGDs	7491363
nonFullTGDs	104100		fullTGDs	1286			newNonFullTGDs	3693793		newFullTGDs	7498965
nonFullTGDs	104200		fullTGDs	1286			newNonFullTGDs	3697453		newFullTGDs	7506567
nonFullTGDs	104300		fullTGDs	1286			newNonFullTGDs	3701369		newFullTGDs	7514168
nonFullTGDs	104400		fullTGDs	1286			newNonFullTGDs	3705128		newFullTGDs	7521770
nonFullTGDs	104500		fullTGDs	1286			newNonFullTGDs	3709052		newFullTGDs	7529372
nonFullTGDs	104600		fullTGDs	1286			newNonFullTGDs	3712972		newFullTGDs	7537033
nonFullTGDs	104700		fullTGDs	1286			newNonFullTGDs	3716616		newFullTGDs	7544634
nonFullTGDs	104800		fullTGDs	1286			newNonFullTGDs	3720267		newFullTGDs	7552234
nonFullTGDs	104900		fullTGDs	1286			newNonFullTGDs	3723413		newFullTGDs	7559836
nonFullTGDs	105000		fullTGDs	1286			newNonFullTGDs	3727096		newFullTGDs	7567439
nonFullTGDs	105100		fullTGDs	1286			newNonFullTGDs	3730248		newFullTGDs	7575040
nonFullTGDs	105200		fullTGDs	1286			newNonFullTGDs	3733412		newFullTGDs	7582641
nonFullTGDs	105300		fullTGDs	1286			newNonFullTGDs	3736931		newFullTGDs	7590242
nonFullTGDs	105400		fullTGDs	1286			newNonFullTGDs	3740058		newFullTGDs	7597843
nonFullTGDs	105500		fullTGDs	1286			newNonFullTGDs	3743190		newFullTGDs	7605444
nonFullTGDs	105600		fullTGDs	1286			newNonFullTGDs	3746355		newFullTGDs	7613045
nonFullTGDs	105700		fullTGDs	1286			newNonFullTGDs	3749744		newFullTGDs	7620645
nonFullTGDs	105800		fullTGDs	1286			newNonFullTGDs	3753055		newFullTGDs	7628247
nonFullTGDs	105900		fullTGDs	1286			newNonFullTGDs	3756118		newFullTGDs	7635848
nonFullTGDs	106000		fullTGDs	1286			newNonFullTGDs	3758148		newFullTGDs	7643450
nonFullTGDs	106100		fullTGDs	1286			newNonFullTGDs	3760686		newFullTGDs	7651053
nonFullTGDs	106200		fullTGDs	1286			newNonFullTGDs	3763070		newFullTGDs	7658654
nonFullTGDs	106300		fullTGDs	1286			newNonFullTGDs	3764652		newFullTGDs	7666255
nonFullTGDs	106400		fullTGDs	1286			newNonFullTGDs	3766046		newFullTGDs	7673857
nonFullTGDs	106500		fullTGDs	1286			newNonFullTGDs	3767312		newFullTGDs	7681459
nonFullTGDs	106600		fullTGDs	1286			newNonFullTGDs	3768361		newFullTGDs	7689060
nonFullTGDs	106700		fullTGDs	1286			newNonFullTGDs	3769231		newFullTGDs	7696662
nonFullTGDs	106800		fullTGDs	1286			newNonFullTGDs	3770462		newFullTGDs	7704263
nonFullTGDs	106900		fullTGDs	1286			newNonFullTGDs	3772880		newFullTGDs	7711221
nonFullTGDs	107000		fullTGDs	1286			newNonFullTGDs	3775754		newFullTGDs	7718823
nonFullTGDs	107100		fullTGDs	1286			newNonFullTGDs	3778762		newFullTGDs	7726425
nonFullTGDs	107200		fullTGDs	1286			newNonFullTGDs	3782035		newFullTGDs	7734026
nonFullTGDs	107300		fullTGDs	1286			newNonFullTGDs	3784948		newFullTGDs	7741627
nonFullTGDs	107400		fullTGDs	1286			newNonFullTGDs	3788137		newFullTGDs	7749228
nonFullTGDs	107500		fullTGDs	1286			newNonFullTGDs	3790751		newFullTGDs	7756829
nonFullTGDs	107600		fullTGDs	1286			newNonFullTGDs	3792881		newFullTGDs	7764431
nonFullTGDs	107700		fullTGDs	1286			newNonFullTGDs	3795851		newFullTGDs	7772032
nonFullTGDs	107800		fullTGDs	1286			newNonFullTGDs	3799418		newFullTGDs	7779638
nonFullTGDs	107900		fullTGDs	1286			newNonFullTGDs	3803471		newFullTGDs	7787280
nonFullTGDs	108000		fullTGDs	1286			newNonFullTGDs	3807264		newFullTGDs	7794882
nonFullTGDs	108100		fullTGDs	1286			newNonFullTGDs	3811332		newFullTGDs	7802484
nonFullTGDs	108200		fullTGDs	1286			newNonFullTGDs	3815386		newFullTGDs	7810085
nonFullTGDs	108300		fullTGDs	1286			newNonFullTGDs	3819377		newFullTGDs	7817685
nonFullTGDs	108400		fullTGDs	1286			newNonFullTGDs	3823103		newFullTGDs	7825288
nonFullTGDs	108500		fullTGDs	1286			newNonFullTGDs	3826759		newFullTGDs	7832890
nonFullTGDs	108600		fullTGDs	1286			newNonFullTGDs	3830541		newFullTGDs	7840491
nonFullTGDs	108700		fullTGDs	1286			newNonFullTGDs	3833878		newFullTGDs	7848091
nonFullTGDs	108800		fullTGDs	1286			newNonFullTGDs	3837651		newFullTGDs	7855692
nonFullTGDs	108900		fullTGDs	1286			newNonFullTGDs	3841486		newFullTGDs	7863293
nonFullTGDs	109000		fullTGDs	1286			newNonFullTGDs	3845421		newFullTGDs	7870895
nonFullTGDs	109100		fullTGDs	1286			newNonFullTGDs	3848433		newFullTGDs	7878495
nonFullTGDs	109200		fullTGDs	1286			newNonFullTGDs	3851599		newFullTGDs	7886098
nonFullTGDs	109300		fullTGDs	1286			newNonFullTGDs	3854600		newFullTGDs	7893700
nonFullTGDs	109400		fullTGDs	1286			newNonFullTGDs	3856938		newFullTGDs	7901301
nonFullTGDs	109500		fullTGDs	1286			newNonFullTGDs	3859057		newFullTGDs	7908903
nonFullTGDs	109600		fullTGDs	1286			newNonFullTGDs	3861088		newFullTGDs	7916504
nonFullTGDs	109700		fullTGDs	1286			newNonFullTGDs	3865448		newFullTGDs	7924106
nonFullTGDs	109800		fullTGDs	1286			newNonFullTGDs	3869720		newFullTGDs	7931708
nonFullTGDs	109900		fullTGDs	1286			newNonFullTGDs	3873680		newFullTGDs	7939309
nonFullTGDs	110000		fullTGDs	1286			newNonFullTGDs	3877417		newFullTGDs	7946940
nonFullTGDs	110100		fullTGDs	1286			newNonFullTGDs	3880769		newFullTGDs	7954542
nonFullTGDs	110200		fullTGDs	1286			newNonFullTGDs	3884128		newFullTGDs	7962143
nonFullTGDs	110300		fullTGDs	1286			newNonFullTGDs	3886862		newFullTGDs	7969745
nonFullTGDs	110400		fullTGDs	1286			newNonFullTGDs	3889415		newFullTGDs	7977347
nonFullTGDs	110500		fullTGDs	1286			newNonFullTGDs	3891719		newFullTGDs	7984949
nonFullTGDs	110600		fullTGDs	1286			newNonFullTGDs	3893715		newFullTGDs	7992551
nonFullTGDs	110700		fullTGDs	1286			newNonFullTGDs	3896946		newFullTGDs	8000151
nonFullTGDs	110800		fullTGDs	1286			newNonFullTGDs	3901177		newFullTGDs	8007751
nonFullTGDs	110900		fullTGDs	1286			newNonFullTGDs	3905285		newFullTGDs	8015351
nonFullTGDs	111000		fullTGDs	1286			newNonFullTGDs	3909292		newFullTGDs	8022951
nonFullTGDs	111100		fullTGDs	1286			newNonFullTGDs	3912789		newFullTGDs	8030551
nonFullTGDs	111200		fullTGDs	1286			newNonFullTGDs	3916095		newFullTGDs	8038151
nonFullTGDs	111300		fullTGDs	1286			newNonFullTGDs	3919038		newFullTGDs	8045751
nonFullTGDs	111400		fullTGDs	1286			newNonFullTGDs	3921795		newFullTGDs	8053351
nonFullTGDs	111500		fullTGDs	1286			newNonFullTGDs	3924176		newFullTGDs	8060951
nonFullTGDs	111600		fullTGDs	1286			newNonFullTGDs	3926669		newFullTGDs	8068551
nonFullTGDs	111700		fullTGDs	1286			newNonFullTGDs	3927635		newFullTGDs	8071532
nonFullTGDs	111800		fullTGDs	1286			newNonFullTGDs	3928031		newFullTGDs	8072802
nonFullTGDs	111900		fullTGDs	1286			newNonFullTGDs	3929280		newFullTGDs	8077211
nonFullTGDs	112000		fullTGDs	1286			newNonFullTGDs	3931599		newFullTGDs	8084812
nonFullTGDs	112100		fullTGDs	1286			newNonFullTGDs	3934457		newFullTGDs	8092414
nonFullTGDs	112200		fullTGDs	1286			newNonFullTGDs	3937653		newFullTGDs	8100015
nonFullTGDs	112300		fullTGDs	1286			newNonFullTGDs	3939806		newFullTGDs	8107616
nonFullTGDs	112400		fullTGDs	1286			newNonFullTGDs	3942765		newFullTGDs	8115218
nonFullTGDs	112500		fullTGDs	1286			newNonFullTGDs	3945461		newFullTGDs	8122819
nonFullTGDs	112600		fullTGDs	1286			newNonFullTGDs	3947722		newFullTGDs	8130420
nonFullTGDs	112700		fullTGDs	1286			newNonFullTGDs	3950015		newFullTGDs	8138022
nonFullTGDs	112800		fullTGDs	1286			newNonFullTGDs	3952919		newFullTGDs	8145623
nonFullTGDs	112900		fullTGDs	1286			newNonFullTGDs	3954665		newFullTGDs	8153224
nonFullTGDs	113000		fullTGDs	1286			newNonFullTGDs	3957568		newFullTGDs	8160825
nonFullTGDs	113100		fullTGDs	1286			newNonFullTGDs	3961006		newFullTGDs	8168426
nonFullTGDs	113200		fullTGDs	1286			newNonFullTGDs	3964758		newFullTGDs	8176028
nonFullTGDs	113300		fullTGDs	1286			newNonFullTGDs	3968497		newFullTGDs	8183629
nonFullTGDs	113400		fullTGDs	1286			newNonFullTGDs	3972245		newFullTGDs	8191230
nonFullTGDs	113500		fullTGDs	1286			newNonFullTGDs	3975920		newFullTGDs	8198832
nonFullTGDs	113600		fullTGDs	1286			newNonFullTGDs	3979360		newFullTGDs	8206433
nonFullTGDs	113700		fullTGDs	1286			newNonFullTGDs	3982862		newFullTGDs	8214034
nonFullTGDs	113800		fullTGDs	1286			newNonFullTGDs	3986646		newFullTGDs	8221635
nonFullTGDs	113900		fullTGDs	1286			newNonFullTGDs	3989796		newFullTGDs	8229235
nonFullTGDs	114000		fullTGDs	1286			newNonFullTGDs	3993196		newFullTGDs	8236836
nonFullTGDs	114100		fullTGDs	1286			newNonFullTGDs	3996675		newFullTGDs	8244437
nonFullTGDs	114200		fullTGDs	1286			newNonFullTGDs	4000150		newFullTGDs	8252038
nonFullTGDs	114300		fullTGDs	1286			newNonFullTGDs	4003365		newFullTGDs	8259639
nonFullTGDs	114400		fullTGDs	1286			newNonFullTGDs	4006180		newFullTGDs	8267241
nonFullTGDs	114500		fullTGDs	1286			newNonFullTGDs	4009331		newFullTGDs	8274842
nonFullTGDs	114600		fullTGDs	1286			newNonFullTGDs	4011419		newFullTGDs	8282444
nonFullTGDs	114700		fullTGDs	1286			newNonFullTGDs	4013446		newFullTGDs	8290044
nonFullTGDs	114800		fullTGDs	1286			newNonFullTGDs	4015183		newFullTGDs	8297645
nonFullTGDs	114900		fullTGDs	1286			newNonFullTGDs	4016783		newFullTGDs	8305246
nonFullTGDs	115000		fullTGDs	1286			newNonFullTGDs	4020750		newFullTGDs	8312847
nonFullTGDs	115100		fullTGDs	1286			newNonFullTGDs	4024619		newFullTGDs	8320448
nonFullTGDs	115200		fullTGDs	1286			newNonFullTGDs	4029219		newFullTGDs	8328048
nonFullTGDs	115300		fullTGDs	1286			newNonFullTGDs	4033103		newFullTGDs	8335648
nonFullTGDs	115400		fullTGDs	1286			newNonFullTGDs	4036616		newFullTGDs	8343249
nonFullTGDs	115500		fullTGDs	1286			newNonFullTGDs	4040591		newFullTGDs	8350849
nonFullTGDs	115600		fullTGDs	1286			newNonFullTGDs	4044093		newFullTGDs	8358449
nonFullTGDs	115700		fullTGDs	1286			newNonFullTGDs	4047068		newFullTGDs	8366099
nonFullTGDs	115800		fullTGDs	1286			newNonFullTGDs	4049731		newFullTGDs	8373701
nonFullTGDs	115900		fullTGDs	1286			newNonFullTGDs	4052294		newFullTGDs	8381302
nonFullTGDs	116000		fullTGDs	1286			newNonFullTGDs	4054731		newFullTGDs	8388903
nonFullTGDs	116100		fullTGDs	1286			newNonFullTGDs	4056888		newFullTGDs	8396504
nonFullTGDs	116200		fullTGDs	1286			newNonFullTGDs	4058948		newFullTGDs	8404105
nonFullTGDs	116300		fullTGDs	1286			newNonFullTGDs	4060699		newFullTGDs	8411706
nonFullTGDs	116400		fullTGDs	1286			newNonFullTGDs	4062407		newFullTGDs	8419306
nonFullTGDs	116500		fullTGDs	1286			newNonFullTGDs	4063865		newFullTGDs	8426907
nonFullTGDs	116600		fullTGDs	1286			newNonFullTGDs	4065139		newFullTGDs	8434507
nonFullTGDs	116700		fullTGDs	1286			newNonFullTGDs	4066189		newFullTGDs	8442108
nonFullTGDs	116800		fullTGDs	1286			newNonFullTGDs	4068222		newFullTGDs	8449712
nonFullTGDs	116900		fullTGDs	1286			newNonFullTGDs	4070872		newFullTGDs	8457319
nonFullTGDs	117000		fullTGDs	1286			newNonFullTGDs	4073657		newFullTGDs	8464924
nonFullTGDs	117100		fullTGDs	1286			newNonFullTGDs	4076283		newFullTGDs	8472531
nonFullTGDs	117200		fullTGDs	1286			newNonFullTGDs	4079313		newFullTGDs	8480138
nonFullTGDs	117300		fullTGDs	1286			newNonFullTGDs	4082120		newFullTGDs	8487744
nonFullTGDs	117400		fullTGDs	1286			newNonFullTGDs	4084324		newFullTGDs	8495351
nonFullTGDs	117500		fullTGDs	1286			newNonFullTGDs	4085980		newFullTGDs	8502957
nonFullTGDs	117600		fullTGDs	1286			newNonFullTGDs	4087491		newFullTGDs	8510485
nonFullTGDs	117700		fullTGDs	1286			newNonFullTGDs	4089889		newFullTGDs	8518086
nonFullTGDs	117800		fullTGDs	1286			newNonFullTGDs	4091903		newFullTGDs	8525687
nonFullTGDs	117900		fullTGDs	1286			newNonFullTGDs	4094197		newFullTGDs	8533288
nonFullTGDs	118000		fullTGDs	1286			newNonFullTGDs	4098809		newFullTGDs	8540895
nonFullTGDs	118100		fullTGDs	1286			newNonFullTGDs	4102952		newFullTGDs	8548495
nonFullTGDs	118200		fullTGDs	1286			newNonFullTGDs	4107856		newFullTGDs	8556096
nonFullTGDs	118300		fullTGDs	1286			newNonFullTGDs	4111767		newFullTGDs	8563698
nonFullTGDs	118400		fullTGDs	1286			newNonFullTGDs	4113614		newFullTGDs	8571298
nonFullTGDs	118500		fullTGDs	1286			newNonFullTGDs	4118405		newFullTGDs	8578898
nonFullTGDs	118600		fullTGDs	1286			newNonFullTGDs	4122381		newFullTGDs	8586498
nonFullTGDs	118700		fullTGDs	1286			newNonFullTGDs	4126601		newFullTGDs	8594099
nonFullTGDs	118800		fullTGDs	1286			newNonFullTGDs	4130229		newFullTGDs	8601699
nonFullTGDs	118900		fullTGDs	1286			newNonFullTGDs	4133779		newFullTGDs	8609299
nonFullTGDs	119000		fullTGDs	1286			newNonFullTGDs	4137780		newFullTGDs	8616899
nonFullTGDs	119100		fullTGDs	1286			newNonFullTGDs	4141314		newFullTGDs	8624499
nonFullTGDs	119200		fullTGDs	1286			newNonFullTGDs	4144578		newFullTGDs	8632099
nonFullTGDs	119300		fullTGDs	1286			newNonFullTGDs	4147326		newFullTGDs	8639699
nonFullTGDs	119400		fullTGDs	1286			newNonFullTGDs	4149920		newFullTGDs	8647299
nonFullTGDs	119500		fullTGDs	1286			newNonFullTGDs	4152368		newFullTGDs	8654900
nonFullTGDs	119600		fullTGDs	1286			newNonFullTGDs	4154579		newFullTGDs	8662560
nonFullTGDs	119700		fullTGDs	1286			newNonFullTGDs	4156746		newFullTGDs	8670160
nonFullTGDs	119800		fullTGDs	1286			newNonFullTGDs	4158576		newFullTGDs	8677760
nonFullTGDs	119900		fullTGDs	1286			newNonFullTGDs	4160286		newFullTGDs	8685361
nonFullTGDs	120000		fullTGDs	1286			newNonFullTGDs	4161822		newFullTGDs	8692961
nonFullTGDs	120100		fullTGDs	1286			newNonFullTGDs	4163198		newFullTGDs	8700562
nonFullTGDs	120200		fullTGDs	1286			newNonFullTGDs	4164301		newFullTGDs	8708162
nonFullTGDs	120300		fullTGDs	1286			newNonFullTGDs	4165216		newFullTGDs	8715762
Dec 03, 2021 3:38:57 AM uk.ac.ox.cs.gsat.SaturationStatistics log
INFO: # initial TGDs: 1286 , 694
Dec 03, 2021 3:38:57 AM uk.ac.ox.cs.gsat.SaturationStatistics log
INFO: GSat total time : 600001 ms = 600.00 s
Dec 03, 2021 3:38:57 AM uk.ac.ox.cs.gsat.SaturationStatistics log
INFO: Subsumed elements : 0
Dec 03, 2021 3:38:57 AM uk.ac.ox.cs.gsat.SaturationStatistics log
INFO: Filter discarded elements : 0
Dec 03, 2021 3:38:57 AM uk.ac.ox.cs.gsat.SaturationStatistics log
INFO: subsumption time: 9639 ms = 9.64 s
Dec 03, 2021 3:38:57 AM uk.ac.ox.cs.gsat.SaturationStatistics log
INFO: forward subsumption time: 9245 ms = 9.25 s
Dec 03, 2021 3:38:57 AM uk.ac.ox.cs.gsat.SaturationStatistics log
INFO: backward subsumption time: 394 ms = 0.39 s
Dec 03, 2021 3:38:57 AM uk.ac.ox.cs.gsat.SaturationStatistics log
INFO: Derived full/non full TGDs: 8944251 , 8832885
Dec 03, 2021 3:38:57 AM uk.ac.ox.cs.gsat.SaturationStatistics log
INFO: discarded tautology count: 0
Dec 03, 2021 3:38:57 AM uk.ac.ox.cs.gsat.SaturationStatistics log
INFO: !!! TIME OUT !!!
Dec 03, 2021 3:38:57 AM uk.ac.ox.cs.gsat.EvolveStatistics log
INFO: Stop because subsumed: 2
Dec 03, 2021 3:38:57 AM uk.ac.ox.cs.gsat.EvolveStatistics log
INFO: evolved equals to current: 231589
Dec 03, 2021 3:38:57 AM uk.ac.ox.cs.gsat.EvolveStatistics log
INFO: evolved time: 336536 ms = 336.54 s
Dec 03, 2021 3:38:57 AM uk.ac.ox.cs.gsat.EvolveStatistics log
INFO: evolve count: 9647328
Dec 03, 2021 3:39:01 AM uk.ac.ox.cs.gsat.AbstractSaturation run
INFO: ouptput full TGDs not contained in the input: 8716674
Dec 03, 2021 3:39:01 AM uk.ac.ox.cs.gsat.App executeAllSteps
INFO: Rewriting completed!
Full TGD saturation: (8717960 dependecies)
Dec 03, 2021 3:39:01 AM uk.ac.ox.cs.gsat.App executeAllSteps
INFO: Writing the saturation in the Datalog file 00376.rul
