Starting Saturation...
Executing from DLGP files
SLF4J: Failed to load class "org.slf4j.impl.StaticLoggerBinder".
SLF4J: Defaulting to no-operation (NOP) logger implementation
SLF4J: See http://www.slf4j.org/codes.html#StaticLoggerBinder for further details.
# Rules: 3802; # Atoms: 0; # AtomSets: 0; # Queries: 0; # Constraints: 0
Full TGD saturation algorithm: GSat
Running GSat...
Dec 03, 2021 11:41:43 AM uk.ac.ox.cs.gsat.AbstractSaturation run
INFO: GSat discarded rules : 0/3802 = 0.000%
GSat discarded rules : 0/3802 = 0.000%
Dec 03, 2021 11:41:43 AM uk.ac.ox.cs.gsat.AbstractSaturation run
INFO: Subsumption method : disabled
nonFullTGDs	0		fullTGDs	1924			newNonFullTGDs	1878		newFullTGDs	0
nonFullTGDs	100		fullTGDs	1924			newNonFullTGDs	1863		newFullTGDs	0
nonFullTGDs	200		fullTGDs	1924			newNonFullTGDs	1845		newFullTGDs	0
nonFullTGDs	300		fullTGDs	1924			newNonFullTGDs	1825		newFullTGDs	0
nonFullTGDs	400		fullTGDs	1924			newNonFullTGDs	1804		newFullTGDs	0
nonFullTGDs	500		fullTGDs	1924			newNonFullTGDs	1784		newFullTGDs	0
nonFullTGDs	600		fullTGDs	1924			newNonFullTGDs	1765		newFullTGDs	0
nonFullTGDs	700		fullTGDs	1924			newNonFullTGDs	1746		newFullTGDs	0
nonFullTGDs	800		fullTGDs	1924			newNonFullTGDs	1728		newFullTGDs	0
nonFullTGDs	900		fullTGDs	1924			newNonFullTGDs	1709		newFullTGDs	0
nonFullTGDs	1000		fullTGDs	1924			newNonFullTGDs	1688		newFullTGDs	0
nonFullTGDs	1100		fullTGDs	1924			newNonFullTGDs	1669		newFullTGDs	0
nonFullTGDs	1200		fullTGDs	1924			newNonFullTGDs	1648		newFullTGDs	0
nonFullTGDs	1300		fullTGDs	1924			newNonFullTGDs	1628		newFullTGDs	0
nonFullTGDs	1400		fullTGDs	1924			newNonFullTGDs	1613		newFullTGDs	0
nonFullTGDs	1500		fullTGDs	1924			newNonFullTGDs	1592		newFullTGDs	0
nonFullTGDs	1600		fullTGDs	1924			newNonFullTGDs	1573		newFullTGDs	0
nonFullTGDs	1700		fullTGDs	1924			newNonFullTGDs	1554		newFullTGDs	0
nonFullTGDs	1800		fullTGDs	1924			newNonFullTGDs	1534		newFullTGDs	0
nonFullTGDs	1900		fullTGDs	1924			newNonFullTGDs	1514		newFullTGDs	0
nonFullTGDs	2000		fullTGDs	1924			newNonFullTGDs	1495		newFullTGDs	0
nonFullTGDs	2100		fullTGDs	1924			newNonFullTGDs	1476		newFullTGDs	0
nonFullTGDs	2200		fullTGDs	1924			newNonFullTGDs	1457		newFullTGDs	0
nonFullTGDs	2300		fullTGDs	1924			newNonFullTGDs	1439		newFullTGDs	0
nonFullTGDs	2400		fullTGDs	1924			newNonFullTGDs	1422		newFullTGDs	0
nonFullTGDs	2500		fullTGDs	1924			newNonFullTGDs	1404		newFullTGDs	0
nonFullTGDs	2600		fullTGDs	1924			newNonFullTGDs	1386		newFullTGDs	0
nonFullTGDs	2700		fullTGDs	1924			newNonFullTGDs	1370		newFullTGDs	0
nonFullTGDs	2800		fullTGDs	1924			newNonFullTGDs	1350		newFullTGDs	0
nonFullTGDs	2900		fullTGDs	1924			newNonFullTGDs	1332		newFullTGDs	0
nonFullTGDs	3000		fullTGDs	1924			newNonFullTGDs	1314		newFullTGDs	0
nonFullTGDs	3100		fullTGDs	1924			newNonFullTGDs	1293		newFullTGDs	0
nonFullTGDs	3200		fullTGDs	1924			newNonFullTGDs	1272		newFullTGDs	0
nonFullTGDs	3300		fullTGDs	1924			newNonFullTGDs	1253		newFullTGDs	0
nonFullTGDs	3400		fullTGDs	1924			newNonFullTGDs	1232		newFullTGDs	0
nonFullTGDs	3500		fullTGDs	1924			newNonFullTGDs	1212		newFullTGDs	0
nonFullTGDs	3600		fullTGDs	1924			newNonFullTGDs	1191		newFullTGDs	0
nonFullTGDs	3700		fullTGDs	1924			newNonFullTGDs	1170		newFullTGDs	0
nonFullTGDs	3800		fullTGDs	1924			newNonFullTGDs	1150		newFullTGDs	0
nonFullTGDs	3900		fullTGDs	1924			newNonFullTGDs	1131		newFullTGDs	0
nonFullTGDs	4000		fullTGDs	1924			newNonFullTGDs	1114		newFullTGDs	0
nonFullTGDs	4100		fullTGDs	1924			newNonFullTGDs	1097		newFullTGDs	0
nonFullTGDs	4200		fullTGDs	1924			newNonFullTGDs	1077		newFullTGDs	0
nonFullTGDs	4300		fullTGDs	1924			newNonFullTGDs	1056		newFullTGDs	0
nonFullTGDs	4400		fullTGDs	1924			newNonFullTGDs	1036		newFullTGDs	0
nonFullTGDs	4500		fullTGDs	1924			newNonFullTGDs	1016		newFullTGDs	0
nonFullTGDs	4600		fullTGDs	1924			newNonFullTGDs	998		newFullTGDs	0
nonFullTGDs	4700		fullTGDs	1924			newNonFullTGDs	979		newFullTGDs	0
nonFullTGDs	4800		fullTGDs	1924			newNonFullTGDs	960		newFullTGDs	0
nonFullTGDs	4900		fullTGDs	1924			newNonFullTGDs	941		newFullTGDs	0
nonFullTGDs	5000		fullTGDs	1924			newNonFullTGDs	922		newFullTGDs	0
nonFullTGDs	5100		fullTGDs	1924			newNonFullTGDs	902		newFullTGDs	0
nonFullTGDs	5200		fullTGDs	1924			newNonFullTGDs	885		newFullTGDs	0
nonFullTGDs	5300		fullTGDs	1924			newNonFullTGDs	872		newFullTGDs	0
nonFullTGDs	5400		fullTGDs	1924			newNonFullTGDs	854		newFullTGDs	0
nonFullTGDs	5500		fullTGDs	1924			newNonFullTGDs	834		newFullTGDs	0
nonFullTGDs	5600		fullTGDs	1924			newNonFullTGDs	817		newFullTGDs	0
nonFullTGDs	5700		fullTGDs	1924			newNonFullTGDs	803		newFullTGDs	0
nonFullTGDs	5800		fullTGDs	1924			newNonFullTGDs	788		newFullTGDs	0
nonFullTGDs	5900		fullTGDs	1924			newNonFullTGDs	773		newFullTGDs	0
nonFullTGDs	6000		fullTGDs	1924			newNonFullTGDs	759		newFullTGDs	0
nonFullTGDs	6100		fullTGDs	1924			newNonFullTGDs	745		newFullTGDs	0
nonFullTGDs	6200		fullTGDs	1924			newNonFullTGDs	730		newFullTGDs	0
nonFullTGDs	6300		fullTGDs	1924			newNonFullTGDs	715		newFullTGDs	0
nonFullTGDs	6400		fullTGDs	1924			newNonFullTGDs	700		newFullTGDs	0
nonFullTGDs	6500		fullTGDs	1924			newNonFullTGDs	686		newFullTGDs	0
nonFullTGDs	6600		fullTGDs	1924			newNonFullTGDs	670		newFullTGDs	0
nonFullTGDs	6700		fullTGDs	1924			newNonFullTGDs	656		newFullTGDs	0
nonFullTGDs	6800		fullTGDs	1924			newNonFullTGDs	638		newFullTGDs	0
nonFullTGDs	6900		fullTGDs	1924			newNonFullTGDs	623		newFullTGDs	0
nonFullTGDs	7000		fullTGDs	1924			newNonFullTGDs	609		newFullTGDs	0
nonFullTGDs	7100		fullTGDs	1924			newNonFullTGDs	594		newFullTGDs	0
nonFullTGDs	7200		fullTGDs	1924			newNonFullTGDs	578		newFullTGDs	1
nonFullTGDs	7300		fullTGDs	1924			newNonFullTGDs	564		newFullTGDs	1
nonFullTGDs	7400		fullTGDs	1924			newNonFullTGDs	548		newFullTGDs	1
nonFullTGDs	7500		fullTGDs	1924			newNonFullTGDs	534		newFullTGDs	1
nonFullTGDs	7600		fullTGDs	1924			newNonFullTGDs	521		newFullTGDs	1
nonFullTGDs	7700		fullTGDs	1924			newNonFullTGDs	502		newFullTGDs	1
nonFullTGDs	7800		fullTGDs	1924			newNonFullTGDs	488		newFullTGDs	1
nonFullTGDs	7900		fullTGDs	1924			newNonFullTGDs	472		newFullTGDs	1
nonFullTGDs	8000		fullTGDs	1924			newNonFullTGDs	455		newFullTGDs	1
nonFullTGDs	8100		fullTGDs	1924			newNonFullTGDs	441		newFullTGDs	1
nonFullTGDs	8200		fullTGDs	1924			newNonFullTGDs	425		newFullTGDs	1
nonFullTGDs	8300		fullTGDs	1924			newNonFullTGDs	407		newFullTGDs	1
nonFullTGDs	8400		fullTGDs	1924			newNonFullTGDs	387		newFullTGDs	1
nonFullTGDs	8500		fullTGDs	1924			newNonFullTGDs	368		newFullTGDs	1
nonFullTGDs	8600		fullTGDs	1924			newNonFullTGDs	350		newFullTGDs	1
nonFullTGDs	8700		fullTGDs	1924			newNonFullTGDs	332		newFullTGDs	1
nonFullTGDs	8800		fullTGDs	1924			newNonFullTGDs	313		newFullTGDs	1
nonFullTGDs	8900		fullTGDs	1924			newNonFullTGDs	293		newFullTGDs	1
nonFullTGDs	9000		fullTGDs	1924			newNonFullTGDs	274		newFullTGDs	1
nonFullTGDs	9100		fullTGDs	1924			newNonFullTGDs	255		newFullTGDs	2
nonFullTGDs	9200		fullTGDs	1924			newNonFullTGDs	238		newFullTGDs	2
nonFullTGDs	9300		fullTGDs	1924			newNonFullTGDs	220		newFullTGDs	2
nonFullTGDs	9400		fullTGDs	1924			newNonFullTGDs	203		newFullTGDs	2
nonFullTGDs	9500		fullTGDs	1924			newNonFullTGDs	186		newFullTGDs	2
nonFullTGDs	9600		fullTGDs	1924			newNonFullTGDs	167		newFullTGDs	2
nonFullTGDs	9700		fullTGDs	1924			newNonFullTGDs	148		newFullTGDs	2
nonFullTGDs	9800		fullTGDs	1924			newNonFullTGDs	129		newFullTGDs	2
nonFullTGDs	9900		fullTGDs	1924			newNonFullTGDs	112		newFullTGDs	2
nonFullTGDs	10000		fullTGDs	1924			newNonFullTGDs	93		newFullTGDs	2
nonFullTGDs	10100		fullTGDs	1924			newNonFullTGDs	74		newFullTGDs	2
nonFullTGDs	10200		fullTGDs	1924			newNonFullTGDs	56		newFullTGDs	2
nonFullTGDs	10300		fullTGDs	1924			newNonFullTGDs	37		newFullTGDs	2
nonFullTGDs	10400		fullTGDs	1924			newNonFullTGDs	17		newFullTGDs	2
Dec 03, 2021 11:41:44 AM uk.ac.ox.cs.gsat.SaturationStatistics log
INFO: # initial TGDs: 1924 , 1878
Dec 03, 2021 11:41:44 AM uk.ac.ox.cs.gsat.SaturationStatistics log
INFO: GSat total time : 1014 ms = 1.01 s
Dec 03, 2021 11:41:44 AM uk.ac.ox.cs.gsat.SaturationStatistics log
INFO: Subsumed elements : 0
Dec 03, 2021 11:41:44 AM uk.ac.ox.cs.gsat.SaturationStatistics log
INFO: Filter discarded elements : 0
Dec 03, 2021 11:41:44 AM uk.ac.ox.cs.gsat.SaturationStatistics log
INFO: subsumption time: 4 ms = 0.00 s
Dec 03, 2021 11:41:44 AM uk.ac.ox.cs.gsat.SaturationStatistics log
INFO: forward subsumption time: 3 ms = 0.00 s
Dec 03, 2021 11:41:44 AM uk.ac.ox.cs.gsat.SaturationStatistics log
INFO: backward subsumption time: 1 ms = 0.00 s
Dec 03, 2021 11:41:44 AM uk.ac.ox.cs.gsat.SaturationStatistics log
INFO: Derived full/non full TGDs: 4 , 8604
Dec 03, 2021 11:41:44 AM uk.ac.ox.cs.gsat.SaturationStatistics log
INFO: discarded tautology count: 0
Dec 03, 2021 11:41:44 AM uk.ac.ox.cs.gsat.EvolveStatistics log
INFO: Stop because subsumed: 8601
Dec 03, 2021 11:41:44 AM uk.ac.ox.cs.gsat.EvolveStatistics log
INFO: evolved equals to current: 3
Dec 03, 2021 11:41:44 AM uk.ac.ox.cs.gsat.EvolveStatistics log
INFO: evolved time: 602 ms = 0.60 s
Dec 03, 2021 11:41:44 AM uk.ac.ox.cs.gsat.EvolveStatistics log
INFO: evolve count: 24342
Dec 03, 2021 11:41:44 AM uk.ac.ox.cs.gsat.AbstractSaturation run
INFO: ouptput full TGDs not contained in the input: 2
Dec 03, 2021 11:41:44 AM uk.ac.ox.cs.gsat.App executeAllSteps
INFO: Rewriting completed!
Full TGD saturation: (1926 dependecies)
Dec 03, 2021 11:41:44 AM uk.ac.ox.cs.gsat.App executeAllSteps
INFO: Writing the saturation in the Datalog file 00502.rul
