Starting Saturation...
Executing from DLGP files
SLF4J: Failed to load class "org.slf4j.impl.StaticLoggerBinder".
SLF4J: Defaulting to no-operation (NOP) logger implementation
SLF4J: See http://www.slf4j.org/codes.html#StaticLoggerBinder for further details.
# Rules: 9243; # Atoms: 0; # AtomSets: 0; # Queries: 0; # Constraints: 0
Full TGD saturation algorithm: GSat
Running GSat...
Dec 03, 2021 12:37:46 PM uk.ac.ox.cs.gsat.AbstractSaturation run
INFO: GSat discarded rules : 0/9243 = 0.000%
GSat discarded rules : 0/9243 = 0.000%
Dec 03, 2021 12:37:47 PM uk.ac.ox.cs.gsat.AbstractSaturation run
INFO: Subsumption method : disabled
nonFullTGDs	0		fullTGDs	3271			newNonFullTGDs	5972		newFullTGDs	0
nonFullTGDs	100		fullTGDs	3271			newNonFullTGDs	5956		newFullTGDs	0
nonFullTGDs	200		fullTGDs	3271			newNonFullTGDs	5936		newFullTGDs	0
nonFullTGDs	300		fullTGDs	3271			newNonFullTGDs	5916		newFullTGDs	0
nonFullTGDs	400		fullTGDs	3271			newNonFullTGDs	5902		newFullTGDs	0
nonFullTGDs	500		fullTGDs	3271			newNonFullTGDs	5889		newFullTGDs	0
nonFullTGDs	600		fullTGDs	3271			newNonFullTGDs	5872		newFullTGDs	0
nonFullTGDs	700		fullTGDs	3271			newNonFullTGDs	5846		newFullTGDs	0
nonFullTGDs	800		fullTGDs	3271			newNonFullTGDs	5828		newFullTGDs	0
nonFullTGDs	900		fullTGDs	3271			newNonFullTGDs	5807		newFullTGDs	0
nonFullTGDs	1000		fullTGDs	3271			newNonFullTGDs	5787		newFullTGDs	0
nonFullTGDs	1100		fullTGDs	3271			newNonFullTGDs	5767		newFullTGDs	0
nonFullTGDs	1200		fullTGDs	3271			newNonFullTGDs	5747		newFullTGDs	0
nonFullTGDs	1300		fullTGDs	3271			newNonFullTGDs	5725		newFullTGDs	0
nonFullTGDs	1400		fullTGDs	3271			newNonFullTGDs	5706		newFullTGDs	0
nonFullTGDs	1500		fullTGDs	3271			newNonFullTGDs	5691		newFullTGDs	0
nonFullTGDs	1600		fullTGDs	3271			newNonFullTGDs	5673		newFullTGDs	0
nonFullTGDs	1700		fullTGDs	3271			newNonFullTGDs	5657		newFullTGDs	0
nonFullTGDs	1800		fullTGDs	3271			newNonFullTGDs	5644		newFullTGDs	0
nonFullTGDs	1900		fullTGDs	3271			newNonFullTGDs	5634		newFullTGDs	0
nonFullTGDs	2000		fullTGDs	3271			newNonFullTGDs	5623		newFullTGDs	0
nonFullTGDs	2100		fullTGDs	3271			newNonFullTGDs	5610		newFullTGDs	0
nonFullTGDs	2200		fullTGDs	3271			newNonFullTGDs	5597		newFullTGDs	0
nonFullTGDs	2300		fullTGDs	3271			newNonFullTGDs	5585		newFullTGDs	0
nonFullTGDs	2400		fullTGDs	3271			newNonFullTGDs	5572		newFullTGDs	0
nonFullTGDs	2500		fullTGDs	3271			newNonFullTGDs	5554		newFullTGDs	0
nonFullTGDs	2600		fullTGDs	3271			newNonFullTGDs	5536		newFullTGDs	0
nonFullTGDs	2700		fullTGDs	3271			newNonFullTGDs	5522		newFullTGDs	0
nonFullTGDs	2800		fullTGDs	3271			newNonFullTGDs	5508		newFullTGDs	0
nonFullTGDs	2900		fullTGDs	3271			newNonFullTGDs	5489		newFullTGDs	0
nonFullTGDs	3000		fullTGDs	3271			newNonFullTGDs	5462		newFullTGDs	0
nonFullTGDs	3100		fullTGDs	3271			newNonFullTGDs	5444		newFullTGDs	0
nonFullTGDs	3200		fullTGDs	3271			newNonFullTGDs	5424		newFullTGDs	0
nonFullTGDs	3300		fullTGDs	3271			newNonFullTGDs	5400		newFullTGDs	0
nonFullTGDs	3400		fullTGDs	3271			newNonFullTGDs	5378		newFullTGDs	0
nonFullTGDs	3500		fullTGDs	3271			newNonFullTGDs	5359		newFullTGDs	0
nonFullTGDs	3600		fullTGDs	3271			newNonFullTGDs	5336		newFullTGDs	0
nonFullTGDs	3700		fullTGDs	3271			newNonFullTGDs	5312		newFullTGDs	0
nonFullTGDs	3800		fullTGDs	3271			newNonFullTGDs	5294		newFullTGDs	0
nonFullTGDs	3900		fullTGDs	3271			newNonFullTGDs	5279		newFullTGDs	0
nonFullTGDs	4000		fullTGDs	3271			newNonFullTGDs	5240		newFullTGDs	0
nonFullTGDs	4100		fullTGDs	3271			newNonFullTGDs	5167		newFullTGDs	0
nonFullTGDs	4200		fullTGDs	3271			newNonFullTGDs	5083		newFullTGDs	0
nonFullTGDs	4300		fullTGDs	3271			newNonFullTGDs	5063		newFullTGDs	0
nonFullTGDs	4400		fullTGDs	3271			newNonFullTGDs	5046		newFullTGDs	0
nonFullTGDs	4500		fullTGDs	3271			newNonFullTGDs	5033		newFullTGDs	0
nonFullTGDs	4600		fullTGDs	3271			newNonFullTGDs	5018		newFullTGDs	0
nonFullTGDs	4700		fullTGDs	3271			newNonFullTGDs	5002		newFullTGDs	0
nonFullTGDs	4800		fullTGDs	3271			newNonFullTGDs	4980		newFullTGDs	0
nonFullTGDs	4900		fullTGDs	3271			newNonFullTGDs	4958		newFullTGDs	0
nonFullTGDs	5000		fullTGDs	3271			newNonFullTGDs	4939		newFullTGDs	0
nonFullTGDs	5100		fullTGDs	3271			newNonFullTGDs	4867		newFullTGDs	0
nonFullTGDs	5200		fullTGDs	3271			newNonFullTGDs	4797		newFullTGDs	0
nonFullTGDs	5300		fullTGDs	3271			newNonFullTGDs	4780		newFullTGDs	0
nonFullTGDs	5400		fullTGDs	3271			newNonFullTGDs	4761		newFullTGDs	0
nonFullTGDs	5500		fullTGDs	3271			newNonFullTGDs	4735		newFullTGDs	0
nonFullTGDs	5600		fullTGDs	3271			newNonFullTGDs	4712		newFullTGDs	0
nonFullTGDs	5700		fullTGDs	3271			newNonFullTGDs	4685		newFullTGDs	0
nonFullTGDs	5800		fullTGDs	3271			newNonFullTGDs	4665		newFullTGDs	0
nonFullTGDs	5900		fullTGDs	3271			newNonFullTGDs	4645		newFullTGDs	0
nonFullTGDs	6000		fullTGDs	3271			newNonFullTGDs	4626		newFullTGDs	0
nonFullTGDs	6100		fullTGDs	3271			newNonFullTGDs	4597		newFullTGDs	0
nonFullTGDs	6200		fullTGDs	3271			newNonFullTGDs	4581		newFullTGDs	0
nonFullTGDs	6300		fullTGDs	3271			newNonFullTGDs	4561		newFullTGDs	0
nonFullTGDs	6400		fullTGDs	3271			newNonFullTGDs	4539		newFullTGDs	0
nonFullTGDs	6500		fullTGDs	3271			newNonFullTGDs	4502		newFullTGDs	0
nonFullTGDs	6600		fullTGDs	3271			newNonFullTGDs	4479		newFullTGDs	0
nonFullTGDs	6700		fullTGDs	3271			newNonFullTGDs	4453		newFullTGDs	0
nonFullTGDs	6800		fullTGDs	3271			newNonFullTGDs	4427		newFullTGDs	0
nonFullTGDs	6900		fullTGDs	3271			newNonFullTGDs	4400		newFullTGDs	0
nonFullTGDs	7000		fullTGDs	3271			newNonFullTGDs	4376		newFullTGDs	0
nonFullTGDs	7100		fullTGDs	3271			newNonFullTGDs	4350		newFullTGDs	0
nonFullTGDs	7200		fullTGDs	3271			newNonFullTGDs	4325		newFullTGDs	0
nonFullTGDs	7300		fullTGDs	3271			newNonFullTGDs	4300		newFullTGDs	0
nonFullTGDs	7400		fullTGDs	3271			newNonFullTGDs	4275		newFullTGDs	0
nonFullTGDs	7500		fullTGDs	3271			newNonFullTGDs	4248		newFullTGDs	0
nonFullTGDs	7600		fullTGDs	3271			newNonFullTGDs	4224		newFullTGDs	0
nonFullTGDs	7700		fullTGDs	3271			newNonFullTGDs	4199		newFullTGDs	0
nonFullTGDs	7800		fullTGDs	3271			newNonFullTGDs	4174		newFullTGDs	0
nonFullTGDs	7900		fullTGDs	3271			newNonFullTGDs	4149		newFullTGDs	0
nonFullTGDs	8000		fullTGDs	3271			newNonFullTGDs	4125		newFullTGDs	0
nonFullTGDs	8100		fullTGDs	3271			newNonFullTGDs	4107		newFullTGDs	0
nonFullTGDs	8200		fullTGDs	3271			newNonFullTGDs	4086		newFullTGDs	0
nonFullTGDs	8300		fullTGDs	3271			newNonFullTGDs	4065		newFullTGDs	0
nonFullTGDs	8400		fullTGDs	3271			newNonFullTGDs	4048		newFullTGDs	0
nonFullTGDs	8500		fullTGDs	3271			newNonFullTGDs	4034		newFullTGDs	0
nonFullTGDs	8600		fullTGDs	3271			newNonFullTGDs	4019		newFullTGDs	0
nonFullTGDs	8700		fullTGDs	3271			newNonFullTGDs	4004		newFullTGDs	0
nonFullTGDs	8800		fullTGDs	3271			newNonFullTGDs	3987		newFullTGDs	0
nonFullTGDs	8900		fullTGDs	3271			newNonFullTGDs	3975		newFullTGDs	0
nonFullTGDs	9000		fullTGDs	3271			newNonFullTGDs	3966		newFullTGDs	0
nonFullTGDs	9100		fullTGDs	3271			newNonFullTGDs	3957		newFullTGDs	0
nonFullTGDs	9200		fullTGDs	3271			newNonFullTGDs	3947		newFullTGDs	0
nonFullTGDs	9300		fullTGDs	3271			newNonFullTGDs	3938		newFullTGDs	0
nonFullTGDs	9400		fullTGDs	3271			newNonFullTGDs	3928		newFullTGDs	0
nonFullTGDs	9500		fullTGDs	3271			newNonFullTGDs	3918		newFullTGDs	0
nonFullTGDs	9600		fullTGDs	3271			newNonFullTGDs	3906		newFullTGDs	0
nonFullTGDs	9700		fullTGDs	3271			newNonFullTGDs	3886		newFullTGDs	0
nonFullTGDs	9800		fullTGDs	3271			newNonFullTGDs	3849		newFullTGDs	0
nonFullTGDs	9900		fullTGDs	3271			newNonFullTGDs	3829		newFullTGDs	0
nonFullTGDs	10000		fullTGDs	3271			newNonFullTGDs	3810		newFullTGDs	0
nonFullTGDs	10100		fullTGDs	3271			newNonFullTGDs	3791		newFullTGDs	0
nonFullTGDs	10200		fullTGDs	3271			newNonFullTGDs	3770		newFullTGDs	0
nonFullTGDs	10300		fullTGDs	3271			newNonFullTGDs	3753		newFullTGDs	0
nonFullTGDs	10400		fullTGDs	3271			newNonFullTGDs	3737		newFullTGDs	0
nonFullTGDs	10500		fullTGDs	3271			newNonFullTGDs	3720		newFullTGDs	0
nonFullTGDs	10600		fullTGDs	3271			newNonFullTGDs	3703		newFullTGDs	0
nonFullTGDs	10700		fullTGDs	3271			newNonFullTGDs	3684		newFullTGDs	0
nonFullTGDs	10800		fullTGDs	3271			newNonFullTGDs	3664		newFullTGDs	0
nonFullTGDs	10900		fullTGDs	3271			newNonFullTGDs	3646		newFullTGDs	0
nonFullTGDs	11000		fullTGDs	3271			newNonFullTGDs	3629		newFullTGDs	0
nonFullTGDs	11100		fullTGDs	3271			newNonFullTGDs	3615		newFullTGDs	0
nonFullTGDs	11200		fullTGDs	3271			newNonFullTGDs	3599		newFullTGDs	0
nonFullTGDs	11300		fullTGDs	3271			newNonFullTGDs	3583		newFullTGDs	0
nonFullTGDs	11400		fullTGDs	3271			newNonFullTGDs	3572		newFullTGDs	0
nonFullTGDs	11500		fullTGDs	3271			newNonFullTGDs	3561		newFullTGDs	0
nonFullTGDs	11600		fullTGDs	3271			newNonFullTGDs	3551		newFullTGDs	0
nonFullTGDs	11700		fullTGDs	3271			newNonFullTGDs	3539		newFullTGDs	0
nonFullTGDs	11800		fullTGDs	3271			newNonFullTGDs	3525		newFullTGDs	0
nonFullTGDs	11900		fullTGDs	3271			newNonFullTGDs	3513		newFullTGDs	0
nonFullTGDs	12000		fullTGDs	3271			newNonFullTGDs	3499		newFullTGDs	0
nonFullTGDs	12100		fullTGDs	3271			newNonFullTGDs	3485		newFullTGDs	0
nonFullTGDs	12200		fullTGDs	3271			newNonFullTGDs	3473		newFullTGDs	0
nonFullTGDs	12300		fullTGDs	3271			newNonFullTGDs	3461		newFullTGDs	0
nonFullTGDs	12400		fullTGDs	3271			newNonFullTGDs	3448		newFullTGDs	0
nonFullTGDs	12500		fullTGDs	3271			newNonFullTGDs	3436		newFullTGDs	0
nonFullTGDs	12600		fullTGDs	3271			newNonFullTGDs	3423		newFullTGDs	0
nonFullTGDs	12700		fullTGDs	3271			newNonFullTGDs	3411		newFullTGDs	0
nonFullTGDs	12800		fullTGDs	3271			newNonFullTGDs	3398		newFullTGDs	0
nonFullTGDs	12900		fullTGDs	3271			newNonFullTGDs	3386		newFullTGDs	0
nonFullTGDs	13000		fullTGDs	3271			newNonFullTGDs	3373		newFullTGDs	0
nonFullTGDs	13100		fullTGDs	3271			newNonFullTGDs	3348		newFullTGDs	0
nonFullTGDs	13200		fullTGDs	3271			newNonFullTGDs	3328		newFullTGDs	0
nonFullTGDs	13300		fullTGDs	3271			newNonFullTGDs	3311		newFullTGDs	0
nonFullTGDs	13400		fullTGDs	3271			newNonFullTGDs	3294		newFullTGDs	0
nonFullTGDs	13500		fullTGDs	3271			newNonFullTGDs	3278		newFullTGDs	0
nonFullTGDs	13600		fullTGDs	3271			newNonFullTGDs	3258		newFullTGDs	0
nonFullTGDs	13700		fullTGDs	3271			newNonFullTGDs	3238		newFullTGDs	0
nonFullTGDs	13800		fullTGDs	3271			newNonFullTGDs	3218		newFullTGDs	0
nonFullTGDs	13900		fullTGDs	3271			newNonFullTGDs	3200		newFullTGDs	0
nonFullTGDs	14000		fullTGDs	3271			newNonFullTGDs	3180		newFullTGDs	0
nonFullTGDs	14100		fullTGDs	3271			newNonFullTGDs	3162		newFullTGDs	0
nonFullTGDs	14200		fullTGDs	3271			newNonFullTGDs	3142		newFullTGDs	0
nonFullTGDs	14300		fullTGDs	3271			newNonFullTGDs	3121		newFullTGDs	0
nonFullTGDs	14400		fullTGDs	3271			newNonFullTGDs	3105		newFullTGDs	0
nonFullTGDs	14500		fullTGDs	3271			newNonFullTGDs	3089		newFullTGDs	0
nonFullTGDs	14600		fullTGDs	3271			newNonFullTGDs	3073		newFullTGDs	0
nonFullTGDs	14700		fullTGDs	3271			newNonFullTGDs	3058		newFullTGDs	0
nonFullTGDs	14800		fullTGDs	3271			newNonFullTGDs	3047		newFullTGDs	0
nonFullTGDs	14900		fullTGDs	3271			newNonFullTGDs	3038		newFullTGDs	0
nonFullTGDs	15000		fullTGDs	3271			newNonFullTGDs	3027		newFullTGDs	0
nonFullTGDs	15100		fullTGDs	3271			newNonFullTGDs	3014		newFullTGDs	0
nonFullTGDs	15200		fullTGDs	3271			newNonFullTGDs	2996		newFullTGDs	0
nonFullTGDs	15300		fullTGDs	3271			newNonFullTGDs	2970		newFullTGDs	0
nonFullTGDs	15400		fullTGDs	3271			newNonFullTGDs	2949		newFullTGDs	0
nonFullTGDs	15500		fullTGDs	3271			newNonFullTGDs	2915		newFullTGDs	0
nonFullTGDs	15600		fullTGDs	3271			newNonFullTGDs	2904		newFullTGDs	0
nonFullTGDs	15700		fullTGDs	3271			newNonFullTGDs	2895		newFullTGDs	0
nonFullTGDs	15800		fullTGDs	3271			newNonFullTGDs	2877		newFullTGDs	0
nonFullTGDs	15900		fullTGDs	3271			newNonFullTGDs	2857		newFullTGDs	0
nonFullTGDs	16000		fullTGDs	3271			newNonFullTGDs	2837		newFullTGDs	0
nonFullTGDs	16100		fullTGDs	3271			newNonFullTGDs	2825		newFullTGDs	0
nonFullTGDs	16200		fullTGDs	3271			newNonFullTGDs	2811		newFullTGDs	0
nonFullTGDs	16300		fullTGDs	3271			newNonFullTGDs	2797		newFullTGDs	0
nonFullTGDs	16400		fullTGDs	3271			newNonFullTGDs	2782		newFullTGDs	0
nonFullTGDs	16500		fullTGDs	3271			newNonFullTGDs	2765		newFullTGDs	0
nonFullTGDs	16600		fullTGDs	3271			newNonFullTGDs	2738		newFullTGDs	0
nonFullTGDs	16700		fullTGDs	3271			newNonFullTGDs	2718		newFullTGDs	0
nonFullTGDs	16800		fullTGDs	3271			newNonFullTGDs	2706		newFullTGDs	0
nonFullTGDs	16900		fullTGDs	3271			newNonFullTGDs	2693		newFullTGDs	0
nonFullTGDs	17000		fullTGDs	3271			newNonFullTGDs	2681		newFullTGDs	0
nonFullTGDs	17100		fullTGDs	3271			newNonFullTGDs	2668		newFullTGDs	0
nonFullTGDs	17200		fullTGDs	3271			newNonFullTGDs	2642		newFullTGDs	0
nonFullTGDs	17300		fullTGDs	3271			newNonFullTGDs	2633		newFullTGDs	0
nonFullTGDs	17400		fullTGDs	3271			newNonFullTGDs	2622		newFullTGDs	0
nonFullTGDs	17500		fullTGDs	3271			newNonFullTGDs	2612		newFullTGDs	0
nonFullTGDs	17600		fullTGDs	3271			newNonFullTGDs	2602		newFullTGDs	0
nonFullTGDs	17700		fullTGDs	3271			newNonFullTGDs	2586		newFullTGDs	0
nonFullTGDs	17800		fullTGDs	3271			newNonFullTGDs	2572		newFullTGDs	0
nonFullTGDs	17900		fullTGDs	3271			newNonFullTGDs	2563		newFullTGDs	0
nonFullTGDs	18000		fullTGDs	3271			newNonFullTGDs	2555		newFullTGDs	0
nonFullTGDs	18100		fullTGDs	3271			newNonFullTGDs	2546		newFullTGDs	0
nonFullTGDs	18200		fullTGDs	3271			newNonFullTGDs	2537		newFullTGDs	0
nonFullTGDs	18300		fullTGDs	3271			newNonFullTGDs	2522		newFullTGDs	0
nonFullTGDs	18400		fullTGDs	3271			newNonFullTGDs	2505		newFullTGDs	0
nonFullTGDs	18500		fullTGDs	3271			newNonFullTGDs	2489		newFullTGDs	0
nonFullTGDs	18600		fullTGDs	3271			newNonFullTGDs	2471		newFullTGDs	0
nonFullTGDs	18700		fullTGDs	3271			newNonFullTGDs	2372		newFullTGDs	0
nonFullTGDs	18800		fullTGDs	3271			newNonFullTGDs	2347		newFullTGDs	0
nonFullTGDs	18900		fullTGDs	3271			newNonFullTGDs	2327		newFullTGDs	0
nonFullTGDs	19000		fullTGDs	3271			newNonFullTGDs	2307		newFullTGDs	0
nonFullTGDs	19100		fullTGDs	3271			newNonFullTGDs	2274		newFullTGDs	0
nonFullTGDs	19200		fullTGDs	3271			newNonFullTGDs	2254		newFullTGDs	0
nonFullTGDs	19300		fullTGDs	3271			newNonFullTGDs	2234		newFullTGDs	0
nonFullTGDs	19400		fullTGDs	3271			newNonFullTGDs	2217		newFullTGDs	0
nonFullTGDs	19500		fullTGDs	3271			newNonFullTGDs	2200		newFullTGDs	0
nonFullTGDs	19600		fullTGDs	3271			newNonFullTGDs	2181		newFullTGDs	0
nonFullTGDs	19700		fullTGDs	3271			newNonFullTGDs	2163		newFullTGDs	0
nonFullTGDs	19800		fullTGDs	3271			newNonFullTGDs	2146		newFullTGDs	0
nonFullTGDs	19900		fullTGDs	3271			newNonFullTGDs	2130		newFullTGDs	0
nonFullTGDs	20000		fullTGDs	3271			newNonFullTGDs	2113		newFullTGDs	0
nonFullTGDs	20100		fullTGDs	3271			newNonFullTGDs	2097		newFullTGDs	0
nonFullTGDs	20200		fullTGDs	3271			newNonFullTGDs	2041		newFullTGDs	0
nonFullTGDs	20300		fullTGDs	3271			newNonFullTGDs	2024		newFullTGDs	0
nonFullTGDs	20400		fullTGDs	3271			newNonFullTGDs	2007		newFullTGDs	0
nonFullTGDs	20500		fullTGDs	3271			newNonFullTGDs	1990		newFullTGDs	0
nonFullTGDs	20600		fullTGDs	3271			newNonFullTGDs	1974		newFullTGDs	0
nonFullTGDs	20700		fullTGDs	3271			newNonFullTGDs	1958		newFullTGDs	0
nonFullTGDs	20800		fullTGDs	3271			newNonFullTGDs	1942		newFullTGDs	0
nonFullTGDs	20900		fullTGDs	3271			newNonFullTGDs	1932		newFullTGDs	0
nonFullTGDs	21000		fullTGDs	3271			newNonFullTGDs	1922		newFullTGDs	0
nonFullTGDs	21100		fullTGDs	3271			newNonFullTGDs	1906		newFullTGDs	0
nonFullTGDs	21200		fullTGDs	3271			newNonFullTGDs	1886		newFullTGDs	0
nonFullTGDs	21300		fullTGDs	3271			newNonFullTGDs	1867		newFullTGDs	0
nonFullTGDs	21400		fullTGDs	3271			newNonFullTGDs	1849		newFullTGDs	0
nonFullTGDs	21500		fullTGDs	3271			newNonFullTGDs	1834		newFullTGDs	0
nonFullTGDs	21600		fullTGDs	3271			newNonFullTGDs	1816		newFullTGDs	0
nonFullTGDs	21700		fullTGDs	3271			newNonFullTGDs	1784		newFullTGDs	0
nonFullTGDs	21800		fullTGDs	3271			newNonFullTGDs	1763		newFullTGDs	0
nonFullTGDs	21900		fullTGDs	3271			newNonFullTGDs	1744		newFullTGDs	0
nonFullTGDs	22000		fullTGDs	3271			newNonFullTGDs	1726		newFullTGDs	0
nonFullTGDs	22100		fullTGDs	3271			newNonFullTGDs	1708		newFullTGDs	0
nonFullTGDs	22200		fullTGDs	3271			newNonFullTGDs	1687		newFullTGDs	0
nonFullTGDs	22300		fullTGDs	3271			newNonFullTGDs	1669		newFullTGDs	0
nonFullTGDs	22400		fullTGDs	3271			newNonFullTGDs	1649		newFullTGDs	0
nonFullTGDs	22500		fullTGDs	3271			newNonFullTGDs	1626		newFullTGDs	0
nonFullTGDs	22600		fullTGDs	3271			newNonFullTGDs	1606		newFullTGDs	0
nonFullTGDs	22700		fullTGDs	3271			newNonFullTGDs	1586		newFullTGDs	0
nonFullTGDs	22800		fullTGDs	3271			newNonFullTGDs	1566		newFullTGDs	0
nonFullTGDs	22900		fullTGDs	3271			newNonFullTGDs	1543		newFullTGDs	0
nonFullTGDs	23000		fullTGDs	3271			newNonFullTGDs	1529		newFullTGDs	0
nonFullTGDs	23100		fullTGDs	3271			newNonFullTGDs	1515		newFullTGDs	0
nonFullTGDs	23200		fullTGDs	3271			newNonFullTGDs	1501		newFullTGDs	0
nonFullTGDs	23300		fullTGDs	3271			newNonFullTGDs	1487		newFullTGDs	0
nonFullTGDs	23400		fullTGDs	3271			newNonFullTGDs	1467		newFullTGDs	0
nonFullTGDs	23500		fullTGDs	3271			newNonFullTGDs	1444		newFullTGDs	0
nonFullTGDs	23600		fullTGDs	3271			newNonFullTGDs	1399		newFullTGDs	0
nonFullTGDs	23700		fullTGDs	3271			newNonFullTGDs	1359		newFullTGDs	0
nonFullTGDs	23800		fullTGDs	3271			newNonFullTGDs	1343		newFullTGDs	0
nonFullTGDs	23900		fullTGDs	3271			newNonFullTGDs	1323		newFullTGDs	0
nonFullTGDs	24000		fullTGDs	3271			newNonFullTGDs	1302		newFullTGDs	0
nonFullTGDs	24100		fullTGDs	3271			newNonFullTGDs	1282		newFullTGDs	0
nonFullTGDs	24200		fullTGDs	3271			newNonFullTGDs	1264		newFullTGDs	0
nonFullTGDs	24300		fullTGDs	3271			newNonFullTGDs	1245		newFullTGDs	0
nonFullTGDs	24400		fullTGDs	3271			newNonFullTGDs	1232		newFullTGDs	0
nonFullTGDs	24500		fullTGDs	3271			newNonFullTGDs	1213		newFullTGDs	0
nonFullTGDs	24600		fullTGDs	3271			newNonFullTGDs	1197		newFullTGDs	0
nonFullTGDs	24700		fullTGDs	3271			newNonFullTGDs	1182		newFullTGDs	0
nonFullTGDs	24800		fullTGDs	3271			newNonFullTGDs	1166		newFullTGDs	0
nonFullTGDs	24900		fullTGDs	3271			newNonFullTGDs	1147		newFullTGDs	0
nonFullTGDs	25000		fullTGDs	3271			newNonFullTGDs	1129		newFullTGDs	0
nonFullTGDs	25100		fullTGDs	3271			newNonFullTGDs	1111		newFullTGDs	0
nonFullTGDs	25200		fullTGDs	3271			newNonFullTGDs	1093		newFullTGDs	0
nonFullTGDs	25300		fullTGDs	3271			newNonFullTGDs	1073		newFullTGDs	0
nonFullTGDs	25400		fullTGDs	3271			newNonFullTGDs	1052		newFullTGDs	0
nonFullTGDs	25500		fullTGDs	3271			newNonFullTGDs	1035		newFullTGDs	0
nonFullTGDs	25600		fullTGDs	3271			newNonFullTGDs	1021		newFullTGDs	0
nonFullTGDs	25700		fullTGDs	3271			newNonFullTGDs	1006		newFullTGDs	0
nonFullTGDs	25800		fullTGDs	3271			newNonFullTGDs	997		newFullTGDs	0
nonFullTGDs	25900		fullTGDs	3271			newNonFullTGDs	988		newFullTGDs	0
nonFullTGDs	26000		fullTGDs	3271			newNonFullTGDs	979		newFullTGDs	0
nonFullTGDs	26100		fullTGDs	3271			newNonFullTGDs	966		newFullTGDs	0
nonFullTGDs	26200		fullTGDs	3271			newNonFullTGDs	954		newFullTGDs	0
nonFullTGDs	26300		fullTGDs	3271			newNonFullTGDs	943		newFullTGDs	0
nonFullTGDs	26400		fullTGDs	3271			newNonFullTGDs	929		newFullTGDs	0
nonFullTGDs	26500		fullTGDs	3271			newNonFullTGDs	914		newFullTGDs	0
nonFullTGDs	26600		fullTGDs	3271			newNonFullTGDs	896		newFullTGDs	0
nonFullTGDs	26700		fullTGDs	3271			newNonFullTGDs	875		newFullTGDs	0
nonFullTGDs	26800		fullTGDs	3271			newNonFullTGDs	858		newFullTGDs	0
nonFullTGDs	26900		fullTGDs	3271			newNonFullTGDs	844		newFullTGDs	0
nonFullTGDs	27000		fullTGDs	3271			newNonFullTGDs	827		newFullTGDs	0
nonFullTGDs	27100		fullTGDs	3271			newNonFullTGDs	813		newFullTGDs	0
nonFullTGDs	27200		fullTGDs	3271			newNonFullTGDs	800		newFullTGDs	0
nonFullTGDs	27300		fullTGDs	3271			newNonFullTGDs	783		newFullTGDs	0
nonFullTGDs	27400		fullTGDs	3271			newNonFullTGDs	770		newFullTGDs	0
nonFullTGDs	27500		fullTGDs	3271			newNonFullTGDs	759		newFullTGDs	0
nonFullTGDs	27600		fullTGDs	3271			newNonFullTGDs	743		newFullTGDs	0
nonFullTGDs	27700		fullTGDs	3271			newNonFullTGDs	730		newFullTGDs	0
nonFullTGDs	27800		fullTGDs	3271			newNonFullTGDs	716		newFullTGDs	0
nonFullTGDs	27900		fullTGDs	3271			newNonFullTGDs	700		newFullTGDs	0
nonFullTGDs	28000		fullTGDs	3271			newNonFullTGDs	683		newFullTGDs	0
nonFullTGDs	28100		fullTGDs	3271			newNonFullTGDs	662		newFullTGDs	0
nonFullTGDs	28200		fullTGDs	3271			newNonFullTGDs	643		newFullTGDs	0
nonFullTGDs	28300		fullTGDs	3271			newNonFullTGDs	629		newFullTGDs	0
nonFullTGDs	28400		fullTGDs	3271			newNonFullTGDs	618		newFullTGDs	0
nonFullTGDs	28500		fullTGDs	3271			newNonFullTGDs	607		newFullTGDs	0
nonFullTGDs	28600		fullTGDs	3271			newNonFullTGDs	588		newFullTGDs	0
nonFullTGDs	28700		fullTGDs	3271			newNonFullTGDs	568		newFullTGDs	0
nonFullTGDs	28800		fullTGDs	3271			newNonFullTGDs	549		newFullTGDs	0
nonFullTGDs	28900		fullTGDs	3271			newNonFullTGDs	536		newFullTGDs	0
nonFullTGDs	29000		fullTGDs	3271			newNonFullTGDs	516		newFullTGDs	0
nonFullTGDs	29100		fullTGDs	3271			newNonFullTGDs	496		newFullTGDs	0
nonFullTGDs	29200		fullTGDs	3271			newNonFullTGDs	481		newFullTGDs	0
nonFullTGDs	29300		fullTGDs	3271			newNonFullTGDs	469		newFullTGDs	0
nonFullTGDs	29400		fullTGDs	3271			newNonFullTGDs	453		newFullTGDs	0
nonFullTGDs	29500		fullTGDs	3271			newNonFullTGDs	442		newFullTGDs	0
nonFullTGDs	29600		fullTGDs	3271			newNonFullTGDs	431		newFullTGDs	0
nonFullTGDs	29700		fullTGDs	3271			newNonFullTGDs	416		newFullTGDs	0
nonFullTGDs	29800		fullTGDs	3271			newNonFullTGDs	401		newFullTGDs	0
nonFullTGDs	29900		fullTGDs	3271			newNonFullTGDs	384		newFullTGDs	0
nonFullTGDs	30000		fullTGDs	3271			newNonFullTGDs	367		newFullTGDs	0
nonFullTGDs	30100		fullTGDs	3271			newNonFullTGDs	335		newFullTGDs	0
nonFullTGDs	30200		fullTGDs	3271			newNonFullTGDs	319		newFullTGDs	0
nonFullTGDs	30300		fullTGDs	3271			newNonFullTGDs	294		newFullTGDs	0
nonFullTGDs	30400		fullTGDs	3271			newNonFullTGDs	273		newFullTGDs	0
nonFullTGDs	30500		fullTGDs	3271			newNonFullTGDs	257		newFullTGDs	0
nonFullTGDs	30600		fullTGDs	3271			newNonFullTGDs	239		newFullTGDs	0
nonFullTGDs	30700		fullTGDs	3271			newNonFullTGDs	223		newFullTGDs	0
nonFullTGDs	30800		fullTGDs	3271			newNonFullTGDs	205		newFullTGDs	0
nonFullTGDs	30900		fullTGDs	3271			newNonFullTGDs	180		newFullTGDs	0
nonFullTGDs	31000		fullTGDs	3271			newNonFullTGDs	155		newFullTGDs	0
nonFullTGDs	31100		fullTGDs	3271			newNonFullTGDs	141		newFullTGDs	0
nonFullTGDs	31200		fullTGDs	3271			newNonFullTGDs	127		newFullTGDs	0
nonFullTGDs	31300		fullTGDs	3271			newNonFullTGDs	116		newFullTGDs	0
nonFullTGDs	31400		fullTGDs	3271			newNonFullTGDs	53		newFullTGDs	0
nonFullTGDs	31500		fullTGDs	3271			newNonFullTGDs	39		newFullTGDs	0
nonFullTGDs	31600		fullTGDs	3271			newNonFullTGDs	23		newFullTGDs	0
nonFullTGDs	31700		fullTGDs	3271			newNonFullTGDs	9		newFullTGDs	0
Dec 03, 2021 12:37:49 PM uk.ac.ox.cs.gsat.SaturationStatistics log
INFO: # initial TGDs: 3271 , 5972
Dec 03, 2021 12:37:49 PM uk.ac.ox.cs.gsat.SaturationStatistics log
INFO: GSat total time : 2505 ms = 2.51 s
Dec 03, 2021 12:37:49 PM uk.ac.ox.cs.gsat.SaturationStatistics log
INFO: Subsumed elements : 0
Dec 03, 2021 12:37:49 PM uk.ac.ox.cs.gsat.SaturationStatistics log
INFO: Filter discarded elements : 0
Dec 03, 2021 12:37:49 PM uk.ac.ox.cs.gsat.SaturationStatistics log
INFO: subsumption time: 11 ms = 0.01 s
Dec 03, 2021 12:37:49 PM uk.ac.ox.cs.gsat.SaturationStatistics log
INFO: forward subsumption time: 9 ms = 0.01 s
Dec 03, 2021 12:37:49 PM uk.ac.ox.cs.gsat.SaturationStatistics log
INFO: backward subsumption time: 2 ms = 0.00 s
Dec 03, 2021 12:37:49 PM uk.ac.ox.cs.gsat.SaturationStatistics log
INFO: Derived full/non full TGDs: 0 , 25766
Dec 03, 2021 12:37:49 PM uk.ac.ox.cs.gsat.SaturationStatistics log
INFO: discarded tautology count: 0
Dec 03, 2021 12:37:49 PM uk.ac.ox.cs.gsat.EvolveStatistics log
INFO: Stop because subsumed: 25766
Dec 03, 2021 12:37:49 PM uk.ac.ox.cs.gsat.EvolveStatistics log
INFO: evolved equals to current: 0
Dec 03, 2021 12:37:49 PM uk.ac.ox.cs.gsat.EvolveStatistics log
INFO: evolved time: 1522 ms = 1.52 s
Dec 03, 2021 12:37:49 PM uk.ac.ox.cs.gsat.EvolveStatistics log
INFO: evolve count: 82257
Dec 03, 2021 12:37:49 PM uk.ac.ox.cs.gsat.AbstractSaturation run
INFO: ouptput full TGDs not contained in the input: 0
Dec 03, 2021 12:37:49 PM uk.ac.ox.cs.gsat.App executeAllSteps
INFO: Rewriting completed!
Full TGD saturation: (3271 dependecies)
Dec 03, 2021 12:37:49 PM uk.ac.ox.cs.gsat.App executeAllSteps
INFO: Writing the saturation in the Datalog file 00544.rul
