Starting Saturation...
Executing from DLGP files
SLF4J: Failed to load class "org.slf4j.impl.StaticLoggerBinder".
SLF4J: Defaulting to no-operation (NOP) logger implementation
SLF4J: See http://www.slf4j.org/codes.html#StaticLoggerBinder for further details.
# Rules: 7831; # Atoms: 0; # AtomSets: 0; # Queries: 0; # Constraints: 0
Full TGD saturation algorithm: GSat
Running GSat...
Dec 03, 2021 5:26:24 PM uk.ac.ox.cs.gsat.AbstractSaturation run
INFO: GSat discarded rules : 0/7831 = 0.000%
GSat discarded rules : 0/7831 = 0.000%
Dec 03, 2021 5:26:24 PM uk.ac.ox.cs.gsat.AbstractSaturation run
INFO: Subsumption method : disabled
nonFullTGDs	0		fullTGDs	1624			newNonFullTGDs	6207		newFullTGDs	0
nonFullTGDs	100		fullTGDs	1624			newNonFullTGDs	6156		newFullTGDs	0
nonFullTGDs	200		fullTGDs	1624			newNonFullTGDs	6091		newFullTGDs	0
nonFullTGDs	300		fullTGDs	1624			newNonFullTGDs	6022		newFullTGDs	0
nonFullTGDs	400		fullTGDs	1624			newNonFullTGDs	5961		newFullTGDs	0
nonFullTGDs	500		fullTGDs	1624			newNonFullTGDs	5904		newFullTGDs	0
nonFullTGDs	600		fullTGDs	1624			newNonFullTGDs	5846		newFullTGDs	0
nonFullTGDs	700		fullTGDs	1624			newNonFullTGDs	5786		newFullTGDs	0
nonFullTGDs	800		fullTGDs	1624			newNonFullTGDs	5729		newFullTGDs	0
nonFullTGDs	900		fullTGDs	1624			newNonFullTGDs	5683		newFullTGDs	0
nonFullTGDs	1000		fullTGDs	1624			newNonFullTGDs	5632		newFullTGDs	0
nonFullTGDs	1100		fullTGDs	1624			newNonFullTGDs	5570		newFullTGDs	0
nonFullTGDs	1200		fullTGDs	1624			newNonFullTGDs	5516		newFullTGDs	0
nonFullTGDs	1300		fullTGDs	1624			newNonFullTGDs	5463		newFullTGDs	0
nonFullTGDs	1400		fullTGDs	1624			newNonFullTGDs	5409		newFullTGDs	0
nonFullTGDs	1500		fullTGDs	1624			newNonFullTGDs	5359		newFullTGDs	0
nonFullTGDs	1600		fullTGDs	1624			newNonFullTGDs	5297		newFullTGDs	0
nonFullTGDs	1700		fullTGDs	1624			newNonFullTGDs	5244		newFullTGDs	0
nonFullTGDs	1800		fullTGDs	1624			newNonFullTGDs	5194		newFullTGDs	0
nonFullTGDs	1900		fullTGDs	1624			newNonFullTGDs	5137		newFullTGDs	0
nonFullTGDs	2000		fullTGDs	1624			newNonFullTGDs	5075		newFullTGDs	0
nonFullTGDs	2100		fullTGDs	1624			newNonFullTGDs	5016		newFullTGDs	0
nonFullTGDs	2200		fullTGDs	1624			newNonFullTGDs	4962		newFullTGDs	0
nonFullTGDs	2300		fullTGDs	1624			newNonFullTGDs	4908		newFullTGDs	0
nonFullTGDs	2400		fullTGDs	1624			newNonFullTGDs	4859		newFullTGDs	0
nonFullTGDs	2500		fullTGDs	1624			newNonFullTGDs	4808		newFullTGDs	0
nonFullTGDs	2600		fullTGDs	1624			newNonFullTGDs	4752		newFullTGDs	0
nonFullTGDs	2700		fullTGDs	1624			newNonFullTGDs	4694		newFullTGDs	0
nonFullTGDs	2800		fullTGDs	1624			newNonFullTGDs	4639		newFullTGDs	0
nonFullTGDs	2900		fullTGDs	1624			newNonFullTGDs	4595		newFullTGDs	0
nonFullTGDs	3000		fullTGDs	1624			newNonFullTGDs	4557		newFullTGDs	0
nonFullTGDs	3100		fullTGDs	1624			newNonFullTGDs	4495		newFullTGDs	0
nonFullTGDs	3200		fullTGDs	1624			newNonFullTGDs	4453		newFullTGDs	0
nonFullTGDs	3300		fullTGDs	1624			newNonFullTGDs	4388		newFullTGDs	0
nonFullTGDs	3400		fullTGDs	1624			newNonFullTGDs	4349		newFullTGDs	0
nonFullTGDs	3500		fullTGDs	1624			newNonFullTGDs	4302		newFullTGDs	0
nonFullTGDs	3600		fullTGDs	1624			newNonFullTGDs	4247		newFullTGDs	0
nonFullTGDs	3700		fullTGDs	1624			newNonFullTGDs	4191		newFullTGDs	0
nonFullTGDs	3800		fullTGDs	1624			newNonFullTGDs	4117		newFullTGDs	0
nonFullTGDs	3900		fullTGDs	1624			newNonFullTGDs	4026		newFullTGDs	0
nonFullTGDs	4000		fullTGDs	1624			newNonFullTGDs	3949		newFullTGDs	0
nonFullTGDs	4100		fullTGDs	1624			newNonFullTGDs	3854		newFullTGDs	0
nonFullTGDs	4200		fullTGDs	1624			newNonFullTGDs	3769		newFullTGDs	0
nonFullTGDs	4300		fullTGDs	1624			newNonFullTGDs	3679		newFullTGDs	0
nonFullTGDs	4400		fullTGDs	1624			newNonFullTGDs	3604		newFullTGDs	0
nonFullTGDs	4500		fullTGDs	1624			newNonFullTGDs	3522		newFullTGDs	0
nonFullTGDs	4600		fullTGDs	1624			newNonFullTGDs	3424		newFullTGDs	0
nonFullTGDs	4700		fullTGDs	1624			newNonFullTGDs	3340		newFullTGDs	0
nonFullTGDs	4800		fullTGDs	1624			newNonFullTGDs	3250		newFullTGDs	0
nonFullTGDs	4900		fullTGDs	1624			newNonFullTGDs	3180		newFullTGDs	0
nonFullTGDs	5000		fullTGDs	1624			newNonFullTGDs	3129		newFullTGDs	0
nonFullTGDs	5100		fullTGDs	1624			newNonFullTGDs	3060		newFullTGDs	0
nonFullTGDs	5200		fullTGDs	1624			newNonFullTGDs	2990		newFullTGDs	0
nonFullTGDs	5300		fullTGDs	1624			newNonFullTGDs	2945		newFullTGDs	0
nonFullTGDs	5400		fullTGDs	1624			newNonFullTGDs	2892		newFullTGDs	0
nonFullTGDs	5500		fullTGDs	1624			newNonFullTGDs	2829		newFullTGDs	0
nonFullTGDs	5600		fullTGDs	1624			newNonFullTGDs	2755		newFullTGDs	0
nonFullTGDs	5700		fullTGDs	1624			newNonFullTGDs	2721		newFullTGDs	0
nonFullTGDs	5800		fullTGDs	1624			newNonFullTGDs	2697		newFullTGDs	0
nonFullTGDs	5900		fullTGDs	1624			newNonFullTGDs	2674		newFullTGDs	0
nonFullTGDs	6000		fullTGDs	1624			newNonFullTGDs	2642		newFullTGDs	0
nonFullTGDs	6100		fullTGDs	1624			newNonFullTGDs	2592		newFullTGDs	0
nonFullTGDs	6200		fullTGDs	1624			newNonFullTGDs	2533		newFullTGDs	0
nonFullTGDs	6300		fullTGDs	1624			newNonFullTGDs	2479		newFullTGDs	0
nonFullTGDs	6400		fullTGDs	1624			newNonFullTGDs	2419		newFullTGDs	0
nonFullTGDs	6500		fullTGDs	1624			newNonFullTGDs	2343		newFullTGDs	0
nonFullTGDs	6600		fullTGDs	1624			newNonFullTGDs	2286		newFullTGDs	0
nonFullTGDs	6700		fullTGDs	1624			newNonFullTGDs	2244		newFullTGDs	0
nonFullTGDs	6800		fullTGDs	1624			newNonFullTGDs	2209		newFullTGDs	0
nonFullTGDs	6900		fullTGDs	1624			newNonFullTGDs	2175		newFullTGDs	0
nonFullTGDs	7000		fullTGDs	1624			newNonFullTGDs	2129		newFullTGDs	0
nonFullTGDs	7100		fullTGDs	1624			newNonFullTGDs	2071		newFullTGDs	0
nonFullTGDs	7200		fullTGDs	1624			newNonFullTGDs	2009		newFullTGDs	0
nonFullTGDs	7300		fullTGDs	1624			newNonFullTGDs	1943		newFullTGDs	0
nonFullTGDs	7400		fullTGDs	1624			newNonFullTGDs	1894		newFullTGDs	0
nonFullTGDs	7500		fullTGDs	1624			newNonFullTGDs	1862		newFullTGDs	0
nonFullTGDs	7600		fullTGDs	1624			newNonFullTGDs	1815		newFullTGDs	0
nonFullTGDs	7700		fullTGDs	1624			newNonFullTGDs	1752		newFullTGDs	0
nonFullTGDs	7800		fullTGDs	1624			newNonFullTGDs	1709		newFullTGDs	0
nonFullTGDs	7900		fullTGDs	1624			newNonFullTGDs	1648		newFullTGDs	0
nonFullTGDs	8000		fullTGDs	1624			newNonFullTGDs	1577		newFullTGDs	0
nonFullTGDs	8100		fullTGDs	1624			newNonFullTGDs	1519		newFullTGDs	0
nonFullTGDs	8200		fullTGDs	1624			newNonFullTGDs	1474		newFullTGDs	0
nonFullTGDs	8300		fullTGDs	1624			newNonFullTGDs	1432		newFullTGDs	0
nonFullTGDs	8400		fullTGDs	1624			newNonFullTGDs	1377		newFullTGDs	0
nonFullTGDs	8500		fullTGDs	1624			newNonFullTGDs	1312		newFullTGDs	0
nonFullTGDs	8600		fullTGDs	1624			newNonFullTGDs	1254		newFullTGDs	0
nonFullTGDs	8700		fullTGDs	1624			newNonFullTGDs	1189		newFullTGDs	0
nonFullTGDs	8800		fullTGDs	1624			newNonFullTGDs	1125		newFullTGDs	0
nonFullTGDs	8900		fullTGDs	1624			newNonFullTGDs	1066		newFullTGDs	0
nonFullTGDs	9000		fullTGDs	1624			newNonFullTGDs	984		newFullTGDs	0
nonFullTGDs	9100		fullTGDs	1624			newNonFullTGDs	911		newFullTGDs	0
nonFullTGDs	9200		fullTGDs	1624			newNonFullTGDs	839		newFullTGDs	0
nonFullTGDs	9300		fullTGDs	1624			newNonFullTGDs	776		newFullTGDs	0
nonFullTGDs	9400		fullTGDs	1624			newNonFullTGDs	717		newFullTGDs	0
nonFullTGDs	9500		fullTGDs	1624			newNonFullTGDs	640		newFullTGDs	0
nonFullTGDs	9600		fullTGDs	1624			newNonFullTGDs	555		newFullTGDs	0
nonFullTGDs	9700		fullTGDs	1624			newNonFullTGDs	479		newFullTGDs	0
nonFullTGDs	9800		fullTGDs	1624			newNonFullTGDs	394		newFullTGDs	0
nonFullTGDs	9900		fullTGDs	1624			newNonFullTGDs	303		newFullTGDs	0
nonFullTGDs	10000		fullTGDs	1624			newNonFullTGDs	238		newFullTGDs	0
nonFullTGDs	10100		fullTGDs	1624			newNonFullTGDs	154		newFullTGDs	0
nonFullTGDs	10200		fullTGDs	1624			newNonFullTGDs	93		newFullTGDs	0
nonFullTGDs	10300		fullTGDs	1624			newNonFullTGDs	45		newFullTGDs	0
Dec 03, 2021 5:26:25 PM uk.ac.ox.cs.gsat.SaturationStatistics log
INFO: # initial TGDs: 1624 , 6207
Dec 03, 2021 5:26:25 PM uk.ac.ox.cs.gsat.SaturationStatistics log
INFO: GSat total time : 1024 ms = 1.02 s
Dec 03, 2021 5:26:25 PM uk.ac.ox.cs.gsat.SaturationStatistics log
INFO: Subsumed elements : 0
Dec 03, 2021 5:26:25 PM uk.ac.ox.cs.gsat.SaturationStatistics log
INFO: Filter discarded elements : 0
Dec 03, 2021 5:26:25 PM uk.ac.ox.cs.gsat.SaturationStatistics log
INFO: subsumption time: 2 ms = 0.00 s
Dec 03, 2021 5:26:25 PM uk.ac.ox.cs.gsat.SaturationStatistics log
INFO: forward subsumption time: 2 ms = 0.00 s
Dec 03, 2021 5:26:25 PM uk.ac.ox.cs.gsat.SaturationStatistics log
INFO: backward subsumption time: 0 ms = 0.00 s
Dec 03, 2021 5:26:25 PM uk.ac.ox.cs.gsat.SaturationStatistics log
INFO: Derived full/non full TGDs: 0 , 4152
Dec 03, 2021 5:26:25 PM uk.ac.ox.cs.gsat.SaturationStatistics log
INFO: discarded tautology count: 0
Dec 03, 2021 5:26:25 PM uk.ac.ox.cs.gsat.EvolveStatistics log
INFO: Stop because subsumed: 4152
Dec 03, 2021 5:26:25 PM uk.ac.ox.cs.gsat.EvolveStatistics log
INFO: evolved equals to current: 0
Dec 03, 2021 5:26:25 PM uk.ac.ox.cs.gsat.EvolveStatistics log
INFO: evolved time: 490 ms = 0.49 s
Dec 03, 2021 5:26:25 PM uk.ac.ox.cs.gsat.EvolveStatistics log
INFO: evolve count: 18739
Dec 03, 2021 5:26:25 PM uk.ac.ox.cs.gsat.AbstractSaturation run
INFO: ouptput full TGDs not contained in the input: 0
Dec 03, 2021 5:26:25 PM uk.ac.ox.cs.gsat.App executeAllSteps
INFO: Rewriting completed!
Full TGD saturation: (1624 dependecies)
Dec 03, 2021 5:26:25 PM uk.ac.ox.cs.gsat.App executeAllSteps
INFO: Writing the saturation in the Datalog file 00694.rul
