Starting Saturation...
Executing from DLGP files
SLF4J: Failed to load class "org.slf4j.impl.StaticLoggerBinder".
SLF4J: Defaulting to no-operation (NOP) logger implementation
SLF4J: See http://www.slf4j.org/codes.html#StaticLoggerBinder for further details.
# Rules: 1669; # Atoms: 0; # AtomSets: 0; # Queries: 0; # Constraints: 0
Full TGD saturation algorithm: GSat
Running GSat...
Dec 03, 2021 6:22:59 PM uk.ac.ox.cs.gsat.AbstractSaturation run
INFO: GSat discarded rules : 0/1669 = 0.000%
GSat discarded rules : 0/1669 = 0.000%
Dec 03, 2021 6:22:59 PM uk.ac.ox.cs.gsat.AbstractSaturation run
INFO: Subsumption method : disabled
nonFullTGDs	0		fullTGDs	961			newNonFullTGDs	708		newFullTGDs	0
nonFullTGDs	100		fullTGDs	961			newNonFullTGDs	724		newFullTGDs	0
nonFullTGDs	200		fullTGDs	961			newNonFullTGDs	726		newFullTGDs	0
nonFullTGDs	300		fullTGDs	961			newNonFullTGDs	722		newFullTGDs	0
nonFullTGDs	400		fullTGDs	961			newNonFullTGDs	722		newFullTGDs	0
nonFullTGDs	500		fullTGDs	961			newNonFullTGDs	726		newFullTGDs	0
nonFullTGDs	600		fullTGDs	961			newNonFullTGDs	717		newFullTGDs	0
nonFullTGDs	700		fullTGDs	961			newNonFullTGDs	724		newFullTGDs	0
nonFullTGDs	800		fullTGDs	961			newNonFullTGDs	719		newFullTGDs	0
nonFullTGDs	900		fullTGDs	961			newNonFullTGDs	723		newFullTGDs	0
nonFullTGDs	1000		fullTGDs	961			newNonFullTGDs	713		newFullTGDs	0
nonFullTGDs	1100		fullTGDs	961			newNonFullTGDs	712		newFullTGDs	0
nonFullTGDs	1200		fullTGDs	961			newNonFullTGDs	723		newFullTGDs	0
nonFullTGDs	1300		fullTGDs	961			newNonFullTGDs	727		newFullTGDs	0
nonFullTGDs	1400		fullTGDs	961			newNonFullTGDs	725		newFullTGDs	0
nonFullTGDs	1500		fullTGDs	961			newNonFullTGDs	718		newFullTGDs	0
nonFullTGDs	1600		fullTGDs	961			newNonFullTGDs	719		newFullTGDs	0
nonFullTGDs	1700		fullTGDs	961			newNonFullTGDs	721		newFullTGDs	0
nonFullTGDs	1800		fullTGDs	961			newNonFullTGDs	722		newFullTGDs	0
nonFullTGDs	1900		fullTGDs	961			newNonFullTGDs	716		newFullTGDs	0
nonFullTGDs	2000		fullTGDs	961			newNonFullTGDs	717		newFullTGDs	0
nonFullTGDs	2100		fullTGDs	961			newNonFullTGDs	715		newFullTGDs	0
nonFullTGDs	2200		fullTGDs	961			newNonFullTGDs	711		newFullTGDs	0
nonFullTGDs	2300		fullTGDs	961			newNonFullTGDs	735		newFullTGDs	0
nonFullTGDs	2400		fullTGDs	961			newNonFullTGDs	720		newFullTGDs	0
nonFullTGDs	2500		fullTGDs	961			newNonFullTGDs	722		newFullTGDs	0
nonFullTGDs	2600		fullTGDs	961			newNonFullTGDs	728		newFullTGDs	0
nonFullTGDs	2700		fullTGDs	961			newNonFullTGDs	734		newFullTGDs	0
nonFullTGDs	2800		fullTGDs	961			newNonFullTGDs	724		newFullTGDs	0
nonFullTGDs	2900		fullTGDs	961			newNonFullTGDs	717		newFullTGDs	0
nonFullTGDs	3000		fullTGDs	961			newNonFullTGDs	721		newFullTGDs	0
nonFullTGDs	3100		fullTGDs	961			newNonFullTGDs	724		newFullTGDs	0
nonFullTGDs	3200		fullTGDs	961			newNonFullTGDs	719		newFullTGDs	0
nonFullTGDs	3300		fullTGDs	961			newNonFullTGDs	716		newFullTGDs	0
nonFullTGDs	3400		fullTGDs	961			newNonFullTGDs	713		newFullTGDs	0
nonFullTGDs	3500		fullTGDs	961			newNonFullTGDs	710		newFullTGDs	0
nonFullTGDs	3600		fullTGDs	961			newNonFullTGDs	730		newFullTGDs	0
nonFullTGDs	3700		fullTGDs	961			newNonFullTGDs	726		newFullTGDs	0
nonFullTGDs	3800		fullTGDs	961			newNonFullTGDs	731		newFullTGDs	0
nonFullTGDs	3900		fullTGDs	961			newNonFullTGDs	722		newFullTGDs	0
nonFullTGDs	4000		fullTGDs	961			newNonFullTGDs	726		newFullTGDs	0
nonFullTGDs	4100		fullTGDs	961			newNonFullTGDs	724		newFullTGDs	0
nonFullTGDs	4200		fullTGDs	961			newNonFullTGDs	720		newFullTGDs	0
nonFullTGDs	4300		fullTGDs	961			newNonFullTGDs	712		newFullTGDs	0
nonFullTGDs	4400		fullTGDs	961			newNonFullTGDs	723		newFullTGDs	0
nonFullTGDs	4500		fullTGDs	961			newNonFullTGDs	720		newFullTGDs	0
nonFullTGDs	4600		fullTGDs	961			newNonFullTGDs	723		newFullTGDs	0
nonFullTGDs	4700		fullTGDs	961			newNonFullTGDs	717		newFullTGDs	0
nonFullTGDs	4800		fullTGDs	961			newNonFullTGDs	712		newFullTGDs	0
nonFullTGDs	4900		fullTGDs	961			newNonFullTGDs	713		newFullTGDs	0
nonFullTGDs	5000		fullTGDs	961			newNonFullTGDs	706		newFullTGDs	0
nonFullTGDs	5100		fullTGDs	961			newNonFullTGDs	707		newFullTGDs	0
nonFullTGDs	5200		fullTGDs	961			newNonFullTGDs	703		newFullTGDs	0
nonFullTGDs	5300		fullTGDs	961			newNonFullTGDs	700		newFullTGDs	0
nonFullTGDs	5400		fullTGDs	961			newNonFullTGDs	692		newFullTGDs	0
nonFullTGDs	5500		fullTGDs	961			newNonFullTGDs	678		newFullTGDs	0
nonFullTGDs	5600		fullTGDs	961			newNonFullTGDs	663		newFullTGDs	0
nonFullTGDs	5700		fullTGDs	961			newNonFullTGDs	648		newFullTGDs	0
nonFullTGDs	5800		fullTGDs	961			newNonFullTGDs	632		newFullTGDs	0
nonFullTGDs	5900		fullTGDs	961			newNonFullTGDs	617		newFullTGDs	0
nonFullTGDs	6000		fullTGDs	961			newNonFullTGDs	602		newFullTGDs	0
nonFullTGDs	6100		fullTGDs	961			newNonFullTGDs	587		newFullTGDs	0
nonFullTGDs	6200		fullTGDs	961			newNonFullTGDs	572		newFullTGDs	0
nonFullTGDs	6300		fullTGDs	961			newNonFullTGDs	557		newFullTGDs	0
nonFullTGDs	6400		fullTGDs	961			newNonFullTGDs	541		newFullTGDs	0
nonFullTGDs	6500		fullTGDs	961			newNonFullTGDs	524		newFullTGDs	0
nonFullTGDs	6600		fullTGDs	961			newNonFullTGDs	507		newFullTGDs	0
nonFullTGDs	6700		fullTGDs	961			newNonFullTGDs	491		newFullTGDs	0
nonFullTGDs	6800		fullTGDs	961			newNonFullTGDs	474		newFullTGDs	0
nonFullTGDs	6900		fullTGDs	961			newNonFullTGDs	459		newFullTGDs	0
nonFullTGDs	7000		fullTGDs	961			newNonFullTGDs	448		newFullTGDs	0
nonFullTGDs	7100		fullTGDs	961			newNonFullTGDs	438		newFullTGDs	0
nonFullTGDs	7200		fullTGDs	961			newNonFullTGDs	423		newFullTGDs	0
nonFullTGDs	7300		fullTGDs	961			newNonFullTGDs	406		newFullTGDs	0
nonFullTGDs	7400		fullTGDs	961			newNonFullTGDs	389		newFullTGDs	0
nonFullTGDs	7500		fullTGDs	961			newNonFullTGDs	373		newFullTGDs	0
nonFullTGDs	7600		fullTGDs	961			newNonFullTGDs	356		newFullTGDs	0
nonFullTGDs	7700		fullTGDs	961			newNonFullTGDs	339		newFullTGDs	0
nonFullTGDs	7800		fullTGDs	961			newNonFullTGDs	323		newFullTGDs	0
nonFullTGDs	7900		fullTGDs	961			newNonFullTGDs	306		newFullTGDs	0
nonFullTGDs	8000		fullTGDs	961			newNonFullTGDs	289		newFullTGDs	0
nonFullTGDs	8100		fullTGDs	961			newNonFullTGDs	273		newFullTGDs	0
nonFullTGDs	8200		fullTGDs	961			newNonFullTGDs	256		newFullTGDs	0
nonFullTGDs	8300		fullTGDs	961			newNonFullTGDs	239		newFullTGDs	0
nonFullTGDs	8400		fullTGDs	961			newNonFullTGDs	223		newFullTGDs	0
nonFullTGDs	8500		fullTGDs	961			newNonFullTGDs	206		newFullTGDs	0
nonFullTGDs	8600		fullTGDs	961			newNonFullTGDs	189		newFullTGDs	0
nonFullTGDs	8700		fullTGDs	961			newNonFullTGDs	154		newFullTGDs	0
nonFullTGDs	8800		fullTGDs	961			newNonFullTGDs	104		newFullTGDs	0
nonFullTGDs	8900		fullTGDs	961			newNonFullTGDs	54		newFullTGDs	0
nonFullTGDs	9000		fullTGDs	961			newNonFullTGDs	4		newFullTGDs	0
Dec 03, 2021 6:24:40 PM uk.ac.ox.cs.gsat.SaturationStatistics log
INFO: # initial TGDs: 961 , 708
Dec 03, 2021 6:24:41 PM uk.ac.ox.cs.gsat.SaturationStatistics log
INFO: GSat total time : 101175 ms = 101.17 s
Dec 03, 2021 6:24:41 PM uk.ac.ox.cs.gsat.SaturationStatistics log
INFO: Subsumed elements : 0
Dec 03, 2021 6:24:41 PM uk.ac.ox.cs.gsat.SaturationStatistics log
INFO: Filter discarded elements : 0
Dec 03, 2021 6:24:41 PM uk.ac.ox.cs.gsat.SaturationStatistics log
INFO: subsumption time: 17 ms = 0.02 s
Dec 03, 2021 6:24:41 PM uk.ac.ox.cs.gsat.SaturationStatistics log
INFO: forward subsumption time: 17 ms = 0.02 s
Dec 03, 2021 6:24:41 PM uk.ac.ox.cs.gsat.SaturationStatistics log
INFO: backward subsumption time: 1 ms = 0.00 s
Dec 03, 2021 6:24:41 PM uk.ac.ox.cs.gsat.SaturationStatistics log
INFO: Derived full/non full TGDs: 124 , 24608
Dec 03, 2021 6:24:41 PM uk.ac.ox.cs.gsat.SaturationStatistics log
INFO: discarded tautology count: 0
Dec 03, 2021 6:24:41 PM uk.ac.ox.cs.gsat.EvolveStatistics log
INFO: Stop because subsumed: 4218
Dec 03, 2021 6:24:41 PM uk.ac.ox.cs.gsat.EvolveStatistics log
INFO: evolved equals to current: 896
Dec 03, 2021 6:24:41 PM uk.ac.ox.cs.gsat.EvolveStatistics log
INFO: evolved time: 93647 ms = 93.65 s
Dec 03, 2021 6:24:41 PM uk.ac.ox.cs.gsat.EvolveStatistics log
INFO: evolve count: 971587
Dec 03, 2021 6:24:41 PM uk.ac.ox.cs.gsat.AbstractSaturation run
INFO: ouptput full TGDs not contained in the input: 0
Dec 03, 2021 6:24:41 PM uk.ac.ox.cs.gsat.App executeAllSteps
INFO: Rewriting completed!
Full TGD saturation: (961 dependecies)
Dec 03, 2021 6:24:41 PM uk.ac.ox.cs.gsat.App executeAllSteps
INFO: Writing the saturation in the Datalog file 00743.rul
