Starting Saturation...
Executing from DLGP files
SLF4J: Failed to load class "org.slf4j.impl.StaticLoggerBinder".
SLF4J: Defaulting to no-operation (NOP) logger implementation
SLF4J: See http://www.slf4j.org/codes.html#StaticLoggerBinder for further details.
# Rules: 229597; # Atoms: 0; # AtomSets: 0; # Queries: 0; # Constraints: 0
Full TGD saturation algorithm: GSat
Running GSat...
Dec 03, 2021 6:49:24 PM uk.ac.ox.cs.gsat.AbstractSaturation run
INFO: GSat discarded rules : 0/229597 = 0.000%
GSat discarded rules : 0/229597 = 0.000%
Dec 03, 2021 6:49:28 PM uk.ac.ox.cs.gsat.AbstractSaturation run
INFO: Subsumption method : disabled
nonFullTGDs	0		fullTGDs	170834			newNonFullTGDs	50814		newFullTGDs	0
nonFullTGDs	100		fullTGDs	170834			newNonFullTGDs	50799		newFullTGDs	59
nonFullTGDs	200		fullTGDs	170834			newNonFullTGDs	50791		newFullTGDs	121
nonFullTGDs	300		fullTGDs	170834			newNonFullTGDs	50788		newFullTGDs	1540
nonFullTGDs	400		fullTGDs	170834			newNonFullTGDs	50781		newFullTGDs	1595
nonFullTGDs	500		fullTGDs	170834			newNonFullTGDs	50776		newFullTGDs	1644
nonFullTGDs	600		fullTGDs	170834			newNonFullTGDs	50771		newFullTGDs	1704
nonFullTGDs	700		fullTGDs	170834			newNonFullTGDs	50763		newFullTGDs	1753
nonFullTGDs	800		fullTGDs	170834			newNonFullTGDs	50757		newFullTGDs	1808
nonFullTGDs	900		fullTGDs	170834			newNonFullTGDs	50751		newFullTGDs	1871
nonFullTGDs	1000		fullTGDs	170834			newNonFullTGDs	50748		newFullTGDs	1920
nonFullTGDs	1100		fullTGDs	170834			newNonFullTGDs	50745		newFullTGDs	1951
nonFullTGDs	1200		fullTGDs	170834			newNonFullTGDs	50738		newFullTGDs	2021
nonFullTGDs	1300		fullTGDs	170834			newNonFullTGDs	50735		newFullTGDs	2612
nonFullTGDs	1400		fullTGDs	170834			newNonFullTGDs	50730		newFullTGDs	2807
nonFullTGDs	1500		fullTGDs	170834			newNonFullTGDs	50725		newFullTGDs	2878
nonFullTGDs	1600		fullTGDs	170834			newNonFullTGDs	50720		newFullTGDs	2900
nonFullTGDs	1700		fullTGDs	170834			newNonFullTGDs	50716		newFullTGDs	2975
nonFullTGDs	1800		fullTGDs	170834			newNonFullTGDs	50713		newFullTGDs	3005
nonFullTGDs	1900		fullTGDs	170834			newNonFullTGDs	50706		newFullTGDs	3076
nonFullTGDs	2000		fullTGDs	170834			newNonFullTGDs	50704		newFullTGDs	3108
nonFullTGDs	2100		fullTGDs	170834			newNonFullTGDs	50701		newFullTGDs	3239
nonFullTGDs	2200		fullTGDs	170834			newNonFullTGDs	50698		newFullTGDs	3371
nonFullTGDs	2300		fullTGDs	170834			newNonFullTGDs	50695		newFullTGDs	3410
nonFullTGDs	2400		fullTGDs	170834			newNonFullTGDs	50693		newFullTGDs	3492
nonFullTGDs	2500		fullTGDs	170834			newNonFullTGDs	50690		newFullTGDs	3545
nonFullTGDs	2600		fullTGDs	170834			newNonFullTGDs	50686		newFullTGDs	3594
nonFullTGDs	2700		fullTGDs	170834			newNonFullTGDs	50683		newFullTGDs	3683
nonFullTGDs	2800		fullTGDs	170834			newNonFullTGDs	50681		newFullTGDs	3715
nonFullTGDs	2900		fullTGDs	170834			newNonFullTGDs	50678		newFullTGDs	3771
Dec 03, 2021 6:59:25 PM uk.ac.ox.cs.gsat.SaturationStatistics log
INFO: # initial TGDs: 170834 , 50814
Dec 03, 2021 6:59:25 PM uk.ac.ox.cs.gsat.SaturationStatistics log
INFO: GSat total time : 600933 ms = 600.93 s
Dec 03, 2021 6:59:25 PM uk.ac.ox.cs.gsat.SaturationStatistics log
INFO: Subsumed elements : 0
Dec 03, 2021 6:59:25 PM uk.ac.ox.cs.gsat.SaturationStatistics log
INFO: Filter discarded elements : 0
Dec 03, 2021 6:59:25 PM uk.ac.ox.cs.gsat.SaturationStatistics log
INFO: subsumption time: 5 ms = 0.01 s
Dec 03, 2021 6:59:25 PM uk.ac.ox.cs.gsat.SaturationStatistics log
INFO: forward subsumption time: 4 ms = 0.00 s
Dec 03, 2021 6:59:25 PM uk.ac.ox.cs.gsat.SaturationStatistics log
INFO: backward subsumption time: 1 ms = 0.00 s
Dec 03, 2021 6:59:25 PM uk.ac.ox.cs.gsat.SaturationStatistics log
INFO: Derived full/non full TGDs: 4318 , 3005
Dec 03, 2021 6:59:25 PM uk.ac.ox.cs.gsat.SaturationStatistics log
INFO: discarded tautology count: 0
Dec 03, 2021 6:59:25 PM uk.ac.ox.cs.gsat.SaturationStatistics log
INFO: !!! TIME OUT !!!
Dec 03, 2021 6:59:25 PM uk.ac.ox.cs.gsat.EvolveStatistics log
INFO: Stop because subsumed: 2646
Dec 03, 2021 6:59:25 PM uk.ac.ox.cs.gsat.EvolveStatistics log
INFO: evolved equals to current: 6801
Dec 03, 2021 6:59:25 PM uk.ac.ox.cs.gsat.EvolveStatistics log
INFO: evolved time: 167831 ms = 167.83 s
Dec 03, 2021 6:59:25 PM uk.ac.ox.cs.gsat.EvolveStatistics log
INFO: evolve count: 10539043
Dec 03, 2021 6:59:25 PM uk.ac.ox.cs.gsat.AbstractSaturation run
INFO: ouptput full TGDs not contained in the input: 3797
Dec 03, 2021 6:59:25 PM uk.ac.ox.cs.gsat.App executeAllSteps
INFO: Rewriting completed!
Full TGD saturation: (174631 dependecies)
Dec 03, 2021 6:59:25 PM uk.ac.ox.cs.gsat.App executeAllSteps
INFO: Writing the saturation in the Datalog file 00760.rul
